0.008997917175292969, 1024
0.009998559951782227, 1023
0.009998559951782227, 1022
0.009998559951782227, 1021
0.009998559951782227, 1020
0.009998559951782227, 1019
0.010998725891113281, 1018
0.010998725891113281, 1017
0.010998725891113281, 1016
0.010998725891113281, 1015
0.010998725891113281, 1014
0.010998725891113281, 1013
0.010998725891113281, 1012
0.010998725891113281, 1011
0.010998725891113281, 1010
0.010998725891113281, 1009
0.010998725891113281, 1008
0.010998725891113281, 1007
0.013464212417602539, 1006
0.013527154922485352, 1005
0.013755321502685547, 1004
0.013755321502685547, 1003
0.013755321502685547, 1002
0.013755321502685547, 1001
0.013755321502685547, 1000
0.013755321502685547, 999
0.014755010604858398, 998
0.014755010604858398, 997
0.014755010604858398, 996
0.014755010604858398, 995
0.014755010604858398, 994
0.014755010604858398, 993
0.01575493812561035, 992
0.01675891876220703, 991
0.01675891876220703, 990
0.01675891876220703, 989
0.01675891876220703, 988
0.017757892608642578, 987
0.017757892608642578, 986
0.017757892608642578, 985
0.01875615119934082, 984
0.01875615119934082, 983
0.01875615119934082, 982
0.01875615119934082, 981
0.019754409790039062, 980
0.019754409790039062, 979
0.019754409790039062, 978
0.019754409790039062, 977
0.02075481414794922, 976
0.02075481414794922, 975
0.02075481414794922, 974
0.02075481414794922, 973
0.02075481414794922, 972
0.021755218505859375, 971
0.021755218505859375, 970
0.021755218505859375, 969
0.021755218505859375, 968
0.02275395393371582, 967
0.02275395393371582, 966
0.02275395393371582, 965
0.02275395393371582, 964
0.02275395393371582, 963
0.02375340461730957, 962
0.02375340461730957, 961
0.024753332138061523, 960
0.024753332138061523, 959
0.024753332138061523, 958
0.025753259658813477, 957
0.025753259658813477, 956
0.02675342559814453, 955
0.02675342559814453, 954
0.02675342559814453, 953
0.02675342559814453, 952
0.02675342559814453, 951
0.027754545211791992, 950
0.027754545211791992, 949
0.02875542640686035, 948
0.02875542640686035, 947
0.029753923416137695, 946
0.029753923416137695, 945
0.029753923416137695, 944
0.029753923416137695, 943
0.029753923416137695, 942
0.030788183212280273, 941
0.030788183212280273, 940
0.03178977966308594, 939
0.0327913761138916, 938
0.0327913761138916, 937
0.0327913761138916, 936
0.0327913761138916, 935
0.0327913761138916, 934
0.033789873123168945, 933
0.033789873123168945, 932
0.03478670120239258, 931
0.03478670120239258, 930
0.03478670120239258, 929
0.035790443420410156, 928
0.035790443420410156, 927
0.035790443420410156, 926
0.03679013252258301, 925
0.03679013252258301, 924
0.03679013252258301, 923
0.03779006004333496, 922
0.03878974914550781, 921
0.03878974914550781, 920
0.03878974914550781, 919
0.039789676666259766, 918
0.039789676666259766, 917
0.039789676666259766, 916
0.04079604148864746, 915
0.04079604148864746, 914
0.04079604148864746, 913
0.04279518127441406, 912
0.04279518127441406, 911
0.043794870376586914, 910
0.04679441452026367, 909
0.04679441452026367, 908
0.04779386520385742, 907
0.04779386520385742, 906
0.04879403114318848, 905
0.04879403114318848, 904
0.04879403114318848, 903
0.04879403114318848, 902
0.0498051643371582, 901
0.05079460144042969, 900
0.05079460144042969, 899
0.05079460144042969, 898
0.05179476737976074, 897
0.05179476737976074, 896
0.05179476737976074, 895
0.05279207229614258, 894
0.05279207229614258, 893
0.054796457290649414, 892
0.05579519271850586, 891
0.05579519271850586, 890
0.057794809341430664, 889
0.057794809341430664, 888
0.057794809341430664, 887
0.05879569053649902, 886
0.05879569053649902, 885
0.05879569053649902, 884
0.059757232666015625, 883
0.06079554557800293, 882
0.06079554557800293, 881
0.06079554557800293, 880
0.06290698051452637, 879
0.06290698051452637, 878
0.06290698051452637, 877
0.06290698051452637, 876
0.06290698051452637, 875
0.06290698051452637, 874
0.06290698051452637, 873
0.06290698051452637, 872
0.06290698051452637, 871
0.06290698051452637, 870
0.07857322692871094, 869
0.07857322692871094, 868
0.07857322692871094, 867
0.07857322692871094, 866
0.07857322692871094, 865
0.07857322692871094, 864
0.07857322692871094, 863
0.09419584274291992, 862
0.09419584274291992, 861
0.09419584274291992, 860
0.09419584274291992, 859
0.09419584274291992, 858
0.09419584274291992, 857
0.09419584274291992, 856
0.09419584274291992, 855
0.09419584274291992, 854
0.09419584274291992, 853
0.09419584274291992, 852
0.09419584274291992, 851
0.09419584274291992, 850
0.09419584274291992, 849
0.09419584274291992, 848
0.10982656478881836, 847
0.11137604713439941, 846
0.11137604713439941, 845
0.11344218254089355, 844
0.11344218254089355, 843
0.12150740623474121, 842
0.12150740623474121, 841
0.12150740623474121, 840
0.12150740623474121, 839
0.12357115745544434, 838
0.12357115745544434, 837
0.13378238677978516, 836
0.13378238677978516, 835
0.14192509651184082, 834
0.14398407936096191, 833
0.14398407936096191, 832
0.14398407936096191, 831
0.14398407936096191, 830
0.14398407936096191, 829
0.14398407936096191, 828
0.1520862579345703, 827
0.1520862579345703, 826
0.1541440486907959, 825
0.1541440486907959, 824
0.1541440486907959, 823
0.17233633995056152, 822
0.17233633995056152, 821
0.17233633995056152, 820
0.18234539031982422, 819
0.18234539031982422, 818
0.18234539031982422, 817
0.18234539031982422, 816
0.1980295181274414, 815
0.1980295181274414, 814
0.1980295181274414, 813
0.1980295181274414, 812
0.1980295181274414, 811
0.1980295181274414, 810
0.1980295181274414, 809
0.1980295181274414, 808
0.2136542797088623, 807
0.2136542797088623, 806
0.2136542797088623, 805
0.2136542797088623, 804
0.2136542797088623, 803
0.2136542797088623, 802
0.22927451133728027, 801
0.22927451133728027, 800
0.22927451133728027, 799
0.22927451133728027, 798
0.22927451133728027, 797
0.244917631149292, 796
0.244917631149292, 795
0.244917631149292, 794
0.244917631149292, 793
0.26052141189575195, 792
0.28281354904174805, 791
0.2849617004394531, 790
0.2849617004394531, 789
0.29520201683044434, 788
0.30548548698425293, 787
0.30548548698425293, 786
0.3341372013092041, 785
0.3463287353515625, 784
0.3544270992279053, 783
0.3544270992279053, 782
0.35648608207702637, 781
0.36661601066589355, 780
0.36661601066589355, 779
0.36661601066589355, 778
0.37845349311828613, 777
0.3844883441925049, 776
0.3959205150604248, 775
0.39804887771606445, 774
0.40833163261413574, 773
0.40833163261413574, 772
0.4288480281829834, 771
0.43903279304504395, 770
0.447054386138916, 769
0.447054386138916, 768
0.45717620849609375, 767
0.4593205451965332, 766
0.4593205451965332, 765
0.6196527481079102, 764
0.6196527481079102, 763
0.6433942317962646, 762
0.6453979015350342, 761
0.6733949184417725, 760
0.6743950843811035, 759
0.684394121170044, 758
0.6964311599731445, 757
0.71205735206604, 756
0.7351937294006348, 755
0.7508606910705566, 754
0.766488790512085, 753
0.8250093460083008, 752
0.8420228958129883, 751
0.8722264766693115, 750
0.882441520690918, 749
0.9438016414642334, 748
0.9540832042694092, 747
0.9747281074523926, 746
0.984968900680542, 745
0.995250940322876, 744
1.0068128108978271, 743
1.0743021965026855, 742
1.0969524383544922, 741
1.1642100811004639, 740
1.1864776611328125, 739
1.1966848373413086, 738
1.219165325164795, 737
1.2810242176055908, 736
1.3220844268798828, 735
1.3426337242126465, 734
1.3766796588897705, 733
1.4448559284210205, 732
1.5106656551361084, 731
1.6380531787872314, 730
1.7292852401733398, 729
1.7779240608215332, 728
1.83880615234375, 727
1.8919627666473389, 726
2.0197134017944336, 725
2.0442728996276855, 724
2.490879535675049, 723
2.5695390701293945, 722
2.8733389377593994, 721
3.3124942779541016, 720
3.910879611968994, 719
4.318210124969482, 718
4.778965473175049, 717
5.107667684555054, 716
5.373489856719971, 715
6.503292083740234, 714
6.881335735321045, 713
7.297456502914429, 712
7.988762855529785, 711
12.314556360244751, 710
12.427280187606812, 709
12.98171615600586, 708
14.044858455657959, 707
23.919781923294067, 706
42.28094816207886, 705
87.60913801193237, 704
