0.01199793815612793, 1024
0.01199793815612793, 1023
0.01199793815612793, 1022
0.01199793815612793, 1021
0.01199793815612793, 1020
0.01199793815612793, 1019
0.01199793815612793, 1018
0.01199793815612793, 1017
0.01199793815612793, 1016
0.01199793815612793, 1015
0.01199793815612793, 1014
0.01199793815612793, 1013
0.01199793815612793, 1012
0.01199793815612793, 1011
0.015998363494873047, 1010
0.015998363494873047, 1009
0.015998363494873047, 1008
0.015998363494873047, 1007
0.015998363494873047, 1006
0.015998363494873047, 1005
0.015998363494873047, 1004
0.015998363494873047, 1003
0.015998363494873047, 1002
0.015998363494873047, 1001
0.015998363494873047, 1000
0.015998363494873047, 999
0.015998363494873047, 998
0.015998363494873047, 997
0.015998363494873047, 996
0.015998363494873047, 995
0.015998363494873047, 994
0.015998363494873047, 993
0.015998363494873047, 992
0.01999831199645996, 991
0.01999831199645996, 990
0.01999831199645996, 989
0.01999831199645996, 988
0.01999831199645996, 987
0.01999831199645996, 986
0.01999831199645996, 985
0.01999831199645996, 984
0.01999831199645996, 983
0.01999831199645996, 982
0.01999831199645996, 981
0.01999831199645996, 980
0.01999831199645996, 979
0.01999831199645996, 978
0.01999831199645996, 977
0.01999831199645996, 976
0.01999831199645996, 975
0.01999831199645996, 974
0.01999831199645996, 973
0.01999831199645996, 972
0.023999452590942383, 971
0.023999452590942383, 970
0.023999452590942383, 969
0.023999452590942383, 968
0.023999452590942383, 967
0.023999452590942383, 966
0.023999452590942383, 965
0.023999452590942383, 964
0.023999452590942383, 963
0.023999452590942383, 962
0.023999452590942383, 961
0.023999452590942383, 960
0.023999452590942383, 959
0.023999452590942383, 958
0.023999452590942383, 957
0.023999452590942383, 956
0.023999452590942383, 955
0.023999452590942383, 954
0.023999452590942383, 953
0.027998924255371094, 952
0.027998924255371094, 951
0.027998924255371094, 950
0.027998924255371094, 949
0.027998924255371094, 948
0.027998924255371094, 947
0.027998924255371094, 946
0.027998924255371094, 945
0.027998924255371094, 944
0.027998924255371094, 943
0.027998924255371094, 942
0.027998924255371094, 941
0.027998924255371094, 940
0.027998924255371094, 939
0.027998924255371094, 938
0.031998395919799805, 937
0.031998395919799805, 936
0.031998395919799805, 935
0.031998395919799805, 934
0.031998395919799805, 933
0.031998395919799805, 932
0.031998395919799805, 931
0.031998395919799805, 930
0.031998395919799805, 929
0.031998395919799805, 928
0.031998395919799805, 927
0.03599834442138672, 926
0.03599834442138672, 925
0.03599834442138672, 924
0.03599834442138672, 923
0.03599834442138672, 922
0.03599834442138672, 921
0.03999805450439453, 920
0.03999805450439453, 919
0.03999805450439453, 918
0.03999805450439453, 917
0.03999805450439453, 916
0.03999805450439453, 915
0.03999805450439453, 914
0.03999805450439453, 913
0.03999805450439453, 912
0.03999805450439453, 911
0.03999805450439453, 910
0.03999805450439453, 909
0.03999805450439453, 908
0.04399847984313965, 907
0.04399847984313965, 906
0.04399847984313965, 905
0.04399847984313965, 904
0.04399847984313965, 903
0.04399847984313965, 902
0.04399847984313965, 901
0.04399847984313965, 900
0.04399847984313965, 899
0.04399847984313965, 898
0.04799818992614746, 897
0.04799818992614746, 896
0.04799818992614746, 895
0.04799818992614746, 894
0.04799818992614746, 893
0.04799818992614746, 892
0.04799818992614746, 891
0.051998138427734375, 890
0.051998138427734375, 889
0.051998138427734375, 888
0.051998138427734375, 887
0.051998138427734375, 886
0.051998138427734375, 885
0.051998138427734375, 884
0.0559995174407959, 883
0.0559995174407959, 882
0.0559995174407959, 881
0.0559995174407959, 880
0.059998273849487305, 879
0.059998273849487305, 878
0.059998273849487305, 877
0.059998273849487305, 876
0.06399846076965332, 875
0.06399846076965332, 874
0.06799840927124023, 873
0.06799840927124023, 872
0.06799840927124023, 871
0.06799840927124023, 870
0.06799840927124023, 869
0.06799840927124023, 868
0.06799840927124023, 867
0.07200074195861816, 866
0.07200074195861816, 865
0.07599830627441406, 864
0.07999873161315918, 863
0.0879979133605957, 862
0.0879979133605957, 861
0.0879979133605957, 860
0.0879979133605957, 859
0.09199881553649902, 858
0.09199881553649902, 857
0.09599781036376953, 856
0.09599781036376953, 855
0.09999775886535645, 854
0.09999775886535645, 853
0.09999775886535645, 852
0.09999775886535645, 851
0.09999775886535645, 850
0.09999775886535645, 849
0.09999775886535645, 848
0.10399794578552246, 847
0.10399794578552246, 846
0.10399794578552246, 845
0.10799789428710938, 844
0.10799789428710938, 843
0.10799789428710938, 842
0.10799789428710938, 841
0.11199784278869629, 840
0.11199784278869629, 839
0.11199784278869629, 838
0.11199784278869629, 837
0.11199784278869629, 836
0.11199784278869629, 835
0.1159977912902832, 834
0.1159977912902832, 833
0.11999845504760742, 832
0.11999845504760742, 831
0.11999845504760742, 830
0.12399816513061523, 829
0.12399816513061523, 828
0.12399816513061523, 827
0.12799835205078125, 826
0.12799835205078125, 825
0.13199830055236816, 824
0.1439981460571289, 823
0.1439981460571289, 822
0.1439981460571289, 821
0.1439981460571289, 820
0.1439981460571289, 819
0.14799833297729492, 818
0.15199947357177734, 817
0.15199947357177734, 816
0.15199947357177734, 815
0.15599966049194336, 814
0.1621696949005127, 813
0.1661698818206787, 812
0.1661698818206787, 811
0.1661698818206787, 810
0.1661698818206787, 809
0.17416882514953613, 808
0.17416882514953613, 807
0.17816853523254395, 806
0.17816853523254395, 805
0.17816853523254395, 804
0.17816853523254395, 803
0.18216848373413086, 802
0.18617010116577148, 801
0.1901702880859375, 800
0.19816851615905762, 799
0.19816851615905762, 798
0.20616841316223145, 797
0.20616841316223145, 796
0.21016931533813477, 795
0.21821069717407227, 794
0.2342066764831543, 793
0.23821115493774414, 792
0.24620985984802246, 791
0.24620985984802246, 790
0.25020742416381836, 789
0.2582097053527832, 788
0.2782106399536133, 787
0.29224181175231934, 786
0.3042726516723633, 785
0.31630516052246094, 784
0.3264620304107666, 783
0.342423677444458, 782
0.35254693031311035, 781
0.35654473304748535, 780
0.3645470142364502, 779
0.3645470142364502, 778
0.37258148193359375, 777
0.37258148193359375, 776
0.3886439800262451, 775
0.4006993770599365, 774
0.4046895503997803, 773
0.4229438304901123, 772
0.4531259536743164, 771
0.4531259536743164, 770
0.481215238571167, 769
0.4873483180999756, 768
0.515650749206543, 767
0.5640966892242432, 766
0.5821549892425537, 765
0.607508659362793, 764
0.6195564270019531, 763
0.6296093463897705, 762
0.6408343315124512, 761
0.6907827854156494, 760
0.6907827854156494, 759
0.696967601776123, 758
0.7275564670562744, 757
0.7275564670562744, 756
0.8038504123687744, 755
0.8159008026123047, 754
0.8319911956787109, 753
0.840015172958374, 752
0.8600931167602539, 751
0.8801875114440918, 750
0.956488847732544, 749
0.9645264148712158, 748
0.9645264148712158, 747
1.0028431415557861, 746
1.0089678764343262, 745
1.017019510269165, 744
1.017019510269165, 743
1.0250189304351807, 742
1.1035001277923584, 741
1.1075031757354736, 740
1.1659622192382812, 739
1.1959786415100098, 738
1.2811439037322998, 737
1.3132908344268799, 736
1.3253052234649658, 735
1.3819770812988281, 734
1.385977029800415, 733
1.4381918907165527, 732
1.5426104068756104, 731
1.578766107559204, 730
1.578766107559204, 729
1.6952435970306396, 728
1.7444775104522705, 727
1.7525241374969482, 726
1.8408396244049072, 725
1.9776313304901123, 724
2.205737829208374, 723
2.358705997467041, 722
2.433640241622925, 721
2.6358025074005127, 720
2.8673460483551025, 719
3.1859686374664307, 718
3.222411632537842, 717
3.3604955673217773, 716
3.4285316467285156, 715
3.799309253692627, 714
4.597562789916992, 713
4.6175618171691895, 712
4.889561414718628, 711
5.418430805206299, 710
6.660982847213745, 709
9.10778260231018, 708
20.730356693267822, 707
81.42161083221436, 706
