0.08425354957580566, 1024
0.08425354957580566, 1023
0.08425354957580566, 1022
0.08425354957580566, 1021
0.08425354957580566, 1020
0.08425354957580566, 1019
0.08425354957580566, 1018
0.08425354957580566, 1017
0.08425354957580566, 1016
0.08425354957580566, 1015
0.08425354957580566, 1014
0.08425354957580566, 1013
0.08425354957580566, 1012
0.08425354957580566, 1011
0.08425354957580566, 1010
0.08425354957580566, 1009
0.08425354957580566, 1008
0.08425354957580566, 1007
0.08425354957580566, 1006
0.08425354957580566, 1005
0.08425354957580566, 1004
0.08425354957580566, 1003
0.08425354957580566, 1002
0.08425354957580566, 1001
0.08425354957580566, 1000
0.08425354957580566, 999
0.08425354957580566, 998
0.08425354957580566, 997
0.08425354957580566, 996
0.08425354957580566, 995
0.08425354957580566, 994
0.08425354957580566, 993
0.08425354957580566, 992
0.08425354957580566, 991
0.08425354957580566, 990
0.08425354957580566, 989
0.08425354957580566, 988
0.08425354957580566, 987
0.08425354957580566, 986
0.08425354957580566, 985
0.08425354957580566, 984
0.08425354957580566, 983
0.08425354957580566, 982
0.08425354957580566, 981
0.08425354957580566, 980
0.08425354957580566, 979
0.08425354957580566, 978
0.08425354957580566, 977
0.08425354957580566, 976
0.08425354957580566, 975
0.08425354957580566, 974
0.08425354957580566, 973
0.08425354957580566, 972
0.08425354957580566, 971
0.08425354957580566, 970
0.08425354957580566, 969
0.08425354957580566, 968
0.08425354957580566, 967
0.08425354957580566, 966
0.08425354957580566, 965
0.08425354957580566, 964
0.09987854957580566, 963
0.09987854957580566, 962
0.09987854957580566, 961
0.09987854957580566, 960
0.09987854957580566, 959
0.09987854957580566, 958
0.09987854957580566, 957
0.09987854957580566, 956
0.09987854957580566, 955
0.09987854957580566, 954
0.09987854957580566, 953
0.09987854957580566, 952
0.09987854957580566, 951
0.09987854957580566, 950
0.09987854957580566, 949
0.09987854957580566, 948
0.09987854957580566, 947
0.09987854957580566, 946
0.09987854957580566, 945
0.09987854957580566, 944
0.09987854957580566, 943
0.09987854957580566, 942
0.09987854957580566, 941
0.09987854957580566, 940
0.09987854957580566, 939
0.09987854957580566, 938
0.09987854957580566, 937
0.09987854957580566, 936
0.09987854957580566, 935
0.09987854957580566, 934
0.09987854957580566, 933
0.09987854957580566, 932
0.09987854957580566, 931
0.09987854957580566, 930
0.09987854957580566, 929
0.09987854957580566, 928
0.09987854957580566, 927
0.09987854957580566, 926
0.09987854957580566, 925
0.09987854957580566, 924
0.09987854957580566, 923
0.09987854957580566, 922
0.09987854957580566, 921
0.11551046371459961, 920
0.11551046371459961, 919
0.11551046371459961, 918
0.11551046371459961, 917
0.11551046371459961, 916
0.11551046371459961, 915
0.11551046371459961, 914
0.11551046371459961, 913
0.11551046371459961, 912
0.11551046371459961, 911
0.11551046371459961, 910
0.11551046371459961, 909
0.11551046371459961, 908
0.11551046371459961, 907
0.11551046371459961, 906
0.11551046371459961, 905
0.11551046371459961, 904
0.11551046371459961, 903
0.11551046371459961, 902
0.11551046371459961, 901
0.11551046371459961, 900
0.11551046371459961, 899
0.11551046371459961, 898
0.11551046371459961, 897
0.11551046371459961, 896
0.11551046371459961, 895
0.11551046371459961, 894
0.11551046371459961, 893
0.11551046371459961, 892
0.13112831115722656, 891
0.13112831115722656, 890
0.13112831115722656, 889
0.13112831115722656, 888
0.13112831115722656, 887
0.1376338005065918, 886
0.1376338005065918, 885
0.1376338005065918, 884
0.1376338005065918, 883
0.1376338005065918, 882
0.1376338005065918, 881
0.1376338005065918, 880
0.1376338005065918, 879
0.1376338005065918, 878
0.1376338005065918, 877
0.1376338005065918, 876
0.1376338005065918, 875
0.1376338005065918, 874
0.1376338005065918, 873
0.1376338005065918, 872
0.1376338005065918, 871
0.1376338005065918, 870
0.1376338005065918, 869
0.1376338005065918, 868
0.15326690673828125, 867
0.15326690673828125, 866
0.15326690673828125, 865
0.15326690673828125, 864
0.15326690673828125, 863
0.15326690673828125, 862
0.15326690673828125, 861
0.15326690673828125, 860
0.15326690673828125, 859
0.15326690673828125, 858
0.15326690673828125, 857
0.15326690673828125, 856
0.16889476776123047, 855
0.16889476776123047, 854
0.16889476776123047, 853
0.16889476776123047, 852
0.16889476776123047, 851
0.16889476776123047, 850
0.16889476776123047, 849
0.16889476776123047, 848
0.16889476776123047, 847
0.16889476776123047, 846
0.16889476776123047, 845
0.16889476776123047, 844
0.16889476776123047, 843
0.18451881408691406, 842
0.18451881408691406, 841
0.18451881408691406, 840
0.18451881408691406, 839
0.18451881408691406, 838
0.18451881408691406, 837
0.18451881408691406, 836
0.18451881408691406, 835
0.18451881408691406, 834
0.18451881408691406, 833
0.18451881408691406, 832
0.18451881408691406, 831
0.18451881408691406, 830
0.18451881408691406, 829
0.18451881408691406, 828
0.20014524459838867, 827
0.20014524459838867, 826
0.20014524459838867, 825
0.20014524459838867, 824
0.21576714515686035, 823
0.21576714515686035, 822
0.21576714515686035, 821
0.21576714515686035, 820
0.21576714515686035, 819
0.21576714515686035, 818
0.21576714515686035, 817
0.21576714515686035, 816
0.23139142990112305, 815
0.23139142990112305, 814
0.23789763450622559, 813
0.23789763450622559, 812
0.23789763450622559, 811
0.23789763450622559, 810
0.25352907180786133, 809
0.25352907180786133, 808
0.25352907180786133, 807
0.25352907180786133, 806
0.25352907180786133, 805
0.26915502548217773, 804
0.26915502548217773, 803
0.26915502548217773, 802
0.26915502548217773, 801
0.26915502548217773, 800
0.28478550910949707, 799
0.28478550910949707, 798
0.28478550910949707, 797
0.28478550910949707, 796
0.3004295825958252, 795
0.3004295825958252, 794
0.31603550910949707, 793
0.31603550910949707, 792
0.31603550910949707, 791
0.31603550910949707, 790
0.33165597915649414, 789
0.3381671905517578, 788
0.3381671905517578, 787
0.35381007194519043, 786
0.35381007194519043, 785
0.35381007194519043, 784
0.36946868896484375, 783
0.38509345054626465, 782
0.38509345054626465, 781
0.38509345054626465, 780
0.4007248878479004, 779
0.41631078720092773, 778
0.41631078720092773, 777
0.41631078720092773, 776
0.4319329261779785, 775
0.4384455680847168, 774
0.4384455680847168, 773
0.4384455680847168, 772
0.4540884494781494, 771
0.46970701217651367, 770
0.46970701217651367, 769
0.48533177375793457, 768
0.48533177375793457, 767
0.5009567737579346, 766
0.5322113037109375, 765
0.5545012950897217, 764
0.5701022148132324, 763
0.654747486114502, 762
0.654747486114502, 761
0.67041015625, 760
0.7172865867614746, 759
0.7172865867614746, 758
0.741530179977417, 757
0.7719614505767822, 756
0.7719614505767822, 755
0.8181805610656738, 754
0.8332316875457764, 753
0.8433747291564941, 752
0.863555908203125, 751
0.8838086128234863, 750
0.9121720790863037, 749
0.9549498558044434, 748
0.975212574005127, 747
0.9852855205535889, 746
0.9852855205535889, 745
1.036208152770996, 744
1.0463573932647705, 743
1.066612720489502, 742
1.1174097061157227, 741
1.1377317905426025, 740
1.1377317905426025, 739
1.289879560470581, 738
1.308112621307373, 737
1.3406095504760742, 736
1.4825201034545898, 735
1.4926552772521973, 734
1.5433387756347656, 733
1.5635733604431152, 732
1.736363410949707, 731
1.7465167045593262, 730
1.7566423416137695, 729
2.0201668739318848, 728
2.1925346851348877, 727
2.241132974624634, 726
2.3245811462402344, 725
2.425837516784668, 724
2.5576536655426025, 723
2.7603561878204346, 722
2.849473237991333, 721
2.912728786468506, 720
3.2581071853637695, 719
3.3775532245635986, 718
3.4404373168945312, 717
3.501635789871216, 716
3.6514480113983154, 715
4.485058546066284, 714
4.537309408187866, 713
4.582231044769287, 712
4.828234434127808, 711
6.177269220352173, 710
7.353197813034058, 709
8.14875078201294, 708
11.534980297088623, 707
29.713984966278076, 706
34.301475524902344, 705
39.684627532958984, 704
42.79408144950867, 703
