0.030651330947875977, 1024
0.030651330947875977, 1023
0.030651330947875977, 1022
0.030651330947875977, 1021
0.030651330947875977, 1020
0.030651330947875977, 1019
0.030651330947875977, 1018
0.030651330947875977, 1017
0.030651330947875977, 1016
0.030651330947875977, 1015
0.030651330947875977, 1014
0.030651330947875977, 1013
0.030651330947875977, 1012
0.030651330947875977, 1011
0.030651330947875977, 1010
0.030651330947875977, 1009
0.030651330947875977, 1008
0.030651330947875977, 1007
0.030651330947875977, 1006
0.030651330947875977, 1005
0.030651330947875977, 1004
0.030651330947875977, 1003
0.030651330947875977, 1002
0.030651330947875977, 1001
0.030651330947875977, 1000
0.030651330947875977, 999
0.030651330947875977, 998
0.030651330947875977, 997
0.030651330947875977, 996
0.030651330947875977, 995
0.030651330947875977, 994
0.030651330947875977, 993
0.030651330947875977, 992
0.030651330947875977, 991
0.030651330947875977, 990
0.030651330947875977, 989
0.030651330947875977, 988
0.030651330947875977, 987
0.030651330947875977, 986
0.030651330947875977, 985
0.030651330947875977, 984
0.030651330947875977, 983
0.030651330947875977, 982
0.030651330947875977, 981
0.030651330947875977, 980
0.030651330947875977, 979
0.030651330947875977, 978
0.030651330947875977, 977
0.030651330947875977, 976
0.030651330947875977, 975
0.030651330947875977, 974
0.030651330947875977, 973
0.030651330947875977, 972
0.030651330947875977, 971
0.030651330947875977, 970
0.030651330947875977, 969
0.030651330947875977, 968
0.030651330947875977, 967
0.030651330947875977, 966
0.030651330947875977, 965
0.030651330947875977, 964
0.030651330947875977, 963
0.030651330947875977, 962
0.04570293426513672, 961
0.04570293426513672, 960
0.04570293426513672, 959
0.04570293426513672, 958
0.04570293426513672, 957
0.04570293426513672, 956
0.04570293426513672, 955
0.04570293426513672, 954
0.04570293426513672, 953
0.048749446868896484, 952
0.048749446868896484, 951
0.048749446868896484, 950
0.048749446868896484, 949
0.048749446868896484, 948
0.048749446868896484, 947
0.048749446868896484, 946
0.048749446868896484, 945
0.048749446868896484, 944
0.048749446868896484, 943
0.048749446868896484, 942
0.048749446868896484, 941
0.048749446868896484, 940
0.048749446868896484, 939
0.048749446868896484, 938
0.048749446868896484, 937
0.048749446868896484, 936
0.048749446868896484, 935
0.048749446868896484, 934
0.048749446868896484, 933
0.048749446868896484, 932
0.048749446868896484, 931
0.048749446868896484, 930
0.048749446868896484, 929
0.048749446868896484, 928
0.048749446868896484, 927
0.048749446868896484, 926
0.048749446868896484, 925
0.048749446868896484, 924
0.048749446868896484, 923
0.048749446868896484, 922
0.048749446868896484, 921
0.048749446868896484, 920
0.0637969970703125, 919
0.06423807144165039, 918
0.06423807144165039, 917
0.06492137908935547, 916
0.06523990631103516, 915
0.06523990631103516, 914
0.06523990631103516, 913
0.06523990631103516, 912
0.06523990631103516, 911
0.06629371643066406, 910
0.06629371643066406, 909
0.06727886199951172, 908
0.06727886199951172, 907
0.06727886199951172, 906
0.06827950477600098, 905
0.06827950477600098, 904
0.06827950477600098, 903
0.06827950477600098, 902
0.06827950477600098, 901
0.06827950477600098, 900
0.06827950477600098, 899
0.06827950477600098, 898
0.06827950477600098, 897
0.06827950477600098, 896
0.06827950477600098, 895
0.06827950477600098, 894
0.07648873329162598, 893
0.07852840423583984, 892
0.07852840423583984, 891
0.07852840423583984, 890
0.07852840423583984, 889
0.07852840423583984, 888
0.07852840423583984, 887
0.07852840423583984, 886
0.07852840423583984, 885
0.07852840423583984, 884
0.07852840423583984, 883
0.07852840423583984, 882
0.07852840423583984, 881
0.07852840423583984, 880
0.07852840423583984, 879
0.07852840423583984, 878
0.07852840423583984, 877
0.07852840423583984, 876
0.07852840423583984, 875
0.07852840423583984, 874
0.07852840423583984, 873
0.09373950958251953, 872
0.09477829933166504, 871
0.09477829933166504, 870
0.09477829933166504, 869
0.09477829933166504, 868
0.0957803726196289, 867
0.0957803726196289, 866
0.09817242622375488, 865
0.09908652305603027, 864
0.09908652305603027, 863
0.09908652305603027, 862
0.09908652305603027, 861
0.09908652305603027, 860
0.09908652305603027, 859
0.09908652305603027, 858
0.10721898078918457, 857
0.10721898078918457, 856
0.10721898078918457, 855
0.11488962173461914, 854
0.11592483520507812, 853
0.11592483520507812, 852
0.11592483520507812, 851
0.11592483520507812, 850
0.11592483520507812, 849
0.11592483520507812, 848
0.11592483520507812, 847
0.11592483520507812, 846
0.11592483520507812, 845
0.11592483520507812, 844
0.11592483520507812, 843
0.1312112808227539, 842
0.13225126266479492, 841
0.13225126266479492, 840
0.13225126266479492, 839
0.13225126266479492, 838
0.13225126266479492, 837
0.13225126266479492, 836
0.13225126266479492, 835
0.13225126266479492, 834
0.13225126266479492, 833
0.13225126266479492, 832
0.13225126266479492, 831
0.14977049827575684, 830
0.14977049827575684, 829
0.14977049827575684, 828
0.1519179344177246, 827
0.1519179344177246, 826
0.1519179344177246, 825
0.1519179344177246, 824
0.1519179344177246, 823
0.1519179344177246, 822
0.1519179344177246, 821
0.1519179344177246, 820
0.1519179344177246, 819
0.16220474243164062, 818
0.16220474243164062, 817
0.16220474243164062, 816
0.16220474243164062, 815
0.16220474243164062, 814
0.16220474243164062, 813
0.16220474243164062, 812
0.1723177433013916, 811
0.1723177433013916, 810
0.1723177433013916, 809
0.18252062797546387, 808
0.18252062797546387, 807
0.18252062797546387, 806
0.19281935691833496, 805
0.19281935691833496, 804
0.2030329704284668, 803
0.2030329704284668, 802
0.2030329704284668, 801
0.2030329704284668, 800
0.2030329704284668, 799
0.2030329704284668, 798
0.21117329597473145, 797
0.2133166790008545, 796
0.2214069366455078, 795
0.23170208930969238, 794
0.23384332656860352, 793
0.23384332656860352, 792
0.24406027793884277, 791
0.24406027793884277, 790
0.2543449401855469, 789
0.2543449401855469, 788
0.2543449401855469, 787
0.26427698135375977, 786
0.26427698135375977, 785
0.26427698135375977, 784
0.26427698135375977, 783
0.2725257873535156, 782
0.27570319175720215, 781
0.27570319175720215, 780
0.27570319175720215, 779
0.27570319175720215, 778
0.27570319175720215, 777
0.2850368022918701, 776
0.2850368022918701, 775
0.29317784309387207, 774
0.31597328186035156, 773
0.31597328186035156, 772
0.3262040615081787, 771
0.3343498706817627, 770
0.33649325370788574, 769
0.33649325370788574, 768
0.3497610092163086, 767
0.3783752918243408, 766
0.3877604007720947, 765
0.3877604007720947, 764
0.38877010345458984, 763
0.39809226989746094, 762
0.41869044303894043, 761
0.43914008140563965, 760
0.44722461700439453, 759
0.4493680000305176, 758
0.4780149459838867, 757
0.4801599979400635, 756
0.5127720832824707, 755
0.5287561416625977, 754
0.5317699909210205, 753
0.5317699909210205, 752
0.5317699909210205, 751
0.5419869422912598, 750
0.5725810527801514, 749
0.6237297058105469, 748
0.6644248962402344, 747
0.7252902984619141, 746
0.7455463409423828, 745
0.8578951358795166, 744
0.8862566947937012, 743
0.9292914867401123, 742
0.9404115676879883, 741
1.1075630187988281, 740
1.3336002826690674, 739
1.360358476638794, 738
1.6386594772338867, 737
1.7153081893920898, 736
1.7747509479522705, 735
1.795135498046875, 734
2.072201728820801, 733
2.1441447734832764, 732
2.3798468112945557, 731
2.4523251056671143, 730
2.6085731983184814, 729
2.809865951538086, 728
2.8658509254455566, 727
2.9835104942321777, 726
3.138925075531006, 725
3.2707762718200684, 724
3.293266534805298, 723
4.0874364376068115, 722
4.618106842041016, 721
5.187024116516113, 720
5.195303440093994, 719
5.564615488052368, 718
5.749635219573975, 717
7.943058252334595, 716
8.680439710617065, 715
9.369061708450317, 714
11.897533416748047, 713
12.017529726028442, 712
12.328540325164795, 711
12.999223232269287, 710
13.264777183532715, 709
14.973784446716309, 708
17.431002616882324, 707
24.34455418586731, 706
31.636534452438354, 705
98.61267471313477, 704
