0.011010408401489258, 1024
0.011010408401489258, 1023
0.011010408401489258, 1022
0.011010408401489258, 1021
0.011010408401489258, 1020
0.012011051177978516, 1019
0.012011051177978516, 1018
0.012011051177978516, 1017
0.012011051177978516, 1016
0.012011051177978516, 1015
0.013010501861572266, 1014
0.013010501861572266, 1013
0.013010501861572266, 1012
0.013010501861572266, 1011
0.013010501861572266, 1010
0.014012813568115234, 1009
0.014012813568115234, 1008
0.014012813568115234, 1007
0.014976739883422852, 1006
0.014976739883422852, 1005
0.014976739883422852, 1004
0.014976739883422852, 1003
0.014976739883422852, 1002
0.014976739883422852, 1001
0.014976739883422852, 1000
0.014976739883422852, 999
0.016010046005249023, 998
0.016010046005249023, 997
0.016010046005249023, 996
0.016010046005249023, 995
0.016010046005249023, 994
0.016010046005249023, 993
0.017009973526000977, 992
0.017009973526000977, 991
0.017009973526000977, 990
0.017009973526000977, 989
0.017009973526000977, 988
0.017009973526000977, 987
0.017009973526000977, 986
0.01800990104675293, 985
0.01800990104675293, 984
0.01800990104675293, 983
0.018980026245117188, 982
0.018980026245117188, 981
0.020016908645629883, 980
0.020016908645629883, 979
0.020016908645629883, 978
0.020016908645629883, 977
0.020016908645629883, 976
0.020016908645629883, 975
0.021007061004638672, 974
0.021007061004638672, 973
0.022010087966918945, 972
0.022010087966918945, 971
0.022010087966918945, 970
0.022010087966918945, 969
0.023009777069091797, 968
0.023009777069091797, 967
0.023009777069091797, 966
0.02400994300842285, 965
0.02400994300842285, 964
0.02400994300842285, 963
0.02400994300842285, 962
0.02400994300842285, 961
0.02400994300842285, 960
0.02501654624938965, 959
0.02501654624938965, 958
0.02501654624938965, 957
0.02501654624938965, 956
0.026010513305664062, 955
0.026010513305664062, 954
0.026010513305664062, 953
0.026010513305664062, 952
0.026010513305664062, 951
0.027009963989257812, 950
0.027009963989257812, 949
0.028010845184326172, 948
0.028010845184326172, 947
0.028010845184326172, 946
0.02901005744934082, 945
0.02901005744934082, 944
0.030009746551513672, 943
0.030009746551513672, 942
0.030009746551513672, 941
0.031013965606689453, 940
0.031013965606689453, 939
0.03202700614929199, 938
0.03202700614929199, 937
0.03202700614929199, 936
0.03202700614929199, 935
0.03301644325256348, 934
0.03301644325256348, 933
0.03301644325256348, 932
0.03401470184326172, 931
0.03401470184326172, 930
0.03401470184326172, 929
0.03401470184326172, 928
0.03501439094543457, 927
0.03501439094543457, 926
0.03597736358642578, 925
0.03701519966125488, 924
0.03701519966125488, 923
0.03701519966125488, 922
0.03801393508911133, 921
0.03901410102844238, 920
0.03901410102844238, 919
0.03901410102844238, 918
0.04001426696777344, 917
0.04001426696777344, 916
0.041016340255737305, 915
0.041016340255737305, 914
0.041016340255737305, 913
0.043015480041503906, 912
0.04401707649230957, 911
0.04401707649230957, 910
0.04501461982727051, 909
0.04601693153381348, 908
0.04701423645019531, 907
0.04801774024963379, 906
0.04901432991027832, 905
0.04901432991027832, 904
0.04901432991027832, 903
0.05001425743103027, 902
0.05001425743103027, 901
0.051015377044677734, 900
0.051015377044677734, 899
0.05314207077026367, 898
0.05314207077026367, 897
0.05314207077026367, 896
0.05314207077026367, 895
0.05314207077026367, 894
0.05314207077026367, 893
0.05314207077026367, 892
0.05314207077026367, 891
0.05314207077026367, 890
0.05314207077026367, 889
0.05314207077026367, 888
0.05314207077026367, 887
0.05314207077026367, 886
0.05314207077026367, 885
0.05314207077026367, 884
0.05314207077026367, 883
0.05314207077026367, 882
0.05314207077026367, 881
0.05314207077026367, 880
0.05314207077026367, 879
0.05314207077026367, 878
0.05314207077026367, 877
0.05314207077026367, 876
0.05314207077026367, 875
0.05314207077026367, 874
0.05314207077026367, 873
0.05314207077026367, 872
0.05314207077026367, 871
0.05314207077026367, 870
0.06881499290466309, 869
0.06881499290466309, 868
0.06881499290466309, 867
0.06881499290466309, 866
0.06881499290466309, 865
0.06881499290466309, 864
0.06881499290466309, 863
0.06881499290466309, 862
0.06881499290466309, 861
0.06881499290466309, 860
0.06881499290466309, 859
0.06881499290466309, 858
0.06881499290466309, 857
0.06881499290466309, 856
0.06881499290466309, 855
0.06881499290466309, 854
0.06881499290466309, 853
0.06881499290466309, 852
0.06881499290466309, 851
0.08443117141723633, 850
0.08443117141723633, 849
0.08443117141723633, 848
0.08443117141723633, 847
0.08443117141723633, 846
0.08443117141723633, 845
0.08443117141723633, 844
0.08443117141723633, 843
0.08443117141723633, 842
0.08443117141723633, 841
0.08443117141723633, 840
0.08443117141723633, 839
0.10005640983581543, 838
0.10005640983581543, 837
0.10514950752258301, 836
0.10729527473449707, 835
0.10729527473449707, 834
0.10729527473449707, 833
0.10729527473449707, 832
0.10729527473449707, 831
0.10729527473449707, 830
0.10729527473449707, 829
0.11538434028625488, 828
0.11752200126647949, 827
0.11752200126647949, 826
0.11752200126647949, 825
0.1256694793701172, 824
0.12781119346618652, 823
0.12781119346618652, 822
0.12781119346618652, 821
0.12781119346618652, 820
0.12781119346618652, 819
0.1358814239501953, 818
0.1380324363708496, 817
0.1380324363708496, 816
0.1461777687072754, 815
0.1483287811279297, 814
0.1483287811279297, 813
0.1483287811279297, 812
0.1483287811279297, 811
0.1483287811279297, 810
0.15645265579223633, 809
0.1585245132446289, 808
0.1585245132446289, 807
0.16866469383239746, 806
0.17877674102783203, 805
0.1868453025817871, 804
0.1868453025817871, 803
0.18891239166259766, 802
0.18891239166259766, 801
0.18891239166259766, 800
0.18891239166259766, 799
0.18891239166259766, 798
0.20537161827087402, 797
0.21137166023254395, 796
0.21137166023254395, 795
0.21637177467346191, 794
0.2197103500366211, 793
0.2197103500366211, 792
0.227799654006958, 791
0.227799654006958, 790
0.22986841201782227, 789
0.23999547958374023, 788
0.2501375675201416, 787
0.2501375675201416, 786
0.258225679397583, 785
0.258225679397583, 784
0.2602970600128174, 783
0.2602970600128174, 782
0.2683687210083008, 781
0.2704353332519531, 780
0.2704353332519531, 779
0.2886354923248291, 778
0.3008415699005127, 777
0.3008415699005127, 776
0.3008415699005127, 775
0.3109762668609619, 774
0.3109762668609619, 773
0.32112717628479004, 772
0.32112717628479004, 771
0.32112717628479004, 770
0.33125925064086914, 769
0.33125925064086914, 768
0.33125925064086914, 767
0.3413980007171631, 766
0.3515288829803467, 765
0.36166954040527344, 764
0.36974358558654785, 763
0.3819611072540283, 762
0.3819611072540283, 761
0.3819611072540283, 760
0.39209651947021484, 759
0.4001801013946533, 758
0.4123826026916504, 757
0.4123826026916504, 756
0.4429585933685303, 755
0.44395875930786133, 754
0.4489586353302002, 753
0.4837217330932617, 752
0.4938333034515381, 751
0.5039284229278564, 750
0.5724325180053711, 749
0.5926270484924316, 748
0.665856122970581, 747
0.7026529312133789, 746
0.7227203845977783, 745
0.76171875, 744
0.7820966243743896, 743
0.7934966087341309, 742
0.8389334678649902, 741
0.8599376678466797, 740
0.8609375953674316, 739
0.86905837059021, 738
0.8731954097747803, 737
0.8834071159362793, 736
0.9613320827484131, 735
1.0188508033752441, 734
1.0578339099884033, 733
1.077019453048706, 732
1.1141202449798584, 731
1.1246261596679688, 730
1.1316204071044922, 729
1.1666271686553955, 728
1.1797668933868408, 727
1.335371732711792, 726
1.3742072582244873, 725
1.448110580444336, 724
1.498539686203003, 723
1.5708918571472168, 722
1.5708918571472168, 721
1.6221339702606201, 720
1.694155216217041, 719
1.8582570552825928, 718
2.371267557144165, 717
2.5969014167785645, 716
2.964411735534668, 715
3.631286859512329, 714
3.7732789516448975, 713
4.924842596054077, 712
6.44690203666687, 711
6.8593151569366455, 710
10.000567436218262, 709
27.08212900161743, 708
49.15829920768738, 707
49.48200869560242, 706
55.02432727813721, 705
72.3672308921814, 704
