0.009022951126098633, 1024
0.009022951126098633, 1023
0.010013103485107422, 1022
0.010013103485107422, 1021
0.010013103485107422, 1020
0.010013103485107422, 1019
0.010013103485107422, 1018
0.011016130447387695, 1017
0.011016130447387695, 1016
0.011016130447387695, 1015
0.011016130447387695, 1014
0.011016130447387695, 1013
0.011016130447387695, 1012
0.012019872665405273, 1011
0.012019872665405273, 1010
0.012019872665405273, 1009
0.012019872665405273, 1008
0.012019872665405273, 1007
0.013022661209106445, 1006
0.013022661209106445, 1005
0.013022661209106445, 1004
0.013022661209106445, 1003
0.013022661209106445, 1002
0.014013290405273438, 1001
0.014013290405273438, 1000
0.014013290405273438, 999
0.014013290405273438, 998
0.014013290405273438, 997
0.015013694763183594, 996
0.015013694763183594, 995
0.015013694763183594, 994
0.015013694763183594, 993
0.015013694763183594, 992
0.01601552963256836, 991
0.01601552963256836, 990
0.01601552963256836, 989
0.01601552963256836, 988
0.01601552963256836, 987
0.017014741897583008, 986
0.017014741897583008, 985
0.018013477325439453, 984
0.018013477325439453, 983
0.018013477325439453, 982
0.018013477325439453, 981
0.018013477325439453, 980
0.018013477325439453, 979
0.019013404846191406, 978
0.019013404846191406, 977
0.019013404846191406, 976
0.019013404846191406, 975
0.019013404846191406, 974
0.02001500129699707, 973
0.02001500129699707, 972
0.02001500129699707, 971
0.02001500129699707, 970
0.02001500129699707, 969
0.02001500129699707, 968
0.02001500129699707, 967
0.021014928817749023, 966
0.021014928817749023, 965
0.021014928817749023, 964
0.021014928817749023, 963
0.022012948989868164, 962
0.022012948989868164, 961
0.022012948989868164, 960
0.022012948989868164, 959
0.023010969161987305, 958
0.023010969161987305, 957
0.023010969161987305, 956
0.023010969161987305, 955
0.023010969161987305, 954
0.023010969161987305, 953
0.0240170955657959, 952
0.0240170955657959, 951
0.0240170955657959, 950
0.0240170955657959, 949
0.025016069412231445, 948
0.025016069412231445, 947
0.026026487350463867, 946
0.026026487350463867, 945
0.027017593383789062, 944
0.027017593383789062, 943
0.028016328811645508, 942
0.028016328811645508, 941
0.029016494750976562, 940
0.029016494750976562, 939
0.030020475387573242, 938
0.030020475387573242, 937
0.031013011932373047, 936
0.03112626075744629, 935
0.03112626075744629, 934
0.03112626075744629, 933
0.03112626075744629, 932
0.03112626075744629, 931
0.03112626075744629, 930
0.03112626075744629, 929
0.03112626075744629, 928
0.03112626075744629, 927
0.03112626075744629, 926
0.03112626075744629, 925
0.03112626075744629, 924
0.03112626075744629, 923
0.03112626075744629, 922
0.03112626075744629, 921
0.03112626075744629, 920
0.03112626075744629, 919
0.03112626075744629, 918
0.03112626075744629, 917
0.03112626075744629, 916
0.03112626075744629, 915
0.03112626075744629, 914
0.03112626075744629, 913
0.03112626075744629, 912
0.03112626075744629, 911
0.03112626075744629, 910
0.03112626075744629, 909
0.03112626075744629, 908
0.03112626075744629, 907
0.03112626075744629, 906
0.03112626075744629, 905
0.03112626075744629, 904
0.03112626075744629, 903
0.03112626075744629, 902
0.03112626075744629, 901
0.03112626075744629, 900
0.03112626075744629, 899
0.03112626075744629, 898
0.046797990798950195, 897
0.046797990798950195, 896
0.046797990798950195, 895
0.046797990798950195, 894
0.046797990798950195, 893
0.046797990798950195, 892
0.046797990798950195, 891
0.046797990798950195, 890
0.046797990798950195, 889
0.046797990798950195, 888
0.046797990798950195, 887
0.046797990798950195, 886
0.046797990798950195, 885
0.046797990798950195, 884
0.046797990798950195, 883
0.046797990798950195, 882
0.046797990798950195, 881
0.046797990798950195, 880
0.046797990798950195, 879
0.046797990798950195, 878
0.06241607666015625, 877
0.06241607666015625, 876
0.06241607666015625, 875
0.06241607666015625, 874
0.06241607666015625, 873
0.06241607666015625, 872
0.06241607666015625, 871
0.06241607666015625, 870
0.06241607666015625, 869
0.06241607666015625, 868
0.06241607666015625, 867
0.06241607666015625, 866
0.06241607666015625, 865
0.06241607666015625, 864
0.06241607666015625, 863
0.06241607666015625, 862
0.07580232620239258, 861
0.07580232620239258, 860
0.07580232620239258, 859
0.07693338394165039, 858
0.08052396774291992, 857
0.08166694641113281, 856
0.08166694641113281, 855
0.08280253410339355, 854
0.08505058288574219, 853
0.08505058288574219, 852
0.08609580993652344, 851
0.08618998527526855, 850
0.08618998527526855, 849
0.08618998527526855, 848
0.08732986450195312, 847
0.08837723731994629, 846
0.08837723731994629, 845
0.08837723731994629, 844
0.08837723731994629, 843
0.08837723731994629, 842
0.08837723731994629, 841
0.08837723731994629, 840
0.09683084487915039, 839
0.09783697128295898, 838
0.09887528419494629, 837
0.10287594795227051, 836
0.10483527183532715, 835
0.1058340072631836, 834
0.1058340072631836, 833
0.10683369636535645, 832
0.10683369636535645, 831
0.10887026786804199, 830
0.11286735534667969, 829
0.11383485794067383, 828
0.1158750057220459, 827
0.11986637115478516, 826
0.12386965751647949, 825
0.12886929512023926, 824
0.13110995292663574, 823
0.1341094970703125, 822
0.13510990142822266, 821
0.1411135196685791, 820
0.1451091766357422, 819
0.1451091766357422, 818
0.1451091766357422, 817
0.14673829078674316, 816
0.14673829078674316, 815
0.14673829078674316, 814
0.14673829078674316, 813
0.14673829078674316, 812
0.14673829078674316, 811
0.14673829078674316, 810
0.14673829078674316, 809
0.14673829078674316, 808
0.14673829078674316, 807
0.16240572929382324, 806
0.16240572929382324, 805
0.16240572929382324, 804
0.16240572929382324, 803
0.16240572929382324, 802
0.16240572929382324, 801
0.16240572929382324, 800
0.17802834510803223, 799
0.17802834510803223, 798
0.17802834510803223, 797
0.17802834510803223, 796
0.17802834510803223, 795
0.17802834510803223, 794
0.19365429878234863, 793
0.19365429878234863, 792
0.19365429878234863, 791
0.19365429878234863, 790
0.20927786827087402, 789
0.21906518936157227, 788
0.22716879844665527, 787
0.23738455772399902, 786
0.23952436447143555, 785
0.24756717681884766, 784
0.2500760555267334, 783
0.2500760555267334, 782
0.2500760555267334, 781
0.27047038078308105, 780
0.2808539867401123, 779
0.3013877868652344, 778
0.3094336986541748, 777
0.3094935417175293, 776
0.3299903869628906, 775
0.34241580963134766, 774
0.34241580963134766, 773
0.3526334762573242, 772
0.3526334762573242, 771
0.3812704086303711, 770
0.3914945125579834, 769
0.39356446266174316, 768
0.4037034511566162, 767
0.41388869285583496, 766
0.43406152725219727, 765
0.4441874027252197, 764
0.4543626308441162, 763
0.46448254585266113, 762
0.48566699028015137, 761
0.54451584815979, 760
0.5601406097412109, 759
0.5852265357971191, 758
0.5862603187561035, 757
0.6224265098571777, 756
0.6284220218658447, 755
0.6633102893829346, 754
0.7261655330657959, 753
0.7455446720123291, 752
0.7985224723815918, 751
0.82918381690979, 750
0.831151008605957, 749
0.8573498725891113, 748
0.8881316184997559, 747
0.896277666091919, 746
0.9086501598358154, 745
0.9086501598358154, 744
0.947291374206543, 743
0.9696452617645264, 742
1.0101509094238281, 741
1.0366261005401611, 740
1.071624994277954, 739
1.074625015258789, 738
1.1322498321533203, 737
1.1473264694213867, 736
1.1708054542541504, 735
1.2101490497589111, 734
1.273087978363037, 733
1.2933738231658936, 732
1.311518669128418, 731
1.3643624782562256, 730
1.4763457775115967, 729
1.627126693725586, 728
1.6394903659820557, 727
1.6886937618255615, 726
1.731785535812378, 725
1.7399184703826904, 724
1.772859811782837, 723
2.2464370727539062, 722
2.850174903869629, 721
3.717811346054077, 720
4.155898332595825, 719
4.415320634841919, 718
4.445630788803101, 717
4.544468402862549, 716
4.862169504165649, 715
5.696883916854858, 714
6.543440580368042, 713
6.646365404129028, 712
6.953643321990967, 711
7.974441766738892, 710
8.236441612243652, 709
9.252111673355103, 708
18.124953985214233, 707
21.19158625602722, 706
46.55569815635681, 705
66.92735838890076, 704
