0.0156252384185791, 1024
0.0156252384185791, 1023
0.0156252384185791, 1022
0.0156252384185791, 1021
0.0156252384185791, 1020
0.0156252384185791, 1019
0.0156252384185791, 1018
0.0156252384185791, 1017
0.0156252384185791, 1016
0.0156252384185791, 1015
0.0156252384185791, 1014
0.0156252384185791, 1013
0.0156252384185791, 1012
0.0156252384185791, 1011
0.0156252384185791, 1010
0.0156252384185791, 1009
0.0156252384185791, 1008
0.0156252384185791, 1007
0.0156252384185791, 1006
0.0156252384185791, 1005
0.0156252384185791, 1004
0.0156252384185791, 1003
0.0156252384185791, 1002
0.0156252384185791, 1001
0.0156252384185791, 1000
0.0156252384185791, 999
0.0156252384185791, 998
0.0156252384185791, 997
0.0156252384185791, 996
0.0156252384185791, 995
0.0156252384185791, 994
0.0156252384185791, 993
0.0156252384185791, 992
0.0156252384185791, 991
0.0156252384185791, 990
0.0156252384185791, 989
0.0156252384185791, 988
0.0156252384185791, 987
0.0156252384185791, 986
0.0156252384185791, 985
0.0156252384185791, 984
0.0156252384185791, 983
0.0156252384185791, 982
0.0156252384185791, 981
0.0156252384185791, 980
0.0156252384185791, 979
0.0156252384185791, 978
0.0156252384185791, 977
0.0156252384185791, 976
0.0156252384185791, 975
0.0156252384185791, 974
0.0156252384185791, 973
0.0156252384185791, 972
0.0156252384185791, 971
0.0156252384185791, 970
0.0156252384185791, 969
0.0156252384185791, 968
0.031249046325683594, 967
0.031249046325683594, 966
0.031249046325683594, 965
0.031249046325683594, 964
0.031249046325683594, 963
0.031249046325683594, 962
0.031249046325683594, 961
0.031249046325683594, 960
0.031249046325683594, 959
0.031249046325683594, 958
0.031249046325683594, 957
0.031249046325683594, 956
0.031249046325683594, 955
0.031249046325683594, 954
0.031249046325683594, 953
0.031249046325683594, 952
0.031249046325683594, 951
0.031249046325683594, 950
0.031249046325683594, 949
0.031249046325683594, 948
0.031249046325683594, 947
0.031249046325683594, 946
0.031249046325683594, 945
0.031249046325683594, 944
0.031249046325683594, 943
0.031249046325683594, 942
0.031249046325683594, 941
0.031249046325683594, 940
0.031249046325683594, 939
0.031249046325683594, 938
0.031249046325683594, 937
0.031249046325683594, 936
0.031249046325683594, 935
0.031249046325683594, 934
0.031249046325683594, 933
0.031249046325683594, 932
0.031249046325683594, 931
0.031249046325683594, 930
0.031249046325683594, 929
0.031249046325683594, 928
0.031249046325683594, 927
0.031249046325683594, 926
0.031249046325683594, 925
0.031249046325683594, 924
0.031249046325683594, 923
0.031249046325683594, 922
0.04687356948852539, 921
0.04687356948852539, 920
0.04687356948852539, 919
0.04687356948852539, 918
0.04687356948852539, 917
0.04687356948852539, 916
0.04687356948852539, 915
0.04687356948852539, 914
0.04687356948852539, 913
0.04687356948852539, 912
0.04687356948852539, 911
0.04687356948852539, 910
0.04687356948852539, 909
0.04687356948852539, 908
0.04687356948852539, 907
0.04687356948852539, 906
0.04687356948852539, 905
0.04687356948852539, 904
0.04687356948852539, 903
0.04687356948852539, 902
0.04687356948852539, 901
0.04687356948852539, 900
0.04687356948852539, 899
0.04687356948852539, 898
0.04687356948852539, 897
0.06249880790710449, 896
0.06309890747070312, 895
0.06509566307067871, 894
0.06509566307067871, 893
0.06609559059143066, 892
0.06609559059143066, 891
0.06609559059143066, 890
0.06709527969360352, 889
0.06809544563293457, 888
0.06809544563293457, 887
0.06909561157226562, 886
0.07009553909301758, 885
0.07009553909301758, 884
0.07009553909301758, 883
0.07109546661376953, 882
0.07209563255310059, 881
0.07209563255310059, 880
0.07309579849243164, 879
0.07309579849243164, 878
0.07409548759460449, 877
0.07509541511535645, 876
0.0760955810546875, 875
0.07709550857543945, 874
0.07709550857543945, 873
0.0780954360961914, 872
0.0780954360961914, 871
0.07909727096557617, 870
0.07909727096557617, 869
0.08012747764587402, 868
0.08100533485412598, 867
0.08100533485412598, 866
0.08100533485412598, 865
0.08100533485412598, 864
0.08201432228088379, 863
0.08352327346801758, 862
0.08452200889587402, 861
0.08452200889587402, 860
0.08552193641662598, 859
0.08552193641662598, 858
0.08652186393737793, 857
0.08703064918518066, 856
0.0880284309387207, 855
0.08902812004089355, 854
0.08902812004089355, 853
0.09253501892089844, 852
0.0935354232788086, 851
0.0935354232788086, 850
0.09404587745666504, 849
0.09504294395446777, 848
0.09755516052246094, 847
0.09865093231201172, 846
0.09865093231201172, 845
0.09865093231201172, 844
0.09865093231201172, 843
0.09865093231201172, 842
0.09865093231201172, 841
0.09865093231201172, 840
0.09865093231201172, 839
0.09865093231201172, 838
0.11428451538085938, 837
0.11428451538085938, 836
0.11428451538085938, 835
0.11428451538085938, 834
0.11428451538085938, 833
0.1299114227294922, 832
0.1299114227294922, 831
0.1299114227294922, 830
0.1299114227294922, 829
0.1299114227294922, 828
0.15030431747436523, 827
0.15030431747436523, 826
0.16593432426452637, 825
0.18155121803283691, 824
0.18456411361694336, 823
0.20020294189453125, 822
0.20020294189453125, 821
0.20020294189453125, 820
0.20020294189453125, 819
0.21582865715026855, 818
0.21582865715026855, 817
0.23145294189453125, 816
0.24708890914916992, 815
0.24708890914916992, 814
0.24708890914916992, 813
0.24708890914916992, 812
0.26270270347595215, 811
0.28138017654418945, 810
0.2953779697418213, 809
0.29837775230407715, 808
0.30037784576416016, 807
0.308377742767334, 806
0.3126716613769531, 805
0.3126716613769531, 804
0.3126716613769531, 803
0.3126716613769531, 802
0.3126716613769531, 801
0.32829785346984863, 800
0.32829785346984863, 799
0.32829785346984863, 798
0.32829785346984863, 797
0.34392356872558594, 796
0.34392356872558594, 795
0.34392356872558594, 794
0.34392356872558594, 793
0.34392356872558594, 792
0.35955023765563965, 791
0.3856840133666992, 790
0.41109299659729004, 789
0.42209315299987793, 788
0.42948079109191895, 787
0.42948079109191895, 786
0.42948079109191895, 785
0.44510698318481445, 784
0.44510698318481445, 783
0.44510698318481445, 782
0.44510698318481445, 781
0.4622030258178711, 780
0.4622030258178711, 779
0.5002031326293945, 778
0.5012028217315674, 777
0.5032029151916504, 776
0.5042028427124023, 775
0.5163493156433105, 774
0.5184197425842285, 773
0.5184197425842285, 772
0.5184197425842285, 771
0.5284910202026367, 770
0.5386579036712646, 769
0.5487990379333496, 768
0.5487990379333496, 767
0.5697140693664551, 766
0.575714111328125, 765
0.5799908638000488, 764
0.5916135311126709, 763
0.5947575569152832, 762
0.6098110675811768, 761
0.6098110675811768, 760
0.6400370597839355, 759
0.650153398513794, 758
0.7216742038726807, 757
0.731673002243042, 756
0.7610378265380859, 755
0.7808430194854736, 754
0.7958121299743652, 753
0.8441245555877686, 752
0.8441245555877686, 751
0.8597748279571533, 750
0.8799428939819336, 749
0.8956124782562256, 748
0.9112410545349121, 747
0.9112410545349121, 746
0.9268672466278076, 745
1.0228369235992432, 744
1.0607824325561523, 743
1.1007843017578125, 742
1.1125578880310059, 741
1.134756326675415, 740
1.1752839088439941, 739
1.2056365013122559, 738
1.2056365013122559, 737
1.2461450099945068, 736
1.3270964622497559, 735
1.3450415134429932, 734
1.375199794769287, 733
1.4785289764404297, 732
1.5068144798278809, 731
1.5169601440429688, 730
1.6338658332824707, 729
1.6440129280090332, 728
1.7047796249389648, 727
1.725019931793213, 726
1.7654986381530762, 725
1.8060061931610107, 724
1.927607774734497, 723
1.9983603954315186, 722
2.1707923412323, 721
2.291058301925659, 720
2.313382625579834, 719
2.4957027435302734, 718
3.7839622497558594, 717
4.111708164215088, 716
5.548468589782715, 715
6.077989339828491, 714
6.268304824829102, 713
8.308192014694214, 712
8.632674932479858, 711
12.895449161529541, 710
13.776447772979736, 709
16.026856184005737, 708
16.465434551239014, 707
16.732566833496094, 706
19.315479040145874, 705
30.40568494796753, 704
