0.0, 1024
0.015674352645874023, 1023
0.015674352645874023, 1022
0.015674352645874023, 1021
0.015674352645874023, 1020
0.015674352645874023, 1019
0.015674352645874023, 1018
0.015674352645874023, 1017
0.015674352645874023, 1016
0.015674352645874023, 1015
0.015674352645874023, 1014
0.015674352645874023, 1013
0.015674352645874023, 1012
0.015674352645874023, 1011
0.015674352645874023, 1010
0.015674352645874023, 1009
0.015674352645874023, 1008
0.015674352645874023, 1007
0.015674352645874023, 1006
0.015674352645874023, 1005
0.015674352645874023, 1004
0.015674352645874023, 1003
0.015674352645874023, 1002
0.015674352645874023, 1001
0.015674352645874023, 1000
0.015674352645874023, 999
0.015674352645874023, 998
0.015674352645874023, 997
0.015674352645874023, 996
0.015674352645874023, 995
0.015674352645874023, 994
0.015674352645874023, 993
0.015674352645874023, 992
0.015674352645874023, 991
0.015674352645874023, 990
0.015674352645874023, 989
0.015674352645874023, 988
0.015674352645874023, 987
0.015674352645874023, 986
0.015674352645874023, 985
0.015674352645874023, 984
0.015674352645874023, 983
0.015674352645874023, 982
0.015674352645874023, 981
0.015674352645874023, 980
0.015674352645874023, 979
0.015674352645874023, 978
0.015674352645874023, 977
0.015674352645874023, 976
0.015674352645874023, 975
0.015674352645874023, 974
0.015674352645874023, 973
0.015674352645874023, 972
0.015674352645874023, 971
0.015674352645874023, 970
0.015674352645874023, 969
0.015674352645874023, 968
0.015674352645874023, 967
0.015674352645874023, 966
0.015674352645874023, 965
0.015674352645874023, 964
0.015674352645874023, 963
0.015674352645874023, 962
0.015674352645874023, 961
0.015674352645874023, 960
0.015674352645874023, 959
0.015674352645874023, 958
0.015674352645874023, 957
0.015674352645874023, 956
0.015674352645874023, 955
0.015674352645874023, 954
0.015674352645874023, 953
0.015674352645874023, 952
0.015674352645874023, 951
0.03129839897155762, 950
0.03129839897155762, 949
0.03129839897155762, 948
0.03129839897155762, 947
0.03129839897155762, 946
0.03129839897155762, 945
0.03129839897155762, 944
0.03129839897155762, 943
0.03129839897155762, 942
0.03129839897155762, 941
0.03129839897155762, 940
0.03129839897155762, 939
0.03129839897155762, 938
0.03129839897155762, 937
0.03129839897155762, 936
0.03129839897155762, 935
0.03129839897155762, 934
0.03129839897155762, 933
0.03129839897155762, 932
0.03129839897155762, 931
0.03129839897155762, 930
0.03129839897155762, 929
0.03129839897155762, 928
0.03129839897155762, 927
0.03129839897155762, 926
0.03129839897155762, 925
0.03129839897155762, 924
0.03129839897155762, 923
0.03129839897155762, 922
0.03129839897155762, 921
0.03129839897155762, 920
0.03129839897155762, 919
0.03129839897155762, 918
0.03129839897155762, 917
0.03129839897155762, 916
0.03129839897155762, 915
0.03129839897155762, 914
0.03129839897155762, 913
0.03129839897155762, 912
0.03129839897155762, 911
0.03129839897155762, 910
0.04692363739013672, 909
0.04692363739013672, 908
0.04692363739013672, 907
0.04692363739013672, 906
0.04692363739013672, 905
0.04692363739013672, 904
0.04692363739013672, 903
0.04692363739013672, 902
0.04692363739013672, 901
0.04692363739013672, 900
0.04692363739013672, 899
0.04692363739013672, 898
0.04692363739013672, 897
0.04692363739013672, 896
0.04692363739013672, 895
0.04692363739013672, 894
0.04692363739013672, 893
0.04692363739013672, 892
0.04692363739013672, 891
0.04692363739013672, 890
0.04692363739013672, 889
0.04692363739013672, 888
0.04692363739013672, 887
0.04692363739013672, 886
0.04692363739013672, 885
0.04692363739013672, 884
0.04692363739013672, 883
0.04692363739013672, 882
0.04692363739013672, 881
0.0625600814819336, 880
0.0625600814819336, 879
0.0625600814819336, 878
0.0625600814819336, 877
0.0625600814819336, 876
0.0625600814819336, 875
0.0625600814819336, 874
0.0625600814819336, 873
0.0625600814819336, 872
0.0625600814819336, 871
0.0625600814819336, 870
0.0625600814819336, 869
0.0625600814819336, 868
0.0625600814819336, 867
0.0625600814819336, 866
0.0625600814819336, 865
0.0625600814819336, 864
0.0625600814819336, 863
0.0625600814819336, 862
0.0625600814819336, 861
0.0625600814819336, 860
0.07813453674316406, 859
0.07813453674316406, 858
0.07813453674316406, 857
0.07813453674316406, 856
0.07813453674316406, 855
0.07813453674316406, 854
0.07813453674316406, 853
0.07813453674316406, 852
0.07813453674316406, 851
0.07813453674316406, 850
0.07813453674316406, 849
0.07813453674316406, 848
0.07813453674316406, 847
0.07813453674316406, 846
0.07813453674316406, 845
0.09375858306884766, 844
0.09375858306884766, 843
0.09375858306884766, 842
0.09375858306884766, 841
0.09375858306884766, 840
0.10026812553405762, 839
0.10026812553405762, 838
0.10026812553405762, 837
0.10026812553405762, 836
0.10026812553405762, 835
0.10026812553405762, 834
0.10026812553405762, 833
0.10026812553405762, 832
0.10026812553405762, 831
0.10026812553405762, 830
0.10026812553405762, 829
0.10026812553405762, 828
0.10026812553405762, 827
0.11590385437011719, 826
0.11590385437011719, 825
0.11590385437011719, 824
0.11590385437011719, 823
0.11590385437011719, 822
0.11590385437011719, 821
0.11590385437011719, 820
0.13152837753295898, 819
0.13152837753295898, 818
0.13152837753295898, 817
0.13152837753295898, 816
0.13152837753295898, 815
0.13152837753295898, 814
0.14715313911437988, 813
0.14715313911437988, 812
0.14715313911437988, 811
0.14715313911437988, 810
0.14715313911437988, 809
0.14715313911437988, 808
0.14715313911437988, 807
0.14715313911437988, 806
0.1627805233001709, 805
0.1627805233001709, 804
0.17840290069580078, 803
0.17840290069580078, 802
0.17840290069580078, 801
0.17840290069580078, 800
0.19402766227722168, 799
0.19402766227722168, 798
0.20058631896972656, 797
0.20263981819152832, 796
0.20263981819152832, 795
0.20263981819152832, 794
0.20263981819152832, 793
0.20263981819152832, 792
0.2127518653869629, 791
0.2208082675933838, 790
0.22286462783813477, 789
0.23298978805541992, 788
0.2410445213317871, 787
0.2532353401184082, 786
0.26334381103515625, 785
0.26334381103515625, 784
0.26334381103515625, 783
0.2713749408721924, 782
0.2835397720336914, 781
0.2835397720336914, 780
0.2936515808105469, 779
0.2936515808105469, 778
0.3017096519470215, 777
0.3240084648132324, 776
0.34424543380737305, 775
0.35439491271972656, 774
0.35439491271972656, 773
0.36450672149658203, 772
0.3847477436065674, 771
0.40494728088378906, 770
0.4150574207305908, 769
0.43324732780456543, 768
0.4555799961090088, 767
0.48410916328430176, 766
0.5371012687683105, 765
0.5574402809143066, 764
0.5655817985534668, 763
0.5858898162841797, 762
0.5982248783111572, 761
0.6496026515960693, 760
0.6496026515960693, 759
0.6598668098449707, 758
0.6598668098449707, 757
0.6906609535217285, 756
0.7096471786499023, 755
0.711216926574707, 754
0.7419300079345703, 753
0.7828137874603271, 752
0.8134379386901855, 751
0.8749077320098877, 750
0.8951671123504639, 749
0.9356257915496826, 748
0.986799955368042, 747
1.015369176864624, 746
1.017512559890747, 745
1.0380375385284424, 744
1.1098334789276123, 743
1.161062240600586, 742
1.1713523864746094, 741
1.2431650161743164, 740
1.2721517086029053, 739
1.292625904083252, 738
1.3050124645233154, 737
1.366525411605835, 736
1.3973450660705566, 735
1.6209843158721924, 734
1.7150418758392334, 733
1.9909300804138184, 732
2.1426217555999756, 731
2.216574192047119, 730
2.2575645446777344, 729
2.4007108211517334, 728
2.5447261333465576, 727
2.6082005500793457, 726
2.9984681606292725, 725
3.0598397254943848, 724
3.2420101165771484, 723
3.5163052082061768, 722
3.5343825817108154, 721
3.5445241928100586, 720
3.809314012527466, 719
3.8173892498016357, 718
3.8780529499053955, 717
4.159385442733765, 716
4.675537824630737, 715
5.380805730819702, 714
5.520432233810425, 713
6.31933069229126, 712
7.035465955734253, 711
8.438709735870361, 710
10.425395965576172, 709
11.474645614624023, 708
12.257452487945557, 707
40.67232275009155, 706
42.743621826171875, 705
73.27085447311401, 704
