0.0, 1024
0.0, 1023
0.0, 1022
0.0, 1021
0.0, 1020
0.0, 1019
0.0, 1018
0.0, 1017
0.0, 1016
0.0, 1015
0.0, 1014
0.0, 1013
0.0, 1012
0.0, 1011
0.0, 1010
0.0, 1009
0.0, 1008
0.0, 1007
0.0, 1006
0.0, 1005
0.0, 1004
0.0, 1003
0.0, 1002
0.0, 1001
0.0, 1000
0.0, 999
0.0, 998
0.0, 997
0.0, 996
0.015626192092895508, 995
0.015626192092895508, 994
0.015626192092895508, 993
0.015626192092895508, 992
0.015626192092895508, 991
0.015626192092895508, 990
0.015626192092895508, 989
0.015626192092895508, 988
0.015626192092895508, 987
0.015626192092895508, 986
0.015626192092895508, 985
0.015626192092895508, 984
0.015626192092895508, 983
0.015626192092895508, 982
0.015626192092895508, 981
0.015626192092895508, 980
0.015626192092895508, 979
0.015626192092895508, 978
0.015626192092895508, 977
0.015626192092895508, 976
0.015626192092895508, 975
0.015626192092895508, 974
0.015626192092895508, 973
0.015626192092895508, 972
0.015626192092895508, 971
0.015626192092895508, 970
0.015626192092895508, 969
0.015626192092895508, 968
0.015626192092895508, 967
0.015626192092895508, 966
0.015626192092895508, 965
0.015626192092895508, 964
0.015626192092895508, 963
0.015626192092895508, 962
0.015626192092895508, 961
0.015626192092895508, 960
0.015626192092895508, 959
0.015626192092895508, 958
0.015626192092895508, 957
0.015626192092895508, 956
0.015626192092895508, 955
0.015626192092895508, 954
0.015626192092895508, 953
0.015626192092895508, 952
0.015626192092895508, 951
0.015626192092895508, 950
0.015626192092895508, 949
0.015626192092895508, 948
0.015626192092895508, 947
0.015626192092895508, 946
0.015626192092895508, 945
0.015626192092895508, 944
0.015626192092895508, 943
0.015626192092895508, 942
0.015626192092895508, 941
0.015626192092895508, 940
0.015626192092895508, 939
0.015626192092895508, 938
0.015626192092895508, 937
0.015626192092895508, 936
0.015626192092895508, 935
0.015626192092895508, 934
0.031287193298339844, 933
0.031287193298339844, 932
0.031287193298339844, 931
0.031287193298339844, 930
0.031287193298339844, 929
0.031287193298339844, 928
0.031287193298339844, 927
0.031287193298339844, 926
0.031287193298339844, 925
0.031287193298339844, 924
0.031287193298339844, 923
0.031287193298339844, 922
0.031287193298339844, 921
0.031287193298339844, 920
0.031287193298339844, 919
0.031287193298339844, 918
0.031287193298339844, 917
0.031287193298339844, 916
0.031287193298339844, 915
0.031287193298339844, 914
0.031287193298339844, 913
0.031287193298339844, 912
0.031287193298339844, 911
0.031287193298339844, 910
0.031287193298339844, 909
0.031287193298339844, 908
0.031287193298339844, 907
0.031287193298339844, 906
0.031287193298339844, 905
0.031287193298339844, 904
0.046913862228393555, 903
0.046913862228393555, 902
0.046913862228393555, 901
0.046913862228393555, 900
0.046913862228393555, 899
0.046913862228393555, 898
0.046913862228393555, 897
0.046913862228393555, 896
0.046913862228393555, 895
0.046913862228393555, 894
0.046913862228393555, 893
0.046913862228393555, 892
0.053459882736206055, 891
0.053459882736206055, 890
0.053459882736206055, 889
0.053459882736206055, 888
0.053459882736206055, 887
0.053459882736206055, 886
0.053459882736206055, 885
0.053459882736206055, 884
0.053459882736206055, 883
0.053459882736206055, 882
0.053459882736206055, 881
0.053459882736206055, 880
0.053459882736206055, 879
0.053459882736206055, 878
0.053459882736206055, 877
0.053459882736206055, 876
0.053459882736206055, 875
0.053459882736206055, 874
0.06909465789794922, 873
0.06909465789794922, 872
0.06909465789794922, 871
0.06909465789794922, 870
0.06909465789794922, 869
0.06909465789794922, 868
0.06909465789794922, 867
0.06909465789794922, 866
0.06909465789794922, 865
0.06909465789794922, 864
0.06909465789794922, 863
0.06909465789794922, 862
0.06909465789794922, 861
0.08475399017333984, 860
0.08475399017333984, 859
0.08475399017333984, 858
0.08475399017333984, 857
0.08475399017333984, 856
0.08475399017333984, 855
0.08475399017333984, 854
0.08475399017333984, 853
0.08475399017333984, 852
0.08475399017333984, 851
0.08475399017333984, 850
0.08475399017333984, 849
0.08475399017333984, 848
0.08475399017333984, 847
0.08475399017333984, 846
0.08475399017333984, 845
0.08475399017333984, 844
0.10038423538208008, 843
0.10038423538208008, 842
0.10038423538208008, 841
0.10038423538208008, 840
0.10038423538208008, 839
0.10038423538208008, 838
0.10038423538208008, 837
0.11600756645202637, 836
0.11600756645202637, 835
0.11600756645202637, 834
0.11600756645202637, 833
0.11600756645202637, 832
0.11600756645202637, 831
0.11600756645202637, 830
0.11600756645202637, 829
0.11600756645202637, 828
0.11600756645202637, 827
0.11600756645202637, 826
0.11600756645202637, 825
0.1316356658935547, 824
0.1316356658935547, 823
0.1316356658935547, 822
0.1316356658935547, 821
0.1316356658935547, 820
0.1316356658935547, 819
0.1316356658935547, 818
0.1316356658935547, 817
0.1316356658935547, 816
0.1316356658935547, 815
0.1316356658935547, 814
0.14725708961486816, 813
0.15381288528442383, 812
0.15381288528442383, 811
0.15381288528442383, 810
0.15381288528442383, 809
0.15381288528442383, 808
0.15381288528442383, 807
0.15381288528442383, 806
0.15381288528442383, 805
0.15381288528442383, 804
0.15381288528442383, 803
0.15381288528442383, 802
0.16948461532592773, 801
0.16948461532592773, 800
0.16948461532592773, 799
0.16948461532592773, 798
0.16948461532592773, 797
0.16948461532592773, 796
0.16948461532592773, 795
0.20073270797729492, 794
0.20073270797729492, 793
0.20073270797729492, 792
0.21636009216308594, 791
0.21636009216308594, 790
0.21636009216308594, 789
0.21636009216308594, 788
0.23198437690734863, 787
0.23198437690734863, 786
0.23198437690734863, 785
0.23198437690734863, 784
0.24761009216308594, 783
0.24761009216308594, 782
0.254166841506958, 781
0.2562227249145508, 780
0.2562227249145508, 779
0.27439236640930176, 778
0.2764453887939453, 777
0.2865614891052246, 776
0.2865614891052246, 775
0.2865614891052246, 774
0.296675443649292, 773
0.3068044185638428, 772
0.3068044185638428, 771
0.3169229030609131, 770
0.3169229030609131, 769
0.3169229030609131, 768
0.3270087242126465, 767
0.3270087242126465, 766
0.3371157646179199, 765
0.34517788887023926, 764
0.3472018241882324, 763
0.35731959342956543, 762
0.35731959342956543, 761
0.3674895763397217, 760
0.3674895763397217, 759
0.3674895763397217, 758
0.3674895763397217, 757
0.3674895763397217, 756
0.4058868885040283, 755
0.41846466064453125, 754
0.4205207824707031, 753
0.44075536727905273, 752
0.44075536727905273, 751
0.45087718963623047, 750
0.4812288284301758, 749
0.49136781692504883, 748
0.49944114685058594, 747
0.49944114685058594, 746
0.49944114685058594, 745
0.5407407283782959, 744
0.5563647747039795, 743
0.5563647747039795, 742
0.5719883441925049, 741
0.6097595691680908, 740
0.6410515308380127, 739
0.6566622257232666, 738
0.672288179397583, 737
0.7642426490783691, 736
0.8426733016967773, 735
0.9445409774780273, 734
1.1294023990631104, 733
1.1496758460998535, 732
1.210599422454834, 731
1.2308876514434814, 730
1.2613554000854492, 729
1.2917423248291016, 728
1.3423423767089844, 727
1.4536986351013184, 726
1.5245072841644287, 725
1.6565468311309814, 724
1.8572702407836914, 723
1.9354443550109863, 722
2.1412861347198486, 721
2.3546247482299805, 720
2.942686080932617, 719
3.284743070602417, 718
3.7372641563415527, 717
3.784116268157959, 716
3.784116268157959, 715
4.449939966201782, 714
4.90565824508667, 713
5.438672304153442, 712
7.54926061630249, 711
11.777262449264526, 710
12.741983413696289, 709
16.23254370689392, 708
17.61310315132141, 707
22.422454357147217, 706
27.773444652557373, 705
44.103092432022095, 704
