0.009998083114624023, 1024
0.009998083114624023, 1023
0.009998083114624023, 1022
0.009998083114624023, 1021
0.010999441146850586, 1020
0.010999441146850586, 1019
0.010999441146850586, 1018
0.010999441146850586, 1017
0.010999441146850586, 1016
0.010999441146850586, 1015
0.010999441146850586, 1014
0.011999130249023438, 1013
0.011999130249023438, 1012
0.011999130249023438, 1011
0.011999130249023438, 1010
0.011999130249023438, 1009
0.012999296188354492, 1008
0.012999296188354492, 1007
0.012999296188354492, 1006
0.013999223709106445, 1005
0.013999223709106445, 1004
0.013999223709106445, 1003
0.013999223709106445, 1002
0.014998912811279297, 1001
0.014998912811279297, 1000
0.014998912811279297, 999
0.01599907875061035, 998
0.01599907875061035, 997
0.01599907875061035, 996
0.01599907875061035, 995
0.01599907875061035, 994
0.01599907875061035, 993
0.017000198364257812, 992
0.017000198364257812, 991
0.017000198364257812, 990
0.017000198364257812, 989
0.01799917221069336, 988
0.01799917221069336, 987
0.01799917221069336, 986
0.01799917221069336, 985
0.01799917221069336, 984
0.018999099731445312, 983
0.018999099731445312, 982
0.020000219345092773, 981
0.020000219345092773, 980
0.020000219345092773, 979
0.020000219345092773, 978
0.020998239517211914, 977
0.020998239517211914, 976
0.020998239517211914, 975
0.020998239517211914, 974
0.020998239517211914, 973
0.020998239517211914, 972
0.020998239517211914, 971
0.02199864387512207, 970
0.02199864387512207, 969
0.02199864387512207, 968
0.02199864387512207, 967
0.022998571395874023, 966
0.022998571395874023, 965
0.023998737335205078, 964
0.023998737335205078, 963
0.023998737335205078, 962
0.023998737335205078, 961
0.02499842643737793, 960
0.02499842643737793, 959
0.02499842643737793, 958
0.02499842643737793, 957
0.02499842643737793, 956
0.025998592376708984, 955
0.025998592376708984, 954
0.02699899673461914, 953
0.02699899673461914, 952
0.02699899673461914, 951
0.027998924255371094, 950
0.027998924255371094, 949
0.027998924255371094, 948
0.028998851776123047, 947
0.029998779296875, 946
0.029998779296875, 945
0.029998779296875, 944
0.030998706817626953, 943
0.03199887275695801, 942
0.03199887275695801, 941
0.03199887275695801, 940
0.03199887275695801, 939
0.03299856185913086, 938
0.03299856185913086, 937
0.03299856185913086, 936
0.03299856185913086, 935
0.03299856185913086, 934
0.03299856185913086, 933
0.03299856185913086, 932
0.03399920463562012, 931
0.03399920463562012, 930
0.03399920463562012, 929
0.03399920463562012, 928
0.03399920463562012, 927
0.03507733345031738, 926
0.03507733345031738, 925
0.03507733345031738, 924
0.03507733345031738, 923
0.03507733345031738, 922
0.03507733345031738, 921
0.03507733345031738, 920
0.03507733345031738, 919
0.03507733345031738, 918
0.03507733345031738, 917
0.03507733345031738, 916
0.03507733345031738, 915
0.03507733345031738, 914
0.03507733345031738, 913
0.03507733345031738, 912
0.03507733345031738, 911
0.03507733345031738, 910
0.03507733345031738, 909
0.03507733345031738, 908
0.03507733345031738, 907
0.03507733345031738, 906
0.03507733345031738, 905
0.03507733345031738, 904
0.03507733345031738, 903
0.03507733345031738, 902
0.03507733345031738, 901
0.03507733345031738, 900
0.03507733345031738, 899
0.03507733345031738, 898
0.03507733345031738, 897
0.03507733345031738, 896
0.03507733345031738, 895
0.03507733345031738, 894
0.050705909729003906, 893
0.050705909729003906, 892
0.050705909729003906, 891
0.050705909729003906, 890
0.050705909729003906, 889
0.050705909729003906, 888
0.050705909729003906, 887
0.050705909729003906, 886
0.050705909729003906, 885
0.050705909729003906, 884
0.050705909729003906, 883
0.050705909729003906, 882
0.050705909729003906, 881
0.050705909729003906, 880
0.050705909729003906, 879
0.050705909729003906, 878
0.050705909729003906, 877
0.050705909729003906, 876
0.050705909729003906, 875
0.050705909729003906, 874
0.050705909729003906, 873
0.050705909729003906, 872
0.050705909729003906, 871
0.06633257865905762, 870
0.06633257865905762, 869
0.06633257865905762, 868
0.06633257865905762, 867
0.06633257865905762, 866
0.06633257865905762, 865
0.06633257865905762, 864
0.06633257865905762, 863
0.06633257865905762, 862
0.06633257865905762, 861
0.06633257865905762, 860
0.06633257865905762, 859
0.08195734024047852, 858
0.08195734024047852, 857
0.08195734024047852, 856
0.08195734024047852, 855
0.08195734024047852, 854
0.08195734024047852, 853
0.08195734024047852, 852
0.08195734024047852, 851
0.08195734024047852, 850
0.09758257865905762, 849
0.10115742683410645, 848
0.1032249927520752, 847
0.1032249927520752, 846
0.1032249927520752, 845
0.1032249927520752, 844
0.1032249927520752, 843
0.1032249927520752, 842
0.1032249927520752, 841
0.1032249927520752, 840
0.1032249927520752, 839
0.11337542533874512, 838
0.11337542533874512, 837
0.11337542533874512, 836
0.11337542533874512, 835
0.11337542533874512, 834
0.11337542533874512, 833
0.11337542533874512, 832
0.12351441383361816, 831
0.12351441383361816, 830
0.12351441383361816, 829
0.12351441383361816, 828
0.12351441383361816, 827
0.13154339790344238, 826
0.13361024856567383, 825
0.13361024856567383, 824
0.14374542236328125, 823
0.14374542236328125, 822
0.14374542236328125, 821
0.15179181098937988, 820
0.15386009216308594, 819
0.15386009216308594, 818
0.15386009216308594, 817
0.15386009216308594, 816
0.16192936897277832, 815
0.16399478912353516, 814
0.16399478912353516, 813
0.17410850524902344, 812
0.17410850524902344, 811
0.18424201011657715, 810
0.19438958168029785, 809
0.19438958168029785, 808
0.19438958168029785, 807
0.20452547073364258, 806
0.20452547073364258, 805
0.20452547073364258, 804
0.20452547073364258, 803
0.21462416648864746, 802
0.21462416648864746, 801
0.22269225120544434, 800
0.23491787910461426, 799
0.25519394874572754, 798
0.25519394874572754, 797
0.26532721519470215, 796
0.26532721519470215, 795
0.26532721519470215, 794
0.2754805088043213, 793
0.2937052249908447, 792
0.2937052249908447, 791
0.2937052249908447, 790
0.2957725524902344, 789
0.30590343475341797, 788
0.30590343475341797, 787
0.30590343475341797, 786
0.32618117332458496, 785
0.32618117332458496, 784
0.32618117332458496, 783
0.3363206386566162, 782
0.3363206386566162, 781
0.3443880081176758, 780
0.34645581245422363, 779
0.3565523624420166, 778
0.3565523624420166, 777
0.36669039726257324, 776
0.3869466781616211, 775
0.3970954418182373, 774
0.3970954418182373, 773
0.44811034202575684, 772
0.4727671146392822, 771
0.4727671146392822, 770
0.4836890697479248, 769
0.5241665840148926, 768
0.533764123916626, 767
0.5493893623352051, 766
0.567028284072876, 765
0.567028284072876, 764
0.5826659202575684, 763
0.5826659202575684, 762
0.6208086013793945, 761
0.6335647106170654, 760
0.640561580657959, 759
0.6842954158782959, 758
0.6842954158782959, 757
0.6999220848083496, 756
0.7311334609985352, 755
0.7967021465301514, 754
0.8167088031768799, 753
0.8457140922546387, 752
0.8517062664031982, 751
0.8924846649169922, 750
0.9026179313659668, 749
0.9877090454101562, 748
1.0107061862945557, 747
1.0338013172149658, 746
1.072434425354004, 745
1.130765676498413, 744
1.166062593460083, 743
1.1761994361877441, 742
1.2654335498809814, 741
1.37709379196167, 740
1.3791649341583252, 739
1.4074862003326416, 738
1.4500811100006104, 737
1.474761724472046, 736
1.5210480690002441, 735
1.5312037467956543, 734
1.561633825302124, 733
1.596311330795288, 732
1.7023568153381348, 731
1.7044241428375244, 730
1.7044241428375244, 729
1.8090503215789795, 728
1.855926275253296, 727
1.9262566566467285, 726
2.0583395957946777, 725
2.5039429664611816, 724
2.7184622287750244, 723
2.9459457397460938, 722
3.2712535858154297, 721
3.421314239501953, 720
3.484501600265503, 719
3.5254898071289062, 718
3.6370182037353516, 717
3.7487199306488037, 716
4.835396766662598, 715
5.768992900848389, 714
6.6217875480651855, 713
6.944421291351318, 712
8.154589653015137, 711
9.052252531051636, 710
9.3139808177948, 709
10.177495241165161, 708
34.878377199172974, 707
35.88885140419006, 706
46.471110343933105, 705
