0.0156252384185791, 1024
0.0156252384185791, 1023
0.0156252384185791, 1022
0.0156252384185791, 1021
0.0156252384185791, 1020
0.0156252384185791, 1019
0.0156252384185791, 1018
0.0156252384185791, 1017
0.0156252384185791, 1016
0.0156252384185791, 1015
0.0156252384185791, 1014
0.0156252384185791, 1013
0.0156252384185791, 1012
0.0156252384185791, 1011
0.0156252384185791, 1010
0.0156252384185791, 1009
0.0156252384185791, 1008
0.0156252384185791, 1007
0.0156252384185791, 1006
0.0156252384185791, 1005
0.0156252384185791, 1004
0.0156252384185791, 1003
0.0156252384185791, 1002
0.0156252384185791, 1001
0.0156252384185791, 1000
0.0156252384185791, 999
0.0156252384185791, 998
0.0156252384185791, 997
0.0156252384185791, 996
0.0156252384185791, 995
0.0156252384185791, 994
0.0156252384185791, 993
0.0156252384185791, 992
0.0156252384185791, 991
0.0156252384185791, 990
0.0156252384185791, 989
0.0156252384185791, 988
0.0156252384185791, 987
0.0156252384185791, 986
0.0156252384185791, 985
0.0156252384185791, 984
0.0156252384185791, 983
0.0156252384185791, 982
0.0156252384185791, 981
0.0156252384185791, 980
0.0156252384185791, 979
0.0156252384185791, 978
0.0156252384185791, 977
0.0156252384185791, 976
0.0156252384185791, 975
0.0156252384185791, 974
0.0156252384185791, 973
0.0156252384185791, 972
0.0156252384185791, 971
0.0156252384185791, 970
0.0156252384185791, 969
0.0156252384185791, 968
0.03125166893005371, 967
0.03125166893005371, 966
0.03125166893005371, 965
0.03125166893005371, 964
0.03125166893005371, 963
0.03125166893005371, 962
0.03125166893005371, 961
0.03125166893005371, 960
0.03125166893005371, 959
0.03125166893005371, 958
0.03125166893005371, 957
0.03125166893005371, 956
0.03125166893005371, 955
0.03125166893005371, 954
0.03125166893005371, 953
0.03125166893005371, 952
0.03776097297668457, 951
0.03776097297668457, 950
0.03776097297668457, 949
0.03776097297668457, 948
0.03776097297668457, 947
0.03776097297668457, 946
0.03776097297668457, 945
0.03776097297668457, 944
0.03776097297668457, 943
0.03776097297668457, 942
0.03776097297668457, 941
0.03776097297668457, 940
0.03776097297668457, 939
0.03776097297668457, 938
0.03776097297668457, 937
0.03776097297668457, 936
0.03776097297668457, 935
0.03776097297668457, 934
0.03776097297668457, 933
0.03776097297668457, 932
0.03776097297668457, 931
0.03776097297668457, 930
0.03776097297668457, 929
0.03776097297668457, 928
0.03776097297668457, 927
0.03776097297668457, 926
0.03776097297668457, 925
0.03776097297668457, 924
0.03776097297668457, 923
0.03776097297668457, 922
0.03776097297668457, 921
0.03776097297668457, 920
0.03776097297668457, 919
0.03776097297668457, 918
0.03776097297668457, 917
0.03776097297668457, 916
0.03776097297668457, 915
0.03776097297668457, 914
0.03776097297668457, 913
0.03776097297668457, 912
0.03776097297668457, 911
0.03776097297668457, 910
0.05339360237121582, 909
0.05339360237121582, 908
0.05339360237121582, 907
0.05339360237121582, 906
0.05339360237121582, 905
0.05339360237121582, 904
0.05339360237121582, 903
0.05339360237121582, 902
0.05339360237121582, 901
0.05339360237121582, 900
0.05339360237121582, 899
0.05339360237121582, 898
0.05339360237121582, 897
0.05339360237121582, 896
0.05339360237121582, 895
0.05339360237121582, 894
0.05339360237121582, 893
0.05339360237121582, 892
0.05339360237121582, 891
0.05339360237121582, 890
0.05339360237121582, 889
0.05339360237121582, 888
0.05339360237121582, 887
0.05339360237121582, 886
0.06902098655700684, 885
0.06902098655700684, 884
0.06902098655700684, 883
0.06902098655700684, 882
0.06902098655700684, 881
0.06902098655700684, 880
0.06902098655700684, 879
0.06902098655700684, 878
0.06902098655700684, 877
0.06902098655700684, 876
0.06902098655700684, 875
0.06902098655700684, 874
0.06902098655700684, 873
0.06902098655700684, 872
0.06902098655700684, 871
0.06902098655700684, 870
0.06902098655700684, 869
0.06902098655700684, 868
0.06902098655700684, 867
0.08464574813842773, 866
0.08464574813842773, 865
0.08464574813842773, 864
0.08464574813842773, 863
0.08464574813842773, 862
0.08464574813842773, 861
0.08464574813842773, 860
0.08464574813842773, 859
0.08464574813842773, 858
0.08464574813842773, 857
0.08464574813842773, 856
0.08464574813842773, 855
0.08464574813842773, 854
0.08464574813842773, 853
0.08464574813842773, 852
0.10027074813842773, 851
0.10027074813842773, 850
0.10027074813842773, 849
0.10027074813842773, 848
0.10027074813842773, 847
0.10027074813842773, 846
0.10027074813842773, 845
0.10027074813842773, 844
0.10027074813842773, 843
0.10027074813842773, 842
0.11589598655700684, 841
0.11589598655700684, 840
0.11589598655700684, 839
0.11589598655700684, 838
0.11589598655700684, 837
0.11589598655700684, 836
0.11589598655700684, 835
0.11589598655700684, 834
0.11589598655700684, 833
0.11589598655700684, 832
0.11589598655700684, 831
0.11589598655700684, 830
0.11589598655700684, 829
0.11589598655700684, 828
0.13153505325317383, 827
0.13153505325317383, 826
0.13153505325317383, 825
0.13153505325317383, 824
0.13153505325317383, 823
0.13806414604187012, 822
0.13806414604187012, 821
0.13806414604187012, 820
0.13806414604187012, 819
0.13806414604187012, 818
0.13806414604187012, 817
0.13806414604187012, 816
0.1537027359008789, 815
0.1537027359008789, 814
0.1537027359008789, 813
0.1537027359008789, 812
0.1537027359008789, 811
0.1537027359008789, 810
0.1693258285522461, 809
0.1693258285522461, 808
0.1693258285522461, 807
0.1693258285522461, 806
0.1693258285522461, 805
0.1693258285522461, 804
0.1693258285522461, 803
0.1849515438079834, 802
0.1849515438079834, 801
0.1849515438079834, 800
0.1849515438079834, 799
0.2005767822265625, 798
0.2005767822265625, 797
0.2005767822265625, 796
0.21624207496643066, 795
0.23842835426330566, 794
0.24048399925231934, 793
0.2505943775177002, 792
0.2505943775177002, 791
0.25865650177001953, 790
0.25865650177001953, 789
0.2708444595336914, 788
0.28095388412475586, 787
0.2890355587005615, 786
0.2910902500152588, 785
0.3113527297973633, 784
0.3113527297973633, 783
0.33159661293029785, 782
0.33159661293029785, 781
0.33965492248535156, 780
0.3417086601257324, 779
0.36194729804992676, 778
0.37000322341918945, 777
0.3720569610595703, 776
0.3720569610595703, 775
0.3720569610595703, 774
0.4024484157562256, 773
0.4024484157562256, 772
0.41051387786865234, 771
0.4125802516937256, 770
0.4206352233886719, 769
0.47331833839416504, 768
0.5136346817016602, 767
0.5317158699035645, 766
0.5317158699035645, 765
0.5473964214324951, 764
0.5473964214324951, 763
0.5473964214324951, 762
0.5473964214324951, 761
0.5473964214324951, 760
0.5942707061767578, 759
0.6319961547851562, 758
0.6476430892944336, 757
0.6476430892944336, 756
0.6789205074310303, 755
0.7101755142211914, 754
0.7323484420776367, 753
0.7323484420776367, 752
0.7479839324951172, 751
0.7636456489562988, 750
0.7792680263519287, 749
0.7948973178863525, 748
0.7948973178863525, 747
0.810521125793457, 746
0.810521125793457, 745
0.8261504173278809, 744
0.8449122905731201, 743
0.8935065269470215, 742
0.9869709014892578, 741
1.098210096359253, 740
1.1285185813903809, 739
1.1791102886199951, 738
1.2605233192443848, 737
1.2605233192443848, 736
1.290832281112671, 735
1.3616597652435303, 734
1.3696932792663574, 733
1.3818554878234863, 732
1.513566255569458, 731
1.556122064590454, 730
1.635253667831421, 729
1.6554505825042725, 728
1.6755383014678955, 727
1.855330228805542, 726
1.9085547924041748, 725
1.9288337230682373, 724
2.090749740600586, 723
2.1818838119506836, 722
2.374349355697632, 721
2.437178373336792, 720
2.8003125190734863, 719
2.8509795665740967, 718
2.923903465270996, 717
3.056090831756592, 716
3.5551328659057617, 715
3.625718593597412, 714
4.766245126724243, 713
5.953249931335449, 712
6.135105609893799, 711
6.306323289871216, 710
7.244486331939697, 709
8.991290092468262, 708
10.907350063323975, 707
26.97772765159607, 706
36.21692490577698, 705
80.54914927482605, 704
