0.06888031959533691, 1133
0.06888031959533691, 1132
0.06888031959533691, 1131
0.06888031959533691, 1130
0.06888031959533691, 1129
0.06888031959533691, 1128
0.06888031959533691, 1127
0.06888031959533691, 1126
0.06888031959533691, 1125
0.06888031959533691, 1124
0.06888031959533691, 1123
0.06888031959533691, 1122
0.06888031959533691, 1121
0.06888031959533691, 1120
0.06888031959533691, 1119
0.06888031959533691, 1118
0.06888031959533691, 1117
0.06888031959533691, 1116
0.06888031959533691, 1115
0.06888031959533691, 1114
0.06888031959533691, 1113
0.06888031959533691, 1112
0.06888031959533691, 1111
0.06888031959533691, 1110
0.06888031959533691, 1109
0.06888031959533691, 1108
0.06888031959533691, 1107
0.06888031959533691, 1106
0.06888031959533691, 1105
0.06888031959533691, 1104
0.06888031959533691, 1103
0.06888031959533691, 1102
0.06888031959533691, 1101
0.06888031959533691, 1100
0.06888031959533691, 1099
0.06888031959533691, 1098
0.06888031959533691, 1097
0.06888031959533691, 1096
0.06888031959533691, 1095
0.06888031959533691, 1094
0.06888031959533691, 1093
0.06888031959533691, 1092
0.06888031959533691, 1091
0.06888031959533691, 1090
0.06888031959533691, 1089
0.06888031959533691, 1088
0.06888031959533691, 1087
0.06888031959533691, 1086
0.06888031959533691, 1085
0.06888031959533691, 1084
0.06888031959533691, 1083
0.06888031959533691, 1082
0.06888031959533691, 1081
0.06888031959533691, 1080
0.06888031959533691, 1079
0.08450531959533691, 1078
0.08450531959533691, 1077
0.08450531959533691, 1076
0.08450531959533691, 1075
0.08450531959533691, 1074
0.08450531959533691, 1073
0.08450531959533691, 1072
0.08450531959533691, 1071
0.08450531959533691, 1070
0.08450531959533691, 1069
0.08450531959533691, 1068
0.08450531959533691, 1067
0.08450531959533691, 1066
0.08450531959533691, 1065
0.08450531959533691, 1064
0.08450531959533691, 1063
0.08450531959533691, 1062
0.08450531959533691, 1061
0.08450531959533691, 1060
0.08450531959533691, 1059
0.08450531959533691, 1058
0.08450531959533691, 1057
0.08450531959533691, 1056
0.08450531959533691, 1055
0.08450531959533691, 1054
0.08450531959533691, 1053
0.08450531959533691, 1052
0.08450531959533691, 1051
0.08450531959533691, 1050
0.08450531959533691, 1049
0.08450531959533691, 1048
0.08450531959533691, 1047
0.08450531959533691, 1046
0.08450531959533691, 1045
0.08450531959533691, 1044
0.08450531959533691, 1043
0.08450531959533691, 1042
0.08450531959533691, 1041
0.08450531959533691, 1040
0.08450531959533691, 1039
0.08450531959533691, 1038
0.08450531959533691, 1037
0.08450531959533691, 1036
0.08450531959533691, 1035
0.08450531959533691, 1034
0.08450531959533691, 1033
0.08450531959533691, 1032
0.08450531959533691, 1031
0.08450531959533691, 1030
0.1001274585723877, 1029
0.1001274585723877, 1028
0.1001274585723877, 1027
0.1001274585723877, 1026
0.1001274585723877, 1025
0.1001274585723877, 1024
0.1001274585723877, 1023
0.1001274585723877, 1022
0.1001274585723877, 1021
0.1001274585723877, 1020
0.1001274585723877, 1019
0.1001274585723877, 1018
0.1001274585723877, 1017
0.1001274585723877, 1016
0.1001274585723877, 1015
0.1001274585723877, 1014
0.1001274585723877, 1013
0.1001274585723877, 1012
0.1001274585723877, 1011
0.1001274585723877, 1010
0.1001274585723877, 1009
0.1001274585723877, 1008
0.1001274585723877, 1007
0.1001274585723877, 1006
0.1001274585723877, 1005
0.1001274585723877, 1004
0.1001274585723877, 1003
0.1001274585723877, 1002
0.1001274585723877, 1001
0.1001274585723877, 1000
0.1001274585723877, 999
0.1001274585723877, 998
0.1001274585723877, 997
0.1001274585723877, 996
0.1001274585723877, 995
0.1001274585723877, 994
0.1001274585723877, 993
0.11575460433959961, 992
0.11575460433959961, 991
0.11575460433959961, 990
0.11575460433959961, 989
0.11575460433959961, 988
0.11575460433959961, 987
0.11575460433959961, 986
0.11575460433959961, 985
0.11575460433959961, 984
0.11575460433959961, 983
0.11575460433959961, 982
0.11575460433959961, 981
0.11575460433959961, 980
0.11575460433959961, 979
0.11575460433959961, 978
0.11575460433959961, 977
0.11575460433959961, 976
0.11575460433959961, 975
0.11575460433959961, 974
0.11575460433959961, 973
0.11575460433959961, 972
0.11575460433959961, 971
0.11575460433959961, 970
0.11575460433959961, 969
0.11575460433959961, 968
0.1313793659210205, 967
0.1313793659210205, 966
0.1313793659210205, 965
0.1313793659210205, 964
0.1313793659210205, 963
0.1313793659210205, 962
0.1313793659210205, 961
0.1313793659210205, 960
0.1313793659210205, 959
0.1313793659210205, 958
0.1313793659210205, 957
0.1313793659210205, 956
0.1313793659210205, 955
0.1313793659210205, 954
0.1313793659210205, 953
0.1313793659210205, 952
0.1313793659210205, 951
0.1313793659210205, 950
0.1313793659210205, 949
0.1313793659210205, 948
0.1313793659210205, 947
0.14700651168823242, 946
0.14700651168823242, 945
0.14700651168823242, 944
0.14700651168823242, 943
0.14700651168823242, 942
0.14700651168823242, 941
0.15351295471191406, 940
0.15351295471191406, 939
0.15351295471191406, 938
0.15351295471191406, 937
0.15351295471191406, 936
0.15351295471191406, 935
0.15351295471191406, 934
0.15351295471191406, 933
0.15351295471191406, 932
0.15351295471191406, 931
0.16132020950317383, 930
0.1635725498199463, 929
0.1635725498199463, 928
0.1635725498199463, 927
0.1635725498199463, 926
0.1635725498199463, 925
0.1635725498199463, 924
0.1635725498199463, 923
0.1635725498199463, 922
0.1635725498199463, 921
0.1635725498199463, 920
0.1635725498199463, 919
0.1635725498199463, 918
0.1635725498199463, 917
0.1635725498199463, 916
0.1635725498199463, 915
0.1635725498199463, 914
0.1635725498199463, 913
0.1635725498199463, 912
0.1635725498199463, 911
0.1635725498199463, 910
0.1635725498199463, 909
0.1635725498199463, 908
0.1635725498199463, 907
0.17923784255981445, 906
0.17923784255981445, 905
0.17923784255981445, 904
0.17923784255981445, 903
0.17923784255981445, 902
0.17923784255981445, 901
0.17923784255981445, 900
0.17923784255981445, 899
0.17923784255981445, 898
0.17923784255981445, 897
0.17923784255981445, 896
0.17923784255981445, 895
0.17923784255981445, 894
0.17923784255981445, 893
0.17923784255981445, 892
0.17923784255981445, 891
0.17923784255981445, 890
0.17923784255981445, 889
0.17923784255981445, 888
0.17923784255981445, 887
0.17923784255981445, 886
0.19487953186035156, 885
0.19487953186035156, 884
0.19487953186035156, 883
0.19487953186035156, 882
0.19487953186035156, 881
0.19487953186035156, 880
0.19487953186035156, 879
0.19487953186035156, 878
0.19487953186035156, 877
0.19487953186035156, 876
0.19487953186035156, 875
0.19487953186035156, 874
0.19487953186035156, 873
0.19487953186035156, 872
0.19487953186035156, 871
0.19487953186035156, 870
0.19487953186035156, 869
0.19487953186035156, 868
0.19487953186035156, 867
0.19487953186035156, 866
0.19487953186035156, 865
0.21048879623413086, 864
0.21048879623413086, 863
0.21048879623413086, 862
0.21048879623413086, 861
0.21048879623413086, 860
0.21048879623413086, 859
0.21048879623413086, 858
0.21048879623413086, 857
0.21048879623413086, 856
0.21048879623413086, 855
0.21048879623413086, 854
0.21048879623413086, 853
0.22611379623413086, 852
0.22611379623413086, 851
0.22611379623413086, 850
0.22611379623413086, 849
0.22611379623413086, 848
0.22611379623413086, 847
0.22611379623413086, 846
0.22611379623413086, 845
0.24173903465270996, 844
0.24173903465270996, 843
0.24173903465270996, 842
0.24173903465270996, 841
0.24173903465270996, 840
0.24173903465270996, 839
0.24173903465270996, 838
0.24173903465270996, 837
0.24173903465270996, 836
0.25388360023498535, 835
0.25388360023498535, 834
0.25602126121520996, 833
0.25602126121520996, 832
0.25602126121520996, 831
0.25602126121520996, 830
0.2640664577484131, 829
0.2640664577484131, 828
0.26654672622680664, 827
0.26654672622680664, 826
0.26654672622680664, 825
0.26654672622680664, 824
0.26654672622680664, 823
0.27469491958618164, 822
0.27469491958618164, 821
0.27683210372924805, 820
0.27683210372924805, 819
0.27683210372924805, 818
0.27683210372924805, 817
0.27683210372924805, 816
0.27683210372924805, 815
0.27683210372924805, 814
0.28490400314331055, 813
0.28490400314331055, 812
0.28704333305358887, 811
0.28704333305358887, 810
0.28704333305358887, 809
0.28704333305358887, 808
0.28704333305358887, 807
0.28704333305358887, 806
0.28704333305358887, 805
0.28704333305358887, 804
0.28704333305358887, 803
0.28704333305358887, 802
0.28704333305358887, 801
0.2951834201812744, 800
0.29732370376586914, 799
0.29732370376586914, 798
0.29732370376586914, 797
0.3056766986846924, 796
0.3077385425567627, 795
0.3077385425567627, 794
0.3077385425567627, 793
0.31587862968444824, 792
0.31801724433898926, 791
0.31801724433898926, 790
0.31801724433898926, 789
0.32613587379455566, 788
0.32828330993652344, 787
0.32828330993652344, 786
0.32828330993652344, 785
0.32828330993652344, 784
0.33835673332214355, 783
0.33841371536254883, 782
0.33841371536254883, 781
0.33841371536254883, 780
0.33841371536254883, 779
0.3464996814727783, 778
0.3486466407775879, 777
0.3486466407775879, 776
0.3486466407775879, 775
0.3568108081817627, 774
0.35895442962646484, 773
0.35895442962646484, 772
0.35895442962646484, 771
0.35895442962646484, 770
0.35895442962646484, 769
0.35895442962646484, 768
0.35895442962646484, 767
0.36910057067871094, 766
0.3692011833190918, 765
0.37727999687194824, 764
0.37727999687194824, 763
0.37727999687194824, 762
0.37727999687194824, 761
0.37727999687194824, 760
0.37727999687194824, 759
0.3894462585449219, 758
0.3894462585449219, 757
0.3996093273162842, 756
0.3996093273162842, 755
0.3996093273162842, 754
0.3996093273162842, 753
0.3996093273162842, 752
0.3996093273162842, 751
0.3996093273162842, 750
0.3996093273162842, 749
0.412841796875, 748
0.4139084815979004, 747
0.4149641990661621, 746
0.41598963737487793, 745
0.4180433750152588, 744
0.4180433750152588, 743
0.4216318130493164, 742
0.42266345024108887, 741
0.42266345024108887, 740
0.4237072467803955, 739
0.42472362518310547, 738
0.42472362518310547, 737
0.42472362518310547, 736
0.42472362518310547, 735
0.429854154586792, 734
0.429854154586792, 733
0.429854154586792, 732
0.43792247772216797, 731
0.43792247772216797, 730
0.4400038719177246, 729
0.4400038719177246, 728
0.4400038719177246, 727
0.4400038719177246, 726
0.4400038719177246, 725
0.4400038719177246, 724
0.4400038719177246, 723
0.4602992534637451, 722
0.4602992534637451, 721
0.46836042404174805, 720
0.46836042404174805, 719
0.46836042404174805, 718
0.46836042404174805, 717
0.4784698486328125, 716
0.48055052757263184, 715
0.48055052757263184, 714
0.49083995819091797, 713
0.5011084079742432, 712
0.5113909244537354, 711
0.5216109752655029, 710
0.5216109752655029, 709
0.5216109752655029, 708
0.5216109752655029, 707
0.5421311855316162, 706
0.5502829551696777, 705
0.5502829551696777, 704
0.5502829551696777, 703
0.5626430511474609, 702
0.5729255676269531, 701
0.5729255676269531, 700
0.5729255676269531, 699
0.5810472965240479, 698
0.5831918716430664, 697
0.5831918716430664, 696
0.5934696197509766, 695
0.5934696197509766, 694
0.5934696197509766, 693
0.5934696197509766, 692
0.6118483543395996, 691
0.6139905452728271, 690
0.6139905452728271, 689
0.6220755577087402, 688
0.6345033645629883, 687
0.6345033645629883, 686
0.6447272300720215, 685
0.6528675556182861, 684
0.6549115180969238, 683
0.6550052165985107, 682
0.6652686595916748, 681
0.6755499839782715, 680
0.6857821941375732, 679
0.6960699558258057, 678
0.6960699558258057, 677
0.7062923908233643, 676
0.7165710926055908, 675
0.7267739772796631, 674
0.737051248550415, 673
0.7656402587890625, 672
0.7677748203277588, 671
0.7677748203277588, 670
0.7677748203277588, 669
0.7780721187591553, 668
0.7780721187591553, 667
0.7780721187591553, 666
0.798560619354248, 665
0.8190507888793945, 664
0.8292641639709473, 663
0.8292641639709473, 662
0.8292641639709473, 661
0.8374080657958984, 660
0.839555025100708, 659
0.8578932285308838, 658
0.8578932285308838, 657
0.8600263595581055, 656
0.8600263595581055, 655
0.8786807060241699, 654
0.8808248043060303, 653
0.9013111591339111, 652
0.9115283489227295, 651
0.9604692459106445, 650
0.9729764461517334, 649
0.9832091331481934, 648
0.9933555126190186, 647
1.0014851093292236, 646
1.0138378143310547, 645
1.0138378143310547, 644
1.0138378143310547, 643
1.0241177082061768, 642
1.0343384742736816, 641
1.044618844985962, 640
1.0549015998840332, 639
1.0549015998840332, 638
1.1141905784606934, 637
1.116335391998291, 636
1.1266238689422607, 635
1.1470434665679932, 634
1.1979913711547852, 633
1.1979913711547852, 632
1.2285795211791992, 631
1.2285795211791992, 630
1.2881510257720947, 629
1.2881510257720947, 628
1.3037445545196533, 627
1.3037445545196533, 626
1.3349924087524414, 625
1.4352622032165527, 624
1.4730279445648193, 623
1.5199103355407715, 622
1.5355653762817383, 621
1.5577130317687988, 620
1.6202621459960938, 619
1.6732380390167236, 618
1.7201600074768066, 617
1.7201600074768066, 616
1.7578740119934082, 615
1.773510456085205, 614
1.789135217666626, 613
1.858177900314331, 612
2.052952766418457, 611
2.20188307762146, 610
2.2644002437591553, 609
2.4047834873199463, 608
2.4968760013580322, 607
2.6095988750457764, 606
2.6403863430023193, 605
2.8846819400787354, 604
3.08945894241333, 603
3.1307969093322754, 602
3.514512777328491, 601
3.843827962875366, 600
3.9246444702148438, 599
5.050532341003418, 598
5.417579174041748, 597
6.131877899169922, 596
11.631683826446533, 595
