0.037813663482666016, 1133
0.037813663482666016, 1132
0.037813663482666016, 1131
0.037813663482666016, 1130
0.037813663482666016, 1129
0.037813663482666016, 1128
0.037813663482666016, 1127
0.037813663482666016, 1126
0.037813663482666016, 1125
0.037813663482666016, 1124
0.037813663482666016, 1123
0.037813663482666016, 1122
0.037813663482666016, 1121
0.037813663482666016, 1120
0.05349898338317871, 1119
0.05349898338317871, 1118
0.05349898338317871, 1117
0.05349898338317871, 1116
0.05349898338317871, 1115
0.05349898338317871, 1114
0.05349898338317871, 1113
0.05349898338317871, 1112
0.05349898338317871, 1111
0.05349898338317871, 1110
0.05349898338317871, 1109
0.05349898338317871, 1108
0.05349898338317871, 1107
0.05349898338317871, 1106
0.05349898338317871, 1105
0.05349898338317871, 1104
0.05349898338317871, 1103
0.05349898338317871, 1102
0.05349898338317871, 1101
0.05349898338317871, 1100
0.05349898338317871, 1099
0.05349898338317871, 1098
0.05349898338317871, 1097
0.05349898338317871, 1096
0.05349898338317871, 1095
0.05349898338317871, 1094
0.05349898338317871, 1093
0.0691232681274414, 1092
0.0691232681274414, 1091
0.0691232681274414, 1090
0.0691232681274414, 1089
0.0691232681274414, 1088
0.0691232681274414, 1087
0.0691232681274414, 1086
0.0691232681274414, 1085
0.0691232681274414, 1084
0.0691232681274414, 1083
0.0691232681274414, 1082
0.0691232681274414, 1081
0.0691232681274414, 1080
0.0691232681274414, 1079
0.0691232681274414, 1078
0.0691232681274414, 1077
0.0691232681274414, 1076
0.0691232681274414, 1075
0.0691232681274414, 1074
0.0691232681274414, 1073
0.0691232681274414, 1072
0.0691232681274414, 1071
0.0691232681274414, 1070
0.0691232681274414, 1069
0.0691232681274414, 1068
0.0691232681274414, 1067
0.0691232681274414, 1066
0.0691232681274414, 1065
0.0691232681274414, 1064
0.0691232681274414, 1063
0.0691232681274414, 1062
0.08470773696899414, 1061
0.08470773696899414, 1060
0.08470773696899414, 1059
0.08470773696899414, 1058
0.08470773696899414, 1057
0.08470773696899414, 1056
0.08470773696899414, 1055
0.08470773696899414, 1054
0.08470773696899414, 1053
0.08470773696899414, 1052
0.08470773696899414, 1051
0.08470773696899414, 1050
0.08470773696899414, 1049
0.08470773696899414, 1048
0.08470773696899414, 1047
0.08470773696899414, 1046
0.08470773696899414, 1045
0.08470773696899414, 1044
0.08470773696899414, 1043
0.10037493705749512, 1042
0.10037493705749512, 1041
0.10037493705749512, 1040
0.10037493705749512, 1039
0.10037493705749512, 1038
0.10037493705749512, 1037
0.10037493705749512, 1036
0.10037493705749512, 1035
0.10037493705749512, 1034
0.10037493705749512, 1033
0.10037493705749512, 1032
0.10037493705749512, 1031
0.10037493705749512, 1030
0.10037493705749512, 1029
0.10037493705749512, 1028
0.1159980297088623, 1027
0.1159980297088623, 1026
0.1159980297088623, 1025
0.1159980297088623, 1024
0.1159980297088623, 1023
0.1159980297088623, 1022
0.1159980297088623, 1021
0.1159980297088623, 1020
0.1159980297088623, 1019
0.1159980297088623, 1018
0.1159980297088623, 1017
0.1159980297088623, 1016
0.1159980297088623, 1015
0.1159980297088623, 1014
0.1159980297088623, 1013
0.1159980297088623, 1012
0.1159980297088623, 1011
0.1159980297088623, 1010
0.13162446022033691, 1009
0.13162446022033691, 1008
0.13162446022033691, 1007
0.13162446022033691, 1006
0.13162446022033691, 1005
0.13162446022033691, 1004
0.13832473754882812, 1003
0.13832473754882812, 1002
0.13832473754882812, 1001
0.14050745964050293, 1000
0.14050745964050293, 999
0.14050745964050293, 998
0.14050745964050293, 997
0.148637056350708, 996
0.148637056350708, 995
0.15082645416259766, 994
0.15082645416259766, 993
0.15082645416259766, 992
0.15082645416259766, 991
0.15082645416259766, 990
0.15082645416259766, 989
0.15901732444763184, 988
0.16119956970214844, 987
0.16119956970214844, 986
0.16119956970214844, 985
0.16119956970214844, 984
0.16119956970214844, 983
0.16933870315551758, 982
0.16933870315551758, 981
0.17139625549316406, 980
0.17151999473571777, 979
0.17151999473571777, 978
0.17151999473571777, 977
0.17151999473571777, 976
0.17151999473571777, 975
0.17151999473571777, 974
0.17970633506774902, 973
0.17970633506774902, 972
0.1818983554840088, 971
0.1818983554840088, 970
0.1818983554840088, 969
0.1818983554840088, 968
0.19002032279968262, 967
0.1920793056488037, 966
0.19220900535583496, 965
0.19220900535583496, 964
0.19220900535583496, 963
0.19220900535583496, 962
0.19220900535583496, 961
0.19220900535583496, 960
0.19220900535583496, 959
0.200392484664917, 958
0.2025768756866455, 957
0.2025768756866455, 956
0.21069574356079102, 955
0.21069574356079102, 954
0.21288704872131348, 953
0.21288704872131348, 952
0.21288704872131348, 951
0.22107744216918945, 950
0.22107744216918945, 949
0.22325658798217773, 948
0.22325658798217773, 947
0.22325658798217773, 946
0.22325658798217773, 945
0.22325658798217773, 944
0.22325658798217773, 943
0.22325658798217773, 942
0.23131465911865234, 941
0.23137569427490234, 940
0.23137569427490234, 939
0.23137569427490234, 938
0.2335529327392578, 937
0.2335529327392578, 936
0.2335529327392578, 935
0.2335529327392578, 934
0.2335529327392578, 933
0.2335529327392578, 932
0.2335529327392578, 931
0.2335529327392578, 930
0.24175000190734863, 929
0.24393248558044434, 928
0.24393248558044434, 927
0.24393248558044434, 926
0.24393248558044434, 925
0.2521061897277832, 924
0.2521061897277832, 923
0.2521061897277832, 922
0.2521061897277832, 921
0.25429415702819824, 920
0.25429415702819824, 919
0.25429415702819824, 918
0.25429415702819824, 917
0.25429415702819824, 916
0.26466822624206543, 915
0.26466822624206543, 914
0.26466822624206543, 913
0.27278590202331543, 912
0.27278590202331543, 911
0.27497076988220215, 910
0.27497076988220215, 909
0.2831532955169678, 908
0.285336971282959, 907
0.285336971282959, 906
0.285336971282959, 905
0.285336971282959, 904
0.2934539318084717, 903
0.2934539318084717, 902
0.2934539318084717, 901
0.2956421375274658, 900
0.2956421375274658, 899
0.2956421375274658, 898
0.2956421375274658, 897
0.2956421375274658, 896
0.2956421375274658, 895
0.2956421375274658, 894
0.2956421375274658, 893
0.2956421375274658, 892
0.2956421375274658, 891
0.2956421375274658, 890
0.30602169036865234, 889
0.30602169036865234, 888
0.30602169036865234, 887
0.30602169036865234, 886
0.30602169036865234, 885
0.30602169036865234, 884
0.31414318084716797, 883
0.31414318084716797, 882
0.31414318084716797, 881
0.316326379776001, 880
0.316326379776001, 879
0.316326379776001, 878
0.3245072364807129, 877
0.3245072364807129, 876
0.3245072364807129, 875
0.3245072364807129, 874
0.3266873359680176, 873
0.3266873359680176, 872
0.3266873359680176, 871
0.3266873359680176, 870
0.3266873359680176, 869
0.3369479179382324, 868
0.3369479179382324, 867
0.3369479179382324, 866
0.3369479179382324, 865
0.34731459617614746, 864
0.34731459617614746, 863
0.35545992851257324, 862
0.35764098167419434, 861
0.35764098167419434, 860
0.35764098167419434, 859
0.36581945419311523, 858
0.3679544925689697, 857
0.3760712146759033, 856
0.3760712146759033, 855
0.3886415958404541, 854
0.3886415958404541, 853
0.3886415958404541, 852
0.3886415958404541, 851
0.39893436431884766, 850
0.39893436431884766, 849
0.39893436431884766, 848
0.39893436431884766, 847
0.39893436431884766, 846
0.39893436431884766, 845
0.39893436431884766, 844
0.39893436431884766, 843
0.40699148178100586, 842
0.4071159362792969, 841
0.40929651260375977, 840
0.40929651260375977, 839
0.4174156188964844, 838
0.41959619522094727, 837
0.429973840713501, 836
0.429973840713501, 835
0.43808698654174805, 834
0.4402658939361572, 833
0.4402658939361572, 832
0.4402658939361572, 831
0.44844651222229004, 830
0.4506258964538574, 829
0.4506258964538574, 828
0.4506258964538574, 827
0.4506258964538574, 826
0.4506258964538574, 825
0.4506258964538574, 824
0.45876264572143555, 823
0.45876264572143555, 822
0.45876264572143555, 821
0.45876264572143555, 820
0.4609055519104004, 819
0.4609055519104004, 818
0.4690117835998535, 817
0.4690117835998535, 816
0.4711930751800537, 815
0.4711930751800537, 814
0.4711930751800537, 813
0.4711930751800537, 812
0.4711930751800537, 811
0.47933435440063477, 810
0.49181056022644043, 809
0.49181056022644043, 808
0.49181056022644043, 807
0.49993371963500977, 806
0.49993371963500977, 805
0.5021147727966309, 804
0.5021147727966309, 803
0.5021147727966309, 802
0.5124869346618652, 801
0.5124869346618652, 800
0.5206243991851807, 799
0.5228049755096436, 798
0.5228049755096436, 797
0.5228049755096436, 796
0.5228049755096436, 795
0.5228049755096436, 794
0.5228049755096436, 793
0.5228049755096436, 792
0.5331628322601318, 791
0.5331628322601318, 790
0.5434470176696777, 789
0.5434470176696777, 788
0.5537171363830566, 787
0.564042329788208, 786
0.564042329788208, 785
0.5744059085845947, 784
0.582493782043457, 783
0.584597110748291, 782
0.584597110748291, 781
0.5927793979644775, 780
0.5927793979644775, 779
0.5949583053588867, 778
0.5949583053588867, 777
0.613750696182251, 776
0.6159346103668213, 775
0.6263864040374756, 774
0.6368734836578369, 773
0.6368734836578369, 772
0.6450595855712891, 771
0.6450595855712891, 770
0.6450595855712891, 769
0.6471161842346191, 768
0.6472418308258057, 767
0.6575980186462402, 766
0.6575980186462402, 765
0.6657834053039551, 764
0.6657834053039551, 763
0.678199052810669, 762
0.678199052810669, 761
0.6863420009613037, 760
0.688523530960083, 759
0.688523530960083, 758
0.7195155620574951, 757
0.7195155620574951, 756
0.7195155620574951, 755
0.7277002334594727, 754
0.7298853397369385, 753
0.7298853397369385, 752
0.7298853397369385, 751
0.7482430934906006, 750
0.7505500316619873, 749
0.7505500316619873, 748
0.7712297439575195, 747
0.7793769836425781, 746
0.7815594673156738, 745
0.7896158695220947, 744
0.7897434234619141, 743
0.7897434234619141, 742
0.7919256687164307, 741
0.7919256687164307, 740
0.8000607490539551, 739
0.8022432327270508, 738
0.8104217052459717, 737
0.822906494140625, 736
0.8310928344726562, 735
0.8310928344726562, 734
0.8332760334014893, 733
0.8332760334014893, 732
0.8413975238800049, 731
0.843574047088623, 730
0.8516793251037598, 729
0.8538773059844971, 728
0.8538773059844971, 727
0.8538773059844971, 726
0.8538773059844971, 725
0.8641908168792725, 724
0.8723828792572021, 723
0.8745641708374023, 722
0.8847882747650146, 721
0.8847882747650146, 720
0.9158871173858643, 719
0.9240074157714844, 718
0.9362571239471436, 717
0.9362571239471436, 716
0.9700677394866943, 715
0.9856925010681152, 714
1.001279592514038, 713
1.0325825214385986, 712
1.0325825214385986, 711
1.0325825214385986, 710
1.0547630786895752, 709
1.0547630786895752, 708
1.070451021194458, 707
1.086076021194458, 706
1.101658821105957, 705
1.101658821105957, 704
1.101658821105957, 703
1.1173350811004639, 702
1.1173350811004639, 701
1.1329545974731445, 700
1.1329545974731445, 699
1.1778254508972168, 698
1.1859652996063232, 697
1.2065925598144531, 696
1.2091622352600098, 695
1.2298283576965332, 694
1.2505087852478027, 693
1.2712290287017822, 692
1.2815864086151123, 691
1.2815864086151123, 690
1.2897412776947021, 689
1.3022918701171875, 688
1.3207719326019287, 687
1.3229541778564453, 686
1.333176612854004, 685
1.3412935733795166, 684
1.373978614807129, 683
1.3841898441314697, 682
1.4148719310760498, 681
1.4148719310760498, 680
1.4148719310760498, 679
1.4148719310760498, 678
1.4250826835632324, 677
1.4352827072143555, 676
1.4556937217712402, 675
1.4863495826721191, 674
1.5067756175994873, 673
1.5067756175994873, 672
1.5374138355255127, 671
1.547621488571167, 670
1.547621488571167, 669
1.565962314605713, 668
1.565962314605713, 667
1.5761408805847168, 666
1.5986878871917725, 665
1.5986878871917725, 664
1.6088929176330566, 663
1.6599745750427246, 662
1.6803970336914062, 661
1.6803970336914062, 660
1.6803970336914062, 659
1.690603494644165, 658
1.7110497951507568, 657
1.7110497951507568, 656
1.7110497951507568, 655
1.7293922901153564, 654
1.7518351078033447, 653
1.7519211769104004, 652
1.7723586559295654, 651
1.7928030490875244, 650
1.7928030490875244, 649
1.8238105773925781, 648
1.8421587944030762, 647
1.8931803703308105, 646
1.9259748458862305, 645
1.9259748458862305, 644
1.9442007541656494, 643
2.028186798095703, 642
2.0384092330932617, 641
2.079271078109741, 640
2.0996553897857666, 639
2.1077752113342285, 638
2.140430450439453, 637
2.1608824729919434, 636
2.1914145946502686, 635
2.2221412658691406, 634
2.4264111518859863, 633
2.4369678497314453, 632
2.4778313636779785, 631
2.5289089679718018, 630
2.5391323566436768, 629
2.549345016479492, 628
2.5697789192199707, 627
2.6290178298950195, 626
2.661756992340088, 625
2.6821582317352295, 624
2.7026150226593018, 623
2.753666400909424, 622
2.8561134338378906, 621
2.8561134338378906, 620
2.8561134338378906, 619
2.87654972076416, 618
3.028047561645508, 617
3.1313915252685547, 616
3.412506103515625, 615
3.4228248596191406, 614
3.443510055541992, 613
3.606476068496704, 612
3.6397273540496826, 611
3.7537035942077637, 610
3.764078378677368, 609
3.9065487384796143, 608
4.429422616958618, 607
4.687273740768433, 606
5.154232025146484, 605
5.205950736999512, 604
5.576138496398926, 603
6.091275691986084, 602
6.369688034057617, 601
6.573806047439575, 600
6.974673509597778, 599
7.168841361999512, 598
7.6663525104522705, 597
10.03644061088562, 596
10.1577627658844, 595
33.556270599365234, 594
