0.0219118595123291, 1133
0.0219118595123291, 1132
0.0219118595123291, 1131
0.0219118595123291, 1130
0.0219118595123291, 1129
0.0219118595123291, 1128
0.0219118595123291, 1127
0.0219118595123291, 1126
0.0219118595123291, 1125
0.0219118595123291, 1124
0.0219118595123291, 1123
0.0219118595123291, 1122
0.0219118595123291, 1121
0.0219118595123291, 1120
0.0219118595123291, 1119
0.0219118595123291, 1118
0.0219118595123291, 1117
0.0219118595123291, 1116
0.0219118595123291, 1115
0.0219118595123291, 1114
0.0219118595123291, 1113
0.0219118595123291, 1112
0.0219118595123291, 1111
0.0219118595123291, 1110
0.0219118595123291, 1109
0.0219118595123291, 1108
0.0219118595123291, 1107
0.0219118595123291, 1106
0.0219118595123291, 1105
0.0219118595123291, 1104
0.0219118595123291, 1103
0.0219118595123291, 1102
0.0219118595123291, 1101
0.0219118595123291, 1100
0.0219118595123291, 1099
0.0219118595123291, 1098
0.0219118595123291, 1097
0.0219118595123291, 1096
0.0219118595123291, 1095
0.0219118595123291, 1094
0.03755450248718262, 1093
0.03755450248718262, 1092
0.03755450248718262, 1091
0.03755450248718262, 1090
0.03755450248718262, 1089
0.03755450248718262, 1088
0.03755450248718262, 1087
0.03755450248718262, 1086
0.03755450248718262, 1085
0.03755450248718262, 1084
0.03755450248718262, 1083
0.03755450248718262, 1082
0.03755450248718262, 1081
0.03755450248718262, 1080
0.03755450248718262, 1079
0.03755450248718262, 1078
0.03755450248718262, 1077
0.055299997329711914, 1076
0.055299997329711914, 1075
0.055299997329711914, 1074
0.055299997329711914, 1073
0.06332969665527344, 1072
0.06353116035461426, 1071
0.06353116035461426, 1070
0.06353116035461426, 1069
0.06353116035461426, 1068
0.06353116035461426, 1067
0.06353116035461426, 1066
0.06353116035461426, 1065
0.06353116035461426, 1064
0.06353116035461426, 1063
0.06353116035461426, 1062
0.06353116035461426, 1061
0.06353116035461426, 1060
0.06353116035461426, 1059
0.06353116035461426, 1058
0.06353116035461426, 1057
0.06353116035461426, 1056
0.07917380332946777, 1055
0.07917380332946777, 1054
0.07917380332946777, 1053
0.07917380332946777, 1052
0.07917380332946777, 1051
0.07917380332946777, 1050
0.07917380332946777, 1049
0.07917380332946777, 1048
0.07917380332946777, 1047
0.07917380332946777, 1046
0.07917380332946777, 1045
0.07917380332946777, 1044
0.07917380332946777, 1043
0.07917380332946777, 1042
0.07917380332946777, 1041
0.07917380332946777, 1040
0.07917380332946777, 1039
0.07917380332946777, 1038
0.07917380332946777, 1037
0.07917380332946777, 1036
0.07917380332946777, 1035
0.07917380332946777, 1034
0.07917380332946777, 1033
0.07917380332946777, 1032
0.07917380332946777, 1031
0.07917380332946777, 1030
0.07917380332946777, 1029
0.07917380332946777, 1028
0.07917380332946777, 1027
0.07917380332946777, 1026
0.09478259086608887, 1025
0.09478259086608887, 1024
0.09478259086608887, 1023
0.09478259086608887, 1022
0.09478259086608887, 1021
0.09478259086608887, 1020
0.09478259086608887, 1019
0.09478259086608887, 1018
0.09478259086608887, 1017
0.09478259086608887, 1016
0.09478259086608887, 1015
0.09478259086608887, 1014
0.09478259086608887, 1013
0.09478259086608887, 1012
0.09478259086608887, 1011
0.09478259086608887, 1010
0.09478259086608887, 1009
0.09478259086608887, 1008
0.09478259086608887, 1007
0.09478259086608887, 1006
0.09478259086608887, 1005
0.09478259086608887, 1004
0.09478259086608887, 1003
0.09478259086608887, 1002
0.09478259086608887, 1001
0.09478259086608887, 1000
0.09478259086608887, 999
0.09478259086608887, 998
0.09478259086608887, 997
0.09478259086608887, 996
0.09478259086608887, 995
0.09478259086608887, 994
0.09478259086608887, 993
0.09478259086608887, 992
0.09478259086608887, 991
0.09478259086608887, 990
0.09478259086608887, 989
0.09478259086608887, 988
0.11043953895568848, 987
0.11043953895568848, 986
0.11043953895568848, 985
0.11043953895568848, 984
0.11043953895568848, 983
0.11043953895568848, 982
0.11043953895568848, 981
0.11043953895568848, 980
0.11043953895568848, 979
0.12194967269897461, 978
0.12194967269897461, 977
0.12194967269897461, 976
0.12194967269897461, 975
0.12194967269897461, 974
0.12194967269897461, 973
0.12194967269897461, 972
0.12194967269897461, 971
0.12194967269897461, 970
0.12194967269897461, 969
0.12194967269897461, 968
0.12194967269897461, 967
0.12194967269897461, 966
0.12194967269897461, 965
0.12194967269897461, 964
0.12194967269897461, 963
0.12194967269897461, 962
0.12194967269897461, 961
0.12194967269897461, 960
0.12194967269897461, 959
0.12194967269897461, 958
0.12194967269897461, 957
0.12194967269897461, 956
0.12194967269897461, 955
0.12194967269897461, 954
0.13762331008911133, 953
0.13762331008911133, 952
0.13762331008911133, 951
0.13762331008911133, 950
0.13762331008911133, 949
0.13762331008911133, 948
0.13762331008911133, 947
0.13762331008911133, 946
0.13762331008911133, 945
0.13762331008911133, 944
0.13762331008911133, 943
0.1532590389251709, 942
0.1532590389251709, 941
0.1532590389251709, 940
0.1532590389251709, 939
0.1532590389251709, 938
0.1532590389251709, 937
0.1532590389251709, 936
0.1532590389251709, 935
0.1532590389251709, 934
0.1532590389251709, 933
0.1532590389251709, 932
0.1532590389251709, 931
0.1532590389251709, 930
0.1532590389251709, 929
0.1532590389251709, 928
0.1532590389251709, 927
0.1532590389251709, 926
0.1532590389251709, 925
0.1532590389251709, 924
0.1532590389251709, 923
0.1532590389251709, 922
0.16887664794921875, 921
0.16887664794921875, 920
0.16887664794921875, 919
0.16887664794921875, 918
0.16887664794921875, 917
0.16887664794921875, 916
0.16887664794921875, 915
0.16887664794921875, 914
0.16887664794921875, 913
0.16887664794921875, 912
0.16887664794921875, 911
0.16887664794921875, 910
0.16887664794921875, 909
0.16887664794921875, 908
0.16887664794921875, 907
0.16887664794921875, 906
0.16887664794921875, 905
0.18449664115905762, 904
0.18449664115905762, 903
0.18449664115905762, 902
0.18449664115905762, 901
0.18449664115905762, 900
0.18449664115905762, 899
0.18449664115905762, 898
0.18449664115905762, 897
0.18449664115905762, 896
0.18449664115905762, 895
0.18449664115905762, 894
0.18449664115905762, 893
0.18449664115905762, 892
0.18449664115905762, 891
0.18449664115905762, 890
0.18449664115905762, 889
0.18449664115905762, 888
0.18449664115905762, 887
0.18449664115905762, 886
0.18449664115905762, 885
0.18449664115905762, 884
0.20012235641479492, 883
0.20012235641479492, 882
0.20012235641479492, 881
0.20012235641479492, 880
0.20012235641479492, 879
0.20012235641479492, 878
0.20012235641479492, 877
0.20012235641479492, 876
0.20012235641479492, 875
0.20012235641479492, 874
0.20012235641479492, 873
0.20012235641479492, 872
0.20012235641479492, 871
0.20012235641479492, 870
0.20012235641479492, 869
0.21575617790222168, 868
0.21575617790222168, 867
0.21575617790222168, 866
0.21575617790222168, 865
0.21575617790222168, 864
0.21575617790222168, 863
0.21575617790222168, 862
0.21575617790222168, 861
0.2223069667816162, 860
0.2223069667816162, 859
0.2223069667816162, 858
0.2223069667816162, 857
0.2223069667816162, 856
0.2223069667816162, 855
0.2223069667816162, 854
0.2223069667816162, 853
0.2223069667816162, 852
0.2223069667816162, 851
0.2223069667816162, 850
0.23799610137939453, 849
0.23799610137939453, 848
0.23799610137939453, 847
0.23799610137939453, 846
0.23799610137939453, 845
0.23799610137939453, 844
0.23799610137939453, 843
0.23799610137939453, 842
0.25360774993896484, 841
0.25360774993896484, 840
0.25360774993896484, 839
0.25360774993896484, 838
0.25360774993896484, 837
0.25360774993896484, 836
0.26923322677612305, 835
0.26923322677612305, 834
0.26923322677612305, 833
0.26923322677612305, 832
0.26923322677612305, 831
0.26923322677612305, 830
0.26923322677612305, 829
0.26923322677612305, 828
0.26923322677612305, 827
0.26923322677612305, 826
0.26923322677612305, 825
0.28485608100891113, 824
0.28485608100891113, 823
0.28485608100891113, 822
0.28485608100891113, 821
0.28485608100891113, 820
0.28485608100891113, 819
0.30048489570617676, 818
0.30048489570617676, 817
0.30048489570617676, 816
0.30048489570617676, 815
0.30048489570617676, 814
0.30048489570617676, 813
0.30048489570617676, 812
0.30048489570617676, 811
0.30048489570617676, 810
0.31610631942749023, 809
0.31610631942749023, 808
0.3226180076599121, 807
0.3226180076599121, 806
0.3226180076599121, 805
0.3226180076599121, 804
0.3226180076599121, 803
0.3226180076599121, 802
0.3226180076599121, 801
0.3226180076599121, 800
0.33826327323913574, 799
0.33826327323913574, 798
0.33826327323913574, 797
0.33826327323913574, 796
0.33826327323913574, 795
0.33826327323913574, 794
0.33826327323913574, 793
0.3538844585418701, 792
0.3538844585418701, 791
0.3538844585418701, 790
0.3538844585418701, 789
0.3538844585418701, 788
0.3538844585418701, 787
0.3538844585418701, 786
0.3538844585418701, 785
0.3695096969604492, 784
0.3695096969604492, 783
0.3695096969604492, 782
0.3851354122161865, 781
0.3851354122161865, 780
0.3851354122161865, 779
0.3851354122161865, 778
0.3851354122161865, 777
0.3851354122161865, 776
0.3851354122161865, 775
0.3851354122161865, 774
0.40076184272766113, 773
0.40076184272766113, 772
0.40076184272766113, 771
0.416384220123291, 770
0.416384220123291, 769
0.416384220123291, 768
0.416384220123291, 767
0.416384220123291, 766
0.4250369071960449, 765
0.4250369071960449, 764
0.4250369071960449, 763
0.4250369071960449, 762
0.43518567085266113, 761
0.43518567085266113, 760
0.43518567085266113, 759
0.43518567085266113, 758
0.44326353073120117, 757
0.44326353073120117, 756
0.44326353073120117, 755
0.4453303813934326, 754
0.4453303813934326, 753
0.45546865463256836, 752
0.45546865463256836, 751
0.45546865463256836, 750
0.46353626251220703, 749
0.46353626251220703, 748
0.46353626251220703, 747
0.4656047821044922, 746
0.4656047821044922, 745
0.4656047821044922, 744
0.47575926780700684, 743
0.47575926780700684, 742
0.47575926780700684, 741
0.4838242530822754, 740
0.4838242530822754, 739
0.48589086532592773, 738
0.48589086532592773, 737
0.48589086532592773, 736
0.48589086532592773, 735
0.48589086532592773, 734
0.48589086532592773, 733
0.4960474967956543, 732
0.4960474967956543, 731
0.5062081813812256, 730
0.5163743495941162, 729
0.5163743495941162, 728
0.5244452953338623, 727
0.5265977382659912, 726
0.5346653461456299, 725
0.5367319583892822, 724
0.5367319583892822, 723
0.5468719005584717, 722
0.5549437999725342, 721
0.5570130348205566, 720
0.5570130348205566, 719
0.5570130348205566, 718
0.5650217533111572, 717
0.5773108005523682, 716
0.5773108005523682, 715
0.5853862762451172, 714
0.5874526500701904, 713
0.5954642295837402, 712
0.59552001953125, 711
0.5975711345672607, 710
0.5975711345672607, 709
0.6057090759277344, 708
0.6180281639099121, 707
0.6261703968048096, 706
0.6261703968048096, 705
0.6261703968048096, 704
0.6363914012908936, 703
0.6384179592132568, 702
0.6384179592132568, 701
0.648698091506958, 700
0.648698091506958, 699
0.6567685604095459, 698
0.6589083671569824, 697
0.6589083671569824, 696
0.6670486927032471, 695
0.6691970825195312, 694
0.6691970825195312, 693
0.6691970825195312, 692
0.6793537139892578, 691
0.6793537139892578, 690
0.6793537139892578, 689
0.6894867420196533, 688
0.6974992752075195, 687
0.7227075099945068, 686
0.7330327033996582, 685
0.7330327033996582, 684
0.7432377338409424, 683
0.7535104751586914, 682
0.763859748840332, 681
0.763859748840332, 680
0.774083137512207, 679
0.774083137512207, 678
0.7945284843444824, 677
0.7945284843444824, 676
0.7945284843444824, 675
0.7945284843444824, 674
0.8026156425476074, 673
0.8150155544281006, 672
0.825272798538208, 671
0.825272798538208, 670
0.8455734252929688, 669
0.8455734252929688, 668
0.8558492660522461, 667
0.8558492660522461, 666
0.8660838603973389, 665
0.8763091564178467, 664
0.8865563869476318, 663
0.8865563869476318, 662
0.8946032524108887, 661
0.9070568084716797, 660
0.937875509262085, 659
0.9480078220367432, 658
0.9561052322387695, 657
0.9685347080230713, 656
0.9766120910644531, 655
0.9787471294403076, 654
1.0175683498382568, 653
1.019709825515747, 652
1.0403707027435303, 651
1.050640344619751, 650
1.0710690021514893, 649
1.081294298171997, 648
1.0915884971618652, 647
1.1021668910980225, 646
1.1103246212005615, 645
1.120405673980713, 644
1.1429598331451416, 643
1.1511056423187256, 642
1.1838538646697998, 641
1.1941328048706055, 640
1.1941328048706055, 639
1.2145366668701172, 638
1.2344138622283936, 637
1.2570748329162598, 636
1.2776298522949219, 635
1.2776298522949219, 634
1.287851095199585, 633
1.2959976196289062, 632
1.3474953174591064, 631
1.360180139541626, 630
1.3807647228240967, 629
1.3888452053070068, 628
1.4093163013458252, 627
1.4114573001861572, 626
1.442080020904541, 625
1.4523158073425293, 624
1.4626061916351318, 623
1.4728546142578125, 622
1.4809954166412354, 621
1.4831373691558838, 620
1.5242414474487305, 619
1.5447547435760498, 618
1.5651593208312988, 617
1.5732769966125488, 616
1.6677939891815186, 615
1.6758959293365479, 614
1.6881170272827148, 613
1.729001522064209, 612
1.8107638359069824, 611
1.900536298751831, 610
2.0279314517974854, 609
2.0360777378082275, 608
2.150834560394287, 607
2.222261905670166, 606
2.4682297706604004, 605
2.5808002948760986, 604
2.6317994594573975, 603
2.7014071941375732, 602
2.8677926063537598, 601
2.8963229656219482, 600
2.9392406940460205, 599
3.957197427749634, 598
4.161747455596924, 597
4.21303915977478, 596
11.886922836303711, 595
23.064760446548462, 594
