0.00895833969116211, 1133
0.01696944236755371, 1132
0.01696944236755371, 1131
0.01696944236755371, 1130
0.01696944236755371, 1129
0.01696944236755371, 1128
0.01696944236755371, 1127
0.01696944236755371, 1126
0.01696944236755371, 1125
0.01696944236755371, 1124
0.01696944236755371, 1123
0.01696944236755371, 1122
0.01696944236755371, 1121
0.01696944236755371, 1120
0.01696944236755371, 1119
0.01696944236755371, 1118
0.01696944236755371, 1117
0.01696944236755371, 1116
0.01696944236755371, 1115
0.01696944236755371, 1114
0.01696944236755371, 1113
0.01696944236755371, 1112
0.01696944236755371, 1111
0.01696944236755371, 1110
0.01696944236755371, 1109
0.01696944236755371, 1108
0.01696944236755371, 1107
0.01696944236755371, 1106
0.01696944236755371, 1105
0.01696944236755371, 1104
0.01696944236755371, 1103
0.01696944236755371, 1102
0.01696944236755371, 1101
0.01696944236755371, 1100
0.01696944236755371, 1099
0.024999380111694336, 1098
0.024999380111694336, 1097
0.024999380111694336, 1096
0.024999380111694336, 1095
0.024999380111694336, 1094
0.024999380111694336, 1093
0.024999380111694336, 1092
0.024999380111694336, 1091
0.024999380111694336, 1090
0.024999380111694336, 1089
0.024999380111694336, 1088
0.024999380111694336, 1087
0.024999380111694336, 1086
0.024999380111694336, 1085
0.024999380111694336, 1084
0.024999380111694336, 1083
0.024999380111694336, 1082
0.024999380111694336, 1081
0.024999380111694336, 1080
0.024999380111694336, 1079
0.024999380111694336, 1078
0.024999380111694336, 1077
0.024999380111694336, 1076
0.024999380111694336, 1075
0.024999380111694336, 1074
0.024999380111694336, 1073
0.024999380111694336, 1072
0.024999380111694336, 1071
0.024999380111694336, 1070
0.024999380111694336, 1069
0.03297019004821777, 1068
0.03297019004821777, 1067
0.03297019004821777, 1066
0.03297019004821777, 1065
0.03297019004821777, 1064
0.03297019004821777, 1063
0.03297019004821777, 1062
0.03297019004821777, 1061
0.03297019004821777, 1060
0.03297019004821777, 1059
0.03297019004821777, 1058
0.03297019004821777, 1057
0.03297019004821777, 1056
0.03297019004821777, 1055
0.03297019004821777, 1054
0.03297019004821777, 1053
0.03297019004821777, 1052
0.03297019004821777, 1051
0.03297019004821777, 1050
0.03297019004821777, 1049
0.03297019004821777, 1048
0.041001081466674805, 1047
0.041001081466674805, 1046
0.041001081466674805, 1045
0.041001081466674805, 1044
0.041001081466674805, 1043
0.041001081466674805, 1042
0.041001081466674805, 1041
0.041001081466674805, 1040
0.041001081466674805, 1039
0.041001081466674805, 1038
0.041001081466674805, 1037
0.041001081466674805, 1036
0.041001081466674805, 1035
0.041001081466674805, 1034
0.041001081466674805, 1033
0.041001081466674805, 1032
0.041001081466674805, 1031
0.041001081466674805, 1030
0.04897260665893555, 1029
0.04897260665893555, 1028
0.04897260665893555, 1027
0.04897260665893555, 1026
0.04897260665893555, 1025
0.04897260665893555, 1024
0.04897260665893555, 1023
0.04897260665893555, 1022
0.04897260665893555, 1021
0.04897260665893555, 1020
0.04897260665893555, 1019
0.04897260665893555, 1018
0.04897260665893555, 1017
0.04897260665893555, 1016
0.05696821212768555, 1015
0.05696821212768555, 1014
0.05696821212768555, 1013
0.05696821212768555, 1012
0.05696821212768555, 1011
0.05696821212768555, 1010
0.05696821212768555, 1009
0.05696821212768555, 1008
0.05696821212768555, 1007
0.05696821212768555, 1006
0.05696821212768555, 1005
0.05696821212768555, 1004
0.05696821212768555, 1003
0.05696821212768555, 1002
0.05696821212768555, 1001
0.05696821212768555, 1000
0.0650181770324707, 999
0.0650181770324707, 998
0.0650181770324707, 997
0.0650181770324707, 996
0.0650181770324707, 995
0.0650181770324707, 994
0.0650181770324707, 993
0.0650181770324707, 992
0.0650181770324707, 991
0.0650181770324707, 990
0.0650181770324707, 989
0.07300472259521484, 988
0.07300472259521484, 987
0.07300472259521484, 986
0.07300472259521484, 985
0.07300472259521484, 984
0.07300472259521484, 983
0.07300472259521484, 982
0.07300472259521484, 981
0.07300472259521484, 980
0.07300472259521484, 979
0.07300472259521484, 978
0.07300472259521484, 977
0.07300472259521484, 976
0.07300472259521484, 975
0.07300472259521484, 974
0.07300472259521484, 973
0.07300472259521484, 972
0.0810394287109375, 971
0.0810394287109375, 970
0.0810394287109375, 969
0.0810394287109375, 968
0.0810394287109375, 967
0.0810394287109375, 966
0.0810394287109375, 965
0.0810394287109375, 964
0.0810394287109375, 963
0.0810394287109375, 962
0.0810394287109375, 961
0.0810394287109375, 960
0.0810394287109375, 959
0.08899950981140137, 958
0.08899950981140137, 957
0.08899950981140137, 956
0.08899950981140137, 955
0.08899950981140137, 954
0.08899950981140137, 953
0.08899950981140137, 952
0.08899950981140137, 951
0.08899950981140137, 950
0.09696745872497559, 949
0.09696745872497559, 948
0.09696745872497559, 947
0.09696745872497559, 946
0.09696745872497559, 945
0.09696745872497559, 944
0.09696745872497559, 943
0.10499858856201172, 942
0.10499858856201172, 941
0.10499858856201172, 940
0.10499858856201172, 939
0.10499858856201172, 938
0.11300396919250488, 937
0.11300396919250488, 936
0.11300396919250488, 935
0.11300396919250488, 934
0.11300396919250488, 933
0.11300396919250488, 932
0.11300396919250488, 931
0.11300396919250488, 930
0.11300396919250488, 929
0.11300396919250488, 928
0.11300396919250488, 927
0.11300396919250488, 926
0.11300396919250488, 925
0.11300396919250488, 924
0.12100982666015625, 923
0.12100982666015625, 922
0.12100982666015625, 921
0.12100982666015625, 920
0.12100982666015625, 919
0.12100982666015625, 918
0.12900471687316895, 917
0.12900471687316895, 916
0.12900471687316895, 915
0.12900471687316895, 914
0.12900471687316895, 913
0.12900471687316895, 912
0.13700580596923828, 911
0.13700580596923828, 910
0.13700580596923828, 909
0.13700580596923828, 908
0.13700580596923828, 907
0.13700580596923828, 906
0.13700580596923828, 905
0.13700580596923828, 904
0.13700580596923828, 903
0.13700580596923828, 902
0.13700580596923828, 901
0.13700580596923828, 900
0.13700580596923828, 899
0.13700580596923828, 898
0.13700580596923828, 897
0.13700580596923828, 896
0.1450057029724121, 895
0.1450057029724121, 894
0.1450057029724121, 893
0.1450057029724121, 892
0.1450057029724121, 891
0.1450057029724121, 890
0.1450057029724121, 889
0.1450057029724121, 888
0.15300869941711426, 887
0.15300869941711426, 886
0.15300869941711426, 885
0.15300869941711426, 884
0.15300869941711426, 883
0.1610119342803955, 882
0.1610119342803955, 881
0.1610119342803955, 880
0.1610119342803955, 879
0.1610119342803955, 878
0.1610119342803955, 877
0.16913247108459473, 876
0.16913247108459473, 875
0.16913247108459473, 874
0.16913247108459473, 873
0.16913247108459473, 872
0.16913247108459473, 871
0.16913247108459473, 870
0.17705702781677246, 869
0.17705702781677246, 868
0.17705702781677246, 867
0.17705702781677246, 866
0.18813443183898926, 865
0.18918657302856445, 864
0.195298433303833, 863
0.195298433303833, 862
0.19644403457641602, 861
0.19644403457641602, 860
0.19864106178283691, 859
0.19864106178283691, 858
0.19864106178283691, 857
0.19864106178283691, 856
0.19864106178283691, 855
0.2032327651977539, 854
0.20528841018676758, 853
0.20528841018676758, 852
0.20528841018676758, 851
0.20528841018676758, 850
0.20528841018676758, 849
0.20528841018676758, 848
0.20528841018676758, 847
0.21334338188171387, 846
0.2154088020324707, 845
0.2154088020324707, 844
0.2154088020324707, 843
0.2154088020324707, 842
0.22553300857543945, 841
0.22553300857543945, 840
0.22553300857543945, 839
0.22553300857543945, 838
0.22553300857543945, 837
0.22553300857543945, 836
0.22553300857543945, 835
0.23359274864196777, 834
0.23564624786376953, 833
0.23564624786376953, 832
0.23564624786376953, 831
0.23564624786376953, 830
0.23564624786376953, 829
0.23564624786376953, 828
0.23564624786376953, 827
0.24370718002319336, 826
0.24370718002319336, 825
0.24370718002319336, 824
0.24370718002319336, 823
0.24576282501220703, 822
0.24576282501220703, 821
0.24576282501220703, 820
0.24576282501220703, 819
0.24576282501220703, 818
0.24576282501220703, 817
0.24576282501220703, 816
0.24576282501220703, 815
0.24576282501220703, 814
0.2538182735443115, 813
0.2558712959289551, 812
0.2558712959289551, 811
0.2558712959289551, 810
0.2558712959289551, 809
0.2558712959289551, 808
0.2558712959289551, 807
0.2558712959289551, 806
0.26394081115722656, 805
0.26394081115722656, 804
0.2660026550292969, 803
0.2660026550292969, 802
0.2660026550292969, 801
0.2660026550292969, 800
0.2660026550292969, 799
0.27405595779418945, 798
0.2761092185974121, 797
0.2761092185974121, 796
0.2761092185974121, 795
0.2761092185974121, 794
0.2761092185974121, 793
0.2761092185974121, 792
0.2761092185974121, 791
0.2841930389404297, 790
0.2841930389404297, 789
0.2841930389404297, 788
0.2862548828125, 787
0.2862548828125, 786
0.2943086624145508, 785
0.29636168479919434, 784
0.29636168479919434, 783
0.29636168479919434, 782
0.29636168479919434, 781
0.29636168479919434, 780
0.29636168479919434, 779
0.29636168479919434, 778
0.29636168479919434, 777
0.3044586181640625, 776
0.3044586181640625, 775
0.30651307106018066, 774
0.30651307106018066, 773
0.30651307106018066, 772
0.30651307106018066, 771
0.30651307106018066, 770
0.30651307106018066, 769
0.30651307106018066, 768
0.31456685066223145, 767
0.31662631034851074, 766
0.31662631034851074, 765
0.31662631034851074, 764
0.31662631034851074, 763
0.31662631034851074, 762
0.31662631034851074, 761
0.32471466064453125, 760
0.3348221778869629, 759
0.33687472343444824, 758
0.33687472343444824, 757
0.33687472343444824, 756
0.34525275230407715, 755
0.34731626510620117, 754
0.34731626510620117, 753
0.34731626510620117, 752
0.34731626510620117, 751
0.34731626510620117, 750
0.34731626510620117, 749
0.3553733825683594, 748
0.3574235439300537, 747
0.3574235439300537, 746
0.3574235439300537, 745
0.3654954433441162, 744
0.367506742477417, 743
0.36939358711242676, 742
0.37387752532958984, 741
0.3765735626220703, 740
0.3821840286254883, 739
0.3821840286254883, 738
0.3821840286254883, 737
0.38573789596557617, 736
0.397996187210083, 735
0.397996187210083, 734
0.397996187210083, 733
0.4080848693847656, 732
0.4080848693847656, 731
0.4080848693847656, 730
0.4080848693847656, 729
0.4162149429321289, 728
0.4162149429321289, 727
0.4162149429321289, 726
0.41823530197143555, 725
0.42628955841064453, 724
0.42628955841064453, 723
0.42835259437561035, 722
0.42835259437561035, 721
0.4384779930114746, 720
0.4384779930114746, 719
0.4465317726135254, 718
0.45671653747558594, 717
0.4587838649749756, 716
0.4587838649749756, 715
0.4668123722076416, 714
0.47687578201293945, 713
0.47687578201293945, 712
0.47687578201293945, 711
0.47687578201293945, 710
0.47896337509155273, 709
0.47896337509155273, 708
0.4991137981414795, 707
0.5172843933105469, 706
0.5193231105804443, 705
0.5294191837310791, 704
0.5294191837310791, 703
0.5398147106170654, 702
0.582078218460083, 701
0.5901384353637695, 700
0.6007521152496338, 699
0.6007521152496338, 698
0.6089217662811279, 697
0.6089217662811279, 696
0.6089217662811279, 695
0.6146111488342285, 694
0.6226146221160889, 693
0.6306123733520508, 692
0.6306123733520508, 691
0.6386101245880127, 690
0.6386101245880127, 689
0.6466102600097656, 688
0.6466102600097656, 687
0.6466102600097656, 686
0.6466102600097656, 685
0.6546108722686768, 684
0.6626091003417969, 683
0.6626091003417969, 682
0.6626091003417969, 681
0.6706528663635254, 680
0.6706528663635254, 679
0.686281681060791, 678
0.686281681060791, 677
0.7002925872802734, 676
0.7002925872802734, 675
0.7315514087677002, 674
0.7513725757598877, 673
0.7513725757598877, 672
0.7513725757598877, 671
0.7593748569488525, 670
0.7593748569488525, 669
0.7673742771148682, 668
0.800309419631958, 667
0.800309419631958, 666
0.8083562850952148, 665
0.8083562850952148, 664
0.8083562850952148, 663
0.8163630962371826, 662
0.8243608474731445, 661
0.8243608474731445, 660
0.8403563499450684, 659
0.8563580513000488, 658
0.8563580513000488, 657
0.8563580513000488, 656
0.8677771091461182, 655
0.8677771091461182, 654
0.8834378719329834, 653
0.8834378719329834, 652
0.8834378719329834, 651
0.8834378719329834, 650
0.8834378719329834, 649
0.9026732444763184, 648
0.9107134342193604, 647
0.9130744934082031, 646
0.9130744934082031, 645
0.9300768375396729, 644
0.9392082691192627, 643
0.9392082691192627, 642
0.9675731658935547, 641
0.9897706508636475, 640
0.9979045391082764, 639
0.999964714050293, 638
1.010082721710205, 637
1.010082721710205, 636
1.0181868076324463, 635
1.0202457904815674, 634
1.0303528308868408, 633
1.0303528308868408, 632
1.0486466884613037, 631
1.0486466884613037, 630
1.0972297191619873, 629
1.1108767986297607, 628
1.1374363899230957, 627
1.1759555339813232, 626
1.2467892169952393, 625
1.2975003719329834, 624
1.317784309387207, 623
1.3380143642425537, 622
1.3561806678771973, 621
1.3889248371124268, 620
1.4092175960540771, 619
1.4092175960540771, 618
1.4373822212219238, 617
1.4465887546539307, 616
1.4557299613952637, 615
1.5368149280548096, 614
1.5647587776184082, 613
1.572819709777832, 612
1.580772876739502, 611
1.5968668460845947, 610
1.7508695125579834, 609
1.760970115661621, 608
1.7812111377716064, 607
2.0148096084594727, 606
2.0809133052825928, 605
2.3159468173980713, 604
2.498175621032715, 603
2.559621572494507, 602
3.060683012008667, 601
3.107088804244995, 600
3.289156913757324, 599
3.8053829669952393, 598
4.236804246902466, 597
5.2085089683532715, 596
8.199324369430542, 595
27.127378463745117, 594
