0.049198150634765625, 1133
0.049198150634765625, 1132
0.049198150634765625, 1131
0.049198150634765625, 1130
0.049198150634765625, 1129
0.049198150634765625, 1128
0.049198150634765625, 1127
0.049198150634765625, 1126
0.049198150634765625, 1125
0.049198150634765625, 1124
0.049198150634765625, 1123
0.049198150634765625, 1122
0.049198150634765625, 1121
0.049198150634765625, 1120
0.049198150634765625, 1119
0.06482386589050293, 1118
0.06482386589050293, 1117
0.06482386589050293, 1116
0.06482386589050293, 1115
0.06482386589050293, 1114
0.06482386589050293, 1113
0.06482386589050293, 1112
0.06657838821411133, 1111
0.06657838821411133, 1110
0.06657838821411133, 1109
0.06657838821411133, 1108
0.06657838821411133, 1107
0.06770038604736328, 1106
0.06770038604736328, 1105
0.06770038604736328, 1104
0.06770038604736328, 1103
0.06770038604736328, 1102
0.06770038604736328, 1101
0.06770038604736328, 1100
0.06770038604736328, 1099
0.06770038604736328, 1098
0.06770038604736328, 1097
0.06770038604736328, 1096
0.06770038604736328, 1095
0.06770038604736328, 1094
0.06770038604736328, 1093
0.06770038604736328, 1092
0.06770038604736328, 1091
0.06770038604736328, 1090
0.06770038604736328, 1089
0.06770038604736328, 1088
0.06770038604736328, 1087
0.06770038604736328, 1086
0.06770038604736328, 1085
0.06770038604736328, 1084
0.06770038604736328, 1083
0.06770038604736328, 1082
0.06770038604736328, 1081
0.06770038604736328, 1080
0.06770038604736328, 1079
0.06770038604736328, 1078
0.06770038604736328, 1077
0.06770038604736328, 1076
0.06770038604736328, 1075
0.06770038604736328, 1074
0.06770038604736328, 1073
0.06770038604736328, 1072
0.06770038604736328, 1071
0.06770038604736328, 1070
0.06770038604736328, 1069
0.06770038604736328, 1068
0.06770038604736328, 1067
0.06770038604736328, 1066
0.06770038604736328, 1065
0.06770038604736328, 1064
0.06770038604736328, 1063
0.06770038604736328, 1062
0.06770038604736328, 1061
0.06770038604736328, 1060
0.06770038604736328, 1059
0.06770038604736328, 1058
0.06770038604736328, 1057
0.06770038604736328, 1056
0.06770038604736328, 1055
0.06770038604736328, 1054
0.08333086967468262, 1053
0.08333086967468262, 1052
0.08333086967468262, 1051
0.08333086967468262, 1050
0.08333086967468262, 1049
0.08333086967468262, 1048
0.08333086967468262, 1047
0.08333086967468262, 1046
0.08333086967468262, 1045
0.08333086967468262, 1044
0.08333086967468262, 1043
0.08333086967468262, 1042
0.08333086967468262, 1041
0.08333086967468262, 1040
0.08333086967468262, 1039
0.08333086967468262, 1038
0.08333086967468262, 1037
0.08333086967468262, 1036
0.08333086967468262, 1035
0.08333086967468262, 1034
0.08333086967468262, 1033
0.08333086967468262, 1032
0.08333086967468262, 1031
0.08333086967468262, 1030
0.08333086967468262, 1029
0.08333086967468262, 1028
0.08333086967468262, 1027
0.08333086967468262, 1026
0.08333086967468262, 1025
0.08333086967468262, 1024
0.08333086967468262, 1023
0.08333086967468262, 1022
0.08333086967468262, 1021
0.08333086967468262, 1020
0.09895563125610352, 1019
0.09895563125610352, 1018
0.09996700286865234, 1017
0.09996700286865234, 1016
0.09996700286865234, 1015
0.09996700286865234, 1014
0.09996700286865234, 1013
0.09996700286865234, 1012
0.09996700286865234, 1011
0.09996700286865234, 1010
0.09996700286865234, 1009
0.09996700286865234, 1008
0.09996700286865234, 1007
0.09996700286865234, 1006
0.09996700286865234, 1005
0.09996700286865234, 1004
0.09996700286865234, 1003
0.09996700286865234, 1002
0.09996700286865234, 1001
0.09996700286865234, 1000
0.09996700286865234, 999
0.09996700286865234, 998
0.09996700286865234, 997
0.09996700286865234, 996
0.09996700286865234, 995
0.09996700286865234, 994
0.09996700286865234, 993
0.09996700286865234, 992
0.09996700286865234, 991
0.11560606956481934, 990
0.11560606956481934, 989
0.11560606956481934, 988
0.11560606956481934, 987
0.11560606956481934, 986
0.11560606956481934, 985
0.11560606956481934, 984
0.11560606956481934, 983
0.11560606956481934, 982
0.11560606956481934, 981
0.11560606956481934, 980
0.11560606956481934, 979
0.11560606956481934, 978
0.11560606956481934, 977
0.11560606956481934, 976
0.11560606956481934, 975
0.11560606956481934, 974
0.11560606956481934, 973
0.11560606956481934, 972
0.11560606956481934, 971
0.11560606956481934, 970
0.11560606956481934, 969
0.11560606956481934, 968
0.11560606956481934, 967
0.11560606956481934, 966
0.11560606956481934, 965
0.11560606956481934, 964
0.11560606956481934, 963
0.11560606956481934, 962
0.11560606956481934, 961
0.11560606956481934, 960
0.11560606956481934, 959
0.11560606956481934, 958
0.11560606956481934, 957
0.11560606956481934, 956
0.11560606956481934, 955
0.13123035430908203, 954
0.13123035430908203, 953
0.13123035430908203, 952
0.13123035430908203, 951
0.13123035430908203, 950
0.13123035430908203, 949
0.13123035430908203, 948
0.13123035430908203, 947
0.13123035430908203, 946
0.13123035430908203, 945
0.13123035430908203, 944
0.13123035430908203, 943
0.13123035430908203, 942
0.13123035430908203, 941
0.13123035430908203, 940
0.13123035430908203, 939
0.13123035430908203, 938
0.13123035430908203, 937
0.13123035430908203, 936
0.13123035430908203, 935
0.13123035430908203, 934
0.13123035430908203, 933
0.13123035430908203, 932
0.13123035430908203, 931
0.14685630798339844, 930
0.14685630798339844, 929
0.14685630798339844, 928
0.14685630798339844, 927
0.14685630798339844, 926
0.14685630798339844, 925
0.14685630798339844, 924
0.14685630798339844, 923
0.14685630798339844, 922
0.14685630798339844, 921
0.14685630798339844, 920
0.14685630798339844, 919
0.14685630798339844, 918
0.14685630798339844, 917
0.14685630798339844, 916
0.14685630798339844, 915
0.14685630798339844, 914
0.14685630798339844, 913
0.14685630798339844, 912
0.14685630798339844, 911
0.14685630798339844, 910
0.14685630798339844, 909
0.14685630798339844, 908
0.14685630798339844, 907
0.14685630798339844, 906
0.16248035430908203, 905
0.16248035430908203, 904
0.16248035430908203, 903
0.16248035430908203, 902
0.16248035430908203, 901
0.16248035430908203, 900
0.16248035430908203, 899
0.16248035430908203, 898
0.16248035430908203, 897
0.16248035430908203, 896
0.16248035430908203, 895
0.16248035430908203, 894
0.16248035430908203, 893
0.16248035430908203, 892
0.16248035430908203, 891
0.16248035430908203, 890
0.16248035430908203, 889
0.16248035430908203, 888
0.17810511589050293, 887
0.17810511589050293, 886
0.17810511589050293, 885
0.17810511589050293, 884
0.17810511589050293, 883
0.17810511589050293, 882
0.17810511589050293, 881
0.17810511589050293, 880
0.17810511589050293, 879
0.17810511589050293, 878
0.17810511589050293, 877
0.17810511589050293, 876
0.17810511589050293, 875
0.17810511589050293, 874
0.17810511589050293, 873
0.17810511589050293, 872
0.17810511589050293, 871
0.17810511589050293, 870
0.17810511589050293, 869
0.17810511589050293, 868
0.17810511589050293, 867
0.17810511589050293, 866
0.19373035430908203, 865
0.19373035430908203, 864
0.19373035430908203, 863
0.19373035430908203, 862
0.19373035430908203, 861
0.19373035430908203, 860
0.19373035430908203, 859
0.19373035430908203, 858
0.19373035430908203, 857
0.19373035430908203, 856
0.20030450820922852, 855
0.20237064361572266, 854
0.20237064361572266, 853
0.20237064361572266, 852
0.20237064361572266, 851
0.20237064361572266, 850
0.20237064361572266, 849
0.20237064361572266, 848
0.20237064361572266, 847
0.20237064361572266, 846
0.20237064361572266, 845
0.20237064361572266, 844
0.20237064361572266, 843
0.20237064361572266, 842
0.20237064361572266, 841
0.21044135093688965, 840
0.21044135093688965, 839
0.21044135093688965, 838
0.21044135093688965, 837
0.21250677108764648, 836
0.21250677108764648, 835
0.21250677108764648, 834
0.21250677108764648, 833
0.21250677108764648, 832
0.21250677108764648, 831
0.21250677108764648, 830
0.22057461738586426, 829
0.22057461738586426, 828
0.22057461738586426, 827
0.2226417064666748, 826
0.2226417064666748, 825
0.2226417064666748, 824
0.2226417064666748, 823
0.23279619216918945, 822
0.23279619216918945, 821
0.23279619216918945, 820
0.23279619216918945, 819
0.23279619216918945, 818
0.23279619216918945, 817
0.24086809158325195, 816
0.2429347038269043, 815
0.2429347038269043, 814
0.2429347038269043, 813
0.2530548572540283, 812
0.2530548572540283, 811
0.2530548572540283, 810
0.2530548572540283, 809
0.2530548572540283, 808
0.2611217498779297, 807
0.2611217498779297, 806
0.2611217498779297, 805
0.2631874084472656, 804
0.2631874084472656, 803
0.2631874084472656, 802
0.2631874084472656, 801
0.2631874084472656, 800
0.2631874084472656, 799
0.2733170986175537, 798
0.2733170986175537, 797
0.2733170986175537, 796
0.2733170986175537, 795
0.2733170986175537, 794
0.2834486961364746, 793
0.2834486961364746, 792
0.2834486961364746, 791
0.2834486961364746, 790
0.2834486961364746, 789
0.2834486961364746, 788
0.2915315628051758, 787
0.2915315628051758, 786
0.2915315628051758, 785
0.29359984397888184, 784
0.29359984397888184, 783
0.29359984397888184, 782
0.29359984397888184, 781
0.29359984397888184, 780
0.29359984397888184, 779
0.3037421703338623, 778
0.3037421703338623, 777
0.3037421703338623, 776
0.3037421703338623, 775
0.3037421703338623, 774
0.31177258491516113, 773
0.31177258491516113, 772
0.31177258491516113, 771
0.3138420581817627, 770
0.3138420581817627, 769
0.3138420581817627, 768
0.3138420581817627, 767
0.3138420581817627, 766
0.3138420581817627, 765
0.3138420581817627, 764
0.3138420581817627, 763
0.3239734172821045, 762
0.3239734172821045, 761
0.3239734172821045, 760
0.3341383934020996, 759
0.3341383934020996, 758
0.3341383934020996, 757
0.3341383934020996, 756
0.3422102928161621, 755
0.34427595138549805, 754
0.34427595138549805, 753
0.34427595138549805, 752
0.34427595138549805, 751
0.34427595138549805, 750
0.3543729782104492, 749
0.3543729782104492, 748
0.3543729782104492, 747
0.3645048141479492, 746
0.3645048141479492, 745
0.3645048141479492, 744
0.3645048141479492, 743
0.3645048141479492, 742
0.3725931644439697, 741
0.37465953826904297, 740
0.37465953826904297, 739
0.37465953826904297, 738
0.37465953826904297, 737
0.37465953826904297, 736
0.37465953826904297, 735
0.37465953826904297, 734
0.37465953826904297, 733
0.37465953826904297, 732
0.3847928047180176, 731
0.3847928047180176, 730
0.3847928047180176, 729
0.39489197731018066, 728
0.40502452850341797, 727
0.40502452850341797, 726
0.40502452850341797, 725
0.40502452850341797, 724
0.415116548538208, 723
0.415116548538208, 722
0.415116548538208, 721
0.4252467155456543, 720
0.4252467155456543, 719
0.4252467155456543, 718
0.4353823661804199, 717
0.4433913230895996, 716
0.4434468746185303, 715
0.4434468746185303, 714
0.45565009117126465, 713
0.45565009117126465, 712
0.4637165069580078, 711
0.4637165069580078, 710
0.46578121185302734, 709
0.47385597229003906, 708
0.47385597229003906, 707
0.4759232997894287, 706
0.48605966567993164, 705
0.48605966567993164, 704
0.49552178382873535, 703
0.5025198459625244, 702
0.5035204887390137, 701
0.5085203647613525, 700
0.5125200748443604, 699
0.5125200748443604, 698
0.5135204792022705, 697
0.5165202617645264, 696
0.5185203552246094, 695
0.5195901393890381, 694
0.5195901393890381, 693
0.5195901393890381, 692
0.5195901393890381, 691
0.5195901393890381, 690
0.5246579647064209, 689
0.5267479419708252, 688
0.5267479419708252, 687
0.5368814468383789, 686
0.5575046539306641, 685
0.5575046539306641, 684
0.5655713081359863, 683
0.5776686668395996, 682
0.5906660556793213, 681
0.5916650295257568, 680
0.5916650295257568, 679
0.6006672382354736, 678
0.6266677379608154, 677
0.6286673545837402, 676
0.6326675415039062, 675
0.6376693248748779, 674
0.63966965675354, 673
0.6456668376922607, 672
0.6546647548675537, 671
0.6556699275970459, 670
0.658668041229248, 669
0.6626675128936768, 668
0.6626675128936768, 667
0.6706764698028564, 666
0.6706764698028564, 665
0.6836671829223633, 664
0.6896700859069824, 663
0.693666934967041, 662
0.6966676712036133, 661
0.7076680660247803, 660
0.7156674861907959, 659
0.7266635894775391, 658
0.7386634349822998, 657
0.7557640075683594, 656
0.7557640075683594, 655
0.7557640075683594, 654
0.7657959461212158, 653
0.7657959461212158, 652
0.7860243320465088, 651
0.7880852222442627, 650
0.7961483001708984, 649
0.7982103824615479, 648
0.7982103824615479, 647
0.8083391189575195, 646
0.8083391189575195, 645
0.8184714317321777, 644
0.8590202331542969, 643
0.8590202331542969, 642
0.8590202331542969, 641
0.8671295642852783, 640
0.8894684314727783, 639
0.897538423538208, 638
0.897538423538208, 637
0.9097476005554199, 636
0.9097476005554199, 635
0.9097476005554199, 634
0.917813777923584, 633
0.9198803901672363, 632
0.958359956741333, 631
0.9705984592437744, 630
1.0010287761688232, 629
1.0111706256866455, 628
1.0307042598724365, 627
1.04374098777771, 626
1.0699470043182373, 625
1.1123323440551758, 624
1.1814899444580078, 623
1.2365448474884033, 622
1.2522094249725342, 621
1.2678368091583252, 620
1.2678368091583252, 619
1.2915048599243164, 618
1.312246322631836, 617
1.3142755031585693, 616
1.3172757625579834, 615
1.3362436294555664, 614
1.4039838314056396, 613
1.4222371578216553, 612
1.4242727756500244, 611
1.4478981494903564, 610
1.4599089622497559, 609
1.4599089622497559, 608
1.584683895111084, 607
1.5968713760375977, 606
1.7794270515441895, 605
1.8077855110168457, 604
2.022794008255005, 603
2.13146710395813, 602
2.374876022338867, 601
2.6125590801239014, 600
2.663226842880249, 599
2.926912546157837, 598
3.0490033626556396, 597
3.6582298278808594, 596
6.083438873291016, 595
17.62069344520569, 594
