0.01563119888305664, 1133
0.01563119888305664, 1132
0.01563119888305664, 1131
0.01563119888305664, 1130
0.01563119888305664, 1129
0.01563119888305664, 1128
0.01563119888305664, 1127
0.01563119888305664, 1126
0.01563119888305664, 1125
0.01563119888305664, 1124
0.01563119888305664, 1123
0.01563119888305664, 1122
0.01563119888305664, 1121
0.01563119888305664, 1120
0.01563119888305664, 1119
0.01563119888305664, 1118
0.01563119888305664, 1117
0.01563119888305664, 1116
0.01563119888305664, 1115
0.01563119888305664, 1114
0.01563119888305664, 1113
0.01563119888305664, 1112
0.01563119888305664, 1111
0.01563119888305664, 1110
0.01563119888305664, 1109
0.01563119888305664, 1108
0.01563119888305664, 1107
0.01563119888305664, 1106
0.01563119888305664, 1105
0.01563119888305664, 1104
0.01563119888305664, 1103
0.01563119888305664, 1102
0.01563119888305664, 1101
0.01563119888305664, 1100
0.01563119888305664, 1099
0.01563119888305664, 1098
0.03125429153442383, 1097
0.03125429153442383, 1096
0.032469749450683594, 1095
0.032469749450683594, 1094
0.032469749450683594, 1093
0.032469749450683594, 1092
0.032469749450683594, 1091
0.032469749450683594, 1090
0.032469749450683594, 1089
0.032469749450683594, 1088
0.032469749450683594, 1087
0.032469749450683594, 1086
0.032469749450683594, 1085
0.032469749450683594, 1084
0.032469749450683594, 1083
0.032469749450683594, 1082
0.032469749450683594, 1081
0.032469749450683594, 1080
0.032469749450683594, 1079
0.032469749450683594, 1078
0.032469749450683594, 1077
0.032469749450683594, 1076
0.032469749450683594, 1075
0.032469749450683594, 1074
0.032469749450683594, 1073
0.032469749450683594, 1072
0.032469749450683594, 1071
0.032469749450683594, 1070
0.032469749450683594, 1069
0.032469749450683594, 1068
0.032469749450683594, 1067
0.04047393798828125, 1066
0.04047393798828125, 1065
0.04047393798828125, 1064
0.04047393798828125, 1063
0.04047393798828125, 1062
0.04047393798828125, 1061
0.04047393798828125, 1060
0.04047393798828125, 1059
0.04047393798828125, 1058
0.04047393798828125, 1057
0.04047393798828125, 1056
0.04047393798828125, 1055
0.04047393798828125, 1054
0.04047393798828125, 1053
0.04047393798828125, 1052
0.04047393798828125, 1051
0.04047393798828125, 1050
0.04047393798828125, 1049
0.04047393798828125, 1048
0.04047393798828125, 1047
0.04047393798828125, 1046
0.04047393798828125, 1045
0.04047393798828125, 1044
0.04047393798828125, 1043
0.04851937294006348, 1042
0.04851937294006348, 1041
0.04851937294006348, 1040
0.04851937294006348, 1039
0.04851937294006348, 1038
0.04851937294006348, 1037
0.04851937294006348, 1036
0.04851937294006348, 1035
0.04851937294006348, 1034
0.04851937294006348, 1033
0.05537748336791992, 1032
0.05537748336791992, 1031
0.05652260780334473, 1030
0.05652260780334473, 1029
0.05766153335571289, 1028
0.05766153335571289, 1027
0.058801889419555664, 1026
0.058801889419555664, 1025
0.058801889419555664, 1024
0.058801889419555664, 1023
0.058801889419555664, 1022
0.058801889419555664, 1021
0.058801889419555664, 1020
0.05987429618835449, 1019
0.05987429618835449, 1018
0.05987429618835449, 1017
0.05987429618835449, 1016
0.06095004081726074, 1015
0.06208395957946777, 1014
0.06322884559631348, 1013
0.06438732147216797, 1012
0.06438732147216797, 1011
0.06543254852294922, 1010
0.06552886962890625, 1009
0.06552886962890625, 1008
0.06772470474243164, 1007
0.06772470474243164, 1006
0.06772470474243164, 1005
0.06772470474243164, 1004
0.06772470474243164, 1003
0.06772470474243164, 1002
0.06772470474243164, 1001
0.06772470474243164, 1000
0.06772470474243164, 999
0.06772470474243164, 998
0.06772470474243164, 997
0.06772470474243164, 996
0.06772470474243164, 995
0.07573461532592773, 994
0.07573461532592773, 993
0.07573461532592773, 992
0.07573461532592773, 991
0.07573461532592773, 990
0.07573461532592773, 989
0.07573461532592773, 988
0.07573461532592773, 987
0.07573461532592773, 986
0.07573461532592773, 985
0.07573461532592773, 984
0.07573461532592773, 983
0.07573461532592773, 982
0.07573461532592773, 981
0.07573461532592773, 980
0.07573461532592773, 979
0.07573461532592773, 978
0.07573461532592773, 977
0.0838785171508789, 976
0.08442330360412598, 975
0.08442330360412598, 974
0.08442330360412598, 973
0.08881402015686035, 972
0.08881402015686035, 971
0.08881402015686035, 970
0.08881402015686035, 969
0.08881402015686035, 968
0.08881402015686035, 967
0.08881402015686035, 966
0.08881402015686035, 965
0.08881402015686035, 964
0.08881402015686035, 963
0.08881402015686035, 962
0.08881402015686035, 961
0.09684896469116211, 960
0.09684896469116211, 959
0.09684896469116211, 958
0.09684896469116211, 957
0.09684896469116211, 956
0.09684896469116211, 955
0.09684896469116211, 954
0.09684896469116211, 953
0.09684896469116211, 952
0.10484552383422852, 951
0.10484552383422852, 950
0.10484552383422852, 949
0.10484552383422852, 948
0.10484552383422852, 947
0.10484552383422852, 946
0.10484552383422852, 945
0.10484552383422852, 944
0.10484552383422852, 943
0.10484552383422852, 942
0.11281466484069824, 941
0.11281466484069824, 940
0.11281466484069824, 939
0.11281466484069824, 938
0.11281466484069824, 937
0.11281466484069824, 936
0.11281466484069824, 935
0.11281466484069824, 934
0.12085127830505371, 933
0.12085127830505371, 932
0.12085127830505371, 931
0.12085127830505371, 930
0.12085127830505371, 929
0.12085127830505371, 928
0.12085127830505371, 927
0.12085127830505371, 926
0.12085127830505371, 925
0.12085127830505371, 924
0.1288161277770996, 923
0.1288161277770996, 922
0.1288161277770996, 921
0.1288161277770996, 920
0.1288161277770996, 919
0.1288161277770996, 918
0.1288161277770996, 917
0.13684582710266113, 916
0.13684582710266113, 915
0.13684582710266113, 914
0.13684582710266113, 913
0.13684582710266113, 912
0.1448192596435547, 911
0.1448192596435547, 910
0.1448192596435547, 909
0.1448192596435547, 908
0.1448192596435547, 907
0.1448192596435547, 906
0.1448192596435547, 905
0.1448192596435547, 904
0.1448192596435547, 903
0.1528463363647461, 902
0.1528463363647461, 901
0.1528463363647461, 900
0.1528463363647461, 899
0.1528463363647461, 898
0.1528463363647461, 897
0.1528463363647461, 896
0.16086196899414062, 895
0.16086196899414062, 894
0.16086196899414062, 893
0.16086196899414062, 892
0.1688539981842041, 891
0.1688539981842041, 890
0.1688539981842041, 889
0.1688539981842041, 888
0.1688539981842041, 887
0.1688539981842041, 886
0.1688539981842041, 885
0.1688539981842041, 884
0.1768190860748291, 883
0.1768190860748291, 882
0.1768190860748291, 881
0.1768190860748291, 880
0.18484973907470703, 879
0.18484973907470703, 878
0.18484973907470703, 877
0.18484973907470703, 876
0.18484973907470703, 875
0.18484973907470703, 874
0.18484973907470703, 873
0.18484973907470703, 872
0.18484973907470703, 871
0.18484973907470703, 870
0.18484973907470703, 869
0.1932225227355957, 868
0.1932225227355957, 867
0.1932225227355957, 866
0.1932225227355957, 865
0.1932225227355957, 864
0.1932225227355957, 863
0.1932225227355957, 862
0.1932225227355957, 861
0.20120716094970703, 860
0.20120716094970703, 859
0.20354342460632324, 858
0.20354342460632324, 857
0.20354342460632324, 856
0.20354342460632324, 855
0.20354342460632324, 854
0.20354342460632324, 853
0.21149778366088867, 852
0.21149778366088867, 851
0.21149778366088867, 850
0.21149778366088867, 849
0.21149778366088867, 848
0.21149778366088867, 847
0.21149778366088867, 846
0.21149778366088867, 845
0.21149778366088867, 844
0.21149778366088867, 843
0.21149778366088867, 842
0.21149778366088867, 841
0.21149778366088867, 840
0.21959567070007324, 839
0.21959567070007324, 838
0.21959567070007324, 837
0.21959567070007324, 836
0.21959567070007324, 835
0.21959567070007324, 834
0.22755026817321777, 833
0.22755026817321777, 832
0.22982573509216309, 831
0.22982573509216309, 830
0.22982573509216309, 829
0.22982573509216309, 828
0.23777389526367188, 827
0.23777389526367188, 826
0.23777389526367188, 825
0.23777389526367188, 824
0.23777389526367188, 823
0.24591994285583496, 822
0.24591994285583496, 821
0.24591994285583496, 820
0.24591994285583496, 819
0.2538270950317383, 818
0.2594633102416992, 817
0.2594633102416992, 816
0.2594633102416992, 815
0.2594633102416992, 814
0.2594633102416992, 813
0.2594633102416992, 812
0.2594633102416992, 811
0.2594633102416992, 810
0.26750946044921875, 809
0.26754188537597656, 808
0.2696819305419922, 807
0.2696819305419922, 806
0.2696819305419922, 805
0.2696819305419922, 804
0.2696819305419922, 803
0.2696819305419922, 802
0.2778196334838867, 801
0.2778196334838867, 800
0.2778196334838867, 799
0.27996301651000977, 798
0.27996301651000977, 797
0.27996301651000977, 796
0.27996301651000977, 795
0.27996301651000977, 794
0.27996301651000977, 793
0.27996301651000977, 792
0.28804731369018555, 791
0.28804731369018555, 790
0.29018521308898926, 789
0.29018521308898926, 788
0.298342227935791, 787
0.30048465728759766, 786
0.30048465728759766, 785
0.30048465728759766, 784
0.30048465728759766, 783
0.30048465728759766, 782
0.3085758686065674, 781
0.31071949005126953, 780
0.31071949005126953, 779
0.31071949005126953, 778
0.31071949005126953, 777
0.31071949005126953, 776
0.31071949005126953, 775
0.31071949005126953, 774
0.321000337600708, 773
0.321000337600708, 772
0.3290688991546631, 771
0.3311336040496826, 770
0.3311336040496826, 769
0.33928561210632324, 768
0.3414294719696045, 767
0.3414294719696045, 766
0.3495619297027588, 765
0.35166168212890625, 764
0.35166168212890625, 763
0.36180973052978516, 762
0.36180973052978516, 761
0.36180973052978516, 760
0.36180973052978516, 759
0.36180973052978516, 758
0.36180973052978516, 757
0.371898889541626, 756
0.38201045989990234, 755
0.38201045989990234, 754
0.39208245277404785, 753
0.4002113342285156, 752
0.4023408889770508, 751
0.4023408889770508, 750
0.4023408889770508, 749
0.4023408889770508, 748
0.41254258155822754, 747
0.41254258155822754, 746
0.4228239059448242, 745
0.4228239059448242, 744
0.4228239059448242, 743
0.4228239059448242, 742
0.430908203125, 741
0.45359110832214355, 740
0.46373748779296875, 739
0.46373748779296875, 738
0.46373748779296875, 737
0.46373748779296875, 736
0.4738643169403076, 735
0.4738643169403076, 734
0.4738643169403076, 733
0.4819369316101074, 732
0.48400282859802246, 731
0.48400282859802246, 730
0.48400282859802246, 729
0.48400282859802246, 728
0.48400282859802246, 727
0.49204492568969727, 726
0.4941141605377197, 725
0.4941141605377197, 724
0.4941141605377197, 723
0.4941141605377197, 722
0.4941141605377197, 721
0.4941141605377197, 720
0.4941141605377197, 719
0.5042514801025391, 718
0.5042514801025391, 717
0.5123279094696045, 716
0.5144021511077881, 715
0.5144021511077881, 714
0.5144021511077881, 713
0.5245389938354492, 712
0.5346448421478271, 711
0.5346448421478271, 710
0.5346448421478271, 709
0.5346448421478271, 708
0.5346448421478271, 707
0.5447781085968018, 706
0.5447781085968018, 705
0.5447781085968018, 704
0.5549383163452148, 703
0.5549383163452148, 702
0.5549383163452148, 701
0.5630073547363281, 700
0.5630073547363281, 699
0.5650742053985596, 698
0.5650742053985596, 697
0.5752139091491699, 696
0.5853631496429443, 695
0.5955169200897217, 694
0.6056485176086426, 693
0.6137421131134033, 692
0.6158096790313721, 691
0.6360788345336914, 690
0.6360788345336914, 689
0.6360788345336914, 688
0.6360788345336914, 687
0.6462149620056152, 686
0.6462149620056152, 685
0.6462149620056152, 684
0.6563713550567627, 683
0.6665053367614746, 682
0.6665053367614746, 681
0.6665053367614746, 680
0.6847195625305176, 679
0.6867859363555908, 678
0.6867859363555908, 677
0.69486403465271, 676
0.696936845779419, 675
0.696936845779419, 674
0.7070708274841309, 673
0.7070708274841309, 672
0.7070708274841309, 671
0.7070708274841309, 670
0.7172141075134277, 669
0.72528076171875, 668
0.72528076171875, 667
0.7273485660552979, 666
0.7557058334350586, 665
0.7577767372131348, 664
0.7577767372131348, 663
0.7679200172424316, 662
0.7780699729919434, 661
0.7882094383239746, 660
0.8084855079650879, 659
0.8165614604949951, 658
0.8186314105987549, 657
0.8186314105987549, 656
0.8287675380706787, 655
0.8490645885467529, 654
0.859203577041626, 653
0.8672714233398438, 652
0.8693363666534424, 651
0.8997633457183838, 650
0.9098958969116211, 649
0.9301698207855225, 648
0.9382529258728027, 647
0.9504609107971191, 646
0.9504609107971191, 645
0.9606068134307861, 644
0.9686739444732666, 643
0.9707417488098145, 642
0.9808962345123291, 641
0.9808962345123291, 640
1.021320104598999, 639
1.0314369201660156, 638
1.0314369201660156, 637
1.041567087173462, 636
1.0823750495910645, 635
1.1106491088867188, 634
1.1127030849456787, 633
1.1329338550567627, 632
1.1430585384368896, 631
1.1430585384368896, 630
1.1531662940979004, 629
1.181464672088623, 628
1.2320446968078613, 627
1.244185447692871, 626
1.244185447692871, 625
1.2542951107025146, 624
1.2846126556396484, 623
1.2846126556396484, 622
1.3129003047943115, 621
1.3230154514312744, 620
1.345313310623169, 619
1.3655333518981934, 618
1.5475571155548096, 617
1.5680339336395264, 616
1.608854055404663, 615
1.6477463245391846, 614
1.7115767002105713, 613
1.7834265232086182, 612
1.7937192916870117, 611
1.803847074508667, 610
1.803847074508667, 609
1.803847074508667, 608
1.9166998863220215, 607
1.978266716003418, 606
2.0192832946777344, 605
2.098898410797119, 604
2.101041555404663, 603
2.151667833328247, 602
2.182168483734131, 601
2.2227060794830322, 600
2.5274364948272705, 599
2.720189332962036, 598
2.892521381378174, 597
3.0759377479553223, 596
3.9783761501312256, 595
