0.015638351440429688, 1133
0.015638351440429688, 1132
0.015638351440429688, 1131
0.015638351440429688, 1130
0.015638351440429688, 1129
0.015638351440429688, 1128
0.015638351440429688, 1127
0.015638351440429688, 1126
0.015638351440429688, 1125
0.015638351440429688, 1124
0.015638351440429688, 1123
0.015638351440429688, 1122
0.015638351440429688, 1121
0.015638351440429688, 1120
0.015638351440429688, 1119
0.015638351440429688, 1118
0.015638351440429688, 1117
0.015638351440429688, 1116
0.015638351440429688, 1115
0.015638351440429688, 1114
0.015638351440429688, 1113
0.015638351440429688, 1112
0.015638351440429688, 1111
0.015638351440429688, 1110
0.015638351440429688, 1109
0.015638351440429688, 1108
0.015638351440429688, 1107
0.015638351440429688, 1106
0.015638351440429688, 1105
0.015638351440429688, 1104
0.015638351440429688, 1103
0.015638351440429688, 1102
0.015638351440429688, 1101
0.031263113021850586, 1100
0.031263113021850586, 1099
0.031263113021850586, 1098
0.031263113021850586, 1097
0.031263113021850586, 1096
0.031263113021850586, 1095
0.031263113021850586, 1094
0.031263113021850586, 1093
0.031263113021850586, 1092
0.031263113021850586, 1091
0.031263113021850586, 1090
0.031263113021850586, 1089
0.031263113021850586, 1088
0.031263113021850586, 1087
0.031263113021850586, 1086
0.031263113021850586, 1085
0.031263113021850586, 1084
0.031263113021850586, 1083
0.031263113021850586, 1082
0.031263113021850586, 1081
0.031263113021850586, 1080
0.031263113021850586, 1079
0.031263113021850586, 1078
0.031263113021850586, 1077
0.031263113021850586, 1076
0.031263113021850586, 1075
0.031263113021850586, 1074
0.031263113021850586, 1073
0.031263113021850586, 1072
0.031263113021850586, 1071
0.031263113021850586, 1070
0.031263113021850586, 1069
0.031263113021850586, 1068
0.031263113021850586, 1067
0.031263113021850586, 1066
0.031263113021850586, 1065
0.031263113021850586, 1064
0.031263113021850586, 1063
0.031263113021850586, 1062
0.031263113021850586, 1061
0.031263113021850586, 1060
0.031263113021850586, 1059
0.031263113021850586, 1058
0.031263113021850586, 1057
0.031263113021850586, 1056
0.031263113021850586, 1055
0.031263113021850586, 1054
0.031263113021850586, 1053
0.031263113021850586, 1052
0.031263113021850586, 1051
0.031263113021850586, 1050
0.031263113021850586, 1049
0.031263113021850586, 1048
0.04688692092895508, 1047
0.04688692092895508, 1046
0.04688692092895508, 1045
0.04688692092895508, 1044
0.04688692092895508, 1043
0.04688692092895508, 1042
0.04688692092895508, 1041
0.04688692092895508, 1040
0.04688692092895508, 1039
0.04688692092895508, 1038
0.04688692092895508, 1037
0.04688692092895508, 1036
0.04688692092895508, 1035
0.06251287460327148, 1034
0.06251287460327148, 1033
0.06251287460327148, 1032
0.06251287460327148, 1031
0.06251287460327148, 1030
0.06251287460327148, 1029
0.06251287460327148, 1028
0.06251287460327148, 1027
0.06251287460327148, 1026
0.06251287460327148, 1025
0.06251287460327148, 1024
0.06251287460327148, 1023
0.08149027824401855, 1022
0.08149027824401855, 1021
0.08257555961608887, 1020
0.08257555961608887, 1019
0.08257555961608887, 1018
0.08257555961608887, 1017
0.08257555961608887, 1016
0.08257555961608887, 1015
0.08257555961608887, 1014
0.08257555961608887, 1013
0.08257555961608887, 1012
0.08257555961608887, 1011
0.08257555961608887, 1010
0.08257555961608887, 1009
0.08257555961608887, 1008
0.08257555961608887, 1007
0.08257555961608887, 1006
0.08257555961608887, 1005
0.09820151329040527, 1004
0.09820151329040527, 1003
0.09820151329040527, 1002
0.09820151329040527, 1001
0.09820151329040527, 1000
0.10021471977233887, 999
0.10021471977233887, 998
0.10021471977233887, 997
0.10021471977233887, 996
0.10021471977233887, 995
0.10341930389404297, 994
0.1044456958770752, 993
0.1044456958770752, 992
0.10551834106445312, 991
0.11164593696594238, 990
0.11862993240356445, 989
0.11964225769042969, 988
0.11964225769042969, 987
0.11964225769042969, 986
0.1352851390838623, 985
0.1352851390838623, 984
0.1352851390838623, 983
0.1352851390838623, 982
0.1352851390838623, 981
0.1352851390838623, 980
0.1352851390838623, 979
0.15090656280517578, 978
0.15090656280517578, 977
0.15090656280517578, 976
0.15090656280517578, 975
0.15090656280517578, 974
0.17609810829162598, 973
0.18409252166748047, 972
0.18409252166748047, 971
0.18409252166748047, 970
0.18409252166748047, 969
0.18409252166748047, 968
0.18409252166748047, 967
0.18409252166748047, 966
0.18409252166748047, 965
0.18409252166748047, 964
0.18409252166748047, 963
0.192091703414917, 962
0.192091703414917, 961
0.192091703414917, 960
0.192091703414917, 959
0.192091703414917, 958
0.192091703414917, 957
0.192091703414917, 956
0.20009517669677734, 955
0.20009517669677734, 954
0.20009517669677734, 953
0.20009517669677734, 952
0.20009517669677734, 951
0.20009517669677734, 950
0.20009517669677734, 949
0.20809292793273926, 948
0.20996403694152832, 947
0.20996403694152832, 946
0.20996403694152832, 945
0.20996403694152832, 944
0.20996403694152832, 943
0.20996403694152832, 942
0.20996403694152832, 941
0.20996403694152832, 940
0.2179722785949707, 939
0.2179722785949707, 938
0.2179722785949707, 937
0.2179722785949707, 936
0.2179722785949707, 935
0.2179722785949707, 934
0.2179722785949707, 933
0.2179722785949707, 932
0.225966215133667, 931
0.225966215133667, 930
0.225966215133667, 929
0.225966215133667, 928
0.2339646816253662, 927
0.2339646816253662, 926
0.2339646816253662, 925
0.2339646816253662, 924
0.2339646816253662, 923
0.2339646816253662, 922
0.2339646816253662, 921
0.2339646816253662, 920
0.2339646816253662, 919
0.24196577072143555, 918
0.24196577072143555, 917
0.24196577072143555, 916
0.24196577072143555, 915
0.24196577072143555, 914
0.24196577072143555, 913
0.24196577072143555, 912
0.24196577072143555, 911
0.24196577072143555, 910
0.24196577072143555, 909
0.24196577072143555, 908
0.24196577072143555, 907
0.24996519088745117, 906
0.24996519088745117, 905
0.24996519088745117, 904
0.24996519088745117, 903
0.24996519088745117, 902
0.24996519088745117, 901
0.24996519088745117, 900
0.24996519088745117, 899
0.24996519088745117, 898
0.24996519088745117, 897
0.24996519088745117, 896
0.24996519088745117, 895
0.24996519088745117, 894
0.24996519088745117, 893
0.24996519088745117, 892
0.2579634189605713, 891
0.2579634189605713, 890
0.2579634189605713, 889
0.2579634189605713, 888
0.2579634189605713, 887
0.2579634189605713, 886
0.2579634189605713, 885
0.2579634189605713, 884
0.2579634189605713, 883
0.26624178886413574, 882
0.26624178886413574, 881
0.26624178886413574, 880
0.26624178886413574, 879
0.26624178886413574, 878
0.2742431163787842, 877
0.2742431163787842, 876
0.2742431163787842, 875
0.2742431163787842, 874
0.2742431163787842, 873
0.2742431163787842, 872
0.2742431163787842, 871
0.2742431163787842, 870
0.2742431163787842, 869
0.2822422981262207, 868
0.2822422981262207, 867
0.2822422981262207, 866
0.2822422981262207, 865
0.2822422981262207, 864
0.2902817726135254, 863
0.2902817726135254, 862
0.2902817726135254, 861
0.2902817726135254, 860
0.2902817726135254, 859
0.2902817726135254, 858
0.2902817726135254, 857
0.2902817726135254, 856
0.2982816696166992, 855
0.2982816696166992, 854
0.2982816696166992, 853
0.2982816696166992, 852
0.2982816696166992, 851
0.30628228187561035, 850
0.30628228187561035, 849
0.31400346755981445, 848
0.31400346755981445, 847
0.31400346755981445, 846
0.31400346755981445, 845
0.31400346755981445, 844
0.32419538497924805, 843
0.32419538497924805, 842
0.32419538497924805, 841
0.32419538497924805, 840
0.3322751522064209, 839
0.3322751522064209, 838
0.3343081474304199, 837
0.3361697196960449, 836
0.3423178195953369, 835
0.34435200691223145, 834
0.34435200691223145, 833
0.34435200691223145, 832
0.34435200691223145, 831
0.34435200691223145, 830
0.3545103073120117, 829
0.3545103073120117, 828
0.3545103073120117, 827
0.3625483512878418, 826
0.3625483512878418, 825
0.3625483512878418, 824
0.3625483512878418, 823
0.3625483512878418, 822
0.3625483512878418, 821
0.37056756019592285, 820
0.37056756019592285, 819
0.37056756019592285, 818
0.37056756019592285, 817
0.37056756019592285, 816
0.37056756019592285, 815
0.37056756019592285, 814
0.37056756019592285, 813
0.37056756019592285, 812
0.37859177589416504, 811
0.37859177589416504, 810
0.37859177589416504, 809
0.37859177589416504, 808
0.3807713985443115, 807
0.3807713985443115, 806
0.3807713985443115, 805
0.3807713985443115, 804
0.3807713985443115, 803
0.3807713985443115, 802
0.3807713985443115, 801
0.3807713985443115, 800
0.3907890319824219, 799
0.3907890319824219, 798
0.3907890319824219, 797
0.3933699131011963, 796
0.3933699131011963, 795
0.3989267349243164, 794
0.40692710876464844, 793
0.40795111656188965, 792
0.4090845584869385, 791
0.4138801097869873, 790
0.4192337989807129, 789
0.4192337989807129, 788
0.4192337989807129, 787
0.42129039764404297, 786
0.42129039764404297, 785
0.42129039764404297, 784
0.42129039764404297, 783
0.42129039764404297, 782
0.42129039764404297, 781
0.42932629585266113, 780
0.4315757751464844, 779
0.4315757751464844, 778
0.4315757751464844, 777
0.4315757751464844, 776
0.4315757751464844, 775
0.4315757751464844, 774
0.4396078586578369, 773
0.4416341781616211, 772
0.4416341781616211, 771
0.4416341781616211, 770
0.45181775093078613, 769
0.45181775093078613, 768
0.45987915992736816, 767
0.4700510501861572, 766
0.47210192680358887, 765
0.47210192680358887, 764
0.4811251163482666, 763
0.48217129707336426, 762
0.49015259742736816, 761
0.49015259742736816, 760
0.498154878616333, 759
0.498154878616333, 758
0.5001955032348633, 757
0.5001955032348633, 756
0.5022649765014648, 755
0.5022649765014648, 754
0.5022649765014648, 753
0.5022649765014648, 752
0.5022649765014648, 751
0.5105006694793701, 750
0.5105006694793701, 749
0.5105006694793701, 748
0.5105006694793701, 747
0.5226442813873291, 746
0.532759428024292, 745
0.541318416595459, 744
0.5428805351257324, 743
0.5428805351257324, 742
0.5428805351257324, 741
0.5531296730041504, 740
0.5531296730041504, 739
0.5531296730041504, 738
0.5531296730041504, 737
0.5632421970367432, 736
0.5632421970367432, 735
0.5713117122650146, 734
0.5733656883239746, 733
0.5814323425292969, 732
0.5834865570068359, 731
0.5834865570068359, 730
0.5834865570068359, 729
0.5834865570068359, 728
0.5916128158569336, 727
0.5936675071716309, 726
0.5936675071716309, 725
0.5936675071716309, 724
0.5936675071716309, 723
0.6037743091583252, 722
0.6124770641326904, 721
0.6140339374542236, 720
0.6344361305236816, 719
0.6344361305236816, 718
0.6344361305236816, 717
0.6445932388305664, 716
0.6445932388305664, 715
0.6445932388305664, 714
0.6445932388305664, 713
0.6445932388305664, 712
0.6525979042053223, 711
0.65718674659729, 710
0.6652004718780518, 709
0.676079511642456, 708
0.7061722278594971, 707
0.7084217071533203, 706
0.723139762878418, 705
0.7311656475067139, 704
0.7494149208068848, 703
0.7605373859405518, 702
0.7696754932403564, 701
0.7777214050292969, 700
0.7777214050292969, 699
0.8079183101654053, 698
0.8079183101654053, 697
0.8159196376800537, 696
0.823918342590332, 695
0.8319168090820312, 694
0.8319168090820312, 693
0.8319168090820312, 692
0.8399474620819092, 691
0.8598906993865967, 690
0.8598906993865967, 689
0.8960397243499756, 688
0.9200406074523926, 687
0.9280393123626709, 686
1.0219552516937256, 685
1.0322885513305664, 684
1.0432109832763672, 683
1.0767951011657715, 682
1.0847969055175781, 681
1.1097545623779297, 680
1.1233372688293457, 679
1.1633641719818115, 678
1.1633641719818115, 677
1.1873712539672852, 676
1.2273476123809814, 675
1.2353456020355225, 674
1.2621469497680664, 673
1.2621469497680664, 672
1.272254228591919, 671
1.292457103729248, 670
1.3025760650634766, 669
1.332803726196289, 668
1.332803726196289, 667
1.3408808708190918, 666
1.3408808708190918, 665
1.3528332710266113, 664
1.373056411743164, 663
1.3809518814086914, 662
1.4049489498138428, 661
1.4332599639892578, 660
1.4432904720306396, 659
1.4453113079071045, 658
1.4938123226165771, 657
1.4938123226165771, 656
1.511925458908081, 655
1.511925458908081, 654
1.511925458908081, 653
1.5199618339538574, 652
1.548003911972046, 651
1.5560083389282227, 650
1.564007043838501, 649
1.5720062255859375, 648
1.5720062255859375, 647
1.580005168914795, 646
1.580005168914795, 645
1.6053850650787354, 644
1.6368050575256348, 643
1.6608247756958008, 642
1.6768016815185547, 641
1.7307910919189453, 640
1.7464160919189453, 639
1.7676076889038086, 638
1.888427495956421, 637
1.9146466255187988, 636
1.938655138015747, 635
1.9867660999298096, 634
2.2569990158081055, 633
2.2569990158081055, 632
2.3335673809051514, 631
2.477570056915283, 630
2.492176055908203, 629
2.5241737365722656, 628
2.5241737365722656, 627
2.5957090854644775, 626
2.704521656036377, 625
2.766979932785034, 624
2.7749619483947754, 623
2.8149759769439697, 622
3.3546199798583984, 621
3.3952040672302246, 620
3.4719038009643555, 619
3.628906488418579, 618
3.786231279373169, 617
3.8304059505462646, 616
3.921417713165283, 615
4.149230718612671, 614
4.447453737258911, 613
4.447453737258911, 612
4.832880973815918, 611
4.919336795806885, 610
5.135921239852905, 609
5.181877851486206, 608
5.293076038360596, 607
5.425345420837402, 606
6.0977373123168945, 605
6.178580045700073, 604
6.21059250831604, 603
6.413735628128052, 602
6.544078350067139, 601
7.044975519180298, 600
9.074034214019775, 599
13.839771747589111, 598
16.200217485427856, 597
16.857940196990967, 596
17.253904104232788, 595
19.940032958984375, 594
