0.015664339065551758, 1133
0.015664339065551758, 1132
0.015664339065551758, 1131
0.015664339065551758, 1130
0.015664339065551758, 1129
0.015664339065551758, 1128
0.015664339065551758, 1127
0.015664339065551758, 1126
0.015664339065551758, 1125
0.015664339065551758, 1124
0.015664339065551758, 1123
0.015664339065551758, 1122
0.015664339065551758, 1121
0.015664339065551758, 1120
0.015664339065551758, 1119
0.015664339065551758, 1118
0.015664339065551758, 1117
0.015664339065551758, 1116
0.015664339065551758, 1115
0.015664339065551758, 1114
0.015664339065551758, 1113
0.015664339065551758, 1112
0.015664339065551758, 1111
0.015664339065551758, 1110
0.03130030632019043, 1109
0.03130030632019043, 1108
0.03130030632019043, 1107
0.03237342834472656, 1106
0.03237342834472656, 1105
0.03237342834472656, 1104
0.03340888023376465, 1103
0.03340888023376465, 1102
0.03340888023376465, 1101
0.03340888023376465, 1100
0.03437161445617676, 1099
0.03437161445617676, 1098
0.03437161445617676, 1097
0.0353696346282959, 1096
0.0353696346282959, 1095
0.0353696346282959, 1094
0.0353696346282959, 1093
0.0353696346282959, 1092
0.036373138427734375, 1091
0.036373138427734375, 1090
0.036373138427734375, 1089
0.036373138427734375, 1088
0.037374019622802734, 1087
0.037374019622802734, 1086
0.037374019622802734, 1085
0.037374019622802734, 1084
0.037374019622802734, 1083
0.037374019622802734, 1082
0.03837299346923828, 1081
0.03837299346923828, 1080
0.03837299346923828, 1079
0.03937244415283203, 1078
0.03937244415283203, 1077
0.03937244415283203, 1076
0.03937244415283203, 1075
0.04037189483642578, 1074
0.04037189483642578, 1073
0.04137253761291504, 1072
0.04137253761291504, 1071
0.042372703552246094, 1070
0.042372703552246094, 1069
0.042372703552246094, 1068
0.042372703552246094, 1067
0.042372703552246094, 1066
0.042372703552246094, 1065
0.04337191581726074, 1064
0.0443720817565918, 1063
0.0443720817565918, 1062
0.0443720817565918, 1061
0.0443720817565918, 1060
0.0443720817565918, 1059
0.04537057876586914, 1058
0.04537057876586914, 1057
0.04537057876586914, 1056
0.046370744705200195, 1055
0.046370744705200195, 1054
0.046370744705200195, 1053
0.0483708381652832, 1052
0.0483708381652832, 1051
0.0483708381652832, 1050
0.0483708381652832, 1049
0.049370527267456055, 1048
0.05337214469909668, 1047
0.05437183380126953, 1046
0.05437183380126953, 1045
0.05437183380126953, 1044
0.05437183380126953, 1043
0.05537152290344238, 1042
0.05537152290344238, 1041
0.05537152290344238, 1040
0.05537152290344238, 1039
0.05537152290344238, 1038
0.056372880935668945, 1037
0.05737161636352539, 1036
0.05737161636352539, 1035
0.058371782302856445, 1034
0.058371782302856445, 1033
0.058371782302856445, 1032
0.058371782302856445, 1031
0.05938124656677246, 1030
0.06037116050720215, 1029
0.0613706111907959, 1028
0.0613706111907959, 1027
0.0613706111907959, 1026
0.06237053871154785, 1025
0.06237053871154785, 1024
0.06237053871154785, 1023
0.0633702278137207, 1022
0.0633702278137207, 1021
0.06437087059020996, 1020
0.06437087059020996, 1019
0.06537032127380371, 1018
0.06537032127380371, 1017
0.06537032127380371, 1016
0.06637024879455566, 1015
0.06737041473388672, 1014
0.06737041473388672, 1013
0.07037115097045898, 1012
0.07037115097045898, 1011
0.07037115097045898, 1010
0.07137060165405273, 1009
0.07137060165405273, 1008
0.07237052917480469, 1007
0.07237052917480469, 1006
0.07237052917480469, 1005
0.07237052917480469, 1004
0.07336997985839844, 1003
0.07437014579772949, 1002
0.07437014579772949, 1001
0.07437014579772949, 1000
0.07437014579772949, 999
0.07537007331848145, 998
0.07736992835998535, 997
0.07837033271789551, 996
0.07937026023864746, 995
0.07937026023864746, 994
0.07937026023864746, 993
0.08137035369873047, 992
0.08437037467956543, 991
0.08437037467956543, 990
0.08437037467956543, 989
0.08437037467956543, 988
0.08637166023254395, 987
0.0873713493347168, 986
0.0873713493347168, 985
0.0873713493347168, 984
0.0873713493347168, 983
0.08837080001831055, 982
0.0893704891204834, 981
0.0893704891204834, 980
0.0893704891204834, 979
0.09037113189697266, 978
0.0913705825805664, 977
0.0913705825805664, 976
0.0913705825805664, 975
0.0913705825805664, 974
0.09337019920349121, 973
0.09437108039855957, 972
0.09437108039855957, 971
0.09437108039855957, 970
0.09437108039855957, 969
0.09437108039855957, 968
0.09537076950073242, 967
0.09637045860290527, 966
0.09637045860290527, 965
0.09737038612365723, 964
0.09737038612365723, 963
0.09737038612365723, 962
0.09937047958374023, 961
0.10037064552307129, 960
0.10243105888366699, 959
0.10243105888366699, 958
0.10243105888366699, 957
0.10243105888366699, 956
0.10243105888366699, 955
0.10243105888366699, 954
0.10243105888366699, 953
0.10243105888366699, 952
0.10243105888366699, 951
0.10243105888366699, 950
0.10243105888366699, 949
0.10243105888366699, 948
0.10243105888366699, 947
0.10243105888366699, 946
0.10243105888366699, 945
0.10243105888366699, 944
0.10243105888366699, 943
0.10243105888366699, 942
0.10243105888366699, 941
0.10243105888366699, 940
0.10243105888366699, 939
0.10243105888366699, 938
0.10243105888366699, 937
0.10243105888366699, 936
0.10243105888366699, 935
0.10243105888366699, 934
0.10243105888366699, 933
0.10243105888366699, 932
0.11806178092956543, 931
0.11806178092956543, 930
0.11806178092956543, 929
0.11806178092956543, 928
0.11806178092956543, 927
0.11806178092956543, 926
0.11806178092956543, 925
0.11806178092956543, 924
0.11806178092956543, 923
0.11806178092956543, 922
0.11806178092956543, 921
0.11806178092956543, 920
0.11806178092956543, 919
0.11806178092956543, 918
0.11806178092956543, 917
0.11806178092956543, 916
0.11806178092956543, 915
0.11806178092956543, 914
0.11806178092956543, 913
0.11806178092956543, 912
0.11806178092956543, 911
0.11806178092956543, 910
0.11806178092956543, 909
0.11806178092956543, 908
0.11806178092956543, 907
0.11806178092956543, 906
0.13372063636779785, 905
0.13372063636779785, 904
0.13372063636779785, 903
0.13372063636779785, 902
0.13372063636779785, 901
0.13372063636779785, 900
0.13372063636779785, 899
0.13372063636779785, 898
0.13372063636779785, 897
0.13372063636779785, 896
0.13372063636779785, 895
0.13372063636779785, 894
0.14934897422790527, 893
0.14934897422790527, 892
0.14934897422790527, 891
0.14934897422790527, 890
0.14934897422790527, 889
0.14934897422790527, 888
0.14934897422790527, 887
0.14934897422790527, 886
0.14934897422790527, 885
0.16497015953063965, 884
0.16497015953063965, 883
0.16497015953063965, 882
0.16497015953063965, 881
0.16497015953063965, 880
0.16497015953063965, 879
0.16497015953063965, 878
0.16497015953063965, 877
0.16497015953063965, 876
0.16497015953063965, 875
0.16497015953063965, 874
0.16497015953063965, 873
0.16497015953063965, 872
0.16497015953063965, 871
0.16497015953063965, 870
0.16497015953063965, 869
0.16497015953063965, 868
0.16497015953063965, 867
0.16497015953063965, 866
0.16497015953063965, 865
0.16497015953063965, 864
0.16497015953063965, 863
0.16497015953063965, 862
0.18059706687927246, 861
0.18059706687927246, 860
0.18059706687927246, 859
0.18059706687927246, 858
0.18059706687927246, 857
0.18059706687927246, 856
0.18059706687927246, 855
0.18059706687927246, 854
0.18059706687927246, 853
0.18059706687927246, 852
0.19621968269348145, 851
0.19621968269348145, 850
0.19621968269348145, 849
0.19621968269348145, 848
0.19621968269348145, 847
0.19621968269348145, 846
0.19621968269348145, 845
0.20026469230651855, 844
0.20026469230651855, 843
0.20026469230651855, 842
0.20026469230651855, 841
0.20026469230651855, 840
0.20026469230651855, 839
0.20026469230651855, 838
0.20026469230651855, 837
0.20026469230651855, 836
0.2159421443939209, 835
0.2159421443939209, 834
0.2159421443939209, 833
0.2159421443939209, 832
0.2159421443939209, 831
0.2159421443939209, 830
0.2159421443939209, 829
0.2159421443939209, 828
0.2159421443939209, 827
0.2159421443939209, 826
0.2159421443939209, 825
0.23156142234802246, 824
0.23156142234802246, 823
0.23156142234802246, 822
0.23156142234802246, 821
0.23156142234802246, 820
0.23156142234802246, 819
0.23156142234802246, 818
0.23156142234802246, 817
0.23156142234802246, 816
0.23156142234802246, 815
0.24718713760375977, 814
0.24718713760375977, 813
0.24718713760375977, 812
0.24718713760375977, 811
0.24718713760375977, 810
0.24718713760375977, 809
0.26282215118408203, 808
0.26282215118408203, 807
0.26282215118408203, 806
0.26282215118408203, 805
0.26282215118408203, 804
0.26282215118408203, 803
0.26282215118408203, 802
0.26282215118408203, 801
0.26282215118408203, 800
0.26282215118408203, 799
0.26282215118408203, 798
0.26282215118408203, 797
0.26282215118408203, 796
0.27843689918518066, 795
0.27843689918518066, 794
0.27843689918518066, 793
0.27843689918518066, 792
0.27843689918518066, 791
0.27843689918518066, 790
0.27843689918518066, 789
0.29406237602233887, 788
0.300706148147583, 787
0.300706148147583, 786
0.30284905433654785, 785
0.30284905433654785, 784
0.30284905433654785, 783
0.30284905433654785, 782
0.30284905433654785, 781
0.30284905433654785, 780
0.30284905433654785, 779
0.30284905433654785, 778
0.3110048770904541, 777
0.3110048770904541, 776
0.3110048770904541, 775
0.31314587593078613, 774
0.31314587593078613, 773
0.31314587593078613, 772
0.31314587593078613, 771
0.31314587593078613, 770
0.3234288692474365, 769
0.3234288692474365, 768
0.3234288692474365, 767
0.33366918563842773, 766
0.33366918563842773, 765
0.33366918563842773, 764
0.3418161869049072, 763
0.3418161869049072, 762
0.3439645767211914, 761
0.3439645767211914, 760
0.35413360595703125, 759
0.35413360595703125, 758
0.35413360595703125, 757
0.3622734546661377, 756
0.3622734546661377, 755
0.3622734546661377, 754
0.3622734546661377, 753
0.3644142150878906, 752
0.3644142150878906, 751
0.37638330459594727, 750
0.3808572292327881, 749
0.38405537605285645, 748
0.3863353729248047, 747
0.3863353729248047, 746
0.38747620582580566, 745
0.38747620582580566, 744
0.38747620582580566, 743
0.3885517120361328, 742
0.395343542098999, 741
0.395343542098999, 740
0.395343542098999, 739
0.4034867286682129, 738
0.4055602550506592, 737
0.405773401260376, 736
0.4088137149810791, 735
0.40998315811157227, 734
0.415769100189209, 733
0.415769100189209, 732
0.42383623123168945, 731
0.425976037979126, 730
0.4362599849700928, 729
0.4362599849700928, 728
0.45468616485595703, 727
0.45468616485595703, 726
0.45682597160339355, 725
0.4669458866119385, 724
0.4669458866119385, 723
0.4770328998565674, 722
0.4770328998565674, 721
0.4851059913635254, 720
0.4851059913635254, 719
0.49739742279052734, 718
0.49739742279052734, 717
0.49739742279052734, 716
0.5075602531433105, 715
0.5156245231628418, 714
0.5177161693572998, 713
0.5177161693572998, 712
0.5257992744445801, 711
0.5257992744445801, 710
0.5279097557067871, 709
0.5279097557067871, 708
0.5360524654388428, 707
0.5484273433685303, 706
0.5565750598907471, 705
0.5587131977081299, 704
0.5587131977081299, 703
0.5667736530303955, 702
0.5689094066619873, 701
0.5689094066619873, 700
0.589393138885498, 699
0.5975341796875, 698
0.5996711254119873, 697
0.608069896697998, 696
0.610215425491333, 695
0.610215425491333, 694
0.610215425491333, 693
0.6204993724822998, 692
0.6306397914886475, 691
0.6306397914886475, 690
0.6306397914886475, 689
0.6306397914886475, 688
0.6409237384796143, 687
0.6409237384796143, 686
0.6409237384796143, 685
0.6409237384796143, 684
0.6511678695678711, 683
0.6511678695678711, 682
0.6511678695678711, 681
0.6511678695678711, 680
0.6511678695678711, 679
0.6614475250244141, 678
0.6614475250244141, 677
0.6614475250244141, 676
0.6695306301116943, 675
0.6819558143615723, 674
0.6922347545623779, 673
0.6922347545623779, 672
0.6922347545623779, 671
0.6922347545623779, 670
0.6922347545623779, 669
0.7127447128295898, 668
0.7127447128295898, 667
0.7230255603790283, 666
0.7332582473754883, 665
0.7332582473754883, 664
0.7435274124145508, 663
0.7435274124145508, 662
0.7515721321105957, 661
0.7561798095703125, 660
0.7766878604888916, 659
0.7971515655517578, 658
0.8074440956115723, 657
0.8279445171356201, 656
0.8381521701812744, 655
0.8689305782318115, 654
0.8689305782318115, 653
0.8791651725769043, 652
0.8791651725769043, 651
0.8872370719909668, 650
0.899620771408081, 649
0.9099011421203613, 648
0.9200937747955322, 647
0.9200937747955322, 646
0.9303748607635498, 645
0.9303748607635498, 644
0.9405932426452637, 643
0.9508719444274902, 642
0.9508719444274902, 641
0.961045503616333, 640
0.9713239669799805, 639
0.9896934032440186, 638
0.9918313026428223, 637
1.001952886581421, 636
1.0122301578521729, 635
1.0122301578521729, 634
1.0122301578521729, 633
1.0223937034606934, 632
1.0223937034606934, 631
1.0304388999938965, 630
1.053102970123291, 629
1.0633320808410645, 628
1.0817346572875977, 627
1.0838768482208252, 626
1.1554665565490723, 625
1.1657130718231201, 624
1.1760032176971436, 623
1.196352243423462, 622
1.2044243812561035, 621
1.2044243812561035, 620
1.2270441055297852, 619
1.2270441055297852, 618
1.2475314140319824, 617
1.2475314140319824, 616
1.2782106399536133, 615
1.2987666130065918, 614
1.319286823272705, 613
1.3295419216156006, 612
1.4219942092895508, 611
1.4219942092895508, 610
1.4934709072113037, 609
1.603959321975708, 608
1.6243484020233154, 607
1.7494537830352783, 606
1.8314063549041748, 605
1.9647693634033203, 604
2.10640549659729, 603
2.3950376510620117, 602
2.630711555480957, 601
2.7024941444396973, 600
2.764092445373535, 599
3.748671293258667, 598
3.787144899368286, 597
4.391477108001709, 596
5.864558696746826, 595
6.520927429199219, 594
