0.05696535110473633, 1133
0.058259010314941406, 1132
0.058259010314941406, 1131
0.058259010314941406, 1130
0.058259010314941406, 1129
0.058259010314941406, 1128
0.058259010314941406, 1127
0.058259010314941406, 1126
0.058259010314941406, 1125
0.058259010314941406, 1124
0.058259010314941406, 1123
0.058259010314941406, 1122
0.058259010314941406, 1121
0.06670212745666504, 1120
0.06670212745666504, 1119
0.06670212745666504, 1118
0.06872177124023438, 1117
0.06872177124023438, 1116
0.06872177124023438, 1115
0.06872177124023438, 1114
0.06872177124023438, 1113
0.06872177124023438, 1112
0.06872177124023438, 1111
0.06872177124023438, 1110
0.06872177124023438, 1109
0.06872177124023438, 1108
0.06872177124023438, 1107
0.06872177124023438, 1106
0.06872177124023438, 1105
0.06872177124023438, 1104
0.06872177124023438, 1103
0.06872177124023438, 1102
0.06872177124023438, 1101
0.06872177124023438, 1100
0.08437156677246094, 1099
0.08437156677246094, 1098
0.08437156677246094, 1097
0.08437156677246094, 1096
0.08437156677246094, 1095
0.08437156677246094, 1094
0.08437156677246094, 1093
0.08437156677246094, 1092
0.08437156677246094, 1091
0.08437156677246094, 1090
0.08437156677246094, 1089
0.08437156677246094, 1088
0.08437156677246094, 1087
0.08437156677246094, 1086
0.08437156677246094, 1085
0.08437156677246094, 1084
0.08437156677246094, 1083
0.08437156677246094, 1082
0.10005426406860352, 1081
0.10005426406860352, 1080
0.10005426406860352, 1079
0.10005426406860352, 1078
0.10005426406860352, 1077
0.10005426406860352, 1076
0.10005426406860352, 1075
0.10005426406860352, 1074
0.10005426406860352, 1073
0.10005426406860352, 1072
0.10005426406860352, 1071
0.10005426406860352, 1070
0.10005426406860352, 1069
0.10005426406860352, 1068
0.10005426406860352, 1067
0.10005426406860352, 1066
0.11567473411560059, 1065
0.11567473411560059, 1064
0.11567473411560059, 1063
0.11567473411560059, 1062
0.11567473411560059, 1061
0.11567473411560059, 1060
0.11567473411560059, 1059
0.11567473411560059, 1058
0.11567473411560059, 1057
0.11567473411560059, 1056
0.11567473411560059, 1055
0.11567473411560059, 1054
0.11567473411560059, 1053
0.11567473411560059, 1052
0.13129830360412598, 1051
0.13129830360412598, 1050
0.13129830360412598, 1049
0.13129830360412598, 1048
0.13129830360412598, 1047
0.13129830360412598, 1046
0.13129830360412598, 1045
0.13129830360412598, 1044
0.13129830360412598, 1043
0.13129830360412598, 1042
0.13129830360412598, 1041
0.13129830360412598, 1040
0.13129830360412598, 1039
0.14687609672546387, 1038
0.14687609672546387, 1037
0.14687609672546387, 1036
0.14687609672546387, 1035
0.14687609672546387, 1034
0.14687609672546387, 1033
0.14687609672546387, 1032
0.16251659393310547, 1031
0.16251659393310547, 1030
0.16251659393310547, 1029
0.16251659393310547, 1028
0.16251659393310547, 1027
0.16251659393310547, 1026
0.1691453456878662, 1025
0.17129182815551758, 1024
0.17129182815551758, 1023
0.17129182815551758, 1022
0.17129182815551758, 1021
0.17129182815551758, 1020
0.17129182815551758, 1019
0.17942571640014648, 1018
0.17942571640014648, 1017
0.1815187931060791, 1016
0.1815187931060791, 1015
0.1815187931060791, 1014
0.1815187931060791, 1013
0.18966102600097656, 1012
0.18966102600097656, 1011
0.1917276382446289, 1010
0.1917276382446289, 1009
0.1917276382446289, 1008
0.1917276382446289, 1007
0.1917276382446289, 1006
0.1917276382446289, 1005
0.1917276382446289, 1004
0.19991326332092285, 1003
0.20203089714050293, 1002
0.20203089714050293, 1001
0.20203089714050293, 1000
0.20203089714050293, 999
0.20203089714050293, 998
0.20203089714050293, 997
0.20203089714050293, 996
0.20203089714050293, 995
0.21016955375671387, 994
0.21228742599487305, 993
0.21228742599487305, 992
0.21228742599487305, 991
0.22050094604492188, 990
0.2225940227508545, 989
0.2225940227508545, 988
0.2225940227508545, 987
0.23288178443908691, 986
0.23288178443908691, 985
0.23288178443908691, 984
0.24106049537658691, 983
0.24106049537658691, 982
0.24321556091308594, 981
0.24321556091308594, 980
0.24321556091308594, 979
0.24321556091308594, 978
0.24321556091308594, 977
0.24321556091308594, 976
0.24321556091308594, 975
0.25136327743530273, 974
0.2534973621368408, 973
0.2534973621368408, 972
0.2534973621368408, 971
0.2534973621368408, 970
0.2534973621368408, 969
0.2534973621368408, 968
0.2534973621368408, 967
0.2638051509857178, 966
0.2638051509857178, 965
0.2638051509857178, 964
0.2638051509857178, 963
0.2638051509857178, 962
0.27408552169799805, 961
0.27408552169799805, 960
0.27408552169799805, 959
0.27408552169799805, 958
0.28211259841918945, 957
0.28226613998413086, 956
0.28226613998413086, 955
0.28226613998413086, 954
0.28429722785949707, 953
0.28441786766052246, 952
0.28441786766052246, 951
0.28441786766052246, 950
0.28441786766052246, 949
0.29471778869628906, 948
0.29471778869628906, 947
0.29471778869628906, 946
0.3028378486633301, 945
0.3028378486633301, 944
0.30498480796813965, 943
0.30498480796813965, 942
0.30498480796813965, 941
0.30498480796813965, 940
0.30498480796813965, 939
0.30498480796813965, 938
0.31313109397888184, 937
0.31527280807495117, 936
0.31527280807495117, 935
0.31527280807495117, 934
0.31527280807495117, 933
0.3234400749206543, 932
0.3255908489227295, 931
0.3255908489227295, 930
0.3255908489227295, 929
0.3255908489227295, 928
0.3255908489227295, 927
0.3542649745941162, 926
0.3542649745941162, 925
0.35640978813171387, 924
0.36664915084838867, 923
0.37692856788635254, 922
0.385101318359375, 921
0.3872394561767578, 920
0.3872394561767578, 919
0.3872394561767578, 918
0.3872394561767578, 917
0.3872394561767578, 916
0.3872394561767578, 915
0.39753150939941406, 914
0.39753150939941406, 913
0.39753150939941406, 912
0.39753150939941406, 911
0.40569448471069336, 910
0.40569448471069336, 909
0.4078366756439209, 908
0.4078366756439209, 907
0.4078366756439209, 906
0.4181203842163086, 905
0.4283788204193115, 904
0.4365041255950928, 903
0.4386141300201416, 902
0.4386141300201416, 901
0.4386141300201416, 900
0.4386141300201416, 899
0.4386141300201416, 898
0.4570937156677246, 897
0.4570937156677246, 896
0.4570937156677246, 895
0.4673020839691162, 894
0.46953582763671875, 893
0.46953582763671875, 892
0.46953582763671875, 891
0.46953582763671875, 890
0.47980451583862305, 889
0.47980451583862305, 888
0.47980451583862305, 887
0.47980451583862305, 886
0.48796606063842773, 885
0.48796606063842773, 884
0.4901847839355469, 883
0.4901847839355469, 882
0.4901847839355469, 881
0.5005853176116943, 880
0.5005853176116943, 879
0.5005853176116943, 878
0.5109009742736816, 877
0.5109009742736816, 876
0.5109009742736816, 875
0.5317022800445557, 874
0.5317022800445557, 873
0.5399305820465088, 872
0.5421631336212158, 871
0.5528721809387207, 870
0.5528721809387207, 869
0.5528721809387207, 868
0.5715224742889404, 867
0.5737097263336182, 866
0.5841450691223145, 865
0.5841450691223145, 864
0.5841450691223145, 863
0.5923428535461426, 862
0.5945634841918945, 861
0.5945634841918945, 860
0.5945634841918945, 859
0.6027853488922119, 858
0.6154139041900635, 857
0.6154139041900635, 856
0.6236393451690674, 855
0.6236393451690674, 854
0.6258594989776611, 853
0.6258594989776611, 852
0.6340436935424805, 851
0.6340436935424805, 850
0.6362826824188232, 849
0.6362826824188232, 848
0.6362826824188232, 847
0.6362826824188232, 846
0.6467220783233643, 845
0.6570956707000732, 844
0.6570956707000732, 843
0.6570956707000732, 842
0.6570956707000732, 841
0.6653199195861816, 840
0.6653199195861816, 839
0.6675398349761963, 838
0.6675398349761963, 837
0.6883821487426758, 836
0.6883821487426758, 835
0.6965951919555664, 834
0.6988134384155273, 833
0.6988134384155273, 832
0.7092654705047607, 831
0.7092654705047607, 830
0.7092654705047607, 829
0.7092654705047607, 828
0.7092654705047607, 827
0.7196533679962158, 826
0.7278780937194824, 825
0.7404329776763916, 824
0.7404329776763916, 823
0.7507307529449463, 822
0.7507307529449463, 821
0.7609789371490479, 820
0.7712645530700684, 819
0.7712645530700684, 818
0.7794229984283447, 817
0.7794229984283447, 816
0.781569242477417, 815
0.781569242477417, 814
0.781569242477417, 813
0.7918660640716553, 812
0.8021795749664307, 811
0.8021795749664307, 810
0.8124632835388184, 809
0.8124632835388184, 808
0.8227713108062744, 807
0.8227713108062744, 806
0.8330669403076172, 805
0.8330669403076172, 804
0.853651762008667, 803
0.853651762008667, 802
0.853651762008667, 801
0.853651762008667, 800
0.8638932704925537, 799
0.8638932704925537, 798
0.8638932704925537, 797
0.8638932704925537, 796
0.8721296787261963, 795
0.8721296787261963, 794
0.8949737548828125, 793
0.8949737548828125, 792
0.9054007530212402, 791
0.9054007530212402, 790
0.9261970520019531, 789
0.9366312026977539, 788
0.9366312026977539, 787
0.9366312026977539, 786
0.9469823837280273, 785
0.9469823837280273, 784
0.9572672843933105, 783
0.9572672843933105, 782
0.9653689861297607, 781
0.9778013229370117, 780
0.9880800247192383, 779
0.9880800247192383, 778
0.9880800247192383, 777
0.9983758926391602, 776
0.9983758926391602, 775
0.9983758926391602, 774
0.9983758926391602, 773
1.0167629718780518, 772
1.018904209136963, 771
1.018904209136963, 770
1.018904209136963, 769
1.018904209136963, 768
1.0291664600372314, 767
1.0291664600372314, 766
1.0291664600372314, 765
1.0291664600372314, 764
1.0497803688049316, 763
1.0497803688049316, 762
1.0497803688049316, 761
1.0497803688049316, 760
1.0600757598876953, 759
1.0704007148742676, 758
1.0806825160980225, 757
1.0806825160980225, 756
1.0910098552703857, 755
1.0910098552703857, 754
1.0991528034210205, 753
1.1012945175170898, 752
1.1116089820861816, 751
1.1322221755981445, 750
1.142503023147583, 749
1.142503023147583, 748
1.150672435760498, 747
1.1528313159942627, 746
1.1631195545196533, 745
1.1631195545196533, 744
1.173795223236084, 743
1.1819472312927246, 742
1.204707384109497, 741
1.204707384109497, 740
1.2149975299835205, 739
1.23561429977417, 738
1.2459380626678467, 737
1.2848880290985107, 736
1.2871201038360596, 735
1.3057518005371094, 734
1.3079771995544434, 733
1.3079771995544434, 732
1.318425178527832, 731
1.3392612934112549, 730
1.3392612934112549, 729
1.3392612934112549, 728
1.3809444904327393, 727
1.3809444904327393, 726
1.3809444904327393, 725
1.443460464477539, 724
1.443460464477539, 723
1.4516770839691162, 722
1.4538424015045166, 721
1.4620699882507324, 720
1.4642856121063232, 719
1.47458815574646, 718
1.47458815574646, 717
1.4953763484954834, 716
1.4953763484954834, 715
1.5161175727844238, 714
1.526456594467163, 713
1.526456594467163, 712
1.5346155166625977, 711
1.5473041534423828, 710
1.5576772689819336, 709
1.5576772689819336, 708
1.5681300163269043, 707
1.578521966934204, 706
1.578521966934204, 705
1.578521966934204, 704
1.609734296798706, 703
1.6201512813568115, 702
1.6201512813568115, 701
1.6201512813568115, 700
1.6305828094482422, 699
1.651392936706543, 698
1.651392936706543, 697
1.6826820373535156, 696
1.703392505645752, 695
1.703392505645752, 694
1.7345452308654785, 693
1.7427103519439697, 692
1.7449474334716797, 691
1.7449474334716797, 690
1.7636041641235352, 689
1.7760982513427734, 688
1.8284335136413574, 687
1.8492851257324219, 686
1.8699805736541748, 685
1.901026725769043, 684
1.9322175979614258, 683
1.963413953781128, 682
1.9737181663513184, 681
1.9945931434631348, 680
1.9945931434631348, 679
2.0154149532318115, 678
2.0361549854278564, 677
2.0361549854278564, 676
2.0466156005859375, 675
2.0466156005859375, 674
2.056899309158325, 673
2.056899309158325, 672
2.075493335723877, 671
2.0777297019958496, 670
2.098433494567871, 669
2.1089913845062256, 668
2.1089913845062256, 667
2.1505484580993652, 666
2.1920714378356934, 665
2.202507972717285, 664
2.244274377822876, 663
2.244274377822876, 662
2.254753828048706, 661
2.2756128311157227, 660
2.2859702110290527, 659
2.3172450065612793, 658
2.409156084060669, 657
2.4322450160980225, 656
2.442567825317383, 655
2.484163999557495, 654
2.502847194671631, 653
2.5050787925720215, 652
2.515563726425171, 651
2.5467817783355713, 650
2.557097911834717, 649
2.5675575733184814, 648
2.619570255279541, 647
2.6611881256103516, 646
2.6798055171966553, 645
2.731616973876953, 644
2.8067026138305664, 643
2.8380825519561768, 642
2.848482370376587, 641
2.8692667484283447, 640
2.8797385692596436, 639
2.90042781829834, 638
2.921295404434204, 637
3.004911184310913, 636
3.140047073364258, 635
3.150514602661133, 634
3.2314157485961914, 633
3.2545409202575684, 632
3.283578395843506, 631
3.4212775230407715, 630
3.429426670074463, 629
3.460737705230713, 628
3.5462398529052734, 627
3.5774688720703125, 626
3.7457258701324463, 625
3.827396869659424, 624
3.9627022743225098, 623
4.004227638244629, 622
4.166884660720825, 621
4.279912233352661, 620
4.373737812042236, 619
4.434860944747925, 618
4.455173015594482, 617
4.650165557861328, 616
4.7738423347473145, 615
4.901041507720947, 614
5.868187427520752, 613
6.329054117202759, 612
6.591198682785034, 611
6.788953542709351, 610
7.34856390953064, 609
7.9827446937561035, 608
8.0551598072052, 607
8.287592649459839, 606
9.4835364818573, 605
9.710341453552246, 604
9.72287917137146, 603
10.18991470336914, 602
10.70708966255188, 601
11.065827369689941, 600
11.21837067604065, 599
13.03833556175232, 598
13.874463319778442, 597
15.551718473434448, 596
20.58159589767456, 595
30.850565433502197, 594
