0.03204178810119629, 1133
0.0360417366027832, 1132
0.0360417366027832, 1131
0.0360417366027832, 1130
0.0360417366027832, 1129
0.0360417366027832, 1128
0.0360417366027832, 1127
0.0360417366027832, 1126
0.0360417366027832, 1125
0.0360417366027832, 1124
0.04004049301147461, 1123
0.04004049301147461, 1122
0.04004049301147461, 1121
0.04004049301147461, 1120
0.04004049301147461, 1119
0.04004049301147461, 1118
0.04004049301147461, 1117
0.04403996467590332, 1116
0.04403996467590332, 1115
0.04403996467590332, 1114
0.04403996467590332, 1113
0.04403996467590332, 1112
0.04403996467590332, 1111
0.04403996467590332, 1110
0.04804039001464844, 1109
0.04804039001464844, 1108
0.052040815353393555, 1107
0.052040815353393555, 1106
0.052040815353393555, 1105
0.052040815353393555, 1104
0.052040815353393555, 1103
0.052040815353393555, 1102
0.05604100227355957, 1101
0.05604100227355957, 1100
0.05604100227355957, 1099
0.05604100227355957, 1098
0.060042619705200195, 1097
0.060042619705200195, 1096
0.060042619705200195, 1095
0.060042619705200195, 1094
0.060042619705200195, 1093
0.060042619705200195, 1092
0.060042619705200195, 1091
0.0640413761138916, 1090
0.06799936294555664, 1089
0.06799936294555664, 1088
0.06799936294555664, 1087
0.06799936294555664, 1086
0.06799936294555664, 1085
0.06799936294555664, 1084
0.06799936294555664, 1083
0.06799936294555664, 1082
0.06799936294555664, 1081
0.07204079627990723, 1080
0.07204079627990723, 1079
0.07204079627990723, 1078
0.07204079627990723, 1077
0.07204079627990723, 1076
0.07204079627990723, 1075
0.07204079627990723, 1074
0.07204079627990723, 1073
0.07204079627990723, 1072
0.07604026794433594, 1071
0.07604026794433594, 1070
0.07604026794433594, 1069
0.07604026794433594, 1068
0.07604026794433594, 1067
0.07604026794433594, 1066
0.07604026794433594, 1065
0.07604026794433594, 1064
0.08004164695739746, 1063
0.08004164695739746, 1062
0.08004164695739746, 1061
0.08004164695739746, 1060
0.08004164695739746, 1059
0.08004164695739746, 1058
0.08404350280761719, 1057
0.08404350280761719, 1056
0.08404350280761719, 1055
0.08404350280761719, 1054
0.08404350280761719, 1053
0.08404350280761719, 1052
0.08404350280761719, 1051
0.08803987503051758, 1050
0.08803987503051758, 1049
0.08803987503051758, 1048
0.08803987503051758, 1047
0.08803987503051758, 1046
0.09203958511352539, 1045
0.09203958511352539, 1044
0.09604668617248535, 1043
0.09604668617248535, 1042
0.09604668617248535, 1041
0.09604668617248535, 1040
0.09604668617248535, 1039
0.09604668617248535, 1038
0.10004138946533203, 1037
0.10004138946533203, 1036
0.10004138946533203, 1035
0.10004138946533203, 1034
0.10404467582702637, 1033
0.10404467582702637, 1032
0.10404467582702637, 1031
0.10404467582702637, 1030
0.10404467582702637, 1029
0.1080479621887207, 1028
0.1080479621887207, 1027
0.1080479621887207, 1026
0.11204004287719727, 1025
0.11204004287719727, 1024
0.11604094505310059, 1023
0.12004303932189941, 1022
0.12004303932189941, 1021
0.12405014038085938, 1020
0.12405014038085938, 1019
0.12405014038085938, 1018
0.12800049781799316, 1017
0.12800049781799316, 1016
0.12800049781799316, 1015
0.12800049781799316, 1014
0.13204050064086914, 1013
0.13204050064086914, 1012
0.13204050064086914, 1011
0.1360015869140625, 1010
0.1360015869140625, 1009
0.1360015869140625, 1008
0.1360015869140625, 1007
0.1360015869140625, 1006
0.1360015869140625, 1005
0.14003992080688477, 1004
0.14400362968444824, 1003
0.14400362968444824, 1002
0.14400362968444824, 1001
0.14400362968444824, 1000
0.1480395793914795, 999
0.1480395793914795, 998
0.1480395793914795, 997
0.1480395793914795, 996
0.1480395793914795, 995
0.1560375690460205, 994
0.16003775596618652, 993
0.16003775596618652, 992
0.16403555870056152, 991
0.16403555870056152, 990
0.16403555870056152, 989
0.16403555870056152, 988
0.1679980754852295, 987
0.1679980754852295, 986
0.17203927040100098, 985
0.17603826522827148, 984
0.17603826522827148, 983
0.1800522804260254, 982
0.1800522804260254, 981
0.1800522804260254, 980
0.18804144859313965, 979
0.18804144859313965, 978
0.18804144859313965, 977
0.19204306602478027, 976
0.19604134559631348, 975
0.19604134559631348, 974
0.20000123977661133, 973
0.20000123977661133, 972
0.2040417194366455, 971
0.2040417194366455, 970
0.2040417194366455, 969
0.21604228019714355, 968
0.22004151344299316, 967
0.22004151344299316, 966
0.22004151344299316, 965
0.22004151344299316, 964
0.22004151344299316, 963
0.22405242919921875, 962
0.22405242919921875, 961
0.22405242919921875, 960
0.22803974151611328, 959
0.22803974151611328, 958
0.23600363731384277, 957
0.23600363731384277, 956
0.23600363731384277, 955
0.23600363731384277, 954
0.23600363731384277, 953
0.23600363731384277, 952
0.24004364013671875, 951
0.24400115013122559, 950
0.24400115013122559, 949
0.24400115013122559, 948
0.24400115013122559, 947
0.24804234504699707, 946
0.2520022392272949, 945
0.2560427188873291, 944
0.2560427188873291, 943
0.2560427188873291, 942
0.2560427188873291, 941
0.2560427188873291, 940
0.26000499725341797, 939
0.2640411853790283, 938
0.2640411853790283, 937
0.2640411853790283, 936
0.26800012588500977, 935
0.26800012588500977, 934
0.26800012588500977, 933
0.27604079246520996, 932
0.27604079246520996, 931
0.2800412178039551, 930
0.2800412178039551, 929
0.2839972972869873, 928
0.2839972972869873, 927
0.2880425453186035, 926
0.2880425453186035, 925
0.29200029373168945, 924
0.29604005813598633, 923
0.29604005813598633, 922
0.3022775650024414, 921
0.3022775650024414, 920
0.3022775650024414, 919
0.31331443786621094, 918
0.31331443786621094, 917
0.3173503875732422, 916
0.3173503875732422, 915
0.3173503875732422, 914
0.3173503875732422, 913
0.3173503875732422, 912
0.3173503875732422, 911
0.3173503875732422, 910
0.3213694095611572, 909
0.32371997833251953, 908
0.32371997833251953, 907
0.3276498317718506, 906
0.3276498317718506, 905
0.3276498317718506, 904
0.33165884017944336, 903
0.33165884017944336, 902
0.33409786224365234, 901
0.33409786224365234, 900
0.3380119800567627, 899
0.3420557975769043, 898
0.3420557975769043, 897
0.34534215927124023, 896
0.34534215927124023, 895
0.34534215927124023, 894
0.34534215927124023, 893
0.34534215927124023, 892
0.34935498237609863, 891
0.34935498237609863, 890
0.35949182510375977, 889
0.36353206634521484, 888
0.3676612377166748, 887
0.3715965747833252, 886
0.3778207302093506, 885
0.3778207302093506, 884
0.3817751407623291, 883
0.3817751407623291, 882
0.39377450942993164, 881
0.39377450942993164, 880
0.3978099822998047, 879
0.4001286029815674, 878
0.4001286029815674, 877
0.4001286029815674, 876
0.4001286029815674, 875
0.40412473678588867, 874
0.40412473678588867, 873
0.41042375564575195, 872
0.4183204174041748, 871
0.4204385280609131, 870
0.4204385280609131, 869
0.4204385280609131, 868
0.4204385280609131, 867
0.4308786392211914, 866
0.44111084938049316, 865
0.4450550079345703, 864
0.44905567169189453, 863
0.44905567169189453, 862
0.45165014266967773, 861
0.45165014266967773, 860
0.45165014266967773, 859
0.45165014266967773, 858
0.45559024810791016, 857
0.45958924293518066, 856
0.46361780166625977, 855
0.46361780166625977, 854
0.4708690643310547, 853
0.4708690643310547, 852
0.4729790687561035, 851
0.4729790687561035, 850
0.4751427173614502, 849
0.4783351421356201, 848
0.4783351421356201, 847
0.48496556282043457, 846
0.4889185428619385, 845
0.49690699577331543, 844
0.5009136199951172, 843
0.5009136199951172, 842
0.504946231842041, 841
0.504946231842041, 840
0.504946231842041, 839
0.5089070796966553, 838
0.5089070796966553, 837
0.5089070796966553, 836
0.5089070796966553, 835
0.5129563808441162, 834
0.5129563808441162, 833
0.5169041156768799, 832
0.5169041156768799, 831
0.5169041156768799, 830
0.5169041156768799, 829
0.5249032974243164, 828
0.5289490222930908, 827
0.5289490222930908, 826
0.5289490222930908, 825
0.5329494476318359, 824
0.5409479141235352, 823
0.5409479141235352, 822
0.5409479141235352, 821
0.5409479141235352, 820
0.5449490547180176, 819
0.5529496669769287, 818
0.5529496669769287, 817
0.5529496669769287, 816
0.5569090843200684, 815
0.5569090843200684, 814
0.5569090843200684, 813
0.5609478950500488, 812
0.5609478950500488, 811
0.5649490356445312, 810
0.5649490356445312, 809
0.5729491710662842, 808
0.5729491710662842, 807
0.5769503116607666, 806
0.5809483528137207, 805
0.5849082469940186, 804
0.5849082469940186, 803
0.5849082469940186, 802
0.5889511108398438, 801
0.5929486751556396, 800
0.5969538688659668, 799
0.6089487075805664, 798
0.6089487075805664, 797
0.6089487075805664, 796
0.616948127746582, 795
0.620948314666748, 794
0.620948314666748, 793
0.628948450088501, 792
0.6329495906829834, 791
0.6329495906829834, 790
0.6369137763977051, 789
0.6369137763977051, 788
0.64095139503479, 787
0.6449518203735352, 786
0.6489486694335938, 785
0.6489486694335938, 784
0.6529479026794434, 783
0.6529479026794434, 782
0.6609492301940918, 781
0.6649582386016846, 780
0.6649582386016846, 779
0.6689496040344238, 778
0.6729495525360107, 777
0.68094801902771, 776
0.6889481544494629, 775
0.6889481544494629, 774
0.7009518146514893, 773
0.7049481868743896, 772
0.7272701263427734, 771
0.7297351360321045, 770
0.7376692295074463, 769
0.7399711608886719, 768
0.7399711608886719, 767
0.7399711608886719, 766
0.7439019680023193, 765
0.7439019680023193, 764
0.7479031085968018, 763
0.7479031085968018, 762
0.7516491413116455, 761
0.7595908641815186, 760
0.7753148078918457, 759
0.7854835987091064, 758
0.7854835987091064, 757
0.7954885959625244, 756
0.799492359161377, 755
0.8115530014038086, 754
0.818260908126831, 753
0.818260908126831, 752
0.8323123455047607, 751
0.8323123455047607, 750
0.8385610580444336, 749
0.8385610580444336, 748
0.8424942493438721, 747
0.8506250381469727, 746
0.8545575141906738, 745
0.8612756729125977, 744
0.8835644721984863, 743
0.8874518871307373, 742
0.8914978504180908, 741
0.8914978504180908, 740
0.8914978504180908, 739
0.8952782154083252, 738
0.8952782154083252, 737
0.9055004119873047, 736
0.9055004119873047, 735
0.9278278350830078, 734
0.9357731342315674, 733
0.9379498958587646, 732
0.9379498958587646, 731
0.9379498958587646, 730
0.9418866634368896, 729
0.9458882808685303, 728
0.9458882808685303, 727
0.9539542198181152, 726
0.957911491394043, 725
0.9602527618408203, 724
0.9641904830932617, 723
0.9681482315063477, 722
0.9742577075958252, 721
0.9742577075958252, 720
0.9782919883728027, 719
0.9906377792358398, 718
0.9946091175079346, 717
0.9986114501953125, 716
0.9986114501953125, 715
1.0015003681182861, 714
1.012944221496582, 713
1.0232317447662354, 712
1.0348052978515625, 711
1.042809247970581, 710
1.042809247970581, 709
1.0548858642578125, 708
1.0668699741363525, 707
1.0692720413208008, 706
1.0692720413208008, 705
1.0732009410858154, 704
1.0812757015228271, 703
1.08526611328125, 702
1.08526611328125, 701
1.093338966369629, 700
1.1012852191925049, 699
1.1093876361846924, 698
1.1214547157287598, 697
1.1579458713531494, 696
1.1579458713531494, 695
1.166006088256836, 694
1.1780731678009033, 693
1.192793369293213, 692
1.192793369293213, 691
1.2008545398712158, 690
1.2048535346984863, 689
1.2089729309082031, 688
1.2192065715789795, 687
1.22314453125, 686
1.2271442413330078, 685
1.2271442413330078, 684
1.2392096519470215, 683
1.2392096519470215, 682
1.243302583694458, 681
1.243302583694458, 680
1.2553918361663818, 679
1.2713940143585205, 678
1.2713940143585205, 677
1.2795164585113525, 676
1.2915318012237549, 675
1.3059535026550293, 674
1.3099563121795654, 673
1.3242487907409668, 672
1.3242487907409668, 671
1.3282270431518555, 670
1.3322198390960693, 669
1.3322198390960693, 668
1.3402657508850098, 667
1.3442316055297852, 666
1.3602213859558105, 665
1.3722455501556396, 664
1.3762798309326172, 663
1.3802299499511719, 662
1.3842206001281738, 661
1.3882253170013428, 660
1.396226167678833, 659
1.4362313747406006, 658
1.4362313747406006, 657
1.4522302150726318, 656
1.5082683563232422, 655
1.5242314338684082, 654
1.548219919204712, 653
1.564220905303955, 652
1.564220905303955, 651
1.644258737564087, 650
1.6719558238983154, 649
1.691596508026123, 648
1.7298767566680908, 647
1.7298767566680908, 646
1.7622711658477783, 645
1.766230583190918, 644
1.7764275074005127, 643
1.8244848251342773, 642
1.860487461090088, 641
1.9124820232391357, 640
1.9204893112182617, 639
1.9689149856567383, 638
2.0009052753448486, 637
2.019036293029785, 636
2.145228147506714, 635
2.1976983547210693, 634
2.2012500762939453, 633
2.219433546066284, 632
2.254622220993042, 631
2.3110053539276123, 630
2.3614954948425293, 629
2.37359881401062, 628
2.471797227859497, 627
2.5354158878326416, 626
2.6207895278930664, 625
2.627007246017456, 624
2.659125566482544, 623
2.7154598236083984, 622
2.719449520111084, 621
2.7356388568878174, 620
2.7435786724090576, 619
2.7748262882232666, 618
2.887397050857544, 617
2.8994603157043457, 616
2.9638991355895996, 615
2.9718375205993652, 614
2.9759750366210938, 613
3.0522825717926025, 612
3.217343330383301, 611
3.4874677658081055, 610
3.9792606830596924, 609
4.007261037826538, 608
4.051259756088257, 607
4.067271947860718, 606
4.099462985992432, 605
4.13146185874939, 604
4.179596900939941, 603
4.179596900939941, 602
4.301280975341797, 601
4.4340269565582275, 600
4.995748043060303, 599
5.686217784881592, 598
5.708319187164307, 597
5.87722110748291, 596
7.731734037399292, 595
25.557339191436768, 594
