0.015997886657714844, 1133
0.015997886657714844, 1132
0.015997886657714844, 1131
0.015997886657714844, 1130
0.015997886657714844, 1129
0.015997886657714844, 1128
0.015997886657714844, 1127
0.015997886657714844, 1126
0.015997886657714844, 1125
0.015997886657714844, 1124
0.019998788833618164, 1123
0.019998788833618164, 1122
0.019998788833618164, 1121
0.019998788833618164, 1120
0.019998788833618164, 1119
0.019998788833618164, 1118
0.019998788833618164, 1117
0.019998788833618164, 1116
0.019998788833618164, 1115
0.019998788833618164, 1114
0.019998788833618164, 1113
0.019998788833618164, 1112
0.023998260498046875, 1111
0.023998260498046875, 1110
0.023998260498046875, 1109
0.023998260498046875, 1108
0.023998260498046875, 1107
0.023998260498046875, 1106
0.023998260498046875, 1105
0.023998260498046875, 1104
0.023998260498046875, 1103
0.023998260498046875, 1102
0.023998260498046875, 1101
0.023998260498046875, 1100
0.023998260498046875, 1099
0.023998260498046875, 1098
0.023998260498046875, 1097
0.02799820899963379, 1096
0.02799820899963379, 1095
0.02799820899963379, 1094
0.02799820899963379, 1093
0.02799820899963379, 1092
0.02799820899963379, 1091
0.02799820899963379, 1090
0.02799820899963379, 1089
0.02799820899963379, 1088
0.02799820899963379, 1087
0.02799820899963379, 1086
0.031998395919799805, 1085
0.031998395919799805, 1084
0.031998395919799805, 1083
0.031998395919799805, 1082
0.031998395919799805, 1081
0.031998395919799805, 1080
0.031998395919799805, 1079
0.031998395919799805, 1078
0.031998395919799805, 1077
0.031998395919799805, 1076
0.031998395919799805, 1075
0.031998395919799805, 1074
0.031998395919799805, 1073
0.031998395919799805, 1072
0.031998395919799805, 1071
0.031998395919799805, 1070
0.031998395919799805, 1069
0.03599834442138672, 1068
0.03599834442138672, 1067
0.03599834442138672, 1066
0.03599834442138672, 1065
0.03599834442138672, 1064
0.03599834442138672, 1063
0.03599834442138672, 1062
0.03599834442138672, 1061
0.03599834442138672, 1060
0.03599834442138672, 1059
0.03599834442138672, 1058
0.03599834442138672, 1057
0.03599834442138672, 1056
0.03999829292297363, 1055
0.03999829292297363, 1054
0.03999829292297363, 1053
0.03999829292297363, 1052
0.03999829292297363, 1051
0.03999829292297363, 1050
0.03999829292297363, 1049
0.03999829292297363, 1048
0.03999829292297363, 1047
0.03999829292297363, 1046
0.03999829292297363, 1045
0.03999829292297363, 1044
0.03999829292297363, 1043
0.03999829292297363, 1042
0.03999829292297363, 1041
0.03999829292297363, 1040
0.03999829292297363, 1039
0.03999829292297363, 1038
0.03999829292297363, 1037
0.03999829292297363, 1036
0.04399824142456055, 1035
0.04399824142456055, 1034
0.04399824142456055, 1033
0.04399824142456055, 1032
0.04399824142456055, 1031
0.04399824142456055, 1030
0.04399824142456055, 1029
0.04399824142456055, 1028
0.04399824142456055, 1027
0.04399824142456055, 1026
0.04399824142456055, 1025
0.04799818992614746, 1024
0.04799818992614746, 1023
0.04799818992614746, 1022
0.04799818992614746, 1021
0.04799818992614746, 1020
0.04799818992614746, 1019
0.05199837684631348, 1018
0.05199837684631348, 1017
0.05199837684631348, 1016
0.05199837684631348, 1015
0.05199837684631348, 1014
0.05199837684631348, 1013
0.05199837684631348, 1012
0.05199837684631348, 1011
0.05199837684631348, 1010
0.05199837684631348, 1009
0.05199837684631348, 1008
0.05199837684631348, 1007
0.05599832534790039, 1006
0.05599832534790039, 1005
0.05599832534790039, 1004
0.05599832534790039, 1003
0.05599832534790039, 1002
0.05599832534790039, 1001
0.05599832534790039, 1000
0.059998273849487305, 999
0.059998273849487305, 998
0.059998273849487305, 997
0.059998273849487305, 996
0.059998273849487305, 995
0.059998273849487305, 994
0.059998273849487305, 993
0.059998273849487305, 992
0.059998273849487305, 991
0.059998273849487305, 990
0.059998273849487305, 989
0.06399822235107422, 988
0.06399822235107422, 987
0.06399822235107422, 986
0.06399822235107422, 985
0.06399822235107422, 984
0.06399822235107422, 983
0.06399822235107422, 982
0.06399822235107422, 981
0.06399822235107422, 980
0.06399822235107422, 979
0.06399822235107422, 978
0.06799817085266113, 977
0.06799817085266113, 976
0.06799817085266113, 975
0.07199835777282715, 974
0.07199835777282715, 973
0.07199835777282715, 972
0.07199835777282715, 971
0.07199835777282715, 970
0.07199835777282715, 969
0.07199835777282715, 968
0.07599854469299316, 967
0.07599854469299316, 966
0.07599854469299316, 965
0.07599854469299316, 964
0.07599854469299316, 963
0.07599854469299316, 962
0.07999825477600098, 961
0.07999825477600098, 960
0.07999825477600098, 959
0.07999825477600098, 958
0.07999825477600098, 957
0.07999825477600098, 956
0.07999825477600098, 955
0.08399820327758789, 954
0.08399820327758789, 953
0.08399820327758789, 952
0.08399820327758789, 951
0.08399820327758789, 950
0.08399820327758789, 949
0.0879983901977539, 948
0.0879983901977539, 947
0.0879983901977539, 946
0.09199810028076172, 945
0.09199810028076172, 944
0.09199810028076172, 943
0.09199810028076172, 942
0.09199810028076172, 941
0.09199810028076172, 940
0.09199810028076172, 939
0.09599828720092773, 938
0.09599828720092773, 937
0.09599828720092773, 936
0.09599828720092773, 935
0.09599828720092773, 934
0.09999823570251465, 933
0.09999823570251465, 932
0.09999823570251465, 931
0.09999823570251465, 930
0.09999823570251465, 929
0.09999823570251465, 928
0.10399818420410156, 927
0.10399818420410156, 926
0.10399818420410156, 925
0.10399818420410156, 924
0.10399818420410156, 923
0.10399818420410156, 922
0.10399818420410156, 921
0.10399818420410156, 920
0.10399818420410156, 919
0.10799837112426758, 918
0.10799837112426758, 917
0.10799837112426758, 916
0.10799837112426758, 915
0.10799837112426758, 914
0.10799837112426758, 913
0.10799837112426758, 912
0.10799837112426758, 911
0.11199831962585449, 910
0.11199831962585449, 909
0.11199831962585449, 908
0.11199831962585449, 907
0.11199831962585449, 906
0.1159982681274414, 905
0.1159982681274414, 904
0.1159982681274414, 903
0.1159982681274414, 902
0.1159982681274414, 901
0.1159982681274414, 900
0.11999821662902832, 899
0.11999821662902832, 898
0.11999821662902832, 897
0.11999821662902832, 896
0.11999821662902832, 895
0.11999821662902832, 894
0.11999821662902832, 893
0.12399816513061523, 892
0.12399816513061523, 891
0.12399816513061523, 890
0.12399816513061523, 889
0.12799835205078125, 888
0.13199830055236816, 887
0.13199830055236816, 886
0.13199830055236816, 885
0.13199830055236816, 884
0.13599777221679688, 883
0.13599777221679688, 882
0.13599777221679688, 881
0.13599777221679688, 880
0.1399989128112793, 879
0.1399989128112793, 878
0.1399989128112793, 877
0.1439976692199707, 876
0.1439976692199707, 875
0.1439976692199707, 874
0.1439976692199707, 873
0.1439976692199707, 872
0.1439976692199707, 871
0.1439976692199707, 870
0.1439976692199707, 869
0.1439976692199707, 868
0.1439976692199707, 867
0.14799785614013672, 866
0.14799785614013672, 865
0.14799785614013672, 864
0.14799785614013672, 863
0.14799785614013672, 862
0.15199828147888184, 861
0.15599822998046875, 860
0.15599822998046875, 859
0.15999770164489746, 858
0.15999770164489746, 857
0.15999770164489746, 856
0.15999770164489746, 855
0.16399812698364258, 854
0.16399812698364258, 853
0.16399812698364258, 852
0.16399812698364258, 851
0.1679985523223877, 850
0.1679985523223877, 849
0.1679985523223877, 848
0.1679985523223877, 847
0.17601799964904785, 846
0.17601799964904785, 845
0.17601799964904785, 844
0.17601799964904785, 843
0.18000125885009766, 842
0.18000125885009766, 841
0.18000125885009766, 840
0.18000125885009766, 839
0.18000125885009766, 838
0.18400001525878906, 837
0.1880168914794922, 836
0.1920006275177002, 835
0.1920006275177002, 834
0.1920006275177002, 833
0.1920006275177002, 832
0.1959989070892334, 831
0.1959989070892334, 830
0.1959989070892334, 829
0.1999983787536621, 828
0.1999983787536621, 827
0.1999983787536621, 826
0.1999983787536621, 825
0.20800113677978516, 824
0.20800113677978516, 823
0.21599817276000977, 822
0.21599817276000977, 821
0.22400140762329102, 820
0.22400140762329102, 819
0.22806000709533691, 818
0.22806000709533691, 817
0.22806000709533691, 816
0.23200154304504395, 815
0.23200154304504395, 814
0.23600101470947266, 813
0.23600101470947266, 812
0.23600101470947266, 811
0.24004101753234863, 810
0.24004101753234863, 809
0.24004101753234863, 808
0.24400067329406738, 807
0.24400067329406738, 806
0.24400067329406738, 805
0.24400067329406738, 804
0.24400067329406738, 803
0.24400067329406738, 802
0.2480001449584961, 801
0.2480001449584961, 800
0.2480001449584961, 799
0.2480001449584961, 798
0.2480001449584961, 797
0.2480001449584961, 796
0.2560596466064453, 795
0.2560596466064453, 794
0.2560596466064453, 793
0.26800084114074707, 792
0.27202796936035156, 791
0.27202796936035156, 790
0.27202796936035156, 789
0.27202796936035156, 788
0.27202796936035156, 787
0.2760329246520996, 786
0.2781689167022705, 785
0.2781689167022705, 784
0.28212428092956543, 783
0.2922554016113281, 782
0.29622364044189453, 781
0.29622364044189453, 780
0.3002817630767822, 779
0.3002817630767822, 778
0.30423665046691895, 777
0.30823612213134766, 776
0.30823612213134766, 775
0.30823612213134766, 774
0.30823612213134766, 773
0.31229186058044434, 772
0.31229186058044434, 771
0.31229186058044434, 770
0.31229186058044434, 769
0.31229186058044434, 768
0.31229186058044434, 767
0.31624889373779297, 766
0.31624889373779297, 765
0.31624889373779297, 764
0.31624889373779297, 763
0.3202505111694336, 762
0.3202505111694336, 761
0.3202505111694336, 760
0.32433295249938965, 759
0.3282639980316162, 758
0.3282639980316162, 757
0.33226513862609863, 756
0.33226513862609863, 755
0.33557939529418945, 754
0.33557939529418945, 753
0.33557939529418945, 752
0.3395259380340576, 751
0.3395259380340576, 750
0.3435242176055908, 749
0.3435242176055908, 748
0.3462715148925781, 747
0.3462715148925781, 746
0.3462715148925781, 745
0.3462715148925781, 744
0.3462715148925781, 743
0.3462715148925781, 742
0.3502211570739746, 741
0.3502211570739746, 740
0.35422396659851074, 739
0.35422396659851074, 738
0.35826659202575684, 737
0.35826659202575684, 736
0.35826659202575684, 735
0.35826659202575684, 734
0.36223793029785156, 733
0.36223793029785156, 732
0.3688521385192871, 731
0.3688521385192871, 730
0.37281107902526855, 729
0.37281107902526855, 728
0.37281107902526855, 727
0.3768157958984375, 726
0.3808715343475342, 725
0.3808715343475342, 724
0.3888261318206787, 723
0.39282727241516113, 722
0.3929140567779541, 721
0.3968379497528076, 720
0.40320777893066406, 719
0.40715956687927246, 718
0.41115880012512207, 717
0.4151585102081299, 716
0.4151585102081299, 715
0.4151585102081299, 714
0.4151585102081299, 713
0.4191601276397705, 712
0.4272148609161377, 711
0.4312403202056885, 710
0.4312403202056885, 709
0.43926024436950684, 708
0.43926024436950684, 707
0.43926024436950684, 706
0.44329071044921875, 705
0.44728684425354004, 704
0.44728684425354004, 703
0.45130252838134766, 702
0.4553399085998535, 701
0.4656260013580322, 700
0.4656260013580322, 699
0.4896235466003418, 698
0.497617244720459, 697
0.497617244720459, 696
0.5016167163848877, 695
0.5096163749694824, 694
0.5136160850524902, 693
0.5136160850524902, 692
0.5176162719726562, 691
0.5216164588928223, 690
0.5256161689758301, 689
0.5296177864074707, 688
0.5296177864074707, 687
0.5296177864074707, 686
0.5376191139221191, 685
0.5456163883209229, 684
0.5456163883209229, 683
0.557654857635498, 682
0.5616216659545898, 681
0.5656561851501465, 680
0.5856189727783203, 679
0.5896553993225098, 678
0.5936183929443359, 677
0.597658634185791, 676
0.6096198558807373, 675
0.6096198558807373, 674
0.6096198558807373, 673
0.6096198558807373, 672
0.617619514465332, 671
0.6256179809570312, 670
0.6296582221984863, 669
0.6496584415435791, 668
0.6536598205566406, 667
0.6576600074768066, 666
0.6616594791412354, 665
0.6616594791412354, 664
0.6656568050384521, 663
0.6696608066558838, 662
0.6776604652404785, 661
0.6839151382446289, 660
0.6879374980926514, 659
0.6879374980926514, 658
0.6919360160827637, 657
0.6919360160827637, 656
0.6959564685821533, 655
0.6959564685821533, 654
0.7226681709289551, 653
0.733074426651001, 652
0.745126485824585, 651
0.7801804542541504, 650
0.8008270263671875, 649
0.8100717067718506, 648
0.8140594959259033, 647
0.8201875686645508, 646
0.8383784294128418, 645
0.8424038887023926, 644
0.8424038887023926, 643
0.8424038887023926, 642
0.8464300632476807, 641
0.8564481735229492, 640
0.8794095516204834, 639
0.9057250022888184, 638
0.9173722267150879, 637
0.9276173114776611, 636
0.9298880100250244, 635
0.9339170455932617, 634
0.9819498062133789, 633
0.9932651519775391, 632
1.0037353038787842, 631
1.0137889385223389, 630
1.0199434757232666, 629
1.0359950065612793, 628
1.0473871231079102, 627
1.0473871231079102, 626
1.0554392337799072, 625
1.0754237174987793, 624
1.1186368465423584, 623
1.1186368465423584, 622
1.1569786071777344, 621
1.1649868488311768, 620
1.197124719619751, 619
1.233285903930664, 618
1.2432630062103271, 617
1.2593343257904053, 616
1.3846259117126465, 615
1.395399570465088, 614
1.405670166015625, 613
1.4300875663757324, 612
1.444441556930542, 611
1.5754282474517822, 610
1.6194276809692383, 609
1.6874277591705322, 608
1.6874277591705322, 607
1.7607030868530273, 606
1.780806303024292, 605
1.999610185623169, 604
2.049976348876953, 603
2.173926591873169, 602
2.4941422939300537, 601
2.9799582958221436, 600
3.77998948097229, 599
3.876268148422241, 598
4.580722808837891, 597
6.3007214069366455, 596
8.25477147102356, 595
9.594262599945068, 594
