0.015643835067749023, 115
0.015643835067749023, 114
0.015643835067749023, 113
0.015643835067749023, 112
0.015643835067749023, 111
0.015643835067749023, 110
0.015643835067749023, 109
0.015643835067749023, 108
0.015643835067749023, 107
0.015643835067749023, 106
0.015643835067749023, 105
0.015643835067749023, 104
0.015643835067749023, 103
0.015643835067749023, 102
0.015643835067749023, 101
0.015643835067749023, 100
0.015643835067749023, 99
0.031270503997802734, 98
0.031270503997802734, 97
0.06252217292785645, 96
0.06252217292785645, 95
0.38739681243896484, 94
