0.0029990673065185547, 115
0.0029990673065185547, 114
0.0029990673065185547, 113
0.0029990673065185547, 112
0.0029990673065185547, 111
0.0029990673065185547, 110
0.0029990673065185547, 109
0.0029990673065185547, 108
0.003999471664428711, 107
0.003999471664428711, 106
0.003999471664428711, 105
0.003999471664428711, 104
0.0050013065338134766, 103
0.0050013065338134766, 102
0.0060024261474609375, 101
0.008008241653442383, 100
0.012001276016235352, 99
0.018999576568603516, 98
0.02300429344177246, 97
0.04999804496765137, 96
0.05600142478942871, 95
0.13791418075561523, 94
