0.0019991397857666016, 115
0.0029985904693603516, 114
0.0029985904693603516, 113
0.0029985904693603516, 112
0.0029985904693603516, 111
0.0029985904693603516, 110
0.0029985904693603516, 109
0.0029985904693603516, 108
0.0029985904693603516, 107
0.0029985904693603516, 106
0.0029985904693603516, 105
0.003998279571533203, 104
0.004997968673706055, 103
0.004997968673706055, 102
0.006998777389526367, 101
0.007998943328857422, 100
0.010000467300415039, 99
0.010000467300415039, 98
0.010999202728271484, 97
0.017997026443481445, 96
0.023998260498046875, 95
0.13724207878112793, 94
