0.015633583068847656, 115
0.015633583068847656, 114
0.015633583068847656, 113
0.015633583068847656, 112
0.015633583068847656, 111
0.015633583068847656, 110
0.015633583068847656, 109
0.015633583068847656, 108
0.015633583068847656, 107
0.015633583068847656, 106
0.015633583068847656, 105
0.015633583068847656, 104
0.015633583068847656, 103
0.015633583068847656, 102
0.015633583068847656, 101
0.015633583068847656, 100
0.015633583068847656, 99
0.015633583068847656, 98
0.015633583068847656, 97
0.015633583068847656, 96
0.033477783203125, 95
0.30425143241882324, 94
