0.06250166893005371, 7610
0.0781252384185791, 7609
0.0781252384185791, 7608
0.0781252384185791, 7607
0.0781252384185791, 7606
0.0781252384185791, 7605
0.0781252384185791, 7604
0.0781252384185791, 7603
0.0781252384185791, 7602
0.08463096618652344, 7601
0.08463096618652344, 7600
0.08463096618652344, 7599
0.08463096618652344, 7598
0.08463096618652344, 7597
0.08463096618652344, 7596
0.08463096618652344, 7595
0.08463096618652344, 7594
0.08463096618652344, 7593
0.08463096618652344, 7592
0.08463096618652344, 7591
0.08463096618652344, 7590
0.08463096618652344, 7589
0.08463096618652344, 7588
0.08463096618652344, 7587
0.1002650260925293, 7586
0.1002650260925293, 7585
0.1002650260925293, 7584
0.1002650260925293, 7583
0.1002650260925293, 7582
0.1002650260925293, 7581
0.1002650260925293, 7580
0.1002650260925293, 7579
0.1002650260925293, 7578
0.1002650260925293, 7577
0.1002650260925293, 7576
0.1002650260925293, 7575
0.1002650260925293, 7574
0.11452770233154297, 7573
0.11556673049926758, 7572
0.1166231632232666, 7571
0.11767864227294922, 7570
0.11873245239257812, 7569
0.11978697776794434, 7568
0.11978697776794434, 7567
0.12295651435852051, 7566
0.12401366233825684, 7565
0.12507009506225586, 7564
0.12607383728027344, 7563
0.12607383728027344, 7562
0.12607383728027344, 7561
0.12607383728027344, 7560
0.12607383728027344, 7559
0.12607383728027344, 7558
0.12607383728027344, 7557
0.12607383728027344, 7556
0.12607383728027344, 7555
0.12607383728027344, 7554
0.12607383728027344, 7553
0.12607383728027344, 7552
0.12607383728027344, 7551
0.12607383728027344, 7550
0.12607383728027344, 7549
0.12607383728027344, 7548
0.12607383728027344, 7547
0.12607383728027344, 7546
0.14170384407043457, 7545
0.14170384407043457, 7544
0.14170384407043457, 7543
0.14170384407043457, 7542
0.14170384407043457, 7541
0.14170384407043457, 7540
0.14170384407043457, 7539
0.14170384407043457, 7538
0.14170384407043457, 7537
0.14170384407043457, 7536
0.14170384407043457, 7535
0.14170384407043457, 7534
0.14170384407043457, 7533
0.14170384407043457, 7532
0.14170384407043457, 7531
0.15733098983764648, 7530
0.15733098983764648, 7529
0.15733098983764648, 7528
0.15733098983764648, 7527
0.15733098983764648, 7526
0.15733098983764648, 7525
0.15733098983764648, 7524
0.15733098983764648, 7523
0.15733098983764648, 7522
0.15733098983764648, 7521
0.15733098983764648, 7520
0.15733098983764648, 7519
0.15733098983764648, 7518
0.17295551300048828, 7517
0.17295551300048828, 7516
0.17295551300048828, 7515
0.17295551300048828, 7514
0.17295551300048828, 7513
0.17295551300048828, 7512
0.17295551300048828, 7511
0.17295551300048828, 7510
0.17295551300048828, 7509
0.17295551300048828, 7508
0.18502449989318848, 7507
0.1870286464691162, 7506
0.18707537651062012, 7505
0.18707537651062012, 7504
0.18707537651062012, 7503
0.18707537651062012, 7502
0.18707537651062012, 7501
0.18707537651062012, 7500
0.19511628150939941, 7499
0.19511628150939941, 7498
0.1971755027770996, 7497
0.1971755027770996, 7496
0.1971755027770996, 7495
0.1971755027770996, 7494
0.1971755027770996, 7493
0.1971755027770996, 7492
0.1971755027770996, 7491
0.2052302360534668, 7490
0.2052302360534668, 7489
0.2073075771331787, 7488
0.2073075771331787, 7487
0.2073075771331787, 7486
0.2073075771331787, 7485
0.2073075771331787, 7484
0.2073075771331787, 7483
0.2073075771331787, 7482
0.21536922454833984, 7481
0.21536922454833984, 7480
0.2174210548400879, 7479
0.2174210548400879, 7478
0.2174210548400879, 7477
0.2174210548400879, 7476
0.2174210548400879, 7475
0.2174210548400879, 7474
0.2174210548400879, 7473
0.2174210548400879, 7472
0.2174210548400879, 7471
0.2254791259765625, 7470
0.2254791259765625, 7469
0.22753381729125977, 7468
0.22753381729125977, 7467
0.22753381729125977, 7466
0.22753381729125977, 7465
0.22753381729125977, 7464
0.22753381729125977, 7463
0.22753381729125977, 7462
0.22753381729125977, 7461
0.22753381729125977, 7460
0.23557591438293457, 7459
0.23557591438293457, 7458
0.23763060569763184, 7457
0.23763060569763184, 7456
0.23763060569763184, 7455
0.23763060569763184, 7454
0.23763060569763184, 7453
0.23763060569763184, 7452
0.23763060569763184, 7451
0.24565720558166504, 7450
0.24768733978271484, 7449
0.24768733978271484, 7448
0.24768733978271484, 7447
0.24768733978271484, 7446
0.24768733978271484, 7445
0.24768733978271484, 7444
0.24768733978271484, 7443
0.2578308582305908, 7442
0.2578308582305908, 7441
0.2578308582305908, 7440
0.2578308582305908, 7439
0.2578308582305908, 7438
0.2578308582305908, 7437
0.2578308582305908, 7436
0.2658500671386719, 7435
0.2658500671386719, 7434
0.26786255836486816, 7433
0.26786255836486816, 7432
0.26786255836486816, 7431
0.26786255836486816, 7430
0.26786255836486816, 7429
0.26786255836486816, 7428
0.26786255836486816, 7427
0.26786255836486816, 7426
0.26786255836486816, 7425
0.27594876289367676, 7424
0.27594876289367676, 7423
0.2779667377471924, 7422
0.2779667377471924, 7421
0.2779667377471924, 7420
0.2779667377471924, 7419
0.2779667377471924, 7418
0.2779667377471924, 7417
0.2779667377471924, 7416
0.28597497940063477, 7415
0.28597497940063477, 7414
0.2879819869995117, 7413
0.2879819869995117, 7412
0.2879819869995117, 7411
0.2879819869995117, 7410
0.2879819869995117, 7409
0.2879819869995117, 7408
0.2879819869995117, 7407
0.2960178852081299, 7406
0.2980320453643799, 7405
0.2980320453643799, 7404
0.2980320453643799, 7403
0.2980320453643799, 7402
0.2980320453643799, 7401
0.30605030059814453, 7400
0.30605030059814453, 7399
0.30810117721557617, 7398
0.30810117721557617, 7397
0.30810117721557617, 7396
0.30810117721557617, 7395
0.30810117721557617, 7394
0.30810117721557617, 7393
0.30810117721557617, 7392
0.30810117721557617, 7391
0.31616783142089844, 7390
0.31616783142089844, 7389
0.31616783142089844, 7388
0.3182234764099121, 7387
0.3182234764099121, 7386
0.3182234764099121, 7385
0.3182234764099121, 7384
0.3182234764099121, 7383
0.3283252716064453, 7382
0.3283252716064453, 7381
0.3283252716064453, 7380
0.3283252716064453, 7379
0.3283252716064453, 7378
0.3283252716064453, 7377
0.3283252716064453, 7376
0.33636951446533203, 7375
0.33641529083251953, 7374
0.33641529083251953, 7373
0.338470458984375, 7372
0.338470458984375, 7371
0.338470458984375, 7370
0.338470458984375, 7369
0.338470458984375, 7368
0.338470458984375, 7367
0.338470458984375, 7366
0.338470458984375, 7365
0.338470458984375, 7364
0.346524715423584, 7363
0.346524715423584, 7362
0.346524715423584, 7361
0.34857726097106934, 7360
0.34857726097106934, 7359
0.34857726097106934, 7358
0.34857726097106934, 7357
0.34857726097106934, 7356
0.34857726097106934, 7355
0.34857726097106934, 7354
0.34857726097106934, 7353
0.3566570281982422, 7352
0.3566570281982422, 7351
0.35871362686157227, 7350
0.35871362686157227, 7349
0.35871362686157227, 7348
0.35871362686157227, 7347
0.35871362686157227, 7346
0.35871362686157227, 7345
0.35871362686157227, 7344
0.35871362686157227, 7343
0.35871362686157227, 7342
0.36677122116088867, 7341
0.36884021759033203, 7340
0.36884021759033203, 7339
0.36884021759033203, 7338
0.36884021759033203, 7337
0.36884021759033203, 7336
0.36884021759033203, 7335
0.36884021759033203, 7334
0.36884021759033203, 7333
0.36884021759033203, 7332
0.37692952156066895, 7331
0.3789846897125244, 7330
0.3789846897125244, 7329
0.3789846897125244, 7328
0.3789846897125244, 7327
0.3789846897125244, 7326
0.3789846897125244, 7325
0.3789846897125244, 7324
0.3789846897125244, 7323
0.3870396614074707, 7322
0.3870396614074707, 7321
0.38909220695495605, 7320
0.38909220695495605, 7319
0.38909220695495605, 7318
0.38909220695495605, 7317
0.3972177505493164, 7316
0.3972177505493164, 7315
0.3992767333984375, 7314
0.3992767333984375, 7313
0.3992767333984375, 7312
0.3992767333984375, 7311
0.3992767333984375, 7310
0.3992767333984375, 7309
0.4073307514190674, 7308
0.40938425064086914, 7307
0.40938425064086914, 7306
0.40938425064086914, 7305
0.40938425064086914, 7304
0.40938425064086914, 7303
0.40938425064086914, 7302
0.40938425064086914, 7301
0.40938425064086914, 7300
0.4174938201904297, 7299
0.4174938201904297, 7298
0.4195516109466553, 7297
0.4195516109466553, 7296
0.4195516109466553, 7295
0.4195516109466553, 7294
0.4195516109466553, 7293
0.4195516109466553, 7292
0.4195516109466553, 7291
0.4195516109466553, 7290
0.4276139736175537, 7289
0.4296681880950928, 7288
0.4296681880950928, 7287
0.4296681880950928, 7286
0.4296681880950928, 7285
0.4296681880950928, 7284
0.4296681880950928, 7283
0.4296681880950928, 7282
0.4296681880950928, 7281
0.4377453327178955, 7280
0.4398002624511719, 7279
0.4398002624511719, 7278
0.4398002624511719, 7277
0.4398002624511719, 7276
0.4398002624511719, 7275
0.4398002624511719, 7274
0.4398002624511719, 7273
0.4398002624511719, 7272
0.44785428047180176, 7271
0.44785428047180176, 7270
0.44991159439086914, 7269
0.44991159439086914, 7268
0.44991159439086914, 7267
0.44991159439086914, 7266
0.44991159439086914, 7265
0.44991159439086914, 7264
0.46006035804748535, 7263
0.46006035804748535, 7262
0.46006035804748535, 7261
0.46006035804748535, 7260
0.46006035804748535, 7259
0.46006035804748535, 7258
0.46006035804748535, 7257
0.46810412406921387, 7256
0.46811389923095703, 7255
0.46811389923095703, 7254
0.4701681137084961, 7253
0.4701681137084961, 7252
0.4701681137084961, 7251
0.4701681137084961, 7250
0.4701681137084961, 7249
0.4701681137084961, 7248
0.4701681137084961, 7247
0.4701681137084961, 7246
0.47826051712036133, 7245
0.480358362197876, 7244
0.480358362197876, 7243
0.48842406272888184, 7242
0.4904773235321045, 7241
0.4904773235321045, 7240
0.4904773235321045, 7239
0.4904773235321045, 7238
0.49858570098876953, 7237
0.49858570098876953, 7236
0.5006449222564697, 7235
0.5006449222564697, 7234
0.5006449222564697, 7233
0.5006449222564697, 7232
0.5006449222564697, 7231
0.5006449222564697, 7230
0.5006449222564697, 7229
0.5006449222564697, 7228
0.5087015628814697, 7227
0.5107550621032715, 7226
0.5107550621032715, 7225
0.5107550621032715, 7224
0.5107550621032715, 7223
0.5107550621032715, 7222
0.5107550621032715, 7221
0.5107550621032715, 7220
0.5188002586364746, 7219
0.5188002586364746, 7218
0.5213241577148438, 7217
0.5213241577148438, 7216
0.5213241577148438, 7215
0.5213241577148438, 7214
0.5213241577148438, 7213
0.5213241577148438, 7212
0.5213241577148438, 7211
0.529381513595581, 7210
0.529381513595581, 7209
0.529381513595581, 7208
0.5314383506774902, 7207
0.5314383506774902, 7206
0.5314383506774902, 7205
0.5314383506774902, 7204
0.5314383506774902, 7203
0.5395138263702393, 7202
0.5415680408477783, 7201
0.5415680408477783, 7200
0.5415680408477783, 7199
0.5415680408477783, 7198
0.5415680408477783, 7197
0.5415680408477783, 7196
0.5415680408477783, 7195
0.5415680408477783, 7194
0.5415680408477783, 7193
0.5415680408477783, 7192
0.5496323108673096, 7191
0.5496323108673096, 7190
0.5516862869262695, 7189
0.5516862869262695, 7188
0.5516862869262695, 7187
0.5516862869262695, 7186
0.5516862869262695, 7185
0.5516862869262695, 7184
0.5606801509857178, 7183
0.5617349147796631, 7182
0.5617349147796631, 7181
0.5617349147796631, 7180
0.5617349147796631, 7179
0.5617349147796631, 7178
0.5617349147796631, 7177
0.5617349147796631, 7176
0.5617349147796631, 7175
0.5697524547576904, 7174
0.5697524547576904, 7173
0.5717813968658447, 7172
0.5737028121948242, 7171
0.5747895240783691, 7170
0.5759551525115967, 7169
0.5770273208618164, 7168
0.5780801773071289, 7167
0.5797247886657715, 7166
0.5807862281799316, 7165
0.5818436145782471, 7164
0.5829014778137207, 7163
0.5850179195404053, 7162
0.5860707759857178, 7161
0.5860707759857178, 7160
0.5860707759857178, 7159
0.5901269912719727, 7158
0.5901269912719727, 7157
0.5901269912719727, 7156
0.5922019481658936, 7155
0.5922019481658936, 7154
0.5922019481658936, 7153
0.5922019481658936, 7152
0.5922019481658936, 7151
0.5922019481658936, 7150
0.5922019481658936, 7149
0.5922019481658936, 7148
0.5922019481658936, 7147
0.5922019481658936, 7146
0.6002590656280518, 7145
0.6023232936859131, 7144
0.6023232936859131, 7143
0.6023232936859131, 7142
0.6023232936859131, 7141
0.6023232936859131, 7140
0.6023232936859131, 7139
0.6023232936859131, 7138
0.6023232936859131, 7137
0.6023232936859131, 7136
0.6103978157043457, 7135
0.612452507019043, 7134
0.612452507019043, 7133
0.612452507019043, 7132
0.612452507019043, 7131
0.612452507019043, 7130
0.612452507019043, 7129
0.612452507019043, 7128
0.6205089092254639, 7127
0.6205089092254639, 7126
0.622570276260376, 7125
0.622570276260376, 7124
0.622570276260376, 7123
0.622570276260376, 7122
0.622570276260376, 7121
0.622570276260376, 7120
0.6306309700012207, 7119
0.6326918601989746, 7118
0.6326918601989746, 7117
0.6326918601989746, 7116
0.6326918601989746, 7115
0.6326918601989746, 7114
0.6326918601989746, 7113
0.6326918601989746, 7112
0.6326918601989746, 7111
0.6428165435791016, 7110
0.6428165435791016, 7109
0.6428165435791016, 7108
0.6428165435791016, 7107
0.6428165435791016, 7106
0.6428165435791016, 7105
0.6428165435791016, 7104
0.6428165435791016, 7103
0.6428165435791016, 7102
0.6428165435791016, 7101
0.6509292125701904, 7100
0.6509292125701904, 7099
0.6509292125701904, 7098
0.6529574394226074, 7097
0.6529574394226074, 7096
0.6529574394226074, 7095
0.6529574394226074, 7094
0.6529574394226074, 7093
0.6610202789306641, 7092
0.6630477905273438, 7091
0.6630477905273438, 7090
0.6630477905273438, 7089
0.6630477905273438, 7088
0.6630477905273438, 7087
0.6710994243621826, 7086
0.6710994243621826, 7085
0.6731472015380859, 7084
0.6731472015380859, 7083
0.6731472015380859, 7082
0.6731472015380859, 7081
0.6731472015380859, 7080
0.6731472015380859, 7079
0.6731472015380859, 7078
0.6731472015380859, 7077
0.6731472015380859, 7076
0.6811716556549072, 7075
0.6831881999969482, 7074
0.6831881999969482, 7073
0.6831881999969482, 7072
0.6831881999969482, 7071
0.6831881999969482, 7070
0.6831881999969482, 7069
0.6831881999969482, 7068
0.6913013458251953, 7067
0.6933391094207764, 7066
0.6933391094207764, 7065
0.6933391094207764, 7064
0.6933391094207764, 7063
0.6933391094207764, 7062
0.6933391094207764, 7061
0.6933391094207764, 7060
0.6933391094207764, 7059
0.701378345489502, 7058
0.701378345489502, 7057
0.7034463882446289, 7056
0.7034463882446289, 7055
0.7034463882446289, 7054
0.7034463882446289, 7053
0.7034463882446289, 7052
0.7034463882446289, 7051
0.7034463882446289, 7050
0.711522102355957, 7049
0.7135498523712158, 7048
0.7135498523712158, 7047
0.7135498523712158, 7046
0.7135498523712158, 7045
0.7135498523712158, 7044
0.7236816883087158, 7043
0.7236816883087158, 7042
0.7236816883087158, 7041
0.7236816883087158, 7040
0.7236816883087158, 7039
0.7236816883087158, 7038
0.7236816883087158, 7037
0.7317802906036377, 7036
0.7317802906036377, 7035
0.7338435649871826, 7034
0.7338435649871826, 7033
0.7338435649871826, 7032
0.7338435649871826, 7031
0.7338435649871826, 7030
0.7338435649871826, 7029
0.7338435649871826, 7028
0.7338435649871826, 7027
0.7419071197509766, 7026
0.7439472675323486, 7025
0.7439472675323486, 7024
0.7439472675323486, 7023
0.7439472675323486, 7022
0.7439472675323486, 7021
0.7439472675323486, 7020
0.7439472675323486, 7019
0.7439472675323486, 7018
0.751997709274292, 7017
0.751997709274292, 7016
0.751997709274292, 7015
0.751997709274292, 7014
0.751997709274292, 7013
0.751997709274292, 7012
0.7620694637298584, 7011
0.7641341686248779, 7010
0.7641341686248779, 7009
0.7641341686248779, 7008
0.7641341686248779, 7007
0.7641341686248779, 7006
0.7641341686248779, 7005
0.7641341686248779, 7004
0.7722139358520508, 7003
0.7742927074432373, 7002
0.7742927074432373, 7001
0.7742927074432373, 7000
0.7742927074432373, 6999
0.7823457717895508, 6998
0.7823457717895508, 6997
0.7843658924102783, 6996
0.7843658924102783, 6995
0.7843658924102783, 6994
0.7843658924102783, 6993
0.7843658924102783, 6992
0.7843658924102783, 6991
0.7924401760101318, 6990
0.7924401760101318, 6989
0.7945125102996826, 6988
0.7945125102996826, 6987
0.7945125102996826, 6986
0.7945125102996826, 6985
0.7945125102996826, 6984
0.7945125102996826, 6983
0.7945125102996826, 6982
0.80257248878479, 6981
0.8046464920043945, 6980
0.8046464920043945, 6979
0.8046464920043945, 6978
0.8127520084381104, 6977
0.8148083686828613, 6976
0.8148083686828613, 6975
0.8148083686828613, 6974
0.8148083686828613, 6973
0.8148083686828613, 6972
0.8228766918182373, 6971
0.8249197006225586, 6970
0.8249197006225586, 6969
0.8249197006225586, 6968
0.8249197006225586, 6967
0.8249197006225586, 6966
0.8330330848693848, 6965
0.8330330848693848, 6964
0.8351128101348877, 6963
0.8351128101348877, 6962
0.8351128101348877, 6961
0.8351128101348877, 6960
0.8431787490844727, 6959
0.8431787490844727, 6958
0.8452589511871338, 6957
0.8452589511871338, 6956
0.8452589511871338, 6955
0.8452589511871338, 6954
0.8452589511871338, 6953
0.8452589511871338, 6952
0.8633363246917725, 6951
0.8633363246917725, 6950
0.8633363246917725, 6949
0.8790616989135742, 6948
0.8790616989135742, 6947
0.8790616989135742, 6946
0.8790616989135742, 6945
0.8790616989135742, 6944
0.8790616989135742, 6943
0.894603967666626, 6942
0.894603967666626, 6941
0.894603967666626, 6940
0.894603967666626, 6939
0.894603967666626, 6938
0.894603967666626, 6937
0.894603967666626, 6936
0.894603967666626, 6935
0.894603967666626, 6934
0.894603967666626, 6933
0.894603967666626, 6932
0.894603967666626, 6931
0.9102282524108887, 6930
0.9102282524108887, 6929
0.9102282524108887, 6928
0.9102282524108887, 6927
0.9102282524108887, 6926
0.9102282524108887, 6925
0.9102282524108887, 6924
0.9102282524108887, 6923
0.9102282524108887, 6922
0.9102282524108887, 6921
0.9102282524108887, 6920
0.9258556365966797, 6919
0.9258556365966797, 6918
0.9258556365966797, 6917
0.9258556365966797, 6916
0.9258556365966797, 6915
0.9258556365966797, 6914
0.9258556365966797, 6913
0.9414830207824707, 6912
0.9414830207824707, 6911
0.9414830207824707, 6910
0.9414830207824707, 6909
0.9414830207824707, 6908
0.9414830207824707, 6907
0.9414830207824707, 6906
0.9414830207824707, 6905
0.9414830207824707, 6904
0.9414830207824707, 6903
0.9414830207824707, 6902
0.9414830207824707, 6901
0.9414830207824707, 6900
0.9414830207824707, 6899
0.9414830207824707, 6898
0.9414830207824707, 6897
0.9571058750152588, 6896
0.9571058750152588, 6895
0.9571058750152588, 6894
0.9571058750152588, 6893
0.9571058750152588, 6892
0.9571058750152588, 6891
0.9571058750152588, 6890
0.9636187553405762, 6889
0.9636187553405762, 6888
0.9636187553405762, 6887
0.9636187553405762, 6886
0.9636187553405762, 6885
0.9636187553405762, 6884
0.9636187553405762, 6883
0.9636187553405762, 6882
0.9636187553405762, 6881
0.9792556762695312, 6880
0.9792556762695312, 6879
0.9792556762695312, 6878
0.9792556762695312, 6877
0.9792556762695312, 6876
0.9792556762695312, 6875
0.9792556762695312, 6874
0.9792556762695312, 6873
0.9792556762695312, 6872
0.9948806762695312, 6871
0.9948806762695312, 6870
0.9948806762695312, 6869
0.9948806762695312, 6868
0.9948806762695312, 6867
0.9948806762695312, 6866
0.9948806762695312, 6865
0.9948806762695312, 6864
0.9948806762695312, 6863
1.0105056762695312, 6862
1.0105056762695312, 6861
1.0105056762695312, 6860
1.0105056762695312, 6859
1.0105056762695312, 6858
1.0105056762695312, 6857
1.0105056762695312, 6856
1.0105056762695312, 6855
1.0105056762695312, 6854
1.0261318683624268, 6853
1.0261318683624268, 6852
1.0261318683624268, 6851
1.0261318683624268, 6850
1.0261318683624268, 6849
1.0261318683624268, 6848
1.0261318683624268, 6847
1.0261318683624268, 6846
1.0261318683624268, 6845
1.0261318683624268, 6844
1.0417578220367432, 6843
1.0417578220367432, 6842
1.0417578220367432, 6841
1.0417578220367432, 6840
1.0417578220367432, 6839
1.0417578220367432, 6838
1.0417578220367432, 6837
1.0573816299438477, 6836
1.0573816299438477, 6835
1.0573816299438477, 6834
1.0639598369598389, 6833
1.0639598369598389, 6832
1.0660278797149658, 6831
1.0660278797149658, 6830
1.0660278797149658, 6829
1.0660278797149658, 6828
1.0660278797149658, 6827
1.0660278797149658, 6826
1.0741078853607178, 6825
1.0761735439300537, 6824
1.0761735439300537, 6823
1.0761735439300537, 6822
1.0761735439300537, 6821
1.0842397212982178, 6820
1.0842397212982178, 6819
1.0863094329833984, 6818
1.0863094329833984, 6817
1.0943608283996582, 6816
1.0943608283996582, 6815
1.0943608283996582, 6814
1.0964279174804688, 6813
1.0964279174804688, 6812
1.0964279174804688, 6811
1.0964279174804688, 6810
1.0964279174804688, 6809
1.0964279174804688, 6808
1.116685152053833, 6807
1.116685152053833, 6806
1.1247527599334717, 6805
1.1247527599334717, 6804
1.1268184185028076, 6803
1.1268184185028076, 6802
1.1268184185028076, 6801
1.1268184185028076, 6800
1.1268184185028076, 6799
1.1268184185028076, 6798
1.1373229026794434, 6797
1.1373229026794434, 6796
1.1373229026794434, 6795
1.1373229026794434, 6794
1.1373229026794434, 6793
1.1373229026794434, 6792
1.1373229026794434, 6791
1.1373229026794434, 6790
1.147463083267212, 6789
1.147463083267212, 6788
1.147463083267212, 6787
1.147463083267212, 6786
1.1554999351501465, 6785
1.1554999351501465, 6784
1.1575675010681152, 6783
1.1575675010681152, 6782
1.1575675010681152, 6781
1.1575675010681152, 6780
1.1575675010681152, 6779
1.165635347366333, 6778
1.165635347366333, 6777
1.1677007675170898, 6776
1.1677007675170898, 6775
1.1677007675170898, 6774
1.1677007675170898, 6773
1.177830696105957, 6772
1.177830696105957, 6771
1.177830696105957, 6770
1.177830696105957, 6769
1.185896635055542, 6768
1.1879632472991943, 6767
1.1879632472991943, 6766
1.1879632472991943, 6765
1.1960506439208984, 6764
1.1960506439208984, 6763
1.1981189250946045, 6762
1.1981189250946045, 6761
1.1981189250946045, 6760
1.1981189250946045, 6759
1.1981189250946045, 6758
1.2061851024627686, 6757
1.2082505226135254, 6756
1.2082505226135254, 6755
1.2082505226135254, 6754
1.2082505226135254, 6753
1.2082505226135254, 6752
1.2183961868286133, 6751
1.2183961868286133, 6750
1.2183961868286133, 6749
1.2183961868286133, 6748
1.2183961868286133, 6747
1.2183961868286133, 6746
1.226459264755249, 6745
1.2285256385803223, 6744
1.2285256385803223, 6743
1.2285256385803223, 6742
1.2285256385803223, 6741
1.2365858554840088, 6740
1.2365858554840088, 6739
1.2386529445648193, 6738
1.2386529445648193, 6737
1.2386529445648193, 6736
1.2386529445648193, 6735
1.2386529445648193, 6734
1.2386529445648193, 6733
1.2386529445648193, 6732
1.2386529445648193, 6731
1.2467188835144043, 6730
1.2487845420837402, 6729
1.2487845420837402, 6728
1.2487845420837402, 6727
1.2487845420837402, 6726
1.2487845420837402, 6725
1.2588839530944824, 6724
1.2588839530944824, 6723
1.2588839530944824, 6722
1.2588839530944824, 6721
1.2669575214385986, 6720
1.2669575214385986, 6719
1.2690234184265137, 6718
1.2690234184265137, 6717
1.2690234184265137, 6716
1.2690234184265137, 6715
1.2770748138427734, 6714
1.2791430950164795, 6713
1.2791430950164795, 6712
1.287221908569336, 6711
1.289294719696045, 6710
1.289294719696045, 6709
1.289294719696045, 6708
1.289294719696045, 6707
1.2994065284729004, 6706
1.2994065284729004, 6705
1.2994065284729004, 6704
1.2994065284729004, 6703
1.2994065284729004, 6702
1.3076376914978027, 6701
1.3097059726715088, 6700
1.3097059726715088, 6699
1.3097059726715088, 6698
1.3097059726715088, 6697
1.3097059726715088, 6696
1.3097059726715088, 6695
1.3177452087402344, 6694
1.3177452087402344, 6693
1.3198158740997314, 6692
1.3198158740997314, 6691
1.3198158740997314, 6690
1.3198158740997314, 6689
1.3198158740997314, 6688
1.3198158740997314, 6687
1.327915906906128, 6686
1.3299822807312012, 6685
1.3299822807312012, 6684
1.3299822807312012, 6683
1.3380770683288574, 6682
1.3380770683288574, 6681
1.3401288986206055, 6680
1.3401288986206055, 6679
1.3401288986206055, 6678
1.3481366634368896, 6677
1.3481910228729248, 6676
1.3481910228729248, 6675
1.3481910228729248, 6674
1.3481910228729248, 6673
1.3481910228729248, 6672
1.3582916259765625, 6671
1.3582916259765625, 6670
1.3582916259765625, 6669
1.3603510856628418, 6668
1.3603510856628418, 6667
1.3603510856628418, 6666
1.3603510856628418, 6665
1.3603510856628418, 6664
1.3684098720550537, 6663
1.3704659938812256, 6662
1.3704659938812256, 6661
1.3790411949157715, 6660
1.3790411949157715, 6659
1.3790411949157715, 6658
1.3890905380249023, 6657
1.3890905380249023, 6656
1.3911607265472412, 6655
1.3911607265472412, 6654
1.3911607265472412, 6653
1.4013102054595947, 6652
1.4013102054595947, 6651
1.4013102054595947, 6650
1.4013102054595947, 6649
1.4013102054595947, 6648
1.411421537399292, 6647
1.411421537399292, 6646
1.411421537399292, 6645
1.411421537399292, 6644
1.411421537399292, 6643
1.411421537399292, 6642
1.411421537399292, 6641
1.4195094108581543, 6640
1.421576738357544, 6639
1.421576738357544, 6638
1.421576738357544, 6637
1.4296512603759766, 6636
1.4296512603759766, 6635
1.4296512603759766, 6634
1.4317166805267334, 6633
1.4317166805267334, 6632
1.4317166805267334, 6631
1.4317166805267334, 6630
1.4317166805267334, 6629
1.4317166805267334, 6628
1.4397263526916504, 6627
1.4398057460784912, 6626
1.4398057460784912, 6625
1.4418387413024902, 6624
1.4418387413024902, 6623
1.4418387413024902, 6622
1.449904441833496, 6621
1.449904441833496, 6620
1.4519736766815186, 6619
1.4519736766815186, 6618
1.4519736766815186, 6617
1.4621374607086182, 6616
1.4621374607086182, 6615
1.4621374607086182, 6614
1.4621374607086182, 6613
1.4621374607086182, 6612
1.4621374607086182, 6611
1.4621374607086182, 6610
1.4621374607086182, 6609
1.4621374607086182, 6608
1.4702095985412598, 6607
1.4702095985412598, 6606
1.4722611904144287, 6605
1.4722611904144287, 6604
1.4722611904144287, 6603
1.4823970794677734, 6602
1.4823970794677734, 6601
1.4823970794677734, 6600
1.4823970794677734, 6599
1.4823970794677734, 6598
1.4904892444610596, 6597
1.492556095123291, 6596
1.492556095123291, 6595
1.492556095123291, 6594
1.5006566047668457, 6593
1.5006566047668457, 6592
1.502727746963501, 6591
1.502727746963501, 6590
1.502727746963501, 6589
1.502727746963501, 6588
1.502727746963501, 6587
1.502727746963501, 6586
1.510803461074829, 6585
1.510803461074829, 6584
1.5128724575042725, 6583
1.5128724575042725, 6582
1.5128724575042725, 6581
1.5128724575042725, 6580
1.5128724575042725, 6579
1.520902156829834, 6578
1.520902156829834, 6577
1.52297043800354, 6576
1.52297043800354, 6575
1.52297043800354, 6574
1.5310368537902832, 6573
1.5310368537902832, 6572
1.5331051349639893, 6571
1.5331051349639893, 6570
1.5331051349639893, 6569
1.5331051349639893, 6568
1.5331051349639893, 6567
1.5331051349639893, 6566
1.5331051349639893, 6565
1.5411512851715088, 6564
1.5432155132293701, 6563
1.5432155132293701, 6562
1.5432155132293701, 6561
1.5432155132293701, 6560
1.5432155132293701, 6559
1.5432155132293701, 6558
1.5432155132293701, 6557
1.5512828826904297, 6556
1.5512828826904297, 6555
1.5533599853515625, 6554
1.5533599853515625, 6553
1.5533599853515625, 6552
1.5533599853515625, 6551
1.561427354812622, 6550
1.56349515914917, 6549
1.56349515914917, 6548
1.56349515914917, 6547
1.56349515914917, 6546
1.56349515914917, 6545
1.56349515914917, 6544
1.5715622901916504, 6543
1.5715622901916504, 6542
1.5715622901916504, 6541
1.5736277103424072, 6540
1.5736277103424072, 6539
1.5736277103424072, 6538
1.5736277103424072, 6537
1.5817153453826904, 6536
1.5837810039520264, 6535
1.5837810039520264, 6534
1.5837810039520264, 6533
1.5837810039520264, 6532
1.5837810039520264, 6531
1.5837810039520264, 6530
1.5837810039520264, 6529
1.5918478965759277, 6528
1.5939149856567383, 6527
1.5939149856567383, 6526
1.5939149856567383, 6525
1.5939149856567383, 6524
1.5939149856567383, 6523
1.5939149856567383, 6522
1.604018211364746, 6521
1.604018211364746, 6520
1.604018211364746, 6519
1.604018211364746, 6518
1.604018211364746, 6517
1.604018211364746, 6516
1.604018211364746, 6515
1.6120812892913818, 6514
1.6120812892913818, 6513
1.6120812892913818, 6512
1.6141483783721924, 6511
1.6141483783721924, 6510
1.6141483783721924, 6509
1.6141483783721924, 6508
1.6141483783721924, 6507
1.6141483783721924, 6506
1.6141483783721924, 6505
1.624298095703125, 6504
1.624298095703125, 6503
1.624298095703125, 6502
1.624298095703125, 6501
1.624298095703125, 6500
1.624298095703125, 6499
1.624298095703125, 6498
1.6344316005706787, 6497
1.6344316005706787, 6496
1.6445379257202148, 6495
1.6445379257202148, 6494
1.6445379257202148, 6493
1.6445379257202148, 6492
1.654672384262085, 6491
1.654672384262085, 6490
1.654672384262085, 6489
1.654672384262085, 6488
1.654672384262085, 6487
1.654672384262085, 6486
1.6626980304718018, 6485
1.6647727489471436, 6484
1.6647727489471436, 6483
1.6647727489471436, 6482
1.6647727489471436, 6481
1.6647727489471436, 6480
1.6647727489471436, 6479
1.6728386878967285, 6478
1.6749043464660645, 6477
1.6749043464660645, 6476
1.6749043464660645, 6475
1.6749043464660645, 6474
1.6749043464660645, 6473
1.6749043464660645, 6472
1.6749043464660645, 6471
1.6850388050079346, 6470
1.6850388050079346, 6469
1.6931073665618896, 6468
1.6931073665618896, 6467
1.6931073665618896, 6466
1.695183277130127, 6465
1.695183277130127, 6464
1.695183277130127, 6463
1.7053346633911133, 6462
1.7053346633911133, 6461
1.7053346633911133, 6460
1.7134027481079102, 6459
1.7134027481079102, 6458
1.7154767513275146, 6457
1.7154767513275146, 6456
1.7154767513275146, 6455
1.7154767513275146, 6454
1.7154767513275146, 6453
1.7154767513275146, 6452
1.72355318069458, 6451
1.72355318069458, 6450
1.725616693496704, 6449
1.725616693496704, 6448
1.725616693496704, 6447
1.725616693496704, 6446
1.725616693496704, 6445
1.725616693496704, 6444
1.7357470989227295, 6443
1.7357470989227295, 6442
1.7357470989227295, 6441
1.7357470989227295, 6440
1.7357470989227295, 6439
1.7357470989227295, 6438
1.7357470989227295, 6437
1.7357470989227295, 6436
1.7357470989227295, 6435
1.746258020401001, 6434
1.746258020401001, 6433
1.746258020401001, 6432
1.746258020401001, 6431
1.746258020401001, 6430
1.7543256282806396, 6429
1.7563912868499756, 6428
1.766526460647583, 6427
1.766526460647583, 6426
1.766526460647583, 6425
1.766526460647583, 6424
1.766526460647583, 6423
1.766526460647583, 6422
1.7745962142944336, 6421
1.7745962142944336, 6420
1.7745962142944336, 6419
1.7766625881195068, 6418
1.7766625881195068, 6417
1.7766625881195068, 6416
1.7868142127990723, 6415
1.7868142127990723, 6414
1.7948806285858154, 6413
1.7969458103179932, 6412
1.7969458103179932, 6411
1.8070781230926514, 6410
1.8070781230926514, 6409
1.8172097206115723, 6408
1.8172097206115723, 6407
1.8172097206115723, 6406
1.825237512588501, 6405
1.8273043632507324, 6404
1.8273043632507324, 6403
1.8273043632507324, 6402
1.8273043632507324, 6401
1.8273043632507324, 6400
1.8273043632507324, 6399
1.8273043632507324, 6398
1.8273043632507324, 6397
1.835378885269165, 6396
1.837446689605713, 6395
1.837446689605713, 6394
1.837446689605713, 6393
1.837446689605713, 6392
1.837446689605713, 6391
1.837446689605713, 6390
1.837446689605713, 6389
1.8454914093017578, 6388
1.8475682735443115, 6387
1.8475682735443115, 6386
1.8475682735443115, 6385
1.8475682735443115, 6384
1.8556373119354248, 6383
1.8577032089233398, 6382
1.8577032089233398, 6381
1.8577032089233398, 6380
1.8577032089233398, 6379
1.8657937049865723, 6378
1.8657937049865723, 6377
1.8678629398345947, 6376
1.8678629398345947, 6375
1.8759326934814453, 6374
1.8779983520507812, 6373
1.8779983520507812, 6372
1.8779983520507812, 6371
1.8779983520507812, 6370
1.888108491897583, 6369
1.888108491897583, 6368
1.888108491897583, 6367
1.8982458114624023, 6366
1.8982458114624023, 6365
1.8982458114624023, 6364
1.8982458114624023, 6363
1.8982458114624023, 6362
1.9062745571136475, 6361
1.9083406925201416, 6360
1.9083406925201416, 6359
1.9083406925201416, 6358
1.9083406925201416, 6357
1.9164097309112549, 6356
1.9184751510620117, 6355
1.9184751510620117, 6354
1.9184751510620117, 6353
1.9184751510620117, 6352
1.928584337234497, 6351
1.928584337234497, 6350
1.928584337234497, 6349
1.928584337234497, 6348
1.928584337234497, 6347
1.928584337234497, 6346
1.928584337234497, 6345
1.938722848892212, 6344
1.938722848892212, 6343
1.938722848892212, 6342
1.938722848892212, 6341
1.938722848892212, 6340
1.938722848892212, 6339
1.948833703994751, 6338
1.948833703994751, 6337
1.948833703994751, 6336
1.948833703994751, 6335
1.9569015502929688, 6334
1.9589712619781494, 6333
1.9589712619781494, 6332
1.9589712619781494, 6331
1.9589712619781494, 6330
1.9589712619781494, 6329
1.967015266418457, 6328
1.9690823554992676, 6327
1.9690823554992676, 6326
1.9690823554992676, 6325
1.9690823554992676, 6324
1.9690823554992676, 6323
1.9690823554992676, 6322
1.9690823554992676, 6321
1.9690823554992676, 6320
1.9690823554992676, 6319
1.9690823554992676, 6318
1.977149248123169, 6317
1.977149248123169, 6316
1.9792149066925049, 6315
1.9792149066925049, 6314
1.9893743991851807, 6313
1.9893743991851807, 6312
1.9893743991851807, 6311
1.9893743991851807, 6310
1.9893743991851807, 6309
1.9893743991851807, 6308
1.9974446296691895, 6307
1.9995112419128418, 6306
2.0075604915618896, 6305
2.0075604915618896, 6304
2.009629964828491, 6303
2.009629964828491, 6302
2.009629964828491, 6301
2.009629964828491, 6300
2.009629964828491, 6299
2.0176970958709717, 6298
2.0176970958709717, 6297
2.019763231277466, 6296
2.019763231277466, 6295
2.019763231277466, 6294
2.019763231277466, 6293
2.019763231277466, 6292
2.019763231277466, 6291
2.0278570652008057, 6290
2.029925584793091, 6289
2.029925584793091, 6288
2.0380005836486816, 6287
2.0400760173797607, 6286
2.0400760173797607, 6285
2.0400760173797607, 6284
2.0400760173797607, 6283
2.0400760173797607, 6282
2.0502166748046875, 6281
2.0502166748046875, 6280
2.0502166748046875, 6279
2.0502166748046875, 6278
2.0582919120788574, 6277
2.0582919120788574, 6276
2.0603585243225098, 6275
2.0603585243225098, 6274
2.070502519607544, 6273
2.070502519607544, 6272
2.0785748958587646, 6271
2.0806407928466797, 6270
2.0806407928466797, 6269
2.0806407928466797, 6268
2.0806407928466797, 6267
2.090792655944824, 6266
2.090792655944824, 6265
2.090792655944824, 6264
2.090792655944824, 6263
2.090792655944824, 6262
2.098862886428833, 6261
2.100928544998169, 6260
2.100928544998169, 6259
2.100928544998169, 6258
2.100928544998169, 6257
2.100928544998169, 6256
2.100928544998169, 6255
2.109017848968506, 6254
2.111086130142212, 6253
2.111086130142212, 6252
2.111086130142212, 6251
2.1191537380218506, 6250
2.1212215423583984, 6249
2.1212215423583984, 6248
2.1212215423583984, 6247
2.1212215423583984, 6246
2.129258394241333, 6245
2.131338119506836, 6244
2.131338119506836, 6243
2.131338119506836, 6242
2.131338119506836, 6241
2.131338119506836, 6240
2.131338119506836, 6239
2.1394050121307373, 6238
2.1394050121307373, 6237
2.141470432281494, 6236
2.141470432281494, 6235
2.141470432281494, 6234
2.141470432281494, 6233
2.141470432281494, 6232
2.1495237350463867, 6231
2.1515910625457764, 6230
2.1515910625457764, 6229
2.1515910625457764, 6228
2.1596577167510986, 6227
2.1596577167510986, 6226
2.1617231369018555, 6225
2.1617231369018555, 6224
2.1617231369018555, 6223
2.1617231369018555, 6222
2.1617231369018555, 6221
2.1718857288360596, 6220
2.1718857288360596, 6219
2.1718857288360596, 6218
2.179952621459961, 6217
2.179952621459961, 6216
2.182021379470825, 6215
2.182021379470825, 6214
2.182021379470825, 6213
2.182021379470825, 6212
2.182021379470825, 6211
2.190060615539551, 6210
2.190060615539551, 6209
2.190060615539551, 6208
2.192131757736206, 6207
2.192131757736206, 6206
2.192131757736206, 6205
2.2001986503601074, 6204
2.2001986503601074, 6203
2.2022647857666016, 6202
2.2022647857666016, 6201
2.2022647857666016, 6200
2.2103111743927, 6199
2.2103111743927, 6198
2.2123706340789795, 6197
2.2123706340789795, 6196
2.2123706340789795, 6195
2.220427989959717, 6194
2.222493886947632, 6193
2.222493886947632, 6192
2.222493886947632, 6191
2.222493886947632, 6190
2.2305688858032227, 6189
2.2326245307922363, 6188
2.2326245307922363, 6187
2.2326245307922363, 6186
2.2326245307922363, 6185
2.2406833171844482, 6184
2.2427420616149902, 6183
2.2427420616149902, 6182
2.2427420616149902, 6181
2.2427420616149902, 6180
2.2427420616149902, 6179
2.2427420616149902, 6178
2.250807762145996, 6177
2.250807762145996, 6176
2.2528679370880127, 6175
2.2609283924102783, 6174
2.262981653213501, 6173
2.262981653213501, 6172
2.262981653213501, 6171
2.2710201740264893, 6170
2.2710201740264893, 6169
2.273078441619873, 6168
2.273078441619873, 6167
2.273078441619873, 6166
2.273078441619873, 6165
2.273078441619873, 6164
2.273078441619873, 6163
2.281130790710449, 6162
2.2831900119781494, 6161
2.2831900119781494, 6160
2.2831900119781494, 6159
2.2831900119781494, 6158
2.2831900119781494, 6157
2.291247606277466, 6156
2.291247606277466, 6155
2.291247606277466, 6154
2.293313980102539, 6153
2.293313980102539, 6152
2.293313980102539, 6151
2.293313980102539, 6150
2.293313980102539, 6149
2.293313980102539, 6148
2.30342173576355, 6147
2.30342173576355, 6146
2.30342173576355, 6145
2.31351375579834, 6144
2.31351375579834, 6143
2.31351375579834, 6142
2.3235976696014404, 6141
2.3336374759674072, 6140
2.3336374759674072, 6139
2.3336374759674072, 6138
2.3381481170654297, 6137
2.343830108642578, 6136
2.343830108642578, 6135
2.343830108642578, 6134
2.354400157928467, 6133
2.354400157928467, 6132
2.3726673126220703, 6131
2.374753475189209, 6130
2.374753475189209, 6129
2.3849282264709473, 6128
2.3849282264709473, 6127
2.395124673843384, 6126
2.395124673843384, 6125
2.395124673843384, 6124
2.4053149223327637, 6123
2.4053149223327637, 6122
2.4053149223327637, 6121
2.415505886077881, 6120
2.415505886077881, 6119
2.415505886077881, 6118
2.415505886077881, 6117
2.423563003540039, 6116
2.425649881362915, 6115
2.425649881362915, 6114
2.4459962844848633, 6113
2.4561753273010254, 6112
2.4561753273010254, 6111
2.466341018676758, 6110
2.466341018676758, 6109
2.474456787109375, 6108
2.476543664932251, 6107
2.476543664932251, 6106
2.476543664932251, 6105
2.476543664932251, 6104
2.507075309753418, 6103
2.507075309753418, 6102
2.515209436416626, 6101
2.527439594268799, 6100
2.5376126766204834, 6099
2.5376126766204834, 6098
2.5376126766204834, 6097
2.5376126766204834, 6096
2.5477819442749023, 6095
2.5579874515533447, 6094
2.56607723236084, 6093
2.5681538581848145, 6092
2.5762486457824707, 6091
2.578331708908081, 6090
2.578331708908081, 6089
2.578331708908081, 6088
2.586414098739624, 6087
2.5987017154693604, 6086
2.5987017154693604, 6085
2.608874797821045, 6084
2.6190648078918457, 6083
2.6271467208862305, 6082
2.6292219161987305, 6081
2.6373372077941895, 6080
2.647508382797241, 6079
2.6495859622955322, 6078
2.6495859622955322, 6077
2.6597890853881836, 6076
2.6597890853881836, 6075
2.6678643226623535, 6074
2.6699416637420654, 6073
2.6699416637420654, 6072
2.680175304412842, 6071
2.680175304412842, 6070
2.680175304412842, 6069
2.690336227416992, 6068
2.690336227416992, 6067
2.690336227416992, 6066
2.7005505561828613, 6065
2.7005505561828613, 6064
2.7005505561828613, 6063
2.710737466812134, 6062
2.7290709018707275, 6061
2.7311480045318604, 6060
2.7311480045318604, 6059
2.7311480045318604, 6058
2.739255666732788, 6057
2.7413341999053955, 6056
2.7413341999053955, 6055
2.751488208770752, 6054
2.751488208770752, 6053
2.761695146560669, 6052
2.761695146560669, 6051
2.761695146560669, 6050
2.7719016075134277, 6049
2.7800040245056152, 6048
2.7821037769317627, 6047
2.7821037769317627, 6046
2.7821037769317627, 6045
2.7821037769317627, 6044
2.790160894393921, 6043
2.7922370433807373, 6042
2.7922370433807373, 6041
2.8104870319366455, 6040
2.8104870319366455, 6039
2.8125643730163574, 6038
2.8125643730163574, 6037
2.822765350341797, 6036
2.822765350341797, 6035
2.832933187484741, 6034
2.8614535331726074, 6033
2.8614535331726074, 6032
2.8635456562042236, 6031
2.8635456562042236, 6030
2.871642827987671, 6029
2.8737354278564453, 6028
2.8737354278564453, 6027
2.8737354278564453, 6026
2.904263496398926, 6025
2.904263496398926, 6024
2.904263496398926, 6023
2.9123709201812744, 6022
2.914457082748413, 6021
2.924619436264038, 6020
2.924619436264038, 6019
2.924619436264038, 6018
2.924619436264038, 6017
2.9347734451293945, 6016
2.942906618118286, 6015
2.944988489151001, 6014
2.944988489151001, 6013
2.944988489151001, 6012
2.944988489151001, 6011
2.953068494796753, 6010
2.955145835876465, 6009
2.955145835876465, 6008
2.9657905101776123, 6007
2.9759669303894043, 6006
2.9924685955047607, 6005
2.997171401977539, 6004
2.998816967010498, 6003
3.0009772777557373, 6002
3.0167605876922607, 6001
3.018836259841919, 6000
3.018836259841919, 5999
3.03926944732666, 5998
3.03926944732666, 5997
3.0494933128356934, 5996
3.059678077697754, 5995
3.059678077697754, 5994
3.0801491737365723, 5993
3.088273048400879, 5992
3.0903234481811523, 5991
3.0903234481811523, 5990
3.0903234481811523, 5989
3.0903234481811523, 5988
3.0984466075897217, 5987
3.100565195083618, 5986
3.1086905002593994, 5985
3.110797882080078, 5984
3.118917226791382, 5983
3.121033191680908, 5982
3.121033191680908, 5981
3.121033191680908, 5980
3.129152536392212, 5979
3.13127064704895, 5978
3.13127064704895, 5977
3.1617379188537598, 5976
3.1617379188537598, 5975
3.1698360443115234, 5974
3.1718766689300537, 5973
3.1820924282073975, 5972
3.1820924282073975, 5971
3.1902248859405518, 5970
3.192321300506592, 5969
3.192321300506592, 5968
3.192321300506592, 5967
3.2127320766448975, 5966
3.2208690643310547, 5965
3.2310261726379395, 5964
3.2411587238311768, 5963
3.2513625621795654, 5962
3.253445625305176, 5961
3.263582468032837, 5960
3.283942461013794, 5959
3.294119358062744, 5958
3.294119358062744, 5957
3.3043179512023926, 5956
3.3145344257354736, 5955
3.324756145477295, 5954
3.324756145477295, 5953
3.3328771591186523, 5952
3.33499813079834, 5951
3.345238447189331, 5950
3.345238447189331, 5949
3.355393648147583, 5948
3.355393648147583, 5947
3.3758351802825928, 5946
3.386070489883423, 5945
3.39627742767334, 5944
3.4064791202545166, 5943
3.4145936965942383, 5942
3.41670560836792, 5941
3.4268972873687744, 5940
3.437120199203491, 5939
3.4576022624969482, 5938
3.4576022624969482, 5937
3.467787742614746, 5936
3.4782137870788574, 5935
3.4799253940582275, 5934
3.484299421310425, 5933
3.488630771636963, 5932
3.519336700439453, 5931
3.519336700439453, 5930
3.527454137802124, 5929
3.5295615196228027, 5928
3.5295615196228027, 5927
3.5295615196228027, 5926
3.5397579669952393, 5925
3.549968957901001, 5924
3.549968957901001, 5923
3.5580973625183105, 5922
3.560208320617676, 5921
3.568317413330078, 5920
3.570422887802124, 5919
3.570422887802124, 5918
3.5809147357940674, 5917
3.589027166366577, 5916
3.5911338329315186, 5915
3.5911338329315186, 5914
3.6013824939727783, 5913
3.6013824939727783, 5912
3.611600637435913, 5911
3.621743679046631, 5910
3.6298487186431885, 5909
3.631951093673706, 5908
3.6421122550964355, 5907
3.652312994003296, 5906
3.652312994003296, 5905
3.652312994003296, 5904
3.6625137329101562, 5903
3.6625137329101562, 5902
3.6625137329101562, 5901
3.672727346420288, 5900
3.672727346420288, 5899
3.672727346420288, 5898
3.680847406387329, 5897
3.6930196285247803, 5896
3.713284492492676, 5895
3.7234444618225098, 5894
3.7234444618225098, 5893
3.73356556892395, 5892
3.73356556892395, 5891
3.7437400817871094, 5890
3.7437400817871094, 5889
3.751797914505005, 5888
3.7538225650787354, 5887
3.7619738578796387, 5886
3.7619738578796387, 5885
3.7640011310577393, 5884
3.7640011310577393, 5883
3.7720305919647217, 5882
3.7741355895996094, 5881
3.7822020053863525, 5880
3.7822020053863525, 5879
3.802442789077759, 5878
3.802442789077759, 5877
3.8125219345092773, 5876
3.8146023750305176, 5875
3.824690818786621, 5874
3.824690818786621, 5873
3.834834575653076, 5872
3.855154275894165, 5871
3.8632235527038574, 5870
3.8652830123901367, 5869
3.8652830123901367, 5868
3.875485897064209, 5867
3.875485897064209, 5866
3.875485897064209, 5865
3.875485897064209, 5864
3.875485897064209, 5863
3.8856148719787598, 5862
3.8856148719787598, 5861
3.895808458328247, 5860
3.895808458328247, 5859
3.905937671661377, 5858
3.914016008377075, 5857
3.9160852432250977, 5856
3.9464995861053467, 5855
3.9464995861053467, 5854
3.956683397293091, 5853
3.9668173789978027, 5852
3.9769575595855713, 5851
3.9769575595855713, 5850
4.00529146194458, 5849
4.007347583770752, 5848
4.007347583770752, 5847
4.017478704452515, 5846
4.025542974472046, 5845
4.0275938510894775, 5844
4.037739992141724, 5843
4.037739992141724, 5842
4.037739992141724, 5841
4.047841548919678, 5840
4.047841548919678, 5839
4.068014144897461, 5838
4.068014144897461, 5837
4.068014144897461, 5836
4.078140020370483, 5835
4.078140020370483, 5834
4.086195468902588, 5833
4.086195468902588, 5832
4.0983664989471436, 5831
4.0983664989471436, 5830
4.0983664989471436, 5829
4.106400489807129, 5828
4.108422517776489, 5827
4.108422517776489, 5826
4.108422517776489, 5825
4.108422517776489, 5824
4.12662935256958, 5823
4.12662935256958, 5822
4.128660202026367, 5821
4.128660202026367, 5820
4.138817548751831, 5819
4.138817548751831, 5818
4.138817548751831, 5817
4.1468751430511475, 5816
4.1489033699035645, 5815
4.157007455825806, 5814
4.159044027328491, 5813
4.169132471084595, 5812
4.169132471084595, 5811
4.169132471084595, 5810
4.169132471084595, 5809
4.179244518280029, 5808
4.199873208999634, 5807
4.199873208999634, 5806
4.199873208999634, 5805
4.207936525344849, 5804
4.207936525344849, 5803
4.209986925125122, 5802
4.22815465927124, 5801
4.230189085006714, 5800
4.250445604324341, 5799
4.250445604324341, 5798
4.258548736572266, 5797
4.260579586029053, 5796
4.260579586029053, 5795
4.260579586029053, 5794
4.260579586029053, 5793
4.290866851806641, 5792
4.290866851806641, 5791
4.311063528060913, 5790
4.329235553741455, 5789
4.341424226760864, 5788
4.341424226760864, 5787
4.341424226760864, 5786
4.349478244781494, 5785
4.361668109893799, 5784
4.361668109893799, 5783
4.3697309494018555, 5782
4.3697309494018555, 5781
4.395395517349243, 5780
4.395395517349243, 5779
4.411048173904419, 5778
4.42664909362793, 5777
4.42664909362793, 5776
4.442270517349243, 5775
4.442270517349243, 5774
4.442270517349243, 5773
4.480041265487671, 5772
4.480041265487671, 5771
4.480041265487671, 5770
4.480041265487671, 5769
4.495689153671265, 5768
4.495689153671265, 5767
4.51131534576416, 5766
4.51131534576416, 5765
4.51131534576416, 5764
4.526939392089844, 5763
4.526939392089844, 5762
4.5425705909729, 5761
4.558194160461426, 5760
4.558194160461426, 5759
4.580339670181274, 5758
4.595988512039185, 5757
4.6272430419921875, 5756
4.642865180969238, 5755
4.642865180969238, 5754
4.65848970413208, 5753
4.65848970413208, 5752
4.65848970413208, 5751
4.65848970413208, 5750
4.65848970413208, 5749
4.65848970413208, 5748
4.680691480636597, 5747
4.682740211486816, 5746
4.682740211486816, 5745
4.701016902923584, 5744
4.703076124191284, 5743
4.711178302764893, 5742
4.713235139846802, 5741
4.7233686447143555, 5740
4.733518123626709, 5739
4.733518123626709, 5738
4.733518123626709, 5737
4.743652582168579, 5736
4.753830909729004, 5735
4.753830909729004, 5734
4.753830909729004, 5733
4.7639524936676025, 5732
4.7639524936676025, 5731
4.774155139923096, 5730
4.792380332946777, 5729
4.792380332946777, 5728
4.794434309005737, 5727
4.804567098617554, 5726
4.804567098617554, 5725
4.8354332447052, 5724
4.8354332447052, 5723
4.8354332447052, 5722
4.843503475189209, 5721
4.84555983543396, 5720
4.84555983543396, 5719
4.863776206970215, 5718
4.886110067367554, 5717
4.886110067367554, 5716
4.886110067367554, 5715
4.896275997161865, 5714
4.906422138214111, 5713
4.9145190715789795, 5712
4.9368896484375, 5711
4.9368896484375, 5710
4.9368896484375, 5709
4.9368896484375, 5708
4.944948673248291, 5707
4.947015285491943, 5706
4.957204580307007, 5705
4.957204580307007, 5704
4.965273141860962, 5703
4.967334270477295, 5702
4.977468967437744, 5701
4.99772047996521, 5700
4.99772047996521, 5699
5.005781888961792, 5698
5.005781888961792, 5697
5.005781888961792, 5696
5.028017044067383, 5695
5.038192272186279, 5694
5.048286437988281, 5693
5.056383371353149, 5692
5.058456897735596, 5691
5.058456897735596, 5690
5.064565181732178, 5689
5.067713499069214, 5688
5.069840908050537, 5687
5.073042392730713, 5686
5.078769207000732, 5685
5.078769207000732, 5684
5.08683180809021, 5683
5.109170436859131, 5682
5.109170436859131, 5681
5.109170436859131, 5680
5.109170436859131, 5679
5.109170436859131, 5678
5.117237091064453, 5677
5.119283199310303, 5676
5.129435777664185, 5675
5.139569044113159, 5674
5.17334771156311, 5673
5.195088863372803, 5672
5.201675653457642, 5671
5.2037060260772705, 5670
5.223981857299805, 5669
5.23209023475647, 5668
5.234138488769531, 5667
5.25437593460083, 5666
5.25437593460083, 5665
5.264488458633423, 5664
5.264488458633423, 5663
5.264488458633423, 5662
5.264488458633423, 5661
5.264488458633423, 5660
5.292897939682007, 5659
5.294990301132202, 5658
5.301041126251221, 5657
5.325484037399292, 5656
5.341247081756592, 5655
5.354032516479492, 5654
5.38090705871582, 5653
5.384472846984863, 5652
5.384472846984863, 5651
5.3911237716674805, 5650
5.3911237716674805, 5649
5.410823345184326, 5648
5.420729398727417, 5647
5.44089674949646, 5646
5.44089674949646, 5645
5.450704336166382, 5644
5.450704336166382, 5643
5.460687875747681, 5642
5.471029758453369, 5641
5.476044654846191, 5640
5.48467493057251, 5639
5.4907448291778564, 5638
5.510611057281494, 5637
5.5206298828125, 5636
5.53074836730957, 5635
5.5406341552734375, 5634
5.560628652572632, 5633
5.560628652572632, 5632
5.560628652572632, 5631
5.580817222595215, 5630
5.580817222595215, 5629
5.584870338439941, 5628
5.584870338439941, 5627
5.590998888015747, 5626
5.612691164016724, 5625
5.613739967346191, 5624
5.620496511459351, 5623
5.640596151351929, 5622
5.66064715385437, 5621
5.6706178188323975, 5620
5.6706178188323975, 5619
5.675632953643799, 5618
5.675632953643799, 5617
5.690841197967529, 5616
5.690841197967529, 5615
5.7009217739105225, 5614
5.705436944961548, 5613
5.705436944961548, 5612
5.7155680656433105, 5611
5.7206196784973145, 5610
5.730666160583496, 5609
5.730666160583496, 5608
5.740701913833618, 5607
5.7457122802734375, 5606
5.7457122802734375, 5605
5.7507429122924805, 5604
5.7507429122924805, 5603
5.7507429122924805, 5602
5.755753755569458, 5601
5.755753755569458, 5600
5.7758238315582275, 5599
5.784927129745483, 5598
5.800554990768433, 5597
5.820556402206421, 5596
5.830568552017212, 5595
5.84580397605896, 5594
5.850350618362427, 5593
5.860471248626709, 5592
5.860471248626709, 5591
5.870524883270264, 5590
5.890583276748657, 5589
5.890583276748657, 5588
5.890583276748657, 5587
5.900461673736572, 5586
5.900461673736572, 5585
5.910722017288208, 5584
5.9305338859558105, 5583
5.960728645324707, 5582
5.960728645324707, 5581
5.960728645324707, 5580
5.970524787902832, 5579
5.970524787902832, 5578
5.970524787902832, 5577
5.98076319694519, 5576
5.9853198528289795, 5575
6.000324487686157, 5574
6.000324487686157, 5573
6.000324487686157, 5572
6.010689735412598, 5571
6.010689735412598, 5570
6.010689735412598, 5569
6.010689735412598, 5568
6.030621767044067, 5567
6.030621767044067, 5566
6.043054580688477, 5565
6.0506157875061035, 5564
6.0506157875061035, 5563
6.07069206237793, 5562
6.090923070907593, 5561
6.090923070907593, 5560
6.090923070907593, 5559
6.090923070907593, 5558
6.110475063323975, 5557
6.1154866218566895, 5556
6.1154866218566895, 5555
6.120537757873535, 5554
6.120537757873535, 5553
6.130671739578247, 5552
6.130671739578247, 5551
6.150511264801025, 5550
6.150511264801025, 5549
6.170444011688232, 5548
6.175463676452637, 5547
6.200680494308472, 5546
6.200680494308472, 5545
6.200680494308472, 5544
6.210627794265747, 5543
6.210627794265747, 5542
6.210627794265747, 5541
6.210627794265747, 5540
6.220598220825195, 5539
6.23047947883606, 5538
6.240548372268677, 5537
6.250576019287109, 5536
6.2607362270355225, 5535
6.280437469482422, 5534
6.310793876647949, 5533
6.315816402435303, 5532
6.315816402435303, 5531
6.345855236053467, 5530
6.370858669281006, 5529
6.375885009765625, 5528
6.3854734897613525, 5527
6.396329879760742, 5526
6.398399114608765, 5525
6.400957345962524, 5524
6.405479907989502, 5523
6.410714864730835, 5522
6.428781747817993, 5521
6.430840253829956, 5520
6.4405553340911865, 5519
6.4405553340911865, 5518
6.450779438018799, 5517
6.450779438018799, 5516
6.457359313964844, 5515
6.47596001625061, 5514
6.480647802352905, 5513
6.480647802352905, 5512
6.490854501724243, 5511
6.520585060119629, 5510
6.520585060119629, 5509
6.530584812164307, 5508
6.535609722137451, 5507
6.535609722137451, 5506
6.558755397796631, 5505
6.580922842025757, 5504
6.611592054367065, 5503
6.611592054367065, 5502
6.611592054367065, 5501
6.632360935211182, 5500
6.653140068054199, 5499
6.673507213592529, 5498
6.68367862701416, 5497
6.68367862701416, 5496
6.690846920013428, 5495
6.693969249725342, 5494
6.701040744781494, 5493
6.7021567821502686, 5492
6.704233169555664, 5491
6.7348127365112305, 5490
6.740876913070679, 5489
6.765455484390259, 5488
6.7807533740997314, 5487
6.7960920333862305, 5486
6.801149606704712, 5485
6.804212331771851, 5484
6.816494941711426, 5483
6.826657772064209, 5482
6.826701879501343, 5481
6.826701879501343, 5480
6.830765008926392, 5479
6.830765008926392, 5478
6.840970277786255, 5477
6.850676774978638, 5476
6.860901355743408, 5475
6.871051073074341, 5474
6.918336629867554, 5473
6.925920486450195, 5472
6.955888748168945, 5471
6.970690011978149, 5470
6.975703716278076, 5469
6.98947286605835, 5468
6.996022939682007, 5467
6.997564077377319, 5466
7.060601472854614, 5465
7.06862211227417, 5464
7.070694923400879, 5463
7.080848693847656, 5462
7.080848693847656, 5461
7.085859060287476, 5460
7.090938329696655, 5459
7.090938329696655, 5458
7.095947980880737, 5457
7.111233472824097, 5456
7.145700454711914, 5455
7.149750471115112, 5454
7.151845693588257, 5453
7.151845693588257, 5452
7.1721351146698, 5451
7.1802167892456055, 5450
7.182300090789795, 5449
7.190343618392944, 5448
7.1924498081207275, 5447
7.212710857391357, 5446
7.220872163772583, 5445
7.230990886688232, 5444
7.230990886688232, 5443
7.233068227767944, 5442
7.253376007080078, 5441
7.283987045288086, 5440
7.3041768074035645, 5439
7.3062050342559814, 5438
7.310725212097168, 5437
7.320850133895874, 5436
7.326474666595459, 5435
7.331035852432251, 5434
7.331035852432251, 5433
7.331035852432251, 5432
7.336608648300171, 5431
7.354879856109619, 5430
7.397858142852783, 5429
7.397858142852783, 5428
7.415927171707153, 5427
7.417979717254639, 5426
7.430631637573242, 5425
7.441020488739014, 5424
7.446562051773071, 5423
7.4588282108306885, 5422
7.460860967636108, 5421
7.519634485244751, 5420
7.520672798156738, 5419
7.590769052505493, 5418
7.59754490852356, 5417
7.607501029968262, 5416
7.610560417175293, 5415
7.617490530014038, 5414
7.619515895843506, 5413
7.6305928230285645, 5412
7.6305928230285645, 5411
7.637568473815918, 5410
7.640616178512573, 5409
7.64984130859375, 5408
7.668056011199951, 5407
7.690308570861816, 5406
7.718570709228516, 5405
7.720602035522461, 5404
7.720602035522461, 5403
7.730762720108032, 5402
7.730762720108032, 5401
7.738847732543945, 5400
7.740907669067383, 5399
7.740907669067383, 5398
7.74903678894043, 5397
7.751096248626709, 5396
7.751096248626709, 5395
7.761215686798096, 5394
7.771561861038208, 5393
7.771561861038208, 5392
7.771561861038208, 5391
7.8202269077301025, 5390
7.8202269077301025, 5389
7.877151966094971, 5388
7.877151966094971, 5387
7.877151966094971, 5386
7.892829656600952, 5385
7.9462714195251465, 5384
7.977519750595093, 5383
7.993150234222412, 5382
8.008795976638794, 5381
8.008795976638794, 5380
8.008795976638794, 5379
8.02441930770874, 5378
8.030962467193604, 5377
8.062243938446045, 5376
8.062243938446045, 5375
8.077868700027466, 5374
8.09349250793457, 5373
8.109118700027466, 5372
8.109118700027466, 5371
8.124742984771729, 5370
8.133395433425903, 5369
8.14148497581482, 5368
8.143567562103271, 5367
8.143567562103271, 5366
8.15371036529541, 5365
8.181979179382324, 5364
8.213250160217285, 5363
8.213250160217285, 5362
8.213250160217285, 5361
8.228874921798706, 5360
8.244503021240234, 5359
8.275752544403076, 5358
8.28232479095459, 5357
8.284381866455078, 5356
8.324829816818237, 5355
8.343001127243042, 5354
8.393789768218994, 5353
8.406036853790283, 5352
8.406036853790283, 5351
8.42432713508606, 5350
8.426394939422607, 5349
8.426394939422607, 5348
8.434481620788574, 5347
8.446695804595947, 5346
8.456860303878784, 5345
8.464930772781372, 5344
8.477174997329712, 5343
8.477174997329712, 5342
8.518239974975586, 5341
8.558719158172607, 5340
8.578960180282593, 5339
8.58906364440918, 5338
8.58906364440918, 5337
8.678252696990967, 5336
8.678252696990967, 5335
8.690415620803833, 5334
8.690415620803833, 5333
8.690415620803833, 5332
8.698558330535889, 5331
8.700624227523804, 5330
8.700624227523804, 5329
8.720924377441406, 5328
8.73108172416687, 5327
8.741262197494507, 5326
8.741262197494507, 5325
8.751405000686646, 5324
8.751405000686646, 5323
8.759502172470093, 5322
8.759502172470093, 5321
8.759502172470093, 5320
8.822539329528809, 5319
8.842763185501099, 5318
8.842763185501099, 5317
8.871002912521362, 5316
8.873031377792358, 5315
8.923635005950928, 5314
8.923635005950928, 5313
8.931687831878662, 5312
8.943921089172363, 5311
8.954030752182007, 5310
8.974343061447144, 5309
8.98242473602295, 5308
9.025068521499634, 5307
9.025068521499634, 5306
9.045292615890503, 5305
9.045292615890503, 5304
9.055437088012695, 5303
9.065640687942505, 5302
9.065640687942505, 5301
9.106747150421143, 5300
9.116870641708374, 5299
9.116870641708374, 5298
9.124991655349731, 5297
9.137220621109009, 5296
9.137220621109009, 5295
9.14738655090332, 5294
9.155462503433228, 5293
9.157538414001465, 5292
9.167691946029663, 5291
9.198216199874878, 5290
9.206324100494385, 5289
9.218512773513794, 5288
9.218512773513794, 5287
9.259178161621094, 5286
9.269326448440552, 5285
9.299791097640991, 5284
9.32017731666565, 5283
9.32017731666565, 5282
9.340494632720947, 5281
9.350677013397217, 5280
9.350677013397217, 5279
9.368970394134521, 5278
9.401376008987427, 5277
9.421659708023071, 5276
9.43183422088623, 5275
9.43183422088623, 5274
9.439876317977905, 5273
9.44191288948059, 5272
9.460105657577515, 5271
9.472217559814453, 5270
9.472217559814453, 5269
9.472217559814453, 5268
9.472217559814453, 5267
9.482299566268921, 5266
9.482299566268921, 5265
9.492393255233765, 5264
9.492393255233765, 5263
9.532817840576172, 5262
9.540902137756348, 5261
9.54295563697815, 5260
9.551066875457764, 5259
9.563186645507812, 5258
9.583488941192627, 5257
9.583488941192627, 5256
9.603758573532104, 5255
9.623989343643188, 5254
9.623989343643188, 5253
9.623989343643188, 5252
9.63418698310852, 5251
9.652345180511475, 5250
9.654404401779175, 5249
9.654404401779175, 5248
9.654404401779175, 5247
9.654404401779175, 5246
9.674763441085815, 5245
9.68280553817749, 5244
9.695035696029663, 5243
9.715821743011475, 5242
9.726025581359863, 5241
9.736226558685303, 5240
9.746416091918945, 5239
9.746416091918945, 5238
9.76680326461792, 5237
9.776996612548828, 5236
9.78719186782837, 5235
9.817779302597046, 5234
9.838144302368164, 5233
9.858313083648682, 5232
9.866403579711914, 5231
9.868484020233154, 5230
9.878732681274414, 5229
9.897026777267456, 5228
9.907241344451904, 5227
9.932712316513062, 5226
9.932712316513062, 5225
9.93989634513855, 5224
9.958487749099731, 5223
9.96058464050293, 5222
9.968727111816406, 5221
9.980944633483887, 5220
10.062590599060059, 5219
10.072789669036865, 5218
10.082994222640991, 5217
10.103403568267822, 5216
10.11360478401184, 5215
10.12383484840393, 5214
10.12383484840393, 5213
10.164666652679443, 5212
10.17491340637207, 5211
10.185106039047241, 5210
10.185106039047241, 5209
10.213602542877197, 5208
10.225884437561035, 5207
10.256611347198486, 5206
10.256611347198486, 5205
10.256611347198486, 5204
10.277015686035156, 5203
10.287187814712524, 5202
10.287187814712524, 5201
10.297401189804077, 5200
10.297401189804077, 5199
10.297401189804077, 5198
10.297401189804077, 5197
10.30548906326294, 5196
10.31777024269104, 5195
10.327967405319214, 5194
10.348785877227783, 5193
10.356948614120483, 5192
10.359040260314941, 5191
10.359040260314941, 5190
10.359040260314941, 5189
10.36713695526123, 5188
10.369214534759521, 5187
10.379516839981079, 5186
10.389713525772095, 5185
10.410073280334473, 5184
10.420294761657715, 5183
10.420294761657715, 5182
10.450990915298462, 5181
10.465571165084839, 5180
10.489917278289795, 5179
10.50221872329712, 5178
10.520484447479248, 5177
10.522569417953491, 5176
10.532814979553223, 5175
10.532814979553223, 5174
10.543004274368286, 5173
10.553205966949463, 5172
10.571479797363281, 5171
10.581493139266968, 5170
10.597141981124878, 5169
10.628400087356567, 5168
10.628400087356567, 5167
10.628400087356567, 5166
10.644031763076782, 5165
10.697466135025024, 5164
10.697466135025024, 5163
10.728708505630493, 5162
10.728708505630493, 5161
10.744333267211914, 5160
10.744333267211914, 5159
10.744333267211914, 5158
10.744333267211914, 5157
10.782178163528442, 5156
10.813483476638794, 5155
10.860360622406006, 5154
10.875983476638794, 5153
10.913782835006714, 5152
10.913782835006714, 5151
10.929412126541138, 5150
10.929412126541138, 5149
10.929412126541138, 5148
10.960653305053711, 5147
10.976279735565186, 5146
10.98280119895935, 5145
10.998456716537476, 5144
11.045329332351685, 5143
11.045329332351685, 5142
11.076576709747314, 5141
11.076576709747314, 5140
11.08309817314148, 5139
11.08309817314148, 5138
11.09874439239502, 5137
11.11441707611084, 5136
11.11441707611084, 5135
11.199049949645996, 5134
11.199049949645996, 5133
11.21467900276184, 5132
11.230348587036133, 5131
11.245978116989136, 5130
11.245978116989136, 5129
11.26161003112793, 5128
11.277226209640503, 5127
11.296109676361084, 5126
11.296109676361084, 5125
11.314377784729004, 5124
11.326530933380127, 5123
11.336658954620361, 5122
11.344778299331665, 5121
11.346865177154541, 5120
11.375397443771362, 5119
11.377487659454346, 5118
11.377487659454346, 5117
11.377487659454346, 5116
11.408059358596802, 5115
11.418245792388916, 5114
11.438650846481323, 5113
11.438650846481323, 5112
11.438650846481323, 5111
11.438650846481323, 5110
11.446735858917236, 5109
11.459071636199951, 5108
11.487614154815674, 5107
11.499965190887451, 5106
11.499965190887451, 5105
11.499965190887451, 5104
11.518261194229126, 5103
11.520349740982056, 5102
11.530537605285645, 5101
11.582152128219604, 5100
11.592323303222656, 5099
11.600458860397339, 5098
11.60254955291748, 5097
11.612738609313965, 5096
11.637061357498169, 5095
11.641621828079224, 5094
11.641621828079224, 5093
11.641621828079224, 5092
11.657267093658447, 5091
11.672941207885742, 5090
11.672941207885742, 5089
11.753820657730103, 5088
11.784411668777466, 5087
11.802741050720215, 5086
11.804826498031616, 5085
11.804826498031616, 5084
11.83551812171936, 5083
11.83551812171936, 5082
11.856006622314453, 5081
11.866178035736084, 5080
11.876464605331421, 5079
11.886674880981445, 5078
11.901152610778809, 5077
11.903449773788452, 5076
11.905162811279297, 5075
11.935959815979004, 5074
11.948371410369873, 5073
11.968786716461182, 5072
11.97689175605774, 5071
11.999361753463745, 5070
11.999361753463745, 5069
11.999361753463745, 5068
12.009649515151978, 5067
12.009649515151978, 5066
12.009649515151978, 5065
12.030115127563477, 5064
12.04849886894226, 5063
12.060860395431519, 5062
12.060860395431519, 5061
12.068950414657593, 5060
12.081317663192749, 5059
12.091557741165161, 5058
12.10982608795166, 5057
12.122300863265991, 5056
12.122300863265991, 5055
12.122300863265991, 5054
12.132530450820923, 5053
12.153058052062988, 5052
12.173840999603271, 5051
12.173840999603271, 5050
12.194285869598389, 5049
12.194285869598389, 5048
12.202406883239746, 5047
12.214776515960693, 5046
12.245468139648438, 5045
12.255733966827393, 5044
12.286423206329346, 5043
12.2966148853302, 5042
12.317108392715454, 5041
12.317108392715454, 5040
12.325232744216919, 5039
12.347875118255615, 5038
12.35815143585205, 5037
12.366228580474854, 5036
12.378376007080078, 5035
12.378376007080078, 5034
12.386439323425293, 5033
12.39652681350708, 5032
12.39652681350708, 5031
12.406675338745117, 5030
12.408740997314453, 5029
12.408740997314453, 5028
12.418890237808228, 5027
12.437049865722656, 5026
12.437049865722656, 5025
12.439115524291992, 5024
12.439115524291992, 5023
12.439115524291992, 5022
12.439115524291992, 5021
12.439115524291992, 5020
12.447184085845947, 5019
12.449250936508179, 5018
12.459401845932007, 5017
12.459401845932007, 5016
12.469548225402832, 5015
12.477583885192871, 5014
12.477583885192871, 5013
12.479653596878052, 5012
12.499945878982544, 5011
12.508012771606445, 5010
12.51814603805542, 5009
12.530360698699951, 5008
12.530360698699951, 5007
12.530360698699951, 5006
12.538389921188354, 5005
12.538389921188354, 5004
12.540456295013428, 5003
12.540456295013428, 5002
12.548523902893066, 5001
12.56071138381958, 5000
12.570864200592041, 4999
12.570864200592041, 4998
12.570864200592041, 4997
12.601339340209961, 4996
12.611479997634888, 4995
12.611479997634888, 4994
12.611479997634888, 4993
12.611479997634888, 4992
12.621663093566895, 4991
12.621663093566895, 4990
12.621663093566895, 4989
12.645102262496948, 4988
12.649319648742676, 4987
12.655593633651733, 4986
12.663230657577515, 4985
12.663230657577515, 4984
12.69362187385559, 4983
12.69362187385559, 4982
12.69362187385559, 4981
12.701630115509033, 4980
12.711841583251953, 4979
12.724043369293213, 4978
12.732086896896362, 4977
12.742228031158447, 4976
12.742228031158447, 4975
12.744293928146362, 4974
12.764540433883667, 4973
12.774711847305298, 4972
12.774711847305298, 4971
12.774711847305298, 4970
12.782783508300781, 4969
12.784851551055908, 4968
12.784851551055908, 4967
12.80549144744873, 4966
12.815638065338135, 4965
12.823704957962036, 4964
12.83589220046997, 4963
12.83589220046997, 4962
12.83589220046997, 4961
12.84602689743042, 4960
12.84602689743042, 4959
12.84602689743042, 4958
12.856140851974487, 4957
12.856140851974487, 4956
12.856140851974487, 4955
12.856140851974487, 4954
12.864206790924072, 4953
12.876376628875732, 4952
12.876376628875732, 4951
12.884453535079956, 4950
12.886520385742188, 4949
12.894605159759521, 4948
12.904741764068604, 4947
12.904741764068604, 4946
12.916915893554688, 4945
12.927052021026611, 4944
12.927052021026611, 4943
12.945260286331177, 4942
12.947327375411987, 4941
12.967614889144897, 4940
12.99799370765686, 4939
13.016155004501343, 4938
13.016155004501343, 4937
13.018222570419312, 4936
13.018222570419312, 4935
13.018222570419312, 4934
13.03641939163208, 4933
13.04859209060669, 4932
13.04859209060669, 4931
13.058743715286255, 4930
13.09927487373352, 4929
13.117436170578003, 4928
13.11950135231018, 4927
13.11950135231018, 4926
13.129613161087036, 4925
13.129613161087036, 4924
13.137687921524048, 4923
13.139751672744751, 4922
13.149836540222168, 4921
13.149836540222168, 4920
13.149836540222168, 4919
13.157883644104004, 4918
13.168025255203247, 4917
13.17008352279663, 4916
13.188269853591919, 4915
13.190338850021362, 4914
13.190338850021362, 4913
13.19837760925293, 4912
13.19837760925293, 4911
13.200430870056152, 4910
13.200430870056152, 4909
13.20849084854126, 4908
13.210545778274536, 4907
13.220688104629517, 4906
13.230753421783447, 4905
13.238866329193115, 4904
13.240931749343872, 4903
13.240931749343872, 4902
13.240931749343872, 4901
13.249000310897827, 4900
13.251063108444214, 4899
13.251063108444214, 4898
13.251063108444214, 4897
13.281455278396606, 4896
13.281455278396606, 4895
13.289523601531982, 4894
13.289523601531982, 4893
13.291608810424805, 4892
13.291608810424805, 4891
13.299690246582031, 4890
13.309847593307495, 4889
13.31191349029541, 4888
13.330097675323486, 4887
13.332165002822876, 4886
13.352454423904419, 4885
13.362618684768677, 4884
13.362618684768677, 4883
13.370687007904053, 4882
13.372752904891968, 4881
13.372752904891968, 4880
13.372752904891968, 4879
13.380839347839355, 4878
13.403616189956665, 4877
13.413755655288696, 4876
13.413755655288696, 4875
13.421787023544312, 4874
13.42385482788086, 4873
13.42385482788086, 4872
13.433986186981201, 4871
13.444145917892456, 4870
13.444145917892456, 4869
13.444145917892456, 4868
13.454245567321777, 4867
13.454245567321777, 4866
13.454245567321777, 4865
13.464372158050537, 4864
13.464372158050537, 4863
13.474514484405518, 4862
13.474514484405518, 4861
13.484619617462158, 4860
13.49476146697998, 4859
13.515038013458252, 4858
13.54545259475708, 4857
13.55559515953064, 4856
13.565715551376343, 4855
13.565715551376343, 4854
13.565715551376343, 4853
13.565715551376343, 4852
13.573789119720459, 4851
13.575857400894165, 4850
13.5859854221344, 4849
13.5859854221344, 4848
13.596127271652222, 4847
13.596127271652222, 4846
13.596127271652222, 4845
13.596127271652222, 4844
13.596127271652222, 4843
13.606259822845459, 4842
13.636671543121338, 4841
13.646860599517822, 4840
13.654939889907837, 4839
13.695494413375854, 4838
13.695494413375854, 4837
13.697565078735352, 4836
13.705662727355957, 4835
13.715801477432251, 4834
13.717852592468262, 4833
13.717852592468262, 4832
13.717852592468262, 4831
13.725890159606934, 4830
13.738091945648193, 4829
13.748244762420654, 4828
13.758383989334106, 4827
13.758383989334106, 4826
13.768479585647583, 4825
13.778610229492188, 4824
13.7887601852417, 4823
13.7887601852417, 4822
13.7887601852417, 4821
13.7887601852417, 4820
13.79889464378357, 4819
13.819151401519775, 4818
13.8394296169281, 4817
13.867798089981079, 4816
13.867798089981079, 4815
13.869879007339478, 4814
13.880982398986816, 4813
13.884223222732544, 4812
13.887882471084595, 4811
13.893632650375366, 4810
13.898199081420898, 4809
13.920548915863037, 4808
13.920548915863037, 4807
13.920548915863037, 4806
13.92861819267273, 4805
13.940922737121582, 4804
13.948996543884277, 4803
13.951058387756348, 4802
13.951058387756348, 4801
13.959118604660034, 4800
13.971362590789795, 4799
13.981479406356812, 4798
13.981479406356812, 4797
13.99161672592163, 4796
13.99161672592163, 4795
13.99161672592163, 4794
14.050731897354126, 4793
14.050731897354126, 4792
14.052797794342041, 4791
14.062952518463135, 4790
14.062952518463135, 4789
14.062952518463135, 4788
14.062952518463135, 4787
14.071019172668457, 4786
14.073085069656372, 4785
14.081169128417969, 4784
14.09131407737732, 4783
14.103545665740967, 4782
14.113678216934204, 4781
14.12380337715149, 4780
14.12380337715149, 4779
14.133938789367676, 4778
14.144083976745605, 4777
14.144083976745605, 4776
14.164361238479614, 4775
14.172428131103516, 4774
14.172428131103516, 4773
14.184657335281372, 4772
14.194739580154419, 4771
14.194798231124878, 4770
14.194798231124878, 4769
14.22517442703247, 4768
14.245450019836426, 4767
14.245450019836426, 4766
14.255587577819824, 4765
14.263699054718018, 4764
14.275808095932007, 4763
14.275808095932007, 4762
14.304157733917236, 4761
14.306246280670166, 4760
14.314311981201172, 4759
14.316367626190186, 4758
14.316367626190186, 4757
14.32648491859436, 4756
14.336604833602905, 4755
14.336604833602905, 4754
14.336604833602905, 4753
14.336604833602905, 4752
14.336604833602905, 4751
14.357146263122559, 4750
14.357146263122559, 4749
14.357146263122559, 4748
14.357146263122559, 4747
14.365259408950806, 4746
14.39761471748352, 4745
14.415832757949829, 4744
14.41788363456726, 4743
14.41788363456726, 4742
14.425947904586792, 4741
14.458327054977417, 4740
14.466430902481079, 4739
14.468503475189209, 4738
14.468503475189209, 4737
14.476581811904907, 4736
14.47865605354309, 4735
14.496840715408325, 4734
14.498907089233398, 4733
14.509079933166504, 4732
14.509079933166504, 4731
14.509079933166504, 4730
14.529312372207642, 4729
14.529312372207642, 4728
14.569925785064697, 4727
14.569925785064697, 4726
14.577995300292969, 4725
14.590175151824951, 4724
14.590175151824951, 4723
14.610419750213623, 4722
14.620554685592651, 4721
14.620554685592651, 4720
14.620554685592651, 4719
14.641176223754883, 4718
14.651288986206055, 4717
14.651288986206055, 4716
14.661442041397095, 4715
14.661442041397095, 4714
14.671602725982666, 4713
14.671602725982666, 4712
14.689749956130981, 4711
14.702036142349243, 4710
14.710142135620117, 4709
14.77091097831726, 4708
14.772978782653809, 4707
14.781046390533447, 4706
14.793221235275269, 4705
14.793221235275269, 4704
14.80336046218872, 4703
14.80336046218872, 4702
14.80336046218872, 4701
14.82153868675232, 4700
14.82153868675232, 4699
14.823602437973022, 4698
14.833778858184814, 4697
14.843923091888428, 4696
14.862112522125244, 4695
14.864180326461792, 4694
14.894535064697266, 4693
14.914790868759155, 4692
14.932981252670288, 4691
14.935017585754395, 4690
14.945160627365112, 4689
14.9531991481781, 4688
14.955261468887329, 4687
14.955261468887329, 4686
14.955261468887329, 4685
14.975561141967773, 4684
14.995803117752075, 4683
15.003878593444824, 4682
15.003878593444824, 4681
15.005886316299438, 4680
15.016051054000854, 4679
15.034233331680298, 4678
15.042603731155396, 4677
15.052109479904175, 4676
15.0663161277771, 4675
15.086678743362427, 4674
15.107098579406738, 4673
15.107098579406738, 4672
15.127355813980103, 4671
15.155679941177368, 4670
15.157758712768555, 4669
15.167857885360718, 4668
15.177947282791138, 4667
15.188129425048828, 4666
15.196205377578735, 4665
15.208421468734741, 4664
15.208421468734741, 4663
15.216490507125854, 4662
15.228710651397705, 4661
15.238861083984375, 4660
15.249441862106323, 4659
15.269745349884033, 4658
15.29808759689331, 4657
15.300152778625488, 4656
15.371177673339844, 4655
15.37925100326538, 4654
15.391483306884766, 4653
15.391483306884766, 4652
15.401619672775269, 4651
15.411747217178345, 4650
15.442137241363525, 4649
15.450198411941528, 4648
15.47255802154541, 4647
15.47255802154541, 4646
15.502997875213623, 4645
15.513108968734741, 4644
15.513108968734741, 4643
15.533350467681885, 4642
15.573851823806763, 4641
15.59209656715393, 4640
15.604279041290283, 4639
15.61441946029663, 4638
15.624536275863647, 4637
15.624536275863647, 4636
15.634684801101685, 4635
15.652912855148315, 4634
15.668378829956055, 4633
15.673108100891113, 4632
15.675162553787231, 4631
15.693359613418579, 4630
15.705497026443481, 4629
15.72566819190979, 4628
15.733742237091064, 4627
15.7357816696167, 4626
15.7357816696167, 4625
15.756021738052368, 4624
15.766122102737427, 4623
15.776238918304443, 4622
15.796507596969604, 4621
15.816714525222778, 4620
15.826801776885986, 4619
15.867658615112305, 4618
15.867658615112305, 4617
15.867658615112305, 4616
15.885365962982178, 4615
15.917590141296387, 4614
15.917590141296387, 4613
15.917590141296387, 4612
15.937842845916748, 4611
15.958071947097778, 4610
15.968212842941284, 4609
15.998597145080566, 4608
15.998597145080566, 4607
15.998597145080566, 4606
16.00671124458313, 4605
16.00671124458313, 4604
16.00878620147705, 4603
16.029033422470093, 4602
16.039121389389038, 4601
16.0594003200531, 4600
16.069539308547974, 4599
16.069539308547974, 4598
16.07761240005493, 4597
16.079669713974, 4596
16.099933862686157, 4595
16.150630712509155, 4594
16.160747051239014, 4593
16.181044101715088, 4592
16.19117546081543, 4591
16.20063090324402, 4590
16.2099666595459, 4589
16.242414951324463, 4588
16.303282976150513, 4587
16.323559999465942, 4586
16.333661794662476, 4585
16.333661794662476, 4584
16.343881130218506, 4583
16.35403537750244, 4582
16.364158153533936, 4581
16.382361888885498, 4580
16.394548177719116, 4579
16.394548177719116, 4578
16.41481590270996, 4577
16.425008296966553, 4576
16.435142517089844, 4575
16.435142517089844, 4574
16.435142517089844, 4573
16.435142517089844, 4572
16.435142517089844, 4571
16.445255279541016, 4570
16.4554123878479, 4569
16.46551823616028, 4568
16.46551823616028, 4567
16.473591327667236, 4566
16.47565484046936, 4565
16.47565484046936, 4564
16.483663082122803, 4563
16.49628472328186, 4562
16.516594171524048, 4561
16.52670407295227, 4560
16.54702353477478, 4559
16.618306398391724, 4558
16.618306398391724, 4557
16.618306398391724, 4556
16.64863085746765, 4555
16.6689555644989, 4554
16.67904782295227, 4553
16.67904782295227, 4552
16.689536809921265, 4551
16.69960904121399, 4550
16.733375549316406, 4549
16.733375549316406, 4548
16.780251026153564, 4547
16.780251026153564, 4546
16.79590916633606, 4545
16.83372402191162, 4544
16.864969491958618, 4543
16.8962185382843, 4542
16.918354749679565, 4541
16.965243339538574, 4540
16.980870962142944, 4539
17.028823614120483, 4538
17.030896186828613, 4537
17.041035413742065, 4536
17.05118155479431, 4535
17.061315774917603, 4534
17.081493854522705, 4533
17.092058420181274, 4532
17.110687971115112, 4531
17.11275029182434, 4530
17.13300132751465, 4529
17.163811683654785, 4528
17.215466260910034, 4527
17.266822576522827, 4526
17.295212030410767, 4525
17.326499700546265, 4524
17.326499700546265, 4523
17.34212851524353, 4522
17.49184775352478, 4521
17.49564290046692, 4520
17.514769315719604, 4519
17.524219036102295, 4518
17.542186737060547, 4517
17.570197820663452, 4516
17.60566258430481, 4515
17.607720136642456, 4514
17.617897033691406, 4513
17.62800931930542, 4512
17.62800931930542, 4511
17.63814401626587, 4510
17.63814401626587, 4509
17.646188497543335, 4508
17.648244380950928, 4507
17.668508291244507, 4506
17.668508291244507, 4505
17.6887788772583, 4504
17.698925018310547, 4503
17.698925018310547, 4502
17.72977900505066, 4501
17.73782253265381, 4500
17.73987865447998, 4499
17.73987865447998, 4498
17.80070948600769, 4497
17.82097053527832, 4496
17.851354837417603, 4495
17.987606048583984, 4494
18.056758403778076, 4493
18.056758403778076, 4492
18.056758403778076, 4491
18.072373390197754, 4490
18.103621006011963, 4489
18.11924695968628, 4488
18.142998218536377, 4487
18.163238048553467, 4486
18.173386335372925, 4485
18.193705081939697, 4484
18.224039316177368, 4483
18.25241470336914, 4482
18.25447392463684, 4481
18.26253366470337, 4480
18.29513931274414, 4479
18.29513931274414, 4478
18.344139575958252, 4477
18.356374740600586, 4476
18.38677167892456, 4475
18.38677167892456, 4474
18.38677167892456, 4473
18.396913528442383, 4472
18.4620201587677, 4471
18.477646589279175, 4470
18.477646589279175, 4469
18.477646589279175, 4468
18.49326777458191, 4467
18.527628421783447, 4466
18.54848551750183, 4465
18.54848551750183, 4464
18.568886280059814, 4463
18.57900857925415, 4462
18.58913016319275, 4461
18.597187280654907, 4460
18.599241971969604, 4459
18.607331037521362, 4458
18.609403371810913, 4457
18.632917404174805, 4456
18.643075227737427, 4455
18.701642990112305, 4454
18.71174716949463, 4453
18.742105960845947, 4452
18.75022578239441, 4451
18.772549390792847, 4450
18.772549390792847, 4449
18.7827045917511, 4448
18.82320475578308, 4447
18.84345579147339, 4446
18.86371612548828, 4445
18.87383532524109, 4444
18.88402247428894, 4443
18.894129991531372, 4442
18.924522876739502, 4441
18.934609413146973, 4440
18.934609413146973, 4439
18.95322895050049, 4438
18.973477602005005, 4437
18.98361563682556, 4436
18.98361563682556, 4435
18.995723724365234, 4434
19.070281267166138, 4433
19.148404836654663, 4432
19.148404836654663, 4431
19.154954195022583, 4430
19.154954195022583, 4429
19.170628547668457, 4428
19.170628547668457, 4427
19.201838493347168, 4426
19.255309581756592, 4425
19.257362842559814, 4424
19.287798404693604, 4423
19.29587411880493, 4422
19.29792356491089, 4421
19.29792356491089, 4420
19.308094024658203, 4419
19.328309774398804, 4418
19.38906240463257, 4417
19.49067449569702, 4416
19.53934121131897, 4415
19.555022954940796, 4414
19.555022954940796, 4413
19.570621490478516, 4412
19.570621490478516, 4411
19.58624267578125, 4410
19.58624267578125, 4409
19.633158206939697, 4408
19.639675855636597, 4407
19.65535068511963, 4406
19.670979738235474, 4405
19.755709886550903, 4404
19.802565813064575, 4403
19.818172693252563, 4402
19.818172693252563, 4401
19.833837509155273, 4400
19.87287974357605, 4399
19.88093638420105, 4398
19.893147706985474, 4397
19.903292894363403, 4396
19.923958778381348, 4395
19.93411421775818, 4394
19.954355716705322, 4393
19.964465618133545, 4392
19.964465618133545, 4391
19.974617958068848, 4390
19.974617958068848, 4389
19.98268222808838, 4388
19.98268222808838, 4387
19.98470401763916, 4386
19.995314359664917, 4385
20.00540852546692, 4384
20.015575408935547, 4383
20.025699138641357, 4382
20.06420922279358, 4381
20.13748598098755, 4380
20.13748598098755, 4379
20.147592544555664, 4378
20.170312881469727, 4377
20.20872688293457, 4376
20.22089457511902, 4375
20.291741609573364, 4374
20.322147846221924, 4373
20.340378284454346, 4372
20.35256552696228, 4371
20.35256552696228, 4370
20.36269211769104, 4369
20.36269211769104, 4368
20.433489084243774, 4367
20.433489084243774, 4366
20.44366955757141, 4365
20.484172105789185, 4364
20.504433393478394, 4363
20.54487681388855, 4362
20.55516791343689, 4361
20.565325260162354, 4360
20.565325260162354, 4359
20.57543659210205, 4358
20.57543659210205, 4357
20.585761070251465, 4356
20.64653253555298, 4355
20.64653253555298, 4354
20.64653253555298, 4353
20.64653253555298, 4352
20.656745672225952, 4351
20.656745672225952, 4350
20.656745672225952, 4349
20.66688323020935, 4348
20.68418049812317, 4347
20.70940637588501, 4346
20.717525005340576, 4345
20.719600677490234, 4344
20.767881631851196, 4343
20.814777135849, 4342
20.846056699752808, 4341
20.846056699752808, 4340
20.861693382263184, 4339
20.868204593658447, 4338
20.868204593658447, 4337
20.88389229774475, 4336
20.899505376815796, 4335
20.899505376815796, 4334
20.91513419151306, 4333
20.930760622024536, 4332
20.9620041847229, 4331
20.9620041847229, 4330
20.978700399398804, 4329
21.000895261764526, 4328
21.0089852809906, 4327
21.02952742576599, 4326
21.072057485580444, 4325
21.072057485580444, 4324
21.072057485580444, 4323
21.072057485580444, 4322
21.08220362663269, 4321
21.08220362663269, 4320
21.11260676383972, 4319
21.232006788253784, 4318
21.234057188034058, 4317
21.254300832748413, 4316
21.27452850341797, 4315
21.304871797561646, 4314
21.312927722930908, 4313
21.42461895942688, 4312
21.426690340042114, 4311
21.446878671646118, 4310
21.527808904647827, 4309
21.54804491996765, 4308
21.568323373794556, 4307
21.568323373794556, 4306
21.568323373794556, 4305
21.639335870742798, 4304
21.649433612823486, 4303
21.649433612823486, 4302
21.649433612823486, 4301
21.649433612823486, 4300
21.700141191482544, 4299
21.728546619415283, 4298
21.728546619415283, 4297
21.750856399536133, 4296
21.771145582199097, 4295
21.789361000061035, 4294
21.811812162399292, 4293
21.821942567825317, 4292
21.90002417564392, 4291
21.906256437301636, 4290
21.914389610290527, 4289
21.965214252471924, 4288
22.04459857940674, 4287
22.1256103515625, 4286
22.127731323242188, 4285
22.137863874435425, 4284
22.148014783859253, 4283
22.156088829040527, 4282
22.15815567970276, 4281
22.19667410850525, 4280
22.19873881340027, 4279
22.247785091400146, 4278
22.259973764419556, 4277
22.270133018493652, 4276
22.280263423919678, 4275
22.290397882461548, 4274
22.30860471725464, 4273
22.330974102020264, 4272
22.341105937957764, 4271
22.34913182258606, 4270
22.371455430984497, 4269
22.39169669151306, 4268
22.40183115005493, 4267
22.52349019050598, 4266
22.543742418289185, 4265
22.594725608825684, 4264
22.633156538009644, 4263
22.68585968017578, 4262
22.706161737442017, 4261
22.714262008666992, 4260
22.736586093902588, 4259
22.764915466308594, 4258
22.77714204788208, 4257
22.77714204788208, 4256
22.825803756713867, 4255
22.858332633972168, 4254
22.858332633972168, 4253
22.886650562286377, 4252
22.88872480392456, 4251
22.88872480392456, 4250
22.89888572692871, 4249
22.906956672668457, 4248
22.90902328491211, 4247
23.008172512054443, 4246
23.030472993850708, 4245
23.050695180892944, 4244
23.060807466506958, 4243
23.131651878356934, 4242
23.149868965148926, 4241
23.162084341049194, 4240
23.202951431274414, 4239
23.263701915740967, 4238
23.273813247680664, 4237
23.294020414352417, 4236
23.334540605545044, 4235
23.33459758758545, 4234
23.446099758148193, 4233
23.446099758148193, 4232
23.466495275497437, 4231
23.48673701286316, 4230
23.55765724182129, 4229
23.567755460739136, 4228
23.567755460739136, 4227
23.577888250350952, 4226
23.61837124824524, 4225
23.628532648086548, 4224
23.6791672706604, 4223
23.707576274871826, 4222
23.71977424621582, 4221
23.740054845809937, 4220
23.740054845809937, 4219
23.74813222885132, 4218
23.750155925750732, 4217
23.79073739051819, 4216
23.798805475234985, 4215
23.80087399482727, 4214
23.995012521743774, 4213
24.00516676902771, 4212
24.01323390007019, 4211
24.066009521484375, 4210
24.076146364212036, 4209
24.076146364212036, 4208
24.076146364212036, 4207
24.096447467803955, 4206
24.104478120803833, 4205
24.10654926300049, 4204
24.10654926300049, 4203
24.136960744857788, 4202
24.15726637840271, 4201
24.207893133163452, 4200
24.27684259414673, 4199
24.339691877365112, 4198
24.349846601486206, 4197
24.359981298446655, 4196
24.370074033737183, 4195
24.440932989120483, 4194
24.469329595565796, 4193
24.501798152923584, 4192
24.511979818344116, 4191
24.53221607208252, 4190
24.55239748954773, 4189
24.572666883468628, 4188
24.582776308059692, 4187
24.62328290939331, 4186
24.663793563842773, 4185
24.694239377975464, 4184
24.78539800643921, 4183
24.8158221244812, 4182
24.836060285568237, 4181
24.85634160041809, 4180
24.92725157737732, 4179
24.996122121810913, 4178
25.049217700958252, 4177
25.09785008430481, 4176
25.118122339248657, 4175
25.170757055282593, 4174
25.180889129638672, 4173
25.190996646881104, 4172
25.20112895965576, 4171
25.211246490478516, 4170
25.292264461517334, 4169
25.302407026290894, 4168
25.340822219848633, 4167
25.413707494735718, 4166
25.413707494735718, 4165
25.44407820701599, 4164
25.45418667793274, 4163
25.50277066230774, 4162
25.56339740753174, 4161
25.62494397163391, 4160
25.640571117401123, 4159
25.640571117401123, 4158
25.656187295913696, 4157
25.772060871124268, 4156
25.78768515586853, 4155
25.82669234275818, 4154
25.867284297943115, 4153
25.887590646743774, 4152
25.93606209754944, 4151
25.978591680526733, 4150
26.03921127319336, 4149
26.110086679458618, 4148
26.12021541595459, 4147
26.209362268447876, 4146
26.252330541610718, 4145
26.321138858795166, 4144
26.323192834854126, 4143
26.41427755355835, 4142
26.41427755355835, 4141
26.444660425186157, 4140
26.495726585388184, 4139
26.52438449859619, 4138
26.52438449859619, 4137
26.567476987838745, 4136
26.608479499816895, 4135
26.628774404525757, 4134
26.637158393859863, 4133
26.639230251312256, 4132
26.649438858032227, 4131
26.690136194229126, 4130
26.72094225883484, 4129
26.72094225883484, 4128
26.75964069366455, 4127
26.86428666114807, 4126
26.93679904937744, 4125
27.04899764060974, 4124
27.128729820251465, 4123
27.17194104194641, 4122
27.22298550605774, 4121
27.449498891830444, 4120
27.449498891830444, 4119
27.615111827850342, 4118
27.756391286849976, 4117
27.98409342765808, 4116
28.075923919677734, 4115
28.23009753227234, 4114
28.3021399974823, 4113
28.353291034698486, 4112
28.43502688407898, 4111
28.58730697631836, 4110
28.602935552597046, 4109
28.61855697631836, 4108
28.687655210494995, 4107
28.687655210494995, 4106
28.82015347480774, 4105
28.84867811203003, 4104
29.023930549621582, 4103
29.296278476715088, 4102
29.370392322540283, 4101
29.553901195526123, 4100
29.901251316070557, 4099
29.924051523208618, 4098
30.057437658309937, 4097
30.09812593460083, 4096
30.220423698425293, 4095
30.29177212715149, 4094
30.506065607070923, 4093
30.506065607070923, 4092
30.681878566741943, 4091
30.722639083862305, 4090
31.079915523529053, 4089
31.27870774269104, 4088
31.401192665100098, 4087
31.595967292785645, 4086
32.55976676940918, 4085
32.876874685287476, 4084
33.570746183395386, 4083
33.71337819099426, 4082
34.29862976074219, 4081
34.32937002182007, 4080
34.50311470031738, 4079
34.595868825912476, 4078
34.85359168052673, 4077
34.88434362411499, 4076
34.915055990219116, 4075
34.915055990219116, 4074
34.96628522872925, 4073
35.048064947128296, 4072
35.531089305877686, 4071
35.6337456703186, 4070
35.685240268707275, 4069
35.69339442253113, 4068
36.14672112464905, 4067
36.41121029853821, 4066
36.413307428359985, 4065
36.515350341796875, 4064
36.53557062149048, 4063
36.545703172683716, 4062
36.576016902923584, 4061
36.69588756561279, 4060
36.7891891002655, 4059
36.839884996414185, 4058
36.92096543312073, 4057
37.12374138832092, 4056
37.14197754859924, 4055
37.19266629219055, 4054
37.204843282699585, 4053
37.26601696014404, 4052
37.46063685417175, 4051
37.529606103897095, 4050
37.792887926101685, 4049
37.823330879211426, 4048
38.013635873794556, 4047
38.0237557888031, 4046
38.08455729484558, 4045
38.25681018829346, 4044
38.28720211982727, 4043
38.3863844871521, 4042
38.437255859375, 4041
38.44986343383789, 4040
38.50057077407837, 4039
38.620529651641846, 4038
38.67334270477295, 4037
38.68347644805908, 4036
38.843565702438354, 4035
39.0280442237854, 4034
39.36319637298584, 4033
39.494991302490234, 4032
39.61455750465393, 4031
39.74671506881714, 4030
39.94139814376831, 4029
40.25415229797363, 4028
40.34571361541748, 4027
40.378193378448486, 4026
40.378193378448486, 4025
40.487478494644165, 4024
40.4997181892395, 4023
40.64203429222107, 4022
40.70317578315735, 4021
40.74371123313904, 4020
40.7943160533905, 4019
40.92642569541931, 4018
41.06823134422302, 4017
41.08847451210022, 4016
41.147204875946045, 4015
41.17961001396179, 4014
41.57482147216797, 4013
41.786060094833374, 4012
41.79821157455444, 4011
42.02108979225159, 4010
42.20656943321228, 4009
42.3026225566864, 4008
42.60720872879028, 4007
42.6781005859375, 4006
42.76914381980896, 4005
42.92133831977844, 4004
43.022629737854004, 4003
43.177738904953, 4002
43.2495858669281, 4001
43.2900824546814, 4000
43.39183807373047, 3999
43.46278166770935, 3998
43.74749493598938, 3997
44.20370531082153, 3996
44.3535418510437, 3995
44.43684458732605, 3994
44.52794432640076, 3993
44.589067220687866, 3992
44.73094630241394, 3991
45.24869465827942, 3990
45.997394323349, 3989
46.019681453704834, 3988
46.22219634056091, 3987
46.24245095252991, 3986
46.29499268531799, 3985
47.33912420272827, 3984
47.43825316429138, 3983
47.95758843421936, 3982
48.140002965927124, 3981
48.342931270599365, 3980
48.717939376831055, 3979
48.95902228355408, 3978
49.143582344055176, 3977
49.26552057266235, 3976
49.417389154434204, 3975
49.519150733947754, 3974
49.831777572631836, 3973
50.202022552490234, 3972
50.66248178482056, 3971
50.86328721046448, 3970
51.34111571311951, 3969
51.4729528427124, 3968
51.616793394088745, 3967
52.41758322715759, 3966
53.21860432624817, 3965
53.38063645362854, 3964
54.3775315284729, 3963
54.45855140686035, 3962
54.60021686553955, 3961
54.84333801269531, 3960
54.91216707229614, 3959
55.67485332489014, 3958
56.15489983558655, 3957
56.396281242370605, 3956
56.874969720840454, 3955
56.94582462310791, 3954
57.30035376548767, 3953
58.14046049118042, 3952
59.06044888496399, 3951
61.65966820716858, 3950
61.86239671707153, 3949
62.65342450141907, 3948
62.91948318481445, 3947
63.54976558685303, 3946
64.63153386116028, 3945
66.43766665458679, 3944
66.55976819992065, 3943
68.16419243812561, 3942
72.14663982391357, 3941
78.87605619430542, 3940
80.8130874633789, 3939
81.65315246582031, 3938
83.3837354183197, 3937
87.03421759605408, 3936
89.37015080451965, 3935
93.12047219276428, 3934
100.04841899871826, 3933
104.64449071884155, 3932
106.02909255027771, 3931
