0.07205414772033691, 7610
0.07205414772033691, 7609
0.07205414772033691, 7608
0.07205414772033691, 7607
0.07205414772033691, 7606
0.08004999160766602, 7605
0.08004999160766602, 7604
0.08004999160766602, 7603
0.08004999160766602, 7602
0.08004999160766602, 7601
0.08004999160766602, 7600
0.08004999160766602, 7599
0.08004999160766602, 7598
0.08805418014526367, 7597
0.08805418014526367, 7596
0.08805418014526367, 7595
0.08805418014526367, 7594
0.08805418014526367, 7593
0.08805418014526367, 7592
0.08805418014526367, 7591
0.08805418014526367, 7590
0.08805418014526367, 7589
0.09605884552001953, 7588
0.09605884552001953, 7587
0.09605884552001953, 7586
0.09605884552001953, 7585
0.09605884552001953, 7584
0.1040506362915039, 7583
0.1040506362915039, 7582
0.1040506362915039, 7581
0.1040506362915039, 7580
0.1040506362915039, 7579
0.1040506362915039, 7578
0.1040506362915039, 7577
0.1040506362915039, 7576
0.1040506362915039, 7575
0.11204934120178223, 7574
0.11204934120178223, 7573
0.11204934120178223, 7572
0.11204934120178223, 7571
0.11204934120178223, 7570
0.11204934120178223, 7569
0.11204934120178223, 7568
0.11204934120178223, 7567
0.1200554370880127, 7566
0.1200554370880127, 7565
0.1200554370880127, 7564
0.1200554370880127, 7563
0.1200554370880127, 7562
0.1200554370880127, 7561
0.1200554370880127, 7560
0.1200554370880127, 7559
0.1200554370880127, 7558
0.1280527114868164, 7557
0.1280527114868164, 7556
0.1280527114868164, 7555
0.1280527114868164, 7554
0.1280527114868164, 7553
0.1280527114868164, 7552
0.1360177993774414, 7551
0.1360177993774414, 7550
0.1360177993774414, 7549
0.1360177993774414, 7548
0.1360177993774414, 7547
0.1360177993774414, 7546
0.1360177993774414, 7545
0.14405107498168945, 7544
0.14405107498168945, 7543
0.14405107498168945, 7542
0.14405107498168945, 7541
0.14405107498168945, 7540
0.14405107498168945, 7539
0.14405107498168945, 7538
0.14405107498168945, 7537
0.15201926231384277, 7536
0.15201926231384277, 7535
0.15201926231384277, 7534
0.15201926231384277, 7533
0.15201926231384277, 7532
0.15201926231384277, 7531
0.1600492000579834, 7530
0.1600492000579834, 7529
0.1600492000579834, 7528
0.1600492000579834, 7527
0.1600492000579834, 7526
0.1600492000579834, 7525
0.1600492000579834, 7524
0.1600492000579834, 7523
0.1600492000579834, 7522
0.1680600643157959, 7521
0.1680600643157959, 7520
0.1680600643157959, 7519
0.1680600643157959, 7518
0.1680600643157959, 7517
0.1680600643157959, 7516
0.1680600643157959, 7515
0.1680600643157959, 7514
0.1680600643157959, 7513
0.1680600643157959, 7512
0.17605304718017578, 7511
0.17605304718017578, 7510
0.17605304718017578, 7509
0.17605304718017578, 7508
0.17605304718017578, 7507
0.17605304718017578, 7506
0.17605304718017578, 7505
0.17605304718017578, 7504
0.17605304718017578, 7503
0.18405413627624512, 7502
0.18405413627624512, 7501
0.18405413627624512, 7500
0.18405413627624512, 7499
0.18405413627624512, 7498
0.18405413627624512, 7497
0.18405413627624512, 7496
0.18405413627624512, 7495
0.18405413627624512, 7494
0.19205522537231445, 7493
0.19205522537231445, 7492
0.19205522537231445, 7491
0.19205522537231445, 7490
0.19205522537231445, 7489
0.19205522537231445, 7488
0.19205522537231445, 7487
0.19205522537231445, 7486
0.19205522537231445, 7485
0.20009708404541016, 7484
0.20009708404541016, 7483
0.20009708404541016, 7482
0.2042522430419922, 7481
0.2063910961151123, 7480
0.2063910961151123, 7479
0.2063910961151123, 7478
0.2063910961151123, 7477
0.2063910961151123, 7476
0.2063910961151123, 7475
0.2165374755859375, 7474
0.2165374755859375, 7473
0.2165374755859375, 7472
0.2165374755859375, 7471
0.2165374755859375, 7470
0.2165374755859375, 7469
0.22468280792236328, 7468
0.22468280792236328, 7467
0.22468280792236328, 7466
0.22683310508728027, 7465
0.22683310508728027, 7464
0.22683310508728027, 7463
0.22683310508728027, 7462
0.22683310508728027, 7461
0.23491549491882324, 7460
0.23491549491882324, 7459
0.23491549491882324, 7458
0.2370612621307373, 7457
0.2370612621307373, 7456
0.2370612621307373, 7455
0.2370612621307373, 7454
0.2370612621307373, 7453
0.2370612621307373, 7452
0.2370612621307373, 7451
0.2370612621307373, 7450
0.24520301818847656, 7449
0.24520301818847656, 7448
0.24520301818847656, 7447
0.24731230735778809, 7446
0.24731230735778809, 7445
0.24731230735778809, 7444
0.24731230735778809, 7443
0.24731230735778809, 7442
0.24731230735778809, 7441
0.24731230735778809, 7440
0.24731230735778809, 7439
0.2553873062133789, 7438
0.2553873062133789, 7437
0.2574446201324463, 7436
0.2574446201324463, 7435
0.2574446201324463, 7434
0.2574446201324463, 7433
0.2574446201324463, 7432
0.2574446201324463, 7431
0.2574446201324463, 7430
0.2574446201324463, 7429
0.2655966281890869, 7428
0.2655966281890869, 7427
0.26773667335510254, 7426
0.26773667335510254, 7425
0.26773667335510254, 7424
0.26773667335510254, 7423
0.26773667335510254, 7422
0.26773667335510254, 7421
0.26773667335510254, 7420
0.26773667335510254, 7419
0.26773667335510254, 7418
0.27587246894836426, 7417
0.27587246894836426, 7416
0.2780287265777588, 7415
0.2780287265777588, 7414
0.2780287265777588, 7413
0.2780287265777588, 7412
0.2780287265777588, 7411
0.2780287265777588, 7410
0.2780287265777588, 7409
0.28617024421691895, 7408
0.28617024421691895, 7407
0.2883119583129883, 7406
0.2883119583129883, 7405
0.2883119583129883, 7404
0.2883119583129883, 7403
0.2883119583129883, 7402
0.2883119583129883, 7401
0.2883119583129883, 7400
0.2883119583129883, 7399
0.2883119583129883, 7398
0.2964010238647461, 7397
0.2964010238647461, 7396
0.29847288131713867, 7395
0.29847288131713867, 7394
0.29847288131713867, 7393
0.29847288131713867, 7392
0.29847288131713867, 7391
0.29847288131713867, 7390
0.29847288131713867, 7389
0.29847288131713867, 7388
0.29847288131713867, 7387
0.3066291809082031, 7386
0.3066291809082031, 7385
0.3066291809082031, 7384
0.30877685546875, 7383
0.30877685546875, 7382
0.30877685546875, 7381
0.30877685546875, 7380
0.30877685546875, 7379
0.30877685546875, 7378
0.30877685546875, 7377
0.30877685546875, 7376
0.31710290908813477, 7375
0.31710290908813477, 7374
0.31925201416015625, 7373
0.31925201416015625, 7372
0.31925201416015625, 7371
0.31925201416015625, 7370
0.31925201416015625, 7369
0.31925201416015625, 7368
0.31925201416015625, 7367
0.31925201416015625, 7366
0.3273952007293701, 7365
0.3273952007293701, 7364
0.3273952007293701, 7363
0.329542875289917, 7362
0.329542875289917, 7361
0.329542875289917, 7360
0.329542875289917, 7359
0.329542875289917, 7358
0.329542875289917, 7357
0.329542875289917, 7356
0.329542875289917, 7355
0.3376424312591553, 7354
0.3376424312591553, 7353
0.3397865295410156, 7352
0.3397865295410156, 7351
0.3397865295410156, 7350
0.3397865295410156, 7349
0.3397865295410156, 7348
0.3397865295410156, 7347
0.3397865295410156, 7346
0.3397865295410156, 7345
0.3397865295410156, 7344
0.347898006439209, 7343
0.347898006439209, 7342
0.35004258155822754, 7341
0.35004258155822754, 7340
0.35004258155822754, 7339
0.35004258155822754, 7338
0.35004258155822754, 7337
0.35004258155822754, 7336
0.35004258155822754, 7335
0.35812926292419434, 7334
0.35812926292419434, 7333
0.360257625579834, 7332
0.360257625579834, 7331
0.360257625579834, 7330
0.360257625579834, 7329
0.360257625579834, 7328
0.360257625579834, 7327
0.360257625579834, 7326
0.3684091567993164, 7325
0.3684091567993164, 7324
0.37055444717407227, 7323
0.37055444717407227, 7322
0.37055444717407227, 7321
0.37055444717407227, 7320
0.37055444717407227, 7319
0.37055444717407227, 7318
0.37055444717407227, 7317
0.3786451816558838, 7316
0.3786451816558838, 7315
0.3786451816558838, 7314
0.3807206153869629, 7313
0.3807206153869629, 7312
0.3807206153869629, 7311
0.3807206153869629, 7310
0.3807206153869629, 7309
0.3807206153869629, 7308
0.3807206153869629, 7307
0.3807206153869629, 7306
0.3807206153869629, 7305
0.3807206153869629, 7304
0.38886427879333496, 7303
0.38886427879333496, 7302
0.3909111022949219, 7301
0.3910045623779297, 7300
0.3910045623779297, 7299
0.3910045623779297, 7298
0.3910045623779297, 7297
0.3910045623779297, 7296
0.3910045623779297, 7295
0.39908671379089355, 7294
0.39908671379089355, 7293
0.4011378288269043, 7292
0.4011378288269043, 7291
0.4011378288269043, 7290
0.4011378288269043, 7289
0.4011378288269043, 7288
0.4011378288269043, 7287
0.40921545028686523, 7286
0.4112536907196045, 7285
0.4112536907196045, 7284
0.4112536907196045, 7283
0.4112536907196045, 7282
0.4112536907196045, 7281
0.41935181617736816, 7280
0.4214966297149658, 7279
0.4214966297149658, 7278
0.4214966297149658, 7277
0.4214966297149658, 7276
0.4214966297149658, 7275
0.4214966297149658, 7274
0.4214966297149658, 7273
0.4214966297149658, 7272
0.42963337898254395, 7271
0.42963337898254395, 7270
0.4317753314971924, 7269
0.4317753314971924, 7268
0.4317753314971924, 7267
0.4317753314971924, 7266
0.4317753314971924, 7265
0.4317753314971924, 7264
0.4317753314971924, 7263
0.4317753314971924, 7262
0.4398841857910156, 7261
0.4419670104980469, 7260
0.4419670104980469, 7259
0.4419670104980469, 7258
0.4419670104980469, 7257
0.4419670104980469, 7256
0.4419670104980469, 7255
0.4419670104980469, 7254
0.4419670104980469, 7253
0.4419670104980469, 7252
0.4419670104980469, 7251
0.45011138916015625, 7250
0.45011138916015625, 7249
0.45011138916015625, 7248
0.452256441116333, 7247
0.452256441116333, 7246
0.452256441116333, 7245
0.452256441116333, 7244
0.452256441116333, 7243
0.452256441116333, 7242
0.452256441116333, 7241
0.452256441116333, 7240
0.4606144428253174, 7239
0.4606144428253174, 7238
0.47081947326660156, 7237
0.47081947326660156, 7236
0.4729130268096924, 7235
0.4729130268096924, 7234
0.4729130268096924, 7233
0.4729130268096924, 7232
0.4729130268096924, 7231
0.4729130268096924, 7230
0.4729130268096924, 7229
0.4729130268096924, 7228
0.48098206520080566, 7227
0.48098206520080566, 7226
0.48307013511657715, 7225
0.48307013511657715, 7224
0.48307013511657715, 7223
0.48307013511657715, 7222
0.48307013511657715, 7221
0.49121809005737305, 7220
0.49121809005737305, 7219
0.4933595657348633, 7218
0.4933595657348633, 7217
0.4933595657348633, 7216
0.4933595657348633, 7215
0.4933595657348633, 7214
0.5014522075653076, 7213
0.5014522075653076, 7212
0.5035953521728516, 7211
0.5035953521728516, 7210
0.5035953521728516, 7209
0.5035953521728516, 7208
0.5035953521728516, 7207
0.5035953521728516, 7206
0.5035953521728516, 7205
0.5035953521728516, 7204
0.5035953521728516, 7203
0.5117337703704834, 7202
0.5117337703704834, 7201
0.5117337703704834, 7200
0.5138781070709229, 7199
0.5138781070709229, 7198
0.5138781070709229, 7197
0.5138781070709229, 7196
0.5138781070709229, 7195
0.5138781070709229, 7194
0.5138781070709229, 7193
0.5219724178314209, 7192
0.5241162776947021, 7191
0.5241162776947021, 7190
0.5241162776947021, 7189
0.5241162776947021, 7188
0.5241162776947021, 7187
0.5241162776947021, 7186
0.5344047546386719, 7185
0.5344047546386719, 7184
0.5344047546386719, 7183
0.5344047546386719, 7182
0.5344047546386719, 7181
0.5344047546386719, 7180
0.5424892902374268, 7179
0.5424892902374268, 7178
0.544628381729126, 7177
0.544628381729126, 7176
0.544628381729126, 7175
0.544628381729126, 7174
0.544628381729126, 7173
0.544628381729126, 7172
0.544628381729126, 7171
0.5527713298797607, 7170
0.5538241863250732, 7169
0.5538241863250732, 7168
0.5548903942108154, 7167
0.5548903942108154, 7166
0.5565357208251953, 7165
0.5576410293579102, 7164
0.558741569519043, 7163
0.558741569519043, 7162
0.5598962306976318, 7161
0.561044454574585, 7160
0.5620965957641602, 7159
0.5620965957641602, 7158
0.5632367134094238, 7157
0.5654087066650391, 7156
0.5654087066650391, 7155
0.5654087066650391, 7154
0.5654087066650391, 7153
0.5654087066650391, 7152
0.5654087066650391, 7151
0.5654087066650391, 7150
0.5654087066650391, 7149
0.5654087066650391, 7148
0.5735161304473877, 7147
0.5735161304473877, 7146
0.5735161304473877, 7145
0.5756556987762451, 7144
0.5756556987762451, 7143
0.5756556987762451, 7142
0.5756556987762451, 7141
0.5756556987762451, 7140
0.5756556987762451, 7139
0.5756556987762451, 7138
0.5756556987762451, 7137
0.5838053226470947, 7136
0.5859475135803223, 7135
0.5859475135803223, 7134
0.5859475135803223, 7133
0.5859475135803223, 7132
0.5859475135803223, 7131
0.5962035655975342, 7130
0.5962035655975342, 7129
0.5962035655975342, 7128
0.5962035655975342, 7127
0.6043436527252197, 7126
0.6064813137054443, 7125
0.6064813137054443, 7124
0.6064813137054443, 7123
0.6064813137054443, 7122
0.6064813137054443, 7121
0.6145889759063721, 7120
0.6145889759063721, 7119
0.6167440414428711, 7118
0.6167440414428711, 7117
0.6167440414428711, 7116
0.6167440414428711, 7115
0.6167440414428711, 7114
0.6167440414428711, 7113
0.6167440414428711, 7112
0.6167440414428711, 7111
0.6248903274536133, 7110
0.6248903274536133, 7109
0.6248903274536133, 7108
0.6270277500152588, 7107
0.6270277500152588, 7106
0.6270277500152588, 7105
0.6270277500152588, 7104
0.6270277500152588, 7103
0.6270277500152588, 7102
0.6351175308227539, 7101
0.637272834777832, 7100
0.637272834777832, 7099
0.637272834777832, 7098
0.637272834777832, 7097
0.6454150676727295, 7096
0.6474878787994385, 7095
0.6474878787994385, 7094
0.6474878787994385, 7093
0.6474878787994385, 7092
0.6474878787994385, 7091
0.6474878787994385, 7090
0.6474878787994385, 7089
0.6474878787994385, 7088
0.6474878787994385, 7087
0.6474878787994385, 7086
0.6555712223052979, 7085
0.6577179431915283, 7084
0.6577179431915283, 7083
0.6577179431915283, 7082
0.6577179431915283, 7081
0.6577179431915283, 7080
0.6577179431915283, 7079
0.6658720970153809, 7078
0.6658720970153809, 7077
0.6680092811584473, 7076
0.6680092811584473, 7075
0.6680092811584473, 7074
0.6680092811584473, 7073
0.6761183738708496, 7072
0.6761183738708496, 7071
0.6782608032226562, 7070
0.6782608032226562, 7069
0.6782608032226562, 7068
0.6782608032226562, 7067
0.6782608032226562, 7066
0.6782608032226562, 7065
0.6782608032226562, 7064
0.6864049434661865, 7063
0.6864049434661865, 7062
0.688544511795044, 7061
0.688544511795044, 7060
0.688544511795044, 7059
0.688544511795044, 7058
0.6966283321380615, 7057
0.6966283321380615, 7056
0.698768138885498, 7055
0.698768138885498, 7054
0.698768138885498, 7053
0.698768138885498, 7052
0.698768138885498, 7051
0.698768138885498, 7050
0.698768138885498, 7049
0.698768138885498, 7048
0.698768138885498, 7047
0.7069103717803955, 7046
0.7069103717803955, 7045
0.7090539932250977, 7044
0.7090539932250977, 7043
0.7090539932250977, 7042
0.7090539932250977, 7041
0.7171356678009033, 7040
0.7171356678009033, 7039
0.7171356678009033, 7038
0.719275951385498, 7037
0.719275951385498, 7036
0.719275951385498, 7035
0.719275951385498, 7034
0.7274243831634521, 7033
0.7295680046081543, 7032
0.7295680046081543, 7031
0.7295680046081543, 7030
0.7295680046081543, 7029
0.7295680046081543, 7028
0.7295680046081543, 7027
0.7376611232757568, 7026
0.7398025989532471, 7025
0.7398025989532471, 7024
0.7398025989532471, 7023
0.7501006126403809, 7022
0.7501006126403809, 7021
0.7501006126403809, 7020
0.7501006126403809, 7019
0.7501006126403809, 7018
0.7501006126403809, 7017
0.7501006126403809, 7016
0.7581818103790283, 7015
0.7581818103790283, 7014
0.7581818103790283, 7013
0.7603201866149902, 7012
0.7603201866149902, 7011
0.7603201866149902, 7010
0.7603201866149902, 7009
0.7603201866149902, 7008
0.7603201866149902, 7007
0.768463134765625, 7006
0.7706029415130615, 7005
0.7706029415130615, 7004
0.7706029415130615, 7003
0.7706029415130615, 7002
0.7706029415130615, 7001
0.7706029415130615, 7000
0.7706029415130615, 6999
0.7706029415130615, 6998
0.7706029415130615, 6997
0.7706029415130615, 6996
0.7786741256713867, 6995
0.7786741256713867, 6994
0.7807457447052002, 6993
0.7807457447052002, 6992
0.7807457447052002, 6991
0.7807457447052002, 6990
0.7889010906219482, 6989
0.7910401821136475, 6988
0.7910401821136475, 6987
0.7910401821136475, 6986
0.7990834712982178, 6985
0.7990834712982178, 6984
0.7990834712982178, 6983
0.8016180992126465, 6982
0.8016180992126465, 6981
0.8016180992126465, 6980
0.8016180992126465, 6979
0.8016180992126465, 6978
0.8016180992126465, 6977
0.8097634315490723, 6976
0.8119015693664551, 6975
0.8119015693664551, 6974
0.8119015693664551, 6973
0.8119015693664551, 6972
0.8119015693664551, 6971
0.8119015693664551, 6970
0.8199717998504639, 6969
0.8199717998504639, 6968
0.8199717998504639, 6967
0.8221104145050049, 6966
0.8221104145050049, 6965
0.8221104145050049, 6964
0.8221104145050049, 6963
0.8221104145050049, 6962
0.8221104145050049, 6961
0.8221104145050049, 6960
0.8323948383331299, 6959
0.8323948383331299, 6958
0.8404781818389893, 6957
0.8404781818389893, 6956
0.8426210880279541, 6955
0.8426210880279541, 6954
0.8426210880279541, 6953
0.8426210880279541, 6952
0.8426210880279541, 6951
0.8426210880279541, 6950
0.8507039546966553, 6949
0.8507039546966553, 6948
0.8507039546966553, 6947
0.8528435230255127, 6946
0.8528435230255127, 6945
0.8528435230255127, 6944
0.8528435230255127, 6943
0.8528435230255127, 6942
0.8528435230255127, 6941
0.8528435230255127, 6940
0.8528435230255127, 6939
0.8609459400177002, 6938
0.8609459400177002, 6937
0.8609459400177002, 6936
0.8630838394165039, 6935
0.8630838394165039, 6934
0.8630838394165039, 6933
0.8630838394165039, 6932
0.8630838394165039, 6931
0.8630838394165039, 6930
0.8630838394165039, 6929
0.8630838394165039, 6928
0.8712244033813477, 6927
0.8712244033813477, 6926
0.8733654022216797, 6925
0.8733654022216797, 6924
0.8733654022216797, 6923
0.8733654022216797, 6922
0.8733654022216797, 6921
0.8733654022216797, 6920
0.8814539909362793, 6919
0.8835945129394531, 6918
0.8835945129394531, 6917
0.8835945129394531, 6916
0.8835945129394531, 6915
0.8835945129394531, 6914
0.8835945129394531, 6913
0.8917350769042969, 6912
0.8917350769042969, 6911
0.8917350769042969, 6910
0.8938779830932617, 6909
0.8938779830932617, 6908
0.8938779830932617, 6907
0.8938779830932617, 6906
0.8938779830932617, 6905
0.8938779830932617, 6904
0.8938779830932617, 6903
0.8938779830932617, 6902
0.9041168689727783, 6901
0.9041168689727783, 6900
0.9041168689727783, 6899
0.9041168689727783, 6898
0.9041168689727783, 6897
0.9041168689727783, 6896
0.9122560024261475, 6895
0.9122560024261475, 6894
0.914358377456665, 6893
0.914358377456665, 6892
0.914358377456665, 6891
0.914358377456665, 6890
0.914358377456665, 6889
0.914358377456665, 6888
0.914358377456665, 6887
0.9224483966827393, 6886
0.9224483966827393, 6885
0.9245865345001221, 6884
0.9245865345001221, 6883
0.9245865345001221, 6882
0.9245865345001221, 6881
0.9245865345001221, 6880
0.9245865345001221, 6879
0.9245865345001221, 6878
0.9327340126037598, 6877
0.9327340126037598, 6876
0.9348776340484619, 6875
0.9348776340484619, 6874
0.9348776340484619, 6873
0.9348776340484619, 6872
0.9348776340484619, 6871
0.9450922012329102, 6870
0.9450922012329102, 6869
0.9450922012329102, 6868
0.9450922012329102, 6867
0.9450922012329102, 6866
0.9450922012329102, 6865
0.9532413482666016, 6864
0.9532413482666016, 6863
0.9532413482666016, 6862
0.9553775787353516, 6861
0.9553775787353516, 6860
0.9634795188903809, 6859
0.9634795188903809, 6858
0.9656214714050293, 6857
0.9656214714050293, 6856
0.9656214714050293, 6855
0.9656214714050293, 6854
0.9656214714050293, 6853
0.9656214714050293, 6852
0.9656214714050293, 6851
0.9656214714050293, 6850
0.975898265838623, 6849
0.975898265838623, 6848
0.975898265838623, 6847
0.975898265838623, 6846
0.975898265838623, 6845
0.975898265838623, 6844
0.975898265838623, 6843
0.9839699268341064, 6842
0.986016035079956, 6841
0.9861116409301758, 6840
0.9861116409301758, 6839
0.9861116409301758, 6838
0.9861116409301758, 6837
0.9861116409301758, 6836
0.9861116409301758, 6835
0.9861116409301758, 6834
0.9861116409301758, 6833
0.9942123889923096, 6832
0.9942123889923096, 6831
0.9963009357452393, 6830
0.9963009357452393, 6829
0.9963009357452393, 6828
0.9963009357452393, 6827
0.9963009357452393, 6826
0.9963009357452393, 6825
0.9963009357452393, 6824
1.004389762878418, 6823
1.0065181255340576, 6822
1.0065181255340576, 6821
1.0065181255340576, 6820
1.0065181255340576, 6819
1.0065181255340576, 6818
1.0065181255340576, 6817
1.0065181255340576, 6816
1.0146613121032715, 6815
1.016798496246338, 6814
1.016798496246338, 6813
1.016798496246338, 6812
1.0270533561706543, 6811
1.0270533561706543, 6810
1.0270533561706543, 6809
1.0270533561706543, 6808
1.0270533561706543, 6807
1.0270533561706543, 6806
1.0270533561706543, 6805
1.0270533561706543, 6804
1.035193681716919, 6803
1.035193681716919, 6802
1.035193681716919, 6801
1.0373339653015137, 6800
1.0373339653015137, 6799
1.0373339653015137, 6798
1.0373339653015137, 6797
1.0373339653015137, 6796
1.0373339653015137, 6795
1.0454225540161133, 6794
1.0454225540161133, 6793
1.0474777221679688, 6792
1.0474777221679688, 6791
1.0474777221679688, 6790
1.0474777221679688, 6789
1.0474777221679688, 6788
1.0474777221679688, 6787
1.057755470275879, 6786
1.057755470275879, 6785
1.057755470275879, 6784
1.057755470275879, 6783
1.057755470275879, 6782
1.0658748149871826, 6781
1.0658748149871826, 6780
1.0658748149871826, 6779
1.0680110454559326, 6778
1.0680110454559326, 6777
1.0680110454559326, 6776
1.0680110454559326, 6775
1.0680110454559326, 6774
1.0761563777923584, 6773
1.0761563777923584, 6772
1.078294277191162, 6771
1.078294277191162, 6770
1.078294277191162, 6769
1.078294277191162, 6768
1.078294277191162, 6767
1.078294277191162, 6766
1.078294277191162, 6765
1.078294277191162, 6764
1.0885231494903564, 6763
1.0885231494903564, 6762
1.0885231494903564, 6761
1.0885231494903564, 6760
1.0885231494903564, 6759
1.0966618061065674, 6758
1.0988051891326904, 6757
1.0988051891326904, 6756
1.0988051891326904, 6755
1.0988051891326904, 6754
1.0988051891326904, 6753
1.0988051891326904, 6752
1.0988051891326904, 6751
1.0988051891326904, 6750
1.0988051891326904, 6749
1.1090900897979736, 6748
1.1090900897979736, 6747
1.1090900897979736, 6746
1.1090900897979736, 6745
1.1090900897979736, 6744
1.1090900897979736, 6743
1.1090900897979736, 6742
1.1090900897979736, 6741
1.119279146194458, 6740
1.1193835735321045, 6739
1.1193835735321045, 6738
1.1193835735321045, 6737
1.1193835735321045, 6736
1.1193835735321045, 6735
1.1193835735321045, 6734
1.1193835735321045, 6733
1.127478837966919, 6732
1.1296210289001465, 6731
1.1296210289001465, 6730
1.1296210289001465, 6729
1.137761116027832, 6728
1.1398999691009521, 6727
1.1398999691009521, 6726
1.1398999691009521, 6725
1.1398999691009521, 6724
1.1501293182373047, 6723
1.1501293182373047, 6722
1.1501293182373047, 6721
1.1501293182373047, 6720
1.1501293182373047, 6719
1.1501293182373047, 6718
1.1582705974578857, 6717
1.1604108810424805, 6716
1.1604108810424805, 6715
1.1604108810424805, 6714
1.1604108810424805, 6713
1.1604108810424805, 6712
1.1604108810424805, 6711
1.1685025691986084, 6710
1.170647144317627, 6709
1.170647144317627, 6708
1.170647144317627, 6707
1.170647144317627, 6706
1.170647144317627, 6705
1.1808907985687256, 6704
1.1808907985687256, 6703
1.1808907985687256, 6702
1.1808907985687256, 6701
1.1808907985687256, 6700
1.1808907985687256, 6699
1.1889722347259521, 6698
1.1889722347259521, 6697
1.191105842590332, 6696
1.191105842590332, 6695
1.2013869285583496, 6694
1.2013869285583496, 6693
1.2013869285583496, 6692
1.209475040435791, 6691
1.2116203308105469, 6690
1.2116203308105469, 6689
1.2116203308105469, 6688
1.2196664810180664, 6687
1.219761848449707, 6686
1.221900224685669, 6685
1.221900224685669, 6684
1.229975700378418, 6683
1.2321124076843262, 6682
1.2321124076843262, 6681
1.2321124076843262, 6680
1.2321124076843262, 6679
1.2321124076843262, 6678
1.2423980236053467, 6677
1.2423980236053467, 6676
1.2423980236053467, 6675
1.2423980236053467, 6674
1.2504804134368896, 6673
1.2504804134368896, 6672
1.2526354789733887, 6671
1.2526354789733887, 6670
1.2526354789733887, 6669
1.2526354789733887, 6668
1.2526354789733887, 6667
1.2607784271240234, 6666
1.2607784271240234, 6665
1.2607784271240234, 6664
1.2629201412200928, 6663
1.2629201412200928, 6662
1.2629201412200928, 6661
1.2629201412200928, 6660
1.2629201412200928, 6659
1.2629201412200928, 6658
1.2710161209106445, 6657
1.2710161209106445, 6656
1.2731618881225586, 6655
1.2731618881225586, 6654
1.2731618881225586, 6653
1.2731618881225586, 6652
1.2731618881225586, 6651
1.2731618881225586, 6650
1.2731618881225586, 6649
1.2731618881225586, 6648
1.2731618881225586, 6647
1.2731618881225586, 6646
1.2731618881225586, 6645
1.2813057899475098, 6644
1.283350944519043, 6643
1.2834508419036865, 6642
1.2834508419036865, 6641
1.2834508419036865, 6640
1.2834508419036865, 6639
1.29154372215271, 6638
1.29154372215271, 6637
1.2936859130859375, 6636
1.2936859130859375, 6635
1.2936859130859375, 6634
1.2936859130859375, 6633
1.2936859130859375, 6632
1.2936859130859375, 6631
1.3039796352386475, 6630
1.3039796352386475, 6629
1.3039796352386475, 6628
1.3039796352386475, 6627
1.3039796352386475, 6626
1.3039796352386475, 6625
1.3039796352386475, 6624
1.3039796352386475, 6623
1.3168869018554688, 6622
1.320059061050415, 6621
1.3226680755615234, 6620
1.3237168788909912, 6619
1.326894760131836, 6618
1.326894760131836, 6617
1.326894760131836, 6616
1.3329963684082031, 6615
1.3329963684082031, 6614
1.3351380825042725, 6613
1.3351380825042725, 6612
1.3351380825042725, 6611
1.3351380825042725, 6610
1.3351380825042725, 6609
1.3351380825042725, 6608
1.3432798385620117, 6607
1.3432798385620117, 6606
1.3454198837280273, 6605
1.3454198837280273, 6604
1.3454198837280273, 6603
1.3454198837280273, 6602
1.353506088256836, 6601
1.3556461334228516, 6600
1.3556461334228516, 6599
1.3556461334228516, 6598
1.3556461334228516, 6597
1.3637347221374512, 6596
1.3658766746520996, 6595
1.3658766746520996, 6594
1.3658766746520996, 6593
1.3760933876037598, 6592
1.3760933876037598, 6591
1.3760933876037598, 6590
1.3760933876037598, 6589
1.3760933876037598, 6588
1.3760933876037598, 6587
1.3863754272460938, 6586
1.3863754272460938, 6585
1.3863754272460938, 6584
1.3863754272460938, 6583
1.3863754272460938, 6582
1.3863754272460938, 6581
1.394456386566162, 6580
1.394456386566162, 6579
1.394456386566162, 6578
1.3965978622436523, 6577
1.3965978622436523, 6576
1.3965978622436523, 6575
1.3965978622436523, 6574
1.3965978622436523, 6573
1.3965978622436523, 6572
1.3965978622436523, 6571
1.4047369956970215, 6570
1.406874656677246, 6569
1.406874656677246, 6568
1.406874656677246, 6567
1.406874656677246, 6566
1.406874656677246, 6565
1.4174742698669434, 6564
1.4174742698669434, 6563
1.4174742698669434, 6562
1.4174742698669434, 6561
1.4256160259246826, 6560
1.4277534484863281, 6559
1.4277534484863281, 6558
1.4277534484863281, 6557
1.4277534484863281, 6556
1.4358365535736084, 6555
1.4358365535736084, 6554
1.4379773139953613, 6553
1.4379773139953613, 6552
1.4379773139953613, 6551
1.4379773139953613, 6550
1.4461228847503662, 6549
1.4461228847503662, 6548
1.4461228847503662, 6547
1.4482617378234863, 6546
1.4482617378234863, 6545
1.4482617378234863, 6544
1.4482617378234863, 6543
1.458678960800171, 6542
1.458678960800171, 6541
1.458678960800171, 6540
1.458678960800171, 6539
1.458678960800171, 6538
1.458678960800171, 6537
1.458678960800171, 6536
1.458678960800171, 6535
1.466834545135498, 6534
1.4689757823944092, 6533
1.4689757823944092, 6532
1.4689757823944092, 6531
1.4689757823944092, 6530
1.4689757823944092, 6529
1.4689757823944092, 6528
1.479201078414917, 6527
1.479201078414917, 6526
1.479201078414917, 6525
1.479201078414917, 6524
1.479201078414917, 6523
1.489387035369873, 6522
1.489478349685669, 6521
1.489478349685669, 6520
1.489478349685669, 6519
1.489478349685669, 6518
1.4997162818908691, 6517
1.4997162818908691, 6516
1.4997162818908691, 6515
1.4997162818908691, 6514
1.510014533996582, 6513
1.510014533996582, 6512
1.510014533996582, 6511
1.510014533996582, 6510
1.510014533996582, 6509
1.510014533996582, 6508
1.510014533996582, 6507
1.510014533996582, 6506
1.5203182697296143, 6505
1.5284638404846191, 6504
1.5305335521697998, 6503
1.5305335521697998, 6502
1.5305335521697998, 6501
1.5388200283050537, 6500
1.5388200283050537, 6499
1.5388200283050537, 6498
1.540959119796753, 6497
1.540959119796753, 6496
1.540959119796753, 6495
1.540959119796753, 6494
1.540959119796753, 6493
1.5491085052490234, 6492
1.551253080368042, 6491
1.551253080368042, 6490
1.551253080368042, 6489
1.551253080368042, 6488
1.551253080368042, 6487
1.5688753128051758, 6486
1.5727159976959229, 6485
1.5749218463897705, 6484
1.5749218463897705, 6483
1.5749218463897705, 6482
1.5749218463897705, 6481
1.5749218463897705, 6480
1.5809831619262695, 6479
1.5809831619262695, 6478
1.5809831619262695, 6477
1.5831212997436523, 6476
1.5831212997436523, 6475
1.5831212997436523, 6474
1.5831212997436523, 6473
1.5831212997436523, 6472
1.5831212997436523, 6471
1.5831212997436523, 6470
1.5912621021270752, 6469
1.593400478363037, 6468
1.593400478363037, 6467
1.593400478363037, 6466
1.593400478363037, 6465
1.6036956310272217, 6464
1.6036956310272217, 6463
1.6036956310272217, 6462
1.6036956310272217, 6461
1.6036956310272217, 6460
1.6036956310272217, 6459
1.6036956310272217, 6458
1.6118359565734863, 6457
1.6139085292816162, 6456
1.6139085292816162, 6455
1.6139085292816162, 6454
1.6220014095306396, 6453
1.6241395473480225, 6452
1.6241395473480225, 6451
1.6241395473480225, 6450
1.6241395473480225, 6449
1.632279396057129, 6448
1.634413480758667, 6447
1.634413480758667, 6446
1.634413480758667, 6445
1.634413480758667, 6444
1.634413480758667, 6443
1.6424994468688965, 6442
1.6424994468688965, 6441
1.644644021987915, 6440
1.6549344062805176, 6439
1.6549344062805176, 6438
1.6650705337524414, 6437
1.6651701927185059, 6436
1.6651701927185059, 6435
1.6651701927185059, 6434
1.6651701927185059, 6433
1.6733157634735107, 6432
1.6733157634735107, 6431
1.6754570007324219, 6430
1.6754570007324219, 6429
1.6835458278656006, 6428
1.6856846809387207, 6427
1.6856846809387207, 6426
1.6856846809387207, 6425
1.6856846809387207, 6424
1.6856846809387207, 6423
1.6938278675079346, 6422
1.695967197418213, 6421
1.695967197418213, 6420
1.704054594039917, 6419
1.704054594039917, 6418
1.706202507019043, 6417
1.706202507019043, 6416
1.706202507019043, 6415
1.7164881229400635, 6414
1.7164881229400635, 6413
1.7164881229400635, 6412
1.7245538234710693, 6411
1.726694107055664, 6410
1.726694107055664, 6409
1.726694107055664, 6408
1.726694107055664, 6407
1.726694107055664, 6406
1.726694107055664, 6405
1.726694107055664, 6404
1.7348337173461914, 6403
1.7369871139526367, 6402
1.7369871139526367, 6401
1.7369871139526367, 6400
1.7369871139526367, 6399
1.7369871139526367, 6398
1.7369871139526367, 6397
1.7450764179229736, 6396
1.7471318244934082, 6395
1.7471318244934082, 6394
1.7471318244934082, 6393
1.7471318244934082, 6392
1.757411003112793, 6391
1.757411003112793, 6390
1.757411003112793, 6389
1.757411003112793, 6388
1.757411003112793, 6387
1.7654943466186523, 6386
1.7676355838775635, 6385
1.7676355838775635, 6384
1.7676355838775635, 6383
1.7676355838775635, 6382
1.7676355838775635, 6381
1.7676355838775635, 6380
1.7757682800292969, 6379
1.7779138088226318, 6378
1.7779138088226318, 6377
1.7779138088226318, 6376
1.7779138088226318, 6375
1.7779138088226318, 6374
1.7860033512115479, 6373
1.7860033512115479, 6372
1.7860033512115479, 6371
1.788142204284668, 6370
1.788142204284668, 6369
1.788142204284668, 6368
1.788142204284668, 6367
1.7961885929107666, 6366
1.7984261512756348, 6365
1.7984261512756348, 6364
1.7984261512756348, 6363
1.7984261512756348, 6362
1.7984261512756348, 6361
1.7984261512756348, 6360
1.806518793106079, 6359
1.8085639476776123, 6358
1.808657169342041, 6357
1.808657169342041, 6356
1.808657169342041, 6355
1.808657169342041, 6354
1.808657169342041, 6353
1.808657169342041, 6352
1.808657169342041, 6351
1.808657169342041, 6350
1.8167986869812012, 6349
1.8189468383789062, 6348
1.8189468383789062, 6347
1.8189468383789062, 6346
1.8189468383789062, 6345
1.8189468383789062, 6344
1.8189468383789062, 6343
1.8189468383789062, 6342
1.8270339965820312, 6341
1.8291757106781006, 6340
1.8291757106781006, 6339
1.8291757106781006, 6338
1.8291757106781006, 6337
1.8291757106781006, 6336
1.8291757106781006, 6335
1.83732008934021, 6334
1.8394622802734375, 6333
1.8394622802734375, 6332
1.8394622802734375, 6331
1.8394622802734375, 6330
1.8394622802734375, 6329
1.849769115447998, 6328
1.857917308807373, 6327
1.857917308807373, 6326
1.8599629402160645, 6325
1.860058307647705, 6324
1.860058307647705, 6323
1.860058307647705, 6322
1.860058307647705, 6321
1.860058307647705, 6320
1.860058307647705, 6319
1.8681426048278809, 6318
1.8681426048278809, 6317
1.8702807426452637, 6316
1.8702807426452637, 6315
1.8702807426452637, 6314
1.8702807426452637, 6313
1.878326416015625, 6312
1.8804926872253418, 6311
1.8804926872253418, 6310
1.8804926872253418, 6309
1.8804926872253418, 6308
1.8804926872253418, 6307
1.888556718826294, 6306
1.8906574249267578, 6305
1.8906574249267578, 6304
1.8906574249267578, 6303
1.8906574249267578, 6302
1.8906574249267578, 6301
1.8906574249267578, 6300
1.8906574249267578, 6299
1.900949478149414, 6298
1.900949478149414, 6297
1.9090394973754883, 6296
1.9111812114715576, 6295
1.9111812114715576, 6294
1.9111812114715576, 6293
1.9193284511566162, 6292
1.9193284511566162, 6291
1.9193284511566162, 6290
1.9214675426483154, 6289
1.9214675426483154, 6288
1.9214675426483154, 6287
1.929582118988037, 6286
1.9317262172698975, 6285
1.9317262172698975, 6284
1.942016363143921, 6283
1.942016363143921, 6282
1.942016363143921, 6281
1.9500906467437744, 6280
1.9500906467437744, 6279
1.9500906467437744, 6278
1.9521589279174805, 6277
1.9521589279174805, 6276
1.9602274894714355, 6275
1.962376594543457, 6274
1.962376594543457, 6273
1.972606897354126, 6272
1.972606897354126, 6271
1.982863426208496, 6270
1.982863426208496, 6269
1.982863426208496, 6268
1.982863426208496, 6267
1.982863426208496, 6266
1.982863426208496, 6265
1.9909508228302002, 6264
1.9909508228302002, 6263
1.993013858795166, 6262
1.993013858795166, 6261
1.993013858795166, 6260
1.993013858795166, 6259
2.0032968521118164, 6258
2.0032968521118164, 6257
2.0032968521118164, 6256
2.0032968521118164, 6255
2.0032968521118164, 6254
2.011368751525879, 6253
2.0135152339935303, 6252
2.021657943725586, 6251
2.021657943725586, 6250
2.0238022804260254, 6249
2.0238022804260254, 6248
2.0238022804260254, 6247
2.0238022804260254, 6246
2.0318522453308105, 6245
2.0343730449676514, 6244
2.0343730449676514, 6243
2.0343730449676514, 6242
2.0343730449676514, 6241
2.0425117015838623, 6240
2.044650077819824, 6239
2.044650077819824, 6238
2.044650077819824, 6237
2.0548923015594482, 6236
2.0548923015594482, 6235
2.0548923015594482, 6234
2.063033103942871, 6233
2.065175771713257, 6232
2.065175771713257, 6231
2.065175771713257, 6230
2.065175771713257, 6229
2.0754001140594482, 6228
2.0754001140594482, 6227
2.0754001140594482, 6226
2.0754001140594482, 6225
2.0754001140594482, 6224
2.0754001140594482, 6223
2.0835418701171875, 6222
2.0835418701171875, 6221
2.0856871604919434, 6220
2.0856871604919434, 6219
2.0856871604919434, 6218
2.0937583446502686, 6217
2.095895528793335, 6216
2.1040420532226562, 6215
2.1040420532226562, 6214
2.1061854362487793, 6213
2.1061854362487793, 6212
2.1061854362487793, 6211
2.1061854362487793, 6210
2.1164278984069824, 6209
2.1164278984069824, 6208
2.126713991165161, 6207
2.126713991165161, 6206
2.1348752975463867, 6205
2.1348752975463867, 6204
2.137014150619507, 6203
2.137014150619507, 6202
2.145162343978882, 6201
2.147266149520874, 6200
2.147266149520874, 6199
2.147266149520874, 6198
2.147266149520874, 6197
2.147266149520874, 6196
2.1553540229797363, 6195
2.1574907302856445, 6194
2.1574907302856445, 6193
2.1574907302856445, 6192
2.1574907302856445, 6191
2.1574907302856445, 6190
2.1779420375823975, 6189
2.1779420375823975, 6188
2.1860835552215576, 6187
2.1860835552215576, 6186
2.1882264614105225, 6185
2.1882264614105225, 6184
2.1882264614105225, 6183
2.1882264614105225, 6182
2.1882264614105225, 6181
2.198474645614624, 6180
2.198474645614624, 6179
2.198474645614624, 6178
2.198474645614624, 6177
2.206613540649414, 6176
2.208751678466797, 6175
2.208751678466797, 6174
2.208751678466797, 6173
2.2168242931365967, 6172
2.2168242931365967, 6171
2.218963384628296, 6170
2.218963384628296, 6169
2.218963384628296, 6168
2.218963384628296, 6167
2.227006435394287, 6166
2.2270994186401367, 6165
2.2270994186401367, 6164
2.2292373180389404, 6163
2.2292373180389404, 6162
2.2292373180389404, 6161
2.2373428344726562, 6160
2.2373428344726562, 6159
2.239483594894409, 6158
2.247631788253784, 6157
2.249769926071167, 6156
2.249769926071167, 6155
2.249769926071167, 6154
2.2600321769714355, 6153
2.2600321769714355, 6152
2.2600321769714355, 6151
2.268174171447754, 6150
2.268174171447754, 6149
2.268174171447754, 6148
2.270317316055298, 6147
2.270317316055298, 6146
2.270317316055298, 6145
2.278407573699951, 6144
2.278407573699951, 6143
2.278407573699951, 6142
2.2804806232452393, 6141
2.2804806232452393, 6140
2.2804806232452393, 6139
2.2804806232452393, 6138
2.2804806232452393, 6137
2.288621425628662, 6136
2.288621425628662, 6135
2.2906687259674072, 6134
2.2907681465148926, 6133
2.2907681465148926, 6132
2.2907681465148926, 6131
2.2988526821136475, 6130
2.301002264022827, 6129
2.301002264022827, 6128
2.301002264022827, 6127
2.3091466426849365, 6126
2.3091466426849365, 6125
2.3112833499908447, 6124
2.321545124053955, 6123
2.321545124053955, 6122
2.321545124053955, 6121
2.321545124053955, 6120
2.3318324089050293, 6119
2.3318324089050293, 6118
2.3318324089050293, 6117
2.34208345413208, 6116
2.34208345413208, 6115
2.3502237796783447, 6114
2.3502237796783447, 6113
2.352363348007202, 6112
2.352363348007202, 6111
2.352363348007202, 6110
2.352363348007202, 6109
2.3604695796966553, 6108
2.3604695796966553, 6107
2.3604695796966553, 6106
2.3626129627227783, 6105
2.3626129627227783, 6104
2.3626129627227783, 6103
2.3626129627227783, 6102
2.3626129627227783, 6101
2.370767831802368, 6100
2.370767831802368, 6099
2.3729052543640137, 6098
2.3729052543640137, 6097
2.3729052543640137, 6096
2.3729052543640137, 6095
2.3729052543640137, 6094
2.3729052543640137, 6093
2.3809964656829834, 6092
2.383141040802002, 6091
2.383141040802002, 6090
2.383141040802002, 6089
2.383141040802002, 6088
2.383141040802002, 6087
2.383141040802002, 6086
2.383141040802002, 6085
2.383141040802002, 6084
2.383141040802002, 6083
2.393427610397339, 6082
2.393427610397339, 6081
2.393427610397339, 6080
2.401470184326172, 6079
2.403632164001465, 6078
2.403632164001465, 6077
2.4117746353149414, 6076
2.4117746353149414, 6075
2.4138786792755127, 6074
2.4138786792755127, 6073
2.4138786792755127, 6072
2.4138786792755127, 6071
2.4138786792755127, 6070
2.4219741821289062, 6069
2.4241158962249756, 6068
2.4241158962249756, 6067
2.4344024658203125, 6066
2.4344024658203125, 6065
2.4344024658203125, 6064
2.4344024658203125, 6063
2.4344024658203125, 6062
2.4446301460266113, 6061
2.4446301460266113, 6060
2.4446301460266113, 6059
2.465189218521118, 6058
2.465189218521118, 6057
2.465189218521118, 6056
2.465189218521118, 6055
2.47332501411438, 6054
2.47332501411438, 6053
2.47332501411438, 6052
2.475465774536133, 6051
2.475465774536133, 6050
2.475465774536133, 6049
2.475465774536133, 6048
2.4835541248321533, 6047
2.485698938369751, 6046
2.485698938369751, 6045
2.485698938369751, 6044
2.4959828853607178, 6043
2.4959828853607178, 6042
2.4959828853607178, 6041
2.4959828853607178, 6040
2.4959828853607178, 6039
2.4959828853607178, 6038
2.4959828853607178, 6037
2.4959828853607178, 6036
2.4959828853607178, 6035
2.4959828853607178, 6034
2.4959828853607178, 6033
2.504058837890625, 6032
2.504058837890625, 6031
2.506195545196533, 6030
2.506195545196533, 6029
2.506195545196533, 6028
2.506195545196533, 6027
2.506195545196533, 6026
2.506195545196533, 6025
2.506195545196533, 6024
2.5164852142333984, 6023
2.5164852142333984, 6022
2.5267205238342285, 6021
2.5267205238342285, 6020
2.5267205238342285, 6019
2.5267205238342285, 6018
2.537008285522461, 6017
2.537008285522461, 6016
2.537008285522461, 6015
2.537008285522461, 6014
2.5451087951660156, 6013
2.5472121238708496, 6012
2.5472121238708496, 6011
2.555363893508911, 6010
2.5575039386749268, 6009
2.5575039386749268, 6008
2.5575039386749268, 6007
2.5575039386749268, 6006
2.5575039386749268, 6005
2.5655930042266846, 6004
2.5655930042266846, 6003
2.5677332878112793, 6002
2.5677332878112793, 6001
2.5780177116394043, 6000
2.5780177116394043, 5999
2.5780177116394043, 5998
2.5780177116394043, 5997
2.586090326309204, 5996
2.586090326309204, 5995
2.588236093521118, 5994
2.5963752269744873, 5993
2.5984320640563965, 5992
2.598526954650879, 5991
2.606614589691162, 5990
2.6087629795074463, 5989
2.6087629795074463, 5988
2.6087629795074463, 5987
2.6190474033355713, 5986
2.6292731761932373, 5985
2.6292731761932373, 5984
2.6374127864837646, 5983
2.639552354812622, 5982
2.6501286029815674, 5981
2.6501286029815674, 5980
2.6501286029815674, 5979
2.6604223251342773, 5978
2.6604223251342773, 5977
2.6604223251342773, 5976
2.670658826828003, 5975
2.670658826828003, 5974
2.670658826828003, 5973
2.670658826828003, 5972
2.670658826828003, 5971
2.6788060665130615, 5970
2.680948495864868, 5969
2.680948495864868, 5968
2.680948495864868, 5967
2.6911842823028564, 5966
2.6911842823028564, 5965
2.6911842823028564, 5964
2.6911842823028564, 5963
2.6911842823028564, 5962
2.6993277072906494, 5961
2.7014753818511963, 5960
2.711709499359131, 5959
2.7198572158813477, 5958
2.7219996452331543, 5957
2.7219996452331543, 5956
2.730060577392578, 5955
2.7322020530700684, 5954
2.7322020530700684, 5953
2.7322020530700684, 5952
2.7322020530700684, 5951
2.7424800395965576, 5950
2.752687931060791, 5949
2.760831594467163, 5948
2.7629706859588623, 5947
2.7629706859588623, 5946
2.7710492610931396, 5945
2.7710492610931396, 5944
2.7813355922698975, 5943
2.7813355922698975, 5942
2.783482313156128, 5941
2.7915594577789307, 5940
2.7936999797821045, 5939
2.7936999797821045, 5938
2.7936999797821045, 5937
2.7936999797821045, 5936
2.7936999797821045, 5935
2.8018417358398438, 5934
2.8039798736572266, 5933
2.8039798736572266, 5932
2.8039798736572266, 5931
2.8120534420013428, 5930
2.8120534420013428, 5929
2.8142077922821045, 5928
2.8142077922821045, 5927
2.8142077922821045, 5926
2.8142077922821045, 5925
2.834702730178833, 5924
2.834702730178833, 5923
2.8428428173065186, 5922
2.8449833393096924, 5921
2.8449833393096924, 5920
2.8449833393096924, 5919
2.8449833393096924, 5918
2.855231523513794, 5917
2.855231523513794, 5916
2.8633384704589844, 5915
2.8633384704589844, 5914
2.8633384704589844, 5913
2.8633384704589844, 5912
2.865483522415161, 5911
2.865483522415161, 5910
2.865483522415161, 5909
2.8735735416412354, 5908
2.8757119178771973, 5907
2.8757119178771973, 5906
2.8757119178771973, 5905
2.8757119178771973, 5904
2.8757119178771973, 5903
2.8838555812835693, 5902
2.8838555812835693, 5901
2.8859965801239014, 5900
2.8859965801239014, 5899
2.89408278465271, 5898
2.89408278465271, 5897
2.8962221145629883, 5896
2.8962221145629883, 5895
2.9043636322021484, 5894
2.9065065383911133, 5893
2.9065065383911133, 5892
2.9065065383911133, 5891
2.9065065383911133, 5890
2.9065065383911133, 5889
2.914616107940674, 5888
2.914616107940674, 5887
2.916761636734009, 5886
2.916761636734009, 5885
2.92480731010437, 5884
2.9270598888397217, 5883
2.9270598888397217, 5882
2.9351446628570557, 5881
2.9372856616973877, 5880
2.9372856616973877, 5879
2.9372856616973877, 5878
2.9474756717681885, 5877
2.9475672245025635, 5876
2.9475672245025635, 5875
2.9593141078948975, 5874
2.9698920249938965, 5873
2.972107172012329, 5872
2.972107172012329, 5871
2.972107172012329, 5870
2.9782490730285645, 5869
2.9803354740142822, 5868
2.9803354740142822, 5867
2.9803354740142822, 5866
2.9884896278381348, 5865
2.9884896278381348, 5864
2.9906394481658936, 5863
2.9906394481658936, 5862
2.9906394481658936, 5861
3.000927448272705, 5860
3.000927448272705, 5859
3.0111732482910156, 5858
3.0111732482910156, 5857
3.0111732482910156, 5856
3.0111732482910156, 5855
3.0214622020721436, 5854
3.0214622020721436, 5853
3.0214622020721436, 5852
3.0214622020721436, 5851
3.0214622020721436, 5850
3.0214622020721436, 5849
3.0214622020721436, 5848
3.0295650959014893, 5847
3.031702995300293, 5846
3.031702995300293, 5845
3.031702995300293, 5844
3.031702995300293, 5843
3.0419859886169434, 5842
3.0419859886169434, 5841
3.0500617027282715, 5840
3.052201747894287, 5839
3.052201747894287, 5838
3.062481641769409, 5837
3.062481641769409, 5836
3.062481641769409, 5835
3.062481641769409, 5834
3.062481641769409, 5833
3.0705783367156982, 5832
3.0705783367156982, 5831
3.072721004486084, 5830
3.083009958267212, 5829
3.083009958267212, 5828
3.083009958267212, 5827
3.0911166667938232, 5826
3.0911166667938232, 5825
3.0931644439697266, 5824
3.0932600498199463, 5823
3.0932600498199463, 5822
3.10140323638916, 5821
3.1035423278808594, 5820
3.1035423278808594, 5819
3.1136555671691895, 5818
3.1136555671691895, 5817
3.1239328384399414, 5816
3.13200044631958, 5815
3.1341392993927, 5814
3.1341392993927, 5813
3.1341392993927, 5812
3.1341392993927, 5811
3.1341392993927, 5810
3.144416332244873, 5809
3.144416332244873, 5808
3.144416332244873, 5807
3.144416332244873, 5806
3.144416332244873, 5805
3.1525022983551025, 5804
3.154642343521118, 5803
3.154642343521118, 5802
3.162785291671753, 5801
3.162785291671753, 5800
3.1649270057678223, 5799
3.1649270057678223, 5798
3.1649270057678223, 5797
3.1649270057678223, 5796
3.1832878589630127, 5795
3.1935300827026367, 5794
3.205955743789673, 5793
3.2161831855773926, 5792
3.2161831855773926, 5791
3.2161831855773926, 5790
3.2161831855773926, 5789
3.224332571029663, 5788
3.226475238800049, 5787
3.226475238800049, 5786
3.226475238800049, 5785
3.226475238800049, 5784
3.226475238800049, 5783
3.2346315383911133, 5782
3.2367801666259766, 5781
3.244922161102295, 5780
3.257582902908325, 5779
3.257582902908325, 5778
3.257582902908325, 5777
3.26562762260437, 5776
3.2657217979431152, 5775
3.2657217979431152, 5774
3.2657217979431152, 5773
3.267864942550659, 5772
3.278085708618164, 5771
3.2862327098846436, 5770
3.2862327098846436, 5769
3.288372755050659, 5768
3.288372755050659, 5767
3.298585891723633, 5766
3.298585891723633, 5765
3.298585891723633, 5764
3.298585891723633, 5763
3.30877947807312, 5762
3.3088743686676025, 5761
3.3088743686676025, 5760
3.3088743686676025, 5759
3.3088743686676025, 5758
3.3088743686676025, 5757
3.3190972805023193, 5756
3.3190972805023193, 5755
3.3190972805023193, 5754
3.3190972805023193, 5753
3.3190972805023193, 5752
3.3190972805023193, 5751
3.3293771743774414, 5750
3.3374621868133545, 5749
3.339613437652588, 5748
3.339613437652588, 5747
3.349893569946289, 5746
3.349893569946289, 5745
3.3601338863372803, 5744
3.3601338863372803, 5743
3.3601338863372803, 5742
3.3601338863372803, 5741
3.368277072906494, 5740
3.3785219192504883, 5739
3.3785219192504883, 5738
3.380662202835083, 5737
3.380662202835083, 5736
3.380662202835083, 5735
3.388805866241455, 5734
3.390946626663208, 5733
3.390946626663208, 5732
3.390946626663208, 5731
3.390946626663208, 5730
3.390946626663208, 5729
3.3990275859832764, 5728
3.3990275859832764, 5727
3.401167154312134, 5726
3.4114537239074707, 5725
3.4114537239074707, 5724
3.4114537239074707, 5723
3.4114537239074707, 5722
3.4216742515563965, 5721
3.4216742515563965, 5720
3.4216742515563965, 5719
3.4216742515563965, 5718
3.4216742515563965, 5717
3.4216742515563965, 5716
3.4216742515563965, 5715
3.4298245906829834, 5714
3.4298245906829834, 5713
3.4319586753845215, 5712
3.4319586753845215, 5711
3.452500820159912, 5710
3.452500820159912, 5709
3.452500820159912, 5708
3.452500820159912, 5707
3.4605886936187744, 5706
3.462735176086426, 5705
3.470869779586792, 5704
3.473015785217285, 5703
3.473015785217285, 5702
3.473015785217285, 5701
3.473015785217285, 5700
3.473015785217285, 5699
3.473015785217285, 5698
3.483248710632324, 5697
3.483248710632324, 5696
3.483248710632324, 5695
3.4935333728790283, 5694
3.4935333728790283, 5693
3.5037765502929688, 5692
3.5037765502929688, 5691
3.5037765502929688, 5690
3.5140678882598877, 5689
3.5140678882598877, 5688
3.522138833999634, 5687
3.524278402328491, 5686
3.524278402328491, 5685
3.524278402328491, 5684
3.534571409225464, 5683
3.542640447616577, 5682
3.5447838306427, 5681
3.5447838306427, 5680
3.5447838306427, 5679
3.5447838306427, 5678
3.5447838306427, 5677
3.5549709796905518, 5676
3.5550665855407715, 5675
3.5550665855407715, 5674
3.565290927886963, 5673
3.565290927886963, 5672
3.5755739212036133, 5671
3.5755739212036133, 5670
3.5755739212036133, 5669
3.5836613178253174, 5668
3.5836613178253174, 5667
3.585805892944336, 5666
3.593946933746338, 5665
3.5960865020751953, 5664
3.604180335998535, 5663
3.6063225269317627, 5662
3.6063225269317627, 5661
3.6063225269317627, 5660
3.6063225269317627, 5659
3.614464521408081, 5658
3.616603136062622, 5657
3.616603136062622, 5656
3.616603136062622, 5655
3.616603136062622, 5654
3.616603136062622, 5653
3.6268420219421387, 5652
3.6268420219421387, 5651
3.6268420219421387, 5650
3.634986162185669, 5649
3.645275592803955, 5648
3.6474151611328125, 5647
3.6474151611328125, 5646
3.657608985900879, 5645
3.657702922821045, 5644
3.657702922821045, 5643
3.657702922821045, 5642
3.657702922821045, 5641
3.657702922821045, 5640
3.665801525115967, 5639
3.667924404144287, 5638
3.6760644912719727, 5637
3.678208827972412, 5636
3.678208827972412, 5635
3.678208827972412, 5634
3.6884593963623047, 5633
3.696535587310791, 5632
3.6986711025238037, 5631
3.6986711025238037, 5630
3.6986711025238037, 5629
3.6986711025238037, 5628
3.6986711025238037, 5627
3.708914041519165, 5626
3.708914041519165, 5625
3.708914041519165, 5624
3.708914041519165, 5623
3.7191927433013916, 5622
3.7272751331329346, 5621
3.7294182777404785, 5620
3.7294182777404785, 5619
3.7294182777404785, 5618
3.7294182777404785, 5617
3.7375569343566895, 5616
3.7396962642669678, 5615
3.7499053478240967, 5614
3.7499053478240967, 5613
3.7499053478240967, 5612
3.7499053478240967, 5611
3.7499053478240967, 5610
3.7580466270446777, 5609
3.7580466270446777, 5608
3.760185718536377, 5607
3.760185718536377, 5606
3.760185718536377, 5605
3.760185718536377, 5604
3.760185718536377, 5603
3.760185718536377, 5602
3.770416259765625, 5601
3.770416259765625, 5600
3.7806992530822754, 5599
3.7806992530822754, 5598
3.7806992530822754, 5597
3.7887349128723145, 5596
3.7908716201782227, 5595
3.7908716201782227, 5594
3.7990102767944336, 5593
3.801147222518921, 5592
3.801147222518921, 5591
3.809295415878296, 5590
3.811436653137207, 5589
3.811436653137207, 5588
3.811436653137207, 5587
3.819577932357788, 5586
3.8217172622680664, 5585
3.8217172622680664, 5584
3.8217172622680664, 5583
3.8217172622680664, 5582
3.8297929763793945, 5581
3.8297929763793945, 5580
3.831936836242676, 5579
3.839979410171509, 5578
3.8400747776031494, 5577
3.8400747776031494, 5576
3.8422157764434814, 5575
3.8422157764434814, 5574
3.8503170013427734, 5573
3.852464199066162, 5572
3.852464199066162, 5571
3.8627429008483887, 5570
3.8627429008483887, 5569
3.8707902431488037, 5568
3.8732872009277344, 5567
3.8732872009277344, 5566
3.8732872009277344, 5565
3.891655206680298, 5564
3.891655206680298, 5563
3.893796920776367, 5562
3.893796920776367, 5561
3.893796920776367, 5560
3.893796920776367, 5559
3.893796920776367, 5558
3.9019477367401123, 5557
3.904096841812134, 5556
3.904096841812134, 5555
3.904096841812134, 5554
3.904096841812134, 5553
3.904096841812134, 5552
3.912184000015259, 5551
3.9224693775177, 5550
3.924612045288086, 5549
3.9348647594451904, 5548
3.9348647594451904, 5547
3.9348647594451904, 5546
3.9348647594451904, 5545
3.9348647594451904, 5544
3.9348647594451904, 5543
3.943014144897461, 5542
3.953261137008667, 5541
3.9553945064544678, 5540
3.9553945064544678, 5539
3.965634346008301, 5538
3.973719835281372, 5537
3.973719835281372, 5536
3.973719835281372, 5535
3.9758644104003906, 5534
3.9758644104003906, 5533
3.9758644104003906, 5532
3.9758644104003906, 5531
3.9758644104003906, 5530
3.9758644104003906, 5529
3.986154556274414, 5528
3.986154556274414, 5527
3.9962942600250244, 5526
3.9962942600250244, 5525
3.9962942600250244, 5524
4.006584882736206, 5523
4.014753818511963, 5522
4.016893625259399, 5521
4.016893625259399, 5520
4.016893625259399, 5519
4.016893625259399, 5518
4.0250349044799805, 5517
4.0250349044799805, 5516
4.0250349044799805, 5515
4.02717924118042, 5514
4.037403345108032, 5513
4.037403345108032, 5512
4.037403345108032, 5511
4.037403345108032, 5510
4.037403345108032, 5509
4.037403345108032, 5508
4.037403345108032, 5507
4.055801868438721, 5506
4.057942152023315, 5505
4.057942152023315, 5504
4.057942152023315, 5503
4.057942152023315, 5502
4.068220376968384, 5501
4.068220376968384, 5500
4.068220376968384, 5499
4.076313018798828, 5498
4.078453302383423, 5497
4.078453302383423, 5496
4.078453302383423, 5495
4.078453302383423, 5494
4.086592435836792, 5493
4.086592435836792, 5492
4.088736057281494, 5491
4.088736057281494, 5490
4.088736057281494, 5489
4.096778869628906, 5488
4.098823547363281, 5487
4.098923683166504, 5486
4.098923683166504, 5485
4.098923683166504, 5484
4.098923683166504, 5483
4.1092047691345215, 5482
4.1092047691345215, 5481
4.1092047691345215, 5480
4.119425535202026, 5479
4.119425535202026, 5478
4.129674196243286, 5477
4.1398844718933105, 5476
4.1398844718933105, 5475
4.1398844718933105, 5474
4.148024082183838, 5473
4.148024082183838, 5472
4.150166034698486, 5471
4.150166034698486, 5470
4.150166034698486, 5469
4.150166034698486, 5468
4.1582348346710205, 5467
4.1582348346710205, 5466
4.16037917137146, 5465
4.16037917137146, 5464
4.180912494659424, 5463
4.180912494659424, 5462
4.189053058624268, 5461
4.191191911697388, 5460
4.191191911697388, 5459
4.201422452926636, 5458
4.201422452926636, 5457
4.201422452926636, 5456
4.211710214614868, 5455
4.211710214614868, 5454
4.211710214614868, 5453
4.211710214614868, 5452
4.221932888031006, 5451
4.221932888031006, 5450
4.221932888031006, 5449
4.230039834976196, 5448
4.2321765422821045, 5447
4.2321765422821045, 5446
4.2321765422821045, 5445
4.2321765422821045, 5444
4.2321765422821045, 5443
4.2321765422821045, 5442
4.2321765422821045, 5441
4.242401361465454, 5440
4.250544548034668, 5439
4.252598762512207, 5438
4.252696752548218, 5437
4.252696752548218, 5436
4.260855674743652, 5435
4.273268938064575, 5434
4.283486843109131, 5433
4.283486843109131, 5432
4.283486843109131, 5431
4.283486843109131, 5430
4.293770790100098, 5429
4.293770790100098, 5428
4.303988456726074, 5427
4.303988456726074, 5426
4.303988456726074, 5425
4.312138795852661, 5424
4.314280271530151, 5423
4.324503183364868, 5422
4.332643985748291, 5421
4.345019102096558, 5420
4.345019102096558, 5419
4.355301856994629, 5418
4.355301856994629, 5417
4.355301856994629, 5416
4.365494728088379, 5415
4.365494728088379, 5414
4.373633861541748, 5413
4.375775337219238, 5412
4.375775337219238, 5411
4.375775337219238, 5410
4.375775337219238, 5409
4.383864879608154, 5408
4.383864879608154, 5407
4.386005163192749, 5406
4.386005163192749, 5405
4.386005163192749, 5404
4.394153594970703, 5403
4.396287441253662, 5402
4.396287441253662, 5401
4.396287441253662, 5400
4.396287441253662, 5399
4.404365062713623, 5398
4.406573057174683, 5397
4.414527416229248, 5396
4.414527416229248, 5395
4.422623872756958, 5394
4.422623872756958, 5393
4.422623872756958, 5392
4.430545806884766, 5391
4.432590961456299, 5390
4.432684659957886, 5389
4.432684659957886, 5388
4.432684659957886, 5387
4.4407525062561035, 5386
4.4407525062561035, 5385
4.442892551422119, 5384
4.442892551422119, 5383
4.451035261154175, 5382
4.453174591064453, 5381
4.453174591064453, 5380
4.453174591064453, 5379
4.453174591064453, 5378
4.463366270065308, 5377
4.463366270065308, 5376
4.47365665435791, 5375
4.47365665435791, 5374
4.47365665435791, 5373
4.4817023277282715, 5372
4.484199285507202, 5371
4.484199285507202, 5370
4.492340087890625, 5369
4.494480848312378, 5368
4.504703760147095, 5367
4.504703760147095, 5366
4.504703760147095, 5365
4.504703760147095, 5364
4.523075342178345, 5363
4.525217294692993, 5362
4.525217294692993, 5361
4.525217294692993, 5360
4.53335976600647, 5359
4.53335976600647, 5358
4.5355119705200195, 5357
4.5355119705200195, 5356
4.545805215835571, 5355
4.55394721031189, 5354
4.5560853481292725, 5353
4.566319465637207, 5352
4.566319465637207, 5351
4.566319465637207, 5350
4.566319465637207, 5349
4.576612710952759, 5348
4.576612710952759, 5347
4.586842775344849, 5346
4.5971455574035645, 5345
4.607371807098389, 5344
4.617653846740723, 5343
4.617653846740723, 5342
4.627880811691284, 5341
4.627880811691284, 5340
4.627880811691284, 5339
4.636026859283447, 5338
4.638169050216675, 5337
4.638169050216675, 5336
4.646255016326904, 5335
4.648394584655762, 5334
4.648394584655762, 5333
4.648394584655762, 5332
4.648394584655762, 5331
4.658679246902466, 5330
4.658679246902466, 5329
4.668920278549194, 5328
4.677063941955566, 5327
4.677063941955566, 5326
4.677063941955566, 5325
4.677063941955566, 5324
4.679205417633057, 5323
4.679205417633057, 5322
4.679205417633057, 5321
4.689448595046997, 5320
4.689448595046997, 5319
4.689448595046997, 5318
4.697591781616211, 5317
4.699730396270752, 5316
4.699730396270752, 5315
4.709963083267212, 5314
4.718106746673584, 5313
4.72024393081665, 5312
4.72024393081665, 5311
4.728328466415405, 5310
4.728507041931152, 5309
4.738598346710205, 5308
4.7409279346466064, 5307
4.749028921127319, 5306
4.761385440826416, 5305
4.761385440826416, 5304
4.761385440826416, 5303
4.761385440826416, 5302
4.771653413772583, 5301
4.789997339248657, 5300
4.792144298553467, 5299
4.792144298553467, 5298
4.792144298553467, 5297
4.8023552894592285, 5296
4.8023552894592285, 5295
4.8105058670043945, 5294
4.812644720077515, 5293
4.820732593536377, 5292
4.8331618309021, 5291
4.8434157371521, 5290
4.8434157371521, 5289
4.8434157371521, 5288
4.8515565395355225, 5287
4.8515565395355225, 5286
4.85370397567749, 5285
4.863922357559204, 5284
4.863922357559204, 5283
4.8822901248931885, 5282
4.892585277557373, 5281
4.892585277557373, 5280
4.8947367668151855, 5279
4.8947367668151855, 5278
4.8947367668151855, 5277
4.902836799621582, 5276
4.904975891113281, 5275
4.904975891113281, 5274
4.915188789367676, 5273
4.925420045852661, 5272
4.925420045852661, 5271
4.935701847076416, 5270
4.943752765655518, 5269
4.9437949657440186, 5268
4.945935249328613, 5267
4.95621919631958, 5266
4.95621919631958, 5265
4.95621919631958, 5264
4.95621919631958, 5263
4.964301586151123, 5262
4.96644926071167, 5261
4.96644926071167, 5260
4.974602460861206, 5259
4.9766480922698975, 5258
4.976743221282959, 5257
4.976743221282959, 5256
4.986968517303467, 5255
4.986968517303467, 5254
4.997130870819092, 5253
4.997130870819092, 5252
4.997130870819092, 5251
4.997130870819092, 5250
4.997130870819092, 5249
5.007394075393677, 5248
5.007394075393677, 5247
5.007394075393677, 5246
5.0155510902404785, 5245
5.0155510902404785, 5244
5.0177037715911865, 5243
5.0177037715911865, 5242
5.0257909297943115, 5241
5.027836561203003, 5240
5.0279316902160645, 5239
5.0279316902160645, 5238
5.038230895996094, 5237
5.038230895996094, 5236
5.048335790634155, 5235
5.058568239212036, 5234
5.058568239212036, 5233
5.06870698928833, 5232
5.068802118301392, 5231
5.068802118301392, 5230
5.068802118301392, 5229
5.0769476890563965, 5228
5.0769476890563965, 5227
5.078983545303345, 5226
5.078983545303345, 5225
5.078983545303345, 5224
5.078983545303345, 5223
5.089582681655884, 5222
5.089582681655884, 5221
5.089582681655884, 5220
5.099869251251221, 5219
5.099869251251221, 5218
5.107978820800781, 5217
5.110123634338379, 5216
5.110123634338379, 5215
5.1203882694244385, 5214
5.128485679626465, 5213
5.128485679626465, 5212
5.128485679626465, 5211
5.1306374073028564, 5210
5.1306374073028564, 5209
5.138787031173706, 5208
5.151056528091431, 5207
5.151056528091431, 5206
5.159106016159058, 5205
5.16135311126709, 5204
5.16135311126709, 5203
5.169465065002441, 5202
5.171515941619873, 5201
5.171515941619873, 5200
5.181703329086304, 5199
5.1920998096466064, 5198
5.2024078369140625, 5197
5.210554599761963, 5196
5.22065281867981, 5195
5.2227942943573, 5194
5.2227942943573, 5193
5.230945825576782, 5192
5.233083248138428, 5191
5.233083248138428, 5190
5.253555774688721, 5189
5.253555774688721, 5188
5.253555774688721, 5187
5.253555774688721, 5186
5.263955593109131, 5185
5.27211332321167, 5184
5.274217844009399, 5183
5.284434795379639, 5182
5.284434795379639, 5181
5.294728755950928, 5180
5.294728755950928, 5179
5.294728755950928, 5178
5.304975509643555, 5177
5.313029766082764, 5176
5.315185546875, 5175
5.335702180862427, 5174
5.335702180862427, 5173
5.343787670135498, 5172
5.3459391593933105, 5171
5.356226921081543, 5170
5.366517543792725, 5169
5.366517543792725, 5168
5.376806259155273, 5167
5.376806259155273, 5166
5.384922027587891, 5165
5.384922027587891, 5164
5.38707709312439, 5163
5.38707709312439, 5162
5.38707709312439, 5161
5.38707709312439, 5160
5.395122528076172, 5159
5.397180557250977, 5158
5.405263185501099, 5157
5.405263185501099, 5156
5.407408714294434, 5155
5.417696475982666, 5154
5.427975654602051, 5153
5.427975654602051, 5152
5.438256740570068, 5151
5.446305513381958, 5150
5.448447942733765, 5149
5.448447942733765, 5148
5.468963861465454, 5147
5.468963861465454, 5146
5.47710657119751, 5145
5.489441633224487, 5144
5.497581481933594, 5143
5.499722957611084, 5142
5.499722957611084, 5141
5.499722957611084, 5140
5.520225286483765, 5139
5.520225286483765, 5138
5.538905143737793, 5137
5.538905143737793, 5136
5.541055917739868, 5135
5.5513081550598145, 5134
5.5513081550598145, 5133
5.559374809265137, 5132
5.579590797424316, 5131
5.579590797424316, 5130
5.595229864120483, 5129
5.595229864120483, 5128
5.595229864120483, 5127
5.595229864120483, 5126
5.626487493515015, 5125
5.660434246063232, 5124
5.667171001434326, 5123
5.672625780105591, 5122
5.672625780105591, 5121
5.679701566696167, 5120
5.692112445831299, 5119
5.692112445831299, 5118
5.692112445831299, 5117
5.702716588973999, 5116
5.702716588973999, 5115
5.72315239906311, 5114
5.73125696182251, 5113
5.733400106430054, 5112
5.733400106430054, 5111
5.733400106430054, 5110
5.743648290634155, 5109
5.743648290634155, 5108
5.762024641036987, 5107
5.772353887557983, 5106
5.774499416351318, 5105
5.784748554229736, 5104
5.795001745223999, 5103
5.805472135543823, 5102
5.805472135543823, 5101
5.805472135543823, 5100
5.815646648406982, 5099
5.815646648406982, 5098
5.836160659790039, 5097
5.836160659790039, 5096
5.836160659790039, 5095
5.844233751296997, 5094
5.844233751296997, 5093
5.846320390701294, 5092
5.846320390701294, 5091
5.846320390701294, 5090
5.846320390701294, 5089
5.854472637176514, 5088
5.856509447097778, 5087
5.866746664047241, 5086
5.866746664047241, 5085
5.887269973754883, 5084
5.8954198360443115, 5083
5.897564649581909, 5082
5.905662298202515, 5081
5.907810688018799, 5080
5.907810688018799, 5079
5.907810688018799, 5078
5.907810688018799, 5077
5.907810688018799, 5076
5.918102025985718, 5075
5.918102025985718, 5074
5.918102025985718, 5073
5.928341865539551, 5072
5.938625335693359, 5071
5.9467363357543945, 5070
5.9488749504089355, 5069
5.9488749504089355, 5068
5.9488749504089355, 5067
5.9570229053497314, 5066
5.9570229053497314, 5065
5.959169149398804, 5064
5.9694013595581055, 5063
5.97963285446167, 5062
6.000016927719116, 5061
6.000016927719116, 5060
6.000016927719116, 5059
6.000016927719116, 5058
6.020569801330566, 5057
6.030798435211182, 5056
6.030798435211182, 5055
6.030798435211182, 5054
6.03894829750061, 5053
6.051300287246704, 5052
6.0594401359558105, 5051
6.061577796936035, 5050
6.061577796936035, 5049
6.061577796936035, 5048
6.071714401245117, 5047
6.0718090534210205, 5046
6.0718090534210205, 5045
6.0718090534210205, 5044
6.0798540115356445, 5043
6.089864492416382, 5042
6.105541944503784, 5041
6.121197938919067, 5040
6.121197938919067, 5039
6.121197938919067, 5038
6.136794805526733, 5037
6.136794805526733, 5036
6.136794805526733, 5035
6.136794805526733, 5034
6.136794805526733, 5033
6.152421236038208, 5032
6.152421236038208, 5031
6.152421236038208, 5030
6.168042421340942, 5029
6.168042421340942, 5028
6.183671236038208, 5027
6.2058775424957275, 5026
6.221462249755859, 5025
6.221462249755859, 5024
6.221462249755859, 5023
6.250475645065308, 5022
6.251521110534668, 5021
6.251521110534668, 5020
6.251521110534668, 5019
6.251521110534668, 5018
6.267200708389282, 5017
6.267200708389282, 5016
6.282819986343384, 5015
6.290339946746826, 5014
6.290339946746826, 5013
6.290339946746826, 5012
6.32160496711731, 5011
6.32160496711731, 5010
6.32160496711731, 5009
6.32160496711731, 5008
6.337273597717285, 5007
6.337273597717285, 5006
6.352895259857178, 5005
6.352895259857178, 5004
6.352895259857178, 5003
6.352895259857178, 5002
6.368520021438599, 5001
6.368520021438599, 5000
6.368520021438599, 4999
6.384142875671387, 4998
6.392934083938599, 4997
6.392934083938599, 4996
6.403175592422485, 4995
6.411315679550171, 4994
6.413455009460449, 4993
6.423684358596802, 4992
6.431828022003174, 4991
6.433968544006348, 4990
6.442053318023682, 4989
6.442053318023682, 4988
6.464695453643799, 4987
6.464695453643799, 4986
6.474989652633667, 4985
6.474989652633667, 4984
6.4833221435546875, 4983
6.485462188720703, 4982
6.485462188720703, 4981
6.485462188720703, 4980
6.485462188720703, 4979
6.493608713150024, 4978
6.493608713150024, 4977
6.495750665664673, 4976
6.503826141357422, 4975
6.50597071647644, 4974
6.50597071647644, 4973
6.50597071647644, 4972
6.516249656677246, 4971
6.516249656677246, 4970
6.524324893951416, 4969
6.52636981010437, 4968
6.526463747024536, 4967
6.526463747024536, 4966
6.526463747024536, 4965
6.536755561828613, 4964
6.546980142593384, 4963
6.546980142593384, 4962
6.5572545528411865, 4961
6.5572545528411865, 4960
6.5572545528411865, 4959
6.5572545528411865, 4958
6.565401554107666, 4957
6.567544460296631, 4956
6.567544460296631, 4955
6.567544460296631, 4954
6.575686454772949, 4953
6.575686454772949, 4952
6.577830791473389, 4951
6.577830791473389, 4950
6.577830791473389, 4949
6.596160173416138, 4948
6.596160173416138, 4947
6.598302841186523, 4946
6.598302841186523, 4945
6.598302841186523, 4944
6.639357566833496, 4943
6.639357566833496, 4942
6.639357566833496, 4941
6.649583578109741, 4940
6.649583578109741, 4939
6.649583578109741, 4938
6.657729148864746, 4937
6.6598732471466064, 4936
6.6598732471466064, 4935
6.670098781585693, 4934
6.670098781585693, 4933
6.670098781585693, 4932
6.678239583969116, 4931
6.688501596450806, 4930
6.69879937171936, 4929
6.69879937171936, 4928
6.7009406089782715, 4927
6.711188793182373, 4926
6.711188793182373, 4925
6.721479892730713, 4924
6.731688499450684, 4923
6.739821195602417, 4922
6.750037431716919, 4921
6.752178192138672, 4920
6.762413263320923, 4919
6.762413263320923, 4918
6.782922267913818, 4917
6.782922267913818, 4916
6.782922267913818, 4915
6.782922267913818, 4914
6.793152570724487, 4913
6.821830987930298, 4912
6.821830987930298, 4911
6.834190607070923, 4910
6.844480276107788, 4909
6.852573394775391, 4908
6.8627917766571045, 4907
6.8627917766571045, 4906
6.873000621795654, 4905
6.8853278160095215, 4904
6.8955700397491455, 4903
6.8955700397491455, 4902
6.8955700397491455, 4901
6.8955700397491455, 4900
6.905776262283325, 4899
6.905776262283325, 4898
6.926074981689453, 4897
6.926074981689453, 4896
6.934220314025879, 4895
6.946583986282349, 4894
6.946583986282349, 4893
6.956809759140015, 4892
6.964858055114746, 4891
6.967301845550537, 4890
6.977474689483643, 4889
6.977474689483643, 4888
6.977474689483643, 4887
6.9856109619140625, 4886
6.987712621688843, 4885
6.9978203773498535, 4884
6.9978203773498535, 4883
7.008015155792236, 4882
7.024436950683594, 4881
7.03089451789856, 4880
7.031958818435669, 4879
7.039751768112183, 4878
7.04785680770874, 4877
7.049951076507568, 4876
7.049951076507568, 4875
7.049951076507568, 4874
7.060230255126953, 4873
7.060230255126953, 4872
7.060230255126953, 4871
7.070470571517944, 4870
7.0909576416015625, 4869
7.0909576416015625, 4868
7.101159572601318, 4867
7.101159572601318, 4866
7.109241962432861, 4865
7.119542121887207, 4864
7.119542121887207, 4863
7.121683597564697, 4862
7.131924629211426, 4861
7.131924629211426, 4860
7.131924629211426, 4859
7.131924629211426, 4858
7.131924629211426, 4857
7.131924629211426, 4856
7.140075922012329, 4855
7.1422224044799805, 4854
7.1422224044799805, 4853
7.152744293212891, 4852
7.16088080406189, 4851
7.162949323654175, 4850
7.181312084197998, 4849
7.183452129364014, 4848
7.183452129364014, 4847
7.183452129364014, 4846
7.203972816467285, 4845
7.203972816467285, 4844
7.203972816467285, 4843
7.22235107421875, 4842
7.234706878662109, 4841
7.244994640350342, 4840
7.244994640350342, 4839
7.253087759017944, 4838
7.255228281021118, 4837
7.265428066253662, 4836
7.273529529571533, 4835
7.275657653808594, 4834
7.283808469772339, 4833
7.285944938659668, 4832
7.285944938659668, 4831
7.296152114868164, 4830
7.296152114868164, 4829
7.296152114868164, 4828
7.296152114868164, 4827
7.296152114868164, 4826
7.306450366973877, 4825
7.314537763595581, 4824
7.314537763595581, 4823
7.314537763595581, 4822
7.316677570343018, 4821
7.326979637145996, 4820
7.326979637145996, 4819
7.347579717636108, 4818
7.347579717636108, 4817
7.347579717636108, 4816
7.357868909835815, 4815
7.357868909835815, 4814
7.368152379989624, 4813
7.37622857093811, 4812
7.3783721923828125, 4811
7.38866662979126, 4810
7.38866662979126, 4809
7.38866662979126, 4808
7.3988800048828125, 4807
7.407021522521973, 4806
7.409160614013672, 4805
7.409160614013672, 4804
7.409160614013672, 4803
7.417257308959961, 4802
7.42755126953125, 4801
7.429656505584717, 4800
7.43773078918457, 4799
7.470589637756348, 4798
7.480826139450073, 4797
7.480826139450073, 4796
7.480826139450073, 4795
7.5013463497161865, 4794
7.5116353034973145, 4793
7.5116353034973145, 4792
7.519690036773682, 4791
7.532460451126099, 4790
7.532460451126099, 4789
7.550899505615234, 4788
7.553037166595459, 4787
7.553037166595459, 4786
7.553037166595459, 4785
7.563342809677124, 4784
7.57365608215332, 4783
7.584031820297241, 4782
7.584031820297241, 4781
7.594303607940674, 4780
7.594303607940674, 4779
7.604874849319458, 4778
7.6150877475738525, 4777
7.62532639503479, 4776
7.62532639503479, 4775
7.64385724067688, 4774
7.645916938781738, 4773
7.645916938781738, 4772
7.698009490966797, 4771
7.708326816558838, 4770
7.759889125823975, 4769
7.77065634727478, 4768
7.778700590133667, 4767
7.791127681732178, 4766
7.82021689414978, 4765
7.861506938934326, 4764
7.86365008354187, 4763
7.903087377548218, 4762
7.905128002166748, 4761
7.905128002166748, 4760
7.936349153518677, 4759
7.936349153518677, 4758
7.944487571716309, 4757
7.946584701538086, 4756
7.954905033111572, 4755
7.95700740814209, 4754
7.977595806121826, 4753
8.018965482711792, 4752
8.027112245559692, 4751
8.039576530456543, 4750
8.057963609695435, 4749
8.057963609695435, 4748
8.060026168823242, 4747
8.070550680160522, 4746
8.080718517303467, 4745
8.091059684753418, 4744
8.091059684753418, 4743
8.109818935394287, 4742
8.111885786056519, 4741
8.122305631637573, 4740
8.140491485595703, 4739
8.185051202774048, 4738
8.202009916305542, 4737
8.20518183708191, 4736
8.20835018157959, 4735
8.217845916748047, 4734
8.218904733657837, 4733
8.230479001998901, 4732
8.263651371002197, 4731
8.27183723449707, 4730
8.288037061691284, 4729
8.289128065109253, 4728
8.29678988456726, 4727
8.304933786392212, 4726
8.315186023712158, 4725
8.315186023712158, 4724
8.33601975440979, 4723
8.338253498077393, 4722
8.338253498077393, 4721
8.357988834381104, 4720
8.359086275100708, 4719
8.361187219619751, 4718
8.376954078674316, 4717
8.379032611846924, 4716
8.410305500030518, 4715
8.41135859489441, 4714
8.419733762741089, 4713
8.447181463241577, 4712
8.453546285629272, 4711
8.458251953125, 4710
8.49117636680603, 4709
8.501487731933594, 4708
8.511762619018555, 4707
8.522078514099121, 4706
8.532394409179688, 4705
8.54262900352478, 4704
8.552875280380249, 4703
8.552875280380249, 4702
8.552875280380249, 4701
8.60194730758667, 4700
8.635091781616211, 4699
8.635091781616211, 4698
8.635091781616211, 4697
8.65568208694458, 4696
8.6658296585083, 4695
8.676108121871948, 4694
8.696757793426514, 4693
8.707032918930054, 4692
8.727692127227783, 4691
8.727692127227783, 4690
8.737968683242798, 4689
8.769042015075684, 4688
8.769042015075684, 4687
8.779249429702759, 4686
8.787330865859985, 4685
8.789462089538574, 4684
8.820405960083008, 4683
8.83060622215271, 4682
8.871655941009521, 4681
8.871655941009521, 4680
8.892156600952148, 4679
8.902371406555176, 4678
8.902371406555176, 4677
8.910499334335327, 4676
8.92280650138855, 4675
8.943318605422974, 4674
8.95371675491333, 4673
8.95371675491333, 4672
8.95371675491333, 4671
8.963936805725098, 4670
8.963936805725098, 4669
8.963936805725098, 4668
8.97419786453247, 4667
8.982290506362915, 4666
8.984402894973755, 4665
8.994568347930908, 4664
9.002790212631226, 4663
9.015202522277832, 4662
9.015202522277832, 4661
9.02550745010376, 4660
9.043960094451904, 4659
9.05414080619812, 4658
9.066412210464478, 4657
9.066412210464478, 4656
9.086872339248657, 4655
9.086872339248657, 4654
9.105040073394775, 4653
9.105161905288696, 4652
9.156391620635986, 4651
9.156391620635986, 4650
9.156391620635986, 4649
9.158538103103638, 4648
9.166699647903442, 4647
9.176942825317383, 4646
9.178985118865967, 4645
9.178985118865967, 4644
9.178985118865967, 4643
9.19739055633545, 4642
9.199538946151733, 4641
9.209829807281494, 4640
9.209829807281494, 4639
9.209829807281494, 4638
9.209829807281494, 4637
9.220064878463745, 4636
9.220064878463745, 4635
9.238497495651245, 4634
9.240642070770264, 4633
9.261175155639648, 4632
9.261175155639648, 4631
9.271456480026245, 4630
9.271456480026245, 4629
9.2920081615448, 4628
9.302254915237427, 4627
9.330883979797363, 4626
9.333017349243164, 4625
9.353529453277588, 4624
9.364044189453125, 4623
9.37218976020813, 4622
9.38478422164917, 4621
9.41559910774231, 4620
9.456520557403564, 4619
9.46709394454956, 4618
9.46709394454956, 4617
9.477365255355835, 4616
9.487612247467041, 4615
9.487612247467041, 4614
9.508265495300293, 4613
9.508265495300293, 4612
9.518542766571045, 4611
9.518542766571045, 4610
9.526631593704224, 4609
9.528705835342407, 4608
9.528705835342407, 4607
9.549214363098145, 4606
9.569741010665894, 4605
9.588116645812988, 4604
9.590266704559326, 4603
9.61072564125061, 4602
9.641475439071655, 4601
9.649635791778564, 4600
9.649635791778564, 4599
9.672223567962646, 4598
9.672223567962646, 4597
9.68251371383667, 4596
9.7009437084198, 4595
9.7009437084198, 4594
9.72374963760376, 4593
9.733942031860352, 4592
9.75133466720581, 4591
9.764981508255005, 4590
9.773123025894165, 4589
9.775260925292969, 4588
9.79571533203125, 4587
9.79571533203125, 4586
9.79571533203125, 4585
9.805935144424438, 4584
9.83669376373291, 4583
9.865472316741943, 4582
9.867600917816162, 4581
9.877869129180908, 4580
9.888360023498535, 4579
9.896498918533325, 4578
9.908870935440063, 4577
9.908870935440063, 4576
9.908870935440063, 4575
9.92932915687561, 4574
9.92932915687561, 4573
9.92932915687561, 4572
9.939648628234863, 4571
9.960151195526123, 4570
9.970736503601074, 4569
9.980957984924316, 4568
9.980957984924316, 4567
9.980957984924316, 4566
9.991137027740479, 4565
10.02196192741394, 4564
10.030056238174438, 4563
10.052688598632812, 4562
10.052688598632812, 4561
10.06296992301941, 4560
10.091552972793579, 4559
10.093700647354126, 4558
10.124475955963135, 4557
10.144917011260986, 4556
10.144917011260986, 4555
10.155156135559082, 4554
10.155156135559082, 4553
10.175683736801147, 4552
10.175683736801147, 4551
10.196229219436646, 4550
10.196229219436646, 4549
10.20651626586914, 4548
10.20651626586914, 4547
10.227222681045532, 4546
10.235384702682495, 4545
10.237526178359985, 4544
10.237526178359985, 4543
10.247775793075562, 4542
10.255869626998901, 4541
10.258013725280762, 4540
10.268303394317627, 4539
10.268303394317627, 4538
10.286565780639648, 4537
10.309244394302368, 4536
10.31953763961792, 4535
10.329823017120361, 4534
10.329823017120361, 4533
10.350362777709961, 4532
10.350362777709961, 4531
10.35848093032837, 4530
10.379003524780273, 4529
10.381158590316772, 4528
10.381158590316772, 4527
10.38930368423462, 4526
10.391441583633423, 4525
10.401893854141235, 4524
10.422228574752808, 4523
10.461092472076416, 4522
10.481605768203735, 4521
10.494019031524658, 4520
10.504233121871948, 4519
10.51451587677002, 4518
10.51451587677002, 4517
10.532874584197998, 4516
10.545320272445679, 4515
10.545320272445679, 4514
10.545320272445679, 4513
10.55560302734375, 4512
10.55560302734375, 4511
10.586605072021484, 4510
10.607171535491943, 4509
10.61752462387085, 4508
10.61752462387085, 4507
10.627810001373291, 4506
10.638142108917236, 4505
10.697157144546509, 4504
10.69928503036499, 4503
10.719748497009277, 4502
10.727847814559937, 4501
10.74027419090271, 4500
10.750499963760376, 4499
10.760796070098877, 4498
10.770969867706299, 4497
10.789226293563843, 4496
10.81171727180481, 4495
10.81171727180481, 4494
10.821987628936768, 4493
10.852739095687866, 4492
10.883539915084839, 4491
10.883633375167847, 4490
10.904019594192505, 4489
10.924400806427002, 4488
10.93454647064209, 4487
10.965213298797607, 4486
10.983619689941406, 4485
10.98576307296753, 4484
11.006144285202026, 4483
11.01632022857666, 4482
11.046958208084106, 4481
11.085866451263428, 4480
11.118695735931396, 4479
11.139208555221558, 4478
11.139208555221558, 4477
11.139208555221558, 4476
11.159667253494263, 4475
11.159667253494263, 4474
11.167842149734497, 4473
11.167842149734497, 4472
11.1883065700531, 4471
11.1883065700531, 4470
11.200885772705078, 4469
11.200885772705078, 4468
11.22145414352417, 4467
11.239695072174072, 4466
11.241780757904053, 4465
11.250858068466187, 4464
11.262814044952393, 4463
11.27259612083435, 4462
11.292886972427368, 4461
11.32134199142456, 4460
11.333770036697388, 4459
11.333770036697388, 4458
11.333770036697388, 4457
11.374810457229614, 4456
11.44594669342041, 4455
11.496675968170166, 4454
11.504746913909912, 4453
11.54790449142456, 4452
11.556019067764282, 4451
11.558098554611206, 4450
11.558098554611206, 4449
11.588737964630127, 4448
11.606984376907349, 4447
11.606984376907349, 4446
11.659778594970703, 4445
11.669939279556274, 4444
11.700410842895508, 4443
11.718641996383667, 4442
11.738950252532959, 4441
11.749093532562256, 4440
11.751160860061646, 4439
11.76938271522522, 4438
11.771463394165039, 4437
11.791766881942749, 4436
11.824721097946167, 4435
11.824721097946167, 4434
11.834903001785278, 4433
11.855254888534546, 4432
11.855254888534546, 4431
11.906484365463257, 4430
11.91458249092102, 4429
11.957658767700195, 4428
11.998303890228271, 4427
12.00638747215271, 4426
12.01865029335022, 4425
12.04923677444458, 4424
12.069597959518433, 4423
12.089954614639282, 4422
12.130672454833984, 4421
12.130672454833984, 4420
12.138919115066528, 4419
12.151149272918701, 4418
12.210041046142578, 4417
12.212087154388428, 4416
12.222344636917114, 4415
12.232716798782349, 4414
12.232716798782349, 4413
12.253252506256104, 4412
12.253252506256104, 4411
12.273713827133179, 4410
12.314862966537476, 4409
12.325140714645386, 4408
12.335399627685547, 4407
12.355917930603027, 4406
12.364145040512085, 4405
12.375422477722168, 4404
12.375422477722168, 4403
12.38661241531372, 4402
12.407213926315308, 4401
12.417874574661255, 4400
12.428439378738403, 4399
12.50925588607788, 4398
12.542417764663696, 4397
12.553008317947388, 4396
12.563171625137329, 4395
12.573474168777466, 4394
12.614724397659302, 4393
12.655797481536865, 4392
12.655797481536865, 4391
12.686618328094482, 4390
12.696847438812256, 4389
12.707127809524536, 4388
12.717369556427002, 4387
12.746723175048828, 4386
12.829074144363403, 4385
12.892753839492798, 4384
12.913275480270386, 4383
12.923561573028564, 4382
12.931706428527832, 4381
12.933847665786743, 4380
12.94409465789795, 4379
12.964620351791382, 4378
12.974912881851196, 4377
13.003429651260376, 4376
13.013573408126831, 4375
13.044677972793579, 4374
13.046723127365112, 4373
13.108386278152466, 4372
13.118611097335815, 4371
13.126750469207764, 4370
13.137019157409668, 4369
13.13915729522705, 4368
13.180142879486084, 4367
13.210899114608765, 4366
13.241589546203613, 4365
13.272327423095703, 4364
13.282581090927124, 4363
13.282581090927124, 4362
13.334455013275146, 4361
13.344691038131714, 4360
13.416502475738525, 4359
13.445192813873291, 4358
13.486283302307129, 4357
13.496575832366943, 4356
13.529452562332153, 4355
13.550002098083496, 4354
13.591048002243042, 4353
13.601337432861328, 4352
13.621847152709961, 4351
13.621847152709961, 4350
13.663317203521729, 4349
13.701771974563599, 4348
13.764285326004028, 4347
13.764285326004028, 4346
13.764285326004028, 4345
13.779953479766846, 4344
13.779953479766846, 4343
13.795578718185425, 4342
13.802167177200317, 4341
13.814535856246948, 4340
13.824814558029175, 4339
13.833121538162231, 4338
13.835486650466919, 4337
13.876463174819946, 4336
13.876463174819946, 4335
13.89697551727295, 4334
13.89697551727295, 4333
13.927789688110352, 4332
13.958562135696411, 4331
13.958562135696411, 4330
13.966708183288574, 4329
13.979065179824829, 4328
14.029803991317749, 4327
14.039915323257446, 4326
14.050049543380737, 4325
14.08045744895935, 4324
14.110854148864746, 4323
14.110854148864746, 4322
14.121004819869995, 4321
14.121004819869995, 4320
14.151329755783081, 4319
14.171767234802246, 4318
14.220944166183472, 4317
14.243587493896484, 4316
14.31590747833252, 4315
14.31590747833252, 4314
14.326120615005493, 4313
14.326120615005493, 4312
14.33640718460083, 4311
14.36759877204895, 4310
14.375748872756958, 4309
14.37788462638855, 4308
14.408622980117798, 4307
14.408622980117798, 4306
14.429198741912842, 4305
14.449691534042358, 4304
14.478349208831787, 4303
14.488569736480713, 4302
14.550194263458252, 4301
14.562646389007568, 4300
14.572876214981079, 4299
14.572876214981079, 4298
14.644169092178345, 4297
14.644169092178345, 4296
14.644169092178345, 4295
14.664368152618408, 4294
14.694730281829834, 4293
14.725439071655273, 4292
14.79717469215393, 4291
14.807401180267334, 4290
14.82792854309082, 4289
14.900264024734497, 4288
14.900264024734497, 4287
14.930986642837524, 4286
14.961851835250854, 4285
14.961851835250854, 4284
14.96993613243103, 4283
15.002786874771118, 4282
15.013087511062622, 4281
15.013087511062622, 4280
15.041762113571167, 4279
15.054091691970825, 4278
15.062233686447144, 4277
15.064377546310425, 4276
15.072463035583496, 4275
15.113467693328857, 4274
15.115608215332031, 4273
15.156633138656616, 4272
15.164774656295776, 4271
15.216539859771729, 4270
15.239161014556885, 4269
15.267909288406372, 4268
15.280288696289062, 4267
15.280288696289062, 4266
15.309008359909058, 4265
15.352132558822632, 4264
15.362416505813599, 4263
15.362416505813599, 4262
15.382920026779175, 4261
15.403757333755493, 4260
15.432347297668457, 4259
15.442628622055054, 4258
15.49418592453003, 4257
15.555673360824585, 4256
15.588655233383179, 4255
15.609164714813232, 4254
15.61939549446106, 4253
15.62965178489685, 4252
15.691200256347656, 4251
15.70142650604248, 4250
15.711715698242188, 4249
15.783367395401001, 4248
15.793627500534058, 4247
15.824401378631592, 4246
15.834686279296875, 4245
15.863290786743164, 4244
15.865432500839233, 4243
15.92754316329956, 4242
15.937811136245728, 4241
15.966466903686523, 4240
15.968605995178223, 4239
16.0094895362854, 4238
16.0916268825531, 4237
16.122416734695435, 4236
16.15318250656128, 4235
16.17155933380127, 4234
16.1839816570282, 4233
16.214784622192383, 4232
16.225056409835815, 4231
16.225056409835815, 4230
16.225056409835815, 4229
16.235271692276, 4228
16.255791902542114, 4227
16.266077280044556, 4226
16.277203798294067, 4225
16.297712326049805, 4224
16.449604749679565, 4223
16.574845552444458, 4222
16.574845552444458, 4221
16.624000310897827, 4220
16.69950556755066, 4219
16.80197548866272, 4218
16.898523092269897, 4217
16.98194432258606, 4216
17.013127326965332, 4215
17.149452209472656, 4214
17.149452209472656, 4213
17.388636112213135, 4212
17.40429162979126, 4211
17.466810703277588, 4210
17.75913119316101, 4209
17.769626140594482, 4208
17.811756372451782, 4207
17.851481914520264, 4206
17.92728877067566, 4205
17.97999334335327, 4204
18.02188777923584, 4203
18.16890287399292, 4202
18.366259574890137, 4201
18.420892000198364, 4200
18.441983938217163, 4199
18.631287813186646, 4198
18.820549249649048, 4197
18.851879596710205, 4196
18.977802515029907, 4195
19.017324686050415, 4194
19.048682689666748, 4193
19.28209352493286, 4192
19.387114763259888, 4191
19.460506677627563, 4190
19.468717336654663, 4189
19.53397798538208, 4188
19.54449772834778, 4187
19.596959114074707, 4186
19.722601413726807, 4185
19.890166759490967, 4184
19.974215984344482, 4183
20.10008406639099, 4182
20.434292316436768, 4181
20.46587061882019, 4180
20.499700784683228, 4179
20.549703121185303, 4178
20.667315006256104, 4177
20.918704748153687, 4176
21.4456627368927, 4175
21.560171842575073, 4174
21.68492364883423, 4173
21.78500247001648, 4172
22.077215909957886, 4171
22.322365283966064, 4170
22.49692153930664, 4169
23.059239387512207, 4168
23.126682996749878, 4167
23.14608883857727, 4166
23.39061427116394, 4165
23.39339327812195, 4164
23.649982929229736, 4163
24.074161291122437, 4162
24.19403910636902, 4161
24.86484932899475, 4160
25.247135400772095, 4159
25.377782583236694, 4158
25.421128034591675, 4157
25.606313705444336, 4156
25.953436613082886, 4155
26.10432004928589, 4154
26.75941777229309, 4153
26.76963186264038, 4152
26.841273546218872, 4151
26.964576482772827, 4150
27.04755187034607, 4149
27.068284273147583, 4148
27.10987162590027, 4147
27.26416301727295, 4146
27.589515924453735, 4145
27.631190299987793, 4144
27.74811553955078, 4143
27.81053400039673, 4142
27.841697216033936, 4141
27.841697216033936, 4140
27.85211730003357, 4139
27.945775508880615, 4138
27.98522925376892, 4137
28.07069492340088, 4136
28.17483139038086, 4135
28.89382290840149, 4134
28.922783374786377, 4133
28.94599723815918, 4132
28.985488653182983, 4131
29.12302875518799, 4130
29.237523078918457, 4129
29.289612293243408, 4128
29.372950315475464, 4127
29.539378881454468, 4126
29.67498254776001, 4125
29.912158727645874, 4124
29.9247944355011, 4123
30.02883243560791, 4122
30.02883243560791, 4121
30.18449878692627, 4120
30.504831790924072, 4119
30.83190107345581, 4118
30.883579969406128, 4117
31.131277084350586, 4116
31.301798105239868, 4115
31.447317123413086, 4114
31.540735006332397, 4113
31.624004125595093, 4112
31.652916431427002, 4111
31.734838247299194, 4110
31.78569507598877, 4109
31.78569507598877, 4108
31.996935606002808, 4107
32.11290216445923, 4106
32.16584587097168, 4105
32.29745960235596, 4104
32.31308841705322, 4103
32.328678369522095, 4102
32.54046368598938, 4101
32.61259174346924, 4100
32.785712242126465, 4099
32.79381537437439, 4098
32.81621718406677, 4097
32.846946716308594, 4096
32.93737196922302, 4095
32.98041582107544, 4094
33.000927448272705, 4093
33.0213782787323, 4092
33.13402247428894, 4091
33.21632790565491, 4090
33.24712324142456, 4089
33.25521540641785, 4088
33.28806209564209, 4087
33.32701897621155, 4086
33.390878677368164, 4085
33.40113949775696, 4084
33.45056653022766, 4083
33.49381637573242, 4082
33.52239108085632, 4081
33.553197383880615, 4080
33.6167950630188, 4079
33.64751720428467, 4078
33.68646740913391, 4077
33.69890785217285, 4076
33.727519512176514, 4075
33.82164525985718, 4074
33.98615074157715, 4073
34.098872900009155, 4072
34.12967538833618, 4071
34.13775610923767, 4070
34.18095803260803, 4069
34.19118022918701, 4068
34.273215770721436, 4067
34.344945430755615, 4066
34.375734090805054, 4065
34.39625692367554, 4064
34.41677951812744, 4063
34.58139395713806, 4062
34.60188865661621, 4061
34.67143392562866, 4060
34.75562143325806, 4059
34.81713533401489, 4058
34.83763670921326, 4057
35.04293727874756, 4056
35.15199661254883, 4055
35.45943307876587, 4054
35.54848909378052, 4053
35.601141691207886, 4052
35.601141691207886, 4051
35.692593812942505, 4050
35.73308444023132, 4049
35.76345682144165, 4048
35.886046171188354, 4047
35.90422010421753, 4046
35.977081537246704, 4045
36.01756834983826, 4044
36.04834318161011, 4043
36.110105752944946, 4042
36.202049255371094, 4041
36.417906761169434, 4040
37.25710153579712, 4039
37.27975797653198, 4038
37.29000902175903, 4037
37.41306447982788, 4036
37.45409965515137, 4035
37.567026138305664, 4034
37.721019983291626, 4033
37.7393581867218, 4032
37.88534593582153, 4031
37.89563727378845, 4030
37.91614484786987, 4029
37.954906940460205, 4028
38.192681074142456, 4027
38.315653800964355, 4026
38.684492349624634, 4025
38.70493197441101, 4024
38.72547364234924, 4023
38.72547364234924, 4022
38.77717471122742, 4021
38.82847595214844, 4020
38.85918474197388, 4019
38.88753795623779, 4018
39.1526837348938, 4017
39.1526837348938, 4016
39.2837450504303, 4015
39.94873523712158, 4014
40.144777059555054, 4013
40.22088646888733, 4012
40.244922161102295, 4011
40.44132423400879, 4010
40.517603158950806, 4009
40.76089549064636, 4008
40.804996490478516, 4007
40.83942794799805, 4006
40.87560415267944, 4005
41.0745050907135, 4004
41.167219161987305, 4003
41.6236469745636, 4002
41.667644739151, 4001
41.72764468193054, 4000
41.77964425086975, 3999
41.79164457321167, 3998
41.95964455604553, 3997
42.70331120491028, 3996
43.118144273757935, 3995
43.15406942367554, 3994
43.16306829452515, 3993
43.89309620857239, 3992
44.04312491416931, 3991
44.179088830947876, 3990
44.36526966094971, 3989
44.43126702308655, 3988
44.84476661682129, 3987
45.07976818084717, 3986
45.14180397987366, 3985
45.212799310684204, 3984
45.544904470443726, 3983
45.61990785598755, 3982
45.71794152259827, 3981
45.82094669342041, 3980
45.93794274330139, 3979
45.97694158554077, 3978
46.02893829345703, 3977
46.04194188117981, 3976
46.067955017089844, 3975
46.283902168273926, 3974
46.38190579414368, 3973
46.4129056930542, 3972
46.54390573501587, 3971
46.859583139419556, 3970
47.12957954406738, 3969
47.19636917114258, 3968
47.22332692146301, 3967
47.37932872772217, 3966
47.45933127403259, 3965
47.928913593292236, 3964
48.07891130447388, 3963
48.09188175201416, 3962
48.50491714477539, 3961
48.75950813293457, 3960
49.89088797569275, 3959
50.12316370010376, 3958
51.078614234924316, 3957
51.2433180809021, 3956
51.30732321739197, 3955
51.49544954299927, 3954
52.031914949417114, 3953
53.63432288169861, 3952
55.01406145095825, 3951
56.38365888595581, 3950
56.5270631313324, 3949
57.31778287887573, 3948
57.93296527862549, 3947
58.78980374336243, 3946
59.750662088394165, 3945
61.10259246826172, 3944
63.639413356781006, 3943
66.28188562393188, 3942
66.72310280799866, 3941
67.1850254535675, 3940
68.29451179504395, 3939
68.70192265510559, 3938
68.8225724697113, 3937
70.80155396461487, 3936
73.74012446403503, 3935
73.94411325454712, 3934
73.98816084861755, 3933
74.85823893547058, 3932
76.18510818481445, 3931
76.97856426239014, 3930
77.32346105575562, 3929
98.89976620674133, 3928
100.91004705429077, 3927
102.16872477531433, 3926
