0.0991661548614502, 7610
0.0991661548614502, 7609
0.0991661548614502, 7608
0.0991661548614502, 7607
0.0991661548614502, 7606
0.0991661548614502, 7605
0.11478829383850098, 7604
0.11478829383850098, 7603
0.11478829383850098, 7602
0.11478829383850098, 7601
0.11478829383850098, 7600
0.11478829383850098, 7599
0.11478829383850098, 7598
0.11478829383850098, 7597
0.11478829383850098, 7596
0.11478829383850098, 7595
0.11478829383850098, 7594
0.11478829383850098, 7593
0.11478829383850098, 7592
0.11478829383850098, 7591
0.11478829383850098, 7590
0.11478829383850098, 7589
0.13041210174560547, 7588
0.13041210174560547, 7587
0.13041210174560547, 7586
0.13041210174560547, 7585
0.13041210174560547, 7584
0.13041210174560547, 7583
0.13041210174560547, 7582
0.13041210174560547, 7581
0.13041210174560547, 7580
0.13041210174560547, 7579
0.13041210174560547, 7578
0.13041210174560547, 7577
0.13041210174560547, 7576
0.13041210174560547, 7575
0.13041210174560547, 7574
0.13041210174560547, 7573
0.13041210174560547, 7572
0.14603447914123535, 7571
0.14603447914123535, 7570
0.14603447914123535, 7569
0.14603447914123535, 7568
0.14603447914123535, 7567
0.14603447914123535, 7566
0.14603447914123535, 7565
0.15254688262939453, 7564
0.15254688262939453, 7563
0.15254688262939453, 7562
0.15254688262939453, 7561
0.15254688262939453, 7560
0.15254688262939453, 7559
0.15254688262939453, 7558
0.15254688262939453, 7557
0.15254688262939453, 7556
0.15254688262939453, 7555
0.15254688262939453, 7554
0.15254688262939453, 7553
0.15254688262939453, 7552
0.16818618774414062, 7551
0.16818618774414062, 7550
0.16818618774414062, 7549
0.16818618774414062, 7548
0.16818618774414062, 7547
0.16818618774414062, 7546
0.16818618774414062, 7545
0.16818618774414062, 7544
0.16818618774414062, 7543
0.16818618774414062, 7542
0.16818618774414062, 7541
0.16818618774414062, 7540
0.16818618774414062, 7539
0.16818618774414062, 7538
0.16818618774414062, 7537
0.18381023406982422, 7536
0.18381023406982422, 7535
0.18381023406982422, 7534
0.18381023406982422, 7533
0.18381023406982422, 7532
0.18381023406982422, 7531
0.18381023406982422, 7530
0.18381023406982422, 7529
0.18381023406982422, 7528
0.18381023406982422, 7527
0.18381023406982422, 7526
0.18381023406982422, 7525
0.18381023406982422, 7524
0.18381023406982422, 7523
0.1994304656982422, 7522
0.1994304656982422, 7521
0.1994304656982422, 7520
0.1994304656982422, 7519
0.1994304656982422, 7518
0.1994304656982422, 7517
0.1994304656982422, 7516
0.1994304656982422, 7515
0.1994304656982422, 7514
0.1994304656982422, 7513
0.1994304656982422, 7512
0.1994304656982422, 7511
0.1994304656982422, 7510
0.21505522727966309, 7509
0.21505522727966309, 7508
0.21505522727966309, 7507
0.21505522727966309, 7506
0.21505522727966309, 7505
0.21505522727966309, 7504
0.21505522727966309, 7503
0.21505522727966309, 7502
0.21505522727966309, 7501
0.21505522727966309, 7500
0.21505522727966309, 7499
0.21505522727966309, 7498
0.21505522727966309, 7497
0.21505522727966309, 7496
0.21505522727966309, 7495
0.21505522727966309, 7494
0.21505522727966309, 7493
0.21505522727966309, 7492
0.21505522727966309, 7491
0.23068022727966309, 7490
0.23068022727966309, 7489
0.23068022727966309, 7488
0.23068022727966309, 7487
0.23068022727966309, 7486
0.23068022727966309, 7485
0.23068022727966309, 7484
0.23068022727966309, 7483
0.23068022727966309, 7482
0.23068022727966309, 7481
0.23068022727966309, 7480
0.23068022727966309, 7479
0.23068022727966309, 7478
0.23068022727966309, 7477
0.23068022727966309, 7476
0.23068022727966309, 7475
0.23068022727966309, 7474
0.2463068962097168, 7473
0.2463068962097168, 7472
0.2463068962097168, 7471
0.2463068962097168, 7470
0.2463068962097168, 7469
0.2463068962097168, 7468
0.2463068962097168, 7467
0.25281667709350586, 7466
0.25281667709350586, 7465
0.25281667709350586, 7464
0.25281667709350586, 7463
0.25281667709350586, 7462
0.25281667709350586, 7461
0.25281667709350586, 7460
0.25281667709350586, 7459
0.25281667709350586, 7458
0.25281667709350586, 7457
0.25281667709350586, 7456
0.25281667709350586, 7455
0.25281667709350586, 7454
0.25281667709350586, 7453
0.25281667709350586, 7452
0.2684473991394043, 7451
0.2684473991394043, 7450
0.2684473991394043, 7449
0.2684473991394043, 7448
0.2684473991394043, 7447
0.2684473991394043, 7446
0.2684473991394043, 7445
0.2684473991394043, 7444
0.2684473991394043, 7443
0.2684473991394043, 7442
0.2684473991394043, 7441
0.2684473991394043, 7440
0.2684473991394043, 7439
0.2684473991394043, 7438
0.2684473991394043, 7437
0.2684473991394043, 7436
0.2684473991394043, 7435
0.2684473991394043, 7434
0.2840728759765625, 7433
0.2840728759765625, 7432
0.2840728759765625, 7431
0.2840728759765625, 7430
0.2840728759765625, 7429
0.2840728759765625, 7428
0.2840728759765625, 7427
0.2840728759765625, 7426
0.2840728759765625, 7425
0.29970717430114746, 7424
0.29970717430114746, 7423
0.29970717430114746, 7422
0.29970717430114746, 7421
0.29970717430114746, 7420
0.29970717430114746, 7419
0.29970717430114746, 7418
0.29970717430114746, 7417
0.29970717430114746, 7416
0.29970717430114746, 7415
0.29970717430114746, 7414
0.29970717430114746, 7413
0.29970717430114746, 7412
0.29970717430114746, 7411
0.29970717430114746, 7410
0.29970717430114746, 7409
0.31533050537109375, 7408
0.31533050537109375, 7407
0.31533050537109375, 7406
0.31533050537109375, 7405
0.31533050537109375, 7404
0.31533050537109375, 7403
0.31533050537109375, 7402
0.31533050537109375, 7401
0.31533050537109375, 7400
0.31533050537109375, 7399
0.31533050537109375, 7398
0.3311493396759033, 7397
0.3311493396759033, 7396
0.3311493396759033, 7395
0.3311493396759033, 7394
0.33936071395874023, 7393
0.33936071395874023, 7392
0.33936071395874023, 7391
0.33936071395874023, 7390
0.33936071395874023, 7389
0.33936071395874023, 7388
0.33936071395874023, 7387
0.33936071395874023, 7386
0.33936071395874023, 7385
0.33936071395874023, 7384
0.3528773784637451, 7383
0.3528773784637451, 7382
0.3528773784637451, 7381
0.3528773784637451, 7380
0.3528773784637451, 7379
0.3528773784637451, 7378
0.3528773784637451, 7377
0.3528773784637451, 7376
0.3528773784637451, 7375
0.3528773784637451, 7374
0.368516206741333, 7373
0.368516206741333, 7372
0.368516206741333, 7371
0.368516206741333, 7370
0.368516206741333, 7369
0.368516206741333, 7368
0.368516206741333, 7367
0.368516206741333, 7366
0.368516206741333, 7365
0.368516206741333, 7364
0.368516206741333, 7363
0.368516206741333, 7362
0.368516206741333, 7361
0.368516206741333, 7360
0.368516206741333, 7359
0.38414502143859863, 7358
0.38414502143859863, 7357
0.38414502143859863, 7356
0.38414502143859863, 7355
0.38414502143859863, 7354
0.38414502143859863, 7353
0.38414502143859863, 7352
0.38414502143859863, 7351
0.38414502143859863, 7350
0.38414502143859863, 7349
0.38414502143859863, 7348
0.399766206741333, 7347
0.399766206741333, 7346
0.399766206741333, 7345
0.399766206741333, 7344
0.399766206741333, 7343
0.399766206741333, 7342
0.399766206741333, 7341
0.399766206741333, 7340
0.399766206741333, 7339
0.399766206741333, 7338
0.399766206741333, 7337
0.399766206741333, 7336
0.399766206741333, 7335
0.4153902530670166, 7334
0.4153902530670166, 7333
0.4153902530670166, 7332
0.4153902530670166, 7331
0.4153902530670166, 7330
0.4153902530670166, 7329
0.4153902530670166, 7328
0.4153902530670166, 7327
0.4153902530670166, 7326
0.4153902530670166, 7325
0.4153902530670166, 7324
0.4153902530670166, 7323
0.4153902530670166, 7322
0.4153902530670166, 7321
0.4153902530670166, 7320
0.4310154914855957, 7319
0.4310154914855957, 7318
0.4310154914855957, 7317
0.4310154914855957, 7316
0.4310154914855957, 7315
0.4310154914855957, 7314
0.4310154914855957, 7313
0.4310154914855957, 7312
0.4310154914855957, 7311
0.4310154914855957, 7310
0.4310154914855957, 7309
0.4310154914855957, 7308
0.4466402530670166, 7307
0.4466402530670166, 7306
0.4531984329223633, 7305
0.4531984329223633, 7304
0.4552488327026367, 7303
0.4552488327026367, 7302
0.4552488327026367, 7301
0.4552488327026367, 7300
0.4552488327026367, 7299
0.4552488327026367, 7298
0.4552488327026367, 7297
0.46328067779541016, 7296
0.46328067779541016, 7295
0.4653337001800537, 7294
0.4653337001800537, 7293
0.4653337001800537, 7292
0.4653337001800537, 7291
0.4653337001800537, 7290
0.4653337001800537, 7289
0.4653337001800537, 7288
0.4653337001800537, 7287
0.4653337001800537, 7286
0.4653337001800537, 7285
0.473388671875, 7284
0.473388671875, 7283
0.473388671875, 7282
0.47544145584106445, 7281
0.47544145584106445, 7280
0.47544145584106445, 7279
0.47544145584106445, 7278
0.47544145584106445, 7277
0.47544145584106445, 7276
0.47544145584106445, 7275
0.47544145584106445, 7274
0.47544145584106445, 7273
0.47544145584106445, 7272
0.4835081100463867, 7271
0.4835081100463867, 7270
0.4855637550354004, 7269
0.4855637550354004, 7268
0.4855637550354004, 7267
0.4855637550354004, 7266
0.4855637550354004, 7265
0.4855637550354004, 7264
0.4855637550354004, 7263
0.4855637550354004, 7262
0.4855637550354004, 7261
0.4936237335205078, 7260
0.4936237335205078, 7259
0.495678186416626, 7258
0.495678186416626, 7257
0.495678186416626, 7256
0.495678186416626, 7255
0.495678186416626, 7254
0.495678186416626, 7253
0.495678186416626, 7252
0.495678186416626, 7251
0.495678186416626, 7250
0.5037393569946289, 7249
0.5037393569946289, 7248
0.5058939456939697, 7247
0.5058939456939697, 7246
0.5058939456939697, 7245
0.5058939456939697, 7244
0.5058939456939697, 7243
0.5058939456939697, 7242
0.5058939456939697, 7241
0.5058939456939697, 7240
0.5139291286468506, 7239
0.5139291286468506, 7238
0.5160641670227051, 7237
0.5160641670227051, 7236
0.5160641670227051, 7235
0.5160641670227051, 7234
0.5160641670227051, 7233
0.5160641670227051, 7232
0.5241532325744629, 7231
0.5241532325744629, 7230
0.5262908935546875, 7229
0.5262908935546875, 7228
0.5262908935546875, 7227
0.5262908935546875, 7226
0.5344400405883789, 7225
0.5365769863128662, 7224
0.5365769863128662, 7223
0.5365769863128662, 7222
0.5365769863128662, 7221
0.5365769863128662, 7220
0.5365769863128662, 7219
0.5365769863128662, 7218
0.5466973781585693, 7217
0.5466973781585693, 7216
0.5466973781585693, 7215
0.5466973781585693, 7214
0.5466973781585693, 7213
0.5466973781585693, 7212
0.5568451881408691, 7211
0.5568451881408691, 7210
0.5568451881408691, 7209
0.5568451881408691, 7208
0.5568451881408691, 7207
0.5568451881408691, 7206
0.564934253692627, 7205
0.564934253692627, 7204
0.564934253692627, 7203
0.564934253692627, 7202
0.564934253692627, 7201
0.564934253692627, 7200
0.564934253692627, 7199
0.5750775337219238, 7198
0.577207088470459, 7197
0.577207088470459, 7196
0.577207088470459, 7195
0.5852956771850586, 7194
0.5874373912811279, 7193
0.5874373912811279, 7192
0.5874373912811279, 7191
0.5874373912811279, 7190
0.5874373912811279, 7189
0.5955708026885986, 7188
0.5955708026885986, 7187
0.5955708026885986, 7186
0.5955708026885986, 7185
0.5955708026885986, 7184
0.5955708026885986, 7183
0.5955708026885986, 7182
0.5955708026885986, 7181
0.5955708026885986, 7180
0.5955708026885986, 7179
0.5955708026885986, 7178
0.6056492328643799, 7177
0.6056492328643799, 7176
0.6056492328643799, 7175
0.6077048778533936, 7174
0.6077048778533936, 7173
0.6077048778533936, 7172
0.6077048778533936, 7171
0.6077048778533936, 7170
0.6077048778533936, 7169
0.6157097816467285, 7168
0.6157627105712891, 7167
0.6157627105712891, 7166
0.6178207397460938, 7165
0.6178207397460938, 7164
0.6178207397460938, 7163
0.6178207397460938, 7162
0.6178207397460938, 7161
0.6178207397460938, 7160
0.6178207397460938, 7159
0.6178207397460938, 7158
0.6258933544158936, 7157
0.6258933544158936, 7156
0.6279518604278564, 7155
0.6279518604278564, 7154
0.6279518604278564, 7153
0.6279518604278564, 7152
0.6359555721282959, 7151
0.6380648612976074, 7150
0.6380648612976074, 7149
0.6380648612976074, 7148
0.6380648612976074, 7147
0.6380648612976074, 7146
0.6380648612976074, 7145
0.6461398601531982, 7144
0.6461398601531982, 7143
0.6461398601531982, 7142
0.648195743560791, 7141
0.648195743560791, 7140
0.648195743560791, 7139
0.648195743560791, 7138
0.648195743560791, 7137
0.648195743560791, 7136
0.6562478542327881, 7135
0.6583006381988525, 7134
0.6583006381988525, 7133
0.6583006381988525, 7132
0.6583006381988525, 7131
0.6583006381988525, 7130
0.6583006381988525, 7129
0.6583006381988525, 7128
0.6583006381988525, 7127
0.6663429737091064, 7126
0.6663429737091064, 7125
0.6684224605560303, 7124
0.6684224605560303, 7123
0.6684224605560303, 7122
0.6684224605560303, 7121
0.6684224605560303, 7120
0.6684224605560303, 7119
0.6764876842498779, 7118
0.6764876842498779, 7117
0.6785416603088379, 7116
0.6886744499206543, 7115
0.6886744499206543, 7114
0.6886744499206543, 7113
0.6886744499206543, 7112
0.6886744499206543, 7111
0.6886744499206543, 7110
0.6886744499206543, 7109
0.6886744499206543, 7108
0.6967313289642334, 7107
0.6987814903259277, 7106
0.708881139755249, 7105
0.708881139755249, 7104
0.708881139755249, 7103
0.708881139755249, 7102
0.708881139755249, 7101
0.708881139755249, 7100
0.7169435024261475, 7099
0.7169435024261475, 7098
0.7189962863922119, 7097
0.7189962863922119, 7096
0.7189962863922119, 7095
0.7189962863922119, 7094
0.7189962863922119, 7093
0.7189962863922119, 7092
0.7189962863922119, 7091
0.7189962863922119, 7090
0.7270464897155762, 7089
0.7270464897155762, 7088
0.7291078567504883, 7087
0.7291078567504883, 7086
0.7291078567504883, 7085
0.7291078567504883, 7084
0.7392315864562988, 7083
0.7392315864562988, 7082
0.7392315864562988, 7081
0.7392315864562988, 7080
0.7392315864562988, 7079
0.7392315864562988, 7078
0.7392315864562988, 7077
0.7472894191741943, 7076
0.7472894191741943, 7075
0.7492959499359131, 7074
0.7493669986724854, 7073
0.7493669986724854, 7072
0.7493669986724854, 7071
0.7493669986724854, 7070
0.7493669986724854, 7069
0.7594802379608154, 7068
0.7594802379608154, 7067
0.7594802379608154, 7066
0.7594802379608154, 7065
0.7594802379608154, 7064
0.7594802379608154, 7063
0.7594802379608154, 7062
0.7594802379608154, 7061
0.7594802379608154, 7060
0.7594802379608154, 7059
0.7675409317016602, 7058
0.7695934772491455, 7057
0.7695934772491455, 7056
0.7695934772491455, 7055
0.7695934772491455, 7054
0.7695934772491455, 7053
0.7695934772491455, 7052
0.7695934772491455, 7051
0.779705286026001, 7050
0.779705286026001, 7049
0.779705286026001, 7048
0.779705286026001, 7047
0.779705286026001, 7046
0.779705286026001, 7045
0.7902414798736572, 7044
0.7902414798736572, 7043
0.7902414798736572, 7042
0.7902414798736572, 7041
0.7902414798736572, 7040
0.7902414798736572, 7039
0.7902414798736572, 7038
0.7902414798736572, 7037
0.7983005046844482, 7036
0.7983005046844482, 7035
0.7983005046844482, 7034
0.8003554344177246, 7033
0.8003554344177246, 7032
0.8003554344177246, 7031
0.8003554344177246, 7030
0.8083884716033936, 7029
0.8104429244995117, 7028
0.8104429244995117, 7027
0.8104429244995117, 7026
0.8104429244995117, 7025
0.8185148239135742, 7024
0.8185148239135742, 7023
0.8205704689025879, 7022
0.8205704689025879, 7021
0.8205704689025879, 7020
0.8205704689025879, 7019
0.8205704689025879, 7018
0.8205704689025879, 7017
0.8205704689025879, 7016
0.8205704689025879, 7015
0.8286473751068115, 7014
0.8286473751068115, 7013
0.8307085037231445, 7012
0.8307085037231445, 7011
0.8307085037231445, 7010
0.8307085037231445, 7009
0.8307085037231445, 7008
0.8307085037231445, 7007
0.8307085037231445, 7006
0.8387875556945801, 7005
0.8387875556945801, 7004
0.8408408164978027, 7003
0.8408408164978027, 7002
0.8408408164978027, 7001
0.8408408164978027, 7000
0.8408408164978027, 6999
0.8408408164978027, 6998
0.8488891124725342, 6997
0.8509674072265625, 6996
0.8509674072265625, 6995
0.8509674072265625, 6994
0.8509674072265625, 6993
0.8509674072265625, 6992
0.8509674072265625, 6991
0.8590269088745117, 6990
0.8590269088745117, 6989
0.8590269088745117, 6988
0.8610758781433105, 6987
0.8610758781433105, 6986
0.8610758781433105, 6985
0.8610758781433105, 6984
0.8610758781433105, 6983
0.8610758781433105, 6982
0.8610758781433105, 6981
0.8610758781433105, 6980
0.8711540699005127, 6979
0.8711540699005127, 6978
0.8711540699005127, 6977
0.8711540699005127, 6976
0.8711540699005127, 6975
0.8711540699005127, 6974
0.8711540699005127, 6973
0.8711540699005127, 6972
0.879225492477417, 6971
0.881281852722168, 6970
0.881281852722168, 6969
0.881281852722168, 6968
0.881281852722168, 6967
0.881281852722168, 6966
0.881281852722168, 6965
0.881281852722168, 6964
0.8893585205078125, 6963
0.8893585205078125, 6962
0.891413688659668, 6961
0.8994710445404053, 6960
0.8994710445404053, 6959
0.9015233516693115, 6958
0.9015233516693115, 6957
0.9015233516693115, 6956
0.9015233516693115, 6955
0.9015233516693115, 6954
0.9015233516693115, 6953
0.9015233516693115, 6952
0.9015233516693115, 6951
0.9015233516693115, 6950
0.9116477966308594, 6949
0.9116477966308594, 6948
0.9116477966308594, 6947
0.9116477966308594, 6946
0.9116477966308594, 6945
0.9116477966308594, 6944
0.9197165966033936, 6943
0.9197165966033936, 6942
0.9217791557312012, 6941
0.9217791557312012, 6940
0.9217791557312012, 6939
0.9217791557312012, 6938
0.9217791557312012, 6937
0.9217791557312012, 6936
0.9217791557312012, 6935
0.9217791557312012, 6934
0.9217791557312012, 6933
0.9298410415649414, 6932
0.9319057464599609, 6931
0.9319057464599609, 6930
0.9319057464599609, 6929
0.9319057464599609, 6928
0.9319057464599609, 6927
0.9319057464599609, 6926
0.9420323371887207, 6925
0.9420323371887207, 6924
0.9500980377197266, 6923
0.952162504196167, 6922
0.952162504196167, 6921
0.952162504196167, 6920
0.952162504196167, 6919
0.9602296352386475, 6918
0.9602296352386475, 6917
0.962238073348999, 6916
0.9622962474822998, 6915
0.9622962474822998, 6914
0.9622962474822998, 6913
0.9622962474822998, 6912
0.9622962474822998, 6911
0.9622962474822998, 6910
0.9703905582427979, 6909
0.972456693649292, 6908
0.972456693649292, 6907
0.972456693649292, 6906
0.972456693649292, 6905
0.972456693649292, 6904
0.972456693649292, 6903
0.972456693649292, 6902
0.9805264472961426, 6901
0.9825935363769531, 6900
0.9825935363769531, 6899
0.9825935363769531, 6898
0.9906609058380127, 6897
0.9906609058380127, 6896
0.9926698207855225, 6895
0.9927282333374023, 6894
0.9927282333374023, 6893
0.9927282333374023, 6892
0.9927282333374023, 6891
0.9927282333374023, 6890
1.0007376670837402, 6889
1.0007984638214111, 6888
1.0007984638214111, 6887
1.0028643608093262, 6886
1.0028643608093262, 6885
1.0028643608093262, 6884
1.0028643608093262, 6883
1.0122005939483643, 6882
1.0132172107696533, 6881
1.016927719116211, 6880
1.0201427936553955, 6879
1.0211613178253174, 6878
1.0216777324676514, 6877
1.0216777324676514, 6876
1.023481845855713, 6875
1.0245013236999512, 6874
1.0245013236999512, 6873
1.0245013236999512, 6872
1.0245013236999512, 6871
1.0338695049285889, 6870
1.0338695049285889, 6869
1.0338695049285889, 6868
1.0338695049285889, 6867
1.0338695049285889, 6866
1.041961908340454, 6865
1.041961908340454, 6864
1.0440254211425781, 6863
1.0440254211425781, 6862
1.0440254211425781, 6861
1.0440254211425781, 6860
1.0440254211425781, 6859
1.0440254211425781, 6858
1.0440254211425781, 6857
1.0520777702331543, 6856
1.0520777702331543, 6855
1.0520777702331543, 6854
1.0541102886199951, 6853
1.0541102886199951, 6852
1.0541102886199951, 6851
1.0541102886199951, 6850
1.0541102886199951, 6849
1.0541102886199951, 6848
1.062185287475586, 6847
1.0642497539520264, 6846
1.0642497539520264, 6845
1.0642497539520264, 6844
1.0642497539520264, 6843
1.0642497539520264, 6842
1.0642497539520264, 6841
1.0642497539520264, 6840
1.0723216533660889, 6839
1.0723216533660889, 6838
1.0743834972381592, 6837
1.0743834972381592, 6836
1.0743834972381592, 6835
1.0743834972381592, 6834
1.0824432373046875, 6833
1.0824432373046875, 6832
1.0844991207122803, 6831
1.0844991207122803, 6830
1.0844991207122803, 6829
1.0844991207122803, 6828
1.0844991207122803, 6827
1.0844991207122803, 6826
1.0844991207122803, 6825
1.0844991207122803, 6824
1.092576026916504, 6823
1.092576026916504, 6822
1.0946331024169922, 6821
1.0946331024169922, 6820
1.0946331024169922, 6819
1.0946331024169922, 6818
1.0946331024169922, 6817
1.0946331024169922, 6816
1.0946331024169922, 6815
1.1026945114135742, 6814
1.1026945114135742, 6813
1.1026945114135742, 6812
1.104752540588379, 6811
1.104752540588379, 6810
1.104752540588379, 6809
1.104752540588379, 6808
1.104752540588379, 6807
1.104752540588379, 6806
1.104752540588379, 6805
1.104752540588379, 6804
1.104752540588379, 6803
1.1128134727478027, 6802
1.1128134727478027, 6801
1.1128134727478027, 6800
1.1149554252624512, 6799
1.1149554252624512, 6798
1.1149554252624512, 6797
1.1149554252624512, 6796
1.1149554252624512, 6795
1.1230931282043457, 6794
1.1251375675201416, 6793
1.1252312660217285, 6792
1.1252312660217285, 6791
1.1252312660217285, 6790
1.1252312660217285, 6789
1.1252312660217285, 6788
1.1252312660217285, 6787
1.1252312660217285, 6786
1.1332910060882568, 6785
1.1332910060882568, 6784
1.1354410648345947, 6783
1.1354410648345947, 6782
1.1354410648345947, 6781
1.1354410648345947, 6780
1.1354410648345947, 6779
1.1354410648345947, 6778
1.1354410648345947, 6777
1.1354410648345947, 6776
1.1435904502868652, 6775
1.1456408500671387, 6774
1.1457326412200928, 6773
1.1457326412200928, 6772
1.1538567543029785, 6771
1.1559643745422363, 6770
1.1559643745422363, 6769
1.1559643745422363, 6768
1.1559643745422363, 6767
1.1559643745422363, 6766
1.1640980243682861, 6765
1.1662318706512451, 6764
1.1662318706512451, 6763
1.1662318706512451, 6762
1.1662318706512451, 6761
1.1662318706512451, 6760
1.1743137836456299, 6759
1.1743137836456299, 6758
1.1743137836456299, 6757
1.1766901016235352, 6756
1.1766901016235352, 6755
1.1766901016235352, 6754
1.1766901016235352, 6753
1.1766901016235352, 6752
1.1869754791259766, 6751
1.1869754791259766, 6750
1.1869754791259766, 6749
1.1869754791259766, 6748
1.1971995830535889, 6747
1.1971995830535889, 6746
1.1971995830535889, 6745
1.1971995830535889, 6744
1.2074799537658691, 6743
1.2074799537658691, 6742
1.2074799537658691, 6741
1.2074799537658691, 6740
1.2074799537658691, 6739
1.2074799537658691, 6738
1.2155661582946777, 6737
1.2176144123077393, 6736
1.2177114486694336, 6735
1.2177114486694336, 6734
1.2177114486694336, 6733
1.2258620262145996, 6732
1.2280027866363525, 6731
1.2280027866363525, 6730
1.2280027866363525, 6729
1.2280027866363525, 6728
1.236109972000122, 6727
1.236109972000122, 6726
1.2382609844207764, 6725
1.2382609844207764, 6724
1.246307373046875, 6723
1.248450756072998, 6722
1.248450756072998, 6721
1.248450756072998, 6720
1.248450756072998, 6719
1.248450756072998, 6718
1.248450756072998, 6717
1.248450756072998, 6716
1.248450756072998, 6715
1.258683681488037, 6714
1.258683681488037, 6713
1.258683681488037, 6712
1.258683681488037, 6711
1.2668304443359375, 6710
1.2689762115478516, 6709
1.2689762115478516, 6708
1.2689762115478516, 6707
1.2689762115478516, 6706
1.2689762115478516, 6705
1.2689762115478516, 6704
1.2689762115478516, 6703
1.277059555053711, 6702
1.2791690826416016, 6701
1.2791690826416016, 6700
1.2791690826416016, 6699
1.2791690826416016, 6698
1.2791690826416016, 6697
1.2791690826416016, 6696
1.2873191833496094, 6695
1.2873191833496094, 6694
1.2894611358642578, 6693
1.2894611358642578, 6692
1.2894611358642578, 6691
1.2894611358642578, 6690
1.2894611358642578, 6689
1.2894611358642578, 6688
1.297506332397461, 6687
1.2995939254760742, 6686
1.2995939254760742, 6685
1.2995939254760742, 6684
1.2995939254760742, 6683
1.2995939254760742, 6682
1.2995939254760742, 6681
1.3077330589294434, 6680
1.3077330589294434, 6679
1.3077330589294434, 6678
1.3098628520965576, 6677
1.3098628520965576, 6676
1.3098628520965576, 6675
1.3098628520965576, 6674
1.3098628520965576, 6673
1.3179593086242676, 6672
1.3200948238372803, 6671
1.3200948238372803, 6670
1.3282246589660645, 6669
1.3282246589660645, 6668
1.3282246589660645, 6667
1.3303663730621338, 6666
1.3303663730621338, 6665
1.3384819030761719, 6664
1.3384819030761719, 6663
1.3406171798706055, 6662
1.3406171798706055, 6661
1.3406171798706055, 6660
1.3509020805358887, 6659
1.3509020805358887, 6658
1.3509020805358887, 6657
1.3509020805358887, 6656
1.3509020805358887, 6655
1.3509020805358887, 6654
1.3509020805358887, 6653
1.3592004776000977, 6652
1.3612804412841797, 6651
1.3612804412841797, 6650
1.3612804412841797, 6649
1.3612804412841797, 6648
1.3612804412841797, 6647
1.3612804412841797, 6646
1.3612804412841797, 6645
1.3717937469482422, 6644
1.3717937469482422, 6643
1.3717937469482422, 6642
1.3717937469482422, 6641
1.3717937469482422, 6640
1.3717937469482422, 6639
1.382033348083496, 6638
1.382033348083496, 6637
1.382033348083496, 6636
1.382033348083496, 6635
1.382033348083496, 6634
1.3923077583312988, 6633
1.3923077583312988, 6632
1.3923077583312988, 6631
1.3923077583312988, 6630
1.3923077583312988, 6629
1.3923077583312988, 6628
1.4025897979736328, 6627
1.4025897979736328, 6626
1.4025897979736328, 6625
1.4025897979736328, 6624
1.4025897979736328, 6623
1.4131555557250977, 6622
1.415294885635376, 6621
1.415294885635376, 6620
1.415294885635376, 6619
1.415294885635376, 6618
1.415294885635376, 6617
1.415294885635376, 6616
1.415294885635376, 6615
1.42557954788208, 6614
1.42557954788208, 6613
1.42557954788208, 6612
1.42557954788208, 6611
1.4336731433868408, 6610
1.4336731433868408, 6609
1.4336731433868408, 6608
1.4357528686523438, 6607
1.4357528686523438, 6606
1.4357528686523438, 6605
1.4357528686523438, 6604
1.4357528686523438, 6603
1.4438974857330322, 6602
1.4438974857330322, 6601
1.446002721786499, 6600
1.446002721786499, 6599
1.446002721786499, 6598
1.446002721786499, 6597
1.4562768936157227, 6596
1.4562768936157227, 6595
1.4644176959991455, 6594
1.4644176959991455, 6593
1.4665565490722656, 6592
1.476693868637085, 6591
1.4767913818359375, 6590
1.4767913818359375, 6589
1.4767913818359375, 6588
1.4767913818359375, 6587
1.4767913818359375, 6586
1.4767913818359375, 6585
1.4849350452423096, 6584
1.4849350452423096, 6583
1.4849350452423096, 6582
1.487074375152588, 6581
1.487074375152588, 6580
1.487074375152588, 6579
1.487074375152588, 6578
1.487074375152588, 6577
1.487074375152588, 6576
1.4951493740081787, 6575
1.4972987174987793, 6574
1.4972987174987793, 6573
1.4972987174987793, 6572
1.4972987174987793, 6571
1.4972987174987793, 6570
1.5054423809051514, 6569
1.5054423809051514, 6568
1.507580041885376, 6567
1.507580041885376, 6566
1.507580041885376, 6565
1.507580041885376, 6564
1.507580041885376, 6563
1.507580041885376, 6562
1.5178253650665283, 6561
1.5178253650665283, 6560
1.5178253650665283, 6559
1.5178253650665283, 6558
1.5178253650665283, 6557
1.5259783267974854, 6556
1.5281200408935547, 6555
1.5281200408935547, 6554
1.5281200408935547, 6553
1.5281200408935547, 6552
1.5281200408935547, 6551
1.5362160205841064, 6550
1.5362160205841064, 6549
1.5383152961730957, 6548
1.5383152961730957, 6547
1.5383152961730957, 6546
1.5383152961730957, 6545
1.546463966369629, 6544
1.546463966369629, 6543
1.5486047267913818, 6542
1.5486047267913818, 6541
1.5486047267913818, 6540
1.5588347911834717, 6539
1.5588347911834717, 6538
1.5588347911834717, 6537
1.5588347911834717, 6536
1.5588347911834717, 6535
1.5588347911834717, 6534
1.5588347911834717, 6533
1.5588347911834717, 6532
1.569082498550415, 6531
1.569082498550415, 6530
1.569082498550415, 6529
1.5793282985687256, 6528
1.5874948501586914, 6527
1.5895440578460693, 6526
1.5896389484405518, 6525
1.5896389484405518, 6524
1.5896389484405518, 6523
1.5896389484405518, 6522
1.5896389484405518, 6521
1.5896389484405518, 6520
1.5896389484405518, 6519
1.5977246761322021, 6518
1.5977246761322021, 6517
1.5998539924621582, 6516
1.5998539924621582, 6515
1.5998539924621582, 6514
1.60799241065979, 6513
1.60799241065979, 6512
1.6101303100585938, 6511
1.620365858078003, 6510
1.620365858078003, 6509
1.620365858078003, 6508
1.6285052299499512, 6507
1.6285052299499512, 6506
1.63873291015625, 6505
1.63873291015625, 6504
1.640883445739746, 6503
1.640883445739746, 6502
1.640883445739746, 6501
1.6511740684509277, 6500
1.6511740684509277, 6499
1.6511740684509277, 6498
1.6511740684509277, 6497
1.6511740684509277, 6496
1.6592159271240234, 6495
1.6592159271240234, 6494
1.6612858772277832, 6493
1.669431209564209, 6492
1.6715707778930664, 6491
1.6715707778930664, 6490
1.6715707778930664, 6489
1.6715707778930664, 6488
1.6715707778930664, 6487
1.6715707778930664, 6486
1.6796491146087646, 6485
1.6796491146087646, 6484
1.6817915439605713, 6483
1.6817915439605713, 6482
1.6817915439605713, 6481
1.6817915439605713, 6480
1.6817915439605713, 6479
1.6817915439605713, 6478
1.6920762062072754, 6477
1.6920762062072754, 6476
1.6920762062072754, 6475
1.6920762062072754, 6474
1.6920762062072754, 6473
1.7001559734344482, 6472
1.7001559734344482, 6471
1.7001559734344482, 6470
1.7022948265075684, 6469
1.7022948265075684, 6468
1.7125651836395264, 6467
1.7125651836395264, 6466
1.7125651836395264, 6465
1.7125651836395264, 6464
1.7125651836395264, 6463
1.7125651836395264, 6462
1.7125651836395264, 6461
1.7125651836395264, 6460
1.7206709384918213, 6459
1.7206709384918213, 6458
1.722811222076416, 6457
1.7309508323669434, 6456
1.7329959869384766, 6455
1.7330906391143799, 6454
1.7330906391143799, 6453
1.7330906391143799, 6452
1.7330906391143799, 6451
1.7330906391143799, 6450
1.7330906391143799, 6449
1.7330906391143799, 6448
1.7411737442016602, 6447
1.7433192729949951, 6446
1.7433192729949951, 6445
1.7433192729949951, 6444
1.7433192729949951, 6443
1.7433192729949951, 6442
1.7433192729949951, 6441
1.7514674663543701, 6440
1.7514674663543701, 6439
1.7536087036132812, 6438
1.7536087036132812, 6437
1.7536087036132812, 6436
1.7536087036132812, 6435
1.7536087036132812, 6434
1.7617027759552002, 6433
1.7617027759552002, 6432
1.7638466358184814, 6431
1.7638466358184814, 6430
1.7638466358184814, 6429
1.7638466358184814, 6428
1.7638466358184814, 6427
1.7741248607635498, 6426
1.7741248607635498, 6425
1.7741248607635498, 6424
1.784339427947998, 6423
1.784339427947998, 6422
1.792482852935791, 6421
1.792482852935791, 6420
1.7946207523345947, 6419
1.7946207523345947, 6418
1.7946207523345947, 6417
1.7946207523345947, 6416
1.7946207523345947, 6415
1.8027057647705078, 6414
1.8048560619354248, 6413
1.8048560619354248, 6412
1.8048560619354248, 6411
1.8048560619354248, 6410
1.8048560619354248, 6409
1.8129968643188477, 6408
1.8129968643188477, 6407
1.815136432647705, 6406
1.815136432647705, 6405
1.815136432647705, 6404
1.815136432647705, 6403
1.815136432647705, 6402
1.8232176303863525, 6401
1.825366735458374, 6400
1.825366735458374, 6399
1.825366735458374, 6398
1.825366735458374, 6397
1.833522081375122, 6396
1.8356614112854004, 6395
1.8356614112854004, 6394
1.8356614112854004, 6393
1.845902681350708, 6392
1.845902681350708, 6391
1.845902681350708, 6390
1.8540472984313965, 6389
1.856194019317627, 6388
1.856194019317627, 6387
1.856194019317627, 6386
1.856194019317627, 6385
1.856194019317627, 6384
1.8642692565917969, 6383
1.8663108348846436, 6382
1.8663108348846436, 6381
1.8663108348846436, 6380
1.8663108348846436, 6379
1.8766047954559326, 6378
1.8766047954559326, 6377
1.884725570678711, 6376
1.8868703842163086, 6375
1.8868703842163086, 6374
1.8950085639953613, 6373
1.8971548080444336, 6372
1.8971548080444336, 6371
1.8971548080444336, 6370
1.8971548080444336, 6369
1.8971548080444336, 6368
1.9052376747131348, 6367
1.9073774814605713, 6366
1.9176561832427979, 6365
1.9176561832427979, 6364
1.9176561832427979, 6363
1.9176561832427979, 6362
1.9176561832427979, 6361
1.925734519958496, 6360
1.9278743267059326, 6359
1.9278743267059326, 6358
1.9278743267059326, 6357
1.9278743267059326, 6356
1.9381694793701172, 6355
1.9381694793701172, 6354
1.9381694793701172, 6353
1.9381694793701172, 6352
1.9381694793701172, 6351
1.9381694793701172, 6350
1.9484004974365234, 6349
1.9484004974365234, 6348
1.9484004974365234, 6347
1.9484004974365234, 6346
1.9484004974365234, 6345
1.9564461708068848, 6344
1.9565410614013672, 6343
1.9586856365203857, 6342
1.9586856365203857, 6341
1.9586856365203857, 6340
1.9586856365203857, 6339
1.9689393043518066, 6338
1.9689393043518066, 6337
1.9689393043518066, 6336
1.9689393043518066, 6335
1.977088212966919, 6334
1.977088212966919, 6333
1.979203462600708, 6332
1.979203462600708, 6331
1.979203462600708, 6330
1.9873323440551758, 6329
1.9873323440551758, 6328
1.9894814491271973, 6327
1.9894814491271973, 6326
1.9894814491271973, 6325
1.9997682571411133, 6324
1.9997682571411133, 6323
1.9997682571411133, 6322
1.9997682571411133, 6321
1.9997682571411133, 6320
1.9997682571411133, 6319
1.9997682571411133, 6318
1.9997682571411133, 6317
1.9997682571411133, 6316
2.010000705718994, 6315
2.010000705718994, 6314
2.010000705718994, 6313
2.010000705718994, 6312
2.0181405544281006, 6311
2.0202784538269043, 6310
2.0202784538269043, 6309
2.0202784538269043, 6308
2.0202784538269043, 6307
2.0308399200439453, 6306
2.0308399200439453, 6305
2.0308399200439453, 6304
2.0308399200439453, 6303
2.0308399200439453, 6302
2.0389914512634277, 6301
2.0389914512634277, 6300
2.041132926940918, 6299
2.041132926940918, 6298
2.041132926940918, 6297
2.041132926940918, 6296
2.041132926940918, 6295
2.041132926940918, 6294
2.041132926940918, 6293
2.0513570308685303, 6292
2.0513570308685303, 6291
2.059499979019165, 6290
2.059499979019165, 6289
2.059499979019165, 6288
2.0616400241851807, 6287
2.0616400241851807, 6286
2.0616400241851807, 6285
2.0616400241851807, 6284
2.0616400241851807, 6283
2.069730281829834, 6282
2.071890115737915, 6281
2.071890115737915, 6280
2.082181692123413, 6279
2.082181692123413, 6278
2.082181692123413, 6277
2.082181692123413, 6276
2.0924086570739746, 6275
2.0924086570739746, 6274
2.0924086570739746, 6273
2.0924086570739746, 6272
2.0924086570739746, 6271
2.110762357711792, 6270
2.1128995418548584, 6269
2.1128995418548584, 6268
2.1128995418548584, 6267
2.1128995418548584, 6266
2.1128995418548584, 6265
2.1210434436798096, 6264
2.1231863498687744, 6263
2.1231863498687744, 6262
2.1312642097473145, 6261
2.1334028244018555, 6260
2.1334028244018555, 6259
2.1334028244018555, 6258
2.143684148788452, 6257
2.143684148788452, 6256
2.153885841369629, 6255
2.153885841369629, 6254
2.16195011138916, 6253
2.164034366607666, 6252
2.164034366607666, 6251
2.164034366607666, 6250
2.164034366607666, 6249
2.164034366607666, 6248
2.164034366607666, 6247
2.182368278503418, 6246
2.1844985485076904, 6245
2.1844985485076904, 6244
2.1844985485076904, 6243
2.1844985485076904, 6242
2.1844985485076904, 6241
2.1844985485076904, 6240
2.192580461502075, 6239
2.192580461502075, 6238
2.1946256160736084, 6237
2.205000162124634, 6236
2.205000162124634, 6235
2.205000162124634, 6234
2.205000162124634, 6233
2.213073492050171, 6232
2.215217113494873, 6231
2.215217113494873, 6230
2.215217113494873, 6229
2.215217113494873, 6228
2.215217113494873, 6227
2.2233567237854004, 6226
2.2255005836486816, 6225
2.2255005836486816, 6224
2.2255005836486816, 6223
2.2255005836486816, 6222
2.2255005836486816, 6221
2.2255005836486816, 6220
2.2255005836486816, 6219
2.2335824966430664, 6218
2.235593318939209, 6217
2.235701560974121, 6216
2.235701560974121, 6215
2.235701560974121, 6214
2.235701560974121, 6213
2.235701560974121, 6212
2.2438573837280273, 6211
2.2438573837280273, 6210
2.2438573837280273, 6209
2.245959520339966, 6208
2.245959520339966, 6207
2.245959520339966, 6206
2.245959520339966, 6205
2.254056930541992, 6204
2.254056930541992, 6203
2.2562012672424316, 6202
2.2562012672424316, 6201
2.2562012672424316, 6200
2.2562012672424316, 6199
2.2643489837646484, 6198
2.2643489837646484, 6197
2.2663817405700684, 6196
2.2663817405700684, 6195
2.2663817405700684, 6194
2.2663817405700684, 6193
2.276630401611328, 6192
2.276630401611328, 6191
2.276630401611328, 6190
2.276630401611328, 6189
2.276630401611328, 6188
2.284677267074585, 6187
2.2869226932525635, 6186
2.2869226932525635, 6185
2.295001268386841, 6184
2.295001268386841, 6183
2.297151803970337, 6182
2.297151803970337, 6181
2.297151803970337, 6180
2.297151803970337, 6179
2.297151803970337, 6178
2.305290699005127, 6177
2.3074285984039307, 6176
2.3155062198638916, 6175
2.3155062198638916, 6174
2.3155062198638916, 6173
2.3176560401916504, 6172
2.3176560401916504, 6171
2.3176560401916504, 6170
2.3176560401916504, 6169
2.3176560401916504, 6168
2.3258049488067627, 6167
2.3279430866241455, 6166
2.3279430866241455, 6165
2.3360307216644287, 6164
2.338062047958374, 6163
2.3461098670959473, 6162
2.34818172454834, 6161
2.34818172454834, 6160
2.34818172454834, 6159
2.34818172454834, 6158
2.34818172454834, 6157
2.34818172454834, 6156
2.34818172454834, 6155
2.34818172454834, 6154
2.34818172454834, 6153
2.3562705516815186, 6152
2.3584024906158447, 6151
2.3584024906158447, 6150
2.3584024906158447, 6149
2.3686904907226562, 6148
2.3686904907226562, 6147
2.3686904907226562, 6146
2.3686904907226562, 6145
2.3686904907226562, 6144
2.386918783187866, 6143
2.399332284927368, 6142
2.399332284927368, 6141
2.399332284927368, 6140
2.4074807167053223, 6139
2.4074807167053223, 6138
2.4074807167053223, 6137
2.409621477127075, 6136
2.409621477127075, 6135
2.409621477127075, 6134
2.409621477127075, 6133
2.419862747192383, 6132
2.419862747192383, 6131
2.42800235748291, 6130
2.4301416873931885, 6129
2.4301416873931885, 6128
2.438234567642212, 6127
2.438234567642212, 6126
2.4403765201568604, 6125
2.4403765201568604, 6124
2.4403765201568604, 6123
2.4403765201568604, 6122
2.4403765201568604, 6121
2.4403765201568604, 6120
2.4484243392944336, 6119
2.448526382446289, 6118
2.448526382446289, 6117
2.448526382446289, 6116
2.450671672821045, 6115
2.450671672821045, 6114
2.450671672821045, 6113
2.450671672821045, 6112
2.450671672821045, 6111
2.450671672821045, 6110
2.4609031677246094, 6109
2.4609031677246094, 6108
2.4690566062927246, 6107
2.471198320388794, 6106
2.471198320388794, 6105
2.4813904762268066, 6104
2.4813904762268066, 6103
2.4813904762268066, 6102
2.4813904762268066, 6101
2.489530324935913, 6100
2.491671323776245, 6099
2.499718427658081, 6098
2.50187611579895, 6097
2.50187611579895, 6096
2.510024309158325, 6095
2.510024309158325, 6094
2.512176752090454, 6093
2.512176752090454, 6092
2.512176752090454, 6091
2.512176752090454, 6090
2.520303249359131, 6089
2.520303249359131, 6088
2.52241587638855, 6087
2.52241587638855, 6086
2.5305540561676025, 6085
2.532679557800293, 6084
2.532679557800293, 6083
2.532679557800293, 6082
2.532679557800293, 6081
2.532679557800293, 6080
2.5407676696777344, 6079
2.542909622192383, 6078
2.542909622192383, 6077
2.551051616668701, 6076
2.553192138671875, 6075
2.553192138671875, 6074
2.553192138671875, 6073
2.5634193420410156, 6072
2.5634193420410156, 6071
2.5715625286102295, 6070
2.573702812194824, 6069
2.573702812194824, 6068
2.573702812194824, 6067
2.573702812194824, 6066
2.573702812194824, 6065
2.573702812194824, 6064
2.573702812194824, 6063
2.573702812194824, 6062
2.573702812194824, 6061
2.583874225616455, 6060
2.583874225616455, 6059
2.583874225616455, 6058
2.583874225616455, 6057
2.583874225616455, 6056
2.5920190811157227, 6055
2.594123601913452, 6054
2.594123601913452, 6053
2.594123601913452, 6052
2.594123601913452, 6051
2.6022140979766846, 6050
2.60436749458313, 6049
2.60436749458313, 6048
2.60436749458313, 6047
2.60436749458313, 6046
2.60436749458313, 6045
2.6146204471588135, 6044
2.6146204471588135, 6043
2.6146204471588135, 6042
2.6146204471588135, 6041
2.62483549118042, 6040
2.62483549118042, 6039
2.62483549118042, 6038
2.62483549118042, 6037
2.6329774856567383, 6036
2.635122299194336, 6035
2.635122299194336, 6034
2.635122299194336, 6033
2.635122299194336, 6032
2.635122299194336, 6031
2.6457064151763916, 6030
2.6457064151763916, 6029
2.6457064151763916, 6028
2.6457064151763916, 6027
2.6559906005859375, 6026
2.6559906005859375, 6025
2.6559906005859375, 6024
2.6559906005859375, 6023
2.6559906005859375, 6022
2.6640748977661133, 6021
2.6640748977661133, 6020
2.66611647605896, 6019
2.674154043197632, 6018
2.676187038421631, 6017
2.676187038421631, 6016
2.676187038421631, 6015
2.676187038421631, 6014
2.676187038421631, 6013
2.676187038421631, 6012
2.6842808723449707, 6011
2.6842808723449707, 6010
2.6864192485809326, 6009
2.6864192485809326, 6008
2.6864192485809326, 6007
2.6864192485809326, 6006
2.6945602893829346, 6005
2.6966335773468018, 6004
2.6966335773468018, 6003
2.6966335773468018, 6002
2.6966335773468018, 6001
2.6966335773468018, 6000
2.6966335773468018, 5999
2.7047266960144043, 5998
2.706861734390259, 5997
2.706861734390259, 5996
2.714993715286255, 5995
2.7171380519866943, 5994
2.7171380519866943, 5993
2.7171380519866943, 5992
2.7171380519866943, 5991
2.7273871898651123, 5990
2.7273871898651123, 5989
2.7273871898651123, 5988
2.7273871898651123, 5987
2.7273871898651123, 5986
2.7355270385742188, 5985
2.7355270385742188, 5984
2.7355270385742188, 5983
2.737668991088867, 5982
2.737668991088867, 5981
2.737668991088867, 5980
2.7457261085510254, 5979
2.747852087020874, 5978
2.747852087020874, 5977
2.747852087020874, 5976
2.747852087020874, 5975
2.747852087020874, 5974
2.747852087020874, 5973
2.758148670196533, 5972
2.758148670196533, 5971
2.758148670196533, 5970
2.768371105194092, 5969
2.768371105194092, 5968
2.778653144836426, 5967
2.778653144836426, 5966
2.7991526126861572, 5965
2.7991526126861572, 5964
2.809366226196289, 5963
2.809366226196289, 5962
2.8175079822540283, 5961
2.8175079822540283, 5960
2.8196463584899902, 5959
2.8196463584899902, 5958
2.8196463584899902, 5957
2.8196463584899902, 5956
2.8196463584899902, 5955
2.8196463584899902, 5954
2.8277363777160645, 5953
2.837890148162842, 5952
2.837890148162842, 5951
2.837890148162842, 5950
2.8400192260742188, 5949
2.8400192260742188, 5948
2.8400192260742188, 5947
2.8400192260742188, 5946
2.8400192260742188, 5945
2.8400192260742188, 5944
2.8400192260742188, 5943
2.8504316806793213, 5942
2.8504316806793213, 5941
2.8504316806793213, 5940
2.8504316806793213, 5939
2.8504316806793213, 5938
2.8504316806793213, 5937
2.858574151992798, 5936
2.8708298206329346, 5935
2.8708298206329346, 5934
2.8708298206329346, 5933
2.8708298206329346, 5932
2.8789119720458984, 5931
2.8789119720458984, 5930
2.881060838699341, 5929
2.881060838699341, 5928
2.881060838699341, 5927
2.889141082763672, 5926
2.8912816047668457, 5925
2.9015610218048096, 5924
2.9015610218048096, 5923
2.9123730659484863, 5922
2.9169511795043945, 5921
2.9180996417999268, 5920
2.9180996417999268, 5919
2.923466444015503, 5918
2.924623966217041, 5917
2.9256844520568848, 5916
2.9256844520568848, 5915
2.9256844520568848, 5914
2.930830717086792, 5913
2.930830717086792, 5912
2.9329702854156494, 5911
2.9329702854156494, 5910
2.943162202835083, 5909
2.943162202835083, 5908
2.9513099193573, 5907
2.9534497261047363, 5906
2.9534497261047363, 5905
2.961547613143921, 5904
2.973984718322754, 5903
2.973984718322754, 5902
2.973984718322754, 5901
2.973984718322754, 5900
2.973984718322754, 5899
2.973984718322754, 5898
2.973984718322754, 5897
2.982060194015503, 5896
2.982060194015503, 5895
2.982060194015503, 5894
2.9842031002044678, 5893
2.9842031002044678, 5892
2.9842031002044678, 5891
2.9842031002044678, 5890
2.9923439025878906, 5889
2.9923439025878906, 5888
2.9944875240325928, 5887
2.9944875240325928, 5886
2.9944875240325928, 5885
3.0025675296783447, 5884
3.0025675296783447, 5883
3.0047123432159424, 5882
3.0047123432159424, 5881
3.0047123432159424, 5880
3.0047123432159424, 5879
3.0128610134124756, 5878
3.0128610134124756, 5877
3.023115634918213, 5876
3.025254964828491, 5875
3.033334732055664, 5874
3.0354835987091064, 5873
3.0354835987091064, 5872
3.0354835987091064, 5871
3.045659065246582, 5870
3.045659065246582, 5869
3.055934190750122, 5868
3.064011812210083, 5867
3.0661463737487793, 5866
3.0661463737487793, 5865
3.0661463737487793, 5864
3.0661463737487793, 5863
3.0742931365966797, 5862
3.0764293670654297, 5861
3.0764293670654297, 5860
3.0764293670654297, 5859
3.0764293670654297, 5858
3.0764293670654297, 5857
3.0866570472717285, 5856
3.0866570472717285, 5855
3.0866570472717285, 5854
3.0866570472717285, 5853
3.0866570472717285, 5852
3.0866570472717285, 5851
3.0866570472717285, 5850
3.0866570472717285, 5849
3.0866570472717285, 5848
3.0948004722595215, 5847
3.096947431564331, 5846
3.096947431564331, 5845
3.107171058654785, 5844
3.1174540519714355, 5843
3.1174540519714355, 5842
3.1174540519714355, 5841
3.1174540519714355, 5840
3.1174540519714355, 5839
3.127678394317627, 5838
3.137969970703125, 5837
3.137969970703125, 5836
3.137969970703125, 5835
3.1461095809936523, 5834
3.156393527984619, 5833
3.1585423946380615, 5832
3.1585423946380615, 5831
3.166628837585449, 5830
3.1687710285186768, 5829
3.1894631385803223, 5828
3.1894631385803223, 5827
3.1894631385803223, 5826
3.1894631385803223, 5825
3.197601795196533, 5824
3.199734687805176, 5823
3.199734687805176, 5822
3.209975481033325, 5821
3.209975481033325, 5820
3.2181167602539062, 5819
3.22025728225708, 5818
3.22025728225708, 5817
3.2283341884613037, 5816
3.2283341884613037, 5815
3.2304747104644775, 5814
3.2304747104644775, 5813
3.240755319595337, 5812
3.240755319595337, 5811
3.240755319595337, 5810
3.240755319595337, 5809
3.240755319595337, 5808
3.240755319595337, 5807
3.2488009929656982, 5806
3.2615928649902344, 5805
3.2615928649902344, 5804
3.2615928649902344, 5803
3.271839141845703, 5802
3.271839141845703, 5801
3.271839141845703, 5800
3.271839141845703, 5799
3.271839141845703, 5798
3.2799792289733887, 5797
3.2821075916290283, 5796
3.292343854904175, 5795
3.292343854904175, 5794
3.292343854904175, 5793
3.292343854904175, 5792
3.302626609802246, 5791
3.312843084335327, 5790
3.312843084335327, 5789
3.312843084335327, 5788
3.312843084335327, 5787
3.312843084335327, 5786
3.320888042449951, 5785
3.3209846019744873, 5784
3.3209846019744873, 5783
3.3230159282684326, 5782
3.3230159282684326, 5781
3.3230159282684326, 5780
3.3230159282684326, 5779
3.3230159282684326, 5778
3.3333840370178223, 5777
3.3333840370178223, 5776
3.343656063079834, 5775
3.343656063079834, 5774
3.343656063079834, 5773
3.343656063079834, 5772
3.343656063079834, 5771
3.3517391681671143, 5770
3.3517391681671143, 5769
3.353841543197632, 5768
3.353841543197632, 5767
3.353841543197632, 5766
3.353841543197632, 5765
3.3619961738586426, 5764
3.364039897918701, 5763
3.364135980606079, 5762
3.364135980606079, 5761
3.364135980606079, 5760
3.374375820159912, 5759
3.374375820159912, 5758
3.374375820159912, 5757
3.374375820159912, 5756
3.3846657276153564, 5755
3.3846657276153564, 5754
3.3846657276153564, 5753
3.394888401031494, 5752
3.394888401031494, 5751
3.4051709175109863, 5750
3.4051709175109863, 5749
3.4051709175109863, 5748
3.4051709175109863, 5747
3.4153993129730225, 5746
3.4153993129730225, 5745
3.4153993129730225, 5744
3.4235377311706543, 5743
3.425678253173828, 5742
3.425678253173828, 5741
3.435922145843506, 5740
3.4440627098083496, 5739
3.4461324214935303, 5738
3.4461324214935303, 5737
3.456620693206787, 5736
3.456620693206787, 5735
3.4668893814086914, 5734
3.484950065612793, 5733
3.484950065612793, 5732
3.484950065612793, 5731
3.484950065612793, 5730
3.484950065612793, 5729
3.484950065612793, 5728
3.484950065612793, 5727
3.484950065612793, 5726
3.484950065612793, 5725
3.484950065612793, 5724
3.500586748123169, 5723
3.500586748123169, 5722
3.500586748123169, 5721
3.500586748123169, 5720
3.500586748123169, 5719
3.500586748123169, 5718
3.5162112712860107, 5717
3.5162112712860107, 5716
3.5162112712860107, 5715
3.531836748123169, 5714
3.531836748123169, 5713
3.531836748123169, 5712
3.5474672317504883, 5711
3.5474672317504883, 5710
3.5474672317504883, 5709
3.5631260871887207, 5708
3.5631260871887207, 5707
3.5631260871887207, 5706
3.5631260871887207, 5705
3.5631260871887207, 5704
3.5631260871887207, 5703
3.578716516494751, 5702
3.585228443145752, 5701
3.585228443145752, 5700
3.585228443145752, 5699
3.585228443145752, 5698
3.600870370864868, 5697
3.600870370864868, 5696
3.600870370864868, 5695
3.600870370864868, 5694
3.600870370864868, 5693
3.6164939403533936, 5692
3.6164939403533936, 5691
3.632117748260498, 5690
3.632117748260498, 5689
3.632117748260498, 5688
3.632117748260498, 5687
3.632117748260498, 5686
3.632117748260498, 5685
3.632117748260498, 5684
3.64774489402771, 5683
3.64774489402771, 5682
3.64774489402771, 5681
3.64774489402771, 5680
3.64774489402771, 5679
3.64774489402771, 5678
3.64774489402771, 5677
3.663372755050659, 5676
3.663372755050659, 5675
3.6789968013763428, 5674
3.6789968013763428, 5673
3.6855711936950684, 5672
3.6876330375671387, 5671
3.6876330375671387, 5670
3.6956424713134766, 5669
3.6977896690368652, 5668
3.6977896690368652, 5667
3.705859899520874, 5666
3.7079262733459473, 5665
3.7079262733459473, 5664
3.7079262733459473, 5663
3.7079262733459473, 5662
3.7079262733459473, 5661
3.7079262733459473, 5660
3.7079262733459473, 5659
3.715980291366577, 5658
3.715980291366577, 5657
3.718052864074707, 5656
3.718052864074707, 5655
3.718052864074707, 5654
3.718052864074707, 5653
3.7281899452209473, 5652
3.7281899452209473, 5651
3.736269950866699, 5650
3.738337278366089, 5649
3.738337278366089, 5648
3.746407985687256, 5647
3.746407985687256, 5646
3.7586538791656494, 5645
3.7586538791656494, 5644
3.768787145614624, 5643
3.768787145614624, 5642
3.768787145614624, 5641
3.778952121734619, 5640
3.778952121734619, 5639
3.778952121734619, 5638
3.778952121734619, 5637
3.787024974822998, 5636
3.789104700088501, 5635
3.7993502616882324, 5634
3.7993502616882324, 5633
3.7993502616882324, 5632
3.8095052242279053, 5631
3.8095052242279053, 5630
3.8095052242279053, 5629
3.8095052242279053, 5628
3.8095052242279053, 5627
3.8095052242279053, 5626
3.819617509841919, 5625
3.819617509841919, 5624
3.819617509841919, 5623
3.819617509841919, 5622
3.819617509841919, 5621
3.819617509841919, 5620
3.8297359943389893, 5619
3.8297359943389893, 5618
3.8378124237060547, 5617
3.8398704528808594, 5616
3.8398704528808594, 5615
3.8398704528808594, 5614
3.8398704528808594, 5613
3.8398704528808594, 5612
3.8398704528808594, 5611
3.8398704528808594, 5610
3.860509157180786, 5609
3.8685688972473145, 5608
3.8706214427948, 5607
3.8706214427948, 5606
3.8706214427948, 5605
3.8787097930908203, 5604
3.8807966709136963, 5603
3.8807966709136963, 5602
3.8888590335845947, 5601
3.8888590335845947, 5600
3.890885829925537, 5599
3.8989346027374268, 5598
3.8989346027374268, 5597
3.9009921550750732, 5596
3.9206058979034424, 5595
3.9206058979034424, 5594
3.9206058979034424, 5593
3.9206058979034424, 5592
3.940896511077881, 5591
3.940896511077881, 5590
3.9430248737335205, 5589
3.9430248737335205, 5588
3.9430248737335205, 5587
3.9430248737335205, 5586
3.9511780738830566, 5585
3.953308343887329, 5584
3.953308343887329, 5583
3.953308343887329, 5582
3.953308343887329, 5581
3.9635515213012695, 5580
3.9635515213012695, 5579
3.9635515213012695, 5578
3.9635515213012695, 5577
3.9738352298736572, 5576
3.9738352298736572, 5575
3.9738352298736572, 5574
3.9819393157958984, 5573
3.984074592590332, 5572
3.984074592590332, 5571
3.984074592590332, 5570
3.984074592590332, 5569
3.984074592590332, 5568
3.992234945297241, 5567
3.992234945297241, 5566
4.004622936248779, 5565
4.004622936248779, 5564
4.004622936248779, 5563
4.012763261795044, 5562
4.014920473098755, 5561
4.014920473098755, 5560
4.014920473098755, 5559
4.014920473098755, 5558
4.014920473098755, 5557
4.014920473098755, 5556
4.023042678833008, 5555
4.023042678833008, 5554
4.025184869766235, 5553
4.025184869766235, 5552
4.033325672149658, 5551
4.035467624664307, 5550
4.035467624664307, 5549
4.043527126312256, 5548
4.043527126312256, 5547
4.045588254928589, 5546
4.045588254928589, 5545
4.053734302520752, 5544
4.053734302520752, 5543
4.055873870849609, 5542
4.055873870849609, 5541
4.055873870849609, 5540
4.066076993942261, 5539
4.074232578277588, 5538
4.076378345489502, 5537
4.076378345489502, 5536
4.076378345489502, 5535
4.076378345489502, 5534
4.084469318389893, 5533
4.086513996124268, 5532
4.086606025695801, 5531
4.096898794174194, 5530
4.096898794174194, 5529
4.096898794174194, 5528
4.096898794174194, 5527
4.1049675941467285, 5526
4.1049675941467285, 5525
4.107106924057007, 5524
4.107106924057007, 5523
4.117239475250244, 5522
4.117239475250244, 5521
4.117239475250244, 5520
4.125349760055542, 5519
4.125349760055542, 5518
4.137806415557861, 5517
4.137806415557861, 5516
4.137806415557861, 5515
4.1458868980407715, 5514
4.156175851821899, 5513
4.158313035964966, 5512
4.158313035964966, 5511
4.16855001449585, 5510
4.16855001449585, 5509
4.16855001449585, 5508
4.178727149963379, 5507
4.178727149963379, 5506
4.178727149963379, 5505
4.19927453994751, 5504
4.19927453994751, 5503
4.19927453994751, 5502
4.19927453994751, 5501
4.19927453994751, 5500
4.19927453994751, 5499
4.19927453994751, 5498
4.209490060806274, 5497
4.209490060806274, 5496
4.21763801574707, 5495
4.21977972984314, 5494
4.21977972984314, 5493
4.21977972984314, 5492
4.21977972984314, 5491
4.21977972984314, 5490
4.21977972984314, 5489
4.21977972984314, 5488
4.230002403259277, 5487
4.240321159362793, 5486
4.250615358352661, 5485
4.250615358352661, 5484
4.2587597370147705, 5483
4.271123886108398, 5482
4.271123886108398, 5481
4.271123886108398, 5480
4.271123886108398, 5479
4.281405687332153, 5478
4.281405687332153, 5477
4.291589975357056, 5476
4.291589975357056, 5475
4.299539804458618, 5474
4.307632684707642, 5473
4.312244892120361, 5472
4.317974328994751, 5471
4.317974328994751, 5470
4.317974328994751, 5469
4.328199148178101, 5468
4.338438034057617, 5467
4.346546411514282, 5466
4.348688125610352, 5465
4.348688125610352, 5464
4.358968734741211, 5463
4.358968734741211, 5462
4.358968734741211, 5461
4.358968734741211, 5460
4.358968734741211, 5459
4.367016792297363, 5458
4.3692121505737305, 5457
4.3692121505737305, 5456
4.3692121505737305, 5455
4.3692121505737305, 5454
4.389614582061768, 5453
4.389614582061768, 5452
4.389614582061768, 5451
4.389614582061768, 5450
4.408069372177124, 5449
4.419156074523926, 5448
4.425505876541138, 5447
4.428096055984497, 5446
4.4301886558532715, 5445
4.4301886558532715, 5444
4.438227891921997, 5443
4.438227891921997, 5442
4.438227891921997, 5441
4.440306901931763, 5440
4.440306901931763, 5439
4.448351860046387, 5438
4.448351860046387, 5437
4.460661172866821, 5436
4.460661172866821, 5435
4.468721628189087, 5434
4.478825807571411, 5433
4.491618871688843, 5432
4.5018556118011475, 5431
4.5018556118011475, 5430
4.5018556118011475, 5429
4.5018556118011475, 5428
4.5018556118011475, 5427
4.509922504425049, 5426
4.520029306411743, 5425
4.522087574005127, 5424
4.522087574005127, 5423
4.5322911739349365, 5422
4.54035210609436, 5421
4.5424253940582275, 5420
4.5424253940582275, 5419
4.552690744400024, 5418
4.552690744400024, 5417
4.560827970504761, 5416
4.562876462936401, 5415
4.562876462936401, 5414
4.562876462936401, 5413
4.562876462936401, 5412
4.5710225105285645, 5411
4.5710225105285645, 5410
4.573154926300049, 5409
4.581436395645142, 5408
4.583527088165283, 5407
4.583527088165283, 5406
4.59166955947876, 5405
4.59166955947876, 5404
4.6018993854522705, 5403
4.604027032852173, 5402
4.614403009414673, 5401
4.614403009414673, 5400
4.6225292682647705, 5399
4.634933233261108, 5398
4.66564679145813, 5397
4.67379903793335, 5396
4.68615198135376, 5395
4.694291591644287, 5394
4.696369647979736, 5393
4.696369647979736, 5392
4.696369647979736, 5391
4.696369647979736, 5390
4.696369647979736, 5389
4.696369647979736, 5388
4.696369647979736, 5387
4.706617116928101, 5386
4.706617116928101, 5385
4.706617116928101, 5384
4.706617116928101, 5383
4.714751720428467, 5382
4.71688175201416, 5381
4.71688175201416, 5380
4.71688175201416, 5379
4.7270965576171875, 5378
4.7270965576171875, 5377
4.7270965576171875, 5376
4.7373833656311035, 5375
4.7373833656311035, 5374
4.7373833656311035, 5373
4.7373833656311035, 5372
4.747570037841797, 5371
4.755613088607788, 5370
4.7557079792022705, 5369
4.757851600646973, 5368
4.7679972648620605, 5367
4.768096208572388, 5366
4.768096208572388, 5365
4.776238918304443, 5364
4.7783403396606445, 5363
4.7783403396606445, 5362
4.78857946395874, 5361
4.78857946395874, 5360
4.78857946395874, 5359
4.796733379364014, 5358
4.796733379364014, 5357
4.809050798416138, 5356
4.809050798416138, 5355
4.819343090057373, 5354
4.819343090057373, 5353
4.827426910400391, 5352
4.827426910400391, 5351
4.827426910400391, 5350
4.827426910400391, 5349
4.837705612182617, 5348
4.8398966789245605, 5347
4.8398966789245605, 5346
4.868462800979614, 5345
4.868462800979614, 5344
4.87061333656311, 5343
4.87061333656311, 5342
4.87061333656311, 5341
4.87061333656311, 5340
4.87868595123291, 5339
4.880825996398926, 5338
4.89105749130249, 5337
4.89105749130249, 5336
4.89105749130249, 5335
4.89105749130249, 5334
4.901354789733887, 5333
4.901354789733887, 5332
4.901354789733887, 5331
4.901354789733887, 5330
4.911591053009033, 5329
4.919736623764038, 5328
4.921875715255737, 5327
4.921875715255737, 5326
4.92997932434082, 5325
4.942402362823486, 5324
4.942402362823486, 5323
4.942402362823486, 5322
4.952541351318359, 5321
4.952541351318359, 5320
4.952541351318359, 5319
4.960608720779419, 5318
4.960608720779419, 5317
4.970664739608765, 5316
4.972721576690674, 5315
4.972721576690674, 5314
4.982832431793213, 5313
4.982832431793213, 5312
5.003053426742554, 5311
5.023292779922485, 5310
5.023292779922485, 5309
5.053560256958008, 5308
5.053613901138306, 5307
5.063802480697632, 5306
5.063802480697632, 5305
5.071837902069092, 5304
5.073898792266846, 5303
5.073898792266846, 5302
5.08403205871582, 5301
5.0945751667022705, 5300
5.114929437637329, 5299
5.114929437637329, 5298
5.114929437637329, 5297
5.114929437637329, 5296
5.123061180114746, 5295
5.125200986862183, 5294
5.125200986862183, 5293
5.125200986862183, 5292
5.125200986862183, 5291
5.135458946228027, 5290
5.145667791366577, 5289
5.145667791366577, 5288
5.145667791366577, 5287
5.145667791366577, 5286
5.153735637664795, 5285
5.155864715576172, 5284
5.16420578956604, 5283
5.176565408706665, 5282
5.186856746673584, 5281
5.186856746673584, 5280
5.197068214416504, 5279
5.197068214416504, 5278
5.197068214416504, 5277
5.197068214416504, 5276
5.207361459732056, 5275
5.21748161315918, 5274
5.225536823272705, 5273
5.227589845657349, 5272
5.247910737991333, 5271
5.247910737991333, 5270
5.247910737991333, 5269
5.258036375045776, 5268
5.258036375045776, 5267
5.266096591949463, 5266
5.266096591949463, 5265
5.268158435821533, 5264
5.268158435821533, 5263
5.268158435821533, 5262
5.268158435821533, 5261
5.276201009750366, 5260
5.278256177902222, 5259
5.288380146026611, 5258
5.288380146026611, 5257
5.288380146026611, 5256
5.296433687210083, 5255
5.29849648475647, 5254
5.3085408210754395, 5253
5.318693399429321, 5252
5.326748847961426, 5251
5.328785181045532, 5250
5.328785181045532, 5249
5.337022304534912, 5248
5.339090347290039, 5247
5.339090347290039, 5246
5.34941554069519, 5245
5.359632253646851, 5244
5.359632253646851, 5243
5.369855642318726, 5242
5.380098342895508, 5241
5.380098342895508, 5240
5.380098342895508, 5239
5.3902692794799805, 5238
5.420712232589722, 5237
5.420712232589722, 5236
5.420712232589722, 5235
5.430843830108643, 5234
5.430843830108643, 5233
5.438912391662598, 5232
5.440980911254883, 5231
5.4490647315979, 5230
5.451138019561768, 5229
5.451138019561768, 5228
5.461272954940796, 5227
5.4713966846466064, 5226
5.481597900390625, 5225
5.491825580596924, 5224
5.491825580596924, 5223
5.499980688095093, 5222
5.502125263214111, 5221
5.512281179428101, 5220
5.512281179428101, 5219
5.512281179428101, 5218
5.520427227020264, 5217
5.520427227020264, 5216
5.522565841674805, 5215
5.522565841674805, 5214
5.530715465545654, 5213
5.530715465545654, 5212
5.53277325630188, 5211
5.54288125038147, 5210
5.54288125038147, 5209
5.550933599472046, 5208
5.552955627441406, 5207
5.552955627441406, 5206
5.563079357147217, 5205
5.57115626335144, 5204
5.583327531814575, 5203
5.583327531814575, 5202
5.583327531814575, 5201
5.583327531814575, 5200
5.591411828994751, 5199
5.593465089797974, 5198
5.593465089797974, 5197
5.593465089797974, 5196
5.603585243225098, 5195
5.613726854324341, 5194
5.613726854324341, 5193
5.623836040496826, 5192
5.623836040496826, 5191
5.623836040496826, 5190
5.634033441543579, 5189
5.634033441543579, 5188
5.634033441543579, 5187
5.652189254760742, 5186
5.654247760772705, 5185
5.654247760772705, 5184
5.662305593490601, 5183
5.664358615875244, 5182
5.664358615875244, 5181
5.664358615875244, 5180
5.672433376312256, 5179
5.674489498138428, 5178
5.674489498138428, 5177
5.674489498138428, 5176
5.684601068496704, 5175
5.684601068496704, 5174
5.715412855148315, 5173
5.715412855148315, 5172
5.715412855148315, 5171
5.715412855148315, 5170
5.723362922668457, 5169
5.723362922668457, 5168
5.723362922668457, 5167
5.723362922668457, 5166
5.73564338684082, 5165
5.73564338684082, 5164
5.745917320251465, 5163
5.745917320251465, 5162
5.7540059089660645, 5161
5.756140947341919, 5160
5.756140947341919, 5159
5.766418218612671, 5158
5.766418218612671, 5157
5.766418218612671, 5156
5.77657413482666, 5155
5.776670455932617, 5154
5.784811973571777, 5153
5.78695273399353, 5152
5.797185897827148, 5151
5.805333375930786, 5150
5.807489395141602, 5149
5.8178019523620605, 5148
5.8178019523620605, 5147
5.8178019523620605, 5146
5.8178019523620605, 5145
5.8178019523620605, 5144
5.825957298278809, 5143
5.838345289230347, 5142
5.846485614776611, 5141
5.848623991012573, 5140
5.848623991012573, 5139
5.848623991012573, 5138
5.848623991012573, 5137
5.856708526611328, 5136
5.856708526611328, 5135
5.856708526611328, 5134
5.869133234024048, 5133
5.869133234024048, 5132
5.8793535232543945, 5131
5.8793535232543945, 5130
5.889636754989624, 5129
5.907988548278809, 5128
5.9100563526153564, 5127
5.9100563526153564, 5126
5.920298099517822, 5125
5.920298099517822, 5124
5.920298099517822, 5123
5.9283294677734375, 5122
5.93047571182251, 5121
5.93047571182251, 5120
5.938554286956787, 5119
5.938554286956787, 5118
5.940693378448486, 5117
5.940693378448486, 5116
5.940693378448486, 5115
5.940693378448486, 5114
5.948839426040649, 5113
5.948839426040649, 5112
5.9509804248809814, 5111
5.9509804248809814, 5110
5.9509804248809814, 5109
5.9509804248809814, 5108
5.9509804248809814, 5107
5.961203336715698, 5106
5.961203336715698, 5105
5.979562520980835, 5104
5.981702566146851, 5103
5.989842891693115, 5102
5.991985321044922, 5101
6.0000975131988525, 5100
6.010381698608398, 5099
6.012527704238892, 5098
6.022815465927124, 5097
6.022815465927124, 5096
6.033320426940918, 5095
6.043551683425903, 5094
6.043551683425903, 5093
6.053846120834351, 5092
6.064032793045044, 5091
6.0721728801727295, 5090
6.0721728801727295, 5089
6.074313402175903, 5088
6.074313402175903, 5087
6.084529399871826, 5086
6.084529399871826, 5085
6.094816207885742, 5084
6.1050355434417725, 5083
6.115331411361694, 5082
6.115331411361694, 5081
6.115331411361694, 5080
6.123419284820557, 5079
6.123419284820557, 5078
6.1255576610565186, 5077
6.1255576610565186, 5076
6.1460862159729, 5075
6.176890850067139, 5074
6.176890850067139, 5073
6.184965372085571, 5072
6.1871044635772705, 5071
6.197333812713623, 5070
6.197333812713623, 5069
6.207581520080566, 5068
6.207581520080566, 5067
6.207581520080566, 5066
6.207581520080566, 5065
6.207581520080566, 5064
6.207581520080566, 5063
6.217838287353516, 5062
6.217838287353516, 5061
6.217838287353516, 5060
6.22599458694458, 5059
6.228123188018799, 5058
6.228123188018799, 5057
6.248626470565796, 5056
6.258909225463867, 5055
6.258909225463867, 5054
6.258909225463867, 5053
6.277288913726807, 5052
6.289644718170166, 5051
6.289644718170166, 5050
6.299938201904297, 5049
6.299938201904297, 5048
6.299938201904297, 5047
6.310173511505127, 5046
6.313287258148193, 5045
6.319329500198364, 5044
6.328584671020508, 5043
6.330723524093628, 5042
6.330723524093628, 5041
6.349113702774048, 5040
6.351251602172852, 5039
6.361462593078613, 5038
6.37986159324646, 5037
6.37986159324646, 5036
6.382007837295532, 5035
6.402488946914673, 5034
6.402488946914673, 5033
6.402488946914673, 5032
6.423022747039795, 5031
6.431166648864746, 5030
6.43330454826355, 5029
6.43330454826355, 5028
6.43330454826355, 5027
6.443565368652344, 5026
6.4538562297821045, 5025
6.461925745010376, 5024
6.461925745010376, 5023
6.461925745010376, 5022
6.4640631675720215, 5021
6.4640631675720215, 5020
6.5051188468933105, 5019
6.5051188468933105, 5018
6.513271331787109, 5017
6.513271331787109, 5016
6.515300512313843, 5015
6.525539875030518, 5014
6.525539875030518, 5013
6.535826206207275, 5012
6.535826206207275, 5011
6.535826206207275, 5010
6.535826206207275, 5009
6.556356906890869, 5008
6.556356906890869, 5007
6.566560745239258, 5006
6.574700117111206, 5005
6.5768420696258545, 5004
6.5768420696258545, 5003
6.5768420696258545, 5002
6.587034225463867, 5001
6.605302572250366, 5000
6.617737531661987, 4999
6.617737531661987, 4998
6.625837802886963, 4997
6.636134147644043, 4996
6.646360397338867, 4995
6.648505210876465, 4994
6.648505210876465, 4993
6.658794641494751, 4992
6.658794641494751, 4991
6.658794641494751, 4990
6.679217576980591, 4989
6.679217576980591, 4988
6.679217576980591, 4987
6.679217576980591, 4986
6.687307596206665, 4985
6.689455032348633, 4984
6.689455032348633, 4983
6.697600603103638, 4982
6.699739217758179, 4981
6.709968090057373, 4980
6.709968090057373, 4979
6.720265626907349, 4978
6.720265626907349, 4977
6.720265626907349, 4976
6.728331804275513, 4975
6.728331804275513, 4974
6.730471134185791, 4973
6.738612413406372, 4972
6.740751266479492, 4971
6.740751266479492, 4970
6.7509660720825195, 4969
6.7509660720825195, 4968
6.7509660720825195, 4967
6.759108304977417, 4966
6.761247873306274, 4965
6.761247873306274, 4964
6.7693259716033936, 4963
6.7714684009552, 4962
6.781753063201904, 4961
6.7919628620147705, 4960
6.7919628620147705, 4959
6.7919628620147705, 4958
6.802251100540161, 4957
6.833012819290161, 4956
6.833012819290161, 4955
6.833012819290161, 4954
6.841152667999268, 4953
6.843281030654907, 4952
6.843281030654907, 4951
6.851362466812134, 4950
6.853502035140991, 4949
6.863675117492676, 4948
6.873959064483643, 4947
6.88421368598938, 4946
6.892293453216553, 4945
6.894437074661255, 4944
6.904728889465332, 4943
6.904728889465332, 4942
6.912823915481567, 4941
6.91493558883667, 4940
6.925233602523804, 4939
6.935829401016235, 4938
6.935829401016235, 4937
6.943971395492554, 4936
6.946113109588623, 4935
6.956378936767578, 4934
6.956378936767578, 4933
6.956378936767578, 4932
6.966662883758545, 4931
6.985029458999634, 4930
6.9871697425842285, 4929
6.9871697425842285, 4928
6.997398614883423, 4927
6.997398614883423, 4926
7.007680654525757, 4925
7.007680654525757, 4924
7.007680654525757, 4923
7.007680654525757, 4922
7.01791787147522, 4921
7.01791787147522, 4920
7.01791787147522, 4919
7.028091192245483, 4918
7.028091192245483, 4917
7.038327217102051, 4916
7.038327217102051, 4915
7.038327217102051, 4914
7.046473026275635, 4913
7.048614978790283, 4912
7.048614978790283, 4911
7.048614978790283, 4910
7.058850049972534, 4909
7.058850049972534, 4908
7.058850049972534, 4907
7.058850049972534, 4906
7.0793540477752686, 4905
7.089635372161865, 4904
7.118195295333862, 4903
7.120371341705322, 4902
7.140878915786743, 4901
7.140878915786743, 4900
7.140878915786743, 4899
7.151167392730713, 4898
7.151167392730713, 4897
7.161328077316284, 4896
7.161328077316284, 4895
7.18184494972229, 4894
7.18184494972229, 4893
7.192018270492554, 4892
7.192018270492554, 4891
7.192018270492554, 4890
7.212538957595825, 4889
7.212538957595825, 4888
7.222779035568237, 4887
7.243269443511963, 4886
7.243269443511963, 4885
7.274050951004028, 4884
7.282121181488037, 4883
7.284265041351318, 4882
7.292420387268066, 4881
7.292420387268066, 4880
7.294550657272339, 4879
7.304806232452393, 4878
7.304806232452393, 4877
7.304806232452393, 4876
7.315091848373413, 4875
7.323197364807129, 4874
7.364166021347046, 4873
7.364166021347046, 4872
7.384685277938843, 4871
7.386831998825073, 4870
7.396952867507935, 4869
7.396952867507935, 4868
7.396952867507935, 4867
7.396952867507935, 4866
7.4071855545043945, 4865
7.4071855545043945, 4864
7.4153337478637695, 4863
7.425552129745483, 4862
7.437983989715576, 4861
7.437983989715576, 4860
7.437983989715576, 4859
7.437983989715576, 4858
7.458524465560913, 4857
7.509821891784668, 4856
7.559192657470703, 4855
7.559293031692505, 4854
7.561321496963501, 4853
7.561321496963501, 4852
7.581643581390381, 4851
7.5897135734558105, 4850
7.5897135734558105, 4849
7.602126121520996, 4848
7.602126121520996, 4847
7.612352132797241, 4846
7.622643709182739, 4845
7.632840871810913, 4844
7.632840871810913, 4843
7.640980958938599, 4842
7.64311957359314, 4841
7.64311957359314, 4840
7.653357982635498, 4839
7.663532733917236, 4838
7.671630144119263, 4837
7.677920818328857, 4836
7.686874866485596, 4835
7.695156812667847, 4834
7.695156812667847, 4833
7.695156812667847, 4832
7.695156812667847, 4831
7.695156812667847, 4830
7.705314874649048, 4829
7.715595006942749, 4828
7.715595006942749, 4827
7.73612380027771, 4826
7.73612380027771, 4825
7.756632566452026, 4824
7.7668678760528564, 4823
7.7668678760528564, 4822
7.7668678760528564, 4821
7.777151823043823, 4820
7.777151823043823, 4819
7.787384033203125, 4818
7.787384033203125, 4817
7.8079307079315186, 4816
7.8079307079315186, 4815
7.8079307079315186, 4814
7.8079307079315186, 4813
7.8079307079315186, 4812
7.818215847015381, 4811
7.838709354400635, 4810
7.8468708992004395, 4809
7.8490214347839355, 4808
7.8490214347839355, 4807
7.867383003234863, 4806
7.869529485702515, 4805
7.869529485702515, 4804
7.869529485702515, 4803
7.879822731018066, 4802
7.890055418014526, 4801
7.900336503982544, 4800
7.900336503982544, 4799
7.900336503982544, 4798
7.918719530105591, 4797
7.920860290527344, 4796
7.941385269165039, 4795
7.941385269165039, 4794
7.941385269165039, 4793
7.941385269165039, 4792
7.941385269165039, 4791
7.96191930770874, 4790
7.972146034240723, 4789
7.972146034240723, 4788
7.972146034240723, 4787
7.99264931678772, 4786
8.000793218612671, 4785
8.002934694290161, 4784
8.002934694290161, 4783
8.013156652450562, 4782
8.013156652450562, 4781
8.013156652450562, 4780
8.021296977996826, 4779
8.02343463897705, 4778
8.02343463897705, 4777
8.033662557601929, 4776
8.043943405151367, 4775
8.052054166793823, 4774
8.052054166793823, 4773
8.054194688796997, 4772
8.054194688796997, 4771
8.064336061477661, 4770
8.074569463729858, 4769
8.074569463729858, 4768
8.094863653182983, 4767
8.094863653182983, 4766
8.105245113372803, 4765
8.105245113372803, 4764
8.105245113372803, 4763
8.113342046737671, 4762
8.125909090042114, 4761
8.144586086273193, 4760
8.146767139434814, 4759
8.167991161346436, 4758
8.176112413406372, 4757
8.178199529647827, 4756
8.178199529647827, 4755
8.209436416625977, 4754
8.214210987091064, 4753
8.216326475143433, 4752
8.229529857635498, 4751
8.249957799911499, 4750
8.249957799911499, 4749
8.249957799911499, 4748
8.289498805999756, 4747
8.291853189468384, 4746
8.291853189468384, 4745
8.303363800048828, 4744
8.305468797683716, 4743
8.32733678817749, 4742
8.333189725875854, 4741
8.346342086791992, 4740
8.351099014282227, 4739
8.353259086608887, 4738
8.359082221984863, 4737
8.361149072647095, 4736
8.391848087310791, 4735
8.39508056640625, 4734
8.39613127708435, 4733
8.400377035140991, 4732
8.404586791992188, 4731
8.42374873161316, 4730
8.433951139450073, 4729
8.454971551895142, 4728
8.463165044784546, 4727
8.475537538528442, 4726
8.485836505889893, 4725
8.485836505889893, 4724
8.49605655670166, 4723
8.504199028015137, 4722
8.506341934204102, 4721
8.51657485961914, 4720
8.526865005493164, 4719
8.547384977340698, 4718
8.557644844055176, 4717
8.557644844055176, 4716
8.578157901763916, 4715
8.578157901763916, 4714
8.588316440582275, 4713
8.59863018989563, 4712
8.59863018989563, 4711
8.60892653465271, 4710
8.648033380508423, 4709
8.648033380508423, 4708
8.660449743270874, 4707
8.699774026870728, 4706
8.720479488372803, 4705
8.732779741287231, 4704
8.743085861206055, 4703
8.782522201538086, 4702
8.784701108932495, 4701
8.805370569229126, 4700
8.805370569229126, 4699
8.805370569229126, 4698
8.81355881690979, 4697
8.815739393234253, 4696
8.82608151435852, 4695
8.836460590362549, 4694
8.836460590362549, 4693
8.867441892623901, 4692
8.898364543914795, 4691
8.919073104858398, 4690
8.950092792510986, 4689
8.950092792510986, 4688
8.960479259490967, 4687
8.968619346618652, 4686
8.981159925460815, 4685
9.056464433670044, 4684
9.07627820968628, 4683
9.07627820968628, 4682
9.095236778259277, 4681
9.128373384475708, 4680
9.159609079360962, 4679
9.180299043655396, 4678
9.180299043655396, 4677
9.221730470657349, 4676
9.221730470657349, 4675
9.276166439056396, 4674
9.28640604019165, 4673
9.356991291046143, 4672
9.369575023651123, 4671
9.38869333267212, 4670
9.474339962005615, 4669
9.484757661819458, 4668
9.494945526123047, 4667
9.51757025718689, 4666
9.56747817993164, 4665
9.607784748077393, 4664
9.61909818649292, 4663
9.628291368484497, 4662
9.755505084991455, 4661
9.765745639801025, 4660
9.773991584777832, 4659
9.817895412445068, 4658
9.900192022323608, 4657
9.900192022323608, 4656
9.910358428955078, 4655
9.920515060424805, 4654
9.930673122406006, 4653
9.930673122406006, 4652
9.981587409973145, 4651
10.034806728363037, 4650
10.053100109100342, 4649
10.085932731628418, 4648
10.106643199920654, 4647
10.13759732246399, 4646
10.13759732246399, 4645
10.147857666015625, 4644
10.147857666015625, 4643
10.199486494064331, 4642
10.199486494064331, 4641
10.22016453742981, 4640
10.240757465362549, 4639
10.261386632919312, 4638
10.269587516784668, 4637
10.271766185760498, 4636
10.351738691329956, 4635
10.364556074142456, 4634
10.395526885986328, 4633
10.426658391952515, 4632
10.426658391952515, 4631
10.465776205062866, 4630
10.478224277496338, 4629
10.498766899108887, 4628
10.509259939193726, 4627
10.560848236083984, 4626
10.614857196807861, 4625
10.63335371017456, 4624
10.63335371017456, 4623
10.666513204574585, 4622
10.676885843276978, 4621
10.687183141708374, 4620
10.769922733306885, 4619
10.769922733306885, 4618
10.77810287475586, 4617
10.780292749404907, 4616
10.780292749404907, 4615
10.800966501235962, 4614
10.809086084365845, 4613
10.811230897903442, 4612
10.811230897903442, 4611
10.829768896102905, 4610
10.831870555877686, 4609
10.862383842468262, 4608
10.862383842468262, 4607
10.901123285293579, 4606
10.923672199249268, 4605
10.923672199249268, 4604
10.923672199249268, 4603
10.96240496635437, 4602
10.995204448699951, 4601
11.005420446395874, 4600
11.0135018825531, 4599
11.023686647415161, 4598
11.05686354637146, 4597
11.087817907333374, 4596
11.118901014328003, 4595
11.118901014328003, 4594
11.139515161514282, 4593
11.149894714355469, 4592
11.180863380432129, 4591
11.191246509552002, 4590
11.201547384262085, 4589
11.232977867126465, 4588
11.25370192527771, 4587
11.274364471435547, 4586
11.274364471435547, 4585
11.28251576423645, 4584
11.295064449310303, 4583
11.326177597045898, 4582
11.336543321609497, 4581
11.336543321609497, 4580
11.336543321609497, 4579
11.336543321609497, 4578
11.344687938690186, 4577
11.344687938690186, 4576
11.367582082748413, 4575
11.39866590499878, 4574
11.408978462219238, 4573
11.408978462219238, 4572
11.439982175827026, 4571
11.530792474746704, 4570
11.543343782424927, 4569
11.60538125038147, 4568
11.639136791229248, 4567
11.686047554016113, 4566
11.70168924331665, 4565
11.723859548568726, 4564
11.723859548568726, 4563
11.723859548568726, 4562
11.770800828933716, 4561
11.82655382156372, 4560
11.857858419418335, 4559
11.868227481842041, 4558
11.878553628921509, 4557
11.899231672286987, 4556
11.909599781036377, 4555
11.909599781036377, 4554
11.928092002868652, 4553
11.981943845748901, 4552
12.064530611038208, 4551
12.085226774215698, 4550
12.178274393081665, 4549
12.198926448822021, 4548
12.207078695297241, 4547
12.227737665176392, 4546
12.271249055862427, 4545
12.29190707206726, 4544
12.353797674179077, 4543
12.364155530929565, 4542
12.364155530929565, 4541
12.374485731124878, 4540
12.40527057647705, 4539
12.40527057647705, 4538
12.415555953979492, 4537
12.415555953979492, 4536
12.42373538017273, 4535
12.4465913772583, 4534
12.47758412361145, 4533
12.487943649291992, 4532
12.487943649291992, 4531
12.508646488189697, 4530
12.558046102523804, 4529
12.64289140701294, 4528
12.70497465133667, 4527
12.725728034973145, 4526
12.777467966079712, 4525
12.78561520576477, 4524
12.808464765548706, 4523
12.808464765548706, 4522
12.901467084884644, 4521
12.932468175888062, 4520
12.963526725769043, 4519
13.002762079238892, 4518
13.046298265457153, 4517
13.054433822631836, 4516
13.108676671981812, 4515
13.119049310684204, 4514
13.119049310684204, 4513
13.119049310684204, 4512
13.119049310684204, 4511
13.129421710968018, 4510
13.129421710968018, 4509
13.179138422012329, 4508
13.202010869979858, 4507
13.202010869979858, 4506
13.202010869979858, 4505
13.210150003433228, 4504
13.22271728515625, 4503
13.233016014099121, 4502
13.264015197753906, 4501
13.274320125579834, 4500
13.305808305740356, 4499
13.316155433654785, 4498
13.336910724639893, 4497
13.347272396087646, 4496
13.347272396087646, 4495
13.38648009300232, 4494
13.430016994476318, 4493
13.448504447937012, 4492
13.479475498199463, 4491
13.479475498199463, 4490
13.554169416427612, 4489
13.582982301712036, 4488
13.657355546951294, 4487
13.6676025390625, 4486
13.770884990692139, 4485
13.79154086112976, 4484
13.844613313674927, 4483
13.8755624294281, 4482
13.8755624294281, 4481
13.885923385620117, 4480
13.93758773803711, 4479
13.93758773803711, 4478
13.945772647857666, 4477
13.947951793670654, 4476
13.968634843826294, 4475
13.978926181793213, 4474
14.020256042480469, 4473
14.11334776878357, 4472
14.123710632324219, 4471
14.173224925994873, 4470
14.216846466064453, 4469
14.235387563705444, 4468
14.320579767227173, 4467
14.330914497375488, 4466
14.370024919509888, 4465
14.390718936920166, 4464
14.390718936920166, 4463
14.50374174118042, 4462
14.506009578704834, 4461
14.517364263534546, 4460
14.569012880325317, 4459
14.600007772445679, 4458
14.61029601097107, 4457
14.670081853866577, 4456
14.68374252319336, 4455
14.683759689331055, 4454
14.724064588546753, 4453
14.74481463432312, 4452
14.76549243927002, 4451
14.76549243927002, 4450
14.794254064559937, 4449
14.84795355796814, 4448
14.878957271575928, 4447
14.92054557800293, 4446
14.930912733078003, 4445
14.961946725845337, 4444
14.980446815490723, 4443
14.992921113967896, 4442
15.013572931289673, 4441
15.02174973487854, 4440
15.07567286491394, 4439
15.127323865890503, 4438
15.168671131134033, 4437
15.241018056869507, 4436
15.282308340072632, 4435
15.313254833221436, 4434
15.32362151145935, 4433
15.39358401298523, 4432
15.42674708366394, 4431
15.437104225158691, 4430
15.488687992095947, 4429
15.488687992095947, 4428
15.517470836639404, 4427
15.540667295455933, 4426
15.592179298400879, 4425
15.602540731430054, 4424
15.654240369796753, 4423
15.672744512557983, 4422
15.674930334091187, 4421
15.778498411178589, 4420
15.799154043197632, 4419
15.864891052246094, 4418
15.881465673446655, 4417
15.912444591522217, 4416
15.943454504013062, 4415
16.026182174682617, 4414
16.057215213775635, 4413
16.065396547317505, 4412
16.088268518447876, 4411
16.088268518447876, 4410
16.11928153038025, 4409
16.225043058395386, 4408
16.225043058395386, 4407
16.2434024810791, 4406
16.27651596069336, 4405
16.31778836250305, 4404
16.33839988708496, 4403
16.34654188156128, 4402
16.39015507698059, 4401
16.410667181015015, 4400
16.410667181015015, 4399
16.410667181015015, 4398
16.4520103931427, 4397
16.534645557403564, 4396
16.575762033462524, 4395
16.58600425720215, 4394
16.648048162460327, 4393
16.658371925354004, 4392
16.658371925354004, 4391
16.66649055480957, 4390
16.689172983169556, 4389
16.699495553970337, 4388
16.771722555160522, 4387
16.80256748199463, 4386
16.812931299209595, 4385
17.091973781585693, 4384
17.10233235359192, 4383
17.123035430908203, 4382
17.20348048210144, 4381
17.215991497039795, 4380
17.31905221939087, 4379
17.31905221939087, 4378
17.33938694000244, 4377
17.350035905838013, 4376
17.3910870552063, 4375
17.401397466659546, 4374
17.419739484786987, 4373
17.442604780197144, 4372
17.481789112091064, 4371
17.52306866645813, 4370
17.5869038105011, 4369
17.59718918800354, 4368
17.64642357826233, 4367
17.676997423171997, 4366
17.79247546195984, 4365
17.85422372817993, 4364
17.872565031051636, 4363
17.885036945343018, 4362
17.905632972717285, 4361
17.905632972717285, 4360
17.96789860725403, 4359
17.998921632766724, 4358
18.133317708969116, 4357
18.141496896743774, 4356
18.143691778182983, 4355
18.143691778182983, 4354
18.184959173202515, 4353
18.236459255218506, 4352
18.265483379364014, 4351
18.319042921066284, 4350
18.329286813735962, 4349
18.339583158493042, 4348
18.349903345108032, 4347
18.401590585708618, 4346
18.505013942718506, 4345
18.689329147338867, 4344
18.701764822006226, 4343
18.71199059486389, 4342
18.732507467269897, 4341
18.763362646102905, 4340
18.783904314041138, 4339
18.82272481918335, 4338
18.835095167160034, 4337
18.85346531867981, 4336
18.876010417938232, 4335
18.876010417938232, 4334
18.88628911972046, 4333
18.92726469039917, 4332
18.957996368408203, 4331
18.978466749191284, 4330
18.996829509735107, 4329
19.037912368774414, 4328
19.04005527496338, 4327
19.050333261489868, 4326
19.07889223098755, 4325
19.0810329914093, 4324
19.089173078536987, 4323
19.109536170959473, 4322
19.111674308776855, 4321
19.142433166503906, 4320
19.142433166503906, 4319
19.162973165512085, 4318
19.162973165512085, 4317
19.162973165512085, 4316
19.20184826850891, 4315
19.20184826850891, 4314
19.214628219604492, 4313
19.214628219604492, 4312
19.22492527961731, 4311
19.22492527961731, 4310
19.233068227767944, 4309
19.245431184768677, 4308
19.245431184768677, 4307
19.25570797920227, 4306
19.265948057174683, 4305
19.28650212287903, 4304
19.32747769355774, 4303
19.347975492477417, 4302
19.368476152420044, 4301
19.397109985351562, 4300
19.41977548599243, 4299
19.41977548599243, 4298
19.491472721099854, 4297
19.491472721099854, 4296
19.522284746170044, 4295
19.532514095306396, 4294
19.550883531570435, 4293
19.553027868270874, 4292
19.56330680847168, 4291
19.593915700912476, 4290
19.593915700912476, 4289
19.614413499832153, 4288
19.614413499832153, 4287
19.624695777893066, 4286
19.624695777893066, 4285
19.65540885925293, 4284
19.675902843475342, 4283
19.675902843475342, 4282
19.696839094161987, 4281
19.75854229927063, 4280
19.799532890319824, 4279
19.833394050598145, 4278
19.84900951385498, 4277
19.89588212966919, 4276
19.89588212966919, 4275
19.949019193649292, 4274
19.949019193649292, 4273
19.964691638946533, 4272
19.995944261550903, 4271
20.02036190032959, 4270
20.03065276145935, 4269
20.06953763961792, 4268
20.079821348190308, 4267
20.081956148147583, 4266
20.10242247581482, 4265
20.110517501831055, 4264
20.122939586639404, 4263
20.122939586639404, 4262
20.14345145225525, 4261
20.19472622871399, 4260
20.256239652633667, 4259
20.28703761100769, 4258
20.307528257369995, 4257
20.328032970428467, 4256
20.356858730316162, 4255
20.35900354385376, 4254
20.389766216278076, 4253
20.400050401687622, 4252
20.408059120178223, 4251
20.44137215614319, 4250
20.45158863067627, 4249
20.50075626373291, 4248
20.543939352035522, 4247
20.574702739715576, 4246
20.58486533164978, 4245
20.646477460861206, 4244
20.677214860916138, 4243
20.68535566329956, 4242
20.68749737739563, 4241
20.7080295085907, 4240
20.718269109725952, 4239
20.718269109725952, 4238
20.749070167541504, 4237
20.779793977737427, 4236
20.820866346359253, 4235
20.829015493392944, 4234
20.85163164138794, 4233
20.85163164138794, 4232
20.859786987304688, 4231
20.87221360206604, 4230
20.87221360206604, 4229
20.892756938934326, 4228
20.902971982955933, 4227
20.9440598487854, 4226
20.985010623931885, 4225
21.036675691604614, 4224
21.067541122436523, 4223
21.077837228775024, 4222
21.13943076133728, 4221
21.159953355789185, 4220
21.211226224899292, 4219
21.260433435440063, 4218
21.27281427383423, 4217
21.283093452453613, 4216
21.38395595550537, 4215
21.45772123336792, 4214
21.549926280975342, 4213
21.601007223129272, 4212
21.611276865005493, 4211
21.695798635482788, 4210
21.755247354507446, 4209
21.76546883583069, 4208
21.767613172531128, 4207
21.79840588569641, 4206
21.870145559310913, 4205
21.921457052230835, 4204
21.94196128845215, 4203
22.085404872894287, 4202
22.093493461608887, 4201
22.15497136116028, 4200
22.21651554107666, 4199
22.23698139190674, 4198
22.35226821899414, 4197
22.413570642471313, 4196
22.421666622161865, 4195
22.474924087524414, 4194
22.505645990371704, 4193
22.515937566757202, 4192
22.52405571937561, 4191
22.526140451431274, 4190
22.618195295333862, 4189
22.638627767562866, 4188
22.648865938186646, 4187
22.669299602508545, 4186
22.822471141815186, 4185
22.853065013885498, 4184
23.036250829696655, 4183
23.04430866241455, 4182
23.074767351150513, 4181
23.09713339805603, 4180
23.10727572441101, 4179
23.29028081893921, 4178
23.369441270828247, 4177
23.432239294052124, 4176
23.48280906677246, 4175
23.48280906677246, 4174
23.50353717803955, 4173
23.53389811515808, 4172
23.53389811515808, 4171
23.607251167297363, 4170
23.622971296310425, 4169
23.715961456298828, 4168
23.857535362243652, 4167
23.938465356826782, 4166
24.1089084148407, 4165
24.151402235031128, 4164
24.20023012161255, 4163
24.253653049468994, 4162
24.284162759780884, 4161
24.35522174835205, 4160
24.375429153442383, 4159
24.415704488754272, 4158
24.53536558151245, 4157
24.55827045440674, 4156
24.822365760803223, 4155
24.91289210319519, 4154
24.98577046394348, 4153
24.98577046394348, 4152
24.9958336353302, 4151
25.108030080795288, 4150
25.261755228042603, 4149
25.410913944244385, 4148
25.42439341545105, 4147
25.447272062301636, 4146
25.475769758224487, 4145
25.48818874359131, 4144
25.508615732192993, 4143
25.51894736289978, 4142
25.66258716583252, 4141
25.693302392959595, 4140
25.875709533691406, 4139
25.891398429870605, 4138
25.976102113723755, 4137
26.00738024711609, 4136
26.023042917251587, 4135
26.076521158218384, 4134
26.078661918640137, 4133
26.11967158317566, 4132
26.129871129989624, 4131
26.150291681289673, 4130
26.301244735717773, 4129
26.36461305618286, 4128
26.374868154525757, 4127
26.374868154525757, 4126
26.393232107162476, 4125
26.456772089004517, 4124
26.47730040550232, 4123
26.518064975738525, 4122
26.547061681747437, 4121
26.66990613937378, 4120
26.680185079574585, 4119
26.711960554122925, 4118
26.752928733825684, 4117
26.845367193222046, 4116
26.917244911193848, 4115
27.017823457717896, 4114
27.09113335609436, 4113
27.09113335609436, 4112
27.206496238708496, 4111
27.206496238708496, 4110
27.232734203338623, 4109
27.23703670501709, 4108
27.311692476272583, 4107
27.354671716690063, 4106
27.405876874923706, 4105
27.57816982269287, 4104
27.57816982269287, 4103
27.692802667617798, 4102
27.70084834098816, 4101
27.703077793121338, 4100
27.703077793121338, 4099
27.825599908828735, 4098
27.868735313415527, 4097
27.868735313415527, 4096
27.878973484039307, 4095
28.174510955810547, 4094
28.1901376247406, 4093
28.353989601135254, 4092
28.359630584716797, 4091
28.392824411392212, 4090
28.392824411392212, 4089
28.45440983772278, 4088
28.50569987297058, 4087
28.513789892196655, 4086
28.554699420928955, 4085
28.628493785858154, 4084
28.781335592269897, 4083
28.951763153076172, 4082
28.98472261428833, 4081
28.98472261428833, 4080
29.003052949905396, 4079
29.334845542907715, 4078
29.336915254592896, 4077
29.336915254592896, 4076
29.347060680389404, 4075
29.38759469985962, 4074
29.39774751663208, 4073
29.480231523513794, 4072
29.531532287597656, 4071
29.611366510391235, 4070
29.664968490600586, 4069
29.69573163986206, 4068
29.734488010406494, 4067
30.073226928710938, 4066
30.154127597808838, 4065
30.20528817176819, 4064
30.225664854049683, 4063
30.535680294036865, 4062
30.915555477142334, 4061
30.915555477142334, 4060
30.96458888053894, 4059
31.151262998580933, 4058
31.16144609451294, 4057
31.200509309768677, 4056
31.28245520591736, 4055
31.305148601531982, 4054
31.315452575683594, 4053
31.346412658691406, 4052
31.541415452957153, 4051
31.66434907913208, 4050
31.746259927749634, 4049
31.88998556137085, 4048
31.990400791168213, 4047
32.093393325805664, 4046
32.10582518577576, 4045
32.20832800865173, 4044
32.21641778945923, 4043
32.27029585838318, 4042
32.290722370147705, 4041
32.31129288673401, 4040
32.442474603652954, 4039
32.442474603652954, 4038
32.47328305244446, 4037
32.47542095184326, 4036
32.56763172149658, 4035
32.56763172149658, 4034
32.80176091194153, 4033
33.07051467895508, 4032
33.08076882362366, 4031
33.131969690322876, 4030
33.24467086791992, 4029
33.347576379776, 4028
33.74716758728027, 4027
33.80860996246338, 4026
33.87039351463318, 4025
33.99365711212158, 4024
34.07567644119263, 4023
34.21898674964905, 4022
34.21898674964905, 4021
34.393564224243164, 4020
34.393564224243164, 4019
34.54734420776367, 4018
34.55543398857117, 4017
34.69959235191345, 4016
34.78084373474121, 4015
35.04873490333557, 4014
35.22217130661011, 4013
35.22438359260559, 4012
35.32671356201172, 4011
35.38847279548645, 4010
35.40691351890564, 4009
35.65545105934143, 4008
35.66355895996094, 4007
35.665658950805664, 4006
35.748077630996704, 4005
35.76952362060547, 4004
35.78992486000061, 4003
36.128766775131226, 4002
36.656190395355225, 4001
37.22227597236633, 4000
37.921550273895264, 3999
38.38756036758423, 3998
38.82765603065491, 3997
38.88952851295471, 3996
38.95362877845764, 3995
38.9547004699707, 3994
39.227604389190674, 3993
39.23774600028992, 3992
39.43058657646179, 3991
40.07885456085205, 3990
40.17058277130127, 3989
40.39434242248535, 3988
40.50706171989441, 3987
40.691410064697266, 3986
40.752923250198364, 3985
40.77345061302185, 3984
41.15848922729492, 3983
41.42402124404907, 3982
41.80636811256409, 3981
42.143296003341675, 3980
42.21576905250549, 3979
42.3771710395813, 3978
42.7444224357605, 3977
42.95974111557007, 3976
43.52397871017456, 3975
43.56492638587952, 3974
43.8848819732666, 3973
44.58487915992737, 3972
44.62641191482544, 3971
45.33710074424744, 3970
45.44019174575806, 3969
45.62693953514099, 3968
45.68697953224182, 3967
45.72805833816528, 3966
45.76930594444275, 3965
45.93508243560791, 3964
46.11565923690796, 3963
46.54527926445007, 3962
46.64739537239075, 3961
46.74768686294556, 3960
47.09882378578186, 3959
47.35322952270508, 3958
47.50743508338928, 3957
47.83596873283386, 3956
48.03318643569946, 3955
48.4944953918457, 3954
49.50689697265625, 3953
51.07737374305725, 3952
51.832109451293945, 3951
52.0618634223938, 3950
52.46599745750427, 3949
53.14262819290161, 3948
53.64499521255493, 3947
54.27095818519592, 3946
55.99443435668945, 3945
56.01714849472046, 3944
56.16057324409485, 3943
56.234572649002075, 3942
67.9671311378479, 3941
71.17811322212219, 3940
72.29720330238342, 3939
74.52609705924988, 3938
76.16912364959717, 3937
78.07540154457092, 3936
84.25575351715088, 3935
88.00105714797974, 3934
92.51593375205994, 3933
101.3419680595398, 3932
107.76621747016907, 3931
110.91353058815002, 3930
112.98370027542114, 3929
