0.06902718544006348, 7610
0.06902718544006348, 7609
0.06902718544006348, 7608
0.06902718544006348, 7607
0.06902718544006348, 7606
0.06902718544006348, 7605
0.06902718544006348, 7604
0.06902718544006348, 7603
0.06902718544006348, 7602
0.06902718544006348, 7601
0.06902718544006348, 7600
0.08465027809143066, 7599
0.08465027809143066, 7598
0.08465027809143066, 7597
0.08465027809143066, 7596
0.08465027809143066, 7595
0.08465027809143066, 7594
0.08465027809143066, 7593
0.08465027809143066, 7592
0.08465027809143066, 7591
0.08465027809143066, 7590
0.08465027809143066, 7589
0.08465027809143066, 7588
0.08465027809143066, 7587
0.08465027809143066, 7586
0.08465027809143066, 7585
0.10027551651000977, 7584
0.10027551651000977, 7583
0.10027551651000977, 7582
0.10027551651000977, 7581
0.10027551651000977, 7580
0.10027551651000977, 7579
0.10027551651000977, 7578
0.10027551651000977, 7577
0.10027551651000977, 7576
0.10027551651000977, 7575
0.10027551651000977, 7574
0.10027551651000977, 7573
0.11590242385864258, 7572
0.11590242385864258, 7571
0.11590242385864258, 7570
0.11590242385864258, 7569
0.11590242385864258, 7568
0.11590242385864258, 7567
0.11590242385864258, 7566
0.11590242385864258, 7565
0.11590242385864258, 7564
0.11590242385864258, 7563
0.11590242385864258, 7562
0.11590242385864258, 7561
0.11590242385864258, 7560
0.11590242385864258, 7559
0.11590242385864258, 7558
0.13156843185424805, 7557
0.13156843185424805, 7556
0.13156843185424805, 7555
0.13156843185424805, 7554
0.13156843185424805, 7553
0.13156843185424805, 7552
0.13156843185424805, 7551
0.13156843185424805, 7550
0.13156843185424805, 7549
0.13156843185424805, 7548
0.13156843185424805, 7547
0.13156843185424805, 7546
0.13156843185424805, 7545
0.13156843185424805, 7544
0.13156843185424805, 7543
0.13156843185424805, 7542
0.13156843185424805, 7541
0.13156843185424805, 7540
0.14718914031982422, 7539
0.14718914031982422, 7538
0.14718914031982422, 7537
0.14718914031982422, 7536
0.14718914031982422, 7535
0.14718914031982422, 7534
0.14718914031982422, 7533
0.15373706817626953, 7532
0.15373706817626953, 7531
0.15373706817626953, 7530
0.15373706817626953, 7529
0.15373706817626953, 7528
0.15373706817626953, 7527
0.15373706817626953, 7526
0.15373706817626953, 7525
0.15373706817626953, 7524
0.15373706817626953, 7523
0.15373706817626953, 7522
0.15373706817626953, 7521
0.15373706817626953, 7520
0.15373706817626953, 7519
0.15373706817626953, 7518
0.15373706817626953, 7517
0.15373706817626953, 7516
0.16940975189208984, 7515
0.16940975189208984, 7514
0.16940975189208984, 7513
0.16940975189208984, 7512
0.16940975189208984, 7511
0.16940975189208984, 7510
0.16940975189208984, 7509
0.16940975189208984, 7508
0.16940975189208984, 7507
0.16940975189208984, 7506
0.16940975189208984, 7505
0.16940975189208984, 7504
0.16940975189208984, 7503
0.16940975189208984, 7502
0.16940975189208984, 7501
0.16940975189208984, 7500
0.18503880500793457, 7499
0.18503880500793457, 7498
0.18503880500793457, 7497
0.18503880500793457, 7496
0.18503880500793457, 7495
0.18503880500793457, 7494
0.18503880500793457, 7493
0.18503880500793457, 7492
0.18503880500793457, 7491
0.18503880500793457, 7490
0.18503880500793457, 7489
0.18503880500793457, 7488
0.18503880500793457, 7487
0.20066261291503906, 7486
0.20066261291503906, 7485
0.20066261291503906, 7484
0.20066261291503906, 7483
0.20066261291503906, 7482
0.20066261291503906, 7481
0.20066261291503906, 7480
0.20066261291503906, 7479
0.20066261291503906, 7478
0.20066261291503906, 7477
0.20066261291503906, 7476
0.20066261291503906, 7475
0.20066261291503906, 7474
0.20066261291503906, 7473
0.20066261291503906, 7472
0.20066261291503906, 7471
0.20066261291503906, 7470
0.20066261291503906, 7469
0.2162466049194336, 7468
0.2162466049194336, 7467
0.2162466049194336, 7466
0.2162466049194336, 7465
0.2162466049194336, 7464
0.2162466049194336, 7463
0.2162466049194336, 7462
0.2162466049194336, 7461
0.2162466049194336, 7460
0.2162466049194336, 7459
0.2162466049194336, 7458
0.2162466049194336, 7457
0.2162466049194336, 7456
0.2162466049194336, 7455
0.2162466049194336, 7454
0.2162466049194336, 7453
0.2162466049194336, 7452
0.23191070556640625, 7451
0.23191070556640625, 7450
0.23191070556640625, 7449
0.23191070556640625, 7448
0.23191070556640625, 7447
0.23191070556640625, 7446
0.23191070556640625, 7445
0.23191070556640625, 7444
0.23191070556640625, 7443
0.23191070556640625, 7442
0.23191070556640625, 7441
0.23191070556640625, 7440
0.23191070556640625, 7439
0.23191070556640625, 7438
0.23191070556640625, 7437
0.23191070556640625, 7436
0.23191070556640625, 7435
0.24753260612487793, 7434
0.24753260612487793, 7433
0.24753260612487793, 7432
0.24753260612487793, 7431
0.24753260612487793, 7430
0.24753260612487793, 7429
0.25409412384033203, 7428
0.25409412384033203, 7427
0.2561473846435547, 7426
0.2561473846435547, 7425
0.2561473846435547, 7424
0.2561473846435547, 7423
0.2561473846435547, 7422
0.2561473846435547, 7421
0.2561473846435547, 7420
0.2561473846435547, 7419
0.2642180919647217, 7418
0.2642180919647217, 7417
0.26627492904663086, 7416
0.26627492904663086, 7415
0.26627492904663086, 7414
0.26627492904663086, 7413
0.26627492904663086, 7412
0.26627492904663086, 7411
0.26627492904663086, 7410
0.26627492904663086, 7409
0.27433300018310547, 7408
0.27433300018310547, 7407
0.2763838768005371, 7406
0.2763838768005371, 7405
0.2763838768005371, 7404
0.2763838768005371, 7403
0.2763838768005371, 7402
0.2763838768005371, 7401
0.2763838768005371, 7400
0.28448033332824707, 7399
0.28448033332824707, 7398
0.28653526306152344, 7397
0.28653526306152344, 7396
0.28653526306152344, 7395
0.28653526306152344, 7394
0.28653526306152344, 7393
0.28653526306152344, 7392
0.28653526306152344, 7391
0.28653526306152344, 7390
0.28653526306152344, 7389
0.28653526306152344, 7388
0.2945997714996338, 7387
0.2945997714996338, 7386
0.29665207862854004, 7385
0.29665207862854004, 7384
0.29665207862854004, 7383
0.29665207862854004, 7382
0.29665207862854004, 7381
0.29665207862854004, 7380
0.29665207862854004, 7379
0.30476856231689453, 7378
0.30476856231689453, 7377
0.3068246841430664, 7376
0.3068246841430664, 7375
0.3068246841430664, 7374
0.3068246841430664, 7373
0.3068246841430664, 7372
0.3068246841430664, 7371
0.3068246841430664, 7370
0.3148820400238037, 7369
0.3148820400238037, 7368
0.3169381618499756, 7367
0.3169381618499756, 7366
0.3169381618499756, 7365
0.3169381618499756, 7364
0.3169381618499756, 7363
0.3169381618499756, 7362
0.3169381618499756, 7361
0.3249783515930176, 7360
0.3249783515930176, 7359
0.3270528316497803, 7358
0.3270528316497803, 7357
0.3270528316497803, 7356
0.3270528316497803, 7355
0.3270528316497803, 7354
0.3270528316497803, 7353
0.3270528316497803, 7352
0.3270528316497803, 7351
0.3270528316497803, 7350
0.335111141204834, 7349
0.335111141204834, 7348
0.335111141204834, 7347
0.33716702461242676, 7346
0.33716702461242676, 7345
0.33716702461242676, 7344
0.33716702461242676, 7343
0.33716702461242676, 7342
0.33716702461242676, 7341
0.33716702461242676, 7340
0.3452444076538086, 7339
0.3452444076538086, 7338
0.3452444076538086, 7337
0.34729766845703125, 7336
0.34729766845703125, 7335
0.34729766845703125, 7334
0.34729766845703125, 7333
0.34729766845703125, 7332
0.34729766845703125, 7331
0.34729766845703125, 7330
0.34729766845703125, 7329
0.34729766845703125, 7328
0.34729766845703125, 7327
0.3553636074066162, 7326
0.3553636074066162, 7325
0.3574202060699463, 7324
0.3574202060699463, 7323
0.3574202060699463, 7322
0.3574202060699463, 7321
0.3574202060699463, 7320
0.3574202060699463, 7319
0.3574202060699463, 7318
0.3574202060699463, 7317
0.3574202060699463, 7316
0.3654918670654297, 7315
0.3654918670654297, 7314
0.3654918670654297, 7313
0.36754751205444336, 7312
0.36754751205444336, 7311
0.36754751205444336, 7310
0.36754751205444336, 7309
0.36754751205444336, 7308
0.36754751205444336, 7307
0.37560129165649414, 7306
0.37560129165649414, 7305
0.3776557445526123, 7304
0.3776557445526123, 7303
0.3776557445526123, 7302
0.3776557445526123, 7301
0.3776557445526123, 7300
0.3776557445526123, 7299
0.3776557445526123, 7298
0.3857614994049072, 7297
0.3857614994049072, 7296
0.3878200054168701, 7295
0.3878200054168701, 7294
0.3878200054168701, 7293
0.3878200054168701, 7292
0.3878200054168701, 7291
0.3878200054168701, 7290
0.3878200054168701, 7289
0.3958742618560791, 7288
0.3958742618560791, 7287
0.39792752265930176, 7286
0.39792752265930176, 7285
0.39792752265930176, 7284
0.39792752265930176, 7283
0.39792752265930176, 7282
0.39792752265930176, 7281
0.39792752265930176, 7280
0.40805673599243164, 7279
0.40805673599243164, 7278
0.40805673599243164, 7277
0.40805673599243164, 7276
0.40805673599243164, 7275
0.40805673599243164, 7274
0.40805673599243164, 7273
0.40805673599243164, 7272
0.40805673599243164, 7271
0.41611194610595703, 7270
0.41611194610595703, 7269
0.41817283630371094, 7268
0.41817283630371094, 7267
0.41817283630371094, 7266
0.41817283630371094, 7265
0.41817283630371094, 7264
0.41817283630371094, 7263
0.41817283630371094, 7262
0.42626476287841797, 7261
0.4287600517272949, 7260
0.4287600517272949, 7259
0.4287600517272949, 7258
0.4287600517272949, 7257
0.4287600517272949, 7256
0.4287600517272949, 7255
0.4368245601654053, 7254
0.4388864040374756, 7253
0.4388864040374756, 7252
0.446943998336792, 7251
0.446943998336792, 7250
0.4490010738372803, 7249
0.4490010738372803, 7248
0.4490010738372803, 7247
0.4490010738372803, 7246
0.4490010738372803, 7245
0.4570577144622803, 7244
0.4570577144622803, 7243
0.45911121368408203, 7242
0.45911121368408203, 7241
0.45911121368408203, 7240
0.45911121368408203, 7239
0.45911121368408203, 7238
0.45911121368408203, 7237
0.45911121368408203, 7236
0.4671926498413086, 7235
0.46925830841064453, 7234
0.46925830841064453, 7233
0.46925830841064453, 7232
0.46925830841064453, 7231
0.46925830841064453, 7230
0.46925830841064453, 7229
0.46925830841064453, 7228
0.46925830841064453, 7227
0.4773120880126953, 7226
0.4773120880126953, 7225
0.4793674945831299, 7224
0.4793674945831299, 7223
0.4793674945831299, 7222
0.4793674945831299, 7221
0.4793674945831299, 7220
0.4793674945831299, 7219
0.48746824264526367, 7218
0.48952627182006836, 7217
0.48952627182006836, 7216
0.48952627182006836, 7215
0.48952627182006836, 7214
0.48952627182006836, 7213
0.49758243560791016, 7212
0.49758243560791016, 7211
0.49758243560791016, 7210
0.49961042404174805, 7209
0.49961042404174805, 7208
0.5076992511749268, 7207
0.5097172260284424, 7206
0.5097172260284424, 7205
0.5097172260284424, 7204
0.5097172260284424, 7203
0.5097172260284424, 7202
0.5097172260284424, 7201
0.5097172260284424, 7200
0.5097172260284424, 7199
0.5177717208862305, 7198
0.5198252201080322, 7197
0.5198252201080322, 7196
0.5198252201080322, 7195
0.5198252201080322, 7194
0.5198252201080322, 7193
0.5198252201080322, 7192
0.5198252201080322, 7191
0.5198252201080322, 7190
0.5198252201080322, 7189
0.5279066562652588, 7188
0.5279066562652588, 7187
0.5299801826477051, 7186
0.5299801826477051, 7185
0.5299801826477051, 7184
0.5299801826477051, 7183
0.5299801826477051, 7182
0.5299801826477051, 7181
0.5299801826477051, 7180
0.5299801826477051, 7179
0.5299801826477051, 7178
0.5380353927612305, 7177
0.5380353927612305, 7176
0.540095329284668, 7175
0.540095329284668, 7174
0.540095329284668, 7173
0.540095329284668, 7172
0.540095329284668, 7171
0.540095329284668, 7170
0.5534007549285889, 7169
0.554429292678833, 7168
0.5555112361907959, 7167
0.557581901550293, 7166
0.557581901550293, 7165
0.5591058731079102, 7164
0.5601601600646973, 7163
0.5612127780914307, 7162
0.5622637271881104, 7161
0.5632743835449219, 7160
0.5632743835449219, 7159
0.5632743835449219, 7158
0.5632743835449219, 7157
0.5693168640136719, 7156
0.5693168640136719, 7155
0.5713438987731934, 7154
0.5713438987731934, 7153
0.5713438987731934, 7152
0.5713438987731934, 7151
0.5713438987731934, 7150
0.5713438987731934, 7149
0.5713438987731934, 7148
0.5713438987731934, 7147
0.5818798542022705, 7146
0.5818798542022705, 7145
0.5818798542022705, 7144
0.5818798542022705, 7143
0.5818798542022705, 7142
0.5818798542022705, 7141
0.5818798542022705, 7140
0.5818798542022705, 7139
0.5919833183288574, 7138
0.6023085117340088, 7137
0.6023085117340088, 7136
0.6023085117340088, 7135
0.6023085117340088, 7134
0.6023085117340088, 7133
0.6023085117340088, 7132
0.6023085117340088, 7131
0.6103882789611816, 7130
0.6103882789611816, 7129
0.6103882789611816, 7128
0.612450361251831, 7127
0.612450361251831, 7126
0.612450361251831, 7125
0.612450361251831, 7124
0.612450361251831, 7123
0.612450361251831, 7122
0.612450361251831, 7121
0.612450361251831, 7120
0.612450361251831, 7119
0.6205005645751953, 7118
0.6225721836090088, 7117
0.6225721836090088, 7116
0.6225721836090088, 7115
0.6225721836090088, 7114
0.6225721836090088, 7113
0.6225721836090088, 7112
0.6306383609771729, 7111
0.6306383609771729, 7110
0.6306383609771729, 7109
0.6327056884765625, 7108
0.6327056884765625, 7107
0.6327056884765625, 7106
0.6327056884765625, 7105
0.6327056884765625, 7104
0.6327056884765625, 7103
0.6327056884765625, 7102
0.6327056884765625, 7101
0.6407418251037598, 7100
0.6428070068359375, 7099
0.6529414653778076, 7098
0.6529414653778076, 7097
0.6529414653778076, 7096
0.6529414653778076, 7095
0.6529414653778076, 7094
0.66103196144104, 7093
0.6630983352661133, 7092
0.6630983352661133, 7091
0.6630983352661133, 7090
0.6630983352661133, 7089
0.6630983352661133, 7088
0.6630983352661133, 7087
0.6630983352661133, 7086
0.6630983352661133, 7085
0.6711075305938721, 7084
0.6711676120758057, 7083
0.6732335090637207, 7082
0.6732335090637207, 7081
0.6732335090637207, 7080
0.6732335090637207, 7079
0.6732335090637207, 7078
0.683387279510498, 7077
0.683387279510498, 7076
0.683387279510498, 7075
0.683387279510498, 7074
0.683387279510498, 7073
0.683387279510498, 7072
0.683387279510498, 7071
0.683387279510498, 7070
0.6914546489715576, 7069
0.6914546489715576, 7068
0.6914546489715576, 7067
0.6935203075408936, 7066
0.6935203075408936, 7065
0.6935203075408936, 7064
0.6935203075408936, 7063
0.7016012668609619, 7062
0.703669548034668, 7061
0.703669548034668, 7060
0.703669548034668, 7059
0.703669548034668, 7058
0.703669548034668, 7057
0.703669548034668, 7056
0.703669548034668, 7055
0.7117362022399902, 7054
0.7138040065765381, 7053
0.7138040065765381, 7052
0.7138040065765381, 7051
0.7138040065765381, 7050
0.7218384742736816, 7049
0.7218384742736816, 7048
0.7239060401916504, 7047
0.7239060401916504, 7046
0.7239060401916504, 7045
0.7239060401916504, 7044
0.7239060401916504, 7043
0.7319719791412354, 7042
0.7340404987335205, 7041
0.7340404987335205, 7040
0.7340404987335205, 7039
0.7340404987335205, 7038
0.7340404987335205, 7037
0.7340404987335205, 7036
0.7340404987335205, 7035
0.7340404987335205, 7034
0.7420778274536133, 7033
0.7420778274536133, 7032
0.7441434860229492, 7031
0.7441434860229492, 7030
0.7441434860229492, 7029
0.7441434860229492, 7028
0.7441434860229492, 7027
0.7441434860229492, 7026
0.7441434860229492, 7025
0.7441434860229492, 7024
0.7522222995758057, 7023
0.7542877197265625, 7022
0.7542877197265625, 7021
0.7542877197265625, 7020
0.7542877197265625, 7019
0.7542877197265625, 7018
0.7542877197265625, 7017
0.7542877197265625, 7016
0.7623183727264404, 7015
0.764385461807251, 7014
0.764385461807251, 7013
0.764385461807251, 7012
0.772456169128418, 7011
0.772456169128418, 7010
0.774519681930542, 7009
0.774519681930542, 7008
0.774519681930542, 7007
0.774519681930542, 7006
0.774519681930542, 7005
0.774519681930542, 7004
0.774519681930542, 7003
0.774519681930542, 7002
0.7825453281402588, 7001
0.7825453281402588, 7000
0.7825453281402588, 6999
0.7846126556396484, 6998
0.7846126556396484, 6997
0.7846126556396484, 6996
0.7846126556396484, 6995
0.7846126556396484, 6994
0.7846126556396484, 6993
0.7846126556396484, 6992
0.7846126556396484, 6991
0.7846126556396484, 6990
0.7846126556396484, 6989
0.7926790714263916, 6988
0.7947437763214111, 6987
0.7947437763214111, 6986
0.7947437763214111, 6985
0.7947437763214111, 6984
0.7947437763214111, 6983
0.7947437763214111, 6982
0.8028242588043213, 6981
0.8048925399780273, 6980
0.8048925399780273, 6979
0.8048925399780273, 6978
0.8048925399780273, 6977
0.8048925399780273, 6976
0.8048925399780273, 6975
0.8048925399780273, 6974
0.8129613399505615, 6973
0.8129613399505615, 6972
0.8150265216827393, 6971
0.8150265216827393, 6970
0.8150265216827393, 6969
0.8150265216827393, 6968
0.8150265216827393, 6967
0.8150265216827393, 6966
0.8150265216827393, 6965
0.8150265216827393, 6964
0.8230624198913574, 6963
0.8251283168792725, 6962
0.8251283168792725, 6961
0.8251283168792725, 6960
0.8251283168792725, 6959
0.8251283168792725, 6958
0.8331985473632812, 6957
0.8352646827697754, 6956
0.8352646827697754, 6955
0.8352646827697754, 6954
0.8352646827697754, 6953
0.8352646827697754, 6952
0.8352646827697754, 6951
0.8352646827697754, 6950
0.8433570861816406, 6949
0.8433570861816406, 6948
0.8454244136810303, 6947
0.8454244136810303, 6946
0.8454244136810303, 6945
0.8454244136810303, 6944
0.8454244136810303, 6943
0.8555574417114258, 6942
0.8555574417114258, 6941
0.8555574417114258, 6940
0.8555574417114258, 6939
0.8555574417114258, 6938
0.8636353015899658, 6937
0.8657100200653076, 6936
0.8657100200653076, 6935
0.8657100200653076, 6934
0.8657100200653076, 6933
0.8737905025482178, 6932
0.8758640289306641, 6931
0.8758640289306641, 6930
0.8758640289306641, 6929
0.8758640289306641, 6928
0.8838729858398438, 6927
0.8839075565338135, 6926
0.8839075565338135, 6925
0.8859841823577881, 6924
0.8859841823577881, 6923
0.8859841823577881, 6922
0.8859841823577881, 6921
0.8859841823577881, 6920
0.8859841823577881, 6919
0.8940610885620117, 6918
0.8961400985717773, 6917
0.8961400985717773, 6916
0.8961400985717773, 6915
0.8961400985717773, 6914
0.8961400985717773, 6913
0.9042303562164307, 6912
0.9042303562164307, 6911
0.9063007831573486, 6910
0.9063007831573486, 6909
0.9063007831573486, 6908
0.9063007831573486, 6907
0.9143674373626709, 6906
0.9143674373626709, 6905
0.9143674373626709, 6904
0.9164338111877441, 6903
0.9164338111877441, 6902
0.9164338111877441, 6901
0.9164338111877441, 6900
0.9164338111877441, 6899
0.9164338111877441, 6898
0.9244790077209473, 6897
0.9244790077209473, 6896
0.9265427589416504, 6895
0.9265427589416504, 6894
0.9265427589416504, 6893
0.9265427589416504, 6892
0.9265427589416504, 6891
0.9265427589416504, 6890
0.9265427589416504, 6889
0.9346115589141846, 6888
0.9346115589141846, 6887
0.9346115589141846, 6886
0.9366767406463623, 6885
0.9366767406463623, 6884
0.9366767406463623, 6883
0.9366767406463623, 6882
0.9366767406463623, 6881
0.9366767406463623, 6880
0.9366767406463623, 6879
0.9447610378265381, 6878
0.9447610378265381, 6877
0.9468269348144531, 6876
0.9468269348144531, 6875
0.9468269348144531, 6874
0.9468269348144531, 6873
0.9468269348144531, 6872
0.9468269348144531, 6871
0.9468269348144531, 6870
0.9548952579498291, 6869
0.9548952579498291, 6868
0.9548952579498291, 6867
0.9569642543792725, 6866
0.9569642543792725, 6865
0.9649910926818848, 6864
0.9670605659484863, 6863
0.9670605659484863, 6862
0.9670605659484863, 6861
0.9670605659484863, 6860
0.9670605659484863, 6859
0.9670605659484863, 6858
0.9751424789428711, 6857
0.9772224426269531, 6856
0.9772224426269531, 6855
0.9772224426269531, 6854
0.9772224426269531, 6853
0.9772224426269531, 6852
0.9772224426269531, 6851
0.9772224426269531, 6850
0.9772224426269531, 6849
0.9874029159545898, 6848
0.9874029159545898, 6847
0.9874029159545898, 6846
0.9874029159545898, 6845
0.9874029159545898, 6844
0.9954385757446289, 6843
0.9954385757446289, 6842
0.9975152015686035, 6841
0.9975152015686035, 6840
0.9975152015686035, 6839
0.9975152015686035, 6838
0.9975152015686035, 6837
1.0055701732635498, 6836
1.0076391696929932, 6835
1.0076391696929932, 6834
1.0076391696929932, 6833
1.0076391696929932, 6832
1.0076391696929932, 6831
1.0076391696929932, 6830
1.0076391696929932, 6829
1.0157067775726318, 6828
1.0177960395812988, 6827
1.0177960395812988, 6826
1.0177960395812988, 6825
1.0258424282073975, 6824
1.0258424282073975, 6823
1.027906894683838, 6822
1.027906894683838, 6821
1.027906894683838, 6820
1.027906894683838, 6819
1.0359783172607422, 6818
1.0380451679229736, 6817
1.0380451679229736, 6816
1.0380451679229736, 6815
1.0380451679229736, 6814
1.0380451679229736, 6813
1.0380451679229736, 6812
1.0380451679229736, 6811
1.0380451679229736, 6810
1.04819655418396, 6809
1.04819655418396, 6808
1.04819655418396, 6807
1.04819655418396, 6806
1.0562663078308105, 6805
1.0562663078308105, 6804
1.0582749843597412, 6803
1.0583341121673584, 6802
1.0583341121673584, 6801
1.0583341121673584, 6800
1.0663673877716064, 6799
1.0663673877716064, 6798
1.0684351921081543, 6797
1.0684351921081543, 6796
1.0684351921081543, 6795
1.0684351921081543, 6794
1.0684351921081543, 6793
1.0765109062194824, 6792
1.0765109062194824, 6791
1.0785768032073975, 6790
1.0785768032073975, 6789
1.0785768032073975, 6788
1.0785768032073975, 6787
1.0866169929504395, 6786
1.0886969566345215, 6785
1.0886969566345215, 6784
1.0886969566345215, 6783
1.0886969566345215, 6782
1.0967726707458496, 6781
1.0967726707458496, 6780
1.0988399982452393, 6779
1.0988399982452393, 6778
1.0988399982452393, 6777
1.0988399982452393, 6776
1.0988399982452393, 6775
1.1069319248199463, 6774
1.1069319248199463, 6773
1.1090009212493896, 6772
1.1090009212493896, 6771
1.1090009212493896, 6770
1.1090009212493896, 6769
1.117069959640503, 6768
1.1191380023956299, 6767
1.1191380023956299, 6766
1.1191380023956299, 6765
1.1191380023956299, 6764
1.1191380023956299, 6763
1.1272284984588623, 6762
1.1293082237243652, 6761
1.1293082237243652, 6760
1.1293082237243652, 6759
1.1293082237243652, 6758
1.1293082237243652, 6757
1.1293082237243652, 6756
1.1293082237243652, 6755
1.1374099254608154, 6754
1.1374099254608154, 6753
1.139474630355835, 6752
1.139474630355835, 6751
1.139474630355835, 6750
1.139474630355835, 6749
1.139474630355835, 6748
1.1474862098693848, 6747
1.1495885848999023, 6746
1.1495885848999023, 6745
1.1495885848999023, 6744
1.1495885848999023, 6743
1.1495885848999023, 6742
1.1576533317565918, 6741
1.1597249507904053, 6740
1.1597249507904053, 6739
1.1597249507904053, 6738
1.1597249507904053, 6737
1.1597249507904053, 6736
1.1597249507904053, 6735
1.1700794696807861, 6734
1.1700794696807861, 6733
1.1700794696807861, 6732
1.1781518459320068, 6731
1.1781518459320068, 6730
1.1802139282226562, 6729
1.1802139282226562, 6728
1.1907565593719482, 6727
1.1907565593719482, 6726
1.1907565593719482, 6725
1.1907565593719482, 6724
1.1907565593719482, 6723
1.1907565593719482, 6722
1.1988248825073242, 6721
1.1988248825073242, 6720
1.200894832611084, 6719
1.200894832611084, 6718
1.200894832611084, 6717
1.200894832611084, 6716
1.2089576721191406, 6715
1.2110249996185303, 6714
1.2110249996185303, 6713
1.2110249996185303, 6712
1.2110249996185303, 6711
1.2110249996185303, 6710
1.2110249996185303, 6709
1.2190947532653809, 6708
1.2211742401123047, 6707
1.2211742401123047, 6706
1.2211742401123047, 6705
1.2211742401123047, 6704
1.2211742401123047, 6703
1.2211742401123047, 6702
1.2292051315307617, 6701
1.2292051315307617, 6700
1.2312736511230469, 6699
1.2312736511230469, 6698
1.2312736511230469, 6697
1.2312736511230469, 6696
1.2312736511230469, 6695
1.2393419742584229, 6694
1.2414095401763916, 6693
1.2414095401763916, 6692
1.2414095401763916, 6691
1.2494487762451172, 6690
1.2494487762451172, 6689
1.2515170574188232, 6688
1.2515170574188232, 6687
1.2515170574188232, 6686
1.2515170574188232, 6685
1.2595839500427246, 6684
1.2595839500427246, 6683
1.2616560459136963, 6682
1.2616560459136963, 6681
1.2616560459136963, 6680
1.2616560459136963, 6679
1.269744873046875, 6678
1.269744873046875, 6677
1.2718119621276855, 6676
1.2718119621276855, 6675
1.2718119621276855, 6674
1.279879093170166, 6673
1.2819452285766602, 6672
1.2819452285766602, 6671
1.2819452285766602, 6670
1.2899785041809082, 6669
1.2899785041809082, 6668
1.2920594215393066, 6667
1.2920594215393066, 6666
1.2920594215393066, 6665
1.300133228302002, 6664
1.300133228302002, 6663
1.3021986484527588, 6662
1.3021986484527588, 6661
1.3021986484527588, 6660
1.3021986484527588, 6659
1.3021986484527588, 6658
1.3021986484527588, 6657
1.3021986484527588, 6656
1.3021986484527588, 6655
1.3102903366088867, 6654
1.3123586177825928, 6653
1.3224945068359375, 6652
1.330585241317749, 6651
1.330585241317749, 6650
1.330585241317749, 6649
1.332608699798584, 6648
1.332608699798584, 6647
1.332608699798584, 6646
1.332608699798584, 6645
1.332608699798584, 6644
1.332608699798584, 6643
1.3406791687011719, 6642
1.3427457809448242, 6641
1.3427457809448242, 6640
1.3427457809448242, 6639
1.3508379459381104, 6638
1.3508379459381104, 6637
1.3529040813446045, 6636
1.3529040813446045, 6635
1.3529040813446045, 6634
1.3529040813446045, 6633
1.3529040813446045, 6632
1.3529040813446045, 6631
1.3529040813446045, 6630
1.3529040813446045, 6629
1.3609731197357178, 6628
1.3609731197357178, 6627
1.3609731197357178, 6626
1.3630385398864746, 6625
1.3630385398864746, 6624
1.3711111545562744, 6623
1.3711111545562744, 6622
1.3731765747070312, 6621
1.3731765747070312, 6620
1.3731765747070312, 6619
1.3731765747070312, 6618
1.3812401294708252, 6617
1.3812401294708252, 6616
1.3812401294708252, 6615
1.3833060264587402, 6614
1.3833060264587402, 6613
1.3833060264587402, 6612
1.3833060264587402, 6611
1.3833060264587402, 6610
1.3833060264587402, 6609
1.3934388160705566, 6608
1.3934388160705566, 6607
1.3934388160705566, 6606
1.3934388160705566, 6605
1.3934388160705566, 6604
1.4015092849731445, 6603
1.4035756587982178, 6602
1.4035756587982178, 6601
1.411665439605713, 6600
1.411665439605713, 6599
1.4137442111968994, 6598
1.4137442111968994, 6597
1.4137442111968994, 6596
1.4137442111968994, 6595
1.4137442111968994, 6594
1.4137442111968994, 6593
1.4218173027038574, 6592
1.4218173027038574, 6591
1.4238824844360352, 6590
1.4238824844360352, 6589
1.4319427013397217, 6588
1.4340128898620605, 6587
1.4340128898620605, 6586
1.4340128898620605, 6585
1.4420819282531738, 6584
1.4441578388214111, 6583
1.4441578388214111, 6582
1.4441578388214111, 6581
1.4441578388214111, 6580
1.4441578388214111, 6579
1.4542551040649414, 6578
1.4542551040649414, 6577
1.4542551040649414, 6576
1.4542551040649414, 6575
1.4542551040649414, 6574
1.4623215198516846, 6573
1.4623215198516846, 6572
1.4643874168395996, 6571
1.4643874168395996, 6570
1.4643874168395996, 6569
1.4643874168395996, 6568
1.4643874168395996, 6567
1.4643874168395996, 6566
1.4643874168395996, 6565
1.4724740982055664, 6564
1.4724740982055664, 6563
1.4724740982055664, 6562
1.4724740982055664, 6561
1.4745407104492188, 6560
1.4745407104492188, 6559
1.4745407104492188, 6558
1.4745407104492188, 6557
1.4826040267944336, 6556
1.4826040267944336, 6555
1.4846758842468262, 6554
1.4846758842468262, 6553
1.4846758842468262, 6552
1.4927151203155518, 6551
1.494804859161377, 6550
1.494804859161377, 6549
1.494804859161377, 6548
1.5049500465393066, 6547
1.5049500465393066, 6546
1.5130243301391602, 6545
1.5150997638702393, 6544
1.5150997638702393, 6543
1.5150997638702393, 6542
1.5150997638702393, 6541
1.5150997638702393, 6540
1.5150997638702393, 6539
1.5150997638702393, 6538
1.5231773853302002, 6537
1.5252408981323242, 6536
1.5252408981323242, 6535
1.5252408981323242, 6534
1.5252408981323242, 6533
1.5252408981323242, 6532
1.5353517532348633, 6531
1.5353517532348633, 6530
1.5353517532348633, 6529
1.5353517532348633, 6528
1.5353517532348633, 6527
1.5353517532348633, 6526
1.5434157848358154, 6525
1.5454819202423096, 6524
1.5454819202423096, 6523
1.5454819202423096, 6522
1.5454819202423096, 6521
1.5454819202423096, 6520
1.5454819202423096, 6519
1.5535669326782227, 6518
1.5535669326782227, 6517
1.5556344985961914, 6516
1.5556344985961914, 6515
1.5556344985961914, 6514
1.5556344985961914, 6513
1.5657739639282227, 6512
1.5657739639282227, 6511
1.5738427639007568, 6510
1.5759124755859375, 6509
1.5759124755859375, 6508
1.5759124755859375, 6507
1.5839829444885254, 6506
1.5860564708709717, 6505
1.5860564708709717, 6504
1.5860564708709717, 6503
1.5860564708709717, 6502
1.5860564708709717, 6501
1.5962095260620117, 6500
1.5962095260620117, 6499
1.5962095260620117, 6498
1.5962095260620117, 6497
1.5962095260620117, 6496
1.5962095260620117, 6495
1.5962095260620117, 6494
1.604290246963501, 6493
1.606360912322998, 6492
1.606360912322998, 6491
1.606360912322998, 6490
1.6144485473632812, 6489
1.6144485473632812, 6488
1.616520643234253, 6487
1.6266696453094482, 6486
1.6266696453094482, 6485
1.6266696453094482, 6484
1.6266696453094482, 6483
1.6266696453094482, 6482
1.6266696453094482, 6481
1.6347172260284424, 6480
1.6367833614349365, 6479
1.6367833614349365, 6478
1.6367833614349365, 6477
1.6448509693145752, 6476
1.6469171047210693, 6475
1.6469171047210693, 6474
1.6469171047210693, 6473
1.6469171047210693, 6472
1.6469171047210693, 6471
1.6469171047210693, 6470
1.6469171047210693, 6469
1.6469171047210693, 6468
1.6549909114837646, 6467
1.6570677757263184, 6466
1.665135145187378, 6465
1.6672027111053467, 6464
1.6672027111053467, 6463
1.6672027111053467, 6462
1.6672027111053467, 6461
1.6752111911773682, 6460
1.6752922534942627, 6459
1.6773593425750732, 6458
1.6773593425750732, 6457
1.6773593425750732, 6456
1.6773593425750732, 6455
1.6773593425750732, 6454
1.6773593425750732, 6453
1.6773593425750732, 6452
1.6874961853027344, 6451
1.6874961853027344, 6450
1.6874961853027344, 6449
1.6874961853027344, 6448
1.6874961853027344, 6447
1.6978912353515625, 6446
1.6978912353515625, 6445
1.6978912353515625, 6444
1.70597243309021, 6443
1.7080347537994385, 6442
1.7080347537994385, 6441
1.7080347537994385, 6440
1.7080347537994385, 6439
1.7161095142364502, 6438
1.7161095142364502, 6437
1.7181901931762695, 6436
1.7181901931762695, 6435
1.7181901931762695, 6434
1.7181901931762695, 6433
1.7262585163116455, 6432
1.7262585163116455, 6431
1.7262585163116455, 6430
1.7283234596252441, 6429
1.7363665103912354, 6428
1.7384333610534668, 6427
1.7384333610534668, 6426
1.7384333610534668, 6425
1.7384333610534668, 6424
1.74649977684021, 6423
1.748568058013916, 6422
1.748568058013916, 6421
1.748568058013916, 6420
1.748568058013916, 6419
1.748568058013916, 6418
1.7587239742279053, 6417
1.7587239742279053, 6416
1.7587239742279053, 6415
1.7587239742279053, 6414
1.766796588897705, 6413
1.766796588897705, 6412
1.768864393234253, 6411
1.768864393234253, 6410
1.768864393234253, 6409
1.768864393234253, 6408
1.768864393234253, 6407
1.7769527435302734, 6406
1.7769527435302734, 6405
1.778998851776123, 6404
1.778998851776123, 6403
1.778998851776123, 6402
1.778998851776123, 6401
1.778998851776123, 6400
1.789144515991211, 6399
1.789144515991211, 6398
1.7996723651885986, 6397
1.7996723651885986, 6396
1.7996723651885986, 6395
1.7996723651885986, 6394
1.8098030090332031, 6393
1.8098030090332031, 6392
1.8098030090332031, 6391
1.8098030090332031, 6390
1.8098030090332031, 6389
1.8098030090332031, 6388
1.8098030090332031, 6387
1.8098030090332031, 6386
1.8178787231445312, 6385
1.8178787231445312, 6384
1.8198885917663574, 6383
1.8199493885040283, 6382
1.8199493885040283, 6381
1.8199493885040283, 6380
1.8199493885040283, 6379
1.8199493885040283, 6378
1.8199493885040283, 6377
1.8199493885040283, 6376
1.828019142150879, 6375
1.828019142150879, 6374
1.828019142150879, 6373
1.8300848007202148, 6372
1.8300848007202148, 6371
1.8300848007202148, 6370
1.8300848007202148, 6369
1.8300848007202148, 6368
1.8381190299987793, 6367
1.8401858806610107, 6366
1.8401858806610107, 6365
1.8401858806610107, 6364
1.8401858806610107, 6363
1.8482534885406494, 6362
1.8503227233886719, 6361
1.8503227233886719, 6360
1.8503227233886719, 6359
1.8503227233886719, 6358
1.8503227233886719, 6357
1.8604557514190674, 6356
1.8604557514190674, 6355
1.8604557514190674, 6354
1.8604557514190674, 6353
1.8685228824615479, 6352
1.8685228824615479, 6351
1.8685228824615479, 6350
1.8685228824615479, 6349
1.8685228824615479, 6348
1.8785314559936523, 6347
1.8785314559936523, 6346
1.8785314559936523, 6345
1.8785314559936523, 6344
1.8785314559936523, 6343
1.8785314559936523, 6342
1.8941733837127686, 6341
1.8941733837127686, 6340
1.8941733837127686, 6339
1.8941733837127686, 6338
1.8941733837127686, 6337
1.8941733837127686, 6336
1.8941733837127686, 6335
1.9097981452941895, 6334
1.9097981452941895, 6333
1.9097981452941895, 6332
1.9097981452941895, 6331
1.9097981452941895, 6330
1.9254612922668457, 6329
1.9254612922668457, 6328
1.9254612922668457, 6327
1.9254612922668457, 6326
1.9254612922668457, 6325
1.9254612922668457, 6324
1.9254612922668457, 6323
1.9410855770111084, 6322
1.9410855770111084, 6321
1.9410855770111084, 6320
1.9410855770111084, 6319
1.9410855770111084, 6318
1.9410855770111084, 6317
1.9410855770111084, 6316
1.9410855770111084, 6315
1.9410855770111084, 6314
1.9567108154296875, 6313
1.9567108154296875, 6312
1.9567108154296875, 6311
1.9567108154296875, 6310
1.9567108154296875, 6309
1.9567108154296875, 6308
1.9567108154296875, 6307
1.9567108154296875, 6306
1.9567108154296875, 6305
1.9567108154296875, 6304
1.9567108154296875, 6303
1.9567108154296875, 6302
1.9723358154296875, 6301
1.9723358154296875, 6300
1.9723358154296875, 6299
1.9723358154296875, 6298
1.9723358154296875, 6297
1.9788963794708252, 6296
1.980952501296997, 6295
1.980952501296997, 6294
1.980952501296997, 6293
1.980952501296997, 6292
1.980952501296997, 6291
1.980952501296997, 6290
1.989032506942749, 6289
1.989032506942749, 6288
1.989032506942749, 6287
1.989032506942749, 6286
1.989032506942749, 6285
1.989032506942749, 6284
1.9991378784179688, 6283
2.001178503036499, 6282
2.001178503036499, 6281
2.001178503036499, 6280
2.001178503036499, 6279
2.001178503036499, 6278
2.001178503036499, 6277
2.009221076965332, 6276
2.009221076965332, 6275
2.009221076965332, 6274
2.009221076965332, 6273
2.009221076965332, 6272
2.009221076965332, 6271
2.009221076965332, 6270
2.0193028450012207, 6269
2.021345376968384, 6268
2.021345376968384, 6267
2.021345376968384, 6266
2.029449939727783, 6265
2.029449939727783, 6264
2.029449939727783, 6263
2.0315256118774414, 6262
2.0315256118774414, 6261
2.0315256118774414, 6260
2.0315256118774414, 6259
2.0315256118774414, 6258
2.0418341159820557, 6257
2.0418341159820557, 6256
2.0418341159820557, 6255
2.049900770187378, 6254
2.052098035812378, 6253
2.052098035812378, 6252
2.052098035812378, 6251
2.0622310638427734, 6250
2.0622310638427734, 6249
2.0622310638427734, 6248
2.0723989009857178, 6247
2.0723989009857178, 6246
2.0723989009857178, 6245
2.0723989009857178, 6244
2.0723989009857178, 6243
2.0723989009857178, 6242
2.0825388431549072, 6241
2.0825388431549072, 6240
2.090630054473877, 6239
2.0926852226257324, 6238
2.0926852226257324, 6237
2.0926852226257324, 6236
2.0926852226257324, 6235
2.0926852226257324, 6234
2.0926852226257324, 6233
2.0926852226257324, 6232
2.1007401943206787, 6231
2.1007401943206787, 6230
2.1007401943206787, 6229
2.102820634841919, 6228
2.102820634841919, 6227
2.102820634841919, 6226
2.110891580581665, 6225
2.110891580581665, 6224
2.110891580581665, 6223
2.112949848175049, 6222
2.1230711936950684, 6221
2.1311726570129395, 6220
2.1311726570129395, 6219
2.1332449913024902, 6218
2.1332449913024902, 6217
2.1332449913024902, 6216
2.1332449913024902, 6215
2.1412954330444336, 6214
2.1412954330444336, 6213
2.1433568000793457, 6212
2.1433568000793457, 6211
2.1433568000793457, 6210
2.153510332107544, 6209
2.1615614891052246, 6208
2.1636171340942383, 6207
2.1636171340942383, 6206
2.1636171340942383, 6205
2.1716995239257812, 6204
2.1716995239257812, 6203
2.1737546920776367, 6202
2.1737546920776367, 6201
2.1737546920776367, 6200
2.181816816329956, 6199
2.181816816329956, 6198
2.181816816329956, 6197
2.18389630317688, 6196
2.18389630317688, 6195
2.18389630317688, 6194
2.18389630317688, 6193
2.18389630317688, 6192
2.192000150680542, 6191
2.192000150680542, 6190
2.1940839290618896, 6189
2.1940839290618896, 6188
2.1940839290618896, 6187
2.1940839290618896, 6186
2.1940839290618896, 6185
2.1940839290618896, 6184
2.1940839290618896, 6183
2.204270124435425, 6182
2.204270124435425, 6181
2.204270124435425, 6180
2.204270124435425, 6179
2.2143869400024414, 6178
2.222600221633911, 6177
2.2246270179748535, 6176
2.2246270179748535, 6175
2.2246270179748535, 6174
2.2246270179748535, 6173
2.23268985748291, 6172
2.23268985748291, 6171
2.23268985748291, 6170
2.23268985748291, 6169
2.23268985748291, 6168
2.244812250137329, 6167
2.244812250137329, 6166
2.253206253051758, 6165
2.2552855014801025, 6164
2.2552855014801025, 6163
2.2552855014801025, 6162
2.2552855014801025, 6161
2.2552855014801025, 6160
2.2552855014801025, 6159
2.2633414268493652, 6158
2.2633414268493652, 6157
2.2633414268493652, 6156
2.265390396118164, 6155
2.265390396118164, 6154
2.265390396118164, 6153
2.2734644412994385, 6152
2.2755126953125, 6151
2.2755126953125, 6150
2.2755126953125, 6149
2.2755126953125, 6148
2.2755126953125, 6147
2.2755126953125, 6146
2.2835798263549805, 6145
2.2856333255767822, 6144
2.2856333255767822, 6143
2.2856333255767822, 6142
2.2856333255767822, 6141
2.2957520484924316, 6140
2.2957520484924316, 6139
2.3038151264190674, 6138
2.3038151264190674, 6137
2.3058700561523438, 6136
2.3058700561523438, 6135
2.3058700561523438, 6134
2.3058700561523438, 6133
2.3058700561523438, 6132
2.3160462379455566, 6131
2.3160462379455566, 6130
2.3160462379455566, 6129
2.3160462379455566, 6128
2.3160462379455566, 6127
2.3160462379455566, 6126
2.324108600616455, 6125
2.324108600616455, 6124
2.324108600616455, 6123
2.324108600616455, 6122
2.324108600616455, 6121
2.336282730102539, 6120
2.336282730102539, 6119
2.336282730102539, 6118
2.3443377017974854, 6117
2.3443377017974854, 6116
2.3565165996551514, 6115
2.3565165996551514, 6114
2.3666441440582275, 6113
2.3666441440582275, 6112
2.3666441440582275, 6111
2.3747260570526123, 6110
2.3767824172973633, 6109
2.3767824172973633, 6108
2.3767824172973633, 6107
2.384836435317993, 6106
2.384836435317993, 6105
2.3868913650512695, 6104
2.3868913650512695, 6103
2.3868913650512695, 6102
2.3868913650512695, 6101
2.3868913650512695, 6100
2.397052526473999, 6099
2.397052526473999, 6098
2.397052526473999, 6097
2.4051125049591064, 6096
2.4051125049591064, 6095
2.4051125049591064, 6094
2.4051125049591064, 6093
2.4051125049591064, 6092
2.419722318649292, 6091
2.419722318649292, 6090
2.419722318649292, 6089
2.427781820297241, 6088
2.427781820297241, 6087
2.439985990524292, 6086
2.439985990524292, 6085
2.439985990524292, 6084
2.450119972229004, 6083
2.4581964015960693, 6082
2.4602549076080322, 6081
2.4703617095947266, 6080
2.4703617095947266, 6079
2.4703617095947266, 6078
2.4703617095947266, 6077
2.480546474456787, 6076
2.480546474456787, 6075
2.480546474456787, 6074
2.480546474456787, 6073
2.480546474456787, 6072
2.4906537532806396, 6071
2.4906537532806396, 6070
2.4906537532806396, 6069
2.4906537532806396, 6068
2.4906537532806396, 6067
2.50079083442688, 6066
2.50079083442688, 6065
2.510911464691162, 6064
2.5189740657806396, 6063
2.5189740657806396, 6062
2.5209903717041016, 6061
2.5290441513061523, 6060
2.531097888946533, 6059
2.531097888946533, 6058
2.531097888946533, 6057
2.531097888946533, 6056
2.5695083141326904, 6055
2.5695083141326904, 6054
2.5695083141326904, 6053
2.5695083141326904, 6052
2.5695083141326904, 6051
2.5795559883117676, 6050
2.5795559883117676, 6049
2.5795559883117676, 6048
2.5795559883117676, 6047
2.5795559883117676, 6046
2.5795559883117676, 6045
2.5795559883117676, 6044
2.5795559883117676, 6043
2.5795559883117676, 6042
2.5795559883117676, 6041
2.5952489376068115, 6040
2.5952489376068115, 6039
2.5952489376068115, 6038
2.5952489376068115, 6037
2.5952489376068115, 6036
2.6108694076538086, 6035
2.6108694076538086, 6034
2.6108694076538086, 6033
2.6108694076538086, 6032
2.6108694076538086, 6031
2.6108694076538086, 6030
2.6264872550964355, 6029
2.6264872550964355, 6028
2.6264872550964355, 6027
2.6264872550964355, 6026
2.6264872550964355, 6025
2.6264872550964355, 6024
2.6264872550964355, 6023
2.6264872550964355, 6022
2.6264872550964355, 6021
2.6421167850494385, 6020
2.6421167850494385, 6019
2.6421167850494385, 6018
2.65773606300354, 6017
2.65773606300354, 6016
2.65773606300354, 6015
2.65773606300354, 6014
2.65773606300354, 6013
2.65773606300354, 6012
2.65773606300354, 6011
2.65773606300354, 6010
2.65773606300354, 6009
2.673365592956543, 6008
2.673365592956543, 6007
2.673365592956543, 6006
2.673365592956543, 6005
2.673365592956543, 6004
2.6799299716949463, 6003
2.681985378265381, 6002
2.681985378265381, 6001
2.681985378265381, 6000
2.692107677459717, 5999
2.692107677459717, 5998
2.692107677459717, 5997
2.692107677459717, 5996
2.692107677459717, 5995
2.692107677459717, 5994
2.700162649154663, 5993
2.702216863632202, 5992
2.702216863632202, 5991
2.702216863632202, 5990
2.702216863632202, 5989
2.702216863632202, 5988
2.7102785110473633, 5987
2.7123334407806396, 5986
2.7123334407806396, 5985
2.7123334407806396, 5984
2.7123334407806396, 5983
2.7123334407806396, 5982
2.7123334407806396, 5981
2.722449541091919, 5980
2.722449541091919, 5979
2.7305068969726562, 5978
2.732522964477539, 5977
2.732522964477539, 5976
2.732522964477539, 5975
2.732522964477539, 5974
2.740576982498169, 5973
2.7426295280456543, 5972
2.7426295280456543, 5971
2.7507576942443848, 5970
2.7528131008148193, 5969
2.7528131008148193, 5968
2.7629196643829346, 5967
2.7629196643829346, 5966
2.7731010913848877, 5965
2.7731010913848877, 5964
2.7731010913848877, 5963
2.7731010913848877, 5962
2.7832252979278564, 5961
2.7832252979278564, 5960
2.7913002967834473, 5959
2.7933502197265625, 5958
2.801406145095825, 5957
2.801406145095825, 5956
2.8034589290618896, 5955
2.8034589290618896, 5954
2.8034589290618896, 5953
2.8034589290618896, 5952
2.8135862350463867, 5951
2.8135862350463867, 5950
2.8135862350463867, 5949
2.8135862350463867, 5948
2.8135862350463867, 5947
2.8236947059631348, 5946
2.8236947059631348, 5945
2.8236947059631348, 5944
2.8236947059631348, 5943
2.8236947059631348, 5942
2.8236947059631348, 5941
2.8236947059631348, 5940
2.8317556381225586, 5939
2.833811044692993, 5938
2.833811044692993, 5937
2.833811044692993, 5936
2.833811044692993, 5935
2.843928098678589, 5934
2.843928098678589, 5933
2.843928098678589, 5932
2.852044105529785, 5931
2.8541040420532227, 5930
2.8621561527252197, 5929
2.8642220497131348, 5928
2.8642220497131348, 5927
2.8642220497131348, 5926
2.8722925186157227, 5925
2.8743467330932617, 5924
2.8743467330932617, 5923
2.8743467330932617, 5922
2.8743467330932617, 5921
2.8743467330932617, 5920
2.8824055194854736, 5919
2.884464979171753, 5918
2.884464979171753, 5917
2.892571449279785, 5916
2.8946290016174316, 5915
2.8946290016174316, 5914
2.9026939868927, 5913
2.9026939868927, 5912
2.9026939868927, 5911
2.9047484397888184, 5910
2.9047484397888184, 5909
2.914910078048706, 5908
2.914910078048706, 5907
2.9229676723480225, 5906
2.9229676723480225, 5905
2.9229676723480225, 5904
2.9250214099884033, 5903
2.933094024658203, 5902
2.9351489543914795, 5901
2.9351489543914795, 5900
2.9351489543914795, 5899
2.9351489543914795, 5898
2.9452626705169678, 5897
2.9452626705169678, 5896
2.9452626705169678, 5895
2.9452626705169678, 5894
2.9452626705169678, 5893
2.9554197788238525, 5892
2.9554197788238525, 5891
2.9634814262390137, 5890
2.9634814262390137, 5889
2.965566396713257, 5888
2.965566396713257, 5887
2.965566396713257, 5886
2.9736273288726807, 5885
2.975680112838745, 5884
2.975680112838745, 5883
2.975680112838745, 5882
2.975680112838745, 5881
2.983736991882324, 5880
2.983736991882324, 5879
2.98580265045166, 5878
2.98580265045166, 5877
2.98580265045166, 5876
2.98580265045166, 5875
2.98580265045166, 5874
2.993875026702881, 5873
2.993875026702881, 5872
2.995927095413208, 5871
3.0060346126556396, 5870
3.0060346126556396, 5869
3.0060346126556396, 5868
3.0060346126556396, 5867
3.0060346126556396, 5866
3.014106512069702, 5865
3.0161616802215576, 5864
3.0161616802215576, 5863
3.0161616802215576, 5862
3.0161616802215576, 5861
3.0161616802215576, 5860
3.0242249965667725, 5859
3.0242249965667725, 5858
3.026278018951416, 5857
3.0343220233917236, 5856
3.036817789077759, 5855
3.036817789077759, 5854
3.036817789077759, 5853
3.036817789077759, 5852
3.044872522354126, 5851
3.055041790008545, 5850
3.0570971965789795, 5849
3.0570971965789795, 5848
3.0570971965789795, 5847
3.0570971965789795, 5846
3.0570971965789795, 5845
3.067206621170044, 5844
3.067206621170044, 5843
3.067206621170044, 5842
3.0753304958343506, 5841
3.0773849487304688, 5840
3.0773849487304688, 5839
3.0875022411346436, 5838
3.0875022411346436, 5837
3.0956294536590576, 5836
3.0976831912994385, 5835
3.0976831912994385, 5834
3.0976831912994385, 5833
3.1057379245758057, 5832
3.1077914237976074, 5831
3.1178781986236572, 5830
3.1279871463775635, 5829
3.1279871463775635, 5828
3.1279871463775635, 5827
3.1279871463775635, 5826
3.1279871463775635, 5825
3.1381125450134277, 5824
3.1381125450134277, 5823
3.1381125450134277, 5822
3.1381125450134277, 5821
3.1381125450134277, 5820
3.1381125450134277, 5819
3.1381125450134277, 5818
3.1381125450134277, 5817
3.1461665630340576, 5816
3.148221731185913, 5815
3.148221731185913, 5814
3.148221731185913, 5813
3.148221731185913, 5812
3.158384084701538, 5811
3.158384084701538, 5810
3.158384084701538, 5809
3.1664390563964844, 5808
3.1664390563964844, 5807
3.1664390563964844, 5806
3.1685023307800293, 5805
3.1685023307800293, 5804
3.1685023307800293, 5803
3.1765878200531006, 5802
3.178642749786377, 5801
3.178642749786377, 5800
3.178642749786377, 5799
3.178642749786377, 5798
3.186711549758911, 5797
3.186711549758911, 5796
3.186711549758911, 5795
3.186711549758911, 5794
3.1968588829040527, 5793
3.1968588829040527, 5792
3.1968588829040527, 5791
3.1989023685455322, 5790
3.1989023685455322, 5789
3.2090139389038086, 5788
3.2090139389038086, 5787
3.2090139389038086, 5786
3.217090606689453, 5785
3.219114303588867, 5784
3.219114303588867, 5783
3.219114303588867, 5782
3.2292377948760986, 5781
3.2292377948760986, 5780
3.2292377948760986, 5779
3.2373015880584717, 5778
3.2373015880584717, 5777
3.2393550872802734, 5776
3.2393550872802734, 5775
3.2393550872802734, 5774
3.2393550872802734, 5773
3.249462127685547, 5772
3.249462127685547, 5771
3.249462127685547, 5770
3.249462127685547, 5769
3.257554054260254, 5768
3.2596166133880615, 5767
3.2596166133880615, 5766
3.2596166133880615, 5765
3.267679214477539, 5764
3.2697322368621826, 5763
3.2697322368621826, 5762
3.2697322368621826, 5761
3.279858112335205, 5760
3.279858112335205, 5759
3.279858112335205, 5758
3.279858112335205, 5757
3.287912607192993, 5756
3.287912607192993, 5755
3.287912607192993, 5754
3.28997540473938, 5753
3.3002095222473145, 5752
3.308238983154297, 5751
3.310460090637207, 5750
3.310460090637207, 5749
3.320840835571289, 5748
3.320840835571289, 5747
3.328888177871704, 5746
3.3309409618377686, 5745
3.3309409618377686, 5744
3.3309409618377686, 5743
3.3410890102386475, 5742
3.3410890102386475, 5741
3.3410890102386475, 5740
3.3410890102386475, 5739
3.349161386489868, 5738
3.35121750831604, 5737
3.35121750831604, 5736
3.35121750831604, 5735
3.3593344688415527, 5734
3.3613579273223877, 5733
3.3613579273223877, 5732
3.3694519996643066, 5731
3.3694519996643066, 5730
3.3694519996643066, 5729
3.3694519996643066, 5728
3.3694519996643066, 5727
3.3694519996643066, 5726
3.3795230388641357, 5725
3.3815996646881104, 5724
3.391674280166626, 5723
3.399770498275757, 5722
3.401777982711792, 5721
3.40185809135437, 5720
3.4220759868621826, 5719
3.4301350116729736, 5718
3.4321606159210205, 5717
3.4321606159210205, 5716
3.4321606159210205, 5715
3.4321606159210205, 5714
3.4422659873962402, 5713
3.4422659873962402, 5712
3.4503304958343506, 5711
3.4503304958343506, 5710
3.452395439147949, 5709
3.460453510284424, 5708
3.460453510284424, 5707
3.460453510284424, 5706
3.4625210762023926, 5705
3.4625210762023926, 5704
3.4625210762023926, 5703
3.4625210762023926, 5702
3.4625210762023926, 5701
3.4625210762023926, 5700
3.4625210762023926, 5699
3.4726614952087402, 5698
3.4726614952087402, 5697
3.4726614952087402, 5696
3.4726614952087402, 5695
3.4726614952087402, 5694
3.4806883335113525, 5693
3.4806883335113525, 5692
3.4827234745025635, 5691
3.4827234745025635, 5690
3.4827234745025635, 5689
3.490776777267456, 5688
3.502973794937134, 5687
3.502973794937134, 5686
3.511049509048462, 5685
3.511049509048462, 5684
3.511049509048462, 5683
3.513104200363159, 5682
3.513104200363159, 5681
3.513104200363159, 5680
3.521178722381592, 5679
3.5232372283935547, 5678
3.5232372283935547, 5677
3.5313024520874023, 5676
3.5333635807037354, 5675
3.5333635807037354, 5674
3.5333635807037354, 5673
3.5434844493865967, 5672
3.5434844493865967, 5671
3.551544427871704, 5670
3.551544427871704, 5669
3.553597927093506, 5668
3.553597927093506, 5667
3.5637571811676025, 5666
3.5637571811676025, 5665
3.5637571811676025, 5664
3.571815013885498, 5663
3.571815013885498, 5662
3.5738682746887207, 5661
3.5738682746887207, 5660
3.5738682746887207, 5659
3.5738682746887207, 5658
3.5738682746887207, 5657
3.5738682746887207, 5656
3.5839853286743164, 5655
3.5839853286743164, 5654
3.61435604095459, 5653
3.61435604095459, 5652
3.61435604095459, 5651
3.6244781017303467, 5650
3.6345784664154053, 5649
3.6451523303985596, 5648
3.6451523303985596, 5647
3.6451523303985596, 5646
3.6451523303985596, 5645
3.6451523303985596, 5644
3.6451523303985596, 5643
3.655268907546997, 5642
3.6654369831085205, 5641
3.6654369831085205, 5640
3.6654369831085205, 5639
3.6654369831085205, 5638
3.6654369831085205, 5637
3.6654369831085205, 5636
3.6735029220581055, 5635
3.6755545139312744, 5634
3.683638095855713, 5633
3.683638095855713, 5632
3.683638095855713, 5631
3.693718433380127, 5630
3.695786952972412, 5629
3.7038750648498535, 5628
3.705934762954712, 5627
3.705934762954712, 5626
3.705934762954712, 5625
3.705934762954712, 5624
3.705934762954712, 5623
3.705934762954712, 5622
3.705934762954712, 5621
3.705934762954712, 5620
3.716062068939209, 5619
3.716062068939209, 5618
3.7261950969696045, 5617
3.7342655658721924, 5616
3.746459484100342, 5615
3.746459484100342, 5614
3.7545135021209717, 5613
3.7545135021209717, 5612
3.7545135021209717, 5611
3.7545135021209717, 5610
3.7545135021209717, 5609
3.7545135021209717, 5608
3.7545135021209717, 5607
3.764606237411499, 5606
3.7666680812835693, 5605
3.7666680812835693, 5604
3.7666680812835693, 5603
3.7666680812835693, 5602
3.7666680812835693, 5601
3.774733304977417, 5600
3.7767887115478516, 5599
3.7767887115478516, 5598
3.7767887115478516, 5597
3.7767887115478516, 5596
3.7869200706481934, 5595
3.7970449924468994, 5594
3.7970449924468994, 5593
3.7970449924468994, 5592
3.7970449924468994, 5591
3.805129051208496, 5590
3.8071837425231934, 5589
3.8152520656585693, 5588
3.8173086643218994, 5587
3.8173086643218994, 5586
3.8173086643218994, 5585
3.8253743648529053, 5584
3.8375470638275146, 5583
3.845606565475464, 5582
3.8476598262786865, 5581
3.8476598262786865, 5580
3.8557536602020264, 5579
3.857816696166992, 5578
3.865894079208374, 5577
3.8680813312530518, 5576
3.8680813312530518, 5575
3.876140832901001, 5574
3.876140832901001, 5573
3.878190279006958, 5572
3.878190279006958, 5571
3.878190279006958, 5570
3.8883988857269287, 5569
3.898505926132202, 5568
3.898505926132202, 5567
3.898505926132202, 5566
3.898505926132202, 5565
3.898505926132202, 5564
3.898505926132202, 5563
3.906620502471924, 5562
3.906620502471924, 5561
3.9086754322052, 5560
3.9086754322052, 5559
3.918804407119751, 5558
3.9268980026245117, 5557
3.9268980026245117, 5556
3.928952217102051, 5555
3.928952217102051, 5554
3.928952217102051, 5553
3.9390764236450195, 5552
3.9390764236450195, 5551
3.9390764236450195, 5550
3.9390764236450195, 5549
3.9390764236450195, 5548
3.949216842651367, 5547
3.949216842651367, 5546
3.9694876670837402, 5545
3.977551221847534, 5544
3.977551221847534, 5543
3.9796156883239746, 5542
3.9897820949554443, 5541
3.9978320598602295, 5540
3.9998836517333984, 5539
3.9998836517333984, 5538
3.9998836517333984, 5537
4.01003360748291, 5536
4.01003360748291, 5535
4.01003360748291, 5534
4.01003360748291, 5533
4.018094062805176, 5532
4.020148515701294, 5531
4.020148515701294, 5530
4.020148515701294, 5529
4.020148515701294, 5528
4.020148515701294, 5527
4.020148515701294, 5526
4.020148515701294, 5525
4.030269145965576, 5524
4.030269145965576, 5523
4.030269145965576, 5522
4.040386199951172, 5521
4.040386199951172, 5520
4.050529718399048, 5519
4.050529718399048, 5518
4.050529718399048, 5517
4.050529718399048, 5516
4.058584213256836, 5515
4.060636758804321, 5514
4.060636758804321, 5513
4.060636758804321, 5512
4.068759918212891, 5511
4.070816993713379, 5510
4.070816993713379, 5509
4.070816993713379, 5508
4.080923795700073, 5507
4.080923795700073, 5506
4.091043710708618, 5505
4.091043710708618, 5504
4.091043710708618, 5503
4.091043710708618, 5502
4.101177215576172, 5501
4.101177215576172, 5500
4.101177215576172, 5499
4.101177215576172, 5498
4.1113669872283936, 5497
4.1113669872283936, 5496
4.119427442550659, 5495
4.119427442550659, 5494
4.119427442550659, 5493
4.121490478515625, 5492
4.131617069244385, 5491
4.131617069244385, 5490
4.131617069244385, 5489
4.131617069244385, 5488
4.131617069244385, 5487
4.131617069244385, 5486
4.131617069244385, 5485
4.141728639602661, 5484
4.141728639602661, 5483
4.141728639602661, 5482
4.141728639602661, 5481
4.141728639602661, 5480
4.151848316192627, 5479
4.151848316192627, 5478
4.151848316192627, 5477
4.151848316192627, 5476
4.1599156856536865, 5475
4.1619696617126465, 5474
4.1721320152282715, 5473
4.1721320152282715, 5472
4.1721320152282715, 5471
4.1721320152282715, 5470
4.192327260971069, 5469
4.192327260971069, 5468
4.202449321746826, 5467
4.202449321746826, 5466
4.202449321746826, 5465
4.202449321746826, 5464
4.202449321746826, 5463
4.2105419635772705, 5462
4.2105419635772705, 5461
4.212605237960815, 5460
4.212605237960815, 5459
4.212605237960815, 5458
4.212605237960815, 5457
4.212605237960815, 5456
4.222743272781372, 5455
4.222743272781372, 5454
4.232848644256592, 5453
4.232848644256592, 5452
4.242960691452026, 5451
4.242960691452026, 5450
4.251007318496704, 5449
4.253486394882202, 5448
4.253486394882202, 5447
4.253486394882202, 5446
4.253486394882202, 5445
4.263587236404419, 5444
4.271678924560547, 5443
4.2737343311309814, 5442
4.2737343311309814, 5441
4.291908502578735, 5440
4.2939674854278564, 5439
4.2939674854278564, 5438
4.2939674854278564, 5437
4.3040771484375, 5436
4.3040771484375, 5435
4.3040771484375, 5434
4.3040771484375, 5433
4.314208507537842, 5432
4.322263240814209, 5431
4.324326992034912, 5430
4.332406520843506, 5429
4.332406520843506, 5428
4.332406520843506, 5427
4.334461688995361, 5426
4.334461688995361, 5425
4.342523574829102, 5424
4.344578504562378, 5423
4.344578504562378, 5422
4.344578504562378, 5421
4.344578504562378, 5420
4.354692220687866, 5419
4.354692220687866, 5418
4.362744569778442, 5417
4.364797115325928, 5416
4.372899532318115, 5415
4.374957084655762, 5414
4.374957084655762, 5413
4.374957084655762, 5412
4.383012533187866, 5411
4.395201206207275, 5410
4.395201206207275, 5409
4.395201206207275, 5408
4.395201206207275, 5407
4.405374526977539, 5406
4.4134626388549805, 5405
4.445944547653198, 5404
4.445944547653198, 5403
4.454009294509888, 5402
4.456063985824585, 5401
4.456063985824585, 5400
4.456063985824585, 5399
4.466185808181763, 5398
4.466185808181763, 5397
4.4742913246154785, 5396
4.476345539093018, 5395
4.484400272369385, 5394
4.4945292472839355, 5393
4.496595144271851, 5392
4.50470232963562, 5391
4.50676703453064, 5390
4.50676703453064, 5389
4.5169031620025635, 5388
4.5169031620025635, 5387
4.524979829788208, 5386
4.524979829788208, 5385
4.547565460205078, 5384
4.547565460205078, 5383
4.555610656738281, 5382
4.555610656738281, 5381
4.557647466659546, 5380
4.557647466659546, 5379
4.557647466659546, 5378
4.557647466659546, 5377
4.565695524215698, 5376
4.567765474319458, 5375
4.567765474319458, 5374
4.577937602996826, 5373
4.577937602996826, 5372
4.588087797164917, 5371
4.598243236541748, 5370
4.608378648757935, 5369
4.608378648757935, 5368
4.6185455322265625, 5367
4.628691911697388, 5366
4.636734962463379, 5365
4.6395158767700195, 5364
4.6395158767700195, 5363
4.641648054122925, 5362
4.641648054122925, 5361
4.642713308334351, 5360
4.652357339859009, 5359
4.652357339859009, 5358
4.652357339859009, 5357
4.652357339859009, 5356
4.657433271408081, 5355
4.659500598907471, 5354
4.669595956802368, 5353
4.669595956802368, 5352
4.677666425704956, 5351
4.67973256111145, 5350
4.67973256111145, 5349
4.67973256111145, 5348
4.67973256111145, 5347
4.6898863315582275, 5346
4.6898863315582275, 5345
4.700023651123047, 5344
4.700023651123047, 5343
4.700023651123047, 5342
4.700023651123047, 5341
4.700023651123047, 5340
4.708059072494507, 5339
4.710126876831055, 5338
4.71819806098938, 5337
4.72026515007019, 5336
4.730420351028442, 5335
4.7384912967681885, 5334
4.740556716918945, 5333
4.740556716918945, 5332
4.748627424240112, 5331
4.750695466995239, 5330
4.758763074874878, 5329
4.758763074874878, 5328
4.770986318588257, 5327
4.77906060218811, 5326
4.781126260757446, 5325
4.791269540786743, 5324
4.79934549331665, 5323
4.801411867141724, 5322
4.811519145965576, 5321
4.8216540813446045, 5320
4.8216540813446045, 5319
4.8216540813446045, 5318
4.829698801040649, 5317
4.831758737564087, 5316
4.831758737564087, 5315
4.831758737564087, 5314
4.831758737564087, 5313
4.831758737564087, 5312
4.831758737564087, 5311
4.841889142990112, 5310
4.849928140640259, 5309
4.851994276046753, 5308
4.862127780914307, 5307
4.87265682220459, 5306
4.87265682220459, 5305
4.882793188095093, 5304
4.882793188095093, 5303
4.892949342727661, 5302
4.892949342727661, 5301
4.913207292556763, 5300
4.923334121704102, 5299
4.923334121704102, 5298
4.923334121704102, 5297
4.954979181289673, 5296
4.954979181289673, 5295
4.954979181289673, 5294
4.963020324707031, 5293
4.993746757507324, 5292
4.993746757507324, 5291
4.995809078216553, 5290
5.005970001220703, 5289
5.005970001220703, 5288
5.014037847518921, 5287
5.01611065864563, 5286
5.01611065864563, 5285
5.0241920948028564, 5284
5.0262720584869385, 5283
5.0262720584869385, 5282
5.0262720584869385, 5281
5.0262720584869385, 5280
5.0262720584869385, 5279
5.034343242645264, 5278
5.036407232284546, 5277
5.036407232284546, 5276
5.044492721557617, 5275
5.054644823074341, 5274
5.056711912155151, 5273
5.056711912155151, 5272
5.066890478134155, 5271
5.066890478134155, 5270
5.066890478134155, 5269
5.066890478134155, 5268
5.07697319984436, 5267
5.105308532714844, 5266
5.1174561977386475, 5265
5.1174561977386475, 5264
5.1174561977386475, 5263
5.1174561977386475, 5262
5.1174561977386475, 5261
5.135661363601685, 5260
5.137730598449707, 5259
5.137730598449707, 5258
5.145802021026611, 5257
5.147859811782837, 5256
5.147859811782837, 5255
5.157977342605591, 5254
5.157977342605591, 5253
5.1660075187683105, 5252
5.168066740036011, 5251
5.176124572753906, 5250
5.188266277313232, 5249
5.188266277313232, 5248
5.188266277313232, 5247
5.19632887840271, 5246
5.198347568511963, 5245
5.206418752670288, 5244
5.208473205566406, 5243
5.218580961227417, 5242
5.228723764419556, 5241
5.228723764419556, 5240
5.248957633972168, 5239
5.259073734283447, 5238
5.259073734283447, 5237
5.259073734283447, 5236
5.267598628997803, 5235
5.269151449203491, 5234
5.279317855834961, 5233
5.279317855834961, 5232
5.289458751678467, 5231
5.289458751678467, 5230
5.31999659538269, 5229
5.340313911437988, 5228
5.340313911437988, 5227
5.340313911437988, 5226
5.350472688674927, 5225
5.360642433166504, 5224
5.370815277099609, 5223
5.380978584289551, 5222
5.389084339141846, 5221
5.389084339141846, 5220
5.47253155708313, 5219
5.47253155708313, 5218
5.47253155708313, 5217
5.48270845413208, 5216
5.48270845413208, 5215
5.493269205093384, 5214
5.503448724746704, 5213
5.503448724746704, 5212
5.511589765548706, 5211
5.517709732055664, 5210
5.52369499206543, 5209
5.532031774520874, 5208
5.542306423187256, 5207
5.544340372085571, 5206
5.552416801452637, 5205
5.554494619369507, 5204
5.585060119628906, 5203
5.585060119628906, 5202
5.6054253578186035, 5201
5.6054253578186035, 5200
5.623731851577759, 5199
5.6461875438690186, 5198
5.6542627811431885, 5197
5.697099685668945, 5196
5.74796986579895, 5195
5.756060838699341, 5194
5.778493165969849, 5193
5.788655042648315, 5192
5.788655042648315, 5191
5.819133996963501, 5190
5.829366683959961, 5189
5.8700456619262695, 5188
5.880212783813477, 5187
5.900552749633789, 5186
5.981908798217773, 5185
5.992059707641602, 5184
6.0185277462005615, 5183
6.024980306625366, 5182
6.033243179321289, 5181
6.06162166595459, 5180
6.063706159591675, 5179
6.073906421661377, 5178
6.092137813568115, 5177
6.094215631484985, 5176
6.1251184940338135, 5175
6.13528299331665, 5174
6.13528299331665, 5173
6.14543890953064, 5172
6.155589818954468, 5171
6.1759819984436035, 5170
6.1759819984436035, 5169
6.196362733840942, 5168
6.227093696594238, 5167
6.2475011348724365, 5166
6.2556235790252686, 5165
6.265751361846924, 5164
6.267835378646851, 5163
6.2780396938323975, 5162
6.2780396938323975, 5161
6.2780396938323975, 5160
6.286118268966675, 5159
6.288205623626709, 5158
6.288205623626709, 5157
6.288205623626709, 5156
6.2963337898254395, 5155
6.328914403915405, 5154
6.349319934844971, 5153
6.35747218132019, 5152
6.369706392288208, 5151
6.398204326629639, 5150
6.4002861976623535, 5149
6.410454273223877, 5148
6.430835962295532, 5147
6.430835962295532, 5146
6.4410741329193115, 5145
6.449148416519165, 5144
6.451221466064453, 5143
6.461405038833618, 5142
6.4918437004089355, 5141
6.522353887557983, 5140
6.563060283660889, 5139
6.573284149169922, 5138
6.603939771652222, 5137
6.603939771652222, 5136
6.62427020072937, 5135
6.62427020072937, 5134
6.634461402893066, 5133
6.644715309143066, 5132
6.644715309143066, 5131
6.6548850536346436, 5130
6.6548850536346436, 5129
6.665071487426758, 5128
6.68334436416626, 5127
6.685422420501709, 5126
6.685422420501709, 5125
6.695570230484009, 5124
6.695570230484009, 5123
6.7138566970825195, 5122
6.715933084487915, 5121
6.746886253356934, 5120
6.777358770370483, 5119
6.787572145462036, 5118
6.797720909118652, 5117
6.797720909118652, 5116
6.8078930377960205, 5115
6.836355686187744, 5114
6.838428497314453, 5113
6.846574783325195, 5112
6.846574783325195, 5111
6.8486528396606445, 5110
6.879139184951782, 5109
6.887256145477295, 5108
6.887256145477295, 5107
6.889359951019287, 5106
6.889359951019287, 5105
6.899518013000488, 5104
6.899518013000488, 5103
6.909724235534668, 5102
6.917800664901733, 5101
6.950408935546875, 5100
6.960558891296387, 5099
6.960558891296387, 5098
6.970744371414185, 5097
6.970744371414185, 5096
6.970744371414185, 5095
6.9890055656433105, 5094
6.991077661514282, 5093
7.001234292984009, 5092
7.0194878578186035, 5091
7.041848659515381, 5090
7.080492734909058, 5089
7.082566976547241, 5088
7.090674161911011, 5087
7.092752456665039, 5086
7.092752456665039, 5085
7.100843667984009, 5084
7.123332977294922, 5083
7.164700031280518, 5082
7.172799110412598, 5081
7.185115814208984, 5080
7.185115814208984, 5079
7.195348262786865, 5078
7.246522903442383, 5077
7.264866352081299, 5076
7.266943454742432, 5075
7.305652141571045, 5074
7.307724952697754, 5073
7.315851926803589, 5072
7.317927598953247, 5071
7.348881959915161, 5070
7.348881959915161, 5069
7.3999927043914795, 5068
7.3999927043914795, 5067
7.4080681800842285, 5066
7.420336723327637, 5065
7.420336723327637, 5064
7.430565357208252, 5063
7.4407148361206055, 5062
7.471296310424805, 5061
7.4916911125183105, 5060
7.499775171279907, 5059
7.501849174499512, 5058
7.501849174499512, 5057
7.512023210525513, 5056
7.540508270263672, 5055
7.542582273483276, 5054
7.583320379257202, 5053
7.60378098487854, 5052
7.60378098487854, 5051
7.634322881698608, 5050
7.644489765167236, 5049
7.66482400894165, 5048
7.695530891418457, 5047
7.695530891418457, 5046
7.695530891418457, 5045
7.703638315200806, 5044
7.705711126327515, 5043
7.705711126327515, 5042
7.746479511260986, 5041
7.754536867141724, 5040
7.754536867141724, 5039
7.797179460525513, 5038
7.847949028015137, 5037
7.847949028015137, 5036
7.866211652755737, 5035
7.868285179138184, 5034
7.878483295440674, 5033
7.888648986816406, 5032
7.888648986816406, 5031
7.9089953899383545, 5030
7.9089953899383545, 5029
7.917054176330566, 5028
7.919134616851807, 5027
7.93943190574646, 5026
7.93943190574646, 5025
7.960192680358887, 5024
7.980547189712524, 5023
7.980547189712524, 5022
8.000867128372192, 5021
8.000867128372192, 5020
8.000867128372192, 5019
8.011025667190552, 5018
8.05165410041809, 5017
8.05165410041809, 5016
8.10258150100708, 5015
8.11275577545166, 5014
8.133059740066528, 5013
8.133059740066528, 5012
8.133059740066528, 5011
8.15343689918518, 5010
8.178052425384521, 5009
8.196387529373169, 5008
8.237260103225708, 5007
8.24743938446045, 5006
8.24743938446045, 5005
8.24743938446045, 5004
8.277895212173462, 5003
8.277895212173462, 5002
8.306335210800171, 5001
8.31642484664917, 5000
8.318504095077515, 4999
8.318504095077515, 4998
8.326561212539673, 4997
8.328658103942871, 4996
8.36241340637207, 4995
8.378066301345825, 4994
8.378066301345825, 4993
8.378066301345825, 4992
8.393693923950195, 4991
8.409317970275879, 4990
8.409317970275879, 4989
8.409317970275879, 4988
8.409317970275879, 4987
8.424936294555664, 4986
8.447097778320312, 4985
8.447097778320312, 4984
8.462748765945435, 4983
8.462748765945435, 4982
8.462748765945435, 4981
8.47837495803833, 4980
8.494001388549805, 4979
8.557674646377563, 4978
8.559788942337036, 4977
8.559788942337036, 4976
8.570001602172852, 4975
8.580579280853271, 4974
8.588687419891357, 4973
8.590797901153564, 4972
8.590797901153564, 4971
8.60103464126587, 4970
8.60103464126587, 4969
8.60103464126587, 4968
8.621476650238037, 4967
8.621476650238037, 4966
8.629595041275024, 4965
8.641861200332642, 4964
8.641861200332642, 4963
8.641861200332642, 4962
8.672449827194214, 4961
8.672449827194214, 4960
8.692814826965332, 4959
8.692814826965332, 4958
8.692814826965332, 4957
8.692814826965332, 4956
8.713189363479614, 4955
8.743813514709473, 4954
8.743813514709473, 4953
8.766185760498047, 4952
8.8130784034729, 4951
8.8130784034729, 4950
8.8130784034729, 4949
8.8130784034729, 4948
8.844327926635742, 4947
8.877636194229126, 4946
8.893267154693604, 4945
8.893267154693604, 4944
8.893267154693604, 4943
8.940124988555908, 4942
8.940124988555908, 4941
8.955749273300171, 4940
8.955749273300171, 4939
8.977909803390503, 4938
8.977909803390503, 4937
9.001970052719116, 4936
9.05816125869751, 4935
9.093528270721436, 4934
9.093528270721436, 4933
9.109160423278809, 4932
9.109160423278809, 4931
9.124781131744385, 4930
9.140408992767334, 4929
9.155989646911621, 4928
9.209449052810669, 4927
9.278538227081299, 4926
9.294178485870361, 4925
9.309805393218994, 4924
9.309805393218994, 4923
9.309805393218994, 4922
9.325411558151245, 4921
9.341036081314087, 4920
9.363187551498413, 4919
9.378833532333374, 4918
9.378833532333374, 4917
9.39445686340332, 4916
9.39445686340332, 4915
9.410128593444824, 4914
9.441380023956299, 4913
9.457000494003296, 4912
9.457000494003296, 4911
9.457000494003296, 4910
9.463582754135132, 4909
9.465663194656372, 4908
9.496270656585693, 4907
9.526763916015625, 4906
9.557356595993042, 4905
9.587925434112549, 4904
9.596095323562622, 4903
9.598202228546143, 4902
9.606281280517578, 4901
9.628652572631836, 4900
9.638829946517944, 4899
9.646926164627075, 4898
9.648985624313354, 4897
9.677612543106079, 4896
9.679688930511475, 4895
9.700028896331787, 4894
9.720410823822021, 4893
9.720410823822021, 4892
9.769176959991455, 4891
9.79159927368164, 4890
9.79159927368164, 4889
9.802111387252808, 4888
9.81182074546814, 4887
9.830142974853516, 4886
9.83224368095398, 4885
9.83224368095398, 4884
9.842468023300171, 4883
9.852689981460571, 4882
9.873080492019653, 4881
9.873080492019653, 4880
9.903715372085571, 4879
9.903715372085571, 4878
9.913925886154175, 4877
9.924126148223877, 4876
9.96492052078247, 4875
10.014120817184448, 4874
10.077137231826782, 4873
10.10781717300415, 4872
10.128372430801392, 4871
10.149404048919678, 4870
10.15769076347351, 4869
10.183626174926758, 4868
10.2303466796875, 4867
10.2615807056427, 4866
10.268094778060913, 4865
10.268094778060913, 4864
10.283778190612793, 4863
10.315028190612793, 4862
10.330612421035767, 4861
10.330612421035767, 4860
10.368465900421143, 4859
10.368465900421143, 4858
10.384149551391602, 4857
10.384149551391602, 4856
10.384149551391602, 4855
10.399774312973022, 4854
10.41540241241455, 4853
10.431037664413452, 4852
10.44665002822876, 4851
10.44665002822876, 4850
10.481089115142822, 4849
10.50175428390503, 4848
10.530522346496582, 4847
10.540539026260376, 4846
10.556272983551025, 4845
10.571861028671265, 4844
10.640902757644653, 4843
10.672276973724365, 4842
10.703428506851196, 4841
10.703428506851196, 4840
10.703428506851196, 4839
10.719057321548462, 4838
10.719057321548462, 4837
10.772473573684692, 4836
10.772473573684692, 4835
10.788097858428955, 4834
10.788097858428955, 4833
10.81938648223877, 4832
10.843158721923828, 4831
10.89413833618164, 4830
10.902215242385864, 4829
10.922545194625854, 4828
10.92461895942688, 4827
10.932773351669312, 4826
10.934858322143555, 4825
10.953176021575928, 4824
10.965399742126465, 4823
10.965399742126465, 4822
10.975771427154541, 4821
11.109717845916748, 4820
11.120103597640991, 4819
11.130195617675781, 4818
11.130195617675781, 4817
11.14025330543518, 4816
11.148320198059082, 4815
11.150346040725708, 4814
11.150346040725708, 4813
11.150346040725708, 4812
11.150346040725708, 4811
11.189034700393677, 4810
11.191112041473389, 4809
11.2195463180542, 4808
11.239910125732422, 4807
11.241983652114868, 4806
11.292886018753052, 4805
11.303101539611816, 4804
11.311243772506714, 4803
11.323472499847412, 4802
11.333654403686523, 4801
11.372381925582886, 4800
11.394900798797607, 4799
11.394900798797607, 4798
11.423699617385864, 4797
11.423699617385864, 4796
11.423699617385864, 4795
11.439454555511475, 4794
11.470665454864502, 4793
11.470665454864502, 4792
11.470665454864502, 4791
11.486306190490723, 4790
11.5175302028656, 4789
11.5175302028656, 4788
11.524100542068481, 4787
11.524100542068481, 4786
11.539785623550415, 4785
11.555415630340576, 4784
11.555415630340576, 4783
11.571035861968994, 4782
11.586666584014893, 4781
11.61791205406189, 4780
11.61791205406189, 4779
11.624502658843994, 4778
11.66775918006897, 4777
11.696148872375488, 4776
11.71863317489624, 4775
11.739018201828003, 4774
11.739018201828003, 4773
11.759382724761963, 4772
11.767457008361816, 4771
11.78986120223999, 4770
11.798008441925049, 4769
11.820474624633789, 4768
11.830658674240112, 4767
11.85910153388977, 4766
11.85910153388977, 4765
11.879477500915527, 4764
11.88159441947937, 4763
11.889703035354614, 4762
11.899923086166382, 4761
11.910083055496216, 4760
11.910332441329956, 4759
11.922814846038818, 4758
11.932990789413452, 4757
11.951337337493896, 4756
11.9718337059021, 4755
11.981949090957642, 4754
12.025766372680664, 4753
12.056768894195557, 4752
12.077080488204956, 4751
12.08724308013916, 4750
12.105535745620728, 4749
12.137755870819092, 4748
12.137755870819092, 4747
12.168145179748535, 4746
12.168145179748535, 4745
12.176220417022705, 4744
12.178293943405151, 4743
12.178293943405151, 4742
12.186434984207153, 4741
12.25015377998352, 4740
12.280847072601318, 4739
12.30942153930664, 4738
12.340385675430298, 4737
12.362845182418823, 4736
12.362845182418823, 4735
12.381498098373413, 4734
12.403973817825317, 4733
12.403973817825317, 4732
12.412119150161743, 4731
12.424360275268555, 4730
12.424360275268555, 4729
12.475172281265259, 4728
12.475172281265259, 4727
12.505682468414307, 4726
12.587015390396118, 4725
12.595110177993774, 4724
12.615498542785645, 4723
12.617689371109009, 4722
12.625787019729614, 4721
12.636121273040771, 4720
12.658916234970093, 4719
12.667152166366577, 4718
12.717957735061646, 4717
12.796180725097656, 4716
12.811790466308594, 4715
12.834033489227295, 4714
12.88090991973877, 4713
12.88090991973877, 4712
12.88090991973877, 4711
12.88090991973877, 4710
12.912160396575928, 4709
12.941206693649292, 4708
12.951404333114624, 4707
12.979826927185059, 4706
13.002281188964844, 4705
13.012523651123047, 4704
13.012523651123047, 4703
13.022738456726074, 4702
13.03075647354126, 4701
13.032976627349854, 4700
13.061525583267212, 4699
13.063586473464966, 4698
13.07376742362976, 4697
13.1125328540802, 4696
13.122740983963013, 4695
13.165688753128052, 4694
13.175862550735474, 4693
13.186075448989868, 4692
13.196325540542603, 4691
13.196325540542603, 4690
13.204429864883423, 4689
13.204429864883423, 4688
13.206531524658203, 4687
13.21676754951477, 4686
13.21676754951477, 4685
13.234891891479492, 4684
13.321749687194824, 4683
13.335371494293213, 4682
13.467069625854492, 4681
13.467069625854492, 4680
13.467069625854492, 4679
13.467069625854492, 4678
13.513945579528809, 4677
13.513945579528809, 4676
13.529569864273071, 4675
13.546321392059326, 4674
13.587146282196045, 4673
13.587146282196045, 4672
13.634135007858276, 4671
13.668157815933228, 4670
13.703216075897217, 4669
13.703216075897217, 4668
13.73445987701416, 4667
13.73445987701416, 4666
13.819166660308838, 4665
13.850417375564575, 4664
13.910809516906738, 4663
13.941446542739868, 4662
13.951595544815063, 4661
13.961801052093506, 4660
13.961801052093506, 4659
13.982200860977173, 4658
13.990274906158447, 4657
14.002523183822632, 4656
14.022909879684448, 4655
14.022909879684448, 4654
14.03307819366455, 4653
14.07382845878601, 4652
14.10474681854248, 4651
14.12512993812561, 4650
14.135278940200806, 4649
14.155622720718384, 4648
14.16581130027771, 4647
14.175958156585693, 4646
14.245197772979736, 4645
14.24727177619934, 4644
14.257418870925903, 4643
14.277762413024902, 4642
14.298142433166504, 4641
14.30836296081543, 4640
14.318513870239258, 4639
14.34911298751831, 4638
14.369441986083984, 4637
14.387686729431152, 4636
14.40804648399353, 4635
14.418190479278564, 4634
14.450754165649414, 4633
14.450754165649414, 4632
14.450754165649414, 4631
14.460901260375977, 4630
14.481246709823608, 4629
14.542343854904175, 4628
14.613473653793335, 4627
14.613473653793335, 4626
14.641796588897705, 4625
14.67307710647583, 4624
14.704325675964355, 4623
14.719950914382935, 4622
14.719950914382935, 4621
14.719950914382935, 4620
14.744260787963867, 4619
14.744260787963867, 4618
14.795347690582275, 4617
14.836160898208618, 4616
14.856597423553467, 4615
14.937927007675171, 4614
14.937927007675171, 4613
14.946071147918701, 4612
14.958386421203613, 4611
15.019497632980347, 4610
15.0296049118042, 4609
15.0296049118042, 4608
15.049978256225586, 4607
15.100786209106445, 4606
15.11094355583191, 4605
15.118996858596802, 4604
15.12107539176941, 4603
15.151566982269287, 4602
15.161756038665771, 4601
15.171909093856812, 4600
15.222755193710327, 4599
15.29398226737976, 4598
15.326783895492554, 4597
15.334839344024658, 4596
15.33689260482788, 4595
15.347034454345703, 4594
15.387505054473877, 4593
15.387505054473877, 4592
15.3955659866333, 4591
15.448254346847534, 4590
15.448254346847534, 4589
15.468511819839478, 4588
15.476569890975952, 4587
15.48875093460083, 4586
15.498866319656372, 4585
15.51910948753357, 4584
15.51910948753357, 4583
15.51910948753357, 4582
15.51910948753357, 4581
15.529247999191284, 4580
15.529247999191284, 4579
15.539354801177979, 4578
15.551096677780151, 4577
15.590110063552856, 4576
15.610361576080322, 4575
15.630604028701782, 4574
15.630604028701782, 4573
15.65084457397461, 4572
15.660907506942749, 4571
15.660907506942749, 4570
15.681269884109497, 4569
15.681269884109497, 4568
15.689329624176025, 4567
15.72175145149231, 4566
15.73188829421997, 4565
15.739924907684326, 4564
15.739924907684326, 4563
15.741990804672241, 4562
15.752126455307007, 4561
15.782580137252808, 4560
15.782580137252808, 4559
15.782580137252808, 4558
15.79064655303955, 4557
15.79064655303955, 4556
15.79064655303955, 4555
15.792712688446045, 4554
15.792712688446045, 4553
15.821078300476074, 4552
15.821078300476074, 4551
15.83116102218628, 4550
15.833334684371948, 4549
15.863850355148315, 4548
15.923272132873535, 4547
15.954617977142334, 4546
16.023600339889526, 4545
16.023600339889526, 4544
16.039238214492798, 4543
16.054863691329956, 4542
16.054863691329956, 4541
16.086113214492798, 4540
16.086113214492798, 4539
16.10173988342285, 4538
16.117363691329956, 4537
16.13615584373474, 4536
16.144222497940063, 4535
16.33145785331726, 4534
16.347094774246216, 4533
16.36270761489868, 4532
16.378366231918335, 4531
16.394017219543457, 4530
16.409618139266968, 4529
16.409618139266968, 4528
16.41616654396057, 4527
16.41616654396057, 4526
16.447463512420654, 4525
16.447463512420654, 4524
16.463091135025024, 4523
16.478715896606445, 4522
16.494345664978027, 4521
16.494345664978027, 4520
16.50996422767639, 4519
16.518585443496704, 4518
16.55908489227295, 4517
16.589475870132446, 4516
16.663919687271118, 4515
16.748667240142822, 4514
16.76436948776245, 4513
16.76436948776245, 4512
16.76436948776245, 4511
16.76436948776245, 4510
16.81120467185974, 4509
16.81120467185974, 4508
16.8268301486969, 4507
16.8268301486969, 4506
16.8268301486969, 4505
16.891653299331665, 4504
16.891653299331665, 4503
16.91195511817932, 4502
16.930330276489258, 4501
16.932400941848755, 4500
16.94253396987915, 4499
16.97295331954956, 4498
16.98311185836792, 4497
16.991141319274902, 4496
17.01347041130066, 4495
17.01347041130066, 4494
17.01347041130066, 4493
17.023604154586792, 4492
17.033756017684937, 4491
17.033756017684937, 4490
17.033756017684937, 4489
17.041822910308838, 4488
17.043888807296753, 4487
17.043888807296753, 4486
17.05403208732605, 4485
17.06415820121765, 4484
17.082315683364868, 4483
17.094451427459717, 4482
17.102509021759033, 4481
17.11715340614319, 4480
17.147530794143677, 4479
17.147530794143677, 4478
17.177847623825073, 4477
17.1879665851593, 4476
17.1879665851593, 4475
17.1960506439209, 4474
17.198121786117554, 4473
17.206175804138184, 4472
17.21835970878601, 4471
17.228468418121338, 4470
17.228468418121338, 4469
17.246681690216064, 4468
17.258928775787354, 4467
17.258928775787354, 4466
17.258928775787354, 4465
17.279183387756348, 4464
17.287238836288452, 4463
17.30952000617981, 4462
17.31759762763977, 4461
17.339903831481934, 4460
17.35001564025879, 4459
17.368216037750244, 4458
17.370269298553467, 4457
17.400611877441406, 4456
17.449116706848145, 4455
17.46131706237793, 4454
17.46131706237793, 4453
17.46960735321045, 4452
17.46960735321045, 4451
17.46960735321045, 4450
17.47961688041687, 4449
17.49529480934143, 4448
17.51088786125183, 4447
17.542173147201538, 4446
17.5734121799469, 4445
17.5799298286438, 4444
17.59557819366455, 4443
17.61120343208313, 4442
17.61120343208313, 4441
17.64245057106018, 4440
17.64245057106018, 4439
17.658074617385864, 4438
17.68028211593628, 4437
17.68028211593628, 4436
17.692508697509766, 4435
17.692508697509766, 4434
17.700578927993774, 4433
17.702646017074585, 4432
17.712749481201172, 4431
17.722885608673096, 4430
17.733415842056274, 4429
17.733415842056274, 4428
17.75360107421875, 4427
17.753666639328003, 4426
17.753666639328003, 4425
17.794617176055908, 4424
17.804965496063232, 4423
17.81523084640503, 4422
17.833611726760864, 4421
17.833611726760864, 4420
17.953028678894043, 4419
17.953028678894043, 4418
18.00641417503357, 4417
18.00641417503357, 4416
18.037675380706787, 4415
18.037675380706787, 4414
18.037675380706787, 4413
18.08455801010132, 4412
18.106701612472534, 4411
18.122347593307495, 4410
18.122347593307495, 4409
18.15359926223755, 4408
18.15359926223755, 4407
18.15359926223755, 4406
18.16921877861023, 4405
18.16921877861023, 4404
18.16921877861023, 4403
18.184842824935913, 4402
18.219228267669678, 4401
18.259785413742065, 4400
18.259785413742065, 4399
18.259785413742065, 4398
18.26785707473755, 4397
18.280028581619263, 4396
18.290162563323975, 4395
18.320534467697144, 4394
18.33067297935486, 4393
18.33067297935486, 4392
18.35128140449524, 4391
18.361416816711426, 4390
18.361416816711426, 4389
18.381662845611572, 4388
18.391796350479126, 4387
18.452590465545654, 4386
18.462745189666748, 4385
18.462745189666748, 4384
18.472880840301514, 4383
18.48302936553955, 4382
18.50328278541565, 4381
18.513415336608887, 4380
18.513415336608887, 4379
18.523563861846924, 4378
18.553982496261597, 4377
18.553982496261597, 4376
18.584376096725464, 4375
18.594516277313232, 4374
18.60465431213379, 4373
18.60465431213379, 4372
18.614790201187134, 4371
18.675692796707153, 4370
18.706067323684692, 4369
18.726348400115967, 4368
18.73650598526001, 4367
18.807382345199585, 4366
18.817503929138184, 4365
18.82553791999817, 4364
18.837719202041626, 4363
18.855941772460938, 4362
18.911964416503906, 4361
18.911964416503906, 4360
18.927595853805542, 4359
18.927595853805542, 4358
18.958848237991333, 4357
18.958848237991333, 4356
18.958848237991333, 4355
18.974467515945435, 4354
19.02794575691223, 4353
19.02794575691223, 4352
19.059197187423706, 4351
19.090445280075073, 4350
19.159852266311646, 4349
19.190260648727417, 4348
19.220650672912598, 4347
19.228727340698242, 4346
19.23883581161499, 4345
19.25102400779724, 4344
19.25102400779724, 4343
19.271278381347656, 4342
19.289461374282837, 4341
19.301628828048706, 4340
19.31177592277527, 4339
19.321887254714966, 4338
19.342085123062134, 4337
19.352203607559204, 4336
19.36026358604431, 4335
19.382580995559692, 4334
19.382580995559692, 4333
19.44341492652893, 4332
19.46374797821045, 4331
19.534595012664795, 4330
19.593745231628418, 4329
19.595823764801025, 4328
19.616095781326294, 4327
19.641416311264038, 4326
19.649813413619995, 4325
19.649813413619995, 4324
19.668041706085205, 4323
19.678155660629272, 4322
19.71869421005249, 4321
19.71869421005249, 4320
19.71869421005249, 4319
19.726770639419556, 4318
19.736887454986572, 4317
19.74907350540161, 4316
19.76932168006897, 4315
19.76932168006897, 4314
19.76932168006897, 4313
19.80979824066162, 4312
19.80979824066162, 4311
19.86040425300598, 4310
19.86040425300598, 4309
19.86040425300598, 4308
19.981831789016724, 4307
20.02025079727173, 4306
20.04626703262329, 4305
20.083242893218994, 4304
20.093361377716064, 4303
20.093361377716064, 4302
20.123995065689087, 4301
20.215574741363525, 4300
20.22364640235901, 4299
20.22364640235901, 4298
20.277639150619507, 4297
20.30807065963745, 4296
20.30807065963745, 4295
20.3688485622406, 4294
20.37690305709839, 4293
20.389092922210693, 4292
20.429556131362915, 4291
20.439671277999878, 4290
20.457852602005005, 4289
20.459909200668335, 4288
20.46798062324524, 4287
20.48015522956848, 4286
20.510571002960205, 4285
20.510571002960205, 4284
20.57941246032715, 4283
20.591614246368408, 4282
20.601745128631592, 4281
20.66242480278015, 4280
20.66242480278015, 4279
20.67252230644226, 4278
20.682639598846436, 4277
20.69276738166809, 4276
20.733341693878174, 4275
20.753573179244995, 4274
20.794501781463623, 4273
20.804603576660156, 4272
20.814780235290527, 4271
20.835022449493408, 4270
20.84513545036316, 4269
20.85529637336731, 4268
20.893766403198242, 4267
20.905946016311646, 4266
20.966784477233887, 4265
20.976911067962646, 4264
20.976911067962646, 4263
21.0174400806427, 4262
21.057955980300903, 4261
21.068063974380493, 4260
21.078205585479736, 4259
21.078205585479736, 4258
21.098426818847656, 4257
21.11871337890625, 4256
21.136897087097168, 4255
21.138964653015137, 4254
21.19970464706421, 4253
21.270535707473755, 4252
21.280622959136963, 4251
21.361499309539795, 4250
21.392271280288696, 4249
21.46100640296936, 4248
21.50353217124939, 4247
21.531821966171265, 4246
21.54398250579834, 4245
21.54398250579834, 4244
21.574304580688477, 4243
21.602531909942627, 4242
21.634940147399902, 4241
21.65513324737549, 4240
21.66521954536438, 4239
21.746110439300537, 4238
21.756218671798706, 4237
21.784456491470337, 4236
21.794575452804565, 4235
21.835012674331665, 4234
21.929261445999146, 4233
21.948429346084595, 4232
21.966553926467896, 4231
22.01747488975525, 4230
22.059902667999268, 4229
22.079984188079834, 4228
22.090118885040283, 4227
22.110414505004883, 4226
22.1307110786438, 4225
22.140822172164917, 4224
22.150962114334106, 4223
22.17117404937744, 4222
22.23189902305603, 4221
22.23189902305603, 4220
22.320966243743896, 4219
22.333179473876953, 4218
22.341252326965332, 4217
22.343306064605713, 4216
22.363549947738647, 4215
22.363549947738647, 4214
22.373696088790894, 4213
22.381767511367798, 4212
22.381767511367798, 4211
22.381767511367798, 4210
22.393872022628784, 4209
22.404008388519287, 4208
22.424297094345093, 4207
22.47284197807312, 4206
22.55599856376648, 4205
22.57416081428528, 4204
22.63739538192749, 4203
22.655596256256104, 4202
22.66779589653015, 4201
22.738723754882812, 4200
22.748859167099, 4199
22.76908230781555, 4198
22.91085457801819, 4197
22.941284656524658, 4196
22.95141887664795, 4195
22.99199938774109, 4194
23.010221242904663, 4193
23.032578706741333, 4192
23.032578706741333, 4191
23.123793363571167, 4190
23.123793363571167, 4189
23.16431498527527, 4188
23.17445397377014, 4187
23.184594869613647, 4186
23.225502967834473, 4185
23.326836824417114, 4184
23.418002128601074, 4183
23.428157329559326, 4182
23.458504915237427, 4181
23.488945484161377, 4180
23.499078512191772, 4179
23.509231090545654, 4178
23.519373178482056, 4177
23.519373178482056, 4176
23.52952790260315, 4175
23.661277532577515, 4174
23.711863040924072, 4173
23.745328664779663, 4172
23.783385038375854, 4171
23.791457653045654, 4170
23.824323654174805, 4169
23.90544295310974, 4168
23.945945501327515, 4167
23.996683359146118, 4166
24.0473153591156, 4165
24.075670957565308, 4164
24.077735900878906, 4163
24.097994804382324, 4162
24.108123779296875, 4161
24.108123779296875, 4160
24.11822247505188, 4159
24.168928623199463, 4158
24.1770076751709, 4157
24.31084966659546, 4156
24.34127426147461, 4155
24.371685028076172, 4154
24.389893770217896, 4153
24.443089485168457, 4152
24.45323348045349, 4151
24.473482370376587, 4150
24.574824810028076, 4149
24.584969758987427, 4148
24.59514307975769, 4147
24.653805017471313, 4146
24.83615732192993, 4145
24.848371744155884, 4144
24.866585731506348, 4143
24.960009813308716, 4142
24.960009813308716, 4141
24.970142602920532, 4140
25.102332592010498, 4139
25.14291214942932, 4138
25.203805923461914, 4137
25.264635801315308, 4136
25.284948587417603, 4135
25.293039083480835, 4134
25.295114040374756, 4133
25.33565616607666, 4132
25.374140739440918, 4131
25.38635778427124, 4130
25.38635778427124, 4129
25.41684913635254, 4128
25.44744324684143, 4127
25.477880716323853, 4126
25.59964418411255, 4125
25.61785578727722, 4124
25.638105392456055, 4123
25.731646060943604, 4122
25.770084857940674, 4121
25.85693907737732, 4120
25.903817892074585, 4119
25.919438362121582, 4118
25.957287788391113, 4117
26.00415587425232, 4116
26.125035047531128, 4115
26.155402421951294, 4114
26.165513515472412, 4113
26.17559266090393, 4112
26.307624101638794, 4111
26.307624101638794, 4110
26.419088125228882, 4109
26.437254905700684, 4108
26.44942355155945, 4107
26.46966052055359, 4106
26.46966052055359, 4105
26.64176082611084, 4104
26.649829149246216, 4103
26.67216944694519, 4102
26.67216944694519, 4101
26.67216944694519, 4100
26.69061779975891, 4099
26.733309030532837, 4098
26.792136192321777, 4097
26.926403045654297, 4096
27.01539897918701, 4095
27.21904230117798, 4094
27.280770301818848, 4093
27.298967123031616, 4092
27.311129808425903, 4091
27.34962773323059, 4090
27.361841440200806, 4089
27.41243839263916, 4088
27.432690620422363, 4087
27.501548767089844, 4086
27.593148469924927, 4085
27.59520196914673, 4084
27.59520196914673, 4083
27.68644142150879, 4082
27.694495677947998, 4081
27.70667028427124, 4080
27.726958513259888, 4079
27.73502206802368, 4078
27.78569006919861, 4077
27.787745237350464, 4076
27.807985067367554, 4075
27.81809163093567, 4074
27.970125198364258, 4073
28.195319652557373, 4072
28.316766262054443, 4071
28.4282169342041, 4070
28.4282169342041, 4069
28.468692302703857, 4068
28.783180236816406, 4067
28.843892812728882, 4066
28.884679555892944, 4065
28.892732858657837, 4064
28.904908180236816, 4063
29.004101276397705, 4062
29.09727907180786, 4061
29.117506980895996, 4060
29.19848895072937, 4059
29.32800269126892, 4058
29.36893320083618, 4057
29.80957293510437, 4056
29.81766676902771, 4055
30.094372272491455, 4054
30.14048409461975, 4053
30.346225261688232, 4052
30.509172916412354, 4051
30.711907625198364, 4050
31.113009214401245, 4049
31.174760103225708, 4048
31.54380440711975, 4047
31.84044337272644, 4046
32.187615156173706, 4045
33.10650873184204, 4044
33.11677265167236, 4043
33.11677265167236, 4042
33.29053020477295, 4041
33.30919075012207, 4040
33.44089961051941, 4039
33.5629997253418, 4038
33.97120380401611, 4037
34.0017774105072, 4036
34.62288284301758, 4035
34.68798017501831, 4034
34.82121825218201, 4033
35.441200733184814, 4032
35.613834619522095, 4031
35.77744936943054, 4030
35.86966109275818, 4029
36.1773521900177, 4028
36.36997580528259, 4027
36.402750968933105, 4026
37.26220774650574, 4025
37.43406295776367, 4024
37.61514067649841, 4023
37.66200923919678, 4022
38.894158363342285, 4021
39.10573601722717, 4020
39.453190326690674, 4019
39.59252977371216, 4018
39.70185446739197, 4017
39.882272720336914, 4016
39.999390840530396, 4015
39.999390840530396, 4014
40.22365736961365, 4013
40.22365736961365, 4012
40.30463910102844, 4011
40.333271503448486, 4010
40.939467430114746, 4009
41.13050413131714, 4008
41.38608121871948, 4007
41.42452049255371, 4006
41.56883502006531, 4005
42.10218811035156, 4004
42.21816277503967, 4003
42.48583173751831, 4002
42.62387728691101, 4001
42.62387728691101, 4000
43.18758821487427, 3999
43.94308090209961, 3998
44.074629068374634, 3997
44.66488480567932, 3996
45.07817983627319, 3995
45.30363941192627, 3994
45.699928522109985, 3993
46.02430748939514, 3992
46.08502817153931, 3991
46.09308433532715, 3990
46.113325357437134, 3989
46.14586901664734, 3988
46.37697720527649, 3987
46.875813007354736, 3986
47.50490736961365, 3985
47.82938361167908, 3984
48.27044153213501, 3983
48.31904315948486, 3982
48.76602101325989, 3981
48.826765298843384, 3980
49.639511585235596, 3979
49.87862157821655, 3978
49.91340208053589, 3977
50.16440677642822, 3976
50.31922268867493, 3975
50.34822344779968, 3974
50.757601261138916, 3973
51.45136094093323, 3972
51.4850549697876, 3971
51.647839069366455, 3970
51.72318649291992, 3969
51.83283567428589, 3968
52.75554609298706, 3967
52.76565909385681, 3966
53.60606503486633, 3965
53.84624934196472, 3964
53.92109203338623, 3963
54.01011323928833, 3962
54.40888977050781, 3961
55.512415647506714, 3960
55.930872440338135, 3959
56.336589336395264, 3958
56.87429237365723, 3957
57.15588593482971, 3956
57.574299573898315, 3955
58.29608726501465, 3954
58.47860074043274, 3953
58.752602100372314, 3952
59.02590346336365, 3951
59.816460847854614, 3950
60.05200982093811, 3949
61.45133662223816, 3948
62.78208017349243, 3947
62.853041648864746, 3946
63.2871630191803, 3945
65.44462871551514, 3944
68.24271631240845, 3943
68.60353994369507, 3942
74.10863900184631, 3941
74.44441938400269, 3940
78.98395919799805, 3939
81.18880534172058, 3938
81.70636630058289, 3937
82.03096199035645, 3936
82.14237999916077, 3935
83.35547232627869, 3934
84.47848796844482, 3933
85.71023678779602, 3932
88.20923686027527, 3931
89.23528528213501, 3930
100.14230012893677, 3929
105.56267476081848, 3928
109.42241907119751, 3927
