0.06901264190673828, 7610
0.06901264190673828, 7609
0.06901264190673828, 7608
0.06901264190673828, 7607
0.06901264190673828, 7606
0.06901264190673828, 7605
0.06901264190673828, 7604
0.06901264190673828, 7603
0.06901264190673828, 7602
0.06901264190673828, 7601
0.06901264190673828, 7600
0.08463788032531738, 7599
0.08463788032531738, 7598
0.08463788032531738, 7597
0.08463788032531738, 7596
0.08463788032531738, 7595
0.08463788032531738, 7594
0.08463788032531738, 7593
0.08463788032531738, 7592
0.08463788032531738, 7591
0.08463788032531738, 7590
0.08463788032531738, 7589
0.08463788032531738, 7588
0.08463788032531738, 7587
0.08463788032531738, 7586
0.08463788032531738, 7585
0.08463788032531738, 7584
0.08463788032531738, 7583
0.10026097297668457, 7582
0.10026097297668457, 7581
0.10026097297668457, 7580
0.10026097297668457, 7579
0.10026097297668457, 7578
0.10026097297668457, 7577
0.10026097297668457, 7576
0.10026097297668457, 7575
0.10026097297668457, 7574
0.10026097297668457, 7573
0.10026097297668457, 7572
0.10026097297668457, 7571
0.10026097297668457, 7570
0.10026097297668457, 7569
0.10026097297668457, 7568
0.11588668823242188, 7567
0.11588668823242188, 7566
0.11588668823242188, 7565
0.11588668823242188, 7564
0.11588668823242188, 7563
0.11588668823242188, 7562
0.11588668823242188, 7561
0.11588668823242188, 7560
0.11588668823242188, 7559
0.11588668823242188, 7558
0.11588668823242188, 7557
0.11588668823242188, 7556
0.11588668823242188, 7555
0.11588668823242188, 7554
0.13151216506958008, 7553
0.13151216506958008, 7552
0.13151216506958008, 7551
0.13151216506958008, 7550
0.13151216506958008, 7549
0.13151216506958008, 7548
0.13151216506958008, 7547
0.13807010650634766, 7546
0.13807010650634766, 7545
0.14012432098388672, 7544
0.14012432098388672, 7543
0.14012432098388672, 7542
0.14012432098388672, 7541
0.14012432098388672, 7540
0.14012432098388672, 7539
0.14012432098388672, 7538
0.1481611728668213, 7537
0.1481611728668213, 7536
0.15021705627441406, 7535
0.15021705627441406, 7534
0.15021705627441406, 7533
0.15021705627441406, 7532
0.15021705627441406, 7531
0.15021705627441406, 7530
0.1607041358947754, 7529
0.1607041358947754, 7528
0.1607041358947754, 7527
0.1607041358947754, 7526
0.168778657913208, 7525
0.17090272903442383, 7524
0.17090272903442383, 7523
0.17090272903442383, 7522
0.17090272903442383, 7521
0.17090272903442383, 7520
0.17090272903442383, 7519
0.17090272903442383, 7518
0.17090272903442383, 7517
0.17891979217529297, 7516
0.17891979217529297, 7515
0.17891979217529297, 7514
0.1809375286102295, 7513
0.1809375286102295, 7512
0.1809375286102295, 7511
0.1809375286102295, 7510
0.1809375286102295, 7509
0.1809375286102295, 7508
0.1809375286102295, 7507
0.1809375286102295, 7506
0.1809375286102295, 7505
0.18898224830627441, 7504
0.19105029106140137, 7503
0.19105029106140137, 7502
0.19105029106140137, 7501
0.19105029106140137, 7500
0.19105029106140137, 7499
0.19105029106140137, 7498
0.19105029106140137, 7497
0.19105029106140137, 7496
0.19105029106140137, 7495
0.19910454750061035, 7494
0.19910454750061035, 7493
0.2011573314666748, 7492
0.2011573314666748, 7491
0.2011573314666748, 7490
0.2011573314666748, 7489
0.2011573314666748, 7488
0.2011573314666748, 7487
0.2011573314666748, 7486
0.2011573314666748, 7485
0.2011573314666748, 7484
0.20922017097473145, 7483
0.2120513916015625, 7482
0.21311163902282715, 7481
0.21416831016540527, 7480
0.2152237892150879, 7479
0.2162790298461914, 7478
0.21733474731445312, 7477
0.21733474731445312, 7476
0.21834540367126465, 7475
0.21991348266601562, 7474
0.22092223167419434, 7473
0.22248315811157227, 7472
0.22349214553833008, 7471
0.22353887557983398, 7470
0.2245640754699707, 7469
0.2245640754699707, 7468
0.2245640754699707, 7467
0.2245640754699707, 7466
0.23014426231384277, 7465
0.2322065830230713, 7464
0.2322065830230713, 7463
0.2322065830230713, 7462
0.2322065830230713, 7461
0.2322065830230713, 7460
0.2322065830230713, 7459
0.2322065830230713, 7458
0.2322065830230713, 7457
0.24027562141418457, 7456
0.24233078956604004, 7455
0.24233078956604004, 7454
0.24233078956604004, 7453
0.24233078956604004, 7452
0.24233078956604004, 7451
0.24233078956604004, 7450
0.24233078956604004, 7449
0.25038671493530273, 7448
0.25038671493530273, 7447
0.2524409294128418, 7446
0.2524409294128418, 7445
0.2524409294128418, 7444
0.2524409294128418, 7443
0.2524409294128418, 7442
0.2524409294128418, 7441
0.2524409294128418, 7440
0.2524409294128418, 7439
0.2524409294128418, 7438
0.2524409294128418, 7437
0.26048827171325684, 7436
0.26048827171325684, 7435
0.26254773139953613, 7434
0.26254773139953613, 7433
0.26254773139953613, 7432
0.26254773139953613, 7431
0.26254773139953613, 7430
0.26254773139953613, 7429
0.26254773139953613, 7428
0.26254773139953613, 7427
0.26254773139953613, 7426
0.2706007957458496, 7425
0.2706007957458496, 7424
0.2706007957458496, 7423
0.2726616859436035, 7422
0.2726616859436035, 7421
0.2726616859436035, 7420
0.2726616859436035, 7419
0.2726616859436035, 7418
0.2726616859436035, 7417
0.28075361251831055, 7416
0.28075361251831055, 7415
0.2828083038330078, 7414
0.2828083038330078, 7413
0.2828083038330078, 7412
0.2828083038330078, 7411
0.2828083038330078, 7410
0.2908449172973633, 7409
0.29314279556274414, 7408
0.29314279556274414, 7407
0.29314279556274414, 7406
0.29314279556274414, 7405
0.29314279556274414, 7404
0.29314279556274414, 7403
0.29314279556274414, 7402
0.30123066902160645, 7401
0.30123066902160645, 7400
0.3032958507537842, 7399
0.3032958507537842, 7398
0.3032958507537842, 7397
0.3032958507537842, 7396
0.3032958507537842, 7395
0.3113212585449219, 7394
0.3113212585449219, 7393
0.31332969665527344, 7392
0.31332969665527344, 7391
0.31332969665527344, 7390
0.31332969665527344, 7389
0.31332969665527344, 7388
0.31332969665527344, 7387
0.31332969665527344, 7386
0.32135581970214844, 7385
0.32158970832824707, 7384
0.3236207962036133, 7383
0.3236207962036133, 7382
0.3236207962036133, 7381
0.3236207962036133, 7380
0.3236207962036133, 7379
0.3236207962036133, 7378
0.3236207962036133, 7377
0.3236207962036133, 7376
0.33164119720458984, 7375
0.33164119720458984, 7374
0.3336520195007324, 7373
0.3336520195007324, 7372
0.3336520195007324, 7371
0.3336520195007324, 7370
0.3336520195007324, 7369
0.3336520195007324, 7368
0.3336520195007324, 7367
0.3336520195007324, 7366
0.3336520195007324, 7365
0.3416917324066162, 7364
0.3416917324066162, 7363
0.343703031539917, 7362
0.343703031539917, 7361
0.343703031539917, 7360
0.343703031539917, 7359
0.343703031539917, 7358
0.343703031539917, 7357
0.343703031539917, 7356
0.343703031539917, 7355
0.343703031539917, 7354
0.35175418853759766, 7353
0.35175418853759766, 7352
0.3538072109222412, 7351
0.3538072109222412, 7350
0.3538072109222412, 7349
0.3538072109222412, 7348
0.3538072109222412, 7347
0.3538072109222412, 7346
0.3538072109222412, 7345
0.36186933517456055, 7344
0.36186933517456055, 7343
0.36393022537231445, 7342
0.36393022537231445, 7341
0.36393022537231445, 7340
0.36393022537231445, 7339
0.36393022537231445, 7338
0.36393022537231445, 7337
0.36393022537231445, 7336
0.36393022537231445, 7335
0.36393022537231445, 7334
0.3719949722290039, 7333
0.3719949722290039, 7332
0.37406110763549805, 7331
0.37406110763549805, 7330
0.37406110763549805, 7329
0.37406110763549805, 7328
0.37406110763549805, 7327
0.37406110763549805, 7326
0.37406110763549805, 7325
0.3821432590484619, 7324
0.3821432590484619, 7323
0.3842017650604248, 7322
0.3842017650604248, 7321
0.3842017650604248, 7320
0.3842017650604248, 7319
0.3842017650604248, 7318
0.3842017650604248, 7317
0.3842017650604248, 7316
0.39226722717285156, 7315
0.39226722717285156, 7314
0.3943197727203369, 7313
0.3943197727203369, 7312
0.3943197727203369, 7311
0.3943197727203369, 7310
0.3943197727203369, 7309
0.3943197727203369, 7308
0.3943197727203369, 7307
0.3943197727203369, 7306
0.3943197727203369, 7305
0.4024050235748291, 7304
0.4044666290283203, 7303
0.4044666290283203, 7302
0.4044666290283203, 7301
0.4044666290283203, 7300
0.4044666290283203, 7299
0.4044666290283203, 7298
0.4125213623046875, 7297
0.4125213623046875, 7296
0.41457390785217285, 7295
0.41457390785217285, 7294
0.41457390785217285, 7293
0.41457390785217285, 7292
0.41457390785217285, 7291
0.41457390785217285, 7290
0.41457390785217285, 7289
0.4246978759765625, 7288
0.4246978759765625, 7287
0.4246978759765625, 7286
0.4246978759765625, 7285
0.4246978759765625, 7284
0.4246978759765625, 7283
0.4246978759765625, 7282
0.4327514171600342, 7281
0.4327514171600342, 7280
0.4327514171600342, 7279
0.43480587005615234, 7278
0.43480587005615234, 7277
0.43480587005615234, 7276
0.43480587005615234, 7275
0.4449441432952881, 7274
0.4449441432952881, 7273
0.4449441432952881, 7272
0.4449441432952881, 7271
0.4449441432952881, 7270
0.4449441432952881, 7269
0.4449441432952881, 7268
0.4449441432952881, 7267
0.4449441432952881, 7266
0.4449441432952881, 7265
0.45300745964050293, 7264
0.45300745964050293, 7263
0.4550628662109375, 7262
0.4550628662109375, 7261
0.4550628662109375, 7260
0.4550628662109375, 7259
0.4550628662109375, 7258
0.4550628662109375, 7257
0.4550628662109375, 7256
0.4550628662109375, 7255
0.4550628662109375, 7254
0.46312570571899414, 7253
0.46312570571899414, 7252
0.465191125869751, 7251
0.465191125869751, 7250
0.465191125869751, 7249
0.465191125869751, 7248
0.465191125869751, 7247
0.465191125869751, 7246
0.465191125869751, 7245
0.47324633598327637, 7244
0.47324633598327637, 7243
0.4752986431121826, 7242
0.4752986431121826, 7241
0.4752986431121826, 7240
0.4752986431121826, 7239
0.4752986431121826, 7238
0.4752986431121826, 7237
0.48337554931640625, 7236
0.48337554931640625, 7235
0.48543357849121094, 7234
0.48543357849121094, 7233
0.48543357849121094, 7232
0.48543357849121094, 7231
0.49349379539489746, 7230
0.49349379539489746, 7229
0.4955439567565918, 7228
0.4955439567565918, 7227
0.4955439567565918, 7226
0.4955439567565918, 7225
0.4955439567565918, 7224
0.4955439567565918, 7223
0.5036242008209229, 7222
0.5056784152984619, 7221
0.5056784152984619, 7220
0.5056784152984619, 7219
0.5056784152984619, 7218
0.5056784152984619, 7217
0.5056784152984619, 7216
0.5056784152984619, 7215
0.5056784152984619, 7214
0.5137438774108887, 7213
0.5137438774108887, 7212
0.5157990455627441, 7211
0.5157990455627441, 7210
0.5157990455627441, 7209
0.5157990455627441, 7208
0.5241622924804688, 7207
0.5262184143066406, 7206
0.5262184143066406, 7205
0.5262184143066406, 7204
0.5342724323272705, 7203
0.5342724323272705, 7202
0.5342724323272705, 7201
0.5363273620605469, 7200
0.5363273620605469, 7199
0.5363273620605469, 7198
0.5363273620605469, 7197
0.5363273620605469, 7196
0.5363273620605469, 7195
0.5363273620605469, 7194
0.5443708896636963, 7193
0.5444149971008301, 7192
0.5444149971008301, 7191
0.54646897315979, 7190
0.54646897315979, 7189
0.54646897315979, 7188
0.54646897315979, 7187
0.54646897315979, 7186
0.54646897315979, 7185
0.54646897315979, 7184
0.54646897315979, 7183
0.5545234680175781, 7182
0.5565776824951172, 7181
0.5565776824951172, 7180
0.5565776824951172, 7179
0.5565776824951172, 7178
0.5565776824951172, 7177
0.5565776824951172, 7176
0.5565776824951172, 7175
0.5646498203277588, 7174
0.5667047500610352, 7173
0.5667047500610352, 7172
0.5667047500610352, 7171
0.5667047500610352, 7170
0.5667047500610352, 7169
0.5667047500610352, 7168
0.5667047500610352, 7167
0.5667047500610352, 7166
0.5667047500610352, 7165
0.574765682220459, 7164
0.574765682220459, 7163
0.57682204246521, 7162
0.57682204246521, 7161
0.57682204246521, 7160
0.57682204246521, 7159
0.57682204246521, 7158
0.57682204246521, 7157
0.57682204246521, 7156
0.5849025249481201, 7155
0.5869638919830322, 7154
0.5869638919830322, 7153
0.5869638919830322, 7152
0.5869638919830322, 7151
0.5869638919830322, 7150
0.5869638919830322, 7149
0.5869638919830322, 7148
0.5869638919830322, 7147
0.5869638919830322, 7146
0.5950202941894531, 7145
0.5950202941894531, 7144
0.5970742702484131, 7143
0.5970742702484131, 7142
0.5970742702484131, 7141
0.5970742702484131, 7140
0.5970742702484131, 7139
0.5970742702484131, 7138
0.6051459312438965, 7137
0.6051459312438965, 7136
0.6051459312438965, 7135
0.6072041988372803, 7134
0.6072041988372803, 7133
0.6072041988372803, 7132
0.6072041988372803, 7131
0.6072041988372803, 7130
0.6072041988372803, 7129
0.6072041988372803, 7128
0.615257978439331, 7127
0.615257978439331, 7126
0.6173107624053955, 7125
0.6173107624053955, 7124
0.6173107624053955, 7123
0.6173107624053955, 7122
0.6173107624053955, 7121
0.6173107624053955, 7120
0.6173107624053955, 7119
0.6173107624053955, 7118
0.6173107624053955, 7117
0.6253950595855713, 7116
0.6253950595855713, 7115
0.6274511814117432, 7114
0.6274511814117432, 7113
0.6274511814117432, 7112
0.6274511814117432, 7111
0.6274511814117432, 7110
0.6355149745941162, 7109
0.6355149745941162, 7108
0.6355149745941162, 7107
0.6375720500946045, 7106
0.6375720500946045, 7105
0.6375720500946045, 7104
0.6375720500946045, 7103
0.6375720500946045, 7102
0.6375720500946045, 7101
0.6375720500946045, 7100
0.6375720500946045, 7099
0.6456649303436279, 7098
0.6477367877960205, 7097
0.6477367877960205, 7096
0.6477367877960205, 7095
0.6477367877960205, 7094
0.6477367877960205, 7093
0.6477367877960205, 7092
0.6477367877960205, 7091
0.6477367877960205, 7090
0.6558034420013428, 7089
0.6578702926635742, 7088
0.6578702926635742, 7087
0.6578702926635742, 7086
0.6578702926635742, 7085
0.6659061908721924, 7084
0.6659061908721924, 7083
0.6659061908721924, 7082
0.6679701805114746, 7081
0.6679701805114746, 7080
0.6679701805114746, 7079
0.6679701805114746, 7078
0.6679701805114746, 7077
0.676037073135376, 7076
0.6781027317047119, 7075
0.6781027317047119, 7074
0.6781027317047119, 7073
0.6781027317047119, 7072
0.6781027317047119, 7071
0.6781027317047119, 7070
0.6781027317047119, 7069
0.6781027317047119, 7068
0.6861696243286133, 7067
0.6861696243286133, 7066
0.6882383823394775, 7065
0.6882383823394775, 7064
0.6882383823394775, 7063
0.6882383823394775, 7062
0.6882383823394775, 7061
0.6963088512420654, 7060
0.6963088512420654, 7059
0.6963088512420654, 7058
0.698361873626709, 7057
0.698361873626709, 7056
0.7096841335296631, 7055
0.7096841335296631, 7054
0.7096841335296631, 7053
0.7177591323852539, 7052
0.7177591323852539, 7051
0.7198920249938965, 7050
0.7198920249938965, 7049
0.7198920249938965, 7048
0.7198920249938965, 7047
0.7198920249938965, 7046
0.7198920249938965, 7045
0.7198920249938965, 7044
0.7279849052429199, 7043
0.7279849052429199, 7042
0.7300353050231934, 7041
0.7300353050231934, 7040
0.7300353050231934, 7039
0.7300353050231934, 7038
0.7300353050231934, 7037
0.7300353050231934, 7036
0.7300353050231934, 7035
0.7300353050231934, 7034
0.7300353050231934, 7033
0.7380936145782471, 7032
0.7380936145782471, 7031
0.7380936145782471, 7030
0.7401456832885742, 7029
0.7401456832885742, 7028
0.7401456832885742, 7027
0.7401456832885742, 7026
0.7401456832885742, 7025
0.7401456832885742, 7024
0.7401456832885742, 7023
0.7401456832885742, 7022
0.7481918334960938, 7021
0.7502555847167969, 7020
0.7502555847167969, 7019
0.7502555847167969, 7018
0.7502555847167969, 7017
0.7502555847167969, 7016
0.7502555847167969, 7015
0.758312463760376, 7014
0.758312463760376, 7013
0.758312463760376, 7012
0.7603652477264404, 7011
0.7704682350158691, 7010
0.7704682350158691, 7009
0.7704682350158691, 7008
0.7704682350158691, 7007
0.7704682350158691, 7006
0.77852463722229, 7005
0.77852463722229, 7004
0.78057861328125, 7003
0.78057861328125, 7002
0.78057861328125, 7001
0.78057861328125, 7000
0.78057861328125, 6999
0.78057861328125, 6998
0.78057861328125, 6997
0.7886645793914795, 6996
0.7907521724700928, 6995
0.7907521724700928, 6994
0.7907521724700928, 6993
0.7907521724700928, 6992
0.7907521724700928, 6991
0.7907521724700928, 6990
0.7907521724700928, 6989
0.7988049983978271, 6988
0.7988049983978271, 6987
0.7988049983978271, 6986
0.7988049983978271, 6985
0.7988049983978271, 6984
0.7988049983978271, 6983
0.8089399337768555, 6982
0.811011791229248, 6981
0.811011791229248, 6980
0.811011791229248, 6979
0.811011791229248, 6978
0.811011791229248, 6977
0.811011791229248, 6976
0.811011791229248, 6975
0.811011791229248, 6974
0.8190672397613525, 6973
0.8190672397613525, 6972
0.8190672397613525, 6971
0.8211205005645752, 6970
0.8211205005645752, 6969
0.8211205005645752, 6968
0.8211205005645752, 6967
0.8211205005645752, 6966
0.8211205005645752, 6965
0.83184814453125, 6964
0.832909107208252, 6963
0.8339660167694092, 6962
0.8350450992584229, 6961
0.8361036777496338, 6960
0.8361036777496338, 6959
0.8371608257293701, 6958
0.8392679691314697, 6957
0.8403182029724121, 6956
0.8413805961608887, 6955
0.8434879779815674, 6954
0.8495926856994629, 6953
0.8495926856994629, 6952
0.8516371250152588, 6951
0.8516371250152588, 6950
0.8516371250152588, 6949
0.8516371250152588, 6948
0.8516371250152588, 6947
0.8516371250152588, 6946
0.8596916198730469, 6945
0.8596916198730469, 6944
0.8617446422576904, 6943
0.8617446422576904, 6942
0.8617446422576904, 6941
0.8617446422576904, 6940
0.8617446422576904, 6939
0.8617446422576904, 6938
0.8718864917755127, 6937
0.8718864917755127, 6936
0.8718864917755127, 6935
0.8718864917755127, 6934
0.8718864917755127, 6933
0.8718864917755127, 6932
0.8799400329589844, 6931
0.8799400329589844, 6930
0.8799400329589844, 6929
0.8819937705993652, 6928
0.8819937705993652, 6927
0.8819937705993652, 6926
0.8819937705993652, 6925
0.8819937705993652, 6924
0.8819937705993652, 6923
0.8900988101959229, 6922
0.8921587467193604, 6921
0.8921587467193604, 6920
0.8921587467193604, 6919
0.8921587467193604, 6918
0.8921587467193604, 6917
0.8921587467193604, 6916
0.8921587467193604, 6915
0.8921587467193604, 6914
0.8921587467193604, 6913
0.9002127647399902, 6912
0.9022791385650635, 6911
0.9022791385650635, 6910
0.9022791385650635, 6909
0.9022791385650635, 6908
0.9022791385650635, 6907
0.9022791385650635, 6906
0.9022791385650635, 6905
0.9103925228118896, 6904
0.9103925228118896, 6903
0.9103925228118896, 6902
0.9124553203582764, 6901
0.9124553203582764, 6900
0.9124553203582764, 6899
0.9124553203582764, 6898
0.9205143451690674, 6897
0.9205143451690674, 6896
0.9225673675537109, 6895
0.9225673675537109, 6894
0.9225673675537109, 6893
0.9225673675537109, 6892
0.9225673675537109, 6891
0.9306352138519287, 6890
0.9306352138519287, 6889
0.9326891899108887, 6888
0.9326891899108887, 6887
0.9326891899108887, 6886
0.9326891899108887, 6885
0.9326891899108887, 6884
0.9326891899108887, 6883
0.9326891899108887, 6882
0.9407432079315186, 6881
0.9407432079315186, 6880
0.9407432079315186, 6879
0.9427962303161621, 6878
0.9427962303161621, 6877
0.9427962303161621, 6876
0.9427962303161621, 6875
0.9427962303161621, 6874
0.9427962303161621, 6873
0.9427962303161621, 6872
0.9508905410766602, 6871
0.9529540538787842, 6870
0.9529540538787842, 6869
0.9529540538787842, 6868
0.9529540538787842, 6867
0.9529540538787842, 6866
0.9610195159912109, 6865
0.9610195159912109, 6864
0.9610195159912109, 6863
0.9630839824676514, 6862
0.9630839824676514, 6861
0.9630839824676514, 6860
0.9630839824676514, 6859
0.9630839824676514, 6858
0.9731588363647461, 6857
0.9731588363647461, 6856
0.9731588363647461, 6855
0.9731588363647461, 6854
0.9731588363647461, 6853
0.9811999797821045, 6852
0.9811999797821045, 6851
0.9832398891448975, 6850
0.9832398891448975, 6849
0.9832398891448975, 6848
0.9832398891448975, 6847
0.9832398891448975, 6846
0.9913613796234131, 6845
0.9934196472167969, 6844
0.9934196472167969, 6843
0.9934196472167969, 6842
1.003495216369629, 6841
1.011584758758545, 6840
1.0136253833770752, 6839
1.0136253833770752, 6838
1.0136253833770752, 6837
1.0136253833770752, 6836
1.0218141078948975, 6835
1.023869276046753, 6834
1.023869276046753, 6833
1.023869276046753, 6832
1.023869276046753, 6831
1.023869276046753, 6830
1.023869276046753, 6829
1.023869276046753, 6828
1.0319523811340332, 6827
1.0319523811340332, 6826
1.0340080261230469, 6825
1.0340080261230469, 6824
1.0340080261230469, 6823
1.0340080261230469, 6822
1.0420687198638916, 6821
1.044118881225586, 6820
1.044118881225586, 6819
1.044118881225586, 6818
1.044118881225586, 6817
1.044118881225586, 6816
1.044118881225586, 6815
1.044118881225586, 6814
1.044118881225586, 6813
1.0521998405456543, 6812
1.054408311843872, 6811
1.054408311843872, 6810
1.054408311843872, 6809
1.054408311843872, 6808
1.0645520687103271, 6807
1.0645520687103271, 6806
1.0645520687103271, 6805
1.0645520687103271, 6804
1.0645520687103271, 6803
1.0645520687103271, 6802
1.0645520687103271, 6801
1.0829226970672607, 6800
1.092937707901001, 6799
1.092937707901001, 6798
1.092937707901001, 6797
1.092937707901001, 6796
1.092937707901001, 6795
1.1087477207183838, 6794
1.1087477207183838, 6793
1.1087477207183838, 6792
1.1087477207183838, 6791
1.1242225170135498, 6790
1.1242225170135498, 6789
1.1242225170135498, 6788
1.1242225170135498, 6787
1.1242225170135498, 6786
1.1242225170135498, 6785
1.1242225170135498, 6784
1.1398403644561768, 6783
1.1398403644561768, 6782
1.1398403644561768, 6781
1.1398403644561768, 6780
1.1398403644561768, 6779
1.1398403644561768, 6778
1.155482292175293, 6777
1.155482292175293, 6776
1.1711034774780273, 6775
1.1711034774780273, 6774
1.1711034774780273, 6773
1.1711034774780273, 6772
1.1711034774780273, 6771
1.1711034774780273, 6770
1.1711034774780273, 6769
1.1867849826812744, 6768
1.1867849826812744, 6767
1.1928560733795166, 6766
1.1928560733795166, 6765
1.1928560733795166, 6764
1.1928560733795166, 6763
1.1928560733795166, 6762
1.1928560733795166, 6761
1.208496332168579, 6760
1.208496332168579, 6759
1.208496332168579, 6758
1.208496332168579, 6757
1.208496332168579, 6756
1.208496332168579, 6755
1.208496332168579, 6754
1.224250316619873, 6753
1.224250316619873, 6752
1.224250316619873, 6751
1.224250316619873, 6750
1.224250316619873, 6749
1.2397444248199463, 6748
1.2397444248199463, 6747
1.2397444248199463, 6746
1.2397444248199463, 6745
1.2397444248199463, 6744
1.2397444248199463, 6743
1.2397444248199463, 6742
1.2553696632385254, 6741
1.2553696632385254, 6740
1.2710461616516113, 6739
1.2710461616516113, 6738
1.2710461616516113, 6737
1.2710461616516113, 6736
1.2710461616516113, 6735
1.2710461616516113, 6734
1.2710461616516113, 6733
1.2710461616516113, 6732
1.2710461616516113, 6731
1.2710461616516113, 6730
1.2710461616516113, 6729
1.2710461616516113, 6728
1.2710461616516113, 6727
1.2710461616516113, 6726
1.2928152084350586, 6725
1.2928152084350586, 6724
1.2928152084350586, 6723
1.2948651313781738, 6722
1.2948651313781738, 6721
1.2948651313781738, 6720
1.2948651313781738, 6719
1.2948651313781738, 6718
1.3050200939178467, 6717
1.3050200939178467, 6716
1.3050200939178467, 6715
1.3050200939178467, 6714
1.3050200939178467, 6713
1.3050200939178467, 6712
1.3050200939178467, 6711
1.3130841255187988, 6710
1.3130841255187988, 6709
1.3151326179504395, 6708
1.3257663249969482, 6707
1.3257663249969482, 6706
1.335869550704956, 6705
1.335869550704956, 6704
1.335869550704956, 6703
1.335869550704956, 6702
1.3439548015594482, 6701
1.3463001251220703, 6700
1.3463001251220703, 6699
1.3545928001403809, 6698
1.3566279411315918, 6697
1.3566279411315918, 6696
1.3566279411315918, 6695
1.3566279411315918, 6694
1.3566279411315918, 6693
1.3667473793029785, 6692
1.3667473793029785, 6691
1.3748564720153809, 6690
1.3769176006317139, 6689
1.3769176006317139, 6688
1.3769176006317139, 6687
1.3769176006317139, 6686
1.3769176006317139, 6685
1.3769176006317139, 6684
1.3769176006317139, 6683
1.3871574401855469, 6682
1.3871574401855469, 6681
1.3871574401855469, 6680
1.3972992897033691, 6679
1.3972992897033691, 6678
1.4076902866363525, 6677
1.4157838821411133, 6676
1.4157838821411133, 6675
1.4157838821411133, 6674
1.4157838821411133, 6673
1.4157838821411133, 6672
1.4157838821411133, 6671
1.4157838821411133, 6670
1.4258627891540527, 6669
1.4258627891540527, 6668
1.4279286861419678, 6667
1.4279286861419678, 6666
1.4279286861419678, 6665
1.4381701946258545, 6664
1.4462404251098633, 6663
1.4462404251098633, 6662
1.4462404251098633, 6661
1.4462404251098633, 6660
1.4563288688659668, 6659
1.4585304260253906, 6658
1.4585304260253906, 6657
1.4585304260253906, 6656
1.4585304260253906, 6655
1.4666318893432617, 6654
1.4788055419921875, 6653
1.4870576858520508, 6652
1.4870576858520508, 6651
1.4870576858520508, 6650
1.4870576858520508, 6649
1.4992859363555908, 6648
1.4992859363555908, 6647
1.5096797943115234, 6646
1.5096797943115234, 6645
1.5096797943115234, 6644
1.5096797943115234, 6643
1.519871473312378, 6642
1.5279386043548584, 6641
1.529991626739502, 6640
1.529991626739502, 6639
1.5381865501403809, 6638
1.5403971672058105, 6637
1.5505857467651367, 6636
1.5586676597595215, 6635
1.5586676597595215, 6634
1.5813419818878174, 6633
1.591681718826294, 6632
1.591681718826294, 6631
1.591681718826294, 6630
1.599759817123413, 6629
1.6018223762512207, 6628
1.6098973751068115, 6627
1.6119403839111328, 6626
1.6119403839111328, 6625
1.6119403839111328, 6624
1.6201152801513672, 6623
1.6201152801513672, 6622
1.6324903964996338, 6621
1.6324903964996338, 6620
1.6324903964996338, 6619
1.642857551574707, 6618
1.642857551574707, 6617
1.642857551574707, 6616
1.6531288623809814, 6615
1.6531288623809814, 6614
1.6611626148223877, 6613
1.6611626148223877, 6612
1.6611626148223877, 6611
1.6611626148223877, 6610
1.6611626148223877, 6609
1.6820480823516846, 6608
1.6820480823516846, 6607
1.692159652709961, 6606
1.692159652709961, 6605
1.6941871643066406, 6604
1.6941871643066406, 6603
1.6941871643066406, 6602
1.6941871643066406, 6601
1.6941871643066406, 6600
1.6941871643066406, 6599
1.7022647857666016, 6598
1.704509973526001, 6597
1.704509973526001, 6596
1.704509973526001, 6595
1.7129254341125488, 6594
1.7129254341125488, 6593
1.7129254341125488, 6592
1.7129254341125488, 6591
1.7129254341125488, 6590
1.7251286506652832, 6589
1.7251286506652832, 6588
1.7251286506652832, 6587
1.7251286506652832, 6586
1.7432925701141357, 6585
1.7432925701141357, 6584
1.7432925701141357, 6583
1.7453563213348389, 6582
1.7453563213348389, 6581
1.7453563213348389, 6580
1.7557919025421143, 6579
1.7557919025421143, 6578
1.7557919025421143, 6577
1.7659235000610352, 6576
1.7659235000610352, 6575
1.7659235000610352, 6574
1.7659235000610352, 6573
1.774238109588623, 6572
1.774238109588623, 6571
1.7842748165130615, 6570
1.7865056991577148, 6569
1.7865056991577148, 6568
1.7865056991577148, 6567
1.7865056991577148, 6566
1.7946207523345947, 6565
1.7946207523345947, 6564
1.7966976165771484, 6563
1.7966976165771484, 6562
1.7966976165771484, 6561
1.8070378303527832, 6560
1.815126895904541, 6559
1.8173115253448486, 6558
1.8254551887512207, 6557
1.8254551887512207, 6556
1.8254551887512207, 6555
1.837815284729004, 6554
1.8479797840118408, 6553
1.8479797840118408, 6552
1.8479797840118408, 6551
1.8479797840118408, 6550
1.8583080768585205, 6549
1.8583080768585205, 6548
1.8583080768585205, 6547
1.8583080768585205, 6546
1.868408203125, 6545
1.868408203125, 6544
1.868408203125, 6543
1.868408203125, 6542
1.868408203125, 6541
1.8765041828155518, 6540
1.8765041828155518, 6539
1.8765041828155518, 6538
1.878570795059204, 6537
1.878570795059204, 6536
1.878570795059204, 6535
1.878570795059204, 6534
1.878570795059204, 6533
1.8869678974151611, 6532
1.8891034126281738, 6531
1.8891034126281738, 6530
1.8891034126281738, 6529
1.8891034126281738, 6528
1.8992335796356201, 6527
1.8992335796356201, 6526
1.8992335796356201, 6525
1.8992335796356201, 6524
1.907646894454956, 6523
1.907646894454956, 6522
1.9097423553466797, 6521
1.9097423553466797, 6520
1.9097423553466797, 6519
1.9097423553466797, 6518
1.9097423553466797, 6517
1.9097423553466797, 6516
1.9097423553466797, 6515
1.9097423553466797, 6514
1.9178540706634521, 6513
1.9178540706634521, 6512
1.9200289249420166, 6511
1.9200289249420166, 6510
1.9200289249420166, 6509
1.9200289249420166, 6508
1.9301669597625732, 6507
1.9301669597625732, 6506
1.9301669597625732, 6505
1.9301669597625732, 6504
1.9429411888122559, 6503
1.9429411888122559, 6502
1.9429411888122559, 6501
1.9429411888122559, 6500
1.9509785175323486, 6499
1.9530999660491943, 6498
1.9530999660491943, 6497
1.9530999660491943, 6496
1.9530999660491943, 6495
1.9530999660491943, 6494
1.9530999660491943, 6493
1.963249683380127, 6492
1.963249683380127, 6491
1.963249683380127, 6490
1.963249683380127, 6489
1.9736266136169434, 6488
1.9736266136169434, 6487
1.9736266136169434, 6486
1.9736266136169434, 6485
1.9816758632659912, 6484
1.9837028980255127, 6483
1.9837028980255127, 6482
1.993870735168457, 6481
1.993870735168457, 6480
1.993870735168457, 6479
2.0040695667266846, 6478
2.0040695667266846, 6477
2.0040695667266846, 6476
2.0141172409057617, 6475
2.0141172409057617, 6474
2.0141172409057617, 6473
2.0345115661621094, 6472
2.0427913665771484, 6471
2.0448110103607178, 6470
2.0448110103607178, 6469
2.0448110103607178, 6468
2.0448110103607178, 6467
2.0448110103607178, 6466
2.0448110103607178, 6465
2.055100917816162, 6464
2.055100917816162, 6463
2.0652503967285156, 6462
2.0652503967285156, 6461
2.0755279064178467, 6460
2.0755279064178467, 6459
2.0755279064178467, 6458
2.0835864543914795, 6457
2.085620403289795, 6456
2.093654155731201, 6455
2.1059000492095947, 6454
2.1159465312957764, 6453
2.1159465312957764, 6452
2.1159465312957764, 6451
2.1159465312957764, 6450
2.1279609203338623, 6449
2.1300480365753174, 6448
2.131091833114624, 6447
2.1384119987487793, 6446
2.1404671669006348, 6445
2.1404671669006348, 6444
2.1449921131134033, 6443
2.155064105987549, 6442
2.1572396755218506, 6441
2.1774675846099854, 6440
2.185507297515869, 6439
2.187696933746338, 6438
2.187696933746338, 6437
2.1980528831481934, 6436
2.208298683166504, 6435
2.208298683166504, 6434
2.208298683166504, 6433
2.208298683166504, 6432
2.2163546085357666, 6431
2.2163546085357666, 6430
2.2264387607574463, 6429
2.2264387607574463, 6428
2.238741159439087, 6427
2.238741159439087, 6426
2.2467947006225586, 6425
2.2594075202941895, 6424
2.2594075202941895, 6423
2.2594075202941895, 6422
2.2594075202941895, 6421
2.269496202468872, 6420
2.279628038406372, 6419
2.287757396697998, 6418
2.2899463176727295, 6417
2.3103275299072266, 6416
2.3103275299072266, 6415
2.318380117416382, 6414
2.328427314758301, 6413
2.3304595947265625, 6412
2.340752124786377, 6411
2.340752124786377, 6410
2.3508284091949463, 6409
2.3588907718658447, 6408
2.3588907718658447, 6407
2.3610122203826904, 6406
2.3610122203826904, 6405
2.3610122203826904, 6404
2.3610122203826904, 6403
2.3610122203826904, 6402
2.3610122203826904, 6401
2.3712053298950195, 6400
2.3712053298950195, 6399
2.3712053298950195, 6398
2.3712053298950195, 6397
2.3712053298950195, 6396
2.3813424110412598, 6395
2.3813424110412598, 6394
2.3813424110412598, 6393
2.3813424110412598, 6392
2.389505386352539, 6391
2.3915717601776123, 6390
2.3915717601776123, 6389
2.3915717601776123, 6388
2.3915717601776123, 6387
2.3915717601776123, 6386
2.3915717601776123, 6385
2.399641513824463, 6384
2.401684045791626, 6383
2.409719944000244, 6382
2.409719944000244, 6381
2.4117519855499268, 6380
2.4221975803375244, 6379
2.4221975803375244, 6378
2.4221975803375244, 6377
2.430255651473999, 6376
2.430255651473999, 6375
2.442559003829956, 6374
2.450589418411255, 6373
2.450589418411255, 6372
2.4631636142730713, 6371
2.4631636142730713, 6370
2.4631636142730713, 6369
2.471395254135132, 6368
2.4736666679382324, 6367
2.4736666679382324, 6366
2.4736666679382324, 6365
2.4736666679382324, 6364
2.4736666679382324, 6363
2.48173451423645, 6362
2.4837872982025146, 6361
2.491880416870117, 6360
2.491880416870117, 6359
2.493913173675537, 6358
2.5042724609375, 6357
2.5042724609375, 6356
2.5042724609375, 6355
2.5143847465515137, 6354
2.5143847465515137, 6353
2.524782180786133, 6352
2.524782180786133, 6351
2.524782180786133, 6350
2.524782180786133, 6349
2.524782180786133, 6348
2.524782180786133, 6347
2.532844305038452, 6346
2.532844305038452, 6345
2.532844305038452, 6344
2.5348622798919678, 6343
2.5429062843322754, 6342
2.5454161167144775, 6341
2.5474793910980225, 6340
2.5474793910980225, 6339
2.5474793910980225, 6338
2.5575695037841797, 6337
2.5575695037841797, 6336
2.5575695037841797, 6335
2.5677521228790283, 6334
2.577869415283203, 6333
2.577869415283203, 6332
2.577869415283203, 6331
2.577869415283203, 6330
2.577869415283203, 6329
2.577869415283203, 6328
2.577869415283203, 6327
2.588256597518921, 6326
2.588256597518921, 6325
2.588256597518921, 6324
2.588256597518921, 6323
2.5963292121887207, 6322
2.6065800189971924, 6321
2.6065800189971924, 6320
2.6065800189971924, 6319
2.6065800189971924, 6318
2.6065800189971924, 6317
2.6065800189971924, 6316
2.6065800189971924, 6315
2.6065800189971924, 6314
2.6166510581970215, 6313
2.618694305419922, 6312
2.618694305419922, 6311
2.618694305419922, 6310
2.628833532333374, 6309
2.628833532333374, 6308
2.628833532333374, 6307
2.628833532333374, 6306
2.628833532333374, 6305
2.628833532333374, 6304
2.639113426208496, 6303
2.639113426208496, 6302
2.639113426208496, 6301
2.639113426208496, 6300
2.6471989154815674, 6299
2.6471989154815674, 6298
2.649249792098999, 6297
2.649249792098999, 6296
2.6594369411468506, 6295
2.6594369411468506, 6294
2.6676225662231445, 6293
2.6799838542938232, 6292
2.6799838542938232, 6291
2.690427303314209, 6290
2.690427303314209, 6289
2.690427303314209, 6288
2.690427303314209, 6287
2.690427303314209, 6286
2.7005436420440674, 6285
2.7005436420440674, 6284
2.708658218383789, 6283
2.708658218383789, 6282
2.710710287094116, 6281
2.710710287094116, 6280
2.710710287094116, 6279
2.710710287094116, 6278
2.710710287094116, 6277
2.720939874649048, 6276
2.720939874649048, 6275
2.720939874649048, 6274
2.7413861751556396, 6273
2.7413861751556396, 6272
2.7413861751556396, 6271
2.7413861751556396, 6270
2.7494912147521973, 6269
2.7515532970428467, 6268
2.7515532970428467, 6267
2.7616708278656006, 6266
2.7616708278656006, 6265
2.7616708278656006, 6264
2.7616708278656006, 6263
2.7616708278656006, 6262
2.7616708278656006, 6261
2.7702231407165527, 6260
2.772258996963501, 6259
2.772258996963501, 6258
2.772258996963501, 6257
2.7823681831359863, 6256
2.7823681831359863, 6255
2.7823681831359863, 6254
2.7823681831359863, 6253
2.7906224727630615, 6252
2.792680025100708, 6251
2.792680025100708, 6250
2.792680025100708, 6249
2.792680025100708, 6248
2.792680025100708, 6247
2.792680025100708, 6246
2.8029415607452393, 6245
2.8029415607452393, 6244
2.8029415607452393, 6243
2.8029415607452393, 6242
2.823760509490967, 6241
2.823760509490967, 6240
2.83184814453125, 6239
2.8339016437530518, 6238
2.844015121459961, 6237
2.854339122772217, 6236
2.862396717071533, 6235
2.862396717071533, 6234
2.862396717071533, 6233
2.864449977874756, 6232
2.864449977874756, 6231
2.864449977874756, 6230
2.864449977874756, 6229
2.864449977874756, 6228
2.8747575283050537, 6227
2.8828256130218506, 6226
2.8848917484283447, 6225
2.8952174186706543, 6224
2.903383731842041, 6223
2.903383731842041, 6222
2.9054501056671143, 6221
2.9054501056671143, 6220
2.9155960083007812, 6219
2.9237518310546875, 6218
2.9237518310546875, 6217
2.925812244415283, 6216
2.925812244415283, 6215
2.925812244415283, 6214
2.925812244415283, 6213
2.925812244415283, 6212
2.925812244415283, 6211
2.925812244415283, 6210
2.9402787685394287, 6209
2.941429615020752, 6208
2.9568369388580322, 6207
2.9568369388580322, 6206
2.9669973850250244, 6205
2.9669973850250244, 6204
2.975039482116699, 6203
2.9750659465789795, 6202
2.9750659465789795, 6201
2.9771220684051514, 6200
2.9771220684051514, 6199
2.9771220684051514, 6198
2.9771220684051514, 6197
2.98773193359375, 6196
2.98773193359375, 6195
2.98773193359375, 6194
2.98773193359375, 6193
2.997844934463501, 6192
2.997844934463501, 6191
2.997844934463501, 6190
3.006049156188965, 6189
3.006049156188965, 6188
3.006049156188965, 6187
3.006049156188965, 6186
3.0181427001953125, 6185
3.0181427001953125, 6184
3.0262508392333984, 6183
3.0283026695251465, 6182
3.0283026695251465, 6181
3.0283026695251465, 6180
3.0283026695251465, 6179
3.038543224334717, 6178
3.0466551780700684, 6177
3.048708915710449, 6176
3.0591211318969727, 6175
3.0591211318969727, 6174
3.0591211318969727, 6173
3.0591211318969727, 6172
3.0694639682769775, 6171
3.0694639682769775, 6170
3.0694639682769775, 6169
3.079575300216675, 6168
3.08994197845459, 6167
3.08994197845459, 6166
3.08994197845459, 6165
3.08994197845459, 6164
3.098015785217285, 6163
3.098015785217285, 6162
3.098015785217285, 6161
3.100064277648926, 6160
3.1082098484039307, 6159
3.1082098484039307, 6158
3.1082098484039307, 6157
3.1102662086486816, 6156
3.1102662086486816, 6155
3.1102662086486816, 6154
3.118290901184082, 6153
3.1205270290374756, 6152
3.1205270290374756, 6151
3.1205270290374756, 6150
3.1205270290374756, 6149
3.1286461353302, 6148
3.1286461353302, 6147
3.130697727203369, 6146
3.130697727203369, 6145
3.130697727203369, 6144
3.1409099102020264, 6143
3.1409099102020264, 6142
3.1409099102020264, 6141
3.1409099102020264, 6140
3.1489498615264893, 6139
3.1489498615264893, 6138
3.1489498615264893, 6137
3.159512758255005, 6136
3.161561965942383, 6135
3.161561965942383, 6134
3.161561965942383, 6133
3.161561965942383, 6132
3.161561965942383, 6131
3.161561965942383, 6130
3.161561965942383, 6129
3.161561965942383, 6128
3.169914484024048, 6127
3.169914484024048, 6126
3.1719512939453125, 6125
3.1719512939453125, 6124
3.1719512939453125, 6123
3.180011510848999, 6122
3.1820740699768066, 6121
3.1925549507141113, 6120
3.1925549507141113, 6119
3.200618028640747, 6118
3.202779531478882, 6117
3.202779531478882, 6116
3.2108919620513916, 6115
3.212939739227295, 6114
3.212939739227295, 6113
3.212939739227295, 6112
3.2233645915985107, 6111
3.2233645915985107, 6110
3.2314515113830566, 6109
3.241619825363159, 6108
3.241619825363159, 6107
3.2436716556549072, 6106
3.262392282485962, 6105
3.2644379138946533, 6104
3.2727179527282715, 6103
3.274751901626587, 6102
3.274751901626587, 6101
3.284877300262451, 6100
3.284877300262451, 6099
3.2929656505584717, 6098
3.2929656505584717, 6097
3.2950170040130615, 6096
3.2950170040130615, 6095
3.2950170040130615, 6094
3.305340528488159, 6093
3.305340528488159, 6092
3.305340528488159, 6091
3.313427686691284, 6090
3.3154804706573486, 6089
3.3154804706573486, 6088
3.3154804706573486, 6087
3.3258087635040283, 6086
3.3258087635040283, 6085
3.3360719680786133, 6084
3.3360719680786133, 6083
3.3360719680786133, 6082
3.344130754470825, 6081
3.346179723739624, 6080
3.3565683364868164, 6079
3.364650011062622, 6078
3.364650011062622, 6077
3.36669921875, 6076
3.36669921875, 6075
3.36669921875, 6074
3.36669921875, 6073
3.36669921875, 6072
3.36669921875, 6071
3.3748159408569336, 6070
3.376868963241577, 6069
3.376868963241577, 6068
3.376868963241577, 6067
3.376868963241577, 6066
3.376868963241577, 6065
3.376868963241577, 6064
3.376868963241577, 6063
3.38493013381958, 6062
3.3871920108795166, 6061
3.3952956199645996, 6060
3.3952956199645996, 6059
3.3952956199645996, 6058
3.405388832092285, 6057
3.4074575901031494, 6056
3.4074575901031494, 6055
3.4155707359313965, 6054
3.41766619682312, 6053
3.41766619682312, 6052
3.41766619682312, 6051
3.425741195678711, 6050
3.425741195678711, 6049
3.4359569549560547, 6048
3.437992811203003, 6047
3.437992811203003, 6046
3.448099374771118, 6045
3.448099374771118, 6044
3.4588568210601807, 6043
3.4588568210601807, 6042
3.4588568210601807, 6041
3.4588568210601807, 6040
3.4690372943878174, 6039
3.4690372943878174, 6038
3.4690372943878174, 6037
3.4690372943878174, 6036
3.4791719913482666, 6035
3.4791719913482666, 6034
3.4873154163360596, 6033
3.4896042346954346, 6032
3.4896042346954346, 6031
3.4896042346954346, 6030
3.4997472763061523, 6029
3.4997472763061523, 6028
3.4997472763061523, 6027
3.5078063011169434, 6026
3.509857416152954, 6025
3.520176410675049, 6024
3.520176410675049, 6023
3.520176410675049, 6022
3.5302867889404297, 6021
3.5302867889404297, 6020
3.5302867889404297, 6019
3.5406551361083984, 6018
3.548718214035034, 6017
3.548718214035034, 6016
3.5507681369781494, 6015
3.558845043182373, 6014
3.558845043182373, 6013
3.560899019241333, 6012
3.560899019241333, 6011
3.560899019241333, 6010
3.560899019241333, 6009
3.560899019241333, 6008
3.571293830871582, 6007
3.571293830871582, 6006
3.571293830871582, 6005
3.579388380050659, 6004
3.5814385414123535, 6003
3.5814385414123535, 6002
3.591644525527954, 6001
3.591644525527954, 6000
3.591644525527954, 5999
3.591644525527954, 5998
3.591644525527954, 5997
3.6017773151397705, 5996
3.6017773151397705, 5995
3.609833240509033, 5994
3.611884832382202, 5993
3.6204440593719482, 5992
3.622528076171875, 5991
3.622528076171875, 5990
3.622528076171875, 5989
3.630596876144409, 5988
3.630596876144409, 5987
3.630596876144409, 5986
3.63264536857605, 5985
3.63264536857605, 5984
3.63264536857605, 5983
3.63264536857605, 5982
3.63264536857605, 5981
3.642747163772583, 5980
3.642747163772583, 5979
3.642747163772583, 5978
3.642747163772583, 5977
3.650803327560425, 5976
3.650803327560425, 5975
3.6529908180236816, 5974
3.661083936691284, 5973
3.6631343364715576, 5972
3.6631343364715576, 5971
3.6631343364715576, 5970
3.673675537109375, 5969
3.673675537109375, 5968
3.673675537109375, 5967
3.673675537109375, 5966
3.673675537109375, 5965
3.6817564964294434, 5964
3.6817564964294434, 5963
3.6817564964294434, 5962
3.6838085651397705, 5961
3.6838085651397705, 5960
3.691875696182251, 5959
3.691875696182251, 5958
3.7041661739349365, 5957
3.7142722606658936, 5956
3.7142722606658936, 5955
3.7248291969299316, 5954
3.7248291969299316, 5953
3.7248291969299316, 5952
3.7248291969299316, 5951
3.7248291969299316, 5950
3.732879400253296, 5949
3.7349131107330322, 5948
3.7450480461120605, 5947
3.7450480461120605, 5946
3.7450480461120605, 5945
3.7555079460144043, 5944
3.7555079460144043, 5943
3.7555079460144043, 5942
3.7555079460144043, 5941
3.7555079460144043, 5940
3.7635498046875, 5939
3.7635498046875, 5938
3.7635498046875, 5937
3.7660725116729736, 5936
3.7660725116729736, 5935
3.7660725116729736, 5934
3.7660725116729736, 5933
3.774104356765747, 5932
3.776153326034546, 5931
3.776153326034546, 5930
3.776153326034546, 5929
3.78635835647583, 5928
3.78635835647583, 5927
3.794404983520508, 5926
3.7964718341827393, 5925
3.7964718341827393, 5924
3.8068954944610596, 5923
3.8068954944610596, 5922
3.814966917037964, 5921
3.8170158863067627, 5920
3.827155351638794, 5919
3.827155351638794, 5918
3.827155351638794, 5917
3.827155351638794, 5916
3.827155351638794, 5915
3.827155351638794, 5914
3.827155351638794, 5913
3.8454949855804443, 5912
3.8475472927093506, 5911
3.8475472927093506, 5910
3.8475472927093506, 5909
3.8475472927093506, 5908
3.8475472927093506, 5907
3.8557848930358887, 5906
3.857856273651123, 5905
3.857856273651123, 5904
3.857856273651123, 5903
3.8659634590148926, 5902
3.8659634590148926, 5901
3.868021011352539, 5900
3.8781418800354004, 5899
3.8781418800354004, 5898
3.8781418800354004, 5897
3.886415481567383, 5896
3.8884453773498535, 5895
3.8884453773498535, 5894
3.898555040359497, 5893
3.898555040359497, 5892
3.898555040359497, 5891
3.906911611557007, 5890
3.908965587615967, 5889
3.908965587615967, 5888
3.908965587615967, 5887
3.908965587615967, 5886
3.908965587615967, 5885
3.9192872047424316, 5884
3.9274332523345947, 5883
3.9274332523345947, 5882
3.939746856689453, 5881
3.939746856689453, 5880
3.939746856689453, 5879
3.947849750518799, 5878
3.947849750518799, 5877
3.947849750518799, 5876
3.9499058723449707, 5875
3.9499058723449707, 5874
3.9600558280944824, 5873
3.9681363105773926, 5872
3.9802489280700684, 5871
3.990384578704834, 5870
3.990384578704834, 5869
3.990384578704834, 5868
3.990384578704834, 5867
3.990384578704834, 5866
3.990384578704834, 5865
3.990384578704834, 5864
4.000538110733032, 5863
4.000538110733032, 5862
4.000538110733032, 5861
4.0086445808410645, 5860
4.010700941085815, 5859
4.010700941085815, 5858
4.010700941085815, 5857
4.010700941085815, 5856
4.010700941085815, 5855
4.010700941085815, 5854
4.020915746688843, 5853
4.020915746688843, 5852
4.020915746688843, 5851
4.029030084609985, 5850
4.031081199645996, 5849
4.031081199645996, 5848
4.04140567779541, 5847
4.04140567779541, 5846
4.049492120742798, 5845
4.051539421081543, 5844
4.059598684310913, 5843
4.059598684310913, 5842
4.059598684310913, 5841
4.061646938323975, 5840
4.061646938323975, 5839
4.061646938323975, 5838
4.069854736328125, 5837
4.069854736328125, 5836
4.081982612609863, 5835
4.09218430519104, 5834
4.09218430519104, 5833
4.09218430519104, 5832
4.110491514205933, 5831
4.112544536590576, 5830
4.112544536590576, 5829
4.133124351501465, 5828
4.133124351501465, 5827
4.133124351501465, 5826
4.141183137893677, 5825
4.143233060836792, 5824
4.143233060836792, 5823
4.143233060836792, 5822
4.143233060836792, 5821
4.153564691543579, 5820
4.153564691543579, 5819
4.153564691543579, 5818
4.161634206771851, 5817
4.171936988830566, 5816
4.17401385307312, 5815
4.17401385307312, 5814
4.17401385307312, 5813
4.18206787109375, 5812
4.184096336364746, 5811
4.184096336364746, 5810
4.192179918289185, 5809
4.192179918289185, 5808
4.194233655929565, 5807
4.194233655929565, 5806
4.204508304595947, 5805
4.204508304595947, 5804
4.204508304595947, 5803
4.204508304595947, 5802
4.214656591415405, 5801
4.222762107849121, 5800
4.222762107849121, 5799
4.243024110794067, 5798
4.243024110794067, 5797
4.243024110794067, 5796
4.2553606033325195, 5795
4.263447046279907, 5794
4.273584842681885, 5793
4.273584842681885, 5792
4.273584842681885, 5791
4.2836010456085205, 5790
4.2836010456085205, 5789
4.2836010456085205, 5788
4.2836010456085205, 5787
4.322850704193115, 5786
4.322850704193115, 5785
4.325850248336792, 5784
4.3348517417907715, 5783
4.335850477218628, 5782
4.33985161781311, 5781
4.33985161781311, 5780
4.342491149902344, 5779
4.342491149902344, 5778
4.342491149902344, 5777
4.358116149902344, 5776
4.358116149902344, 5775
4.358116149902344, 5774
4.358116149902344, 5773
4.358116149902344, 5772
4.358116149902344, 5771
4.373780012130737, 5770
4.376617193222046, 5769
4.384626865386963, 5768
4.388626575469971, 5767
4.388626575469971, 5766
4.392654180526733, 5765
4.392654180526733, 5764
4.392654180526733, 5763
4.3966569900512695, 5762
4.3966569900512695, 5761
4.400618076324463, 5760
4.400618076324463, 5759
4.424618244171143, 5758
4.4560160636901855, 5757
4.4560160636901855, 5756
4.4560160636901855, 5755
4.4560160636901855, 5754
4.4560160636901855, 5753
4.4560160636901855, 5752
4.471639633178711, 5751
4.471639633178711, 5750
4.471639633178711, 5749
4.471639633178711, 5748
4.484645843505859, 5747
4.484645843505859, 5746
4.484645843505859, 5745
4.484645843505859, 5744
4.484645843505859, 5743
4.500861167907715, 5742
4.514204263687134, 5741
4.523406744003296, 5740
4.527409315109253, 5739
4.535450220108032, 5738
4.535450220108032, 5737
4.535450220108032, 5736
4.547407627105713, 5735
4.551440477371216, 5734
4.555438041687012, 5733
4.555438041687012, 5732
4.555438041687012, 5731
4.559402704238892, 5730
4.559402704238892, 5729
4.567101240158081, 5728
4.571142673492432, 5727
4.575104713439941, 5726
4.575104713439941, 5725
4.591102600097656, 5724
4.595102310180664, 5723
4.603102684020996, 5722
4.603102684020996, 5721
4.603102684020996, 5720
4.603102684020996, 5719
4.611115217208862, 5718
4.615105867385864, 5717
4.615105867385864, 5716
4.615105867385864, 5715
4.615105867385864, 5714
4.635103464126587, 5713
4.635103464126587, 5712
4.643104076385498, 5711
4.643104076385498, 5710
4.651106595993042, 5709
4.659103870391846, 5708
4.6671223640441895, 5707
4.679112434387207, 5706
4.683116436004639, 5705
4.691114664077759, 5704
4.695106267929077, 5703
4.699108600616455, 5702
4.723106145858765, 5701
4.723106145858765, 5700
4.727104425430298, 5699
4.727104425430298, 5698
4.727104425430298, 5697
4.731107950210571, 5696
4.735112428665161, 5695
4.739155530929565, 5694
4.7471232414245605, 5693
4.7471232414245605, 5692
4.7511022090911865, 5691
4.755110740661621, 5690
4.755110740661621, 5689
4.755110740661621, 5688
4.755110740661621, 5687
4.763107776641846, 5686
4.763107776641846, 5685
4.767110824584961, 5684
4.775104999542236, 5683
4.779104232788086, 5682
4.779104232788086, 5681
4.787103176116943, 5680
4.799104928970337, 5679
4.815101385116577, 5678
4.815101385116577, 5677
4.8351054191589355, 5676
4.8351054191589355, 5675
4.839107036590576, 5674
4.839107036590576, 5673
4.839107036590576, 5672
4.843108177185059, 5671
4.843108177185059, 5670
4.843108177185059, 5669
4.8471081256866455, 5668
4.8471081256866455, 5667
4.851145267486572, 5666
4.855108737945557, 5665
4.855108737945557, 5664
4.863107681274414, 5663
4.863107681274414, 5662
4.867116689682007, 5661
4.875114679336548, 5660
4.879112482070923, 5659
4.883108377456665, 5658
4.887148857116699, 5657
4.911105394363403, 5656
4.983212471008301, 5655
4.995108366012573, 5654
4.999112367630005, 5653
5.015108346939087, 5652
5.015108346939087, 5651
5.015108346939087, 5650
5.031102180480957, 5649
5.031102180480957, 5648
5.043105363845825, 5647
5.043105363845825, 5646
5.043105363845825, 5645
5.05517840385437, 5644
5.05517840385437, 5643
5.05517840385437, 5642
5.06310510635376, 5641
5.06310510635376, 5640
5.06310510635376, 5639
5.06310510635376, 5638
5.067105531692505, 5637
5.075111389160156, 5636
5.075111389160156, 5635
5.075111389160156, 5634
5.079110145568848, 5633
5.079110145568848, 5632
5.079110145568848, 5631
5.0911171436309814, 5630
5.11110258102417, 5629
5.11110258102417, 5628
5.11110258102417, 5627
5.115116596221924, 5626
5.115116596221924, 5625
5.115116596221924, 5624
5.119106292724609, 5623
5.123106479644775, 5622
5.123106479644775, 5621
5.1271092891693115, 5620
5.1271092891693115, 5619
5.1271092891693115, 5618
5.1311094760894775, 5617
5.1311094760894775, 5616
5.135107755661011, 5615
5.143182754516602, 5614
5.147105932235718, 5613
5.147105932235718, 5612
5.147105932235718, 5611
5.151105880737305, 5610
5.159106492996216, 5609
5.159106492996216, 5608
5.183104038238525, 5607
5.191108226776123, 5606
5.195104122161865, 5605
5.199113607406616, 5604
5.207105875015259, 5603
5.207105875015259, 5602
5.211110353469849, 5601
5.219106912612915, 5600
5.2271082401275635, 5599
5.231104612350464, 5598
5.243105411529541, 5597
5.255110740661621, 5596
5.2591023445129395, 5595
5.263104677200317, 5594
5.2671058177948, 5593
5.2671058177948, 5592
5.27110481262207, 5591
5.291104555130005, 5590
5.303103446960449, 5589
5.303103446960449, 5588
5.3071043491363525, 5587
5.3071043491363525, 5586
5.315104246139526, 5585
5.323105812072754, 5584
5.32710862159729, 5583
5.331103324890137, 5582
5.331103324890137, 5581
5.335104465484619, 5580
5.335104465484619, 5579
5.339106559753418, 5578
5.339106559753418, 5577
5.351103067398071, 5576
5.355103015899658, 5575
5.355103015899658, 5574
5.355103015899658, 5573
5.355103015899658, 5572
5.359106779098511, 5571
5.359106779098511, 5570
5.403115272521973, 5569
5.415109395980835, 5568
5.44071364402771, 5567
5.44071364402771, 5566
5.44071364402771, 5565
5.460709095001221, 5564
5.460709095001221, 5563
5.4647510051727295, 5562
5.472708463668823, 5561
5.472708463668823, 5560
5.476710319519043, 5559
5.488712549209595, 5558
5.500711917877197, 5557
5.504709005355835, 5556
5.508709669113159, 5555
5.508709669113159, 5554
5.512710809707642, 5553
5.512710809707642, 5552
5.516709804534912, 5551
5.520710706710815, 5550
5.524712085723877, 5549
5.528710126876831, 5548
5.532709121704102, 5547
5.532709121704102, 5546
5.548708438873291, 5545
5.552708387374878, 5544
5.552708387374878, 5543
5.556709289550781, 5542
5.556709289550781, 5541
5.560710430145264, 5540
5.560710430145264, 5539
5.5647101402282715, 5538
5.568708896636963, 5537
5.568708896636963, 5536
5.572710037231445, 5535
5.588710308074951, 5534
5.596709489822388, 5533
5.596709489822388, 5532
5.616711378097534, 5531
5.620711088180542, 5530
5.620711088180542, 5529
5.620711088180542, 5528
5.624709606170654, 5527
5.628710746765137, 5526
5.634739398956299, 5525
5.6357903480529785, 5524
5.645323753356934, 5523
5.646396160125732, 5522
5.650409698486328, 5521
5.670408725738525, 5520
5.670408725738525, 5519
5.674411296844482, 5518
5.674411296844482, 5517
5.6784446239471436, 5516
5.6784446239471436, 5515
5.6784446239471436, 5514
5.682453632354736, 5513
5.682453632354736, 5512
5.698461055755615, 5511
5.71041464805603, 5510
5.718438625335693, 5509
5.726414680480957, 5508
5.726414680480957, 5507
5.730413913726807, 5506
5.738417148590088, 5505
5.742408037185669, 5504
5.742408037185669, 5503
5.7464423179626465, 5502
5.75444221496582, 5501
5.7664475440979, 5500
5.7664475440979, 5499
5.770446300506592, 5498
5.770446300506592, 5497
5.770446300506592, 5496
5.770446300506592, 5495
5.7744481563568115, 5494
5.782450437545776, 5493
5.786445140838623, 5492
5.802406072616577, 5491
5.806408166885376, 5490
5.806408166885376, 5489
5.810406923294067, 5488
5.810406923294067, 5487
5.834447145462036, 5486
5.834447145462036, 5485
5.834447145462036, 5484
5.838447093963623, 5483
5.842446327209473, 5482
5.842446327209473, 5481
5.842446327209473, 5480
5.846447229385376, 5479
5.846447229385376, 5478
5.850407361984253, 5477
5.854448318481445, 5476
5.854448318481445, 5475
5.8584065437316895, 5474
5.8584065437316895, 5473
5.866445064544678, 5472
5.882450342178345, 5471
5.886448621749878, 5470
5.892591238021851, 5469
5.892591238021851, 5468
5.896537780761719, 5467
5.896537780761719, 5466
5.896537780761719, 5465
5.896537780761719, 5464
5.902668476104736, 5463
5.910672426223755, 5462
5.910672426223755, 5461
5.914698362350464, 5460
5.9186930656433105, 5459
5.922693967819214, 5458
5.922693967819214, 5457
5.922693967819214, 5456
5.922693967819214, 5455
5.9307379722595215, 5454
5.9307379722595215, 5453
5.934743404388428, 5452
5.936940431594849, 5451
5.940976619720459, 5450
5.940976619720459, 5449
5.940976619720459, 5448
5.944976568222046, 5447
5.957022666931152, 5446
5.961033582687378, 5445
5.961033582687378, 5444
5.9650657176971436, 5443
5.969064950942993, 5442
5.969064950942993, 5441
5.973088264465332, 5440
5.973088264465332, 5439
5.9811131954193115, 5438
5.99222731590271, 5437
5.99222731590271, 5436
5.996237516403198, 5435
6.00028657913208, 5434
6.00028657913208, 5433
6.00028657913208, 5432
6.00028657913208, 5431
6.004236936569214, 5430
6.014216423034668, 5429
6.014216423034668, 5428
6.014216423034668, 5427
6.014216423034668, 5426
6.014216423034668, 5425
6.018272399902344, 5424
6.022253513336182, 5423
6.022253513336182, 5422
6.022253513336182, 5421
6.022253513336182, 5420
6.0262486934661865, 5419
6.0262486934661865, 5418
6.03026008605957, 5417
6.0382981300354, 5416
6.042308807373047, 5415
6.042308807373047, 5414
6.042308807373047, 5413
6.046350717544556, 5412
6.0503106117248535, 5411
6.052439451217651, 5410
6.056425333023071, 5409
6.056425333023071, 5408
6.0604259967803955, 5407
6.0604259967803955, 5406
6.0604259967803955, 5405
6.0604259967803955, 5404
6.064445495605469, 5403
6.072478771209717, 5402
6.08452582359314, 5401
6.08452582359314, 5400
6.08452582359314, 5399
6.088554382324219, 5398
6.088554382324219, 5397
6.088554382324219, 5396
6.088554382324219, 5395
6.092572927474976, 5394
6.092572927474976, 5393
6.096571683883667, 5392
6.096571683883667, 5391
6.104841947555542, 5390
6.104841947555542, 5389
6.108841419219971, 5388
6.120891094207764, 5387
6.1249003410339355, 5386
6.1289379596710205, 5385
6.1289379596710205, 5384
6.135111093521118, 5383
6.139150857925415, 5382
6.1431519985198975, 5381
6.145122766494751, 5380
6.145122766494751, 5379
6.157172918319702, 5378
6.167473793029785, 5377
6.171513557434082, 5376
6.177668809890747, 5375
6.177668809890747, 5374
6.18170690536499, 5373
6.18170690536499, 5372
6.193751573562622, 5371
6.197754144668579, 5370
6.200750112533569, 5369
6.200750112533569, 5368
6.204787731170654, 5367
6.212806940078735, 5366
6.212806940078735, 5365
6.228878974914551, 5364
6.228878974914551, 5363
6.228878974914551, 5362
6.232877254486084, 5361
6.235159397125244, 5360
6.23919415473938, 5359
6.247207880020142, 5358
6.247207880020142, 5357
6.251245021820068, 5356
6.251245021820068, 5355
6.255248069763184, 5354
6.259259939193726, 5353
6.259259939193726, 5352
6.269423723220825, 5351
6.269423723220825, 5350
6.273465871810913, 5349
6.277461767196655, 5348
6.285512447357178, 5347
6.285512447357178, 5346
6.293520212173462, 5345
6.29755973815918, 5344
6.29755973815918, 5343
6.301557302474976, 5342
6.313614845275879, 5341
6.317405462265015, 5340
6.321367979049683, 5339
6.321367979049683, 5338
6.3253607749938965, 5337
6.344024419784546, 5336
6.344024419784546, 5335
6.348023891448975, 5334
6.368038654327393, 5333
6.374431133270264, 5332
6.378258943557739, 5331
6.378258943557739, 5330
6.3843677043914795, 5329
6.3948655128479, 5328
6.414856433868408, 5327
6.449748277664185, 5326
6.452284812927246, 5325
6.496313571929932, 5324
6.5008203983306885, 5323
6.5047996044158936, 5322
6.5047996044158936, 5321
6.524898290634155, 5320
6.524898290634155, 5319
6.539203882217407, 5318
6.5432000160217285, 5317
6.5432000160217285, 5316
6.5432000160217285, 5315
6.547264814376831, 5314
6.555213212966919, 5313
6.559273958206177, 5312
6.563225030899048, 5311
6.567225694656372, 5310
6.571288347244263, 5309
6.575237512588501, 5308
6.575237512588501, 5307
6.575237512588501, 5306
6.579237937927246, 5305
6.579237937927246, 5304
6.579237937927246, 5303
6.579237937927246, 5302
6.587249517440796, 5301
6.591249704360962, 5300
6.595309257507324, 5299
6.595309257507324, 5298
6.595309257507324, 5297
6.599261522293091, 5296
6.599261522293091, 5295
6.599261522293091, 5294
6.607321262359619, 5293
6.607321262359619, 5292
6.617380380630493, 5291
6.6592652797698975, 5290
6.671279191970825, 5289
6.671279191970825, 5288
6.675340414047241, 5287
6.675340414047241, 5286
6.683290243148804, 5285
6.69130277633667, 5284
6.69130277633667, 5283
6.69130277633667, 5282
6.695302963256836, 5281
6.699361562728882, 5280
6.699361562728882, 5279
6.699361562728882, 5278
6.699361562728882, 5277
6.703315496444702, 5276
6.715327262878418, 5275
6.72338342666626, 5274
6.72338342666626, 5273
6.72338342666626, 5272
6.727339744567871, 5271
6.734004735946655, 5270
6.737957715988159, 5269
6.741957664489746, 5268
6.741957664489746, 5267
6.7539708614349365, 5266
6.758041858673096, 5265
6.761982440948486, 5264
6.761982440948486, 5263
6.761982440948486, 5262
6.772259950637817, 5261
6.776259183883667, 5260
6.784275054931641, 5259
6.788278579711914, 5258
6.794748306274414, 5257
6.796287536621094, 5256
6.796287536621094, 5255
6.800286769866943, 5254
6.800286769866943, 5253
6.800286769866943, 5252
6.804610252380371, 5251
6.808406352996826, 5250
6.808406352996826, 5249
6.812405347824097, 5248
6.812405347824097, 5247
6.830583572387695, 5246
6.858583688735962, 5245
6.874637842178345, 5244
6.898628234863281, 5243
6.926629066467285, 5242
6.942628622055054, 5241
6.942628622055054, 5240
6.942628622055054, 5239
6.9586286544799805, 5238
6.962627172470093, 5237
6.962627172470093, 5236
6.96662712097168, 5235
6.96662712097168, 5234
6.96662712097168, 5233
6.970627307891846, 5232
6.970627307891846, 5231
6.970627307891846, 5230
6.974627256393433, 5229
6.982626914978027, 5228
6.998626947402954, 5227
7.006627082824707, 5226
7.006627082824707, 5225
7.014627456665039, 5224
7.014627456665039, 5223
7.018627166748047, 5222
7.018627166748047, 5221
7.018627166748047, 5220
7.022627115249634, 5219
7.022627115249634, 5218
7.030628442764282, 5217
7.034628391265869, 5216
7.0386271476745605, 5215
7.046627044677734, 5214
7.050627708435059, 5213
7.050627708435059, 5212
7.050627708435059, 5211
7.054626941680908, 5210
7.058627128601074, 5209
7.062627077102661, 5208
7.066627264022827, 5207
7.074626684188843, 5206
7.074626684188843, 5205
7.082627058029175, 5204
7.086627006530762, 5203
7.098627090454102, 5202
7.102627754211426, 5201
7.102627754211426, 5200
7.114627122879028, 5199
7.118627309799194, 5198
7.126626968383789, 5197
7.126626968383789, 5196
7.134630441665649, 5195
7.138626575469971, 5194
7.154667854309082, 5193
7.154667854309082, 5192
7.154667854309082, 5191
7.1586692333221436, 5190
7.162670135498047, 5189
7.162670135498047, 5188
7.166667938232422, 5187
7.170665264129639, 5186
7.1746649742126465, 5185
7.1746649742126465, 5184
7.178667306900024, 5183
7.178667306900024, 5182
7.182666778564453, 5181
7.182666778564453, 5180
7.186666011810303, 5179
7.186666011810303, 5178
7.190666913986206, 5177
7.190666913986206, 5176
7.1946680545806885, 5175
7.202666282653809, 5174
7.206666469573975, 5173
7.214690446853638, 5172
7.218716621398926, 5171
7.22271728515625, 5170
7.226738929748535, 5169
7.226738929748535, 5168
7.234777450561523, 5167
7.238786697387695, 5166
7.242823600769043, 5165
7.242823600769043, 5164
7.242823600769043, 5163
7.258601427078247, 5162
7.258601427078247, 5161
7.262628555297852, 5160
7.262628555297852, 5159
7.262628555297852, 5158
7.266658544540405, 5157
7.27466893196106, 5156
7.278705835342407, 5155
7.284900188446045, 5154
7.284900188446045, 5153
7.288936614990234, 5152
7.288936614990234, 5151
7.292937517166138, 5150
7.292937517166138, 5149
7.296963214874268, 5148
7.300985813140869, 5147
7.317032337188721, 5146
7.339263200759888, 5145
7.343293905258179, 5144
7.359325885772705, 5143
7.359325885772705, 5142
7.359325885772705, 5141
7.363327264785767, 5140
7.371253490447998, 5139
7.371253490447998, 5138
7.377607107162476, 5137
7.377607107162476, 5136
7.377607107162476, 5135
7.381647109985352, 5134
7.381647109985352, 5133
7.381647109985352, 5132
7.385648250579834, 5131
7.3896613121032715, 5130
7.3896613121032715, 5129
7.400485515594482, 5128
7.424487352371216, 5127
7.428486585617065, 5126
7.43882155418396, 5125
7.444886922836304, 5124
7.4554173946380615, 5123
7.4554173946380615, 5122
7.459275484085083, 5121
7.471091032028198, 5120
7.481220960617065, 5119
7.481220960617065, 5118
7.481220960617065, 5117
7.495476722717285, 5116
7.507508754730225, 5115
7.511295318603516, 5114
7.515284061431885, 5113
7.515284061431885, 5112
7.527282953262329, 5111
7.527282953262329, 5110
7.541748762130737, 5109
7.545759201049805, 5108
7.5497963428497314, 5107
7.575074672698975, 5106
7.587159156799316, 5105
7.591188907623291, 5104
7.595204830169678, 5103
7.595204830169678, 5102
7.60552716255188, 5101
7.613453388214111, 5100
7.621480941772461, 5099
7.637712001800537, 5098
7.641711235046387, 5097
7.645715236663818, 5096
7.6537110805511475, 5095
7.6537110805511475, 5094
7.657709836959839, 5093
7.661709547042847, 5092
7.661709547042847, 5091
7.6657092571258545, 5090
7.673709154129028, 5089
7.673709154129028, 5088
7.685709476470947, 5087
7.689709663391113, 5086
7.689709663391113, 5085
7.697709560394287, 5084
7.697709560394287, 5083
7.713709354400635, 5082
7.717709541320801, 5081
7.721709251403809, 5080
7.721709251403809, 5079
7.749709844589233, 5078
7.761709213256836, 5077
7.761709213256836, 5076
7.765709400177002, 5075
7.769723653793335, 5074
7.769723653793335, 5073
7.7777087688446045, 5072
7.789709091186523, 5071
7.79370903968811, 5070
7.79370903968811, 5069
7.797709226608276, 5068
7.805709362030029, 5067
7.82970929145813, 5066
7.8577094078063965, 5065
7.8617095947265625, 5064
7.8617095947265625, 5063
7.8617095947265625, 5062
7.869709491729736, 5061
7.877715826034546, 5060
7.877715826034546, 5059
7.881709098815918, 5058
7.885709047317505, 5057
7.893709182739258, 5056
7.9057090282440186, 5055
7.9137091636657715, 5054
7.9137091636657715, 5053
7.9137091636657715, 5052
7.933709144592285, 5051
7.937709331512451, 5050
7.941709280014038, 5049
7.941709280014038, 5048
7.945709228515625, 5047
7.9577107429504395, 5046
7.985709190368652, 5045
7.989708662033081, 5044
8.001709222793579, 5043
8.001709222793579, 5042
8.005708932876587, 5041
8.013709306716919, 5040
8.013709306716919, 5039
8.017709255218506, 5038
8.017709255218506, 5037
8.021709203720093, 5036
8.03770923614502, 5035
8.04970932006836, 5034
8.04970932006836, 5033
8.053709268569946, 5032
8.053709268569946, 5031
8.053709268569946, 5030
8.057714939117432, 5029
8.0857093334198, 5028
8.089709281921387, 5027
8.089709281921387, 5026
8.09770941734314, 5025
8.101709365844727, 5024
8.101709365844727, 5023
8.1097092628479, 5022
8.113709211349487, 5021
8.133710384368896, 5020
8.137710332870483, 5019
8.145710468292236, 5018
8.149709463119507, 5017
8.181709289550781, 5016
8.181709289550781, 5015
8.185709238052368, 5014
8.197709321975708, 5013
8.201709270477295, 5012
8.213709354400635, 5011
8.2177095413208, 5010
8.221709251403809, 5009
8.221709251403809, 5008
8.225709199905396, 5007
8.233709335327148, 5006
8.245708703994751, 5005
8.261709213256836, 5004
8.269709348678589, 5003
8.28170919418335, 5002
8.285709619522095, 5001
8.29370903968811, 5000
8.297708988189697, 4999
8.301709175109863, 4998
8.301709175109863, 4997
8.325709581375122, 4996
8.325709581375122, 4995
8.325709581375122, 4994
8.32970929145813, 4993
8.32970929145813, 4992
8.333709239959717, 4991
8.337709426879883, 4990
8.34170913696289, 4989
8.345709323883057, 4988
8.349709272384644, 4987
8.35370922088623, 4986
8.361708879470825, 4985
8.36570930480957, 4984
8.377709150314331, 4983
8.393709182739258, 4982
8.40170931816101, 4981
8.405709266662598, 4980
8.417709827423096, 4979
8.433712482452393, 4978
8.441712617874146, 4977
8.441712617874146, 4976
8.441712617874146, 4975
8.45370888710022, 4974
8.461709260940552, 4973
8.465709447860718, 4972
8.465709447860718, 4971
8.469709157943726, 4970
8.469709157943726, 4969
8.481709241867065, 4968
8.48970913887024, 4967
8.501709461212158, 4966
8.505709171295166, 4965
8.509709358215332, 4964
8.517709255218506, 4963
8.517709255218506, 4962
8.5257089138031, 4961
8.54171371459961, 4960
8.54171371459961, 4959
8.545711994171143, 4958
8.57371211051941, 4957
8.57371211051941, 4956
8.577713251113892, 4955
8.581711530685425, 4954
8.589719772338867, 4953
8.595772504806519, 4952
8.599822521209717, 4951
8.606206178665161, 4950
8.610207319259644, 4949
8.622283935546875, 4948
8.626296758651733, 4947
8.63023829460144, 4946
8.65650749206543, 4945
8.672579288482666, 4944
8.6826753616333, 4943
8.6826753616333, 4942
8.69062852859497, 4941
8.694671630859375, 4940
8.698640584945679, 4939
8.702640533447266, 4938
8.710654497146606, 4937
8.720892906188965, 4936
8.724893808364868, 4935
8.724893808364868, 4934
8.732915878295898, 4933
8.732915878295898, 4932
8.740986108779907, 4931
8.740986108779907, 4930
8.748923301696777, 4929
8.755178213119507, 4928
8.755178213119507, 4927
8.762740850448608, 4926
8.766716241836548, 4925
8.80104660987854, 4924
8.80104660987854, 4923
8.80104660987854, 4922
8.809105157852173, 4921
8.813057661056519, 4920
8.813057661056519, 4919
8.817062616348267, 4918
8.833096504211426, 4917
8.837091207504272, 4916
8.849105596542358, 4915
8.853107690811157, 4914
8.857170820236206, 4913
8.869189977645874, 4912
8.87313961982727, 4911
8.877138376235962, 4910
8.877138376235962, 4909
8.889156818389893, 4908
8.9011709690094, 4907
8.9011709690094, 4906
8.90523386001587, 4905
8.920768737792969, 4904
8.946887016296387, 4903
8.962887048721313, 4902
8.962887048721313, 4901
8.962887048721313, 4900
8.978886842727661, 4899
9.006887197494507, 4898
9.018890619277954, 4897
9.026886701583862, 4896
9.026886701583862, 4895
9.03088665008545, 4894
9.03088665008545, 4893
9.03088665008545, 4892
9.046886920928955, 4891
9.046886920928955, 4890
9.066887378692627, 4889
9.082887649536133, 4888
9.086887121200562, 4887
9.086887121200562, 4886
9.090887308120728, 4885
9.090887308120728, 4884
9.094886541366577, 4883
9.098886966705322, 4882
9.106886863708496, 4881
9.11488652229309, 4880
9.118887186050415, 4879
9.130886793136597, 4878
9.138887166976929, 4877
9.142886877059937, 4876
9.142886877059937, 4875
9.154894828796387, 4874
9.158886671066284, 4873
9.162888050079346, 4872
9.190886735916138, 4871
9.194887638092041, 4870
9.206886529922485, 4869
9.206886529922485, 4868
9.270935297012329, 4867
9.270935297012329, 4866
9.290887832641602, 4865
9.290887832641602, 4864
9.290887832641602, 4863
9.302905797958374, 4862
9.302905797958374, 4861
9.306888341903687, 4860
9.314888715744019, 4859
9.318888902664185, 4858
9.330886840820312, 4857
9.378886938095093, 4856
9.378886938095093, 4855
9.410886764526367, 4854
9.4188871383667, 4853
9.422886371612549, 4852
9.422886371612549, 4851
9.434886693954468, 4850
9.434886693954468, 4849
9.434886693954468, 4848
9.434886693954468, 4847
9.45488691329956, 4846
9.45488691329956, 4845
9.458886861801147, 4844
9.458886861801147, 4843
9.470886707305908, 4842
9.470886707305908, 4841
9.470886707305908, 4840
9.490886688232422, 4839
9.494886875152588, 4838
9.494886875152588, 4837
9.502886533737183, 4836
9.50688648223877, 4835
9.510886669158936, 4834
9.514886856079102, 4833
9.518887042999268, 4832
9.52289342880249, 4831
9.538921117782593, 4830
9.546891689300537, 4829
9.602928638458252, 4828
9.610923528671265, 4827
9.610923528671265, 4826
9.622915744781494, 4825
9.63092303276062, 4824
9.63092303276062, 4823
9.63092303276062, 4822
9.650908470153809, 4821
9.65499472618103, 4820
9.658927917480469, 4819
9.670929431915283, 4818
9.67492413520813, 4817
9.686892986297607, 4816
9.694174766540527, 4815
9.724576234817505, 4814
9.726701974868774, 4813
9.726701974868774, 4812
9.730672121047974, 4811
9.753736972808838, 4810
9.76174807548523, 4809
9.79229736328125, 4808
9.806689977645874, 4807
9.810662031173706, 4806
9.828844547271729, 4805
9.85109806060791, 4804
9.859134674072266, 4803
9.867096424102783, 4802
9.875132083892822, 4801
9.875132083892822, 4800
9.879135608673096, 4799
9.895094156265259, 4798
9.89913010597229, 4797
9.89913010597229, 4796
9.915133476257324, 4795
9.927131414413452, 4794
9.935133457183838, 4793
9.939133882522583, 4792
9.943098545074463, 4791
9.947133302688599, 4790
9.951133489608765, 4789
9.955132722854614, 4788
10.013497114181519, 4787
10.013497114181519, 4786
10.04384708404541, 4785
10.04384708404541, 4784
10.04384708404541, 4783
10.04384708404541, 4782
10.055898666381836, 4781
10.071941614151001, 4780
10.075956106185913, 4779
10.088005542755127, 4778
10.092041730880737, 4777
10.100077390670776, 4776
10.100077390670776, 4775
10.104090452194214, 4774
10.104090452194214, 4773
10.116136074066162, 4772
10.1240975856781, 4771
10.132097482681274, 4770
10.132097482681274, 4769
10.140097379684448, 4768
10.148103952407837, 4767
10.148103952407837, 4766
10.152132511138916, 4765
10.156132698059082, 4764
10.164188385009766, 4763
10.172207593917847, 4762
10.190443992614746, 4761
10.194464206695557, 4760
10.202492713928223, 4759
10.206506490707397, 4758
10.206506490707397, 4757
10.22445273399353, 4756
10.22852110862732, 4755
10.23651647567749, 4754
10.269446849822998, 4753
10.289685249328613, 4752
10.29768180847168, 4751
10.317689418792725, 4750
10.349648237228394, 4749
10.365686416625977, 4748
10.38975977897644, 4747
10.393654108047485, 4746
10.401692390441895, 4745
10.413651943206787, 4744
10.443333625793457, 4743
10.451375722885132, 4742
10.451375722885132, 4741
10.463332176208496, 4740
10.467359781265259, 4739
10.475334882736206, 4738
10.483333826065063, 4737
10.495331764221191, 4736
10.507335424423218, 4735
10.539350986480713, 4734
10.590451717376709, 4733
10.600699424743652, 4732
10.60869574546814, 4731
10.624688625335693, 4730
10.624688625335693, 4729
10.640689373016357, 4728
10.66068720817566, 4727
10.66068720817566, 4726
10.66068720817566, 4725
10.676689863204956, 4724
10.676689863204956, 4723
10.676689863204956, 4722
10.680685758590698, 4721
10.684685707092285, 4720
10.68868613243103, 4719
10.696686506271362, 4718
10.696686506271362, 4717
10.704686164855957, 4716
10.716692686080933, 4715
10.732686519622803, 4714
10.740686178207397, 4713
10.744686365127563, 4712
10.756686210632324, 4711
10.760686159133911, 4710
10.764686346054077, 4709
10.776686429977417, 4708
10.780686616897583, 4707
10.804686069488525, 4706
10.808686256408691, 4705
10.816686391830444, 4704
10.816686391830444, 4703
10.816686391830444, 4702
10.824686527252197, 4701
10.828686237335205, 4700
10.828686237335205, 4699
10.872686386108398, 4698
10.908686637878418, 4697
10.912686347961426, 4696
10.916686296463013, 4695
10.916686296463013, 4694
10.9206862449646, 4693
10.9206862449646, 4692
10.924686431884766, 4691
10.92868685722351, 4690
10.968686580657959, 4689
10.988725900650024, 4688
11.012725353240967, 4687
11.01672649383545, 4686
11.024725437164307, 4685
11.040688514709473, 4684
11.040688514709473, 4683
11.048776626586914, 4682
11.05678415298462, 4681
11.08891773223877, 4680
11.092944383621216, 4679
11.1161789894104, 4678
11.118562936782837, 4677
11.133018016815186, 4676
11.139310598373413, 4675
11.14732027053833, 4674
11.17945909500122, 4673
11.17945909500122, 4672
11.187230825424194, 4671
11.215333223342896, 4670
11.219343900680542, 4669
11.223380088806152, 4668
11.23142409324646, 4667
11.23142409324646, 4666
11.23142409324646, 4665
11.235429286956787, 4664
11.243438720703125, 4663
11.255486249923706, 4662
11.273813962936401, 4661
11.292227745056152, 4660
11.31563138961792, 4659
11.339738130569458, 4658
11.34773850440979, 4657
11.3557870388031, 4656
11.3557870388031, 4655
11.36784029006958, 4654
11.375882863998413, 4653
11.379845142364502, 4652
11.391931772232056, 4651
11.40622329711914, 4650
11.40622329711914, 4649
11.434258937835693, 4648
11.438261270523071, 4647
11.478261709213257, 4646
11.478261709213257, 4645
11.486257076263428, 4644
11.498260974884033, 4643
11.510266542434692, 4642
11.514259576797485, 4641
11.518256664276123, 4640
11.534256935119629, 4639
11.542259216308594, 4638
11.542259216308594, 4637
11.546221017837524, 4636
11.562234163284302, 4635
11.570264101028442, 4634
11.574256181716919, 4633
11.578255891799927, 4632
11.586221694946289, 4631
11.590262174606323, 4630
11.598257303237915, 4629
11.606220483779907, 4628
11.610219717025757, 4627
11.638222455978394, 4626
11.654256582260132, 4625
11.666221141815186, 4624
11.670227766036987, 4623
11.674226522445679, 4622
11.68622612953186, 4621
11.690238952636719, 4620
11.698224782943726, 4619
11.710225105285645, 4618
11.718226194381714, 4617
11.7222261428833, 4616
11.726223707199097, 4615
11.738225936889648, 4614
11.746225118637085, 4613
11.746225118637085, 4612
11.778223991394043, 4611
11.798223972320557, 4610
11.818226099014282, 4609
11.828399896621704, 4608
11.828399896621704, 4607
11.836393356323242, 4606
11.853370904922485, 4605
11.896134376525879, 4604
11.904134035110474, 4603
11.932133674621582, 4602
11.940132856369019, 4601
11.944133758544922, 4600
11.944133758544922, 4599
11.964174270629883, 4598
11.964174270629883, 4597
11.96813678741455, 4596
11.96813678741455, 4595
11.978460788726807, 4594
11.982459306716919, 4593
11.982459306716919, 4592
11.982459306716919, 4591
11.9985511302948, 4590
12.000848770141602, 4589
12.000848770141602, 4588
12.012877225875854, 4587
12.016876459121704, 4586
12.023075103759766, 4585
12.043268918991089, 4584
12.05347228050232, 4583
12.065986394882202, 4582
12.065986394882202, 4581
12.070028066635132, 4580
12.076117038726807, 4579
12.114461898803711, 4578
12.118424415588379, 4577
12.124680757522583, 4576
12.124680757522583, 4575
12.136703252792358, 4574
12.148676872253418, 4573
12.22133469581604, 4572
12.22534966468811, 4571
12.237398386001587, 4570
12.241438865661621, 4569
12.279760360717773, 4568
12.30604863166809, 4567
12.32613492012024, 4566
12.33014464378357, 4565
12.33014464378357, 4564
12.33014464378357, 4563
12.338181257247925, 4562
12.344501495361328, 4561
12.344501495361328, 4560
12.344501495361328, 4559
12.352514743804932, 4558
12.36456036567688, 4557
12.36456036567688, 4556
12.380647897720337, 4555
12.384644985198975, 4554
12.388671636581421, 4553
12.392656564712524, 4552
12.404742002487183, 4551
12.408742904663086, 4550
12.412752389907837, 4549
12.420790672302246, 4548
12.426987648010254, 4547
12.435024499893188, 4546
12.435024499893188, 4545
12.439058542251587, 4544
12.443045139312744, 4543
12.45109248161316, 4542
12.45109248161316, 4541
12.474374771118164, 4540
12.492943525314331, 4539
12.496981143951416, 4538
12.531375646591187, 4537
12.531375646591187, 4536
12.535377740859985, 4535
12.547426700592041, 4534
12.555481433868408, 4533
12.56752610206604, 4532
12.583576679229736, 4531
12.603686094284058, 4530
12.633967399597168, 4529
12.662085056304932, 4528
12.666086196899414, 4527
12.680325984954834, 4526
12.692380905151367, 4525
12.692380905151367, 4524
12.6964111328125, 4523
12.6964111328125, 4522
12.708459615707397, 4521
12.716473817825317, 4520
12.720510482788086, 4519
12.724510431289673, 4518
12.736560821533203, 4517
12.764667272567749, 4516
12.76870346069336, 4515
12.76870346069336, 4514
12.76870346069336, 4513
12.780753374099731, 4512
12.816897630691528, 4511
12.844995021820068, 4510
12.85704517364502, 4509
12.861056804656982, 4508
12.865095853805542, 4507
12.865095853805542, 4506
12.873096942901611, 4505
12.877142906188965, 4504
12.907440423965454, 4503
12.951587677001953, 4502
12.959635972976685, 4501
12.983755350112915, 4500
12.983755350112915, 4499
12.995808362960815, 4498
13.003848314285278, 4497
13.007859468460083, 4496
13.007859468460083, 4495
13.031949281692505, 4494
13.047998428344727, 4493
13.060042142868042, 4492
13.064053297042847, 4491
13.076102018356323, 4490
13.094288349151611, 4489
13.102342367172241, 4488
13.106339693069458, 4487
13.106339693069458, 4486
13.114389419555664, 4485
13.11838436126709, 4484
13.148827314376831, 4483
13.158939599990845, 4482
13.16511869430542, 4481
13.16511869430542, 4480
13.16511869430542, 4479
13.186336994171143, 4478
13.190373659133911, 4477
13.190373659133911, 4476
13.194380044937134, 4475
13.196553468704224, 4474
13.20459246635437, 4473
13.20459246635437, 4472
13.228981018066406, 4471
13.237018585205078, 4470
13.251266956329346, 4469
13.291848421096802, 4468
13.291848421096802, 4467
13.352413177490234, 4466
13.38072681427002, 4465
13.38072681427002, 4464
13.394954681396484, 4463
13.398915767669678, 4462
13.405296564102173, 4461
13.405296564102173, 4460
13.409298419952393, 4459
13.413320541381836, 4458
13.413320541381836, 4457
13.423505306243896, 4456
13.433752059936523, 4455
13.433752059936523, 4454
13.437787055969238, 4453
13.437787055969238, 4452
13.469877243041992, 4451
13.47783350944519, 4450
13.481889963150024, 4449
13.485846042633057, 4448
13.517919540405273, 4447
13.545913457870483, 4446
13.545913457870483, 4445
13.561925649642944, 4444
13.569938659667969, 4443
13.573938131332397, 4442
13.590018510818481, 4441
13.597962617874146, 4440
13.60997486114502, 4439
13.617986679077148, 4438
13.646011352539062, 4437
13.650087594985962, 4436
13.658024072647095, 4435
13.662047147750854, 4434
13.683361768722534, 4433
13.705618381500244, 4432
13.739837408065796, 4431
13.788087606430054, 4430
13.788087606430054, 4429
13.844398260116577, 4428
13.95674729347229, 4427
14.027533292770386, 4426
14.043533563613892, 4425
14.108080387115479, 4424
14.124078273773193, 4423
14.152082204818726, 4422
14.184093475341797, 4421
14.220118284225464, 4420
14.220118284225464, 4419
14.24813175201416, 4418
14.268121719360352, 4417
14.352304220199585, 4416
14.412498474121094, 4415
14.420543670654297, 4414
14.444464683532715, 4413
14.476463079452515, 4412
14.492486953735352, 4411
14.584500789642334, 4410
14.784451246261597, 4409
14.796451568603516, 4408
14.840451002120972, 4407
14.920450925827026, 4406
14.928451776504517, 4405
14.952451705932617, 4404
14.96045207977295, 4403
15.14444875717163, 4402
15.209142446517944, 4401
15.231348514556885, 4400
15.239489555358887, 4399
15.269741773605347, 4398
15.308172702789307, 4397
15.320281744003296, 4396
15.348358154296875, 4395
15.364459753036499, 4394
15.376521110534668, 4393
15.435589790344238, 4392
15.540164947509766, 4391
15.55055546760559, 4390
15.556745052337646, 4389
15.564723491668701, 4388
15.607057332992554, 4387
15.701159954071045, 4386
15.717252254486084, 4385
15.840384244918823, 4384
15.84434199333191, 4383
15.862685918807983, 4382
15.907009363174438, 4381
15.965576887130737, 4380
15.983905553817749, 4379
16.052873373031616, 4378
16.094902992248535, 4377
16.106422901153564, 4376
16.12650775909424, 4375
16.17555594444275, 4374
16.189833164215088, 4373
16.193777799606323, 4372
16.213902235031128, 4371
16.250085592269897, 4370
16.270193099975586, 4369
16.304518938064575, 4368
16.342876195907593, 4367
16.398243188858032, 4366
16.452714681625366, 4365
16.538345098495483, 4364
16.57856059074402, 4363
16.68547773361206, 4362
16.68547773361206, 4361
16.693517684936523, 4360
16.701577186584473, 4359
16.7096049785614, 4358
16.7297101020813, 4357
16.7297101020813, 4356
16.73377752304077, 4355
16.882411241531372, 4354
16.9063663482666, 4353
16.92236566543579, 4352
17.00240731239319, 4351
17.0344078540802, 4350
17.04240894317627, 4349
17.148670196533203, 4348
17.152671098709106, 4347
17.25525140762329, 4346
17.32951283454895, 4345
17.337512731552124, 4344
17.40157389640808, 4343
17.449520111083984, 4342
17.481523752212524, 4341
17.554356575012207, 4340
17.603139877319336, 4339
17.643492460250854, 4338
17.70198678970337, 4337
17.77258586883545, 4336
17.77662444114685, 4335
17.79486870765686, 4334
17.87141251564026, 4333
17.875409841537476, 4332
17.88740849494934, 4331
17.94680690765381, 4330
17.978885650634766, 4329
17.99092936515808, 4328
18.04508924484253, 4327
18.06336736679077, 4326
18.127826929092407, 4325
18.143481254577637, 4324
18.147475481033325, 4323
18.192878246307373, 4322
18.31151556968689, 4321
18.496684312820435, 4320
18.51501178741455, 4319
18.54948663711548, 4318
18.659958839416504, 4317
18.69430446624756, 4316
18.768548488616943, 4315
18.780607223510742, 4314
18.89376187324524, 4313
18.930216073989868, 4312
19.004788637161255, 4311
19.059212923049927, 4310
19.15180540084839, 4309
19.170121908187866, 4308
19.189146518707275, 4307
19.22244167327881, 4306
19.301050662994385, 4305
19.321150541305542, 4304
19.377490282058716, 4303
19.38547444343567, 4302
19.560635089874268, 4301
19.615198612213135, 4300
19.631317138671875, 4299
19.667470693588257, 4298
19.67147135734558, 4297
19.70163321495056, 4296
19.756117343902588, 4295
19.784281015396118, 4294
19.935919523239136, 4293
19.980128288269043, 4292
19.996229648590088, 4291
20.00662589073181, 4290
20.022242784500122, 4289
20.030306100845337, 4288
20.088758945465088, 4287
20.12312936782837, 4286
20.167378425598145, 4285
20.235775232315063, 4284
20.34741473197937, 4283
20.355454921722412, 4282
20.432271480560303, 4281
20.49213457107544, 4280
20.609654903411865, 4279
20.652361392974854, 4278
20.660383939743042, 4277
20.6644229888916, 4276
20.731048107147217, 4275
20.78095245361328, 4274
20.93906831741333, 4273
20.985177755355835, 4272
20.989179849624634, 4271
21.00517702102661, 4270
21.09339213371277, 4269
21.20559811592102, 4268
21.22375988960266, 4267
21.22375988960266, 4266
21.392521142959595, 4265
21.506697177886963, 4264
21.582024335861206, 4263
21.613255500793457, 4262
21.809221982955933, 4261
21.821255207061768, 4260
21.96372389793396, 4259
22.04380750656128, 4258
22.13812279701233, 4257
22.154231071472168, 4256
22.274377584457397, 4255
22.45037841796875, 4254
22.526373624801636, 4253
22.538373708724976, 4252
22.662373065948486, 4251
22.678372621536255, 4250
22.72237277030945, 4249
22.820748567581177, 4248
22.931904077529907, 4247
23.011860609054565, 4246
23.071863412857056, 4245
23.091904878616333, 4244
23.139904260635376, 4243
23.19186806678772, 4242
23.22791862487793, 4241
23.287977695465088, 4240
23.299874305725098, 4239
23.30790400505066, 4238
23.507861375808716, 4237
23.691866159439087, 4236
23.691866159439087, 4235
23.71588158607483, 4234
23.731863737106323, 4233
23.74386477470398, 4232
23.79186177253723, 4231
23.86386203765869, 4230
23.89992380142212, 4229
23.911861896514893, 4228
23.9518563747406, 4227
23.95986032485962, 4226
23.995856046676636, 4225
23.99985647201538, 4224
24.03585648536682, 4223
24.0998957157135, 4222
24.111897230148315, 4221
24.111897230148315, 4220
24.162153244018555, 4219
24.17414164543152, 4218
24.218101263046265, 4217
24.270100116729736, 4216
24.30210018157959, 4215
24.306100130081177, 4214
24.306100130081177, 4213
24.310100555419922, 4212
24.33810019493103, 4211
24.370100021362305, 4210
24.39011311531067, 4209
24.457576036453247, 4208
24.52900528907776, 4207
24.545023679733276, 4206
24.59378981590271, 4205
24.647380113601685, 4204
24.663409948349, 4203
24.671430587768555, 4202
24.683501720428467, 4201
24.694175481796265, 4200
24.706233978271484, 4199
24.74159598350525, 4198
24.785592794418335, 4197
24.869595050811768, 4196
24.869595050811768, 4195
24.913597345352173, 4194
24.929592847824097, 4193
24.933592796325684, 4192
24.973595142364502, 4191
25.005631685256958, 4190
25.068623304367065, 4189
25.098856449127197, 4188
25.122966527938843, 4187
25.129081964492798, 4186
25.13311266899109, 4185
25.137112617492676, 4184
25.15720558166504, 4183
25.167359590530396, 4182
25.206266164779663, 4181
25.326492071151733, 4180
25.378897428512573, 4179
25.433284759521484, 4178
25.51671028137207, 4177
25.622076749801636, 4176
25.706068992614746, 4175
25.706068992614746, 4174
25.71406888961792, 4173
25.7860689163208, 4172
25.810075521469116, 4171
25.818068742752075, 4170
25.854068756103516, 4169
25.870068788528442, 4168
25.894068479537964, 4167
25.910072565078735, 4166
25.926072120666504, 4165
25.94607448577881, 4164
25.94607448577881, 4163
26.018080472946167, 4162
26.070125341415405, 4161
26.078163146972656, 4160
26.09015727043152, 4159
26.13416290283203, 4158
26.2021746635437, 4157
26.2021746635437, 4156
26.371251583099365, 4155
26.415251970291138, 4154
26.455251455307007, 4153
26.551251649856567, 4152
26.595251321792603, 4151
26.627251863479614, 4150
26.635251998901367, 4149
26.691251277923584, 4148
26.735251903533936, 4147
26.775251388549805, 4146
26.783251762390137, 4145
26.859251737594604, 4144
26.88325524330139, 4143
26.88325524330139, 4142
27.119343519210815, 4141
27.191255807876587, 4140
27.2152738571167, 4139
27.223257064819336, 4138
27.32558822631836, 4137
27.356025218963623, 4136
27.374284505844116, 4135
27.394368410110474, 4134
27.422884941101074, 4133
27.422884941101074, 4132
27.422884941101074, 4131
27.4329092502594, 4130
27.46728539466858, 4129
27.47529697418213, 4128
27.483333587646484, 4127
27.51547908782959, 4126
27.51547908782959, 4125
27.582876920700073, 4124
27.601004123687744, 4123
27.608993768692017, 4122
27.63109564781189, 4121
27.762648105621338, 4120
27.774697303771973, 4119
27.810840368270874, 4118
27.84890341758728, 4117
27.918264627456665, 4116
28.140419483184814, 4115
28.26695418357849, 4114
28.26695418357849, 4113
28.36142873764038, 4112
28.55083155632019, 4111
28.637192964553833, 4110
28.727463006973267, 4109
28.757453680038452, 4108
28.80737066268921, 4107
28.821436882019043, 4106
28.838229179382324, 4105
28.94329857826233, 4104
28.94329857826233, 4103
29.001899480819702, 4102
29.005899906158447, 4101
29.005899906158447, 4100
29.037936687469482, 4099
29.058006763458252, 4098
29.094017028808594, 4097
29.112487316131592, 4096
29.304779529571533, 4095
29.7206449508667, 4094
29.736644983291626, 4093
29.74464511871338, 4092
29.760647296905518, 4091
29.916645050048828, 4090
29.932644844055176, 4089
29.944644689559937, 4088
29.980650901794434, 4087
30.23057794570923, 4086
30.328802585601807, 4085
30.371108055114746, 4084
30.399213552474976, 4083
30.496427536010742, 4082
30.511495351791382, 4081
30.540164709091187, 4080
30.586771726608276, 4079
30.590776443481445, 4078
30.623011350631714, 4077
30.699780225753784, 4076
30.752269506454468, 4075
30.762486457824707, 4074
30.79744791984558, 4073
30.807581663131714, 4072
30.8196382522583, 4071
30.916914224624634, 4070
30.961391925811768, 4069
31.125582695007324, 4068
31.187671422958374, 4067
31.20776867866516, 4066
31.20776867866516, 4065
31.468059062957764, 4064
31.528836250305176, 4063
31.614275217056274, 4062
31.968854904174805, 4061
32.044472217559814, 4060
32.048508644104004, 4059
32.160521507263184, 4058
32.26112198829651, 4057
32.36111235618591, 4056
32.54022169113159, 4055
32.56503701210022, 4054
32.569037199020386, 4053
32.78782343864441, 4052
32.96471881866455, 4051
33.05360388755798, 4050
33.23699760437012, 4049
33.322859048843384, 4048
33.35619759559631, 4047
33.44172120094299, 4046
33.55521082878113, 4045
33.87541079521179, 4044
33.90744590759277, 4043
33.927451610565186, 4042
33.94743227958679, 4041
33.982208490371704, 4040
34.381234645843506, 4039
34.38528490066528, 4038
34.40734243392944, 4037
34.71857452392578, 4036
34.84135103225708, 4035
34.92288374900818, 4034
35.127323150634766, 4033
35.42415738105774, 4032
35.50631594657898, 4031
35.569382190704346, 4030
35.66091251373291, 4029
35.69173836708069, 4028
35.70187854766846, 4027
35.712186336517334, 4026
35.94817805290222, 4025
36.150675535202026, 4024
36.17098331451416, 4023
36.22405004501343, 4022
36.33639121055603, 4021
36.35712242126465, 4020
36.38791346549988, 4019
36.490137338638306, 4018
36.490137338638306, 4017
36.704079151153564, 4016
36.826539516448975, 4015
36.84465503692627, 4014
36.9071626663208, 4013
37.76087522506714, 4012
37.79214286804199, 4011
37.861146450042725, 4010
37.892413854599, 4009
38.177733421325684, 4008
38.56301546096802, 4007
38.578652143478394, 4006
38.67892646789551, 4005
39.633620738983154, 4004
39.65392565727234, 4003
39.674601554870605, 4002
39.694798707962036, 4001
39.7597382068634, 4000
39.91550970077515, 3999
40.14876437187195, 3998
40.177093744277954, 3997
40.675944328308105, 3996
40.757378578186035, 3995
40.8183388710022, 3994
40.98927688598633, 3993
41.03187704086304, 3992
41.437010765075684, 3991
41.498162269592285, 3990
41.73916029930115, 3989
41.82311248779297, 3988
41.84337854385376, 3987
41.98762798309326, 3986
42.451287031173706, 3985
42.7892062664032, 3984
42.80483055114746, 3983
43.14267897605896, 3982
43.17102575302124, 3981
43.3374981880188, 3980
43.5784969329834, 3979
43.793195486068726, 3978
44.43170475959778, 3977
44.66494870185852, 3976
44.72568440437317, 3975
44.990901947021484, 3974
45.01139163970947, 3973
45.315727949142456, 3972
45.47772479057312, 3971
45.762702226638794, 3970
46.40290832519531, 3969
46.49457550048828, 3968
46.83263444900513, 3967
47.4959032535553, 3966
47.731380224227905, 3965
48.49755930900574, 3964
48.86610555648804, 3963
49.29504752159119, 3962
49.29504752159119, 3961
49.694010972976685, 3960
49.7123589515686, 3959
51.09557795524597, 3958
51.422443866729736, 3957
51.79038739204407, 3956
52.752962589263916, 3955
53.17191290855408, 3954
53.253681659698486, 3953
55.11505103111267, 3952
56.46201157569885, 3951
56.592833042144775, 3950
56.605122804641724, 3949
56.605122804641724, 3948
58.9785418510437, 3947
59.82233381271362, 3946
60.38700580596924, 3945
61.4944269657135, 3944
63.10937571525574, 3943
63.626548528671265, 3942
66.03153967857361, 3941
67.22892260551453, 3940
69.99853086471558, 3939
71.1931734085083, 3938
81.57566809654236, 3937
81.84965300559998, 3936
87.4924008846283, 3935
88.3942768573761, 3934
88.75972080230713, 3933
89.84516167640686, 3932
93.9629578590393, 3931
98.2267370223999, 3930
109.86374545097351, 3929
