0.12486886978149414, 7610
0.12486886978149414, 7609
0.12486886978149414, 7608
0.12486886978149414, 7607
0.1330265998840332, 7606
0.1352090835571289, 7605
0.1352090835571289, 7604
0.1352090835571289, 7603
0.1433577537536621, 7602
0.1455371379852295, 7601
0.1455371379852295, 7600
0.1455371379852295, 7599
0.1455371379852295, 7598
0.1536726951599121, 7597
0.1558530330657959, 7596
0.1558530330657959, 7595
0.1558530330657959, 7594
0.1558530330657959, 7593
0.16403460502624512, 7592
0.16609907150268555, 7591
0.16622233390808105, 7590
0.16622233390808105, 7589
0.16622233390808105, 7588
0.16622233390808105, 7587
0.17435431480407715, 7586
0.17641329765319824, 7585
0.17653656005859375, 7584
0.17653656005859375, 7583
0.17653656005859375, 7582
0.18473076820373535, 7581
0.18691062927246094, 7580
0.18691062927246094, 7579
0.18691062927246094, 7578
0.18691062927246094, 7577
0.18691062927246094, 7576
0.1950373649597168, 7575
0.19721651077270508, 7574
0.19721651077270508, 7573
0.19721651077270508, 7572
0.19721651077270508, 7571
0.20540404319763184, 7570
0.20758581161499023, 7569
0.20758581161499023, 7568
0.20758581161499023, 7567
0.20758581161499023, 7566
0.2157449722290039, 7565
0.2178037166595459, 7564
0.217940092086792, 7563
0.217940092086792, 7562
0.217940092086792, 7561
0.217940092086792, 7560
0.226118803024292, 7559
0.2283010482788086, 7558
0.2283010482788086, 7557
0.2283010482788086, 7556
0.2283010482788086, 7555
0.23642516136169434, 7554
0.23860573768615723, 7553
0.23860573768615723, 7552
0.23860573768615723, 7551
0.23860573768615723, 7550
0.23860573768615723, 7549
0.2467942237854004, 7548
0.248976469039917, 7547
0.248976469039917, 7546
0.248976469039917, 7545
0.248976469039917, 7544
0.25710296630859375, 7543
0.2592926025390625, 7542
0.2592926025390625, 7541
0.2592926025390625, 7540
0.26966261863708496, 7539
0.26966261863708496, 7538
0.26966261863708496, 7537
0.2778010368347168, 7536
0.279979944229126, 7535
0.279979944229126, 7534
0.279979944229126, 7533
0.279979944229126, 7532
0.28817152976989746, 7531
0.29035234451293945, 7530
0.29035234451293945, 7529
0.29035234451293945, 7528
0.29035234451293945, 7527
0.29840922355651855, 7526
0.29848670959472656, 7525
0.300678014755249, 7524
0.300678014755249, 7523
0.300678014755249, 7522
0.300678014755249, 7521
0.3088560104370117, 7520
0.3088560104370117, 7519
0.3110392093658447, 7518
0.3110392093658447, 7517
0.3110392093658447, 7516
0.3110392093658447, 7515
0.3192288875579834, 7514
0.3214137554168701, 7513
0.3214137554168701, 7512
0.3214137554168701, 7511
0.3214137554168701, 7510
0.3296012878417969, 7509
0.33179616928100586, 7508
0.33179616928100586, 7507
0.33179616928100586, 7506
0.33179616928100586, 7505
0.33992528915405273, 7504
0.34212636947631836, 7503
0.34212636947631836, 7502
0.34212636947631836, 7501
0.34212636947631836, 7500
0.3503091335296631, 7499
0.3503091335296631, 7498
0.3524906635284424, 7497
0.3524906635284424, 7496
0.3524906635284424, 7495
0.3524906635284424, 7494
0.3626248836517334, 7493
0.3627028465270996, 7492
0.3627028465270996, 7491
0.3627028465270996, 7490
0.3627028465270996, 7489
0.3707890510559082, 7488
0.3728828430175781, 7487
0.3728828430175781, 7486
0.3728828430175781, 7485
0.3728828430175781, 7484
0.3809854984283447, 7483
0.3830695152282715, 7482
0.3830695152282715, 7481
0.3830695152282715, 7480
0.3830695152282715, 7479
0.3830695152282715, 7478
0.391155481338501, 7477
0.39324045181274414, 7476
0.39324045181274414, 7475
0.39324045181274414, 7474
0.39324045181274414, 7473
0.39324045181274414, 7472
0.40134453773498535, 7471
0.40343213081359863, 7470
0.40343213081359863, 7469
0.411517858505249, 7468
0.41359424591064453, 7467
0.41359424591064453, 7466
0.41359424591064453, 7465
0.41359424591064453, 7464
0.41359424591064453, 7463
0.4216909408569336, 7462
0.4237658977508545, 7461
0.4237658977508545, 7460
0.4237658977508545, 7459
0.4237658977508545, 7458
0.4237658977508545, 7457
0.43184447288513184, 7456
0.43392038345336914, 7455
0.43392038345336914, 7454
0.43392038345336914, 7453
0.43392038345336914, 7452
0.4444854259490967, 7451
0.4444854259490967, 7450
0.4444854259490967, 7449
0.4444854259490967, 7448
0.4525609016418457, 7447
0.4525609016418457, 7446
0.4546375274658203, 7445
0.46269774436950684, 7444
0.46269774436950684, 7443
0.4647951126098633, 7442
0.4647951126098633, 7441
0.4647951126098633, 7440
0.47287464141845703, 7439
0.4749627113342285, 7438
0.4749627113342285, 7437
0.4749627113342285, 7436
0.4749627113342285, 7435
0.4749627113342285, 7434
0.48305630683898926, 7433
0.48513293266296387, 7432
0.48513293266296387, 7431
0.48513293266296387, 7430
0.4932112693786621, 7429
0.49528956413269043, 7428
0.49528956413269043, 7427
0.49528956413269043, 7426
0.5033936500549316, 7425
0.5054700374603271, 7424
0.5054700374603271, 7423
0.5054700374603271, 7422
0.5054700374603271, 7421
0.5135495662689209, 7420
0.5156254768371582, 7419
0.5156254768371582, 7418
0.5156254768371582, 7417
0.5156254768371582, 7416
0.5237202644348145, 7415
0.5258018970489502, 7414
0.5258018970489502, 7413
0.5258018970489502, 7412
0.5258018970489502, 7411
0.5258018970489502, 7410
0.5338864326477051, 7409
0.5359621047973633, 7408
0.5359621047973633, 7407
0.5359621047973633, 7406
0.5359621047973633, 7405
0.5461077690124512, 7404
0.5461077690124512, 7403
0.5461077690124512, 7402
0.5461077690124512, 7401
0.5541832447052002, 7400
0.5541832447052002, 7399
0.5562582015991211, 7398
0.5562582015991211, 7397
0.5562582015991211, 7396
0.5562582015991211, 7395
0.5643439292907715, 7394
0.5664303302764893, 7393
0.5664303302764893, 7392
0.5664303302764893, 7391
0.5664303302764893, 7390
0.5745096206665039, 7389
0.5765907764434814, 7388
0.5765907764434814, 7387
0.5765907764434814, 7386
0.5765907764434814, 7385
0.5846507549285889, 7384
0.5867292881011963, 7383
0.5867292881011963, 7382
0.5867292881011963, 7381
0.5867292881011963, 7380
0.5948083400726318, 7379
0.5968875885009766, 7378
0.5968875885009766, 7377
0.5968875885009766, 7376
0.5968875885009766, 7375
0.5968875885009766, 7374
0.604987621307373, 7373
0.6070668697357178, 7372
0.6070668697357178, 7371
0.6070668697357178, 7370
0.6070668697357178, 7369
0.6151449680328369, 7368
0.617232084274292, 7367
0.617232084274292, 7366
0.617232084274292, 7365
0.617232084274292, 7364
0.617232084274292, 7363
0.6253340244293213, 7362
0.6274120807647705, 7361
0.6274120807647705, 7360
0.6274120807647705, 7359
0.6274120807647705, 7358
0.6274120807647705, 7357
0.6354928016662598, 7356
0.6375691890716553, 7355
0.6375691890716553, 7354
0.6456668376922607, 7353
0.647740364074707, 7352
0.647740364074707, 7351
0.647740364074707, 7350
0.647740364074707, 7349
0.6558184623718262, 7348
0.6578946113586426, 7347
0.6578946113586426, 7346
0.6659591197967529, 7345
0.6680457592010498, 7344
0.6680457592010498, 7343
0.6680457592010498, 7342
0.676124095916748, 7341
0.6782007217407227, 7340
0.6782007217407227, 7339
0.6782007217407227, 7338
0.6782007217407227, 7337
0.6782007217407227, 7336
0.6862642765045166, 7335
0.6862642765045166, 7334
0.6883437633514404, 7333
0.6964225769042969, 7332
0.6985039710998535, 7331
0.6985039710998535, 7330
0.6985039710998535, 7329
0.7066049575805664, 7328
0.7086801528930664, 7327
0.7086801528930664, 7326
0.7167658805847168, 7325
0.7188417911529541, 7324
0.7188417911529541, 7323
0.7188417911529541, 7322
0.7188417911529541, 7321
0.7188417911529541, 7320
0.7269303798675537, 7319
0.729006290435791, 7318
0.7370901107788086, 7317
0.7391648292541504, 7316
0.7391648292541504, 7315
0.7391648292541504, 7314
0.7391648292541504, 7313
0.7472624778747559, 7312
0.7493414878845215, 7311
0.7493414878845215, 7310
0.7493414878845215, 7309
0.7493414878845215, 7308
0.7574188709259033, 7307
0.7594950199127197, 7306
0.7594950199127197, 7305
0.7594950199127197, 7304
0.7675621509552002, 7303
0.7696611881256104, 7302
0.7696611881256104, 7301
0.7696611881256104, 7300
0.7800045013427734, 7299
0.7800045013427734, 7298
0.790320873260498, 7297
0.790320873260498, 7296
0.790320873260498, 7295
0.790320873260498, 7294
0.7985002994537354, 7293
0.8006713390350342, 7292
0.8006713390350342, 7291
0.8006713390350342, 7290
0.808819055557251, 7289
0.8109934329986572, 7288
0.8109934329986572, 7287
0.8109934329986572, 7286
0.8191835880279541, 7285
0.8213653564453125, 7284
0.8213653564453125, 7283
0.8213653564453125, 7282
0.8213653564453125, 7281
0.8213653564453125, 7280
0.8295114040374756, 7279
0.8295114040374756, 7278
0.8316903114318848, 7277
0.8316903114318848, 7276
0.8316903114318848, 7275
0.8316903114318848, 7274
0.8420565128326416, 7273
0.8420565128326416, 7272
0.8420565128326416, 7271
0.8420565128326416, 7270
0.852285623550415, 7269
0.8524091243743896, 7268
0.8524091243743896, 7267
0.8627707958221436, 7266
0.8627707958221436, 7265
0.8709075450897217, 7264
0.8730196952819824, 7263
0.8730196952819824, 7262
0.8730196952819824, 7261
0.8833785057067871, 7260
0.8833785057067871, 7259
0.8915054798126221, 7258
0.8936710357666016, 7257
0.8936710357666016, 7256
0.8936710357666016, 7255
0.9018557071685791, 7254
0.9040365219116211, 7253
0.9040365219116211, 7252
0.9040365219116211, 7251
0.9040365219116211, 7250
0.9040365219116211, 7249
0.9121720790863037, 7248
0.9143490791320801, 7247
0.9143490791320801, 7246
0.9143490791320801, 7245
0.9225287437438965, 7244
0.9247095584869385, 7243
0.9247095584869385, 7242
0.9247095584869385, 7241
0.9328782558441162, 7240
0.9350683689117432, 7239
0.9350683689117432, 7238
0.9350683689117432, 7237
0.9432699680328369, 7236
0.9453310966491699, 7235
0.9454569816589355, 7234
0.9454569816589355, 7233
0.9454569816589355, 7232
0.953538179397583, 7231
0.9556469917297363, 7230
0.9556469917297363, 7229
0.9556469917297363, 7228
0.9556469917297363, 7227
0.966022253036499, 7226
0.966022253036499, 7225
0.966022253036499, 7224
0.966022253036499, 7223
0.966022253036499, 7222
0.9741644859313965, 7221
0.9763429164886475, 7220
0.9763429164886475, 7219
0.9763429164886475, 7218
0.9763429164886475, 7217
0.9845266342163086, 7216
0.986713171005249, 7215
0.986713171005249, 7214
0.986713171005249, 7213
0.986713171005249, 7212
0.997020959854126, 7211
0.997020959854126, 7210
0.997020959854126, 7209
1.0052003860473633, 7208
1.0073812007904053, 7207
1.0073812007904053, 7206
1.0073812007904053, 7205
1.0073812007904053, 7204
1.0155370235443115, 7203
1.0177278518676758, 7202
1.0177278518676758, 7201
1.0259108543395996, 7200
1.028106927871704, 7199
1.028106927871704, 7198
1.028106927871704, 7197
1.028106927871704, 7196
1.036252737045288, 7195
1.0384352207183838, 7194
1.0384352207183838, 7193
1.0384352207183838, 7192
1.0384352207183838, 7191
1.0488066673278809, 7190
1.0488066673278809, 7189
1.0594468116760254, 7188
1.0594468116760254, 7187
1.0675594806671143, 7186
1.0675594806671143, 7185
1.0675594806671143, 7184
1.0675594806671143, 7183
1.077711820602417, 7182
1.077711820602417, 7181
1.080369472503662, 7180
1.0827338695526123, 7179
1.085103988647461, 7178
1.0907902717590332, 7177
1.0930721759796143, 7176
1.0930721759796143, 7175
1.0930721759796143, 7174
1.0930721759796143, 7173
1.0987677574157715, 7172
1.1090993881225586, 7171
1.1112511157989502, 7170
1.1112511157989502, 7169
1.1112511157989502, 7168
1.1112511157989502, 7167
1.1194300651550293, 7166
1.1216068267822266, 7165
1.1216068267822266, 7164
1.1216068267822266, 7163
1.1216068267822266, 7162
1.1216068267822266, 7161
1.1297502517700195, 7160
1.1319396495819092, 7159
1.1319396495819092, 7158
1.14011812210083, 7157
1.1422953605651855, 7156
1.1422953605651855, 7155
1.1422953605651855, 7154
1.1422953605651855, 7153
1.1422953605651855, 7152
1.1504545211791992, 7151
1.152590274810791, 7150
1.152590274810791, 7149
1.152590274810791, 7148
1.152590274810791, 7147
1.1607749462127686, 7146
1.1629571914672852, 7145
1.1629571914672852, 7144
1.1629571914672852, 7143
1.1711363792419434, 7142
1.1732311248779297, 7141
1.1732311248779297, 7140
1.1732311248779297, 7139
1.181290626525879, 7138
1.1834750175476074, 7137
1.183595895767212, 7136
1.183595895767212, 7135
1.183595895767212, 7134
1.1917312145233154, 7133
1.1939187049865723, 7132
1.1939187049865723, 7131
1.1939187049865723, 7130
1.2020983695983887, 7129
1.2020983695983887, 7128
1.2042768001556396, 7127
1.2042768001556396, 7126
1.2042768001556396, 7125
1.2124192714691162, 7124
1.214555263519287, 7123
1.214555263519287, 7122
1.214555263519287, 7121
1.214555263519287, 7120
1.214555263519287, 7119
1.222743034362793, 7118
1.2249178886413574, 7117
1.2249178886413574, 7116
1.2249178886413574, 7115
1.2330586910247803, 7114
1.235243797302246, 7113
1.235243797302246, 7112
1.235243797302246, 7111
1.2433059215545654, 7110
1.2433059215545654, 7109
1.2454891204833984, 7108
1.2454891204833984, 7107
1.2454891204833984, 7106
1.2536451816558838, 7105
1.2557950019836426, 7104
1.2557950019836426, 7103
1.2557950019836426, 7102
1.2557950019836426, 7101
1.2557950019836426, 7100
1.2639787197113037, 7099
1.2661564350128174, 7098
1.2661564350128174, 7097
1.2661564350128174, 7096
1.2661564350128174, 7095
1.2661564350128174, 7094
1.2743313312530518, 7093
1.2764554023742676, 7092
1.2764554023742676, 7091
1.2868247032165527, 7090
1.2868247032165527, 7089
1.2949810028076172, 7088
1.2970349788665771, 7087
1.2971603870391846, 7086
1.2971603870391846, 7085
1.2971603870391846, 7084
1.2971603870391846, 7083
1.3052964210510254, 7082
1.3074126243591309, 7081
1.3074126243591309, 7080
1.3074126243591309, 7079
1.3074126243591309, 7078
1.3176259994506836, 7077
1.3176259994506836, 7076
1.3278591632843018, 7075
1.3278591632843018, 7074
1.3359851837158203, 7073
1.338111400604248, 7072
1.338111400604248, 7071
1.338111400604248, 7070
1.338111400604248, 7069
1.346217155456543, 7068
1.3483116626739502, 7067
1.3483116626739502, 7066
1.3483116626739502, 7065
1.358574628829956, 7064
1.3667654991149902, 7063
1.3689322471618652, 7062
1.3770334720611572, 7061
1.379162073135376, 7060
1.3895108699798584, 7059
1.3895108699798584, 7058
1.397643804550171, 7057
1.4000463485717773, 7056
1.4000463485717773, 7055
1.4000463485717773, 7054
1.4082350730895996, 7053
1.410341501235962, 7052
1.410341501235962, 7051
1.42057466506958, 7050
1.4390373229980469, 7049
1.441204309463501, 7048
1.441204309463501, 7047
1.441204309463501, 7046
1.441204309463501, 7045
1.4516074657440186, 7044
1.4516074657440186, 7043
1.4597506523132324, 7042
1.4701757431030273, 7041
1.4723479747772217, 7040
1.4723479747772217, 7039
1.4723479747772217, 7038
1.480454444885254, 7037
1.4825842380523682, 7036
1.4825842380523682, 7035
1.4929392337799072, 7034
1.4929392337799072, 7033
1.4929392337799072, 7032
1.5036990642547607, 7031
1.5036990642547607, 7030
1.5036990642547607, 7029
1.5119209289550781, 7028
1.5243024826049805, 7027
1.5243024826049805, 7026
1.5243024826049805, 7025
1.5345637798309326, 7024
1.5345637798309326, 7023
1.5345637798309326, 7022
1.5427050590515137, 7021
1.5447945594787598, 7020
1.5447945594787598, 7019
1.5447945594787598, 7018
1.5634710788726807, 7017
1.565603256225586, 7016
1.565603256225586, 7015
1.5866553783416748, 7014
1.5866553783416748, 7013
1.5866553783416748, 7012
1.5866553783416748, 7011
1.5970189571380615, 7010
1.5970189571380615, 7009
1.5970189571380615, 7008
1.5970189571380615, 7007
1.6051406860351562, 7006
1.6073179244995117, 7005
1.6073179244995117, 7004
1.6073179244995117, 7003
1.6073179244995117, 7002
1.6154489517211914, 7001
1.617701768875122, 7000
1.617701768875122, 6999
1.617701768875122, 6998
1.625845193862915, 6997
1.6279709339141846, 6996
1.6279709339141846, 6995
1.6279709339141846, 6994
1.6361618041992188, 6993
1.6383354663848877, 6992
1.659179449081421, 6991
1.659179449081421, 6990
1.659179449081421, 6989
1.6699683666229248, 6988
1.6699683666229248, 6987
1.6699683666229248, 6986
1.6781651973724365, 6985
1.680295467376709, 6984
1.688476800918579, 6983
1.6906440258026123, 6982
1.7012050151824951, 6981
1.7012050151824951, 6980
1.7012050151824951, 6979
1.709376573562622, 6978
1.7114737033843994, 6977
1.7114737033843994, 6976
1.719651699066162, 6975
1.7218189239501953, 6974
1.7322838306427002, 6973
1.7322838306427002, 6972
1.7322838306427002, 6971
1.7322838306427002, 6970
1.7426354885101318, 6969
1.7510287761688232, 6968
1.7531988620758057, 6967
1.7531988620758057, 6966
1.763658046722412, 6965
1.771782398223877, 6964
1.7739531993865967, 6963
1.7739531993865967, 6962
1.7843132019042969, 6961
1.7843132019042969, 6960
1.7843132019042969, 6959
1.7843132019042969, 6958
1.7843132019042969, 6957
1.7924258708953857, 6956
1.804945945739746, 6955
1.804945945739746, 6954
1.804945945739746, 6953
1.813281774520874, 6952
1.8154592514038086, 6951
1.8154592514038086, 6950
1.8258094787597656, 6949
1.836484432220459, 6948
1.836484432220459, 6947
1.836484432220459, 6946
1.8468053340911865, 6945
1.8468053340911865, 6944
1.8468053340911865, 6943
1.8468053340911865, 6942
1.8571255207061768, 6941
1.8676409721374512, 6940
1.8676409721374512, 6939
1.8676409721374512, 6938
1.8676409721374512, 6937
1.8676409721374512, 6936
1.875807285308838, 6935
1.8882620334625244, 6934
1.8882620334625244, 6933
1.8882620334625244, 6932
1.8965914249420166, 6931
1.89872145652771, 6930
1.89872145652771, 6929
1.89872145652771, 6928
1.89872145652771, 6927
1.9069180488586426, 6926
1.9089689254760742, 6925
1.909090518951416, 6924
1.919792890548706, 6923
1.919792890548706, 6922
1.919792890548706, 6921
1.919792890548706, 6920
1.927870750427246, 6919
1.93015456199646, 6918
1.9485979080200195, 6917
1.9508824348449707, 6916
1.9508824348449707, 6915
1.9508824348449707, 6914
1.9590365886688232, 6913
1.9611454010009766, 6912
1.971498966217041, 6911
1.971498966217041, 6910
1.971498966217041, 6909
1.979858636856079, 6908
1.9819996356964111, 6907
1.9819996356964111, 6906
1.9819996356964111, 6905
1.9819996356964111, 6904
1.9901926517486572, 6903
1.9923598766326904, 6902
1.9923598766326904, 6901
1.9923598766326904, 6900
1.9923598766326904, 6899
2.0029735565185547, 6898
2.0029735565185547, 6897
2.0029735565185547, 6896
2.0029735565185547, 6895
2.0133392810821533, 6894
2.0215203762054443, 6893
2.0215203762054443, 6892
2.023691415786743, 6891
2.023691415786743, 6890
2.023691415786743, 6889
2.034226655960083, 6888
2.034226655960083, 6887
2.034226655960083, 6886
2.034226655960083, 6885
2.034226655960083, 6884
2.042414665222168, 6883
2.0445384979248047, 6882
2.0527257919311523, 6881
2.054779052734375, 6880
2.05489444732666, 6879
2.05489444732666, 6878
2.0652616024017334, 6877
2.0652616024017334, 6876
2.073438882827759, 6875
2.075605869293213, 6874
2.075605869293213, 6873
2.075605869293213, 6872
2.0861568450927734, 6871
2.1067264080047607, 6870
2.1067264080047607, 6869
2.1147546768188477, 6868
2.1148366928100586, 6867
2.11712384223938, 6866
2.11712384223938, 6865
2.11712384223938, 6864
2.1252996921539307, 6863
2.1355390548706055, 6862
2.137690544128418, 6861
2.137690544128418, 6860
2.148313283920288, 6859
2.158635139465332, 6858
2.1692638397216797, 6857
2.1692638397216797, 6856
2.1692638397216797, 6855
2.1692638397216797, 6854
2.179635763168335, 6853
2.179635763168335, 6852
2.187734603881836, 6851
2.197765827178955, 6850
2.197765827178955, 6849
2.197765827178955, 6848
2.197765827178955, 6847
2.2135066986083984, 6846
2.2135066986083984, 6845
2.2135066986083984, 6844
2.2135066986083984, 6843
2.2446823120117188, 6842
2.2603201866149902, 6841
2.2759757041931152, 6840
2.2759757041931152, 6839
2.2759757041931152, 6838
2.2915658950805664, 6837
2.2980926036834717, 6836
2.2980926036834717, 6835
2.2980926036834717, 6834
2.313754081726074, 6833
2.313754081726074, 6832
2.313754081726074, 6831
2.313754081726074, 6830
2.3293817043304443, 6829
2.3293817043304443, 6828
2.3293817043304443, 6827
2.3293817043304443, 6826
2.3449971675872803, 6825
2.3449971675872803, 6824
2.3449971675872803, 6823
2.3606200218200684, 6822
2.3606200218200684, 6821
2.3606200218200684, 6820
2.3606200218200684, 6819
2.3762547969818115, 6818
2.3762547969818115, 6817
2.3762547969818115, 6816
2.3762547969818115, 6815
2.391899585723877, 6814
2.391899585723877, 6813
2.3979597091674805, 6812
2.3979597091674805, 6811
2.413630247116089, 6810
2.413630247116089, 6809
2.413630247116089, 6808
2.413630247116089, 6807
2.4292407035827637, 6806
2.4292407035827637, 6805
2.4292407035827637, 6804
2.444871425628662, 6803
2.4604904651641846, 6802
2.4604904651641846, 6801
2.4604904651641846, 6800
2.4604904651641846, 6799
2.4761152267456055, 6798
2.4761152267456055, 6797
2.4761152267456055, 6796
2.4761152267456055, 6795
2.491736888885498, 6794
2.491736888885498, 6793
2.4983017444610596, 6792
2.4983017444610596, 6791
2.4983017444610596, 6790
2.5140769481658936, 6789
2.5140769481658936, 6788
2.545238733291626, 6787
2.5608580112457275, 6786
2.5608580112457275, 6785
2.5608580112457275, 6784
2.5608580112457275, 6783
2.5608580112457275, 6782
2.5764894485473633, 6781
2.5764894485473633, 6780
2.5764894485473633, 6779
2.5921132564544678, 6778
2.5986428260803223, 6777
2.5986428260803223, 6776
2.5986428260803223, 6775
2.5986428260803223, 6774
2.5986428260803223, 6773
2.6143009662628174, 6772
2.6143009662628174, 6771
2.6143009662628174, 6770
2.6455628871917725, 6769
2.6455628871917725, 6768
2.6611709594726562, 6767
2.6611709594726562, 6766
2.6611709594726562, 6765
2.6767945289611816, 6764
2.6767945289611816, 6763
2.6767945289611816, 6762
2.6767945289611816, 6761
2.6767945289611816, 6760
2.6924893856048584, 6759
2.6985490322113037, 6758
2.6985490322113037, 6757
2.7142162322998047, 6756
2.7142162322998047, 6755
2.7142162322998047, 6754
2.7298481464385986, 6753
2.7298481464385986, 6752
2.7454798221588135, 6751
2.7454798221588135, 6750
2.7454798221588135, 6749
2.7454798221588135, 6748
2.7454798221588135, 6747
2.761075258255005, 6746
2.761075258255005, 6745
2.776700973510742, 6744
2.776700973510742, 6743
2.776700973510742, 6742
2.798853635787964, 6741
2.798853635787964, 6740
2.798853635787964, 6739
2.798853635787964, 6738
2.798853635787964, 6737
2.8145101070404053, 6736
2.8301289081573486, 6735
2.8301289081573486, 6734
2.845773220062256, 6733
2.8613779544830322, 6732
2.8613779544830322, 6731
2.8613779544830322, 6730
2.8613779544830322, 6729
2.8991804122924805, 6728
2.8991804122924805, 6727
2.914860486984253, 6726
2.914860486984253, 6725
2.9304633140563965, 6724
2.9304633140563965, 6723
2.9304633140563965, 6722
2.9304633140563965, 6721
2.9304633140563965, 6720
2.9461002349853516, 6719
2.9461002349853516, 6718
2.9461002349853516, 6717
2.9461002349853516, 6716
2.977337121963501, 6715
2.977337121963501, 6714
2.9929568767547607, 6713
2.9929568767547607, 6712
2.999559164047241, 6711
3.001659393310547, 6710
3.0119571685791016, 6709
3.020021438598633, 6708
3.020021438598633, 6707
3.0220587253570557, 6706
3.0220587253570557, 6705
3.0220587253570557, 6704
3.0220587253570557, 6703
3.0322937965393066, 6702
3.0322937965393066, 6701
3.04036283493042, 6700
3.0424118041992188, 6699
3.0424118041992188, 6698
3.0424118041992188, 6697
3.0526020526885986, 6696
3.0526020526885986, 6695
3.0526020526885986, 6694
3.0629680156707764, 6693
3.0629680156707764, 6692
3.0629680156707764, 6691
3.073296308517456, 6690
3.073296308517456, 6689
3.0834717750549316, 6688
3.0834717750549316, 6687
3.0916261672973633, 6686
3.0916261672973633, 6685
3.093703508377075, 6684
3.1018807888031006, 6683
3.104048013687134, 6682
3.104048013687134, 6681
3.104048013687134, 6680
3.104048013687134, 6679
3.114591598510742, 6678
3.114591598510742, 6677
3.114591598510742, 6676
3.1227729320526123, 6675
3.12493896484375, 6674
3.12493896484375, 6673
3.1352436542510986, 6672
3.1352436542510986, 6671
3.1352436542510986, 6670
3.143324375152588, 6669
3.153684377670288, 6668
3.1558496952056885, 6667
3.1558496952056885, 6666
3.174581527709961, 6665
3.1766624450683594, 6664
3.1766624450683594, 6663
3.186954975128174, 6662
3.186954975128174, 6661
3.1972837448120117, 6660
3.1972837448120117, 6659
3.2074522972106934, 6658
3.2074522972106934, 6657
3.2178590297698975, 6656
3.2178590297698975, 6655
3.228019952774048, 6654
3.238283395767212, 6653
3.238283395767212, 6652
3.238283395767212, 6651
3.2465548515319824, 6650
3.2465548515319824, 6649
3.279331922531128, 6648
3.279331922531128, 6647
3.289510726928711, 6646
3.289510726928711, 6645
3.289510726928711, 6644
3.2975945472717285, 6643
3.299668788909912, 6642
3.299668788909912, 6641
3.299668788909912, 6640
3.309840679168701, 6639
3.3179383277893066, 6638
3.320024251937866, 6637
3.330552816390991, 6636
3.3407480716705322, 6635
3.3407480716705322, 6634
3.3407480716705322, 6633
3.3488433361053467, 6632
3.3509316444396973, 6631
3.3509316444396973, 6630
3.3509316444396973, 6629
3.3590087890625, 6628
3.3713979721069336, 6627
3.3713979721069336, 6626
3.37965989112854, 6625
3.381880283355713, 6624
3.381880283355713, 6623
3.381880283355713, 6622
3.390070676803589, 6621
3.4025444984436035, 6620
3.4231700897216797, 6619
3.4231700897216797, 6618
3.4231700897216797, 6617
3.4363317489624023, 6616
3.444249391555786, 6615
3.4569177627563477, 6614
3.4569177627563477, 6613
3.4672157764434814, 6612
3.4672157764434814, 6611
3.4753079414367676, 6610
3.4753079414367676, 6609
3.496157169342041, 6608
3.4984419345855713, 6607
3.4984419345855713, 6606
3.4984419345855713, 6605
3.506615161895752, 6604
3.5086607933044434, 6603
3.5086607933044434, 6602
3.5167274475097656, 6601
3.518766403198242, 6600
3.518766403198242, 6599
3.518766403198242, 6598
3.518766403198242, 6597
3.526862382888794, 6596
3.52913498878479, 6595
3.5371880531311035, 6594
3.539220094680786, 6593
3.539220094680786, 6592
3.549367666244507, 6591
3.549367666244507, 6590
3.549367666244507, 6589
3.56962513923645, 6588
3.580004930496216, 6587
3.580004930496216, 6586
3.580004930496216, 6585
3.580004930496216, 6584
3.590282678604126, 6583
3.590282678604126, 6582
3.590282678604126, 6581
3.590282678604126, 6580
3.6005091667175293, 6579
3.6005091667175293, 6578
3.608708620071411, 6577
3.610772132873535, 6576
3.620961904525757, 6575
3.620961904525757, 6574
3.631556987762451, 6573
3.631556987762451, 6572
3.6396729946136475, 6571
3.6417744159698486, 6570
3.6417744159698486, 6569
3.6520655155181885, 6568
3.6601474285125732, 6567
3.672807455062866, 6566
3.6833395957946777, 6565
3.6833395957946777, 6564
3.691478967666626, 6563
3.693547487258911, 6562
3.693547487258911, 6561
3.703770399093628, 6560
3.703770399093628, 6559
3.703770399093628, 6558
3.703770399093628, 6557
3.7146689891815186, 6556
3.7146689891815186, 6555
3.7146689891815186, 6554
3.7228541374206543, 6553
3.725027561187744, 6552
3.73534893989563, 6551
3.7434301376342773, 6550
3.756075382232666, 6549
3.756075382232666, 6548
3.766587257385254, 6547
3.766587257385254, 6546
3.776838779449463, 6545
3.7871451377868652, 6544
3.7871451377868652, 6543
3.7871451377868652, 6542
3.7976207733154297, 6541
3.7976207733154297, 6540
3.8077752590179443, 6539
3.8159067630767822, 6538
3.8179855346679688, 6537
3.826040029525757, 6536
3.8280646800994873, 6535
3.828275680541992, 6534
3.828275680541992, 6533
3.828275680541992, 6532
3.836367130279541, 6531
3.838446855545044, 6530
3.838446855545044, 6529
3.8487775325775146, 6528
3.8487775325775146, 6527
3.8487775325775146, 6526
3.8567912578582764, 6525
3.8691821098327637, 6524
3.8691821098327637, 6523
3.8691821098327637, 6522
3.877274513244629, 6521
3.889594078063965, 6520
3.889594078063965, 6519
3.8998305797576904, 6518
3.8998305797576904, 6517
3.8998305797576904, 6516
3.918060064315796, 6515
3.918060064315796, 6514
3.918060064315796, 6513
3.918060064315796, 6512
3.928138256072998, 6511
3.928138256072998, 6510
3.928138256072998, 6509
3.928138256072998, 6508
3.943800210952759, 6507
3.943800210952759, 6506
3.959425687789917, 6505
3.9750473499298096, 6504
3.9750473499298096, 6503
3.9750473499298096, 6502
3.9750473499298096, 6501
3.9906816482543945, 6500
3.9906816482543945, 6499
3.9906816482543945, 6498
4.006313323974609, 6497
4.006313323974609, 6496
4.0219268798828125, 6495
4.0219268798828125, 6494
4.028483867645264, 6493
4.028483867645264, 6492
4.044158697128296, 6491
4.0597825050354, 6490
4.0597825050354, 6489
4.075408458709717, 6488
4.094133138656616, 6487
4.098150014877319, 6486
4.106136322021484, 6485
4.111126184463501, 6484
4.11513352394104, 6483
4.119129657745361, 6482
4.1323401927948, 6481
4.1353371143341064, 6480
4.1353371143341064, 6479
4.138339519500732, 6478
4.138339519500732, 6477
4.144341945648193, 6476
4.147340297698975, 6475
4.15934157371521, 6474
4.171341896057129, 6473
4.1773457527160645, 6472
4.180345773696899, 6471
4.183340549468994, 6470
4.183340549468994, 6469
4.198345899581909, 6468
4.213454723358154, 6467
4.213454723358154, 6466
4.213454723358154, 6465
4.269456386566162, 6464
4.280420303344727, 6463
4.280420303344727, 6462
4.280420303344727, 6461
4.280420303344727, 6460
4.280420303344727, 6459
4.296051740646362, 6458
4.296051740646362, 6457
4.296051740646362, 6456
4.296051740646362, 6455
4.3116748332977295, 6454
4.3116748332977295, 6453
4.3116748332977295, 6452
4.3116748332977295, 6451
4.32064962387085, 6450
4.322437524795532, 6449
4.327148675918579, 6448
4.343046188354492, 6447
4.344054937362671, 6446
4.37008261680603, 6445
4.37008261680603, 6444
4.37008261680603, 6443
4.37008261680603, 6442
4.37008261680603, 6441
4.37008261680603, 6440
4.383073329925537, 6439
4.396082401275635, 6438
4.396082401275635, 6437
4.396082401275635, 6436
4.405443906784058, 6435
4.405443906784058, 6434
4.405443906784058, 6433
4.421072721481323, 6432
4.421072721481323, 6431
4.429598331451416, 6430
4.429598331451416, 6429
4.429598331451416, 6428
4.445257902145386, 6427
4.445257902145386, 6426
4.445257902145386, 6425
4.460889577865601, 6424
4.460889577865601, 6423
4.460889577865601, 6422
4.476510524749756, 6421
4.476510524749756, 6420
4.476510524749756, 6419
4.492130517959595, 6418
4.492130517959595, 6417
4.492130517959595, 6416
4.492130517959595, 6415
4.492130517959595, 6414
4.492130517959595, 6413
4.507755279541016, 6412
4.523388385772705, 6411
4.52996301651001, 6410
4.52996301651001, 6409
4.52996301651001, 6408
4.561252117156982, 6407
4.5768842697143555, 6406
4.5768842697143555, 6405
4.592504501342773, 6404
4.592504501342773, 6403
4.592504501342773, 6402
4.592504501342773, 6401
4.608136415481567, 6400
4.608136415481567, 6399
4.608136415481567, 6398
4.608136415481567, 6397
4.608136415481567, 6396
4.6237571239471436, 6395
4.630281686782837, 6394
4.630281686782837, 6393
4.630281686782837, 6392
4.630281686782837, 6391
4.645941495895386, 6390
4.645941495895386, 6389
4.645941495895386, 6388
4.661560535430908, 6387
4.661560535430908, 6386
4.677180290222168, 6385
4.677180290222168, 6384
4.677180290222168, 6383
4.677180290222168, 6382
4.6928136348724365, 6381
4.6928136348724365, 6380
4.6928136348724365, 6379
4.7084362506866455, 6378
4.724065065383911, 6377
4.746302843093872, 6376
4.746302843093872, 6375
4.761868476867676, 6374
4.761868476867676, 6373
4.761868476867676, 6372
4.77749228477478, 6371
4.77749228477478, 6370
4.77749228477478, 6369
4.793117046356201, 6368
4.793117046356201, 6367
4.793117046356201, 6366
4.793117046356201, 6365
4.830885648727417, 6364
4.846539497375488, 6363
4.846539497375488, 6362
4.846539497375488, 6361
4.862155199050903, 6360
4.862155199050903, 6359
4.862155199050903, 6358
4.8777782917022705, 6357
4.8777782917022705, 6356
4.8777782917022705, 6355
4.8777782917022705, 6354
4.8934080600738525, 6353
4.8934080600738525, 6352
4.8934080600738525, 6351
4.90903115272522, 6350
4.90903115272522, 6349
4.90903115272522, 6348
4.90903115272522, 6347
4.924661636352539, 6346
4.924661636352539, 6345
4.931200981140137, 6344
4.931200981140137, 6343
4.946852207183838, 6342
4.962483167648315, 6341
4.962483167648315, 6340
4.962483167648315, 6339
4.962483167648315, 6338
4.962483167648315, 6337
4.962483167648315, 6336
4.962483167648315, 6335
4.978109121322632, 6334
4.978109121322632, 6333
4.978109121322632, 6332
4.978109121322632, 6331
4.978109121322632, 6330
4.9937424659729, 6329
5.00936222076416, 6328
5.00936222076416, 6327
5.00936222076416, 6326
5.00936222076416, 6325
5.00936222076416, 6324
5.0249855518341064, 6323
5.031513452529907, 6322
5.031513452529907, 6321
5.031513452529907, 6320
5.031513452529907, 6319
5.031513452529907, 6318
5.0471720695495605, 6317
5.078427791595459, 6316
5.078427791595459, 6315
5.094043731689453, 6314
5.109667062759399, 6313
5.109667062759399, 6312
5.131808042526245, 6311
5.131808042526245, 6310
5.131808042526245, 6309
5.131808042526245, 6308
5.147451162338257, 6307
5.147451162338257, 6306
5.147451162338257, 6305
5.16313099861145, 6304
5.16313099861145, 6303
5.178713321685791, 6302
5.194339275360107, 6301
5.194339275360107, 6300
5.209960699081421, 6299
5.209960699081421, 6298
5.2255775928497314, 6297
5.2255775928497314, 6296
5.232119798660278, 6295
5.232119798660278, 6294
5.247790336608887, 6293
5.263407945632935, 6292
5.279034614562988, 6291
5.279034614562988, 6290
5.279034614562988, 6289
5.279034614562988, 6288
5.294654607772827, 6287
5.310281276702881, 6286
5.32590913772583, 6285
5.32590913772583, 6284
5.348076343536377, 6283
5.348076343536377, 6282
5.363715648651123, 6281
5.363715648651123, 6280
5.363715648651123, 6279
5.3793206214904785, 6278
5.3793206214904785, 6277
5.3793206214904785, 6276
5.410570859909058, 6275
5.410570859909058, 6274
5.410570859909058, 6273
5.410570859909058, 6272
5.410570859909058, 6271
5.4327232837677, 6270
5.4327232837677, 6269
5.448366641998291, 6268
5.448366641998291, 6267
5.448366641998291, 6266
5.448366641998291, 6265
5.4640374183654785, 6264
5.4640374183654785, 6263
5.4640374183654785, 6262
5.4640374183654785, 6261
5.4640374183654785, 6260
5.479636907577515, 6259
5.479636907577515, 6258
5.479636907577515, 6257
5.49524998664856, 6256
5.49524998664856, 6255
5.510876178741455, 6254
5.526490688323975, 6253
5.526490688323975, 6252
5.533010005950928, 6251
5.533010005950928, 6250
5.533010005950928, 6249
5.533010005950928, 6248
5.548681259155273, 6247
5.548681259155273, 6246
5.548681259155273, 6245
5.564285755157471, 6244
5.595570087432861, 6243
5.595570087432861, 6242
5.611163139343262, 6241
5.611163139343262, 6240
5.611163139343262, 6239
5.626787185668945, 6238
5.626787185668945, 6237
5.6333160400390625, 6236
5.6333160400390625, 6235
5.648973703384399, 6234
5.648973703384399, 6233
5.6645965576171875, 6232
5.6645965576171875, 6231
5.680222749710083, 6230
5.680222749710083, 6229
5.695849895477295, 6228
5.695849895477295, 6227
5.711465835571289, 6226
5.711465835571289, 6225
5.711465835571289, 6224
5.733661651611328, 6223
5.733661651611328, 6222
5.733661651611328, 6221
5.749319314956665, 6220
5.749319314956665, 6219
5.749319314956665, 6218
5.749319314956665, 6217
5.749319314956665, 6216
5.76493501663208, 6215
5.780561447143555, 6214
5.796205520629883, 6213
5.796205520629883, 6212
5.796205520629883, 6211
5.811852931976318, 6210
5.834025621414185, 6209
5.834025621414185, 6208
5.834025621414185, 6207
5.857354640960693, 6206
5.865973472595215, 6205
5.865973472595215, 6204
5.865973472595215, 6203
5.865973472595215, 6202
5.881622076034546, 6201
5.881622076034546, 6200
5.881622076034546, 6199
5.897284746170044, 6198
5.897284746170044, 6197
5.912871837615967, 6196
5.92850136756897, 6195
5.934020519256592, 6194
5.934020519256592, 6193
5.934020519256592, 6192
5.934020519256592, 6191
5.934020519256592, 6190
5.94966983795166, 6189
5.94966983795166, 6188
5.94966983795166, 6187
5.94966983795166, 6186
5.94966983795166, 6185
5.965299844741821, 6184
5.965299844741821, 6183
5.965299844741821, 6182
5.980923652648926, 6181
5.980923652648926, 6180
5.996599197387695, 6179
5.996599197387695, 6178
5.996599197387695, 6177
5.996599197387695, 6176
6.012171983718872, 6175
6.012171983718872, 6174
6.012171983718872, 6173
6.027845621109009, 6172
6.027845621109009, 6171
6.027845621109009, 6170
6.033909559249878, 6169
6.033909559249878, 6168
6.033909559249878, 6167
6.033909559249878, 6166
6.049551486968994, 6165
6.049551486968994, 6164
6.049551486968994, 6163
6.065224885940552, 6162
6.080852508544922, 6161
6.080852508544922, 6160
6.080852508544922, 6159
6.080852508544922, 6158
6.080852508544922, 6157
6.096461057662964, 6156
6.096461057662964, 6155
6.096461057662964, 6154
6.096461057662964, 6153
6.096461057662964, 6152
6.096461057662964, 6151
6.096461057662964, 6150
6.096461057662964, 6149
6.096461057662964, 6148
6.112091064453125, 6147
6.112091064453125, 6146
6.112091064453125, 6145
6.127678871154785, 6144
6.127678871154785, 6143
6.127678871154785, 6142
6.134227275848389, 6141
6.134227275848389, 6140
6.134227275848389, 6139
6.134227275848389, 6138
6.149900674819946, 6137
6.149900674819946, 6136
6.149900674819946, 6135
6.149900674819946, 6134
6.16552734375, 6133
6.16552734375, 6132
6.16552734375, 6131
6.16552734375, 6130
6.181114673614502, 6129
6.181114673614502, 6128
6.181114673614502, 6127
6.181114673614502, 6126
6.181114673614502, 6125
6.181114673614502, 6124
6.181114673614502, 6123
6.181114673614502, 6122
6.181114673614502, 6121
6.181114673614502, 6120
6.1967761516571045, 6119
6.1967761516571045, 6118
6.1967761516571045, 6117
6.212400913238525, 6116
6.212400913238525, 6115
6.212400913238525, 6114
6.212400913238525, 6113
6.212400913238525, 6112
6.22799015045166, 6111
6.22799015045166, 6110
6.234565496444702, 6109
6.234565496444702, 6108
6.236632823944092, 6107
6.236632823944092, 6106
6.236632823944092, 6105
6.236632823944092, 6104
6.236632823944092, 6103
6.236632823944092, 6102
6.236632823944092, 6101
6.236632823944092, 6100
6.244710445404053, 6099
6.246782064437866, 6098
6.246782064437866, 6097
6.246782064437866, 6096
6.246782064437866, 6095
6.246782064437866, 6094
6.246782064437866, 6093
6.254838228225708, 6092
6.2568581104278564, 6091
6.2568581104278564, 6090
6.2568581104278564, 6089
6.2568581104278564, 6088
6.2568581104278564, 6087
6.2649383544921875, 6086
6.2649383544921875, 6085
6.2649383544921875, 6084
6.2670159339904785, 6083
6.2670159339904785, 6082
6.2670159339904785, 6081
6.2670159339904785, 6080
6.275048494338989, 6079
6.275048494338989, 6078
6.277084827423096, 6077
6.277084827423096, 6076
6.277084827423096, 6075
6.285144567489624, 6074
6.285144567489624, 6073
6.287214279174805, 6072
6.287214279174805, 6071
6.287214279174805, 6070
6.287214279174805, 6069
6.287214279174805, 6068
6.2952799797058105, 6067
6.305404901504517, 6066
6.307428359985352, 6065
6.307428359985352, 6064
6.307428359985352, 6063
6.307428359985352, 6062
6.317566633224487, 6061
6.3276894092559814, 6060
6.3276894092559814, 6059
6.3276894092559814, 6058
6.3276894092559814, 6057
6.337823867797852, 6056
6.337823867797852, 6055
6.337823867797852, 6054
6.345893621444702, 6053
6.345893621444702, 6052
6.347960948944092, 6051
6.347960948944092, 6050
6.347960948944092, 6049
6.35604453086853, 6048
6.358072996139526, 6047
6.368193864822388, 6046
6.368193864822388, 6045
6.368193864822388, 6044
6.368193864822388, 6043
6.368193864822388, 6042
6.376227855682373, 6041
6.376227855682373, 6040
6.378264904022217, 6039
6.388372898101807, 6038
6.396394729614258, 6037
6.3984291553497314, 6036
6.3984291553497314, 6035
6.3984291553497314, 6034
6.4064624309539795, 6033
6.408480882644653, 6032
6.408480882644653, 6031
6.408480882644653, 6030
6.418519496917725, 6029
6.418519496917725, 6028
6.418519496917725, 6027
6.418519496917725, 6026
6.418519496917725, 6025
6.426577091217041, 6024
6.426577091217041, 6023
6.428595781326294, 6022
6.428595781326294, 6021
6.428595781326294, 6020
6.436612844467163, 6019
6.436612844467163, 6018
6.438655376434326, 6017
6.438655376434326, 6016
6.446686267852783, 6015
6.4487035274505615, 6014
6.456720352172852, 6013
6.458738565444946, 6012
6.470457315444946, 6011
6.471476793289185, 6010
6.4745800495147705, 6009
6.4745800495147705, 6008
6.475622653961182, 6007
6.480690956115723, 6006
6.480690956115723, 6005
6.487728834152222, 6004
6.489748954772949, 6003
6.497771739959717, 6002
6.499790191650391, 6001
6.499790191650391, 6000
6.499790191650391, 5999
6.499790191650391, 5998
6.507824897766113, 5997
6.507824897766113, 5996
6.509843349456787, 5995
6.509843349456787, 5994
6.509843349456787, 5993
6.509843349456787, 5992
6.509843349456787, 5991
6.509843349456787, 5990
6.519888639450073, 5989
6.519888639450073, 5988
6.519888639450073, 5987
6.519888639450073, 5986
6.519888639450073, 5985
6.519888639450073, 5984
6.530418157577515, 5983
6.530418157577515, 5982
6.530418157577515, 5981
6.530418157577515, 5980
6.530418157577515, 5979
6.530418157577515, 5978
6.5384368896484375, 5977
6.5384368896484375, 5976
6.5384368896484375, 5975
6.540453672409058, 5974
6.540453672409058, 5973
6.550522327423096, 5972
6.550522327423096, 5971
6.550522327423096, 5970
6.550522327423096, 5969
6.558542490005493, 5968
6.560559511184692, 5967
6.560559511184692, 5966
6.560559511184692, 5965
6.568603277206421, 5964
6.568603277206421, 5963
6.570631980895996, 5962
6.570631980895996, 5961
6.570631980895996, 5960
6.578659772872925, 5959
6.578659772872925, 5958
6.580679416656494, 5957
6.580679416656494, 5956
6.580679416656494, 5955
6.580679416656494, 5954
6.588733196258545, 5953
6.598817586898804, 5952
6.598817586898804, 5951
6.608831405639648, 5950
6.608831405639648, 5949
6.624486207962036, 5948
6.624486207962036, 5947
6.624486207962036, 5946
6.624486207962036, 5945
6.624486207962036, 5944
6.624486207962036, 5943
6.624486207962036, 5942
6.640101194381714, 5941
6.640101194381714, 5940
6.640101194381714, 5939
6.640101194381714, 5938
6.640101194381714, 5937
6.640101194381714, 5936
6.655733585357666, 5935
6.655733585357666, 5934
6.655733585357666, 5933
6.655733585357666, 5932
6.655733585357666, 5931
6.655733585357666, 5930
6.671355962753296, 5929
6.687021017074585, 5928
6.687021017074585, 5927
6.687021017074585, 5926
6.687021017074585, 5925
6.687021017074585, 5924
6.687021017074585, 5923
6.702600002288818, 5922
6.702600002288818, 5921
6.709149360656738, 5920
6.709149360656738, 5919
6.709149360656738, 5918
6.709149360656738, 5917
6.709149360656738, 5916
6.724835157394409, 5915
6.724835157394409, 5914
6.724835157394409, 5913
6.740453243255615, 5912
6.740453243255615, 5911
6.740453243255615, 5910
6.740453243255615, 5909
6.740453243255615, 5908
6.740453243255615, 5907
6.756042957305908, 5906
6.756042957305908, 5905
6.756042957305908, 5904
6.756042957305908, 5903
6.756042957305908, 5902
6.771664619445801, 5901
6.771664619445801, 5900
6.787397146224976, 5899
6.787397146224976, 5898
6.787397146224976, 5897
6.787397146224976, 5896
6.787397146224976, 5895
6.787397146224976, 5894
6.787397146224976, 5893
6.787397146224976, 5892
6.802947521209717, 5891
6.802947521209717, 5890
6.809467792510986, 5889
6.809467792510986, 5888
6.809467792510986, 5887
6.809467792510986, 5886
6.809467792510986, 5885
6.8251118659973145, 5884
6.8251118659973145, 5883
6.8251118659973145, 5882
6.840734958648682, 5881
6.840734958648682, 5880
6.840734958648682, 5879
6.840734958648682, 5878
6.840734958648682, 5877
6.856421947479248, 5876
6.856421947479248, 5875
6.856421947479248, 5874
6.856421947479248, 5873
6.856421947479248, 5872
6.856421947479248, 5871
6.856421947479248, 5870
6.872026443481445, 5869
6.872026443481445, 5868
6.872026443481445, 5867
6.872026443481445, 5866
6.872026443481445, 5865
6.872026443481445, 5864
6.872026443481445, 5863
6.872026443481445, 5862
6.872026443481445, 5861
6.872026443481445, 5860
6.872026443481445, 5859
6.887613296508789, 5858
6.887613296508789, 5857
6.887613296508789, 5856
6.887613296508789, 5855
6.887613296508789, 5854
6.903271436691284, 5853
6.903271436691284, 5852
6.903271436691284, 5851
6.909818172454834, 5850
6.909818172454834, 5849
6.925462961196899, 5848
6.925462961196899, 5847
6.925462961196899, 5846
6.94108510017395, 5845
6.94108510017395, 5844
6.94108510017395, 5843
6.94108510017395, 5842
6.94108510017395, 5841
6.94108510017395, 5840
6.956748962402344, 5839
6.956748962402344, 5838
6.956748962402344, 5837
6.956748962402344, 5836
6.956748962402344, 5835
6.956748962402344, 5834
6.956748962402344, 5833
6.972374439239502, 5832
6.972374439239502, 5831
6.972374439239502, 5830
6.972374439239502, 5829
6.987959146499634, 5828
6.987959146499634, 5827
6.987959146499634, 5826
6.987959146499634, 5825
6.987959146499634, 5824
7.0036211013793945, 5823
7.0036211013793945, 5822
7.0036211013793945, 5821
7.010141849517822, 5820
7.010141849517822, 5819
7.010141849517822, 5818
7.010141849517822, 5817
7.010141849517822, 5816
7.025784969329834, 5815
7.025784969329834, 5814
7.025784969329834, 5813
7.025784969329834, 5812
7.025784969329834, 5811
7.057083368301392, 5810
7.057083368301392, 5809
7.057083368301392, 5808
7.057083368301392, 5807
7.057083368301392, 5806
7.057083368301392, 5805
7.057083368301392, 5804
7.07269287109375, 5803
7.07269287109375, 5802
7.07269287109375, 5801
7.07269287109375, 5800
7.088321685791016, 5799
7.088321685791016, 5798
7.088321685791016, 5797
7.088321685791016, 5796
7.103950023651123, 5795
7.103950023651123, 5794
7.103950023651123, 5793
7.103950023651123, 5792
7.110509872436523, 5791
7.120589733123779, 5790
7.122612237930298, 5789
7.122612237930298, 5788
7.122612237930298, 5787
7.130680799484253, 5786
7.130680799484253, 5785
7.132746458053589, 5784
7.132746458053589, 5783
7.132746458053589, 5782
7.151471138000488, 5781
7.15350341796875, 5780
7.15350341796875, 5779
7.1716859340667725, 5778
7.1716859340667725, 5777
7.1716859340667725, 5776
7.1716859340667725, 5775
7.18177342414856, 5774
7.183841228485107, 5773
7.193967580795288, 5772
7.193967580795288, 5771
7.193967580795288, 5770
7.204043388366699, 5769
7.204043388366699, 5768
7.204043388366699, 5767
7.204043388366699, 5766
7.214169979095459, 5765
7.224258899688721, 5764
7.232336044311523, 5763
7.234410524368286, 5762
7.234410524368286, 5761
7.234410524368286, 5760
7.234410524368286, 5759
7.234410524368286, 5758
7.254730939865112, 5757
7.254730939865112, 5756
7.254730939865112, 5755
7.254730939865112, 5754
7.264901161193848, 5753
7.264901161193848, 5752
7.264901161193848, 5751
7.272989749908447, 5750
7.272989749908447, 5749
7.275028228759766, 5748
7.283123016357422, 5747
7.285192489624023, 5746
7.285192489624023, 5745
7.285192489624023, 5744
7.285192489624023, 5743
7.295337438583374, 5742
7.303385972976685, 5741
7.303385972976685, 5740
7.305416584014893, 5739
7.305416584014893, 5738
7.31557297706604, 5737
7.31557297706604, 5736
7.31557297706604, 5735
7.323670864105225, 5734
7.325709104537964, 5733
7.325709104537964, 5732
7.3358306884765625, 5731
7.343919992446899, 5730
7.34598445892334, 5729
7.356042385101318, 5728
7.356042385101318, 5727
7.356042385101318, 5726
7.376260042190552, 5725
7.376260042190552, 5724
7.376260042190552, 5723
7.3845813274383545, 5722
7.394791841506958, 5721
7.396866798400879, 5720
7.404943943023682, 5719
7.415048837661743, 5718
7.415048837661743, 5717
7.417073011398315, 5716
7.417073011398315, 5715
7.417073011398315, 5714
7.417073011398315, 5713
7.417073011398315, 5712
7.43574595451355, 5711
7.439875364303589, 5710
7.439875364303589, 5709
7.439875364303589, 5708
7.439875364303589, 5707
7.466083765029907, 5706
7.466083765029907, 5705
7.478235721588135, 5704
7.488393068313599, 5703
7.488393068313599, 5702
7.4964423179626465, 5701
7.4964423179626465, 5700
7.4964423179626465, 5699
7.508573055267334, 5698
7.508573055267334, 5697
7.508573055267334, 5696
7.508573055267334, 5695
7.516608238220215, 5694
7.516608238220215, 5693
7.516608238220215, 5692
7.52672266960144, 5691
7.528794288635254, 5690
7.528794288635254, 5689
7.528794288635254, 5688
7.538922309875488, 5687
7.538922309875488, 5686
7.538922309875488, 5685
7.546999454498291, 5684
7.546999454498291, 5683
7.546999454498291, 5682
7.546999454498291, 5681
7.569278717041016, 5680
7.569278717041016, 5679
7.577430248260498, 5678
7.577430248260498, 5677
7.577430248260498, 5676
7.577430248260498, 5675
7.577430248260498, 5674
7.58753514289856, 5673
7.589605808258057, 5672
7.589605808258057, 5671
7.589605808258057, 5670
7.597629547119141, 5669
7.599698066711426, 5668
7.599698066711426, 5667
7.6077704429626465, 5666
7.6077704429626465, 5665
7.609846830368042, 5664
7.609846830368042, 5663
7.609846830368042, 5662
7.617877960205078, 5661
7.619909286499023, 5660
7.640190362930298, 5659
7.640190362930298, 5658
7.640190362930298, 5657
7.640190362930298, 5656
7.640190362930298, 5655
7.660397291183472, 5654
7.660397291183472, 5653
7.670480966567993, 5652
7.680625915527344, 5651
7.680625915527344, 5650
7.690855979919434, 5649
7.690855979919434, 5648
7.690855979919434, 5647
7.690855979919434, 5646
7.700919151306152, 5645
7.700919151306152, 5644
7.708998918533325, 5643
7.711065053939819, 5642
7.711065053939819, 5641
7.711065053939819, 5640
7.711065053939819, 5639
7.711065053939819, 5638
7.721124172210693, 5637
7.721124172210693, 5636
7.721124172210693, 5635
7.721124172210693, 5634
7.729170560836792, 5633
7.729211807250977, 5632
7.731283664703369, 5631
7.731283664703369, 5630
7.731283664703369, 5629
7.741413116455078, 5628
7.762099266052246, 5627
7.780271053314209, 5626
7.782344102859497, 5625
7.782344102859497, 5624
7.792548656463623, 5623
7.792548656463623, 5622
7.792548656463623, 5621
7.792548656463623, 5620
7.800605058670044, 5619
7.800605058670044, 5618
7.802677631378174, 5617
7.812820672988892, 5616
7.812820672988892, 5615
7.812820672988892, 5614
7.822881460189819, 5613
7.833019733428955, 5612
7.833019733428955, 5611
7.833019733428955, 5610
7.833019733428955, 5609
7.833019733428955, 5608
7.841089963912964, 5607
7.841089963912964, 5606
7.8431596755981445, 5605
7.8431596755981445, 5604
7.853228569030762, 5603
7.853228569030762, 5602
7.863355398178101, 5601
7.863355398178101, 5600
7.871418237686157, 5599
7.873455286026001, 5598
7.873455286026001, 5597
7.873455286026001, 5596
7.873455286026001, 5595
7.881522178649902, 5594
7.881522178649902, 5593
7.883585691452026, 5592
7.883585691452026, 5591
7.883585691452026, 5590
7.8936607837677, 5589
7.8936607837677, 5588
7.8936607837677, 5587
7.903697729110718, 5586
7.903697729110718, 5585
7.903697729110718, 5584
7.913744211196899, 5583
7.913744211196899, 5582
7.921772718429565, 5581
7.921772718429565, 5580
7.923794746398926, 5579
7.923794746398926, 5578
7.923794746398926, 5577
7.933879852294922, 5576
7.933879852294922, 5575
7.933879852294922, 5574
7.943964958190918, 5573
7.943964958190918, 5572
7.943964958190918, 5571
7.943964958190918, 5570
7.962403059005737, 5569
7.962403059005737, 5568
7.97251558303833, 5567
7.974554777145386, 5566
7.974554777145386, 5565
7.974554777145386, 5564
7.974554777145386, 5563
7.984692811965942, 5562
7.984692811965942, 5561
7.984692811965942, 5560
7.99273943901062, 5559
7.9948577880859375, 5558
8.004908084869385, 5557
8.015213251113892, 5556
8.023295402526855, 5555
8.023295402526855, 5554
8.023295402526855, 5553
8.03548789024353, 5552
8.03548789024353, 5551
8.03548789024353, 5550
8.043687582015991, 5549
8.043687582015991, 5548
8.055798530578613, 5547
8.055798530578613, 5546
8.063880205154419, 5545
8.06594967842102, 5544
8.06594967842102, 5543
8.06594967842102, 5542
8.076143503189087, 5541
8.076143503189087, 5540
8.076143503189087, 5539
8.086279392242432, 5538
8.094365119934082, 5537
8.096421957015991, 5536
8.096421957015991, 5535
8.104469776153564, 5534
8.104469776153564, 5533
8.114573001861572, 5532
8.124707698822021, 5531
8.126780033111572, 5530
8.136936664581299, 5529
8.136936664581299, 5528
8.147076845169067, 5527
8.147076845169067, 5526
8.155129194259644, 5525
8.155129194259644, 5524
8.157157182693481, 5523
8.157157182693481, 5522
8.167256832122803, 5521
8.167256832122803, 5520
8.167256832122803, 5519
8.167256832122803, 5518
8.177370309829712, 5517
8.177370309829712, 5516
8.1875, 5515
8.1875, 5514
8.1875, 5513
8.1976478099823, 5512
8.1976478099823, 5511
8.205679178237915, 5510
8.20770001411438, 5509
8.20770001411438, 5508
8.20770001411438, 5507
8.225931882858276, 5506
8.225931882858276, 5505
8.227964162826538, 5504
8.227964162826538, 5503
8.227964162826538, 5502
8.236061334609985, 5501
8.238128662109375, 5500
8.238128662109375, 5499
8.238128662109375, 5498
8.248265743255615, 5497
8.258394241333008, 5496
8.258394241333008, 5495
8.258394241333008, 5494
8.26647424697876, 5493
8.268503189086914, 5492
8.268503189086914, 5491
8.268503189086914, 5490
8.278586626052856, 5489
8.278586626052856, 5488
8.286648511886597, 5487
8.28871750831604, 5486
8.28871750831604, 5485
8.28871750831604, 5484
8.28871750831604, 5483
8.28871750831604, 5482
8.296801567077637, 5481
8.298875093460083, 5480
8.298875093460083, 5479
8.298875093460083, 5478
8.30893087387085, 5477
8.30893087387085, 5476
8.30893087387085, 5475
8.319075345993042, 5474
8.329177856445312, 5473
8.329177856445312, 5472
8.337256669998169, 5471
8.339322090148926, 5470
8.339322090148926, 5469
8.339322090148926, 5468
8.339322090148926, 5467
8.339322090148926, 5466
8.339322090148926, 5465
8.347386598587036, 5464
8.349456548690796, 5463
8.349456548690796, 5462
8.36000370979309, 5461
8.36000370979309, 5460
8.36000370979309, 5459
8.370136737823486, 5458
8.370136737823486, 5457
8.370136737823486, 5456
8.378222227096558, 5455
8.390392065048218, 5454
8.390392065048218, 5453
8.390392065048218, 5452
8.408570289611816, 5451
8.410640716552734, 5450
8.410640716552734, 5449
8.410640716552734, 5448
8.420786619186401, 5447
8.420786619186401, 5446
8.42882776260376, 5445
8.441062450408936, 5444
8.441062450408936, 5443
8.441062450408936, 5442
8.441062450408936, 5441
8.441062450408936, 5440
8.45112681388855, 5439
8.45112681388855, 5438
8.45112681388855, 5437
8.45112681388855, 5436
8.461256265640259, 5435
8.461256265640259, 5434
8.469331979751587, 5433
8.469331979751587, 5432
8.469331979751587, 5431
8.469331979751587, 5430
8.469331979751587, 5429
8.469331979751587, 5428
8.481414318084717, 5427
8.481414318084717, 5426
8.489482879638672, 5425
8.491523742675781, 5424
8.491523742675781, 5423
8.501653909683228, 5422
8.50977873802185, 5421
8.50977873802185, 5420
8.511850357055664, 5419
8.511850357055664, 5418
8.511850357055664, 5417
8.519924402236938, 5416
8.52199673652649, 5415
8.532119035720825, 5414
8.532119035720825, 5413
8.532119035720825, 5412
8.542261123657227, 5411
8.542261123657227, 5410
8.542261123657227, 5409
8.550323486328125, 5408
8.550323486328125, 5407
8.552352905273438, 5406
8.562549114227295, 5405
8.583019256591797, 5404
8.583019256591797, 5403
8.583019256591797, 5402
8.583019256591797, 5401
8.583019256591797, 5400
8.583019256591797, 5399
8.593193769454956, 5398
8.593193769454956, 5397
8.601346969604492, 5396
8.601346969604492, 5395
8.631680488586426, 5394
8.631680488586426, 5393
8.633719444274902, 5392
8.633719444274902, 5391
8.641794204711914, 5390
8.641794204711914, 5389
8.641794204711914, 5388
8.662019968032837, 5387
8.664098262786865, 5386
8.672170877456665, 5385
8.674239873886108, 5384
8.68232274055481, 5383
8.68441104888916, 5382
8.68441104888916, 5381
8.68441104888916, 5380
8.694466352462769, 5379
8.694466352462769, 5378
8.704639911651611, 5377
8.704639911651611, 5376
8.714709281921387, 5375
8.722782373428345, 5374
8.724805116653442, 5373
8.735104084014893, 5372
8.735104084014893, 5371
8.743175506591797, 5370
8.743175506591797, 5369
8.743175506591797, 5368
8.755361557006836, 5367
8.765445947647095, 5366
8.773484945297241, 5365
8.77551794052124, 5364
8.785659074783325, 5363
8.785659074783325, 5362
8.785659074783325, 5361
8.785659074783325, 5360
8.795724868774414, 5359
8.795724868774414, 5358
8.795724868774414, 5357
8.805879354476929, 5356
8.805879354476929, 5355
8.826164722442627, 5354
8.826164722442627, 5353
8.836342096328735, 5352
8.836342096328735, 5351
8.844421863555908, 5350
8.856621265411377, 5349
8.856621265411377, 5348
8.856621265411377, 5347
8.866785526275635, 5346
8.866785526275635, 5345
8.866785526275635, 5344
8.876919984817505, 5343
8.887094497680664, 5342
8.887094497680664, 5341
8.89512848854065, 5340
8.89512848854065, 5339
8.89512848854065, 5338
8.905226945877075, 5337
8.907351732254028, 5336
8.907351732254028, 5335
8.91543436050415, 5334
8.927603483200073, 5333
8.927603483200073, 5332
8.937741994857788, 5331
8.937741994857788, 5330
8.937741994857788, 5329
8.937741994857788, 5328
8.957975625991821, 5327
8.957975625991821, 5326
8.968544721603394, 5325
8.968544721603394, 5324
8.978636980056763, 5323
8.978636980056763, 5322
8.98879098892212, 5321
8.98879098892212, 5320
8.998860359191895, 5319
9.008986949920654, 5318
9.019121646881104, 5317
9.019121646881104, 5316
9.027161598205566, 5315
9.029231548309326, 5314
9.029231548309326, 5313
9.029231548309326, 5312
9.029231548309326, 5311
9.039359092712402, 5310
9.039359092712402, 5309
9.049464702606201, 5308
9.049464702606201, 5307
9.05955195426941, 5306
9.067639827728271, 5305
9.079697370529175, 5304
9.079697370529175, 5303
9.079697370529175, 5302
9.079697370529175, 5301
9.09793210029602, 5300
9.09793210029602, 5299
9.099956512451172, 5298
9.110046148300171, 5297
9.11007285118103, 5296
9.130363941192627, 5295
9.138434886932373, 5294
9.140503883361816, 5293
9.140503883361816, 5292
9.140503883361816, 5291
9.14856767654419, 5290
9.150595903396606, 5289
9.150595903396606, 5288
9.150595903396606, 5287
9.150595903396606, 5286
9.150595903396606, 5285
9.158669471740723, 5284
9.160736083984375, 5283
9.160736083984375, 5282
9.168827295303345, 5281
9.170857191085815, 5280
9.170857191085815, 5279
9.170857191085815, 5278
9.170857191085815, 5277
9.180989742279053, 5276
9.180989742279053, 5275
9.189080715179443, 5274
9.191122055053711, 5273
9.191122055053711, 5272
9.201229810714722, 5271
9.201229810714722, 5270
9.211368322372437, 5269
9.211368322372437, 5268
9.211368322372437, 5267
9.221465110778809, 5266
9.221465110778809, 5265
9.221465110778809, 5264
9.239677429199219, 5263
9.241740703582764, 5262
9.251836061477661, 5261
9.261982917785645, 5260
9.272100687026978, 5259
9.282238721847534, 5258
9.292373657226562, 5257
9.300407409667969, 5256
9.302430868148804, 5255
9.302430868148804, 5254
9.31258511543274, 5253
9.322724342346191, 5252
9.332871675491333, 5251
9.332871675491333, 5250
9.343016147613525, 5249
9.343016147613525, 5248
9.35310411453247, 5247
9.35310411453247, 5246
9.36323595046997, 5245
9.381396770477295, 5244
9.381396770477295, 5243
9.39351487159729, 5242
9.39351487159729, 5241
9.40155577659607, 5240
9.41369104385376, 5239
9.41369104385376, 5238
9.41369104385376, 5237
9.41369104385376, 5236
9.431915998458862, 5235
9.431915998458862, 5234
9.43398904800415, 5233
9.43398904800415, 5232
9.442024230957031, 5231
9.444058656692505, 5230
9.444058656692505, 5229
9.452159643173218, 5228
9.452159643173218, 5227
9.452159643173218, 5226
9.474692583084106, 5225
9.48479175567627, 5224
9.492947816848755, 5223
9.502967357635498, 5222
9.502967357635498, 5221
9.518615007400513, 5220
9.518615007400513, 5219
9.534234523773193, 5218
9.534234523773193, 5217
9.534234523773193, 5216
9.534234523773193, 5215
9.534234523773193, 5214
9.549896478652954, 5213
9.549896478652954, 5212
9.565526008605957, 5211
9.565526008605957, 5210
9.565526008605957, 5209
9.565526008605957, 5208
9.581154346466064, 5207
9.581154346466064, 5206
9.581154346466064, 5205
9.60330057144165, 5204
9.60330057144165, 5203
9.60330057144165, 5202
9.60330057144165, 5201
9.618995904922485, 5200
9.618995904922485, 5199
9.618995904922485, 5198
9.618995904922485, 5197
9.618995904922485, 5196
9.634609937667847, 5195
9.634609937667847, 5194
9.650238990783691, 5193
9.650238990783691, 5192
9.66586184501648, 5191
9.669452905654907, 5190
9.669452905654907, 5189
9.669452905654907, 5188
9.669452905654907, 5187
9.677576065063477, 5186
9.677576065063477, 5185
9.679213047027588, 5184
9.679213047027588, 5183
9.679213047027588, 5182
9.679213047027588, 5181
9.694846630096436, 5180
9.703367233276367, 5179
9.703367233276367, 5178
9.703367233276367, 5177
9.703367233276367, 5176
9.703367233276367, 5175
9.71903920173645, 5174
9.71903920173645, 5173
9.71903920173645, 5172
9.71903920173645, 5171
9.71903920173645, 5170
9.734668493270874, 5169
9.734668493270874, 5168
9.734668493270874, 5167
9.734668493270874, 5166
9.734668493270874, 5165
9.734668493270874, 5164
9.734668493270874, 5163
9.75029444694519, 5162
9.75029444694519, 5161
9.75029444694519, 5160
9.765917301177979, 5159
9.765917301177979, 5158
9.78153944015503, 5157
9.78153944015503, 5156
9.78153944015503, 5155
9.78153944015503, 5154
9.797167778015137, 5153
9.8059561252594, 5152
9.8059561252594, 5151
9.8059561252594, 5150
9.816265106201172, 5149
9.816265106201172, 5148
9.816265106201172, 5147
9.826520204544067, 5146
9.826520204544067, 5145
9.836750745773315, 5144
9.84704327583313, 5143
9.84704327583313, 5142
9.857277631759644, 5141
9.857277631759644, 5140
9.857277631759644, 5139
9.865418195724487, 5138
9.867557525634766, 5137
9.867557525634766, 5136
9.875640630722046, 5135
9.877780675888062, 5134
9.877780675888062, 5133
9.885925531387329, 5132
9.888064622879028, 5131
9.888064622879028, 5130
9.888064622879028, 5129
9.888064622879028, 5128
9.888064622879028, 5127
9.896142721176147, 5126
9.898279905319214, 5125
9.908571243286133, 5124
9.918787240982056, 5123
9.918787240982056, 5122
9.918787240982056, 5121
9.926930665969849, 5120
9.92906928062439, 5119
9.92906928062439, 5118
9.92906928062439, 5117
9.939287185668945, 5116
9.95768427848816, 5115
9.959838628768921, 5114
9.959838628768921, 5113
9.959838628768921, 5112
9.970121145248413, 5111
9.970121145248413, 5110
9.978210210800171, 5109
9.980288743972778, 5108
9.980288743972778, 5107
9.980288743972778, 5106
9.980288743972778, 5105
9.980288743972778, 5104
9.988451957702637, 5103
9.990596055984497, 5102
9.990596055984497, 5101
9.99869966506958, 5100
9.99869966506958, 5099
10.000856399536133, 5098
10.000856399536133, 5097
10.01116132736206, 5096
10.01116132736206, 5095
10.01116132736206, 5094
10.019236326217651, 5093
10.019236326217651, 5092
10.019236326217651, 5091
10.031715393066406, 5090
10.039810180664062, 5089
10.052097797393799, 5088
10.052097797393799, 5087
10.052097797393799, 5086
10.062253713607788, 5085
10.072526931762695, 5084
10.072526931762695, 5083
10.082775592803955, 5082
10.082775592803955, 5081
10.082775592803955, 5080
10.082775592803955, 5079
10.082775592803955, 5078
10.082775592803955, 5077
10.09306001663208, 5076
10.09306001663208, 5075
10.103306531906128, 5074
10.103306531906128, 5073
10.113583087921143, 5072
10.1216561794281, 5071
10.1216561794281, 5070
10.123811960220337, 5069
10.123811960220337, 5068
10.123811960220337, 5067
10.123811960220337, 5066
10.134125709533691, 5065
10.162795782089233, 5064
10.16495680809021, 5063
10.175134181976318, 5062
10.18771743774414, 5061
10.197961807250977, 5060
10.216186046600342, 5059
10.218236446380615, 5058
10.226298809051514, 5057
10.228353500366211, 5056
10.236406326293945, 5055
10.236406326293945, 5054
10.236406326293945, 5053
10.238460540771484, 5052
10.238460540771484, 5051
10.24857759475708, 5050
10.24857759475708, 5049
10.258686542510986, 5048
10.258686542510986, 5047
10.258686542510986, 5046
10.258686542510986, 5045
10.278933048248291, 5044
10.28697657585144, 5043
10.297117948532104, 5042
10.297117948532104, 5041
10.307265996932983, 5040
10.319447755813599, 5039
10.319447755813599, 5038
10.330023288726807, 5037
10.330023288726807, 5036
10.330023288726807, 5035
10.330023288726807, 5034
10.338100910186768, 5033
10.34016466140747, 5032
10.348243236541748, 5031
10.350309371948242, 5030
10.350309371948242, 5029
10.350309371948242, 5028
10.350309371948242, 5027
10.350309371948242, 5026
10.358380317687988, 5025
10.358380317687988, 5024
10.360450029373169, 5023
10.36852502822876, 5022
10.37059211730957, 5021
10.37059211730957, 5020
10.37059211730957, 5019
10.37867021560669, 5018
10.380737781524658, 5017
10.388786315917969, 5016
10.401012897491455, 5015
10.401012897491455, 5014
10.41135025024414, 5013
10.41936469078064, 5012
10.421491146087646, 5011
10.421491146087646, 5010
10.451853513717651, 5009
10.46196436882019, 5008
10.480143308639526, 5007
10.482208013534546, 5006
10.482208013534546, 5005
10.482208013534546, 5004
10.482208013534546, 5003
10.492754459381104, 5002
10.492754459381104, 5001
10.492754459381104, 5000
10.492754459381104, 4999
10.503021001815796, 4998
10.513637781143188, 4997
10.513637781143188, 4996
10.513637781143188, 4995
10.532023191452026, 4994
10.532023191452026, 4993
10.544394731521606, 4992
10.554579019546509, 4991
10.572928667068481, 4990
10.58313512802124, 4989
10.58313512802124, 4988
10.608874559402466, 4987
10.608874559402466, 4986
10.608874559402466, 4985
10.608874559402466, 4984
10.608874559402466, 4983
10.624504327774048, 4982
10.624504327774048, 4981
10.640162706375122, 4980
10.655787229537964, 4979
10.671411275863647, 4978
10.671411275863647, 4977
10.693583488464355, 4976
10.693583488464355, 4975
10.693583488464355, 4974
10.693583488464355, 4973
10.709283828735352, 4972
10.740527629852295, 4971
10.740527629852295, 4970
10.756152391433716, 4969
10.771780014038086, 4968
10.771780014038086, 4967
10.771780014038086, 4966
10.787402391433716, 4965
10.787402391433716, 4964
10.79398250579834, 4963
10.79398250579834, 4962
10.79398250579834, 4961
10.79398250579834, 4960
10.809677362442017, 4959
10.809677362442017, 4958
10.809677362442017, 4957
10.825264930725098, 4956
10.825264930725098, 4955
10.840892553329468, 4954
10.85654902458191, 4953
10.85654902458191, 4952
10.87217378616333, 4951
10.87217378616333, 4950
10.87217378616333, 4949
10.87217378616333, 4948
10.894373893737793, 4947
10.894373893737793, 4946
10.894373893737793, 4945
10.910060167312622, 4944
10.910060167312622, 4943
10.910060167312622, 4942
10.910060167312622, 4941
10.910060167312622, 4940
10.925696849822998, 4939
10.925696849822998, 4938
10.941287279129028, 4937
10.941287279129028, 4936
10.956945419311523, 4935
10.956945419311523, 4934
10.972570657730103, 4933
10.972570657730103, 4932
10.972570657730103, 4931
10.988200902938843, 4930
10.994765281677246, 4929
10.994765281677246, 4928
11.010587692260742, 4927
11.026095151901245, 4926
11.026095151901245, 4925
11.041714191436768, 4924
11.057311296463013, 4923
11.057311296463013, 4922
11.057311296463013, 4921
11.057311296463013, 4920
11.072966814041138, 4919
11.097378015518188, 4918
11.097378015518188, 4917
11.097378015518188, 4916
11.10757303237915, 4915
11.117871284484863, 4914
11.125962972640991, 4913
11.125962972640991, 4912
11.136251449584961, 4911
11.136251449584961, 4910
11.138391733169556, 4909
11.158898115158081, 4908
11.158898115158081, 4907
11.166974782943726, 4906
11.169022798538208, 4905
11.169123888015747, 4904
11.177265167236328, 4903
11.179405212402344, 4902
11.187483787536621, 4901
11.189635992050171, 4900
11.199833631515503, 4899
11.208040952682495, 4898
11.208040952682495, 4897
11.210179567337036, 4896
11.210179567337036, 4895
11.220460414886475, 4894
11.220460414886475, 4893
11.240972518920898, 4892
11.251288175582886, 4891
11.251288175582886, 4890
11.251288175582886, 4889
11.259432315826416, 4888
11.26158094406128, 4887
11.271804332733154, 4886
11.28209924697876, 4885
11.28209924697876, 4884
11.300454378128052, 4883
11.302593231201172, 4882
11.310664892196655, 4881
11.310664892196655, 4880
11.310664892196655, 4879
11.312808513641357, 4878
11.32309341430664, 4877
11.333314180374146, 4876
11.333314180374146, 4875
11.34145712852478, 4874
11.343597888946533, 4873
11.351683616638184, 4872
11.353826761245728, 4871
11.353826761245728, 4870
11.353826761245728, 4869
11.353826761245728, 4868
11.364107131958008, 4867
11.364107131958008, 4866
11.372198104858398, 4865
11.374344110488892, 4864
11.374344110488892, 4863
11.374344110488892, 4862
11.384632110595703, 4861
11.397297859191895, 4860
11.40544319152832, 4859
11.407586574554443, 4858
11.407586574554443, 4857
11.415728330612183, 4856
11.417867422103882, 4855
11.438276529312134, 4854
11.438276529312134, 4853
11.438276529312134, 4852
11.438276529312134, 4851
11.446417331695557, 4850
11.456651449203491, 4849
11.458804368972778, 4848
11.458804368972778, 4847
11.469086647033691, 4846
11.469086647033691, 4845
11.469086647033691, 4844
11.479221820831299, 4843
11.479221820831299, 4842
11.479221820831299, 4841
11.487366914749146, 4840
11.48949909210205, 4839
11.52966833114624, 4838
11.533012866973877, 4837
11.533012866973877, 4836
11.533012866973877, 4835
11.541248798370361, 4834
11.541248798370361, 4833
11.541248798370361, 4832
11.551450252532959, 4831
11.580039739608765, 4830
11.582178831100464, 4829
11.582178831100464, 4828
11.590320587158203, 4827
11.610775709152222, 4826
11.610775709152222, 4825
11.62108063697815, 4824
11.633510828018188, 4823
11.633510828018188, 4822
11.641608476638794, 4821
11.643749952316284, 4820
11.654037475585938, 4819
11.654037475585938, 4818
11.664207935333252, 4817
11.6744863986969, 4816
11.692847490310669, 4815
11.694989204406738, 4814
11.694989204406738, 4813
11.71552038192749, 4812
11.71552038192749, 4811
11.72574520111084, 4810
11.72574520111084, 4809
11.77699613571167, 4808
11.77699613571167, 4807
11.787208557128906, 4806
11.787208557128906, 4805
11.795347452163696, 4804
11.797485828399658, 4803
11.805564165115356, 4802
11.807716131210327, 4801
11.807716131210327, 4800
11.856884002685547, 4799
11.888492107391357, 4798
11.890628099441528, 4797
11.921311616897583, 4796
11.931594133377075, 4795
11.931594133377075, 4794
11.931594133377075, 4793
11.941823482513428, 4792
11.952102899551392, 4791
11.962332010269165, 4790
11.993160963058472, 4789
12.011757373809814, 4788
12.011858940124512, 4787
12.022066354751587, 4786
12.024205207824707, 4785
12.034486055374146, 4784
12.044728755950928, 4783
12.065242052078247, 4782
12.075549840927124, 4781
12.0857675075531, 4780
12.093901634216309, 4779
12.106215476989746, 4778
12.11435317993164, 4777
12.116493940353394, 4776
12.126787662506104, 4775
12.126787662506104, 4774
12.137065172195435, 4773
12.145141124725342, 4772
12.147281169891357, 4771
12.147281169891357, 4770
12.147281169891357, 4769
12.178092241287231, 4768
12.178092241287231, 4767
12.178092241287231, 4766
12.186169624328613, 4765
12.188308715820312, 4764
12.198601961135864, 4763
12.198601961135864, 4762
12.229305982589722, 4761
12.23745346069336, 4760
12.24981951713562, 4759
12.24981951713562, 4758
12.26011848449707, 4757
12.27033281326294, 4756
12.280610799789429, 4755
12.2886803150177, 4754
12.298953771591187, 4753
12.301090955734253, 4752
12.301090955734253, 4751
12.311325073242188, 4750
12.321614980697632, 4749
12.321614980697632, 4748
12.331827163696289, 4747
12.331827163696289, 4746
12.331827163696289, 4745
12.331827163696289, 4744
12.350264072418213, 4743
12.35240387916565, 4742
12.35240387916565, 4741
12.362684965133667, 4740
12.362684965133667, 4739
12.362684965133667, 4738
12.372912645339966, 4737
12.383191347122192, 4736
12.413992166519165, 4735
12.422043561935425, 4734
12.424272775650024, 4733
12.424272775650024, 4732
12.434513330459595, 4731
12.46530532836914, 4730
12.4755277633667, 4729
12.50408148765564, 4728
12.506219387054443, 4727
12.516444206237793, 4726
12.524575471878052, 4725
12.536951303482056, 4724
12.536951303482056, 4723
12.567753076553345, 4722
12.567753076553345, 4721
12.567753076553345, 4720
12.575838327407837, 4719
12.575838327407837, 4718
12.57798457145691, 4717
12.57798457145691, 4716
12.57798457145691, 4715
12.598488330841064, 4714
12.61929988861084, 4713
12.61929988861084, 4712
12.637729406356812, 4711
12.650157690048218, 4710
12.660381078720093, 4709
12.670659065246582, 4708
12.69112777709961, 4707
12.69112777709961, 4706
12.69112777709961, 4705
12.740248918533325, 4704
12.742390632629395, 4703
12.752673864364624, 4702
12.762864589691162, 4701
12.770994901657104, 4700
12.773123264312744, 4699
12.783360004425049, 4698
12.783360004425049, 4697
12.793658256530762, 4696
12.793658256530762, 4695
12.793658256530762, 4694
12.803965330123901, 4693
12.803965330123901, 4692
12.803965330123901, 4691
12.814246892929077, 4690
12.814246892929077, 4689
12.814246892929077, 4688
12.834750652313232, 4687
12.844996690750122, 4686
12.844996690750122, 4685
12.855290174484253, 4684
12.875789642333984, 4683
12.886022567749023, 4682
12.886022567749023, 4681
12.89631175994873, 4680
12.916804790496826, 4679
12.97833514213562, 4678
12.97833514213562, 4677
12.996734142303467, 4676
12.998885154724121, 4675
13.029644012451172, 4674
13.029644012451172, 4673
13.058309555053711, 4672
13.07066559791565, 4671
13.089042901992798, 4670
13.140357494354248, 4669
13.14249873161316, 4668
13.152724027633667, 4667
13.173251628875732, 4666
13.173251628875732, 4665
13.183535099029541, 4664
13.191617250442505, 4663
13.201897382736206, 4662
13.204035997390747, 4661
13.204035997390747, 4660
13.204035997390747, 4659
13.214277505874634, 4658
13.23512601852417, 4657
13.237769603729248, 4656
13.238799095153809, 4655
13.240930795669556, 4654
13.253151416778564, 4653
13.286067485809326, 4652
13.296346664428711, 4651
13.306570053100586, 4650
13.316847801208496, 4649
13.327083587646484, 4648
13.327083587646484, 4647
13.337363004684448, 4646
13.337363004684448, 4645
13.357880353927612, 4644
13.368136405944824, 4643
13.378419876098633, 4642
13.378419876098633, 4641
13.378419876098633, 4640
13.388659238815308, 4639
13.39894700050354, 4638
13.39894700050354, 4637
13.39894700050354, 4636
13.409158945083618, 4635
13.409158945083618, 4634
13.417298316955566, 4633
13.419440746307373, 4632
13.419440746307373, 4631
13.439932107925415, 4630
13.45017147064209, 4629
13.460452795028687, 4628
13.509551763534546, 4627
13.521982669830322, 4626
13.532208919525146, 4625
13.56300687789917, 4624
13.583518028259277, 4623
13.593757152557373, 4622
13.593757152557373, 4621
13.593757152557373, 4620
13.614166259765625, 4619
13.614166259765625, 4618
13.614166259765625, 4617
13.632533550262451, 4616
13.634588479995728, 4615
13.63468313217163, 4614
13.644957780838013, 4613
13.655192136764526, 4612
13.655192136764526, 4611
13.66547155380249, 4610
13.683835983276367, 4609
13.696136713027954, 4608
13.70637583732605, 4607
13.737155199050903, 4606
13.74526071548462, 4605
13.74526071548462, 4604
13.757405757904053, 4603
13.816921710968018, 4602
13.829312562942505, 4601
13.84791898727417, 4600
13.84791898727417, 4599
13.911190271377563, 4598
13.911190271377563, 4597
13.94184947013855, 4596
13.960405826568604, 4595
13.982781887054443, 4594
14.00120735168457, 4593
14.026883363723755, 4592
14.026883363723755, 4591
14.042582750320435, 4590
14.042582750320435, 4589
14.073775291442871, 4588
14.073775291442871, 4587
14.08940315246582, 4586
14.105023860931396, 4585
14.144563674926758, 4584
14.16508412361145, 4583
14.16508412361145, 4582
14.175263404846191, 4581
14.185620546340942, 4580
14.185620546340942, 4579
14.193761110305786, 4578
14.195898294448853, 4577
14.195898294448853, 4576
14.195898294448853, 4575
14.216421842575073, 4574
14.226677656173706, 4573
14.226677656173706, 4572
14.2472243309021, 4571
14.267660856246948, 4570
14.288290739059448, 4569
14.318955659866333, 4568
14.329067468643188, 4567
14.359426259994507, 4566
14.359426259994507, 4565
14.389917612075806, 4564
14.40019965171814, 4563
14.41042423248291, 4562
14.41042423248291, 4561
14.41042423248291, 4560
14.420706748962402, 4559
14.420706748962402, 4558
14.431009531021118, 4557
14.441291332244873, 4556
14.441291332244873, 4555
14.490819215774536, 4554
14.492863416671753, 4553
14.492958068847656, 4552
14.492958068847656, 4551
14.521557331085205, 4550
14.533862352371216, 4549
14.544143676757812, 4548
14.554369449615479, 4547
14.5748872756958, 4546
14.585178852081299, 4545
14.60056209564209, 4544
14.609321594238281, 4543
14.609321594238281, 4542
14.687851190567017, 4541
14.716238260269165, 4540
14.731891632080078, 4539
14.731891632080078, 4538
14.731891632080078, 4537
14.731891632080078, 4536
14.763138055801392, 4535
14.763138055801392, 4534
14.816381931304932, 4533
14.816381931304932, 4532
14.816381931304932, 4531
14.832054376602173, 4530
14.832054376602173, 4529
14.847680807113647, 4528
14.847680807113647, 4527
14.86331033706665, 4526
14.878931283950806, 4525
14.878931283950806, 4524
14.878931283950806, 4523
14.910179376602173, 4522
14.929024934768677, 4521
14.947431802749634, 4520
14.949572324752808, 4519
14.990582704544067, 4518
15.00087857246399, 4517
15.01110291481018, 4516
15.029487609863281, 4515
15.031530618667603, 4514
15.031530618667603, 4513
15.04183053970337, 4512
15.085286617279053, 4511
15.095519781112671, 4510
15.095519781112671, 4509
15.095519781112671, 4508
15.105807542800903, 4507
15.1161048412323, 4506
15.124249458312988, 4505
15.124249458312988, 4504
15.124249458312988, 4503
15.136619567871094, 4502
15.144760608673096, 4501
15.146900653839111, 4500
15.20837688446045, 4499
15.226731777191162, 4498
15.23694920539856, 4497
15.239092111587524, 4496
15.249374389648438, 4495
15.25962519645691, 4494
15.277998208999634, 4493
15.280136585235596, 4492
15.290424585342407, 4491
15.30057954788208, 4490
15.30057954788208, 4489
15.351222515106201, 4488
15.401877403259277, 4487
15.401877403259277, 4486
15.412018537521362, 4485
15.452627658843994, 4484
15.48306393623352, 4483
15.48306393623352, 4482
15.493198871612549, 4481
15.52147912979126, 4480
15.523534059524536, 4479
15.533647775650024, 4478
15.5640549659729, 4477
15.612504243850708, 4476
15.612504243850708, 4475
15.62467360496521, 4474
15.62467360496521, 4473
15.675628185272217, 4472
15.68577265739441, 4471
15.695913791656494, 4470
15.695913791656494, 4469
15.695913791656494, 4468
15.70600962638855, 4467
15.726232051849365, 4466
15.746504783630371, 4465
15.754571199417114, 4464
15.756637573242188, 4463
15.756637573242188, 4462
15.766779661178589, 4461
15.787020683288574, 4460
15.807380676269531, 4459
15.817672491073608, 4458
15.817672491073608, 4457
15.869057416915894, 4456
15.869057416915894, 4455
15.897759199142456, 4454
15.910122394561768, 4453
15.930684089660645, 4452
15.940963745117188, 4451
15.95287799835205, 4450
15.964576959609985, 4449
15.971358060836792, 4448
15.991875886917114, 4447
15.991875886917114, 4446
15.991875886917114, 4445
16.012391805648804, 4444
16.02261972427368, 4443
16.05343270301819, 4442
16.063673734664917, 4441
16.094472646713257, 4440
16.094472646713257, 4439
16.10468292236328, 4438
16.114964962005615, 4437
16.114964962005615, 4436
16.123056173324585, 4435
16.123056173324585, 4434
16.125200271606445, 4433
16.125200271606445, 4432
16.156007289886475, 4431
16.17655897140503, 4430
16.215460538864136, 4429
16.23810648918152, 4428
16.23810648918152, 4427
16.23810648918152, 4426
16.24834156036377, 4425
16.28978204727173, 4424
16.318376302719116, 4423
16.361701488494873, 4422
16.371963500976562, 4421
16.382248878479004, 4420
16.40067982673645, 4419
16.42119312286377, 4418
16.433562994003296, 4417
16.443851232528687, 4416
16.443851232528687, 4415
16.454094409942627, 4414
16.46437406539917, 4413
16.46437406539917, 4412
16.474605798721313, 4411
16.482743740081787, 4410
16.495110273361206, 4409
16.505395889282227, 4408
16.515679121017456, 4407
16.536186933517456, 4406
16.546461820602417, 4405
16.56699514389038, 4404
16.58750057220459, 4403
16.58750057220459, 4402
16.58750057220459, 4401
16.58750057220459, 4400
16.628568172454834, 4399
16.649065732955933, 4398
16.667697429656982, 4397
16.690551280975342, 4396
16.70078706741333, 4395
16.71106195449829, 4394
16.71106195449829, 4393
16.78276562690735, 4392
16.793038368225098, 4391
16.81354594230652, 4390
16.82379174232483, 4389
16.82379174232483, 4388
16.84429669380188, 4387
16.885720252990723, 4386
16.916588068008423, 4385
16.926698684692383, 4384
16.95535635948181, 4383
16.96770977973938, 4382
16.99849772453308, 4381
17.029274702072144, 4380
17.04765558242798, 4379
17.04765558242798, 4378
17.049799919128418, 4377
17.070307731628418, 4376
17.08058738708496, 4375
17.111363410949707, 4374
17.111363410949707, 4373
17.121642351150513, 4372
17.121642351150513, 4371
17.152680158615112, 4370
17.16076946258545, 4369
17.183500051498413, 4368
17.193761587142944, 4367
17.23479914665222, 4366
17.242871284484863, 4365
17.2531521320343, 4364
17.26555323600769, 4363
17.29634380340576, 4362
17.30442190170288, 4361
17.30656862258911, 4360
17.30656862258911, 4359
17.327062606811523, 4358
17.357906341552734, 4357
17.388649702072144, 4356
17.396788120269775, 4355
17.409167528152466, 4354
17.511780500411987, 4353
17.511780500411987, 4352
17.532307147979736, 4351
17.552712440490723, 4350
17.571097373962402, 4349
17.58323884010315, 4348
17.58323884010315, 4347
17.6037380695343, 4346
17.632029056549072, 4345
17.66256594657898, 4344
17.726057291030884, 4343
17.736307382583618, 4342
17.736307382583618, 4341
17.764934062957764, 4340
17.766982316970825, 4339
17.818048000335693, 4338
17.818048000335693, 4337
17.87674593925476, 4336
17.87888789176941, 4335
17.87888789176941, 4334
17.88907241821289, 4333
17.88907241821289, 4332
17.909598350524902, 4331
17.95049738883972, 4330
17.960731029510498, 4329
17.99151635169983, 4328
18.001787900924683, 4327
18.001787900924683, 4326
18.040663242340088, 4325
18.083829164505005, 4324
18.114943027496338, 4323
18.12519860267639, 4322
18.12519860267639, 4321
18.15581202507019, 4320
18.19683575630188, 4319
18.207005500793457, 4318
18.217308282852173, 4317
18.237860918045044, 4316
18.268577814102173, 4315
18.33005380630493, 4314
18.370997667312622, 4313
18.422204732894897, 4312
18.493948221206665, 4311
18.502084255218506, 4310
18.502084255218506, 4309
18.524736404418945, 4308
18.534953117370605, 4307
18.54309916496277, 4306
18.553291082382202, 4305
18.65805983543396, 4304
18.6683406829834, 4303
18.68245553970337, 4302
18.68359375, 4301
18.78126358985901, 4300
18.78126358985901, 4299
18.862391233444214, 4298
18.923234224319458, 4297
18.951616525650024, 4296
18.95368528366089, 4295
18.971925258636475, 4294
18.974005699157715, 4293
19.044930934906006, 4292
19.075302839279175, 4291
19.14708113670349, 4290
19.16758155822754, 4289
19.26790165901184, 4288
19.26790165901184, 4287
19.288334369659424, 4286
19.298649072647095, 4285
19.300790071487427, 4284
19.339965343475342, 4283
19.39336919784546, 4282
19.44256043434143, 4281
19.485633611679077, 4280
19.52451181411743, 4279
19.619088411331177, 4278
19.639596462249756, 4277
19.639596462249756, 4276
19.698851346969604, 4275
19.709145069122314, 4274
19.71936345100403, 4273
19.71936345100403, 4272
19.74200940132141, 4271
19.81158471107483, 4270
19.834081649780273, 4269
19.834081649780273, 4268
19.852266550064087, 4267
19.86238169670105, 4266
19.864440202713013, 4265
19.9028422832489, 4264
19.955949068069458, 4263
19.97618556022644, 4262
20.127882480621338, 4261
20.137993812561035, 4260
20.137993812561035, 4259
20.188674926757812, 4258
20.239521503448486, 4257
20.33907175064087, 4256
20.36157536506653, 4255
20.402242183685303, 4254
20.402242183685303, 4253
20.422574758529663, 4252
20.4713191986084, 4251
20.49373459815979, 4250
20.49373459815979, 4249
20.514063358306885, 4248
20.52424383163452, 4247
20.593660354614258, 4246
20.923167943954468, 4245
20.95420217514038, 4244
20.974889039993286, 4243
20.985215187072754, 4242
21.121917009353638, 4241
21.14258623123169, 4240
21.152949571609497, 4239
21.25696563720703, 4238
21.30055260658264, 4237
21.403894424438477, 4236
21.44537329673767, 4235
21.486790418624878, 4234
21.517740726470947, 4233
21.52810573577881, 4232
21.567213773727417, 4231
21.579724073410034, 4230
21.631347179412842, 4229
21.836814880371094, 4228
21.92828130722046, 4227
22.030219793319702, 4226
22.040399312973022, 4225
22.060805559158325, 4224
22.091355562210083, 4223
22.111833333969116, 4222
22.18142318725586, 4221
22.203957557678223, 4220
22.255106687545776, 4219
22.285871982574463, 4218
22.327266216278076, 4217
22.400036096572876, 4216
22.42882227897644, 4215
22.48051643371582, 4214
22.482613563537598, 4213
22.74088215827942, 4212
22.919562578201294, 4211
22.957376956939697, 4210
22.97299551963806, 4209
23.13593626022339, 4208
23.15818762779236, 4207
23.24508261680603, 4206
23.24508261680603, 4205
23.286299467086792, 4204
23.42833638191223, 4203
23.430514097213745, 4202
23.543519973754883, 4201
23.656943559646606, 4200
23.791237831115723, 4199
23.92307472229004, 4198
23.966451168060303, 4197
24.0258686542511, 4196
24.069005489349365, 4195
24.069005489349365, 4194
24.09781265258789, 4193
24.130669355392456, 4192
24.210728645324707, 4191
24.21291160583496, 4190
24.264784812927246, 4189
24.264784812927246, 4188
24.38823437690735, 4187
24.448137521743774, 4186
24.460695266723633, 4185
24.481276035308838, 4184
24.5847749710083, 4183
24.636555910110474, 4182
24.677974224090576, 4181
24.77868628501892, 4180
24.97759747505188, 4179
24.996063709259033, 4178
25.100419759750366, 4177
25.118706464767456, 4176
25.387574434280396, 4175
25.439269542694092, 4174
25.447460174560547, 4173
25.728336334228516, 4172
25.931671857833862, 4171
25.95456290245056, 4170
26.192108392715454, 4169
26.264146327972412, 4168
26.346491813659668, 4167
26.408508777618408, 4166
26.509575128555298, 4165
26.511749267578125, 4164
26.563581466674805, 4163
26.582106113433838, 4162
26.615216493606567, 4161
26.697887420654297, 4160
26.729132652282715, 4159
26.82190489768982, 4158
27.057581186294556, 4157
27.11153268814087, 4156
27.121824979782104, 4155
27.183793783187866, 4154
27.64509391784668, 4153
27.64509391784668, 4152
27.871999502182007, 4151
27.894633293151855, 4150
27.967092037200928, 4149
28.026963233947754, 4148
28.026963233947754, 4147
28.060019493103027, 4146
28.088669776916504, 4145
28.1012065410614, 4144
28.46213412284851, 4143
28.87471032142639, 4142
28.976030588150024, 4141
29.722059726715088, 4140
29.824208974838257, 4139
29.84255814552307, 4138
29.85511088371277, 4137
29.958012342453003, 4136
30.019920349121094, 4135
30.13312602043152, 4134
30.143514394760132, 4133
30.18258571624756, 4132
30.19483757019043, 4131
30.297100067138672, 4130
30.297100067138672, 4129
30.317561388015747, 4128
30.358264684677124, 4127
30.36837387084961, 4126
30.388627767562866, 4125
30.42963981628418, 4124
30.43984842300415, 4123
30.48864769935608, 4122
30.51113986968994, 4121
30.529571771621704, 4120
30.54988145828247, 4119
30.593443870544434, 4118
30.695797443389893, 4117
30.787837743759155, 4116
30.816561222076416, 4115
30.8289635181427, 4114
30.99331760406494, 4113
31.07862114906311, 4112
31.225872039794922, 4111
31.2346670627594, 4110
31.26544213294983, 4109
31.306325435638428, 4108
31.347431898117065, 4107
31.347431898117065, 4106
31.357709169387817, 4105
31.378235816955566, 4104
31.388477325439453, 4103
31.480818033218384, 4102
31.491041660308838, 4101
31.583240509033203, 4100
31.64487886428833, 4099
31.65519905090332, 4098
31.663336515426636, 4097
31.726860761642456, 4096
31.726860761642456, 4095
31.755449056625366, 4094
31.818933725357056, 4093
31.883483409881592, 4092
31.883483409881592, 4091
31.90119242668152, 4090
31.940080642700195, 4089
32.062944650650024, 4088
32.116283893585205, 4087
32.24983501434326, 4086
32.37065887451172, 4085
32.454787254333496, 4084
32.454787254333496, 4083
32.76204180717468, 4082
32.80090808868408, 4081
32.957194805145264, 4080
33.03964376449585, 4079
33.10964775085449, 4078
33.15273857116699, 4077
33.276437520980835, 4076
33.294705867767334, 4075
33.31784653663635, 4074
33.346426010131836, 4073
33.34855771064758, 4072
33.41018342971802, 4071
33.67845034599304, 4070
33.84050369262695, 4069
33.86092019081116, 4068
33.90436148643494, 4067
33.94521927833557, 4066
34.19083523750305, 4065
34.265220165252686, 4064
34.32699465751648, 4063
34.32699465751648, 4062
34.563512325286865, 4061
34.573968172073364, 4060
34.70793867111206, 4059
34.98702812194824, 4058
35.039400577545166, 4057
35.267369747161865, 4056
35.35540175437927, 4055
35.363362550735474, 4054
35.58736515045166, 4053
35.887404441833496, 4052
35.89140462875366, 4051
36.05150580406189, 4050
36.119887828826904, 4049
36.26443791389465, 4048
36.27238988876343, 4047
36.40722346305847, 4046
36.46887397766113, 4045
36.56958341598511, 4044
36.667762756347656, 4043
36.671751976013184, 4042
36.70176696777344, 4041
36.70290017127991, 4040
36.72206950187683, 4039
36.80969429016113, 4038
36.844045877456665, 4037
36.896307945251465, 4036
36.93887281417847, 4035
37.30778741836548, 4034
37.47978687286377, 4033
37.487788438797, 4032
37.54378700256348, 4031
37.56378698348999, 4030
37.6637864112854, 4029
37.68378663063049, 4028
37.75978636741638, 4027
37.78586483001709, 4026
37.7898633480072, 4025
37.833904504776, 4024
37.833904504776, 4023
37.89390444755554, 4022
38.01830744743347, 4021
38.20221662521362, 4020
38.50339722633362, 4019
38.623887062072754, 4018
38.732290744781494, 4017
38.94917345046997, 4016
39.07204532623291, 4015
39.12911820411682, 4014
39.230875730514526, 4013
39.56816101074219, 4012
40.07201862335205, 4011
40.340861558914185, 4010
40.44733452796936, 4009
40.72048783302307, 4008
40.801952838897705, 4007
40.86178708076477, 4006
40.925859451293945, 4005
40.96373701095581, 4004
41.05210900306702, 4003
41.096100091934204, 4002
41.20421266555786, 4001
41.232303619384766, 4000
41.54441785812378, 3999
41.660417795181274, 3998
41.69241762161255, 3997
41.80442190170288, 3996
41.90065407752991, 3995
42.027873516082764, 3994
42.047863721847534, 3993
42.0758695602417, 3992
42.111865282058716, 3991
42.1679003238678, 3990
42.26012396812439, 3989
42.30830001831055, 3988
42.533538579940796, 3987
42.93147349357605, 3986
43.024521350860596, 3985
43.261979818344116, 3984
43.35023283958435, 3983
43.765661001205444, 3982
44.95501351356506, 3981
45.11563968658447, 3980
45.478057622909546, 3979
46.08898425102234, 3978
46.21344065666199, 3977
46.473448514938354, 3976
46.796916246414185, 3975
46.881258487701416, 3974
47.36916732788086, 3973
47.621360540390015, 3972
47.62941026687622, 3971
48.051817655563354, 3970
48.383339166641235, 3969
48.407435178756714, 3968
48.459725856781006, 3967
48.80069661140442, 3966
48.8409366607666, 3965
49.532044649124146, 3964
49.572226762771606, 3963
49.76506161689758, 3962
49.85340166091919, 3961
49.897637367248535, 3960
50.23093509674072, 3959
50.52010130882263, 3958
50.90383696556091, 3957
51.28339147567749, 3956
52.251351833343506, 3955
53.293556213378906, 3954
53.58087229728699, 3953
53.77579951286316, 3952
53.827799797058105, 3951
54.195799589157104, 3950
54.26380014419556, 3949
54.88624024391174, 3948
55.93691849708557, 3947
56.183701515197754, 3946
57.796934366226196, 3945
58.337902784347534, 3944
63.7669415473938, 3943
64.45581221580505, 3942
67.94788026809692, 3941
68.25187921524048, 3940
68.4199447631836, 3939
68.71114420890808, 3938
73.58848094940186, 3937
75.57272553443909, 3936
77.15311789512634, 3935
77.46072912216187, 3934
81.44053435325623, 3933
94.09263277053833, 3932
94.9473078250885, 3931
95.36449694633484, 3930
104.25751733779907, 3929
107.86732029914856, 3928
112.40572214126587, 3927
