0.07539987564086914, 7610
0.07539987564086914, 7609
0.07539987564086914, 7608
0.07539987564086914, 7607
0.07539987564086914, 7606
0.07539987564086914, 7605
0.09102773666381836, 7604
0.09102773666381836, 7603
0.09102773666381836, 7602
0.09102773666381836, 7601
0.09102773666381836, 7600
0.09102773666381836, 7599
0.09102773666381836, 7598
0.09102773666381836, 7597
0.09102773666381836, 7596
0.09102773666381836, 7595
0.09102773666381836, 7594
0.09102773666381836, 7593
0.09102773666381836, 7592
0.09102773666381836, 7591
0.09102773666381836, 7590
0.09102773666381836, 7589
0.09102773666381836, 7588
0.09102773666381836, 7587
0.10664677619934082, 7586
0.10664677619934082, 7585
0.10664677619934082, 7584
0.10664677619934082, 7583
0.10664677619934082, 7582
0.10664677619934082, 7581
0.10664677619934082, 7580
0.10664677619934082, 7579
0.10664677619934082, 7578
0.10664677619934082, 7577
0.10664677619934082, 7576
0.10664677619934082, 7575
0.10664677619934082, 7574
0.10664677619934082, 7573
0.10664677619934082, 7572
0.10664677619934082, 7571
0.10664677619934082, 7570
0.12223386764526367, 7569
0.12223386764526367, 7568
0.12223386764526367, 7567
0.12223386764526367, 7566
0.12223386764526367, 7565
0.12223386764526367, 7564
0.12223386764526367, 7563
0.12223386764526367, 7562
0.12223386764526367, 7561
0.12223386764526367, 7560
0.12223386764526367, 7559
0.12223386764526367, 7558
0.12223386764526367, 7557
0.12223386764526367, 7556
0.12223386764526367, 7555
0.12223386764526367, 7554
0.12223386764526367, 7553
0.12223386764526367, 7552
0.1378650665283203, 7551
0.1378650665283203, 7550
0.1378650665283203, 7549
0.1415235996246338, 7548
0.1415235996246338, 7547
0.14366412162780762, 7546
0.14366412162780762, 7545
0.14366412162780762, 7544
0.14366412162780762, 7543
0.14366412162780762, 7542
0.14366412162780762, 7541
0.14366412162780762, 7540
0.15180659294128418, 7539
0.15180659294128418, 7538
0.1539151668548584, 7537
0.1539151668548584, 7536
0.1539151668548584, 7535
0.1539151668548584, 7534
0.1539151668548584, 7533
0.1539151668548584, 7532
0.1539151668548584, 7531
0.1539151668548584, 7530
0.1539151668548584, 7529
0.16205477714538574, 7528
0.1641991138458252, 7527
0.1641991138458252, 7526
0.1641991138458252, 7525
0.1641991138458252, 7524
0.1641991138458252, 7523
0.1641991138458252, 7522
0.1641991138458252, 7521
0.1641991138458252, 7520
0.1723017692565918, 7519
0.1723017692565918, 7518
0.1723017692565918, 7517
0.17444610595703125, 7516
0.17444610595703125, 7515
0.17444610595703125, 7514
0.17444610595703125, 7513
0.17444610595703125, 7512
0.17444610595703125, 7511
0.17444610595703125, 7510
0.17444610595703125, 7509
0.17444610595703125, 7508
0.17444610595703125, 7507
0.1825873851776123, 7506
0.1825873851776123, 7505
0.18473005294799805, 7504
0.18473005294799805, 7503
0.18473005294799805, 7502
0.18473005294799805, 7501
0.18473005294799805, 7500
0.18473005294799805, 7499
0.18473005294799805, 7498
0.18473005294799805, 7497
0.18473005294799805, 7496
0.1928095817565918, 7495
0.1928095817565918, 7494
0.1949477195739746, 7493
0.1949477195739746, 7492
0.1949477195739746, 7491
0.1949477195739746, 7490
0.1949477195739746, 7489
0.1949477195739746, 7488
0.1949477195739746, 7487
0.1949477195739746, 7486
0.20308780670166016, 7485
0.20308780670166016, 7484
0.2052319049835205, 7483
0.2052319049835205, 7482
0.2052319049835205, 7481
0.2052319049835205, 7480
0.2052319049835205, 7479
0.2052319049835205, 7478
0.2052319049835205, 7477
0.2052319049835205, 7476
0.2052319049835205, 7475
0.21331787109375, 7474
0.21545839309692383, 7473
0.21545839309692383, 7472
0.21545839309692383, 7471
0.21545839309692383, 7470
0.21545839309692383, 7469
0.21545839309692383, 7468
0.21545839309692383, 7467
0.21545839309692383, 7466
0.21545839309692383, 7465
0.22360634803771973, 7464
0.22574448585510254, 7463
0.22574448585510254, 7462
0.22574448585510254, 7461
0.22574448585510254, 7460
0.22574448585510254, 7459
0.22574448585510254, 7458
0.22574448585510254, 7457
0.22574448585510254, 7456
0.22574448585510254, 7455
0.23383235931396484, 7454
0.23383235931396484, 7453
0.23598003387451172, 7452
0.23598003387451172, 7451
0.23598003387451172, 7450
0.23598003387451172, 7449
0.23598003387451172, 7448
0.23598003387451172, 7447
0.23598003387451172, 7446
0.23598003387451172, 7445
0.23598003387451172, 7444
0.24402737617492676, 7443
0.24412083625793457, 7442
0.24412083625793457, 7441
0.2462623119354248, 7440
0.2462623119354248, 7439
0.2462623119354248, 7438
0.2462623119354248, 7437
0.2462623119354248, 7436
0.2462623119354248, 7435
0.2462623119354248, 7434
0.25438642501831055, 7433
0.2553882598876953, 7432
0.256389856338501, 7431
0.25739002227783203, 7430
0.2584228515625, 7429
0.25942492485046387, 7428
0.25942492485046387, 7427
0.2604224681854248, 7426
0.26142358779907227, 7425
0.2624216079711914, 7424
0.26342153549194336, 7423
0.2644212245941162, 7422
0.2654228210449219, 7421
0.2664222717285156, 7420
0.2674260139465332, 7419
0.2674260139465332, 7418
0.27043938636779785, 7417
0.272477388381958, 7416
0.272477388381958, 7415
0.27461981773376465, 7414
0.27461981773376465, 7413
0.27675962448120117, 7412
0.27675962448120117, 7411
0.27675962448120117, 7410
0.27675962448120117, 7409
0.28170108795166016, 7408
0.28273940086364746, 7407
0.28273940086364746, 7406
0.2837405204772949, 7405
0.28473901748657227, 7404
0.2857387065887451, 7403
0.28673839569091797, 7402
0.28773951530456543, 7401
0.28973817825317383, 7400
0.2907423973083496, 7399
0.2907423973083496, 7398
0.29373884201049805, 7397
0.29473876953125, 7396
0.2957465648651123, 7395
0.2957465648651123, 7394
0.29674291610717773, 7393
0.2984013557434082, 7392
0.2984013557434082, 7391
0.2984013557434082, 7390
0.2984013557434082, 7389
0.2984013557434082, 7388
0.2984013557434082, 7387
0.2984013557434082, 7386
0.2984013557434082, 7385
0.30504441261291504, 7384
0.30504441261291504, 7383
0.30504441261291504, 7382
0.30718517303466797, 7381
0.30718517303466797, 7380
0.30718517303466797, 7379
0.30718517303466797, 7378
0.30718517303466797, 7377
0.30718517303466797, 7376
0.30718517303466797, 7375
0.30718517303466797, 7374
0.30718517303466797, 7373
0.31528425216674805, 7372
0.31528425216674805, 7371
0.3172922134399414, 7370
0.31735920906066895, 7369
0.31735920906066895, 7368
0.31735920906066895, 7367
0.31735920906066895, 7366
0.3225977420806885, 7365
0.3246326446533203, 7364
0.32563209533691406, 7363
0.3266327381134033, 7362
0.3285980224609375, 7361
0.32959771156311035, 7360
0.3326456546783447, 7359
0.3336308002471924, 7358
0.33563661575317383, 7357
0.33563661575317383, 7356
0.3376309871673584, 7355
0.33863258361816406, 7354
0.3396337032318115, 7353
0.34063076972961426, 7352
0.3416311740875244, 7351
0.34263157844543457, 7350
0.34363508224487305, 7349
0.3446357250213623, 7348
0.3446357250213623, 7347
0.34563565254211426, 7346
0.3466362953186035, 7345
0.34763646125793457, 7344
0.3485987186431885, 7343
0.3496358394622803, 7342
0.3506355285644531, 7341
0.3506355285644531, 7340
0.3516364097595215, 7339
0.3526487350463867, 7338
0.3536381721496582, 7337
0.35463500022888184, 7336
0.3576381206512451, 7335
0.35863733291625977, 7334
0.3603179454803467, 7333
0.36330294609069824, 7332
0.36423325538635254, 7331
0.3653676509857178, 7330
0.36647582054138184, 7329
0.36647582054138184, 7328
0.3680388927459717, 7327
0.3691985607147217, 7326
0.37035465240478516, 7325
0.3714101314544678, 7324
0.3715200424194336, 7323
0.37267565727233887, 7322
0.3738291263580322, 7321
0.37488508224487305, 7320
0.3759596347808838, 7319
0.3759596347808838, 7318
0.37801647186279297, 7317
0.37801647186279297, 7316
0.37801647186279297, 7315
0.37801647186279297, 7314
0.37801647186279297, 7313
0.37801647186279297, 7312
0.37801647186279297, 7311
0.37801647186279297, 7310
0.37801647186279297, 7309
0.38608574867248535, 7308
0.38608574867248535, 7307
0.38814353942871094, 7306
0.38814353942871094, 7305
0.38814353942871094, 7304
0.38814353942871094, 7303
0.38814353942871094, 7302
0.38814353942871094, 7301
0.38814353942871094, 7300
0.38814353942871094, 7299
0.3961975574493408, 7298
0.3961975574493408, 7297
0.3982508182525635, 7296
0.3982508182525635, 7295
0.3982508182525635, 7294
0.3982508182525635, 7293
0.3982508182525635, 7292
0.3982508182525635, 7291
0.3982508182525635, 7290
0.3982508182525635, 7289
0.3982508182525635, 7288
0.4063417911529541, 7287
0.4063417911529541, 7286
0.40839576721191406, 7285
0.40839576721191406, 7284
0.40839576721191406, 7283
0.40839576721191406, 7282
0.40839576721191406, 7281
0.40839576721191406, 7280
0.40839576721191406, 7279
0.40839576721191406, 7278
0.41645359992980957, 7277
0.418506383895874, 7276
0.418506383895874, 7275
0.418506383895874, 7274
0.418506383895874, 7273
0.418506383895874, 7272
0.4265882968902588, 7271
0.4265882968902588, 7270
0.42865562438964844, 7269
0.42865562438964844, 7268
0.42865562438964844, 7267
0.42865562438964844, 7266
0.42865562438964844, 7265
0.42865562438964844, 7264
0.42865562438964844, 7263
0.4387695789337158, 7262
0.4387695789337158, 7261
0.4387695789337158, 7260
0.4387695789337158, 7259
0.4387695789337158, 7258
0.4387695789337158, 7257
0.4387695789337158, 7256
0.4489104747772217, 7255
0.4489104747772217, 7254
0.4489104747772217, 7253
0.4489104747772217, 7252
0.4489104747772217, 7251
0.4489104747772217, 7250
0.4489104747772217, 7249
0.4489104747772217, 7248
0.4489104747772217, 7247
0.4489104747772217, 7246
0.45696496963500977, 7245
0.4590287208557129, 7244
0.4590287208557129, 7243
0.4590287208557129, 7242
0.4590287208557129, 7241
0.4590287208557129, 7240
0.4590287208557129, 7239
0.4691634178161621, 7238
0.4691634178161621, 7237
0.4691634178161621, 7236
0.4691634178161621, 7235
0.4691634178161621, 7234
0.4691634178161621, 7233
0.4691634178161621, 7232
0.4691634178161621, 7231
0.4772176742553711, 7230
0.4772176742553711, 7229
0.47927021980285645, 7228
0.47927021980285645, 7227
0.47927021980285645, 7226
0.47927021980285645, 7225
0.47927021980285645, 7224
0.47927021980285645, 7223
0.47927021980285645, 7222
0.48735857009887695, 7221
0.48735857009887695, 7220
0.4894258975982666, 7219
0.4894258975982666, 7218
0.4894258975982666, 7217
0.4894258975982666, 7216
0.4894258975982666, 7215
0.497448205947876, 7214
0.497448205947876, 7213
0.4994633197784424, 7212
0.4994633197784424, 7211
0.4994633197784424, 7210
0.4994633197784424, 7209
0.4994633197784424, 7208
0.4994633197784424, 7207
0.4994633197784424, 7206
0.5075075626373291, 7205
0.5075075626373291, 7204
0.5075075626373291, 7203
0.5100162029266357, 7202
0.5100162029266357, 7201
0.5100162029266357, 7200
0.5100162029266357, 7199
0.5100162029266357, 7198
0.5100162029266357, 7197
0.5180890560150146, 7196
0.5180890560150146, 7195
0.5201420783996582, 7194
0.5201420783996582, 7193
0.5201420783996582, 7192
0.5201420783996582, 7191
0.5201420783996582, 7190
0.5282306671142578, 7189
0.5282306671142578, 7188
0.5282306671142578, 7187
0.5303013324737549, 7186
0.5303013324737549, 7185
0.5303013324737549, 7184
0.5303013324737549, 7183
0.5303013324737549, 7182
0.5303013324737549, 7181
0.5303013324737549, 7180
0.5303013324737549, 7179
0.5404026508331299, 7178
0.5404026508331299, 7177
0.5404026508331299, 7176
0.5404026508331299, 7175
0.5404026508331299, 7174
0.5404026508331299, 7173
0.5404026508331299, 7172
0.5404026508331299, 7171
0.5404026508331299, 7170
0.5404026508331299, 7169
0.5485291481018066, 7168
0.5485291481018066, 7167
0.5505754947662354, 7166
0.5505754947662354, 7165
0.5505754947662354, 7164
0.5505754947662354, 7163
0.5505754947662354, 7162
0.5505754947662354, 7161
0.5505754947662354, 7160
0.5607295036315918, 7159
0.5607295036315918, 7158
0.5607295036315918, 7157
0.5607295036315918, 7156
0.5607295036315918, 7155
0.5607295036315918, 7154
0.5607295036315918, 7153
0.5607295036315918, 7152
0.5607295036315918, 7151
0.5607295036315918, 7150
0.5688443183898926, 7149
0.5708973407745361, 7148
0.5708973407745361, 7147
0.5708973407745361, 7146
0.5708973407745361, 7145
0.5708973407745361, 7144
0.5708973407745361, 7143
0.5708973407745361, 7142
0.5789506435394287, 7141
0.5810062885284424, 7140
0.5810062885284424, 7139
0.5810062885284424, 7138
0.5810062885284424, 7137
0.5810062885284424, 7136
0.5810062885284424, 7135
0.5810062885284424, 7134
0.5810062885284424, 7133
0.5890891551971436, 7132
0.5911433696746826, 7131
0.5911433696746826, 7130
0.5911433696746826, 7129
0.5911433696746826, 7128
0.5911433696746826, 7127
0.5911433696746826, 7126
0.5991973876953125, 7125
0.601250171661377, 7124
0.601250171661377, 7123
0.601250171661377, 7122
0.601250171661377, 7121
0.601250171661377, 7120
0.601250171661377, 7119
0.601250171661377, 7118
0.601250171661377, 7117
0.601250171661377, 7116
0.6093511581420898, 7115
0.6114044189453125, 7114
0.6114044189453125, 7113
0.6114044189453125, 7112
0.6114044189453125, 7111
0.6194684505462646, 7110
0.6194684505462646, 7109
0.6194684505462646, 7108
0.6215240955352783, 7107
0.6215240955352783, 7106
0.6215240955352783, 7105
0.6296045780181885, 7104
0.6296045780181885, 7103
0.6296045780181885, 7102
0.6316604614257812, 7101
0.6316604614257812, 7100
0.6316604614257812, 7099
0.6316604614257812, 7098
0.6316604614257812, 7097
0.6316604614257812, 7096
0.6316604614257812, 7095
0.6316604614257812, 7094
0.6316604614257812, 7093
0.6316604614257812, 7092
0.6397144794464111, 7091
0.6397144794464111, 7090
0.6397144794464111, 7089
0.6417686939239502, 7088
0.6417686939239502, 7087
0.6417686939239502, 7086
0.6417686939239502, 7085
0.6417686939239502, 7084
0.6417686939239502, 7083
0.6417686939239502, 7082
0.6417686939239502, 7081
0.6417686939239502, 7080
0.6417686939239502, 7079
0.6498723030090332, 7078
0.6498723030090332, 7077
0.6519298553466797, 7076
0.6519298553466797, 7075
0.6519298553466797, 7074
0.6519298553466797, 7073
0.6519298553466797, 7072
0.6519298553466797, 7071
0.6519298553466797, 7070
0.659984827041626, 7069
0.659984827041626, 7068
0.662036657333374, 7067
0.662036657333374, 7066
0.662036657333374, 7065
0.662036657333374, 7064
0.6701149940490723, 7063
0.6701149940490723, 7062
0.6701149940490723, 7061
0.6721692085266113, 7060
0.6721692085266113, 7059
0.6721692085266113, 7058
0.6721692085266113, 7057
0.6721692085266113, 7056
0.6721692085266113, 7055
0.6721692085266113, 7054
0.6721692085266113, 7053
0.6721692085266113, 7052
0.680229902267456, 7051
0.680229902267456, 7050
0.6822848320007324, 7049
0.6822848320007324, 7048
0.6822848320007324, 7047
0.6822848320007324, 7046
0.6822848320007324, 7045
0.6822848320007324, 7044
0.6822848320007324, 7043
0.6903567314147949, 7042
0.6924126148223877, 7041
0.6924126148223877, 7040
0.6924126148223877, 7039
0.6924126148223877, 7038
0.6924126148223877, 7037
0.6924126148223877, 7036
0.6924126148223877, 7035
0.7004668712615967, 7034
0.7004668712615967, 7033
0.7025213241577148, 7032
0.7025213241577148, 7031
0.7025213241577148, 7030
0.7025213241577148, 7029
0.7025213241577148, 7028
0.7025213241577148, 7027
0.7025213241577148, 7026
0.7025213241577148, 7025
0.710582971572876, 7024
0.710582971572876, 7023
0.7126326560974121, 7022
0.7126326560974121, 7021
0.7126326560974121, 7020
0.7126326560974121, 7019
0.7126326560974121, 7018
0.7126326560974121, 7017
0.7126326560974121, 7016
0.7227435111999512, 7015
0.7227435111999512, 7014
0.7227435111999512, 7013
0.7227435111999512, 7012
0.7227435111999512, 7011
0.7227435111999512, 7010
0.7227435111999512, 7009
0.7308244705200195, 7008
0.7308244705200195, 7007
0.7328803539276123, 7006
0.7328803539276123, 7005
0.7328803539276123, 7004
0.7328803539276123, 7003
0.7328803539276123, 7002
0.7409422397613525, 7001
0.7409422397613525, 7000
0.742985725402832, 6999
0.7429945468902588, 6998
0.7429945468902588, 6997
0.7429945468902588, 6996
0.7429945468902588, 6995
0.7429945468902588, 6994
0.7510902881622314, 6993
0.7510902881622314, 6992
0.7531495094299316, 6991
0.7531495094299316, 6990
0.7531495094299316, 6989
0.7531495094299316, 6988
0.7531495094299316, 6987
0.7531495094299316, 6986
0.7531495094299316, 6985
0.7612030506134033, 6984
0.7612030506134033, 6983
0.7612030506134033, 6982
0.763256311416626, 6981
0.763256311416626, 6980
0.763256311416626, 6979
0.763256311416626, 6978
0.7713468074798584, 6977
0.7713468074798584, 6976
0.7713468074798584, 6975
0.7734026908874512, 6974
0.7734026908874512, 6973
0.7734026908874512, 6972
0.7734026908874512, 6971
0.7814540863037109, 6970
0.7814540863037109, 6969
0.7835087776184082, 6968
0.7835087776184082, 6967
0.7835087776184082, 6966
0.7835087776184082, 6965
0.7915782928466797, 6964
0.7915782928466797, 6963
0.7915782928466797, 6962
0.7936320304870605, 6961
0.7936320304870605, 6960
0.7936320304870605, 6959
0.7936320304870605, 6958
0.7936320304870605, 6957
0.7936320304870605, 6956
0.7936320304870605, 6955
0.7936320304870605, 6954
0.8016958236694336, 6953
0.8016958236694336, 6952
0.8037500381469727, 6951
0.8037500381469727, 6950
0.8037500381469727, 6949
0.8037500381469727, 6948
0.8037500381469727, 6947
0.8037500381469727, 6946
0.8037500381469727, 6945
0.8037500381469727, 6944
0.8037500381469727, 6943
0.8118407726287842, 6942
0.8123281002044678, 6941
0.8133721351623535, 6940
0.8143668174743652, 6939
0.8163676261901855, 6938
0.8163676261901855, 6937
0.8173685073852539, 6936
0.8183672428131104, 6935
0.8193666934967041, 6934
0.8213667869567871, 6933
0.822364091873169, 6932
0.824366569519043, 6931
0.825366735458374, 6930
0.8333666324615479, 6929
0.8343667984008789, 6928
0.8353686332702637, 6927
0.8353686332702637, 6926
0.8353686332702637, 6925
0.8353686332702637, 6924
0.8353686332702637, 6923
0.8353686332702637, 6922
0.8353686332702637, 6921
0.8424272537231445, 6920
0.8424272537231445, 6919
0.8424272537231445, 6918
0.8444840908050537, 6917
0.8444840908050537, 6916
0.8444840908050537, 6915
0.8525762557983398, 6914
0.8546288013458252, 6913
0.8546288013458252, 6912
0.8546288013458252, 6911
0.862694263458252, 6910
0.862694263458252, 6909
0.8647511005401611, 6908
0.8647511005401611, 6907
0.8647511005401611, 6906
0.8647511005401611, 6905
0.8647511005401611, 6904
0.8647511005401611, 6903
0.8728199005126953, 6902
0.8728199005126953, 6901
0.8728199005126953, 6900
0.8748729228973389, 6899
0.8748729228973389, 6898
0.8748729228973389, 6897
0.8748729228973389, 6896
0.8748729228973389, 6895
0.8748729228973389, 6894
0.8748729228973389, 6893
0.8748729228973389, 6892
0.8748729228973389, 6891
0.8748729228973389, 6890
0.8829271793365479, 6889
0.8849806785583496, 6888
0.8849806785583496, 6887
0.8849806785583496, 6886
0.8849806785583496, 6885
0.8849806785583496, 6884
0.8849806785583496, 6883
0.8849806785583496, 6882
0.8930633068084717, 6881
0.8930633068084717, 6880
0.8951210975646973, 6879
0.8951210975646973, 6878
0.8951210975646973, 6877
0.8951210975646973, 6876
0.8951210975646973, 6875
0.8951210975646973, 6874
0.8951210975646973, 6873
0.9031767845153809, 6872
0.9031767845153809, 6871
0.9031767845153809, 6870
0.9052314758300781, 6869
0.9052314758300781, 6868
0.9052314758300781, 6867
0.9133427143096924, 6866
0.9133427143096924, 6865
0.9133427143096924, 6864
0.9154078960418701, 6863
0.9154078960418701, 6862
0.9154078960418701, 6861
0.9154078960418701, 6860
0.9154078960418701, 6859
0.9154078960418701, 6858
0.9154078960418701, 6857
0.9255139827728271, 6856
0.9255139827728271, 6855
0.9255139827728271, 6854
0.9255139827728271, 6853
0.9255139827728271, 6852
0.9255139827728271, 6851
0.9255139827728271, 6850
0.9255139827728271, 6849
0.9335525035858154, 6848
0.9355673789978027, 6847
0.9355673789978027, 6846
0.9355673789978027, 6845
0.9355673789978027, 6844
0.9355673789978027, 6843
0.9355673789978027, 6842
0.9436204433441162, 6841
0.9436204433441162, 6840
0.9436204433441162, 6839
0.9456813335418701, 6838
0.9456813335418701, 6837
0.9456813335418701, 6836
0.9456813335418701, 6835
0.9456813335418701, 6834
0.9456813335418701, 6833
0.9456813335418701, 6832
0.9537777900695801, 6831
0.9537777900695801, 6830
0.9558334350585938, 6829
0.9558334350585938, 6828
0.9558334350585938, 6827
0.9638876914978027, 6826
0.9659409523010254, 6825
0.9659409523010254, 6824
0.9659409523010254, 6823
0.974043607711792, 6822
0.974043607711792, 6821
0.9765799045562744, 6820
0.9786965847015381, 6819
0.9808127880096436, 6818
0.9818716049194336, 6817
0.9818716049194336, 6816
0.982921838760376, 6815
0.982921838760376, 6814
0.9844851493835449, 6813
0.9855387210845947, 6812
0.98659348487854, 6811
0.9876518249511719, 6810
0.9887025356292725, 6809
0.9887025356292725, 6808
0.9887025356292725, 6807
0.9887025356292725, 6806
0.9887025356292725, 6805
0.9887025356292725, 6804
0.9887025356292725, 6803
0.9947738647460938, 6802
0.9947738647460938, 6801
0.9968295097351074, 6800
0.9968295097351074, 6799
0.9968295097351074, 6798
1.0048844814300537, 6797
1.0048844814300537, 6796
1.006943941116333, 6795
1.006943941116333, 6794
1.006943941116333, 6793
1.006943941116333, 6792
1.006943941116333, 6791
1.006943941116333, 6790
1.006943941116333, 6789
1.015040397644043, 6788
1.0170974731445312, 6787
1.0170974731445312, 6786
1.0170974731445312, 6785
1.0170974731445312, 6784
1.0170974731445312, 6783
1.0170974731445312, 6782
1.0170974731445312, 6781
1.0251505374908447, 6780
1.0272035598754883, 6779
1.0272035598754883, 6778
1.0272035598754883, 6777
1.0272035598754883, 6776
1.0272035598754883, 6775
1.035290002822876, 6774
1.035290002822876, 6773
1.035290002822876, 6772
1.037344217300415, 6771
1.037344217300415, 6770
1.0474672317504883, 6769
1.0474672317504883, 6768
1.0474672317504883, 6767
1.0474672317504883, 6766
1.0474672317504883, 6765
1.0474672317504883, 6764
1.055548906326294, 6763
1.0576047897338867, 6762
1.0576047897338867, 6761
1.067723035812378, 6760
1.067723035812378, 6759
1.067723035812378, 6758
1.0758056640625, 6757
1.0758056640625, 6756
1.0778474807739258, 6755
1.0778474807739258, 6754
1.0778474807739258, 6753
1.0879275798797607, 6752
1.0879275798797607, 6751
1.0959930419921875, 6750
1.0959930419921875, 6749
1.0959930419921875, 6748
1.0959930419921875, 6747
1.1060340404510498, 6746
1.1186070442199707, 6745
1.1186070442199707, 6744
1.1186070442199707, 6743
1.1186070442199707, 6742
1.1186070442199707, 6741
1.1286895275115967, 6740
1.1286895275115967, 6739
1.1286895275115967, 6738
1.1387848854064941, 6737
1.1387848854064941, 6736
1.1387848854064941, 6735
1.1387848854064941, 6734
1.1488704681396484, 6733
1.1589720249176025, 6732
1.1589720249176025, 6731
1.1589720249176025, 6730
1.1589720249176025, 6729
1.1690316200256348, 6728
1.1690316200256348, 6727
1.1690316200256348, 6726
1.1770834922790527, 6725
1.182175874710083, 6724
1.1851770877838135, 6723
1.1861779689788818, 6722
1.1871774196624756, 6721
1.1881780624389648, 6720
1.1891767978668213, 6719
1.190176010131836, 6718
1.1911756992340088, 6717
1.1921756267547607, 6716
1.1931755542755127, 6715
1.1941754817962646, 6714
1.1951754093170166, 6713
1.198176622390747, 6712
1.1991779804229736, 6711
1.2001762390136719, 6710
1.2011756896972656, 6709
1.2041754722595215, 6708
1.2041754722595215, 6707
1.2051758766174316, 6706
1.2061753273010254, 6705
1.2071759700775146, 6704
1.2081758975982666, 6703
1.2091758251190186, 6702
1.2101776599884033, 6701
1.2151765823364258, 6700
1.2151765823364258, 6699
1.2161760330200195, 6698
1.2171757221221924, 6697
1.2231767177581787, 6696
1.2241771221160889, 6695
1.2241771221160889, 6694
1.2251768112182617, 6693
1.2261765003204346, 6692
1.2281765937805176, 6691
1.2291765213012695, 6690
1.2291765213012695, 6689
1.2312211990356445, 6688
1.2312211990356445, 6687
1.2312211990356445, 6686
1.2312211990356445, 6685
1.2312211990356445, 6684
1.2312211990356445, 6683
1.2312211990356445, 6682
1.2312211990356445, 6681
1.2312211990356445, 6680
1.2312211990356445, 6679
1.2312211990356445, 6678
1.2312211990356445, 6677
1.2312211990356445, 6676
1.2468481063842773, 6675
1.2468481063842773, 6674
1.2468481063842773, 6673
1.2468481063842773, 6672
1.2468481063842773, 6671
1.2468481063842773, 6670
1.2468481063842773, 6669
1.2468481063842773, 6668
1.2468481063842773, 6667
1.2624762058258057, 6666
1.2624762058258057, 6665
1.2624762058258057, 6664
1.2624762058258057, 6663
1.2624762058258057, 6662
1.2624762058258057, 6661
1.2624762058258057, 6660
1.2624762058258057, 6659
1.2781000137329102, 6658
1.2781000137329102, 6657
1.2807621955871582, 6656
1.2819273471832275, 6655
1.2819273471832275, 6654
1.2819273471832275, 6653
1.2819273471832275, 6652
1.2819273471832275, 6651
1.2875006198883057, 6650
1.2895615100860596, 6649
1.2895615100860596, 6648
1.2895615100860596, 6647
1.2895615100860596, 6646
1.2895615100860596, 6645
1.2895615100860596, 6644
1.2976033687591553, 6643
1.2996902465820312, 6642
1.2996902465820312, 6641
1.2996902465820312, 6640
1.2996902465820312, 6639
1.2996902465820312, 6638
1.3098256587982178, 6637
1.3098256587982178, 6636
1.3098256587982178, 6635
1.3098256587982178, 6634
1.3098256587982178, 6633
1.3199615478515625, 6632
1.3199615478515625, 6631
1.3199615478515625, 6630
1.3199615478515625, 6629
1.3280293941497803, 6628
1.3280293941497803, 6627
1.331310510635376, 6626
1.331310510635376, 6625
1.3323159217834473, 6624
1.3333137035369873, 6623
1.3343126773834229, 6622
1.335313320159912, 6621
1.3363163471221924, 6620
1.3368322849273682, 6619
1.3378355503082275, 6618
1.3384127616882324, 6617
1.3393516540527344, 6616
1.3403525352478027, 6615
1.3403525352478027, 6614
1.3419170379638672, 6613
1.3438732624053955, 6612
1.3448753356933594, 6611
1.3454389572143555, 6610
1.3463921546936035, 6609
1.3463921546936035, 6608
1.3487639427185059, 6607
1.3497042655944824, 6606
1.3522231578826904, 6605
1.3542242050170898, 6604
1.3552241325378418, 6603
1.3572242259979248, 6602
1.3602244853973389, 6601
1.3612241744995117, 6600
1.3622245788574219, 6599
1.3632242679595947, 6598
1.3648037910461426, 6597
1.3714396953582764, 6596
1.3714396953582764, 6595
1.3714396953582764, 6594
1.3714396953582764, 6593
1.3714396953582764, 6592
1.3815054893493652, 6591
1.3815639019012451, 6590
1.3815639019012451, 6589
1.3815639019012451, 6588
1.3815639019012451, 6587
1.3815639019012451, 6586
1.3896312713623047, 6585
1.3916985988616943, 6584
1.3916985988616943, 6583
1.3916985988616943, 6582
1.3916985988616943, 6581
1.3916985988616943, 6580
1.3916985988616943, 6579
1.4023189544677734, 6578
1.4033174514770508, 6577
1.4043211936950684, 6576
1.406318187713623, 6575
1.4073166847229004, 6574
1.4083166122436523, 6573
1.412315845489502, 6572
1.413315773010254, 6571
1.4143157005310059, 6570
1.41731595993042, 6569
1.4183156490325928, 6568
1.422316074371338, 6567
1.4253158569335938, 6566
1.4293158054351807, 6565
1.4303157329559326, 6564
1.4313180446624756, 6563
1.4313180446624756, 6562
1.4323177337646484, 6561
1.4343159198760986, 6560
1.4373157024383545, 6559
1.4423158168792725, 6558
1.4453158378601074, 6557
1.4513580799102783, 6556
1.4513580799102783, 6555
1.4533624649047852, 6554
1.4533624649047852, 6553
1.4604287147521973, 6552
1.4625084400177002, 6551
1.4625084400177002, 6550
1.4625084400177002, 6549
1.4625084400177002, 6548
1.4706060886383057, 6547
1.4706060886383057, 6546
1.4706060886383057, 6545
1.472661018371582, 6544
1.472661018371582, 6543
1.472661018371582, 6542
1.472661018371582, 6541
1.472661018371582, 6540
1.482773780822754, 6539
1.482773780822754, 6538
1.482773780822754, 6537
1.482773780822754, 6536
1.482773780822754, 6535
1.482773780822754, 6534
1.482773780822754, 6533
1.4923245906829834, 6532
1.4928770065307617, 6531
1.4939684867858887, 6530
1.4939684867858887, 6529
1.4939684867858887, 6528
1.4939684867858887, 6527
1.5030858516693115, 6526
1.5030858516693115, 6525
1.5030858516693115, 6524
1.5030858516693115, 6523
1.5030858516693115, 6522
1.5030858516693115, 6521
1.5030858516693115, 6520
1.5030858516693115, 6519
1.5111689567565918, 6518
1.5111689567565918, 6517
1.5132334232330322, 6516
1.5132334232330322, 6515
1.5132334232330322, 6514
1.5132334232330322, 6513
1.521296739578247, 6512
1.5233535766601562, 6511
1.5233535766601562, 6510
1.5233535766601562, 6509
1.5233535766601562, 6508
1.5233535766601562, 6507
1.5233535766601562, 6506
1.5233535766601562, 6505
1.533478021621704, 6504
1.533478021621704, 6503
1.533478021621704, 6502
1.533478021621704, 6501
1.533478021621704, 6500
1.533478021621704, 6499
1.541532278060913, 6498
1.541532278060913, 6497
1.5435843467712402, 6496
1.5435843467712402, 6495
1.5435843467712402, 6494
1.5435843467712402, 6493
1.5435843467712402, 6492
1.5435843467712402, 6491
1.5435843467712402, 6490
1.5435843467712402, 6489
1.5516510009765625, 6488
1.5516510009765625, 6487
1.5516510009765625, 6486
1.5537042617797852, 6485
1.5537042617797852, 6484
1.5537042617797852, 6483
1.5537042617797852, 6482
1.5537042617797852, 6481
1.5537042617797852, 6480
1.5537042617797852, 6479
1.5537042617797852, 6478
1.5617587566375732, 6477
1.5638196468353271, 6476
1.5638196468353271, 6475
1.5638196468353271, 6474
1.5638196468353271, 6473
1.5638196468353271, 6472
1.5719497203826904, 6471
1.5740044116973877, 6470
1.5740044116973877, 6469
1.5740044116973877, 6468
1.5740044116973877, 6467
1.5740044116973877, 6466
1.5740044116973877, 6465
1.5740044116973877, 6464
1.5820717811584473, 6463
1.5820717811584473, 6462
1.5820717811584473, 6461
1.5841245651245117, 6460
1.5841245651245117, 6459
1.5841245651245117, 6458
1.5841245651245117, 6457
1.5922019481658936, 6456
1.5922019481658936, 6455
1.5942573547363281, 6454
1.5942573547363281, 6453
1.5942573547363281, 6452
1.5942573547363281, 6451
1.5942573547363281, 6450
1.602311611175537, 6449
1.6043674945831299, 6448
1.6043674945831299, 6447
1.6043674945831299, 6446
1.6043674945831299, 6445
1.6145062446594238, 6444
1.6145062446594238, 6443
1.6145062446594238, 6442
1.6145062446594238, 6441
1.6145062446594238, 6440
1.6145062446594238, 6439
1.6225605010986328, 6438
1.6225605010986328, 6437
1.624612808227539, 6436
1.624612808227539, 6435
1.624612808227539, 6434
1.624612808227539, 6433
1.624612808227539, 6432
1.63273286819458, 6431
1.63273286819458, 6430
1.6347918510437012, 6429
1.6347918510437012, 6428
1.6347918510437012, 6427
1.642853021621704, 6426
1.642853021621704, 6425
1.6449065208435059, 6424
1.6449065208435059, 6423
1.6449065208435059, 6422
1.6449065208435059, 6421
1.6449065208435059, 6420
1.6449065208435059, 6419
1.6550421714782715, 6418
1.6550421714782715, 6417
1.6550421714782715, 6416
1.6550421714782715, 6415
1.6550421714782715, 6414
1.6550421714782715, 6413
1.6630959510803223, 6412
1.665151834487915, 6411
1.665151834487915, 6410
1.665151834487915, 6409
1.665151834487915, 6408
1.665151834487915, 6407
1.665151834487915, 6406
1.665151834487915, 6405
1.6732664108276367, 6404
1.6732664108276367, 6403
1.675321102142334, 6402
1.675321102142334, 6401
1.675321102142334, 6400
1.675321102142334, 6399
1.675321102142334, 6398
1.6854281425476074, 6397
1.6854281425476074, 6396
1.6854281425476074, 6395
1.695594310760498, 6394
1.695594310760498, 6393
1.695594310760498, 6392
1.695594310760498, 6391
1.695594310760498, 6390
1.695594310760498, 6389
1.7057058811187744, 6388
1.7057058811187744, 6387
1.7057058811187744, 6386
1.7057058811187744, 6385
1.7143242359161377, 6384
1.7143242359161377, 6383
1.7160308361053467, 6382
1.7160308361053467, 6381
1.7160308361053467, 6380
1.7160308361053467, 6379
1.7160308361053467, 6378
1.726144790649414, 6377
1.726144790649414, 6376
1.7341904640197754, 6375
1.7341904640197754, 6374
1.7366983890533447, 6373
1.7366983890533447, 6372
1.7366983890533447, 6371
1.7366983890533447, 6370
1.7366983890533447, 6369
1.7366983890533447, 6368
1.7468111515045166, 6367
1.748891830444336, 6366
1.7518832683563232, 6365
1.752880334854126, 6364
1.7538816928863525, 6363
1.7538816928863525, 6362
1.7578837871551514, 6361
1.7608821392059326, 6360
1.7628817558288574, 6359
1.7638819217681885, 6358
1.764843463897705, 6357
1.765885353088379, 6356
1.7688806056976318, 6355
1.7698838710784912, 6354
1.7698838710784912, 6353
1.7718896865844727, 6352
1.7728824615478516, 6351
1.7758793830871582, 6350
1.7798826694488525, 6349
1.782008409500122, 6348
1.782008409500122, 6347
1.785062313079834, 6346
1.785062313079834, 6345
1.785062313079834, 6344
1.7871243953704834, 6343
1.7871243953704834, 6342
1.7871243953704834, 6341
1.7871243953704834, 6340
1.7871243953704834, 6339
1.7951784133911133, 6338
1.7972447872161865, 6337
1.7972447872161865, 6336
1.7972447872161865, 6335
1.805299997329712, 6334
1.805299997329712, 6333
1.8073530197143555, 6332
1.8154232501983643, 6331
1.8154232501983643, 6330
1.8154232501983643, 6329
1.8174769878387451, 6328
1.8174769878387451, 6327
1.825530767440796, 6326
1.825530767440796, 6325
1.825530767440796, 6324
1.8275842666625977, 6323
1.8275842666625977, 6322
1.8275842666625977, 6321
1.8275842666625977, 6320
1.8275842666625977, 6319
1.8356831073760986, 6318
1.8377366065979004, 6317
1.8377366065979004, 6316
1.8377366065979004, 6315
1.8377366065979004, 6314
1.8377366065979004, 6313
1.8478500843048096, 6312
1.8478500843048096, 6311
1.8478500843048096, 6310
1.8478500843048096, 6309
1.857412576675415, 6308
1.8584096431732178, 6307
1.8594207763671875, 6306
1.8594207763671875, 6305
1.8614110946655273, 6304
1.8634107112884521, 6303
1.864492654800415, 6302
1.8646526336669922, 6301
1.8656947612762451, 6300
1.868692398071289, 6299
1.8716909885406494, 6298
1.8716909885406494, 6297
1.8756921291351318, 6296
1.8813426494598389, 6295
1.8813426494598389, 6294
1.8813426494598389, 6293
1.88895583152771, 6292
1.88895583152771, 6291
1.88895583152771, 6290
1.88895583152771, 6289
1.88895583152771, 6288
1.88895583152771, 6287
1.88895583152771, 6286
1.88895583152771, 6285
1.8970422744750977, 6284
1.8990962505340576, 6283
1.8990962505340576, 6282
1.8990962505340576, 6281
1.9071593284606934, 6280
1.909212589263916, 6279
1.909212589263916, 6278
1.909212589263916, 6277
1.9172887802124023, 6276
1.9172887802124023, 6275
1.9193434715270996, 6274
1.9193434715270996, 6273
1.9193434715270996, 6272
1.9273972511291504, 6271
1.9294497966766357, 6270
1.9294497966766357, 6269
1.9395830631256104, 6268
1.9395830631256104, 6267
1.9395830631256104, 6266
1.9395830631256104, 6265
1.949690341949463, 6264
1.949690341949463, 6263
1.949690341949463, 6262
1.949690341949463, 6261
1.949690341949463, 6260
1.949690341949463, 6259
1.9598264694213867, 6258
1.9678974151611328, 6257
1.9699838161468506, 6256
1.9699838161468506, 6255
1.9699838161468506, 6254
1.977992057800293, 6253
1.9809551239013672, 6252
1.986257791519165, 6251
1.9873197078704834, 6250
1.989919900894165, 6249
1.9899964332580566, 6248
1.991046667098999, 6247
1.9924850463867188, 6246
1.9924850463867188, 6245
1.9924850463867188, 6244
1.9924850463867188, 6243
1.9924850463867188, 6242
2.0006089210510254, 6241
2.0026659965515137, 6240
2.0026659965515137, 6239
2.0026659965515137, 6238
2.0026659965515137, 6237
2.0127463340759277, 6236
2.0208349227905273, 6235
2.0229010581970215, 6234
2.033026933670044, 6233
2.033026933670044, 6232
2.0411150455474854, 6231
2.0431699752807617, 6230
2.0431699752807617, 6229
2.0431699752807617, 6228
2.0431699752807617, 6227
2.053279399871826, 6226
2.053279399871826, 6225
2.053279399871826, 6224
2.053279399871826, 6223
2.053279399871826, 6222
2.0613791942596436, 6221
2.063432216644287, 6220
2.063432216644287, 6219
2.063432216644287, 6218
2.063432216644287, 6217
2.063432216644287, 6216
2.063432216644287, 6215
2.063432216644287, 6214
2.0714833736419678, 6213
2.073540210723877, 6212
2.073540210723877, 6211
2.073540210723877, 6210
2.073540210723877, 6209
2.073540210723877, 6208
2.073540210723877, 6207
2.073540210723877, 6206
2.08366322517395, 6205
2.08366322517395, 6204
2.08366322517395, 6203
2.08366322517395, 6202
2.091723680496216, 6201
2.093777894973755, 6200
2.093777894973755, 6199
2.093777894973755, 6198
2.093777894973755, 6197
2.093777894973755, 6196
2.093777894973755, 6195
2.101890802383423, 6194
2.10394549369812, 6193
2.10394549369812, 6192
2.10394549369812, 6191
2.10394549369812, 6190
2.10394549369812, 6189
2.10394549369812, 6188
2.10394549369812, 6187
2.10394549369812, 6186
2.1119604110717773, 6185
2.1140146255493164, 6184
2.1140146255493164, 6183
2.1140146255493164, 6182
2.1140146255493164, 6181
2.1140146255493164, 6180
2.1241519451141357, 6179
2.1241519451141357, 6178
2.1321980953216553, 6177
2.1342599391937256, 6176
2.1342599391937256, 6175
2.1342599391937256, 6174
2.1443984508514404, 6173
2.1443984508514404, 6172
2.154510736465454, 6171
2.154510736465454, 6170
2.154510736465454, 6169
2.1626203060150146, 6168
2.1646769046783447, 6167
2.1646769046783447, 6166
2.1646769046783447, 6165
2.1646769046783447, 6164
2.1646769046783447, 6163
2.1646769046783447, 6162
2.1646769046783447, 6161
2.1646769046783447, 6160
2.1646769046783447, 6159
2.1727287769317627, 6158
2.1727287769317627, 6157
2.17478346824646, 6156
2.17478346824646, 6155
2.17478346824646, 6154
2.1849396228790283, 6153
2.1849396228790283, 6152
2.1849396228790283, 6151
2.1849396228790283, 6150
2.1929962635040283, 6149
2.1929962635040283, 6148
2.195050001144409, 6147
2.195050001144409, 6146
2.195050001144409, 6145
2.2031733989715576, 6144
2.20524263381958, 6143
2.20524263381958, 6142
2.20524263381958, 6141
2.20524263381958, 6140
2.2132606506347656, 6139
2.2152717113494873, 6138
2.2152717113494873, 6137
2.2152717113494873, 6136
2.223361015319824, 6135
2.223361015319824, 6134
2.2254157066345215, 6133
2.2254157066345215, 6132
2.2355308532714844, 6131
2.2355308532714844, 6130
2.2355308532714844, 6129
2.2355308532714844, 6128
2.2355308532714844, 6127
2.2456812858581543, 6126
2.2456812858581543, 6125
2.255800485610962, 6124
2.255800485610962, 6123
2.255800485610962, 6122
2.255800485610962, 6121
2.255800485610962, 6120
2.255800485610962, 6119
2.265946626663208, 6118
2.265946626663208, 6117
2.265946626663208, 6116
2.265946626663208, 6115
2.265946626663208, 6114
2.274005889892578, 6113
2.2760581970214844, 6112
2.286193370819092, 6111
2.286193370819092, 6110
2.286193370819092, 6109
2.286193370819092, 6108
2.286193370819092, 6107
2.286193370819092, 6106
2.2942540645599365, 6105
2.2963144779205322, 6104
2.2963144779205322, 6103
2.2963144779205322, 6102
2.2963144779205322, 6101
2.2963144779205322, 6100
2.304403781890869, 6099
2.306469440460205, 6098
2.306469440460205, 6097
2.306469440460205, 6096
2.306469440460205, 6095
2.306469440460205, 6094
2.3165500164031982, 6093
2.3165500164031982, 6092
2.3165500164031982, 6091
2.3266797065734863, 6090
2.3266797065734863, 6089
2.3266797065734863, 6088
2.3266797065734863, 6087
2.334737777709961, 6086
2.336794137954712, 6085
2.336794137954712, 6084
2.336794137954712, 6083
2.336794137954712, 6082
2.336794137954712, 6081
2.336794137954712, 6080
2.3448376655578613, 6079
2.3448376655578613, 6078
2.3473331928253174, 6077
2.3473331928253174, 6076
2.3473331928253174, 6075
2.3473331928253174, 6074
2.3473331928253174, 6073
2.3473331928253174, 6072
2.3553953170776367, 6071
2.3553953170776367, 6070
2.3574516773223877, 6069
2.3574516773223877, 6068
2.3655214309692383, 6067
2.3655214309692383, 6066
2.367575168609619, 6065
2.367575168609619, 6064
2.367575168609619, 6063
2.367575168609619, 6062
2.375631809234619, 6061
2.375631809234619, 6060
2.375631809234619, 6059
2.3776843547821045, 6058
2.3776843547821045, 6057
2.3776843547821045, 6056
2.3776843547821045, 6055
2.3776843547821045, 6054
2.3776843547821045, 6053
2.3776843547821045, 6052
2.3872482776641846, 6051
2.388244867324829, 6050
2.3892455101013184, 6049
2.392241954803467, 6048
2.392241954803467, 6047
2.39424729347229, 6046
2.395249128341675, 6045
2.398247003555298, 6044
2.399249315261841, 6043
2.401242971420288, 6042
2.402205228805542, 6041
2.403247356414795, 6040
2.404245138168335, 6039
2.4062469005584717, 6038
2.410247564315796, 6037
2.413245439529419, 6036
2.414621591567993, 6035
2.416264772415161, 6034
2.416264772415161, 6033
2.416264772415161, 6032
2.416264772415161, 6031
2.416264772415161, 6030
2.416264772415161, 6029
2.416264772415161, 6028
2.4285387992858887, 6027
2.4285387992858887, 6026
2.4285387992858887, 6025
2.4285387992858887, 6024
2.4387669563293457, 6023
2.4387669563293457, 6022
2.4387669563293457, 6021
2.4387669563293457, 6020
2.446899652481079, 6019
2.449030876159668, 6018
2.4571115970611572, 6017
2.4592478275299072, 6016
2.4592478275299072, 6015
2.467386245727539, 6014
2.4695262908935547, 6013
2.4695262908935547, 6012
2.4695262908935547, 6011
2.4695262908935547, 6010
2.4695262908935547, 6009
2.4797770977020264, 6008
2.4797770977020264, 6007
2.4797770977020264, 6006
2.4797770977020264, 6005
2.4879255294799805, 6004
2.4900624752044678, 6003
2.4900624752044678, 6002
2.4900624752044678, 6001
2.4981491565704346, 6000
2.5002920627593994, 5999
2.5002920627593994, 5998
2.510585069656372, 5997
2.510585069656372, 5996
2.510585069656372, 5995
2.510585069656372, 5994
2.510585069656372, 5993
2.5186779499053955, 5992
2.520697593688965, 5991
2.520697593688965, 5990
2.520697593688965, 5989
2.5308618545532227, 5988
2.5308618545532227, 5987
2.5308618545532227, 5986
2.5389561653137207, 5985
2.5389561653137207, 5984
2.5389561653137207, 5983
2.5410969257354736, 5982
2.549238681793213, 5981
2.549238681793213, 5980
2.549238681793213, 5979
2.551379442214966, 5978
2.551379442214966, 5977
2.551379442214966, 5976
2.551379442214966, 5975
2.551379442214966, 5974
2.551379442214966, 5973
2.551379442214966, 5972
2.551379442214966, 5971
2.5594422817230225, 5970
2.561497449874878, 5969
2.561497449874878, 5968
2.561497449874878, 5967
2.561497449874878, 5966
2.561497449874878, 5965
2.561497449874878, 5964
2.571782112121582, 5963
2.571782112121582, 5962
2.571782112121582, 5961
2.571782112121582, 5960
2.571782112121582, 5959
2.571782112121582, 5958
2.5798704624176025, 5957
2.5798704624176025, 5956
2.582026720046997, 5955
2.582026720046997, 5954
2.582026720046997, 5953
2.582026720046997, 5952
2.590172290802002, 5951
2.5923142433166504, 5950
2.5923142433166504, 5949
2.6003830432891846, 5948
2.602522373199463, 5947
2.602522373199463, 5946
2.602522373199463, 5945
2.602522373199463, 5944
2.602522373199463, 5943
2.6128029823303223, 5942
2.6128029823303223, 5941
2.6208698749542236, 5940
2.6230227947235107, 5939
2.6230227947235107, 5938
2.6230227947235107, 5937
2.6311631202697754, 5936
2.633305072784424, 5935
2.641411066055298, 5934
2.6435513496398926, 5933
2.6435513496398926, 5932
2.651597738265991, 5931
2.6516990661621094, 5930
2.6516990661621094, 5929
2.6516990661621094, 5928
2.6538426876068115, 5927
2.6538426876068115, 5926
2.6538426876068115, 5925
2.6538426876068115, 5924
2.6538426876068115, 5923
2.6619269847869873, 5922
2.6640658378601074, 5921
2.6640658378601074, 5920
2.6640658378601074, 5919
2.6640658378601074, 5918
2.672206401824951, 5917
2.674351215362549, 5916
2.674351215362549, 5915
2.674351215362549, 5914
2.674351215362549, 5913
2.674351215362549, 5912
2.674351215362549, 5911
2.6824231147766113, 5910
2.684569835662842, 5909
2.684569835662842, 5908
2.692704677581787, 5907
2.692704677581787, 5906
2.7167863845825195, 5905
2.726069211959839, 5904
2.736320734024048, 5903
2.7465603351593018, 5902
2.7465603351593018, 5901
2.7465603351593018, 5900
2.7547075748443604, 5899
2.7568459510803223, 5898
2.7568459510803223, 5897
2.7568459510803223, 5896
2.7568459510803223, 5895
2.764910936355591, 5894
2.767051935195923, 5893
2.767051935195923, 5892
2.7751922607421875, 5891
2.7751922607421875, 5890
2.7751922607421875, 5889
2.7773308753967285, 5888
2.7875661849975586, 5887
2.7875661849975586, 5886
2.7875661849975586, 5885
2.7875661849975586, 5884
2.7875661849975586, 5883
2.7978572845458984, 5882
2.7978572845458984, 5881
2.7978572845458984, 5880
2.808062791824341, 5879
2.808062791824341, 5878
2.808062791824341, 5877
2.8183422088623047, 5876
2.8183422088623047, 5875
2.828568935394287, 5874
2.836705207824707, 5873
2.836705207824707, 5872
2.836705207824707, 5871
2.8490538597106934, 5870
2.8490538597106934, 5869
2.8490538597106934, 5868
2.8490538597106934, 5867
2.8571953773498535, 5866
2.8593337535858154, 5865
2.8593337535858154, 5864
2.8593337535858154, 5863
2.869565010070801, 5862
2.869565010070801, 5861
2.869565010070801, 5860
2.8777127265930176, 5859
2.8798537254333496, 5858
2.8901500701904297, 5857
2.8901500701904297, 5856
2.898294687271118, 5855
2.898294687271118, 5854
2.9003396034240723, 5853
2.900433301925659, 5852
2.900433301925659, 5851
2.900433301925659, 5850
2.908518075942993, 5849
2.9106600284576416, 5848
2.9106600284576416, 5847
2.918814182281494, 5846
2.9209530353546143, 5845
2.9209530353546143, 5844
2.932565450668335, 5843
2.93756365776062, 5842
2.939563751220703, 5841
2.944563627243042, 5840
2.946566104888916, 5839
2.9500787258148193, 5838
2.9522178173065186, 5837
2.9522178173065186, 5836
2.9522178173065186, 5835
2.9522178173065186, 5834
2.9522178173065186, 5833
2.9624950885772705, 5832
2.970590114593506, 5831
2.970590114593506, 5830
2.9727306365966797, 5829
2.9808733463287354, 5828
2.983018636703491, 5827
2.983018636703491, 5826
2.991109848022461, 5825
2.9932477474212646, 5824
2.9932477474212646, 5823
2.9932477474212646, 5822
2.9932477474212646, 5821
2.9932477474212646, 5820
2.9932477474212646, 5819
3.001293897628784, 5818
3.0035390853881836, 5817
3.0035390853881836, 5816
3.0035390853881836, 5815
3.0035390853881836, 5814
3.013770818710327, 5813
3.013770818710327, 5812
3.013770818710327, 5811
3.013770818710327, 5810
3.0240514278411865, 5809
3.0321357250213623, 5808
3.0321357250213623, 5807
3.034275770187378, 5806
3.042414665222168, 5805
3.0445556640625, 5804
3.0445556640625, 5803
3.0445556640625, 5802
3.052639961242676, 5801
3.054774761199951, 5800
3.054774761199951, 5799
3.054774761199951, 5798
3.054774761199951, 5797
3.0629184246063232, 5796
3.065061092376709, 5795
3.065061092376709, 5794
3.065061092376709, 5793
3.065061092376709, 5792
3.075216054916382, 5791
3.075216054916382, 5790
3.08543062210083, 5789
3.08543062210083, 5788
3.08543062210083, 5787
3.0956597328186035, 5786
3.0956597328186035, 5785
3.0956597328186035, 5784
3.1038074493408203, 5783
3.1038074493408203, 5782
3.1059484481811523, 5781
3.1059484481811523, 5780
3.1059484481811523, 5779
3.1162047386169434, 5778
3.1264877319335938, 5777
3.1264877319335938, 5776
3.1264877319335938, 5775
3.1264877319335938, 5774
3.1264877319335938, 5773
3.136749267578125, 5772
3.136749267578125, 5771
3.136749267578125, 5770
3.136749267578125, 5769
3.136749267578125, 5768
3.1470296382904053, 5767
3.1470296382904053, 5766
3.1470296382904053, 5765
3.157248020172119, 5764
3.157248020172119, 5763
3.157248020172119, 5762
3.165388822555542, 5761
3.167433261871338, 5760
3.1675260066986084, 5759
3.1675260066986084, 5758
3.1675260066986084, 5757
3.1675260066986084, 5756
3.1675260066986084, 5755
3.1675260066986084, 5754
3.1756176948547363, 5753
3.1777641773223877, 5752
3.185914993286133, 5751
3.185914993286133, 5750
3.185914993286133, 5749
3.188063144683838, 5748
3.188063144683838, 5747
3.188063144683838, 5746
3.1982784271240234, 5745
3.1982784271240234, 5744
3.1982784271240234, 5743
3.2064177989959717, 5742
3.2085635662078857, 5741
3.2085635662078857, 5740
3.2085635662078857, 5739
3.2085635662078857, 5738
3.2085635662078857, 5737
3.2187986373901367, 5736
3.2187986373901367, 5735
3.2187986373901367, 5734
3.2187986373901367, 5733
3.228991985321045, 5732
3.228991985321045, 5731
3.2392191886901855, 5730
3.2392191886901855, 5729
3.247366189956665, 5728
3.247366189956665, 5727
3.2495193481445312, 5726
3.2495193481445312, 5725
3.2495193481445312, 5724
3.2495193481445312, 5723
3.2597286701202393, 5722
3.2597286701202393, 5721
3.2597286701202393, 5720
3.2597286701202393, 5719
3.2597286701202393, 5718
3.2678685188293457, 5717
3.2700066566467285, 5716
3.2700066566467285, 5715
3.2700066566467285, 5714
3.2700066566467285, 5713
3.2780866622924805, 5712
3.2780866622924805, 5711
3.2802317142486572, 5710
3.2905161380767822, 5709
3.2905161380767822, 5708
3.2905161380767822, 5707
3.3007349967956543, 5706
3.3007349967956543, 5705
3.3007349967956543, 5704
3.3007349967956543, 5703
3.3110148906707764, 5702
3.3110148906707764, 5701
3.3110148906707764, 5700
3.319182872772217, 5699
3.319182872772217, 5698
3.319182872772217, 5697
3.321329355239868, 5696
3.331609010696411, 5695
3.3396875858306885, 5694
3.341829776763916, 5693
3.341829776763916, 5692
3.341829776763916, 5691
3.3521087169647217, 5690
3.3521087169647217, 5689
3.3601717948913574, 5688
3.3601717948913574, 5687
3.3623123168945312, 5686
3.3623123168945312, 5685
3.37046217918396, 5684
3.37046217918396, 5683
3.37046217918396, 5682
3.3726017475128174, 5681
3.3726017475128174, 5680
3.3726017475128174, 5679
3.3726017475128174, 5678
3.380647659301758, 5677
3.380647659301758, 5676
3.390939474105835, 5675
3.3930821418762207, 5674
3.3930821418762207, 5673
3.3930821418762207, 5672
3.3930821418762207, 5671
3.40336537361145, 5670
3.40336537361145, 5669
3.40336537361145, 5668
3.4136598110198975, 5667
3.4136598110198975, 5666
3.4136598110198975, 5665
3.4136598110198975, 5664
3.42175030708313, 5663
3.423896074295044, 5662
3.423896074295044, 5661
3.423896074295044, 5660
3.4340054988861084, 5659
3.4340054988861084, 5658
3.4340054988861084, 5657
3.4340054988861084, 5656
3.4340054988861084, 5655
3.4340054988861084, 5654
3.44209623336792, 5653
3.444242000579834, 5652
3.444242000579834, 5651
3.444242000579834, 5650
3.444242000579834, 5649
3.452387809753418, 5648
3.454526901245117, 5647
3.454526901245117, 5646
3.4626083374023438, 5645
3.4647717475891113, 5644
3.4647717475891113, 5643
3.4647717475891113, 5642
3.4647717475891113, 5641
3.4647717475891113, 5640
3.4729182720184326, 5639
3.4729182720184326, 5638
3.4750630855560303, 5637
3.4750630855560303, 5636
3.4834184646606445, 5635
3.485457420349121, 5634
3.485457420349121, 5633
3.4884579181671143, 5632
3.4904580116271973, 5631
3.492457628250122, 5630
3.506460666656494, 5629
3.506460666656494, 5628
3.5135996341705322, 5627
3.5135996341705322, 5626
3.5157439708709717, 5625
3.5157439708709717, 5624
3.523860216140747, 5623
3.5260074138641357, 5622
3.5260074138641357, 5621
3.5260074138641357, 5620
3.536170244216919, 5619
3.5464041233062744, 5618
3.5464041233062744, 5617
3.5464041233062744, 5616
3.554543972015381, 5615
3.564732551574707, 5614
3.569366455078125, 5613
3.5796427726745605, 5612
3.5796427726745605, 5611
3.5877294540405273, 5610
3.5877294540405273, 5609
3.589871644973755, 5608
3.589871644973755, 5607
3.589871644973755, 5606
3.608234167098999, 5605
3.6103763580322266, 5604
3.6103763580322266, 5603
3.6103763580322266, 5602
3.6103763580322266, 5601
3.6206581592559814, 5600
3.6206581592559814, 5599
3.6206581592559814, 5598
3.62880802154541, 5597
3.630824565887451, 5596
3.630824565887451, 5595
3.6389780044555664, 5594
3.6389780044555664, 5593
3.6389780044555664, 5592
3.6411170959472656, 5591
3.6411170959472656, 5590
3.6411170959472656, 5589
3.6411170959472656, 5588
3.6492114067077637, 5587
3.6492114067077637, 5586
3.6512603759765625, 5585
3.6513543128967285, 5584
3.6513543128967285, 5583
3.6513543128967285, 5582
3.6513543128967285, 5581
3.659501791000366, 5580
3.661644220352173, 5579
3.661644220352173, 5578
3.661644220352173, 5577
3.669712781906128, 5576
3.669712781906128, 5575
3.671860456466675, 5574
3.671860456466675, 5573
3.680001735687256, 5572
3.680001735687256, 5571
3.680001735687256, 5570
3.682142734527588, 5569
3.682142734527588, 5568
3.682142734527588, 5567
3.682142734527588, 5566
3.682142734527588, 5565
3.682142734527588, 5564
3.6923816204071045, 5563
3.6923816204071045, 5562
3.6923816204071045, 5561
3.6923816204071045, 5560
3.702664375305176, 5559
3.702664375305176, 5558
3.702664375305176, 5557
3.7231855392456055, 5556
3.731300115585327, 5555
3.73344087600708, 5554
3.7437245845794678, 5553
3.7437245845794678, 5552
3.7437245845794678, 5551
3.7518177032470703, 5550
3.7539665699005127, 5549
3.7539665699005127, 5548
3.7539665699005127, 5547
3.7539665699005127, 5546
3.7539665699005127, 5545
3.7539665699005127, 5544
3.762111186981201, 5543
3.762111186981201, 5542
3.7641804218292236, 5541
3.7641804218292236, 5540
3.7641804218292236, 5539
3.7744290828704834, 5538
3.7744290828704834, 5537
3.784710645675659, 5536
3.784710645675659, 5535
3.784710645675659, 5534
3.7949564456939697, 5533
3.7949564456939697, 5532
3.803100347518921, 5531
3.805241584777832, 5530
3.805241584777832, 5529
3.815467119216919, 5528
3.815467119216919, 5527
3.815467119216919, 5526
3.8236165046691895, 5525
3.8236165046691895, 5524
3.825758695602417, 5523
3.825758695602417, 5522
3.825758695602417, 5521
3.825758695602417, 5520
3.8360581398010254, 5519
3.8360581398010254, 5518
3.8360581398010254, 5517
3.8360581398010254, 5516
3.8544185161590576, 5515
3.8544185161590576, 5514
3.8565621376037598, 5513
3.8565621376037598, 5512
3.8668391704559326, 5511
3.8668391704559326, 5510
3.8668391704559326, 5509
3.8668391704559326, 5508
3.8668391704559326, 5507
3.8749401569366455, 5506
3.8749401569366455, 5505
3.877084970474243, 5504
3.877084970474243, 5503
3.8873658180236816, 5502
3.8873658180236816, 5501
3.8873658180236816, 5500
3.8975794315338135, 5499
3.905714511871338, 5498
3.9078636169433594, 5497
3.9078636169433594, 5496
3.9078636169433594, 5495
3.9159348011016846, 5494
3.9159348011016846, 5493
3.918081045150757, 5492
3.9283628463745117, 5491
3.9283628463745117, 5490
3.9364497661590576, 5489
3.9385180473327637, 5488
3.9385180473327637, 5487
3.9385180473327637, 5486
3.959036111831665, 5485
3.9671802520751953, 5484
3.9693331718444824, 5483
3.978945255279541, 5482
3.978945255279541, 5481
3.979945182800293, 5480
3.981945037841797, 5479
3.982945680618286, 5478
3.9879446029663086, 5477
3.98994779586792, 5476
3.98994779586792, 5475
3.992945671081543, 5474
4.000330924987793, 5473
4.000330924987793, 5472
4.000330924987793, 5471
4.000330924987793, 5470
4.000330924987793, 5469
4.000330924987793, 5468
4.008407115936279, 5467
4.008407115936279, 5466
4.010548830032349, 5465
4.010548830032349, 5464
4.010548830032349, 5463
4.0207741260528564, 5462
4.0207741260528564, 5461
4.0207741260528564, 5460
4.0207741260528564, 5459
4.028913497924805, 5458
4.031052112579346, 5457
4.031052112579346, 5456
4.039129018783569, 5455
4.039129018783569, 5454
4.039129018783569, 5453
4.041272401809692, 5452
4.049415349960327, 5451
4.051553249359131, 5450
4.0720744132995605, 5449
4.080175876617432, 5448
4.082312107086182, 5447
4.090450286865234, 5446
4.090450286865234, 5445
4.10068941116333, 5444
4.10068941116333, 5443
4.102827787399292, 5442
4.11096715927124, 5441
4.11096715927124, 5440
4.113105773925781, 5439
4.113105773925781, 5438
4.123335361480713, 5437
4.123335361480713, 5436
4.123335361480713, 5435
4.123335361480713, 5434
4.133624315261841, 5433
4.133624315261841, 5432
4.143855571746826, 5431
4.154137849807739, 5430
4.154137849807739, 5429
4.154137849807739, 5428
4.1622138023376465, 5427
4.164262533187866, 5426
4.164358854293823, 5425
4.174489736557007, 5424
4.174489736557007, 5423
4.184963703155518, 5422
4.184963703155518, 5421
4.192519187927246, 5420
4.192519187927246, 5419
4.192519187927246, 5418
4.192519187927246, 5417
4.208204507827759, 5416
4.208204507827759, 5415
4.208204507827759, 5414
4.208204507827759, 5413
4.208204507827759, 5412
4.22382664680481, 5411
4.22382664680481, 5410
4.22382664680481, 5409
4.22382664680481, 5408
4.239441633224487, 5407
4.239441633224487, 5406
4.239441633224487, 5405
4.255069732666016, 5404
4.270699501037598, 5403
4.270699501037598, 5402
4.270699501037598, 5401
4.2863218784332275, 5400
4.2863218784332275, 5399
4.2863218784332275, 5398
4.2863218784332275, 5397
4.295099496841431, 5396
4.295099496841431, 5395
4.295099496841431, 5394
4.295099496841431, 5393
4.315612077713013, 5392
4.325840711593628, 5391
4.325840711593628, 5390
4.3361310958862305, 5389
4.3361310958862305, 5388
4.3361310958862305, 5387
4.3361310958862305, 5386
4.3361310958862305, 5385
4.346328258514404, 5384
4.346328258514404, 5383
4.346328258514404, 5382
4.354469060897827, 5381
4.377131700515747, 5380
4.377131700515747, 5379
4.387361526489258, 5378
4.397646427154541, 5377
4.397646427154541, 5376
4.407814979553223, 5375
4.418058156967163, 5374
4.418058156967163, 5373
4.426103591918945, 5372
4.426147699356079, 5371
4.428297281265259, 5370
4.436438083648682, 5369
4.436438083648682, 5368
4.438578128814697, 5367
4.438578128814697, 5366
4.438578128814697, 5365
4.44667387008667, 5364
4.448813199996948, 5363
4.448813199996948, 5362
4.448813199996948, 5361
4.4590904712677, 5360
4.4590904712677, 5359
4.4590904712677, 5358
4.4590904712677, 5357
4.469342231750488, 5356
4.469342231750488, 5355
4.477485656738281, 5354
4.479623079299927, 5353
4.479623079299927, 5352
4.479623079299927, 5351
4.479623079299927, 5350
4.489881753921509, 5349
4.489881753921509, 5348
4.489881753921509, 5347
4.498029947280884, 5346
4.500171899795532, 5345
4.500171899795532, 5344
4.51282525062561, 5343
4.521935939788818, 5342
4.529927492141724, 5341
4.530665397644043, 5340
4.531294584274292, 5339
4.539421558380127, 5338
4.541561603546143, 5337
4.541561603546143, 5336
4.551804542541504, 5335
4.551804542541504, 5334
4.570236444473267, 5333
4.572384357452393, 5332
4.572384357452393, 5331
4.572384357452393, 5330
4.572384357452393, 5329
4.58266282081604, 5328
4.58266282081604, 5327
4.58266282081604, 5326
4.592841863632202, 5325
4.592841863632202, 5324
4.592841863632202, 5323
4.592841863632202, 5322
4.592841863632202, 5321
4.601001024246216, 5320
4.601001024246216, 5319
4.613231658935547, 5318
4.613231658935547, 5317
4.623538017272949, 5316
4.623538017272949, 5315
4.633781433105469, 5314
4.641927003860474, 5313
4.641927003860474, 5312
4.644073247909546, 5311
4.644073247909546, 5310
4.644073247909546, 5309
4.654291868209839, 5308
4.654291868209839, 5307
4.654291868209839, 5306
4.662337779998779, 5305
4.664572715759277, 5304
4.6747941970825195, 5303
4.6747941970825195, 5302
4.685075998306274, 5301
4.685075998306274, 5300
4.703437089920044, 5299
4.715804100036621, 5298
4.715804100036621, 5297
4.715804100036621, 5296
4.715804100036621, 5295
4.726083040237427, 5294
4.746576309204102, 5293
4.746576309204102, 5292
4.746576309204102, 5291
4.76708984375, 5290
4.76708984375, 5289
4.775241374969482, 5288
4.816576719284058, 5287
4.818727493286133, 5286
4.826867341995239, 5285
4.837097644805908, 5284
4.839243173599243, 5283
4.839243173599243, 5282
4.839243173599243, 5281
4.839243173599243, 5280
4.84739351272583, 5279
4.84739351272583, 5278
4.849534034729004, 5277
4.857607841491699, 5276
4.859755754470825, 5275
4.880292892456055, 5274
4.8905723094940186, 5273
4.8905723094940186, 5272
4.8905723094940186, 5271
4.8905723094940186, 5270
4.898651361465454, 5269
4.900789022445679, 5268
4.900789022445679, 5267
4.908928394317627, 5266
4.911067724227905, 5265
4.923510789871216, 5264
4.923510789871216, 5263
4.923510789871216, 5262
4.93180775642395, 5261
4.93180775642395, 5260
4.94202446937561, 5259
4.95230770111084, 5258
4.95230770111084, 5257
4.95230770111084, 5256
4.9625630378723145, 5255
4.9625630378723145, 5254
4.9625630378723145, 5253
4.97284197807312, 5252
4.97284197807312, 5251
4.97284197807312, 5250
4.983041763305664, 5249
4.983041763305664, 5248
4.983041763305664, 5247
4.991181135177612, 5246
4.993321180343628, 5245
4.993321180343628, 5244
5.013634920120239, 5243
5.021710634231567, 5242
5.023766040802002, 5241
5.023766040802002, 5240
5.023766040802002, 5239
5.03388237953186, 5238
5.03388237953186, 5237
5.041964054107666, 5236
5.050504207611084, 5235
5.050504207611084, 5234
5.0615012645721436, 5233
5.0615012645721436, 5232
5.064436435699463, 5231
5.064436435699463, 5230
5.074544668197632, 5229
5.08263087272644, 5228
5.08263087272644, 5227
5.084687948226929, 5226
5.092750310897827, 5225
5.094802618026733, 5224
5.102919101715088, 5223
5.1049888134002686, 5222
5.1049888134002686, 5221
5.1049888134002686, 5220
5.1049888134002686, 5219
5.1049888134002686, 5218
5.1049888134002686, 5217
5.1151041984558105, 5216
5.123199939727783, 5215
5.1333091259002686, 5214
5.1333091259002686, 5213
5.1333091259002686, 5212
5.135361671447754, 5211
5.143419504165649, 5210
5.14548134803772, 5209
5.14548134803772, 5208
5.14548134803772, 5207
5.14548134803772, 5206
5.15558934211731, 5205
5.15558934211731, 5204
5.165726184844971, 5203
5.165726184844971, 5202
5.173776626586914, 5201
5.1758410930633545, 5200
5.1758410930633545, 5199
5.1758410930633545, 5198
5.1859729290008545, 5197
5.1859729290008545, 5196
5.1859729290008545, 5195
5.1960813999176025, 5194
5.1960813999176025, 5193
5.1960813999176025, 5192
5.1960813999176025, 5191
5.1960813999176025, 5190
5.1960813999176025, 5189
5.204174995422363, 5188
5.206237554550171, 5187
5.206237554550171, 5186
5.216345310211182, 5185
5.226474761962891, 5184
5.226474761962891, 5183
5.226474761962891, 5182
5.226474761962891, 5181
5.226474761962891, 5180
5.2365946769714355, 5179
5.246719121932983, 5178
5.246719121932983, 5177
5.246719121932983, 5176
5.246719121932983, 5175
5.246719121932983, 5174
5.256827116012573, 5173
5.256827116012573, 5172
5.256827116012573, 5171
5.256827116012573, 5170
5.266968488693237, 5169
5.266968488693237, 5168
5.277082920074463, 5167
5.295265197753906, 5166
5.297319173812866, 5165
5.305421352386475, 5164
5.315531015396118, 5163
5.315531015396118, 5162
5.315531015396118, 5161
5.31758451461792, 5160
5.327718734741211, 5159
5.327718734741211, 5158
5.327718734741211, 5157
5.335772275924683, 5156
5.337824583053589, 5155
5.345903635025024, 5154
5.3479578495025635, 5153
5.358075857162476, 5152
5.358075857162476, 5151
5.358075857162476, 5150
5.36821436882019, 5149
5.3762712478637695, 5148
5.388457536697388, 5147
5.388457536697388, 5146
5.388457536697388, 5145
5.388457536697388, 5144
5.388457536697388, 5143
5.409112215042114, 5142
5.409112215042114, 5141
5.417177677154541, 5140
5.4192304611206055, 5139
5.4192304611206055, 5138
5.4192304611206055, 5137
5.427321434020996, 5136
5.431233167648315, 5135
5.433347940444946, 5134
5.438077211380005, 5133
5.440189599990845, 5132
5.440189599990845, 5131
5.450447082519531, 5130
5.450447082519531, 5129
5.450447082519531, 5128
5.460554838180542, 5127
5.488891363143921, 5126
5.490945100784302, 5125
5.501053810119629, 5124
5.511204719543457, 5123
5.511204719543457, 5122
5.521315097808838, 5121
5.521315097808838, 5120
5.529392719268799, 5119
5.531464099884033, 5118
5.531464099884033, 5117
5.541577577590942, 5116
5.541577577590942, 5115
5.541577577590942, 5114
5.551698923110962, 5113
5.551698923110962, 5112
5.561809301376343, 5111
5.561809301376343, 5110
5.561809301376343, 5109
5.57124662399292, 5108
5.572284698486328, 5107
5.5732855796813965, 5106
5.589284896850586, 5105
5.590284585952759, 5104
5.591284513473511, 5103
5.602663516998291, 5102
5.610739707946777, 5101
5.612807035446167, 5100
5.622921705245972, 5099
5.622921705245972, 5098
5.6431708335876465, 5097
5.6431708335876465, 5096
5.671520948410034, 5095
5.683684825897217, 5094
5.683684825897217, 5093
5.683684825897217, 5092
5.691756248474121, 5091
5.693809270858765, 5090
5.693809270858765, 5089
5.712008237838745, 5088
5.724186658859253, 5087
5.724186658859253, 5086
5.734349727630615, 5085
5.734349727630615, 5084
5.734349727630615, 5083
5.734349727630615, 5082
5.734349727630615, 5081
5.742404937744141, 5080
5.744457960128784, 5079
5.752553462982178, 5078
5.7626800537109375, 5077
5.7626800537109375, 5076
5.772799491882324, 5075
5.774853229522705, 5074
5.774853229522705, 5073
5.774853229522705, 5072
5.78496789932251, 5071
5.78496789932251, 5070
5.795109272003174, 5069
5.795109272003174, 5068
5.80521821975708, 5067
5.8153722286224365, 5066
5.8153722286224365, 5065
5.823429584503174, 5064
5.82549262046814, 5063
5.82549262046814, 5062
5.844098806381226, 5061
5.856329917907715, 5060
5.856329917907715, 5059
5.866452217102051, 5058
5.876592397689819, 5057
5.876592397689819, 5056
5.876592397689819, 5055
5.876592397689819, 5054
5.886698484420776, 5053
5.886698484420776, 5052
5.896860837936401, 5051
5.904923915863037, 5050
5.90697717666626, 5049
5.90697717666626, 5048
5.9150550365448, 5047
5.927233934402466, 5046
5.927233934402466, 5045
5.93532657623291, 5044
5.945435285568237, 5043
5.947491407394409, 5042
5.965675354003906, 5041
5.965675354003906, 5040
5.965675354003906, 5039
5.96772837638855, 5038
5.96772837638855, 5037
5.977837085723877, 5036
5.977837085723877, 5035
5.9859020709991455, 5034
5.987955093383789, 5033
5.987955093383789, 5032
5.996034860610962, 5031
6.008195161819458, 5030
6.008195161819458, 5029
6.020762205123901, 5028
6.028818607330322, 5027
6.043971061706543, 5026
6.04625940322876, 5025
6.047400712966919, 5024
6.053283452987671, 5023
6.05434250831604, 5022
6.062453985214233, 5021
6.070551872253418, 5020
6.1029205322265625, 5019
6.114560842514038, 5018
6.116521835327148, 5017
6.118559837341309, 5016
6.121562242507935, 5015
6.125560283660889, 5014
6.131815195083618, 5013
6.133871555328369, 5012
6.133871555328369, 5011
6.144028663635254, 5010
6.144028663635254, 5009
6.152088642120361, 5008
6.152088642120361, 5007
6.154132604598999, 5006
6.154141664505005, 5005
6.154141664505005, 5004
6.154141664505005, 5003
6.1743879318237305, 5002
6.182442665100098, 5001
6.184494972229004, 5000
6.204748153686523, 4999
6.235185146331787, 4998
6.235185146331787, 4997
6.235185146331787, 4996
6.235185146331787, 4995
6.243238925933838, 4994
6.245293378829956, 4993
6.245293378829956, 4992
6.255465030670166, 4991
6.255465030670166, 4990
6.255465030670166, 4989
6.255465030670166, 4988
6.26557183265686, 4987
6.26557183265686, 4986
6.283766984939575, 4985
6.295957803726196, 4984
6.306063890457153, 4983
6.316225528717041, 4982
6.316225528717041, 4981
6.316225528717041, 4980
6.316225528717041, 4979
6.336458683013916, 4978
6.346582889556885, 4977
6.346582889556885, 4976
6.35673975944519, 4975
6.35673975944519, 4974
6.35673975944519, 4973
6.35673975944519, 4972
6.366846561431885, 4971
6.366846561431885, 4970
6.395176410675049, 4969
6.395176410675049, 4968
6.405292749404907, 4967
6.407345533370972, 4966
6.425530433654785, 4965
6.4356689453125, 4964
6.447847366333008, 4963
6.455944538116455, 4962
6.455944538116455, 4961
6.4579997062683105, 4960
6.466062068939209, 4959
6.488365650177002, 4958
6.488365650177002, 4957
6.498501777648926, 4956
6.51665186882019, 4955
6.518743515014648, 4954
6.528867483139038, 4953
6.549095153808594, 4952
6.549095153808594, 4951
6.549095153808594, 4950
6.549095153808594, 4949
6.569379568099976, 4948
6.569379568099976, 4947
6.5795204639434814, 4946
6.5795204639434814, 4945
6.589648962020874, 4944
6.599837064743042, 4943
6.599837064743042, 4942
6.599837064743042, 4941
6.6099419593811035, 4940
6.6099419593811035, 4939
6.6099419593811035, 4938
6.6099419593811035, 4937
6.620466470718384, 4936
6.630574703216553, 4935
6.6440393924713135, 4934
6.6440393924713135, 4933
6.646038770675659, 4932
6.6634521484375, 4931
6.669007778167725, 4930
6.6791627407073975, 4929
6.681217908859253, 4928
6.681217908859253, 4927
6.711567640304565, 4926
6.711567640304565, 4925
6.721707344055176, 4924
6.721707344055176, 4923
6.731833457946777, 4922
6.741967439651489, 4921
6.752077341079712, 4920
6.762234449386597, 4919
6.770298480987549, 4918
6.786271810531616, 4917
6.788396835327148, 4916
6.7894463539123535, 4915
6.792611837387085, 4914
6.802887916564941, 4913
6.810938835144043, 4912
6.823111295700073, 4911
6.831172704696655, 4910
6.833236455917358, 4909
6.843371152877808, 4908
6.843371152877808, 4907
6.843371152877808, 4906
6.851424932479858, 4905
6.853474855422974, 4904
6.853474855422974, 4903
6.853474855422974, 4902
6.863633871078491, 4901
6.871686935424805, 4900
6.8838701248168945, 4899
6.893983840942383, 4898
6.914208889007568, 4897
6.914208889007568, 4896
6.914208889007568, 4895
6.924343109130859, 4894
6.924343109130859, 4893
6.934450387954712, 4892
6.954693078994751, 4891
6.954693078994751, 4890
6.964837551116943, 4889
6.974946975708008, 4888
6.9830322265625, 4887
6.985057353973389, 4886
6.995150804519653, 4885
6.995150804519653, 4884
6.995150804519653, 4883
6.995150804519653, 4882
6.995150804519653, 4881
7.005306720733643, 4880
7.013363838195801, 4879
7.013363838195801, 4878
7.025548934936523, 4877
7.033609628677368, 4876
7.035675525665283, 4875
7.0437541007995605, 4874
7.055973291397095, 4873
7.055973291397095, 4872
7.066148996353149, 4871
7.066148996353149, 4870
7.0762553215026855, 4869
7.0762553215026855, 4868
7.0762553215026855, 4867
7.0762553215026855, 4866
7.1167638301849365, 4865
7.137015104293823, 4864
7.137015104293823, 4863
7.145095109939575, 4862
7.1471545696258545, 4861
7.1471545696258545, 4860
7.1471545696258545, 4859
7.168849229812622, 4858
7.183991432189941, 4857
7.194989919662476, 4856
7.196690082550049, 4855
7.198246240615845, 4854
7.206303596496582, 4853
7.208357810974121, 4852
7.208357810974121, 4851
7.2265448570251465, 4850
7.236648082733154, 4849
7.2391698360443115, 4848
7.2391698360443115, 4847
7.2391698360443115, 4846
7.249301433563232, 4845
7.259427309036255, 4844
7.267483472824097, 4843
7.269536733627319, 4842
7.299941301345825, 4841
7.299941301345825, 4840
7.308007717132568, 4839
7.310061931610107, 4838
7.34042763710022, 4837
7.3484814167022705, 4836
7.350534677505493, 4835
7.350534677505493, 4834
7.350534677505493, 4833
7.368718862533569, 4832
7.368718862533569, 4831
7.370778799057007, 4830
7.380934238433838, 4829
7.391039848327637, 4828
7.401155948638916, 4827
7.421370983123779, 4826
7.421370983123779, 4825
7.429438829421997, 4824
7.429438829421997, 4823
7.431493759155273, 4822
7.431493759155273, 4821
7.451919794082642, 4820
7.451919794082642, 4819
7.462066173553467, 4818
7.472174406051636, 4817
7.482284069061279, 4816
7.492399215698242, 4815
7.492399215698242, 4814
7.492399215698242, 4813
7.500473737716675, 4812
7.502528667449951, 4811
7.510543584823608, 4810
7.51392126083374, 4809
7.524066925048828, 4808
7.534185886383057, 4807
7.544316530227661, 4806
7.552379131317139, 4805
7.554431200027466, 4804
7.572616338729858, 4803
7.572616338729858, 4802
7.574671983718872, 4801
7.594966173171997, 4800
7.594966173171997, 4799
7.613161325454712, 4798
7.615215063095093, 4797
7.615215063095093, 4796
7.655701398849487, 4795
7.655701398849487, 4794
7.655701398849487, 4793
7.665848016738892, 4792
7.665848016738892, 4791
7.665848016738892, 4790
7.665848016738892, 4789
7.675955533981323, 4788
7.6941962242126465, 4787
7.696259498596191, 4786
7.696259498596191, 4785
7.70470666885376, 4784
7.70470666885376, 4783
7.716747522354126, 4782
7.729863405227661, 4781
7.729863405227661, 4780
7.736976861953735, 4779
7.757233381271362, 4778
7.757233381271362, 4777
7.767360687255859, 4776
7.767360687255859, 4775
7.767360687255859, 4774
7.775413751602173, 4773
7.785578966140747, 4772
7.797750473022461, 4771
7.797750473022461, 4770
7.797750473022461, 4769
7.828153133392334, 4768
7.828153133392334, 4767
7.828153133392334, 4766
7.836210012435913, 4765
7.858901739120483, 4764
7.866986513137817, 4763
7.879158973693848, 4762
7.899425029754639, 4761
7.909578323364258, 4760
7.917640686035156, 4759
7.9196929931640625, 4758
7.9196929931640625, 4757
7.927757263183594, 4756
7.927757263183594, 4755
7.929810523986816, 4754
7.939927339553833, 4753
7.950052499771118, 4752
7.958107948303223, 4751
7.960163593292236, 4750
7.960163593292236, 4749
7.960163593292236, 4748
7.960163593292236, 4747
7.970298528671265, 4746
7.978352069854736, 4745
7.980404853820801, 4744
7.980404853820801, 4743
7.988515138626099, 4742
7.998645067214966, 4741
8.010831117630005, 4740
8.018894672393799, 4739
8.020949363708496, 4738
8.020949363708496, 4737
8.029051780700684, 4736
8.031106948852539, 4735
8.039161920547485, 4734
8.04121470451355, 4733
8.059399843215942, 4732
8.071590423583984, 4731
8.071590423583984, 4730
8.079644441604614, 4729
8.079644441604614, 4728
8.08169674873352, 4727
8.091866970062256, 4726
8.091866970062256, 4725
8.10197401046753, 4724
8.112101078033447, 4723
8.140404462814331, 4722
8.172883987426758, 4721
8.180949449539185, 4720
8.180949449539185, 4719
8.18300175666809, 4718
8.20327377319336, 4717
8.213419914245605, 4716
8.223531484603882, 4715
8.246063709259033, 4714
8.25607681274414, 4713
8.261066436767578, 4712
8.265068292617798, 4711
8.272131443023682, 4710
8.292378664016724, 4709
8.294431447982788, 4708
8.304585456848145, 4707
8.304585456848145, 4706
8.304585456848145, 4705
8.314693927764893, 4704
8.322800874710083, 4703
8.334973573684692, 4702
8.334973573684692, 4701
8.345091104507446, 4700
8.355201482772827, 4699
8.365327596664429, 4698
8.393632888793945, 4697
8.395685911178589, 4696
8.395685911178589, 4695
8.395685911178589, 4694
8.395685911178589, 4693
8.395685911178589, 4692
8.403758764266968, 4691
8.403758764266968, 4690
8.405813932418823, 4689
8.405813932418823, 4688
8.405813932418823, 4687
8.426064729690552, 4686
8.436175346374512, 4685
8.436175346374512, 4684
8.446318626403809, 4683
8.464474201202393, 4682
8.469009399414062, 4681
8.469009399414062, 4680
8.469009399414062, 4679
8.499369382858276, 4678
8.517585277557373, 4677
8.519644260406494, 4676
8.537846803665161, 4675
8.539900541305542, 4674
8.547959327697754, 4673
8.560132265090942, 4672
8.570266723632812, 4671
8.570266723632812, 4670
8.570266723632812, 4669
8.570266723632812, 4668
8.580379486083984, 4667
8.588446855545044, 4666
8.610782623291016, 4665
8.610782623291016, 4664
8.610782623291016, 4663
8.62088918685913, 4662
8.62088918685913, 4661
8.631025791168213, 4660
8.631025791168213, 4659
8.649224996566772, 4658
8.661393880844116, 4657
8.67154049873352, 4656
8.699856758117676, 4655
8.70191240310669, 4654
8.70191240310669, 4653
8.70191240310669, 4652
8.70191240310669, 4651
8.74241590499878, 4650
8.755051612854004, 4649
8.763014554977417, 4648
8.773054122924805, 4647
8.793334722518921, 4646
8.801403999328613, 4645
8.811535120010376, 4644
8.813590288162231, 4643
8.813590288162231, 4642
8.813590288162231, 4641
8.813590288162231, 4640
8.843998908996582, 4639
8.864267110824585, 4638
8.872328042984009, 4637
8.872328042984009, 4636
8.892550468444824, 4635
8.892550468444824, 4634
8.904752731323242, 4633
8.904752731323242, 4632
8.935167789459229, 4631
8.985780239105225, 4630
9.006028652191162, 4629
9.02629804611206, 4628
9.044492244720459, 4627
9.046555280685425, 4626
9.046555280685425, 4625
9.056662559509277, 4624
9.067203283309937, 4623
9.067203283309937, 4622
9.077317237854004, 4621
9.077317237854004, 4620
9.107872009277344, 4619
9.11799168586731, 4618
9.11799168586731, 4617
9.11799168586731, 4616
9.128143072128296, 4615
9.128143072128296, 4614
9.136168718338013, 4613
9.138223648071289, 4612
9.146304607391357, 4611
9.178704023361206, 4610
9.178704023361206, 4609
9.188827753067017, 4608
9.196890830993652, 4607
9.198947191238403, 4606
9.198947191238403, 4605
9.227280616760254, 4604
9.227280616760254, 4603
9.237423181533813, 4602
9.23947787284851, 4601
9.249614953994751, 4600
9.259731531143188, 4599
9.269838571548462, 4598
9.279946088790894, 4597
9.295538663864136, 4596
9.300536155700684, 4595
9.312797784805298, 4594
9.312797784805298, 4593
9.320931434631348, 4592
9.331106424331665, 4591
9.331106424331665, 4590
9.341217279434204, 4589
9.361480712890625, 4588
9.37162470817566, 4587
9.401967763900757, 4586
9.401967763900757, 4585
9.452661514282227, 4584
9.483035326004028, 4583
9.483035326004028, 4582
9.525622129440308, 4581
9.533801078796387, 4580
9.554073572158813, 4579
9.564199209213257, 4578
9.574336767196655, 4577
9.59253454208374, 4576
9.604695081710815, 4575
9.604695081710815, 4574
9.614843130111694, 4573
9.624957799911499, 4572
9.624957799911499, 4571
9.655364036560059, 4570
9.673532247543335, 4569
9.694200277328491, 4568
9.704309463500977, 4567
9.70637059211731, 4566
9.716495513916016, 4565
9.716495513916016, 4564
9.757011651992798, 4563
9.757011651992798, 4562
9.76507830619812, 4561
9.767139911651611, 4560
9.785331964492798, 4559
9.816142320632935, 4558
9.816142320632935, 4557
9.823196649551392, 4556
9.829185247421265, 4555
9.830335855484009, 4554
9.837337255477905, 4553
9.858683347702026, 4552
9.858683347702026, 4551
9.88907790184021, 4550
9.907470226287842, 4549
9.911583185195923, 4548
9.911583185195923, 4547
9.917648315429688, 4546
9.919700384140015, 4545
9.929828882217407, 4544
9.937881708145142, 4543
9.939934968948364, 4542
9.950082540512085, 4541
9.950082540512085, 4540
9.960192203521729, 4539
9.970319032669067, 4538
9.970319032669067, 4537
10.000682353973389, 4536
10.039116382598877, 4535
10.041170120239258, 4534
10.051316976547241, 4533
10.051316976547241, 4532
10.061432600021362, 4531
10.069510221481323, 4530
10.07156753540039, 4529
10.081680536270142, 4528
10.081680536270142, 4527
10.081680536270142, 4526
10.089736700057983, 4525
10.099853038787842, 4524
10.101902961730957, 4523
10.11207365989685, 4522
10.132309436798096, 4521
10.132309436798096, 4520
10.162691593170166, 4519
10.18088698387146, 4518
10.182941198348999, 4517
10.19309663772583, 4516
10.19309663772583, 4515
10.213319540023804, 4514
10.213319540023804, 4513
10.223429918289185, 4512
10.233571529388428, 4511
10.24367880821228, 4510
10.26395869255066, 4509
10.292223453521729, 4508
10.314936399459839, 4507
10.327102184295654, 4506
10.34892463684082, 4505
10.350926160812378, 4504
10.355924606323242, 4503
10.378286123275757, 4502
10.378286123275757, 4501
10.398521423339844, 4500
10.406574964523315, 4499
10.416705131530762, 4498
10.428872108459473, 4497
10.439016103744507, 4496
10.459262371063232, 4495
10.459262371063232, 4494
10.469369173049927, 4493
10.469369173049927, 4492
10.47950792312622, 4491
10.47950792312622, 4490
10.47950792312622, 4489
10.590945959091187, 4488
10.599018335342407, 4487
10.601072072982788, 4486
10.631434440612793, 4485
10.631434440612793, 4484
10.641562700271606, 4483
10.649618864059448, 4482
10.68208909034729, 4481
10.732701778411865, 4480
10.763066291809082, 4479
10.77317214012146, 4478
10.783324241638184, 4477
10.783324241638184, 4476
10.81367540359497, 4475
10.823797225952148, 4474
10.833908557891846, 4473
10.833908557891846, 4472
10.844051122665405, 4471
10.864315509796143, 4470
10.872369050979614, 4469
10.896299123764038, 4468
10.915488481521606, 4467
10.915488481521606, 4466
10.92370867729187, 4465
10.964203596115112, 4464
10.976383209228516, 4463
10.986489057540894, 4462
11.004698991775513, 4461
11.006751775741577, 4460
11.006751775741577, 4459
11.006751775741577, 4458
11.016881704330444, 4457
11.024934530258179, 4456
11.024934530258179, 4455
11.026995658874512, 4454
11.035075426101685, 4453
11.035075426101685, 4452
11.037129402160645, 4451
11.037129402160645, 4450
11.04723858833313, 4449
11.04723858833313, 4448
11.057365417480469, 4447
11.057365417480469, 4446
11.067474603652954, 4445
11.08772325515747, 4444
11.116087198257446, 4443
11.138389587402344, 4442
11.138389587402344, 4441
11.158640623092651, 4440
11.166698932647705, 4439
11.168752193450928, 4438
11.209696769714355, 4437
11.217769861221313, 4436
11.219825506210327, 4435
11.229931592941284, 4434
11.26837420463562, 4433
11.280582666397095, 4432
11.321078538894653, 4431
11.321078538894653, 4430
11.361595153808594, 4429
11.38181734085083, 4428
11.405586004257202, 4427
11.418581008911133, 4426
11.42158055305481, 4425
11.430516958236694, 4424
11.452816486358643, 4423
11.452816486358643, 4422
11.460870027542114, 4421
11.483181715011597, 4420
11.503434896469116, 4419
11.524092435836792, 4418
11.554461002349854, 4417
11.572645664215088, 4416
11.574699401855469, 4415
11.594913721084595, 4414
11.594913721084595, 4413
11.613128423690796, 4412
11.635447263717651, 4411
11.643504619598389, 4410
11.683997631072998, 4409
11.777276277542114, 4408
11.797521591186523, 4407
11.815737962722778, 4406
11.856224298477173, 4405
11.87646198272705, 4404
11.8886239528656, 4403
11.898759603500366, 4402
11.90886902809143, 4401
11.91900634765625, 4400
11.92911982536316, 4399
11.94770884513855, 4398
11.956711292266846, 4397
11.967696905136108, 4396
12.000137567520142, 4395
12.010244131088257, 4394
12.020403146743774, 4393
12.020403146743774, 4392
12.04063630104065, 4391
12.04063630104065, 4390
12.060885906219482, 4389
12.060885906219482, 4388
12.10137152671814, 4387
12.10137152671814, 4386
12.111486911773682, 4385
12.111486911773682, 4384
12.122040748596191, 4383
12.132149934768677, 4382
12.142283201217651, 4381
12.142283201217651, 4380
12.172651529312134, 4379
12.18278169631958, 4378
12.18278169631958, 4377
12.18278169631958, 4376
12.190837144851685, 4375
12.192899942398071, 4374
12.192899942398071, 4373
12.24416732788086, 4372
12.249430894851685, 4371
12.282073020935059, 4370
12.292081594467163, 4369
12.292081594467163, 4368
12.307718753814697, 4367
12.307718753814697, 4366
12.323345422744751, 4365
12.323345422744751, 4364
12.370219707489014, 4363
12.385844230651855, 4362
12.39235258102417, 4361
12.407992362976074, 4360
12.45824384689331, 4359
12.468285322189331, 4358
12.476284265518188, 4357
12.492738485336304, 4356
12.492738485336304, 4355
12.492738485336304, 4354
12.53966212272644, 4353
12.53966212272644, 4352
12.555286407470703, 4351
12.605563640594482, 4350
12.605563640594482, 4349
12.636364936828613, 4348
12.656885385513306, 4347
12.656885385513306, 4346
12.66497540473938, 4345
12.66711950302124, 4344
12.718325853347778, 4343
12.749384641647339, 4342
12.76989459991455, 4341
12.810941219329834, 4340
12.810941219329834, 4339
12.872518539428711, 4338
12.872518539428711, 4337
12.872518539428711, 4336
12.882803678512573, 4335
12.913552284240723, 4334
12.92384123802185, 4333
12.934070110321045, 4332
12.95242977142334, 4331
12.964861631393433, 4330
12.964861631393433, 4329
12.985379457473755, 4328
12.996767044067383, 4327
13.01611065864563, 4326
13.01611065864563, 4325
13.026390314102173, 4324
13.036624193191528, 4323
13.046903848648071, 4322
13.054983377456665, 4321
13.067415237426758, 4320
13.067415237426758, 4319
13.077660083770752, 4318
13.077660083770752, 4317
13.077660083770752, 4316
13.098161220550537, 4315
13.108447074890137, 4314
13.108447074890137, 4313
13.220810890197754, 4312
13.28166675567627, 4311
13.28166675567627, 4310
13.352995157241821, 4309
13.393475770950317, 4308
13.413762331008911, 4307
13.423905611038208, 4306
13.434037208557129, 4305
13.472488403320312, 4304
13.535578727722168, 4303
13.545682907104492, 4302
13.563887357711792, 4301
13.624637603759766, 4300
13.626702547073364, 4299
13.657116651535034, 4298
13.657116651535034, 4297
13.677363157272339, 4296
13.717899799346924, 4295
13.829427480697632, 4294
13.849704265594482, 4293
13.869990110397339, 4292
13.869990110397339, 4291
13.880130052566528, 4290
13.89026427268982, 4289
13.91052508354187, 4288
13.930793285369873, 4287
13.951058149337769, 4286
14.002092838287354, 4285
14.022377490997314, 4284
14.022377490997314, 4283
14.064320087432861, 4282
14.064320087432861, 4281
14.104935884475708, 4280
14.106935739517212, 4279
14.144577503204346, 4278
14.20530080795288, 4277
14.215439081192017, 4276
14.215439081192017, 4275
14.223493337631226, 4274
14.235660791397095, 4273
14.235660791397095, 4272
14.276118516921997, 4271
14.326695919036865, 4270
14.326695919036865, 4269
14.407759428024292, 4268
14.438154935836792, 4267
14.509093761444092, 4266
14.517179727554321, 4265
14.549670219421387, 4264
14.549670219421387, 4263
14.559828996658325, 4262
14.582492351531982, 4261
14.651462316513062, 4260
14.661749601364136, 4259
14.67198133468628, 4258
14.702837944030762, 4257
14.754124879837036, 4256
14.79298448562622, 4255
14.82377552986145, 4254
14.836072206497192, 4253
14.836072206497192, 4252
14.856348276138306, 4251
14.856348276138306, 4250
14.925430059432983, 4249
14.927495002746582, 4248
15.028821468353271, 4247
15.036871194839478, 4246
15.038935661315918, 4245
15.049062013626099, 4244
15.079470157623291, 4243
15.079470157623291, 4242
15.092057943344116, 4241
15.151047945022583, 4240
15.17134404182434, 4239
15.222333669662476, 4238
15.272942781448364, 4237
15.272942781448364, 4236
15.303304195404053, 4235
15.33370566368103, 4234
15.364086627960205, 4233
15.372164964675903, 4232
15.374231338500977, 4231
15.384366512298584, 4230
15.394464254379272, 4229
15.443095922470093, 4228
15.445163488388062, 4227
15.463347673416138, 4226
15.465420722961426, 4225
15.465420722961426, 4224
15.516141176223755, 4223
15.554468631744385, 4222
15.556491136550903, 4221
15.566514015197754, 4220
15.658705234527588, 4219
15.696201801300049, 4218
15.708373546600342, 4217
15.787303686141968, 4216
15.79990530014038, 4215
15.891024827957153, 4214
15.921425342559814, 4213
15.969950437545776, 4212
15.982157707214355, 4211
15.982157707214355, 4210
15.982157707214355, 4209
15.982157707214355, 4208
15.982157707214355, 4207
16.040847778320312, 4206
16.0732741355896, 4205
16.084046602249146, 4204
16.09568428993225, 4203
16.134165287017822, 4202
16.174651384353638, 4201
16.190226554870605, 4200
16.195223569869995, 4199
16.20222306251526, 4198
16.24559235572815, 4197
16.263770818710327, 4196
16.354689836502075, 4195
16.415422916412354, 4194
16.448267698287964, 4193
16.45842218399048, 4192
16.488789319992065, 4191
16.50696635246277, 4190
16.50903010368347, 4189
16.630550384521484, 4188
16.640687465667725, 4187
16.67104744911194, 4186
16.7322518825531, 4185
16.742379903793335, 4184
16.780816316604614, 4183
16.863890647888184, 4182
16.90233850479126, 4181
16.90233850479126, 4180
16.924691438674927, 4179
16.944958448410034, 4178
17.036445379257202, 4177
17.05668330192566, 4176
17.06681180000305, 4175
17.105300188064575, 4174
17.168076992034912, 4173
17.198474645614624, 4172
17.218720197677612, 4171
17.573243618011475, 4170
17.71543550491333, 4169
17.71543550491333, 4168
17.867554903030396, 4167
17.918206930160522, 4166
17.928319931030273, 4165
17.966737985610962, 4164
18.029529571533203, 4163
18.08960723876953, 4162
18.182854413986206, 4161
18.192965745925903, 4160
18.223376274108887, 4159
18.223376274108887, 4158
18.231439113616943, 4157
18.23348903656006, 4156
18.264296770095825, 4155
18.30421543121338, 4154
18.323219060897827, 4153
18.32730269432068, 4152
18.345558166503906, 4151
18.345558166503906, 4150
18.3556649684906, 4149
18.37385082244873, 4148
18.383989572525024, 4147
18.40625500679016, 4146
18.527811527252197, 4145
18.588606119155884, 4144
18.627037048339844, 4143
18.639201402664185, 4142
18.68785834312439, 4141
18.70007562637329, 4140
18.821617126464844, 4139
18.833258152008057, 4138
18.951919078826904, 4137
19.17679190635681, 4136
19.278103590011597, 4135
19.31859827041626, 4134
19.32871103286743, 4133
19.460689783096313, 4132
19.531983852386475, 4131
19.552213668823242, 4130
19.65347695350647, 4129
19.66359519958496, 4128
19.70413899421692, 4127
19.722327709197998, 4126
19.724393606185913, 4125
19.754732131958008, 4124
19.785147428512573, 4123
19.916945219039917, 4122
20.01815629005432, 4121
20.028315782546997, 4120
20.03842782974243, 4119
20.048550128936768, 4118
20.058663845062256, 4117
20.07887601852417, 4116
20.07887601852417, 4115
20.251436948776245, 4114
20.261542797088623, 4113
20.312154531478882, 4112
20.36276936531067, 4111
20.464417219161987, 4110
20.494811534881592, 4109
20.54547953605652, 4108
20.555590867996216, 4107
20.565733671188354, 4106
20.656858205795288, 4105
20.666996240615845, 4104
20.69738268852234, 4103
20.69738268852234, 4102
20.75052571296692, 4101
20.77075457572937, 4100
20.77075457572937, 4099
21.044479370117188, 4098
21.08496928215027, 4097
21.166109561920166, 4096
21.176244735717773, 4095
21.267389059066772, 4094
21.28557300567627, 4093
21.45190691947937, 4092
21.462074518203735, 4091
21.462074518203735, 4090
21.472193717956543, 4089
21.60395908355713, 4088
21.6950900554657, 4087
21.74572229385376, 4086
21.84726881980896, 4085
21.938814401626587, 4084
22.02635622024536, 4083
22.029967546463013, 4082
22.100839138031006, 4081
22.121081352233887, 4080
22.202044248580933, 4079
22.789464950561523, 4078
22.890652179718018, 4077
22.921056985855103, 4076
23.03235936164856, 4075
23.03235936164856, 4074
23.052604913711548, 4073
23.205196142196655, 4072
23.225437879562378, 4071
23.286184310913086, 4070
23.346954107284546, 4069
23.478673696517944, 4068
23.54747700691223, 4067
23.567732572555542, 4066
23.64877223968506, 4065
23.681211233139038, 4064
23.701452255249023, 4063
23.81124782562256, 4062
23.823407649993896, 4061
23.894280672073364, 4060
23.904399871826172, 4059
24.086674451828003, 4058
24.18813943862915, 4057
24.2083957195282, 4056
24.218546867370605, 4055
24.319858074188232, 4054
24.36031222343445, 4053
24.53290033340454, 4052
24.65235185623169, 4051
24.867239713668823, 4050
24.897668838500977, 4049
24.897668838500977, 4048
25.283400535583496, 4047
25.32386827468872, 4046
25.3441059589386, 4045
25.524282693862915, 4044
25.56685709953308, 4043
25.597259521484375, 4042
25.83266544342041, 4041
26.075716972351074, 4040
26.144508361816406, 4039
26.164774656295776, 4038
26.16683006286621, 4037
26.37056279182434, 4036
26.42126488685608, 4035
26.502246379852295, 4034
26.560896635055542, 4033
26.765488862991333, 4032
26.816535711288452, 4031
27.153086185455322, 4030
27.274613618850708, 4029
27.29281711578369, 4028
27.294872522354126, 4027
27.35395097732544, 4026
27.437022924423218, 4025
27.922072172164917, 4024
27.942317247390747, 4023
28.09660577774048, 4022
28.60818099975586, 4021
28.784183740615845, 4020
28.835540056228638, 4019
28.91723942756653, 4018
28.997164964675903, 4017
29.040384531021118, 4016
29.307357788085938, 4015
29.573915719985962, 4014
29.768725395202637, 4013
29.93326759338379, 4012
29.93326759338379, 4011
30.025584936141968, 4010
30.025584936141968, 4009
30.025584936141968, 4008
30.138243675231934, 4007
30.14861822128296, 4006
30.251163482666016, 4005
30.47455883026123, 4004
30.589686155319214, 4003
30.73326301574707, 4002
30.77425789833069, 4001
30.866554021835327, 4000
30.88714575767517, 3999
30.97945547103882, 3998
31.164132356643677, 3997
31.69765615463257, 3996
31.831311464309692, 3995
31.954357624053955, 3994
32.07756757736206, 3993
32.1594455242157, 3992
32.25982093811035, 3991
32.405731201171875, 3990
32.99079084396362, 3989
33.370492696762085, 3988
33.50386571884155, 3987
33.60662579536438, 3986
33.69017481803894, 3985
33.85277009010315, 3984
33.93480110168457, 3983
34.06817555427551, 3982
34.220972776412964, 3981
34.314371824264526, 3980
34.59135031700134, 3979
34.59135031700134, 3978
34.806389570236206, 3977
35.13511395454407, 3976
35.15568923950195, 3975
35.3710663318634, 3974
35.45351958274841, 3973
36.06962060928345, 3972
36.35617637634277, 3971
36.885828495025635, 3970
37.20727062225342, 3969
37.27602410316467, 3968
38.254932165145874, 3967
38.37636876106262, 3966
38.47590446472168, 3965
39.32960891723633, 3964
39.420758962631226, 3963
39.805949211120605, 3962
40.05530667304993, 3961
41.19767928123474, 3960
41.4386248588562, 3959
42.46822452545166, 3958
42.827451944351196, 3957
44.07607579231262, 3956
44.21787405014038, 3955
44.481690406799316, 3954
45.297425746917725, 3953
45.725942611694336, 3952
46.589603424072266, 3951
47.01847696304321, 3950
48.65067648887634, 3949
50.61671757698059, 3948
50.88045787811279, 3947
51.44909143447876, 3946
53.027687072753906, 3945
53.87912583351135, 3944
55.66522288322449, 3943
56.05488181114197, 3942
57.85766339302063, 3941
60.16147828102112, 3940
61.50861859321594, 3939
61.966867208480835, 3938
63.01121687889099, 3937
63.54849195480347, 3936
64.49236726760864, 3935
69.89010810852051, 3934
73.68613052368164, 3933
74.00222897529602, 3932
77.10490584373474, 3931
82.32835602760315, 3930
84.13515877723694, 3929
86.65265226364136, 3928
87.841304063797, 3927
