0.1240241527557373, 7610
0.1240241527557373, 7609
0.12818455696105957, 7608
0.12818455696105957, 7607
0.132124662399292, 7606
0.132124662399292, 7605
0.1402111053466797, 7604
0.1402111053466797, 7603
0.14418554306030273, 7602
0.14418554306030273, 7601
0.14818549156188965, 7600
0.14818549156188965, 7599
0.14818549156188965, 7598
0.15231108665466309, 7597
0.15231108665466309, 7596
0.15625643730163574, 7595
0.15625643730163574, 7594
0.1602497100830078, 7593
0.1602497100830078, 7592
0.16432690620422363, 7591
0.16432690620422363, 7590
0.16432690620422363, 7589
0.16831326484680176, 7588
0.16831326484680176, 7587
0.1723191738128662, 7586
0.1723191738128662, 7585
0.1723191738128662, 7584
0.18438315391540527, 7583
0.18851065635681152, 7582
0.18851065635681152, 7581
0.19243931770324707, 7580
0.19243931770324707, 7579
0.19243931770324707, 7578
0.19644498825073242, 7577
0.19644498825073242, 7576
0.20055937767028809, 7575
0.20055937767028809, 7574
0.2044997215270996, 7573
0.2044997215270996, 7572
0.2044997215270996, 7571
0.20850014686584473, 7570
0.20850014686584473, 7569
0.2125692367553711, 7568
0.2125692367553711, 7567
0.21656131744384766, 7566
0.21656131744384766, 7565
0.22057318687438965, 7564
0.22057318687438965, 7563
0.2246842384338379, 7562
0.2246842384338379, 7561
0.22862648963928223, 7560
0.22862648963928223, 7559
0.22862648963928223, 7558
0.23262572288513184, 7557
0.23262572288513184, 7556
0.23676037788391113, 7555
0.23676037788391113, 7554
0.23676037788391113, 7553
0.24068927764892578, 7552
0.24068927764892578, 7551
0.2446897029876709, 7550
0.2446897029876709, 7549
0.24869585037231445, 7548
0.24882245063781738, 7547
0.2527632713317871, 7546
0.2527632713317871, 7545
0.2567570209503174, 7544
0.2567570209503174, 7543
0.26208066940307617, 7542
0.2632603645324707, 7541
0.26550889015197754, 7540
0.2667958736419678, 7539
0.2689340114593506, 7538
0.2701404094696045, 7537
0.27250242233276367, 7536
0.27368903160095215, 7535
0.2747631072998047, 7534
0.2788059711456299, 7533
0.2788059711456299, 7532
0.2788059711456299, 7531
0.2828080654144287, 7530
0.2828080654144287, 7529
0.28692197799682617, 7528
0.28692197799682617, 7527
0.2908627986907959, 7526
0.2908627986907959, 7525
0.29482388496398926, 7524
0.29482388496398926, 7523
0.298964262008667, 7522
0.298964262008667, 7521
0.298964262008667, 7520
0.3029327392578125, 7519
0.3089888095855713, 7518
0.3089888095855713, 7517
0.3129260540008545, 7516
0.3129260540008545, 7515
0.3129260540008545, 7514
0.31693387031555176, 7513
0.31693387031555176, 7512
0.32105088233947754, 7511
0.32105088233947754, 7510
0.32495737075805664, 7509
0.32495737075805664, 7508
0.32898950576782227, 7507
0.3310871124267578, 7506
0.3310871124267578, 7505
0.3310871124267578, 7504
0.33506274223327637, 7503
0.33506274223327637, 7502
0.3390238285064697, 7501
0.3390238285064697, 7500
0.3431992530822754, 7499
0.3431992530822754, 7498
0.3470938205718994, 7497
0.3470938205718994, 7496
0.3470938205718994, 7495
0.3511340618133545, 7494
0.3511340618133545, 7493
0.35515451431274414, 7492
0.35515451431274414, 7491
0.35916805267333984, 7490
0.35916805267333984, 7489
0.36312413215637207, 7488
0.36312413215637207, 7487
0.36728405952453613, 7486
0.36728405952453613, 7485
0.37119007110595703, 7484
0.37119007110595703, 7483
0.37523317337036133, 7482
0.37523317337036133, 7481
0.3792850971221924, 7480
0.3792850971221924, 7479
0.3792850971221924, 7478
0.38329410552978516, 7477
0.38329410552978516, 7476
0.38729119300842285, 7475
0.38729119300842285, 7474
0.39134740829467773, 7473
0.39134740829467773, 7472
0.3953251838684082, 7471
0.3953251838684082, 7470
0.3993217945098877, 7469
0.3993217945098877, 7468
0.40344834327697754, 7467
0.40344834327697754, 7466
0.40344834327697754, 7465
0.4073503017425537, 7464
0.4073503017425537, 7463
0.4113931655883789, 7462
0.4113931655883789, 7461
0.4155094623565674, 7460
0.4155094623565674, 7459
0.4194486141204834, 7458
0.4194486141204834, 7457
0.4194486141204834, 7456
0.42586231231689453, 7455
0.4298419952392578, 7454
0.4298419952392578, 7453
0.43387556076049805, 7452
0.43387556076049805, 7451
0.43387556076049805, 7450
0.43787193298339844, 7449
0.43787193298339844, 7448
0.44184088706970215, 7447
0.44184088706970215, 7446
0.44587206840515137, 7445
0.44587206840515137, 7444
0.44587206840515137, 7443
0.4499187469482422, 7442
0.4539356231689453, 7441
0.4539356231689453, 7440
0.4579033851623535, 7439
0.4579033851623535, 7438
0.46199607849121094, 7437
0.4660007953643799, 7436
0.4660007953643799, 7435
0.4699997901916504, 7434
0.4699997901916504, 7433
0.47401952743530273, 7432
0.478029727935791, 7431
0.478029727935791, 7430
0.48203229904174805, 7429
0.48203229904174805, 7428
0.4861481189727783, 7427
0.49009060859680176, 7426
0.49009060859680176, 7425
0.49009060859680176, 7424
0.494091272354126, 7423
0.49820995330810547, 7422
0.49820995330810547, 7421
0.49820995330810547, 7420
0.5021500587463379, 7419
0.5021500587463379, 7418
0.5061516761779785, 7417
0.5061516761779785, 7416
0.5142102241516113, 7415
0.5142102241516113, 7414
0.5182130336761475, 7413
0.5222642421722412, 7412
0.5222642421722412, 7411
0.5262339115142822, 7410
0.5262339115142822, 7409
0.5302708148956299, 7408
0.5302708148956299, 7407
0.5342769622802734, 7406
0.5344033241271973, 7405
0.5344033241271973, 7404
0.538332462310791, 7403
0.538332462310791, 7402
0.5423331260681152, 7401
0.546450138092041, 7400
0.5503923892974854, 7399
0.5544042587280273, 7398
0.5544042587280273, 7397
0.5585262775421143, 7396
0.5624594688415527, 7395
0.5624594688415527, 7394
0.5664584636688232, 7393
0.5664584636688232, 7392
0.5706043243408203, 7391
0.5706043243408203, 7390
0.5745184421539307, 7389
0.57853102684021, 7388
0.582636833190918, 7387
0.5865774154663086, 7386
0.5865774154663086, 7385
0.5905790328979492, 7384
0.593163251876831, 7383
0.5971121788024902, 7382
0.6011106967926025, 7381
0.6011106967926025, 7380
0.605111837387085, 7379
0.605111837387085, 7378
0.6130707263946533, 7377
0.6130707263946533, 7376
0.6130707263946533, 7375
0.6170706748962402, 7374
0.6170706748962402, 7373
0.6210696697235107, 7372
0.6210696697235107, 7371
0.6250734329223633, 7370
0.6290702819824219, 7369
0.6290702819824219, 7368
0.6330709457397461, 7367
0.6330709457397461, 7366
0.6370687484741211, 7365
0.6370687484741211, 7364
0.6410739421844482, 7363
0.6450715065002441, 7362
0.6450715065002441, 7361
0.6490700244903564, 7360
0.6490700244903564, 7359
0.6530702114105225, 7358
0.6530702114105225, 7357
0.6570701599121094, 7356
0.6570701599121094, 7355
0.6610832214355469, 7354
0.6650733947753906, 7353
0.6650733947753906, 7352
0.6690707206726074, 7351
0.6690707206726074, 7350
0.6730697154998779, 7349
0.6770846843719482, 7348
0.6810731887817383, 7347
0.6850707530975342, 7346
0.6890699863433838, 7345
0.6931023597717285, 7344
0.6970856189727783, 7343
0.7010760307312012, 7342
0.7010760307312012, 7341
0.7051098346710205, 7340
0.7090990543365479, 7339
0.7130780220031738, 7338
0.7130780220031738, 7337
0.7171101570129395, 7336
0.7171101570129395, 7335
0.7171101570129395, 7334
0.7211098670959473, 7333
0.7211098670959473, 7332
0.7290854454040527, 7331
0.7331235408782959, 7330
0.7331235408782959, 7329
0.7331235408782959, 7328
0.7371132373809814, 7327
0.7371132373809814, 7326
0.7451121807098389, 7325
0.7490715980529785, 7324
0.7490715980529785, 7323
0.7530696392059326, 7322
0.7530696392059326, 7321
0.7570714950561523, 7320
0.7570714950561523, 7319
0.761117696762085, 7318
0.7650713920593262, 7317
0.7650713920593262, 7316
0.7690701484680176, 7315
0.7810711860656738, 7314
0.7810711860656738, 7313
0.7850701808929443, 7312
0.7850701808929443, 7311
0.7850701808929443, 7310
0.789069652557373, 7309
0.789069652557373, 7308
0.7930908203125, 7307
0.7970738410949707, 7306
0.8010704517364502, 7305
0.8130695819854736, 7304
0.8170697689056396, 7303
0.8210697174072266, 7302
0.8210697174072266, 7301
0.8250703811645508, 7300
0.8290696144104004, 7299
0.8330702781677246, 7298
0.8330702781677246, 7297
0.8370699882507324, 7296
0.8370699882507324, 7295
0.8410706520080566, 7294
0.8450734615325928, 7293
0.8450734615325928, 7292
0.8490695953369141, 7291
0.8490695953369141, 7290
0.8530693054199219, 7289
0.8530693054199219, 7288
0.8650712966918945, 7287
0.8650712966918945, 7286
0.8690695762634277, 7285
0.8690695762634277, 7284
0.8690695762634277, 7283
0.873070240020752, 7282
0.8770887851715088, 7281
0.8810784816741943, 7280
0.8810784816741943, 7279
0.8850820064544678, 7278
0.8850820064544678, 7277
0.8850820064544678, 7276
0.8890748023986816, 7275
0.897078275680542, 7274
0.9010767936706543, 7273
0.9050757884979248, 7272
0.9050757884979248, 7271
0.9050757884979248, 7270
0.9130809307098389, 7269
0.9130809307098389, 7268
0.9170777797698975, 7267
0.9170777797698975, 7266
0.9210758209228516, 7265
0.9210758209228516, 7264
0.9290835857391357, 7263
0.9290835857391357, 7262
0.9290835857391357, 7261
0.9330792427062988, 7260
0.9370725154876709, 7259
0.9370725154876709, 7258
0.9410784244537354, 7257
0.9410784244537354, 7256
0.9410784244537354, 7255
0.9450843334197998, 7254
0.9490787982940674, 7253
0.9530770778656006, 7252
0.9530770778656006, 7251
0.9570784568786621, 7250
0.9570784568786621, 7249
0.9610812664031982, 7248
0.9610812664031982, 7247
0.9650816917419434, 7246
0.9650816917419434, 7245
0.969078779220581, 7244
0.969078779220581, 7243
0.969078779220581, 7242
0.9770817756652832, 7241
0.9810817241668701, 7240
0.9810817241668701, 7239
0.9850842952728271, 7238
0.9850842952728271, 7237
0.9850842952728271, 7236
0.98911452293396, 7235
0.98911452293396, 7234
0.9931631088256836, 7233
1.0011096000671387, 7232
1.0011096000671387, 7231
1.005110263824463, 7230
1.0091140270233154, 7229
1.0091140270233154, 7228
1.0091140270233154, 7227
1.0131149291992188, 7226
1.0131149291992188, 7225
1.017115831375122, 7224
1.017115831375122, 7223
1.0211150646209717, 7222
1.025083065032959, 7221
1.025083065032959, 7220
1.0290799140930176, 7219
1.0330798625946045, 7218
1.0370769500732422, 7217
1.0370769500732422, 7216
1.0370769500732422, 7215
1.0410807132720947, 7214
1.0410807132720947, 7213
1.0450825691223145, 7212
1.0450825691223145, 7211
1.0491735935211182, 7210
1.0530750751495361, 7209
1.0530750751495361, 7208
1.0570704936981201, 7207
1.0610980987548828, 7206
1.065070629119873, 7205
1.0690703392028809, 7204
1.073075532913208, 7203
1.073075532913208, 7202
1.0770702362060547, 7201
1.0770702362060547, 7200
1.0770702362060547, 7199
1.0810697078704834, 7198
1.0810697078704834, 7197
1.0850696563720703, 7196
1.0890700817108154, 7195
1.0890700817108154, 7194
1.0930707454681396, 7193
1.0930707454681396, 7192
1.0970697402954102, 7191
1.0970697402954102, 7190
1.101069688796997, 7189
1.101069688796997, 7188
1.101069688796997, 7187
1.105069637298584, 7186
1.105069637298584, 7185
1.1090693473815918, 7184
1.1090693473815918, 7183
1.1130692958831787, 7182
1.1130692958831787, 7181
1.1170828342437744, 7180
1.121077537536621, 7179
1.1250758171081543, 7178
1.1283345222473145, 7177
1.1305019855499268, 7176
1.1326429843902588, 7175
1.137127161026001, 7174
1.1404480934143066, 7173
1.1485011577606201, 7172
1.1485011577606201, 7171
1.1564652919769287, 7170
1.164473533630371, 7169
1.164473533630371, 7168
1.1804656982421875, 7167
1.1804656982421875, 7166
1.184471845626831, 7165
1.1884739398956299, 7164
1.1884739398956299, 7163
1.1924664974212646, 7162
1.196467399597168, 7161
1.204465389251709, 7160
1.212467908859253, 7159
1.212467908859253, 7158
1.2164723873138428, 7157
1.220463514328003, 7156
1.220463514328003, 7155
1.2244670391082764, 7154
1.2244670391082764, 7153
1.2244670391082764, 7152
1.2284698486328125, 7151
1.2324678897857666, 7150
1.2324678897857666, 7149
1.2364633083343506, 7148
1.2364633083343506, 7147
1.240466833114624, 7146
1.2444736957550049, 7145
1.2484707832336426, 7144
1.2484707832336426, 7143
1.2524683475494385, 7142
1.2524683475494385, 7141
1.256462574005127, 7140
1.260467290878296, 7139
1.2644662857055664, 7138
1.2644662857055664, 7137
1.2644662857055664, 7136
1.268507480621338, 7135
1.272510051727295, 7134
1.272510051727295, 7133
1.2765121459960938, 7132
1.2765121459960938, 7131
1.284475564956665, 7130
1.288466215133667, 7129
1.292466640472412, 7128
1.2964649200439453, 7127
1.3004672527313232, 7126
1.3004672527313232, 7125
1.3004672527313232, 7124
1.3084654808044434, 7123
1.3084654808044434, 7122
1.3124713897705078, 7121
1.3244686126708984, 7120
1.3244686126708984, 7119
1.3284778594970703, 7118
1.332507848739624, 7117
1.332507848739624, 7116
1.3445093631744385, 7115
1.3484761714935303, 7114
1.3525104522705078, 7113
1.356520652770996, 7112
1.3605103492736816, 7111
1.364473581314087, 7110
1.364473581314087, 7109
1.368471384048462, 7108
1.368471384048462, 7107
1.3724708557128906, 7106
1.3724708557128906, 7105
1.376471996307373, 7104
1.3804702758789062, 7103
1.3804702758789062, 7102
1.384472131729126, 7101
1.384472131729126, 7100
1.384472131729126, 7099
1.3884773254394531, 7098
1.3884773254394531, 7097
1.392472267150879, 7096
1.392472267150879, 7095
1.392472267150879, 7094
1.396472454071045, 7093
1.396472454071045, 7092
1.4004716873168945, 7091
1.4004716873168945, 7090
1.404470443725586, 7089
1.404470443725586, 7088
1.404470443725586, 7087
1.4125072956085205, 7086
1.416508436203003, 7085
1.420508623123169, 7084
1.420508623123169, 7083
1.4244699478149414, 7082
1.4244699478149414, 7081
1.4285070896148682, 7080
1.4285070896148682, 7079
1.4285070896148682, 7078
1.4325189590454102, 7077
1.4325189590454102, 7076
1.436507225036621, 7075
1.436507225036621, 7074
1.4404759407043457, 7073
1.4404759407043457, 7072
1.4404759407043457, 7071
1.4445078372955322, 7070
1.4485068321228027, 7069
1.4485068321228027, 7068
1.4525070190429688, 7067
1.4525070190429688, 7066
1.4565074443817139, 7065
1.4605138301849365, 7064
1.4605138301849365, 7063
1.4645106792449951, 7062
1.4685065746307373, 7061
1.4685065746307373, 7060
1.4725086688995361, 7059
1.4725086688995361, 7058
1.4765079021453857, 7057
1.4765079021453857, 7056
1.4765079021453857, 7055
1.4925079345703125, 7054
1.4965097904205322, 7053
1.4965097904205322, 7052
1.5005064010620117, 7051
1.5005064010620117, 7050
1.504512071609497, 7049
1.504512071609497, 7048
1.504512071609497, 7047
1.5085082054138184, 7046
1.5085082054138184, 7045
1.5125064849853516, 7044
1.5125064849853516, 7043
1.5125064849853516, 7042
1.5165174007415771, 7041
1.5188627243041992, 7040
1.5227949619293213, 7039
1.5227949619293213, 7038
1.5267937183380127, 7037
1.5267937183380127, 7036
1.5308632850646973, 7035
1.5308632850646973, 7034
1.5308632850646973, 7033
1.534869909286499, 7032
1.534869909286499, 7031
1.5388591289520264, 7030
1.5469191074371338, 7029
1.550920009613037, 7028
1.550920009613037, 7027
1.5550553798675537, 7026
1.5550553798675537, 7025
1.5550553798675537, 7024
1.5589826107025146, 7023
1.5629863739013672, 7022
1.5629863739013672, 7021
1.567103624343872, 7020
1.5710382461547852, 7019
1.5710382461547852, 7018
1.5710382461547852, 7017
1.5750398635864258, 7016
1.5750398635864258, 7015
1.5791065692901611, 7014
1.583104133605957, 7013
1.583104133605957, 7012
1.583104133605957, 7011
1.5870990753173828, 7010
1.5870990753173828, 7009
1.5870990753173828, 7008
1.5912253856658936, 7007
1.5951623916625977, 7006
1.5951623916625977, 7005
1.59916090965271, 7004
1.6032822132110596, 7003
1.6032822132110596, 7002
1.6032822132110596, 7001
1.6071858406066895, 7000
1.6071858406066895, 6999
1.6112267971038818, 6998
1.6112267971038818, 6997
1.6112267971038818, 6996
1.6153459548950195, 6995
1.6153459548950195, 6994
1.6192855834960938, 6993
1.6192855834960938, 6992
1.6232869625091553, 6991
1.6232869625091553, 6990
1.6232869625091553, 6989
1.6272914409637451, 6988
1.6313493251800537, 6987
1.635350227355957, 6986
1.635350227355957, 6985
1.6394670009613037, 6984
1.6474080085754395, 6983
1.651529312133789, 6982
1.651529312133789, 6981
1.6594679355621338, 6980
1.6594679355621338, 6979
1.6635932922363281, 6978
1.6635932922363281, 6977
1.667527437210083, 6976
1.6715397834777832, 6975
1.6715397834777832, 6974
1.6715397834777832, 6973
1.6755812168121338, 6972
1.685697317123413, 6971
1.6858172416687012, 6970
1.6858172416687012, 6969
1.689753532409668, 6968
1.689753532409668, 6967
1.7018179893493652, 6966
1.7058148384094238, 6965
1.708085060119629, 6964
1.708085060119629, 6963
1.7120652198791504, 6962
1.7160322666168213, 6961
1.7160322666168213, 6960
1.7160322666168213, 6959
1.7200629711151123, 6958
1.7200629711151123, 6957
1.7200629711151123, 6956
1.724022388458252, 6955
1.728041648864746, 6954
1.730480670928955, 6953
1.730480670928955, 6952
1.7344439029693604, 6951
1.7344439029693604, 6950
1.7408373355865479, 6949
1.7448301315307617, 6948
1.7448301315307617, 6947
1.7529659271240234, 6946
1.7529659271240234, 6945
1.7609260082244873, 6944
1.7631900310516357, 6943
1.7631900310516357, 6942
1.782202959060669, 6941
1.7863166332244873, 6940
1.7863166332244873, 6939
1.790226697921753, 6938
1.790226697921753, 6937
1.7942941188812256, 6936
1.7970776557922363, 6935
1.7970776557922363, 6934
1.8010406494140625, 6933
1.8010406494140625, 6932
1.8010406494140625, 6931
1.805039882659912, 6930
1.805039882659912, 6929
1.8076040744781494, 6928
1.8116023540496826, 6927
1.8156087398529053, 6926
1.819718599319458, 6925
1.819718599319458, 6924
1.8236334323883057, 6923
1.8236334323883057, 6922
1.8277249336242676, 6921
1.830040454864502, 6920
1.830153226852417, 6919
1.830153226852417, 6918
1.8340957164764404, 6917
1.8449034690856934, 6916
1.8449034690856934, 6915
1.8489406108856201, 6914
1.8489406108856201, 6913
1.8489406108856201, 6912
1.8529391288757324, 6911
1.8529391288757324, 6910
1.8569073677062988, 6909
1.8609120845794678, 6908
1.8609120845794678, 6907
1.86732816696167, 6906
1.86732816696167, 6905
1.86732816696167, 6904
1.874201774597168, 6903
1.8781929016113281, 6902
1.8821911811828613, 6901
1.886324167251587, 6900
1.886324167251587, 6899
1.890221357345581, 6898
1.894211769104004, 6897
1.894211769104004, 6896
1.894211769104004, 6895
1.8982114791870117, 6894
1.8982114791870117, 6893
1.9022111892700195, 6892
1.9022111892700195, 6891
1.9022111892700195, 6890
1.9062111377716064, 6889
1.9102118015289307, 6888
1.9102118015289307, 6887
1.9142110347747803, 6886
1.9142110347747803, 6885
1.918210744857788, 6884
1.930211067199707, 6883
1.9342114925384521, 6882
1.9382128715515137, 6881
1.9422130584716797, 6880
1.9462125301361084, 6879
1.9502105712890625, 6878
1.9502105712890625, 6877
1.9502105712890625, 6876
1.9542112350463867, 6875
1.9542112350463867, 6874
1.9582109451293945, 6873
1.9582109451293945, 6872
1.9622130393981934, 6871
1.9702112674713135, 6870
1.9742107391357422, 6869
1.9742107391357422, 6868
1.9782121181488037, 6867
1.9862215518951416, 6866
1.9862215518951416, 6865
1.9902124404907227, 6864
1.9942116737365723, 6863
1.998211145401001, 6862
2.0022106170654297, 6861
2.0022106170654297, 6860
2.006211996078491, 6859
2.006211996078491, 6858
2.010211706161499, 6857
2.010211706161499, 6856
2.0142180919647217, 6855
2.026211738586426, 6854
2.026211738586426, 6853
2.026211738586426, 6852
2.03020977973938, 6851
2.03020977973938, 6850
2.0342116355895996, 6849
2.0342116355895996, 6848
2.0342116355895996, 6847
2.0382182598114014, 6846
2.0422117710113525, 6845
2.0462112426757812, 6844
2.0462112426757812, 6843
2.0542118549346924, 6842
2.0542118549346924, 6841
2.058211326599121, 6840
2.058211326599121, 6839
2.0622098445892334, 6838
2.066211223602295, 6837
2.066211223602295, 6836
2.070211887359619, 6835
2.082211494445801, 6834
2.086212158203125, 6833
2.086212158203125, 6832
2.086212158203125, 6831
2.0902116298675537, 6830
2.0942158699035645, 6829
2.0942158699035645, 6828
2.0982117652893066, 6827
2.0982117652893066, 6826
2.10221004486084, 6825
2.10221004486084, 6824
2.1062116622924805, 6823
2.1102101802825928, 6822
2.1102101802825928, 6821
2.114211082458496, 6820
2.1182103157043457, 6819
2.122211456298828, 6818
2.1262106895446777, 6817
2.130211591720581, 6816
2.130211591720581, 6815
2.130211591720581, 6814
2.1342105865478516, 6813
2.138211727142334, 6812
2.138211727142334, 6811
2.1422111988067627, 6810
2.1422111988067627, 6809
2.1502108573913574, 6808
2.1502108573913574, 6807
2.154212474822998, 6806
2.154212474822998, 6805
2.1622111797332764, 6804
2.1662116050720215, 6803
2.1662116050720215, 6802
2.1702120304107666, 6801
2.178210973739624, 6800
2.1822118759155273, 6799
2.1822118759155273, 6798
2.1822118759155273, 6797
2.186211347579956, 6796
2.186211347579956, 6795
2.1902120113372803, 6794
2.1942131519317627, 6793
2.1942131519317627, 6792
2.198213577270508, 6791
2.20221209526062, 6790
2.2062113285064697, 6789
2.2102255821228027, 6788
2.2142128944396973, 6787
2.2142128944396973, 6786
2.2182114124298096, 6785
2.2182114124298096, 6784
2.2182114124298096, 6783
2.226215124130249, 6782
2.226215124130249, 6781
2.238210916519165, 6780
2.2472846508026123, 6779
2.251289129257202, 6778
2.251289129257202, 6777
2.251289129257202, 6776
2.2552850246429443, 6775
2.2712855339050293, 6774
2.2712855339050293, 6773
2.275259256362915, 6772
2.279252767562866, 6771
2.283287286758423, 6770
2.283287286758423, 6769
2.2872843742370605, 6768
2.2912521362304688, 6767
2.2912521362304688, 6766
2.3073577880859375, 6765
2.311295509338379, 6764
2.311295509338379, 6763
2.311295509338379, 6762
2.3193249702453613, 6761
2.3193249702453613, 6760
2.3232920169830322, 6759
2.3232920169830322, 6758
2.333674669265747, 6757
2.3376705646514893, 6756
2.340775489807129, 6755
2.340775489807129, 6754
2.3447465896606445, 6753
2.3447465896606445, 6752
2.3447465896606445, 6751
2.352855682373047, 6750
2.3568007946014404, 6749
2.3568007946014404, 6748
2.3607966899871826, 6747
2.368837356567383, 6746
2.378974676132202, 6745
2.378974676132202, 6744
2.378974676132202, 6743
2.3829967975616455, 6742
2.3871066570281982, 6741
2.391024589538574, 6740
2.399125576019287, 6739
2.4029757976531982, 6738
2.41019344329834, 6737
2.411257028579712, 6736
2.4134130477905273, 6735
2.414522171020508, 6734
2.4170713424682617, 6733
2.417191743850708, 6732
2.419349431991577, 6731
2.419349431991577, 6730
2.423269033432007, 6729
2.4296576976776123, 6728
2.4296576976776123, 6727
2.433654308319092, 6726
2.4376537799835205, 6725
2.4376537799835205, 6724
2.4417154788970947, 6723
2.4417154788970947, 6722
2.4417154788970947, 6721
2.4456872940063477, 6720
2.457747220993042, 6719
2.4617481231689453, 6718
2.4698073863983154, 6717
2.473809242248535, 6716
2.473809242248535, 6715
2.4778854846954346, 6714
2.4818708896636963, 6713
2.485872268676758, 6712
2.485872268676758, 6711
2.489999294281006, 6710
2.4939310550689697, 6709
2.4939310550689697, 6708
2.509992837905884, 6707
2.5180509090423584, 6706
2.5220534801483154, 6705
2.5220534801483154, 6704
2.526132345199585, 6703
2.5301129817962646, 6702
2.542174816131592, 6701
2.542174816131592, 6700
2.542174816131592, 6699
2.5461716651916504, 6698
2.5461716651916504, 6697
2.5461716651916504, 6696
2.5502922534942627, 6695
2.5542306900024414, 6694
2.5582361221313477, 6693
2.562363862991333, 6692
2.562363862991333, 6691
2.562363862991333, 6690
2.566298007965088, 6689
2.5702970027923584, 6688
2.574366569519043, 6687
2.5783612728118896, 6686
2.5783612728118896, 6685
2.586479663848877, 6684
2.586479663848877, 6683
2.586479663848877, 6682
2.598511219024658, 6681
2.598511219024658, 6680
2.602482795715332, 6679
2.602482795715332, 6678
2.6209182739257812, 6677
2.6209182739257812, 6676
2.6248581409454346, 6675
2.6248581409454346, 6674
2.6248581409454346, 6673
2.6288561820983887, 6672
2.6329915523529053, 6671
2.6329915523529053, 6670
2.636915922164917, 6669
2.640918731689453, 6668
2.640918731689453, 6667
2.640918731689453, 6666
2.6450448036193848, 6665
2.6450448036193848, 6664
2.648979663848877, 6663
2.6570286750793457, 6662
2.6610381603240967, 6661
2.665038585662842, 6660
2.6770999431610107, 6659
2.6770999431610107, 6658
2.68122935295105, 6657
2.68122935295105, 6656
2.68122935295105, 6655
2.6851630210876465, 6654
2.6851630210876465, 6653
2.7012205123901367, 6652
2.7012205123901367, 6651
2.7012205123901367, 6650
2.7052485942840576, 6649
2.7052485942840576, 6648
2.7092418670654297, 6647
2.713243007659912, 6646
2.713243007659912, 6645
2.713243007659912, 6644
2.721306800842285, 6643
2.721306800842285, 6642
2.725313425064087, 6641
2.725313425064087, 6640
2.7333743572235107, 6639
2.7333743572235107, 6638
2.7373762130737305, 6637
2.741380214691162, 6636
2.741495132446289, 6635
2.741495132446289, 6634
2.745435953140259, 6633
2.749436378479004, 6632
2.757495641708374, 6631
2.7614989280700684, 6630
2.7614989280700684, 6629
2.7695553302764893, 6628
2.7695553302764893, 6627
2.7695553302764893, 6626
2.77768874168396, 6625
2.78562593460083, 6624
2.78562593460083, 6623
2.78562593460083, 6622
2.7897489070892334, 6621
2.7936887741088867, 6620
2.7976887226104736, 6619
2.8017871379852295, 6618
2.8017871379852295, 6617
2.8057518005371094, 6616
2.8178131580352783, 6615
2.8178131580352783, 6614
2.8218111991882324, 6613
2.8218111991882324, 6612
2.8258156776428223, 6611
2.825930118560791, 6610
2.8338711261749268, 6609
2.838005304336548, 6608
2.84993839263916, 6607
2.8539950847625732, 6606
2.8579936027526855, 6605
2.861994504928589, 6604
2.866060972213745, 6603
2.866060972213745, 6602
2.866060972213745, 6601
2.870053768157959, 6600
2.870053768157959, 6599
2.874053478240967, 6598
2.882112503051758, 6597
2.886115074157715, 6596
2.886115074157715, 6595
2.886115074157715, 6594
2.8902368545532227, 6593
2.894171953201294, 6592
2.898171901702881, 6591
2.898171901702881, 6590
2.898171901702881, 6589
2.9022939205169678, 6588
2.9022939205169678, 6587
2.9022939205169678, 6586
2.906236410140991, 6585
2.910236120223999, 6584
2.9182991981506348, 6583
2.9222943782806396, 6582
2.930354356765747, 6581
2.930354356765747, 6580
2.934354305267334, 6579
2.9383137226104736, 6578
2.9423155784606934, 6577
2.9423155784606934, 6576
2.954413652420044, 6575
2.954413652420044, 6574
2.9584150314331055, 6573
2.9664878845214844, 6572
2.970487356185913, 6571
2.9746134281158447, 6570
2.9785501956939697, 6569
2.9866700172424316, 6568
2.9906129837036133, 6567
2.9906129837036133, 6566
3.0066754817962646, 6565
3.0066754817962646, 6564
3.0108165740966797, 6563
3.0108165740966797, 6562
3.0147364139556885, 6561
3.0147364139556885, 6560
3.0147364139556885, 6559
3.0228638648986816, 6558
3.0268001556396484, 6557
3.0268001556396484, 6556
3.034928321838379, 6555
3.0428576469421387, 6554
3.0469863414764404, 6553
3.054917335510254, 6552
3.054917335510254, 6551
3.0629830360412598, 6550
3.0629830360412598, 6549
3.066981554031372, 6548
3.0711073875427246, 6547
3.0711073875427246, 6546
3.0750479698181152, 6545
3.0871031284332275, 6544
3.09110426902771, 6543
3.0952370166778564, 6542
3.0952370166778564, 6541
3.099174976348877, 6540
3.1031746864318848, 6539
3.1031746864318848, 6538
3.1031746864318848, 6537
3.1112442016601562, 6536
3.1112442016601562, 6535
3.1152429580688477, 6534
3.1152429580688477, 6533
3.1152429580688477, 6532
3.119353771209717, 6531
3.119353771209717, 6530
3.123300313949585, 6529
3.1273112297058105, 6528
3.1273112297058105, 6527
3.131418466567993, 6526
3.135359525680542, 6525
3.139362096786499, 6524
3.143493890762329, 6523
3.1555190086364746, 6522
3.1594908237457275, 6521
3.163494348526001, 6520
3.1676197052001953, 6519
3.1715497970581055, 6518
3.175549268722534, 6517
3.175549268722534, 6516
3.1836090087890625, 6515
3.1836090087890625, 6514
3.1876108646392822, 6513
3.1876108646392822, 6512
3.1917338371276855, 6511
3.1917338371276855, 6510
3.1956748962402344, 6509
3.1956748962402344, 6508
3.199674129486084, 6507
3.199674129486084, 6506
3.2117345333099365, 6505
3.2158617973327637, 6504
3.2197952270507812, 6503
3.2279162406921387, 6502
3.2279162406921387, 6501
3.23185658454895, 6500
3.23185658454895, 6499
3.235860586166382, 6498
3.235860586166382, 6497
3.239973545074463, 6496
3.2439162731170654, 6495
3.2439162731170654, 6494
3.2479162216186523, 6493
3.2479162216186523, 6492
3.2599782943725586, 6491
3.2761645317077637, 6490
3.280097484588623, 6489
3.280097484588623, 6488
3.284109592437744, 6487
3.2882261276245117, 6486
3.29215931892395, 6485
3.2961597442626953, 6484
3.300255060195923, 6483
3.304225444793701, 6482
3.304225444793701, 6481
3.304225444793701, 6480
3.308229684829712, 6479
3.31628680229187, 6478
3.3202836513519287, 6477
3.3244099617004395, 6476
3.3244099617004395, 6475
3.3283443450927734, 6474
3.3283443450927734, 6473
3.3404057025909424, 6472
3.3404057025909424, 6471
3.3404057025909424, 6470
3.352477788925171, 6469
3.352477788925171, 6468
3.352477788925171, 6467
3.3564789295196533, 6466
3.3564789295196533, 6465
3.3564789295196533, 6464
3.3564789295196533, 6463
3.3606019020080566, 6462
3.3645386695861816, 6461
3.372664451599121, 6460
3.3847246170043945, 6459
3.388662815093994, 6458
3.388662815093994, 6457
3.3967232704162598, 6456
3.3967232704162598, 6455
3.4088540077209473, 6454
3.4088540077209473, 6453
3.4167919158935547, 6452
3.4209182262420654, 6451
3.424856662750244, 6450
3.424856662750244, 6449
3.424856662750244, 6448
3.428856134414673, 6447
3.4329867362976074, 6446
3.4369192123413086, 6445
3.444981575012207, 6444
3.444981575012207, 6443
3.444981575012207, 6442
3.452979803085327, 6441
3.4571051597595215, 6440
3.4610400199890137, 6439
3.46504282951355, 6438
3.4690439701080322, 6437
3.477104425430298, 6436
3.477104425430298, 6435
3.483579158782959, 6434
3.488208532333374, 6433
3.4893884658813477, 6432
3.490460157394409, 6431
3.491637706756592, 6430
3.492724657058716, 6429
3.496748924255371, 6428
3.496748924255371, 6427
3.5007479190826416, 6426
3.5007479190826416, 6425
3.504873275756836, 6424
3.504873275756836, 6423
3.508812427520752, 6422
3.512815237045288, 6421
3.516932964324951, 6420
3.5208754539489746, 6419
3.5208754539489746, 6418
3.5208754539489746, 6417
3.5289952754974365, 6416
3.5409932136535645, 6415
3.544994831085205, 6414
3.544994831085205, 6413
3.5811777114868164, 6412
3.5811777114868164, 6411
3.5851807594299316, 6410
3.5851807594299316, 6409
3.5851807594299316, 6408
3.593238592147827, 6407
3.593238592147827, 6406
3.593238592147827, 6405
3.605302333831787, 6404
3.613429069519043, 6403
3.613429069519043, 6402
3.6213643550872803, 6401
3.6254849433898926, 6400
3.6254849433898926, 6399
3.6254849433898926, 6398
3.637561559677124, 6397
3.641486167907715, 6396
3.6495606899261475, 6395
3.6495606899261475, 6394
3.6535112857818604, 6393
3.6535112857818604, 6392
3.6535112857818604, 6391
3.657503366470337, 6390
3.657503366470337, 6389
3.661538600921631, 6388
3.6655397415161133, 6387
3.6655397415161133, 6386
3.6695396900177, 6385
3.6695396900177, 6384
3.673635244369507, 6383
3.673635244369507, 6382
3.673635244369507, 6381
3.673635244369507, 6380
3.67758846282959, 6379
3.681586503982544, 6378
3.681586503982544, 6377
3.6856889724731445, 6376
3.689635753631592, 6375
3.693636417388916, 6374
3.693636417388916, 6373
3.6976757049560547, 6372
3.701683282852173, 6371
3.705685615539551, 6370
3.705685615539551, 6369
3.705685615539551, 6368
3.705685615539551, 6367
3.7097907066345215, 6366
3.713736057281494, 6365
3.713736057281494, 6364
3.713736057281494, 6363
3.713736057281494, 6362
3.713736057281494, 6361
3.7218360900878906, 6360
3.7257890701293945, 6359
3.7257890701293945, 6358
3.7257890701293945, 6357
3.7257890701293945, 6356
3.7257890701293945, 6355
3.7257890701293945, 6354
3.7297890186309814, 6353
3.7297890186309814, 6352
3.7297890186309814, 6351
3.733889579772949, 6350
3.733889579772949, 6349
3.733889579772949, 6348
3.733889579772949, 6347
3.733889579772949, 6346
3.7378382682800293, 6345
3.7378382682800293, 6344
3.7378382682800293, 6343
3.7378382682800293, 6342
3.741837739944458, 6341
3.741837739944458, 6340
3.741837739944458, 6339
3.741837739944458, 6338
3.741837739944458, 6337
3.7498879432678223, 6336
3.7498879432678223, 6335
3.7498879432678223, 6334
3.7538864612579346, 6333
3.757888078689575, 6332
3.7579803466796875, 6331
3.7579803466796875, 6330
3.7579803466796875, 6329
3.7619307041168213, 6328
3.7619307041168213, 6327
3.7659342288970947, 6326
3.770038366317749, 6325
3.770038366317749, 6324
3.770038366317749, 6323
3.770038366317749, 6322
3.770038366317749, 6321
3.7739858627319336, 6320
3.7739858627319336, 6319
3.7739858627319336, 6318
3.7739858627319336, 6317
3.777984619140625, 6316
3.777984619140625, 6315
3.7820982933044434, 6314
3.7820982933044434, 6313
3.7820982933044434, 6312
3.7820982933044434, 6311
3.7820982933044434, 6310
3.786038398742676, 6309
3.794069766998291, 6308
3.794069766998291, 6307
3.7980873584747314, 6306
3.7980873584747314, 6305
3.802088975906372, 6304
3.802088975906372, 6303
3.8061881065368652, 6302
3.8061881065368652, 6301
3.8061881065368652, 6300
3.8061881065368652, 6299
3.8061881065368652, 6298
3.8101398944854736, 6297
3.8101398944854736, 6296
3.8101398944854736, 6295
3.8141422271728516, 6294
3.8141422271728516, 6293
3.8141422271728516, 6292
3.817552328109741, 6291
3.817552328109741, 6290
3.817552328109741, 6289
3.821498155593872, 6288
3.821498155593872, 6287
3.8254642486572266, 6286
3.8295249938964844, 6285
3.8334779739379883, 6284
3.837477445602417, 6283
3.8415448665618896, 6282
3.8415448665618896, 6281
3.8454930782318115, 6280
3.8454930782318115, 6279
3.8454930782318115, 6278
3.8494925498962402, 6277
3.8494925498962402, 6276
3.8494925498962402, 6275
3.8535568714141846, 6274
3.8535568714141846, 6273
3.8615100383758545, 6272
3.8615100383758545, 6271
3.8659520149230957, 6270
3.8699350357055664, 6269
3.8699350357055664, 6268
3.8894693851470947, 6267
3.897447347640991, 6266
3.897447347640991, 6265
3.901498317718506, 6264
3.9054737091064453, 6263
3.9054737091064453, 6262
3.9054737091064453, 6261
3.9094669818878174, 6260
3.9094669818878174, 6259
3.9094669818878174, 6258
3.9094669818878174, 6257
3.9135284423828125, 6256
3.9214775562286377, 6255
3.9214775562286377, 6254
3.9214775562286377, 6253
3.9255499839782715, 6252
3.9295005798339844, 6251
3.9334981441497803, 6250
3.9334981441497803, 6249
3.9334981441497803, 6248
3.9334981441497803, 6247
3.937494993209839, 6246
3.941498279571533, 6245
3.949540138244629, 6244
3.953509569168091, 6243
3.953509569168091, 6242
3.953509569168091, 6241
3.953509569168091, 6240
3.9575085639953613, 6239
3.9615657329559326, 6238
3.9615657329559326, 6237
3.9695241451263428, 6236
3.9695241451263428, 6235
3.9695241451263428, 6234
3.977543830871582, 6233
3.977543830871582, 6232
3.981544256210327, 6231
3.981544256210327, 6230
3.9856128692626953, 6229
3.9856128692626953, 6228
3.9856128692626953, 6227
3.9856128692626953, 6226
3.9895594120025635, 6225
3.9895594120025635, 6224
3.9895594120025635, 6223
3.9895594120025635, 6222
3.9895594120025635, 6221
3.993558883666992, 6220
3.993558883666992, 6219
3.9976420402526855, 6218
4.0135862827301025, 6217
4.0135862827301025, 6216
4.017590522766113, 6215
4.017590522766113, 6214
4.017590522766113, 6213
4.02165150642395, 6212
4.02165150642395, 6211
4.02165150642395, 6210
4.02165150642395, 6209
4.02165150642395, 6208
4.025639057159424, 6207
4.025639057159424, 6206
4.029639720916748, 6205
4.029639720916748, 6204
4.029639720916748, 6203
4.037703037261963, 6202
4.037703037261963, 6201
4.041656255722046, 6200
4.045753717422485, 6199
4.045753717422485, 6198
4.045753717422485, 6197
4.049748659133911, 6196
4.049748659133911, 6195
4.053748846054077, 6194
4.053748846054077, 6193
4.053748846054077, 6192
4.057843446731567, 6191
4.065801620483398, 6190
4.065801620483398, 6189
4.065801620483398, 6188
4.069790601730347, 6187
4.069790601730347, 6186
4.069790601730347, 6185
4.069790601730347, 6184
4.077779293060303, 6183
4.077779293060303, 6182
4.0802083015441895, 6181
4.0802083015441895, 6180
4.084155082702637, 6179
4.084155082702637, 6178
4.084155082702637, 6177
4.084155082702637, 6176
4.088120937347412, 6175
4.088120937347412, 6174
4.092193603515625, 6173
4.100212097167969, 6172
4.104323625564575, 6171
4.116268634796143, 6170
4.116368055343628, 6169
4.120316505432129, 6168
4.120316505432129, 6167
4.120316505432129, 6166
4.128427028656006, 6165
4.128427028656006, 6164
4.132379770278931, 6163
4.132379770278931, 6162
4.132379770278931, 6161
4.132379770278931, 6160
4.136379241943359, 6159
4.140430927276611, 6158
4.140430927276611, 6157
4.144433975219727, 6156
4.144433975219727, 6155
4.148435592651367, 6154
4.152531147003174, 6153
4.152531147003174, 6152
4.156483888626099, 6151
4.156483888626099, 6150
4.156483888626099, 6149
4.156483888626099, 6148
4.172528982162476, 6147
4.176636695861816, 6146
4.176636695861816, 6145
4.176636695861816, 6144
4.176636695861816, 6143
4.180586099624634, 6142
4.180586099624634, 6141
4.180586099624634, 6140
4.184587001800537, 6139
4.190549373626709, 6138
4.19455099105835, 6137
4.198582649230957, 6136
4.198582649230957, 6135
4.202569007873535, 6134
4.202569007873535, 6133
4.2065675258636475, 6132
4.2065675258636475, 6131
4.208822011947632, 6130
4.208822011947632, 6129
4.208822011947632, 6128
4.208822011947632, 6127
4.208822011947632, 6126
4.212768793106079, 6125
4.228817701339722, 6124
4.228817701339722, 6123
4.228817701339722, 6122
4.228817701339722, 6121
4.232914209365845, 6120
4.232914209365845, 6119
4.236867427825928, 6118
4.236867427825928, 6117
4.236867427825928, 6116
4.240868806838989, 6115
4.240868806838989, 6114
4.244961977005005, 6113
4.248918294906616, 6112
4.248918294906616, 6111
4.248918294906616, 6110
4.248918294906616, 6109
4.252917289733887, 6108
4.252917289733887, 6107
4.252917289733887, 6106
4.252917289733887, 6105
4.256953001022339, 6104
4.256953001022339, 6103
4.260970830917358, 6102
4.264970302581787, 6101
4.269076824188232, 6100
4.2811150550842285, 6099
4.2811150550842285, 6098
4.2811150550842285, 6097
4.2811150550842285, 6096
4.289068937301636, 6095
4.293173313140869, 6094
4.293173313140869, 6093
4.301129579544067, 6092
4.305193662643433, 6091
4.313176870346069, 6090
4.313176870346069, 6089
4.321229457855225, 6088
4.325189113616943, 6087
4.333189010620117, 6086
4.333189010620117, 6085
4.347238779067993, 6084
4.351239204406738, 6083
4.351239204406738, 6082
4.351239204406738, 6081
4.355243682861328, 6080
4.355243682861328, 6079
4.359246492385864, 6078
4.359246492385864, 6077
4.363248586654663, 6076
4.363248586654663, 6075
4.363248586654663, 6074
4.367246866226196, 6073
4.375234127044678, 6072
4.375234127044678, 6071
4.375234127044678, 6070
4.379233360290527, 6069
4.379233360290527, 6068
4.3832337856292725, 6067
4.3832337856292725, 6066
4.387233734130859, 6065
4.387233734130859, 6064
4.391234874725342, 6063
4.391234874725342, 6062
4.391234874725342, 6061
4.391234874725342, 6060
4.391234874725342, 6059
4.395233869552612, 6058
4.395233869552612, 6057
4.399233818054199, 6056
4.403233289718628, 6055
4.403233289718628, 6054
4.407233953475952, 6053
4.407233953475952, 6052
4.411233425140381, 6051
4.411233425140381, 6050
4.415234088897705, 6049
4.415234088897705, 6048
4.415234088897705, 6047
4.41923451423645, 6046
4.4232330322265625, 6045
4.4232330322265625, 6044
4.4232330322265625, 6043
4.427233457565308, 6042
4.431233167648315, 6041
4.43523383140564, 6040
4.43523383140564, 6039
4.443233489990234, 6038
4.443233489990234, 6037
4.447232961654663, 6036
4.447232961654663, 6035
4.447232961654663, 6034
4.451232671737671, 6033
4.451232671737671, 6032
4.451232671737671, 6031
4.455232858657837, 6030
4.455232858657837, 6029
4.459233045578003, 6028
4.463232517242432, 6027
4.463232517242432, 6026
4.471234560012817, 6025
4.471234560012817, 6024
4.471234560012817, 6023
4.475232839584351, 6022
4.475232839584351, 6021
4.483232498168945, 6020
4.48723292350769, 6019
4.48723292350769, 6018
4.491232633590698, 6017
4.495232105255127, 6016
4.495232105255127, 6015
4.499232530593872, 6014
4.499232530593872, 6013
4.503232717514038, 6012
4.503232717514038, 6011
4.507232904434204, 6010
4.507232904434204, 6009
4.511232614517212, 6008
4.511232614517212, 6007
4.511232614517212, 6006
4.519233703613281, 6005
4.523232698440552, 6004
4.523232698440552, 6003
4.523232698440552, 6002
4.523232698440552, 6001
4.52723240852356, 6000
4.52723240852356, 5999
4.52723240852356, 5998
4.5312323570251465, 5997
4.539232969284058, 5996
4.539232969284058, 5995
4.547234058380127, 5994
4.551232814788818, 5993
4.555232286453247, 5992
4.555232286453247, 5991
4.555232286453247, 5990
4.559231758117676, 5989
4.559231758117676, 5988
4.559231758117676, 5987
4.563232660293579, 5986
4.567233324050903, 5985
4.567233324050903, 5984
4.575232267379761, 5983
4.579232215881348, 5982
4.587232351303101, 5981
4.591232776641846, 5980
4.591232776641846, 5979
4.591232776641846, 5978
4.591232776641846, 5977
4.595232963562012, 5976
4.599232912063599, 5975
4.599232912063599, 5974
4.603232383728027, 5973
4.607232570648193, 5972
4.61123251914978, 5971
4.623232364654541, 5970
4.627232551574707, 5969
4.631232500076294, 5968
4.639232158660889, 5967
4.643233299255371, 5966
4.6472327709198, 5965
4.6472327709198, 5964
4.6472327709198, 5963
4.6472327709198, 5962
4.651232719421387, 5961
4.6552324295043945, 5960
4.659232139587402, 5959
4.659232139587402, 5958
4.659232139587402, 5957
4.679232120513916, 5956
4.679232120513916, 5955
4.683232545852661, 5954
4.683232545852661, 5953
4.683232545852661, 5952
4.687232494354248, 5951
4.687232494354248, 5950
4.687232494354248, 5949
4.687232494354248, 5948
4.691232681274414, 5947
4.691232681274414, 5946
4.691232681274414, 5945
4.691232681274414, 5944
4.695232391357422, 5943
4.695232391357422, 5942
4.695232391357422, 5941
4.699232578277588, 5940
4.699232578277588, 5939
4.703232765197754, 5938
4.707232713699341, 5937
4.707232713699341, 5936
4.711232662200928, 5935
4.711232662200928, 5934
4.720249176025391, 5933
4.723340034484863, 5932
4.725363254547119, 5931
4.725363254547119, 5930
4.725363254547119, 5929
4.725363254547119, 5928
4.729353904724121, 5927
4.729353904724121, 5926
4.729353904724121, 5925
4.737353563308716, 5924
4.741353988647461, 5923
4.745354175567627, 5922
4.745354175567627, 5921
4.745354175567627, 5920
4.753354072570801, 5919
4.761353254318237, 5918
4.761353254318237, 5917
4.7693586349487305, 5916
4.773354530334473, 5915
4.781353712081909, 5914
4.781353712081909, 5913
4.785353422164917, 5912
4.785353422164917, 5911
4.791865348815918, 5910
4.793919086456299, 5909
4.794936180114746, 5908
4.7969701290130615, 5907
4.797987699508667, 5906
4.80207896232605, 5905
4.80207896232605, 5904
4.803632020950317, 5903
4.803632020950317, 5902
4.805653810501099, 5901
4.805653810501099, 5900
4.805653810501099, 5899
4.815715312957764, 5898
4.815715312957764, 5897
4.815715312957764, 5896
4.8237457275390625, 5895
4.833860158920288, 5894
4.8358848094940186, 5893
4.8358848094940186, 5892
4.8358848094940186, 5891
4.8358848094940186, 5890
4.8358848094940186, 5889
4.855976104736328, 5888
4.855976104736328, 5887
4.864001274108887, 5886
4.864001274108887, 5885
4.8660197257995605, 5884
4.8660197257995605, 5883
4.8660197257995605, 5882
4.8660197257995605, 5881
4.8660197257995605, 5880
4.874074935913086, 5879
4.874074935913086, 5878
4.876093864440918, 5877
4.876093864440918, 5876
4.876093864440918, 5875
4.876093864440918, 5874
4.884148597717285, 5873
4.886173486709595, 5872
4.886173486709595, 5871
4.886173486709595, 5870
4.886173486709595, 5869
4.896224021911621, 5868
4.896224021911621, 5867
4.896224021911621, 5866
4.896224021911621, 5865
4.904244422912598, 5864
4.906260251998901, 5863
4.906260251998901, 5862
4.916357755661011, 5861
4.916357755661011, 5860
4.916357755661011, 5859
4.926409006118774, 5858
4.926409006118774, 5857
4.926409006118774, 5856
4.926409006118774, 5855
4.926409006118774, 5854
4.936495304107666, 5853
4.936495304107666, 5852
4.936495304107666, 5851
4.944519519805908, 5850
4.944519519805908, 5849
4.944519519805908, 5848
4.954582929611206, 5847
4.974717617034912, 5846
4.978779315948486, 5845
4.979796886444092, 5844
4.980814218521118, 5843
4.987423658370972, 5842
4.987423658370972, 5841
4.987423658370972, 5840
4.987423658370972, 5839
4.996965408325195, 5838
4.996965408325195, 5837
4.996965408325195, 5836
4.996965408325195, 5835
4.996965408325195, 5834
5.0069966316223145, 5833
5.0069966316223145, 5832
5.017101526260376, 5831
5.017101526260376, 5830
5.017101526260376, 5829
5.017101526260376, 5828
5.025121450424194, 5827
5.027146100997925, 5826
5.027146100997925, 5825
5.027146100997925, 5824
5.0371997356414795, 5823
5.0371997356414795, 5822
5.0371997356414795, 5821
5.0371997356414795, 5820
5.0371997356414795, 5819
5.0371997356414795, 5818
5.045219898223877, 5817
5.04723858833313, 5816
5.04723858833313, 5815
5.04723858833313, 5814
5.057287931442261, 5813
5.057287931442261, 5812
5.067378997802734, 5811
5.067378997802734, 5810
5.067378997802734, 5809
5.067378997802734, 5808
5.067378997802734, 5807
5.077445030212402, 5806
5.077445030212402, 5805
5.08752703666687, 5804
5.08752703666687, 5803
5.08752703666687, 5802
5.08752703666687, 5801
5.0975940227508545, 5800
5.0975940227508545, 5799
5.105611562728882, 5798
5.105611562728882, 5797
5.107628583908081, 5796
5.115674257278442, 5795
5.117698431015015, 5794
5.125727653503418, 5793
5.137805461883545, 5792
5.137805461883545, 5791
5.137805461883545, 5790
5.147841453552246, 5789
5.147841453552246, 5788
5.147841453552246, 5787
5.1581947803497314, 5786
5.166216850280762, 5785
5.166216850280762, 5784
5.168236494064331, 5783
5.168236494064331, 5782
5.178307771682739, 5781
5.178307771682739, 5780
5.178307771682739, 5779
5.178307771682739, 5778
5.178307771682739, 5777
5.198426961898804, 5776
5.198426961898804, 5775
5.198426961898804, 5774
5.206442594528198, 5773
5.208458662033081, 5772
5.218522310256958, 5771
5.218522310256958, 5770
5.218522310256958, 5769
5.226542949676514, 5768
5.228558778762817, 5767
5.228558778762817, 5766
5.228558778762817, 5765
5.238607406616211, 5764
5.246635437011719, 5763
5.248652696609497, 5762
5.248652696609497, 5761
5.248652696609497, 5760
5.256677150726318, 5759
5.258692979812622, 5758
5.258692979812622, 5757
5.276768684387207, 5756
5.279285907745361, 5755
5.279285907745361, 5754
5.279285907745361, 5753
5.28730583190918, 5752
5.28730583190918, 5751
5.2893226146698, 5750
5.2893226146698, 5749
5.2893226146698, 5748
5.297353267669678, 5747
5.29943323135376, 5746
5.29943323135376, 5745
5.309476137161255, 5744
5.309476137161255, 5743
5.3396689891815186, 5742
5.3396689891815186, 5741
5.3396689891815186, 5740
5.3396689891815186, 5739
5.3396689891815186, 5738
5.3396689891815186, 5737
5.347692966461182, 5736
5.3497114181518555, 5735
5.3497114181518555, 5734
5.3497114181518555, 5733
5.3497114181518555, 5732
5.3497114181518555, 5731
5.3497114181518555, 5730
5.3497114181518555, 5729
5.3497114181518555, 5728
5.357748508453369, 5727
5.359766721725464, 5726
5.359766721725464, 5725
5.359766721725464, 5724
5.367783546447754, 5723
5.369799852371216, 5722
5.377837419509888, 5721
5.387877941131592, 5720
5.389893531799316, 5719
5.389893531799316, 5718
5.389893531799316, 5717
5.397922039031982, 5716
5.3999433517456055, 5715
5.3999433517456055, 5714
5.3999433517456055, 5713
5.3999433517456055, 5712
5.409979581832886, 5711
5.409979581832886, 5710
5.409979581832886, 5709
5.420034646987915, 5708
5.420034646987915, 5707
5.420034646987915, 5706
5.420034646987915, 5705
5.430075407028198, 5704
5.430075407028198, 5703
5.430075407028198, 5702
5.440124034881592, 5701
5.448181867599487, 5700
5.448181867599487, 5699
5.450202703475952, 5698
5.450202703475952, 5697
5.450202703475952, 5696
5.450202703475952, 5695
5.4582359790802, 5694
5.4582359790802, 5693
5.460254907608032, 5692
5.470288276672363, 5691
5.470288276672363, 5690
5.490401744842529, 5689
5.490401744842529, 5688
5.498437881469727, 5687
5.500464916229248, 5686
5.500464916229248, 5685
5.508484125137329, 5684
5.508484125137329, 5683
5.510500431060791, 5682
5.520568370819092, 5681
5.528600215911865, 5680
5.53064227104187, 5679
5.53064227104187, 5678
5.538681745529175, 5677
5.540698766708374, 5676
5.540698766708374, 5675
5.540698766708374, 5674
5.540698766708374, 5673
5.548736810684204, 5672
5.550761461257935, 5671
5.558818578720093, 5670
5.5608391761779785, 5669
5.568856954574585, 5668
5.570876121520996, 5667
5.580985069274902, 5666
5.580985069274902, 5665
5.580985069274902, 5664
5.580985069274902, 5663
5.580985069274902, 5662
5.589005708694458, 5661
5.591021776199341, 5660
5.6011106967926025, 5659
5.6011106967926025, 5658
5.6011106967926025, 5657
5.61114764213562, 5656
5.6192076206207275, 5655
5.6192076206207275, 5654
5.621228456497192, 5653
5.621228456497192, 5652
5.629251480102539, 5651
5.629251480102539, 5650
5.631324291229248, 5649
5.631324291229248, 5648
5.641374826431274, 5647
5.6493916511535645, 5646
5.6493916511535645, 5645
5.651416301727295, 5644
5.651416301727295, 5643
5.651416301727295, 5642
5.651416301727295, 5641
5.651416301727295, 5640
5.659449338912964, 5639
5.661468505859375, 5638
5.661468505859375, 5637
5.661468505859375, 5636
5.661468505859375, 5635
5.661468505859375, 5634
5.671504974365234, 5633
5.671504974365234, 5632
5.671504974365234, 5631
5.671504974365234, 5630
5.681562900543213, 5629
5.681562900543213, 5628
5.6895811557769775, 5627
5.691596984863281, 5626
5.691596984863281, 5625
5.701675653457642, 5624
5.701675653457642, 5623
5.711711168289185, 5622
5.711711168289185, 5621
5.719743013381958, 5620
5.721761226654053, 5619
5.721761226654053, 5618
5.729784727096558, 5617
5.7318031787872314, 5616
5.7318031787872314, 5615
5.739831209182739, 5614
5.741849184036255, 5613
5.751891374588013, 5612
5.751891374588013, 5611
5.751891374588013, 5610
5.7599265575408936, 5609
5.761948823928833, 5608
5.761948823928833, 5607
5.761948823928833, 5606
5.761948823928833, 5605
5.761948823928833, 5604
5.761948823928833, 5603
5.771981954574585, 5602
5.771981954574585, 5601
5.771981954574585, 5600
5.771981954574585, 5599
5.782077312469482, 5598
5.782077312469482, 5597
5.790096282958984, 5596
5.792112588882446, 5595
5.792112588882446, 5594
5.792112588882446, 5593
5.792112588882446, 5592
5.800138711929321, 5591
5.800138711929321, 5590
5.802154302597046, 5589
5.810173988342285, 5588
5.812191724777222, 5587
5.812191724777222, 5586
5.822250604629517, 5585
5.822250604629517, 5584
5.822250604629517, 5583
5.830274343490601, 5582
5.830274343490601, 5581
5.8322978019714355, 5580
5.8322978019714355, 5579
5.8322978019714355, 5578
5.8322978019714355, 5577
5.8403308391571045, 5576
5.842358112335205, 5575
5.850390911102295, 5574
5.852409601211548, 5573
5.862468481063843, 5572
5.87251353263855, 5571
5.883051872253418, 5570
5.893091678619385, 5569
5.893091678619385, 5568
5.911170959472656, 5567
5.923274278640747, 5566
5.923274278640747, 5565
5.923274278640747, 5564
5.931295871734619, 5563
5.931295871734619, 5562
5.931295871734619, 5561
5.933315753936768, 5560
5.933315753936768, 5559
5.943385124206543, 5558
5.943385124206543, 5557
5.943385124206543, 5556
5.961462020874023, 5555
5.963480234146118, 5554
5.973569631576538, 5553
5.973569631576538, 5552
5.983638286590576, 5551
5.983638286590576, 5550
5.983638286590576, 5549
5.983638286590576, 5548
5.993671417236328, 5547
5.993671417236328, 5546
5.993671417236328, 5545
5.993671417236328, 5544
6.01174259185791, 5543
6.013758659362793, 5542
6.013758659362793, 5541
6.033884525299072, 5540
6.033884525299072, 5539
6.043936014175415, 5538
6.053974866867065, 5537
6.053974866867065, 5536
6.053974866867065, 5535
6.064038038253784, 5534
6.074078798294067, 5533
6.074078798294067, 5532
6.0841898918151855, 5531
6.0841898918151855, 5530
6.094226360321045, 5529
6.104300022125244, 5528
6.104300022125244, 5527
6.104300022125244, 5526
6.112318992614746, 5525
6.114335060119629, 5524
6.124392747879028, 5523
6.124392747879028, 5522
6.134472131729126, 5521
6.144516229629517, 5520
6.144516229629517, 5519
6.144516229629517, 5518
6.154601573944092, 5517
6.154601573944092, 5516
6.164673089981079, 5515
6.164673089981079, 5514
6.164673089981079, 5513
6.164673089981079, 5512
6.164673089981079, 5511
6.164673089981079, 5510
6.164673089981079, 5509
6.1726930141448975, 5508
6.1726930141448975, 5507
6.1726930141448975, 5506
6.182729482650757, 5505
6.18475604057312, 5504
6.18475604057312, 5503
6.192779302597046, 5502
6.192779302597046, 5501
6.205450057983398, 5500
6.2142250537872314, 5499
6.2178099155426025, 5498
6.2178099155426025, 5497
6.2178099155426025, 5496
6.223845481872559, 5495
6.225865602493286, 5494
6.235918760299683, 5493
6.245977163314819, 5492
6.245977163314819, 5491
6.256013631820679, 5490
6.256013631820679, 5489
6.256013631820679, 5488
6.256013631820679, 5487
6.256013631820679, 5486
6.256013631820679, 5485
6.256013631820679, 5484
6.266072750091553, 5483
6.266072750091553, 5482
6.266072750091553, 5481
6.284158706665039, 5480
6.296221733093262, 5479
6.306256532669067, 5478
6.3062732219696045, 5477
6.3062732219696045, 5476
6.3062732219696045, 5475
6.3062732219696045, 5474
6.314348459243774, 5473
6.314348459243774, 5472
6.3163676261901855, 5471
6.3163676261901855, 5470
6.326439619064331, 5469
6.326439619064331, 5468
6.336537599563599, 5467
6.336537599563599, 5466
6.346632719039917, 5465
6.346632719039917, 5464
6.346632719039917, 5463
6.346632719039917, 5462
6.356668710708618, 5461
6.366724967956543, 5460
6.374742269515991, 5459
6.376758098602295, 5458
6.376758098602295, 5457
6.376758098602295, 5456
6.396885633468628, 5455
6.406937599182129, 5454
6.406937599182129, 5453
6.417028903961182, 5452
6.417028903961182, 5451
6.417028903961182, 5450
6.417028903961182, 5449
6.417028903961182, 5448
6.425071477890015, 5447
6.4270920753479, 5446
6.4270920753479, 5445
6.437145233154297, 5444
6.437145233154297, 5443
6.437145233154297, 5442
6.447197198867798, 5441
6.447197198867798, 5440
6.4572319984436035, 5439
6.4572319984436035, 5438
6.4572319984436035, 5437
6.467295408248901, 5436
6.467295408248901, 5435
6.477331876754761, 5434
6.477331876754761, 5433
6.477331876754761, 5432
6.477331876754761, 5431
6.487879276275635, 5430
6.497970819473267, 5429
6.497970819473267, 5428
6.508021116256714, 5427
6.508021116256714, 5426
6.508021116256714, 5425
6.516045808792114, 5424
6.518066883087158, 5423
6.518066883087158, 5422
6.528134346008301, 5421
6.528134346008301, 5420
6.528134346008301, 5419
6.538167238235474, 5418
6.538167238235474, 5417
6.548243522644043, 5416
6.558275461196899, 5415
6.568332672119141, 5414
6.588428497314453, 5413
6.588428497314453, 5412
6.588428497314453, 5411
6.608551025390625, 5410
6.608551025390625, 5409
6.608551025390625, 5408
6.616568565368652, 5407
6.618607521057129, 5406
6.618607521057129, 5405
6.62868332862854, 5404
6.62868332862854, 5403
6.636699199676514, 5402
6.636699199676514, 5401
6.636699199676514, 5400
6.636699199676514, 5399
6.646729946136475, 5398
6.648789882659912, 5397
6.648789882659912, 5396
6.648789882659912, 5395
6.648789882659912, 5394
6.658824920654297, 5393
6.658824920654297, 5392
6.658824920654297, 5391
6.668940782546997, 5390
6.6789751052856445, 5389
6.6789751052856445, 5388
6.6789751052856445, 5387
6.6789751052856445, 5386
6.689028263092041, 5385
6.689028263092041, 5384
6.689028263092041, 5383
6.697059154510498, 5382
6.709128141403198, 5381
6.709128141403198, 5380
6.717149496078491, 5379
6.719168663024902, 5378
6.727215051651001, 5377
6.727215051651001, 5376
6.729236364364624, 5375
6.737253427505493, 5374
6.739284992218018, 5373
6.749345064163208, 5372
6.759392261505127, 5371
6.759392261505127, 5370
6.7674336433410645, 5369
6.777526617050171, 5368
6.777526617050171, 5367
6.777526617050171, 5366
6.777526617050171, 5365
6.777526617050171, 5364
6.777526617050171, 5363
6.789576768875122, 5362
6.789576768875122, 5361
6.799630641937256, 5360
6.809677600860596, 5359
6.809677600860596, 5358
6.809677600860596, 5357
6.809677600860596, 5356
6.819756269454956, 5355
6.819756269454956, 5354
6.829820156097412, 5353
6.8398566246032715, 5352
6.8398566246032715, 5351
6.8398566246032715, 5350
6.8478944301605225, 5349
6.849915027618408, 5348
6.859948396682739, 5347
6.859948396682739, 5346
6.859948396682739, 5345
6.869983673095703, 5344
6.888063907623291, 5343
6.888063907623291, 5342
6.890082120895386, 5341
6.890082120895386, 5340
6.900142669677734, 5339
6.900142669677734, 5338
6.908166408538818, 5337
6.920215368270874, 5336
6.920215368270874, 5335
6.920215368270874, 5334
6.930269956588745, 5333
6.930269956588745, 5332
6.938287019729614, 5331
6.940321445465088, 5330
6.940321445465088, 5329
6.940321445465088, 5328
6.950392723083496, 5327
6.960428476333618, 5326
6.968464374542236, 5325
6.968464374542236, 5324
6.970482349395752, 5323
6.980522394180298, 5322
6.990598678588867, 5321
6.990598678588867, 5320
6.990598678588867, 5319
6.990598678588867, 5318
7.000689506530762, 5317
7.000689506530762, 5316
7.000689506530762, 5315
7.00871205329895, 5314
7.010728120803833, 5313
7.010728120803833, 5312
7.010728120803833, 5311
7.018744707107544, 5310
7.020759344100952, 5309
7.030835866928101, 5308
7.040868282318115, 5307
7.040868282318115, 5306
7.0624542236328125, 5305
7.070493698120117, 5304
7.072513103485107, 5303
7.072513103485107, 5302
7.072513103485107, 5301
7.093092203140259, 5300
7.093092203140259, 5299
7.093092203140259, 5298
7.1031270027160645, 5297
7.1031270027160645, 5296
7.1031270027160645, 5295
7.1031270027160645, 5294
7.111192226409912, 5293
7.113214492797852, 5292
7.113214492797852, 5291
7.123247385025024, 5290
7.123247385025024, 5289
7.1332995891571045, 5288
7.143336772918701, 5287
7.143336772918701, 5286
7.151386976242065, 5285
7.153469562530518, 5284
7.153469562530518, 5283
7.153469562530518, 5282
7.161492109298706, 5281
7.161492109298706, 5280
7.161492109298706, 5279
7.1715288162231445, 5278
7.173550128936768, 5277
7.181568622589111, 5276
7.193678617477417, 5275
7.193678617477417, 5274
7.193678617477417, 5273
7.201700925827026, 5272
7.203718900680542, 5271
7.203718900680542, 5270
7.213793992996216, 5269
7.213793992996216, 5268
7.213793992996216, 5267
7.223829507827759, 5266
7.223829507827759, 5265
7.223829507827759, 5264
7.223829507827759, 5263
7.241943120956421, 5262
7.243958473205566, 5261
7.264087915420532, 5260
7.274146318435669, 5259
7.274146318435669, 5258
7.284185886383057, 5257
7.29222297668457, 5256
7.29222297668457, 5255
7.294240713119507, 5254
7.294240713119507, 5253
7.304276466369629, 5252
7.304276466369629, 5251
7.314352035522461, 5250
7.324388027191162, 5249
7.354578971862793, 5248
7.354578971862793, 5247
7.374683380126953, 5246
7.374683380126953, 5245
7.374683380126953, 5244
7.374683380126953, 5243
7.374683380126953, 5242
7.374683380126953, 5241
7.374683380126953, 5240
7.392745494842529, 5239
7.394765615463257, 5238
7.402788162231445, 5237
7.402788162231445, 5236
7.404804468154907, 5235
7.404804468154907, 5234
7.414863109588623, 5233
7.414863109588623, 5232
7.414863109588623, 5231
7.424903869628906, 5230
7.424903869628906, 5229
7.434955596923828, 5228
7.434955596923828, 5227
7.442987442016602, 5226
7.44500470161438, 5225
7.44500470161438, 5224
7.44500470161438, 5223
7.455049753189087, 5222
7.465110778808594, 5221
7.47314190864563, 5220
7.475163221359253, 5219
7.475163221359253, 5218
7.475163221359253, 5217
7.483179330825806, 5216
7.48519492149353, 5215
7.48519492149353, 5214
7.4952638149261475, 5213
7.4952638149261475, 5212
7.503283977508545, 5211
7.525395393371582, 5210
7.535451412200928, 5209
7.535451412200928, 5208
7.535451412200928, 5207
7.545526742935181, 5206
7.545526742935181, 5205
7.545526742935181, 5204
7.55557918548584, 5203
7.565660238265991, 5202
7.565660238265991, 5201
7.565660238265991, 5200
7.578520059585571, 5199
7.58163046836853, 5198
7.596794128417969, 5197
7.606828927993774, 5196
7.616940975189209, 5195
7.616940975189209, 5194
7.616940975189209, 5193
7.626978874206543, 5192
7.637041807174683, 5191
7.6651694774627686, 5190
7.6671905517578125, 5189
7.6772425174713135, 5188
7.6772425174713135, 5187
7.6872780323028564, 5186
7.69528341293335, 5185
7.697759628295898, 5184
7.697759628295898, 5183
7.707794427871704, 5182
7.707794427871704, 5181
7.717884063720703, 5180
7.717884063720703, 5179
7.717884063720703, 5178
7.717884063720703, 5177
7.727968215942383, 5176
7.7360146045684814, 5175
7.7380759716033936, 5174
7.7380759716033936, 5173
7.7380759716033936, 5172
7.746099472045898, 5171
7.77623987197876, 5170
7.77623987197876, 5169
7.7862772941589355, 5168
7.788292646408081, 5167
7.788292646408081, 5166
7.798363208770752, 5165
7.808397054672241, 5164
7.828516244888306, 5163
7.838623523712158, 5162
7.838623523712158, 5161
7.858718395233154, 5160
7.868751764297485, 5159
7.876771926879883, 5158
7.876771926879883, 5157
7.898921966552734, 5156
7.898921966552734, 5155
7.898921966552734, 5154
7.898921966552734, 5153
7.91901707649231, 5152
7.929061651229858, 5151
7.929061651229858, 5150
7.929061651229858, 5149
7.94715142250061, 5148
7.94715142250061, 5147
7.94715142250061, 5146
7.94715142250061, 5145
7.94715142250061, 5144
7.959228515625, 5143
7.96926212310791, 5142
7.979322195053101, 5141
7.989388942718506, 5140
7.999433517456055, 5139
8.007453203201294, 5138
8.019515752792358, 5137
8.029547929763794, 5136
8.039618492126465, 5135
8.039618492126465, 5134
8.069732666015625, 5133
8.069732666015625, 5132
8.069732666015625, 5131
8.07778286933899, 5130
8.089879989624023, 5129
8.089879989624023, 5128
8.089879989624023, 5127
8.089879989624023, 5126
8.110018253326416, 5125
8.110018253326416, 5124
8.110018253326416, 5123
8.120086908340454, 5122
8.120086908340454, 5121
8.120086908340454, 5120
8.140267133712769, 5119
8.140267133712769, 5118
8.148286819458008, 5117
8.15030288696289, 5116
8.160358428955078, 5115
8.17039442062378, 5114
8.17039442062378, 5113
8.180912494659424, 5112
8.180912494659424, 5111
8.190991640090942, 5110
8.201048135757446, 5109
8.201048135757446, 5108
8.201048135757446, 5107
8.221152544021606, 5106
8.231185674667358, 5105
8.241265773773193, 5104
8.241265773773193, 5103
8.241265773773193, 5102
8.251304149627686, 5101
8.261337280273438, 5100
8.261351108551025, 5099
8.261351108551025, 5098
8.261351108551025, 5097
8.269402980804443, 5096
8.281459093093872, 5095
8.281459093093872, 5094
8.291507959365845, 5093
8.302015781402588, 5092
8.330169200897217, 5091
8.34226393699646, 5090
8.35230016708374, 5089
8.370388984680176, 5088
8.372429132461548, 5087
8.372429132461548, 5086
8.380475044250488, 5085
8.392527103424072, 5084
8.392527103424072, 5083
8.402583837509155, 5082
8.402583837509155, 5081
8.402583837509155, 5080
8.402583837509155, 5079
8.422670602798462, 5078
8.422670602798462, 5077
8.44277310371399, 5076
8.452811002731323, 5075
8.452811002731323, 5074
8.452811002731323, 5073
8.452811002731323, 5072
8.462851524353027, 5071
8.470906257629395, 5070
8.472925424575806, 5069
8.472925424575806, 5068
8.480957984924316, 5067
8.482978820800781, 5066
8.482978820800781, 5065
8.490999937057495, 5064
8.490999937057495, 5063
8.49301528930664, 5062
8.49301528930664, 5061
8.49301528930664, 5060
8.49301528930664, 5059
8.503121852874756, 5058
8.503121852874756, 5057
8.52322506904602, 5056
8.533259391784668, 5055
8.543329954147339, 5054
8.553417205810547, 5053
8.583582401275635, 5052
8.583582401275635, 5051
8.583582401275635, 5050
8.591598987579346, 5049
8.591598987579346, 5048
8.593622922897339, 5047
8.613735437393188, 5046
8.613735437393188, 5045
8.623792171478271, 5044
8.631810903549194, 5043
8.64388132095337, 5042
8.651907205581665, 5041
8.65393352508545, 5040
8.664010047912598, 5039
8.664010047912598, 5038
8.674060821533203, 5037
8.674060821533203, 5036
8.674060821533203, 5035
8.684108972549438, 5034
8.684108972549438, 5033
8.684108972549438, 5032
8.684108972549438, 5031
8.694144010543823, 5030
8.704252004623413, 5029
8.744473695755005, 5028
8.75451111793518, 5027
8.754531145095825, 5026
8.782730340957642, 5025
8.794825077056885, 5024
8.814920902252197, 5023
8.84308671951294, 5022
8.845107078552246, 5021
8.865247011184692, 5020
8.88534665107727, 5019
8.8953857421875, 5018
8.903390645980835, 5017
8.905839681625366, 5016
8.913860082626343, 5015
8.915918111801147, 5014
8.923948526382446, 5013
8.933981657028198, 5012
8.936010360717773, 5011
8.946087121963501, 5010
8.946087121963501, 5009
8.946087121963501, 5008
8.966174602508545, 5007
8.966174602508545, 5006
8.966174602508545, 5005
8.976232767105103, 5004
8.976232767105103, 5003
9.014428853988647, 5002
9.026545763015747, 5001
9.026545763015747, 5000
9.036580562591553, 4999
9.036580562591553, 4998
9.036580562591553, 4997
9.04461407661438, 4996
9.04461407661438, 4995
9.046675443649292, 4994
9.046675443649292, 4993
9.05670976638794, 4992
9.05670976638794, 4991
9.05670976638794, 4990
9.05670976638794, 4989
9.066762685775757, 4988
9.066762685775757, 4987
9.076849460601807, 4986
9.086903810501099, 4985
9.086903810501099, 4984
9.094922542572021, 4983
9.094922542572021, 4982
9.096953868865967, 4981
9.117069959640503, 4980
9.117069959640503, 4979
9.125200271606445, 4978
9.137282133102417, 4977
9.147400379180908, 4976
9.147400379180908, 4975
9.155437707901001, 4974
9.155437707901001, 4973
9.155437707901001, 4972
9.165529489517212, 4971
9.167576789855957, 4970
9.187670230865479, 4969
9.187670230865479, 4968
9.195688247680664, 4967
9.195688247680664, 4966
9.197704076766968, 4965
9.208634614944458, 4964
9.248810529708862, 4963
9.248810529708862, 4962
9.248810529708862, 4961
9.256855964660645, 4960
9.26892900466919, 4959
9.278961181640625, 4958
9.278961181640625, 4957
9.289021730422974, 4956
9.299064874649048, 4955
9.309120178222656, 4954
9.309120178222656, 4953
9.329198598861694, 4952
9.339280366897583, 4951
9.339280366897583, 4950
9.339280366897583, 4949
9.35739803314209, 4948
9.35739803314209, 4947
9.35943055152893, 4946
9.36949872970581, 4945
9.36949872970581, 4944
9.36949872970581, 4943
9.379537582397461, 4942
9.379537582397461, 4941
9.379537582397461, 4940
9.387577533721924, 4939
9.389598608016968, 4938
9.399634838104248, 4937
9.417709827423096, 4936
9.4197256565094, 4935
9.429763793945312, 4934
9.439846754074097, 4933
9.447881937026978, 4932
9.459996700286865, 4931
9.459996700286865, 4930
9.459996700286865, 4929
9.459996700286865, 4928
9.47004508972168, 4927
9.47004508972168, 4926
9.480077743530273, 4925
9.488128900527954, 4924
9.488128900527954, 4923
9.49018406867981, 4922
9.49018406867981, 4921
9.500218868255615, 4920
9.500218868255615, 4919
9.51077675819397, 4918
9.518800020217896, 4917
9.520817518234253, 4916
9.520817518234253, 4915
9.520817518234253, 4914
9.52884817123413, 4913
9.540911436080933, 4912
9.550984144210815, 4911
9.559010028839111, 4910
9.561030864715576, 4909
9.569076776504517, 4908
9.571094989776611, 4907
9.571094989776611, 4906
9.581127882003784, 4905
9.581127882003784, 4904
9.581127882003784, 4903
9.611289978027344, 4902
9.611289978027344, 4901
9.621336221694946, 4900
9.635190725326538, 4899
9.63928747177124, 4898
9.639798402786255, 4897
9.699787855148315, 4896
9.699787855148315, 4895
9.701805353164673, 4894
9.709823608398438, 4893
9.711840152740479, 4892
9.711840152740479, 4891
9.742035388946533, 4890
9.742035388946533, 4889
9.762164115905762, 4888
9.77224850654602, 4887
9.77224850654602, 4886
9.782399654388428, 4885
9.792524814605713, 4884
9.792524814605713, 4883
9.792524814605713, 4882
9.802664279937744, 4881
9.802664279937744, 4880
9.810711145401001, 4879
9.810711145401001, 4878
9.812774419784546, 4877
9.833009719848633, 4876
9.853454113006592, 4875
9.853454113006592, 4874
9.863611459732056, 4873
9.863611459732056, 4872
9.87377381324768, 4871
9.883911371231079, 4870
9.90430474281311, 4869
9.914751768112183, 4868
9.933149337768555, 4867
9.933149337768555, 4866
9.945505142211914, 4865
9.955724954605103, 4864
9.966009140014648, 4863
9.976261615753174, 4862
9.98653793334961, 4861
9.98653793334961, 4860
9.98653793334961, 4859
9.99461579322815, 4858
9.996755838394165, 4857
10.007035970687866, 4856
10.007035970687866, 4855
10.007035970687866, 4854
10.007035970687866, 4853
10.015119314193726, 4852
10.01726245880127, 4851
10.027553796768188, 4850
10.045905351638794, 4849
10.048045635223389, 4848
10.058294296264648, 4847
10.058294296264648, 4846
10.06859302520752, 4845
10.06859302520752, 4844
10.076704978942871, 4843
10.078749179840088, 4842
10.078843116760254, 4841
10.089122772216797, 4840
10.089122772216797, 4839
10.097225666046143, 4838
10.109649181365967, 4837
10.109649181365967, 4836
10.109649181365967, 4835
10.1202232837677, 4834
10.1202232837677, 4833
10.128362655639648, 4832
10.128362655639648, 4831
10.130501985549927, 4830
10.140727996826172, 4829
10.151012182235718, 4828
10.151012182235718, 4827
10.174627542495728, 4826
10.174627542495728, 4825
10.179269552230835, 4824
10.179269552230835, 4823
10.201919555664062, 4822
10.212145566940308, 4821
10.222426652908325, 4820
10.232656478881836, 4819
10.232656478881836, 4818
10.242939949035645, 4817
10.253185987472534, 4816
10.253185987472534, 4815
10.263470888137817, 4814
10.263470888137817, 4813
10.263470888137817, 4812
10.281834602355957, 4811
10.283976793289185, 4810
10.283976793289185, 4809
10.294193029403687, 4808
10.304383516311646, 4807
10.304478168487549, 4806
10.304478168487549, 4805
10.31471848487854, 4804
10.32497787475586, 4803
10.345557689666748, 4802
10.345557689666748, 4801
10.345557689666748, 4800
10.366149663925171, 4799
10.376388788223267, 4798
10.376388788223267, 4797
10.376388788223267, 4796
10.376388788223267, 4795
10.376388788223267, 4794
10.384536743164062, 4793
10.386675357818604, 4792
10.396907567977905, 4791
10.396907567977905, 4790
10.405050277709961, 4789
10.407190084457397, 4788
10.417433261871338, 4787
10.417433261871338, 4786
10.417433261871338, 4785
10.435792446136475, 4784
10.437931776046753, 4783
10.45851755142212, 4782
10.466660022735596, 4781
10.47901725769043, 4780
10.47901725769043, 4779
10.489306211471558, 4778
10.489306211471558, 4777
10.497376918792725, 4776
10.49952745437622, 4775
10.49952745437622, 4774
10.509817600250244, 4773
10.509817600250244, 4772
10.520021438598633, 4771
10.528067827224731, 4770
10.530309915542603, 4769
10.530309915542603, 4768
10.550907373428345, 4767
10.5589919090271, 4766
10.561143398284912, 4765
10.561143398284912, 4764
10.571321487426758, 4763
10.581440210342407, 4762
10.589575290679932, 4761
10.612221002578735, 4760
10.612221002578735, 4759
10.632733821868896, 4758
10.632733821868896, 4757
10.64081358909607, 4756
10.653238296508789, 4755
10.681850910186768, 4754
10.69427752494812, 4753
10.722859382629395, 4752
10.725404977798462, 4751
10.725404977798462, 4750
10.733550548553467, 4749
10.735687971115112, 4748
10.743847608566284, 4747
10.743847608566284, 4746
10.745999097824097, 4745
10.756278276443481, 4744
10.76650333404541, 4743
10.77464509010315, 4742
10.776784658432007, 4741
10.776784658432007, 4740
10.797298431396484, 4739
10.797298431396484, 4738
10.80752420425415, 4737
10.815661907196045, 4736
10.817808628082275, 4735
10.817808628082275, 4734
10.82803726196289, 4733
10.82803726196289, 4732
10.82803726196289, 4731
10.838328838348389, 4730
10.846400022506714, 4729
10.854362726211548, 4728
10.869465589523315, 4727
10.869465589523315, 4726
10.877604961395264, 4725
10.887762784957886, 4724
10.889910459518433, 4723
10.889910459518433, 4722
10.889910459518433, 4721
10.900199890136719, 4720
10.910422325134277, 4719
10.910422325134277, 4718
10.930920600891113, 4717
10.941206455230713, 4716
10.941206455230713, 4715
10.941206455230713, 4714
10.941206455230713, 4713
10.941206455230713, 4712
10.96977972984314, 4711
10.96977972984314, 4710
10.971917629241943, 4709
10.982207775115967, 4708
10.992423057556152, 4707
11.002707719802856, 4706
11.002707719802856, 4705
11.033474683761597, 4704
11.043766260147095, 4703
11.053986072540283, 4702
11.06427264213562, 4701
11.084811210632324, 4700
11.092912197113037, 4699
11.095053911209106, 4698
11.095053911209106, 4697
11.095053911209106, 4696
11.11340880393982, 4695
11.115553379058838, 4694
11.115553379058838, 4693
11.125837326049805, 4692
11.136070013046265, 4691
11.146261930465698, 4690
11.14635944366455, 4689
11.166883707046509, 4688
11.177128314971924, 4687
11.197679996490479, 4686
11.197679996490479, 4685
11.205779552459717, 4684
11.218160152435303, 4683
11.218160152435303, 4682
11.24887990951538, 4681
11.24887990951538, 4680
11.259104251861572, 4679
11.269382953643799, 4678
11.279633045196533, 4677
11.289915800094604, 4676
11.30013394355774, 4675
11.328801393508911, 4674
11.330940008163452, 4673
11.341488599777222, 4672
11.351776599884033, 4671
11.351776599884033, 4670
11.351776599884033, 4669
11.37235164642334, 4668
11.37235164642334, 4667
11.37235164642334, 4666
11.39285683631897, 4665
11.39285683631897, 4664
11.413366556167603, 4663
11.42357063293457, 4662
11.433867931365967, 4661
11.433867931365967, 4660
11.433867931365967, 4659
11.444095611572266, 4658
11.444095611572266, 4657
11.444095611572266, 4656
11.454374074935913, 4655
11.454374074935913, 4654
11.464619874954224, 4653
11.464619874954224, 4652
11.485156297683716, 4651
11.503540754318237, 4650
11.51598072052002, 4649
11.524083614349365, 4648
11.526237964630127, 4647
11.544609069824219, 4646
11.554767608642578, 4645
11.554767608642578, 4644
11.566914319992065, 4643
11.57499074935913, 4642
11.57499074935913, 4641
11.587222337722778, 4640
11.587222337722778, 4639
11.597366094589233, 4638
11.625649690628052, 4637
11.625649690628052, 4636
11.627706527709961, 4635
11.637813568115234, 4634
11.637813568115234, 4633
11.637813568115234, 4632
11.674993515014648, 4631
11.679118394851685, 4630
11.680172681808472, 4629
11.681183099746704, 4628
11.688294410705566, 4627
11.708518743515015, 4626
11.708518743515015, 4625
11.708518743515015, 4624
11.73681902885437, 4623
11.73681902885437, 4622
11.73887324333191, 4621
11.746927976608276, 4620
11.759068965911865, 4619
11.759068965911865, 4618
11.777239084243774, 4617
11.7894446849823, 4616
11.7894446849823, 4615
11.7894446849823, 4614
11.799580812454224, 4613
11.819761753082275, 4612
11.840408563613892, 4611
11.840408563613892, 4610
11.871137857437134, 4609
11.881417989730835, 4608
11.912153720855713, 4607
11.912153720855713, 4606
11.912153720855713, 4605
11.922441244125366, 4604
11.93264102935791, 4603
11.94291877746582, 4602
11.972200870513916, 4601
11.974342823028564, 4600
11.974342823028564, 4599
11.984610557556152, 4598
11.984610557556152, 4597
11.984610557556152, 4596
12.015398263931274, 4595
12.023540496826172, 4594
12.023540496826172, 4593
12.04407024383545, 4592
12.06671953201294, 4591
12.087240219116211, 4590
12.087240219116211, 4589
12.118059873580933, 4588
12.118059873580933, 4587
12.118059873580933, 4586
12.128343343734741, 4585
12.159083366394043, 4584
12.167150974273682, 4583
12.189601421356201, 4582
12.189601421356201, 4581
12.210131406784058, 4580
12.230349779129028, 4579
12.250818967819214, 4578
12.260956525802612, 4577
12.27915096282959, 4576
12.291659116744995, 4575
12.291659116744995, 4574
12.342900514602661, 4573
12.342900514602661, 4572
12.350952386856079, 4571
12.35300898551941, 4570
12.363129377365112, 4569
12.393425464630127, 4568
12.421754121780396, 4567
12.431869745254517, 4566
12.43392562866211, 4565
12.472358226776123, 4564
12.492515802383423, 4563
12.52381157875061, 4562
12.53941035270691, 4561
12.59238338470459, 4560
12.608059167861938, 4559
12.623688697814941, 4558
12.623688697814941, 4557
12.639310121536255, 4556
12.639310121536255, 4555
12.654935121536255, 4554
12.654935121536255, 4553
12.670568227767944, 4552
12.694955587387085, 4551
12.733868837356567, 4550
12.776671648025513, 4549
12.807195663452148, 4548
12.837728023529053, 4547
12.847971200942993, 4546
12.868470907211304, 4545
12.907557725906372, 4544
12.909696578979492, 4543
12.909696578979492, 4542
12.919961214065552, 4541
12.938309907913208, 4540
12.940370321273804, 4539
12.948446989059448, 4538
12.950576782226562, 4537
12.958719730377197, 4536
12.97106647491455, 4535
12.981350660324097, 4534
13.012049436569214, 4533
13.012049436569214, 4532
13.020190477371216, 4531
13.022334337234497, 4530
13.022334337234497, 4529
13.033142805099487, 4528
13.062997579574585, 4527
13.071110486984253, 4526
13.071110486984253, 4525
13.071110486984253, 4524
13.073251485824585, 4523
13.083476066589355, 4522
13.103981256484985, 4521
13.103981256484985, 4520
13.114253520965576, 4519
13.134764432907104, 4518
13.15526032447815, 4517
13.15526032447815, 4516
13.15526032447815, 4515
13.165813446044922, 4514
13.165813446044922, 4513
13.165813446044922, 4512
13.173954248428345, 4511
13.173954248428345, 4510
13.186171293258667, 4509
13.196454048156738, 4508
13.196454048156738, 4507
13.196454048156738, 4506
13.196454048156738, 4505
13.206692457199097, 4504
13.22507929801941, 4503
13.237506866455078, 4502
13.237506866455078, 4501
13.266122102737427, 4500
13.339918851852417, 4499
13.348008394241333, 4498
13.35014796257019, 4497
13.35014796257019, 4496
13.380942583084106, 4495
13.391160249710083, 4494
13.391160249710083, 4493
13.42190670967102, 4492
13.442412614822388, 4491
13.524463415145874, 4490
13.544971704483032, 4489
13.544971704483032, 4488
13.555203676223755, 4487
13.563344955444336, 4486
13.565486669540405, 4485
13.573571681976318, 4484
13.575617551803589, 4483
13.575716733932495, 4482
13.614626407623291, 4481
13.647549629211426, 4480
13.657761812210083, 4479
13.668041467666626, 4478
13.678259134292603, 4477
13.698762655258179, 4476
13.70690107345581, 4475
13.709040880203247, 4474
13.760363340377808, 4473
13.760363340377808, 4472
13.770642042160034, 4471
13.770642042160034, 4470
13.791552066802979, 4469
13.791552066802979, 4468
13.812127351760864, 4467
13.812127351760864, 4466
13.842860460281372, 4465
13.853157997131348, 4464
13.853157997131348, 4463
13.883871793746948, 4462
13.89415979385376, 4461
13.90437388420105, 4460
13.914655685424805, 4459
13.914655685424805, 4458
13.924898386001587, 4457
13.924898386001587, 4456
13.935063362121582, 4455
13.945266723632812, 4454
13.945266723632812, 4453
13.955545425415039, 4452
13.955545425415039, 4451
13.9657723903656, 4450
14.017233610153198, 4449
14.027459859848022, 4448
14.037755966186523, 4447
14.037755966186523, 4446
14.037755966186523, 4445
14.078769445419312, 4444
14.150543928146362, 4443
14.171082496643066, 4442
14.181369304656982, 4441
14.201881408691406, 4440
14.22026252746582, 4439
14.24291467666626, 4438
14.253147602081299, 4437
14.263444662094116, 4436
14.283974647521973, 4435
14.304492473602295, 4434
14.304492473602295, 4433
14.325004577636719, 4432
14.345508813858032, 4431
14.355746746063232, 4430
14.355746746063232, 4429
14.37411618232727, 4428
14.376261711120605, 4427
14.399884462356567, 4426
14.417975425720215, 4425
14.489775896072388, 4424
14.500066757202148, 4423
14.500066757202148, 4422
14.520639657974243, 4421
14.520639657974243, 4420
14.52871823310852, 4419
14.561643838882446, 4418
14.582154989242554, 4417
14.592375755310059, 4416
14.610731363296509, 4415
14.612871885299683, 4414
14.635270833969116, 4413
14.65577745437622, 4412
14.666062831878662, 4411
14.686583042144775, 4410
14.735708236694336, 4409
14.737846851348877, 4408
14.778873682022095, 4407
14.830256223678589, 4406
14.838421821594238, 4405
14.858962297439575, 4404
14.889562129974365, 4403
14.89171051979065, 4402
14.901924848556519, 4401
14.912209510803223, 4400
14.922455549240112, 4399
14.922455549240112, 4398
14.930608749389648, 4397
14.973719596862793, 4396
14.983948230743408, 4395
14.983948230743408, 4394
14.992088079452515, 4393
15.012907028198242, 4392
15.025260210037231, 4391
15.033400774002075, 4390
15.056017875671387, 4389
15.066237211227417, 4388
15.074380874633789, 4387
15.07652997970581, 4386
15.086768388748169, 4385
15.097058296203613, 4384
15.11540961265564, 4383
15.11755657196045, 4382
15.11755657196045, 4381
15.11755657196045, 4380
15.127779006958008, 4379
15.135918617248535, 4378
15.158568620681763, 4377
15.187192678451538, 4376
15.189340114593506, 4375
15.197481155395508, 4374
15.199618577957153, 4373
15.209855079650879, 4372
15.22806692123413, 4371
15.240494012832642, 4370
15.261029243469238, 4369
15.271252870559692, 4368
15.291661262512207, 4367
15.302063226699829, 4366
15.312287092208862, 4365
15.322571039199829, 4364
15.330668687820435, 4363
15.330668687820435, 4362
15.342987775802612, 4361
15.351061582565308, 4360
15.373710632324219, 4359
15.383990287780762, 4358
15.43521785736084, 4357
15.43521785736084, 4356
15.453660488128662, 4355
15.47629690170288, 4354
15.486583471298218, 4353
15.494658470153809, 4352
15.507078647613525, 4351
15.507078647613525, 4350
15.517297744750977, 4349
15.555960655212402, 4348
15.557992219924927, 4347
15.568283557891846, 4346
15.578515529632568, 4345
15.59904146194458, 4344
15.609317541122437, 4343
15.609317541122437, 4342
15.617364883422852, 4341
15.619841814041138, 4340
15.640367031097412, 4339
15.640367031097412, 4338
15.648509979248047, 4337
15.660897731781006, 4336
15.691676378250122, 4335
15.701903343200684, 4334
15.701903343200684, 4333
15.732685327529907, 4332
15.784078359603882, 4331
15.814852714538574, 4330
15.823017597198486, 4329
15.825164318084717, 4328
15.853862047195435, 4327
15.876586675643921, 4326
15.876586675643921, 4325
15.884729146957397, 4324
15.886866331100464, 4323
15.8970947265625, 4322
15.958631753921509, 4321
15.968910932540894, 4320
15.968910932540894, 4319
15.976997137069702, 4318
15.987276792526245, 4317
15.989323139190674, 4316
15.989418268203735, 4315
15.999536514282227, 4314
16.00991463661194, 4313
16.050906896591187, 4312
16.092020750045776, 4311
16.120630979537964, 4310
16.133063077926636, 4309
16.133063077926636, 4308
16.133063077926636, 4307
16.2870512008667, 4306
16.336047172546387, 4305
16.3565456867218, 4304
16.387285947799683, 4303
16.43041467666626, 4302
16.43041467666626, 4301
16.43041467666626, 4300
16.45095682144165, 4299
16.45095682144165, 4298
16.461244344711304, 4297
16.510321617126465, 4296
16.56472873687744, 4295
16.584295511245728, 4294
16.6561062335968, 4293
16.697118282318115, 4292
16.697118282318115, 4291
16.697118282318115, 4290
16.715502738952637, 4289
16.737995862960815, 4288
16.799530506134033, 4287
16.80767011642456, 4286
16.80980896949768, 4285
16.840864896774292, 4284
16.879759788513184, 4283
16.902437925338745, 4282
16.943345546722412, 4281
16.994701623916626, 4280
17.002789735794067, 4279
17.004929065704346, 4278
17.03570795059204, 4277
17.06649351119995, 4276
17.06649351119995, 4275
17.06649351119995, 4274
17.07677149772644, 4273
17.117868423461914, 4272
17.132786750793457, 4271
17.169439792633057, 4270
17.189898014068604, 4269
17.24106216430664, 4268
17.27187967300415, 4267
17.292314529418945, 4266
17.32311177253723, 4265
17.32311177253723, 4264
17.341472148895264, 4263
17.361974954605103, 4262
17.405072450637817, 4261
17.405072450637817, 4260
17.405072450637817, 4259
17.415290117263794, 4258
17.425570726394653, 4257
17.44392204284668, 4256
17.46688413619995, 4255
17.505833625793457, 4254
17.50797700881958, 4253
17.528486728668213, 4252
17.538702964782715, 4251
17.54900550842285, 4250
17.579730987548828, 4249
17.590015411376953, 4248
17.651542901992798, 4247
17.651542901992798, 4246
17.680158138275146, 4245
17.70279622077942, 4244
17.794957637786865, 4243
17.835599660873413, 4242
17.835599660873413, 4241
17.84366250038147, 4240
17.86596918106079, 4239
17.87411904335022, 4238
17.88639187812805, 4237
17.916996717453003, 4236
17.998035192489624, 4235
17.998035192489624, 4234
18.028337717056274, 4233
18.109533548355103, 4232
18.14802837371826, 4231
18.15010118484497, 4230
18.15010118484497, 4229
18.170437335968018, 4228
18.200863122940063, 4227
18.241331100463867, 4226
18.292236328125, 4225
18.3003830909729, 4224
18.312751293182373, 4223
18.35349726676941, 4222
18.35349726676941, 4221
18.371872901916504, 4220
18.37401580810547, 4219
18.37401580810547, 4218
18.382179737091064, 4217
18.38431167602539, 4216
18.394538640975952, 4215
18.4026780128479, 4214
18.435612201690674, 4213
18.497265815734863, 4212
18.507559776306152, 4211
18.569101810455322, 4210
18.690186023712158, 4209
18.692332983016968, 4208
18.720824003219604, 4207
18.743502616882324, 4206
18.761865854263306, 4205
18.761865854263306, 4204
18.794791221618652, 4203
18.846062898635864, 4202
18.854209899902344, 4201
18.88707685470581, 4200
18.88707685470581, 4199
18.917877197265625, 4198
18.936583995819092, 4197
19.000247955322266, 4196
19.03097939491272, 4195
19.051485300064087, 4194
19.061774253845215, 4193
19.07202172279358, 4192
19.082216262817383, 4191
19.090304136276245, 4190
19.110511302947998, 4189
19.18416738510132, 4188
19.204642295837402, 4187
19.223032236099243, 4186
19.255953788757324, 4185
19.286771774291992, 4184
19.2973313331604, 4183
19.346396684646606, 4182
19.358800172805786, 4181
19.366942644119263, 4180
19.420343160629272, 4179
19.438769578933716, 4178
19.451197862625122, 4177
19.490137100219727, 4176
19.54357671737671, 4175
19.553853750228882, 4174
19.564074993133545, 4173
19.656435251235962, 4172
19.70768117904663, 4171
19.71796417236328, 4170
19.74872136116028, 4169
19.74872136116028, 4168
19.75686526298523, 4167
19.830758333206177, 4166
19.849138498306274, 4165
19.903048515319824, 4164
20.034608840942383, 4163
20.03677535057068, 4162
20.067659378051758, 4161
20.067659378051758, 4160
20.088145971298218, 4159
20.198845624923706, 4158
20.30343222618103, 4157
20.39557647705078, 4156
20.426320791244507, 4155
20.43652081489563, 4154
20.477455854415894, 4153
20.495823860168457, 4152
20.508217096328735, 4151
20.516294717788696, 4150
20.518440008163452, 4149
20.557634592056274, 4148
20.59881854057312, 4147
20.665363788604736, 4146
20.681028127670288, 4145
20.69665265083313, 4144
20.781365394592285, 4143
21.030245304107666, 4142
21.207728385925293, 4141
21.228588342666626, 4140
21.33247709274292, 4139
21.384252309799194, 4138
21.601946115493774, 4137
21.760457038879395, 4136
22.048341751098633, 4135
22.07122778892517, 4134
22.21887230873108, 4133
22.34799885749817, 4132
22.420992612838745, 4131
22.70850920677185, 4130
22.832082748413086, 4129
23.4307279586792, 4128
23.4307279586792, 4127
23.441088914871216, 4126
23.51385807991028, 4125
23.814143896102905, 4124
24.156709671020508, 4123
24.198703289031982, 4122
24.209151029586792, 4121
24.31162929534912, 4120
24.34275460243225, 4119
24.55155897140503, 4118
24.59325671195984, 4117
24.819164752960205, 4116
25.25862741470337, 4115
25.47787356376648, 4114
25.81846570968628, 4113
26.783948183059692, 4112
27.09966802597046, 4111
27.270687341690063, 4110
27.3333101272583, 4109
28.19832944869995, 4108
29.269986152648926, 4107
29.674965858459473, 4106
30.246077299118042, 4105
30.264887809753418, 4104
30.802624702453613, 4103
30.83428382873535, 4102
30.856794118881226, 4101
30.89807391166687, 4100
30.94957661628723, 4099
31.00880527496338, 4098
31.05192542076111, 4097
31.267337322235107, 4096
31.6474871635437, 4095
31.6474871635437, 4094
31.668009996414185, 4093
31.6884663105011, 4092
31.70901131629944, 4091
31.788965225219727, 4090
31.791104078292847, 4089
31.80135679244995, 4088
31.908536672592163, 4087
31.95540952682495, 4086
31.971033811569214, 4085
32.08671975135803, 4084
32.117133378982544, 4083
32.208893060684204, 4082
32.27035641670227, 4081
32.301132678985596, 4080
32.383116245269775, 4079
32.383116245269775, 4078
32.42459988594055, 4077
32.442978620529175, 4076
32.504637718200684, 4075
32.52706718444824, 4074
32.52706718444824, 4073
32.61903262138367, 4072
32.62717652320862, 4071
32.68064999580383, 4070
32.77542996406555, 4069
32.898346185684204, 4068
32.898346185684204, 4067
32.906450271606445, 4066
32.937248945236206, 4065
32.94750690460205, 4064
32.9700083732605, 4063
33.024173974990845, 4062
33.039804458618164, 4061
33.08670163154602, 4060
33.397876024246216, 4059
33.43844747543335, 4058
33.48916006088257, 4057
33.50937867164612, 4056
33.50937867164612, 4055
33.6427264213562, 4054
33.683714151382446, 4053
33.877312660217285, 4052
33.89293622970581, 4051
33.96839189529419, 4050
33.97861623764038, 4049
34.00740075111389, 4048
34.2848801612854, 4047
34.30317497253418, 4046
34.44664120674133, 4045
34.530783891677856, 4044
34.695082664489746, 4043
34.79826879501343, 4042
34.871185064315796, 4041
34.88139605522156, 4040
34.963072538375854, 4039
35.044734477996826, 4038
35.126728534698486, 4037
35.216705322265625, 4036
35.219024419784546, 4035
35.370572090148926, 4034
35.38313555717468, 4033
35.746893882751465, 4032
35.765214920043945, 4031
35.80829572677612, 4030
35.97268295288086, 4029
35.98292303085327, 4028
35.98292303085327, 4027
36.032132148742676, 4026
36.21867632865906, 4025
36.331610918045044, 4024
36.526769399642944, 4023
36.760297775268555, 4022
36.893553256988525, 4021
37.19479489326477, 4020
37.39043641090393, 4019
37.452943563461304, 4018
37.62231922149658, 4017
37.62231922149658, 4016
37.69842767715454, 4015
37.72676467895508, 4014
37.84093928337097, 4013
37.85118389129639, 4012
37.902565717697144, 4011
37.94137525558472, 4010
37.94362139701843, 4009
37.96175026893616, 4008
38.21747016906738, 4007
38.27656030654907, 4006
38.38086795806885, 4005
38.686365604400635, 4004
38.82983326911926, 4003
38.8815062046051, 4002
39.08654856681824, 4001
39.12948966026306, 4000
39.372557163238525, 3999
39.37465500831604, 3998
39.41554856300354, 3997
39.75163006782532, 3996
40.620134592056274, 3995
40.85829305648804, 3994
40.930084228515625, 3993
40.991546392440796, 3992
41.381683349609375, 3991
41.4965295791626, 3990
41.56836915016174, 3989
41.62776589393616, 3988
42.020113945007324, 3987
42.327653884887695, 3986
42.39950752258301, 3985
42.479315757751465, 3984
42.6869158744812, 3983
42.75917601585388, 3982
42.8595552444458, 3981
43.34425759315491, 3980
43.365052223205566, 3979
43.53954243659973, 3978
43.629605293273926, 3977
43.961004972457886, 3976
44.06541633605957, 3975
44.19765305519104, 3974
44.33028554916382, 3973
44.875304222106934, 3972
45.277260303497314, 3971
45.30589985847473, 3970
45.36743521690369, 3969
45.55995559692383, 3968
45.78797459602356, 3967
46.157058000564575, 3966
46.198065996170044, 3965
46.91628646850586, 3964
47.54310178756714, 3963
48.24054718017578, 3962
49.629892110824585, 3961
49.80364537239075, 3960
50.275850772857666, 3959
50.368778705596924, 3958
51.270782232284546, 3957
51.70113182067871, 3956
51.937554597854614, 3955
57.09328031539917, 3954
58.602898836135864, 3953
58.634329080581665, 3952
61.5411262512207, 3951
63.132328748703, 3950
63.629923582077026, 3949
63.92772102355957, 3948
64.41954135894775, 3947
64.80383038520813, 3946
65.39865493774414, 3945
66.23825192451477, 3944
68.02871012687683, 3943
68.96274328231812, 3942
69.58833479881287, 3941
70.19528150558472, 3940
70.2392909526825, 3939
70.30178785324097, 3938
74.85604500770569, 3937
78.00478649139404, 3936
79.42910408973694, 3935
79.7664680480957, 3934
80.79749631881714, 3933
80.91023206710815, 3932
82.14085578918457, 3931
86.66953873634338, 3930
115.15602898597717, 3929
