0.1855623722076416, 7610
0.1855623722076416, 7609
0.1936178207397461, 7608
0.19564580917358398, 7607
0.19564580917358398, 7606
0.19564580917358398, 7605
0.2037363052368164, 7604
0.2058255672454834, 7603
0.2058255672454834, 7602
0.2058255672454834, 7601
0.21609783172607422, 7600
0.21609783172607422, 7599
0.21609783172607422, 7598
0.22632074356079102, 7597
0.22632074356079102, 7596
0.22632074356079102, 7595
0.23449492454528809, 7594
0.23660945892333984, 7593
0.23660945892333984, 7592
0.244706392288208, 7591
0.24680185317993164, 7590
0.24680185317993164, 7589
0.24680185317993164, 7588
0.2570974826812744, 7587
0.2570974826812744, 7586
0.2570974826812744, 7585
0.2651956081390381, 7584
0.26729369163513184, 7583
0.26729369163513184, 7582
0.2754025459289551, 7581
0.277498722076416, 7580
0.277498722076416, 7579
0.277498722076416, 7578
0.28561902046203613, 7577
0.2877156734466553, 7576
0.2877156734466553, 7575
0.2877156734466553, 7574
0.2958548069000244, 7573
0.297954797744751, 7572
0.297954797744751, 7571
0.297954797744751, 7570
0.3081474304199219, 7569
0.3081474304199219, 7568
0.3081474304199219, 7567
0.3081474304199219, 7566
0.31841516494750977, 7565
0.3265187740325928, 7564
0.328615665435791, 7563
0.328615665435791, 7562
0.33887672424316406, 7561
0.33887672424316406, 7560
0.34700751304626465, 7559
0.3491039276123047, 7558
0.3491039276123047, 7557
0.3491039276123047, 7556
0.359421968460083, 7555
0.359421968460083, 7554
0.359421968460083, 7553
0.3675210475921631, 7552
0.3696165084838867, 7551
0.3696165084838867, 7550
0.3696165084838867, 7549
0.3777587413787842, 7548
0.37985754013061523, 7547
0.37985754013061523, 7546
0.37985754013061523, 7545
0.39005303382873535, 7544
0.39005303382873535, 7543
0.39005303382873535, 7542
0.39821481704711914, 7541
0.4003171920776367, 7540
0.4003171920776367, 7539
0.4003171920776367, 7538
0.4084756374359131, 7537
0.41057562828063965, 7536
0.41057562828063965, 7535
0.41057562828063965, 7534
0.41875505447387695, 7533
0.4208548069000244, 7532
0.4208548069000244, 7531
0.4208548069000244, 7530
0.4289524555206299, 7529
0.43105030059814453, 7528
0.43105030059814453, 7527
0.43105030059814453, 7526
0.4391756057739258, 7525
0.441272497177124, 7524
0.441272497177124, 7523
0.44937777519226074, 7522
0.4514732360839844, 7521
0.4514732360839844, 7520
0.4514732360839844, 7519
0.4596562385559082, 7518
0.46175575256347656, 7517
0.46175575256347656, 7516
0.46987342834472656, 7515
0.4719724655151367, 7514
0.4719724655151367, 7513
0.4801607131958008, 7512
0.4801607131958008, 7511
0.48227429389953613, 7510
0.48227429389953613, 7509
0.49247026443481445, 7508
0.49247026443481445, 7507
0.49247026443481445, 7506
0.5006191730499268, 7505
0.5027215480804443, 7504
0.5027215480804443, 7503
0.5108180046081543, 7502
0.5129134654998779, 7501
0.5129134654998779, 7500
0.5129134654998779, 7499
0.520979642868042, 7498
0.5234918594360352, 7497
0.5234918594360352, 7496
0.5234918594360352, 7495
0.5336761474609375, 7494
0.5336761474609375, 7493
0.5417799949645996, 7492
0.5438723564147949, 7491
0.5438723564147949, 7490
0.5438723564147949, 7489
0.5519680976867676, 7488
0.5712151527404785, 7487
0.574554443359375, 7486
0.5769896507263184, 7485
0.578120231628418, 7484
0.5848400592803955, 7483
0.5848400592803955, 7482
0.5848400592803955, 7481
0.595003604888916, 7480
0.595085620880127, 7479
0.595085620880127, 7478
0.595085620880127, 7477
0.6031980514526367, 7476
0.6052937507629395, 7475
0.6052937507629395, 7474
0.6052937507629395, 7473
0.6134493350982666, 7472
0.6155505180358887, 7471
0.6155505180358887, 7470
0.6155505180358887, 7469
0.6257462501525879, 7468
0.6257462501525879, 7467
0.6257462501525879, 7466
0.6359999179840088, 7465
0.6359999179840088, 7464
0.6359999179840088, 7463
0.6359999179840088, 7462
0.6462175846099854, 7461
0.6462175846099854, 7460
0.6462175846099854, 7459
0.6564924716949463, 7458
0.6564924716949463, 7457
0.6564924716949463, 7456
0.6666851043701172, 7455
0.6666851043701172, 7454
0.6666851043701172, 7453
0.6769576072692871, 7452
0.6769886016845703, 7451
0.6769886016845703, 7450
0.687185525894165, 7449
0.687185525894165, 7448
0.6953797340393066, 7447
0.6974320411682129, 7446
0.6974320411682129, 7445
0.7076518535614014, 7444
0.7076518535614014, 7443
0.7076518535614014, 7442
0.7157614231109619, 7441
0.7178618907928467, 7440
0.7178618907928467, 7439
0.7178618907928467, 7438
0.7280580997467041, 7437
0.7280580997467041, 7436
0.7280580997467041, 7435
0.7362017631530762, 7434
0.7383015155792236, 7433
0.7587425708770752, 7432
0.7587425708770752, 7431
0.7587425708770752, 7430
0.7668633460998535, 7429
0.7689595222473145, 7428
0.7689595222473145, 7427
0.7770256996154785, 7426
0.7792668342590332, 7425
0.7792668342590332, 7424
0.7792668342590332, 7423
0.7873654365539551, 7422
0.7894628047943115, 7421
0.7894628047943115, 7420
0.7976524829864502, 7419
0.7997548580169678, 7418
0.7997548580169678, 7417
0.7997548580169678, 7416
0.7997548580169678, 7415
0.8099465370178223, 7414
0.8099465370178223, 7413
0.8180811405181885, 7412
0.8201806545257568, 7411
0.8201806545257568, 7410
0.8304135799407959, 7409
0.8304135799407959, 7408
0.8304135799407959, 7407
0.8385682106018066, 7406
0.840662956237793, 7405
0.840662956237793, 7404
0.840662956237793, 7403
0.8508434295654297, 7402
0.8508434295654297, 7401
0.8508434295654297, 7400
0.8611404895782471, 7399
0.869232177734375, 7398
0.8713231086730957, 7397
0.8816163539886475, 7396
0.8816163539886475, 7395
0.8816163539886475, 7394
0.8897387981414795, 7393
0.8918354511260986, 7392
0.8918354511260986, 7391
0.8918354511260986, 7390
0.9020705223083496, 7389
0.9122700691223145, 7388
0.9122700691223145, 7387
0.9204146862030029, 7386
0.9225170612335205, 7385
0.9225170612335205, 7384
0.9225170612335205, 7383
0.9327106475830078, 7382
0.9327106475830078, 7381
0.943016529083252, 7380
0.943016529083252, 7379
0.943016529083252, 7378
0.943016529083252, 7377
0.9511144161224365, 7376
0.9532146453857422, 7375
0.9532146453857422, 7374
0.9634332656860352, 7373
0.9634332656860352, 7372
0.9715309143066406, 7371
0.9736521244049072, 7370
0.9736521244049072, 7369
0.9736521244049072, 7368
0.9839498996734619, 7367
0.9839498996734619, 7366
0.9839498996734619, 7365
0.9941418170928955, 7364
0.9941418170928955, 7363
0.9941418170928955, 7362
0.9941418170928955, 7361
1.0022847652435303, 7360
1.004408836364746, 7359
1.004408836364746, 7358
1.0125062465667725, 7357
1.0146026611328125, 7356
1.0146026611328125, 7355
1.0248091220855713, 7354
1.0248091220855713, 7353
1.0248091220855713, 7352
1.0329082012176514, 7351
1.0350263118743896, 7350
1.0452721118927002, 7349
1.0452721118927002, 7348
1.0452721118927002, 7347
1.0452721118927002, 7346
1.0554654598236084, 7345
1.0554654598236084, 7344
1.0554654598236084, 7343
1.0554654598236084, 7342
1.0636570453643799, 7341
1.0657613277435303, 7340
1.0657613277435303, 7339
1.073859453201294, 7338
1.0759575366973877, 7337
1.0759575366973877, 7336
1.0759575366973877, 7335
1.084120512008667, 7334
1.0862174034118652, 7333
1.0862174034118652, 7332
1.0862174034118652, 7331
1.0943357944488525, 7330
1.0964367389678955, 7329
1.0964367389678955, 7328
1.1045024394989014, 7327
1.1066832542419434, 7326
1.1066832542419434, 7325
1.1066832542419434, 7324
1.1147799491882324, 7323
1.1168794631958008, 7322
1.1168794631958008, 7321
1.1168794631958008, 7320
1.1249456405639648, 7319
1.1275198459625244, 7318
1.1275198459625244, 7317
1.1275198459625244, 7316
1.1356136798858643, 7315
1.1377043724060059, 7314
1.1458244323730469, 7313
1.1479191780090332, 7312
1.1479191780090332, 7311
1.1581342220306396, 7310
1.1581342220306396, 7309
1.166306734085083, 7308
1.1684160232543945, 7307
1.1684160232543945, 7306
1.1684160232543945, 7305
1.176508903503418, 7304
1.178612232208252, 7303
1.1868231296539307, 7302
1.1889219284057617, 7301
1.1889219284057617, 7300
1.1889219284057617, 7299
1.1991145610809326, 7298
1.2072408199310303, 7297
1.209341287612915, 7296
1.209341287612915, 7295
1.209341287612915, 7294
1.2174627780914307, 7293
1.2195663452148438, 7292
1.2298080921173096, 7291
1.2298080921173096, 7290
1.2298080921173096, 7289
1.2379076480865479, 7288
1.2400031089782715, 7287
1.250236988067627, 7286
1.250236988067627, 7285
1.250236988067627, 7284
1.2604308128356934, 7283
1.2685608863830566, 7282
1.270660161972046, 7281
1.270660161972046, 7280
1.2788095474243164, 7279
1.2809467315673828, 7278
1.2809467315673828, 7277
1.2809467315673828, 7276
1.2912161350250244, 7275
1.2912161350250244, 7274
1.2912161350250244, 7273
1.3014194965362549, 7272
1.3014194965362549, 7271
1.3095664978027344, 7270
1.3116674423217773, 7269
1.3116674423217773, 7268
1.3218715190887451, 7267
1.3218715190887451, 7266
1.3299832344055176, 7265
1.3320841789245605, 7264
1.3320841789245605, 7263
1.3320841789245605, 7262
1.3423032760620117, 7261
1.3423032760620117, 7260
1.3423032760620117, 7259
1.3504185676574707, 7258
1.3525159358978271, 7257
1.3525159358978271, 7256
1.3525159358978271, 7255
1.3627099990844727, 7254
1.3627099990844727, 7253
1.3708298206329346, 7252
1.3729252815246582, 7251
1.3831195831298828, 7250
1.3831195831298828, 7249
1.3831195831298828, 7248
1.3831195831298828, 7247
1.3913192749023438, 7246
1.3934438228607178, 7245
1.3934438228607178, 7244
1.3934438228607178, 7243
1.4036428928375244, 7242
1.4036428928375244, 7241
1.4117484092712402, 7240
1.4138436317443848, 7239
1.4138436317443848, 7238
1.4219424724578857, 7237
1.4240562915802002, 7236
1.4240562915802002, 7235
1.4240562915802002, 7234
1.432237148284912, 7233
1.434342861175537, 7232
1.434342861175537, 7231
1.434342861175537, 7230
1.4445364475250244, 7229
1.4445364475250244, 7228
1.4526464939117432, 7227
1.4547619819641113, 7226
1.4547619819641113, 7225
1.4547619819641113, 7224
1.462859869003296, 7223
1.464956521987915, 7222
1.464956521987915, 7221
1.4752237796783447, 7220
1.4752237796783447, 7219
1.4752237796783447, 7218
1.4752237796783447, 7217
1.4957213401794434, 7216
1.4957213401794434, 7215
1.505908489227295, 7214
1.505908489227295, 7213
1.5140304565429688, 7212
1.5161340236663818, 7211
1.5161340236663818, 7210
1.5242257118225098, 7209
1.5364997386932373, 7208
1.5364997386932373, 7207
1.544609785079956, 7206
1.546701192855835, 7205
1.546701192855835, 7204
1.546701192855835, 7203
1.554821491241455, 7202
1.5569205284118652, 7201
1.5569205284118652, 7200
1.5569205284118652, 7199
1.5671136379241943, 7198
1.5671136379241943, 7197
1.5752363204956055, 7196
1.577338695526123, 7195
1.577338695526123, 7194
1.577338695526123, 7193
1.58543062210083, 7192
1.587522029876709, 7191
1.587522029876709, 7190
1.587522029876709, 7189
1.597787857055664, 7188
1.597787857055664, 7187
1.6059072017669678, 7186
1.6080031394958496, 7185
1.6161210536956787, 7184
1.6182191371917725, 7183
1.6182191371917725, 7182
1.6284120082855225, 7181
1.6284120082855225, 7180
1.6284120082855225, 7179
1.6365606784820557, 7178
1.6386892795562744, 7177
1.6591293811798096, 7176
1.6672325134277344, 7175
1.669335126876831, 7174
1.669335126876831, 7173
1.669335126876831, 7172
1.6795618534088135, 7171
1.688232660293579, 7170
1.6986987590789795, 7169
1.7008039951324463, 7168
1.7008039951324463, 7167
1.7111248970031738, 7166
1.7111248970031738, 7165
1.7192931175231934, 7164
1.7294867038726807, 7163
1.731780767440796, 7162
1.7424843311309814, 7161
1.7424843311309814, 7160
1.7527847290039062, 7159
1.7527847290039062, 7158
1.7527847290039062, 7157
1.7630510330200195, 7156
1.7630510330200195, 7155
1.7630510330200195, 7154
1.773359775543213, 7153
1.7836568355560303, 7152
1.793952226638794, 7151
1.793952226638794, 7150
1.8043220043182373, 7149
1.8147094249725342, 7148
1.833254098892212, 7147
1.833254098892212, 7146
1.8434317111968994, 7145
1.845597505569458, 7144
1.845597505569458, 7143
1.8558838367462158, 7142
1.8558838367462158, 7141
1.8640425205230713, 7140
1.866142749786377, 7139
1.866142749786377, 7138
1.8967039585113525, 7137
1.8967039585113525, 7136
1.904879093170166, 7135
1.9152255058288574, 7134
1.917388677597046, 7133
1.917388677597046, 7132
1.9276583194732666, 7131
1.9276583194732666, 7130
1.9378769397735596, 7129
1.946112871170044, 7128
1.9483075141906738, 7127
1.9483075141906738, 7126
1.9586589336395264, 7125
1.9793415069580078, 7124
1.9896724224090576, 7123
1.9896724224090576, 7122
1.9896724224090576, 7121
1.9999847412109375, 7120
2.010343074798584, 7119
2.020674467086792, 7118
2.020674467086792, 7117
2.028848648071289, 7116
2.030996322631836, 7115
2.030996322631836, 7114
2.0413031578063965, 7113
2.051609992980957, 7112
2.0597503185272217, 7111
2.061924934387207, 7110
2.061924934387207, 7109
2.072260618209839, 7108
2.072260618209839, 7107
2.0804195404052734, 7106
2.0825676918029785, 7105
2.0825676918029785, 7104
2.092921733856201, 7103
2.092921733856201, 7102
2.1032323837280273, 7101
2.1114206314086914, 7100
2.113579273223877, 7099
2.113579273223877, 7098
2.123879909515381, 7097
2.134165048599243, 7096
2.134165048599243, 7095
2.1444756984710693, 7094
2.154810905456543, 7093
2.154810905456543, 7092
2.154810905456543, 7091
2.1651058197021484, 7090
2.1651058197021484, 7089
2.1733314990997314, 7088
2.1754915714263916, 7087
2.1858084201812744, 7086
2.196183681488037, 7085
2.196183681488037, 7084
2.227076768875122, 7083
2.2352616786956787, 7082
2.2374253273010254, 7081
2.2455787658691406, 7080
2.247753858566284, 7079
2.247753858566284, 7078
2.2559661865234375, 7077
2.279078722000122, 7076
2.279078722000122, 7075
2.2872555255889893, 7074
2.2894866466522217, 7073
2.2894866466522217, 7072
2.310378313064575, 7071
2.3207082748413086, 7070
2.3207082748413086, 7069
2.331188440322876, 7068
2.3416292667388916, 7067
2.3523433208465576, 7066
2.362781047821045, 7065
2.362781047821045, 7064
2.372966766357422, 7063
2.3731577396392822, 7062
2.383580446243286, 7061
2.404386043548584, 7060
2.4126269817352295, 7059
2.4148311614990234, 7058
2.4148311614990234, 7057
2.4356658458709717, 7056
2.4356658458709717, 7055
2.4460978507995605, 7054
2.4460978507995605, 7053
2.456470251083374, 7052
2.456470251083374, 7051
2.4646847248077393, 7050
2.47501540184021, 7049
2.477238655090332, 7048
2.498028039932251, 7047
2.508443832397461, 7046
2.5293266773223877, 7045
2.5502164363861084, 7044
2.558458089828491, 7043
2.5606696605682373, 7042
2.5710458755493164, 7041
2.5710458755493164, 7040
2.581307888031006, 7039
2.5917534828186035, 7038
2.600008010864258, 7037
2.602224111557007, 7036
2.602224111557007, 7035
2.6209185123443604, 7034
2.6231234073638916, 7033
2.6313371658325195, 7032
2.6335413455963135, 7031
2.6335413455963135, 7030
2.6521894931793213, 7029
2.654419183731079, 7028
2.654419183731079, 7027
2.6648757457733154, 7026
2.685570001602173, 7025
2.685570001602173, 7024
2.6937849521636963, 7023
2.7063183784484863, 7022
2.7168707847595215, 7021
2.7168707847595215, 7020
2.727144956588745, 7019
2.727144956588745, 7018
2.735334634780884, 7017
2.7375776767730713, 7016
2.745631456375122, 7015
2.747946262359619, 7014
2.7583727836608887, 7013
2.7665176391601562, 7012
2.7687554359436035, 7011
2.779182195663452, 7010
2.8102872371673584, 7009
2.8205621242523193, 7008
2.8285861015319824, 7007
2.8309199810028076, 7006
2.8309199810028076, 7005
2.8411195278167725, 7004
2.841256618499756, 7003
2.872386932373047, 7002
2.872386932373047, 7001
2.8827717304229736, 7000
2.893155574798584, 6999
2.893155574798584, 6998
2.9034032821655273, 6997
2.9116992950439453, 6996
2.913918972015381, 6995
2.913918972015381, 6994
2.922133684158325, 6993
2.9243404865264893, 6992
2.9243404865264893, 6991
2.9347620010375977, 6990
2.9347620010375977, 6989
2.9451828002929688, 6988
2.95322322845459, 6987
2.95603609085083, 6986
2.95603609085083, 6985
2.976902723312378, 6984
2.976902723312378, 6983
2.987311840057373, 6982
2.9955430030822754, 6981
2.9977428913116455, 6980
3.008145332336426, 6979
3.008145332336426, 6978
3.0185747146606445, 6977
3.0289859771728516, 6976
3.039316415786743, 6975
3.049726724624634, 6974
3.0600104331970215, 6973
3.064509868621826, 6972
3.0813148021698, 6971
3.0813148021698, 6970
3.089578628540039, 6969
3.1022095680236816, 6968
3.1104297637939453, 6967
3.1126294136047363, 6966
3.1208369731903076, 6965
3.1334540843963623, 6964
3.1416616439819336, 6963
3.14386248588562, 6962
3.14386248588562, 6961
3.1540324687957764, 6960
3.185455799102783, 6959
3.1959128379821777, 6958
3.1959128379821777, 6957
3.206327199935913, 6956
3.2146146297454834, 6955
3.2168338298797607, 6954
3.2168338298797607, 6953
3.2272541522979736, 6952
3.2272541522979736, 6951
3.2272541522979736, 6950
3.2376697063446045, 6949
3.2376697063446045, 6948
3.245875835418701, 6947
3.2562456130981445, 6946
3.2584595680236816, 6945
3.2792906761169434, 6944
3.2792906761169434, 6943
3.2792906761169434, 6942
3.2897095680236816, 6941
3.2897095680236816, 6940
3.3000621795654297, 6939
3.3000621795654297, 6938
3.3000621795654297, 6937
3.310472249984741, 6936
3.3186471462249756, 6935
3.3208632469177246, 6934
3.3208632469177246, 6933
3.3312816619873047, 6932
3.3417270183563232, 6931
3.352144956588745, 6930
3.352144956588745, 6929
3.360278606414795, 6928
3.3624868392944336, 6927
3.3624868392944336, 6926
3.372905969619751, 6925
3.372905969619751, 6924
3.372905969619751, 6923
3.39377760887146, 6922
3.4041361808776855, 6921
3.414546251296997, 6920
3.424959659576416, 6919
3.435361385345459, 6918
3.435361385345459, 6917
3.4435818195343018, 6916
3.445791721343994, 6915
3.445791721343994, 6914
3.4539988040924072, 6913
3.4561970233917236, 6912
3.4561970233917236, 6911
3.466628074645996, 6910
3.477032423019409, 6909
3.485267400741577, 6908
3.4978926181793213, 6907
3.4978926181793213, 6906
3.50601863861084, 6905
3.508129119873047, 6904
3.508129119873047, 6903
3.5289573669433594, 6902
3.5289573669433594, 6901
3.537168264389038, 6900
3.539372444152832, 6899
3.560262441635132, 6898
3.560262441635132, 6897
3.571000337600708, 6896
3.571000337600708, 6895
3.571000337600708, 6894
3.5814156532287598, 6893
3.5919032096862793, 6892
3.600114107131958, 6891
3.602320909500122, 6890
3.602320909500122, 6889
3.610483169555664, 6888
3.61271071434021, 6887
3.61271071434021, 6886
3.620924711227417, 6885
3.6335761547088623, 6884
3.643834352493286, 6883
3.6518704891204834, 6882
3.6542088985443115, 6881
3.664525270462036, 6880
3.6726744174957275, 6879
3.6850998401641846, 6878
3.695488929748535, 6877
3.70580792427063, 6876
3.716168165206909, 6875
3.716168165206909, 6874
3.7243385314941406, 6873
3.7264914512634277, 6872
3.7368335723876953, 6871
3.7449967861175537, 6870
3.747145891189575, 6869
3.765580892562866, 6868
3.7677271366119385, 6867
3.7677271366119385, 6866
3.778017282485962, 6865
3.778017282485962, 6864
3.7987027168273926, 6863
3.7987027168273926, 6862
3.806852102279663, 6861
3.809004306793213, 6860
3.809004306793213, 6859
3.8193204402923584, 6858
3.8296568393707275, 6857
3.8296568393707275, 6856
3.839986562728882, 6855
3.839986562728882, 6854
3.850295066833496, 6853
3.8606369495391846, 6852
3.870936393737793, 6851
3.870936393737793, 6850
3.870936393737793, 6849
3.881237030029297, 6848
3.891545534133911, 6847
3.901954412460327, 6846
3.901954412460327, 6845
3.901954412460327, 6844
3.9122767448425293, 6843
3.9122767448425293, 6842
3.920461416244507, 6841
3.92260479927063, 6840
3.9329609870910645, 6839
3.9329609870910645, 6838
3.9535889625549316, 6837
3.9639079570770264, 6836
3.9639079570770264, 6835
3.9720633029937744, 6834
3.974210739135742, 6833
3.974210739135742, 6832
3.9845504760742188, 6831
3.9845504760742188, 6830
3.994727373123169, 6829
4.004990577697754, 6828
4.004990577697754, 6827
4.013050079345703, 6826
4.015135765075684, 6825
4.043545722961426, 6824
4.045625925064087, 6823
4.0557732582092285, 6822
4.0557732582092285, 6821
4.066049814224243, 6820
4.076204299926758, 6819
4.076204299926758, 6818
4.084357023239136, 6817
4.0968170166015625, 6816
4.1071813106536865, 6815
4.1071813106536865, 6814
4.117376804351807, 6813
4.125554800033569, 6812
4.14615797996521, 6811
4.14823842048645, 6810
4.14823842048645, 6809
4.158430337905884, 6808
4.158430337905884, 6807
4.166559457778931, 6806
4.168631076812744, 6805
4.176727056503296, 6804
4.178777456283569, 6803
4.178777456283569, 6802
4.186793088912964, 6801
4.189505338668823, 6800
4.189505338668823, 6799
4.210094690322876, 6798
4.210094690322876, 6797
4.218284368515015, 6796
4.220349311828613, 6795
4.220349311828613, 6794
4.230642080307007, 6793
4.238728761672974, 6792
4.240809679031372, 6791
4.240809679031372, 6790
4.261289119720459, 6789
4.261289119720459, 6788
4.269455194473267, 6787
4.291950941085815, 6786
4.3125457763671875, 6785
4.330742120742798, 6784
4.332823753356934, 6783
4.351241588592529, 6782
4.3533408641815186, 6781
4.3614418506622314, 6780
4.363535165786743, 6779
4.363535165786743, 6778
4.371671915054321, 6777
4.373791456222534, 6776
4.373791456222534, 6775
4.3839240074157715, 6774
4.394144535064697, 6773
4.414580821990967, 6772
4.414580821990967, 6771
4.424753904342651, 6770
4.432878494262695, 6769
4.449036121368408, 6768
4.453194856643677, 6767
4.455403804779053, 6766
4.465700387954712, 6765
4.465700387954712, 6764
4.47606897354126, 6763
4.48429799079895, 6762
4.486454010009766, 6761
4.486454010009766, 6760
4.496703863143921, 6759
4.496703863143921, 6758
4.506982088088989, 6757
4.515118598937988, 6756
4.525508165359497, 6755
4.527671813964844, 6754
4.527671813964844, 6753
4.537956953048706, 6752
4.537956953048706, 6751
4.568841934204102, 6750
4.568841934204102, 6749
4.579084396362305, 6748
4.58936619758606, 6747
4.599703788757324, 6746
4.60793662071228, 6745
4.6101508140563965, 6744
4.6101508140563965, 6743
4.620469331741333, 6742
4.620469331741333, 6741
4.620469331741333, 6740
4.641145944595337, 6739
4.641145944595337, 6738
4.651400804519653, 6737
4.651400804519653, 6736
4.661684274673462, 6735
4.661684274673462, 6734
4.669865846633911, 6733
4.7028648853302, 6732
4.7028648853302, 6731
4.7028648853302, 6730
4.733664274215698, 6729
4.744096040725708, 6728
4.744096040725708, 6727
4.75230598449707, 6726
4.754558563232422, 6725
4.754558563232422, 6724
4.76488471031189, 6723
4.76488471031189, 6722
4.773075103759766, 6721
4.775177001953125, 6720
4.804225921630859, 6719
4.8451759815216064, 6718
4.847279071807861, 6717
4.857489109039307, 6716
4.867621421813965, 6715
4.887986183166504, 6714
4.898196458816528, 6713
4.908405065536499, 6712
4.91869592666626, 6711
4.939344167709351, 6710
4.949636459350586, 6709
4.949636459350586, 6708
4.957828044891357, 6707
4.968163013458252, 6706
4.970263719558716, 6705
5.001212120056152, 6704
5.011500597000122, 6703
5.011500597000122, 6702
5.021841526031494, 6701
5.021841526031494, 6700
5.029975414276123, 6699
5.032127618789673, 6698
5.042445421218872, 6697
5.052725791931152, 6696
5.060933351516724, 6695
5.063081741333008, 6694
5.063081741333008, 6693
5.083727121353149, 6692
5.104413032531738, 6691
5.104413032531738, 6690
5.104413032531738, 6689
5.124951362609863, 6688
5.133105278015137, 6687
5.143471717834473, 6686
5.145617485046387, 6685
5.145617485046387, 6684
5.1559343338012695, 6683
5.1559343338012695, 6682
5.166201829910278, 6681
5.176525831222534, 6680
5.176525831222534, 6679
5.186845302581787, 6678
5.186845302581787, 6677
5.186845302581787, 6676
5.22791600227356, 6675
5.236071348190308, 6674
5.236071348190308, 6673
5.248461723327637, 6672
5.268995761871338, 6671
5.287339687347412, 6670
5.289404392242432, 6669
5.297494888305664, 6668
5.2995827198028564, 6667
5.309819936752319, 6666
5.317884922027588, 6665
5.319956064224243, 6664
5.330155372619629, 6663
5.3485424518585205, 6662
5.350661039352417, 6661
5.3608667850494385, 6660
5.368999719619751, 6659
5.371084928512573, 6658
5.3812456130981445, 6657
5.391469240188599, 6656
5.399549961090088, 6655
5.401626110076904, 6654
5.412228345870972, 6653
5.420330047607422, 6652
5.442702531814575, 6651
5.450928449630737, 6650
5.463232517242432, 6649
5.463232517242432, 6648
5.471335172653198, 6647
5.473536014556885, 6646
5.481591463088989, 6645
5.483661651611328, 6644
5.483661651611328, 6643
5.493927478790283, 6642
5.514289140701294, 6641
5.514289140701294, 6640
5.544727087020874, 6639
5.544727087020874, 6638
5.5550525188446045, 6637
5.563183307647705, 6636
5.575394630432129, 6635
5.575394630432129, 6634
5.585565567016602, 6633
5.585565567016602, 6632
5.595781564712524, 6631
5.626409292221069, 6630
5.6366965770721436, 6629
5.646899461746216, 6628
5.646899461746216, 6627
5.665304660797119, 6626
5.685621500015259, 6625
5.687864780426025, 6624
5.6959919929504395, 6623
5.698144435882568, 6622
5.716443777084351, 6621
5.7392051219940186, 6620
5.749402046203613, 6619
5.767759561538696, 6618
5.769834756851196, 6617
5.780043125152588, 6616
5.7881529331207275, 6615
5.798337697982788, 6614
5.80041241645813, 6613
5.80041241645813, 6612
5.810599327087402, 6611
5.820827484130859, 6610
5.820827484130859, 6609
5.841345548629761, 6608
5.841345548629761, 6607
5.859747409820557, 6606
5.861972093582153, 6605
5.861972093582153, 6604
5.872343063354492, 6603
5.88047981262207, 6602
5.88261866569519, 6601
5.892942190170288, 6600
5.9114110469818115, 6599
5.923746347427368, 6598
5.933957815170288, 6597
5.944080829620361, 6596
5.944080829620361, 6595
5.952202558517456, 6594
5.954317331314087, 6593
5.984987497329712, 6592
5.985157251358032, 6591
5.985157251358032, 6590
5.995521068572998, 6589
6.016493797302246, 6588
6.026722431182861, 6587
6.055353164672852, 6586
6.057449817657471, 6585
6.067603826522827, 6584
6.075808763504028, 6583
6.077901840209961, 6582
6.085954904556274, 6581
6.0880279541015625, 6580
6.0880279541015625, 6579
6.098300933837891, 6578
6.118755102157593, 6577
6.118755102157593, 6576
6.126835107803345, 6575
6.128912687301636, 6574
6.139156341552734, 6573
6.1472392082214355, 6572
6.149306535720825, 6571
6.157442808151245, 6570
6.159522294998169, 6569
6.159522294998169, 6568
6.169686555862427, 6567
6.169686555862427, 6566
6.1800196170806885, 6565
6.1800196170806885, 6564
6.190160512924194, 6563
6.190160512924194, 6562
6.200335741043091, 6561
6.208394289016724, 6560
6.21044135093689, 6559
6.21044135093689, 6558
6.218568325042725, 6557
6.220667362213135, 6556
6.220667362213135, 6555
6.230844974517822, 6554
6.249175310134888, 6553
6.251276969909668, 6552
6.2595131397247314, 6551
6.261623859405518, 6550
6.261623859405518, 6549
6.271839141845703, 6548
6.280036449432373, 6547
6.292421579360962, 6546
6.292421579360962, 6545
6.292421579360962, 6544
6.312903642654419, 6543
6.323139667510986, 6542
6.323139667510986, 6541
6.333303928375244, 6540
6.333303928375244, 6539
6.341454267501831, 6538
6.351664304733276, 6537
6.3639726638793945, 6536
6.3639726638793945, 6535
6.3639726638793945, 6534
6.374168872833252, 6533
6.382380723953247, 6532
6.394596099853516, 6531
6.402712821960449, 6530
6.4048240184783936, 6529
6.435288906097412, 6528
6.44545316696167, 6527
6.455594539642334, 6526
6.455594539642334, 6525
6.463759660720825, 6524
6.465832710266113, 6523
6.476031303405762, 6522
6.476031303405762, 6521
6.496603965759277, 6520
6.525165319442749, 6519
6.527258396148682, 6518
6.537516832351685, 6517
6.558049201965332, 6516
6.558049201965332, 6515
6.558049201965332, 6514
6.568194150924683, 6513
6.58857274055481, 6512
6.5966386795043945, 6511
6.59871244430542, 6510
6.608891010284424, 6509
6.617005825042725, 6508
6.619131565093994, 6507
6.637997388839722, 6506
6.6401402950286865, 6505
6.6401402950286865, 6504
6.6401402950286865, 6503
6.65058159828186, 6502
6.65058159828186, 6501
6.669043779373169, 6500
6.681527376174927, 6499
6.699949026107788, 6498
6.712040662765503, 6497
6.712040662765503, 6496
6.722099542617798, 6495
6.722099542617798, 6494
6.722099542617798, 6493
6.732193231582642, 6492
6.742298126220703, 6491
6.742298126220703, 6490
6.742298126220703, 6489
6.752410650253296, 6488
6.752410650253296, 6487
6.752410650253296, 6486
6.752410650253296, 6485
6.7604310512542725, 6484
6.762469291687012, 6483
6.772552490234375, 6482
6.772552490234375, 6481
6.780572891235352, 6480
6.782592058181763, 6479
6.782592058181763, 6478
6.782592058181763, 6477
6.790684461593628, 6476
6.790684461593628, 6475
6.7927234172821045, 6474
6.7927234172821045, 6473
6.800763130187988, 6472
6.802782773971558, 6471
6.802782773971558, 6470
6.802782773971558, 6469
6.802782773971558, 6468
6.802782773971558, 6467
6.810847997665405, 6466
6.82293438911438, 6465
6.82293438911438, 6464
6.82293438911438, 6463
6.82293438911438, 6462
6.832998275756836, 6461
6.832998275756836, 6460
6.843049764633179, 6459
6.843049764633179, 6458
6.843049764633179, 6457
6.853135347366333, 6456
6.861162424087524, 6455
6.863182067871094, 6454
6.8732590675354, 6453
6.8732590675354, 6452
6.883361339569092, 6451
6.913674831390381, 6450
6.913674831390381, 6449
6.913674831390381, 6448
6.923717737197876, 6447
6.923717737197876, 6446
6.923717737197876, 6445
6.9317755699157715, 6444
6.933817148208618, 6443
6.933817148208618, 6442
6.933817148208618, 6441
6.943912982940674, 6440
6.943912982940674, 6439
6.943912982940674, 6438
6.943912982940674, 6437
6.951962947845459, 6436
6.964075803756714, 6435
6.964075803756714, 6434
6.972127437591553, 6433
6.974170207977295, 6432
6.974170207977295, 6431
6.98219895362854, 6430
6.98423171043396, 6429
6.98423171043396, 6428
6.992336988449097, 6427
6.9943928718566895, 6426
6.9943928718566895, 6425
7.002407550811768, 6424
7.004472255706787, 6423
7.014596462249756, 6422
7.014596462249756, 6421
7.034795761108398, 6420
7.034795761108398, 6419
7.034795761108398, 6418
7.042828559875488, 6417
7.042828559875488, 6416
7.042828559875488, 6415
7.0549397468566895, 6414
7.0549397468566895, 6413
7.0549397468566895, 6412
7.062963247299194, 6411
7.065040111541748, 6410
7.065040111541748, 6409
7.073103189468384, 6408
7.07513689994812, 6407
7.07513689994812, 6406
7.07513689994812, 6405
7.0851969718933105, 6404
7.0851969718933105, 6403
7.095290660858154, 6402
7.103318452835083, 6401
7.105338096618652, 6400
7.113405466079712, 6399
7.1234893798828125, 6398
7.12553071975708, 6397
7.12553071975708, 6396
7.133587837219238, 6395
7.133587837219238, 6394
7.163846731185913, 6393
7.163846731185913, 6392
7.179491996765137, 6391
7.179491996765137, 6390
7.179491996765137, 6389
7.179491996765137, 6388
7.179491996765137, 6387
7.179491996765137, 6386
7.195116758346558, 6385
7.195116758346558, 6384
7.195116758346558, 6383
7.195116758346558, 6382
7.195116758346558, 6381
7.210740327835083, 6380
7.226378440856934, 6379
7.226378440856934, 6378
7.226378440856934, 6377
7.226378440856934, 6376
7.241997480392456, 6375
7.241997480392456, 6374
7.241997480392456, 6373
7.241997480392456, 6372
7.264157772064209, 6371
7.279813289642334, 6370
7.279813289642334, 6369
7.295441389083862, 6368
7.295441389083862, 6367
7.295441389083862, 6366
7.295441389083862, 6365
7.295441389083862, 6364
7.31106162071228, 6363
7.326680898666382, 6362
7.326680898666382, 6361
7.326680898666382, 6360
7.342304468154907, 6359
7.342304468154907, 6358
7.342304468154907, 6357
7.342304468154907, 6356
7.342304468154907, 6355
7.357926845550537, 6354
7.357926845550537, 6353
7.357926845550537, 6352
7.357926845550537, 6351
7.357926845550537, 6350
7.366499423980713, 6349
7.366499423980713, 6348
7.3765857219696045, 6347
7.386660099029541, 6346
7.386660099029541, 6345
7.386660099029541, 6344
7.39471697807312, 6343
7.396748304367065, 6342
7.404785633087158, 6341
7.406806468963623, 6340
7.406806468963623, 6339
7.414889812469482, 6338
7.416948318481445, 6337
7.416948318481445, 6336
7.427072525024414, 6335
7.43720006942749, 6334
7.440223932266235, 6333
7.442345857620239, 6332
7.447583198547363, 6331
7.447583198547363, 6330
7.450110673904419, 6329
7.457564353942871, 6328
7.45862078666687, 6327
7.459661245346069, 6326
7.459661245346069, 6325
7.459661245346069, 6324
7.4677464962005615, 6323
7.4677464962005615, 6322
7.4677464962005615, 6321
7.4758241176605225, 6320
7.487910509109497, 6319
7.487910509109497, 6318
7.487910509109497, 6317
7.487910509109497, 6316
7.498020172119141, 6315
7.508111953735352, 6314
7.508111953735352, 6313
7.508111953735352, 6312
7.5182695388793945, 6311
7.5182695388793945, 6310
7.528342247009277, 6309
7.538470506668091, 6308
7.538470506668091, 6307
7.546512842178345, 6306
7.548522710800171, 6305
7.548557758331299, 6304
7.548557758331299, 6303
7.558648347854614, 6302
7.558648347854614, 6301
7.568740606307983, 6300
7.568740606307983, 6299
7.568740606307983, 6298
7.576828956604004, 6297
7.5788655281066895, 6296
7.588938474655151, 6295
7.5969719886779785, 6294
7.598979711532593, 6293
7.5989978313446045, 6292
7.5989978313446045, 6291
7.5989978313446045, 6290
7.609062194824219, 6289
7.609062194824219, 6288
7.609062194824219, 6287
7.617157697677612, 6286
7.62928032875061, 6285
7.62928032875061, 6284
7.639397621154785, 6283
7.647493124008179, 6282
7.647493124008179, 6281
7.6495232582092285, 6280
7.657598972320557, 6279
7.669696569442749, 6278
7.669696569442749, 6277
7.669696569442749, 6276
7.679799318313599, 6275
7.679799318313599, 6274
7.689863920211792, 6273
7.689863920211792, 6272
7.697871208190918, 6271
7.697930574417114, 6270
7.699965000152588, 6269
7.710031747817993, 6268
7.710031747817993, 6267
7.720186710357666, 6266
7.720186710357666, 6265
7.720186710357666, 6264
7.738295078277588, 6263
7.740358829498291, 6262
7.740358829498291, 6261
7.748423099517822, 6260
7.750486612319946, 6259
7.750486612319946, 6258
7.758604288101196, 6257
7.7606706619262695, 6256
7.7606706619262695, 6255
7.7687294483184814, 6254
7.77079176902771, 6253
7.77079176902771, 6252
7.77079176902771, 6251
7.778855085372925, 6250
7.780913829803467, 6249
7.788971424102783, 6248
7.7910332679748535, 6247
7.7910332679748535, 6246
7.7910332679748535, 6245
7.801153182983398, 6244
7.801153182983398, 6243
7.801153182983398, 6242
7.801153182983398, 6241
7.8416337966918945, 6240
7.8416337966918945, 6239
7.851743221282959, 6238
7.851743221282959, 6237
7.851743221282959, 6236
7.851743221282959, 6235
7.872403144836426, 6234
7.880485534667969, 6233
7.880485534667969, 6232
7.8825459480285645, 6231
7.8825459480285645, 6230
7.892661094665527, 6229
7.902782201766968, 6228
7.9128992557525635, 6227
7.9128992557525635, 6226
7.9230921268463135, 6225
7.9230921268463135, 6224
7.9230921268463135, 6223
7.9230921268463135, 6222
7.931149959564209, 6221
7.933207750320435, 6220
7.933207750320435, 6219
7.933207750320435, 6218
7.933207750320435, 6217
7.941265821456909, 6216
7.943325042724609, 6215
7.943325042724609, 6214
7.961532115936279, 6213
7.963582515716553, 6212
7.973705530166626, 6211
7.973705530166626, 6210
7.973705530166626, 6209
7.973705530166626, 6208
7.973705530166626, 6207
7.981762647628784, 6206
7.983821153640747, 6205
7.983821153640747, 6204
7.983821153640747, 6203
8.002040386199951, 6202
8.002040386199951, 6201
8.014288902282715, 6200
8.014288902282715, 6199
8.014288902282715, 6198
8.014288902282715, 6197
8.014288902282715, 6196
8.03453278541565, 6195
8.03453278541565, 6194
8.042584657669067, 6193
8.044625282287598, 6192
8.044625282287598, 6191
8.05469560623169, 6190
8.05469560623169, 6189
8.062772035598755, 6188
8.064814567565918, 6187
8.064814567565918, 6186
8.064814567565918, 6185
8.07488226890564, 6184
8.07488226890564, 6183
8.084989786148071, 6182
8.084989786148071, 6181
8.093035221099854, 6180
8.095056295394897, 6179
8.095056295394897, 6178
8.095056295394897, 6177
8.103118181228638, 6176
8.11527395248413, 6175
8.125406265258789, 6174
8.133455991744995, 6173
8.135488986968994, 6172
8.14560341835022, 6171
8.153666734695435, 6170
8.153666734695435, 6169
8.153666734695435, 6168
8.165768146514893, 6167
8.165768146514893, 6166
8.185951948165894, 6165
8.194010019302368, 6164
8.19605016708374, 6163
8.20412802696228, 6162
8.216192722320557, 6161
8.216192722320557, 6160
8.216192722320557, 6159
8.216192722320557, 6158
8.226325511932373, 6157
8.226325511932373, 6156
8.226325511932373, 6155
8.226325511932373, 6154
8.226325511932373, 6153
8.234368801116943, 6152
8.236404657363892, 6151
8.236404657363892, 6150
8.236404657363892, 6149
8.246512174606323, 6148
8.246512174606323, 6147
8.25661849975586, 6146
8.25661849975586, 6145
8.266749143600464, 6144
8.266749143600464, 6143
8.266749143600464, 6142
8.266749143600464, 6141
8.27478551864624, 6140
8.296971559524536, 6139
8.296971559524536, 6138
8.307077884674072, 6137
8.317145109176636, 6136
8.335303783416748, 6135
8.33732295036316, 6134
8.33732295036316, 6133
8.345383405685425, 6132
8.347428321838379, 6131
8.347428321838379, 6130
8.365541934967041, 6129
8.36757755279541, 6128
8.375603437423706, 6127
8.385713338851929, 6126
8.38774037361145, 6125
8.38774037361145, 6124
8.39780855178833, 6123
8.39780855178833, 6122
8.407909631729126, 6121
8.41799020767212, 6120
8.41799020767212, 6119
8.426104068756104, 6118
8.428139448165894, 6117
8.436171770095825, 6116
8.438192367553711, 6115
8.438192367553711, 6114
8.448274612426758, 6113
8.458340883255005, 6112
8.46886396408081, 6111
8.46886396408081, 6110
8.476916313171387, 6109
8.476916313171387, 6108
8.478941679000854, 6107
8.478941679000854, 6106
8.497084140777588, 6105
8.499104738235474, 6104
8.499104738235474, 6103
8.509214162826538, 6102
8.519304275512695, 6101
8.519304275512695, 6100
8.548635005950928, 6099
8.550671815872192, 6098
8.56074070930481, 6097
8.568787336349487, 6096
8.570823907852173, 6095
8.578854084014893, 6094
8.588905334472656, 6093
8.590924739837646, 6092
8.598962306976318, 6091
8.600990772247314, 6090
8.600990772247314, 6089
8.621142625808716, 6088
8.621142625808716, 6087
8.621142625808716, 6086
8.621142625808716, 6085
8.629243612289429, 6084
8.631296873092651, 6083
8.641365051269531, 6082
8.649404764175415, 6081
8.649404764175415, 6080
8.651443004608154, 6079
8.661519289016724, 6078
8.661519289016724, 6077
8.671648979187012, 6076
8.671648979187012, 6075
8.67970061302185, 6074
8.68173861503601, 6073
8.68173861503601, 6072
8.69182276725769, 6071
8.69182276725769, 6070
8.699845790863037, 6069
8.701889276504517, 6068
8.709940671920776, 6067
8.711974143981934, 6066
8.711974143981934, 6065
8.711974143981934, 6064
8.711974143981934, 6063
8.72002387046814, 6062
8.7220458984375, 6061
8.7220458984375, 6060
8.730143785476685, 6059
8.732194900512695, 6058
8.732194900512695, 6057
8.74225926399231, 6056
8.74225926399231, 6055
8.782597541809082, 6054
8.782597541809082, 6053
8.782597541809082, 6052
8.792654752731323, 6051
8.792654752731323, 6050
8.800689220428467, 6049
8.802734136581421, 6048
8.802734136581421, 6047
8.802734136581421, 6046
8.812839269638062, 6045
8.812839269638062, 6044
8.820859909057617, 6043
8.8228919506073, 6042
8.8228919506073, 6041
8.8228919506073, 6040
8.830981969833374, 6039
8.843127250671387, 6038
8.853188514709473, 6037
8.861221313476562, 6036
8.863292694091797, 6035
8.873359203338623, 6034
8.873359203338623, 6033
8.883430480957031, 6032
8.883430480957031, 6031
8.883430480957031, 6030
8.893540859222412, 6029
8.903594255447388, 6028
8.903594255447388, 6027
8.913678169250488, 6026
8.913678169250488, 6025
8.923737049102783, 6024
8.923737049102783, 6023
8.923737049102783, 6022
8.943938255310059, 6021
8.954034566879272, 6020
8.954034566879272, 6019
8.96408748626709, 6018
8.96408748626709, 6017
8.974190711975098, 6016
8.974190711975098, 6015
8.974190711975098, 6014
8.984295129776001, 6013
8.984295129776001, 6012
8.984295129776001, 6011
8.992346286773682, 6010
8.994373559951782, 6009
9.00241231918335, 6008
9.004443407058716, 6007
9.004443407058716, 6006
9.01455569267273, 6005
9.024619579315186, 6004
9.034770727157593, 6003
9.054952144622803, 6002
9.06501841545105, 6001
9.06501841545105, 6000
9.075561285018921, 5999
9.075561285018921, 5998
9.085644483566284, 5997
9.085644483566284, 5996
9.0937020778656, 5995
9.09574031829834, 5994
9.09574031829834, 5993
9.103786706924438, 5992
9.103786706924438, 5991
9.105825662612915, 5990
9.113884925842285, 5989
9.115925550460815, 5988
9.115925550460815, 5987
9.146198034286499, 5986
9.146198034286499, 5985
9.146198034286499, 5984
9.156292200088501, 5983
9.166369199752808, 5982
9.166369199752808, 5981
9.17441987991333, 5980
9.196600437164307, 5979
9.204634428024292, 5978
9.20665693283081, 5977
9.20665693283081, 5976
9.20665693283081, 5975
9.216734886169434, 5974
9.216734886169434, 5973
9.226800441741943, 5972
9.226800441741943, 5971
9.246994256973267, 5970
9.267166137695312, 5969
9.277288675308228, 5968
9.285325765609741, 5967
9.287357091903687, 5966
9.287357091903687, 5965
9.287357091903687, 5964
9.287357091903687, 5963
9.29543399810791, 5962
9.29746675491333, 5961
9.29746675491333, 5960
9.29746675491333, 5959
9.29746675491333, 5958
9.307536840438843, 5957
9.307536840438843, 5956
9.307536840438843, 5955
9.307536840438843, 5954
9.32568883895874, 5953
9.327709197998047, 5952
9.327709197998047, 5951
9.337860822677612, 5950
9.337860822677612, 5949
9.3559889793396, 5948
9.358010530471802, 5947
9.368080139160156, 5946
9.378167867660522, 5945
9.378167867660522, 5944
9.386188983917236, 5943
9.388236045837402, 5942
9.39832091331482, 5941
9.39832091331482, 5940
9.418474435806274, 5939
9.418474435806274, 5938
9.42650818824768, 5937
9.428535461425781, 5936
9.428535461425781, 5935
9.438674211502075, 5934
9.438674211502075, 5933
9.458805561065674, 5932
9.468898057937622, 5931
9.478979587554932, 5930
9.489086151123047, 5929
9.499220132827759, 5928
9.507262945175171, 5927
9.50929856300354, 5926
9.50929856300354, 5925
9.50929856300354, 5924
9.51737380027771, 5923
9.51941967010498, 5922
9.529491901397705, 5921
9.54763412475586, 5920
9.54965591430664, 5919
9.54965591430664, 5918
9.559732913970947, 5917
9.559732913970947, 5916
9.559732913970947, 5915
9.559732913970947, 5914
9.569798231124878, 5913
9.569798231124878, 5912
9.579869985580444, 5911
9.579869985580444, 5910
9.579869985580444, 5909
9.587913274765015, 5908
9.608065843582153, 5907
9.610103368759155, 5906
9.610103368759155, 5905
9.610103368759155, 5904
9.610103368759155, 5903
9.618149280548096, 5902
9.620187044143677, 5901
9.620187044143677, 5900
9.630266666412354, 5899
9.638367176055908, 5898
9.650501489639282, 5897
9.650501489639282, 5896
9.650501489639282, 5895
9.660624742507935, 5894
9.660624742507935, 5893
9.660624742507935, 5892
9.668670654296875, 5891
9.668670654296875, 5890
9.678762912750244, 5889
9.681345701217651, 5888
9.691496133804321, 5887
9.69965672492981, 5886
9.701764822006226, 5885
9.701764822006226, 5884
9.711928844451904, 5883
9.711928844451904, 5882
9.711928844451904, 5881
9.720012664794922, 5880
9.722106695175171, 5879
9.722106695175171, 5878
9.732230424880981, 5877
9.732230424880981, 5876
9.732230424880981, 5875
9.732230424880981, 5874
9.74038815498352, 5873
9.75261902809143, 5872
9.75261902809143, 5871
9.762820720672607, 5870
9.77299952507019, 5869
9.781161785125732, 5868
9.783238887786865, 5867
9.793436527252197, 5866
9.793436527252197, 5865
9.793436527252197, 5864
9.803569316864014, 5863
9.811542749404907, 5862
9.813880443572998, 5861
9.813880443572998, 5860
9.813880443572998, 5859
9.821983575820923, 5858
9.834285497665405, 5857
9.854657649993896, 5856
9.854657649993896, 5855
9.854657649993896, 5854
9.864814043045044, 5853
9.872919797897339, 5852
9.877830266952515, 5851
9.878916263580322, 5850
9.880009889602661, 5849
9.883753538131714, 5848
9.884824514389038, 5847
9.885913372039795, 5846
9.894147872924805, 5845
9.904300212860107, 5844
9.906336069107056, 5843
9.916524887084961, 5842
9.924586772918701, 5841
9.926670551300049, 5840
9.936842441558838, 5839
9.936842441558838, 5838
9.936842441558838, 5837
9.944930076599121, 5836
9.947014331817627, 5835
9.947014331817627, 5834
9.947014331817627, 5833
9.975449562072754, 5832
9.977524280548096, 5831
9.9856276512146, 5830
9.995788812637329, 5829
9.995788812637329, 5828
9.997867107391357, 5827
9.997867107391357, 5826
9.997867107391357, 5825
10.008042335510254, 5824
10.008042335510254, 5823
10.016119241714478, 5822
10.018195390701294, 5821
10.018195390701294, 5820
10.018195390701294, 5819
10.036412239074707, 5818
10.038493394851685, 5817
10.046557664871216, 5816
10.048636674880981, 5815
10.0587899684906, 5814
10.0587899684906, 5813
10.0587899684906, 5812
10.0587899684906, 5811
10.0587899684906, 5810
10.068977355957031, 5809
10.0770583152771, 5808
10.079133749008179, 5807
10.089269876480103, 5806
10.089269876480103, 5805
10.097349405288696, 5804
10.099426507949829, 5803
10.099426507949829, 5802
10.109562158584595, 5801
10.109562158584595, 5800
10.119713068008423, 5799
10.129857778549194, 5798
10.129857778549194, 5797
10.140010118484497, 5796
10.140010118484497, 5795
10.150179147720337, 5794
10.150179147720337, 5793
10.160334587097168, 5792
10.160334587097168, 5791
10.170517921447754, 5790
10.170517921447754, 5789
10.170517921447754, 5788
10.178591966629028, 5787
10.180667877197266, 5786
10.18876028060913, 5785
10.221325397491455, 5784
10.229436159133911, 5783
10.231512308120728, 5782
10.239589214324951, 5781
10.241665363311768, 5780
10.249768257141113, 5779
10.251845121383667, 5778
10.251845121383667, 5777
10.251845121383667, 5776
10.272212266921997, 5775
10.272212266921997, 5774
10.28240180015564, 5773
10.28240180015564, 5772
10.292974472045898, 5771
10.292974472045898, 5770
10.303166151046753, 5769
10.303166151046753, 5768
10.303166151046753, 5767
10.331652164459229, 5766
10.333759069442749, 5765
10.333759069442749, 5764
10.354190111160278, 5763
10.36229681968689, 5762
10.364399671554565, 5761
10.364399671554565, 5760
10.364399671554565, 5759
10.374629974365234, 5758
10.382734775543213, 5757
10.384835720062256, 5756
10.384835720062256, 5755
10.403106927871704, 5754
10.403106927871704, 5753
10.405207872390747, 5752
10.405207872390747, 5751
10.405207872390747, 5750
10.405207872390747, 5749
10.413329362869263, 5748
10.425636053085327, 5747
10.433751344680786, 5746
10.433751344680786, 5745
10.446061849594116, 5744
10.446061849594116, 5743
10.454184532165527, 5742
10.476720094680786, 5741
10.476720094680786, 5740
10.486926555633545, 5739
10.486926555633545, 5738
10.486926555633545, 5737
10.497164726257324, 5736
10.497164726257324, 5735
10.505267143249512, 5734
10.517578601837158, 5733
10.52568006515503, 5732
10.527786493301392, 5731
10.527786493301392, 5730
10.53794002532959, 5729
10.53794002532959, 5728
10.54814624786377, 5727
10.54814624786377, 5726
10.558368682861328, 5725
10.558368682861328, 5724
10.558368682861328, 5723
10.558368682861328, 5722
10.568573474884033, 5721
10.568573474884033, 5720
10.576696872711182, 5719
10.589006662368774, 5718
10.607339143753052, 5717
10.609442472457886, 5716
10.609442472457886, 5715
10.617559432983398, 5714
10.61966323852539, 5713
10.627769708633423, 5712
10.629870414733887, 5711
10.629870414733887, 5710
10.629870414733887, 5709
10.629870414733887, 5708
10.640044927597046, 5707
10.640044927597046, 5706
10.640044927597046, 5705
10.648152351379395, 5704
10.650253772735596, 5703
10.658381223678589, 5702
10.670702695846558, 5701
10.670702695846558, 5700
10.670702695846558, 5699
10.680939197540283, 5698
10.691145658493042, 5697
10.691145658493042, 5696
10.691145658493042, 5695
10.711585283279419, 5694
10.711585283279419, 5693
10.719701051712036, 5692
10.721803903579712, 5691
10.729907751083374, 5690
10.729907751083374, 5689
10.732009410858154, 5688
10.732009410858154, 5687
10.732009410858154, 5686
10.732009410858154, 5685
10.732009410858154, 5684
10.74214768409729, 5683
10.752389669418335, 5682
10.764292001724243, 5681
10.765581607818604, 5680
10.767951726913452, 5679
10.771807432174683, 5678
10.776371002197266, 5677
10.776371002197266, 5676
10.78304648399353, 5675
10.791126251220703, 5674
10.801383256912231, 5673
10.801383256912231, 5672
10.803463697433472, 5671
10.821765422821045, 5670
10.823837995529175, 5669
10.834052085876465, 5668
10.834052085876465, 5667
10.852354288101196, 5666
10.854434728622437, 5665
10.864581108093262, 5664
10.864581108093262, 5663
10.872685670852661, 5662
10.874776601791382, 5661
10.874776601791382, 5660
10.874776601791382, 5659
10.88492465019226, 5658
10.88492465019226, 5657
10.88492465019226, 5656
10.895461559295654, 5655
10.905624389648438, 5654
10.905624389648438, 5653
10.905624389648438, 5652
10.9137544631958, 5651
10.925981283187866, 5650
10.925981283187866, 5649
10.934075832366943, 5648
10.936151027679443, 5647
10.936151027679443, 5646
10.946300029754639, 5645
10.954399108886719, 5644
10.954399108886719, 5643
10.956478834152222, 5642
10.956478834152222, 5641
10.956478834152222, 5640
10.964568853378296, 5639
10.984904766082764, 5638
10.995089054107666, 5637
10.997166156768799, 5636
11.017533779144287, 5635
11.017533779144287, 5634
11.037861824035645, 5633
11.058215141296387, 5632
11.058215141296387, 5631
11.058215141296387, 5630
11.06836748123169, 5629
11.06836748123169, 5628
11.06836748123169, 5627
11.06836748123169, 5626
11.098850011825562, 5625
11.098850011825562, 5624
11.108996152877808, 5623
11.117156267166138, 5622
11.117156267166138, 5621
11.119234085083008, 5620
11.119234085083008, 5619
11.129381895065308, 5618
11.1395423412323, 5617
11.1395423412323, 5616
11.149708032608032, 5615
11.149708032608032, 5614
11.149708032608032, 5613
11.149708032608032, 5612
11.159883260726929, 5611
11.159883260726929, 5610
11.159883260726929, 5609
11.167956590652466, 5608
11.170064449310303, 5607
11.170064449310303, 5606
11.170064449310303, 5605
11.170064449310303, 5604
11.170064449310303, 5603
11.178169250488281, 5602
11.190397262573242, 5601
11.208642721176147, 5600
11.210716009140015, 5599
11.210716009140015, 5598
11.220945835113525, 5597
11.220945835113525, 5596
11.220945835113525, 5595
11.239235639572144, 5594
11.245351791381836, 5593
11.245455980300903, 5592
11.251635313034058, 5591
11.252813339233398, 5590
11.255069255828857, 5589
11.255069255828857, 5588
11.259622812271118, 5587
11.27191948890686, 5586
11.292239904403687, 5585
11.302404642105103, 5584
11.302404642105103, 5583
11.302404642105103, 5582
11.312666654586792, 5581
11.320740699768066, 5580
11.322813272476196, 5579
11.322813272476196, 5578
11.330972909927368, 5577
11.343196153640747, 5576
11.343196153640747, 5575
11.343196153640747, 5574
11.353376865386963, 5573
11.353376865386963, 5572
11.38393497467041, 5571
11.394124746322632, 5570
11.394124746322632, 5569
11.402206420898438, 5568
11.422564268112183, 5567
11.42463994026184, 5566
11.42463994026184, 5565
11.42463994026184, 5564
11.432804584503174, 5563
11.432804584503174, 5562
11.442956447601318, 5561
11.445042848587036, 5560
11.453125476837158, 5559
11.473456382751465, 5558
11.473456382751465, 5557
11.475534439086914, 5556
11.475534439086914, 5555
11.485682487487793, 5554
11.495839834213257, 5553
11.503926992416382, 5552
11.516537189483643, 5551
11.526683807373047, 5550
11.526683807373047, 5549
11.534832000732422, 5548
11.536911725997925, 5547
11.54706358909607, 5546
11.54706358909607, 5545
11.54706358909607, 5544
11.557226657867432, 5543
11.577616453170776, 5542
11.577616453170776, 5541
11.577616453170776, 5540
11.587767839431763, 5539
11.597960710525513, 5538
11.608110904693604, 5537
11.626357555389404, 5536
11.636609554290771, 5535
11.6488356590271, 5534
11.656946182250977, 5533
11.669183015823364, 5532
11.669183015823364, 5531
11.679336309432983, 5530
11.679336309432983, 5529
11.689505815505981, 5528
11.699678421020508, 5527
11.699678421020508, 5526
11.727990627288818, 5525
11.727990627288818, 5524
11.740196704864502, 5523
11.740196704864502, 5522
11.740196704864502, 5521
11.740196704864502, 5520
11.740196704864502, 5519
11.750317096710205, 5518
11.760432243347168, 5517
11.768485069274902, 5516
11.770538091659546, 5515
11.770538091659546, 5514
11.770538091659546, 5513
11.778642416000366, 5512
11.780714988708496, 5511
11.780714988708496, 5510
11.780714988708496, 5509
11.780714988708496, 5508
11.788769960403442, 5507
11.788769960403442, 5506
11.798897743225098, 5505
11.800946712493896, 5504
11.811063289642334, 5503
11.811063289642334, 5502
11.811063289642334, 5501
11.819148540496826, 5500
11.829261779785156, 5499
11.83132266998291, 5498
11.83132266998291, 5497
11.83132266998291, 5496
11.839449644088745, 5495
11.84151315689087, 5494
11.84151315689087, 5493
11.84151315689087, 5492
11.851634502410889, 5491
11.851634502410889, 5490
11.851634502410889, 5489
11.859691143035889, 5488
11.859691143035889, 5487
11.859691143035889, 5486
11.86174726486206, 5485
11.86174726486206, 5484
11.86174726486206, 5483
11.869809865951538, 5482
11.881990194320679, 5481
11.890047550201416, 5480
11.900178909301758, 5479
11.902233600616455, 5478
11.902233600616455, 5477
11.902233600616455, 5476
11.9102783203125, 5475
11.920406818389893, 5474
11.930525779724121, 5473
11.932589769363403, 5472
11.942736148834229, 5471
11.95079231262207, 5470
11.952847719192505, 5469
11.952847719192505, 5468
11.952847719192505, 5467
11.962978839874268, 5466
11.973093748092651, 5465
11.973093748092651, 5464
11.98371148109436, 5463
11.98371148109436, 5462
11.98371148109436, 5461
11.98371148109436, 5460
11.993820905685425, 5459
11.993820905685425, 5458
12.00189733505249, 5457
12.003950595855713, 5456
12.0140860080719, 5455
12.0140860080719, 5454
12.0140860080719, 5453
12.024251699447632, 5452
12.024251699447632, 5451
12.032308340072632, 5450
12.032308340072632, 5449
12.034360885620117, 5448
12.044555187225342, 5447
12.052612781524658, 5446
12.062764644622803, 5445
12.064819812774658, 5444
12.064819812774658, 5443
12.064819812774658, 5442
12.07287311553955, 5441
12.07287311553955, 5440
12.07287311553955, 5439
12.07287311553955, 5438
12.093033790588379, 5437
12.0950927734375, 5436
12.0950927734375, 5435
12.0950927734375, 5434
12.105216026306152, 5433
12.115327835083008, 5432
12.115327835083008, 5431
12.115327835083008, 5430
12.115327835083008, 5429
12.115327835083008, 5428
12.125836372375488, 5427
12.125836372375488, 5426
12.125836372375488, 5425
12.133895635604858, 5424
12.133895635604858, 5423
12.135948896408081, 5422
12.135948896408081, 5421
12.135948896408081, 5420
12.135948896408081, 5419
12.135948896408081, 5418
12.144051313400269, 5417
12.14610481262207, 5416
12.14610481262207, 5415
12.14610481262207, 5414
12.14610481262207, 5413
12.156211614608765, 5412
12.156211614608765, 5411
12.156211614608765, 5410
12.176469802856445, 5409
12.184509992599487, 5408
12.184509992599487, 5407
12.186564683914185, 5406
12.186564683914185, 5405
12.186564683914185, 5404
12.196680307388306, 5403
12.196680307388306, 5402
12.204739332199097, 5401
12.206794500350952, 5400
12.206794500350952, 5399
12.206794500350952, 5398
12.206794500350952, 5397
12.216906785964966, 5396
12.216906785964966, 5395
12.216906785964966, 5394
12.227022171020508, 5393
12.23507571220398, 5392
12.237132787704468, 5391
12.237132787704468, 5390
12.237132787704468, 5389
12.245227336883545, 5388
12.245227336883545, 5387
12.247283697128296, 5386
12.255344867706299, 5385
12.255344867706299, 5384
12.257398128509521, 5383
12.257398128509521, 5382
12.257398128509521, 5381
12.267546653747559, 5380
12.267546653747559, 5379
12.267546653747559, 5378
12.267546653747559, 5377
12.27560019493103, 5376
12.27560019493103, 5375
12.27560019493103, 5374
12.277652740478516, 5373
12.285693883895874, 5372
12.285693883895874, 5371
12.297861576080322, 5370
12.297861576080322, 5369
12.307971715927124, 5368
12.336314916610718, 5367
12.338369369506836, 5366
12.346497297286987, 5365
12.348552227020264, 5364
12.348552227020264, 5363
12.348552227020264, 5362
12.348552227020264, 5361
12.348552227020264, 5360
12.348552227020264, 5359
12.35866117477417, 5358
12.35866117477417, 5357
12.36671757698059, 5356
12.368770837783813, 5355
12.368770837783813, 5354
12.368770837783813, 5353
12.378900051116943, 5352
12.378900051116943, 5351
12.3869309425354, 5350
12.388985395431519, 5349
12.39703917503357, 5348
12.409232378005981, 5347
12.409232378005981, 5346
12.409232378005981, 5345
12.417287349700928, 5344
12.417287349700928, 5343
12.41934061050415, 5342
12.41934061050415, 5341
12.41934061050415, 5340
12.41934061050415, 5339
12.427418947219849, 5338
12.429475545883179, 5337
12.43754243850708, 5336
12.439599752426147, 5335
12.439599752426147, 5334
12.44769835472107, 5333
12.449753522872925, 5332
12.449753522872925, 5331
12.449753522872925, 5330
12.449753522872925, 5329
12.459860801696777, 5328
12.459860801696777, 5327
12.46793508529663, 5326
12.478043556213379, 5325
12.478043556213379, 5324
12.478043556213379, 5323
12.480096817016602, 5322
12.480096817016602, 5321
12.480096817016602, 5320
12.480096817016602, 5319
12.480096817016602, 5318
12.49018120765686, 5317
12.500297546386719, 5316
12.518463850021362, 5315
12.520524501800537, 5314
12.530652523040771, 5313
12.530652523040771, 5312
12.550911664962769, 5311
12.558984756469727, 5310
12.56104826927185, 5309
12.56104826927185, 5308
12.56104826927185, 5307
12.569104194641113, 5306
12.571157217025757, 5305
12.60150408744812, 5304
12.60150408744812, 5303
12.609585523605347, 5302
12.619697332382202, 5301
12.621751070022583, 5300
12.621751070022583, 5299
12.621751070022583, 5298
12.621751070022583, 5297
12.621751070022583, 5296
12.621751070022583, 5295
12.621751070022583, 5294
12.631888151168823, 5293
12.673161745071411, 5292
12.673161745071411, 5291
12.67421841621399, 5290
12.675275802612305, 5289
12.67833137512207, 5288
12.67833137512207, 5287
12.67833137512207, 5286
12.688470125198364, 5285
12.688470125198364, 5284
12.688470125198364, 5283
12.69857931137085, 5282
12.718817234039307, 5281
12.718817234039307, 5280
12.718817234039307, 5279
12.739487648010254, 5278
12.739487648010254, 5277
12.739487648010254, 5276
12.739487648010254, 5275
12.757719039916992, 5274
12.759772062301636, 5273
12.759772062301636, 5272
12.759772062301636, 5271
12.759772062301636, 5270
12.759772062301636, 5269
12.759772062301636, 5268
12.759772062301636, 5267
12.780064344406128, 5266
12.780064344406128, 5265
12.79019808769226, 5264
12.79019808769226, 5263
12.79019808769226, 5262
12.798267364501953, 5261
12.800321340560913, 5260
12.800321340560913, 5259
12.800321340560913, 5258
12.800321340560913, 5257
12.800321340560913, 5256
12.820544004440308, 5255
12.830674171447754, 5254
12.830674171447754, 5253
12.830674171447754, 5252
12.840789079666138, 5251
12.840789079666138, 5250
12.840789079666138, 5249
12.840789079666138, 5248
12.85092282295227, 5247
12.85092282295227, 5246
12.85092282295227, 5245
12.861038446426392, 5244
12.861038446426392, 5243
12.861038446426392, 5242
12.861038446426392, 5241
12.87119460105896, 5240
12.88130259513855, 5239
12.89145040512085, 5238
12.901569604873657, 5237
12.901569604873657, 5236
12.901569604873657, 5235
12.909632444381714, 5234
12.911689281463623, 5233
12.911689281463623, 5232
12.919753313064575, 5231
12.919753313064575, 5230
12.92180585861206, 5229
12.92180585861206, 5228
12.92987871170044, 5227
12.92987871170044, 5226
12.92987871170044, 5225
12.92987871170044, 5224
12.93193507194519, 5223
12.942042589187622, 5222
12.950109720230103, 5221
12.960219144821167, 5220
12.962273359298706, 5219
12.962273359298706, 5218
12.97242784500122, 5217
12.97242784500122, 5216
12.97242784500122, 5215
12.97242784500122, 5214
12.97242784500122, 5213
12.982542514801025, 5212
12.990586280822754, 5211
12.992661714553833, 5210
12.992661714553833, 5209
12.992661714553833, 5208
12.992661714553833, 5207
12.992661714553833, 5206
13.000716209411621, 5205
13.012911796569824, 5204
13.012911796569824, 5203
13.012911796569824, 5202
13.02096700668335, 5201
13.023020267486572, 5200
13.023020267486572, 5199
13.023020267486572, 5198
13.033153533935547, 5197
13.033153533935547, 5196
13.04120922088623, 5195
13.043262243270874, 5194
13.043262243270874, 5193
13.043262243270874, 5192
13.053392887115479, 5191
13.053392887115479, 5190
13.063518762588501, 5189
13.071656942367554, 5188
13.071656942367554, 5187
13.073712825775146, 5186
13.073712825775146, 5185
13.073712825775146, 5184
13.073712825775146, 5183
13.073712825775146, 5182
13.081770420074463, 5181
13.081770420074463, 5180
13.083823204040527, 5179
13.093958139419556, 5178
13.093958139419556, 5177
13.102012395858765, 5176
13.104076385498047, 5175
13.104076385498047, 5174
13.104076385498047, 5173
13.104076385498047, 5172
13.11423945426941, 5171
13.11423945426941, 5170
13.11423945426941, 5169
13.124347448348999, 5168
13.124347448348999, 5167
13.13447093963623, 5166
13.13447093963623, 5165
13.13447093963623, 5164
13.144580602645874, 5163
13.154678344726562, 5162
13.162743091583252, 5161
13.164799690246582, 5160
13.164799690246582, 5159
13.174980878829956, 5158
13.174980878829956, 5157
13.174980878829956, 5156
13.174980878829956, 5155
13.195223808288574, 5154
13.205350875854492, 5153
13.205350875854492, 5152
13.205350875854492, 5151
13.213428258895874, 5150
13.215488195419312, 5149
13.215488195419312, 5148
13.225602149963379, 5147
13.23575496673584, 5146
13.23575496673584, 5145
13.245833158493042, 5144
13.25596284866333, 5143
13.25596284866333, 5142
13.25596284866333, 5141
13.264017581939697, 5140
13.266072511672974, 5139
13.266072511672974, 5138
13.266072511672974, 5137
13.266072511672974, 5136
13.27419400215149, 5135
13.276264190673828, 5134
13.296499729156494, 5133
13.296499729156494, 5132
13.306613683700562, 5131
13.316745281219482, 5130
13.316745281219482, 5129
13.32480001449585, 5128
13.326853275299072, 5127
13.326853275299072, 5126
13.33743143081665, 5125
13.33743143081665, 5124
13.33743143081665, 5123
13.347548484802246, 5122
13.347548484802246, 5121
13.357725381851196, 5120
13.357725381851196, 5119
13.357725381851196, 5118
13.357725381851196, 5117
13.357725381851196, 5116
13.357725381851196, 5115
13.37595272064209, 5114
13.378013610839844, 5113
13.398261308670044, 5112
13.398261308670044, 5111
13.398261308670044, 5110
13.406328439712524, 5109
13.408382654190063, 5108
13.408382654190063, 5107
13.408382654190063, 5106
13.418530225753784, 5105
13.418530225753784, 5104
13.428657531738281, 5103
13.428657531738281, 5102
13.428657531738281, 5101
13.428657531738281, 5100
13.459007501602173, 5099
13.469116687774658, 5098
13.469116687774658, 5097
13.469116687774658, 5096
13.487350225448608, 5095
13.49953007698059, 5094
13.49953007698059, 5093
13.507584810256958, 5092
13.509637832641602, 5091
13.509637832641602, 5090
13.509637832641602, 5089
13.529868602752686, 5088
13.529868602752686, 5087
13.53794527053833, 5086
13.54000186920166, 5085
13.548061609268188, 5084
13.550112009048462, 5083
13.560247659683228, 5082
13.560247659683228, 5081
13.560247659683228, 5080
13.568301677703857, 5079
13.568301677703857, 5078
13.570354461669922, 5077
13.578460454940796, 5076
13.580517053604126, 5075
13.580517053604126, 5074
13.588574647903442, 5073
13.590628385543823, 5072
13.600735664367676, 5071
13.600735664367676, 5070
13.600735664367676, 5069
13.600735664367676, 5068
13.600735664367676, 5067
13.610854625701904, 5066
13.610854625701904, 5065
13.610854625701904, 5064
13.618938446044922, 5063
13.621001243591309, 5062
13.631110906600952, 5061
13.641279697418213, 5060
13.651387453079224, 5059
13.651387453079224, 5058
13.651387453079224, 5057
13.651387453079224, 5056
13.659461975097656, 5055
13.661522626876831, 5054
13.67177152633667, 5053
13.678314924240112, 5052
13.679893493652344, 5051
13.690017223358154, 5050
13.70224404335022, 5049
13.70224404335022, 5048
13.70224404335022, 5047
13.70224404335022, 5046
13.712355136871338, 5045
13.712355136871338, 5044
13.722463607788086, 5043
13.730539798736572, 5042
13.732603549957275, 5041
13.732603549957275, 5040
13.742741107940674, 5039
13.742741107940674, 5038
13.742741107940674, 5037
13.752900123596191, 5036
13.752900123596191, 5035
13.760963439941406, 5034
13.763015985488892, 5033
13.77312970161438, 5032
13.77312970161438, 5031
13.77312970161438, 5030
13.781183242797852, 5029
13.781183242797852, 5028
13.783255100250244, 5027
13.783255100250244, 5026
13.783255100250244, 5025
13.813628911972046, 5024
13.823738813400269, 5023
13.823738813400269, 5022
13.833877801895142, 5021
13.833877801895142, 5020
13.864129066467285, 5019
13.872201442718506, 5018
13.872201442718506, 5017
13.872201442718506, 5016
13.874267578125, 5015
13.874267578125, 5014
13.884334087371826, 5013
13.904535293579102, 5012
13.904535293579102, 5011
13.904535293579102, 5010
13.914691925048828, 5009
13.934879541397095, 5008
13.942965269088745, 5007
13.94498610496521, 5006
13.965622663497925, 5005
13.983698844909668, 5004
13.99582839012146, 5003
13.99582839012146, 5002
13.99582839012146, 5001
13.99582839012146, 5000
13.99582839012146, 4999
14.005874156951904, 4998
14.005874156951904, 4997
14.026042222976685, 4996
14.026042222976685, 4995
14.026042222976685, 4994
14.046200513839722, 4993
14.056267023086548, 4992
14.056267023086548, 4991
14.064276933670044, 4990
14.066285133361816, 4989
14.074329376220703, 4988
14.07634425163269, 4987
14.084361791610718, 4986
14.086369276046753, 4985
14.086369276046753, 4984
14.096399784088135, 4983
14.096399784088135, 4982
14.096399784088135, 4981
14.116598844528198, 4980
14.134770393371582, 4979
14.134770393371582, 4978
14.136820793151855, 4977
14.146933794021606, 4976
14.146933794021606, 4975
14.146933794021606, 4974
14.157056093215942, 4973
14.157056093215942, 4972
14.177289247512817, 4971
14.187399625778198, 4970
14.195459604263306, 4969
14.207633018493652, 4968
14.219461917877197, 4967
14.221740245819092, 4966
14.225075483322144, 4965
14.238747358322144, 4964
14.238747358322144, 4963
14.238747358322144, 4962
14.238747358322144, 4961
14.248856782913208, 4960
14.267046213150024, 4959
14.267046213150024, 4958
14.26909875869751, 4957
14.26909875869751, 4956
14.279222011566162, 4955
14.289330005645752, 4954
14.289330005645752, 4953
14.299456357955933, 4952
14.309563636779785, 4951
14.317659616470337, 4950
14.317659616470337, 4949
14.319715023040771, 4948
14.329843997955322, 4947
14.339988946914673, 4946
14.339988946914673, 4945
14.360251188278198, 4944
14.360251188278198, 4943
14.368304967880249, 4942
14.37035846710205, 4941
14.378426313400269, 4940
14.380481481552124, 4939
14.380481481552124, 4938
14.380481481552124, 4937
14.380481481552124, 4936
14.390600681304932, 4935
14.400725841522217, 4934
14.400725841522217, 4933
14.400725841522217, 4932
14.408782720565796, 4931
14.408782720565796, 4930
14.408782720565796, 4929
14.41083836555481, 4928
14.421005249023438, 4927
14.431112051010132, 4926
14.44123387336731, 4925
14.45134711265564, 4924
14.45134711265564, 4923
14.459425449371338, 4922
14.471607208251953, 4921
14.491850852966309, 4920
14.491850852966309, 4919
14.512111902236938, 4918
14.512111902236938, 4917
14.520204544067383, 4916
14.530317544937134, 4915
14.532374858856201, 4914
14.54044222831726, 4913
14.542497873306274, 4912
14.552608013153076, 4911
14.560652732849121, 4910
14.563154935836792, 4909
14.563154935836792, 4908
14.57120943069458, 4907
14.583372831344604, 4906
14.583372831344604, 4905
14.593485593795776, 4904
14.593485593795776, 4903
14.593485593795776, 4902
14.613705396652222, 4901
14.613705396652222, 4900
14.613705396652222, 4899
14.623857975006104, 4898
14.623857975006104, 4897
14.644091606140137, 4896
14.644091606140137, 4895
14.644091606140137, 4894
14.654213905334473, 4893
14.654213905334473, 4892
14.664340257644653, 4891
14.67444920539856, 4890
14.704812049865723, 4889
14.733165740966797, 4888
14.735220909118652, 4887
14.755493402481079, 4886
14.755493402481079, 4885
14.765610933303833, 4884
14.765610933303833, 4883
14.765610933303833, 4882
14.775736331939697, 4881
14.775736331939697, 4880
14.78584623336792, 4879
14.79390001296997, 4878
14.79390001296997, 4877
14.795953512191772, 4876
14.795953512191772, 4875
14.806079387664795, 4874
14.81619381904602, 4873
14.81619381904602, 4872
14.81619381904602, 4871
14.846635103225708, 4870
14.846635103225708, 4869
14.856741666793823, 4868
14.856741666793823, 4867
14.856741666793823, 4866
14.86480975151062, 4865
14.86480975151062, 4864
14.866862773895264, 4863
14.887077808380127, 4862
14.887077808380127, 4861
14.887077808380127, 4860
14.887077808380127, 4859
14.887077808380127, 4858
14.887077808380127, 4857
14.897194623947144, 4856
14.915362358093262, 4855
14.917416095733643, 4854
14.917416095733643, 4853
14.92552900314331, 4852
14.92552900314331, 4851
14.927585363388062, 4850
14.937694072723389, 4849
14.947815179824829, 4848
14.947815179824829, 4847
14.957943201065063, 4846
14.957943201065063, 4845
14.968077898025513, 4844
14.986258506774902, 4843
14.988312482833862, 4842
14.988312482833862, 4841
14.988312482833862, 4840
14.988312482833862, 4839
14.99842119216919, 4838
14.99842119216919, 4837
14.99842119216919, 4836
15.00650405883789, 4835
15.016621112823486, 4834
15.018674612045288, 4833
15.028831958770752, 4832
15.038940906524658, 4831
15.049088954925537, 4830
15.057141542434692, 4829
15.059194803237915, 4828
15.06932783126831, 4827
15.07739543914795, 4826
15.079448938369751, 4825
15.089595317840576, 4824
15.1178879737854, 4823
15.119946002960205, 4822
15.119946002960205, 4821
15.130095958709717, 4820
15.14021372795105, 4819
15.160432815551758, 4818
15.160432815551758, 4817
15.170967102050781, 4816
15.181076288223267, 4815
15.191196203231812, 4814
15.19926929473877, 4813
15.201339721679688, 4812
15.219497442245483, 4811
15.221552848815918, 4810
15.24190616607666, 4809
15.250012874603271, 4808
15.262098789215088, 4807
15.262098789215088, 4806
15.270130157470703, 4805
15.272159337997437, 4804
15.272159337997437, 4803
15.290372610092163, 4802
15.292380571365356, 4801
15.292439222335815, 4800
15.302585363388062, 4799
15.322814226150513, 4798
15.322814226150513, 4797
15.3410005569458, 4796
15.343069791793823, 4795
15.351129293441772, 4794
15.361139059066772, 4793
15.408038854598999, 4792
15.408038854598999, 4791
15.408038854598999, 4790
15.423667669296265, 4789
15.423667669296265, 4788
15.423667669296265, 4787
15.423667669296265, 4786
15.423667669296265, 4785
15.439284801483154, 4784
15.454903364181519, 4783
15.463444232940674, 4782
15.463444232940674, 4781
15.47150182723999, 4780
15.483538389205933, 4779
15.483538389205933, 4778
15.493656873703003, 4777
15.513877868652344, 4776
15.523995876312256, 4775
15.53208041191101, 4774
15.534133672714233, 4773
15.544244289398193, 4772
15.554408550262451, 4771
15.554408550262451, 4770
15.554408550262451, 4769
15.564518451690674, 4768
15.564518451690674, 4767
15.564518451690674, 4766
15.564518451690674, 4765
15.592830896377563, 4764
15.594898223876953, 4763
15.605005502700806, 4762
15.615118980407715, 4761
15.615118980407715, 4760
15.623172283172607, 4759
15.623172283172607, 4758
15.625225067138672, 4757
15.625225067138672, 4756
15.63330364227295, 4755
15.635360717773438, 4754
15.635360717773438, 4753
15.635360717773438, 4752
15.6454758644104, 4751
15.655619144439697, 4750
15.665726661682129, 4749
15.665726661682129, 4748
15.673810482025146, 4747
15.683937072753906, 4746
15.683937072753906, 4745
15.683937072753906, 4744
15.72639274597168, 4743
15.744564294815063, 4742
15.746618270874023, 4741
15.746618270874023, 4740
15.756754398345947, 4739
15.766865968704224, 4738
15.777378797531128, 4737
15.787487030029297, 4736
15.800349473953247, 4735
15.80140733718872, 4734
15.810724973678589, 4733
15.810724973678589, 4732
15.810724973678589, 4731
15.817836999893188, 4730
15.84607219696045, 4729
15.848127365112305, 4728
15.848127365112305, 4727
15.878470420837402, 4726
15.878470420837402, 4725
15.878470420837402, 4724
15.896638631820679, 4723
15.906762838363647, 4722
15.90881633758545, 4721
15.90881633758545, 4720
15.90881633758545, 4719
15.918928861618042, 4718
15.918928861618042, 4717
15.918928861618042, 4716
15.926999807357788, 4715
15.93916130065918, 4714
15.93916130065918, 4713
15.93916130065918, 4712
15.957319021224976, 4711
15.979596138000488, 4710
15.979596138000488, 4709
15.987600564956665, 4708
16.010074615478516, 4707
16.010074615478516, 4706
16.03029489517212, 4705
16.040403366088867, 4704
16.048429250717163, 4703
16.050484657287598, 4702
16.050484657287598, 4701
16.07072949409485, 4700
16.07072949409485, 4699
16.07072949409485, 4698
16.080844163894653, 4697
16.099048137664795, 4696
16.099048137664795, 4695
16.10110378265381, 4694
16.10915493965149, 4693
16.11121106147766, 4692
16.121317863464355, 4691
16.121317863464355, 4690
16.129344940185547, 4689
16.13140058517456, 4688
16.13140058517456, 4687
16.151655197143555, 4686
16.16176128387451, 4685
16.16176128387451, 4684
16.16983437538147, 4683
16.17188811302185, 4682
16.17188811302185, 4681
16.192139625549316, 4680
16.212329387664795, 4679
16.212329387664795, 4678
16.22244119644165, 4677
16.22244119644165, 4676
16.23045301437378, 4675
16.23257803916931, 4674
16.25072431564331, 4673
16.27298903465271, 4672
16.283114194869995, 4671
16.283114194869995, 4670
16.293235778808594, 4669
16.293235778808594, 4668
16.311444759368896, 4667
16.3135085105896, 4666
16.323641061782837, 4665
16.323641061782837, 4664
16.323641061782837, 4663
16.331666469573975, 4662
16.35398006439209, 4661
16.35398006439209, 4660
16.35398006439209, 4659
16.362049102783203, 4658
16.364118814468384, 4657
16.374279260635376, 4656
16.374279260635376, 4655
16.374279260635376, 4654
16.38234782218933, 4653
16.394909858703613, 4652
16.402982711791992, 4651
16.405048608779907, 4650
16.415148973464966, 4649
16.415148973464966, 4648
16.445585250854492, 4647
16.45569348335266, 4646
16.45569348335266, 4645
16.486124753952026, 4644
16.504231929779053, 4643
16.506357669830322, 4642
16.506357669830322, 4641
16.51649022102356, 4640
16.526623249053955, 4639
16.53671884536743, 4638
16.546793222427368, 4637
16.546849250793457, 4636
16.57727289199829, 4635
16.58740472793579, 4634
16.595474004745483, 4633
16.607685089111328, 4632
16.607685089111328, 4631
16.61783266067505, 4630
16.63604760169983, 4629
16.63604760169983, 4628
16.64824366569519, 4627
16.64824366569519, 4626
16.656269073486328, 4625
16.668503284454346, 4624
16.668503284454346, 4623
16.67656183242798, 4622
16.678624629974365, 4621
16.698843479156494, 4620
16.698843479156494, 4619
16.698843479156494, 4618
16.698843479156494, 4617
16.70896816253662, 4616
16.70896816253662, 4615
16.70896816253662, 4614
16.729217052459717, 4613
16.73930072784424, 4612
16.75952672958374, 4611
16.75952672958374, 4610
16.769634246826172, 4609
16.789931774139404, 4608
16.789931774139404, 4607
16.810199737548828, 4606
16.820300102233887, 4605
16.830434322357178, 4604
16.830434322357178, 4603
16.840535640716553, 4602
16.84860348701477, 4601
16.850670337677002, 4600
16.850670337677002, 4599
16.850670337677002, 4598
16.8708975315094, 4597
16.891165494918823, 4596
16.891165494918823, 4595
16.891165494918823, 4594
16.901260137557983, 4593
16.92154312133789, 4592
16.93167734146118, 4591
16.941827297210693, 4590
16.962068557739258, 4589
16.97013759613037, 4588
16.972203969955444, 4587
16.992476224899292, 4586
17.013155698776245, 4585
17.023306846618652, 4584
17.033436059951782, 4583
17.033436059951782, 4582
17.033436059951782, 4581
17.033436059951782, 4580
17.041523218154907, 4579
17.043591022491455, 4578
17.053723096847534, 4577
17.071930170059204, 4576
17.074007034301758, 4575
17.074007034301758, 4574
17.11461353302002, 4573
17.122679233551025, 4572
17.142980575561523, 4571
17.145047426223755, 4570
17.155179738998413, 4569
17.165313959121704, 4568
17.18353271484375, 4567
17.18559980392456, 4566
17.216026782989502, 4565
17.216026782989502, 4564
17.246420860290527, 4563
17.246420860290527, 4562
17.307186365127563, 4561
17.317321062088013, 4560
17.317321062088013, 4559
17.33760690689087, 4558
17.33760690689087, 4557
17.357783555984497, 4556
17.357843160629272, 4555
17.367982149124146, 4554
17.38827133178711, 4553
17.38827133178711, 4552
17.38827133178711, 4551
17.398405075073242, 4550
17.41663122177124, 4549
17.41870951652527, 4548
17.428807258605957, 4547
17.428807258605957, 4546
17.436877012252808, 4545
17.449077367782593, 4544
17.449077367782593, 4543
17.459206342697144, 4542
17.459206342697144, 4541
17.46930503845215, 4540
17.46930503845215, 4539
17.509918451309204, 4538
17.54034399986267, 4537
17.54034399986267, 4536
17.5504412651062, 4535
17.55850839614868, 4534
17.56866431236267, 4533
17.570733308792114, 4532
17.591004133224487, 4531
17.591004133224487, 4530
17.621817350387573, 4529
17.621817350387573, 4528
17.621817350387573, 4527
17.631873846054077, 4526
17.65221929550171, 4525
17.66235661506653, 4524
17.672449827194214, 4523
17.682581424713135, 4522
17.682581424713135, 4521
17.682581424713135, 4520
17.692721843719482, 4519
17.702855110168457, 4518
17.702855110168457, 4517
17.753469705581665, 4516
17.763604402542114, 4515
17.763604402542114, 4514
17.773698329925537, 4513
17.793972730636597, 4512
17.793972730636597, 4511
17.814268827438354, 4510
17.814268827438354, 4509
17.824403285980225, 4508
17.84256863594055, 4507
17.8648784160614, 4506
17.900939464569092, 4505
17.900939464569092, 4504
17.90898299217224, 4503
17.911064863204956, 4502
17.911064863204956, 4501
17.921204328536987, 4500
17.921204328536987, 4499
17.98197078704834, 4498
17.992069244384766, 4497
18.00220799446106, 4496
18.00220799446106, 4495
18.0204119682312, 4494
18.022475719451904, 4493
18.030504941940308, 4492
18.063015460968018, 4491
18.063015460968018, 4490
18.093358039855957, 4489
18.101438760757446, 4488
18.101438760757446, 4487
18.10350775718689, 4486
18.15416955947876, 4485
18.15416955947876, 4484
18.164299964904785, 4483
18.174447536468506, 4482
18.1845805644989, 4481
18.194720029830933, 4480
18.20485496520996, 4479
18.21536159515381, 4478
18.23565697669983, 4477
18.255916833877563, 4476
18.266063690185547, 4475
18.266063690185547, 4474
18.286290645599365, 4473
18.296443462371826, 4472
18.30658197402954, 4471
18.324761152267456, 4470
18.326828718185425, 4469
18.336983919143677, 4468
18.34712314605713, 4467
18.34712314605713, 4466
18.387696981430054, 4465
18.40797996520996, 4464
18.418129682540894, 4463
18.426201581954956, 4462
18.438402891159058, 4461
18.438402891159058, 4460
18.456565618515015, 4459
18.45864200592041, 4458
18.466708660125732, 4457
18.466708660125732, 4456
18.49912714958191, 4455
18.52953791618347, 4454
18.539632081985474, 4453
18.539632081985474, 4452
18.55992841720581, 4451
18.567995071411133, 4450
18.570063829421997, 4449
18.580220699310303, 4448
18.580220699310303, 4447
18.588287353515625, 4446
18.590354442596436, 4445
18.590354442596436, 4444
18.60046100616455, 4443
18.618679761886597, 4442
18.62075114250183, 4441
18.63892102241516, 4440
18.67135262489319, 4439
18.691635847091675, 4438
18.701786041259766, 4437
18.711918592453003, 4436
18.73217487335205, 4435
18.74021887779236, 4434
18.7705819606781, 4433
18.772647619247437, 4432
18.803021907806396, 4431
18.823660373687744, 4430
18.823660373687744, 4429
18.84389615058899, 4428
18.87425923347473, 4427
18.87425923347473, 4426
18.89451837539673, 4425
18.902602672576904, 4424
18.902602672576904, 4423
18.926177501678467, 4422
18.926177501678467, 4421
18.926177501678467, 4420
18.93424677848816, 4419
18.936317205429077, 4418
18.936317205429077, 4417
18.976863145828247, 4416
18.976863145828247, 4415
18.976863145828247, 4414
18.98695731163025, 4413
18.99709153175354, 4412
19.007236003875732, 4411
19.015304565429688, 4410
19.0275399684906, 4409
19.04781937599182, 4408
19.04781937599182, 4407
19.068098545074463, 4406
19.068098545074463, 4405
19.068098545074463, 4404
19.08838677406311, 4403
19.106553077697754, 4402
19.108625173568726, 4401
19.108625173568726, 4400
19.149203538894653, 4399
19.159337043762207, 4398
19.1796236038208, 4397
19.18770408630371, 4396
19.210052251815796, 4395
19.210052251815796, 4394
19.22018551826477, 4393
19.228250741958618, 4392
19.230318069458008, 4391
19.238385915756226, 4390
19.260687828063965, 4389
19.301255226135254, 4388
19.331641912460327, 4387
19.331641912460327, 4386
19.36206841468811, 4385
19.37222194671631, 4384
19.382359266281128, 4383
19.41274619102478, 4382
19.4941086769104, 4381
19.56499147415161, 4380
19.56499147415161, 4379
19.56499147415161, 4378
19.59534215927124, 4377
19.605460166931152, 4376
19.635883808135986, 4375
19.645997047424316, 4374
19.66625690460205, 4373
19.70671820640564, 4372
19.70671820640564, 4371
19.73708963394165, 4370
19.797811269760132, 4369
19.807920455932617, 4368
19.81808829307556, 4367
19.81808829307556, 4366
19.828203201293945, 4365
19.828203201293945, 4364
19.838359355926514, 4363
19.85650610923767, 4362
19.868676900863647, 4361
19.93942904472351, 4360
19.957574367523193, 4359
20.030349254608154, 4358
20.030349254608154, 4357
20.040852069854736, 4356
20.06110954284668, 4355
20.091434955596924, 4354
20.11168932914734, 4353
20.12182068824768, 4352
20.129884958267212, 4351
20.18262481689453, 4350
20.192735195159912, 4349
20.20081377029419, 4348
20.223100185394287, 4347
20.223100185394287, 4346
20.223100185394287, 4345
20.26363468170166, 4344
20.334502458572388, 4343
20.34463596343994, 4342
20.34463596343994, 4341
20.354757070541382, 4340
20.364901065826416, 4339
20.375010013580322, 4338
20.423604011535645, 4337
20.445938110351562, 4336
20.445938110351562, 4335
20.47425365447998, 4334
20.476306915283203, 4333
20.537004232406616, 4332
20.54713726043701, 4331
20.567398071289062, 4330
20.59567642211914, 4329
20.62808918952942, 4328
20.65679907798767, 4327
20.687163829803467, 4326
20.6892192363739, 4325
20.6892192363739, 4324
20.72966194152832, 4323
20.72966194152832, 4322
20.74989938735962, 4321
20.75795269012451, 4320
20.780259370803833, 4319
20.788324117660522, 4318
20.809687852859497, 4317
20.811740398406982, 4316
20.829917192459106, 4315
20.83197522163391, 4314
20.872493743896484, 4313
20.902863264083862, 4312
20.93321180343628, 4311
20.953463077545166, 4310
20.961535930633545, 4309
20.983861684799194, 4308
20.993969678878784, 4307
21.044568300247192, 4306
21.05262041091919, 4305
21.054673433303833, 4304
21.074974298477173, 4303
21.085107803344727, 4302
21.09521484375, 4301
21.09521484375, 4300
21.10534358024597, 4299
21.113399982452393, 4298
21.125571250915527, 4297
21.174147367477417, 4296
21.184292554855347, 4295
21.224735975265503, 4294
21.226790189743042, 4293
21.236899614334106, 4292
21.247037649154663, 4291
21.38914656639099, 4290
21.38914656639099, 4289
21.43975830078125, 4288
21.460006952285767, 4287
21.460006952285767, 4286
21.460006952285767, 4285
21.460006952285767, 4284
21.470178604125977, 4283
21.470178604125977, 4282
21.478232622146606, 4281
21.478232622146606, 4280
21.518725633621216, 4279
21.551142930984497, 4278
21.561259746551514, 4277
21.57138967514038, 4276
21.632142066955566, 4275
21.672616004943848, 4274
21.69288468360901, 4273
21.711124181747437, 4272
21.713180541992188, 4271
21.78398823738098, 4270
21.80220890045166, 4269
21.865053415298462, 4268
21.87309765815735, 4267
21.88569188117981, 4266
21.9080069065094, 4265
21.94853162765503, 4264
21.999205112457275, 4263
22.039686918258667, 4262
22.05992102622986, 4261
22.140862941741943, 4260
22.181549072265625, 4259
22.201829433441162, 4258
22.201829433441162, 4257
22.201829433441162, 4256
22.21193766593933, 4255
22.23015332221985, 4254
22.242321252822876, 4253
22.292951345443726, 4252
22.338144302368164, 4251
22.394834756851196, 4250
22.46565270423889, 4249
22.506534814834595, 4248
22.56727623939514, 4247
22.597646236419678, 4246
22.64827871322632, 4245
22.666450262069702, 4244
22.67860984802246, 4243
22.698864221572876, 4242
22.70897150039673, 4241
22.729220151901245, 4240
22.739336490631104, 4239
22.83052086830139, 4238
22.891284465789795, 4237
22.90952444076538, 4236
22.93988561630249, 4235
22.941941738128662, 4234
22.949995756149292, 4233
22.962158679962158, 4232
22.972280740737915, 4231
23.085983991622925, 4230
23.129443407058716, 4229
23.188148260116577, 4228
23.230765342712402, 4227
23.42326307296753, 4226
23.453702688217163, 4225
23.463826179504395, 4224
23.502079486846924, 4223
23.564573526382446, 4222
23.564573526382446, 4221
23.580195903778076, 4220
23.624817371368408, 4219
23.6328706741333, 4218
23.683490753173828, 4217
23.756834268569946, 4216
23.775017261505127, 4215
23.81551480293274, 4214
23.827754497528076, 4213
23.848013877868652, 4212
23.9695086479187, 4211
24.080824613571167, 4210
24.090949535369873, 4209
24.10913062095642, 4208
24.161810636520386, 4207
24.180006742477417, 4206
24.190123081207275, 4205
24.192176342010498, 4204
24.2427499294281, 4203
24.37676501274109, 4202
24.457818269729614, 4201
24.457818269729614, 4200
24.457818269729614, 4199
24.47804832458496, 4198
24.518507719039917, 4197
24.53669500350952, 4196
24.538758516311646, 4195
24.538758516311646, 4194
24.579252004623413, 4193
24.648020029067993, 4192
24.668289184570312, 4191
24.680477142333984, 4190
24.771573543548584, 4189
24.842718601226807, 4188
24.87313938140869, 4187
24.883257150650024, 4186
24.9768328666687, 4185
24.997207641601562, 4184
25.05794668197632, 4183
25.127116680145264, 4182
25.130455255508423, 4181
25.157829761505127, 4180
25.167909383773804, 4179
25.18013906478882, 4178
25.321852922439575, 4177
25.362332344055176, 4176
25.39270853996277, 4175
25.40289616584778, 4174
25.47376585006714, 4173
25.481823444366455, 4172
25.55308723449707, 4171
25.674641132354736, 4170
25.727401971817017, 4169
25.73546838760376, 4168
25.828741788864136, 4167
25.838895559310913, 4166
25.862177848815918, 4165
25.91996169090271, 4164
25.91996169090271, 4163
25.93009376525879, 4162
25.960514068603516, 4161
26.001011848449707, 4160
26.041562795639038, 4159
26.163503885269165, 4158
26.295294761657715, 4157
26.356141805648804, 4156
26.376365900039673, 4155
26.376365900039673, 4154
26.386462688446045, 4153
26.457477807998657, 4152
26.49805784225464, 4151
26.518327713012695, 4150
26.599342584609985, 4149
26.599342584609985, 4148
26.619591236114502, 4147
26.629696130752563, 4146
26.660099029541016, 4145
26.720948934555054, 4144
26.728973388671875, 4143
26.78213119506836, 4142
26.792270183563232, 4141
26.842977046966553, 4140
26.853089332580566, 4139
26.86115550994873, 4138
26.883500337600708, 4137
26.883500337600708, 4136
26.903732538223267, 4135
26.94424319267273, 4134
26.95439600944519, 4133
26.962462663650513, 4132
27.023265838623047, 4131
27.05576753616333, 4130
27.106436729431152, 4129
27.11659026145935, 4128
27.13683557510376, 4127
27.248296976089478, 4126
27.431190967559814, 4125
27.469677925109863, 4124
27.481898546218872, 4123
27.510254621505737, 4122
27.532612562179565, 4121
27.550775289535522, 4120
27.58326530456543, 4119
27.613633155822754, 4118
27.714995622634888, 4117
27.775725841522217, 4116
27.795953273773193, 4115
27.854509353637695, 4114
27.93557643890381, 4113
27.968344926834106, 4112
28.018908500671387, 4111
28.110016345977783, 4110
28.110016345977783, 4109
28.249714851379395, 4108
28.28008198738098, 4107
28.292264461517334, 4106
28.381352424621582, 4105
28.381352424621582, 4104
28.56560468673706, 4103
28.57613182067871, 4102
28.57613182067871, 4101
28.604416608810425, 4100
28.616605520248413, 4099
28.727961540222168, 4098
28.748226404190063, 4097
28.880213975906372, 4096
28.982154369354248, 4095
29.135273933410645, 4094
29.288727283477783, 4093
29.307050943374634, 4092
29.595036029815674, 4091
29.738056898117065, 4090
29.850751399993896, 4089
29.858853101730347, 4088
30.08544135093689, 4087
30.11612367630005, 4086
30.728864192962646, 4085
30.759512662887573, 4084
30.86168336868286, 4083
30.88204336166382, 4082
30.92292547225952, 4081
30.971877813339233, 4080
31.290613412857056, 4079
31.34159207344055, 4078
31.38244652748108, 4077
31.68276071548462, 4076
31.736205101013184, 4075
32.12285304069519, 4074
32.19399046897888, 4073
32.23511505126953, 4072
32.243279218673706, 4071
32.35731339454651, 4070
32.408111333847046, 4069
32.6807599067688, 4068
33.08029294013977, 4067
33.182042837142944, 4066
33.314098596572876, 4065
33.43603730201721, 4064
33.94538497924805, 4063
33.973928689956665, 4062
34.04749798774719, 4061
34.06826591491699, 4060
34.41313290596008, 4059
34.53760123252869, 4058
34.558043241500854, 4057
34.576355934143066, 4056
34.680962562561035, 4055
34.81363081932068, 4054
35.25236654281616, 4053
35.314019203186035, 4052
35.44670486450195, 4051
35.6916229724884, 4050
36.16120362281799, 4049
36.41643238067627, 4048
36.75351333618164, 4047
37.11073303222656, 4046
37.275187253952026, 4045
37.275187253952026, 4044
37.32412075996399, 4043
37.41595649719238, 4042
37.46907019615173, 4041
37.826775312423706, 4040
38.27591824531555, 4039
38.29631781578064, 4038
38.39867973327637, 4037
38.87817335128784, 4036
38.898415327072144, 4035
38.96973657608032, 4034
39.17233443260193, 4033
39.23307132720947, 4032
39.30392789840698, 4031
39.314085483551025, 4030
39.37485671043396, 4029
39.40521216392517, 4028
39.589953660964966, 4027
39.6710000038147, 4026
39.679041147232056, 4025
39.72153043746948, 4024
39.92172932624817, 4023
39.9373562335968, 4022
40.0535454750061, 4021
40.0535454750061, 4020
40.41838526725769, 4019
40.48929023742676, 4018
40.580368995666504, 4017
40.580368995666504, 4016
40.68166899681091, 4015
41.05492091178894, 4014
41.05698752403259, 4013
41.34069848060608, 4012
41.34873008728027, 4011
41.79702949523926, 4010
42.13990139961243, 4009
42.20070767402649, 4008
42.2433295249939, 4007
42.25346231460571, 4006
42.42573952674866, 4005
42.514830589294434, 4004
42.65705919265747, 4003
42.76037549972534, 4002
42.87191128730774, 4001
42.93060803413391, 4000
43.123207330703735, 3999
43.358803272247314, 3998
43.397250175476074, 3997
43.480438470840454, 3996
43.531107902526855, 3995
43.53919315338135, 3994
43.60206127166748, 3993
43.673030614852905, 3992
43.957275390625, 3991
44.301894426345825, 3990
44.340332984924316, 3989
44.40312647819519, 3988
44.56732392311096, 3987
44.597726583480835, 3986
44.89157176017761, 3985
45.07429385185242, 3984
45.12493681907654, 3983
45.12493681907654, 3982
45.1553156375885, 3981
45.43896985054016, 3980
45.489590883255005, 3979
45.83431124687195, 3978
45.84445786476135, 3977
46.02679681777954, 3976
46.047030210494995, 3975
46.31081795692444, 3974
46.36146831512451, 3973
46.624847650527954, 3972
46.66537380218506, 3971
46.909053802490234, 3970
47.162363052368164, 3969
47.314270973205566, 3968
47.93122315406799, 3967
48.172762870788574, 3966
48.34685564041138, 3965
48.49878001213074, 3964
49.692296266555786, 3963
50.22025942802429, 3962
50.2991726398468, 3961
50.65624403953552, 3960
51.16835331916809, 3959
54.35810375213623, 3958
58.00371813774109, 3957
58.82604932785034, 3956
61.09416604042053, 3955
61.865896463394165, 3954
62.654767751693726, 3953
62.65684247016907, 3952
62.83968544006348, 3951
63.28556442260742, 3950
64.05422592163086, 3949
65.66172432899475, 3948
67.10903596878052, 3947
67.22289395332336, 3946
67.35447931289673, 3945
68.45869302749634, 3944
68.53965091705322, 3943
69.1497254371643, 3942
69.39267253875732, 3941
75.38429760932922, 3940
76.47551965713501, 3939
77.74078941345215, 3938
77.7934045791626, 3937
81.90296149253845, 3936
90.96855854988098, 3935
94.35173225402832, 3934
95.1703188419342, 3933
97.0717921257019, 3932
100.67076873779297, 3931
102.78093528747559, 3930
103.52098727226257, 3929
