0.05501270294189453, 7610
0.05501270294189453, 7609
0.05501270294189453, 7608
0.05501270294189453, 7607
0.05501270294189453, 7606
0.05501270294189453, 7605
0.07001280784606934, 7604
0.07001280784606934, 7603
0.07001280784606934, 7602
0.07001280784606934, 7601
0.07001280784606934, 7600
0.07001280784606934, 7599
0.07001280784606934, 7598
0.07001280784606934, 7597
0.07001280784606934, 7596
0.07001280784606934, 7595
0.07001280784606934, 7594
0.07001280784606934, 7593
0.07001280784606934, 7592
0.07001280784606934, 7591
0.07001280784606934, 7590
0.07001280784606934, 7589
0.08501052856445312, 7588
0.08501052856445312, 7587
0.08501052856445312, 7586
0.08501052856445312, 7585
0.08501052856445312, 7584
0.08501052856445312, 7583
0.08501052856445312, 7582
0.08501052856445312, 7581
0.08501052856445312, 7580
0.08501052856445312, 7579
0.08501052856445312, 7578
0.08501052856445312, 7577
0.08501052856445312, 7576
0.08501052856445312, 7575
0.08501052856445312, 7574
0.08501052856445312, 7573
0.08501052856445312, 7572
0.10000991821289062, 7571
0.10326051712036133, 7570
0.10642004013061523, 7569
0.10746073722839355, 7568
0.10852432250976562, 7567
0.1095433235168457, 7566
0.11060190200805664, 7565
0.11165976524353027, 7564
0.1127171516418457, 7563
0.11377477645874023, 7562
0.11478018760681152, 7561
0.11478018760681152, 7560
0.11686992645263672, 7559
0.11686992645263672, 7558
0.11686992645263672, 7557
0.11686992645263672, 7556
0.11686992645263672, 7555
0.11686992645263672, 7554
0.11686992645263672, 7553
0.11686992645263672, 7552
0.11686992645263672, 7551
0.12498307228088379, 7550
0.12498307228088379, 7549
0.12498307228088379, 7548
0.12498307228088379, 7547
0.12498307228088379, 7546
0.12498307228088379, 7545
0.12498307228088379, 7544
0.12498307228088379, 7543
0.12498307228088379, 7542
0.12498307228088379, 7541
0.12498307228088379, 7540
0.12498307228088379, 7539
0.12498307228088379, 7538
0.12498307228088379, 7537
0.139984130859375, 7536
0.139984130859375, 7535
0.139984130859375, 7534
0.139984130859375, 7533
0.139984130859375, 7532
0.139984130859375, 7531
0.139984130859375, 7530
0.139984130859375, 7529
0.139984130859375, 7528
0.139984130859375, 7527
0.139984130859375, 7526
0.139984130859375, 7525
0.139984130859375, 7524
0.139984130859375, 7523
0.139984130859375, 7522
0.139984130859375, 7521
0.15502572059631348, 7520
0.15502572059631348, 7519
0.15502572059631348, 7518
0.15502572059631348, 7517
0.15502572059631348, 7516
0.15502572059631348, 7515
0.15502572059631348, 7514
0.15502572059631348, 7513
0.15502572059631348, 7512
0.15502572059631348, 7511
0.15502572059631348, 7510
0.15502572059631348, 7509
0.15502572059631348, 7508
0.15502572059631348, 7507
0.1700301170349121, 7506
0.1700301170349121, 7505
0.1700301170349121, 7504
0.1700301170349121, 7503
0.1700301170349121, 7502
0.1700301170349121, 7501
0.1700301170349121, 7500
0.1700301170349121, 7499
0.1700301170349121, 7498
0.1700301170349121, 7497
0.1700301170349121, 7496
0.1700301170349121, 7495
0.1700301170349121, 7494
0.1700301170349121, 7493
0.1700301170349121, 7492
0.1700301170349121, 7491
0.18503308296203613, 7490
0.18503308296203613, 7489
0.18503308296203613, 7488
0.18503308296203613, 7487
0.18503308296203613, 7486
0.18503308296203613, 7485
0.18503308296203613, 7484
0.18503308296203613, 7483
0.18503308296203613, 7482
0.18503308296203613, 7481
0.18503308296203613, 7480
0.18503308296203613, 7479
0.18503308296203613, 7478
0.18503308296203613, 7477
0.18503308296203613, 7476
0.20002365112304688, 7475
0.20002365112304688, 7474
0.20002365112304688, 7473
0.20002365112304688, 7472
0.20002365112304688, 7471
0.20002365112304688, 7470
0.20002365112304688, 7469
0.20002365112304688, 7468
0.20002365112304688, 7467
0.20002365112304688, 7466
0.20002365112304688, 7465
0.20002365112304688, 7464
0.20002365112304688, 7463
0.20002365112304688, 7462
0.20002365112304688, 7461
0.20002365112304688, 7460
0.21502256393432617, 7459
0.21502256393432617, 7458
0.21502256393432617, 7457
0.21502256393432617, 7456
0.21502256393432617, 7455
0.21502256393432617, 7454
0.21502256393432617, 7453
0.21502256393432617, 7452
0.21502256393432617, 7451
0.21502256393432617, 7450
0.21502256393432617, 7449
0.21502256393432617, 7448
0.21502256393432617, 7447
0.21502256393432617, 7446
0.21502256393432617, 7445
0.21502256393432617, 7444
0.23002409934997559, 7443
0.23002409934997559, 7442
0.23002409934997559, 7441
0.23002409934997559, 7440
0.23002409934997559, 7439
0.23002409934997559, 7438
0.23002409934997559, 7437
0.23002409934997559, 7436
0.23002409934997559, 7435
0.23002409934997559, 7434
0.2400827407836914, 7433
0.2400827407836914, 7432
0.242142915725708, 7431
0.242142915725708, 7430
0.242142915725708, 7429
0.242142915725708, 7428
0.242142915725708, 7427
0.242142915725708, 7426
0.242142915725708, 7425
0.242142915725708, 7424
0.25023484230041504, 7423
0.25023484230041504, 7422
0.25023484230041504, 7421
0.252291202545166, 7420
0.252291202545166, 7419
0.252291202545166, 7418
0.252291202545166, 7417
0.252291202545166, 7416
0.252291202545166, 7415
0.252291202545166, 7414
0.260345458984375, 7413
0.260345458984375, 7412
0.26239871978759766, 7411
0.26239871978759766, 7410
0.26239871978759766, 7409
0.26239871978759766, 7408
0.26239871978759766, 7407
0.26239871978759766, 7406
0.26239871978759766, 7405
0.2704794406890869, 7404
0.2704794406890869, 7403
0.2704794406890869, 7402
0.2725341320037842, 7401
0.2725341320037842, 7400
0.2725341320037842, 7399
0.2725341320037842, 7398
0.2725341320037842, 7397
0.28059983253479004, 7396
0.28266429901123047, 7395
0.28266429901123047, 7394
0.28266429901123047, 7393
0.28266429901123047, 7392
0.28266429901123047, 7391
0.28266429901123047, 7390
0.28266429901123047, 7389
0.29073119163513184, 7388
0.29073119163513184, 7387
0.29275083541870117, 7386
0.29275083541870117, 7385
0.29275083541870117, 7384
0.29275083541870117, 7383
0.29275083541870117, 7382
0.29275083541870117, 7381
0.29275083541870117, 7380
0.29275083541870117, 7379
0.3008103370666504, 7378
0.3008103370666504, 7377
0.30286478996276855, 7376
0.30286478996276855, 7375
0.30286478996276855, 7374
0.30286478996276855, 7373
0.30286478996276855, 7372
0.30286478996276855, 7371
0.30286478996276855, 7370
0.31100916862487793, 7369
0.31100916862487793, 7368
0.31100916862487793, 7367
0.31306934356689453, 7366
0.31306934356689453, 7365
0.31306934356689453, 7364
0.31306934356689453, 7363
0.31306934356689453, 7362
0.31306934356689453, 7361
0.31306934356689453, 7360
0.31306934356689453, 7359
0.3211357593536377, 7358
0.3211357593536377, 7357
0.32318615913391113, 7356
0.32318615913391113, 7355
0.32318615913391113, 7354
0.32318615913391113, 7353
0.32318615913391113, 7352
0.32318615913391113, 7351
0.32318615913391113, 7350
0.32318615913391113, 7349
0.32318615913391113, 7348
0.32318615913391113, 7347
0.3312714099884033, 7346
0.3312714099884033, 7345
0.3333253860473633, 7344
0.3333253860473633, 7343
0.3333253860473633, 7342
0.3333253860473633, 7341
0.3333253860473633, 7340
0.3333253860473633, 7339
0.3333253860473633, 7338
0.3413867950439453, 7337
0.3413867950439453, 7336
0.3434407711029053, 7335
0.3434407711029053, 7334
0.3434407711029053, 7333
0.3434407711029053, 7332
0.3515162467956543, 7331
0.3535740375518799, 7330
0.3535740375518799, 7329
0.3535740375518799, 7328
0.3535740375518799, 7327
0.3535740375518799, 7326
0.3535740375518799, 7325
0.36162781715393066, 7324
0.36162781715393066, 7323
0.3636808395385742, 7322
0.3636808395385742, 7321
0.3636808395385742, 7320
0.3636808395385742, 7319
0.3636808395385742, 7318
0.3636808395385742, 7317
0.3636808395385742, 7316
0.37175703048706055, 7315
0.3754312992095947, 7314
0.3765096664428711, 7313
0.37758874893188477, 7312
0.3786439895629883, 7311
0.3808615207672119, 7310
0.381878137588501, 7309
0.381878137588501, 7308
0.3834528923034668, 7307
0.38550543785095215, 7306
0.3865702152252197, 7305
0.3876175880432129, 7304
0.3876175880432129, 7303
0.3876175880432129, 7302
0.3876175880432129, 7301
0.3876175880432129, 7300
0.3876175880432129, 7299
0.3876175880432129, 7298
0.3876175880432129, 7297
0.39366769790649414, 7296
0.39366769790649414, 7295
0.395721435546875, 7294
0.395721435546875, 7293
0.395721435546875, 7292
0.395721435546875, 7291
0.395721435546875, 7290
0.395721435546875, 7289
0.395721435546875, 7288
0.395721435546875, 7287
0.395721435546875, 7286
0.40380048751831055, 7285
0.40380048751831055, 7284
0.4058563709259033, 7283
0.4058563709259033, 7282
0.4058563709259033, 7281
0.4058563709259033, 7280
0.4058563709259033, 7279
0.4058563709259033, 7278
0.4058563709259033, 7277
0.4058563709259033, 7276
0.4058563709259033, 7275
0.41391658782958984, 7274
0.4159672260284424, 7273
0.4159672260284424, 7272
0.4159672260284424, 7271
0.4159672260284424, 7270
0.4159672260284424, 7269
0.4159672260284424, 7268
0.4159672260284424, 7267
0.4240410327911377, 7266
0.4240410327911377, 7265
0.42610979080200195, 7264
0.42610979080200195, 7263
0.42610979080200195, 7262
0.42610979080200195, 7261
0.42610979080200195, 7260
0.4341442584991455, 7259
0.4361579418182373, 7258
0.4361579418182373, 7257
0.4361579418182373, 7256
0.4361579418182373, 7255
0.4361579418182373, 7254
0.4361579418182373, 7253
0.44420480728149414, 7252
0.4442253112792969, 7251
0.4442253112792969, 7250
0.44627976417541504, 7249
0.44627976417541504, 7248
0.44627976417541504, 7247
0.44627976417541504, 7246
0.44627976417541504, 7245
0.44627976417541504, 7244
0.44627976417541504, 7243
0.45433545112609863, 7242
0.4563884735107422, 7241
0.4563884735107422, 7240
0.4563884735107422, 7239
0.4563884735107422, 7238
0.4563884735107422, 7237
0.4563884735107422, 7236
0.4563884735107422, 7235
0.4563884735107422, 7234
0.4645061492919922, 7233
0.46656203269958496, 7232
0.46656203269958496, 7231
0.46656203269958496, 7230
0.46656203269958496, 7229
0.46656203269958496, 7228
0.47461557388305664, 7227
0.4766683578491211, 7226
0.4766683578491211, 7225
0.4766683578491211, 7224
0.4766683578491211, 7223
0.4766683578491211, 7222
0.4766683578491211, 7221
0.4766683578491211, 7220
0.4766683578491211, 7219
0.48680663108825684, 7218
0.48680663108825684, 7217
0.49486494064331055, 7216
0.49486494064331055, 7215
0.49486494064331055, 7214
0.4969174861907959, 7213
0.4969174861907959, 7212
0.4969174861907959, 7211
0.4969174861907959, 7210
0.4969174861907959, 7209
0.4969174861907959, 7208
0.4969174861907959, 7207
0.4969174861907959, 7206
0.4969174861907959, 7205
0.5050144195556641, 7204
0.5050144195556641, 7203
0.5070736408233643, 7202
0.5070736408233643, 7201
0.5070736408233643, 7200
0.5070736408233643, 7199
0.5070736408233643, 7198
0.5070736408233643, 7197
0.5070736408233643, 7196
0.5070736408233643, 7195
0.5070736408233643, 7194
0.5151264667510986, 7193
0.5151264667510986, 7192
0.5151264667510986, 7191
0.5171842575073242, 7190
0.5171842575073242, 7189
0.5171842575073242, 7188
0.5171842575073242, 7187
0.5171842575073242, 7186
0.5171842575073242, 7185
0.5171842575073242, 7184
0.5252676010131836, 7183
0.5252676010131836, 7182
0.52732253074646, 7181
0.52732253074646, 7180
0.52732253074646, 7179
0.52732253074646, 7178
0.52732253074646, 7177
0.52732253074646, 7176
0.5353758335113525, 7175
0.5374300479888916, 7174
0.5374300479888916, 7173
0.5374300479888916, 7172
0.5374300479888916, 7171
0.5374300479888916, 7170
0.5374300479888916, 7169
0.5374300479888916, 7168
0.5454938411712646, 7167
0.5454938411712646, 7166
0.5475504398345947, 7165
0.5475504398345947, 7164
0.5475504398345947, 7163
0.5475504398345947, 7162
0.5475504398345947, 7161
0.5475504398345947, 7160
0.5475504398345947, 7159
0.5475504398345947, 7158
0.555610179901123, 7157
0.555610179901123, 7156
0.5576651096343994, 7155
0.5576651096343994, 7154
0.5576651096343994, 7153
0.5576651096343994, 7152
0.5576651096343994, 7151
0.5576651096343994, 7150
0.5576651096343994, 7149
0.5678067207336426, 7148
0.5678067207336426, 7147
0.5678067207336426, 7146
0.5678067207336426, 7145
0.5678067207336426, 7144
0.5758743286132812, 7143
0.5779297351837158, 7142
0.5779297351837158, 7141
0.5779297351837158, 7140
0.5779297351837158, 7139
0.5779297351837158, 7138
0.5779297351837158, 7137
0.5779297351837158, 7136
0.5888164043426514, 7135
0.5899605751037598, 7134
0.5899605751037598, 7133
0.5922431945800781, 7132
0.5932953357696533, 7131
0.5933821201324463, 7130
0.5945248603820801, 7129
0.5955767631530762, 7128
0.5977702140808105, 7127
0.5988142490386963, 7126
0.5989079475402832, 7125
0.6011006832122803, 7124
0.6011006832122803, 7123
0.6011006832122803, 7122
0.6011006832122803, 7121
0.6071586608886719, 7120
0.6092195510864258, 7119
0.6092195510864258, 7118
0.6092195510864258, 7117
0.6092195510864258, 7116
0.6092195510864258, 7115
0.6092195510864258, 7114
0.6092195510864258, 7113
0.6092195510864258, 7112
0.6092195510864258, 7111
0.6092195510864258, 7110
0.6172754764556885, 7109
0.6172754764556885, 7108
0.6193294525146484, 7107
0.6193294525146484, 7106
0.6193294525146484, 7105
0.6193294525146484, 7104
0.6193294525146484, 7103
0.6193294525146484, 7102
0.6193294525146484, 7101
0.6273837089538574, 7100
0.6294362545013428, 7099
0.6294362545013428, 7098
0.6294362545013428, 7097
0.6294362545013428, 7096
0.6294362545013428, 7095
0.6294362545013428, 7094
0.6374964714050293, 7093
0.6374964714050293, 7092
0.6395602226257324, 7091
0.6395602226257324, 7090
0.6395602226257324, 7089
0.6395602226257324, 7088
0.6395602226257324, 7087
0.6395602226257324, 7086
0.6476168632507324, 7085
0.6476168632507324, 7084
0.6496703624725342, 7083
0.6496703624725342, 7082
0.6496703624725342, 7081
0.6496703624725342, 7080
0.6496703624725342, 7079
0.6496703624725342, 7078
0.6496703624725342, 7077
0.6577479839324951, 7076
0.6577479839324951, 7075
0.6577479839324951, 7074
0.6598029136657715, 7073
0.6598029136657715, 7072
0.6598029136657715, 7071
0.6598029136657715, 7070
0.6598029136657715, 7069
0.6598029136657715, 7068
0.6678566932678223, 7067
0.6699168682098389, 7066
0.6699168682098389, 7065
0.6699168682098389, 7064
0.6699168682098389, 7063
0.6699168682098389, 7062
0.6699168682098389, 7061
0.6780028343200684, 7060
0.6780028343200684, 7059
0.6800575256347656, 7058
0.6800575256347656, 7057
0.6800575256347656, 7056
0.6800575256347656, 7055
0.6800575256347656, 7054
0.6800575256347656, 7053
0.6800575256347656, 7052
0.688119649887085, 7051
0.688119649887085, 7050
0.6901743412017822, 7049
0.6901743412017822, 7048
0.6901743412017822, 7047
0.6901743412017822, 7046
0.6901743412017822, 7045
0.6901743412017822, 7044
0.6901743412017822, 7043
0.6982712745666504, 7042
0.6982712745666504, 7041
0.6982712745666504, 7040
0.7003545761108398, 7039
0.7003545761108398, 7038
0.7003545761108398, 7037
0.7003545761108398, 7036
0.7003545761108398, 7035
0.7003545761108398, 7034
0.7003545761108398, 7033
0.7003545761108398, 7032
0.708411693572998, 7031
0.708411693572998, 7030
0.708411693572998, 7029
0.7104649543762207, 7028
0.7104649543762207, 7027
0.7104649543762207, 7026
0.7104649543762207, 7025
0.7185375690460205, 7024
0.7205934524536133, 7023
0.7205934524536133, 7022
0.7205934524536133, 7021
0.7205934524536133, 7020
0.7205934524536133, 7019
0.7205934524536133, 7018
0.7205934524536133, 7017
0.7205934524536133, 7016
0.7286479473114014, 7015
0.7307088375091553, 7014
0.7307088375091553, 7013
0.7307088375091553, 7012
0.7307088375091553, 7011
0.7307088375091553, 7010
0.7307088375091553, 7009
0.7387864589691162, 7008
0.7408430576324463, 7007
0.7408430576324463, 7006
0.7408430576324463, 7005
0.7408430576324463, 7004
0.7408430576324463, 7003
0.7408430576324463, 7002
0.7408430576324463, 7001
0.748896598815918, 7000
0.748896598815918, 6999
0.7509524822235107, 6998
0.7509524822235107, 6997
0.7509524822235107, 6996
0.7509524822235107, 6995
0.7509524822235107, 6994
0.7509524822235107, 6993
0.7509524822235107, 6992
0.759026288986206, 6991
0.759026288986206, 6990
0.759026288986206, 6989
0.7610797882080078, 6988
0.7610797882080078, 6987
0.7610797882080078, 6986
0.7610797882080078, 6985
0.7610797882080078, 6984
0.7610797882080078, 6983
0.7610797882080078, 6982
0.7691333293914795, 6981
0.7711865901947021, 6980
0.7711865901947021, 6979
0.7711865901947021, 6978
0.7711865901947021, 6977
0.7792727947235107, 6976
0.7813282012939453, 6975
0.7813282012939453, 6974
0.7813282012939453, 6973
0.7813282012939453, 6972
0.7813282012939453, 6971
0.7813282012939453, 6970
0.7893881797790527, 6969
0.7893881797790527, 6968
0.7914407253265381, 6967
0.7914407253265381, 6966
0.7914407253265381, 6965
0.7995116710662842, 6964
0.8015749454498291, 6963
0.8015749454498291, 6962
0.8015749454498291, 6961
0.8015749454498291, 6960
0.8015749454498291, 6959
0.8015749454498291, 6958
0.809628963470459, 6957
0.8116874694824219, 6956
0.8116874694824219, 6955
0.8116874694824219, 6954
0.8116874694824219, 6953
0.8116874694824219, 6952
0.8116874694824219, 6951
0.8222441673278809, 6950
0.8222441673278809, 6949
0.8222441673278809, 6948
0.8222441673278809, 6947
0.8222441673278809, 6946
0.8222441673278809, 6945
0.830298662185669, 6944
0.830298662185669, 6943
0.830298662185669, 6942
0.8323562145233154, 6941
0.8323562145233154, 6940
0.8323562145233154, 6939
0.8323562145233154, 6938
0.8323562145233154, 6937
0.8323562145233154, 6936
0.8323562145233154, 6935
0.8323562145233154, 6934
0.8404614925384521, 6933
0.8425219058990479, 6932
0.8425219058990479, 6931
0.8425219058990479, 6930
0.8425219058990479, 6929
0.8425219058990479, 6928
0.8505825996398926, 6927
0.8505825996398926, 6926
0.8526356220245361, 6925
0.8526356220245361, 6924
0.8526356220245361, 6923
0.8526356220245361, 6922
0.8526356220245361, 6921
0.8526356220245361, 6920
0.8526356220245361, 6919
0.8607203960418701, 6918
0.862774133682251, 6917
0.862774133682251, 6916
0.862774133682251, 6915
0.862774133682251, 6914
0.862774133682251, 6913
0.862774133682251, 6912
0.8708281517028809, 6911
0.8708281517028809, 6910
0.8728845119476318, 6909
0.8728845119476318, 6908
0.8728845119476318, 6907
0.8728845119476318, 6906
0.8809800148010254, 6905
0.8809800148010254, 6904
0.8809800148010254, 6903
0.8830361366271973, 6902
0.8830361366271973, 6901
0.8830361366271973, 6900
0.8830361366271973, 6899
0.8830361366271973, 6898
0.8830361366271973, 6897
0.8910915851593018, 6896
0.8910915851593018, 6895
0.8931505680084229, 6894
0.8931505680084229, 6893
0.8931505680084229, 6892
0.8931505680084229, 6891
0.8931505680084229, 6890
0.8931505680084229, 6889
0.9012296199798584, 6888
0.9012296199798584, 6887
0.9032855033874512, 6886
0.9032855033874512, 6885
0.9032855033874512, 6884
0.9032855033874512, 6883
0.9113466739654541, 6882
0.9113466739654541, 6881
0.9113466739654541, 6880
0.9134006500244141, 6879
0.9134006500244141, 6878
0.9134006500244141, 6877
0.9134006500244141, 6876
0.9134006500244141, 6875
0.9134006500244141, 6874
0.9134006500244141, 6873
0.9134006500244141, 6872
0.9214708805084229, 6871
0.9235332012176514, 6870
0.9235332012176514, 6869
0.9235332012176514, 6868
0.9235332012176514, 6867
0.9235332012176514, 6866
0.9235332012176514, 6865
0.9235332012176514, 6864
0.9235332012176514, 6863
0.9315872192382812, 6862
0.9315872192382812, 6861
0.9336428642272949, 6860
0.9336428642272949, 6859
0.9336428642272949, 6858
0.9336428642272949, 6857
0.9336428642272949, 6856
0.9336428642272949, 6855
0.9336428642272949, 6854
0.94171142578125, 6853
0.94171142578125, 6852
0.94171142578125, 6851
0.9437661170959473, 6850
0.9437661170959473, 6849
0.9437661170959473, 6848
0.9437661170959473, 6847
0.9437661170959473, 6846
0.9538745880126953, 6845
0.9538745880126953, 6844
0.9538745880126953, 6843
0.9538745880126953, 6842
0.9538745880126953, 6841
0.9538745880126953, 6840
0.9538745880126953, 6839
0.9619631767272949, 6838
0.9640176296234131, 6837
0.9640176296234131, 6836
0.9640176296234131, 6835
0.9640176296234131, 6834
0.9640176296234131, 6833
0.9640176296234131, 6832
0.9640176296234131, 6831
0.9720921516418457, 6830
0.9720921516418457, 6829
0.9720921516418457, 6828
0.9741501808166504, 6827
0.9741501808166504, 6826
0.9741501808166504, 6825
0.9822421073913574, 6824
0.9822421073913574, 6823
0.9843168258666992, 6822
0.9843168258666992, 6821
0.9843168258666992, 6820
0.9843168258666992, 6819
0.9843168258666992, 6818
0.9923739433288574, 6817
0.9944274425506592, 6816
0.9944274425506592, 6815
0.9944274425506592, 6814
0.9944274425506592, 6813
1.0025534629821777, 6812
1.0025534629821777, 6811
1.0025534629821777, 6810
1.0025534629821777, 6809
1.0025534629821777, 6808
1.0025534629821777, 6807
1.0025534629821777, 6806
1.0126135349273682, 6805
1.0146362781524658, 6804
1.0146362781524658, 6803
1.0146362781524658, 6802
1.0146362781524658, 6801
1.0146362781524658, 6800
1.0146362781524658, 6799
1.0146362781524658, 6798
1.0146362781524658, 6797
1.0247387886047363, 6796
1.0247387886047363, 6795
1.0247387886047363, 6794
1.0247387886047363, 6793
1.032806396484375, 6792
1.0348808765411377, 6791
1.0348808765411377, 6790
1.0348808765411377, 6789
1.0348808765411377, 6788
1.0348808765411377, 6787
1.042943000793457, 6786
1.042943000793457, 6785
1.042943000793457, 6784
1.0529894828796387, 6783
1.0529894828796387, 6782
1.0529894828796387, 6781
1.0529894828796387, 6780
1.0529894828796387, 6779
1.0529894828796387, 6778
1.0529894828796387, 6777
1.0529894828796387, 6776
1.0529894828796387, 6775
1.0529894828796387, 6774
1.0529894828796387, 6773
1.0529894828796387, 6772
1.0529894828796387, 6771
1.0529894828796387, 6770
1.0529894828796387, 6769
1.0680410861968994, 6768
1.0680410861968994, 6767
1.0680410861968994, 6766
1.0680410861968994, 6765
1.0680410861968994, 6764
1.0680410861968994, 6763
1.0830445289611816, 6762
1.0830445289611816, 6761
1.0830445289611816, 6760
1.0830445289611816, 6759
1.0830445289611816, 6758
1.0830445289611816, 6757
1.0830445289611816, 6756
1.0830445289611816, 6755
1.0830445289611816, 6754
1.0830445289611816, 6753
1.0830445289611816, 6752
1.0830445289611816, 6751
1.0980422496795654, 6750
1.0980422496795654, 6749
1.0980422496795654, 6748
1.0980422496795654, 6747
1.0980422496795654, 6746
1.0980422496795654, 6745
1.0980422496795654, 6744
1.0980422496795654, 6743
1.0980422496795654, 6742
1.0980422496795654, 6741
1.1130008697509766, 6740
1.1130008697509766, 6739
1.1130008697509766, 6738
1.1130008697509766, 6737
1.1130008697509766, 6736
1.1130008697509766, 6735
1.1130008697509766, 6734
1.1130008697509766, 6733
1.1130008697509766, 6732
1.1130008697509766, 6731
1.1130008697509766, 6730
1.1130008697509766, 6729
1.1130008697509766, 6728
1.1130008697509766, 6727
1.1130008697509766, 6726
1.1130008697509766, 6725
1.1280415058135986, 6724
1.1280415058135986, 6723
1.1280415058135986, 6722
1.1280415058135986, 6721
1.1280415058135986, 6720
1.1280415058135986, 6719
1.1280415058135986, 6718
1.1280415058135986, 6717
1.1280415058135986, 6716
1.1280415058135986, 6715
1.1280415058135986, 6714
1.1430435180664062, 6713
1.1430435180664062, 6712
1.1430435180664062, 6711
1.1430435180664062, 6710
1.1430435180664062, 6709
1.1430435180664062, 6708
1.1430435180664062, 6707
1.153125286102295, 6706
1.153125286102295, 6705
1.1551437377929688, 6704
1.1551437377929688, 6703
1.1551437377929688, 6702
1.1652917861938477, 6701
1.1652917861938477, 6700
1.1652917861938477, 6699
1.1733551025390625, 6698
1.1733551025390625, 6697
1.1754038333892822, 6696
1.1754038333892822, 6695
1.1754038333892822, 6694
1.1754038333892822, 6693
1.1754038333892822, 6692
1.1754038333892822, 6691
1.185676097869873, 6690
1.185676097869873, 6689
1.185676097869873, 6688
1.185676097869873, 6687
1.1937365531921387, 6686
1.1957881450653076, 6685
1.1957881450653076, 6684
1.2038357257843018, 6683
1.205888271331787, 6682
1.205888271331787, 6681
1.205888271331787, 6680
1.205888271331787, 6679
1.205888271331787, 6678
1.205888271331787, 6677
1.205888271331787, 6676
1.205888271331787, 6675
1.2139599323272705, 6674
1.2139599323272705, 6673
1.2160100936889648, 6672
1.2160100936889648, 6671
1.2241437435150146, 6670
1.2241437435150146, 6669
1.2261955738067627, 6668
1.2261955738067627, 6667
1.2261955738067627, 6666
1.2261955738067627, 6665
1.2261955738067627, 6664
1.234222412109375, 6663
1.2363879680633545, 6662
1.2363879680633545, 6661
1.2363879680633545, 6660
1.2363879680633545, 6659
1.2363879680633545, 6658
1.244462251663208, 6657
1.244462251663208, 6656
1.2465190887451172, 6655
1.2465190887451172, 6654
1.2465190887451172, 6653
1.2465190887451172, 6652
1.2465190887451172, 6651
1.2568316459655762, 6650
1.2568316459655762, 6649
1.2568316459655762, 6648
1.2568316459655762, 6647
1.2568316459655762, 6646
1.2568316459655762, 6645
1.2568316459655762, 6644
1.2649178504943848, 6643
1.2669484615325928, 6642
1.2669484615325928, 6641
1.2750334739685059, 6640
1.277082920074463, 6639
1.277082920074463, 6638
1.277082920074463, 6637
1.277082920074463, 6636
1.277082920074463, 6635
1.277082920074463, 6634
1.2851653099060059, 6633
1.2873406410217285, 6632
1.2873406410217285, 6631
1.2873406410217285, 6630
1.2873406410217285, 6629
1.2953717708587646, 6628
1.2953717708587646, 6627
1.2953717708587646, 6626
1.2953717708587646, 6625
1.2953717708587646, 6624
1.3054587841033936, 6623
1.3054587841033936, 6622
1.3074836730957031, 6621
1.3074836730957031, 6620
1.3074836730957031, 6619
1.3074836730957031, 6618
1.3074836730957031, 6617
1.317528247833252, 6616
1.317528247833252, 6615
1.317528247833252, 6614
1.317528247833252, 6613
1.3256175518035889, 6612
1.3256175518035889, 6611
1.3276402950286865, 6610
1.3276402950286865, 6609
1.3276402950286865, 6608
1.3276402950286865, 6607
1.3379204273223877, 6606
1.3379204273223877, 6605
1.3379204273223877, 6604
1.3379204273223877, 6603
1.3379204273223877, 6602
1.3459546566009521, 6601
1.3480074405670166, 6600
1.3480074405670166, 6599
1.3480074405670166, 6598
1.3581583499908447, 6597
1.3581583499908447, 6596
1.3581583499908447, 6595
1.3581583499908447, 6594
1.3661983013153076, 6593
1.3682496547698975, 6592
1.3682496547698975, 6591
1.37833571434021, 6590
1.37833571434021, 6589
1.37833571434021, 6588
1.37833571434021, 6587
1.386580467224121, 6586
1.3886334896087646, 6585
1.3886334896087646, 6584
1.3886334896087646, 6583
1.3886334896087646, 6582
1.3886334896087646, 6581
1.3886334896087646, 6580
1.3966960906982422, 6579
1.3966960906982422, 6578
1.3966960906982422, 6577
1.4068045616149902, 6576
1.4068045616149902, 6575
1.4088587760925293, 6574
1.416914463043213, 6573
1.416914463043213, 6572
1.419163703918457, 6571
1.419163703918457, 6570
1.419163703918457, 6569
1.4272127151489258, 6568
1.4272127151489258, 6567
1.4297194480895996, 6566
1.4297194480895996, 6565
1.437762975692749, 6564
1.439812183380127, 6563
1.439812183380127, 6562
1.439812183380127, 6561
1.439812183380127, 6560
1.4478919506072998, 6559
1.4478919506072998, 6558
1.4478919506072998, 6557
1.4499235153198242, 6556
1.4499235153198242, 6555
1.4499235153198242, 6554
1.4499235153198242, 6553
1.4579863548278809, 6552
1.4600298404693604, 6551
1.4600391387939453, 6550
1.4600391387939453, 6549
1.4600391387939453, 6548
1.4719805717468262, 6547
1.4741170406341553, 6546
1.475165843963623, 6545
1.4762499332427979, 6544
1.4773025512695312, 6543
1.4773025512695312, 6542
1.4789443016052246, 6541
1.479999303817749, 6540
1.479999303817749, 6539
1.4810657501220703, 6538
1.4821386337280273, 6537
1.4831569194793701, 6536
1.4831569194793701, 6535
1.4831569194793701, 6534
1.4831569194793701, 6533
1.4831569194793701, 6532
1.491321325302124, 6531
1.491321325302124, 6530
1.491321325302124, 6529
1.491321325302124, 6528
1.491321325302124, 6527
1.5014941692352295, 6526
1.5014941692352295, 6525
1.5014941692352295, 6524
1.5014941692352295, 6523
1.5014941692352295, 6522
1.5014941692352295, 6521
1.5095632076263428, 6520
1.5095632076263428, 6519
1.5095632076263428, 6518
1.5095632076263428, 6517
1.5095632076263428, 6516
1.5095632076263428, 6515
1.5216946601867676, 6514
1.5216946601867676, 6513
1.5216946601867676, 6512
1.529780387878418, 6511
1.529780387878418, 6510
1.529780387878418, 6509
1.529780387878418, 6508
1.529780387878418, 6507
1.5398807525634766, 6506
1.5419526100158691, 6505
1.5419526100158691, 6504
1.5419526100158691, 6503
1.5419526100158691, 6502
1.5499708652496338, 6501
1.5499708652496338, 6500
1.5499708652496338, 6499
1.5499708652496338, 6498
1.5499708652496338, 6497
1.5600335597991943, 6496
1.5600335597991943, 6495
1.5620920658111572, 6494
1.5620920658111572, 6493
1.5620920658111572, 6492
1.5620920658111572, 6491
1.5701563358306885, 6490
1.5722131729125977, 6489
1.5722131729125977, 6488
1.5722131729125977, 6487
1.5722131729125977, 6486
1.5823311805725098, 6485
1.5823311805725098, 6484
1.5823311805725098, 6483
1.5823311805725098, 6482
1.5823311805725098, 6481
1.5823311805725098, 6480
1.5823311805725098, 6479
1.5823311805725098, 6478
1.5903851985931396, 6477
1.5903851985931396, 6476
1.592437744140625, 6475
1.592437744140625, 6474
1.592437744140625, 6473
1.592437744140625, 6472
1.592437744140625, 6471
1.592437744140625, 6470
1.592437744140625, 6469
1.6005322933197021, 6468
1.6005322933197021, 6467
1.6025893688201904, 6466
1.6025893688201904, 6465
1.6025893688201904, 6464
1.6025893688201904, 6463
1.6025893688201904, 6462
1.6025893688201904, 6461
1.6025893688201904, 6460
1.6106467247009277, 6459
1.6126999855041504, 6458
1.6126999855041504, 6457
1.6126999855041504, 6456
1.6126999855041504, 6455
1.6126999855041504, 6454
1.6126999855041504, 6453
1.6126999855041504, 6452
1.6126999855041504, 6451
1.6207678318023682, 6450
1.6207678318023682, 6449
1.6207678318023682, 6448
1.6228220462799072, 6447
1.6228220462799072, 6446
1.6228220462799072, 6445
1.6228220462799072, 6444
1.6228220462799072, 6443
1.6228220462799072, 6442
1.6308836936950684, 6441
1.6308836936950684, 6440
1.6329567432403564, 6439
1.6329567432403564, 6438
1.6329567432403564, 6437
1.6329567432403564, 6436
1.6410424709320068, 6435
1.6410424709320068, 6434
1.6430985927581787, 6433
1.6430985927581787, 6432
1.6430985927581787, 6431
1.6511547565460205, 6430
1.653210163116455, 6429
1.653210163116455, 6428
1.653210163116455, 6427
1.653210163116455, 6426
1.653210163116455, 6425
1.6612915992736816, 6424
1.6612915992736816, 6423
1.6633460521697998, 6422
1.6633460521697998, 6421
1.6633460521697998, 6420
1.671416997909546, 6419
1.673471212387085, 6418
1.673471212387085, 6417
1.673471212387085, 6416
1.6835801601409912, 6415
1.6835801601409912, 6414
1.6835801601409912, 6413
1.6835801601409912, 6412
1.6835801601409912, 6411
1.6835801601409912, 6410
1.6835801601409912, 6409
1.6835801601409912, 6408
1.691657304763794, 6407
1.6937222480773926, 6406
1.6937222480773926, 6405
1.7018537521362305, 6404
1.7018537521362305, 6403
1.7018537521362305, 6402
1.703920602798462, 6401
1.703920602798462, 6400
1.703920602798462, 6399
1.703920602798462, 6398
1.703920602798462, 6397
1.703920602798462, 6396
1.7119784355163574, 6395
1.7119784355163574, 6394
1.7241714000701904, 6393
1.7241714000701904, 6392
1.7241714000701904, 6391
1.7241714000701904, 6390
1.7241714000701904, 6389
1.7322256565093994, 6388
1.7322256565093994, 6387
1.734297275543213, 6386
1.734297275543213, 6385
1.734297275543213, 6384
1.734297275543213, 6383
1.734297275543213, 6382
1.734297275543213, 6381
1.7423725128173828, 6380
1.7423725128173828, 6379
1.7444276809692383, 6378
1.7444276809692383, 6377
1.7444276809692383, 6376
1.7524924278259277, 6375
1.7524924278259277, 6374
1.7524924278259277, 6373
1.7545452117919922, 6372
1.7545452117919922, 6371
1.7626044750213623, 6370
1.7626044750213623, 6369
1.7626044750213623, 6368
1.7646629810333252, 6367
1.7646629810333252, 6366
1.7646629810333252, 6365
1.7727181911468506, 6364
1.7747712135314941, 6363
1.7747712135314941, 6362
1.7747712135314941, 6361
1.782886266708374, 6360
1.784942388534546, 6359
1.784942388534546, 6358
1.784942388534546, 6357
1.784942388534546, 6356
1.784942388534546, 6355
1.784942388534546, 6354
1.7929937839508057, 6353
1.7950513362884521, 6352
1.7950513362884521, 6351
1.7950513362884521, 6350
1.7950513362884521, 6349
1.7950513362884521, 6348
1.8031458854675293, 6347
1.8031458854675293, 6346
1.805201530456543, 6345
1.805201530456543, 6344
1.805201530456543, 6343
1.8153178691864014, 6342
1.8153178691864014, 6341
1.8153178691864014, 6340
1.8153178691864014, 6339
1.8153178691864014, 6338
1.8234198093414307, 6337
1.8234198093414307, 6336
1.8254752159118652, 6335
1.8254752159118652, 6334
1.833526849746704, 6333
1.8355798721313477, 6332
1.8355798721313477, 6331
1.8355798721313477, 6330
1.8355798721313477, 6329
1.8355798721313477, 6328
1.843698501586914, 6327
1.8457543849945068, 6326
1.8457543849945068, 6325
1.8457543849945068, 6324
1.853808879852295, 6323
1.853808879852295, 6322
1.8558621406555176, 6321
1.8558621406555176, 6320
1.8558621406555176, 6319
1.8558621406555176, 6318
1.8558621406555176, 6317
1.8558621406555176, 6316
1.8639469146728516, 6315
1.8660035133361816, 6314
1.8660035133361816, 6313
1.8660035133361816, 6312
1.8660035133361816, 6311
1.8740761280059814, 6310
1.8740761280059814, 6309
1.8761296272277832, 6308
1.8862552642822266, 6307
1.8862552642822266, 6306
1.8862552642822266, 6305
1.8862552642822266, 6304
1.8862552642822266, 6303
1.8963744640350342, 6302
1.8963744640350342, 6301
1.9044790267944336, 6300
1.9064886569976807, 6299
1.9166266918182373, 6298
1.9166266918182373, 6297
1.9166266918182373, 6296
1.9166266918182373, 6295
1.9166266918182373, 6294
1.9166266918182373, 6293
1.9166266918182373, 6292
1.9166266918182373, 6291
1.9246864318847656, 6290
1.9246864318847656, 6289
1.9267404079437256, 6288
1.9267404079437256, 6287
1.9267404079437256, 6286
1.9267404079437256, 6285
1.9267404079437256, 6284
1.9267404079437256, 6283
1.9267404079437256, 6282
1.9449336528778076, 6281
1.9469914436340332, 6280
1.9469914436340332, 6279
1.9469914436340332, 6278
1.9469914436340332, 6277
1.9571380615234375, 6276
1.9571380615234375, 6275
1.9652576446533203, 6274
1.9672799110412598, 6273
1.9672799110412598, 6272
1.9672799110412598, 6271
1.9773859977722168, 6270
1.9773859977722168, 6269
1.9773859977722168, 6268
1.9773859977722168, 6267
1.9875295162200928, 6266
1.9875295162200928, 6265
1.9875295162200928, 6264
1.9976470470428467, 6263
1.9976470470428467, 6262
1.9976470470428467, 6261
1.9976470470428467, 6260
2.00578236579895, 6259
2.00578236579895, 6258
2.0078392028808594, 6257
2.0078392028808594, 6256
2.0078392028808594, 6255
2.0078392028808594, 6254
2.0078392028808594, 6253
2.0078392028808594, 6252
2.0078392028808594, 6251
2.0078392028808594, 6250
2.0158944129943848, 6249
2.0179569721221924, 6248
2.0179569721221924, 6247
2.0280795097351074, 6246
2.0280795097351074, 6245
2.0280795097351074, 6244
2.0280795097351074, 6243
2.0280795097351074, 6242
2.036137104034424, 6241
2.036137104034424, 6240
2.0381529331207275, 6239
2.0381529331207275, 6238
2.0381529331207275, 6237
2.0381529331207275, 6236
2.0381529331207275, 6235
2.0381529331207275, 6234
2.046196699142456, 6233
2.0486955642700195, 6232
2.0486955642700195, 6231
2.0486955642700195, 6230
2.0567829608917236, 6229
2.0567829608917236, 6228
2.0588362216949463, 6227
2.0588362216949463, 6226
2.0588362216949463, 6225
2.0588362216949463, 6224
2.0588362216949463, 6223
2.068969488143921, 6222
2.068969488143921, 6221
2.068969488143921, 6220
2.068969488143921, 6219
2.068969488143921, 6218
2.0770232677459717, 6217
2.0770232677459717, 6216
2.0790855884552, 6215
2.0790855884552, 6214
2.0790855884552, 6213
2.0790855884552, 6212
2.087207317352295, 6211
2.089275360107422, 6210
2.089275360107422, 6209
2.089275360107422, 6208
2.089275360107422, 6207
2.089275360107422, 6206
2.089275360107422, 6205
2.089275360107422, 6204
2.0973310470581055, 6203
2.0973310470581055, 6202
2.099384069442749, 6201
2.099384069442749, 6200
2.099384069442749, 6199
2.109562397003174, 6198
2.109562397003174, 6197
2.109562397003174, 6196
2.109562397003174, 6195
2.109562397003174, 6194
2.109562397003174, 6193
2.119701385498047, 6192
2.119701385498047, 6191
2.119701385498047, 6190
2.1277596950531006, 6189
2.129815101623535, 6188
2.129815101623535, 6187
2.129815101623535, 6186
2.129815101623535, 6185
2.129815101623535, 6184
2.129815101623535, 6183
2.139930009841919, 6182
2.1500437259674072, 6181
2.1500437259674072, 6180
2.1500437259674072, 6179
2.160155773162842, 6178
2.160155773162842, 6177
2.160155773162842, 6176
2.160155773162842, 6175
2.1682510375976562, 6174
2.1682510375976562, 6173
2.170318126678467, 6172
2.170318126678467, 6171
2.170318126678467, 6170
2.170318126678467, 6169
2.170318126678467, 6168
2.1783716678619385, 6167
2.1783716678619385, 6166
2.180424928665161, 6165
2.180424928665161, 6164
2.180424928665161, 6163
2.1885159015655518, 6162
2.1905341148376465, 6161
2.1905341148376465, 6160
2.1905341148376465, 6159
2.1905341148376465, 6158
2.1905341148376465, 6157
2.19856333732605, 6156
2.19856333732605, 6155
2.2006776332855225, 6154
2.2006776332855225, 6153
2.2006776332855225, 6152
2.2087864875793457, 6151
2.210827589035034, 6150
2.210827589035034, 6149
2.210827589035034, 6148
2.210827589035034, 6147
2.21889066696167, 6146
2.2209370136260986, 6145
2.2209370136260986, 6144
2.2209370136260986, 6143
2.2209370136260986, 6142
2.231045961380005, 6141
2.239122152328491, 6140
2.239122152328491, 6139
2.25132417678833, 6138
2.259392738342285, 6137
2.261411666870117, 6136
2.261411666870117, 6135
2.2696585655212402, 6134
2.2696585655212402, 6133
2.2696585655212402, 6132
2.2797207832336426, 6131
2.2817695140838623, 6130
2.2817695140838623, 6129
2.2898600101470947, 6128
2.2898600101470947, 6127
2.291912317276001, 6126
2.291912317276001, 6125
2.2999942302703857, 6124
2.2999942302703857, 6123
2.2999942302703857, 6122
2.2999942302703857, 6121
2.3100545406341553, 6120
2.3121211528778076, 6119
2.3121211528778076, 6118
2.3121211528778076, 6117
2.3121211528778076, 6116
2.3201959133148193, 6115
2.3201959133148193, 6114
2.3201959133148193, 6113
2.332331895828247, 6112
2.332331895828247, 6111
2.340386152267456, 6110
2.340386152267456, 6109
2.340386152267456, 6108
2.340386152267456, 6107
2.340386152267456, 6106
2.3504562377929688, 6105
2.3504562377929688, 6104
2.3504562377929688, 6103
2.3525125980377197, 6102
2.3525125980377197, 6101
2.3525125980377197, 6100
2.3625967502593994, 6099
2.37065052986145, 6098
2.37065052986145, 6097
2.394167900085449, 6096
2.394167900085449, 6095
2.394167900085449, 6094
2.4022295475006104, 6093
2.4042930603027344, 6092
2.4042930603027344, 6091
2.4042930603027344, 6090
2.4042930603027344, 6089
2.414458990097046, 6088
2.414458990097046, 6087
2.4225175380706787, 6086
2.4245707988739014, 6085
2.4245707988739014, 6084
2.4326467514038086, 6083
2.4346985816955566, 6082
2.4346985816955566, 6081
2.4346985816955566, 6080
2.4346985816955566, 6079
2.4346985816955566, 6078
2.4346985816955566, 6077
2.4346985816955566, 6076
2.4346985816955566, 6075
2.444817304611206, 6074
2.444817304611206, 6073
2.444817304611206, 6072
2.4528863430023193, 6071
2.4549410343170166, 6070
2.4549410343170166, 6069
2.4549410343170166, 6068
2.4549410343170166, 6067
2.4549410343170166, 6066
2.463006019592285, 6065
2.4650590419769287, 6064
2.4650590419769287, 6063
2.4650590419769287, 6062
2.4650590419769287, 6061
2.4650590419769287, 6060
2.4731228351593018, 6059
2.4751768112182617, 6058
2.4751768112182617, 6057
2.4751768112182617, 6056
2.4751768112182617, 6055
2.4751768112182617, 6054
2.4832441806793213, 6053
2.4853010177612305, 6052
2.4853010177612305, 6051
2.4853010177612305, 6050
2.4853010177612305, 6049
2.4853010177612305, 6048
2.4853010177612305, 6047
2.495415449142456, 6046
2.495415449142456, 6045
2.495415449142456, 6044
2.495415449142456, 6043
2.503476858139038, 6042
2.5055267810821533, 6041
2.5055267810821533, 6040
2.5055267810821533, 6039
2.5136337280273438, 6038
2.515700578689575, 6037
2.515700578689575, 6036
2.515700578689575, 6035
2.5237951278686523, 6034
2.5237951278686523, 6033
2.5237951278686523, 6032
2.5441670417785645, 6031
2.5441670417785645, 6030
2.5441670417785645, 6029
2.5462160110473633, 6028
2.5462160110473633, 6027
2.5462160110473633, 6026
2.5462160110473633, 6025
2.5563623905181885, 6024
2.5563623905181885, 6023
2.5563623905181885, 6022
2.5643959045410156, 6021
2.574486255645752, 6020
2.5765109062194824, 6019
2.5765109062194824, 6018
2.5866713523864746, 6017
2.5866713523864746, 6016
2.5866713523864746, 6015
2.5947518348693848, 6014
2.5947518348693848, 6013
2.5968055725097656, 6012
2.5968055725097656, 6011
2.6050195693969727, 6010
2.6070950031280518, 6009
2.61720609664917, 6008
2.61724853515625, 6007
2.61724853515625, 6006
2.61724853515625, 6005
2.61724853515625, 6004
2.625321865081787, 6003
2.6273767948150635, 6002
2.6357486248016357, 6001
2.637779951095581, 6000
2.637779951095581, 5999
2.637779951095581, 5998
2.637779951095581, 5997
2.6458375453948975, 5996
2.6478865146636963, 5995
2.6584742069244385, 5994
2.6584742069244385, 5993
2.6584742069244385, 5992
2.6584742069244385, 5991
2.6686887741088867, 5990
2.6767542362213135, 5989
2.6788132190704346, 5988
2.6788132190704346, 5987
2.6788132190704346, 5986
2.6888973712921143, 5985
2.6969752311706543, 5984
2.6990303993225098, 5983
2.6990303993225098, 5982
2.6990303993225098, 5981
2.7194995880126953, 5980
2.7194995880126953, 5979
2.7194995880126953, 5978
2.7194995880126953, 5977
2.7296359539031982, 5976
2.7296359539031982, 5975
2.7379322052001953, 5974
2.7400150299072266, 5973
2.7400150299072266, 5972
2.7400150299072266, 5971
2.7400150299072266, 5970
2.7400150299072266, 5969
2.7400150299072266, 5968
2.7400150299072266, 5967
2.7501323223114014, 5966
2.7501323223114014, 5965
2.760262966156006, 5964
2.760262966156006, 5963
2.760262966156006, 5962
2.760262966156006, 5961
2.760262966156006, 5960
2.7706475257873535, 5959
2.7706475257873535, 5958
2.7706475257873535, 5957
2.7706475257873535, 5956
2.7807798385620117, 5955
2.7807798385620117, 5954
2.7807798385620117, 5953
2.7888426780700684, 5952
2.7888426780700684, 5951
2.7888426780700684, 5950
2.790891408920288, 5949
2.790891408920288, 5948
2.790891408920288, 5947
2.790891408920288, 5946
2.790891408920288, 5945
2.790891408920288, 5944
2.798959970474243, 5943
2.801013946533203, 5942
2.801013946533203, 5941
2.801013946533203, 5940
2.811121940612793, 5939
2.811121940612793, 5938
2.811121940612793, 5937
2.8192262649536133, 5936
2.8192262649536133, 5935
2.82129168510437, 5934
2.82129168510437, 5933
2.82129168510437, 5932
2.82129168510437, 5931
2.8314056396484375, 5930
2.8314056396484375, 5929
2.8394713401794434, 5928
2.8415279388427734, 5927
2.8421106338500977, 5926
2.8421106338500977, 5925
2.8455491065979004, 5924
2.847837209701538, 5923
2.8516016006469727, 5922
2.8527417182922363, 5921
2.8595259189605713, 5920
2.8595259189605713, 5919
2.861578941345215, 5918
2.861578941345215, 5917
2.861578941345215, 5916
2.861578941345215, 5915
2.861578941345215, 5914
2.861578941345215, 5913
2.861578941345215, 5912
2.869645118713379, 5911
2.8717026710510254, 5910
2.8717026710510254, 5909
2.8797569274902344, 5908
2.8818092346191406, 5907
2.8818092346191406, 5906
2.8919332027435303, 5905
2.899989604949951, 5904
2.899989604949951, 5903
2.9020423889160156, 5902
2.9020423889160156, 5901
2.912193536758423, 5900
2.912193536758423, 5899
2.912193536758423, 5898
2.912193536758423, 5897
2.922308921813965, 5896
2.922308921813965, 5895
2.922308921813965, 5894
2.922308921813965, 5893
2.930387258529663, 5892
2.9324448108673096, 5891
2.9324448108673096, 5890
2.9324448108673096, 5889
2.9405016899108887, 5888
2.9425547122955322, 5887
2.9425547122955322, 5886
2.9506309032440186, 5885
2.952686309814453, 5884
2.952686309814453, 5883
2.962794303894043, 5882
2.962794303894043, 5881
2.962794303894043, 5880
2.97086763381958, 5879
2.972923517227173, 5878
2.983041763305664, 5877
2.991129159927368, 5876
2.991129159927368, 5875
2.9931862354278564, 5874
2.9931862354278564, 5873
2.9931862354278564, 5872
2.9931862354278564, 5871
2.9931862354278564, 5870
2.9931862354278564, 5869
3.003293752670288, 5868
3.003293752670288, 5867
3.003293752670288, 5866
3.003293752670288, 5865
3.0114009380340576, 5864
3.0134565830230713, 5863
3.0134565830230713, 5862
3.023564577102661, 5861
3.023564577102661, 5860
3.023564577102661, 5859
3.031670570373535, 5858
3.033726453781128, 5857
3.033726453781128, 5856
3.033726453781128, 5855
3.033726453781128, 5854
3.033726453781128, 5853
3.0417892932891846, 5852
3.0417892932891846, 5851
3.0417892932891846, 5850
3.0438432693481445, 5849
3.0438432693481445, 5848
3.0539543628692627, 5847
3.0539543628692627, 5846
3.0539543628692627, 5845
3.0620181560516357, 5844
3.064077138900757, 5843
3.064077138900757, 5842
3.072153091430664, 5841
3.074216842651367, 5840
3.074216842651367, 5839
3.074216842651367, 5838
3.074216842651367, 5837
3.074216842651367, 5836
3.074216842651367, 5835
3.0944674015045166, 5834
3.0944674015045166, 5833
3.0944674015045166, 5832
3.0944674015045166, 5831
3.0944674015045166, 5830
3.0944674015045166, 5829
3.0944674015045166, 5828
3.0944674015045166, 5827
3.1025447845458984, 5826
3.104609966278076, 5825
3.104609966278076, 5824
3.104609966278076, 5823
3.11476469039917, 5822
3.11476469039917, 5821
3.11476469039917, 5820
3.11476469039917, 5819
3.1248996257781982, 5818
3.1248996257781982, 5817
3.1248996257781982, 5816
3.1248996257781982, 5815
3.1349923610687256, 5814
3.1349923610687256, 5813
3.1430459022521973, 5812
3.153118848800659, 5811
3.153118848800659, 5810
3.155200242996216, 5809
3.155200242996216, 5808
3.155200242996216, 5807
3.1653263568878174, 5806
3.1653263568878174, 5805
3.173393487930298, 5804
3.1754355430603027, 5803
3.1754355430603027, 5802
3.183500289916992, 5801
3.1855552196502686, 5800
3.1855552196502686, 5799
3.1855552196502686, 5798
3.1855552196502686, 5797
3.195638418197632, 5796
3.195638418197632, 5795
3.195638418197632, 5794
3.195638418197632, 5793
3.195638418197632, 5792
3.2057578563690186, 5791
3.2057578563690186, 5790
3.2057578563690186, 5789
3.215848684310913, 5788
3.215848684310913, 5787
3.215848684310913, 5786
3.225961208343506, 5785
3.225961208343506, 5784
3.236072540283203, 5783
3.236072540283203, 5782
3.236072540283203, 5781
3.2461931705474854, 5780
3.2461931705474854, 5779
3.2461931705474854, 5778
3.2461931705474854, 5777
3.254270553588867, 5776
3.2563133239746094, 5775
3.2563133239746094, 5774
3.2563133239746094, 5773
3.2563133239746094, 5772
3.2563133239746094, 5771
3.2563133239746094, 5770
3.2563133239746094, 5769
3.2563133239746094, 5768
3.2643818855285645, 5767
3.2643818855285645, 5766
3.26643967628479, 5765
3.277017116546631, 5764
3.277017116546631, 5763
3.277017116546631, 5762
3.277017116546631, 5761
3.277017116546631, 5760
3.2871501445770264, 5759
3.2871501445770264, 5758
3.295246124267578, 5757
3.295246124267578, 5756
3.297306776046753, 5755
3.297306776046753, 5754
3.297306776046753, 5753
3.297306776046753, 5752
3.307368040084839, 5751
3.3175570964813232, 5750
3.3175570964813232, 5749
3.3175570964813232, 5748
3.325618028640747, 5747
3.327676296234131, 5746
3.327676296234131, 5745
3.327676296234131, 5744
3.327676296234131, 5743
3.327676296234131, 5742
3.3357837200164795, 5741
3.3357837200164795, 5740
3.3378560543060303, 5739
3.3378560543060303, 5738
3.3480072021484375, 5737
3.3480072021484375, 5736
3.3581817150115967, 5735
3.3581817150115967, 5734
3.3581817150115967, 5733
3.3662571907043457, 5732
3.3683242797851562, 5731
3.3683242797851562, 5730
3.3784682750701904, 5729
3.3784682750701904, 5728
3.3784682750701904, 5727
3.3784682750701904, 5726
3.3886024951934814, 5725
3.3886024951934814, 5724
3.396637439727783, 5723
3.398705244064331, 5722
3.398705244064331, 5721
3.398705244064331, 5720
3.398705244064331, 5719
3.398705244064331, 5718
3.4088408946990967, 5717
3.416882038116455, 5716
3.418952465057373, 5715
3.418952465057373, 5714
3.418952465057373, 5713
3.4270496368408203, 5712
3.429119825363159, 5711
3.429119825363159, 5710
3.447352647781372, 5709
3.4494211673736572, 5708
3.4494211673736572, 5707
3.4595305919647217, 5706
3.4595305919647217, 5705
3.46968412399292, 5704
3.4777376651763916, 5703
3.4777376651763916, 5702
3.479809522628784, 5701
3.4878785610198975, 5700
3.48994779586792, 5699
3.48994779586792, 5698
3.4979846477508545, 5697
3.5000674724578857, 5696
3.5000674724578857, 5695
3.5081562995910645, 5694
3.5081562995910645, 5693
3.5081562995910645, 5692
3.510230302810669, 5691
3.510230302810669, 5690
3.5304017066955566, 5689
3.5304017066955566, 5688
3.5384774208068848, 5687
3.5384774208068848, 5686
3.5485758781433105, 5685
3.5506649017333984, 5684
3.5506649017333984, 5683
3.5587408542633057, 5682
3.560819387435913, 5681
3.560819387435913, 5680
3.560819387435913, 5679
3.5710065364837646, 5678
3.5710065364837646, 5677
3.5790915489196777, 5676
3.5790915489196777, 5675
3.5811831951141357, 5674
3.5811831951141357, 5673
3.5892205238342285, 5672
3.5892205238342285, 5671
3.5913002490997314, 5670
3.5913002490997314, 5669
3.5993592739105225, 5668
3.5993592739105225, 5667
3.60144305229187, 5666
3.60144305229187, 5665
3.60144305229187, 5664
3.6115732192993164, 5663
3.619654893875122, 5662
3.6217379570007324, 5661
3.6217379570007324, 5660
3.6217379570007324, 5659
3.6319010257720947, 5658
3.6319010257720947, 5657
3.6319010257720947, 5656
3.642051935195923, 5655
3.642051935195923, 5654
3.642051935195923, 5653
3.642051935195923, 5652
3.642051935195923, 5651
3.642051935195923, 5650
3.642051935195923, 5649
3.650062084197998, 5648
3.6501338481903076, 5647
3.6501338481903076, 5646
3.6521859169006348, 5645
3.6521859169006348, 5644
3.662290573120117, 5643
3.662290573120117, 5642
3.662290573120117, 5641
3.662290573120117, 5640
3.6703224182128906, 5639
3.6723551750183105, 5638
3.6723551750183105, 5637
3.6723551750183105, 5636
3.6824562549591064, 5635
3.6904776096343994, 5634
3.6904776096343994, 5633
3.6904776096343994, 5632
3.6924989223480225, 5631
3.6924989223480225, 5630
3.6924989223480225, 5629
3.6924989223480225, 5628
3.6924989223480225, 5627
3.702547073364258, 5626
3.7125847339630127, 5625
3.7125847339630127, 5624
3.7206249237060547, 5623
3.7226412296295166, 5622
3.7226412296295166, 5621
3.7226412296295166, 5620
3.7226412296295166, 5619
3.7226412296295166, 5618
3.7226412296295166, 5617
3.730666160583496, 5616
3.7326819896698, 5615
3.7326819896698, 5614
3.7326819896698, 5613
3.7326819896698, 5612
3.742748737335205, 5611
3.742748737335205, 5610
3.750762939453125, 5609
3.7527809143066406, 5608
3.7527809143066406, 5607
3.7527809143066406, 5606
3.7527809143066406, 5605
3.7628262042999268, 5604
3.7628262042999268, 5603
3.7628262042999268, 5602
3.7628262042999268, 5601
3.7628262042999268, 5600
3.7728514671325684, 5599
3.7829179763793945, 5598
3.7829179763793945, 5597
3.7929582595825195, 5596
3.7929582595825195, 5595
3.7929582595825195, 5594
3.7929582595825195, 5593
3.8030035495758057, 5592
3.8030035495758057, 5591
3.8030035495758057, 5590
3.8030035495758057, 5589
3.8130342960357666, 5588
3.8230724334716797, 5587
3.8230724334716797, 5586
3.833150625228882, 5585
3.833150625228882, 5584
3.833150625228882, 5583
3.8411898612976074, 5582
3.8411898612976074, 5581
3.8432047367095947, 5580
3.8432047367095947, 5579
3.8512232303619385, 5578
3.853233575820923, 5577
3.853233575820923, 5576
3.863288402557373, 5575
3.8733103275299072, 5574
3.885830879211426, 5573
3.885830879211426, 5572
3.893846273422241, 5571
3.893846273422241, 5570
3.893846273422241, 5569
3.895866632461548, 5568
3.905888795852661, 5567
3.905888795852661, 5566
3.9159281253814697, 5565
3.9159281253814697, 5564
3.925950527191162, 5563
3.944019079208374, 5562
3.946030378341675, 5561
3.946030378341675, 5560
3.954068422317505, 5559
3.956082582473755, 5558
3.956082582473755, 5557
3.9661154747009277, 5556
3.9661154747009277, 5555
3.9661154747009277, 5554
3.9661154747009277, 5553
3.974142074584961, 5552
3.974142074584961, 5551
3.976163864135742, 5550
3.976163864135742, 5549
3.9862024784088135, 5548
3.9862024784088135, 5547
3.9862024784088135, 5546
3.9942545890808105, 5545
4.006299734115601, 5544
4.006299734115601, 5543
4.016387224197388, 5542
4.026412725448608, 5541
4.026412725448608, 5540
4.036509037017822, 5539
4.036509037017822, 5538
4.046542644500732, 5537
4.046542644500732, 5536
4.054577589035034, 5535
4.056599140167236, 5534
4.056599140167236, 5533
4.066635370254517, 5532
4.066635370254517, 5531
4.086764574050903, 5530
4.086764574050903, 5529
4.086764574050903, 5528
4.096848964691162, 5527
4.096848964691162, 5526
4.096848964691162, 5525
4.096848964691162, 5524
4.1048619747161865, 5523
4.1048619747161865, 5522
4.106873273849487, 5521
4.106873273849487, 5520
4.106873273849487, 5519
4.116911888122559, 5518
4.124936819076538, 5517
4.124936819076538, 5516
4.124936819076538, 5515
4.124936819076538, 5514
4.1269471645355225, 5513
4.137002944946289, 5512
4.145019292831421, 5511
4.155095338821411, 5510
4.157110214233398, 5509
4.157110214233398, 5508
4.157110214233398, 5507
4.157110214233398, 5506
4.167147636413574, 5505
4.167147636413574, 5504
4.167147636413574, 5503
4.167147636413574, 5502
4.175173997879028, 5501
4.175173997879028, 5500
4.177186489105225, 5499
4.177186489105225, 5498
4.177186489105225, 5497
4.177186489105225, 5496
4.185210704803467, 5495
4.187220811843872, 5494
4.187220811843872, 5493
4.197962760925293, 5492
4.199021100997925, 5491
4.205873250961304, 5490
4.207890510559082, 5489
4.209519386291504, 5488
4.210531949996948, 5487
4.210531949996948, 5486
4.218068838119507, 5485
4.228131055831909, 5484
4.238153457641602, 5483
4.238153457641602, 5482
4.238153457641602, 5481
4.24622917175293, 5480
4.24622917175293, 5479
4.2482521533966064, 5478
4.2582738399505615, 5477
4.2582738399505615, 5476
4.2582738399505615, 5475
4.266329526901245, 5474
4.26834774017334, 5473
4.26834774017334, 5472
4.26834774017334, 5471
4.276368141174316, 5470
4.278378486633301, 5469
4.278378486633301, 5468
4.296435117721558, 5467
4.298449993133545, 5466
4.298449993133545, 5465
4.298449993133545, 5464
4.318562984466553, 5463
4.318562984466553, 5462
4.318562984466553, 5461
4.326582670211792, 5460
4.328593730926514, 5459
4.328593730926514, 5458
4.336615085601807, 5457
4.336615085601807, 5456
4.336615085601807, 5455
4.348687648773193, 5454
4.348687648773193, 5453
4.348687648773193, 5452
4.348687648773193, 5451
4.348687648773193, 5450
4.35670018196106, 5449
4.358710050582886, 5448
4.366750478744507, 5447
4.368783950805664, 5446
4.368783950805664, 5445
4.368783950805664, 5444
4.368783950805664, 5443
4.368783950805664, 5442
4.376800775527954, 5441
4.376800775527954, 5440
4.376800775527954, 5439
4.378816843032837, 5438
4.406961917877197, 5437
4.4190614223480225, 5436
4.4190614223480225, 5435
4.439164161682129, 5434
4.439164161682129, 5433
4.449236869812012, 5432
4.467302322387695, 5431
4.46933650970459, 5430
4.4793713092803955, 5429
4.4873762130737305, 5428
4.491868257522583, 5427
4.491868257522583, 5426
4.501908540725708, 5425
4.501908540725708, 5424
4.501908540725708, 5423
4.511957168579102, 5422
4.511957168579102, 5421
4.5300092697143555, 5420
4.532020807266235, 5419
4.532020807266235, 5418
4.54002571105957, 5417
4.540050745010376, 5416
4.540050745010376, 5415
4.542075157165527, 5414
4.542075157165527, 5413
4.552171230316162, 5412
4.560212135314941, 5411
4.572264671325684, 5410
4.582350492477417, 5409
4.582350492477417, 5408
4.582350492477417, 5407
4.602447748184204, 5406
4.612473249435425, 5405
4.612473249435425, 5404
4.612473249435425, 5403
4.640591382980347, 5402
4.642611980438232, 5401
4.652652025222778, 5400
4.652652025222778, 5399
4.652652025222778, 5398
4.662693023681641, 5397
4.6727259159088135, 5396
4.6727259159088135, 5395
4.6727259159088135, 5394
4.680771350860596, 5393
4.682795286178589, 5392
4.69081449508667, 5391
4.69081449508667, 5390
4.71093225479126, 5389
4.712948560714722, 5388
4.722991943359375, 5387
4.722991943359375, 5386
4.722991943359375, 5385
4.722991943359375, 5384
4.733033657073975, 5383
4.733033657073975, 5382
4.733033657073975, 5381
4.733033657073975, 5380
4.733033657073975, 5379
4.741063833236694, 5378
4.75110387802124, 5377
4.753176212310791, 5376
4.763253688812256, 5375
4.763253688812256, 5374
4.763253688812256, 5373
4.78338098526001, 5372
4.78338098526001, 5371
4.7934160232543945, 5370
4.803500652313232, 5369
4.811533212661743, 5368
4.823583364486694, 5367
4.833616256713867, 5366
4.833616256713867, 5365
4.833616256713867, 5364
4.833616256713867, 5363
4.8437159061431885, 5362
4.8437159061431885, 5361
4.8437159061431885, 5360
4.863831996917725, 5359
4.863831996917725, 5358
4.871867656707764, 5357
4.873898029327393, 5356
4.873898029327393, 5355
4.881971836090088, 5354
4.884001970291138, 5353
4.884001970291138, 5352
4.892024755477905, 5351
4.892024755477905, 5350
4.892024755477905, 5349
4.902058124542236, 5348
4.904083728790283, 5347
4.904083728790283, 5346
4.904083728790283, 5345
4.912118673324585, 5344
4.912118673324585, 5343
4.914196014404297, 5342
4.914196014404297, 5341
4.914196014404297, 5340
4.922269582748413, 5339
4.922269582748413, 5338
4.952463388442993, 5337
4.952463388442993, 5336
4.954494476318359, 5335
4.954494476318359, 5334
4.964599132537842, 5333
4.9726386070251465, 5332
4.9726386070251465, 5331
4.974677801132202, 5330
4.974677801132202, 5329
4.982764005661011, 5328
4.984789133071899, 5327
4.992823362350464, 5326
5.002907037734985, 5325
5.002907037734985, 5324
5.002907037734985, 5323
5.025099754333496, 5322
5.025099754333496, 5321
5.025099754333496, 5320
5.03517746925354, 5319
5.03517746925354, 5318
5.03517746925354, 5317
5.055361032485962, 5316
5.055361032485962, 5315
5.055361032485962, 5314
5.065430641174316, 5313
5.065430641174316, 5312
5.065430641174316, 5311
5.065430641174316, 5310
5.073471784591675, 5309
5.075502157211304, 5308
5.075502157211304, 5307
5.085596323013306, 5306
5.085596323013306, 5305
5.085596323013306, 5304
5.093623399734497, 5303
5.103663206100464, 5302
5.10616660118103, 5301
5.10616660118103, 5300
5.115735054016113, 5299
5.115735054016113, 5298
5.115735054016113, 5297
5.1257970333099365, 5296
5.1257970333099365, 5295
5.1257970333099365, 5294
5.1257970333099365, 5293
5.1358959674835205, 5292
5.1358959674835205, 5291
5.145949363708496, 5290
5.156007528305054, 5289
5.156007528305054, 5288
5.164047479629517, 5287
5.166073799133301, 5286
5.176122426986694, 5285
5.176122426986694, 5284
5.176122426986694, 5283
5.186220169067383, 5282
5.186220169067383, 5281
5.186220169067383, 5280
5.19627046585083, 5279
5.19627046585083, 5278
5.19627046585083, 5277
5.206348180770874, 5276
5.21436619758606, 5275
5.21436619758606, 5274
5.216395616531372, 5273
5.226466178894043, 5272
5.226466178894043, 5271
5.226466178894043, 5270
5.236520528793335, 5269
5.236520528793335, 5268
5.254648208618164, 5267
5.254648208618164, 5266
5.266736745834351, 5265
5.276780128479004, 5264
5.276780128479004, 5263
5.276780128479004, 5262
5.276780128479004, 5261
5.276780128479004, 5260
5.284849405288696, 5259
5.2868735790252686, 5258
5.2868735790252686, 5257
5.307007074356079, 5256
5.317044734954834, 5255
5.335225343704224, 5254
5.34730076789856, 5253
5.34730076789856, 5252
5.34730076789856, 5251
5.355324745178223, 5250
5.355324745178223, 5249
5.377596378326416, 5248
5.377596378326416, 5247
5.387698173522949, 5246
5.387698173522949, 5245
5.387698173522949, 5244
5.397772550582886, 5243
5.397772550582886, 5242
5.41798210144043, 5241
5.41798210144043, 5240
5.41798210144043, 5239
5.41798210144043, 5238
5.426029682159424, 5237
5.428057909011841, 5236
5.428057909011841, 5235
5.428057909011841, 5234
5.428057909011841, 5233
5.428057909011841, 5232
5.436100244522095, 5231
5.436100244522095, 5230
5.436100244522095, 5229
5.438132286071777, 5228
5.438132286071777, 5227
5.438132286071777, 5226
5.455244541168213, 5225
5.456262588500977, 5224
5.461397647857666, 5223
5.461397647857666, 5222
5.469454765319824, 5221
5.509742021560669, 5220
5.509742021560669, 5219
5.517776727676392, 5218
5.517776727676392, 5217
5.519808053970337, 5216
5.519808053970337, 5215
5.558099269866943, 5214
5.558099269866943, 5213
5.560150384902954, 5212
5.570213794708252, 5211
5.570213794708252, 5210
5.578257083892822, 5209
5.578257083892822, 5208
5.580297231674194, 5207
5.580297231674194, 5206
5.590364933013916, 5205
5.590364933013916, 5204
5.600519180297852, 5203
5.608538866043091, 5202
5.608538866043091, 5201
5.608538866043091, 5200
5.618606090545654, 5199
5.618606090545654, 5198
5.628671407699585, 5197
5.650836229324341, 5196
5.650836229324341, 5195
5.650836229324341, 5194
5.660924673080444, 5193
5.660924673080444, 5192
5.670993328094482, 5191
5.681052923202515, 5190
5.681052923202515, 5189
5.681052923202515, 5188
5.681052923202515, 5187
5.691089630126953, 5186
5.691089630126953, 5185
5.691089630126953, 5184
5.691089630126953, 5183
5.691089630126953, 5182
5.691089630126953, 5181
5.701164722442627, 5180
5.711198806762695, 5179
5.711198806762695, 5178
5.711198806762695, 5177
5.723735809326172, 5176
5.73380708694458, 5175
5.73380708694458, 5174
5.743855237960815, 5173
5.751902103424072, 5172
5.753938674926758, 5171
5.753938674926758, 5170
5.753938674926758, 5169
5.753938674926758, 5168
5.7639851570129395, 5167
5.7639851570129395, 5166
5.774092435836792, 5165
5.774092435836792, 5164
5.774092435836792, 5163
5.784159898757935, 5162
5.794237852096558, 5161
5.794237852096558, 5160
5.804290294647217, 5159
5.804290294647217, 5158
5.812347650527954, 5157
5.81436562538147, 5156
5.81436562538147, 5155
5.81436562538147, 5154
5.824413537979126, 5153
5.824413537979126, 5152
5.8344879150390625, 5151
5.842506408691406, 5150
5.854593515396118, 5149
5.864625930786133, 5148
5.864625930786133, 5147
5.874690294265747, 5146
5.874690294265747, 5145
5.894897222518921, 5144
5.894897222518921, 5143
5.894897222518921, 5142
5.912982702255249, 5141
5.914997100830078, 5140
5.914997100830078, 5139
5.914997100830078, 5138
5.914997100830078, 5137
5.914997100830078, 5136
5.925037860870361, 5135
5.925037860870361, 5134
5.925037860870361, 5133
5.936918258666992, 5132
5.942188262939453, 5131
5.948483228683472, 5130
5.9540088176727295, 5129
5.9540088176727295, 5128
5.9540088176727295, 5127
5.96609354019165, 5126
5.96609354019165, 5125
5.976155042648315, 5124
5.976155042648315, 5123
5.996358633041382, 5122
6.006448030471802, 5121
6.014475345611572, 5120
6.016506671905518, 5119
6.0266273021698, 5118
6.034667491912842, 5117
6.034667491912842, 5116
6.0367186069488525, 5115
6.0367186069488525, 5114
6.056879043579102, 5113
6.056879043579102, 5112
6.056879043579102, 5111
6.077009677886963, 5110
6.077009677886963, 5109
6.077009677886963, 5108
6.077009677886963, 5107
6.087085247039795, 5106
6.087085247039795, 5105
6.087085247039795, 5104
6.097157716751099, 5103
6.097157716751099, 5102
6.115347862243652, 5101
6.127469539642334, 5100
6.137745141983032, 5099
6.137745141983032, 5098
6.145793199539185, 5097
6.165874242782593, 5096
6.165874242782593, 5095
6.206122636795044, 5094
6.208164930343628, 5093
6.237218379974365, 5092
6.237218379974365, 5091
6.237218379974365, 5090
6.237218379974365, 5089
6.237218379974365, 5088
6.2522313594818115, 5087
6.2522313594818115, 5086
6.2522313594818115, 5085
6.2522313594818115, 5084
6.267229318618774, 5083
6.267229318618774, 5082
6.267229318618774, 5081
6.267229318618774, 5080
6.282229900360107, 5079
6.282229900360107, 5078
6.282229900360107, 5077
6.282229900360107, 5076
6.282229900360107, 5075
6.282229900360107, 5074
6.297229766845703, 5073
6.297229766845703, 5072
6.312227964401245, 5071
6.312227964401245, 5070
6.312227964401245, 5069
6.327229738235474, 5068
6.327229738235474, 5067
6.327229738235474, 5066
6.327229738235474, 5065
6.352250814437866, 5064
6.352250814437866, 5063
6.367258787155151, 5062
6.382250070571899, 5061
6.382250070571899, 5060
6.382250070571899, 5059
6.397247791290283, 5058
6.397247791290283, 5057
6.412252902984619, 5056
6.412252902984619, 5055
6.427253007888794, 5054
6.437264680862427, 5053
6.437264680862427, 5052
6.437264680862427, 5051
6.4522764682769775, 5050
6.4522764682769775, 5049
6.4522764682769775, 5048
6.46727442741394, 5047
6.482276678085327, 5046
6.482276678085327, 5045
6.497276306152344, 5044
6.497276306152344, 5043
6.497276306152344, 5042
6.497276306152344, 5041
6.497276306152344, 5040
6.512277841567993, 5039
6.537293195724487, 5038
6.537293195724487, 5037
6.5523974895477295, 5036
6.5523974895477295, 5035
6.5523974895477295, 5034
6.5523974895477295, 5033
6.567322015762329, 5032
6.567322015762329, 5031
6.5823094844818115, 5030
6.5823094844818115, 5029
6.637344837188721, 5028
6.637344837188721, 5027
6.652390480041504, 5026
6.652390480041504, 5025
6.667386293411255, 5024
6.682368278503418, 5023
6.682368278503418, 5022
6.697366714477539, 5021
6.712371349334717, 5020
6.75242018699646, 5019
6.75242018699646, 5018
6.7674033641815186, 5017
6.7674033641815186, 5016
6.7674033641815186, 5015
6.7674033641815186, 5014
6.7824037075042725, 5013
6.827402591705322, 5012
6.827402591705322, 5011
6.837414979934692, 5010
6.852431535720825, 5009
6.852431535720825, 5008
6.867430925369263, 5007
6.867430925369263, 5006
6.867430925369263, 5005
6.882434129714966, 5004
6.882434129714966, 5003
6.882434129714966, 5002
6.897433280944824, 5001
6.897433280944824, 5000
6.9173619747161865, 4999
6.930299758911133, 4998
6.9373228549957275, 4997
6.9373228549957275, 4996
6.952336311340332, 4995
6.952336311340332, 4994
6.9673357009887695, 4993
6.9673357009887695, 4992
6.982337474822998, 4991
6.982337474822998, 4990
6.997335195541382, 4989
6.997335195541382, 4988
6.997335195541382, 4987
7.012336254119873, 4986
7.012336254119873, 4985
7.012336254119873, 4984
7.052353382110596, 4983
7.052353382110596, 4982
7.067355155944824, 4981
7.097356081008911, 4980
7.097356081008911, 4979
7.097356081008911, 4978
7.112355947494507, 4977
7.112355947494507, 4976
7.112355947494507, 4975
7.12735652923584, 4974
7.13738489151001, 4973
7.139404296875, 4972
7.139404296875, 4971
7.169632434844971, 4970
7.169632434844971, 4969
7.179680824279785, 4968
7.179680824279785, 4967
7.189760446548462, 4966
7.189760446548462, 4965
7.19981575012207, 4964
7.20991325378418, 4963
7.218051195144653, 4962
7.218051195144653, 4961
7.218051195144653, 4960
7.230146169662476, 4959
7.2482428550720215, 4958
7.250266790390015, 4957
7.26031756401062, 4956
7.280516862869263, 4955
7.288590431213379, 4954
7.298632621765137, 4953
7.300671339035034, 4952
7.300671339035034, 4951
7.328865051269531, 4950
7.330894708633423, 4949
7.330894708633423, 4948
7.338925838470459, 4947
7.338925838470459, 4946
7.359062671661377, 4945
7.359062671661377, 4944
7.359062671661377, 4943
7.359062671661377, 4942
7.379321575164795, 4941
7.38136625289917, 4940
7.38136625289917, 4939
7.389408349990845, 4938
7.391422510147095, 4937
7.401447296142578, 4936
7.411501169204712, 4935
7.421561241149902, 4934
7.421561241149902, 4933
7.421561241149902, 4932
7.439694404602051, 4931
7.439694404602051, 4930
7.439694404602051, 4929
7.459829092025757, 4928
7.469918966293335, 4927
7.47194504737854, 4926
7.492087125778198, 4925
7.502131938934326, 4924
7.512219429016113, 4923
7.512219429016113, 4922
7.55089259147644, 4921
7.55089259147644, 4920
7.552916526794434, 4919
7.560933828353882, 4918
7.562948942184448, 4917
7.57831883430481, 4916
7.57831883430481, 4915
7.579375505447388, 4914
7.582434892654419, 4913
7.585577964782715, 4912
7.594658613204956, 4911
7.604726314544678, 4910
7.604726314544678, 4909
7.612742185592651, 4908
7.614765167236328, 4907
7.614765167236328, 4906
7.614765167236328, 4905
7.614765167236328, 4904
7.624845504760742, 4903
7.624845504760742, 4902
7.634886264801025, 4901
7.6550164222717285, 4900
7.6550164222717285, 4899
7.685292720794678, 4898
7.685292720794678, 4897
7.685292720794678, 4896
7.693328380584717, 4895
7.703412771224976, 4894
7.7134764194488525, 4893
7.72348427772522, 4892
7.753503084182739, 4891
7.753503084182739, 4890
7.768510103225708, 4889
7.768510103225708, 4888
7.768510103225708, 4887
7.7834978103637695, 4886
7.7834978103637695, 4885
7.798496961593628, 4884
7.798496961593628, 4883
7.813495874404907, 4882
7.823505640029907, 4881
7.823505640029907, 4880
7.823505640029907, 4879
7.838515758514404, 4878
7.853517055511475, 4877
7.853517055511475, 4876
7.853517055511475, 4875
7.868514537811279, 4874
7.868514537811279, 4873
7.868514537811279, 4872
7.883516788482666, 4871
7.883516788482666, 4870
7.898517370223999, 4869
7.91351580619812, 4868
7.92354679107666, 4867
7.925567865371704, 4866
7.935636758804321, 4865
7.953745603561401, 4864
7.955760717391968, 4863
7.965822696685791, 4862
7.965822696685791, 4861
7.975895404815674, 4860
7.975895404815674, 4859
7.98592734336853, 4858
7.995978832244873, 4857
8.006006717681885, 4856
8.006006717681885, 4855
8.016079664230347, 4854
8.026123762130737, 4853
8.054288864135742, 4852
8.054288864135742, 4851
8.056305885314941, 4850
8.056305885314941, 4849
8.056305885314941, 4848
8.066333770751953, 4847
8.076411008834839, 4846
8.104552745819092, 4845
8.104552745819092, 4844
8.106568813323975, 4843
8.106568813323975, 4842
8.116685152053833, 4841
8.124698400497437, 4840
8.147310733795166, 4839
8.157385349273682, 4838
8.157385349273682, 4837
8.165401935577393, 4836
8.165401935577393, 4835
8.165401935577393, 4834
8.16741418838501, 4833
8.16741418838501, 4832
8.185518264770508, 4831
8.185518264770508, 4830
8.197610855102539, 4829
8.2076575756073, 4828
8.2076575756073, 4827
8.217732906341553, 4826
8.217732906341553, 4825
8.227757453918457, 4824
8.247862815856934, 4823
8.257918119430542, 4822
8.267972469329834, 4821
8.276090383529663, 4820
8.278139114379883, 4819
8.286173582077026, 4818
8.298311948776245, 4817
8.298311948776245, 4816
8.306330442428589, 4815
8.306330442428589, 4814
8.346578598022461, 4813
8.35660719871521, 4812
8.368654012680054, 4811
8.368654012680054, 4810
8.368654012680054, 4809
8.3787682056427, 4808
8.386791467666626, 4807
8.388808488845825, 4806
8.398885011672974, 4805
8.408931255340576, 4804
8.416994094848633, 4803
8.45918345451355, 4802
8.469293355941772, 4801
8.479376554489136, 4800
8.479376554489136, 4799
8.479376554489136, 4798
8.489425897598267, 4797
8.489425897598267, 4796
8.489425897598267, 4795
8.489425897598267, 4794
8.489425897598267, 4793
8.499552965164185, 4792
8.50958251953125, 4791
8.529688119888306, 4790
8.529688119888306, 4789
8.569916725158691, 4788
8.608127355575562, 4787
8.628231763839722, 4786
8.660408735275269, 4785
8.660408735275269, 4784
8.67043685913086, 4783
8.698616981506348, 4782
8.700637340545654, 4781
8.741422414779663, 4780
8.769832849502563, 4779
8.769832849502563, 4778
8.781922101974487, 4777
8.792000770568848, 4776
8.792000770568848, 4775
8.802082300186157, 4774
8.802082300186157, 4773
8.812140226364136, 4772
8.812140226364136, 4771
8.86077070236206, 4770
8.901098012924194, 4769
8.903144359588623, 4768
8.903144359588623, 4767
8.923290014266968, 4766
8.933351516723633, 4765
8.933351516723633, 4764
8.95351266860962, 4763
8.95351266860962, 4762
8.963582754135132, 4761
8.97364330291748, 4760
8.981700897216797, 4759
8.981700897216797, 4758
8.981700897216797, 4757
9.003815174102783, 4756
9.011863231658936, 4755
9.013877391815186, 4754
9.013877391815186, 4753
9.013877391815186, 4752
9.033982753753662, 4751
9.064148902893066, 4750
9.07418966293335, 4749
9.084244728088379, 4748
9.094272136688232, 4747
9.094272136688232, 4746
9.094272136688232, 4745
9.124651670455933, 4744
9.134788751602173, 4743
9.165233850479126, 4742
9.175365209579468, 4741
9.183407545089722, 4740
9.196804761886597, 4739
9.196804761886597, 4738
9.196804761886597, 4737
9.203864812850952, 4736
9.236341953277588, 4735
9.236341953277588, 4734
9.236341953277588, 4733
9.246452331542969, 4732
9.264598608016968, 4731
9.274770259857178, 4730
9.286962509155273, 4729
9.297152280807495, 4728
9.297152280807495, 4727
9.297152280807495, 4726
9.307261943817139, 4725
9.315401792526245, 4724
9.315401792526245, 4723
9.315401792526245, 4722
9.31745171546936, 4721
9.31745171546936, 4720
9.327571392059326, 4719
9.327571392059326, 4718
9.327571392059326, 4717
9.327571392059326, 4716
9.327571392059326, 4715
9.327571392059326, 4714
9.337712049484253, 4713
9.347853422164917, 4712
9.347853422164917, 4711
9.358424425125122, 4710
9.376654386520386, 4709
9.378754615783691, 4708
9.388851881027222, 4707
9.388851881027222, 4706
9.39903712272644, 4705
9.459915399551392, 4704
9.459915399551392, 4703
9.459915399551392, 4702
9.467979431152344, 4701
9.467979431152344, 4700
9.480050325393677, 4699
9.480050325393677, 4698
9.49008321762085, 4697
9.508208274841309, 4696
9.520306587219238, 4695
9.540384769439697, 4694
9.548398494720459, 4693
9.550413370132446, 4692
9.550413370132446, 4691
9.560497283935547, 4690
9.568551301956177, 4689
9.568551301956177, 4688
9.5706148147583, 4687
9.57870101928711, 4686
9.57870101928711, 4685
9.601039409637451, 4684
9.609117984771729, 4683
9.609117984771729, 4682
9.62132978439331, 4681
9.692058801651001, 4680
9.692058801651001, 4679
9.702190160751343, 4678
9.702190160751343, 4677
9.722430229187012, 4676
9.742695808410645, 4675
9.76086974143982, 4674
9.762925386428833, 4673
9.762925386428833, 4672
9.762925386428833, 4671
9.773026704788208, 4670
9.783132314682007, 4669
9.793249368667603, 4668
9.80337929725647, 4667
9.821584939956665, 4666
9.833752632141113, 4665
9.85194706916809, 4664
9.854002475738525, 4663
9.874229431152344, 4662
9.884361505508423, 4661
9.894476413726807, 4660
9.894476413726807, 4659
9.924870252609253, 4658
9.935007095336914, 4657
9.95529818534851, 4656
9.95529818534851, 4655
9.965903520584106, 4654
9.976028442382812, 4653
9.976028442382812, 4652
9.996443748474121, 4651
10.006574869155884, 4650
10.006574869155884, 4649
10.02501130104065, 4648
10.027072191238403, 4647
10.027072191238403, 4646
10.037346363067627, 4645
10.057602882385254, 4644
10.08810544013977, 4643
10.106266975402832, 4642
10.106266975402832, 4641
10.118473052978516, 4640
10.156984090805054, 4639
10.187840938568115, 4638
10.210233211517334, 4637
10.220379114151001, 4636
10.220379114151001, 4635
10.2588210105896, 4634
10.260869264602661, 4633
10.271052360534668, 4632
10.271052360534668, 4631
10.271052360534668, 4630
10.28115725517273, 4629
10.28115725517273, 4628
10.291284084320068, 4627
10.291284084320068, 4626
10.291284084320068, 4625
10.301706075668335, 4624
10.322166919708252, 4623
10.330268144607544, 4622
10.352816820144653, 4621
10.371058940887451, 4620
10.373108386993408, 4619
10.38345217704773, 4618
10.38345217704773, 4617
10.39358115196228, 4616
10.39358115196228, 4615
10.40384840965271, 4614
10.41395616531372, 4613
10.442639112472534, 4612
10.444670915603638, 4611
10.444670915603638, 4610
10.444670915603638, 4609
10.454933166503906, 4608
10.463014125823975, 4607
10.485502481460571, 4606
10.485502481460571, 4605
10.495609521865845, 4604
10.495609521865845, 4603
10.495609521865845, 4602
10.526395320892334, 4601
10.526395320892334, 4600
10.526395320892334, 4599
10.526395320892334, 4598
10.536716938018799, 4597
10.544789791107178, 4596
10.556955814361572, 4595
10.556955814361572, 4594
10.57748007774353, 4593
10.596151113510132, 4592
10.596151113510132, 4591
10.60628080368042, 4590
10.608330249786377, 4589
10.608330249786377, 4588
10.618652820587158, 4587
10.646945476531982, 4586
10.669624328613281, 4585
10.669624328613281, 4584
10.677688598632812, 4583
10.710202693939209, 4582
10.710202693939209, 4581
10.718414306640625, 4580
10.720506429672241, 4579
10.720506429672241, 4578
10.720506429672241, 4577
10.720506429672241, 4576
10.740788221359253, 4575
10.771532535552979, 4574
10.771532535552979, 4573
10.771532535552979, 4572
10.78166151046753, 4571
10.78166151046753, 4570
10.791840314865112, 4569
10.791840314865112, 4568
10.791840314865112, 4567
10.802170753479004, 4566
10.810250282287598, 4565
10.812301874160767, 4564
10.822381734848022, 4563
10.842643737792969, 4562
10.873297452926636, 4561
10.893787384033203, 4560
10.944554805755615, 4559
10.95489764213562, 4558
10.962954998016357, 4557
11.005611181259155, 4556
11.02590298652649, 4555
11.036364793777466, 4554
11.061452150344849, 4553
11.08784556388855, 4552
11.095898389816284, 4551
11.097955465316772, 4550
11.128707885742188, 4549
11.128707885742188, 4548
11.179867506027222, 4547
11.222868204116821, 4546
11.241174459457397, 4545
11.263467788696289, 4544
11.263467788696289, 4543
11.27153754234314, 4542
11.293884515762329, 4541
11.304224729537964, 4540
11.312283754348755, 4539
11.324454069137573, 4538
11.324454069137573, 4537
11.324454069137573, 4536
11.342727661132812, 4535
11.355075120925903, 4534
11.355075120925903, 4533
11.365225553512573, 4532
11.375342845916748, 4531
11.375342845916748, 4530
11.38568639755249, 4529
11.38568639755249, 4528
11.416043758392334, 4527
11.42610239982605, 4526
11.42610239982605, 4525
11.446361064910889, 4524
11.486795663833618, 4523
11.557845830917358, 4522
11.557845830917358, 4521
11.568152904510498, 4520
11.576210260391235, 4519
11.57826280593872, 4518
11.57826280593872, 4517
11.608815908432007, 4516
11.63035273551941, 4515
11.63139009475708, 4514
11.63379168510437, 4513
11.636104106903076, 4512
11.637119054794312, 4511
11.640701293945312, 4510
11.67910385131836, 4509
11.67910385131836, 4508
11.694119215011597, 4507
11.694119215011597, 4506
11.739150762557983, 4505
11.769115447998047, 4504
11.824146032333374, 4503
11.824146032333374, 4502
11.854145765304565, 4501
11.95565414428711, 4500
11.958784341812134, 4499
11.974407434463501, 4498
11.997000694274902, 4497
12.010923624038696, 4496
12.04092288017273, 4495
12.058921098709106, 4494
12.068923234939575, 4493
12.10963487625122, 4492
12.12761116027832, 4491
12.1396164894104, 4490
12.1396164894104, 4489
12.176514148712158, 4488
12.181022882461548, 4487
12.205592393875122, 4486
12.218589067459106, 4485
12.244588613510132, 4484
12.281113862991333, 4483
12.320147275924683, 4482
12.333134174346924, 4481
12.35913896560669, 4480
12.446202516555786, 4479
12.48121428489685, 4478
12.4942307472229, 4477
12.520241498947144, 4476
12.520241498947144, 4475
12.520241498947144, 4474
12.546232461929321, 4473
12.594267129898071, 4472
12.594267129898071, 4471
12.6072678565979, 4470
12.620269536972046, 4469
12.633267879486084, 4468
12.646266460418701, 4467
12.681283473968506, 4466
12.681283473968506, 4465
12.707304000854492, 4464
12.759302139282227, 4463
12.759302139282227, 4462
12.759302139282227, 4461
12.781317472457886, 4460
12.807340621948242, 4459
12.807340621948242, 4458
12.859377384185791, 4457
12.920376539230347, 4456
12.920376539230347, 4455
12.939141273498535, 4454
12.961477041244507, 4453
12.974469184875488, 4452
12.974469184875488, 4451
13.059528589248657, 4450
13.072527408599854, 4449
13.072527408599854, 4448
13.081574201583862, 4447
13.10762357711792, 4446
13.120624780654907, 4445
13.120624780654907, 4444
13.120624780654907, 4443
13.146623611450195, 4442
13.146623611450195, 4441
13.159624576568604, 4440
13.172611951828003, 4439
13.181695938110352, 4438
13.19406795501709, 4437
13.214353799819946, 4436
13.224461793899536, 4435
13.242689847946167, 4434
13.244746208190918, 4433
13.254873514175415, 4432
13.254873514175415, 4431
13.31554889678955, 4430
13.345971584320068, 4429
13.376345872879028, 4428
13.386474609375, 4427
13.394534826278687, 4426
13.406713724136353, 4425
13.416889667510986, 4424
13.416889667510986, 4423
13.437155961990356, 4422
13.437155961990356, 4421
13.437155961990356, 4420
13.437155961990356, 4419
13.447238206863403, 4418
13.477615118026733, 4417
13.507968425750732, 4416
13.507968425750732, 4415
13.51811170578003, 4414
13.51811170578003, 4413
13.536331176757812, 4412
13.55855393409729, 4411
13.576787948608398, 4410
13.578852415084839, 4409
13.58896517753601, 4408
13.609310388565063, 4407
13.619638681411743, 4406
13.675254583358765, 4405
13.675254583358765, 4404
13.6828932762146, 4403
13.744526147842407, 4402
13.770519733428955, 4401
13.783525228500366, 4400
13.83154010772705, 4399
13.857555866241455, 4398
13.883555889129639, 4397
13.883555889129639, 4396
13.922554016113281, 4395
13.944573402404785, 4394
14.051918745040894, 4393
14.06411099433899, 4392
14.09446406364441, 4391
14.09446406364441, 4390
14.124871253967285, 4389
14.13499402999878, 4388
14.165414333343506, 4387
14.175516605377197, 4386
14.175516605377197, 4385
14.1957368850708, 4384
14.22624921798706, 4383
14.234307765960693, 4382
14.246842622756958, 4381
14.256953239440918, 4380
14.267255306243896, 4379
14.307826280593872, 4378
14.317943811416626, 4377
14.317943811416626, 4376
14.326007604598999, 4375
14.378745317459106, 4374
14.388851881027222, 4373
14.398971557617188, 4372
14.398971557617188, 4371
14.407026052474976, 4370
14.409088611602783, 4369
14.409088611602783, 4368
14.429352283477783, 4367
14.449577808380127, 4366
14.457648515701294, 4365
14.49005126953125, 4364
14.548744201660156, 4363
14.560929536819458, 4362
14.579125881195068, 4361
14.581156253814697, 4360
14.601704120635986, 4359
14.611816883087158, 4358
14.662761449813843, 4357
14.662761449813843, 4356
14.733789920806885, 4355
14.754004716873169, 4354
14.754004716873169, 4353
14.814825057983398, 4352
14.83509874343872, 4351
14.845253944396973, 4350
14.85330843925476, 4349
14.865851163864136, 4348
14.873905897140503, 4347
14.906338691711426, 4346
14.916468143463135, 4345
14.946803569793701, 4344
14.946803569793701, 4343
14.956948041915894, 4342
14.977224349975586, 4341
14.997477293014526, 4340
15.005530595779419, 4339
15.0278480052948, 4338
15.0278480052948, 4337
15.037984132766724, 4336
15.05823540687561, 4335
15.149423837661743, 4334
15.149423837661743, 4333
15.149423837661743, 4332
15.159554481506348, 4331
15.179774284362793, 4330
15.208099365234375, 4329
15.210154294967651, 4328
15.220307350158691, 4327
15.24064016342163, 4326
15.25887942314148, 4325
15.321757555007935, 4324
15.38257908821106, 4323
15.392686128616333, 4322
15.410916805267334, 4321
15.423103094100952, 4320
15.431164264678955, 4319
15.433217763900757, 4318
15.443334341049194, 4317
15.45345425605774, 4316
15.45345425605774, 4315
15.45345425605774, 4314
15.494332075119019, 4313
15.51253867149353, 4312
15.534950971603394, 4311
15.545095443725586, 4310
15.565367460250854, 4309
15.565367460250854, 4308
15.585608005523682, 4307
15.59572148323059, 4306
15.636292219161987, 4305
15.646392107009888, 4304
15.686845541000366, 4303
15.686845541000366, 4302
15.696950674057007, 4301
15.725284337997437, 4300
15.757737874984741, 4299
15.757737874984741, 4298
15.767921924591064, 4297
15.796221733093262, 4296
15.83694577217102, 4295
15.879513502120972, 4294
15.89979100227356, 4293
16.01617980003357, 4292
16.01617980003357, 4291
16.01617980003357, 4290
16.01617980003357, 4289
16.06176495552063, 4288
16.074728965759277, 4287
16.08772325515747, 4286
16.10072350502014, 4285
16.14880108833313, 4284
16.21386981010437, 4283
16.2398681640625, 4282
16.25097966194153, 4281
16.25097966194153, 4280
16.271217346191406, 4279
16.311753273010254, 4278
16.311753273010254, 4277
16.32184934616089, 4276
16.331963539123535, 4275
16.37251353263855, 4274
16.38266634941101, 4273
16.38266634941101, 4272
16.413002014160156, 4271
16.413002014160156, 4270
16.421097993850708, 4269
16.44341540336609, 4268
16.524442672729492, 4267
16.524442672729492, 4266
16.544734716415405, 4265
16.6257746219635, 4264
16.6540744304657, 4263
16.656128406524658, 4262
16.676384449005127, 4261
16.709227323532104, 4260
16.759871006011963, 4259
16.759871006011963, 4258
16.767927646636963, 4257
16.79021453857422, 4256
16.820590257644653, 4255
16.86108160018921, 4254
16.911652326583862, 4253
16.92177653312683, 4252
16.96024227142334, 4251
16.972404956817627, 4250
17.02303433418274, 4249
17.08377981185913, 4248
17.18523645401001, 4247
17.205492973327637, 4246
17.213556051254272, 4245
17.215609788894653, 4244
17.266170501708984, 4243
17.276278257369995, 4242
17.31463122367859, 4241
17.4316565990448, 4240
17.4316565990448, 4239
17.46202325820923, 4238
17.470131874084473, 4237
17.472190618515015, 4236
17.51064968109131, 4235
17.512730598449707, 4234
17.543052911758423, 4233
17.55322003364563, 4232
17.55322003364563, 4231
17.58153986930847, 4230
17.614487886428833, 4229
17.62255573272705, 4228
17.63472843170166, 4227
17.69336223602295, 4226
17.743975400924683, 4225
17.77637267112732, 4224
17.839879035949707, 4223
17.845947265625, 4222
17.845947265625, 4221
17.845947265625, 4220
17.888537645339966, 4219
17.92905044555664, 4218
17.977960348129272, 4217
18.09140944480896, 4216
18.15575885772705, 4215
18.194758415222168, 4214
18.229837656021118, 4213
18.255887746810913, 4212
18.30788803100586, 4211
18.34007477760315, 4210
18.342130184173584, 4209
18.40289306640625, 4208
18.40289306640625, 4207
18.491955041885376, 4206
18.524369478225708, 4205
18.717159271240234, 4204
18.747507095336914, 4203
18.747507095336914, 4202
18.767747402191162, 4201
18.785964250564575, 4200
18.8365638256073, 4199
18.856828212738037, 4198
18.86898899078369, 4197
18.929741382598877, 4196
19.03095769882202, 4195
19.091721773147583, 4194
19.120086431503296, 4193
19.17106604576111, 4192
19.205303192138672, 4191
19.214471578598022, 4190
19.214471578598022, 4189
19.316068410873413, 4188
19.36462092399597, 4187
19.3970730304718, 4186
19.417337894439697, 4185
19.437596082687378, 4184
19.457817316055298, 4183
19.475983381271362, 4182
19.526596784591675, 4181
19.528650760650635, 4180
19.66027307510376, 4179
19.761433362960815, 4178
19.875347137451172, 4177
19.888389110565186, 4176
19.9234836101532, 4175
19.936447858810425, 4174
19.98848605155945, 4173
20.05312156677246, 4172
20.121956825256348, 4171
20.164528608322144, 4170
20.235387325286865, 4169
20.235387325286865, 4168
20.296212196350098, 4167
20.304269552230835, 4166
20.30632734298706, 4165
20.30632734298706, 4164
20.46870708465576, 4163
20.46870708465576, 4162
20.478854179382324, 4161
20.488961696624756, 4160
20.497061729431152, 4159
20.499122619628906, 4158
20.569926023483276, 4157
20.610126733779907, 4156
20.678931713104248, 4155
20.69917058944702, 4154
20.721481323242188, 4153
20.741713762283325, 4152
20.741713762283325, 4151
20.792303800582886, 4150
20.832751274108887, 4149
20.832751274108887, 4148
20.832751274108887, 4147
20.903627157211304, 4146
20.97240686416626, 4145
21.084213256835938, 4144
21.086267232894897, 4143
21.114380359649658, 4142
21.16735529899597, 4141
21.16735529899597, 4140
21.19776749610901, 4139
21.215933084487915, 4138
21.236165761947632, 4137
21.268598556518555, 4136
21.268598556518555, 4135
21.39008092880249, 4134
21.440720319747925, 4133
21.481250524520874, 4132
21.54003930091858, 4131
21.542091369628906, 4130
21.76594829559326, 4129
21.776074409484863, 4128
21.824726343154907, 4127
21.826790809631348, 4126
21.85513162612915, 4125
21.857196807861328, 4124
21.867291927337646, 4123
21.88757061958313, 4122
21.89563775062561, 4121
21.936569452285767, 4120
21.96874713897705, 4119
22.009260654449463, 4118
22.049739360809326, 4117
22.057772159576416, 4116
22.152014017105103, 4115
22.271885633468628, 4114
22.383269786834717, 4113
22.476462364196777, 4112
22.496697187423706, 4111
22.547276973724365, 4110
22.57771611213684, 4109
22.61823844909668, 4108
22.61823844909668, 4107
22.719461917877197, 4106
22.72956895828247, 4105
22.83075189590454, 4104
22.843311548233032, 4103
22.893905639648438, 4102
22.904030084609985, 4101
22.904030084609985, 4100
22.91414976119995, 4099
23.044207334518433, 4098
23.084792375564575, 4097
23.15566325187683, 4096
23.28912377357483, 4095
23.48206853866577, 4094
23.532785892486572, 4093
23.56318163871765, 4092
23.59357476234436, 4091
23.847076654434204, 4090
23.89560604095459, 4089
23.917924642562866, 4088
23.969297170639038, 4087
24.03433322906494, 4086
24.047333240509033, 4085
24.108429670333862, 4084
24.134427785873413, 4083
24.168663024902344, 4082
24.188905477523804, 4081
24.219255208969116, 4080
24.23952341079712, 4079
24.25977635383606, 4078
24.421836853027344, 4077
24.452300786972046, 4076
24.606725454330444, 4075
24.619723320007324, 4074
24.865297317504883, 4073
24.89567232131958, 4072
25.03749942779541, 4071
25.0862078666687, 4070
25.21993088722229, 4069
25.32164692878723, 4068
25.32164692878723, 4067
25.372478008270264, 4066
25.453434467315674, 4065
25.491894006729126, 4064
25.61371922492981, 4063
25.674421787261963, 4062
25.706826210021973, 4061
25.72705912590027, 4060
25.767579555511475, 4059
25.767579555511475, 4058
25.767579555511475, 4057
25.818186283111572, 4056
25.88904047012329, 4055
25.921831846237183, 4054
26.010916233062744, 4053
26.1044180393219, 4052
26.124860763549805, 4051
26.26669931411743, 4050
26.347794771194458, 4049
26.4085476398468, 4048
26.43677067756653, 4047
26.51479196548462, 4046
26.61485981941223, 4045
26.6368670463562, 4044
26.701892375946045, 4043
26.71493887901306, 4042
26.81502103805542, 4041
27.278368711471558, 4040
27.349879026412964, 4039
27.915929317474365, 4038
28.08617663383484, 4037
28.503864765167236, 4036
28.524166107177734, 4035
28.778921604156494, 4034
28.809549808502197, 4033
29.15604019165039, 4032
29.237401008605957, 4031
29.440890550613403, 4030
29.461366653442383, 4029
30.299098253250122, 4028
30.696966648101807, 4027
30.78898000717163, 4026
31.054622173309326, 4025
31.5660138130188, 4024
31.584370374679565, 4023
32.41194796562195, 4022
32.723138093948364, 4021
32.887064695358276, 4020
33.6190869808197, 4019
34.04920935630798, 4018
34.212743520736694, 4017
35.063560485839844, 4016
35.30944013595581, 4015
35.555259227752686, 4014
36.59022569656372, 4013
36.76233386993408, 4012
36.80076456069946, 4011
36.906333208084106, 4010
37.1191520690918, 4009
37.53468298912048, 4008
37.57312798500061, 4007
37.737112283706665, 4006
37.99334716796875, 4005
38.114858627319336, 4004
38.34860348701477, 4003
38.64055585861206, 4002
38.64261031150818, 4001
38.71336650848389, 4000
38.733628273010254, 3999
38.7927143573761, 3998
38.95469880104065, 3997
39.37276220321655, 3996
39.421186685562134, 3995
39.47381138801575, 3994
39.47381138801575, 3993
39.69698691368103, 3992
39.78805875778198, 3991
39.846718549728394, 3990
40.285640239715576, 3989
40.75249457359314, 3988
41.34025764465332, 3987
41.36049032211304, 3986
41.41916584968567, 3985
41.46183252334595, 3984
41.92848181724548, 3983
42.3137743473053, 3982
42.58815288543701, 3981
42.91322040557861, 3980
42.96386384963989, 3979
43.087329149246216, 3978
43.23119139671326, 3977
43.33040642738342, 3976
43.444071769714355, 3975
43.575652837753296, 3974
44.29623818397522, 3973
44.63859224319458, 3972
44.71760272979736, 3971
44.80067825317383, 3970
44.81084609031677, 3969
44.90237832069397, 3968
45.0238561630249, 3967
45.997337341308594, 3966
46.0480010509491, 3965
46.718669176101685, 3964
46.85061264038086, 3963
47.03131103515625, 3962
47.54894399642944, 3961
47.916574478149414, 3960
48.61022186279297, 3959
48.93459439277649, 3958
49.178348541259766, 3957
49.685012340545654, 3956
52.418217182159424, 3955
53.75808262825012, 3954
57.01862096786499, 3953
57.35473680496216, 3952
58.135857820510864, 3951
60.39140868186951, 3950
60.57521462440491, 3949
60.75726509094238, 3948
62.063151121139526, 3947
62.23534631729126, 3946
63.22058820724487, 3945
65.35995149612427, 3944
65.37004446983337, 3943
65.72779560089111, 3942
67.08743810653687, 3941
67.1583981513977, 3940
69.52266335487366, 3939
69.55307126045227, 3938
69.56320333480835, 3937
71.01483035087585, 3936
72.05990743637085, 3935
77.05032992362976, 3934
80.11155676841736, 3933
82.47806334495544, 3932
87.16493344306946, 3931
88.18081879615784, 3930
96.13204669952393, 3929
102.77256655693054, 3928
103.37383198738098, 3927
