0.0690150260925293, 7610
0.0690150260925293, 7609
0.0690150260925293, 7608
0.0690150260925293, 7607
0.0690150260925293, 7606
0.0690150260925293, 7605
0.0690150260925293, 7604
0.0690150260925293, 7603
0.0690150260925293, 7602
0.0690150260925293, 7601
0.0690150260925293, 7600
0.0846407413482666, 7599
0.0846407413482666, 7598
0.0846407413482666, 7597
0.0846407413482666, 7596
0.0846407413482666, 7595
0.0846407413482666, 7594
0.0846407413482666, 7593
0.0846407413482666, 7592
0.0846407413482666, 7591
0.0846407413482666, 7590
0.0846407413482666, 7589
0.0846407413482666, 7588
0.0846407413482666, 7587
0.0846407413482666, 7586
0.0846407413482666, 7585
0.0846407413482666, 7584
0.0846407413482666, 7583
0.1002652645111084, 7582
0.1002652645111084, 7581
0.1002652645111084, 7580
0.1002652645111084, 7579
0.1002652645111084, 7578
0.1002652645111084, 7577
0.1002652645111084, 7576
0.1002652645111084, 7575
0.1002652645111084, 7574
0.1002652645111084, 7573
0.1002652645111084, 7572
0.1002652645111084, 7571
0.1002652645111084, 7570
0.1002652645111084, 7569
0.1002652645111084, 7568
0.1002652645111084, 7567
0.1002652645111084, 7566
0.1158897876739502, 7565
0.1158897876739502, 7564
0.1158897876739502, 7563
0.1158897876739502, 7562
0.1158897876739502, 7561
0.1158897876739502, 7560
0.1158897876739502, 7559
0.12245392799377441, 7558
0.12245392799377441, 7557
0.12245392799377441, 7556
0.12450933456420898, 7555
0.12450933456420898, 7554
0.12450933456420898, 7553
0.12450933456420898, 7552
0.12450933456420898, 7551
0.12450933456420898, 7550
0.12450933456420898, 7549
0.12450933456420898, 7548
0.13259553909301758, 7547
0.13259553909301758, 7546
0.13465189933776855, 7545
0.13465189933776855, 7544
0.13465189933776855, 7543
0.13465189933776855, 7542
0.13465189933776855, 7541
0.13465189933776855, 7540
0.13465189933776855, 7539
0.13465189933776855, 7538
0.14270615577697754, 7537
0.14270615577697754, 7536
0.14476227760314941, 7535
0.14476227760314941, 7534
0.14476227760314941, 7533
0.14476227760314941, 7532
0.14476227760314941, 7531
0.14476227760314941, 7530
0.14476227760314941, 7529
0.14476227760314941, 7528
0.14476227760314941, 7527
0.15284442901611328, 7526
0.15487265586853027, 7525
0.15487265586853027, 7524
0.15487265586853027, 7523
0.15487265586853027, 7522
0.15487265586853027, 7521
0.15487265586853027, 7520
0.1629021167755127, 7519
0.1629021167755127, 7518
0.1629021167755127, 7517
0.16491937637329102, 7516
0.16491937637329102, 7515
0.16491937637329102, 7514
0.16491937637329102, 7513
0.16491937637329102, 7512
0.16491937637329102, 7511
0.16491937637329102, 7510
0.17302346229553223, 7509
0.17302346229553223, 7508
0.17508649826049805, 7507
0.17508649826049805, 7506
0.17508649826049805, 7505
0.17508649826049805, 7504
0.17508649826049805, 7503
0.17508649826049805, 7502
0.17508649826049805, 7501
0.17508649826049805, 7500
0.18316030502319336, 7499
0.18520331382751465, 7498
0.18520331382751465, 7497
0.18520331382751465, 7496
0.18520331382751465, 7495
0.19327163696289062, 7494
0.19535422325134277, 7493
0.19535422325134277, 7492
0.19535422325134277, 7491
0.19535422325134277, 7490
0.19535422325134277, 7489
0.19535422325134277, 7488
0.20338702201843262, 7487
0.20539212226867676, 7486
0.20545411109924316, 7485
0.20545411109924316, 7484
0.20545411109924316, 7483
0.20545411109924316, 7482
0.20545411109924316, 7481
0.20545411109924316, 7480
0.21349215507507324, 7479
0.21555280685424805, 7478
0.21555280685424805, 7477
0.21555280685424805, 7476
0.21555280685424805, 7475
0.21555280685424805, 7474
0.21555280685424805, 7473
0.21555280685424805, 7472
0.21555280685424805, 7471
0.22361969947814941, 7470
0.2256765365600586, 7469
0.2256765365600586, 7468
0.2256765365600586, 7467
0.2256765365600586, 7466
0.2256765365600586, 7465
0.2256765365600586, 7464
0.2256765365600586, 7463
0.23375225067138672, 7462
0.2358226776123047, 7461
0.2358226776123047, 7460
0.2358226776123047, 7459
0.2358226776123047, 7458
0.2358226776123047, 7457
0.2358226776123047, 7456
0.2358226776123047, 7455
0.2358226776123047, 7454
0.24388504028320312, 7453
0.24388504028320312, 7452
0.24590492248535156, 7451
0.24590492248535156, 7450
0.24590492248535156, 7449
0.24590492248535156, 7448
0.24590492248535156, 7447
0.24590492248535156, 7446
0.24590492248535156, 7445
0.2560594081878662, 7444
0.2560594081878662, 7443
0.2560594081878662, 7442
0.2560594081878662, 7441
0.2560594081878662, 7440
0.2560594081878662, 7439
0.2560594081878662, 7438
0.2560594081878662, 7437
0.2641167640686035, 7436
0.2641167640686035, 7435
0.26613736152648926, 7434
0.26613736152648926, 7433
0.26613736152648926, 7432
0.26613736152648926, 7431
0.26613736152648926, 7430
0.26613736152648926, 7429
0.26613736152648926, 7428
0.274167537689209, 7427
0.274167537689209, 7426
0.27618408203125, 7425
0.27618408203125, 7424
0.27618408203125, 7423
0.27618408203125, 7422
0.27618408203125, 7421
0.27618408203125, 7420
0.27618408203125, 7419
0.27618408203125, 7418
0.27618408203125, 7417
0.2841982841491699, 7416
0.2841982841491699, 7415
0.2841982841491699, 7414
0.2862100601196289, 7413
0.2862100601196289, 7412
0.2862100601196289, 7411
0.2862100601196289, 7410
0.2862100601196289, 7409
0.2862100601196289, 7408
0.2862100601196289, 7407
0.2862100601196289, 7406
0.2862100601196289, 7405
0.2862100601196289, 7404
0.2942347526550293, 7403
0.2942347526550293, 7402
0.2962925434112549, 7401
0.2962925434112549, 7400
0.2962925434112549, 7399
0.2962925434112549, 7398
0.2962925434112549, 7397
0.2962925434112549, 7396
0.2962925434112549, 7395
0.2962925434112549, 7394
0.3043479919433594, 7393
0.3043479919433594, 7392
0.30640196800231934, 7391
0.30640196800231934, 7390
0.30640196800231934, 7389
0.30640196800231934, 7388
0.30640196800231934, 7387
0.30640196800231934, 7386
0.30640196800231934, 7385
0.30640196800231934, 7384
0.30640196800231934, 7383
0.3144817352294922, 7382
0.3144817352294922, 7381
0.3165600299835205, 7380
0.3165600299835205, 7379
0.3165600299835205, 7378
0.3165600299835205, 7377
0.3165600299835205, 7376
0.3165600299835205, 7375
0.3165600299835205, 7374
0.3165600299835205, 7373
0.32459545135498047, 7372
0.32459545135498047, 7371
0.32665371894836426, 7370
0.32753419876098633, 7369
0.32753419876098633, 7368
0.32753419876098633, 7367
0.32753419876098633, 7366
0.32753419876098633, 7365
0.32753419876098633, 7364
0.32753419876098633, 7363
0.33455872535705566, 7362
0.33455872535705566, 7361
0.33455872535705566, 7360
0.33455872535705566, 7359
0.33455872535705566, 7358
0.33455872535705566, 7357
0.33455872535705566, 7356
0.33455872535705566, 7355
0.33455872535705566, 7354
0.34273719787597656, 7353
0.34273719787597656, 7352
0.34475231170654297, 7351
0.34475231170654297, 7350
0.3467600345611572, 7349
0.3467600345611572, 7348
0.3467600345611572, 7347
0.3467600345611572, 7346
0.3467600345611572, 7345
0.3467600345611572, 7344
0.35478663444519043, 7343
0.35478663444519043, 7342
0.35684823989868164, 7341
0.35684823989868164, 7340
0.35684823989868164, 7339
0.35684823989868164, 7338
0.35684823989868164, 7337
0.35684823989868164, 7336
0.36493444442749023, 7335
0.3669459819793701, 7334
0.3669459819793701, 7333
0.3669459819793701, 7332
0.3669459819793701, 7331
0.3669459819793701, 7330
0.3669459819793701, 7329
0.3749558925628662, 7328
0.3749558925628662, 7327
0.37696313858032227, 7326
0.37696313858032227, 7325
0.37696313858032227, 7324
0.37696313858032227, 7323
0.37696313858032227, 7322
0.37696313858032227, 7321
0.37696313858032227, 7320
0.37696313858032227, 7319
0.37696313858032227, 7318
0.38503575325012207, 7317
0.38503575325012207, 7316
0.38708949089050293, 7315
0.38708949089050293, 7314
0.38708949089050293, 7313
0.38708949089050293, 7312
0.38708949089050293, 7311
0.38708949089050293, 7310
0.38708949089050293, 7309
0.38708949089050293, 7308
0.38708949089050293, 7307
0.3951528072357178, 7306
0.3951528072357178, 7305
0.39720630645751953, 7304
0.39720630645751953, 7303
0.39720630645751953, 7302
0.39720630645751953, 7301
0.39720630645751953, 7300
0.39720630645751953, 7299
0.39720630645751953, 7298
0.39720630645751953, 7297
0.40528321266174316, 7296
0.40528321266174316, 7295
0.40737271308898926, 7294
0.40737271308898926, 7293
0.40737271308898926, 7292
0.40737271308898926, 7291
0.40737271308898926, 7290
0.40737271308898926, 7289
0.40737271308898926, 7288
0.4154183864593506, 7287
0.4154183864593506, 7286
0.4174771308898926, 7285
0.4174771308898926, 7284
0.4174771308898926, 7283
0.4174771308898926, 7282
0.4174771308898926, 7281
0.4174771308898926, 7280
0.4174771308898926, 7279
0.42551589012145996, 7278
0.425555944442749, 7277
0.425555944442749, 7276
0.42760467529296875, 7275
0.42760467529296875, 7274
0.42760467529296875, 7273
0.42760467529296875, 7272
0.42760467529296875, 7271
0.42760467529296875, 7270
0.42760467529296875, 7269
0.4356546401977539, 7268
0.4356546401977539, 7267
0.4356546401977539, 7266
0.4376716613769531, 7265
0.4376716613769531, 7264
0.4376716613769531, 7263
0.4376716613769531, 7262
0.4376716613769531, 7261
0.44577503204345703, 7260
0.44577503204345703, 7259
0.44577503204345703, 7258
0.44577503204345703, 7257
0.44577503204345703, 7256
0.44577503204345703, 7255
0.44577503204345703, 7254
0.44577503204345703, 7253
0.44577503204345703, 7252
0.44577503204345703, 7251
0.44577503204345703, 7250
0.44577503204345703, 7249
0.4558448791503906, 7248
0.4558448791503906, 7247
0.4558448791503906, 7246
0.4579019546508789, 7245
0.4579019546508789, 7244
0.4579019546508789, 7243
0.4579019546508789, 7242
0.4579019546508789, 7241
0.4579019546508789, 7240
0.4579019546508789, 7239
0.46598172187805176, 7238
0.46598172187805176, 7237
0.4679903984069824, 7236
0.468029260635376, 7235
0.468029260635376, 7234
0.468029260635376, 7233
0.468029260635376, 7232
0.47608399391174316, 7231
0.47608399391174316, 7230
0.47608399391174316, 7229
0.47608399391174316, 7228
0.47608399391174316, 7227
0.47608399391174316, 7226
0.47608399391174316, 7225
0.47608399391174316, 7224
0.4886503219604492, 7223
0.4886503219604492, 7222
0.4886503219604492, 7221
0.4886503219604492, 7220
0.4967076778411865, 7219
0.4967076778411865, 7218
0.4967076778411865, 7217
0.4967076778411865, 7216
0.4967076778411865, 7215
0.5068197250366211, 7214
0.5068197250366211, 7213
0.5088777542114258, 7212
0.5088777542114258, 7211
0.5088777542114258, 7210
0.5088777542114258, 7209
0.5088777542114258, 7208
0.5088777542114258, 7207
0.5088777542114258, 7206
0.516944408416748, 7205
0.516944408416748, 7204
0.5190348625183105, 7203
0.5190348625183105, 7202
0.5190348625183105, 7201
0.5226302146911621, 7200
0.5226302146911621, 7199
0.5226302146911621, 7198
0.5271847248077393, 7197
0.5271847248077393, 7196
0.5292336940765381, 7195
0.5292336940765381, 7194
0.5292336940765381, 7193
0.5292336940765381, 7192
0.5292336940765381, 7191
0.5292336940765381, 7190
0.5292336940765381, 7189
0.5292336940765381, 7188
0.5372738838195801, 7187
0.5372738838195801, 7186
0.5372738838195801, 7185
0.5393476486206055, 7184
0.5393476486206055, 7183
0.5393476486206055, 7182
0.5393476486206055, 7181
0.5494716167449951, 7180
0.5494716167449951, 7179
0.5494716167449951, 7178
0.5494716167449951, 7177
0.5494716167449951, 7176
0.5494716167449951, 7175
0.5494716167449951, 7174
0.5494716167449951, 7173
0.5575234889984131, 7172
0.5575234889984131, 7171
0.5575234889984131, 7170
0.5595970153808594, 7169
0.5595970153808594, 7168
0.5595970153808594, 7167
0.5595970153808594, 7166
0.5595970153808594, 7165
0.5595970153808594, 7164
0.5677096843719482, 7163
0.5677096843719482, 7162
0.5697782039642334, 7161
0.5697782039642334, 7160
0.5697782039642334, 7159
0.5697782039642334, 7158
0.5697782039642334, 7157
0.5697782039642334, 7156
0.5697782039642334, 7155
0.5697782039642334, 7154
0.5778534412384033, 7153
0.5778534412384033, 7152
0.579904317855835, 7151
0.5900063514709473, 7150
0.5900063514709473, 7149
0.5900063514709473, 7148
0.5900063514709473, 7147
0.5900063514709473, 7146
0.5980746746063232, 7145
0.5980746746063232, 7144
0.5980746746063232, 7143
0.5980746746063232, 7142
0.6081452369689941, 7141
0.6081452369689941, 7140
0.610201358795166, 7139
0.610201358795166, 7138
0.610201358795166, 7137
0.610201358795166, 7136
0.610201358795166, 7135
0.6203343868255615, 7134
0.6203343868255615, 7133
0.6203343868255615, 7132
0.6203343868255615, 7131
0.6203343868255615, 7130
0.6203343868255615, 7129
0.6203343868255615, 7128
0.628387451171875, 7127
0.628387451171875, 7126
0.6304459571838379, 7125
0.6385245323181152, 7124
0.6385245323181152, 7123
0.640578031539917, 7122
0.640578031539917, 7121
0.640578031539917, 7120
0.640578031539917, 7119
0.640578031539917, 7118
0.640578031539917, 7117
0.640578031539917, 7116
0.640578031539917, 7115
0.640578031539917, 7114
0.6486420631408691, 7113
0.6486420631408691, 7112
0.6506667137145996, 7111
0.6506667137145996, 7110
0.6506667137145996, 7109
0.6506667137145996, 7108
0.6506667137145996, 7107
0.6506667137145996, 7106
0.6587212085723877, 7105
0.6587212085723877, 7104
0.6607797145843506, 7103
0.6607797145843506, 7102
0.6607797145843506, 7101
0.6607797145843506, 7100
0.6607797145843506, 7099
0.6607797145843506, 7098
0.6688122749328613, 7097
0.6688122749328613, 7096
0.6708652973175049, 7095
0.6708652973175049, 7094
0.6708652973175049, 7093
0.6708652973175049, 7092
0.6708652973175049, 7091
0.6708652973175049, 7090
0.6708652973175049, 7089
0.6708652973175049, 7088
0.6708652973175049, 7087
0.6789538860321045, 7086
0.6810131072998047, 7085
0.6810131072998047, 7084
0.6810131072998047, 7083
0.6810131072998047, 7082
0.6810131072998047, 7081
0.6810131072998047, 7080
0.6810131072998047, 7079
0.689084529876709, 7078
0.689084529876709, 7077
0.689084529876709, 7076
0.6911506652832031, 7075
0.6911506652832031, 7074
0.6911506652832031, 7073
0.6911506652832031, 7072
0.6911506652832031, 7071
0.6911506652832031, 7070
0.6992359161376953, 7069
0.6992359161376953, 7068
0.6992359161376953, 7067
0.7013134956359863, 7066
0.7013134956359863, 7065
0.7013134956359863, 7064
0.7013134956359863, 7063
0.7013134956359863, 7062
0.7013134956359863, 7061
0.7013134956359863, 7060
0.7093324661254883, 7059
0.7093324661254883, 7058
0.7093324661254883, 7057
0.7093324661254883, 7056
0.7093324661254883, 7055
0.7093324661254883, 7054
0.7093324661254883, 7053
0.7093324661254883, 7052
0.7093324661254883, 7051
0.7093324661254883, 7050
0.7193775177001953, 7049
0.719407320022583, 7048
0.721463680267334, 7047
0.721463680267334, 7046
0.721463680267334, 7045
0.721463680267334, 7044
0.721463680267334, 7043
0.721463680267334, 7042
0.721463680267334, 7041
0.7295434474945068, 7040
0.7315971851348877, 7039
0.7315971851348877, 7038
0.7315971851348877, 7037
0.7315971851348877, 7036
0.7315971851348877, 7035
0.7397005558013916, 7034
0.7397005558013916, 7033
0.7417597770690918, 7032
0.7417597770690918, 7031
0.7417597770690918, 7030
0.7417597770690918, 7029
0.7417597770690918, 7028
0.7417597770690918, 7027
0.7417597770690918, 7026
0.7498180866241455, 7025
0.7518699169158936, 7024
0.7518699169158936, 7023
0.7518699169158936, 7022
0.7599661350250244, 7021
0.7599661350250244, 7020
0.7620460987091064, 7019
0.7620460987091064, 7018
0.7620460987091064, 7017
0.7620460987091064, 7016
0.7620460987091064, 7015
0.7620460987091064, 7014
0.7620460987091064, 7013
0.7701337337493896, 7012
0.7701337337493896, 7011
0.772209644317627, 7010
0.772209644317627, 7009
0.772209644317627, 7008
0.772209644317627, 7007
0.772209644317627, 7006
0.772209644317627, 7005
0.772209644317627, 7004
0.772209644317627, 7003
0.772209644317627, 7002
0.7802667617797852, 7001
0.7823359966278076, 7000
0.7823359966278076, 6999
0.7823359966278076, 6998
0.7904341220855713, 6997
0.7904341220855713, 6996
0.7904341220855713, 6995
0.7925126552581787, 6994
0.7925126552581787, 6993
0.7925126552581787, 6992
0.7925126552581787, 6991
0.7925126552581787, 6990
0.7925126552581787, 6989
0.7925126552581787, 6988
0.7925126552581787, 6987
0.7925126552581787, 6986
0.7925126552581787, 6985
0.8005540370941162, 6984
0.802640438079834, 6983
0.802640438079834, 6982
0.802640438079834, 6981
0.802640438079834, 6980
0.802640438079834, 6979
0.802640438079834, 6978
0.802640438079834, 6977
0.8107244968414307, 6976
0.8127906322479248, 6975
0.8127906322479248, 6974
0.8127906322479248, 6973
0.8127906322479248, 6972
0.8127906322479248, 6971
0.8229348659515381, 6970
0.8229348659515381, 6969
0.8229348659515381, 6968
0.8229348659515381, 6967
0.8229348659515381, 6966
0.8229348659515381, 6965
0.8229348659515381, 6964
0.8229348659515381, 6963
0.8310060501098633, 6962
0.8330655097961426, 6961
0.8330655097961426, 6960
0.8330655097961426, 6959
0.841123104095459, 6958
0.841123104095459, 6957
0.8432023525238037, 6956
0.8432023525238037, 6955
0.8432023525238037, 6954
0.8432023525238037, 6953
0.8432023525238037, 6952
0.8432023525238037, 6951
0.8513033390045166, 6950
0.8513033390045166, 6949
0.8533716201782227, 6948
0.8533716201782227, 6947
0.8533716201782227, 6946
0.8533716201782227, 6945
0.8635292053222656, 6944
0.8635292053222656, 6943
0.8635292053222656, 6942
0.8635292053222656, 6941
0.8635292053222656, 6940
0.8635292053222656, 6939
0.8635292053222656, 6938
0.8716037273406982, 6937
0.8736698627471924, 6936
0.8736698627471924, 6935
0.8736698627471924, 6934
0.8736698627471924, 6933
0.8736698627471924, 6932
0.8736698627471924, 6931
0.8817682266235352, 6930
0.8817682266235352, 6929
0.8838133811950684, 6928
0.8838133811950684, 6927
0.8838133811950684, 6926
0.8838133811950684, 6925
0.8838133811950684, 6924
0.891873836517334, 6923
0.891873836517334, 6922
0.891873836517334, 6921
0.891873836517334, 6920
0.891873836517334, 6919
0.891873836517334, 6918
0.891873836517334, 6917
0.891873836517334, 6916
0.9019215106964111, 6915
0.9039881229400635, 6914
0.9039881229400635, 6913
0.9039881229400635, 6912
0.9039881229400635, 6911
0.9039881229400635, 6910
0.9039881229400635, 6909
0.9039881229400635, 6908
0.9120454788208008, 6907
0.9120454788208008, 6906
0.9120454788208008, 6905
0.9140987396240234, 6904
0.9140987396240234, 6903
0.9140987396240234, 6902
0.9140987396240234, 6901
0.9140987396240234, 6900
0.9140987396240234, 6899
0.9140987396240234, 6898
0.9140987396240234, 6897
0.9140987396240234, 6896
0.9242088794708252, 6895
0.9242088794708252, 6894
0.9242088794708252, 6893
0.9242088794708252, 6892
0.9322679042816162, 6891
0.9322679042816162, 6890
0.9343528747558594, 6889
0.9343528747558594, 6888
0.9343528747558594, 6887
0.9343528747558594, 6886
0.9343528747558594, 6885
0.9343528747558594, 6884
0.9424383640289307, 6883
0.9444479942321777, 6882
0.944481611251831, 6881
0.944481611251831, 6880
0.944481611251831, 6879
0.944481611251831, 6878
0.944481611251831, 6877
0.944481611251831, 6876
0.952538013458252, 6875
0.952538013458252, 6874
0.952538013458252, 6873
0.9545917510986328, 6872
0.9545917510986328, 6871
0.9647102355957031, 6870
0.9647102355957031, 6869
0.9647102355957031, 6868
0.9647102355957031, 6867
0.9727537631988525, 6866
0.9727537631988525, 6865
0.9748084545135498, 6864
0.9748084545135498, 6863
0.9748084545135498, 6862
0.9748084545135498, 6861
0.9748084545135498, 6860
0.9828999042510986, 6859
0.9828999042510986, 6858
0.984935998916626, 6857
0.984935998916626, 6856
0.984935998916626, 6855
0.984935998916626, 6854
0.984935998916626, 6853
0.9929666519165039, 6852
0.9950330257415771, 6851
0.9950330257415771, 6850
0.9950330257415771, 6849
0.9950330257415771, 6848
0.9950330257415771, 6847
0.9950330257415771, 6846
0.9950330257415771, 6845
0.9950330257415771, 6844
1.0031757354736328, 6843
1.0031757354736328, 6842
1.005237340927124, 6841
1.005237340927124, 6840
1.005237340927124, 6839
1.005237340927124, 6838
1.013258934020996, 6837
1.0153279304504395, 6836
1.0153279304504395, 6835
1.0153279304504395, 6834
1.0153279304504395, 6833
1.0153279304504395, 6832
1.0153279304504395, 6831
1.0153279304504395, 6830
1.0234177112579346, 6829
1.0234177112579346, 6828
1.0254735946655273, 6827
1.0254735946655273, 6826
1.0254735946655273, 6825
1.0254735946655273, 6824
1.0254735946655273, 6823
1.0254735946655273, 6822
1.0254735946655273, 6821
1.0335299968719482, 6820
1.0335299968719482, 6819
1.0335299968719482, 6818
1.0355863571166992, 6817
1.0355863571166992, 6816
1.0355863571166992, 6815
1.0355863571166992, 6814
1.0355863571166992, 6813
1.0355863571166992, 6812
1.0436086654663086, 6811
1.045670509338379, 6810
1.045670509338379, 6809
1.045670509338379, 6808
1.045670509338379, 6807
1.045670509338379, 6806
1.053741693496704, 6805
1.0557966232299805, 6804
1.0557966232299805, 6803
1.0557966232299805, 6802
1.0557966232299805, 6801
1.0557966232299805, 6800
1.0557966232299805, 6799
1.0557966232299805, 6798
1.0557966232299805, 6797
1.0557966232299805, 6796
1.0659260749816895, 6795
1.0659260749816895, 6794
1.0659260749816895, 6793
1.0659260749816895, 6792
1.0659260749816895, 6791
1.0659260749816895, 6790
1.0659260749816895, 6789
1.0659260749816895, 6788
1.0659260749816895, 6787
1.0760412216186523, 6786
1.0760412216186523, 6785
1.0760412216186523, 6784
1.0760412216186523, 6783
1.0760412216186523, 6782
1.086214303970337, 6781
1.086214303970337, 6780
1.086214303970337, 6779
1.0963242053985596, 6778
1.0963935852050781, 6777
1.0963935852050781, 6776
1.0963935852050781, 6775
1.1069002151489258, 6774
1.1069002151489258, 6773
1.1069002151489258, 6772
1.114412546157837, 6771
1.114412546157837, 6770
1.114412546157837, 6769
1.114412546157837, 6768
1.114412546157837, 6767
1.130051851272583, 6766
1.130051851272583, 6765
1.130051851272583, 6764
1.130051851272583, 6763
1.130051851272583, 6762
1.130051851272583, 6761
1.130051851272583, 6760
1.130051851272583, 6759
1.130051851272583, 6758
1.130051851272583, 6757
1.1456842422485352, 6756
1.1456842422485352, 6755
1.1456842422485352, 6754
1.1456842422485352, 6753
1.1456842422485352, 6752
1.1456842422485352, 6751
1.1456842422485352, 6750
1.1456842422485352, 6749
1.1456842422485352, 6748
1.1456842422485352, 6747
1.1456842422485352, 6746
1.1456842422485352, 6745
1.1613123416900635, 6744
1.1613123416900635, 6743
1.1613123416900635, 6742
1.1613123416900635, 6741
1.1613123416900635, 6740
1.1613123416900635, 6739
1.1769368648529053, 6738
1.1769368648529053, 6737
1.1769368648529053, 6736
1.1769368648529053, 6735
1.1769368648529053, 6734
1.1769368648529053, 6733
1.1769368648529053, 6732
1.1925992965698242, 6731
1.1925992965698242, 6730
1.1925992965698242, 6729
1.1925992965698242, 6728
1.1925992965698242, 6727
1.1925992965698242, 6726
1.1925992965698242, 6725
1.1925992965698242, 6724
1.1925992965698242, 6723
1.1925992965698242, 6722
1.2082140445709229, 6721
1.2082140445709229, 6720
1.2082140445709229, 6719
1.2082140445709229, 6718
1.2082140445709229, 6717
1.2082140445709229, 6716
1.2147636413574219, 6715
1.2147636413574219, 6714
1.2147636413574219, 6713
1.2147636413574219, 6712
1.2147636413574219, 6711
1.2147636413574219, 6710
1.2147636413574219, 6709
1.2147636413574219, 6708
1.2147636413574219, 6707
1.2147636413574219, 6706
1.2147636413574219, 6705
1.2147636413574219, 6704
1.2147636413574219, 6703
1.230435848236084, 6702
1.230435848236084, 6701
1.230435848236084, 6700
1.230435848236084, 6699
1.230435848236084, 6698
1.230435848236084, 6697
1.230435848236084, 6696
1.230435848236084, 6695
1.230435848236084, 6694
1.2460625171661377, 6693
1.2460625171661377, 6692
1.2460625171661377, 6691
1.2460625171661377, 6690
1.2460625171661377, 6689
1.2460625171661377, 6688
1.2460625171661377, 6687
1.2616968154907227, 6686
1.2616968154907227, 6685
1.2616968154907227, 6684
1.2616968154907227, 6683
1.2616968154907227, 6682
1.2616968154907227, 6681
1.2616968154907227, 6680
1.2616968154907227, 6679
1.2616968154907227, 6678
1.2616968154907227, 6677
1.2616968154907227, 6676
1.2773141860961914, 6675
1.2773141860961914, 6674
1.2773141860961914, 6673
1.2773141860961914, 6672
1.2773141860961914, 6671
1.2773141860961914, 6670
1.2773141860961914, 6669
1.2773141860961914, 6668
1.2773141860961914, 6667
1.2773141860961914, 6666
1.2773141860961914, 6665
1.2773141860961914, 6664
1.2929370403289795, 6663
1.2929370403289795, 6662
1.2929370403289795, 6661
1.2929370403289795, 6660
1.2929370403289795, 6659
1.2929370403289795, 6658
1.2929370403289795, 6657
1.3085639476776123, 6656
1.3085639476776123, 6655
1.3085639476776123, 6654
1.3085639476776123, 6653
1.3085639476776123, 6652
1.3151426315307617, 6651
1.317211389541626, 6650
1.317211389541626, 6649
1.317211389541626, 6648
1.317211389541626, 6647
1.317211389541626, 6646
1.3253178596496582, 6645
1.3253178596496582, 6644
1.32737398147583, 6643
1.32737398147583, 6642
1.32737398147583, 6641
1.32737398147583, 6640
1.32737398147583, 6639
1.32737398147583, 6638
1.32737398147583, 6637
1.3354294300079346, 6636
1.33748197555542, 6635
1.33748197555542, 6634
1.33748197555542, 6633
1.33748197555542, 6632
1.3455634117126465, 6631
1.3455634117126465, 6630
1.3476178646087646, 6629
1.3476178646087646, 6628
1.3476178646087646, 6627
1.3476178646087646, 6626
1.3476178646087646, 6625
1.3476178646087646, 6624
1.3556809425354004, 6623
1.357736587524414, 6622
1.357736587524414, 6621
1.357736587524414, 6620
1.357736587524414, 6619
1.3657972812652588, 6618
1.3678498268127441, 6617
1.3678498268127441, 6616
1.3678498268127441, 6615
1.3678498268127441, 6614
1.3678498268127441, 6613
1.3678498268127441, 6612
1.3678498268127441, 6611
1.3759031295776367, 6610
1.377958059310913, 6609
1.377958059310913, 6608
1.377958059310913, 6607
1.377958059310913, 6606
1.377958059310913, 6605
1.377958059310913, 6604
1.386035442352295, 6603
1.386035442352295, 6602
1.386035442352295, 6601
1.388089656829834, 6600
1.388089656829834, 6599
1.396143913269043, 6598
1.396143913269043, 6597
1.396143913269043, 6596
1.3981966972351074, 6595
1.3981966972351074, 6594
1.3981966972351074, 6593
1.3981966972351074, 6592
1.3981966972351074, 6591
1.3981966972351074, 6590
1.3981966972351074, 6589
1.4062790870666504, 6588
1.4083034992218018, 6587
1.4083735942840576, 6586
1.4083735942840576, 6585
1.4083735942840576, 6584
1.4083735942840576, 6583
1.4164488315582275, 6582
1.4164488315582275, 6581
1.418515682220459, 6580
1.418515682220459, 6579
1.418515682220459, 6578
1.418515682220459, 6577
1.418515682220459, 6576
1.418515682220459, 6575
1.418515682220459, 6574
1.418515682220459, 6573
1.426581859588623, 6572
1.4286630153656006, 6571
1.4286630153656006, 6570
1.4286630153656006, 6569
1.4286630153656006, 6568
1.4286630153656006, 6567
1.4286630153656006, 6566
1.4286630153656006, 6565
1.4388186931610107, 6564
1.4388186931610107, 6563
1.4388186931610107, 6562
1.4388186931610107, 6561
1.4468584060668945, 6560
1.4489340782165527, 6559
1.4489340782165527, 6558
1.4489340782165527, 6557
1.4489340782165527, 6556
1.4489340782165527, 6555
1.4489340782165527, 6554
1.4489340782165527, 6553
1.4489340782165527, 6552
1.4570131301879883, 6551
1.4570131301879883, 6550
1.4570131301879883, 6549
1.459111213684082, 6548
1.459111213684082, 6547
1.459111213684082, 6546
1.459111213684082, 6545
1.459111213684082, 6544
1.4671473503112793, 6543
1.4671473503112793, 6542
1.46921706199646, 6541
1.46921706199646, 6540
1.46921706199646, 6539
1.46921706199646, 6538
1.4772851467132568, 6537
1.4793519973754883, 6536
1.4793519973754883, 6535
1.4793519973754883, 6534
1.4793519973754883, 6533
1.4793519973754883, 6532
1.4793519973754883, 6531
1.489513635635376, 6530
1.489513635635376, 6529
1.4975807666778564, 6528
1.4996464252471924, 6527
1.4996464252471924, 6526
1.4996464252471924, 6525
1.4996464252471924, 6524
1.5077307224273682, 6523
1.509803056716919, 6522
1.509803056716919, 6521
1.509803056716919, 6520
1.509803056716919, 6519
1.5178675651550293, 6518
1.5199332237243652, 6517
1.5199332237243652, 6516
1.5199332237243652, 6515
1.527968406677246, 6514
1.5300374031066895, 6513
1.5300374031066895, 6512
1.5300374031066895, 6511
1.5300374031066895, 6510
1.5381038188934326, 6509
1.5401697158813477, 6508
1.5401697158813477, 6507
1.5401697158813477, 6506
1.548201560974121, 6505
1.5502731800079346, 6504
1.5502731800079346, 6503
1.5502731800079346, 6502
1.5502731800079346, 6501
1.5502731800079346, 6500
1.5502731800079346, 6499
1.5502731800079346, 6498
1.5502731800079346, 6497
1.5684823989868164, 6496
1.5705695152282715, 6495
1.5705695152282715, 6494
1.5786492824554443, 6493
1.5806987285614014, 6492
1.5806987285614014, 6491
1.5806987285614014, 6490
1.5887408256530762, 6489
1.5887408256530762, 6488
1.5908076763153076, 6487
1.5908076763153076, 6486
1.5908076763153076, 6485
1.5988812446594238, 6484
1.5988812446594238, 6483
1.6009225845336914, 6482
1.6009225845336914, 6481
1.6009225845336914, 6480
1.6009225845336914, 6479
1.6009225845336914, 6478
1.6009225845336914, 6477
1.6009225845336914, 6476
1.6009225845336914, 6475
1.6009225845336914, 6474
1.6089847087860107, 6473
1.6110663414001465, 6472
1.6110663414001465, 6471
1.6191496849060059, 6470
1.6191496849060059, 6469
1.621218204498291, 6468
1.621218204498291, 6467
1.621218204498291, 6466
1.621218204498291, 6465
1.621218204498291, 6464
1.621218204498291, 6463
1.6292753219604492, 6462
1.6292753219604492, 6461
1.6313419342041016, 6460
1.6414966583251953, 6459
1.6414966583251953, 6458
1.6414966583251953, 6457
1.651569128036499, 6456
1.651569128036499, 6455
1.651569128036499, 6454
1.651569128036499, 6453
1.6596448421478271, 6452
1.6617107391357422, 6451
1.6617107391357422, 6450
1.6698036193847656, 6449
1.6718723773956299, 6448
1.6718723773956299, 6447
1.6718723773956299, 6446
1.6718723773956299, 6445
1.6799449920654297, 6444
1.6820111274719238, 6443
1.692136287689209, 6442
1.7002155780792236, 6441
1.702301263809204, 6440
1.702301263809204, 6439
1.702301263809204, 6438
1.702301263809204, 6437
1.7128205299377441, 6436
1.7128205299377441, 6435
1.7128205299377441, 6434
1.7128205299377441, 6433
1.722963809967041, 6432
1.722963809967041, 6431
1.722963809967041, 6430
1.722963809967041, 6429
1.731046199798584, 6428
1.731046199798584, 6427
1.7331180572509766, 6426
1.7331180572509766, 6425
1.7331180572509766, 6424
1.7331180572509766, 6423
1.7331180572509766, 6422
1.7411868572235107, 6421
1.7432546615600586, 6420
1.7432546615600586, 6419
1.7432546615600586, 6418
1.7432546615600586, 6417
1.7432546615600586, 6416
1.7432546615600586, 6415
1.751312017440796, 6414
1.751312017440796, 6413
1.753380537033081, 6412
1.753380537033081, 6411
1.753380537033081, 6410
1.753380537033081, 6409
1.753380537033081, 6408
1.7613906860351562, 6407
1.76145339012146, 6406
1.76145339012146, 6405
1.763519525527954, 6404
1.763519525527954, 6403
1.763519525527954, 6402
1.7736790180206299, 6401
1.7736790180206299, 6400
1.7817339897155762, 6399
1.7817339897155762, 6398
1.7817339897155762, 6397
1.7817339897155762, 6396
1.7817339897155762, 6395
1.7817339897155762, 6394
1.7817339897155762, 6393
1.7918293476104736, 6392
1.7918293476104736, 6391
1.7918293476104736, 6390
1.7938976287841797, 6389
1.7938976287841797, 6388
1.7938976287841797, 6387
1.7938976287841797, 6386
1.8019628524780273, 6385
1.804029941558838, 6384
1.804029941558838, 6383
1.804029941558838, 6382
1.804029941558838, 6381
1.8121392726898193, 6380
1.8240091800689697, 6379
1.8240172863006592, 6378
1.8251597881317139, 6377
1.8251597881317139, 6376
1.8263049125671387, 6375
1.827361822128296, 6374
1.827361822128296, 6373
1.8334364891052246, 6372
1.8334364891052246, 6371
1.8334364891052246, 6370
1.8354945182800293, 6369
1.8354945182800293, 6368
1.8354945182800293, 6367
1.8354945182800293, 6366
1.8354945182800293, 6365
1.8354945182800293, 6364
1.8456566333770752, 6363
1.8456566333770752, 6362
1.8456566333770752, 6361
1.8456566333770752, 6360
1.8456566333770752, 6359
1.8456566333770752, 6358
1.853722095489502, 6357
1.853722095489502, 6356
1.8557767868041992, 6355
1.8557767868041992, 6354
1.8557767868041992, 6353
1.8557767868041992, 6352
1.8557767868041992, 6351
1.8557767868041992, 6350
1.8557767868041992, 6349
1.8659114837646484, 6348
1.8659114837646484, 6347
1.8659114837646484, 6346
1.8659114837646484, 6345
1.8759572505950928, 6344
1.8840415477752686, 6343
1.8840415477752686, 6342
1.886103868484497, 6341
1.886103868484497, 6340
1.886103868484497, 6339
1.8941595554351807, 6338
1.8941595554351807, 6337
1.8941595554351807, 6336
1.8941595554351807, 6335
1.8941595554351807, 6334
1.8941595554351807, 6333
1.9042046070098877, 6332
1.906270980834961, 6331
1.906270980834961, 6330
1.906270980834961, 6329
1.906270980834961, 6328
1.906270980834961, 6327
1.906270980834961, 6326
1.9144041538238525, 6325
1.9144041538238525, 6324
1.916473627090454, 6323
1.916473627090454, 6322
1.916473627090454, 6321
1.916473627090454, 6320
1.916473627090454, 6319
1.916473627090454, 6318
1.916473627090454, 6317
1.9245710372924805, 6316
1.9245710372924805, 6315
1.926640272140503, 6314
1.926640272140503, 6313
1.926640272140503, 6312
1.926640272140503, 6311
1.9346871376037598, 6310
1.9367563724517822, 6309
1.9367563724517822, 6308
1.9367563724517822, 6307
1.9367563724517822, 6306
1.9367563724517822, 6305
1.9448158740997314, 6304
1.9468426704406738, 6303
1.9468426704406738, 6302
1.9468426704406738, 6301
1.9468426704406738, 6300
1.9468426704406738, 6299
1.9549181461334229, 6298
1.9569814205169678, 6297
1.9671008586883545, 6296
1.9671008586883545, 6295
1.9671008586883545, 6294
1.9751701354980469, 6293
1.9751701354980469, 6292
1.9751701354980469, 6291
1.9772403240203857, 6290
1.9772403240203857, 6289
1.9772403240203857, 6288
1.987375020980835, 6287
1.987375020980835, 6286
1.9954416751861572, 6285
1.9975063800811768, 6284
1.9975063800811768, 6283
1.9975063800811768, 6282
1.9975063800811768, 6281
1.9975063800811768, 6280
1.9975063800811768, 6279
1.9975063800811768, 6278
1.9975063800811768, 6277
1.9975063800811768, 6276
2.0056004524230957, 6275
2.0076701641082764, 6274
2.0076701641082764, 6273
2.0076701641082764, 6272
2.0076701641082764, 6271
2.017803907394409, 6270
2.025813341140747, 6269
2.0279617309570312, 6268
2.0279617309570312, 6267
2.0279617309570312, 6266
2.0279617309570312, 6265
2.0279617309570312, 6264
2.0279617309570312, 6263
2.0279617309570312, 6262
2.036029100418091, 6261
2.036029100418091, 6260
2.036029100418091, 6259
2.038095474243164, 6258
2.038095474243164, 6257
2.038095474243164, 6256
2.0461411476135254, 6255
2.0482077598571777, 6254
2.0482077598571777, 6253
2.056276559829712, 6252
2.056276559829712, 6251
2.058342218399048, 6250
2.058342218399048, 6249
2.058342218399048, 6248
2.058342218399048, 6247
2.058342218399048, 6246
2.058342218399048, 6245
2.0663747787475586, 6244
2.0684471130371094, 6243
2.0684471130371094, 6242
2.0684471130371094, 6241
2.0684471130371094, 6240
2.0684471130371094, 6239
2.0684471130371094, 6238
2.0765137672424316, 6237
2.078580617904663, 6236
2.078580617904663, 6235
2.086655616760254, 6234
2.086655616760254, 6233
2.086655616760254, 6232
2.0887250900268555, 6231
2.0887250900268555, 6230
2.0887250900268555, 6229
2.0887250900268555, 6228
2.0887250900268555, 6227
2.0887250900268555, 6226
2.0967929363250732, 6225
2.0988588333129883, 6224
2.0988588333129883, 6223
2.0988588333129883, 6222
2.0988588333129883, 6221
2.0988588333129883, 6220
2.0988588333129883, 6219
2.1090245246887207, 6218
2.1090245246887207, 6217
2.1191868782043457, 6216
2.1191868782043457, 6215
2.1272711753845215, 6214
2.1293420791625977, 6213
2.1293420791625977, 6212
2.1293420791625977, 6211
2.137415647506714, 6210
2.1394739151000977, 6209
2.1394739151000977, 6208
2.1394739151000977, 6207
2.1394739151000977, 6206
2.1394739151000977, 6205
2.147585391998291, 6204
2.147585391998291, 6203
2.147585391998291, 6202
2.149644374847412, 6201
2.149644374847412, 6200
2.149644374847412, 6199
2.149644374847412, 6198
2.1597557067871094, 6197
2.1597557067871094, 6196
2.1597557067871094, 6195
2.1597557067871094, 6194
2.1678271293640137, 6193
2.1678271293640137, 6192
2.1698834896087646, 6191
2.1698834896087646, 6190
2.1698834896087646, 6189
2.1698834896087646, 6188
2.1698834896087646, 6187
2.1799941062927246, 6186
2.1799941062927246, 6185
2.188074827194214, 6184
2.190133810043335, 6183
2.190133810043335, 6182
2.198195695877075, 6181
2.200249195098877, 6180
2.200249195098877, 6179
2.208310842514038, 6178
2.2103652954101562, 6177
2.2103652954101562, 6176
2.2184207439422607, 6175
2.2184207439422607, 6174
2.2204737663269043, 6173
2.2204737663269043, 6172
2.2204737663269043, 6171
2.2306244373321533, 6170
2.2306244373321533, 6169
2.2306244373321533, 6168
2.2306244373321533, 6167
2.238675832748413, 6166
2.238675832748413, 6165
2.2407302856445312, 6164
2.2407302856445312, 6163
2.2508580684661865, 6162
2.2508580684661865, 6161
2.2508580684661865, 6160
2.2508580684661865, 6159
2.2589199542999268, 6158
2.2589199542999268, 6157
2.2589199542999268, 6156
2.2609736919403076, 6155
2.269043207168579, 6154
2.269043207168579, 6153
2.2791292667388916, 6152
2.2811830043792725, 6151
2.2811830043792725, 6150
2.2811830043792725, 6149
2.2811830043792725, 6148
2.291351795196533, 6147
2.291351795196533, 6146
2.291351795196533, 6145
2.291351795196533, 6144
2.291351795196533, 6143
2.299405097961426, 6142
2.3014583587646484, 6141
2.3014583587646484, 6140
2.3014583587646484, 6139
2.3014583587646484, 6138
2.309580087661743, 6137
2.3145434856414795, 6136
2.3213491439819336, 6135
2.322404384613037, 6134
2.3245136737823486, 6133
2.3245136737823486, 6132
2.3330984115600586, 6131
2.3330984115600586, 6130
2.3614776134490967, 6129
2.3614776134490967, 6128
2.371709108352661, 6127
2.3738300800323486, 6126
2.3738300800323486, 6125
2.3738300800323486, 6124
2.3839516639709473, 6123
2.3839516639709473, 6122
2.3839516639709473, 6121
2.3839516639709473, 6120
2.3839516639709473, 6119
2.3839516639709473, 6118
2.3839516639709473, 6117
2.394120454788208, 6116
2.394120454788208, 6115
2.394120454788208, 6114
2.394120454788208, 6113
2.394120454788208, 6112
2.404247283935547, 6111
2.4123375415802, 6110
2.4123375415802, 6109
2.4144153594970703, 6108
2.4144153594970703, 6107
2.4144153594970703, 6106
2.4224743843078613, 6105
2.424522876739502, 6104
2.424522876739502, 6103
2.424522876739502, 6102
2.424522876739502, 6101
2.434675693511963, 6100
2.434675693511963, 6099
2.434675693511963, 6098
2.4447476863861084, 6097
2.4447476863861084, 6096
2.4447476863861084, 6095
2.4447476863861084, 6094
2.4447476863861084, 6093
2.452810764312744, 6092
2.4628217220306396, 6091
2.4784607887268066, 6090
2.4784607887268066, 6089
2.4784607887268066, 6088
2.4784607887268066, 6087
2.4784607887268066, 6086
2.4940907955169678, 6085
2.5097126960754395, 6084
2.5097126960754395, 6083
2.5097126960754395, 6082
2.5097126960754395, 6081
2.5097126960754395, 6080
2.525399684906006, 6079
2.525399684906006, 6078
2.525399684906006, 6077
2.525399684906006, 6076
2.5409724712371826, 6075
2.5409724712371826, 6074
2.5409724712371826, 6073
2.5409724712371826, 6072
2.5409724712371826, 6071
2.5409724712371826, 6070
2.556605339050293, 6069
2.563150405883789, 6068
2.563150405883789, 6067
2.563150405883789, 6066
2.578787326812744, 6065
2.578787326812744, 6064
2.578787326812744, 6063
2.578787326812744, 6062
2.578787326812744, 6061
2.5944125652313232, 6060
2.5944125652313232, 6059
2.5944125652313232, 6058
2.5944125652313232, 6057
2.610037088394165, 6056
2.610037088394165, 6055
2.610037088394165, 6054
2.6256630420684814, 6053
2.6256630420684814, 6052
2.6256630420684814, 6051
2.6256630420684814, 6050
2.6256630420684814, 6049
2.6412906646728516, 6048
2.6569154262542725, 6047
2.66344952583313, 6046
2.6791186332702637, 6045
2.6791186332702637, 6044
2.6791186332702637, 6043
2.6791186332702637, 6042
2.6791186332702637, 6041
2.6947412490844727, 6040
2.70747971534729, 6039
2.71388578414917, 6038
2.724330425262451, 6037
2.7253549098968506, 6036
2.732665777206421, 6035
2.7357020378112793, 6034
2.736713409423828, 6033
2.742945909500122, 6032
2.7449710369110107, 6031
2.746049404144287, 6030
2.7500975131988525, 6029
2.751115560531616, 6028
2.7562649250030518, 6027
2.7634689807891846, 6026
2.7675068378448486, 6025
2.768521308898926, 6024
2.768521308898926, 6023
2.7727339267730713, 6022
2.7727339267730713, 6021
2.7789368629455566, 6020
2.7819664478302, 6019
2.783980131149292, 6018
2.798907518386841, 6017
2.8009676933288574, 6016
2.8073513507843018, 6015
2.8136439323425293, 6014
2.817708730697632, 6013
2.8187408447265625, 6012
2.820892810821533, 6011
2.823026180267334, 6010
2.8343427181243896, 6009
2.8343427181243896, 6008
2.8354086875915527, 6007
2.83642840385437, 6006
2.8375084400177, 6005
2.838564395904541, 6004
2.839608907699585, 6003
2.8426990509033203, 6002
2.850835084915161, 6001
2.857943058013916, 6000
2.8599729537963867, 5999
2.868128538131714, 5998
2.8721797466278076, 5997
2.8721797466278076, 5996
2.8721797466278076, 5995
2.8721797466278076, 5994
2.8721797466278076, 5993
2.8878161907196045, 5992
2.8878161907196045, 5991
2.8878161907196045, 5990
2.8878161907196045, 5989
2.8878161907196045, 5988
2.8878161907196045, 5987
2.8878161907196045, 5986
2.8878161907196045, 5985
2.8878161907196045, 5984
2.9034416675567627, 5983
2.9034416675567627, 5982
2.9034416675567627, 5981
2.9034416675567627, 5980
2.9034416675567627, 5979
2.9034416675567627, 5978
2.9190659523010254, 5977
2.9190659523010254, 5976
2.9190659523010254, 5975
2.9190659523010254, 5974
2.9190659523010254, 5973
2.9190659523010254, 5972
2.9346923828125, 5971
2.9346923828125, 5970
2.9346923828125, 5969
2.9346923828125, 5968
2.9346923828125, 5967
2.9346923828125, 5966
2.9503157138824463, 5965
2.9503157138824463, 5964
2.9503157138824463, 5963
2.9503157138824463, 5962
2.9503157138824463, 5961
2.965932607650757, 5960
2.965932607650757, 5959
2.9740185737609863, 5958
2.9740185737609863, 5957
2.9740185737609863, 5956
2.9740185737609863, 5955
2.984074354171753, 5954
2.9861667156219482, 5953
2.9861667156219482, 5952
2.9861667156219482, 5951
2.994224786758423, 5950
2.994224786758423, 5949
2.994224786758423, 5948
2.9962782859802246, 5947
2.9962782859802246, 5946
2.9962782859802246, 5945
3.0064139366149902, 5944
3.016528367996216, 5943
3.016528367996216, 5942
3.016528367996216, 5941
3.016528367996216, 5940
3.026655912399292, 5939
3.026655912399292, 5938
3.0347208976745605, 5937
3.036775827407837, 5936
3.036775827407837, 5935
3.036775827407837, 5934
3.036775827407837, 5933
3.036775827407837, 5932
3.044834852218628, 5931
3.046888828277588, 5930
3.046888828277588, 5929
3.046888828277588, 5928
3.046888828277588, 5927
3.046888828277588, 5926
3.046888828277588, 5925
3.054943561553955, 5924
3.0650393962860107, 5923
3.0650393962860107, 5922
3.0650393962860107, 5921
3.07741641998291, 5920
3.07741641998291, 5919
3.0880863666534424, 5918
3.094373941421509, 5917
3.094373941421509, 5916
3.1058294773101807, 5915
3.1058294773101807, 5914
3.1078543663024902, 5913
3.1078543663024902, 5912
3.1078543663024902, 5911
3.1078543663024902, 5910
3.1078543663024902, 5909
3.117992877960205, 5908
3.117992877960205, 5907
3.1281166076660156, 5906
3.1281166076660156, 5905
3.1281166076660156, 5904
3.1362061500549316, 5903
3.1362061500549316, 5902
3.1409740447998047, 5901
3.1420321464538574, 5900
3.1420321464538574, 5899
3.1521692276000977, 5898
3.1582419872283936, 5897
3.1582419872283936, 5896
3.1582419872283936, 5895
3.1582419872283936, 5894
3.1582419872283936, 5893
3.1582419872283936, 5892
3.1582419872283936, 5891
3.1683645248413086, 5890
3.1704206466674805, 5889
3.1704206466674805, 5888
3.1704206466674805, 5887
3.1704206466674805, 5886
3.1885621547698975, 5885
3.1885621547698975, 5884
3.1885621547698975, 5883
3.1885621547698975, 5882
3.200676918029785, 5881
3.210948944091797, 5880
3.231879949569702, 5879
3.239917755126953, 5878
3.2499289512634277, 5877
3.2686872482299805, 5876
3.2697346210479736, 5875
3.274179697036743, 5874
3.279479742050171, 5873
3.281592607498169, 5872
3.282651424407959, 5871
3.2987749576568604, 5870
3.300821304321289, 5869
3.306138515472412, 5868
3.310265064239502, 5867
3.3156607151031494, 5866
3.322233200073242, 5865
3.337984323501587, 5864
3.337984323501587, 5863
3.337984323501587, 5862
3.3500475883483887, 5861
3.3500475883483887, 5860
3.3500475883483887, 5859
3.3500475883483887, 5858
3.3656842708587646, 5857
3.3656842708587646, 5856
3.381343364715576, 5855
3.381343364715576, 5854
3.381343364715576, 5853
3.381343364715576, 5852
3.381343364715576, 5851
3.396972417831421, 5850
3.396972417831421, 5849
3.396972417831421, 5848
3.396972417831421, 5847
3.396972417831421, 5846
3.396972417831421, 5845
3.412600040435791, 5844
3.412600040435791, 5843
3.412600040435791, 5842
3.4282236099243164, 5841
3.4282236099243164, 5840
3.4282236099243164, 5839
3.4282236099243164, 5838
3.4282236099243164, 5837
3.443810224533081, 5836
3.443810224533081, 5835
3.443810224533081, 5834
3.450328826904297, 5833
3.450328826904297, 5832
3.450328826904297, 5831
3.46598744392395, 5830
3.46598744392395, 5829
3.46598744392395, 5828
3.46598744392395, 5827
3.481645345687866, 5826
3.481645345687866, 5825
3.481645345687866, 5824
3.481645345687866, 5823
3.481645345687866, 5822
3.481645345687866, 5821
3.497270345687866, 5820
3.497270345687866, 5819
3.497270345687866, 5818
3.512895107269287, 5817
3.512895107269287, 5816
3.512895107269287, 5815
3.512895107269287, 5814
3.512895107269287, 5813
3.512895107269287, 5812
3.512895107269287, 5811
3.512895107269287, 5810
3.512895107269287, 5809
3.512895107269287, 5808
3.512895107269287, 5807
3.512895107269287, 5806
3.52851939201355, 5805
3.52851939201355, 5804
3.52851939201355, 5803
3.52851939201355, 5802
3.5441091060638428, 5801
3.550657272338867, 5800
3.550657272338867, 5799
3.550657272338867, 5798
3.550657272338867, 5797
3.550657272338867, 5796
3.550657272338867, 5795
3.550657272338867, 5794
3.550657272338867, 5793
3.550657272338867, 5792
3.581958293914795, 5791
3.581958293914795, 5790
3.581958293914795, 5789
3.581958293914795, 5788
3.581958293914795, 5787
3.581958293914795, 5786
3.581958293914795, 5785
3.581958293914795, 5784
3.581958293914795, 5783
3.581958293914795, 5782
3.597581624984741, 5781
3.6132068634033203, 5780
3.6132068634033203, 5779
3.6132068634033203, 5778
3.628833532333374, 5777
3.628833532333374, 5776
3.628833532333374, 5775
3.628833532333374, 5774
3.628833532333374, 5773
3.628833532333374, 5772
3.628833532333374, 5771
3.628833532333374, 5770
3.644460916519165, 5769
3.644460916519165, 5768
3.644460916519165, 5767
3.6530776023864746, 5766
3.663193941116333, 5765
3.663193941116333, 5764
3.663193941116333, 5763
3.663193941116333, 5762
3.663193941116333, 5761
3.671264410018921, 5760
3.6733243465423584, 5759
3.6733243465423584, 5758
3.6733243465423584, 5757
3.6733243465423584, 5756
3.6733243465423584, 5755
3.6834471225738525, 5754
3.6834471225738525, 5753
3.69356369972229, 5752
3.69356369972229, 5751
3.703691005706787, 5750
3.703691005706787, 5749
3.703691005706787, 5748
3.703691005706787, 5747
3.7138071060180664, 5746
3.7138071060180664, 5745
3.7218997478485107, 5744
3.7239630222320557, 5743
3.7239630222320557, 5742
3.7320237159729004, 5741
3.7320237159729004, 5740
3.734095335006714, 5739
3.742173433303833, 5738
3.742173433303833, 5737
3.7442281246185303, 5736
3.7442281246185303, 5735
3.75445556640625, 5734
3.75445556640625, 5733
3.75445556640625, 5732
3.75445556640625, 5731
3.7624998092651367, 5730
3.7645254135131836, 5729
3.7645254135131836, 5728
3.7645254135131836, 5727
3.7726049423217773, 5726
3.77465558052063, 5725
3.784855365753174, 5724
3.7929162979125977, 5723
3.7929162979125977, 5722
3.794987201690674, 5721
3.794987201690674, 5720
3.794987201690674, 5719
3.794987201690674, 5718
3.8051538467407227, 5717
3.8051538467407227, 5716
3.8051538467407227, 5715
3.8051538467407227, 5714
3.8131818771362305, 5713
3.815246820449829, 5712
3.815246820449829, 5711
3.823350667953491, 5710
3.8254168033599854, 5709
3.835564374923706, 5708
3.835564374923706, 5707
3.843613624572754, 5706
3.845691680908203, 5705
3.845691680908203, 5704
3.845691680908203, 5703
3.845691680908203, 5702
3.845691680908203, 5701
3.853775978088379, 5700
3.853775978088379, 5699
3.8558425903320312, 5698
3.8558425903320312, 5697
3.8558425903320312, 5696
3.8639001846313477, 5695
3.8659517765045166, 5694
3.8659517765045166, 5693
3.8659517765045166, 5692
3.8659517765045166, 5691
3.876070976257324, 5690
3.876070976257324, 5689
3.876070976257324, 5688
3.876070976257324, 5687
3.876070976257324, 5686
3.876070976257324, 5685
3.8862411975860596, 5684
3.8862411975860596, 5683
3.8862411975860596, 5682
3.8862411975860596, 5681
3.896359920501709, 5680
3.896359920501709, 5679
3.904407024383545, 5678
3.904407024383545, 5677
3.906463861465454, 5676
3.906463861465454, 5675
3.906463861465454, 5674
3.906463861465454, 5673
3.906463861465454, 5672
3.916592836380005, 5671
3.916592836380005, 5670
3.9246766567230225, 5669
3.9246766567230225, 5668
3.9246766567230225, 5667
3.9246766567230225, 5666
3.934715747833252, 5665
3.936795473098755, 5664
3.946897029876709, 5663
3.9570152759552, 5662
3.9570152759552, 5661
3.9570152759552, 5660
3.9570152759552, 5659
3.9570152759552, 5658
3.9671788215637207, 5657
3.9671788215637207, 5656
3.9671788215637207, 5655
3.9671788215637207, 5654
3.975240707397461, 5653
3.975240707397461, 5652
3.977259874343872, 5651
3.977259874343872, 5650
3.977259874343872, 5649
3.9873299598693848, 5648
3.9954137802124023, 5647
3.9974684715270996, 5646
4.007594108581543, 5645
4.017672777175903, 5644
4.017672777175903, 5643
4.017672777175903, 5642
4.017672777175903, 5641
4.017672777175903, 5640
4.017672777175903, 5639
4.0278356075286865, 5638
4.037955045700073, 5637
4.046017408370972, 5636
4.0480711460113525, 5635
4.0480711460113525, 5634
4.0480711460113525, 5633
4.0480711460113525, 5632
4.0480711460113525, 5631
4.0480711460113525, 5630
4.058196544647217, 5629
4.058196544647217, 5628
4.068352937698364, 5627
4.068352937698364, 5626
4.076399326324463, 5625
4.078454971313477, 5624
4.078454971313477, 5623
4.086534738540649, 5622
4.088588714599609, 5621
4.088588714599609, 5620
4.088588714599609, 5619
4.098698854446411, 5618
4.098698854446411, 5617
4.098698854446411, 5616
4.106892347335815, 5615
4.106892347335815, 5614
4.119128227233887, 5613
4.127176523208618, 5612
4.127176523208618, 5611
4.127176523208618, 5610
4.139442443847656, 5609
4.139442443847656, 5608
4.139442443847656, 5607
4.139442443847656, 5606
4.15004563331604, 5605
4.175510406494141, 5604
4.175510406494141, 5603
4.191198110580444, 5602
4.191198110580444, 5601
4.191198110580444, 5600
4.191198110580444, 5599
4.206820011138916, 5598
4.206820011138916, 5597
4.206820011138916, 5596
4.206820011138916, 5595
4.206820011138916, 5594
4.206820011138916, 5593
4.206820011138916, 5592
4.206820011138916, 5591
4.206820011138916, 5590
4.206820011138916, 5589
4.2224695682525635, 5588
4.2224695682525635, 5587
4.2224695682525635, 5586
4.2224695682525635, 5585
4.2224695682525635, 5584
4.2224695682525635, 5583
4.2224695682525635, 5582
4.2224695682525635, 5581
4.23806095123291, 5580
4.23806095123291, 5579
4.23806095123291, 5578
4.23806095123291, 5577
4.23806095123291, 5576
4.253785848617554, 5575
4.253785848617554, 5574
4.253785848617554, 5573
4.2684242725372314, 5572
4.2684242725372314, 5571
4.2684242725372314, 5570
4.2684242725372314, 5569
4.2684242725372314, 5568
4.2840821743011475, 5567
4.2840821743011475, 5566
4.2840821743011475, 5565
4.2840821743011475, 5564
4.2840821743011475, 5563
4.299743890762329, 5562
4.299743890762329, 5561
4.299743890762329, 5560
4.315378427505493, 5559
4.315378427505493, 5558
4.315378427505493, 5557
4.315378427505493, 5556
4.315378427505493, 5555
4.315378427505493, 5554
4.315378427505493, 5553
4.330990314483643, 5552
4.330990314483643, 5551
4.330990314483643, 5550
4.34661602973938, 5549
4.34661602973938, 5548
4.34661602973938, 5547
4.362209796905518, 5546
4.362209796905518, 5545
4.368724822998047, 5544
4.368724822998047, 5543
4.368724822998047, 5542
4.368724822998047, 5541
4.368724822998047, 5540
4.384363889694214, 5539
4.384363889694214, 5538
4.384363889694214, 5537
4.384363889694214, 5536
4.384363889694214, 5535
4.399988651275635, 5534
4.399988651275635, 5533
4.399988651275635, 5532
4.399988651275635, 5531
4.399988651275635, 5530
4.415614128112793, 5529
4.415614128112793, 5528
4.415614128112793, 5527
4.415614128112793, 5526
4.415614128112793, 5525
4.4312403202056885, 5524
4.4312403202056885, 5523
4.4312403202056885, 5522
4.4312403202056885, 5521
4.446864366531372, 5520
4.446864366531372, 5519
4.446864366531372, 5518
4.446864366531372, 5517
4.462489128112793, 5516
4.471100807189941, 5515
4.471100807189941, 5514
4.471100807189941, 5513
4.471100807189941, 5512
4.489356279373169, 5511
4.515014410018921, 5510
4.515014410018921, 5509
4.530635356903076, 5508
4.530635356903076, 5507
4.546258449554443, 5506
4.546258449554443, 5505
4.546258449554443, 5504
4.546258449554443, 5503
4.561886548995972, 5502
4.561886548995972, 5501
4.561886548995972, 5500
4.577511548995972, 5499
4.577511548995972, 5498
4.577511548995972, 5497
4.577511548995972, 5496
4.59316873550415, 5495
4.599714040756226, 5494
4.599714040756226, 5493
4.599714040756226, 5492
4.599714040756226, 5491
4.599714040756226, 5490
4.599714040756226, 5489
4.615393161773682, 5488
4.615393161773682, 5487
4.615393161773682, 5486
4.615393161773682, 5485
4.615393161773682, 5484
4.615393161773682, 5483
4.615393161773682, 5482
4.615393161773682, 5481
4.631014823913574, 5480
4.631014823913574, 5479
4.631014823913574, 5478
4.631014823913574, 5477
4.631014823913574, 5476
4.631014823913574, 5475
4.631014823913574, 5474
4.646637201309204, 5473
4.646637201309204, 5472
4.646637201309204, 5471
4.646637201309204, 5470
4.646637201309204, 5469
4.646637201309204, 5468
4.646637201309204, 5467
4.646637201309204, 5466
4.662263631820679, 5465
4.662263631820679, 5464
4.662263631820679, 5463
4.662263631820679, 5462
4.662263631820679, 5461
4.662263631820679, 5460
4.677890300750732, 5459
4.677890300750732, 5458
4.677890300750732, 5457
4.677890300750732, 5456
4.693512201309204, 5455
4.693512201309204, 5454
4.693512201309204, 5453
4.700060844421387, 5452
4.700060844421387, 5451
4.700060844421387, 5450
4.73137092590332, 5449
4.762577772140503, 5448
4.778231859207153, 5447
4.778231859207153, 5446
4.778231859207153, 5445
4.79382848739624, 5444
4.8316075801849365, 5443
4.8316075801849365, 5442
4.8316075801849365, 5441
4.847270488739014, 5440
4.847270488739014, 5439
4.847270488739014, 5438
4.847270488739014, 5437
4.862893104553223, 5436
4.862893104553223, 5435
4.862893104553223, 5434
4.862893104553223, 5433
4.87851881980896, 5432
4.87851881980896, 5431
4.894156455993652, 5430
4.90070366859436, 5429
4.90070366859436, 5428
4.90070366859436, 5427
4.90070366859436, 5426
4.90070366859436, 5425
4.90070366859436, 5424
4.9163758754730225, 5423
4.9163758754730225, 5422
4.9163758754730225, 5421
4.9163758754730225, 5420
4.9163758754730225, 5419
4.9163758754730225, 5418
4.932003736495972, 5417
4.932003736495972, 5416
4.947626113891602, 5415
4.947626113891602, 5414
4.947626113891602, 5413
4.947626113891602, 5412
4.963251829147339, 5411
4.963251829147339, 5410
4.963251829147339, 5409
4.963251829147339, 5408
4.9788758754730225, 5407
4.9788758754730225, 5406
4.994502067565918, 5405
5.001067638397217, 5404
5.00312066078186, 5403
5.013248920440674, 5402
5.013248920440674, 5401
5.023383855819702, 5400
5.023383855819702, 5399
5.033466339111328, 5398
5.043581008911133, 5397
5.053713798522949, 5396
5.053713798522949, 5395
5.0638346672058105, 5394
5.0638346672058105, 5393
5.071946620941162, 5392
5.074012994766235, 5391
5.074012994766235, 5390
5.074012994766235, 5389
5.074012994766235, 5388
5.0841288566589355, 5387
5.0841288566589355, 5386
5.09221076965332, 5385
5.094270944595337, 5384
5.094270944595337, 5383
5.094270944595337, 5382
5.094270944595337, 5381
5.104359865188599, 5380
5.104359865188599, 5379
5.104359865188599, 5378
5.1144561767578125, 5377
5.1144561767578125, 5376
5.122506856918335, 5375
5.124549627304077, 5374
5.132651090621948, 5373
5.1447672843933105, 5372
5.154908180236816, 5371
5.196134328842163, 5370
5.204192638397217, 5369
5.206376552581787, 5368
5.214426517486572, 5367
5.224434852600098, 5366
5.2401182651519775, 5365
5.255703449249268, 5364
5.255703449249268, 5363
5.2713303565979, 5362
5.2713303565979, 5361
5.2713303565979, 5360
5.2713303565979, 5359
5.2713303565979, 5358
5.28698205947876, 5357
5.28698205947876, 5356
5.28698205947876, 5355
5.302615642547607, 5354
5.302615642547607, 5353
5.324793100357056, 5352
5.324793100357056, 5351
5.340468645095825, 5350
5.356092214584351, 5349
5.356092214584351, 5348
5.356092214584351, 5347
5.356092214584351, 5346
5.371713876724243, 5345
5.371713876724243, 5344
5.387354850769043, 5343
5.387354850769043, 5342
5.387354850769043, 5341
5.403043031692505, 5340
5.403043031692505, 5339
5.440748453140259, 5338
5.45636773109436, 5337
5.471987009048462, 5336
5.471987009048462, 5335
5.471987009048462, 5334
5.487618923187256, 5333
5.487618923187256, 5332
5.503232002258301, 5331
5.503232002258301, 5330
5.5188539028167725, 5329
5.52536416053772, 5328
5.540997505187988, 5327
5.540997505187988, 5326
5.540997505187988, 5325
5.540997505187988, 5324
5.540997505187988, 5323
5.556621789932251, 5322
5.556621789932251, 5321
5.556621789932251, 5320
5.556621789932251, 5319
5.556621789932251, 5318
5.556621789932251, 5317
5.57224702835083, 5316
5.57224702835083, 5315
5.57224702835083, 5314
5.587872743606567, 5313
5.6034996509552, 5312
5.6034996509552, 5311
5.6034996509552, 5310
5.619127035140991, 5309
5.625641107559204, 5308
5.625641107559204, 5307
5.625641107559204, 5306
5.625641107559204, 5305
5.641281604766846, 5304
5.641281604766846, 5303
5.641281604766846, 5302
5.641281604766846, 5301
5.656910181045532, 5300
5.672567129135132, 5299
5.672567129135132, 5298
5.672567129135132, 5297
5.672567129135132, 5296
5.688154220581055, 5295
5.688154220581055, 5294
5.688154220581055, 5293
5.688154220581055, 5292
5.703831911087036, 5291
5.703831911087036, 5290
5.703831911087036, 5289
5.719443321228027, 5288
5.719443321228027, 5287
5.719443321228027, 5286
5.719443321228027, 5285
5.725992679595947, 5284
5.725992679595947, 5283
5.725992679595947, 5282
5.725992679595947, 5281
5.741667985916138, 5280
5.741667985916138, 5279
5.757256031036377, 5278
5.757256031036377, 5277
5.772880554199219, 5276
5.772880554199219, 5275
5.772880554199219, 5274
5.772880554199219, 5273
5.7885096073150635, 5272
5.7885096073150635, 5271
5.7885096073150635, 5270
5.804134130477905, 5269
5.804134130477905, 5268
5.804134130477905, 5267
5.804134130477905, 5266
5.804134130477905, 5265
5.82633900642395, 5264
5.82633900642395, 5263
5.82633900642395, 5262
5.82633900642395, 5261
5.82633900642395, 5260
5.842013835906982, 5259
5.842013835906982, 5258
5.87322735786438, 5257
5.87322735786438, 5256
5.87322735786438, 5255
5.87322735786438, 5254
5.888854026794434, 5253
5.888854026794434, 5252
5.888854026794434, 5251
5.888854026794434, 5250
5.888854026794434, 5249
5.888854026794434, 5248
5.888854026794434, 5247
5.904474973678589, 5246
5.904474973678589, 5245
5.920139789581299, 5244
5.928721904754639, 5243
5.928721904754639, 5242
5.928721904754639, 5241
5.938867807388306, 5240
5.938867807388306, 5239
5.946939468383789, 5238
5.946939468383789, 5237
5.948992729187012, 5236
5.969266653060913, 5235
5.969266653060913, 5234
5.979832887649536, 5233
5.981890678405762, 5232
5.99200963973999, 5231
6.002137184143066, 5230
6.002137184143066, 5229
6.010202646255493, 5228
6.022381544113159, 5227
6.022381544113159, 5226
6.022381544113159, 5225
6.022381544113159, 5224
6.030447244644165, 5223
6.042660713195801, 5222
6.042660713195801, 5221
6.05277943611145, 5220
6.062925577163696, 5219
6.062925577163696, 5218
6.062925577163696, 5217
6.081108093261719, 5216
6.0912275314331055, 5215
6.10345458984375, 5214
6.10345458984375, 5213
6.10345458984375, 5212
6.113566875457764, 5211
6.113566875457764, 5210
6.123721361160278, 5209
6.123721361160278, 5208
6.123721361160278, 5207
6.131778240203857, 5206
6.133842468261719, 5205
6.154112815856934, 5204
6.154112815856934, 5203
6.172338485717773, 5202
6.174393653869629, 5201
6.184560060501099, 5200
6.192621231079102, 5199
6.1948816776275635, 5198
6.203115224838257, 5197
6.205199718475342, 5196
6.205199718475342, 5195
6.225439071655273, 5194
6.225439071655273, 5193
6.225439071655273, 5192
6.235669136047363, 5191
6.235669136047363, 5190
6.245859384536743, 5189
6.245859384536743, 5188
6.266070127487183, 5187
6.266070127487183, 5186
6.266070127487183, 5185
6.266070127487183, 5184
6.274137735366821, 5183
6.286321640014648, 5182
6.286321640014648, 5181
6.294375896453857, 5180
6.29642915725708, 5179
6.29642915725708, 5178
6.29642915725708, 5177
6.306542158126831, 5176
6.306542158126831, 5175
6.306542158126831, 5174
6.316621541976929, 5173
6.326734781265259, 5172
6.326734781265259, 5171
6.336852073669434, 5170
6.357105255126953, 5169
6.357105255126953, 5168
6.365180969238281, 5167
6.365180969238281, 5166
6.367239236831665, 5165
6.367239236831665, 5164
6.377367973327637, 5163
6.39763331413269, 5162
6.405721187591553, 5161
6.41589617729187, 5160
6.417969226837158, 5159
6.417969226837158, 5158
6.417969226837158, 5157
6.417969226837158, 5156
6.428135871887207, 5155
6.4361891746521, 5154
6.4361891746521, 5153
6.438244104385376, 5152
6.438244104385376, 5151
6.438244104385376, 5150
6.448377847671509, 5149
6.458495378494263, 5148
6.466535329818726, 5147
6.468592166900635, 5146
6.478699445724487, 5145
6.478699445724487, 5144
6.478699445724487, 5143
6.478699445724487, 5142
6.478699445724487, 5141
6.48883843421936, 5140
6.5070600509643555, 5139
6.50911545753479, 5138
6.517181158065796, 5137
6.529368877410889, 5136
6.529368877410889, 5135
6.5374226570129395, 5134
6.539478540420532, 5133
6.539478540420532, 5132
6.539478540420532, 5131
6.539478540420532, 5130
6.547548055648804, 5129
6.549607038497925, 5128
6.549607038497925, 5127
6.549607038497925, 5126
6.549607038497925, 5125
6.559717416763306, 5124
6.559717416763306, 5123
6.569883108139038, 5122
6.569883108139038, 5121
6.569883108139038, 5120
6.590591669082642, 5119
6.590591669082642, 5118
6.590591669082642, 5117
6.598646879196167, 5116
6.600706100463867, 5115
6.608803987503052, 5114
6.610869646072388, 5113
6.610869646072388, 5112
6.618928909301758, 5111
6.620981693267822, 5110
6.620981693267822, 5109
6.620981693267822, 5108
6.649301767349243, 5107
6.651360034942627, 5106
6.651360034942627, 5105
6.67160177230835, 5104
6.67160177230835, 5103
6.679655313491821, 5102
6.69184947013855, 5101
6.69184947013855, 5100
6.69184947013855, 5099
6.701934099197388, 5098
6.7120888233184814, 5097
6.720151424407959, 5096
6.720151424407959, 5095
6.7222068309783936, 5094
6.7222068309783936, 5093
6.7222068309783936, 5092
6.7222068309783936, 5091
6.7222068309783936, 5090
6.7302820682525635, 5089
6.740464448928833, 5088
6.752745628356934, 5087
6.752745628356934, 5086
6.7628583908081055, 5085
6.7628583908081055, 5084
6.7628583908081055, 5083
6.772998571395874, 5082
6.772998571395874, 5081
6.793237209320068, 5080
6.793237209320068, 5079
6.801292181015015, 5078
6.80334734916687, 5077
6.811447858810425, 5076
6.813511610031128, 5075
6.821575164794922, 5074
6.833766222000122, 5073
6.833766222000122, 5072
6.833766222000122, 5071
6.841819524765015, 5070
6.841819524765015, 5069
6.843881130218506, 5068
6.851951837539673, 5067
6.851951837539673, 5066
6.854006767272949, 5065
6.854006767272949, 5064
6.864114284515381, 5063
6.874247789382935, 5062
6.884357929229736, 5061
6.884357929229736, 5060
6.897362947463989, 5059
6.900542259216309, 5058
6.901592254638672, 5057
6.905340194702148, 5056
6.907447576522827, 5055
6.915619373321533, 5054
6.915619373321533, 5053
6.9257307052612305, 5052
6.935857057571411, 5051
6.935857057571411, 5050
6.935857057571411, 5049
6.945965051651001, 5048
6.945965051651001, 5047
6.956085920333862, 5046
6.956085920333862, 5045
6.966202020645142, 5044
6.966202020645142, 5043
6.974284648895264, 5042
6.976301670074463, 5041
6.976301670074463, 5040
6.976301670074463, 5039
6.986424684524536, 5038
6.986424684524536, 5037
6.9965832233428955, 5036
6.9965832233428955, 5035
7.006692886352539, 5034
7.006692886352539, 5033
7.016830205917358, 5032
7.016830205917358, 5031
7.016830205917358, 5030
7.024892091751099, 5029
7.02694296836853, 5028
7.035023927688599, 5027
7.07785964012146, 5026
7.07785964012146, 5025
7.07785964012146, 5024
7.07785964012146, 5023
7.085932731628418, 5022
7.087987184524536, 5021
7.087987184524536, 5020
7.087987184524536, 5019
7.098125219345093, 5018
7.098125219345093, 5017
7.108240365982056, 5016
7.128501653671265, 5015
7.128501653671265, 5014
7.128501653671265, 5013
7.13863468170166, 5012
7.13863468170166, 5011
7.1487579345703125, 5010
7.1487579345703125, 5009
7.1487579345703125, 5008
7.1487579345703125, 5007
7.1487579345703125, 5006
7.158899307250977, 5005
7.158899307250977, 5004
7.166974306106567, 5003
7.177131175994873, 5002
7.179158687591553, 5001
7.179158687591553, 5000
7.179158687591553, 4999
7.187221050262451, 4998
7.189252853393555, 4997
7.199816465377808, 4996
7.207881450653076, 4995
7.207881450653076, 4994
7.207881450653076, 4993
7.207881450653076, 4992
7.207881450653076, 4991
7.207881450653076, 4990
7.207881450653076, 4989
7.207881450653076, 4988
7.220079183578491, 4987
7.230195760726929, 4986
7.240349769592285, 4985
7.240349769592285, 4984
7.240349769592285, 4983
7.2613279819488525, 4982
7.268489599227905, 4981
7.269041061401367, 4980
7.272162914276123, 4979
7.278885126113892, 4978
7.301471710205078, 4977
7.301471710205078, 4976
7.301471710205078, 4975
7.332395553588867, 4974
7.381872892379761, 4973
7.381872892379761, 4972
7.381872892379761, 4971
7.381872892379761, 4970
7.397497892379761, 4969
7.397497892379761, 4968
7.413165330886841, 4967
7.413165330886841, 4966
7.428752660751343, 4965
7.444377899169922, 4964
7.444377899169922, 4963
7.450892448425293, 4962
7.450892448425293, 4961
7.450892448425293, 4960
7.450892448425293, 4959
7.4700586795806885, 4958
7.47438645362854, 4957
7.48181676864624, 4956
7.48181676864624, 4955
7.48181676864624, 4954
7.48181676864624, 4953
7.48181676864624, 4952
7.48181676864624, 4951
7.497455358505249, 4950
7.513081312179565, 4949
7.513081312179565, 4948
7.550907611846924, 4947
7.552974700927734, 4946
7.561015367507935, 4945
7.571152687072754, 4944
7.571152687072754, 4943
7.573220252990723, 4942
7.583372116088867, 4941
7.593506097793579, 4940
7.6036248207092285, 4939
7.6036248207092285, 4938
7.611679792404175, 4937
7.6137449741363525, 4936
7.6137449741363525, 4935
7.6137449741363525, 4934
7.6137449741363525, 4933
7.6137449741363525, 4932
7.621834754943848, 4931
7.623904228210449, 4930
7.642039775848389, 4929
7.642039775848389, 4928
7.6440956592559814, 4927
7.6440956592559814, 4926
7.654212474822998, 4925
7.674425363540649, 4924
7.674425363540649, 4923
7.674425363540649, 4922
7.682455778121948, 4921
7.682455778121948, 4920
7.684512376785278, 4919
7.684512376785278, 4918
7.684512376785278, 4917
7.70474100112915, 4916
7.714865207672119, 4915
7.714865207672119, 4914
7.722915172576904, 4913
7.7249915599823, 4912
7.743133544921875, 4911
7.745190143585205, 4910
7.753251314163208, 4909
7.763408184051514, 4908
7.765442609786987, 4907
7.775590896606445, 4906
7.775590896606445, 4905
7.785708904266357, 4904
7.785708904266357, 4903
7.785708904266357, 4902
7.785708904266357, 4901
7.795843839645386, 4900
7.806353330612183, 4899
7.814420223236084, 4898
7.816486835479736, 4897
7.824573278427124, 4896
7.845126152038574, 4895
7.855196952819824, 4894
7.857266664505005, 4893
7.857266664505005, 4892
7.857266664505005, 4891
7.857266664505005, 4890
7.857266664505005, 4889
7.86532998085022, 4888
7.875472545623779, 4887
7.885502815246582, 4886
7.901235103607178, 4885
7.901235103607178, 4884
7.916843414306641, 4883
7.93246054649353, 4882
7.948048830032349, 4881
7.979334115982056, 4880
7.985845327377319, 4879
7.985845327377319, 4878
8.001500129699707, 4877
8.017142534255981, 4876
8.017142534255981, 4875
8.017142534255981, 4874
8.032737255096436, 4873
8.032737255096436, 4872
8.041666984558105, 4871
8.042716026306152, 4870
8.051170110702515, 4869
8.051170110702515, 4868
8.051170110702515, 4867
8.051170110702515, 4866
8.051170110702515, 4865
8.051170110702515, 4864
8.06684136390686, 4863
8.08598279953003, 4862
8.08598279953003, 4861
8.08598279953003, 4860
8.08598279953003, 4859
8.101619243621826, 4858
8.117245435714722, 4857
8.117245435714722, 4856
8.164122819900513, 4855
8.164122819900513, 4854
8.164122819900513, 4853
8.2019362449646, 4852
8.2019362449646, 4851
8.21755337715149, 4850
8.223497152328491, 4849
8.231875658035278, 4848
8.231875658035278, 4847
8.231875658035278, 4846
8.247505903244019, 4845
8.263131141662598, 4844
8.263131141662598, 4843
8.263131141662598, 4842
8.263131141662598, 4841
8.263131141662598, 4840
8.263131141662598, 4839
8.286260604858398, 4838
8.286260604858398, 4837
8.286260604858398, 4836
8.286260604858398, 4835
8.286260604858398, 4834
8.301892518997192, 4833
8.301892518997192, 4832
8.301892518997192, 4831
8.317525148391724, 4830
8.348769426345825, 4829
8.348769426345825, 4828
8.364393949508667, 4827
8.364393949508667, 4826
8.364393949508667, 4825
8.364393949508667, 4824
8.380018711090088, 4823
8.386530876159668, 4822
8.386530876159668, 4821
8.386530876159668, 4820
8.386530876159668, 4819
8.44908332824707, 4818
8.464703559875488, 4817
8.488955974578857, 4816
8.488955974578857, 4815
8.499100923538208, 4814
8.499100923538208, 4813
8.499100923538208, 4812
8.509216070175171, 4811
8.509216070175171, 4810
8.509216070175171, 4809
8.509216070175171, 4808
8.517289400100708, 4807
8.539605617523193, 4806
8.549712896347046, 4805
8.549712896347046, 4804
8.56788969039917, 4803
8.569941997528076, 4802
8.569941997528076, 4801
8.569941997528076, 4800
8.578017473220825, 4799
8.580062627792358, 4798
8.580071926116943, 4797
8.580071926116943, 4796
8.59825086593628, 4795
8.600305080413818, 4794
8.608358383178711, 4793
8.608358383178711, 4792
8.610411882400513, 4791
8.610411882400513, 4790
8.618504047393799, 4789
8.638787746429443, 4788
8.640843629837036, 4787
8.640843629837036, 4786
8.669153451919556, 4785
8.711724281311035, 4784
8.711724281311035, 4783
8.731952667236328, 4782
8.731952667236328, 4781
8.742125988006592, 4780
8.752239227294922, 4779
8.762374877929688, 4778
8.762374877929688, 4777
8.770447731018066, 4776
8.772500276565552, 4775
8.772500276565552, 4774
8.782629489898682, 4773
8.792742490768433, 4772
8.792742490768433, 4771
8.802873611450195, 4770
8.812981843948364, 4769
8.823127746582031, 4768
8.823127746582031, 4767
8.823127746582031, 4766
8.833248376846313, 4765
8.841352701187134, 4764
8.843409776687622, 4763
8.88400387763977, 4762
8.88400387763977, 4761
8.894119501113892, 4760
8.894119501113892, 4759
8.904299259185791, 4758
8.914413213729858, 4757
8.924542427062988, 4756
8.9427490234375, 4755
8.954928636550903, 4754
8.954928636550903, 4753
8.965047597885132, 4752
8.965047597885132, 4751
8.965047597885132, 4750
8.965047597885132, 4749
8.975158929824829, 4748
8.983229875564575, 4747
8.995394706726074, 4746
9.00552773475647, 4745
9.00552773475647, 4744
9.00552773475647, 4743
9.015637636184692, 4742
9.015637636184692, 4741
9.034253597259521, 4740
9.046461820602417, 4739
9.054518699645996, 4738
9.05657172203064, 4737
9.05657172203064, 4736
9.05657172203064, 4735
9.084810733795166, 4734
9.086872816085815, 4733
9.097001314163208, 4732
9.097001314163208, 4731
9.147773742675781, 4730
9.147773742675781, 4729
9.147773742675781, 4728
9.15788722038269, 4727
9.178250789642334, 4726
9.188436508178711, 4725
9.208737134933472, 4724
9.23698115348816, 4723
9.23698115348816, 4722
9.23698115348816, 4721
9.252629280090332, 4720
9.252629280090332, 4719
9.252629280090332, 4718
9.268251180648804, 4717
9.268251180648804, 4716
9.2838773727417, 4715
9.2838773727417, 4714
9.299498081207275, 4713
9.299498081207275, 4712
9.299498081207275, 4711
9.315117359161377, 4710
9.315117359161377, 4709
9.315117359161377, 4708
9.330778360366821, 4707
9.337323427200317, 4706
9.337323427200317, 4705
9.352996826171875, 4704
9.368624925613403, 4703
9.368624925613403, 4702
9.399837017059326, 4701
9.399837017059326, 4700
9.399837017059326, 4699
9.437213659286499, 4698
9.45300555229187, 4697
9.45300555229187, 4696
9.45300555229187, 4695
9.468642234802246, 4694
9.468642234802246, 4693
9.484189748764038, 4692
9.484189748764038, 4691
9.484189748764038, 4690
9.499813556671143, 4689
9.499813556671143, 4688
9.515440702438354, 4687
9.515440702438354, 4686
9.537671089172363, 4685
9.553359031677246, 4684
9.553359031677246, 4683
9.553359031677246, 4682
9.553359031677246, 4681
9.553359031677246, 4680
9.5689857006073, 4679
9.584622859954834, 4678
9.6002357006073, 4677
9.6002357006073, 4676
9.615824460983276, 4675
9.83857536315918, 4674
9.854215383529663, 4673
9.869840860366821, 4672
9.88546085357666, 4671
9.901090145111084, 4670
9.901090145111084, 4669
9.901090145111084, 4668
9.932336568832397, 4667
9.938885688781738, 4666
9.954521894454956, 4665
9.985827684402466, 4664
10.001446008682251, 4663
10.001446008682251, 4662
10.017093896865845, 4661
10.04941177368164, 4660
10.051471471786499, 4659
10.051471471786499, 4658
10.092217922210693, 4657
10.092217922210693, 4656
10.102333545684814, 4655
10.102343082427979, 4654
10.102343082427979, 4653
10.112464666366577, 4652
10.122584581375122, 4651
10.122584581375122, 4650
10.142823457717896, 4649
10.163083791732788, 4648
10.163083791732788, 4647
10.173240900039673, 4646
10.173240900039673, 4645
10.201738357543945, 4644
10.203814029693604, 4643
10.234673023223877, 4642
10.244779586791992, 4641
10.265060424804688, 4640
10.2752366065979, 4639
10.285341501235962, 4638
10.324099063873291, 4637
10.326158046722412, 4636
10.346436262130737, 4635
10.346436262130737, 4634
10.366669178009033, 4633
10.380868196487427, 4632
10.508888721466064, 4631
10.518923997879028, 4630
10.53461480140686, 4629
10.581459999084473, 4628
10.581459999084473, 4627
10.59708571434021, 4626
10.619321346282959, 4625
10.650668859481812, 4624
10.650668859481812, 4623
10.697499752044678, 4622
10.697499752044678, 4621
10.719635486602783, 4620
10.7353036403656, 4619
10.7353036403656, 4618
10.7353036403656, 4617
10.7353036403656, 4616
10.750933170318604, 4615
10.750933170318604, 4614
10.750933170318604, 4613
10.766528844833374, 4612
10.766528844833374, 4611
10.766528844833374, 4610
10.797813892364502, 4609
10.819952726364136, 4608
10.835630893707275, 4607
10.847697257995605, 4606
10.854060649871826, 4605
10.855116605758667, 4604
10.873934984207153, 4603
10.889519453048706, 4602
10.889519453048706, 4601
10.889519453048706, 4600
10.889519453048706, 4599
10.889519453048706, 4598
10.905144214630127, 4597
10.935826778411865, 4596
10.96704649925232, 4595
10.998294830322266, 4594
11.013924360275269, 4593
11.020440340042114, 4592
11.036081314086914, 4591
11.036081314086914, 4590
11.036081314086914, 4589
11.051707983016968, 4588
11.082955598831177, 4587
11.082955598831177, 4586
11.082955598831177, 4585
11.082955598831177, 4584
11.114203929901123, 4583
11.122841119766235, 4582
11.153386116027832, 4581
11.163540840148926, 4580
11.173645496368408, 4579
11.183777809143066, 4578
11.2040114402771, 4577
11.2040114402771, 4576
11.212045669555664, 4575
11.22424578666687, 4574
11.244527101516724, 4573
11.254672050476074, 4572
11.27496600151062, 4571
11.305362939834595, 4570
11.325885772705078, 4569
11.346530675888062, 4568
11.356648921966553, 4567
11.377022981643677, 4566
11.388544082641602, 4565
11.395768880844116, 4564
11.397834300994873, 4563
11.397834300994873, 4562
11.405887842178345, 4561
11.418206453323364, 4560
11.418206453323364, 4559
11.42831802368164, 4558
11.459261655807495, 4557
11.469606399536133, 4556
11.497938871383667, 4555
11.569662809371948, 4554
11.569662809371948, 4553
11.585314273834229, 4552
11.585314273834229, 4551
11.60092306137085, 4550
11.638717889785767, 4549
11.654364347457886, 4548
11.654364347457886, 4547
11.670018911361694, 4546
11.685644149780273, 4545
11.685644149780273, 4544
11.685644149780273, 4543
11.685644149780273, 4542
11.701236009597778, 4541
11.701236009597778, 4540
11.7324857711792, 4539
11.739034414291382, 4538
11.739034414291382, 4537
11.739034414291382, 4536
11.755798578262329, 4535
11.764835596084595, 4534
11.773837089538574, 4533
11.773837089538574, 4532
11.773837089538574, 4531
11.800796270370483, 4530
11.81883430480957, 4529
11.827836036682129, 4528
11.827836036682129, 4527
11.855095148086548, 4526
11.87377142906189, 4525
11.87377142906189, 4524
11.897022247314453, 4523
11.945916414260864, 4522
11.945916414260864, 4521
11.961554288864136, 4520
11.961554288864136, 4519
11.992803573608398, 4518
12.008429288864136, 4517
12.024057388305664, 4516
12.039682865142822, 4515
12.046266794204712, 4514
12.046266794204712, 4513
12.048333168029785, 4512
12.079169511795044, 4511
12.099406719207764, 4510
12.11964201927185, 4509
12.12978744506836, 4508
12.139939546585083, 4507
12.139939546585083, 4506
12.160202264785767, 4505
12.17033839225769, 4504
12.18049669265747, 4503
12.18049669265747, 4502
12.190630197525024, 4501
12.1986563205719, 4500
12.2209632396698, 4499
12.231097221374512, 4498
12.231097221374512, 4497
12.231097221374512, 4496
12.24931526184082, 4495
12.261534690856934, 4494
12.261534690856934, 4493
12.312214612960815, 4492
12.312214612960815, 4491
12.312214612960815, 4490
12.320286750793457, 4489
12.3223557472229, 4488
12.330424308776855, 4487
12.332494974136353, 4486
12.352805852890015, 4485
12.373091220855713, 4484
12.403493881225586, 4483
12.413637161254883, 4482
12.423739194869995, 4481
12.423739194869995, 4480
12.433869123458862, 4479
12.433869123458862, 4478
12.433869123458862, 4477
12.454125165939331, 4476
12.464301586151123, 4475
12.464301586151123, 4474
12.484614849090576, 4473
12.502780675888062, 4472
12.52301549911499, 4471
12.525079488754272, 4470
12.553393125534058, 4469
12.597266435623169, 4468
12.607384204864502, 4467
12.607384204864502, 4466
12.617493152618408, 4465
12.627617120742798, 4464
12.635679244995117, 4463
12.637735843658447, 4462
12.645775556564331, 4461
12.645775556564331, 4460
12.655894041061401, 4459
12.66843056678772, 4458
12.66843056678772, 4457
12.678540706634521, 4456
12.68865418434143, 4455
12.698766469955444, 4454
12.698766469955444, 4453
12.749042272567749, 4452
12.749042272567749, 4451
12.749042272567749, 4450
12.749042272567749, 4449
12.779393196105957, 4448
12.809849977493286, 4447
12.809849977493286, 4446
12.830079317092896, 4445
12.85030746459961, 4444
12.868470430374146, 4443
12.900906085968018, 4442
12.909000158309937, 4441
12.921162366867065, 4440
12.921162366867065, 4439
12.93129014968872, 4438
12.93129014968872, 4437
12.94140911102295, 4436
12.961687326431274, 4435
12.961687326431274, 4434
12.971812009811401, 4433
12.981918573379517, 4432
13.002198934555054, 4431
13.01232624053955, 4430
13.01232624053955, 4429
13.022452116012573, 4428
13.022452116012573, 4427
13.042678356170654, 4426
13.042678356170654, 4425
13.052799463272095, 4424
13.062915563583374, 4423
13.062915563583374, 4422
13.062915563583374, 4421
13.07097578048706, 4420
13.073031425476074, 4419
13.103416919708252, 4418
13.123676300048828, 4417
13.133761405944824, 4416
13.17217206954956, 4415
13.174232721328735, 4414
13.204616785049438, 4413
13.232972383499146, 4412
13.255254745483398, 4411
13.265362024307251, 4410
13.265362024307251, 4409
13.273406028747559, 4408
13.273406028747559, 4407
13.306281805038452, 4406
13.32653522491455, 4405
13.32653522491455, 4404
13.334598779678345, 4403
13.354836463928223, 4402
13.356884717941284, 4401
13.356884717941284, 4400
13.366998195648193, 4399
13.377122402191162, 4398
13.377122402191162, 4397
13.385182619094849, 4396
13.41558051109314, 4395
13.476313352584839, 4394
13.48848581314087, 4393
13.498639106750488, 4392
13.51887321472168, 4391
13.528980493545532, 4390
13.528980493545532, 4389
13.56949257850647, 4388
13.56949257850647, 4387
13.56949257850647, 4386
13.579632997512817, 4385
13.597866296768188, 4384
13.599924087524414, 4383
13.62020754814148, 4382
13.650586366653442, 4381
13.670851230621338, 4380
13.670851230621338, 4379
13.680981874465942, 4378
13.749780654907227, 4377
13.759912252426147, 4376
13.782226800918579, 4375
13.790476560592651, 4374
13.800496101379395, 4373
13.800496101379395, 4372
13.863014698028564, 4371
14.001152515411377, 4370
14.117085218429565, 4369
14.132709741592407, 4368
14.132709741592407, 4367
14.163959741592407, 4366
14.17958950996399, 4365
14.17958950996399, 4364
14.17958950996399, 4363
14.233153343200684, 4362
14.233153343200684, 4361
14.248742818832397, 4360
14.248742818832397, 4359
14.264412641525269, 4358
14.280030012130737, 4357
14.334700107574463, 4356
14.344815015792847, 4355
14.354947090148926, 4354
14.365077018737793, 4353
14.395490646362305, 4352
14.405610084533691, 4351
14.413764238357544, 4350
14.43398404121399, 4349
14.43398404121399, 4348
14.436038732528687, 4347
14.456281423568726, 4346
14.466399669647217, 4345
14.47651481628418, 4344
14.47651481628418, 4343
14.47651481628418, 4342
14.484565258026123, 4341
14.527568101882935, 4340
14.527568101882935, 4339
14.689597606658936, 4338
14.730332136154175, 4337
14.75875210762024, 4336
14.809344291687012, 4335
14.83976149559021, 4334
14.963315963745117, 4333
14.983586072921753, 4332
15.024187564849854, 4331
15.04455041885376, 4330
15.05469560623169, 4329
15.05469560623169, 4328
15.095267057418823, 4327
15.115909814834595, 4326
15.136164665222168, 4325
15.136164665222168, 4324
15.156412124633789, 4323
15.166482210159302, 4322
15.206982374191284, 4321
15.257665872573853, 4320
15.308288812637329, 4319
15.328580379486084, 4318
15.369076013565063, 4317
15.3994300365448, 4316
15.470364093780518, 4315
15.480547189712524, 4314
15.488611936569214, 4313
15.52104640007019, 4312
15.541319847106934, 4311
15.571670532226562, 4310
15.581839323043823, 4309
15.581839323043823, 4308
15.581839323043823, 4307
15.581839323043823, 4306
15.602080583572388, 4305
15.622344493865967, 4304
15.693276643753052, 4303
15.726074695587158, 4302
15.75645136833191, 4301
15.766598463058472, 4300
15.827381610870361, 4299
15.867826223373413, 4298
15.886073589324951, 4297
15.908366441726685, 4296
15.958988189697266, 4295
15.979253053665161, 4294
15.979253053665161, 4293
16.040084838867188, 4292
16.04815912246704, 4291
16.050214767456055, 4290
16.070465564727783, 4289
16.100897789001465, 4288
16.121201276779175, 4287
16.121201276779175, 4286
16.161805629730225, 4285
16.2631778717041, 4284
16.27333664894104, 4283
16.27333664894104, 4282
16.324066638946533, 4281
16.385190725326538, 4280
16.433761596679688, 4279
16.466190099716187, 4278
16.516908884048462, 4277
16.516908884048462, 4276
16.547301054000854, 4275
16.5776309967041, 4274
16.597882509231567, 4273
16.61604332923889, 4272
16.64847469329834, 4271
16.699138879776, 4270
16.707202911376953, 4269
16.75786328315735, 4268
16.79037070274353, 4267
16.798453330993652, 4266
16.86117911338806, 4265
16.86117911338806, 4264
16.869251251220703, 4263
16.88141131401062, 4262
16.891541481018066, 4261
16.891541481018066, 4260
16.901675939559937, 4259
16.95263147354126, 4258
16.993098258972168, 4257
16.993098258972168, 4256
17.0134060382843, 4255
17.0134060382843, 4254
17.043803691864014, 4253
17.084222078323364, 4252
17.153130292892456, 4251
17.155185222625732, 4250
17.16325283050537, 4249
17.246241331100464, 4248
17.25635576248169, 4247
17.28672981262207, 4246
17.2947838306427, 4245
17.41797161102295, 4244
17.433598041534424, 4243
17.433598041534424, 4242
17.471495866775513, 4241
17.487114906311035, 4240
17.487114906311035, 4239
17.502739906311035, 4238
17.556090354919434, 4237
17.6094388961792, 4236
17.640702962875366, 4235
17.640702962875366, 4234
17.671855211257935, 4233
17.734362363815308, 4232
17.787801265716553, 4231
17.803425073623657, 4230
17.972733974456787, 4229
17.9883553981781, 4228
18.057369709014893, 4227
18.204545259475708, 4226
18.235798358917236, 4225
18.349546909332275, 4224
18.518096685409546, 4223
18.518096685409546, 4222
18.54809880256653, 4221
18.60313582420349, 4220
18.618123769760132, 4219
18.687459707260132, 4218
18.702473640441895, 4217
18.73247218132019, 4216
18.758484840393066, 4215
18.803503036499023, 4214
19.023779153823853, 4213
19.03877902030945, 4212
19.10385251045227, 4211
19.2338604927063, 4210
19.2338604927063, 4209
19.248862504959106, 4208
19.25890588760376, 4207
19.27395224571228, 4206
19.27395224571228, 4205
19.288955688476562, 4204
19.303953886032104, 4203
19.303953886032104, 4202
19.303953886032104, 4201
19.31895351409912, 4200
19.333953857421875, 4199
19.333953857421875, 4198
19.348954439163208, 4197
19.371168613433838, 4196
19.391836404800415, 4195
19.422327041625977, 4194
19.45268416404724, 4193
19.503692626953125, 4192
19.503692626953125, 4191
19.564616203308105, 4190
19.584920644760132, 4189
19.595075845718384, 4188
19.72692084312439, 4187
19.767460584640503, 4186
19.797839879989624, 4185
19.80795955657959, 4184
19.858636379241943, 4183
19.929437160491943, 4182
20.00891399383545, 4181
20.00891399383545, 4180
20.02113437652588, 4179
20.029197931289673, 4178
20.062002182006836, 4177
20.120545387268066, 4176
20.142874717712402, 4175
20.153006315231323, 4174
20.191564798355103, 4173
20.33599615097046, 4172
20.35632586479187, 4171
20.37657856941223, 4170
20.396814346313477, 4169
20.49581527709961, 4168
20.518115997314453, 4167
20.52822756767273, 4166
20.52822756767273, 4165
20.558546781539917, 4164
20.586846351623535, 4163
20.627744913101196, 4162
20.639928579330444, 4161
20.650097846984863, 4160
20.67038321495056, 4159
20.68052649497986, 4158
20.76155662536621, 4157
20.83039903640747, 4156
20.84257674217224, 4155
20.84257674217224, 4154
20.862836837768555, 4153
20.903355360031128, 4152
20.953989505767822, 4151
20.953989505767822, 4150
20.96409296989441, 4149
20.994500875473022, 4148
21.01474404335022, 4147
21.045188426971436, 4146
21.075578212738037, 4145
21.085667371749878, 4144
21.105926752090454, 4143
21.18475580215454, 4142
21.235387563705444, 4141
21.24799394607544, 4140
21.367496013641357, 4139
21.387741804122925, 4138
21.4100239276886, 4137
21.418055295944214, 4136
21.420105457305908, 4135
21.53973150253296, 4134
21.56204915046692, 4133
21.724107265472412, 4132
21.754440546035767, 4131
22.04970908164978, 4130
22.110486030578613, 4129
22.17117667198181, 4128
22.181291341781616, 4127
22.25210738182068, 4126
22.260173797607422, 4125
22.40404200553894, 4124
22.40404200553894, 4123
22.414177656173706, 4122
22.414177656173706, 4121
22.48574924468994, 4120
22.49588394165039, 4119
22.627201557159424, 4118
22.677921772003174, 4117
22.69607400894165, 4116
22.77140736579895, 4115
22.841546297073364, 4114
22.841546297073364, 4113
22.928680419921875, 4112
22.958977460861206, 4111
23.050238370895386, 4110
23.060821771621704, 4109
23.101344347000122, 4108
23.263254165649414, 4107
23.291534662246704, 4106
23.324055433273315, 4105
23.3341703414917, 4104
23.354400157928467, 4103
23.362470626831055, 4102
23.364527940750122, 4101
23.374644994735718, 4100
23.405030488967896, 4099
23.405030488967896, 4098
23.4759304523468, 4097
23.546859741210938, 4096
23.627885341644287, 4095
23.67889404296875, 4094
23.69913673400879, 4093
23.729540586471558, 4092
23.729540586471558, 4091
23.759912490844727, 4090
23.780136585235596, 4089
24.014347314834595, 4088
24.044738292694092, 4087
24.062932014465332, 4086
24.105507135391235, 4085
24.18821382522583, 4084
24.20642614364624, 4083
24.24906873703003, 4082
24.279460430145264, 4081
24.289947748184204, 4080
24.40951681137085, 4079
24.480353116989136, 4078
24.482478618621826, 4077
24.593929767608643, 4076
24.67501449584961, 4075
24.96925139427185, 4074
24.989529132843018, 4073
24.999672651290894, 4072
25.02803087234497, 4071
25.07066297531128, 4070
25.141508102416992, 4069
25.16986393928528, 4068
25.3847017288208, 4067
25.3847017288208, 4066
25.42523455619812, 4065
25.44551920890808, 4064
25.50355052947998, 4063
25.62638568878174, 4062
25.707377672195435, 4061
25.86941647529602, 4060
25.87952947616577, 4059
25.95038890838623, 4058
26.13995623588562, 4057
26.232686042785645, 4056
26.252933025360107, 4055
26.39137291908264, 4054
26.49353814125061, 4053
26.56452512741089, 4052
26.696208715438843, 4051
26.747309923171997, 4050
26.853724002838135, 4049
26.868004322052002, 4048
26.890339851379395, 4047
26.989760637283325, 4046
27.215096712112427, 4045
27.275869369506836, 4044
27.29612684249878, 4043
27.6202974319458, 4042
27.662872076034546, 4041
27.76417851448059, 4040
27.774322986602783, 4039
27.85326862335205, 4038
27.94656729698181, 4037
28.078121662139893, 4036
28.108158826828003, 4035
28.198933124542236, 4034
28.4956111907959, 4033
28.595880270004272, 4032
28.711798191070557, 4031
29.128406763076782, 4030
29.25090479850769, 4029
29.297877073287964, 4028
29.297877073287964, 4027
29.398140907287598, 4026
29.65185523033142, 4025
29.798020839691162, 4024
29.813660860061646, 4023
30.015215635299683, 4022
30.231424808502197, 4021
30.316165447235107, 4020
30.585334300994873, 4019
30.707072257995605, 4018
30.839041709899902, 4017
30.849189043045044, 4016
31.06490445137024, 4015
31.164227962493896, 4014
31.23724913597107, 4013
31.308500051498413, 4012
31.338823795318604, 4011
31.582396984100342, 4010
31.61323857307434, 4009
31.72438669204712, 4008
31.734544038772583, 4007
31.88637065887451, 4006
32.01823115348816, 4005
32.08714270591736, 4004
32.37235641479492, 4003
32.97076487541199, 4002
32.99307298660278, 4001
33.1024284362793, 4000
33.15511894226074, 3999
33.46955609321594, 3998
33.49409818649292, 3997
33.611226081848145, 3996
33.611226081848145, 3995
33.88974404335022, 3994
33.93425512313843, 3993
34.187702655792236, 3992
34.22830104827881, 3991
34.32959222793579, 3990
34.35995364189148, 3989
34.37009239196777, 3988
34.37009239196777, 3987
35.085808992385864, 3986
35.186845779418945, 3985
35.43024253845215, 3984
35.468661069869995, 3983
35.62248253822327, 3982
35.79484558105469, 3981
35.89653277397156, 3980
36.05817747116089, 3979
36.30875062942505, 3978
36.33699560165405, 3977
36.80536603927612, 3976
36.83578562736511, 3975
37.05864405632019, 3974
37.24198246002197, 3973
37.38410305976868, 3972
37.90140342712402, 3971
37.939818382263184, 3970
38.25696325302124, 3969
38.33864164352417, 3968
38.46839618682861, 3967
38.774832248687744, 3966
39.71789193153381, 3965
40.14546513557434, 3964
40.58961367607117, 3963
40.652503967285156, 3962
41.00796890258789, 3961
41.9205048084259, 3960
42.10267782211304, 3959
42.16343402862549, 3958
43.36089873313904, 3957
43.67804527282715, 3956
44.52138614654541, 3955
44.71469330787659, 3954
45.11814999580383, 3953
45.29239296913147, 3952
45.94117212295532, 3951
46.25508975982666, 3950
47.02132272720337, 3949
47.05177903175354, 3948
48.6880669593811, 3947
49.89879631996155, 3946
52.28898739814758, 3945
53.310625076293945, 3944
53.40010094642639, 3943
53.928115367889404, 3942
55.47868347167969, 3941
59.30577254295349, 3940
60.45916533470154, 3939
63.03492212295532, 3938
68.6636917591095, 3937
72.63501715660095, 3936
73.17933797836304, 3935
74.15290641784668, 3934
74.46207880973816, 3933
75.55969715118408, 3932
79.71898031234741, 3931
81.09590601921082, 3930
97.99487948417664, 3929
99.0156044960022, 3928
104.31668639183044, 3927
