0.015586614608764648, 198
0.015586614608764648, 197
0.015586614608764648, 196
0.015586614608764648, 195
0.015586614608764648, 194
0.015586614608764648, 193
0.015586614608764648, 192
0.015586614608764648, 191
0.015586614608764648, 190
0.015586614608764648, 189
0.015586614608764648, 188
0.015586614608764648, 187
0.015586614608764648, 186
0.0220949649810791, 185
0.0220949649810791, 184
0.0220949649810791, 183
0.0220949649810791, 182
0.0220949649810791, 181
0.0220949649810791, 180
0.0220949649810791, 179
0.0220949649810791, 178
0.0220949649810791, 177
0.0220949649810791, 176
0.0220949649810791, 175
0.0220949649810791, 174
0.0220949649810791, 173
0.037729501724243164, 172
0.037729501724243164, 171
0.037729501724243164, 170
0.037729501724243164, 169
0.037729501724243164, 168
0.037729501724243164, 167
0.037729501724243164, 166
0.05335402488708496, 165
0.05335402488708496, 164
0.06897926330566406, 163
0.08460521697998047, 162
0.12209820747375488, 161
0.1533968448638916, 160
0.16902494430541992, 159
0.30040669441223145, 158
