0.046869754791259766, 198
0.046869754791259766, 197
0.046869754791259766, 196
0.046869754791259766, 195
0.046869754791259766, 194
0.046869754791259766, 193
0.046869754791259766, 192
0.046869754791259766, 191
0.046869754791259766, 190
0.046869754791259766, 189
0.046869754791259766, 188
0.046869754791259766, 187
0.062497854232788086, 186
0.062497854232788086, 185
0.06901955604553223, 184
0.06901955604553223, 183
0.06901955604553223, 182
0.06901955604553223, 181
0.0846717357635498, 180
0.0846717357635498, 179
0.0846717357635498, 178
0.0846717357635498, 177
0.1002964973449707, 176
0.1002964973449707, 175
0.1002964973449707, 174
0.1002964973449707, 173
0.1159205436706543, 172
0.1315462589263916, 171
0.1315462589263916, 170
0.1315462589263916, 169
0.14717674255371094, 168
0.17160940170288086, 167
0.17160940170288086, 166
0.22112679481506348, 165
0.23358941078186035, 164
0.3162815570831299, 163
0.5000557899475098, 162
0.645378589630127, 161
0.6661889553070068, 160
0.6974077224731445, 159
1.543928861618042, 158
