0.016835451126098633, 198
0.016835451126098633, 197
0.016835451126098633, 196
0.016835451126098633, 195
0.016835451126098633, 194
0.016835451126098633, 193
0.017832517623901367, 192
0.017832517623901367, 191
0.017832517623901367, 190
0.019831180572509766, 189
0.019831180572509766, 188
0.020831584930419922, 187
0.020831584930419922, 186
0.020831584930419922, 185
0.021831989288330078, 184
0.02283310890197754, 183
0.023831844329833984, 182
0.023831844329833984, 181
0.024831771850585938, 180
0.025832414627075195, 179
0.027831077575683594, 178
0.0298309326171875, 177
0.031832218170166016, 176
0.032831430435180664, 175
0.03383135795593262, 174
0.03583359718322754, 173
0.03583359718322754, 172
0.03883075714111328, 171
0.03883075714111328, 170
0.041829824447631836, 169
0.041829824447631836, 168
0.06382966041564941, 167
0.06583070755004883, 166
0.06682968139648438, 165
0.07382941246032715, 164
0.0748298168182373, 163
0.08290648460388184, 162
0.1378798484802246, 161
0.15004420280456543, 160
0.18082547187805176, 159
0.25174808502197266, 158
