8.7738037109375e-05, 198
8.7738037109375e-05, 197
8.7738037109375e-05, 196
8.7738037109375e-05, 195
8.7738037109375e-05, 194
8.7738037109375e-05, 193
8.7738037109375e-05, 192
8.7738037109375e-05, 191
8.7738037109375e-05, 190
8.7738037109375e-05, 189
8.7738037109375e-05, 188
8.7738037109375e-05, 187
8.7738037109375e-05, 186
8.7738037109375e-05, 185
8.7738037109375e-05, 184
8.7738037109375e-05, 183
8.7738037109375e-05, 182
8.7738037109375e-05, 181
8.7738037109375e-05, 180
8.7738037109375e-05, 179
0.012093544006347656, 178
0.012093544006347656, 177
0.012093544006347656, 176
0.012093544006347656, 175
0.012093544006347656, 174
0.012093544006347656, 173
0.012093544006347656, 172
0.012093544006347656, 171
0.012093544006347656, 170
0.012093544006347656, 169
0.027725934982299805, 168
0.027725934982299805, 167
0.04335427284240723, 166
0.04335427284240723, 165
0.058977365493774414, 164
0.058977365493774414, 163
0.058977365493774414, 162
0.07464051246643066, 161
0.09026908874511719, 160
0.09026908874511719, 159
0.10589241981506348, 158
