0.007998943328857422, 198
0.007998943328857422, 197
0.007998943328857422, 196
0.007998943328857422, 195
0.007998943328857422, 194
0.007998943328857422, 193
0.007998943328857422, 192
0.015996456146240234, 191
0.015996456146240234, 190
0.015996456146240234, 189
0.015996456146240234, 188
0.015996456146240234, 187
0.015996456146240234, 186
0.024002552032470703, 185
0.024002552032470703, 184
0.024002552032470703, 183
0.024002552032470703, 182
0.024002552032470703, 181
0.024002552032470703, 180
0.024002552032470703, 179
0.031996726989746094, 178
0.031996726989746094, 177
0.031996726989746094, 176
0.031996726989746094, 175
0.039998769760131836, 174
0.039998769760131836, 173
0.039998769760131836, 172
0.039998769760131836, 171
0.039998769760131836, 170
0.039998769760131836, 169
0.048001766204833984, 168
0.048001766204833984, 167
0.0559992790222168, 166
0.0559992790222168, 165
0.06403207778930664, 164
0.07200312614440918, 163
0.08800888061523438, 162
0.08800888061523438, 161
0.10404205322265625, 160
0.14046669006347656, 159
0.2476341724395752, 158
