0.015639543533325195, 198
0.015639543533325195, 197
0.015639543533325195, 196
0.015639543533325195, 195
0.015639543533325195, 194
0.015639543533325195, 193
0.015639543533325195, 192
0.015639543533325195, 191
0.015639543533325195, 190
0.015639543533325195, 189
0.03126382827758789, 188
0.03126382827758789, 187
0.03126382827758789, 186
0.03126382827758789, 185
0.03126382827758789, 184
0.03126382827758789, 183
0.03126382827758789, 182
0.03126382827758789, 181
0.03126382827758789, 180
0.03126382827758789, 179
0.03126382827758789, 178
0.03126382827758789, 177
0.03126382827758789, 176
0.03126382827758789, 175
0.03126382827758789, 174
0.04688835144042969, 173
0.04688835144042969, 172
0.04688835144042969, 171
0.04688835144042969, 170
0.04688835144042969, 169
0.04688835144042969, 168
0.06251239776611328, 167
0.06251239776611328, 166
0.07813739776611328, 165
0.07813739776611328, 164
0.11590909957885742, 163
0.1315324306488037, 162
0.14715886116027832, 161
0.19403457641601562, 160
0.2738649845123291, 159
0.426177978515625, 158
