0.015624523162841797, 198
0.015624523162841797, 197
0.015624523162841797, 196
0.015624523162841797, 195
0.015624523162841797, 194
0.015624523162841797, 193
0.015624523162841797, 192
0.015624523162841797, 191
0.015624523162841797, 190
0.015624523162841797, 189
0.015624523162841797, 188
0.015624523162841797, 187
0.015624523162841797, 186
0.015624523162841797, 185
0.015624523162841797, 184
0.015624523162841797, 183
0.015624523162841797, 182
0.015624523162841797, 181
0.015624523162841797, 180
0.015624523162841797, 179
0.015624523162841797, 178
0.015624523162841797, 177
0.031248807907104492, 176
0.031248807907104492, 175
0.031248807907104492, 174
0.031248807907104492, 173
0.03775310516357422, 172
0.03775310516357422, 171
0.03775310516357422, 170
0.03775310516357422, 169
0.03775310516357422, 168
0.03775310516357422, 167
0.053383588790893555, 166
0.053383588790893555, 165
0.07001543045043945, 164
0.07801175117492676, 163
0.08601188659667969, 162
0.10201215744018555, 161
0.10201215744018555, 160
0.10201215744018555, 159
0.14205026626586914, 158
