0.068878173828125, 198
0.068878173828125, 197
0.068878173828125, 196
0.068878173828125, 195
0.068878173828125, 194
0.068878173828125, 193
0.068878173828125, 192
0.068878173828125, 191
0.068878173828125, 190
0.068878173828125, 189
0.068878173828125, 188
0.068878173828125, 187
0.068878173828125, 186
0.068878173828125, 185
0.068878173828125, 184
0.068878173828125, 183
0.068878173828125, 182
0.068878173828125, 181
0.068878173828125, 180
0.08451700210571289, 179
0.08451700210571289, 178
0.08451700210571289, 177
0.08451700210571289, 176
0.10015678405761719, 175
0.10015678405761719, 174
0.10015678405761719, 173
0.10015678405761719, 172
0.10015678405761719, 171
0.1157693862915039, 170
0.1157693862915039, 169
0.1157693862915039, 168
0.1157693862915039, 167
0.1157693862915039, 166
0.1313917636871338, 165
0.1470177173614502, 164
0.1626434326171875, 163
0.2284533977508545, 162
0.24245214462280273, 161
0.29953789710998535, 160
0.32840442657470703, 159
0.4695746898651123, 158
