0.03723621368408203, 198
0.03723621368408203, 197
0.03723621368408203, 196
0.03723621368408203, 195
0.03723621368408203, 194
0.03723621368408203, 193
0.03723621368408203, 192
0.03723621368408203, 191
0.052884578704833984, 190
0.052884578704833984, 189
0.052884578704833984, 188
0.052884578704833984, 187
0.052884578704833984, 186
0.052884578704833984, 185
0.052884578704833984, 184
0.052884578704833984, 183
0.052884578704833984, 182
0.052884578704833984, 181
0.0685124397277832, 180
0.0685124397277832, 179
0.0685124397277832, 178
0.0841374397277832, 177
0.0997614860534668, 176
0.0997614860534668, 175
0.1153862476348877, 174
0.1310122013092041, 173
0.1310122013092041, 172
0.17093253135681152, 171
0.17093253135681152, 170
0.17093253135681152, 169
0.18126535415649414, 168
0.2225356101989746, 167
0.25362157821655273, 166
0.30313897132873535, 165
0.3259117603302002, 164
0.33614492416381836, 163
0.4269564151763916, 162
0.5429859161376953, 161
0.8220305442810059, 160
0.9302613735198975, 159
1.0765037536621094, 158
