0.015625, 198
0.016690969467163086, 197
0.016690969467163086, 196
0.016690969467163086, 195
0.017688512802124023, 194
0.017688512802124023, 193
0.017688512802124023, 192
0.01968526840209961, 191
0.020686864852905273, 190
0.020686864852905273, 189
0.020686864852905273, 188
0.021686315536499023, 187
0.021686315536499023, 186
0.021686315536499023, 185
0.021686315536499023, 184
0.022686004638671875, 183
0.022686004638671875, 182
0.02568531036376953, 181
0.02568531036376953, 180
0.02568531036376953, 179
0.02568531036376953, 178
0.02868509292602539, 177
0.02868509292602539, 176
0.029683351516723633, 175
0.030684947967529297, 174
0.030684947967529297, 173
0.030684947967529297, 172
0.031684160232543945, 171
0.032683372497558594, 170
0.03668689727783203, 169
0.038686275482177734, 168
0.044683218002319336, 167
0.04668307304382324, 166
0.0476834774017334, 165
0.04868316650390625, 164
0.052683353424072266, 163
0.05968332290649414, 162
0.07868313789367676, 161
0.0848391056060791, 160
0.13175630569458008, 159
0.19053864479064941, 158
