0.015623807907104492, 198
0.031246662139892578, 197
0.031246662139892578, 196
0.031246662139892578, 195
0.031246662139892578, 194
0.031246662139892578, 193
0.031246662139892578, 192
0.031246662139892578, 191
0.031246662139892578, 190
0.031246662139892578, 189
0.031246662139892578, 188
0.031246662139892578, 187
0.031246662139892578, 186
0.031246662139892578, 185
0.031246662139892578, 184
0.031246662139892578, 183
0.031246662139892578, 182
0.031246662139892578, 181
0.037757158279418945, 180
0.037757158279418945, 179
0.037757158279418945, 178
0.037757158279418945, 177
0.037757158279418945, 176
0.037757158279418945, 175
0.037757158279418945, 174
0.037757158279418945, 173
0.037757158279418945, 172
0.037757158279418945, 171
0.037757158279418945, 170
0.06902456283569336, 169
0.06902456283569336, 168
0.1002802848815918, 167
0.12666559219360352, 166
0.13789820671081543, 165
0.17826199531555176, 164
0.18501067161560059, 163
0.18501067161560059, 162
0.2693138122558594, 161
0.35407590866088867, 160
0.40090203285217285, 159
0.4511568546295166, 158
