0.0009996891021728516, 34
0.0009996891021728516, 33
0.0009996891021728516, 32
0.0009996891021728516, 31
0.0009996891021728516, 30
0.0009996891021728516, 29
0.0009996891021728516, 28
0.0009996891021728516, 27
0.0009996891021728516, 26
0.0009996891021728516, 25
0.001999378204345703, 24
0.001999378204345703, 23
0.001999378204345703, 22
0.001999378204345703, 21
0.001999378204345703, 20
0.001999378204345703, 19
0.001999378204345703, 18
0.001999378204345703, 17
0.001999378204345703, 16
0.003998994827270508, 15
0.003998994827270508, 14
