0.001001119613647461, 34
0.001001119613647461, 33
0.001001119613647461, 32
0.001001119613647461, 31
0.001001119613647461, 30
0.001001119613647461, 29
0.001001119613647461, 28
0.001001119613647461, 27
0.001001119613647461, 26
0.001001119613647461, 25
0.001001119613647461, 24
0.001001119613647461, 23
0.0020017623901367188, 22
0.0020017623901367188, 21
0.0020017623901367188, 20
0.0020017623901367188, 19
0.0020017623901367188, 18
0.0020017623901367188, 17
0.0029997825622558594, 16
0.0029997825622558594, 15
0.0039997100830078125, 14
