0.0009999275207519531, 34
0.0009999275207519531, 33
0.0009999275207519531, 32
0.0009999275207519531, 31
0.0009999275207519531, 30
0.0009999275207519531, 29
0.0009999275207519531, 28
0.0009999275207519531, 27
0.0009999275207519531, 26
0.0009999275207519531, 25
0.0009999275207519531, 24
0.0009999275207519531, 23
0.0019991397857666016, 22
0.0019991397857666016, 21
0.0019991397857666016, 20
0.0019991397857666016, 19
0.0019991397857666016, 18
0.0019991397857666016, 17
0.0019991397857666016, 16
0.0031185150146484375, 15
0.0031185150146484375, 14
