0.00099945068359375, 34
0.00099945068359375, 33
0.00099945068359375, 32
0.00099945068359375, 31
0.00099945068359375, 30
0.002000570297241211, 29
0.002000570297241211, 28
0.002000570297241211, 27
0.002000570297241211, 26
0.002000570297241211, 25
0.002000570297241211, 24
0.002000570297241211, 23
0.002000570297241211, 22
0.003000497817993164, 21
0.003000497817993164, 20
0.003000497817993164, 19
0.003000497817993164, 18
0.003000497817993164, 17
0.003000497817993164, 16
0.003998756408691406, 15
0.005000114440917969, 14
