0.013423681259155273, 34
0.013423681259155273, 33
0.014423131942749023, 32
0.014423131942749023, 31
0.014423131942749023, 30
0.014423131942749023, 29
0.014423131942749023, 28
0.014423131942749023, 27
0.014423131942749023, 26
0.014423131942749023, 25
0.015421152114868164, 24
0.015421152114868164, 23
0.015421152114868164, 22
0.016421079635620117, 21
0.016421079635620117, 20
0.016770601272583008, 19
0.016770601272583008, 18
0.016770601272583008, 17
0.016770601272583008, 16
0.016770601272583008, 15
0.016770601272583008, 14
