0.0010180473327636719, 34
0.0010180473327636719, 33
0.0010180473327636719, 32
0.0010180473327636719, 31
0.0010180473327636719, 30
0.0010180473327636719, 29
0.0010180473327636719, 28
0.0010180473327636719, 27
0.0010180473327636719, 26
0.0010180473327636719, 25
0.0010180473327636719, 24
0.002028942108154297, 23
0.002028942108154297, 22
0.002028942108154297, 21
0.002028942108154297, 20
0.002028942108154297, 19
0.002028942108154297, 18
0.002028942108154297, 17
0.0030372142791748047, 16
0.0030372142791748047, 15
0.0040454864501953125, 14
