0.0, 34
0.0010008811950683594, 33
0.0010008811950683594, 32
0.0010008811950683594, 31
0.0010008811950683594, 30
0.0010008811950683594, 29
0.0010008811950683594, 28
0.0010008811950683594, 27
0.0019998550415039062, 26
0.0019998550415039062, 25
0.0019998550415039062, 24
0.0019998550415039062, 23
0.0019998550415039062, 22
0.0019998550415039062, 21
0.0019998550415039062, 20
0.0019998550415039062, 19
0.004002094268798828, 18
0.004002094268798828, 17
0.004002094268798828, 16
0.004002094268798828, 15
0.004002094268798828, 14
