0.015622615814208984, 1461
0.015622615814208984, 1460
0.015622615814208984, 1459
0.015622615814208984, 1458
0.015622615814208984, 1457
0.015622615814208984, 1456
0.015622615814208984, 1455
0.015622615814208984, 1454
0.015622615814208984, 1453
0.015622615814208984, 1452
0.015622615814208984, 1451
0.015622615814208984, 1450
0.015622615814208984, 1449
0.015622615814208984, 1448
0.015622615814208984, 1447
0.015622615814208984, 1446
0.015622615814208984, 1445
0.015622615814208984, 1444
0.015622615814208984, 1443
0.015622615814208984, 1442
0.015622615814208984, 1441
0.015622615814208984, 1440
0.015622615814208984, 1439
0.015622615814208984, 1438
0.015622615814208984, 1437
0.015622615814208984, 1436
0.015622615814208984, 1435
0.015622615814208984, 1434
0.015622615814208984, 1433
0.015622615814208984, 1432
0.015622615814208984, 1431
0.015622615814208984, 1430
0.015622615814208984, 1429
0.015622615814208984, 1428
0.015622615814208984, 1427
0.015622615814208984, 1426
0.015622615814208984, 1425
0.015622615814208984, 1424
0.015622615814208984, 1423
0.015622615814208984, 1422
0.015622615814208984, 1421
0.015622615814208984, 1420
0.015622615814208984, 1419
0.031247377395629883, 1418
0.031247377395629883, 1417
0.031247377395629883, 1416
0.031247377395629883, 1415
0.031247377395629883, 1414
0.03248476982116699, 1413
0.03248476982116699, 1412
0.03248476982116699, 1411
0.03348231315612793, 1410
0.03348231315612793, 1409
0.03348231315612793, 1408
0.03348231315612793, 1407
0.03348231315612793, 1406
0.03448128700256348, 1405
0.03448128700256348, 1404
0.03448128700256348, 1403
0.03448128700256348, 1402
0.03448128700256348, 1401
0.03547978401184082, 1400
0.03547978401184082, 1399
0.03547978401184082, 1398
0.03547978401184082, 1397
0.03547978401184082, 1396
0.03647971153259277, 1395
0.03647971153259277, 1394
0.03647971153259277, 1393
0.03647971153259277, 1392
0.03647971153259277, 1391
0.03647971153259277, 1390
0.03747987747192383, 1389
0.03747987747192383, 1388
0.03747987747192383, 1387
0.038480520248413086, 1386
0.038480520248413086, 1385
0.03947949409484863, 1384
0.03947949409484863, 1383
0.03947949409484863, 1382
0.03947949409484863, 1381
0.03947949409484863, 1380
0.03947949409484863, 1379
0.04047966003417969, 1378
0.04047966003417969, 1377
0.04047966003417969, 1376
0.04047966003417969, 1375
0.04147934913635254, 1374
0.04147934913635254, 1373
0.04147934913635254, 1372
0.04147934913635254, 1371
0.042479753494262695, 1370
0.042479753494262695, 1369
0.043478965759277344, 1368
0.043478965759277344, 1367
0.043478965759277344, 1366
0.04447770118713379, 1365
0.04447770118713379, 1364
0.04447770118713379, 1363
0.04447770118713379, 1362
0.04447770118713379, 1361
0.04547905921936035, 1360
0.04547905921936035, 1359
0.04547905921936035, 1358
0.0464777946472168, 1357
0.0464777946472168, 1356
0.0464777946472168, 1355
0.0464777946472168, 1354
0.0464777946472168, 1353
0.0464777946472168, 1352
0.04747772216796875, 1351
0.04747772216796875, 1350
0.04747772216796875, 1349
0.04747772216796875, 1348
0.0484776496887207, 1347
0.0484776496887207, 1346
0.0484776496887207, 1345
0.04948019981384277, 1344
0.04948019981384277, 1343
0.04948019981384277, 1342
0.04948019981384277, 1341
0.04948019981384277, 1340
0.05048012733459473, 1339
0.05048012733459473, 1338
0.05048012733459473, 1337
0.05048012733459473, 1336
0.05147886276245117, 1335
0.05147886276245117, 1334
0.05147886276245117, 1333
0.05147886276245117, 1332
0.05147886276245117, 1331
0.05147886276245117, 1330
0.05247974395751953, 1329
0.05247974395751953, 1328
0.053479671478271484, 1327
0.053479671478271484, 1326
0.053479671478271484, 1325
0.05448102951049805, 1324
0.05448102951049805, 1323
0.05448102951049805, 1322
0.05547976493835449, 1321
0.05547976493835449, 1320
0.05547976493835449, 1319
0.05547976493835449, 1318
0.05647897720336914, 1317
0.05647897720336914, 1316
0.057478904724121094, 1315
0.057478904724121094, 1314
0.057478904724121094, 1313
0.05847740173339844, 1312
0.05847740173339844, 1311
0.05847740173339844, 1310
0.05847740173339844, 1309
0.05847740173339844, 1308
0.05947732925415039, 1307
0.05947732925415039, 1306
0.06047773361206055, 1305
0.06047773361206055, 1304
0.06047773361206055, 1303
0.06047773361206055, 1302
0.0614776611328125, 1301
0.06247758865356445, 1300
0.06247758865356445, 1299
0.06247758865356445, 1298
0.06347775459289551, 1297
0.06347775459289551, 1296
0.06347775459289551, 1295
0.06447744369506836, 1294
0.06447744369506836, 1293
0.06547951698303223, 1292
0.06547951698303223, 1291
0.06647968292236328, 1290
0.06647968292236328, 1289
0.06647968292236328, 1288
0.06747913360595703, 1287
0.06847763061523438, 1286
0.06847763061523438, 1285
0.06847763061523438, 1284
0.06947755813598633, 1283
0.07047772407531738, 1282
0.07047772407531738, 1281
0.07047772407531738, 1280
0.07147741317749023, 1279
0.07147741317749023, 1278
0.07147741317749023, 1277
0.07247757911682129, 1276
0.07247757911682129, 1275
0.07247757911682129, 1274
0.0744774341583252, 1273
0.0744774341583252, 1272
0.0764775276184082, 1271
0.0764775276184082, 1270
0.07747745513916016, 1269
0.07747745513916016, 1268
0.07747745513916016, 1267
0.07747745513916016, 1266
0.07847785949707031, 1265
0.07847785949707031, 1264
0.07947945594787598, 1263
0.07947945594787598, 1262
0.08047771453857422, 1261
0.08047771453857422, 1260
0.08047771453857422, 1259
0.08147764205932617, 1258
0.08248138427734375, 1257
0.08248138427734375, 1256
0.08353757858276367, 1255
0.08353757858276367, 1254
0.08353757858276367, 1253
0.08452868461608887, 1252
0.0855252742767334, 1251
0.08651971817016602, 1250
0.08651971817016602, 1249
0.08752083778381348, 1248
0.08752083778381348, 1247
0.08851885795593262, 1246
0.08851885795593262, 1245
0.08951854705810547, 1244
0.08951854705810547, 1243
0.09351944923400879, 1242
0.09351944923400879, 1241
0.09351944923400879, 1240
0.09351944923400879, 1239
0.09451603889465332, 1238
0.0955190658569336, 1237
0.0955190658569336, 1236
0.09652113914489746, 1235
0.0975186824798584, 1234
0.0975186824798584, 1233
0.0975186824798584, 1232
0.0975186824798584, 1231
0.09851908683776855, 1230
0.09851908683776855, 1229
0.09960222244262695, 1228
0.09960222244262695, 1227
0.09960222244262695, 1226
0.09960222244262695, 1225
0.09960222244262695, 1224
0.09960222244262695, 1223
0.09960222244262695, 1222
0.09960222244262695, 1221
0.09960222244262695, 1220
0.09960222244262695, 1219
0.09960222244262695, 1218
0.09960222244262695, 1217
0.09960222244262695, 1216
0.09960222244262695, 1215
0.09960222244262695, 1214
0.09960222244262695, 1213
0.09960222244262695, 1212
0.09960222244262695, 1211
0.09960222244262695, 1210
0.09960222244262695, 1209
0.09960222244262695, 1208
0.09960222244262695, 1207
0.09960222244262695, 1206
0.09960222244262695, 1205
0.09960222244262695, 1204
0.09960222244262695, 1203
0.09960222244262695, 1202
0.09960222244262695, 1201
0.09960222244262695, 1200
0.09960222244262695, 1199
0.11526799201965332, 1198
0.11526799201965332, 1197
0.11526799201965332, 1196
0.11526799201965332, 1195
0.11526799201965332, 1194
0.11526799201965332, 1193
0.11526799201965332, 1192
0.11526799201965332, 1191
0.11526799201965332, 1190
0.11526799201965332, 1189
0.11526799201965332, 1188
0.11526799201965332, 1187
0.11526799201965332, 1186
0.11526799201965332, 1185
0.11526799201965332, 1184
0.11526799201965332, 1183
0.11526799201965332, 1182
0.11526799201965332, 1181
0.11526799201965332, 1180
0.11526799201965332, 1179
0.11526799201965332, 1178
0.11526799201965332, 1177
0.11526799201965332, 1176
0.11526799201965332, 1175
0.11526799201965332, 1174
0.11526799201965332, 1173
0.11526799201965332, 1172
0.11526799201965332, 1171
0.11526799201965332, 1170
0.11526799201965332, 1169
0.11526799201965332, 1168
0.11526799201965332, 1167
0.11526799201965332, 1166
0.13089203834533691, 1165
0.13089203834533691, 1164
0.13089203834533691, 1163
0.13089203834533691, 1162
0.13089203834533691, 1161
0.13089203834533691, 1160
0.13089203834533691, 1159
0.13089203834533691, 1158
0.13089203834533691, 1157
0.13089203834533691, 1156
0.13089203834533691, 1155
0.13089203834533691, 1154
0.13089203834533691, 1153
0.13089203834533691, 1152
0.13089203834533691, 1151
0.13089203834533691, 1150
0.13089203834533691, 1149
0.13089203834533691, 1148
0.13089203834533691, 1147
0.13089203834533691, 1146
0.13089203834533691, 1145
0.13089203834533691, 1144
0.13089203834533691, 1143
0.13089203834533691, 1142
0.13089203834533691, 1141
0.13089203834533691, 1140
0.1465158462524414, 1139
0.1465158462524414, 1138
0.1465158462524414, 1137
0.1465158462524414, 1136
0.1465158462524414, 1135
0.1465158462524414, 1134
0.1465158462524414, 1133
0.1465158462524414, 1132
0.1465158462524414, 1131
0.1465158462524414, 1130
0.1465158462524414, 1129
0.1465158462524414, 1128
0.1465158462524414, 1127
0.1465158462524414, 1126
0.1465158462524414, 1125
0.1465158462524414, 1124
0.1465158462524414, 1123
0.1465158462524414, 1122
0.1465158462524414, 1121
0.1465158462524414, 1120
0.16214203834533691, 1119
0.16214203834533691, 1118
0.17176008224487305, 1117
0.17176008224487305, 1116
0.17176008224487305, 1115
0.17176008224487305, 1114
0.17176008224487305, 1113
0.17176008224487305, 1112
0.17176008224487305, 1111
0.17176008224487305, 1110
0.17176008224487305, 1109
0.17176008224487305, 1108
0.17176008224487305, 1107
0.17176008224487305, 1106
0.17176008224487305, 1105
0.17986416816711426, 1104
0.17986416816711426, 1103
0.17986416816711426, 1102
0.18191909790039062, 1101
0.18191909790039062, 1100
0.18191909790039062, 1099
0.18191909790039062, 1098
0.18191909790039062, 1097
0.18191909790039062, 1096
0.18191909790039062, 1095
0.18191909790039062, 1094
0.18191909790039062, 1093
0.18191909790039062, 1092
0.18191909790039062, 1091
0.1899867057800293, 1090
0.19204044342041016, 1089
0.19204044342041016, 1088
0.19204044342041016, 1087
0.19204044342041016, 1086
0.19204044342041016, 1085
0.19204044342041016, 1084
0.19204044342041016, 1083
0.20015692710876465, 1082
0.20221662521362305, 1081
0.20221662521362305, 1080
0.20221662521362305, 1079
0.20221662521362305, 1078
0.20221662521362305, 1077
0.20221662521362305, 1076
0.20221662521362305, 1075
0.2102797031402588, 1074
0.2102797031402588, 1073
0.2102797031402588, 1072
0.2102797031402588, 1071
0.2102797031402588, 1070
0.21233296394348145, 1069
0.21233296394348145, 1068
0.21233296394348145, 1067
0.21233296394348145, 1066
0.21233296394348145, 1065
0.21233296394348145, 1064
0.22244858741760254, 1063
0.22244858741760254, 1062
0.22244858741760254, 1061
0.22244858741760254, 1060
0.22244858741760254, 1059
0.22244858741760254, 1058
0.22244858741760254, 1057
0.22244858741760254, 1056
0.22244858741760254, 1055
0.22244858741760254, 1054
0.22244858741760254, 1053
0.22244858741760254, 1052
0.22244858741760254, 1051
0.23050522804260254, 1050
0.23050522804260254, 1049
0.23050522804260254, 1048
0.23050522804260254, 1047
0.23050522804260254, 1046
0.2325606346130371, 1045
0.2325606346130371, 1044
0.2325606346130371, 1043
0.2325606346130371, 1042
0.2325606346130371, 1041
0.2325606346130371, 1040
0.24064087867736816, 1039
0.24064087867736816, 1038
0.2427053451538086, 1037
0.2427053451538086, 1036
0.2427053451538086, 1035
0.2427053451538086, 1034
0.2427053451538086, 1033
0.2427053451538086, 1032
0.2427053451538086, 1031
0.2507631778717041, 1030
0.2507631778717041, 1029
0.2528188228607178, 1028
0.2528188228607178, 1027
0.2528188228607178, 1026
0.2528188228607178, 1025
0.2528188228607178, 1024
0.2609231472015381, 1023
0.2629735469818115, 1022
0.27103710174560547, 1021
0.2832767963409424, 1020
0.2832767963409424, 1019
0.29338574409484863, 1018
0.29338574409484863, 1017
0.29338574409484863, 1016
0.29338574409484863, 1015
0.30143141746520996, 1014
0.303546667098999, 1013
0.303546667098999, 1012
0.303546667098999, 1011
0.303546667098999, 1010
0.303546667098999, 1009
0.303546667098999, 1008
0.303546667098999, 1007
0.31161046028137207, 1006
0.3136773109436035, 1005
0.3136773109436035, 1004
0.3136773109436035, 1003
0.32383179664611816, 1002
0.32383179664611816, 1001
0.33190035820007324, 1000
0.3339686393737793, 999
0.3339686393737793, 998
0.3339686393737793, 997
0.3339686393737793, 996
0.3339686393737793, 995
0.34412121772766113, 994
0.34412121772766113, 993
0.34412121772766113, 992
0.34412121772766113, 991
0.352191686630249, 990
0.3541996479034424, 989
0.35425782203674316, 988
0.36475157737731934, 987
0.36475157737731934, 986
0.36475157737731934, 985
0.36475157737731934, 984
0.37488889694213867, 983
0.37488889694213867, 982
0.3829166889190674, 981
0.3849830627441406, 980
0.3849830627441406, 979
0.403209924697876, 978
0.403209924697876, 977
0.40528225898742676, 976
0.41335082054138184, 975
0.41335082054138184, 974
0.41335082054138184, 973
0.41540956497192383, 972
0.42554736137390137, 971
0.42554736137390137, 970
0.43568992614746094, 969
0.44579005241394043, 968
0.44579005241394043, 967
0.4538578987121582, 966
0.45592665672302246, 965
0.45592665672302246, 964
0.46401262283325195, 963
0.466050386428833, 962
0.466050386428833, 961
0.4740869998931885, 960
0.4740869998931885, 959
0.47611570358276367, 958
0.47611570358276367, 957
0.4841959476470947, 956
0.4841959476470947, 955
0.48626708984375, 954
0.49640488624572754, 953
0.516655683517456, 952
0.516655683517456, 951
0.516655683517456, 950
0.5247282981872559, 949
0.5267972946166992, 948
0.5267972946166992, 947
0.5369343757629395, 946
0.5470879077911377, 945
0.5470879077911377, 944
0.5470879077911377, 943
0.557227373123169, 942
0.5673725605010986, 941
0.5673725605010986, 940
0.575439453125, 939
0.5775063037872314, 938
0.5775063037872314, 937
0.5876624584197998, 936
0.605851411819458, 935
0.6079220771789551, 934
0.6180322170257568, 933
0.6180322170257568, 932
0.6261177062988281, 931
0.6383211612701416, 930
0.6383211612701416, 929
0.6484711170196533, 928
0.6586108207702637, 927
0.688955545425415, 926
0.6990857124328613, 925
0.6990857124328613, 924
0.7295057773590088, 923
0.739649772644043, 922
0.7599480152130127, 921
0.7599480152130127, 920
0.7679839134216309, 919
0.8004074096679688, 918
0.8510754108428955, 917
0.8510754108428955, 916
0.8916070461273193, 915
0.9017391204833984, 914
0.9422950744628906, 913
0.9422950744628906, 912
1.0338668823242188, 911
1.0723261833190918, 910
1.1132020950317383, 909
1.1841270923614502, 908
1.2267606258392334, 907
1.3990097045898438, 906
1.6022107601165771, 905
1.6123042106628418, 904
1.6325914859771729, 903
1.6934142112731934, 902
1.8251214027404785, 901
2.038043975830078, 900
2.1699953079223633, 899
