0.00999903678894043, 1461
0.00999903678894043, 1460
0.010999441146850586, 1459
0.010999441146850586, 1458
0.010999441146850586, 1457
0.010999441146850586, 1456
0.010999441146850586, 1455
0.010999441146850586, 1454
0.010999441146850586, 1453
0.010999441146850586, 1452
0.010999441146850586, 1451
0.013517379760742188, 1450
0.013517379760742188, 1449
0.014000892639160156, 1448
0.014000892639160156, 1447
0.014000892639160156, 1446
0.014998435974121094, 1445
0.014998435974121094, 1444
0.014998435974121094, 1443
0.014998435974121094, 1442
0.014998435974121094, 1441
0.014998435974121094, 1440
0.016000032424926758, 1439
0.016000032424926758, 1438
0.016000032424926758, 1437
0.01699995994567871, 1436
0.01699995994567871, 1435
0.01699995994567871, 1434
0.01699995994567871, 1433
0.01799917221069336, 1432
0.01799917221069336, 1431
0.01799917221069336, 1430
0.01799917221069336, 1429
0.018997669219970703, 1428
0.018997669219970703, 1427
0.018997669219970703, 1426
0.018997669219970703, 1425
0.018997669219970703, 1424
0.019997358322143555, 1423
0.019997358322143555, 1422
0.019997358322143555, 1421
0.02099752426147461, 1420
0.02099752426147461, 1419
0.021997451782226562, 1418
0.021997451782226562, 1417
0.021997451782226562, 1416
0.021997451782226562, 1415
0.022997379302978516, 1414
0.022997379302978516, 1413
0.022997379302978516, 1412
0.022997379302978516, 1411
0.0240018367767334, 1410
0.0240018367767334, 1409
0.0240018367767334, 1408
0.02499985694885254, 1407
0.02499985694885254, 1406
0.02499985694885254, 1405
0.02499985694885254, 1404
0.025998592376708984, 1403
0.025998592376708984, 1402
0.025998592376708984, 1401
0.025998592376708984, 1400
0.02699899673461914, 1399
0.02699899673461914, 1398
0.02699899673461914, 1397
0.02699899673461914, 1396
0.027999162673950195, 1395
0.027999162673950195, 1394
0.027999162673950195, 1393
0.02899765968322754, 1392
0.02899765968322754, 1391
0.02899765968322754, 1390
0.029997587203979492, 1389
0.029997587203979492, 1388
0.030997514724731445, 1387
0.030997514724731445, 1386
0.030997514724731445, 1385
0.030997514724731445, 1384
0.0319974422454834, 1383
0.0319974422454834, 1382
0.0319974422454834, 1381
0.0319974422454834, 1380
0.0319974422454834, 1379
0.0319974422454834, 1378
0.03299736976623535, 1377
0.03299736976623535, 1376
0.03299736976623535, 1375
0.033997535705566406, 1374
0.033997535705566406, 1373
0.033997535705566406, 1372
0.033997535705566406, 1371
0.03499746322631836, 1370
0.03499746322631836, 1369
0.03499746322631836, 1368
0.035997629165649414, 1367
0.035997629165649414, 1366
0.035997629165649414, 1365
0.035997629165649414, 1364
0.035997629165649414, 1363
0.036997318267822266, 1362
0.036997318267822266, 1361
0.036997318267822266, 1360
0.03799748420715332, 1359
0.03799748420715332, 1358
0.03899741172790527, 1357
0.03899741172790527, 1356
0.03999757766723633, 1355
0.03999757766723633, 1354
0.03999757766723633, 1353
0.03999757766723633, 1352
0.03999757766723633, 1351
0.0410001277923584, 1350
0.0410001277923584, 1349
0.04200005531311035, 1348
0.04200005531311035, 1347
0.042998313903808594, 1346
0.042998313903808594, 1345
0.042998313903808594, 1344
0.043999671936035156, 1343
0.043999671936035156, 1342
0.04500079154968262, 1341
0.04500079154968262, 1340
0.0460050106048584, 1339
0.0460050106048584, 1338
0.0460050106048584, 1337
0.0460050106048584, 1336
0.0460050106048584, 1335
0.046997785568237305, 1334
0.046997785568237305, 1333
0.046997785568237305, 1332
0.047997474670410156, 1331
0.047997474670410156, 1330
0.04899740219116211, 1329
0.04899740219116211, 1328
0.049997568130493164, 1327
0.05099749565124512, 1326
0.05099749565124512, 1325
0.05099749565124512, 1324
0.05099749565124512, 1323
0.05199766159057617, 1322
0.05199766159057617, 1321
0.05199766159057617, 1320
0.05199766159057617, 1319
0.05299735069274902, 1318
0.05299735069274902, 1317
0.05299735069274902, 1316
0.05299735069274902, 1315
0.05399751663208008, 1314
0.05399751663208008, 1313
0.05399751663208008, 1312
0.05399751663208008, 1311
0.05399751663208008, 1310
0.05399751663208008, 1309
0.05499744415283203, 1308
0.05499744415283203, 1307
0.05499744415283203, 1306
0.055997371673583984, 1305
0.05699753761291504, 1304
0.05699753761291504, 1303
0.05699753761291504, 1302
0.05699753761291504, 1301
0.05800032615661621, 1300
0.05800032615661621, 1299
0.05800032615661621, 1298
0.05900216102600098, 1297
0.05900216102600098, 1296
0.059999704360961914, 1295
0.06099963188171387, 1294
0.061998605728149414, 1293
0.06299757957458496, 1292
0.06299757957458496, 1291
0.06299757957458496, 1290
0.06299757957458496, 1289
0.06299757957458496, 1288
0.06299757957458496, 1287
0.06399750709533691, 1286
0.06399750709533691, 1285
0.06399750709533691, 1284
0.06399750709533691, 1283
0.06499743461608887, 1282
0.06499743461608887, 1281
0.06499743461608887, 1280
0.06499743461608887, 1279
0.06499743461608887, 1278
0.06599760055541992, 1277
0.06599760055541992, 1276
0.06599760055541992, 1275
0.06699752807617188, 1274
0.06699752807617188, 1273
0.06699752807617188, 1272
0.06699752807617188, 1271
0.06799745559692383, 1270
0.06799745559692383, 1269
0.06799745559692383, 1268
0.06899738311767578, 1267
0.06899738311767578, 1266
0.06999754905700684, 1265
0.07099747657775879, 1264
0.07099747657775879, 1263
0.07099747657775879, 1262
0.07099747657775879, 1261
0.07099747657775879, 1260
0.07099747657775879, 1259
0.0729973316192627, 1258
0.0729973316192627, 1257
0.07400178909301758, 1256
0.07400178909301758, 1255
0.07400178909301758, 1254
0.07500076293945312, 1253
0.07600235939025879, 1252
0.07600235939025879, 1251
0.07600235939025879, 1250
0.07600235939025879, 1249
0.07699942588806152, 1248
0.07800149917602539, 1247
0.07800149917602539, 1246
0.07999968528747559, 1245
0.07999968528747559, 1244
0.07999968528747559, 1243
0.08099961280822754, 1242
0.08199954032897949, 1241
0.08199954032897949, 1240
0.08299946784973145, 1239
0.08299946784973145, 1238
0.0839993953704834, 1237
0.0839993953704834, 1236
0.0839993953704834, 1235
0.0839993953704834, 1234
0.08499956130981445, 1233
0.08599996566772461, 1232
0.08599996566772461, 1231
0.08599996566772461, 1230
0.08700060844421387, 1229
0.08700060844421387, 1228
0.08800268173217773, 1227
0.08800268173217773, 1226
0.08800268173217773, 1225
0.08800268173217773, 1224
0.08800268173217773, 1223
0.08900237083435059, 1222
0.08900237083435059, 1221
0.08900237083435059, 1220
0.08900237083435059, 1219
0.09000229835510254, 1218
0.09000229835510254, 1217
0.09000229835510254, 1216
0.09000229835510254, 1215
0.09200382232666016, 1214
0.0930030345916748, 1213
0.0930030345916748, 1212
0.09400057792663574, 1211
0.09700417518615723, 1210
0.09700417518615723, 1209
0.09800171852111816, 1208
0.09800171852111816, 1207
0.09900188446044922, 1206
0.1000058650970459, 1205
0.1000058650970459, 1204
0.10100102424621582, 1203
0.10100102424621582, 1202
0.10100102424621582, 1201
0.10100102424621582, 1200
0.10200214385986328, 1199
0.10400104522705078, 1198
0.10400104522705078, 1197
0.10503482818603516, 1196
0.10503482818603516, 1195
0.10603475570678711, 1194
0.10703539848327637, 1193
0.10703539848327637, 1192
0.10703539848327637, 1191
0.10800933837890625, 1190
0.11101818084716797, 1189
0.11101818084716797, 1188
0.11303567886352539, 1187
0.11303567886352539, 1186
0.1150352954864502, 1185
0.1150352954864502, 1184
0.1150352954864502, 1183
0.11600065231323242, 1182
0.11600065231323242, 1181
0.11703348159790039, 1180
0.11703348159790039, 1179
0.11703348159790039, 1178
0.11703348159790039, 1177
0.11703348159790039, 1176
0.11803412437438965, 1175
0.11803412437438965, 1174
0.11803412437438965, 1173
0.11803412437438965, 1172
0.1190345287322998, 1171
0.12003421783447266, 1170
0.12103676795959473, 1169
0.12203431129455566, 1168
0.12299919128417969, 1167
0.12400579452514648, 1166
0.12800025939941406, 1165
0.12900257110595703, 1164
0.12900257110595703, 1163
0.1300063133239746, 1162
0.1300063133239746, 1161
0.1320021152496338, 1160
0.1320021152496338, 1159
0.13500118255615234, 1158
0.13700103759765625, 1157
0.13700103759765625, 1156
0.13700103759765625, 1155
0.1380016803741455, 1154
0.1380016803741455, 1153
0.13899922370910645, 1152
0.14100408554077148, 1151
0.14400839805603027, 1150
0.14500665664672852, 1149
0.14500665664672852, 1148
0.14601802825927734, 1147
0.14601802825927734, 1146
0.14601802825927734, 1145
0.14700031280517578, 1144
0.14700031280517578, 1143
0.14700031280517578, 1142
0.14700031280517578, 1141
0.1490335464477539, 1140
0.1490335464477539, 1139
0.1490335464477539, 1138
0.1490335464477539, 1137
0.15003466606140137, 1136
0.1510317325592041, 1135
0.1520371437072754, 1134
0.1550004482269287, 1133
0.1550004482269287, 1132
0.15599942207336426, 1131
0.1580030918121338, 1130
0.160003662109375, 1129
0.160003662109375, 1128
0.16100335121154785, 1127
0.16303563117980957, 1126
0.16303563117980957, 1125
0.16403484344482422, 1124
0.16403484344482422, 1123
0.16403484344482422, 1122
0.1650388240814209, 1121
0.16603446006774902, 1120
0.16603446006774902, 1119
0.16603446006774902, 1118
0.16803455352783203, 1117
0.16803455352783203, 1116
0.1699991226196289, 1115
0.1699991226196289, 1114
0.1699991226196289, 1113
0.1699991226196289, 1112
0.17200183868408203, 1111
0.17300105094909668, 1110
0.17400121688842773, 1109
0.17400121688842773, 1108
0.17400121688842773, 1107
0.17603421211242676, 1106
0.17703461647033691, 1105
0.17703461647033691, 1104
0.17803430557250977, 1103
0.17803430557250977, 1102
0.17903423309326172, 1101
0.18103361129760742, 1100
0.18103361129760742, 1099
0.18203473091125488, 1098
0.18203473091125488, 1097
0.18303489685058594, 1096
0.18303489685058594, 1095
0.18503642082214355, 1094
0.18603801727294922, 1093
0.18603801727294922, 1092
0.18801641464233398, 1091
0.18903851509094238, 1090
0.18903851509094238, 1089
0.19005203247070312, 1088
0.19099926948547363, 1087
0.19204163551330566, 1086
0.19216275215148926, 1085
0.19216275215148926, 1084
0.19216275215148926, 1083
0.19620323181152344, 1082
0.19620323181152344, 1081
0.19620323181152344, 1080
0.19620323181152344, 1079
0.19620323181152344, 1078
0.19620323181152344, 1077
0.19620323181152344, 1076
0.19620323181152344, 1075
0.19620323181152344, 1074
0.19620323181152344, 1073
0.20020198822021484, 1072
0.20020198822021484, 1071
0.20420193672180176, 1070
0.20420193672180176, 1069
0.20420193672180176, 1068
0.20420193672180176, 1067
0.2082052230834961, 1066
0.21216344833374023, 1065
0.21216344833374023, 1064
0.2162027359008789, 1063
0.2162027359008789, 1062
0.2162027359008789, 1061
0.22020697593688965, 1060
0.22020697593688965, 1059
0.22020697593688965, 1058
0.22020697593688965, 1057
0.22416234016418457, 1056
0.22416234016418457, 1055
0.22416234016418457, 1054
0.2281656265258789, 1053
0.2281656265258789, 1052
0.2281656265258789, 1051
0.23219776153564453, 1050
0.23219776153564453, 1049
0.23219776153564453, 1048
0.23619508743286133, 1047
0.23619508743286133, 1046
0.24020123481750488, 1045
0.24020123481750488, 1044
0.24020123481750488, 1043
0.24020123481750488, 1042
0.24020123481750488, 1041
0.2442030906677246, 1040
0.2442030906677246, 1039
0.2442030906677246, 1038
0.24820423126220703, 1037
0.24820423126220703, 1036
0.25220656394958496, 1035
0.25220656394958496, 1034
0.25220656394958496, 1033
0.25220656394958496, 1032
0.25620460510253906, 1031
0.25620460510253906, 1030
0.25620460510253906, 1029
0.25620460510253906, 1028
0.25620460510253906, 1027
0.26020240783691406, 1026
0.2642018795013428, 1025
0.2642018795013428, 1024
0.2682018280029297, 1023
0.2722015380859375, 1022
0.2722015380859375, 1021
0.2722015380859375, 1020
0.27620387077331543, 1019
0.27620387077331543, 1018
0.27620387077331543, 1017
0.27620387077331543, 1016
0.28020191192626953, 1015
0.28020191192626953, 1014
0.28020191192626953, 1013
0.28020191192626953, 1012
0.28420162200927734, 1011
0.28420162200927734, 1010
0.28420162200927734, 1009
0.28420162200927734, 1008
0.2882044315338135, 1007
0.2882044315338135, 1006
0.2882044315338135, 1005
0.2882044315338135, 1004
0.29221653938293457, 1003
0.29221653938293457, 1002
0.29221653938293457, 1001
0.29221653938293457, 1000
0.2962019443511963, 999
0.3002016544342041, 998
0.3002016544342041, 997
0.3042013645172119, 996
0.30820608139038086, 995
0.30820608139038086, 994
0.31220316886901855, 993
0.3184480667114258, 992
0.3184480667114258, 991
0.3326761722564697, 990
0.3326761722564697, 989
0.3326761722564697, 988
0.33667635917663574, 987
0.33667635917663574, 986
0.34094786643981934, 985
0.34094786643981934, 984
0.34897518157958984, 983
0.35298609733581543, 982
0.35298609733581543, 981
0.36312150955200195, 980
0.3671579360961914, 979
0.37116122245788574, 978
0.3742637634277344, 977
0.37830018997192383, 976
0.38230013847351074, 975
0.38230013847351074, 974
0.38230013847351074, 973
0.38631248474121094, 972
0.38631248474121094, 971
0.3903536796569824, 970
0.3903536796569824, 969
0.39435243606567383, 968
0.39835166931152344, 967
0.3984057903289795, 966
0.3984057903289795, 965
0.40239953994750977, 964
0.40239953994750977, 963
0.40859341621398926, 962
0.41263341903686523, 961
0.41263341903686523, 960
0.41263341903686523, 959
0.41663312911987305, 958
0.41663312911987305, 957
0.41663312911987305, 956
0.4209251403808594, 955
0.4249720573425293, 954
0.4249720573425293, 953
0.42896103858947754, 952
0.43701171875, 951
0.43701171875, 950
0.4410223960876465, 949
0.45681047439575195, 948
0.4608478546142578, 947
0.4608478546142578, 946
0.4608478546142578, 945
0.4608478546142578, 944
0.4649326801300049, 943
0.4693949222564697, 942
0.4720950126647949, 941
0.47649049758911133, 940
0.4805312156677246, 939
0.4805312156677246, 938
0.4845287799835205, 937
0.48854589462280273, 936
0.48854589462280273, 935
0.49657654762268066, 934
0.5005877017974854, 933
0.5389401912689209, 932
0.5389401912689209, 931
0.542938232421875, 930
0.550983190536499, 929
0.5575721263885498, 928
0.5576112270355225, 927
0.5736715793609619, 926
0.6039628982543945, 925
0.61197829246521, 924
0.6184508800506592, 923
0.6280407905578613, 922
0.6280407905578613, 921
0.6320788860321045, 920
0.6360394954681396, 919
0.6360394954681396, 918
0.6381402015686035, 917
0.666121244430542, 916
0.6701209545135498, 915
0.6861221790313721, 914
0.7021975517272949, 913
0.7061617374420166, 912
0.7261602878570557, 911
0.7628352642059326, 910
0.7782599925994873, 909
0.810258150100708, 908
0.8542575836181641, 907
0.8582203388214111, 906
0.9342575073242188, 905
0.9782242774963379, 904
1.0182609558105469, 903
1.1629984378814697, 902
1.2243156433105469, 901
1.4463424682617188, 900
1.840179204940796, 899
