0.01774907112121582, 1461
0.01774907112121582, 1460
0.01774907112121582, 1459
0.018748044967651367, 1458
0.018748044967651367, 1457
0.018748044967651367, 1456
0.018748044967651367, 1455
0.018748044967651367, 1454
0.019747257232666016, 1453
0.019747257232666016, 1452
0.020748615264892578, 1451
0.020748615264892578, 1450
0.020748615264892578, 1449
0.020748615264892578, 1448
0.021747112274169922, 1447
0.021747112274169922, 1446
0.021747112274169922, 1445
0.021747112274169922, 1444
0.021747112274169922, 1443
0.022748470306396484, 1442
0.022748470306396484, 1441
0.022748470306396484, 1440
0.022748470306396484, 1439
0.022748470306396484, 1438
0.022748470306396484, 1437
0.02374744415283203, 1436
0.02374744415283203, 1435
0.02374744415283203, 1434
0.02374744415283203, 1433
0.02374744415283203, 1432
0.024747371673583984, 1431
0.024747371673583984, 1430
0.024747371673583984, 1429
0.024747371673583984, 1428
0.024747371673583984, 1427
0.025746822357177734, 1426
0.025746822357177734, 1425
0.025746822357177734, 1424
0.025746822357177734, 1423
0.025746822357177734, 1422
0.02674698829650879, 1421
0.02674698829650879, 1420
0.02674698829650879, 1419
0.02674698829650879, 1418
0.02674698829650879, 1417
0.02774643898010254, 1416
0.02774643898010254, 1415
0.02774643898010254, 1414
0.02774643898010254, 1413
0.028746604919433594, 1412
0.028746604919433594, 1411
0.028746604919433594, 1410
0.028746604919433594, 1409
0.02975940704345703, 1408
0.02975940704345703, 1407
0.02975940704345703, 1406
0.03074812889099121, 1405
0.03074812889099121, 1404
0.03074812889099121, 1403
0.03074812889099121, 1402
0.03074812889099121, 1401
0.03174781799316406, 1400
0.03174781799316406, 1399
0.03174781799316406, 1398
0.03174781799316406, 1397
0.03174781799316406, 1396
0.03374814987182617, 1395
0.03374814987182617, 1394
0.03374814987182617, 1393
0.03474783897399902, 1392
0.03474783897399902, 1391
0.03474783897399902, 1390
0.03574681282043457, 1389
0.03574681282043457, 1388
0.03574681282043457, 1387
0.036746978759765625, 1386
0.036746978759765625, 1385
0.036746978759765625, 1384
0.036746978759765625, 1383
0.036746978759765625, 1382
0.036746978759765625, 1381
0.03774714469909668, 1380
0.03774714469909668, 1379
0.03774714469909668, 1378
0.03774714469909668, 1377
0.03774714469909668, 1376
0.03874659538269043, 1375
0.03874659538269043, 1374
0.03874659538269043, 1373
0.03874659538269043, 1372
0.03874659538269043, 1371
0.03974628448486328, 1370
0.03974628448486328, 1369
0.03974628448486328, 1368
0.040746450424194336, 1367
0.040746450424194336, 1366
0.040746450424194336, 1365
0.040746450424194336, 1364
0.04174637794494629, 1363
0.04174637794494629, 1362
0.04274630546569824, 1361
0.04274630546569824, 1360
0.04274630546569824, 1359
0.0437464714050293, 1358
0.0437464714050293, 1357
0.04474687576293945, 1356
0.04474687576293945, 1355
0.045746564865112305, 1354
0.045746564865112305, 1353
0.045746564865112305, 1352
0.045746564865112305, 1351
0.046747684478759766, 1350
0.046747684478759766, 1349
0.046747684478759766, 1348
0.046747684478759766, 1347
0.04774975776672363, 1346
0.04774975776672363, 1345
0.04874897003173828, 1344
0.04874897003173828, 1343
0.04874897003173828, 1342
0.04874897003173828, 1341
0.05074763298034668, 1340
0.05074763298034668, 1339
0.05074763298034668, 1338
0.05174756050109863, 1337
0.05174756050109863, 1336
0.05174756050109863, 1335
0.05174756050109863, 1334
0.052747488021850586, 1333
0.052747488021850586, 1332
0.052747488021850586, 1331
0.052747488021850586, 1330
0.052747488021850586, 1329
0.05374765396118164, 1328
0.05374765396118164, 1327
0.05374765396118164, 1326
0.05374765396118164, 1325
0.054747581481933594, 1324
0.05574798583984375, 1323
0.05574798583984375, 1322
0.0567479133605957, 1321
0.0567479133605957, 1320
0.0567479133605957, 1319
0.0567479133605957, 1318
0.05774807929992676, 1317
0.05774807929992676, 1316
0.05774807929992676, 1315
0.05874800682067871, 1314
0.059747934341430664, 1313
0.059747934341430664, 1312
0.06074786186218262, 1311
0.06074786186218262, 1310
0.06074786186218262, 1309
0.06074786186218262, 1308
0.06174802780151367, 1307
0.06174802780151367, 1306
0.06274771690368652, 1305
0.06274771690368652, 1304
0.06274771690368652, 1303
0.0637502670288086, 1302
0.0637502670288086, 1301
0.06474828720092773, 1300
0.06474828720092773, 1299
0.06474828720092773, 1298
0.06474828720092773, 1297
0.06474828720092773, 1296
0.06574797630310059, 1295
0.06674790382385254, 1294
0.06774783134460449, 1293
0.06774783134460449, 1292
0.06774783134460449, 1291
0.06774783134460449, 1290
0.06774783134460449, 1289
0.06774783134460449, 1288
0.06874775886535645, 1287
0.06874775886535645, 1286
0.06874775886535645, 1285
0.0697476863861084, 1284
0.0697476863861084, 1283
0.0697476863861084, 1282
0.0697476863861084, 1281
0.0707850456237793, 1280
0.0717477798461914, 1279
0.0717477798461914, 1278
0.07274770736694336, 1277
0.07274770736694336, 1276
0.07374882698059082, 1275
0.07374882698059082, 1274
0.07474899291992188, 1273
0.07474899291992188, 1272
0.07474899291992188, 1271
0.07474899291992188, 1270
0.07574796676635742, 1269
0.07574796676635742, 1268
0.07574796676635742, 1267
0.07574796676635742, 1266
0.07674789428710938, 1265
0.07674789428710938, 1264
0.07674789428710938, 1263
0.07774782180786133, 1262
0.07774782180786133, 1261
0.07774782180786133, 1260
0.07983088493347168, 1259
0.07983088493347168, 1258
0.07983088493347168, 1257
0.07983088493347168, 1256
0.07983088493347168, 1255
0.07983088493347168, 1254
0.07983088493347168, 1253
0.07983088493347168, 1252
0.07983088493347168, 1251
0.07983088493347168, 1250
0.07983088493347168, 1249
0.07983088493347168, 1248
0.07983088493347168, 1247
0.07983088493347168, 1246
0.07983088493347168, 1245
0.07983088493347168, 1244
0.07983088493347168, 1243
0.07983088493347168, 1242
0.07983088493347168, 1241
0.07983088493347168, 1240
0.07983088493347168, 1239
0.07983088493347168, 1238
0.07983088493347168, 1237
0.07983088493347168, 1236
0.07983088493347168, 1235
0.07983088493347168, 1234
0.07983088493347168, 1233
0.07983088493347168, 1232
0.07983088493347168, 1231
0.07983088493347168, 1230
0.07983088493347168, 1229
0.07983088493347168, 1228
0.07983088493347168, 1227
0.07983088493347168, 1226
0.07983088493347168, 1225
0.07983088493347168, 1224
0.07983088493347168, 1223
0.07983088493347168, 1222
0.0954587459564209, 1221
0.0954587459564209, 1220
0.0954587459564209, 1219
0.0954587459564209, 1218
0.0954587459564209, 1217
0.0954587459564209, 1216
0.0954587459564209, 1215
0.0954587459564209, 1214
0.09996938705444336, 1213
0.09996938705444336, 1212
0.09996938705444336, 1211
0.09996938705444336, 1210
0.09996938705444336, 1209
0.09996938705444336, 1208
0.09996938705444336, 1207
0.09996938705444336, 1206
0.09996938705444336, 1205
0.09996938705444336, 1204
0.09996938705444336, 1203
0.09996938705444336, 1202
0.09996938705444336, 1201
0.09996938705444336, 1200
0.09996938705444336, 1199
0.09996938705444336, 1198
0.09996938705444336, 1197
0.09996938705444336, 1196
0.09996938705444336, 1195
0.09996938705444336, 1194
0.09996938705444336, 1193
0.09996938705444336, 1192
0.09996938705444336, 1191
0.09996938705444336, 1190
0.09996938705444336, 1189
0.09996938705444336, 1188
0.09996938705444336, 1187
0.09996938705444336, 1186
0.09996938705444336, 1185
0.09996938705444336, 1184
0.09996938705444336, 1183
0.09996938705444336, 1182
0.09996938705444336, 1181
0.09996938705444336, 1180
0.09996938705444336, 1179
0.09996938705444336, 1178
0.09996938705444336, 1177
0.11560606956481934, 1176
0.11560606956481934, 1175
0.11560606956481934, 1174
0.11560606956481934, 1173
0.11560606956481934, 1172
0.11560606956481934, 1171
0.11560606956481934, 1170
0.11560606956481934, 1169
0.11560606956481934, 1168
0.11560606956481934, 1167
0.11560606956481934, 1166
0.11560606956481934, 1165
0.11560606956481934, 1164
0.11560606956481934, 1163
0.11560606956481934, 1162
0.11560606956481934, 1161
0.11560606956481934, 1160
0.11560606956481934, 1159
0.11560606956481934, 1158
0.11560606956481934, 1157
0.13123226165771484, 1156
0.13123226165771484, 1155
0.13123226165771484, 1154
0.13123226165771484, 1153
0.13123226165771484, 1152
0.13123226165771484, 1151
0.13123226165771484, 1150
0.13123226165771484, 1149
0.13123226165771484, 1148
0.13123226165771484, 1147
0.13123226165771484, 1146
0.13123226165771484, 1145
0.13123226165771484, 1144
0.13123226165771484, 1143
0.13123226165771484, 1142
0.13123226165771484, 1141
0.13123226165771484, 1140
0.13123226165771484, 1139
0.13123226165771484, 1138
0.13123226165771484, 1137
0.13123226165771484, 1136
0.13123226165771484, 1135
0.13123226165771484, 1134
0.13123226165771484, 1133
0.13123226165771484, 1132
0.13123226165771484, 1131
0.13123226165771484, 1130
0.13123226165771484, 1129
0.13123226165771484, 1128
0.14685726165771484, 1127
0.14685726165771484, 1126
0.14685726165771484, 1125
0.14685726165771484, 1124
0.14685726165771484, 1123
0.14685726165771484, 1122
0.14685726165771484, 1121
0.14685726165771484, 1120
0.14685726165771484, 1119
0.14685726165771484, 1118
0.14685726165771484, 1117
0.14685726165771484, 1116
0.14685726165771484, 1115
0.14685726165771484, 1114
0.14685726165771484, 1113
0.14685726165771484, 1112
0.14685726165771484, 1111
0.14685726165771484, 1110
0.14685726165771484, 1109
0.16248154640197754, 1108
0.16248154640197754, 1107
0.16248154640197754, 1106
0.16248154640197754, 1105
0.16248154640197754, 1104
0.16248154640197754, 1103
0.16248154640197754, 1102
0.16248154640197754, 1101
0.16248154640197754, 1100
0.16248154640197754, 1099
0.16248154640197754, 1098
0.16248154640197754, 1097
0.16248154640197754, 1096
0.16248154640197754, 1095
0.16248154640197754, 1094
0.16248154640197754, 1093
0.16248154640197754, 1092
0.17810750007629395, 1091
0.17810750007629395, 1090
0.17810750007629395, 1089
0.17810750007629395, 1088
0.17810750007629395, 1087
0.17810750007629395, 1086
0.17810750007629395, 1085
0.17810750007629395, 1084
0.17810750007629395, 1083
0.17810750007629395, 1082
0.17810750007629395, 1081
0.17810750007629395, 1080
0.17810750007629395, 1079
0.17810750007629395, 1078
0.19373321533203125, 1077
0.19373321533203125, 1076
0.20027780532836914, 1075
0.20027780532836914, 1074
0.20027780532836914, 1073
0.20027780532836914, 1072
0.20027780532836914, 1071
0.20027780532836914, 1070
0.20027780532836914, 1069
0.20027780532836914, 1068
0.20027780532836914, 1067
0.21595168113708496, 1066
0.21595168113708496, 1065
0.21595168113708496, 1064
0.21595168113708496, 1063
0.21595168113708496, 1062
0.21595168113708496, 1061
0.21595168113708496, 1060
0.23157835006713867, 1059
0.23157835006713867, 1058
0.23157835006713867, 1057
0.23157835006713867, 1056
0.23157835006713867, 1055
0.23157835006713867, 1054
0.23157835006713867, 1053
0.23157835006713867, 1052
0.23157835006713867, 1051
0.23157835006713867, 1050
0.23157835006713867, 1049
0.23157835006713867, 1048
0.23157835006713867, 1047
0.23157835006713867, 1046
0.24717354774475098, 1045
0.24717354774475098, 1044
0.24717354774475098, 1043
0.24717354774475098, 1042
0.24717354774475098, 1041
0.24717354774475098, 1040
0.24717354774475098, 1039
0.24717354774475098, 1038
0.24717354774475098, 1037
0.24717354774475098, 1036
0.24717354774475098, 1035
0.2628285884857178, 1034
0.2628285884857178, 1033
0.2628285884857178, 1032
0.2628285884857178, 1031
0.2628285884857178, 1030
0.2628285884857178, 1029
0.2628285884857178, 1028
0.27845311164855957, 1027
0.27845311164855957, 1026
0.27845311164855957, 1025
0.27845311164855957, 1024
0.27845311164855957, 1023
0.27845311164855957, 1022
0.27845311164855957, 1021
0.29407691955566406, 1020
0.29407691955566406, 1019
0.29407691955566406, 1018
0.29407691955566406, 1017
0.29407691955566406, 1016
0.29407691955566406, 1015
0.29407691955566406, 1014
0.3006296157836914, 1013
0.3006296157836914, 1012
0.3006296157836914, 1011
0.3006296157836914, 1010
0.3006296157836914, 1009
0.31630396842956543, 1008
0.31630396842956543, 1007
0.31630396842956543, 1006
0.31630396842956543, 1005
0.31630396842956543, 1004
0.31630396842956543, 1003
0.31630396842956543, 1002
0.3319277763366699, 1001
0.3319277763366699, 1000
0.3319277763366699, 999
0.3319277763366699, 998
0.3319277763366699, 997
0.3475520610809326, 996
0.3475520610809326, 995
0.3475520610809326, 994
0.3475520610809326, 993
0.3475520610809326, 992
0.3475520610809326, 991
0.3475520610809326, 990
0.3475520610809326, 989
0.3475520610809326, 988
0.3631401062011719, 987
0.3631401062011719, 986
0.3631401062011719, 985
0.3631401062011719, 984
0.3631401062011719, 983
0.3631401062011719, 982
0.3631401062011719, 981
0.3788022994995117, 980
0.3788022994995117, 979
0.3788022994995117, 978
0.3788022994995117, 977
0.3788022994995117, 976
0.3788022994995117, 975
0.3944275379180908, 974
0.3944275379180908, 973
0.3944275379180908, 972
0.4131734371185303, 971
0.4131734371185303, 970
0.4334290027618408, 969
0.4334290027618408, 968
0.4334290027618408, 967
0.4334290027618408, 966
0.44353604316711426, 965
0.44353604316711426, 964
0.45375514030456543, 963
0.45375514030456543, 962
0.45375514030456543, 961
0.45375514030456543, 960
0.4638056755065918, 959
0.4638056755065918, 958
0.4638056755065918, 957
0.4739241600036621, 956
0.48403000831604004, 955
0.49416255950927734, 954
0.49416255950927734, 953
0.49416255950927734, 952
0.5042688846588135, 951
0.5144393444061279, 950
0.5144393444061279, 949
0.5144393444061279, 948
0.5144393444061279, 947
0.5144393444061279, 946
0.5224967002868652, 945
0.5245616436004639, 944
0.5346992015838623, 943
0.5427532196044922, 942
0.5448060035705566, 941
0.5651016235351562, 940
0.5752551555633545, 939
0.5833103656768799, 938
0.5853731632232666, 937
0.5954880714416504, 936
0.6055963039398193, 935
0.656299352645874, 934
0.6643576622009277, 933
0.6664083003997803, 932
0.6664083003997803, 931
0.6765706539154053, 930
0.6765706539154053, 929
0.6866860389709473, 928
0.7170660495758057, 927
0.7271716594696045, 926
0.7271716594696045, 925
0.7352209091186523, 924
0.7377481460571289, 923
0.7478587627410889, 922
0.7559757232666016, 921
0.7681512832641602, 920
0.7681512832641602, 919
0.7984631061553955, 918
0.7984631061553955, 917
0.8490889072418213, 916
0.8592352867126465, 915
0.8794729709625244, 914
1.011286735534668, 913
1.0193147659301758, 912
1.0213818550109863, 911
1.0213818550109863, 910
1.029442310333252, 909
1.031508445739746, 908
1.031508445739746, 907
1.0619254112243652, 906
1.072063684463501, 905
1.0821864604949951, 904
1.3336820602416992, 903
1.3482723236083984, 902
1.3989427089691162, 901
1.8952925205230713, 900
2.0274972915649414, 899
