0.04731941223144531, 1461
0.04731941223144531, 1460
0.04731941223144531, 1459
0.04731941223144531, 1458
0.04731941223144531, 1457
0.04731941223144531, 1456
0.04731941223144531, 1455
0.04731941223144531, 1454
0.04731941223144531, 1453
0.04731941223144531, 1452
0.04731941223144531, 1451
0.04731941223144531, 1450
0.04731941223144531, 1449
0.04731941223144531, 1448
0.04731941223144531, 1447
0.04731941223144531, 1446
0.04731941223144531, 1445
0.04731941223144531, 1444
0.04731941223144531, 1443
0.04731941223144531, 1442
0.04731941223144531, 1441
0.04731941223144531, 1440
0.04731941223144531, 1439
0.04731941223144531, 1438
0.04731941223144531, 1437
0.04731941223144531, 1436
0.04731941223144531, 1435
0.04731941223144531, 1434
0.04731941223144531, 1433
0.04731941223144531, 1432
0.04731941223144531, 1431
0.04731941223144531, 1430
0.04731941223144531, 1429
0.04731941223144531, 1428
0.04731941223144531, 1427
0.04731941223144531, 1426
0.04731941223144531, 1425
0.04731941223144531, 1424
0.04731941223144531, 1423
0.04731941223144531, 1422
0.04731941223144531, 1421
0.04731941223144531, 1420
0.04731941223144531, 1419
0.04731941223144531, 1418
0.04731941223144531, 1417
0.04731941223144531, 1416
0.04731941223144531, 1415
0.04731941223144531, 1414
0.04731941223144531, 1413
0.04731941223144531, 1412
0.04731941223144531, 1411
0.04731941223144531, 1410
0.04731941223144531, 1409
0.04731941223144531, 1408
0.04731941223144531, 1407
0.04731941223144531, 1406
0.04731941223144531, 1405
0.06294655799865723, 1404
0.06294655799865723, 1403
0.06294655799865723, 1402
0.06294655799865723, 1401
0.06294655799865723, 1400
0.06294655799865723, 1399
0.06294655799865723, 1398
0.06294655799865723, 1397
0.06294655799865723, 1396
0.06294655799865723, 1395
0.06294655799865723, 1394
0.06294655799865723, 1393
0.06294655799865723, 1392
0.06294655799865723, 1391
0.06294655799865723, 1390
0.06294655799865723, 1389
0.06294655799865723, 1388
0.06294655799865723, 1387
0.06294655799865723, 1386
0.06294655799865723, 1385
0.06294655799865723, 1384
0.06294655799865723, 1383
0.06294655799865723, 1382
0.06294655799865723, 1381
0.06294655799865723, 1380
0.06294655799865723, 1379
0.06294655799865723, 1378
0.06294655799865723, 1377
0.06294655799865723, 1376
0.06294655799865723, 1375
0.06294655799865723, 1374
0.06294655799865723, 1373
0.06294655799865723, 1372
0.06294655799865723, 1371
0.06294655799865723, 1370
0.06294655799865723, 1369
0.06294655799865723, 1368
0.06294655799865723, 1367
0.06294655799865723, 1366
0.06294655799865723, 1365
0.06294655799865723, 1364
0.06294655799865723, 1363
0.06294655799865723, 1362
0.06294655799865723, 1361
0.06294655799865723, 1360
0.06294655799865723, 1359
0.06294655799865723, 1358
0.06294655799865723, 1357
0.06294655799865723, 1356
0.06294655799865723, 1355
0.06294655799865723, 1354
0.06294655799865723, 1353
0.06294655799865723, 1352
0.06294655799865723, 1351
0.06294655799865723, 1350
0.06294655799865723, 1349
0.06294655799865723, 1348
0.06294655799865723, 1347
0.06294655799865723, 1346
0.06294655799865723, 1345
0.06294655799865723, 1344
0.06294655799865723, 1343
0.06294655799865723, 1342
0.06294655799865723, 1341
0.06294655799865723, 1340
0.06294655799865723, 1339
0.06294655799865723, 1338
0.07860660552978516, 1337
0.07860660552978516, 1336
0.07860660552978516, 1335
0.07860660552978516, 1334
0.07860660552978516, 1333
0.07860660552978516, 1332
0.07860660552978516, 1331
0.07860660552978516, 1330
0.07860660552978516, 1329
0.07860660552978516, 1328
0.07860660552978516, 1327
0.07860660552978516, 1326
0.07860660552978516, 1325
0.07860660552978516, 1324
0.07860660552978516, 1323
0.07860660552978516, 1322
0.07860660552978516, 1321
0.07860660552978516, 1320
0.07860660552978516, 1319
0.07860660552978516, 1318
0.07860660552978516, 1317
0.07860660552978516, 1316
0.07860660552978516, 1315
0.07860660552978516, 1314
0.07860660552978516, 1313
0.07860660552978516, 1312
0.07860660552978516, 1311
0.07860660552978516, 1310
0.07860660552978516, 1309
0.07860660552978516, 1308
0.07860660552978516, 1307
0.07860660552978516, 1306
0.07860660552978516, 1305
0.07860660552978516, 1304
0.07860660552978516, 1303
0.07860660552978516, 1302
0.07860660552978516, 1301
0.07860660552978516, 1300
0.07860660552978516, 1299
0.07860660552978516, 1298
0.07860660552978516, 1297
0.07860660552978516, 1296
0.07860660552978516, 1295
0.07860660552978516, 1294
0.07860660552978516, 1293
0.07860660552978516, 1292
0.07860660552978516, 1291
0.07860660552978516, 1290
0.07860660552978516, 1289
0.07860660552978516, 1288
0.07860660552978516, 1287
0.07860660552978516, 1286
0.09423470497131348, 1285
0.09423470497131348, 1284
0.09423470497131348, 1283
0.09423470497131348, 1282
0.09423470497131348, 1281
0.09423470497131348, 1280
0.09423470497131348, 1279
0.09423470497131348, 1278
0.09423470497131348, 1277
0.09423470497131348, 1276
0.09423470497131348, 1275
0.09423470497131348, 1274
0.09423470497131348, 1273
0.09423470497131348, 1272
0.09423470497131348, 1271
0.09423470497131348, 1270
0.09423470497131348, 1269
0.09423470497131348, 1268
0.09423470497131348, 1267
0.09423470497131348, 1266
0.09423470497131348, 1265
0.09423470497131348, 1264
0.09423470497131348, 1263
0.09423470497131348, 1262
0.09423470497131348, 1261
0.09423470497131348, 1260
0.09423470497131348, 1259
0.09423470497131348, 1258
0.09423470497131348, 1257
0.09423470497131348, 1256
0.09423470497131348, 1255
0.09423470497131348, 1254
0.09423470497131348, 1253
0.09423470497131348, 1252
0.09423470497131348, 1251
0.09423470497131348, 1250
0.09423470497131348, 1249
0.09423470497131348, 1248
0.09423470497131348, 1247
0.09423470497131348, 1246
0.09423470497131348, 1245
0.10982275009155273, 1244
0.10982275009155273, 1243
0.10982275009155273, 1242
0.10982275009155273, 1241
0.10982275009155273, 1240
0.10982275009155273, 1239
0.10982275009155273, 1238
0.10982275009155273, 1237
0.10982275009155273, 1236
0.10982275009155273, 1235
0.10982275009155273, 1234
0.10982275009155273, 1233
0.10982275009155273, 1232
0.10982275009155273, 1231
0.10982275009155273, 1230
0.10982275009155273, 1229
0.10982275009155273, 1228
0.10982275009155273, 1227
0.10982275009155273, 1226
0.10982275009155273, 1225
0.10982275009155273, 1224
0.10982275009155273, 1223
0.10982275009155273, 1222
0.10982275009155273, 1221
0.10982275009155273, 1220
0.10982275009155273, 1219
0.10982275009155273, 1218
0.10982275009155273, 1217
0.10982275009155273, 1216
0.10982275009155273, 1215
0.10982275009155273, 1214
0.10982275009155273, 1213
0.10982275009155273, 1212
0.12548470497131348, 1211
0.12548470497131348, 1210
0.12548470497131348, 1209
0.12548470497131348, 1208
0.12548470497131348, 1207
0.12548470497131348, 1206
0.12548470497131348, 1205
0.13053441047668457, 1204
0.13053441047668457, 1203
0.13053441047668457, 1202
0.13053441047668457, 1201
0.13053441047668457, 1200
0.13053441047668457, 1199
0.13053441047668457, 1198
0.13053441047668457, 1197
0.13053441047668457, 1196
0.13053441047668457, 1195
0.13053441047668457, 1194
0.13053441047668457, 1193
0.13053441047668457, 1192
0.13053441047668457, 1191
0.13053441047668457, 1190
0.13053441047668457, 1189
0.13053441047668457, 1188
0.13053441047668457, 1187
0.13053441047668457, 1186
0.13053441047668457, 1185
0.13053441047668457, 1184
0.13053441047668457, 1183
0.13053441047668457, 1182
0.13053441047668457, 1181
0.13053441047668457, 1180
0.13053441047668457, 1179
0.13053441047668457, 1178
0.13053441047668457, 1177
0.13053441047668457, 1176
0.13053441047668457, 1175
0.13053441047668457, 1174
0.13053441047668457, 1173
0.13053441047668457, 1172
0.13053441047668457, 1171
0.13053441047668457, 1170
0.13053441047668457, 1169
0.13053441047668457, 1168
0.14620637893676758, 1167
0.14620637893676758, 1166
0.14620637893676758, 1165
0.14620637893676758, 1164
0.14620637893676758, 1163
0.14620637893676758, 1162
0.14620637893676758, 1161
0.14620637893676758, 1160
0.14620637893676758, 1159
0.14620637893676758, 1158
0.14620637893676758, 1157
0.14620637893676758, 1156
0.14620637893676758, 1155
0.14620637893676758, 1154
0.14620637893676758, 1153
0.14620637893676758, 1152
0.14620637893676758, 1151
0.14620637893676758, 1150
0.14620637893676758, 1149
0.14620637893676758, 1148
0.14620637893676758, 1147
0.14620637893676758, 1146
0.14620637893676758, 1145
0.14620637893676758, 1144
0.14620637893676758, 1143
0.14620637893676758, 1142
0.14620637893676758, 1141
0.14620637893676758, 1140
0.14620637893676758, 1139
0.1618342399597168, 1138
0.1618342399597168, 1137
0.1618342399597168, 1136
0.1618342399597168, 1135
0.1618342399597168, 1134
0.1618342399597168, 1133
0.1618342399597168, 1132
0.1618342399597168, 1131
0.1618342399597168, 1130
0.1618342399597168, 1129
0.1618342399597168, 1128
0.1618342399597168, 1127
0.1618342399597168, 1126
0.1618342399597168, 1125
0.1618342399597168, 1124
0.1618342399597168, 1123
0.1618342399597168, 1122
0.1618342399597168, 1121
0.1618342399597168, 1120
0.1618342399597168, 1119
0.1618342399597168, 1118
0.1618342399597168, 1117
0.1618342399597168, 1116
0.17745757102966309, 1115
0.17745757102966309, 1114
0.17745757102966309, 1113
0.17745757102966309, 1112
0.17745757102966309, 1111
0.17745757102966309, 1110
0.17745757102966309, 1109
0.17745757102966309, 1108
0.17745757102966309, 1107
0.17745757102966309, 1106
0.17745757102966309, 1105
0.17745757102966309, 1104
0.17745757102966309, 1103
0.17745757102966309, 1102
0.17745757102966309, 1101
0.17745757102966309, 1100
0.17745757102966309, 1099
0.17745757102966309, 1098
0.17745757102966309, 1097
0.17745757102966309, 1096
0.17745757102966309, 1095
0.1930849552154541, 1094
0.1930849552154541, 1093
0.1930849552154541, 1092
0.1930849552154541, 1091
0.1930849552154541, 1090
0.1930849552154541, 1089
0.1930849552154541, 1088
0.1930849552154541, 1087
0.1930849552154541, 1086
0.1930849552154541, 1085
0.1930849552154541, 1084
0.1930849552154541, 1083
0.1930849552154541, 1082
0.1930849552154541, 1081
0.1930849552154541, 1080
0.1930849552154541, 1079
0.1930849552154541, 1078
0.1930849552154541, 1077
0.1930849552154541, 1076
0.1930849552154541, 1075
0.1930849552154541, 1074
0.20870733261108398, 1073
0.20870733261108398, 1072
0.20870733261108398, 1071
0.20870733261108398, 1070
0.20870733261108398, 1069
0.20870733261108398, 1068
0.20870733261108398, 1067
0.20870733261108398, 1066
0.20870733261108398, 1065
0.20870733261108398, 1064
0.20870733261108398, 1063
0.20870733261108398, 1062
0.20870733261108398, 1061
0.20870733261108398, 1060
0.2243022918701172, 1059
0.2243022918701172, 1058
0.2243022918701172, 1057
0.2243022918701172, 1056
0.2243022918701172, 1055
0.2243022918701172, 1054
0.2243022918701172, 1053
0.2243022918701172, 1052
0.23086833953857422, 1051
0.23086833953857422, 1050
0.23292136192321777, 1049
0.23292136192321777, 1048
0.23292136192321777, 1047
0.23292136192321777, 1046
0.23292136192321777, 1045
0.23292136192321777, 1044
0.23292136192321777, 1043
0.24306416511535645, 1042
0.24306416511535645, 1041
0.24306416511535645, 1040
0.24306416511535645, 1039
0.24306416511535645, 1038
0.24306416511535645, 1037
0.24306416511535645, 1036
0.24306416511535645, 1035
0.24306416511535645, 1034
0.24306416511535645, 1033
0.24306416511535645, 1032
0.24306416511535645, 1031
0.25112199783325195, 1030
0.25112199783325195, 1029
0.25112199783325195, 1028
0.25112199783325195, 1027
0.25112199783325195, 1026
0.25112199783325195, 1025
0.25318002700805664, 1024
0.25318002700805664, 1023
0.25318002700805664, 1022
0.26125264167785645, 1021
0.26125264167785645, 1020
0.26326966285705566, 1019
0.26326966285705566, 1018
0.26326966285705566, 1017
0.26326966285705566, 1016
0.26326966285705566, 1015
0.26326966285705566, 1014
0.26326966285705566, 1013
0.27338552474975586, 1012
0.27338552474975586, 1011
0.27338552474975586, 1010
0.27338552474975586, 1009
0.2814328670501709, 1008
0.2840259075164795, 1007
0.2920835018157959, 1006
0.2941405773162842, 1005
0.2941405773162842, 1004
0.2941405773162842, 1003
0.2941405773162842, 1002
0.2941405773162842, 1001
0.3024265766143799, 1000
0.3024265766143799, 999
0.30448174476623535, 998
0.30448174476623535, 997
0.30448174476623535, 996
0.3124868869781494, 995
0.3145921230316162, 994
0.3145921230316162, 993
0.3145921230316162, 992
0.3145921230316162, 991
0.322645902633667, 990
0.32469964027404785, 989
0.32469964027404785, 988
0.32469964027404785, 987
0.3348078727722168, 986
0.3348078727722168, 985
0.34493494033813477, 984
0.34493494033813477, 983
0.34493494033813477, 982
0.3550450801849365, 981
0.3550450801849365, 980
0.36513328552246094, 979
0.3731882572174072, 978
0.3731882572174072, 977
0.3752408027648926, 976
0.3752408027648926, 975
0.3752408027648926, 974
0.3853616714477539, 973
0.3853616714477539, 972
0.3853616714477539, 971
0.3954758644104004, 970
0.3954758644104004, 969
0.42376255989074707, 968
0.42376255989074707, 967
0.4258568286895752, 966
0.4358978271484375, 965
0.4358978271484375, 964
0.4358978271484375, 963
0.4358978271484375, 962
0.4358978271484375, 961
0.4358978271484375, 960
0.4358978271484375, 959
0.4358978271484375, 958
0.44599246978759766, 957
0.45610642433166504, 956
0.46619629859924316, 955
0.46619629859924316, 954
0.4864540100097656, 953
0.4965701103210449, 952
0.4965701103210449, 951
0.4965701103210449, 950
0.4965701103210449, 949
0.5168228149414062, 948
0.5269155502319336, 947
0.5269155502319336, 946
0.5349719524383545, 945
0.5370244979858398, 944
0.5471563339233398, 943
0.5652997493743896, 942
0.5673544406890869, 941
0.5754091739654541, 940
0.5774681568145752, 939
0.5774681568145752, 938
0.5855429172515869, 937
0.5977442264556885, 936
0.5977442264556885, 935
0.5977442264556885, 934
0.607816219329834, 933
0.6158697605133057, 932
0.6158697605133057, 931
0.6279590129852295, 930
0.6279590129852295, 929
0.6583096981048584, 928
0.6785190105438232, 927
0.6886410713195801, 926
0.7189559936523438, 925
0.7370908260345459, 924
0.7370908260345459, 923
0.7492661476135254, 922
0.7694613933563232, 921
0.7795624732971191, 920
0.7897088527679443, 919
0.8099198341369629, 918
0.8099198341369629, 917
0.8179740905761719, 916
0.8301587104797363, 915
0.840264081954956, 914
0.8503603935241699, 913
0.8503603935241699, 912
0.8685517311096191, 911
0.9115257263183594, 910
0.9115257263183594, 909
0.9216349124908447, 908
0.9317216873168945, 907
0.9397766590118408, 906
0.9822769165039062, 905
1.0126490592956543, 904
1.2028632164001465, 903
1.2049236297607422, 902
1.7544455528259277, 901
2.0459911823272705, 900
3.2360832691192627, 899
