0.0, 1461
0.0, 1460
0.0, 1459
0.0, 1458
0.0, 1457
0.0, 1456
0.0, 1455
0.0, 1454
0.0, 1453
0.0, 1452
0.0, 1451
0.0, 1450
0.0, 1449
0.0, 1448
0.0, 1447
0.0, 1446
0.0, 1445
0.0, 1444
0.0, 1443
0.0, 1442
0.0, 1441
0.0, 1440
0.0, 1439
0.0, 1438
0.0, 1437
0.0, 1436
0.015627622604370117, 1435
0.015627622604370117, 1434
0.015627622604370117, 1433
0.015627622604370117, 1432
0.015627622604370117, 1431
0.016656875610351562, 1430
0.016656875610351562, 1429
0.016656875610351562, 1428
0.017653703689575195, 1427
0.017653703689575195, 1426
0.017653703689575195, 1425
0.017653703689575195, 1424
0.017653703689575195, 1423
0.017653703689575195, 1422
0.01865410804748535, 1421
0.01865410804748535, 1420
0.01865410804748535, 1419
0.0196530818939209, 1418
0.0196530818939209, 1417
0.0196530818939209, 1416
0.0196530818939209, 1415
0.0196530818939209, 1414
0.0196530818939209, 1413
0.020653247833251953, 1412
0.020653247833251953, 1411
0.020653247833251953, 1410
0.020653247833251953, 1409
0.020653247833251953, 1408
0.020653247833251953, 1407
0.021652698516845703, 1406
0.02265310287475586, 1405
0.02265310287475586, 1404
0.02265310287475586, 1403
0.02265310287475586, 1402
0.023653268814086914, 1401
0.023653268814086914, 1400
0.023653268814086914, 1399
0.023653268814086914, 1398
0.024652719497680664, 1397
0.024652719497680664, 1396
0.024652719497680664, 1395
0.024652719497680664, 1394
0.024652719497680664, 1393
0.02565479278564453, 1392
0.02565479278564453, 1391
0.02565479278564453, 1390
0.02565479278564453, 1389
0.026653528213500977, 1388
0.026653528213500977, 1387
0.026653528213500977, 1386
0.026653528213500977, 1385
0.027652978897094727, 1384
0.027652978897094727, 1383
0.027652978897094727, 1382
0.027652978897094727, 1381
0.028652191162109375, 1380
0.028652191162109375, 1379
0.029652833938598633, 1378
0.029652833938598633, 1377
0.029652833938598633, 1376
0.029652833938598633, 1375
0.030652284622192383, 1374
0.030652284622192383, 1373
0.030652284622192383, 1372
0.03165459632873535, 1371
0.03165459632873535, 1370
0.03165459632873535, 1369
0.03165459632873535, 1368
0.03265547752380371, 1367
0.03265547752380371, 1366
0.03265547752380371, 1365
0.03365182876586914, 1364
0.03365182876586914, 1363
0.0346529483795166, 1362
0.0346529483795166, 1361
0.0346529483795166, 1360
0.03565788269042969, 1359
0.03565788269042969, 1358
0.03565788269042969, 1357
0.03565788269042969, 1356
0.036651611328125, 1355
0.036651611328125, 1354
0.036651611328125, 1353
0.036651611328125, 1352
0.036651611328125, 1351
0.03765082359313965, 1350
0.03765082359313965, 1349
0.03765082359313965, 1348
0.03765082359313965, 1347
0.0386507511138916, 1346
0.0386507511138916, 1345
0.0386507511138916, 1344
0.0386507511138916, 1343
0.0386507511138916, 1342
0.04065060615539551, 1341
0.04065060615539551, 1340
0.04065060615539551, 1339
0.04165053367614746, 1338
0.04165053367614746, 1337
0.04165053367614746, 1336
0.042653560638427734, 1335
0.042653560638427734, 1334
0.042653560638427734, 1333
0.04365253448486328, 1332
0.04365253448486328, 1331
0.04365253448486328, 1330
0.04465222358703613, 1329
0.04465222358703613, 1328
0.04465222358703613, 1327
0.04565095901489258, 1326
0.04565095901489258, 1325
0.04565095901489258, 1324
0.04665088653564453, 1323
0.04665088653564453, 1322
0.047650814056396484, 1321
0.047650814056396484, 1320
0.047650814056396484, 1319
0.047650814056396484, 1318
0.047650814056396484, 1317
0.04865217208862305, 1316
0.04865217208862305, 1315
0.04865217208862305, 1314
0.04965090751647949, 1313
0.04965090751647949, 1312
0.04965090751647949, 1311
0.050650835037231445, 1310
0.050650835037231445, 1309
0.050650835037231445, 1308
0.050650835037231445, 1307
0.0516507625579834, 1306
0.0516507625579834, 1305
0.0516507625579834, 1304
0.05265092849731445, 1303
0.05265092849731445, 1302
0.05265092849731445, 1301
0.05265092849731445, 1300
0.05465078353881836, 1299
0.055650949478149414, 1298
0.055650949478149414, 1297
0.056650638580322266, 1296
0.056650638580322266, 1295
0.056650638580322266, 1294
0.056650638580322266, 1293
0.056650638580322266, 1292
0.05765080451965332, 1291
0.05765080451965332, 1290
0.05765080451965332, 1289
0.05865311622619629, 1288
0.05865311622619629, 1287
0.05865311622619629, 1286
0.05965304374694824, 1285
0.05965304374694824, 1284
0.06065177917480469, 1283
0.06065177917480469, 1282
0.06065177917480469, 1281
0.061653852462768555, 1280
0.06265377998352051, 1279
0.06265377998352051, 1278
0.06265377998352051, 1277
0.06265377998352051, 1276
0.06369829177856445, 1275
0.06369829177856445, 1274
0.06369829177856445, 1273
0.0646522045135498, 1272
0.0646522045135498, 1271
0.0646522045135498, 1270
0.06565093994140625, 1269
0.06565093994140625, 1268
0.06565093994140625, 1267
0.0666508674621582, 1266
0.0666508674621582, 1265
0.0666508674621582, 1264
0.0666508674621582, 1263
0.0666508674621582, 1262
0.0666508674621582, 1261
0.0666508674621582, 1260
0.06765079498291016, 1259
0.06765079498291016, 1258
0.06765079498291016, 1257
0.06965088844299316, 1256
0.07065081596374512, 1255
0.07165074348449707, 1254
0.07165074348449707, 1253
0.07265090942382812, 1252
0.07265090942382812, 1251
0.07365083694458008, 1250
0.07365083694458008, 1249
0.07365083694458008, 1248
0.07365083694458008, 1247
0.07365083694458008, 1246
0.07465076446533203, 1245
0.07465076446533203, 1244
0.07465076446533203, 1243
0.07665324211120605, 1242
0.07765436172485352, 1241
0.07765436172485352, 1240
0.07865309715270996, 1239
0.07865309715270996, 1238
0.08065271377563477, 1237
0.08065271377563477, 1236
0.08168601989746094, 1235
0.08168601989746094, 1234
0.08168601989746094, 1233
0.0826880931854248, 1232
0.08368730545043945, 1231
0.08368730545043945, 1230
0.0846872329711914, 1229
0.0846872329711914, 1228
0.0846872329711914, 1227
0.08568763732910156, 1226
0.08568763732910156, 1225
0.08669042587280273, 1224
0.08669042587280273, 1223
0.08768820762634277, 1222
0.08868718147277832, 1221
0.08868718147277832, 1220
0.08969521522521973, 1219
0.08969521522521973, 1218
0.08969521522521973, 1217
0.09069204330444336, 1216
0.09069204330444336, 1215
0.09069204330444336, 1214
0.09169125556945801, 1213
0.09269380569458008, 1212
0.09269380569458008, 1211
0.09269380569458008, 1210
0.09465360641479492, 1209
0.09565258026123047, 1208
0.09565258026123047, 1207
0.09565258026123047, 1206
0.09668827056884766, 1205
0.09668827056884766, 1204
0.09868717193603516, 1203
0.09868717193603516, 1202
0.09868717193603516, 1201
0.09868717193603516, 1200
0.09868717193603516, 1199
0.09868717193603516, 1198
0.09968709945678711, 1197
0.09968709945678711, 1196
0.09968709945678711, 1195
0.09968709945678711, 1194
0.10068893432617188, 1193
0.10168719291687012, 1192
0.10168719291687012, 1191
0.10269021987915039, 1190
0.10368704795837402, 1189
0.10368704795837402, 1188
0.10368704795837402, 1187
0.10468769073486328, 1186
0.10568714141845703, 1185
0.10568714141845703, 1184
0.10669112205505371, 1183
0.10669112205505371, 1182
0.10769176483154297, 1181
0.10769176483154297, 1180
0.10865497589111328, 1179
0.11068868637084961, 1178
0.11165499687194824, 1177
0.11165499687194824, 1176
0.11368751525878906, 1175
0.11368751525878906, 1174
0.11368751525878906, 1173
0.11468815803527832, 1172
0.11568737030029297, 1171
0.11568737030029297, 1170
0.11768722534179688, 1169
0.11868953704833984, 1168
0.11868953704833984, 1167
0.11968779563903809, 1166
0.12068748474121094, 1165
0.12068748474121094, 1164
0.12068748474121094, 1163
0.12168741226196289, 1162
0.12269163131713867, 1161
0.12369370460510254, 1160
0.12469196319580078, 1159
0.12469196319580078, 1158
0.12469196319580078, 1157
0.12565279006958008, 1156
0.12665843963623047, 1155
0.1276545524597168, 1154
0.12865376472473145, 1153
0.12865376472473145, 1152
0.13065695762634277, 1151
0.1316545009613037, 1150
0.13368773460388184, 1149
0.13368773460388184, 1148
0.13368773460388184, 1147
0.13368773460388184, 1146
0.13468718528747559, 1145
0.13468718528747559, 1144
0.13468718528747559, 1143
0.13468718528747559, 1142
0.1366872787475586, 1141
0.13768768310546875, 1140
0.13768768310546875, 1139
0.13768768310546875, 1138
0.1386873722076416, 1137
0.13969111442565918, 1136
0.14069652557373047, 1135
0.14171481132507324, 1134
0.1436917781829834, 1133
0.14566516876220703, 1132
0.14769268035888672, 1131
0.14769268035888672, 1130
0.14769268035888672, 1129
0.148698091506958, 1128
0.14969253540039062, 1127
0.1526937484741211, 1126
0.15369224548339844, 1125
0.15369224548339844, 1124
0.1566941738128662, 1123
0.15769147872924805, 1122
0.15769147872924805, 1121
0.15769147872924805, 1120
0.16065263748168945, 1119
0.16165518760681152, 1118
0.16165518760681152, 1117
0.16265511512756348, 1116
0.16369247436523438, 1115
0.16569137573242188, 1114
0.16569137573242188, 1113
0.16668939590454102, 1112
0.16668939590454102, 1111
0.1686875820159912, 1110
0.1686875820159912, 1109
0.1736917495727539, 1108
0.17469143867492676, 1107
0.17570209503173828, 1106
0.17669248580932617, 1105
0.17769289016723633, 1104
0.17869091033935547, 1103
0.17969965934753418, 1102
0.18169236183166504, 1101
0.18268871307373047, 1100
0.18369531631469727, 1099
0.18369531631469727, 1098
0.18569135665893555, 1097
0.18769240379333496, 1096
0.1896965503692627, 1095
0.19169259071350098, 1094
0.19465184211730957, 1093
0.19565200805664062, 1092
0.19765186309814453, 1091
0.19765186309814453, 1090
0.19865202903747559, 1089
0.19865202903747559, 1088
0.19865202903747559, 1087
0.2006516456604004, 1086
0.2026517391204834, 1085
0.20365214347839355, 1084
0.20365214347839355, 1083
0.20365214347839355, 1082
0.2046520709991455, 1081
0.2046520709991455, 1080
0.20565199851989746, 1079
0.20765209197998047, 1078
0.20865178108215332, 1077
0.2097322940826416, 1076
0.2097322940826416, 1075
0.2097322940826416, 1074
0.2097322940826416, 1073
0.2127983570098877, 1072
0.2127983570098877, 1071
0.2127983570098877, 1070
0.2127983570098877, 1069
0.22287845611572266, 1068
0.22287845611572266, 1067
0.22287845611572266, 1066
0.22494244575500488, 1065
0.22494244575500488, 1064
0.23299860954284668, 1063
0.23299860954284668, 1062
0.23505282402038574, 1061
0.23505282402038574, 1060
0.23505282402038574, 1059
0.243133544921875, 1058
0.24519014358520508, 1057
0.24519014358520508, 1056
0.24519014358520508, 1055
0.24519014358520508, 1054
0.24519014358520508, 1053
0.24519014358520508, 1052
0.25324320793151855, 1051
0.25324320793151855, 1050
0.25324320793151855, 1049
0.2552964687347412, 1048
0.2552964687347412, 1047
0.26338863372802734, 1046
0.26338863372802734, 1045
0.26338863372802734, 1044
0.2654545307159424, 1043
0.2654545307159424, 1042
0.2654545307159424, 1041
0.2654545307159424, 1040
0.2654545307159424, 1039
0.2654545307159424, 1038
0.27559852600097656, 1037
0.27559852600097656, 1036
0.27559852600097656, 1035
0.283627986907959, 1034
0.28563618659973145, 1033
0.2856926918029785, 1032
0.2856926918029785, 1031
0.2856926918029785, 1030
0.2856926918029785, 1029
0.2856926918029785, 1028
0.2856926918029785, 1027
0.2937591075897217, 1026
0.2958230972290039, 1025
0.3038604259490967, 1024
0.3038604259490967, 1023
0.3038604259490967, 1022
0.30592823028564453, 1021
0.30592823028564453, 1020
0.30592823028564453, 1019
0.30592823028564453, 1018
0.30592823028564453, 1017
0.30592823028564453, 1016
0.31606268882751465, 1015
0.31606268882751465, 1014
0.31606268882751465, 1013
0.31606268882751465, 1012
0.32621073722839355, 1011
0.32621073722839355, 1010
0.32621073722839355, 1009
0.3363466262817383, 1008
0.3363466262817383, 1007
0.3363466262817383, 1006
0.3444216251373291, 1005
0.3444216251373291, 1004
0.34648942947387695, 1003
0.34648942947387695, 1002
0.34648942947387695, 1001
0.34648942947387695, 1000
0.35455846786499023, 999
0.35455846786499023, 998
0.35663437843322754, 997
0.36673903465270996, 996
0.36673903465270996, 995
0.36673903465270996, 994
0.36673903465270996, 993
0.36673903465270996, 992
0.37480616569519043, 991
0.37480616569519043, 990
0.37687253952026367, 989
0.37687253952026367, 988
0.37687253952026367, 987
0.37687253952026367, 986
0.38742709159851074, 985
0.38742709159851074, 984
0.38742709159851074, 983
0.38742709159851074, 982
0.39549851417541504, 981
0.3975679874420166, 980
0.3975679874420166, 979
0.3975679874420166, 978
0.3975679874420166, 977
0.3975679874420166, 976
0.4077119827270508, 975
0.4077119827270508, 974
0.4077119827270508, 973
0.41578054428100586, 972
0.42800164222717285, 971
0.43813443183898926, 970
0.43813443183898926, 969
0.4483044147491455, 968
0.4584035873413086, 967
0.4685533046722412, 966
0.4685533046722412, 965
0.478696346282959, 964
0.478696346282959, 963
0.48881053924560547, 962
0.4989442825317383, 961
0.4989442825317383, 960
0.4989442825317383, 959
0.5090575218200684, 958
0.5090575218200684, 957
0.5090575218200684, 956
0.5191929340362549, 955
0.5191929340362549, 954
0.5293416976928711, 953
0.5496442317962646, 952
0.5597789287567139, 951
0.5597789287567139, 950
0.5678293704986572, 949
0.5698966979980469, 948
0.5800280570983887, 947
0.5800280570983887, 946
0.5880663394927979, 945
0.5901341438293457, 944
0.6002676486968994, 943
0.6104040145874023, 942
0.6104040145874023, 941
0.6205394268035889, 940
0.6306328773498535, 939
0.6306328773498535, 938
0.6509227752685547, 937
0.6589913368225098, 936
0.6610572338104248, 935
0.6610572338104248, 934
0.6691467761993408, 933
0.6691467761993408, 932
0.671217679977417, 931
0.671217679977417, 930
0.671217679977417, 929
0.671217679977417, 928
0.6813526153564453, 927
0.6813526153564453, 926
0.691490888595581, 925
0.7016253471374512, 924
0.7016253471374512, 923
0.721851110458374, 922
0.721851110458374, 921
0.7421247959136963, 920
0.7806129455566406, 919
0.782677173614502, 918
0.792778730392456, 917
0.792778730392456, 916
0.792778730392456, 915
0.8008451461791992, 914
0.843379020690918, 913
0.9021046161651611, 912
0.9324615001678467, 911
0.9851658344268799, 910
1.0463876724243164, 909
1.1172847747802734, 908
1.1476593017578125, 907
1.388679027557373, 906
1.388679027557373, 905
1.431337833404541, 904
1.4617478847503662, 903
1.522517442703247, 902
1.5438480377197266, 901
1.6648890972137451, 900
2.039759635925293, 899
