0.015625, 1461
0.015625, 1460
0.015625, 1459
0.015625, 1458
0.015625, 1457
0.015625, 1456
0.015625, 1455
0.015625, 1454
0.015625, 1453
0.015625, 1452
0.015625, 1451
0.015625, 1450
0.015625, 1449
0.015625, 1448
0.015625, 1447
0.015625, 1446
0.015625, 1445
0.015625, 1444
0.015625, 1443
0.015625, 1442
0.015625, 1441
0.015625, 1440
0.015625, 1439
0.015625, 1438
0.015625, 1437
0.015625, 1436
0.015625, 1435
0.015625, 1434
0.015625, 1433
0.015625, 1432
0.015625, 1431
0.015625, 1430
0.015625, 1429
0.015625, 1428
0.015625, 1427
0.015625, 1426
0.015625, 1425
0.015625, 1424
0.015625, 1423
0.015625, 1422
0.015625, 1421
0.03125, 1420
0.03125, 1419
0.03125, 1418
0.03125, 1417
0.03125, 1416
0.03125, 1415
0.03125, 1414
0.03125, 1413
0.03125, 1412
0.03125, 1411
0.03125, 1410
0.03125, 1409
0.03125, 1408
0.03125, 1407
0.03125, 1406
0.03125, 1405
0.03125, 1404
0.03125, 1403
0.03125, 1402
0.03125, 1401
0.03125, 1400
0.03125, 1399
0.03125, 1398
0.037760019302368164, 1397
0.037760019302368164, 1396
0.037760019302368164, 1395
0.037760019302368164, 1394
0.037760019302368164, 1393
0.037760019302368164, 1392
0.037760019302368164, 1391
0.037760019302368164, 1390
0.037760019302368164, 1389
0.037760019302368164, 1388
0.037760019302368164, 1387
0.037760019302368164, 1386
0.037760019302368164, 1385
0.037760019302368164, 1384
0.037760019302368164, 1383
0.037760019302368164, 1382
0.037760019302368164, 1381
0.037760019302368164, 1380
0.037760019302368164, 1379
0.037760019302368164, 1378
0.037760019302368164, 1377
0.037760019302368164, 1376
0.037760019302368164, 1375
0.037760019302368164, 1374
0.037760019302368164, 1373
0.037760019302368164, 1372
0.037760019302368164, 1371
0.037760019302368164, 1370
0.037760019302368164, 1369
0.037760019302368164, 1368
0.037760019302368164, 1367
0.037760019302368164, 1366
0.037760019302368164, 1365
0.037760019302368164, 1364
0.037760019302368164, 1363
0.037760019302368164, 1362
0.037760019302368164, 1361
0.037760019302368164, 1360
0.037760019302368164, 1359
0.037760019302368164, 1358
0.037760019302368164, 1357
0.037760019302368164, 1356
0.037760019302368164, 1355
0.037760019302368164, 1354
0.037760019302368164, 1353
0.037760019302368164, 1352
0.037760019302368164, 1351
0.037760019302368164, 1350
0.037760019302368164, 1349
0.037760019302368164, 1348
0.037760019302368164, 1347
0.037760019302368164, 1346
0.037760019302368164, 1345
0.037760019302368164, 1344
0.037760019302368164, 1343
0.037760019302368164, 1342
0.037760019302368164, 1341
0.037760019302368164, 1340
0.037760019302368164, 1339
0.037760019302368164, 1338
0.05339384078979492, 1337
0.05339384078979492, 1336
0.05339384078979492, 1335
0.05339384078979492, 1334
0.05339384078979492, 1333
0.05339384078979492, 1332
0.05339384078979492, 1331
0.05339384078979492, 1330
0.05339384078979492, 1329
0.05339384078979492, 1328
0.05339384078979492, 1327
0.05339384078979492, 1326
0.05339384078979492, 1325
0.05339384078979492, 1324
0.05339384078979492, 1323
0.05339384078979492, 1322
0.05339384078979492, 1321
0.05339384078979492, 1320
0.05339384078979492, 1319
0.05339384078979492, 1318
0.05339384078979492, 1317
0.05339384078979492, 1316
0.05339384078979492, 1315
0.05339384078979492, 1314
0.05339384078979492, 1313
0.05339384078979492, 1312
0.05339384078979492, 1311
0.05339384078979492, 1310
0.05339384078979492, 1309
0.05339384078979492, 1308
0.05339384078979492, 1307
0.05339384078979492, 1306
0.05339384078979492, 1305
0.05339384078979492, 1304
0.05339384078979492, 1303
0.05339384078979492, 1302
0.05339384078979492, 1301
0.05339384078979492, 1300
0.05339384078979492, 1299
0.05339384078979492, 1298
0.05339384078979492, 1297
0.05339384078979492, 1296
0.05339384078979492, 1295
0.05339384078979492, 1294
0.05339384078979492, 1293
0.05339384078979492, 1292
0.05339384078979492, 1291
0.05339384078979492, 1290
0.05339384078979492, 1289
0.05339384078979492, 1288
0.06901836395263672, 1287
0.06901836395263672, 1286
0.06901836395263672, 1285
0.06901836395263672, 1284
0.06901836395263672, 1283
0.06901836395263672, 1282
0.06901836395263672, 1281
0.06901836395263672, 1280
0.06901836395263672, 1279
0.06901836395263672, 1278
0.06901836395263672, 1277
0.06901836395263672, 1276
0.06901836395263672, 1275
0.06901836395263672, 1274
0.06901836395263672, 1273
0.06901836395263672, 1272
0.06901836395263672, 1271
0.06901836395263672, 1270
0.06901836395263672, 1269
0.06901836395263672, 1268
0.06901836395263672, 1267
0.06901836395263672, 1266
0.06901836395263672, 1265
0.06901836395263672, 1264
0.06901836395263672, 1263
0.06901836395263672, 1262
0.06901836395263672, 1261
0.06901836395263672, 1260
0.06901836395263672, 1259
0.06901836395263672, 1258
0.06901836395263672, 1257
0.06901836395263672, 1256
0.06901836395263672, 1255
0.06901836395263672, 1254
0.06901836395263672, 1253
0.06901836395263672, 1252
0.06901836395263672, 1251
0.08464574813842773, 1250
0.08464574813842773, 1249
0.08464574813842773, 1248
0.08464574813842773, 1247
0.08464574813842773, 1246
0.08464574813842773, 1245
0.08464574813842773, 1244
0.08464574813842773, 1243
0.08464574813842773, 1242
0.08464574813842773, 1241
0.08464574813842773, 1240
0.08464574813842773, 1239
0.08464574813842773, 1238
0.08464574813842773, 1237
0.08464574813842773, 1236
0.08464574813842773, 1235
0.08464574813842773, 1234
0.08464574813842773, 1233
0.08464574813842773, 1232
0.08464574813842773, 1231
0.08464574813842773, 1230
0.08464574813842773, 1229
0.08464574813842773, 1228
0.08464574813842773, 1227
0.08464574813842773, 1226
0.08464574813842773, 1225
0.08464574813842773, 1224
0.08464574813842773, 1223
0.08464574813842773, 1222
0.10026955604553223, 1221
0.10026955604553223, 1220
0.10026955604553223, 1219
0.10026955604553223, 1218
0.10026955604553223, 1217
0.10026955604553223, 1216
0.10026955604553223, 1215
0.10026955604553223, 1214
0.10026955604553223, 1213
0.10026955604553223, 1212
0.10026955604553223, 1211
0.10026955604553223, 1210
0.10026955604553223, 1209
0.10026955604553223, 1208
0.10026955604553223, 1207
0.10026955604553223, 1206
0.10026955604553223, 1205
0.10026955604553223, 1204
0.10026955604553223, 1203
0.10026955604553223, 1202
0.10026955604553223, 1201
0.10026955604553223, 1200
0.11589407920837402, 1199
0.11589407920837402, 1198
0.11589407920837402, 1197
0.11589407920837402, 1196
0.11589407920837402, 1195
0.11589407920837402, 1194
0.11589407920837402, 1193
0.11589407920837402, 1192
0.11589407920837402, 1191
0.11589407920837402, 1190
0.11589407920837402, 1189
0.11589407920837402, 1188
0.11589407920837402, 1187
0.11589407920837402, 1186
0.11589407920837402, 1185
0.11589407920837402, 1184
0.11589407920837402, 1183
0.11589407920837402, 1182
0.11589407920837402, 1181
0.11589407920837402, 1180
0.11589407920837402, 1179
0.11589407920837402, 1178
0.11589407920837402, 1177
0.11589407920837402, 1176
0.11589407920837402, 1175
0.11589407920837402, 1174
0.13151979446411133, 1173
0.13151979446411133, 1172
0.13151979446411133, 1171
0.13151979446411133, 1170
0.13151979446411133, 1169
0.13151979446411133, 1168
0.13151979446411133, 1167
0.13151979446411133, 1166
0.13151979446411133, 1165
0.13151979446411133, 1164
0.13151979446411133, 1163
0.13806700706481934, 1162
0.14009475708007812, 1161
0.14009475708007812, 1160
0.14009475708007812, 1159
0.14009475708007812, 1158
0.14009475708007812, 1157
0.14009475708007812, 1156
0.14009475708007812, 1155
0.14009475708007812, 1154
0.14009475708007812, 1153
0.14009475708007812, 1152
0.14009475708007812, 1151
0.14009475708007812, 1150
0.14812850952148438, 1149
0.14812850952148438, 1148
0.15015673637390137, 1147
0.15015673637390137, 1146
0.15015673637390137, 1145
0.15015673637390137, 1144
0.15015673637390137, 1143
0.15015673637390137, 1142
0.15015673637390137, 1141
0.15015673637390137, 1140
0.15015673637390137, 1139
0.15015673637390137, 1138
0.1581873893737793, 1137
0.1581873893737793, 1136
0.1581873893737793, 1135
0.1581873893737793, 1134
0.1581873893737793, 1133
0.16021466255187988, 1132
0.16021466255187988, 1131
0.16021466255187988, 1130
0.16021466255187988, 1129
0.16021466255187988, 1128
0.16021466255187988, 1127
0.16021466255187988, 1126
0.16021466255187988, 1125
0.16021466255187988, 1124
0.16021466255187988, 1123
0.16021466255187988, 1122
0.16021466255187988, 1121
0.16021466255187988, 1120
0.16826629638671875, 1119
0.16826629638671875, 1118
0.16826629638671875, 1117
0.17028403282165527, 1116
0.17028403282165527, 1115
0.17028403282165527, 1114
0.17028403282165527, 1113
0.17028403282165527, 1112
0.17028403282165527, 1111
0.17028403282165527, 1110
0.17028403282165527, 1109
0.17028403282165527, 1108
0.17028403282165527, 1107
0.17028403282165527, 1106
0.1783149242401123, 1105
0.1783149242401123, 1104
0.18033647537231445, 1103
0.18033647537231445, 1102
0.18033647537231445, 1101
0.18033647537231445, 1100
0.18033647537231445, 1099
0.18033647537231445, 1098
0.18033647537231445, 1097
0.18033647537231445, 1096
0.18033647537231445, 1095
0.18033647537231445, 1094
0.18033647537231445, 1093
0.18033647537231445, 1092
0.18033647537231445, 1091
0.18033647537231445, 1090
0.18033647537231445, 1089
0.18033647537231445, 1088
0.19043183326721191, 1087
0.19043183326721191, 1086
0.19043183326721191, 1085
0.19043183326721191, 1084
0.19043183326721191, 1083
0.19043183326721191, 1082
0.20050477981567383, 1081
0.20050477981567383, 1080
0.20050477981567383, 1079
0.20050477981567383, 1078
0.20857930183410645, 1077
0.21063876152038574, 1076
0.21063876152038574, 1075
0.21063876152038574, 1074
0.21063876152038574, 1073
0.21063876152038574, 1072
0.21063876152038574, 1071
0.21063876152038574, 1070
0.22069954872131348, 1069
0.22069954872131348, 1068
0.22069954872131348, 1067
0.22069954872131348, 1066
0.22875618934631348, 1065
0.22875618934631348, 1064
0.22875618934631348, 1063
0.23078131675720215, 1062
0.23078131675720215, 1061
0.23078131675720215, 1060
0.23078131675720215, 1059
0.23078131675720215, 1058
0.23078131675720215, 1057
0.23078131675720215, 1056
0.2408592700958252, 1055
0.2408592700958252, 1054
0.2408592700958252, 1053
0.2408592700958252, 1052
0.2408592700958252, 1051
0.24890828132629395, 1050
0.24890828132629395, 1049
0.25652217864990234, 1048
0.25753355026245117, 1047
0.25753355026245117, 1046
0.2590608596801758, 1045
0.26272130012512207, 1044
0.2648351192474365, 1043
0.26590538024902344, 1042
0.26590538024902344, 1041
0.268934965133667, 1040
0.2709505558013916, 1039
0.2709505558013916, 1038
0.2709505558013916, 1037
0.2709505558013916, 1036
0.2709505558013916, 1035
0.2789766788482666, 1034
0.2810087203979492, 1033
0.2810087203979492, 1032
0.2810087203979492, 1031
0.2810087203979492, 1030
0.2810087203979492, 1029
0.2810087203979492, 1028
0.2810087203979492, 1027
0.2810087203979492, 1026
0.2810087203979492, 1025
0.2890481948852539, 1024
0.2910764217376709, 1023
0.2910764217376709, 1022
0.2910764217376709, 1021
0.30113649368286133, 1020
0.30113649368286133, 1019
0.30113649368286133, 1018
0.3091621398925781, 1017
0.3091621398925781, 1016
0.3091621398925781, 1015
0.3112201690673828, 1014
0.3112201690673828, 1013
0.3112201690673828, 1012
0.3112201690673828, 1011
0.3112201690673828, 1010
0.3112201690673828, 1009
0.3112201690673828, 1008
0.3112201690673828, 1007
0.3212907314300537, 1006
0.3212907314300537, 1005
0.3313717842102051, 1004
0.3313717842102051, 1003
0.3394491672515869, 1002
0.341472864151001, 1001
0.341472864151001, 1000
0.3495059013366699, 999
0.3495059013366699, 998
0.3515322208404541, 997
0.3515322208404541, 996
0.3515322208404541, 995
0.361605167388916, 994
0.361605167388916, 993
0.361605167388916, 992
0.37166595458984375, 991
0.37166595458984375, 990
0.37166595458984375, 989
0.37166595458984375, 988
0.37166595458984375, 987
0.37166595458984375, 986
0.38187146186828613, 985
0.39197754859924316, 984
0.39197754859924316, 983
0.40217065811157227, 982
0.40217065811157227, 981
0.40217065811157227, 980
0.40217065811157227, 979
0.40217065811157227, 978
0.4102458953857422, 977
0.4123072624206543, 976
0.4123072624206543, 975
0.4123072624206543, 974
0.42034912109375, 973
0.42034912109375, 972
0.43256425857543945, 971
0.43256425857543945, 970
0.43256425857543945, 969
0.43256425857543945, 968
0.43256425857543945, 967
0.4426689147949219, 966
0.4426689147949219, 965
0.4426689147949219, 964
0.4528200626373291, 963
0.4528200626373291, 962
0.4528200626373291, 961
0.46297240257263184, 960
0.46297240257263184, 959
0.46297240257263184, 958
0.4710397720336914, 957
0.4710397720336914, 956
0.483229398727417, 955
0.483229398727417, 954
0.483229398727417, 953
0.5039315223693848, 952
0.5241751670837402, 951
0.5444369316101074, 950
0.5444369316101074, 949
0.5545699596405029, 948
0.5637741088867188, 947
0.5637741088867188, 946
0.5668971538543701, 945
0.5668971538543701, 944
0.5750336647033691, 943
0.5952904224395752, 942
0.6032993793487549, 941
0.6054446697235107, 940
0.6236176490783691, 939
0.6256840229034424, 938
0.6358175277709961, 937
0.6762833595275879, 936
0.6762833595275879, 935
0.6864323616027832, 934
0.6864323616027832, 933
0.7066872119903564, 932
0.716839075088501, 931
0.716839075088501, 930
0.7573766708374023, 929
0.7958619594573975, 928
0.8263139724731445, 927
0.8283824920654297, 926
0.8364498615264893, 925
0.8486168384552002, 924
0.9195160865783691, 923
0.9296612739562988, 922
0.9296612739562988, 921
0.9803521633148193, 920
0.9985671043395996, 919
1.0006256103515625, 918
1.0119059085845947, 917
1.0821642875671387, 916
1.1432228088378906, 915
1.1736156940460205, 914
1.2424206733703613, 913
1.3052213191986084, 912
1.3052213191986084, 911
1.3234128952026367, 910
1.3638997077941895, 909
1.416640281677246, 908
1.416640281677246, 907
1.4773848056793213, 906
1.5381028652191162, 905
1.5887043476104736, 904
1.6068696975708008, 903
1.6697018146514893, 902
1.7814807891845703, 901
2.0021750926971436, 900
2.1257705688476562, 899
