0.0156252384185791, 1461
0.0156252384185791, 1460
0.0156252384185791, 1459
0.0156252384185791, 1458
0.0156252384185791, 1457
0.0156252384185791, 1456
0.0156252384185791, 1455
0.0156252384185791, 1454
0.0156252384185791, 1453
0.0156252384185791, 1452
0.0156252384185791, 1451
0.0156252384185791, 1450
0.0156252384185791, 1449
0.0156252384185791, 1448
0.0156252384185791, 1447
0.0156252384185791, 1446
0.0156252384185791, 1445
0.0156252384185791, 1444
0.0156252384185791, 1443
0.0156252384185791, 1442
0.0156252384185791, 1441
0.0156252384185791, 1440
0.0156252384185791, 1439
0.0156252384185791, 1438
0.0156252384185791, 1437
0.0156252384185791, 1436
0.0156252384185791, 1435
0.0156252384185791, 1434
0.0156252384185791, 1433
0.0156252384185791, 1432
0.0156252384185791, 1431
0.0156252384185791, 1430
0.0156252384185791, 1429
0.0156252384185791, 1428
0.0156252384185791, 1427
0.0156252384185791, 1426
0.0156252384185791, 1425
0.0156252384185791, 1424
0.0156252384185791, 1423
0.0156252384185791, 1422
0.0156252384185791, 1421
0.0156252384185791, 1420
0.0156252384185791, 1419
0.0156252384185791, 1418
0.0156252384185791, 1417
0.0156252384185791, 1416
0.0156252384185791, 1415
0.0156252384185791, 1414
0.0156252384185791, 1413
0.0156252384185791, 1412
0.0156252384185791, 1411
0.0156252384185791, 1410
0.0156252384185791, 1409
0.0156252384185791, 1408
0.0156252384185791, 1407
0.0156252384185791, 1406
0.0156252384185791, 1405
0.0156252384185791, 1404
0.0156252384185791, 1403
0.0156252384185791, 1402
0.0312504768371582, 1401
0.0312504768371582, 1400
0.0312504768371582, 1399
0.0312504768371582, 1398
0.0312504768371582, 1397
0.0312504768371582, 1396
0.0312504768371582, 1395
0.0312504768371582, 1394
0.0312504768371582, 1393
0.0312504768371582, 1392
0.0312504768371582, 1391
0.0312504768371582, 1390
0.0312504768371582, 1389
0.0312504768371582, 1388
0.0312504768371582, 1387
0.0312504768371582, 1386
0.0312504768371582, 1385
0.0312504768371582, 1384
0.0312504768371582, 1383
0.0312504768371582, 1382
0.0312504768371582, 1381
0.0312504768371582, 1380
0.0312504768371582, 1379
0.0312504768371582, 1378
0.0312504768371582, 1377
0.0312504768371582, 1376
0.0312504768371582, 1375
0.0312504768371582, 1374
0.0312504768371582, 1373
0.0312504768371582, 1372
0.0312504768371582, 1371
0.0312504768371582, 1370
0.0312504768371582, 1369
0.0312504768371582, 1368
0.0312504768371582, 1367
0.0312504768371582, 1366
0.0312504768371582, 1365
0.0312504768371582, 1364
0.0312504768371582, 1363
0.0312504768371582, 1362
0.0312504768371582, 1361
0.0312504768371582, 1360
0.0312504768371582, 1359
0.0312504768371582, 1358
0.0312504768371582, 1357
0.0312504768371582, 1356
0.0312504768371582, 1355
0.0312504768371582, 1354
0.0312504768371582, 1353
0.0312504768371582, 1352
0.0312504768371582, 1351
0.0312504768371582, 1350
0.0312504768371582, 1349
0.0312504768371582, 1348
0.0468747615814209, 1347
0.0468747615814209, 1346
0.0468747615814209, 1345
0.0468747615814209, 1344
0.0468747615814209, 1343
0.0468747615814209, 1342
0.0468747615814209, 1341
0.0468747615814209, 1340
0.0468747615814209, 1339
0.0468747615814209, 1338
0.0468747615814209, 1337
0.0468747615814209, 1336
0.0468747615814209, 1335
0.0468747615814209, 1334
0.0468747615814209, 1333
0.0468747615814209, 1332
0.0468747615814209, 1331
0.0468747615814209, 1330
0.0468747615814209, 1329
0.0468747615814209, 1328
0.0468747615814209, 1327
0.0468747615814209, 1326
0.0468747615814209, 1325
0.0468747615814209, 1324
0.0468747615814209, 1323
0.0468747615814209, 1322
0.0468747615814209, 1321
0.0468747615814209, 1320
0.0468747615814209, 1319
0.0468747615814209, 1318
0.0468747615814209, 1317
0.0468747615814209, 1316
0.0468747615814209, 1315
0.0468747615814209, 1314
0.0468747615814209, 1313
0.0468747615814209, 1312
0.0468747615814209, 1311
0.0468747615814209, 1310
0.0468747615814209, 1309
0.0468747615814209, 1308
0.0468747615814209, 1307
0.0468747615814209, 1306
0.0468747615814209, 1305
0.0468747615814209, 1304
0.0468747615814209, 1303
0.0468747615814209, 1302
0.0468747615814209, 1301
0.0468747615814209, 1300
0.0468747615814209, 1299
0.0625, 1298
0.0625, 1297
0.0625, 1296
0.0625, 1295
0.0625, 1294
0.0625, 1293
0.0625, 1292
0.0625, 1291
0.0625, 1290
0.0625, 1289
0.0625, 1288
0.0625, 1287
0.0625, 1286
0.0625, 1285
0.0625, 1284
0.0625, 1283
0.0625, 1282
0.0625, 1281
0.0625, 1280
0.0625, 1279
0.0625, 1278
0.06900429725646973, 1277
0.06900429725646973, 1276
0.06900429725646973, 1275
0.06900429725646973, 1274
0.06900429725646973, 1273
0.06900429725646973, 1272
0.06900429725646973, 1271
0.06900429725646973, 1270
0.06900429725646973, 1269
0.06900429725646973, 1268
0.06900429725646973, 1267
0.06900429725646973, 1266
0.06900429725646973, 1265
0.06900429725646973, 1264
0.06900429725646973, 1263
0.06900429725646973, 1262
0.06900429725646973, 1261
0.06900429725646973, 1260
0.06900429725646973, 1259
0.06900429725646973, 1258
0.06900429725646973, 1257
0.06900429725646973, 1256
0.06900429725646973, 1255
0.06900429725646973, 1254
0.06900429725646973, 1253
0.06900429725646973, 1252
0.06900429725646973, 1251
0.06900429725646973, 1250
0.06900429725646973, 1249
0.06900429725646973, 1248
0.06900429725646973, 1247
0.06900429725646973, 1246
0.06900429725646973, 1245
0.06900429725646973, 1244
0.06900429725646973, 1243
0.06900429725646973, 1242
0.08463597297668457, 1241
0.08463597297668457, 1240
0.08463597297668457, 1239
0.08463597297668457, 1238
0.08463597297668457, 1237
0.08463597297668457, 1236
0.08463597297668457, 1235
0.08463597297668457, 1234
0.08463597297668457, 1233
0.08463597297668457, 1232
0.08463597297668457, 1231
0.08463597297668457, 1230
0.08463597297668457, 1229
0.08463597297668457, 1228
0.08463597297668457, 1227
0.08463597297668457, 1226
0.08463597297668457, 1225
0.08463597297668457, 1224
0.08463597297668457, 1223
0.08463597297668457, 1222
0.08463597297668457, 1221
0.08463597297668457, 1220
0.08463597297668457, 1219
0.08463597297668457, 1218
0.08463597297668457, 1217
0.08463597297668457, 1216
0.10026168823242188, 1215
0.10026168823242188, 1214
0.10026168823242188, 1213
0.10026168823242188, 1212
0.10026168823242188, 1211
0.10026168823242188, 1210
0.10026168823242188, 1209
0.10026168823242188, 1208
0.10026168823242188, 1207
0.10026168823242188, 1206
0.10026168823242188, 1205
0.10026168823242188, 1204
0.10026168823242188, 1203
0.10026168823242188, 1202
0.10026168823242188, 1201
0.10026168823242188, 1200
0.10026168823242188, 1199
0.10026168823242188, 1198
0.10026168823242188, 1197
0.10026168823242188, 1196
0.10026168823242188, 1195
0.10026168823242188, 1194
0.10026168823242188, 1193
0.10026168823242188, 1192
0.10026168823242188, 1191
0.10026168823242188, 1190
0.10026168823242188, 1189
0.10026168823242188, 1188
0.10026168823242188, 1187
0.10026168823242188, 1186
0.10026168823242188, 1185
0.11588668823242188, 1184
0.11588668823242188, 1183
0.11588668823242188, 1182
0.11588668823242188, 1181
0.11588668823242188, 1180
0.11588668823242188, 1179
0.11588668823242188, 1178
0.11588668823242188, 1177
0.11588668823242188, 1176
0.11588668823242188, 1175
0.11588668823242188, 1174
0.11588668823242188, 1173
0.11588668823242188, 1172
0.11588668823242188, 1171
0.11588668823242188, 1170
0.11588668823242188, 1169
0.11588668823242188, 1168
0.11588668823242188, 1167
0.11588668823242188, 1166
0.13151168823242188, 1165
0.13151168823242188, 1164
0.13151168823242188, 1163
0.13151168823242188, 1162
0.13151168823242188, 1161
0.13151168823242188, 1160
0.13151168823242188, 1159
0.13151168823242188, 1158
0.13151168823242188, 1157
0.13151168823242188, 1156
0.13151168823242188, 1155
0.13151168823242188, 1154
0.13151168823242188, 1153
0.13151168823242188, 1152
0.14713716506958008, 1151
0.14713716506958008, 1150
0.14713716506958008, 1149
0.14713716506958008, 1148
0.14713716506958008, 1147
0.14713716506958008, 1146
0.14713716506958008, 1145
0.14713716506958008, 1144
0.14713716506958008, 1143
0.14713716506958008, 1142
0.14713716506958008, 1141
0.14713716506958008, 1140
0.14713716506958008, 1139
0.14713716506958008, 1138
0.14713716506958008, 1137
0.14713716506958008, 1136
0.14713716506958008, 1135
0.14713716506958008, 1134
0.14713716506958008, 1133
0.14713716506958008, 1132
0.14713716506958008, 1131
0.14713716506958008, 1130
0.14713716506958008, 1129
0.14713716506958008, 1128
0.14713716506958008, 1127
0.14713716506958008, 1126
0.14713716506958008, 1125
0.14713716506958008, 1124
0.14713716506958008, 1123
0.16276192665100098, 1122
0.16276192665100098, 1121
0.16276192665100098, 1120
0.16276192665100098, 1119
0.16276192665100098, 1118
0.16276192665100098, 1117
0.16276192665100098, 1116
0.16927075386047363, 1115
0.16927075386047363, 1114
0.16927075386047363, 1113
0.16927075386047363, 1112
0.16927075386047363, 1111
0.16927075386047363, 1110
0.16927075386047363, 1109
0.16927075386047363, 1108
0.16927075386047363, 1107
0.16927075386047363, 1106
0.16927075386047363, 1105
0.16927075386047363, 1104
0.16927075386047363, 1103
0.16927075386047363, 1102
0.16927075386047363, 1101
0.16927075386047363, 1100
0.16927075386047363, 1099
0.16927075386047363, 1098
0.16927075386047363, 1097
0.16927075386047363, 1096
0.16927075386047363, 1095
0.16927075386047363, 1094
0.18495392799377441, 1093
0.18495392799377441, 1092
0.18495392799377441, 1091
0.18495392799377441, 1090
0.18495392799377441, 1089
0.18495392799377441, 1088
0.18495392799377441, 1087
0.18495392799377441, 1086
0.18495392799377441, 1085
0.18495392799377441, 1084
0.18495392799377441, 1083
0.18495392799377441, 1082
0.18495392799377441, 1081
0.18495392799377441, 1080
0.18495392799377441, 1079
0.18495392799377441, 1078
0.18495392799377441, 1077
0.18495392799377441, 1076
0.2005770206451416, 1075
0.2005770206451416, 1074
0.2005770206451416, 1073
0.2005770206451416, 1072
0.2005770206451416, 1071
0.2005770206451416, 1070
0.2005770206451416, 1069
0.2005770206451416, 1068
0.2005770206451416, 1067
0.2005770206451416, 1066
0.2005770206451416, 1065
0.21619510650634766, 1064
0.21619510650634766, 1063
0.21619510650634766, 1062
0.21619510650634766, 1061
0.21619510650634766, 1060
0.21619510650634766, 1059
0.21619510650634766, 1058
0.21619510650634766, 1057
0.21619510650634766, 1056
0.21619510650634766, 1055
0.21619510650634766, 1054
0.21619510650634766, 1053
0.21619510650634766, 1052
0.21619510650634766, 1051
0.21619510650634766, 1050
0.21619510650634766, 1049
0.2318129539489746, 1048
0.2318129539489746, 1047
0.2318129539489746, 1046
0.2318129539489746, 1045
0.2318129539489746, 1044
0.2318129539489746, 1043
0.2318129539489746, 1042
0.2318129539489746, 1041
0.2318129539489746, 1040
0.2318129539489746, 1039
0.2318129539489746, 1038
0.24743962287902832, 1037
0.24743962287902832, 1036
0.24743962287902832, 1035
0.24743962287902832, 1034
0.24743962287902832, 1033
0.24743962287902832, 1032
0.24743962287902832, 1031
0.24743962287902832, 1030
0.24743962287902832, 1029
0.26307010650634766, 1028
0.26307010650634766, 1027
0.26307010650634766, 1026
0.26963210105895996, 1025
0.26963210105895996, 1024
0.27167439460754395, 1023
0.27167439460754395, 1022
0.27167439460754395, 1021
0.27167439460754395, 1020
0.27167439460754395, 1019
0.27167439460754395, 1018
0.2817990779876709, 1017
0.2817990779876709, 1016
0.2817990779876709, 1015
0.2918696403503418, 1014
0.2918696403503418, 1013
0.2918696403503418, 1012
0.2918696403503418, 1011
0.29995107650756836, 1010
0.29995107650756836, 1009
0.3020157814025879, 1008
0.3020157814025879, 1007
0.3020157814025879, 1006
0.3020157814025879, 1005
0.3020157814025879, 1004
0.3020157814025879, 1003
0.3121354579925537, 1002
0.3121354579925537, 1001
0.3121354579925537, 1000
0.3121354579925537, 999
0.3121354579925537, 998
0.3121354579925537, 997
0.3121354579925537, 996
0.3202180862426758, 995
0.32229137420654297, 994
0.3303210735321045, 993
0.33238887786865234, 992
0.33238887786865234, 991
0.33238887786865234, 990
0.34251904487609863, 989
0.34251904487609863, 988
0.35057878494262695, 987
0.35057878494262695, 986
0.35057878494262695, 985
0.352628231048584, 984
0.352628231048584, 983
0.352628231048584, 982
0.352628231048584, 981
0.36295509338378906, 980
0.36295509338378906, 979
0.36295509338378906, 978
0.36295509338378906, 977
0.3710176944732666, 976
0.3730778694152832, 975
0.3730778694152832, 974
0.38339781761169434, 973
0.38339781761169434, 972
0.38339781761169434, 971
0.39147114753723145, 970
0.39363932609558105, 969
0.40375757217407227, 968
0.41404271125793457, 967
0.41404271125793457, 966
0.41404271125793457, 965
0.41404271125793457, 964
0.4242072105407715, 963
0.4242072105407715, 962
0.4424126148223877, 961
0.44455623626708984, 960
0.44455623626708984, 959
0.44455623626708984, 958
0.44455623626708984, 957
0.44455623626708984, 956
0.46489572525024414, 955
0.46489572525024414, 954
0.46489572525024414, 953
0.47501254081726074, 952
0.47501254081726074, 951
0.48517584800720215, 950
0.4932858943939209, 949
0.49540162086486816, 948
0.49540162086486816, 947
0.5155985355377197, 946
0.525740385055542, 945
0.525740385055542, 944
0.5337967872619629, 943
0.5358452796936035, 942
0.5441749095916748, 941
0.5462532043457031, 940
0.5462532043457031, 939
0.5462532043457031, 938
0.5644638538360596, 937
0.5766086578369141, 936
0.5766086578369141, 935
0.5969696044921875, 934
0.6172294616699219, 933
0.6273846626281738, 932
0.6375007629394531, 931
0.6479442119598389, 930
0.6815569400787354, 929
0.6815569400787354, 928
0.6815569400787354, 927
0.6896693706512451, 926
0.6977932453155518, 925
0.7204759120941162, 924
0.7609560489654541, 923
0.7690119743347168, 922
0.7710659503936768, 921
0.7710659503936768, 920
0.7812156677246094, 919
0.7913453578948975, 918
0.8096156120300293, 917
0.8116943836212158, 916
0.8217751979827881, 915
0.8420529365539551, 914
0.8727226257324219, 913
0.9135069847106934, 912
0.9336886405944824, 911
0.9417474269866943, 910
0.9538931846618652, 909
0.9823360443115234, 908
1.154942512512207, 907
1.258331537246704, 906
1.3170621395111084, 905
1.3271098136901855, 904
1.4410591125488281, 903
1.6641266345977783, 902
1.6742234230041504, 901
1.7856481075286865, 900
1.8565988540649414, 899
