0.009998321533203125, 1461
0.009998321533203125, 1460
0.011001110076904297, 1459
0.011001110076904297, 1458
0.011001110076904297, 1457
0.011001110076904297, 1456
0.012000083923339844, 1455
0.012000083923339844, 1454
0.012000083923339844, 1453
0.012000083923339844, 1452
0.012999296188354492, 1451
0.012999296188354492, 1450
0.012999296188354492, 1449
0.012999296188354492, 1448
0.012999296188354492, 1447
0.012999296188354492, 1446
0.013999223709106445, 1445
0.013999223709106445, 1444
0.013999223709106445, 1443
0.013999223709106445, 1442
0.013999223709106445, 1441
0.014999151229858398, 1440
0.014999151229858398, 1439
0.014999151229858398, 1438
0.014999151229858398, 1437
0.01599860191345215, 1436
0.01599860191345215, 1435
0.01599860191345215, 1434
0.01599860191345215, 1433
0.016999006271362305, 1432
0.016999006271362305, 1431
0.016999006271362305, 1430
0.016999006271362305, 1429
0.017998933792114258, 1428
0.017998933792114258, 1427
0.017998933792114258, 1426
0.017998933792114258, 1425
0.017998933792114258, 1424
0.01899886131286621, 1423
0.01899886131286621, 1422
0.01899886131286621, 1421
0.01899886131286621, 1420
0.01999831199645996, 1419
0.01999831199645996, 1418
0.01999831199645996, 1417
0.01999831199645996, 1416
0.01999831199645996, 1415
0.02099895477294922, 1414
0.02099895477294922, 1413
0.02099895477294922, 1412
0.02099895477294922, 1411
0.022998571395874023, 1410
0.022998571395874023, 1409
0.022998571395874023, 1408
0.023998737335205078, 1407
0.023998737335205078, 1406
0.023998737335205078, 1405
0.023998737335205078, 1404
0.023998737335205078, 1403
0.024999141693115234, 1402
0.024999141693115234, 1401
0.024999141693115234, 1400
0.024999141693115234, 1399
0.024999141693115234, 1398
0.025998592376708984, 1397
0.025998592376708984, 1396
0.025998592376708984, 1395
0.025998592376708984, 1394
0.02699875831604004, 1393
0.02699875831604004, 1392
0.02699875831604004, 1391
0.02800464630126953, 1390
0.02800464630126953, 1389
0.02800464630126953, 1388
0.02800464630126953, 1387
0.028998613357543945, 1386
0.028998613357543945, 1385
0.028998613357543945, 1384
0.028998613357543945, 1383
0.028998613357543945, 1382
0.028998613357543945, 1381
0.0299985408782959, 1380
0.0299985408782959, 1379
0.0299985408782959, 1378
0.0299985408782959, 1377
0.0299985408782959, 1376
0.03099822998046875, 1375
0.03099822998046875, 1374
0.03099822998046875, 1373
0.03199887275695801, 1372
0.03199887275695801, 1371
0.03199887275695801, 1370
0.03299903869628906, 1369
0.03299903869628906, 1368
0.03299903869628906, 1367
0.03299903869628906, 1366
0.03299903869628906, 1365
0.03299903869628906, 1364
0.033998966217041016, 1363
0.033998966217041016, 1362
0.033998966217041016, 1361
0.033998966217041016, 1360
0.034998416900634766, 1359
0.034998416900634766, 1358
0.034998416900634766, 1357
0.034998416900634766, 1356
0.03599882125854492, 1355
0.03599882125854492, 1354
0.03599882125854492, 1353
0.03599882125854492, 1352
0.03599882125854492, 1351
0.036998748779296875, 1350
0.036998748779296875, 1349
0.036998748779296875, 1348
0.036998748779296875, 1347
0.03799867630004883, 1346
0.03799867630004883, 1345
0.03899836540222168, 1344
0.03899836540222168, 1343
0.03899836540222168, 1342
0.03899836540222168, 1341
0.03899836540222168, 1340
0.039998769760131836, 1339
0.039998769760131836, 1338
0.039998769760131836, 1337
0.04099917411804199, 1336
0.04099917411804199, 1335
0.04099917411804199, 1334
0.041998863220214844, 1333
0.041998863220214844, 1332
0.041998863220214844, 1331
0.041998863220214844, 1330
0.0429990291595459, 1329
0.04399871826171875, 1328
0.04399871826171875, 1327
0.04399871826171875, 1326
0.0449986457824707, 1325
0.0449986457824707, 1324
0.0449986457824707, 1323
0.0449986457824707, 1322
0.0449986457824707, 1321
0.045998573303222656, 1320
0.04700613021850586, 1319
0.04700613021850586, 1318
0.04700613021850586, 1317
0.04700613021850586, 1316
0.047998666763305664, 1315
0.047998666763305664, 1314
0.047998666763305664, 1313
0.047998666763305664, 1312
0.04899859428405762, 1311
0.04899859428405762, 1310
0.04999899864196777, 1309
0.04999899864196777, 1308
0.05099892616271973, 1307
0.05199885368347168, 1306
0.05199885368347168, 1305
0.05199885368347168, 1304
0.05199885368347168, 1303
0.05199885368347168, 1302
0.05199885368347168, 1301
0.05299878120422363, 1300
0.05299878120422363, 1299
0.05299878120422363, 1298
0.05299878120422363, 1297
0.05299878120422363, 1296
0.05399894714355469, 1295
0.05399894714355469, 1294
0.05399894714355469, 1293
0.055004119873046875, 1292
0.055004119873046875, 1291
0.055004119873046875, 1290
0.055004119873046875, 1289
0.055998802185058594, 1288
0.05699872970581055, 1287
0.05807828903198242, 1286
0.05807828903198242, 1285
0.05807828903198242, 1284
0.05807828903198242, 1283
0.05807828903198242, 1282
0.05807828903198242, 1281
0.05807828903198242, 1280
0.05807828903198242, 1279
0.05807828903198242, 1278
0.05807828903198242, 1277
0.05807828903198242, 1276
0.05807828903198242, 1275
0.05807828903198242, 1274
0.05807828903198242, 1273
0.05807828903198242, 1272
0.05807828903198242, 1271
0.05807828903198242, 1270
0.05807828903198242, 1269
0.05807828903198242, 1268
0.05807828903198242, 1267
0.05807828903198242, 1266
0.05807828903198242, 1265
0.05807828903198242, 1264
0.05807828903198242, 1263
0.05807828903198242, 1262
0.05807828903198242, 1261
0.05807828903198242, 1260
0.05807828903198242, 1259
0.05807828903198242, 1258
0.05807828903198242, 1257
0.05807828903198242, 1256
0.05807828903198242, 1255
0.05807828903198242, 1254
0.05807828903198242, 1253
0.05807828903198242, 1252
0.05807828903198242, 1251
0.05807828903198242, 1250
0.05807828903198242, 1249
0.05807828903198242, 1248
0.07370448112487793, 1247
0.07370448112487793, 1246
0.07370448112487793, 1245
0.07370448112487793, 1244
0.07370448112487793, 1243
0.07370448112487793, 1242
0.07370448112487793, 1241
0.07370448112487793, 1240
0.07370448112487793, 1239
0.07370448112487793, 1238
0.07370448112487793, 1237
0.07370448112487793, 1236
0.07370448112487793, 1235
0.07370448112487793, 1234
0.07370448112487793, 1233
0.07370448112487793, 1232
0.07370448112487793, 1231
0.07370448112487793, 1230
0.07370448112487793, 1229
0.07370448112487793, 1228
0.07370448112487793, 1227
0.07370448112487793, 1226
0.07370448112487793, 1225
0.07370448112487793, 1224
0.07370448112487793, 1223
0.07370448112487793, 1222
0.07370448112487793, 1221
0.07370448112487793, 1220
0.07370448112487793, 1219
0.07370448112487793, 1218
0.07370448112487793, 1217
0.07370448112487793, 1216
0.07370448112487793, 1215
0.07370448112487793, 1214
0.08932876586914062, 1213
0.08983278274536133, 1212
0.08983278274536133, 1211
0.08983278274536133, 1210
0.08983278274536133, 1209
0.08983278274536133, 1208
0.08983278274536133, 1207
0.08983278274536133, 1206
0.08983278274536133, 1205
0.08983278274536133, 1204
0.08983278274536133, 1203
0.08983278274536133, 1202
0.08983278274536133, 1201
0.08983278274536133, 1200
0.08983278274536133, 1199
0.08983278274536133, 1198
0.08983278274536133, 1197
0.08983278274536133, 1196
0.08983278274536133, 1195
0.08983278274536133, 1194
0.08983278274536133, 1193
0.08983278274536133, 1192
0.08983278274536133, 1191
0.08983278274536133, 1190
0.08983278274536133, 1189
0.10546445846557617, 1188
0.10546445846557617, 1187
0.10546445846557617, 1186
0.10546445846557617, 1185
0.10546445846557617, 1184
0.10546445846557617, 1183
0.10546445846557617, 1182
0.10546445846557617, 1181
0.10546445846557617, 1180
0.10546445846557617, 1179
0.10546445846557617, 1178
0.10546445846557617, 1177
0.10546445846557617, 1176
0.10546445846557617, 1175
0.10546445846557617, 1174
0.10546445846557617, 1173
0.10546445846557617, 1172
0.10546445846557617, 1171
0.10546445846557617, 1170
0.10546445846557617, 1169
0.10546445846557617, 1168
0.10546445846557617, 1167
0.12112689018249512, 1166
0.12112689018249512, 1165
0.12112689018249512, 1164
0.12112689018249512, 1163
0.12112689018249512, 1162
0.12112689018249512, 1161
0.12112689018249512, 1160
0.12112689018249512, 1159
0.12112689018249512, 1158
0.12112689018249512, 1157
0.12112689018249512, 1156
0.12112689018249512, 1155
0.12112689018249512, 1154
0.12112689018249512, 1153
0.12112689018249512, 1152
0.12112689018249512, 1151
0.12112689018249512, 1150
0.12112689018249512, 1149
0.12112689018249512, 1148
0.12112689018249512, 1147
0.12112689018249512, 1146
0.12112689018249512, 1145
0.12112689018249512, 1144
0.13675379753112793, 1143
0.13675379753112793, 1142
0.13675379753112793, 1141
0.13675379753112793, 1140
0.13675379753112793, 1139
0.13675379753112793, 1138
0.13675379753112793, 1137
0.13675379753112793, 1136
0.13675379753112793, 1135
0.13675379753112793, 1134
0.13675379753112793, 1133
0.13675379753112793, 1132
0.13675379753112793, 1131
0.13675379753112793, 1130
0.13675379753112793, 1129
0.13675379753112793, 1128
0.13675379753112793, 1127
0.13675379753112793, 1126
0.13675379753112793, 1125
0.13675379753112793, 1124
0.13675379753112793, 1123
0.15238189697265625, 1122
0.15238189697265625, 1121
0.15238189697265625, 1120
0.15238189697265625, 1119
0.15238189697265625, 1118
0.15238189697265625, 1117
0.15238189697265625, 1116
0.15238189697265625, 1115
0.15238189697265625, 1114
0.15238189697265625, 1113
0.15238189697265625, 1112
0.15238189697265625, 1111
0.15238189697265625, 1110
0.15238189697265625, 1109
0.15238189697265625, 1108
0.15238189697265625, 1107
0.15238189697265625, 1106
0.16801857948303223, 1105
0.16801857948303223, 1104
0.16801857948303223, 1103
0.16801857948303223, 1102
0.16801857948303223, 1101
0.16801857948303223, 1100
0.16801857948303223, 1099
0.16801857948303223, 1098
0.16801857948303223, 1097
0.16801857948303223, 1096
0.16801857948303223, 1095
0.16801857948303223, 1094
0.16801857948303223, 1093
0.16801857948303223, 1092
0.16801857948303223, 1091
0.16801857948303223, 1090
0.16801857948303223, 1089
0.16801857948303223, 1088
0.16801857948303223, 1087
0.16801857948303223, 1086
0.16801857948303223, 1085
0.16801857948303223, 1084
0.18363308906555176, 1083
0.18363308906555176, 1082
0.18363308906555176, 1081
0.18363308906555176, 1080
0.18363308906555176, 1079
0.18363308906555176, 1078
0.1902008056640625, 1077
0.1902008056640625, 1076
0.1922597885131836, 1075
0.1922597885131836, 1074
0.1922597885131836, 1073
0.1922597885131836, 1072
0.1922597885131836, 1071
0.1922597885131836, 1070
0.20238804817199707, 1069
0.20238804817199707, 1068
0.20238804817199707, 1067
0.20238804817199707, 1066
0.21044230461120605, 1065
0.2124950885772705, 1064
0.2124950885772705, 1063
0.2124950885772705, 1062
0.2124950885772705, 1061
0.2124950885772705, 1060
0.2205643653869629, 1059
0.2205643653869629, 1058
0.2205643653869629, 1057
0.2205643653869629, 1056
0.22261762619018555, 1055
0.22261762619018555, 1054
0.22261762619018555, 1053
0.22261762619018555, 1052
0.22261762619018555, 1051
0.22261762619018555, 1050
0.22261762619018555, 1049
0.22261762619018555, 1048
0.22261762619018555, 1047
0.22261762619018555, 1046
0.22261762619018555, 1045
0.23067116737365723, 1044
0.23067116737365723, 1043
0.23067116737365723, 1042
0.23067116737365723, 1041
0.23272442817687988, 1040
0.23272442817687988, 1039
0.23272442817687988, 1038
0.23272442817687988, 1037
0.23272442817687988, 1036
0.23272442817687988, 1035
0.23272442817687988, 1034
0.2428882122039795, 1033
0.2428882122039795, 1032
0.2428882122039795, 1031
0.2428882122039795, 1030
0.2428882122039795, 1029
0.2428882122039795, 1028
0.2428882122039795, 1027
0.25095272064208984, 1026
0.25095272064208984, 1025
0.2530038356781006, 1024
0.2530038356781006, 1023
0.2530038356781006, 1022
0.2530038356781006, 1021
0.2610752582550049, 1020
0.2610752582550049, 1019
0.26313161849975586, 1018
0.26313161849975586, 1017
0.26313161849975586, 1016
0.26313161849975586, 1015
0.27118682861328125, 1014
0.27118682861328125, 1013
0.27118682861328125, 1012
0.2732400894165039, 1011
0.2732400894165039, 1010
0.2732400894165039, 1009
0.2833724021911621, 1008
0.2833724021911621, 1007
0.2833724021911621, 1006
0.2934834957122803, 1005
0.2934834957122803, 1004
0.2934834957122803, 1003
0.2934834957122803, 1002
0.30157899856567383, 1001
0.3036336898803711, 1000
0.3036336898803711, 999
0.3036336898803711, 998
0.3137505054473877, 997
0.3217942714691162, 996
0.326859712600708, 995
0.3310701847076416, 994
0.33263111114501953, 993
0.3368535041809082, 992
0.3368535041809082, 991
0.3368535041809082, 990
0.342937707901001, 989
0.3530547618865967, 988
0.35510873794555664, 987
0.35510873794555664, 986
0.3652172088623047, 985
0.3652172088623047, 984
0.37532758712768555, 983
0.3854529857635498, 982
0.39351344108581543, 981
0.3955671787261963, 980
0.3955671787261963, 979
0.3955671787261963, 978
0.40570521354675293, 977
0.40570521354675293, 976
0.40570521354675293, 975
0.40570521354675293, 974
0.40570521354675293, 973
0.40570521354675293, 972
0.40570521354675293, 971
0.4158153533935547, 970
0.4158153533935547, 969
0.42590785026550293, 968
0.42590785026550293, 967
0.43594908714294434, 966
0.43594908714294434, 965
0.44399118423461914, 964
0.45618247985839844, 963
0.45618247985839844, 962
0.4663360118865967, 961
0.47440242767333984, 960
0.4764676094055176, 959
0.4764676094055176, 958
0.4764676094055176, 957
0.48656654357910156, 956
0.48656654357910156, 955
0.4946413040161133, 954
0.49670839309692383, 953
0.49670839309692383, 952
0.49670839309692383, 951
0.5149357318878174, 950
0.5170025825500488, 949
0.525092601776123, 948
0.5271711349487305, 947
0.5372467041015625, 946
0.5373051166534424, 945
0.587921142578125, 944
0.587921142578125, 943
0.5980570316314697, 942
0.5980570316314697, 941
0.6082353591918945, 940
0.6082353591918945, 939
0.6163063049316406, 938
0.6183750629425049, 937
0.6365399360656738, 936
0.6466770172119141, 935
0.6669735908508301, 934
0.6690394878387451, 933
0.6690394878387451, 932
0.6872062683105469, 931
0.6892752647399902, 930
0.697343111038208, 929
0.6994097232818604, 928
0.7074370384216309, 927
0.7095038890838623, 926
0.7095038890838623, 925
0.719637393951416, 924
0.7398817539215088, 923
0.7580816745758057, 922
0.7601480484008789, 921
0.7702901363372803, 920
0.7804262638092041, 919
0.7885129451751709, 918
0.8108088970184326, 917
0.8411779403686523, 916
0.8411779403686523, 915
0.8411779403686523, 914
0.849245548248291, 913
0.8513131141662598, 912
0.8998525142669678, 911
0.9120666980743408, 910
0.9120666980743408, 909
0.961005687713623, 908
1.0634360313415527, 907
1.0938103199005127, 906
1.1976172924041748, 905
1.2765460014343262, 904
1.389967679977417, 903
1.3980233669281006, 902
1.7041475772857666, 901
2.05859112739563, 900
3.5086216926574707, 899
