0.009999752044677734, 1461
0.010998964309692383, 1460
0.010998964309692383, 1459
0.010998964309692383, 1458
0.01199793815612793, 1457
0.01199793815612793, 1456
0.01199793815612793, 1455
0.01199793815612793, 1454
0.01199793815612793, 1453
0.012997865676879883, 1452
0.012997865676879883, 1451
0.012997865676879883, 1450
0.012997865676879883, 1449
0.014001131057739258, 1448
0.014001131057739258, 1447
0.014001131057739258, 1446
0.014001131057739258, 1445
0.014001131057739258, 1444
0.015001773834228516, 1443
0.015001773834228516, 1442
0.015001773834228516, 1441
0.015001773834228516, 1440
0.015001773834228516, 1439
0.016002893447875977, 1438
0.016002893447875977, 1437
0.016002893447875977, 1436
0.016002893447875977, 1435
0.016002893447875977, 1434
0.01699972152709961, 1433
0.01699972152709961, 1432
0.01699972152709961, 1431
0.01699972152709961, 1430
0.01699972152709961, 1429
0.017998218536376953, 1428
0.017998218536376953, 1427
0.018997907638549805, 1426
0.018997907638549805, 1425
0.018997907638549805, 1424
0.018997907638549805, 1423
0.018997907638549805, 1422
0.019997835159301758, 1421
0.019997835159301758, 1420
0.019997835159301758, 1419
0.019997835159301758, 1418
0.019997835159301758, 1417
0.02099895477294922, 1416
0.02099895477294922, 1415
0.021997928619384766, 1414
0.021997928619384766, 1413
0.021997928619384766, 1412
0.02299785614013672, 1411
0.02299785614013672, 1410
0.02299785614013672, 1409
0.02299785614013672, 1408
0.023997783660888672, 1407
0.024997949600219727, 1406
0.024997949600219727, 1405
0.02599787712097168, 1404
0.02599787712097168, 1403
0.02599787712097168, 1402
0.02599787712097168, 1401
0.02599787712097168, 1400
0.026998043060302734, 1399
0.026998043060302734, 1398
0.026998043060302734, 1397
0.026998043060302734, 1396
0.027997970581054688, 1395
0.027997970581054688, 1394
0.027997970581054688, 1393
0.027997970581054688, 1392
0.027997970581054688, 1391
0.02899789810180664, 1390
0.02899789810180664, 1389
0.02899789810180664, 1388
0.02899789810180664, 1387
0.029997825622558594, 1386
0.029997825622558594, 1385
0.029997825622558594, 1384
0.029997825622558594, 1383
0.029997825622558594, 1382
0.031000614166259766, 1381
0.031000614166259766, 1380
0.031999826431274414, 1379
0.031999826431274414, 1378
0.031999826431274414, 1377
0.031999826431274414, 1376
0.031999826431274414, 1375
0.031999826431274414, 1374
0.03299903869628906, 1373
0.03401303291320801, 1372
0.03401303291320801, 1371
0.03401303291320801, 1370
0.03500223159790039, 1369
0.035999298095703125, 1368
0.035999298095703125, 1367
0.035999298095703125, 1366
0.035999298095703125, 1365
0.035999298095703125, 1364
0.035999298095703125, 1363
0.03699970245361328, 1362
0.03699970245361328, 1361
0.03699970245361328, 1360
0.03699970245361328, 1359
0.03699970245361328, 1358
0.03799796104431152, 1357
0.03799796104431152, 1356
0.03799796104431152, 1355
0.03799796104431152, 1354
0.03799796104431152, 1353
0.03899788856506348, 1352
0.03899788856506348, 1351
0.03899788856506348, 1350
0.03899788856506348, 1349
0.03899788856506348, 1348
0.03999781608581543, 1347
0.03999781608581543, 1346
0.03999781608581543, 1345
0.03999781608581543, 1344
0.040997982025146484, 1343
0.040997982025146484, 1342
0.040997982025146484, 1341
0.04199790954589844, 1340
0.04199790954589844, 1339
0.04299807548522949, 1338
0.04299807548522949, 1337
0.043997764587402344, 1336
0.043997764587402344, 1335
0.043997764587402344, 1334
0.043997764587402344, 1333
0.0449979305267334, 1332
0.0449979305267334, 1331
0.0449979305267334, 1330
0.04599785804748535, 1329
0.04599785804748535, 1328
0.04599785804748535, 1327
0.04599785804748535, 1326
0.04599785804748535, 1325
0.04700183868408203, 1324
0.04700183868408203, 1323
0.04700183868408203, 1322
0.04800105094909668, 1321
0.04800105094909668, 1320
0.04800105094909668, 1319
0.04900240898132324, 1318
0.04900240898132324, 1317
0.05000042915344238, 1316
0.05000042915344238, 1315
0.05000042915344238, 1314
0.05000042915344238, 1313
0.05000042915344238, 1312
0.05199885368347168, 1311
0.05199885368347168, 1310
0.05199885368347168, 1309
0.052999258041381836, 1308
0.052999258041381836, 1307
0.05399799346923828, 1306
0.05399799346923828, 1305
0.054997920989990234, 1304
0.054997920989990234, 1303
0.05599784851074219, 1302
0.05599784851074219, 1301
0.05699801445007324, 1300
0.05699801445007324, 1299
0.05699801445007324, 1298
0.05699801445007324, 1297
0.057997941970825195, 1296
0.057997941970825195, 1295
0.057997941970825195, 1294
0.06004047393798828, 1293
0.06004047393798828, 1292
0.06103873252868652, 1291
0.062040090560913086, 1290
0.062040090560913086, 1289
0.062040090560913086, 1288
0.062040090560913086, 1287
0.06303858757019043, 1286
0.06303858757019043, 1285
0.06400156021118164, 1284
0.06400156021118164, 1283
0.06400156021118164, 1282
0.0650014877319336, 1281
0.0650014877319336, 1280
0.0660409927368164, 1279
0.06700372695922852, 1278
0.06800174713134766, 1277
0.06800174713134766, 1276
0.06800174713134766, 1275
0.06903457641601562, 1274
0.06903457641601562, 1273
0.06903457641601562, 1272
0.06903457641601562, 1271
0.07003474235534668, 1270
0.07003474235534668, 1269
0.07003474235534668, 1268
0.07103180885314941, 1267
0.07103180885314941, 1266
0.07203459739685059, 1265
0.07303786277770996, 1264
0.07403445243835449, 1263
0.07703447341918945, 1262
0.07703447341918945, 1261
0.07703447341918945, 1260
0.07804226875305176, 1259
0.07804226875305176, 1258
0.07804226875305176, 1257
0.07804226875305176, 1256
0.07804226875305176, 1255
0.07903933525085449, 1254
0.07903933525085449, 1253
0.07903933525085449, 1252
0.08002805709838867, 1251
0.08002805709838867, 1250
0.08100199699401855, 1249
0.08100199699401855, 1248
0.08100199699401855, 1247
0.08100199699401855, 1246
0.08199954032897949, 1245
0.08401250839233398, 1244
0.08401250839233398, 1243
0.08499956130981445, 1242
0.08499956130981445, 1241
0.08499956130981445, 1240
0.08499956130981445, 1239
0.08499956130981445, 1238
0.0859992504119873, 1237
0.0859992504119873, 1236
0.0859992504119873, 1235
0.08699870109558105, 1234
0.08699870109558105, 1233
0.08699870109558105, 1232
0.08799910545349121, 1231
0.08799910545349121, 1230
0.08899903297424316, 1229
0.08899903297424316, 1228
0.08899903297424316, 1227
0.08999896049499512, 1226
0.08999896049499512, 1225
0.08999896049499512, 1224
0.09099864959716797, 1223
0.09099864959716797, 1222
0.09199905395507812, 1221
0.09199905395507812, 1220
0.09399890899658203, 1219
0.09499883651733398, 1218
0.09499883651733398, 1217
0.09499883651733398, 1216
0.09800124168395996, 1215
0.09900617599487305, 1214
0.09900617599487305, 1213
0.09900617599487305, 1212
0.10000085830688477, 1211
0.10000085830688477, 1210
0.10000085830688477, 1209
0.10100173950195312, 1208
0.10100173950195312, 1207
0.1040351390838623, 1206
0.1040351390838623, 1205
0.1040351390838623, 1204
0.10503458976745605, 1203
0.10503458976745605, 1202
0.10503458976745605, 1201
0.10603570938110352, 1200
0.10603570938110352, 1199
0.10703468322753906, 1198
0.10703468322753906, 1197
0.10803699493408203, 1196
0.10903477668762207, 1195
0.1100320816040039, 1194
0.1100320816040039, 1193
0.1100320816040039, 1192
0.11105036735534668, 1191
0.11105036735534668, 1190
0.11203908920288086, 1189
0.11203908920288086, 1188
0.11399984359741211, 1187
0.11399984359741211, 1186
0.11399984359741211, 1185
0.11399984359741211, 1184
0.11705565452575684, 1183
0.12003493309020996, 1182
0.12003493309020996, 1181
0.12104225158691406, 1180
0.12203478813171387, 1179
0.12303519248962402, 1178
0.12303519248962402, 1177
0.12403702735900879, 1176
0.12703466415405273, 1175
0.1280379295349121, 1174
0.1280379295349121, 1173
0.1280379295349121, 1172
0.12903857231140137, 1171
0.12903857231140137, 1170
0.12903857231140137, 1169
0.1300220489501953, 1168
0.1300220489501953, 1167
0.13100051879882812, 1166
0.13100051879882812, 1165
0.1320481300354004, 1164
0.13299989700317383, 1163
0.13299989700317383, 1162
0.13299989700317383, 1161
0.13401293754577637, 1160
0.13603520393371582, 1159
0.13703441619873047, 1158
0.13803458213806152, 1157
0.13803458213806152, 1156
0.13903570175170898, 1155
0.14003515243530273, 1154
0.14003515243530273, 1153
0.14103484153747559, 1152
0.14103484153747559, 1151
0.14203214645385742, 1150
0.14203214645385742, 1149
0.14203214645385742, 1148
0.1430342197418213, 1147
0.14504051208496094, 1146
0.14504051208496094, 1145
0.14504051208496094, 1144
0.1460428237915039, 1143
0.1460428237915039, 1142
0.1460428237915039, 1141
0.14799976348876953, 1140
0.14903998374938965, 1139
0.14903998374938965, 1138
0.14903998374938965, 1137
0.1500391960144043, 1136
0.1510448455810547, 1135
0.1510448455810547, 1134
0.1510448455810547, 1133
0.15304088592529297, 1132
0.15504074096679688, 1131
0.15504074096679688, 1130
0.15504074096679688, 1129
0.15604019165039062, 1128
0.15604019165039062, 1127
0.15703892707824707, 1126
0.15703892707824707, 1125
0.15903902053833008, 1124
0.16005253791809082, 1123
0.1630384922027588, 1122
0.1640005111694336, 1121
0.1640005111694336, 1120
0.16504144668579102, 1119
0.16603446006774902, 1118
0.16603446006774902, 1117
0.16603446006774902, 1116
0.16700148582458496, 1115
0.16803479194641113, 1114
0.16803479194641113, 1113
0.16803479194641113, 1112
0.16903471946716309, 1111
0.16903471946716309, 1110
0.1710340976715088, 1109
0.17203664779663086, 1108
0.17203664779663086, 1107
0.1730351448059082, 1106
0.1730351448059082, 1105
0.1730351448059082, 1104
0.1730351448059082, 1103
0.17704463005065918, 1102
0.17804169654846191, 1101
0.17804169654846191, 1100
0.17804169654846191, 1099
0.17903923988342285, 1098
0.17903923988342285, 1097
0.1810767650604248, 1096
0.1810767650604248, 1095
0.1810767650604248, 1094
0.1810767650604248, 1093
0.1810767650604248, 1092
0.1810767650604248, 1091
0.1810767650604248, 1090
0.1810767650604248, 1089
0.1810767650604248, 1088
0.1961228847503662, 1087
0.1961228847503662, 1086
0.1961228847503662, 1085
0.1961228847503662, 1084
0.1961228847503662, 1083
0.1961228847503662, 1082
0.1961228847503662, 1081
0.1961228847503662, 1080
0.1961228847503662, 1079
0.1961228847503662, 1078
0.1961228847503662, 1077
0.1961228847503662, 1076
0.1961228847503662, 1075
0.1961228847503662, 1074
0.1961228847503662, 1073
0.21179747581481934, 1072
0.21179747581481934, 1071
0.21179747581481934, 1070
0.21179747581481934, 1069
0.21179747581481934, 1068
0.21179747581481934, 1067
0.21179747581481934, 1066
0.21179747581481934, 1065
0.21179747581481934, 1064
0.22741937637329102, 1063
0.22741937637329102, 1062
0.22741937637329102, 1061
0.22741937637329102, 1060
0.22741937637329102, 1059
0.22741937637329102, 1058
0.22741937637329102, 1057
0.22741937637329102, 1056
0.22741937637329102, 1055
0.22741937637329102, 1054
0.22741937637329102, 1053
0.22741937637329102, 1052
0.22741937637329102, 1051
0.22741937637329102, 1050
0.24304652214050293, 1049
0.24304652214050293, 1048
0.24304652214050293, 1047
0.24304652214050293, 1046
0.24304652214050293, 1045
0.24304652214050293, 1044
0.24304652214050293, 1043
0.24304652214050293, 1042
0.24304652214050293, 1041
0.2586698532104492, 1040
0.2586698532104492, 1039
0.2586698532104492, 1038
0.2586698532104492, 1037
0.2586698532104492, 1036
0.2586698532104492, 1035
0.2586698532104492, 1034
0.2586698532104492, 1033
0.2586698532104492, 1032
0.2586698532104492, 1031
0.2586698532104492, 1030
0.2586698532104492, 1029
0.2586698532104492, 1028
0.2586698532104492, 1027
0.2586698532104492, 1026
0.27429723739624023, 1025
0.27429723739624023, 1024
0.27429723739624023, 1023
0.27429723739624023, 1022
0.27429723739624023, 1021
0.27429723739624023, 1020
0.27429723739624023, 1019
0.27429723739624023, 1018
0.27429723739624023, 1017
0.27429723739624023, 1016
0.27429723739624023, 1015
0.2899203300476074, 1014
0.2899203300476074, 1013
0.2985343933105469, 1012
0.2985343933105469, 1011
0.2985343933105469, 1010
0.2985343933105469, 1009
0.2985343933105469, 1008
0.2985343933105469, 1007
0.30864644050598145, 1006
0.30864644050598145, 1005
0.30864644050598145, 1004
0.31669116020202637, 1003
0.3167109489440918, 1002
0.3187685012817383, 1001
0.3187685012817383, 1000
0.3187685012817383, 999
0.3187685012817383, 998
0.3187685012817383, 997
0.3187685012817383, 996
0.3289492130279541, 995
0.3289492130279541, 994
0.3289492130279541, 993
0.3289492130279541, 992
0.3289492130279541, 991
0.3370065689086914, 990
0.33906006813049316, 989
0.33906006813049316, 988
0.33906006813049316, 987
0.33906006813049316, 986
0.33906006813049316, 985
0.33906006813049316, 984
0.34921813011169434, 983
0.34921813011169434, 982
0.35727882385253906, 981
0.3593311309814453, 980
0.3593311309814453, 979
0.3593311309814453, 978
0.3673977851867676, 977
0.36945462226867676, 976
0.36945462226867676, 975
0.37957143783569336, 974
0.37957143783569336, 973
0.37957143783569336, 972
0.37957143783569336, 971
0.37957143783569336, 970
0.37957143783569336, 969
0.3876509666442871, 968
0.3897104263305664, 967
0.3897104263305664, 966
0.3897104263305664, 965
0.39981865882873535, 964
0.39981865882873535, 963
0.39981865882873535, 962
0.39981865882873535, 961
0.4099457263946533, 960
0.4099457263946533, 959
0.4099457263946533, 958
0.43020105361938477, 957
0.4382305145263672, 956
0.4483320713043213, 955
0.4504239559173584, 954
0.4504239559173584, 953
0.46862363815307617, 952
0.470653772354126, 951
0.470653772354126, 950
0.48079824447631836, 949
0.4909346103668213, 948
0.4909346103668213, 947
0.49900364875793457, 946
0.5090987682342529, 945
0.511167049407959, 944
0.511167049407959, 943
0.511167049407959, 942
0.5318713188171387, 941
0.5318713188171387, 940
0.5420100688934326, 939
0.5622692108154297, 938
0.5622692108154297, 937
0.580463171005249, 936
0.5926895141601562, 935
0.6028292179107666, 934
0.6129336357116699, 933
0.6129336357116699, 932
0.6210110187530518, 931
0.6230778694152832, 930
0.6331794261932373, 929
0.6635739803314209, 928
0.6635739803314209, 927
0.6737298965454102, 926
0.6838667392730713, 925
0.7040965557098389, 924
0.712148904800415, 923
0.7142164707183838, 922
0.7142164707183838, 921
0.7243516445159912, 920
0.7446296215057373, 919
0.7446296215057373, 918
0.764901876449585, 917
0.764901876449585, 916
0.7750725746154785, 915
0.8155772686004639, 914
0.8460178375244141, 913
0.854088306427002, 912
0.9068419933319092, 911
1.0293910503387451, 910
1.0496351718902588, 909
1.0699267387390137, 908
1.0902349948883057, 907
1.1615064144134521, 906
1.2324004173278809, 905
1.2830395698547363, 904
1.3236007690429688, 903
1.4149460792541504, 902
1.4352006912231445, 901
1.6560173034667969, 900
2.203510046005249, 899
