0.048082828521728516, 1461
0.048082828521728516, 1460
0.048082828521728516, 1459
0.048082828521728516, 1458
0.048082828521728516, 1457
0.048082828521728516, 1456
0.048082828521728516, 1455
0.048082828521728516, 1454
0.048082828521728516, 1453
0.06370139122009277, 1452
0.06370139122009277, 1451
0.06370139122009277, 1450
0.06370139122009277, 1449
0.06370139122009277, 1448
0.06370139122009277, 1447
0.06370139122009277, 1446
0.06370139122009277, 1445
0.06370139122009277, 1444
0.06370139122009277, 1443
0.06370139122009277, 1442
0.06370139122009277, 1441
0.06370139122009277, 1440
0.06370139122009277, 1439
0.06370139122009277, 1438
0.06370139122009277, 1437
0.06370139122009277, 1436
0.06370139122009277, 1435
0.06370139122009277, 1434
0.06370139122009277, 1433
0.06370139122009277, 1432
0.06370139122009277, 1431
0.06370139122009277, 1430
0.06370139122009277, 1429
0.06370139122009277, 1428
0.06370139122009277, 1427
0.06370139122009277, 1426
0.06370139122009277, 1425
0.06370139122009277, 1424
0.06370139122009277, 1423
0.06370139122009277, 1422
0.06370139122009277, 1421
0.06370139122009277, 1420
0.06370139122009277, 1419
0.06370139122009277, 1418
0.06370139122009277, 1417
0.06370139122009277, 1416
0.06370139122009277, 1415
0.06370139122009277, 1414
0.06370139122009277, 1413
0.06370139122009277, 1412
0.06370139122009277, 1411
0.06370139122009277, 1410
0.06370139122009277, 1409
0.06370139122009277, 1408
0.06370139122009277, 1407
0.06370139122009277, 1406
0.06370139122009277, 1405
0.06370139122009277, 1404
0.06370139122009277, 1403
0.06370139122009277, 1402
0.06370139122009277, 1401
0.06370139122009277, 1400
0.06370139122009277, 1399
0.06370139122009277, 1398
0.06370139122009277, 1397
0.06370139122009277, 1396
0.06370139122009277, 1395
0.06370139122009277, 1394
0.06370139122009277, 1393
0.06370139122009277, 1392
0.06370139122009277, 1391
0.06370139122009277, 1390
0.06370139122009277, 1389
0.06370139122009277, 1388
0.06370139122009277, 1387
0.06370139122009277, 1386
0.06370139122009277, 1385
0.06370139122009277, 1384
0.06370139122009277, 1383
0.06370139122009277, 1382
0.07932639122009277, 1381
0.07932639122009277, 1380
0.07932639122009277, 1379
0.07932639122009277, 1378
0.07932639122009277, 1377
0.08108711242675781, 1376
0.08108711242675781, 1375
0.08108711242675781, 1374
0.08108711242675781, 1373
0.08108711242675781, 1372
0.08223772048950195, 1371
0.08223772048950195, 1370
0.08223772048950195, 1369
0.08223772048950195, 1368
0.08223772048950195, 1367
0.08223772048950195, 1366
0.08223772048950195, 1365
0.0842440128326416, 1364
0.0842440128326416, 1363
0.0842440128326416, 1362
0.0842440128326416, 1361
0.0842440128326416, 1360
0.0842440128326416, 1359
0.0842440128326416, 1358
0.0842440128326416, 1357
0.0842440128326416, 1356
0.0842440128326416, 1355
0.0842440128326416, 1354
0.0842440128326416, 1353
0.0842440128326416, 1352
0.0842440128326416, 1351
0.0842440128326416, 1350
0.0842440128326416, 1349
0.0842440128326416, 1348
0.0842440128326416, 1347
0.0842440128326416, 1346
0.0842440128326416, 1345
0.0842440128326416, 1344
0.0842440128326416, 1343
0.0842440128326416, 1342
0.0842440128326416, 1341
0.0842440128326416, 1340
0.0842440128326416, 1339
0.0842440128326416, 1338
0.0842440128326416, 1337
0.0842440128326416, 1336
0.0842440128326416, 1335
0.0842440128326416, 1334
0.0842440128326416, 1333
0.0842440128326416, 1332
0.0842440128326416, 1331
0.0842440128326416, 1330
0.0842440128326416, 1329
0.0842440128326416, 1328
0.0842440128326416, 1327
0.0842440128326416, 1326
0.0842440128326416, 1325
0.0842440128326416, 1324
0.0842440128326416, 1323
0.0842440128326416, 1322
0.0842440128326416, 1321
0.0842440128326416, 1320
0.0842440128326416, 1319
0.0842440128326416, 1318
0.0842440128326416, 1317
0.0842440128326416, 1316
0.0842440128326416, 1315
0.0842440128326416, 1314
0.0842440128326416, 1313
0.0842440128326416, 1312
0.0842440128326416, 1311
0.0842440128326416, 1310
0.09988164901733398, 1309
0.09988164901733398, 1308
0.09988164901733398, 1307
0.09988164901733398, 1306
0.09988164901733398, 1305
0.09988164901733398, 1304
0.09988164901733398, 1303
0.09988164901733398, 1302
0.09988164901733398, 1301
0.09988164901733398, 1300
0.09988164901733398, 1299
0.09988164901733398, 1298
0.09988164901733398, 1297
0.09988164901733398, 1296
0.09988164901733398, 1295
0.09988164901733398, 1294
0.09988164901733398, 1293
0.09988164901733398, 1292
0.09988164901733398, 1291
0.09988164901733398, 1290
0.09988164901733398, 1289
0.09988164901733398, 1288
0.09988164901733398, 1287
0.09988164901733398, 1286
0.09988164901733398, 1285
0.09988164901733398, 1284
0.09988164901733398, 1283
0.09988164901733398, 1282
0.09988164901733398, 1281
0.09988164901733398, 1280
0.09988164901733398, 1279
0.09988164901733398, 1278
0.09988164901733398, 1277
0.09988164901733398, 1276
0.09988164901733398, 1275
0.09988164901733398, 1274
0.09988164901733398, 1273
0.09988164901733398, 1272
0.09988164901733398, 1271
0.09988164901733398, 1270
0.11551022529602051, 1269
0.11551022529602051, 1268
0.11551022529602051, 1267
0.11551022529602051, 1266
0.11551022529602051, 1265
0.11551022529602051, 1264
0.11551022529602051, 1263
0.11551022529602051, 1262
0.11551022529602051, 1261
0.11551022529602051, 1260
0.11551022529602051, 1259
0.11551022529602051, 1258
0.11551022529602051, 1257
0.11551022529602051, 1256
0.11551022529602051, 1255
0.11551022529602051, 1254
0.11551022529602051, 1253
0.11551022529602051, 1252
0.11551022529602051, 1251
0.11551022529602051, 1250
0.11551022529602051, 1249
0.11551022529602051, 1248
0.11551022529602051, 1247
0.11551022529602051, 1246
0.11551022529602051, 1245
0.11551022529602051, 1244
0.11551022529602051, 1243
0.11551022529602051, 1242
0.11551022529602051, 1241
0.11551022529602051, 1240
0.11551022529602051, 1239
0.11551022529602051, 1238
0.11551022529602051, 1237
0.11551022529602051, 1236
0.11551022529602051, 1235
0.11551022529602051, 1234
0.11551022529602051, 1233
0.11551022529602051, 1232
0.1311337947845459, 1231
0.1311337947845459, 1230
0.1311337947845459, 1229
0.1311337947845459, 1228
0.1311337947845459, 1227
0.1311337947845459, 1226
0.1311337947845459, 1225
0.1311337947845459, 1224
0.1311337947845459, 1223
0.1311337947845459, 1222
0.1311337947845459, 1221
0.1311337947845459, 1220
0.1311337947845459, 1219
0.1311337947845459, 1218
0.1311337947845459, 1217
0.1311337947845459, 1216
0.1311337947845459, 1215
0.1311337947845459, 1214
0.1311337947845459, 1213
0.1311337947845459, 1212
0.1311337947845459, 1211
0.1311337947845459, 1210
0.1311337947845459, 1209
0.1311337947845459, 1208
0.1311337947845459, 1207
0.1311337947845459, 1206
0.146759033203125, 1205
0.146759033203125, 1204
0.146759033203125, 1203
0.146759033203125, 1202
0.146759033203125, 1201
0.146759033203125, 1200
0.146759033203125, 1199
0.146759033203125, 1198
0.146759033203125, 1197
0.146759033203125, 1196
0.146759033203125, 1195
0.146759033203125, 1194
0.146759033203125, 1193
0.146759033203125, 1192
0.146759033203125, 1191
0.146759033203125, 1190
0.146759033203125, 1189
0.146759033203125, 1188
0.146759033203125, 1187
0.146759033203125, 1186
0.146759033203125, 1185
0.146759033203125, 1184
0.146759033203125, 1183
0.146759033203125, 1182
0.146759033203125, 1181
0.1623835563659668, 1180
0.1623835563659668, 1179
0.1623835563659668, 1178
0.1623835563659668, 1177
0.1623835563659668, 1176
0.1623835563659668, 1175
0.1623835563659668, 1174
0.1623835563659668, 1173
0.1623835563659668, 1172
0.1623835563659668, 1171
0.1623835563659668, 1170
0.1623835563659668, 1169
0.1623835563659668, 1168
0.1623835563659668, 1167
0.1623835563659668, 1166
0.1623835563659668, 1165
0.1623835563659668, 1164
0.1623835563659668, 1163
0.1623835563659668, 1162
0.1623835563659668, 1161
0.1623835563659668, 1160
0.1623835563659668, 1159
0.1623835563659668, 1158
0.1623835563659668, 1157
0.1623835563659668, 1156
0.1623835563659668, 1155
0.1623835563659668, 1154
0.1623835563659668, 1153
0.1780083179473877, 1152
0.1780083179473877, 1151
0.1780083179473877, 1150
0.1780083179473877, 1149
0.1780083179473877, 1148
0.1780083179473877, 1147
0.1780083179473877, 1146
0.1780083179473877, 1145
0.1780083179473877, 1144
0.18457984924316406, 1143
0.18664336204528809, 1142
0.18664336204528809, 1141
0.18664336204528809, 1140
0.18664336204528809, 1139
0.18664336204528809, 1138
0.18664336204528809, 1137
0.18664336204528809, 1136
0.19472074508666992, 1135
0.19472074508666992, 1134
0.19472074508666992, 1133
0.19678711891174316, 1132
0.19678711891174316, 1131
0.19678711891174316, 1130
0.19678711891174316, 1129
0.19678711891174316, 1128
0.20485377311706543, 1127
0.20485377311706543, 1126
0.20691847801208496, 1125
0.20691847801208496, 1124
0.20691847801208496, 1123
0.20691847801208496, 1122
0.20691847801208496, 1121
0.20691847801208496, 1120
0.21497201919555664, 1119
0.21497201919555664, 1118
0.21497201919555664, 1117
0.21497201919555664, 1116
0.21497201919555664, 1115
0.21497201919555664, 1114
0.21703815460205078, 1113
0.21703815460205078, 1112
0.21703815460205078, 1111
0.21703815460205078, 1110
0.21703815460205078, 1109
0.21703815460205078, 1108
0.21703815460205078, 1107
0.21703815460205078, 1106
0.21703815460205078, 1105
0.21703815460205078, 1104
0.21703815460205078, 1103
0.21703815460205078, 1102
0.21703815460205078, 1101
0.21703815460205078, 1100
0.21703815460205078, 1099
0.22510504722595215, 1098
0.22510504722595215, 1097
0.2271723747253418, 1096
0.2271723747253418, 1095
0.2271723747253418, 1094
0.2271723747253418, 1093
0.2271723747253418, 1092
0.2271723747253418, 1091
0.2271723747253418, 1090
0.2271723747253418, 1089
0.23740053176879883, 1088
0.23740053176879883, 1087
0.23740053176879883, 1086
0.23740053176879883, 1085
0.23740053176879883, 1084
0.23740053176879883, 1083
0.23740053176879883, 1082
0.23740053176879883, 1081
0.23740053176879883, 1080
0.23740053176879883, 1079
0.24544811248779297, 1078
0.24554443359375, 1077
0.24554443359375, 1076
0.24768614768981934, 1075
0.24768614768981934, 1074
0.24768614768981934, 1073
0.24768614768981934, 1072
0.24768614768981934, 1071
0.24768614768981934, 1070
0.24768614768981934, 1069
0.24768614768981934, 1068
0.24768614768981934, 1067
0.24768614768981934, 1066
0.24768614768981934, 1065
0.25577473640441895, 1064
0.25577473640441895, 1063
0.25577473640441895, 1062
0.25791478157043457, 1061
0.25791478157043457, 1060
0.25791478157043457, 1059
0.25791478157043457, 1058
0.25791478157043457, 1057
0.25791478157043457, 1056
0.25791478157043457, 1055
0.2660553455352783, 1054
0.2660553455352783, 1053
0.2660553455352783, 1052
0.26819705963134766, 1051
0.26819705963134766, 1050
0.26819705963134766, 1049
0.26819705963134766, 1048
0.26819705963134766, 1047
0.26819705963134766, 1046
0.26819705963134766, 1045
0.26819705963134766, 1044
0.27628564834594727, 1043
0.27628564834594727, 1042
0.2784242630004883, 1041
0.2784242630004883, 1040
0.2784242630004883, 1039
0.2784242630004883, 1038
0.28656983375549316, 1037
0.28656983375549316, 1036
0.2887108325958252, 1035
0.2887108325958252, 1034
0.2887108325958252, 1033
0.2887108325958252, 1032
0.2967994213104248, 1031
0.2967994213104248, 1030
0.2967994213104248, 1029
0.2989470958709717, 1028
0.2989470958709717, 1027
0.2989470958709717, 1026
0.2989470958709717, 1025
0.2989470958709717, 1024
0.2989470958709717, 1023
0.2989470958709717, 1022
0.2989470958709717, 1021
0.307096004486084, 1020
0.307096004486084, 1019
0.307096004486084, 1018
0.307096004486084, 1017
0.307096004486084, 1016
0.3092477321624756, 1015
0.3092477321624756, 1014
0.3092477321624756, 1013
0.3177523612976074, 1012
0.32079195976257324, 1011
0.32478833198547363, 1010
0.32478833198547363, 1009
0.33579540252685547, 1008
0.33579540252685547, 1007
0.33579540252685547, 1006
0.33779215812683105, 1005
0.3387947082519531, 1004
0.3407895565032959, 1003
0.3407895565032959, 1002
0.3427927494049072, 1001
0.35035133361816406, 1000
0.35035133361816406, 999
0.35035133361816406, 998
0.35035133361816406, 997
0.35035133361816406, 996
0.35035133361816406, 995
0.35035133361816406, 994
0.3606443405151367, 993
0.3606443405151367, 992
0.3606443405151367, 991
0.368732213973999, 990
0.368732213973999, 989
0.368732213973999, 988
0.37087059020996094, 987
0.37087059020996094, 986
0.37087059020996094, 985
0.37087059020996094, 984
0.37087059020996094, 983
0.37087059020996094, 982
0.3811473846435547, 981
0.3811473846435547, 980
0.3811473846435547, 979
0.3811473846435547, 978
0.389404296875, 977
0.39144468307495117, 976
0.39359092712402344, 975
0.39359092712402344, 974
0.39972996711730957, 973
0.4018738269805908, 972
0.4018738269805908, 971
0.4018738269805908, 970
0.4099581241607666, 969
0.4099581241607666, 968
0.42023682594299316, 967
0.43291544914245605, 966
0.4410529136657715, 965
0.4431905746459961, 964
0.4431905746459961, 963
0.4512917995452881, 962
0.4534296989440918, 961
0.4534296989440918, 960
0.4534296989440918, 959
0.46156954765319824, 958
0.4718632698059082, 957
0.4718632698059082, 956
0.4739975929260254, 955
0.48427820205688477, 954
0.48427820205688477, 953
0.49450039863586426, 952
0.49450039863586426, 951
0.5026416778564453, 950
0.5128695964813232, 949
0.5229053497314453, 948
0.5351769924163818, 947
0.5351769924163818, 946
0.5535435676574707, 945
0.5535435676574707, 944
0.5659728050231934, 943
0.5761985778808594, 942
0.5761985778808594, 941
0.5761985778808594, 940
0.586482048034668, 939
0.5964970588684082, 938
0.6302680969238281, 937
0.6452505588531494, 936
0.6462106704711914, 935
0.6602504253387451, 934
0.6655046939849854, 933
0.6676576137542725, 932
0.6778645515441895, 931
0.6778645515441895, 930
0.7189435958862305, 929
0.7189435958862305, 928
0.7291619777679443, 927
0.7291619777679443, 926
0.7496864795684814, 925
0.7701013088226318, 924
0.857452392578125, 923
0.9236147403717041, 922
0.9317536354064941, 921
0.933892011642456, 920
0.933892011642456, 919
0.9625403881072998, 918
0.9955019950866699, 917
1.005727767944336, 916
1.0160119533538818, 915
1.044541358947754, 914
1.0574023723602295, 913
1.0574023723602295, 912
1.067687749862671, 911
1.176891565322876, 910
1.2029407024383545, 909
1.2602708339691162, 908
1.4201834201812744, 907
1.4998054504394531, 906
1.508443832397461, 905
1.9788188934326172, 904
2.1106104850769043, 903
2.151245594024658, 902
2.2019474506378174, 901
2.4354162216186523, 900
3.0233285427093506, 899
