0.009999275207519531, 1461
0.009999275207519531, 1460
0.009999275207519531, 1459
0.009999275207519531, 1458
0.009999275207519531, 1457
0.010999441146850586, 1456
0.010999441146850586, 1455
0.010999441146850586, 1454
0.010999441146850586, 1453
0.010999441146850586, 1452
0.011999130249023438, 1451
0.011999130249023438, 1450
0.011999130249023438, 1449
0.011999130249023438, 1448
0.011999130249023438, 1447
0.01299905776977539, 1446
0.01299905776977539, 1445
0.01299905776977539, 1444
0.01299905776977539, 1443
0.013999223709106445, 1442
0.013999223709106445, 1441
0.013999223709106445, 1440
0.013999223709106445, 1439
0.014999151229858398, 1438
0.014999151229858398, 1437
0.014999151229858398, 1436
0.014999151229858398, 1435
0.01599907875061035, 1434
0.01599907875061035, 1433
0.01599907875061035, 1432
0.01599907875061035, 1431
0.01599907875061035, 1430
0.01700615882873535, 1429
0.01700615882873535, 1428
0.01700615882873535, 1427
0.01700615882873535, 1426
0.01799917221069336, 1425
0.01799917221069336, 1424
0.01799917221069336, 1423
0.01799917221069336, 1422
0.01799917221069336, 1421
0.018999338150024414, 1420
0.018999338150024414, 1419
0.018999338150024414, 1418
0.018999338150024414, 1417
0.018999338150024414, 1416
0.020000696182250977, 1415
0.020000696182250977, 1414
0.020000696182250977, 1413
0.02100205421447754, 1412
0.02100205421447754, 1411
0.02100205421447754, 1410
0.022000551223754883, 1409
0.022000551223754883, 1408
0.022000551223754883, 1407
0.022000551223754883, 1406
0.02299976348876953, 1405
0.02299976348876953, 1404
0.02299976348876953, 1403
0.02299976348876953, 1402
0.02400040626525879, 1401
0.02400040626525879, 1400
0.02400040626525879, 1399
0.02400040626525879, 1398
0.02400040626525879, 1397
0.024999380111694336, 1396
0.024999380111694336, 1395
0.024999380111694336, 1394
0.024999380111694336, 1393
0.024999380111694336, 1392
0.024999380111694336, 1391
0.02599930763244629, 1390
0.02599930763244629, 1389
0.02599930763244629, 1388
0.02699899673461914, 1387
0.02699899673461914, 1386
0.02699899673461914, 1385
0.02699899673461914, 1384
0.02699899673461914, 1383
0.027999401092529297, 1382
0.027999401092529297, 1381
0.027999401092529297, 1380
0.027999401092529297, 1379
0.027999401092529297, 1378
0.02899956703186035, 1377
0.02899956703186035, 1376
0.02899956703186035, 1375
0.02899956703186035, 1374
0.02899956703186035, 1373
0.029999256134033203, 1372
0.029999256134033203, 1371
0.029999256134033203, 1370
0.030999183654785156, 1369
0.030999183654785156, 1368
0.030999183654785156, 1367
0.03299903869628906, 1366
0.03299903869628906, 1365
0.03299903869628906, 1364
0.03299903869628906, 1363
0.034030914306640625, 1362
0.034030914306640625, 1361
0.034030914306640625, 1360
0.034030914306640625, 1359
0.034999847412109375, 1358
0.034999847412109375, 1357
0.034999847412109375, 1356
0.034999847412109375, 1355
0.034999847412109375, 1354
0.03600144386291504, 1353
0.03600144386291504, 1352
0.0370030403137207, 1351
0.0370030403137207, 1350
0.0370030403137207, 1349
0.0370030403137207, 1348
0.038011789321899414, 1347
0.038011789321899414, 1346
0.03900861740112305, 1345
0.03900861740112305, 1344
0.03900861740112305, 1343
0.03900861740112305, 1342
0.03900861740112305, 1341
0.03900861740112305, 1340
0.043477535247802734, 1339
0.04400181770324707, 1338
0.04400181770324707, 1337
0.04400181770324707, 1336
0.04400181770324707, 1335
0.04400181770324707, 1334
0.04500102996826172, 1333
0.04500102996826172, 1332
0.04500102996826172, 1331
0.04600095748901367, 1330
0.04600095748901367, 1329
0.04600095748901367, 1328
0.047000885009765625, 1327
0.047000885009765625, 1326
0.04800081253051758, 1325
0.04800081253051758, 1324
0.04800081253051758, 1323
0.04800081253051758, 1322
0.049001216888427734, 1321
0.050000905990600586, 1320
0.050000905990600586, 1319
0.050000905990600586, 1318
0.05100107192993164, 1317
0.05100107192993164, 1316
0.05100107192993164, 1315
0.05100107192993164, 1314
0.05200052261352539, 1313
0.05200052261352539, 1312
0.05300307273864746, 1311
0.05300307273864746, 1310
0.05300307273864746, 1309
0.054006338119506836, 1308
0.054006338119506836, 1307
0.05500388145446777, 1306
0.05500388145446777, 1305
0.05600237846374512, 1304
0.05600237846374512, 1303
0.05600237846374512, 1302
0.05600237846374512, 1301
0.05600237846374512, 1300
0.057001590728759766, 1299
0.057001590728759766, 1298
0.057001590728759766, 1297
0.057001590728759766, 1296
0.057001590728759766, 1295
0.05800127983093262, 1294
0.05800127983093262, 1293
0.05800127983093262, 1292
0.05800127983093262, 1291
0.05800127983093262, 1290
0.05900073051452637, 1289
0.05900073051452637, 1288
0.05900073051452637, 1287
0.05900073051452637, 1286
0.060007333755493164, 1285
0.060007333755493164, 1284
0.060007333755493164, 1283
0.060007333755493164, 1282
0.060007333755493164, 1281
0.06100106239318848, 1280
0.06100106239318848, 1279
0.06100106239318848, 1278
0.06100106239318848, 1277
0.06100106239318848, 1276
0.06200051307678223, 1275
0.06200051307678223, 1274
0.06300020217895508, 1273
0.06300020217895508, 1272
0.06400012969970703, 1271
0.06599998474121094, 1270
0.06599998474121094, 1269
0.06599998474121094, 1268
0.06599998474121094, 1267
0.0670003890991211, 1266
0.0670003890991211, 1265
0.0670003890991211, 1264
0.0670003890991211, 1263
0.0670003890991211, 1262
0.0670003890991211, 1261
0.0680239200592041, 1260
0.0680239200592041, 1259
0.0680239200592041, 1258
0.069000244140625, 1257
0.069000244140625, 1256
0.07000160217285156, 1255
0.07000160217285156, 1254
0.07100105285644531, 1253
0.07100105285644531, 1252
0.07100105285644531, 1251
0.07200074195861816, 1250
0.07200074195861816, 1249
0.07300019264221191, 1248
0.07300019264221191, 1247
0.07300019264221191, 1246
0.07400083541870117, 1245
0.07400083541870117, 1244
0.07400083541870117, 1243
0.07400083541870117, 1242
0.07400083541870117, 1241
0.07500052452087402, 1240
0.07500052452087402, 1239
0.07500052452087402, 1238
0.07599997520446777, 1237
0.07700014114379883, 1236
0.07700014114379883, 1235
0.07800006866455078, 1234
0.07800006866455078, 1233
0.07899999618530273, 1232
0.07899999618530273, 1231
0.07999992370605469, 1230
0.08100008964538574, 1229
0.08100008964538574, 1228
0.08100008964538574, 1227
0.0820002555847168, 1226
0.0820002555847168, 1225
0.08299994468688965, 1224
0.0840001106262207, 1223
0.08500003814697266, 1222
0.08500003814697266, 1221
0.08600068092346191, 1220
0.08600068092346191, 1219
0.08600068092346191, 1218
0.08700394630432129, 1217
0.08800292015075684, 1216
0.08800292015075684, 1215
0.08900308609008789, 1214
0.08900308609008789, 1213
0.08900308609008789, 1212
0.08900308609008789, 1211
0.09000372886657715, 1210
0.09000372886657715, 1209
0.0910027027130127, 1208
0.0910027027130127, 1207
0.0910027027130127, 1206
0.0910027027130127, 1205
0.09200286865234375, 1204
0.09200286865234375, 1203
0.09200286865234375, 1202
0.0930027961730957, 1201
0.09400296211242676, 1200
0.09400296211242676, 1199
0.09600281715393066, 1198
0.09700274467468262, 1197
0.09800267219543457, 1196
0.09800267219543457, 1195
0.09900283813476562, 1194
0.09900283813476562, 1193
0.09900283813476562, 1192
0.10000276565551758, 1191
0.10000276565551758, 1190
0.10100269317626953, 1189
0.10200262069702148, 1188
0.10200262069702148, 1187
0.10200262069702148, 1186
0.10309720039367676, 1185
0.10309720039367676, 1184
0.10309720039367676, 1183
0.10309720039367676, 1182
0.10309720039367676, 1181
0.10309720039367676, 1180
0.10309720039367676, 1179
0.10309720039367676, 1178
0.10309720039367676, 1177
0.10309720039367676, 1176
0.10309720039367676, 1175
0.10309720039367676, 1174
0.10309720039367676, 1173
0.10309720039367676, 1172
0.10309720039367676, 1171
0.10309720039367676, 1170
0.10309720039367676, 1169
0.10309720039367676, 1168
0.10309720039367676, 1167
0.10309720039367676, 1166
0.10309720039367676, 1165
0.10309720039367676, 1164
0.10309720039367676, 1163
0.10309720039367676, 1162
0.10309720039367676, 1161
0.10309720039367676, 1160
0.10309720039367676, 1159
0.10309720039367676, 1158
0.10309720039367676, 1157
0.10309720039367676, 1156
0.10309720039367676, 1155
0.10309720039367676, 1154
0.10309720039367676, 1153
0.10309720039367676, 1152
0.10309720039367676, 1151
0.10309720039367676, 1150
0.10309720039367676, 1149
0.10309720039367676, 1148
0.11872529983520508, 1147
0.11872529983520508, 1146
0.11872529983520508, 1145
0.11872529983520508, 1144
0.11872529983520508, 1143
0.11872529983520508, 1142
0.11872529983520508, 1141
0.11872529983520508, 1140
0.11872529983520508, 1139
0.11872529983520508, 1138
0.11872529983520508, 1137
0.11872529983520508, 1136
0.11872529983520508, 1135
0.11872529983520508, 1134
0.11872529983520508, 1133
0.11872529983520508, 1132
0.11872529983520508, 1131
0.11872529983520508, 1130
0.11872529983520508, 1129
0.11872529983520508, 1128
0.11872529983520508, 1127
0.11872529983520508, 1126
0.11872529983520508, 1125
0.11872529983520508, 1124
0.1343529224395752, 1123
0.1343529224395752, 1122
0.1343529224395752, 1121
0.1343529224395752, 1120
0.1343529224395752, 1119
0.1343529224395752, 1118
0.1343529224395752, 1117
0.1343529224395752, 1116
0.1343529224395752, 1115
0.1343529224395752, 1114
0.1343529224395752, 1113
0.1343529224395752, 1112
0.1343529224395752, 1111
0.1343529224395752, 1110
0.1343529224395752, 1109
0.1343529224395752, 1108
0.1343529224395752, 1107
0.1343529224395752, 1106
0.1343529224395752, 1105
0.1343529224395752, 1104
0.1343529224395752, 1103
0.1343529224395752, 1102
0.1343529224395752, 1101
0.1343529224395752, 1100
0.1343529224395752, 1099
0.14997625350952148, 1098
0.14997625350952148, 1097
0.14997625350952148, 1096
0.14997625350952148, 1095
0.14997625350952148, 1094
0.14997625350952148, 1093
0.14997625350952148, 1092
0.14997625350952148, 1091
0.14997625350952148, 1090
0.14997625350952148, 1089
0.14997625350952148, 1088
0.14997625350952148, 1087
0.14997625350952148, 1086
0.14997625350952148, 1085
0.14997625350952148, 1084
0.14997625350952148, 1083
0.14997625350952148, 1082
0.1656022071838379, 1081
0.1656022071838379, 1080
0.1656022071838379, 1079
0.1656022071838379, 1078
0.1656022071838379, 1077
0.1656022071838379, 1076
0.1656022071838379, 1075
0.1656022071838379, 1074
0.1656022071838379, 1073
0.1656022071838379, 1072
0.1656022071838379, 1071
0.1656022071838379, 1070
0.1656022071838379, 1069
0.1656022071838379, 1068
0.1656022071838379, 1067
0.1656022071838379, 1066
0.1656022071838379, 1065
0.1656022071838379, 1064
0.1656022071838379, 1063
0.18223977088928223, 1062
0.18437933921813965, 1061
0.18437933921813965, 1060
0.18437933921813965, 1059
0.18437933921813965, 1058
0.18437933921813965, 1057
0.18437933921813965, 1056
0.18437933921813965, 1055
0.18437933921813965, 1054
0.18437933921813965, 1053
0.1924581527709961, 1052
0.1924581527709961, 1051
0.19452428817749023, 1050
0.19452428817749023, 1049
0.19452428817749023, 1048
0.19452428817749023, 1047
0.19452428817749023, 1046
0.19452428817749023, 1045
0.19452428817749023, 1044
0.19452428817749023, 1043
0.2046976089477539, 1042
0.2046976089477539, 1041
0.2046976089477539, 1040
0.2046976089477539, 1039
0.2046976089477539, 1038
0.2046976089477539, 1037
0.2046976089477539, 1036
0.2046976089477539, 1035
0.2046976089477539, 1034
0.2046976089477539, 1033
0.2046976089477539, 1032
0.21276521682739258, 1031
0.21483206748962402, 1030
0.21483206748962402, 1029
0.21483206748962402, 1028
0.21483206748962402, 1027
0.2228693962097168, 1026
0.2228693962097168, 1025
0.22493743896484375, 1024
0.22493743896484375, 1023
0.22493743896484375, 1022
0.22493743896484375, 1021
0.23300552368164062, 1020
0.23300552368164062, 1019
0.23300552368164062, 1018
0.24316000938415527, 1017
0.24523091316223145, 1016
0.24523091316223145, 1015
0.24523091316223145, 1014
0.24523091316223145, 1013
0.24523091316223145, 1012
0.2553720474243164, 1011
0.2634086608886719, 1010
0.2634086608886719, 1009
0.26546335220336914, 1008
0.26546335220336914, 1007
0.26546335220336914, 1006
0.27351880073547363, 1005
0.27557802200317383, 1004
0.27557802200317383, 1003
0.27557802200317383, 1002
0.2857065200805664, 1001
0.2857065200805664, 1000
0.29376769065856934, 999
0.29582738876342773, 998
0.29582738876342773, 997
0.29582738876342773, 996
0.30591535568237305, 995
0.30591535568237305, 994
0.3160240650177002, 993
0.3261125087738037, 992
0.3261125087738037, 991
0.3341658115386963, 990
0.3362388610839844, 989
0.3362388610839844, 988
0.3362388610839844, 987
0.34638023376464844, 986
0.3544151782989502, 985
0.3544151782989502, 984
0.3544151782989502, 983
0.3665745258331299, 982
0.3665745258331299, 981
0.3665745258331299, 980
0.3665745258331299, 979
0.37462854385375977, 978
0.3766818046569824, 977
0.3766818046569824, 976
0.3847780227661133, 975
0.3868405818939209, 974
0.3868405818939209, 973
0.39489102363586426, 972
0.3969461917877197, 971
0.3969461917877197, 970
0.4172532558441162, 969
0.42737770080566406, 968
0.4354434013366699, 967
0.4354434013366699, 966
0.4354434013366699, 965
0.4455230236053467, 964
0.4455230236053467, 963
0.4475975036621094, 962
0.4475975036621094, 961
0.4475975036621094, 960
0.4475975036621094, 959
0.4577155113220215, 958
0.4577155113220215, 957
0.46578383445739746, 956
0.46578383445739746, 955
0.47795677185058594, 954
0.47795677185058594, 953
0.47795677185058594, 952
0.48606204986572266, 951
0.48606204986572266, 950
0.5184805393218994, 949
0.5366725921630859, 948
0.5387277603149414, 947
0.5387277603149414, 946
0.5387277603149414, 945
0.5488612651824951, 944
0.5589699745178223, 943
0.5589699745178223, 942
0.5589699745178223, 941
0.5792112350463867, 940
0.5873072147369385, 939
0.5893666744232178, 938
0.5893666744232178, 937
0.5893666744232178, 936
0.5893666744232178, 935
0.6075830459594727, 934
0.6096396446228027, 933
0.6096396446228027, 932
0.6301672458648682, 931
0.6382355690002441, 930
0.6402993202209473, 929
0.6933956146240234, 928
0.6933956146240234, 927
0.7014803886413574, 926
0.7035400867462158, 925
0.7440330982208252, 924
0.7744011878967285, 923
0.8330991268157959, 922
0.8452715873718262, 921
0.8452715873718262, 920
0.8554069995880127, 919
0.8756356239318848, 918
0.8756356239318848, 917
0.8857455253601074, 916
0.8938236236572266, 915
0.8958783149719238, 914
0.997154712677002, 913
1.0477750301361084, 912
1.0659685134887695, 911
1.0781571865081787, 910
1.0882244110107422, 909
1.0882244110107422, 908
1.1084980964660645, 907
1.1186199188232422, 906
1.1186199188232422, 905
1.2300169467926025, 904
1.2401645183563232, 903
1.4837353229522705, 902
1.666191577911377, 901
2.42684268951416, 900
2.6684210300445557, 899
