0.023130416870117188, 4941
0.038763999938964844, 4940
0.038763999938964844, 4939
0.038763999938964844, 4938
0.038763999938964844, 4937
0.038763999938964844, 4936
0.038763999938964844, 4935
0.038763999938964844, 4934
0.038763999938964844, 4933
0.038763999938964844, 4932
0.038763999938964844, 4931
0.038763999938964844, 4930
0.038763999938964844, 4929
0.038763999938964844, 4928
0.038763999938964844, 4927
0.038763999938964844, 4926
0.038763999938964844, 4925
0.038763999938964844, 4924
0.038763999938964844, 4923
0.038763999938964844, 4922
0.038763999938964844, 4921
0.038763999938964844, 4920
0.038763999938964844, 4919
0.038763999938964844, 4918
0.038763999938964844, 4917
0.038763999938964844, 4916
0.038763999938964844, 4915
0.05438876152038574, 4914
0.05438876152038574, 4913
0.05438876152038574, 4912
0.05438876152038574, 4911
0.05438876152038574, 4910
0.05438876152038574, 4909
0.05438876152038574, 4908
0.05438876152038574, 4907
0.05438876152038574, 4906
0.05438876152038574, 4905
0.05438876152038574, 4904
0.05438876152038574, 4903
0.05438876152038574, 4902
0.05438876152038574, 4901
0.05438876152038574, 4900
0.05438876152038574, 4899
0.05438876152038574, 4898
0.05438876152038574, 4897
0.05438876152038574, 4896
0.05438876152038574, 4895
0.05438876152038574, 4894
0.05438876152038574, 4893
0.05438876152038574, 4892
0.05438876152038574, 4891
0.07001471519470215, 4890
0.07001471519470215, 4889
0.07001471519470215, 4888
0.07001471519470215, 4887
0.07001471519470215, 4886
0.07001471519470215, 4885
0.07001471519470215, 4884
0.07001471519470215, 4883
0.07001471519470215, 4882
0.07001471519470215, 4881
0.07001471519470215, 4880
0.07001471519470215, 4879
0.07001471519470215, 4878
0.07001471519470215, 4877
0.07001471519470215, 4876
0.07001471519470215, 4875
0.07001471519470215, 4874
0.07001471519470215, 4873
0.07001471519470215, 4872
0.07001471519470215, 4871
0.07001471519470215, 4870
0.07001471519470215, 4869
0.07001471519470215, 4868
0.07001471519470215, 4867
0.07001471519470215, 4866
0.07001471519470215, 4865
0.08563876152038574, 4864
0.08563876152038574, 4863
0.08563876152038574, 4862
0.08563876152038574, 4861
0.08563876152038574, 4860
0.08563876152038574, 4859
0.08563876152038574, 4858
0.08563876152038574, 4857
0.08563876152038574, 4856
0.08563876152038574, 4855
0.08563876152038574, 4854
0.08563876152038574, 4853
0.08563876152038574, 4852
0.08563876152038574, 4851
0.08563876152038574, 4850
0.08563876152038574, 4849
0.08563876152038574, 4848
0.08563876152038574, 4847
0.08563876152038574, 4846
0.08563876152038574, 4845
0.08563876152038574, 4844
0.08563876152038574, 4843
0.08563876152038574, 4842
0.08563876152038574, 4841
0.08563876152038574, 4840
0.08563876152038574, 4839
0.10126423835754395, 4838
0.10126423835754395, 4837
0.10126423835754395, 4836
0.10126423835754395, 4835
0.10126423835754395, 4834
0.10126423835754395, 4833
0.10126423835754395, 4832
0.10126423835754395, 4831
0.10126423835754395, 4830
0.10126423835754395, 4829
0.10126423835754395, 4828
0.10126423835754395, 4827
0.10126423835754395, 4826
0.10126423835754395, 4825
0.10126423835754395, 4824
0.10126423835754395, 4823
0.10126423835754395, 4822
0.10126423835754395, 4821
0.10126423835754395, 4820
0.10126423835754395, 4819
0.10126423835754395, 4818
0.10126423835754395, 4817
0.10126423835754395, 4816
0.11692667007446289, 4815
0.11692667007446289, 4814
0.11692667007446289, 4813
0.11692667007446289, 4812
0.11692667007446289, 4811
0.11692667007446289, 4810
0.11692667007446289, 4809
0.11692667007446289, 4808
0.11692667007446289, 4807
0.11692667007446289, 4806
0.1234750747680664, 4805
0.1234750747680664, 4804
0.1234750747680664, 4803
0.1234750747680664, 4802
0.1234750747680664, 4801
0.1234750747680664, 4800
0.1234750747680664, 4799
0.1234750747680664, 4798
0.1234750747680664, 4797
0.1234750747680664, 4796
0.1234750747680664, 4795
0.1234750747680664, 4794
0.1234750747680664, 4793
0.1234750747680664, 4792
0.1234750747680664, 4791
0.1234750747680664, 4790
0.1234750747680664, 4789
0.1234750747680664, 4788
0.1234750747680664, 4787
0.1234750747680664, 4786
0.1234750747680664, 4785
0.1234750747680664, 4784
0.1234750747680664, 4783
0.13914847373962402, 4782
0.13914847373962402, 4781
0.13914847373962402, 4780
0.13914847373962402, 4779
0.13914847373962402, 4778
0.13914847373962402, 4777
0.13914847373962402, 4776
0.13914847373962402, 4775
0.13914847373962402, 4774
0.13914847373962402, 4773
0.13914847373962402, 4772
0.13914847373962402, 4771
0.13914847373962402, 4770
0.13914847373962402, 4769
0.13914847373962402, 4768
0.13914847373962402, 4767
0.13914847373962402, 4766
0.13914847373962402, 4765
0.13914847373962402, 4764
0.13914847373962402, 4763
0.13914847373962402, 4762
0.13914847373962402, 4761
0.15477585792541504, 4760
0.15477585792541504, 4759
0.15477585792541504, 4758
0.15477585792541504, 4757
0.15477585792541504, 4756
0.15477585792541504, 4755
0.15477585792541504, 4754
0.15477585792541504, 4753
0.15477585792541504, 4752
0.15477585792541504, 4751
0.15477585792541504, 4750
0.15477585792541504, 4749
0.15477585792541504, 4748
0.15477585792541504, 4747
0.15477585792541504, 4746
0.15477585792541504, 4745
0.15477585792541504, 4744
0.1654815673828125, 4743
0.1654815673828125, 4742
0.16660499572753906, 4741
0.16660499572753906, 4740
0.16660499572753906, 4739
0.16660499572753906, 4738
0.16660499572753906, 4737
0.16660499572753906, 4736
0.16660499572753906, 4735
0.16660499572753906, 4734
0.16660499572753906, 4733
0.16660499572753906, 4732
0.16660499572753906, 4731
0.16660499572753906, 4730
0.16660499572753906, 4729
0.16660499572753906, 4728
0.16660499572753906, 4727
0.16660499572753906, 4726
0.16660499572753906, 4725
0.16660499572753906, 4724
0.16660499572753906, 4723
0.16660499572753906, 4722
0.16660499572753906, 4721
0.16660499572753906, 4720
0.16660499572753906, 4719
0.16660499572753906, 4718
0.16660499572753906, 4717
0.1822807788848877, 4716
0.1822807788848877, 4715
0.1822807788848877, 4714
0.1822807788848877, 4713
0.1822807788848877, 4712
0.1822807788848877, 4711
0.1822807788848877, 4710
0.1822807788848877, 4709
0.1822807788848877, 4708
0.1822807788848877, 4707
0.1822807788848877, 4706
0.1822807788848877, 4705
0.1822807788848877, 4704
0.1822807788848877, 4703
0.1822807788848877, 4702
0.1822807788848877, 4701
0.1822807788848877, 4700
0.1822807788848877, 4699
0.1822807788848877, 4698
0.1822807788848877, 4697
0.1822807788848877, 4696
0.1822807788848877, 4695
0.1822807788848877, 4694
0.1822807788848877, 4693
0.1822807788848877, 4692
0.19790220260620117, 4691
0.19790220260620117, 4690
0.19790220260620117, 4689
0.19790220260620117, 4688
0.19790220260620117, 4687
0.19790220260620117, 4686
0.19790220260620117, 4685
0.19790220260620117, 4684
0.19790220260620117, 4683
0.19790220260620117, 4682
0.19790220260620117, 4681
0.19790220260620117, 4680
0.19790220260620117, 4679
0.19790220260620117, 4678
0.19790220260620117, 4677
0.19790220260620117, 4676
0.19790220260620117, 4675
0.19790220260620117, 4674
0.19790220260620117, 4673
0.19790220260620117, 4672
0.19790220260620117, 4671
0.21352171897888184, 4670
0.21352171897888184, 4669
0.21352171897888184, 4668
0.21352171897888184, 4667
0.21352171897888184, 4666
0.21352171897888184, 4665
0.21352171897888184, 4664
0.21352171897888184, 4663
0.21352171897888184, 4662
0.21352171897888184, 4661
0.21352171897888184, 4660
0.21352171897888184, 4659
0.21352171897888184, 4658
0.21352171897888184, 4657
0.21352171897888184, 4656
0.21352171897888184, 4655
0.223588228225708, 4654
0.223588228225708, 4653
0.22564125061035156, 4652
0.22564125061035156, 4651
0.22564125061035156, 4650
0.22564125061035156, 4649
0.22564125061035156, 4648
0.22564125061035156, 4647
0.22564125061035156, 4646
0.22564125061035156, 4645
0.22564125061035156, 4644
0.22564125061035156, 4643
0.22564125061035156, 4642
0.22564125061035156, 4641
0.22564125061035156, 4640
0.22564125061035156, 4639
0.23368573188781738, 4638
0.23372554779052734, 4637
0.23372554779052734, 4636
0.23372554779052734, 4635
0.2357797622680664, 4634
0.2357797622680664, 4633
0.2357797622680664, 4632
0.2357797622680664, 4631
0.2357797622680664, 4630
0.2357797622680664, 4629
0.2357797622680664, 4628
0.2357797622680664, 4627
0.2357797622680664, 4626
0.2357797622680664, 4625
0.2357797622680664, 4624
0.2357797622680664, 4623
0.24383807182312012, 4622
0.24383807182312012, 4621
0.24383807182312012, 4620
0.2458937168121338, 4619
0.2458937168121338, 4618
0.2458937168121338, 4617
0.2458937168121338, 4616
0.2458937168121338, 4615
0.2458937168121338, 4614
0.2458937168121338, 4613
0.2458937168121338, 4612
0.2458937168121338, 4611
0.2458937168121338, 4610
0.25397539138793945, 4609
0.25397539138793945, 4608
0.2560303211212158, 4607
0.2560303211212158, 4606
0.2560303211212158, 4605
0.2560303211212158, 4604
0.2560303211212158, 4603
0.2560303211212158, 4602
0.2560303211212158, 4601
0.2560303211212158, 4600
0.2560303211212158, 4599
0.2560303211212158, 4598
0.2560303211212158, 4597
0.2560303211212158, 4596
0.2560303211212158, 4595
0.2640836238861084, 4594
0.2661418914794922, 4593
0.2661418914794922, 4592
0.2661418914794922, 4591
0.2661418914794922, 4590
0.2661418914794922, 4589
0.2661418914794922, 4588
0.2661418914794922, 4587
0.2661418914794922, 4586
0.2661418914794922, 4585
0.2661418914794922, 4584
0.2661418914794922, 4583
0.2661418914794922, 4582
0.2661418914794922, 4581
0.2661418914794922, 4580
0.27423858642578125, 4579
0.27423858642578125, 4578
0.27423858642578125, 4577
0.27423858642578125, 4576
0.27423858642578125, 4575
0.27629518508911133, 4574
0.27629518508911133, 4573
0.27629518508911133, 4572
0.27629518508911133, 4571
0.27629518508911133, 4570
0.27629518508911133, 4569
0.27629518508911133, 4568
0.27629518508911133, 4567
0.27629518508911133, 4566
0.27629518508911133, 4565
0.27629518508911133, 4564
0.27629518508911133, 4563
0.27629518508911133, 4562
0.27629518508911133, 4561
0.27629518508911133, 4560
0.28435611724853516, 4559
0.28435611724853516, 4558
0.28435611724853516, 4557
0.286409854888916, 4556
0.286409854888916, 4555
0.286409854888916, 4554
0.286409854888916, 4553
0.286409854888916, 4552
0.286409854888916, 4551
0.286409854888916, 4550
0.286409854888916, 4549
0.286409854888916, 4548
0.286409854888916, 4547
0.286409854888916, 4546
0.286409854888916, 4545
0.2944765090942383, 4544
0.2944765090942383, 4543
0.2944765090942383, 4542
0.2944765090942383, 4541
0.29653072357177734, 4540
0.29653072357177734, 4539
0.29653072357177734, 4538
0.29653072357177734, 4537
0.29653072357177734, 4536
0.29653072357177734, 4535
0.29653072357177734, 4534
0.30458712577819824, 4533
0.306643009185791, 4532
0.306643009185791, 4531
0.306643009185791, 4530
0.306643009185791, 4529
0.306643009185791, 4528
0.306643009185791, 4527
0.306643009185791, 4526
0.306643009185791, 4525
0.306643009185791, 4524
0.306643009185791, 4523
0.31470298767089844, 4522
0.31470298767089844, 4521
0.3167569637298584, 4520
0.3167569637298584, 4519
0.3167569637298584, 4518
0.3167569637298584, 4517
0.3167569637298584, 4516
0.3167569637298584, 4515
0.3167569637298584, 4514
0.3167569637298584, 4513
0.3167569637298584, 4512
0.3167569637298584, 4511
0.3167569637298584, 4510
0.3167569637298584, 4509
0.3248114585876465, 4508
0.3248114585876465, 4507
0.3248114585876465, 4506
0.3248114585876465, 4505
0.32686591148376465, 4504
0.32686591148376465, 4503
0.32686591148376465, 4502
0.32686591148376465, 4501
0.32686591148376465, 4500
0.32686591148376465, 4499
0.32686591148376465, 4498
0.32686591148376465, 4497
0.32686591148376465, 4496
0.32686591148376465, 4495
0.33490753173828125, 4494
0.334991455078125, 4493
0.3370356559753418, 4492
0.3370356559753418, 4491
0.3370356559753418, 4490
0.3370356559753418, 4489
0.3370356559753418, 4488
0.3370356559753418, 4487
0.3370356559753418, 4486
0.3370356559753418, 4485
0.3370356559753418, 4484
0.3370356559753418, 4483
0.3370356559753418, 4482
0.3370356559753418, 4481
0.34509706497192383, 4480
0.34509706497192383, 4479
0.34509706497192383, 4478
0.34509706497192383, 4477
0.3471333980560303, 4476
0.3471333980560303, 4475
0.3471333980560303, 4474
0.3471333980560303, 4473
0.3471333980560303, 4472
0.3471333980560303, 4471
0.3471333980560303, 4470
0.3471333980560303, 4469
0.3471333980560303, 4468
0.3471333980560303, 4467
0.3471333980560303, 4466
0.3471333980560303, 4465
0.35521626472473145, 4464
0.35521626472473145, 4463
0.35730624198913574, 4462
0.35730624198913574, 4461
0.35730624198913574, 4460
0.35730624198913574, 4459
0.35730624198913574, 4458
0.35730624198913574, 4457
0.35730624198913574, 4456
0.35730624198913574, 4455
0.35730624198913574, 4454
0.35730624198913574, 4453
0.35730624198913574, 4452
0.35730624198913574, 4451
0.35730624198913574, 4450
0.36536073684692383, 4449
0.36536073684692383, 4448
0.3674139976501465, 4447
0.3674139976501465, 4446
0.3674139976501465, 4445
0.3674139976501465, 4444
0.3674139976501465, 4443
0.3674139976501465, 4442
0.3674139976501465, 4441
0.3754589557647705, 4440
0.3754913806915283, 4439
0.3775596618652344, 4438
0.3775596618652344, 4437
0.3775596618652344, 4436
0.3775596618652344, 4435
0.3775596618652344, 4434
0.3775596618652344, 4433
0.3775596618652344, 4432
0.38561439514160156, 4431
0.38561439514160156, 4430
0.3876669406890869, 4429
0.3876669406890869, 4428
0.3876669406890869, 4427
0.3876669406890869, 4426
0.3876669406890869, 4425
0.3876669406890869, 4424
0.3876669406890869, 4423
0.3876669406890869, 4422
0.3876669406890869, 4421
0.3876669406890869, 4420
0.3876669406890869, 4419
0.3876669406890869, 4418
0.395740270614624, 4417
0.395740270614624, 4416
0.395740270614624, 4415
0.3977961540222168, 4414
0.3977961540222168, 4413
0.3977961540222168, 4412
0.3977961540222168, 4411
0.3977961540222168, 4410
0.3977961540222168, 4409
0.3977961540222168, 4408
0.3977961540222168, 4407
0.3977961540222168, 4406
0.3977961540222168, 4405
0.3977961540222168, 4404
0.3977961540222168, 4403
0.3977961540222168, 4402
0.3977961540222168, 4401
0.4058866500854492, 4400
0.4058866500854492, 4399
0.4079456329345703, 4398
0.4079456329345703, 4397
0.4079456329345703, 4396
0.4079456329345703, 4395
0.4079456329345703, 4394
0.4079456329345703, 4393
0.4079456329345703, 4392
0.4079456329345703, 4391
0.4079456329345703, 4390
0.4079456329345703, 4389
0.41605687141418457, 4388
0.4180879592895508, 4387
0.4180879592895508, 4386
0.4180879592895508, 4385
0.4180879592895508, 4384
0.4180879592895508, 4383
0.4180879592895508, 4382
0.4180879592895508, 4381
0.4180879592895508, 4380
0.4180879592895508, 4379
0.4180879592895508, 4378
0.42611145973205566, 4377
0.42611145973205566, 4376
0.42813801765441895, 4375
0.42813801765441895, 4374
0.42813801765441895, 4373
0.42813801765441895, 4372
0.42813801765441895, 4371
0.42813801765441895, 4370
0.42813801765441895, 4369
0.42813801765441895, 4368
0.42813801765441895, 4367
0.42813801765441895, 4366
0.42813801765441895, 4365
0.436265230178833, 4364
0.436265230178833, 4363
0.436265230178833, 4362
0.436265230178833, 4361
0.43832993507385254, 4360
0.43832993507385254, 4359
0.43832993507385254, 4358
0.43832993507385254, 4357
0.43832993507385254, 4356
0.43832993507385254, 4355
0.43832993507385254, 4354
0.4463927745819092, 4353
0.4484238624572754, 4352
0.4484238624572754, 4351
0.4484238624572754, 4350
0.4484238624572754, 4349
0.4484238624572754, 4348
0.4484238624572754, 4347
0.4484238624572754, 4346
0.4484238624572754, 4345
0.4564802646636963, 4344
0.4564802646636963, 4343
0.4585390090942383, 4342
0.4585390090942383, 4341
0.4585390090942383, 4340
0.4585390090942383, 4339
0.4585390090942383, 4338
0.4585390090942383, 4337
0.4585390090942383, 4336
0.4585390090942383, 4335
0.4585390090942383, 4334
0.4585390090942383, 4333
0.4585390090942383, 4332
0.4585390090942383, 4331
0.4666001796722412, 4330
0.4666001796722412, 4329
0.4686548709869385, 4328
0.4686548709869385, 4327
0.4686548709869385, 4326
0.4686548709869385, 4325
0.4686548709869385, 4324
0.4686548709869385, 4323
0.4686548709869385, 4322
0.47674059867858887, 4321
0.4787938594818115, 4320
0.4787938594818115, 4319
0.4787938594818115, 4318
0.4787938594818115, 4317
0.4787938594818115, 4316
0.4787938594818115, 4315
0.4787938594818115, 4314
0.4868178367614746, 4313
0.4868178367614746, 4312
0.4868178367614746, 4311
0.4888601303100586, 4310
0.4888601303100586, 4309
0.4888601303100586, 4308
0.4888601303100586, 4307
0.4888601303100586, 4306
0.4888601303100586, 4305
0.4888601303100586, 4304
0.4888601303100586, 4303
0.4888601303100586, 4302
0.4969170093536377, 4301
0.4969170093536377, 4300
0.4969170093536377, 4299
0.4989352226257324, 4298
0.4989352226257324, 4297
0.4989352226257324, 4296
0.4989352226257324, 4295
0.4989352226257324, 4294
0.4989352226257324, 4293
0.4989352226257324, 4292
0.4989352226257324, 4291
0.4989352226257324, 4290
0.5069770812988281, 4289
0.5069770812988281, 4288
0.5090045928955078, 4287
0.5090045928955078, 4286
0.5090045928955078, 4285
0.5090045928955078, 4284
0.5090045928955078, 4283
0.5090045928955078, 4282
0.5090045928955078, 4281
0.5090045928955078, 4280
0.5090045928955078, 4279
0.5170519351959229, 4278
0.5191075801849365, 4277
0.5191075801849365, 4276
0.5191075801849365, 4275
0.5191075801849365, 4274
0.5191075801849365, 4273
0.5191075801849365, 4272
0.5191075801849365, 4271
0.5271463394165039, 4270
0.5291693210601807, 4269
0.5291693210601807, 4268
0.5291693210601807, 4267
0.5291693210601807, 4266
0.5291693210601807, 4265
0.5291693210601807, 4264
0.5291693210601807, 4263
0.5291693210601807, 4262
0.5291693210601807, 4261
0.5291693210601807, 4260
0.5291693210601807, 4259
0.5291693210601807, 4258
0.5291693210601807, 4257
0.5372161865234375, 4256
0.5372161865234375, 4255
0.5392708778381348, 4254
0.5392708778381348, 4253
0.5392708778381348, 4252
0.5392708778381348, 4251
0.5392708778381348, 4250
0.5392708778381348, 4249
0.5392708778381348, 4248
0.5392708778381348, 4247
0.5392708778381348, 4246
0.5392708778381348, 4245
0.5392708778381348, 4244
0.5473008155822754, 4243
0.549330472946167, 4242
0.549330472946167, 4241
0.549330472946167, 4240
0.549330472946167, 4239
0.549330472946167, 4238
0.549330472946167, 4237
0.5573418140411377, 4236
0.5573418140411377, 4235
0.5598316192626953, 4234
0.5598316192626953, 4233
0.5598316192626953, 4232
0.5598316192626953, 4231
0.5598316192626953, 4230
0.5598316192626953, 4229
0.5598316192626953, 4228
0.5598316192626953, 4227
0.5598316192626953, 4226
0.5598316192626953, 4225
0.5598316192626953, 4224
0.5598316192626953, 4223
0.5673460960388184, 4222
0.5673460960388184, 4221
0.5673460960388184, 4220
0.5673460960388184, 4219
0.5673460960388184, 4218
0.5673460960388184, 4217
0.5673460960388184, 4216
0.5673460960388184, 4215
0.5673460960388184, 4214
0.5673460960388184, 4213
0.5673460960388184, 4212
0.5673460960388184, 4211
0.5673460960388184, 4210
0.5673460960388184, 4209
0.5673460960388184, 4208
0.5673460960388184, 4207
0.5673460960388184, 4206
0.5673460960388184, 4205
0.5673460960388184, 4204
0.5673460960388184, 4203
0.5829899311065674, 4202
0.5829899311065674, 4201
0.5829899311065674, 4200
0.5829899311065674, 4199
0.5829899311065674, 4198
0.5829899311065674, 4197
0.5829899311065674, 4196
0.5829899311065674, 4195
0.5829899311065674, 4194
0.5956041812896729, 4193
0.5976951122283936, 4192
0.5987608432769775, 4191
0.5997843742370605, 4190
0.5997843742370605, 4189
0.600806713104248, 4188
0.6018359661102295, 4187
0.604964017868042, 4186
0.6059715747833252, 4185
0.6059715747833252, 4184
0.6059715747833252, 4183
0.6059715747833252, 4182
0.6059715747833252, 4181
0.6059715747833252, 4180
0.6059715747833252, 4179
0.6059715747833252, 4178
0.6059715747833252, 4177
0.6059715747833252, 4176
0.6059715747833252, 4175
0.6059715747833252, 4174
0.6059715747833252, 4173
0.6059715747833252, 4172
0.6059715747833252, 4171
0.6059715747833252, 4170
0.6059715747833252, 4169
0.6059715747833252, 4168
0.6216065883636475, 4167
0.6216065883636475, 4166
0.6216065883636475, 4165
0.6216065883636475, 4164
0.6216065883636475, 4163
0.6216065883636475, 4162
0.6216065883636475, 4161
0.6216065883636475, 4160
0.6216065883636475, 4159
0.6216065883636475, 4158
0.6216065883636475, 4157
0.6216065883636475, 4156
0.6216065883636475, 4155
0.6216065883636475, 4154
0.6216065883636475, 4153
0.6216065883636475, 4152
0.6216065883636475, 4151
0.6372308731079102, 4150
0.6372308731079102, 4149
0.6372308731079102, 4148
0.6372308731079102, 4147
0.6372308731079102, 4146
0.6372308731079102, 4145
0.6372308731079102, 4144
0.6372308731079102, 4143
0.6372308731079102, 4142
0.6372308731079102, 4141
0.6372308731079102, 4140
0.6372308731079102, 4139
0.6372308731079102, 4138
0.6372308731079102, 4137
0.6528568267822266, 4136
0.6528568267822266, 4135
0.6528568267822266, 4134
0.6528568267822266, 4133
0.6528568267822266, 4132
0.6528568267822266, 4131
0.6528568267822266, 4130
0.6528568267822266, 4129
0.6528568267822266, 4128
0.6528568267822266, 4127
0.6674022674560547, 4126
0.6674022674560547, 4125
0.6674022674560547, 4124
0.6694724559783936, 4123
0.6694724559783936, 4122
0.6694724559783936, 4121
0.6694724559783936, 4120
0.6694724559783936, 4119
0.6694724559783936, 4118
0.6694724559783936, 4117
0.6694724559783936, 4116
0.6775026321411133, 4115
0.6775026321411133, 4114
0.6775026321411133, 4113
0.6775026321411133, 4112
0.6775026321411133, 4111
0.6775026321411133, 4110
0.6775026321411133, 4109
0.6775026321411133, 4108
0.6775026321411133, 4107
0.6775026321411133, 4106
0.687507152557373, 4105
0.6875782012939453, 4104
0.6875782012939453, 4103
0.6875782012939453, 4102
0.6896016597747803, 4101
0.6896016597747803, 4100
0.6896016597747803, 4099
0.6896016597747803, 4098
0.6896016597747803, 4097
0.6896016597747803, 4096
0.6896016597747803, 4095
0.6896016597747803, 4094
0.6896016597747803, 4093
0.6976282596588135, 4092
0.6976282596588135, 4091
0.6976282596588135, 4090
0.6976282596588135, 4089
0.6996371746063232, 4088
0.6996371746063232, 4087
0.6996371746063232, 4086
0.6996371746063232, 4085
0.6996371746063232, 4084
0.6996371746063232, 4083
0.6996371746063232, 4082
0.707686185836792, 4081
0.709700345993042, 4080
0.709700345993042, 4079
0.709700345993042, 4078
0.709700345993042, 4077
0.709700345993042, 4076
0.7177085876464844, 4075
0.7177085876464844, 4074
0.7177085876464844, 4073
0.7177085876464844, 4072
0.7197165489196777, 4071
0.7197165489196777, 4070
0.7197165489196777, 4069
0.7197165489196777, 4068
0.7197165489196777, 4067
0.7197165489196777, 4066
0.7197165489196777, 4065
0.7277507781982422, 4064
0.7277507781982422, 4063
0.7277507781982422, 4062
0.7277507781982422, 4061
0.7298166751861572, 4060
0.7298166751861572, 4059
0.7298166751861572, 4058
0.7298166751861572, 4057
0.7298166751861572, 4056
0.7298166751861572, 4055
0.7298166751861572, 4054
0.7298166751861572, 4053
0.7298166751861572, 4052
0.7378849983215332, 4051
0.7399404048919678, 4050
0.7399404048919678, 4049
0.7399404048919678, 4048
0.7399404048919678, 4047
0.7399404048919678, 4046
0.7399404048919678, 4045
0.7399404048919678, 4044
0.7480685710906982, 4043
0.7480685710906982, 4042
0.7501175403594971, 4041
0.7501175403594971, 4040
0.7501175403594971, 4039
0.7501175403594971, 4038
0.7501175403594971, 4037
0.7501175403594971, 4036
0.7501175403594971, 4035
0.7501175403594971, 4034
0.7501175403594971, 4033
0.7581777572631836, 4032
0.7581777572631836, 4031
0.7581777572631836, 4030
0.7581777572631836, 4029
0.76023268699646, 4028
0.76023268699646, 4027
0.76023268699646, 4026
0.76023268699646, 4025
0.76023268699646, 4024
0.76023268699646, 4023
0.76023268699646, 4022
0.76023268699646, 4021
0.7683043479919434, 4020
0.7683043479919434, 4019
0.770359992980957, 4018
0.770359992980957, 4017
0.770359992980957, 4016
0.778414249420166, 4015
0.778414249420166, 4014
0.778414249420166, 4013
0.778414249420166, 4012
0.7804679870605469, 4011
0.7804679870605469, 4010
0.7804679870605469, 4009
0.7804679870605469, 4008
0.7804679870605469, 4007
0.7885401248931885, 4006
0.7885401248931885, 4005
0.7885401248931885, 4004
0.7885401248931885, 4003
0.7885401248931885, 4002
0.7905957698822021, 4001
0.7905957698822021, 4000
0.7905957698822021, 3999
0.7905957698822021, 3998
0.7905957698822021, 3997
0.7905957698822021, 3996
0.7905957698822021, 3995
0.7905957698822021, 3994
0.7986598014831543, 3993
0.7986598014831543, 3992
0.7986598014831543, 3991
0.7986598014831543, 3990
0.8007233142852783, 3989
0.8007233142852783, 3988
0.8007233142852783, 3987
0.8007233142852783, 3986
0.8007233142852783, 3985
0.8007233142852783, 3984
0.8088107109069824, 3983
0.8088107109069824, 3982
0.8088107109069824, 3981
0.8108658790588379, 3980
0.8108658790588379, 3979
0.8108658790588379, 3978
0.8108658790588379, 3977
0.8108658790588379, 3976
0.8108658790588379, 3975
0.8108658790588379, 3974
0.8108658790588379, 3973
0.8108658790588379, 3972
0.8108658790588379, 3971
0.8108658790588379, 3970
0.8108658790588379, 3969
0.8189196586608887, 3968
0.8189196586608887, 3967
0.8189196586608887, 3966
0.8209738731384277, 3965
0.8209738731384277, 3964
0.8209738731384277, 3963
0.8209738731384277, 3962
0.829038143157959, 3961
0.8310892581939697, 3960
0.8310892581939697, 3959
0.8310892581939697, 3958
0.8391425609588623, 3957
0.8391425609588623, 3956
0.8391425609588623, 3955
0.8391425609588623, 3954
0.841195821762085, 3953
0.841195821762085, 3952
0.841195821762085, 3951
0.841195821762085, 3950
0.841195821762085, 3949
0.841195821762085, 3948
0.841195821762085, 3947
0.841195821762085, 3946
0.841195821762085, 3945
0.841195821762085, 3944
0.841195821762085, 3943
0.841195821762085, 3942
0.841195821762085, 3941
0.841195821762085, 3940
0.8513531684875488, 3939
0.8513531684875488, 3938
0.8513531684875488, 3937
0.8594069480895996, 3936
0.8594069480895996, 3935
0.8594069480895996, 3934
0.8614597320556641, 3933
0.8614597320556641, 3932
0.8614597320556641, 3931
0.8614597320556641, 3930
0.8695294857025146, 3929
0.8695294857025146, 3928
0.8715815544128418, 3927
0.8715815544128418, 3926
0.8715815544128418, 3925
0.8715815544128418, 3924
0.8715815544128418, 3923
0.8715815544128418, 3922
0.8796355724334717, 3921
0.8796355724334717, 3920
0.8796355724334717, 3919
0.8796355724334717, 3918
0.8816959857940674, 3917
0.8816959857940674, 3916
0.8816959857940674, 3915
0.8816959857940674, 3914
0.8816959857940674, 3913
0.8816959857940674, 3912
0.8816959857940674, 3911
0.8816959857940674, 3910
0.8816959857940674, 3909
0.8816959857940674, 3908
0.8816959857940674, 3907
0.8918600082397461, 3906
0.8918600082397461, 3905
0.8918600082397461, 3904
0.8918600082397461, 3903
0.8999233245849609, 3902
0.9019834995269775, 3901
0.9019834995269775, 3900
0.9019834995269775, 3899
0.9019834995269775, 3898
0.9019834995269775, 3897
0.9019834995269775, 3896
0.910043478012085, 3895
0.910043478012085, 3894
0.9121179580688477, 3893
0.9121179580688477, 3892
0.9121179580688477, 3891
0.9121179580688477, 3890
0.9121179580688477, 3889
0.9121179580688477, 3888
0.9121179580688477, 3887
0.9121179580688477, 3886
0.9222273826599121, 3885
0.9222273826599121, 3884
0.9222273826599121, 3883
0.9222273826599121, 3882
0.9222273826599121, 3881
0.9302976131439209, 3880
0.9302976131439209, 3879
0.9323520660400391, 3878
0.9323520660400391, 3877
0.9323520660400391, 3876
0.9323520660400391, 3875
0.9323520660400391, 3874
0.9323520660400391, 3873
0.9323520660400391, 3872
0.9323520660400391, 3871
0.9323520660400391, 3870
0.9404056072235107, 3869
0.9404056072235107, 3868
0.9424653053283691, 3867
0.9424653053283691, 3866
0.9424653053283691, 3865
0.9424653053283691, 3864
0.9526238441467285, 3863
0.9526238441467285, 3862
0.9526238441467285, 3861
0.9526238441467285, 3860
0.9526238441467285, 3859
0.9526238441467285, 3858
0.9526238441467285, 3857
0.9606807231903076, 3856
0.9606807231903076, 3855
0.9627339839935303, 3854
0.9627339839935303, 3853
0.9627339839935303, 3852
0.9627339839935303, 3851
0.9627339839935303, 3850
0.9708025455474854, 3849
0.9708025455474854, 3848
0.9728736877441406, 3847
0.9728736877441406, 3846
0.9728736877441406, 3845
0.9728736877441406, 3844
0.9728736877441406, 3843
0.9728736877441406, 3842
0.9809298515319824, 3841
0.9809298515319824, 3840
0.9829857349395752, 3839
0.9829857349395752, 3838
0.9829857349395752, 3837
0.9829857349395752, 3836
0.9829857349395752, 3835
0.9829857349395752, 3834
0.9829857349395752, 3833
0.9829857349395752, 3832
0.991093635559082, 3831
0.9931120872497559, 3830
0.9931120872497559, 3829
0.9931120872497559, 3828
0.9931120872497559, 3827
0.9931120872497559, 3826
0.9931120872497559, 3825
0.9931120872497559, 3824
1.0011768341064453, 3823
1.0011768341064453, 3822
1.0011768341064453, 3821
1.003232717514038, 3820
1.003232717514038, 3819
1.003232717514038, 3818
1.003232717514038, 3817
1.003232717514038, 3816
1.003232717514038, 3815
1.003232717514038, 3814
1.003232717514038, 3813
1.003232717514038, 3812
1.011291742324829, 3811
1.0133521556854248, 3810
1.0133521556854248, 3809
1.0133521556854248, 3808
1.0133521556854248, 3807
1.0133521556854248, 3806
1.0133521556854248, 3805
1.0133521556854248, 3804
1.0214109420776367, 3803
1.0214109420776367, 3802
1.0234661102294922, 3801
1.0234661102294922, 3800
1.0234661102294922, 3799
1.0234661102294922, 3798
1.0234661102294922, 3797
1.0234661102294922, 3796
1.0234661102294922, 3795
1.0234661102294922, 3794
1.0234661102294922, 3793
1.0315470695495605, 3792
1.0315470695495605, 3791
1.0336017608642578, 3790
1.0336017608642578, 3789
1.0336017608642578, 3788
1.0336017608642578, 3787
1.0336017608642578, 3786
1.0336017608642578, 3785
1.0336017608642578, 3784
1.0336017608642578, 3783
1.0416665077209473, 3782
1.0416665077209473, 3781
1.0416665077209473, 3780
1.0416665077209473, 3779
1.0437285900115967, 3778
1.0437285900115967, 3777
1.0437285900115967, 3776
1.0437285900115967, 3775
1.0437285900115967, 3774
1.0437285900115967, 3773
1.0437285900115967, 3772
1.0437285900115967, 3771
1.0437285900115967, 3770
1.0437285900115967, 3769
1.0517961978912354, 3768
1.05385422706604, 3767
1.05385422706604, 3766
1.05385422706604, 3765
1.0621438026428223, 3764
1.0648748874664307, 3763
1.0749940872192383, 3762
1.0749940872192383, 3761
1.0749940872192383, 3760
1.0830199718475342, 3759
1.0830199718475342, 3758
1.0830199718475342, 3757
1.0830199718475342, 3756
1.0830199718475342, 3755
1.0830199718475342, 3754
1.0830199718475342, 3753
1.0830199718475342, 3752
1.0830199718475342, 3751
1.0951316356658936, 3750
1.0951316356658936, 3749
1.0951316356658936, 3748
1.0951316356658936, 3747
1.0951316356658936, 3746
1.1031887531280518, 3745
1.1031887531280518, 3744
1.1031887531280518, 3743
1.1031887531280518, 3742
1.1031887531280518, 3741
1.1031887531280518, 3740
1.1031887531280518, 3739
1.1031887531280518, 3738
1.1132714748382568, 3737
1.1132714748382568, 3736
1.115326166152954, 3735
1.115326166152954, 3734
1.115326166152954, 3733
1.115326166152954, 3732
1.115326166152954, 3731
1.115326166152954, 3730
1.1233646869659424, 3729
1.1254205703735352, 3728
1.1254205703735352, 3727
1.1334810256958008, 3726
1.1334810256958008, 3725
1.135535478591919, 3724
1.135535478591919, 3723
1.135535478591919, 3722
1.135535478591919, 3721
1.135535478591919, 3720
1.1435973644256592, 3719
1.145650863647461, 3718
1.145650863647461, 3717
1.145650863647461, 3716
1.145650863647461, 3715
1.145650863647461, 3714
1.145650863647461, 3713
1.1537516117095947, 3712
1.1537516117095947, 3711
1.1557695865631104, 3710
1.1557695865631104, 3709
1.1557695865631104, 3708
1.1557695865631104, 3707
1.1557695865631104, 3706
1.163825273513794, 3705
1.163825273513794, 3704
1.1658811569213867, 3703
1.1658811569213867, 3702
1.1658811569213867, 3701
1.1658811569213867, 3700
1.1658811569213867, 3699
1.1658811569213867, 3698
1.1739251613616943, 3697
1.1739251613616943, 3696
1.1739251613616943, 3695
1.1739251613616943, 3694
1.176396131515503, 3693
1.176396131515503, 3692
1.176396131515503, 3691
1.176396131515503, 3690
1.176396131515503, 3689
1.176396131515503, 3688
1.176396131515503, 3687
1.176396131515503, 3686
1.1844587326049805, 3685
1.1865129470825195, 3684
1.1865129470825195, 3683
1.1865129470825195, 3682
1.1865129470825195, 3681
1.1865129470825195, 3680
1.1865129470825195, 3679
1.1865129470825195, 3678
1.1865129470825195, 3677
1.1865129470825195, 3676
1.1966402530670166, 3675
1.1966402530670166, 3674
1.1966402530670166, 3673
1.2067501544952393, 3672
1.2067501544952393, 3671
1.2067501544952393, 3670
1.2067501544952393, 3669
1.2067501544952393, 3668
1.2067501544952393, 3667
1.2067501544952393, 3666
1.2067501544952393, 3665
1.2148163318634033, 3664
1.2148163318634033, 3663
1.216869592666626, 3662
1.216869592666626, 3661
1.216869592666626, 3660
1.216869592666626, 3659
1.224923849105835, 3658
1.2269768714904785, 3657
1.2269768714904785, 3656
1.2269768714904785, 3655
1.2269768714904785, 3654
1.2269768714904785, 3653
1.2269768714904785, 3652
1.2269768714904785, 3651
1.2350354194641113, 3650
1.2370946407318115, 3649
1.2370946407318115, 3648
1.2370946407318115, 3647
1.2370946407318115, 3646
1.245154619216919, 3645
1.2472074031829834, 3644
1.2472074031829834, 3643
1.2472074031829834, 3642
1.2472074031829834, 3641
1.2472074031829834, 3640
1.2472074031829834, 3639
1.2472074031829834, 3638
1.2472074031829834, 3637
1.2552943229675293, 3636
1.2552943229675293, 3635
1.2552943229675293, 3634
1.2573506832122803, 3633
1.2573506832122803, 3632
1.2573506832122803, 3631
1.2573506832122803, 3630
1.2573506832122803, 3629
1.2573506832122803, 3628
1.2674596309661865, 3627
1.2674596309661865, 3626
1.2674596309661865, 3625
1.2674596309661865, 3624
1.2674596309661865, 3623
1.2755663394927979, 3622
1.2755663394927979, 3621
1.277620553970337, 3620
1.277620553970337, 3619
1.277620553970337, 3618
1.277620553970337, 3617
1.277620553970337, 3616
1.277620553970337, 3615
1.2856743335723877, 3614
1.2856743335723877, 3613
1.2877283096313477, 3612
1.2877283096313477, 3611
1.2877283096313477, 3610
1.2877283096313477, 3609
1.2877283096313477, 3608
1.2958216667175293, 3607
1.2978770732879639, 3606
1.2978770732879639, 3605
1.2978770732879639, 3604
1.2978770732879639, 3603
1.2978770732879639, 3602
1.3059349060058594, 3601
1.3059349060058594, 3600
1.307987928390503, 3599
1.307987928390503, 3598
1.307987928390503, 3597
1.316049575805664, 3596
1.316049575805664, 3595
1.318108081817627, 3594
1.318108081817627, 3593
1.318108081817627, 3592
1.318108081817627, 3591
1.318108081817627, 3590
1.318108081817627, 3589
1.318108081817627, 3588
1.3261632919311523, 3587
1.3261632919311523, 3586
1.3282184600830078, 3585
1.3282184600830078, 3584
1.3362975120544434, 3583
1.3362975120544434, 3582
1.3383541107177734, 3581
1.3383541107177734, 3580
1.3383541107177734, 3579
1.3383541107177734, 3578
1.3383541107177734, 3577
1.3383541107177734, 3576
1.3464083671569824, 3575
1.348461389541626, 3574
1.348461389541626, 3573
1.348461389541626, 3572
1.3565545082092285, 3571
1.3565545082092285, 3570
1.3586180210113525, 3569
1.3586180210113525, 3568
1.3586180210113525, 3567
1.3586180210113525, 3566
1.3586180210113525, 3565
1.3666868209838867, 3564
1.3666868209838867, 3563
1.3687491416931152, 3562
1.3687491416931152, 3561
1.3687491416931152, 3560
1.3687491416931152, 3559
1.3687491416931152, 3558
1.3687491416931152, 3557
1.3687491416931152, 3556
1.3687491416931152, 3555
1.3768229484558105, 3554
1.3768229484558105, 3553
1.37888765335083, 3552
1.37888765335083, 3551
1.37888765335083, 3550
1.37888765335083, 3549
1.37888765335083, 3548
1.37888765335083, 3547
1.37888765335083, 3546
1.3868951797485352, 3545
1.389028549194336, 3544
1.389028549194336, 3543
1.389028549194336, 3542
1.389028549194336, 3541
1.389028549194336, 3540
1.389028549194336, 3539
1.389028549194336, 3538
1.3970882892608643, 3537
1.39915132522583, 3536
1.39915132522583, 3535
1.4072339534759521, 3534
1.4072339534759521, 3533
1.4072339534759521, 3532
1.4092967510223389, 3531
1.4092967510223389, 3530
1.4092967510223389, 3529
1.4092967510223389, 3528
1.4092967510223389, 3527
1.4092967510223389, 3526
1.419471025466919, 3525
1.419471025466919, 3524
1.419471025466919, 3523
1.419471025466919, 3522
1.419471025466919, 3521
1.4275388717651367, 3520
1.429593801498413, 3519
1.429593801498413, 3518
1.429593801498413, 3517
1.429593801498413, 3516
1.429593801498413, 3515
1.429593801498413, 3514
1.429593801498413, 3513
1.429593801498413, 3512
1.429593801498413, 3511
1.439753532409668, 3510
1.439753532409668, 3509
1.439753532409668, 3508
1.439753532409668, 3507
1.4478073120117188, 3506
1.4498605728149414, 3505
1.4498605728149414, 3504
1.4498605728149414, 3503
1.4498605728149414, 3502
1.4632558822631836, 3501
1.4632558822631836, 3500
1.4644110202789307, 3499
1.466611623764038, 3498
1.466611623764038, 3497
1.466611623764038, 3496
1.4693293571472168, 3495
1.4694318771362305, 3494
1.4705862998962402, 3493
1.4717414379119873, 3492
1.472900152206421, 3491
1.472900152206421, 3490
1.4739623069763184, 3489
1.4739623069763184, 3488
1.4739623069763184, 3487
1.4785184860229492, 3486
1.4805727005004883, 3485
1.4805727005004883, 3484
1.4805727005004883, 3483
1.4805727005004883, 3482
1.4805727005004883, 3481
1.4907078742980957, 3480
1.4907078742980957, 3479
1.4987695217132568, 3478
1.4987695217132568, 3477
1.4987695217132568, 3476
1.4987695217132568, 3475
1.500823974609375, 3474
1.500823974609375, 3473
1.508908748626709, 3472
1.5109660625457764, 3471
1.5109660625457764, 3470
1.5109660625457764, 3469
1.5109660625457764, 3468
1.521092414855957, 3467
1.521092414855957, 3466
1.521092414855957, 3465
1.521092414855957, 3464
1.521092414855957, 3463
1.521092414855957, 3462
1.521092414855957, 3461
1.5291507244110107, 3460
1.53120756149292, 3459
1.53120756149292, 3458
1.53120756149292, 3457
1.5392606258392334, 3456
1.5392606258392334, 3455
1.5413203239440918, 3454
1.5413203239440918, 3453
1.5413203239440918, 3452
1.5413203239440918, 3451
1.5413203239440918, 3450
1.5413203239440918, 3449
1.5493972301483154, 3448
1.5514516830444336, 3447
1.5514516830444336, 3446
1.5514516830444336, 3445
1.559507131576538, 3444
1.5615625381469727, 3443
1.5615625381469727, 3442
1.5615625381469727, 3441
1.5615625381469727, 3440
1.5696523189544678, 3439
1.571735143661499, 3438
1.571735143661499, 3437
1.571735143661499, 3436
1.571735143661499, 3435
1.571735143661499, 3434
1.571735143661499, 3433
1.571735143661499, 3432
1.571735143661499, 3431
1.5798158645629883, 3430
1.5818939208984375, 3429
1.5818939208984375, 3428
1.5818939208984375, 3427
1.5818939208984375, 3426
1.5818939208984375, 3425
1.5818939208984375, 3424
1.5818939208984375, 3423
1.5818939208984375, 3422
1.5818939208984375, 3421
1.5899293422698975, 3420
1.5920062065124512, 3419
1.5920062065124512, 3418
1.5920062065124512, 3417
1.5920062065124512, 3416
1.6000819206237793, 3415
1.6000819206237793, 3414
1.6000819206237793, 3413
1.6021571159362793, 3412
1.6021571159362793, 3411
1.6021571159362793, 3410
1.6021571159362793, 3409
1.6021571159362793, 3408
1.6021571159362793, 3407
1.6101841926574707, 3406
1.6101841926574707, 3405
1.6122589111328125, 3404
1.6122589111328125, 3403
1.6122589111328125, 3402
1.6122589111328125, 3401
1.6122589111328125, 3400
1.6122589111328125, 3399
1.6203370094299316, 3398
1.6224029064178467, 3397
1.6224029064178467, 3396
1.6224029064178467, 3395
1.6224029064178467, 3394
1.6224029064178467, 3393
1.6224029064178467, 3392
1.6325626373291016, 3391
1.6325626373291016, 3390
1.6325626373291016, 3389
1.6325626373291016, 3388
1.6405718326568604, 3387
1.642697811126709, 3386
1.6507761478424072, 3385
1.6507761478424072, 3384
1.6507761478424072, 3383
1.6528429985046387, 3382
1.6528429985046387, 3381
1.6528429985046387, 3380
1.6528429985046387, 3379
1.6528429985046387, 3378
1.6528429985046387, 3377
1.6528429985046387, 3376
1.6609106063842773, 3375
1.6629784107208252, 3374
1.6629784107208252, 3373
1.6629784107208252, 3372
1.6629784107208252, 3371
1.6629784107208252, 3370
1.6629784107208252, 3369
1.6710209846496582, 3368
1.6730928421020508, 3367
1.6730928421020508, 3366
1.6730928421020508, 3365
1.6730928421020508, 3364
1.6811602115631104, 3363
1.6811602115631104, 3362
1.6811602115631104, 3361
1.6832265853881836, 3360
1.6832265853881836, 3359
1.6832265853881836, 3358
1.6832265853881836, 3357
1.6912987232208252, 3356
1.6933796405792236, 3355
1.6933796405792236, 3354
1.6933796405792236, 3353
1.6933796405792236, 3352
1.6933796405792236, 3351
1.6933796405792236, 3350
1.7014484405517578, 3349
1.7014484405517578, 3348
1.7035150527954102, 3347
1.7115705013275146, 3346
1.7115705013275146, 3345
1.7136383056640625, 3344
1.7136383056640625, 3343
1.7136383056640625, 3342
1.7136383056640625, 3341
1.721705675125122, 3340
1.721705675125122, 3339
1.7237708568572998, 3338
1.7237708568572998, 3337
1.7237708568572998, 3336
1.7237708568572998, 3335
1.7237708568572998, 3334
1.7237708568572998, 3333
1.7237708568572998, 3332
1.7339329719543457, 3331
1.744074821472168, 3330
1.744074821472168, 3329
1.744074821472168, 3328
1.7541851997375488, 3327
1.7541851997375488, 3326
1.7622504234313965, 3325
1.7643215656280518, 3324
1.7643215656280518, 3323
1.7643215656280518, 3322
1.7643215656280518, 3321
1.7744596004486084, 3320
1.7744596004486084, 3319
1.7845957279205322, 3318
1.7845957279205322, 3317
1.7845957279205322, 3316
1.7845957279205322, 3315
1.795090913772583, 3314
1.795090913772583, 3313
1.795090913772583, 3312
1.795090913772583, 3311
1.8052263259887695, 3310
1.8052263259887695, 3309
1.8052263259887695, 3308
1.8153281211853027, 3307
1.8153281211853027, 3306
1.823397159576416, 3305
1.823397159576416, 3304
1.8254642486572266, 3303
1.8254642486572266, 3302
1.8334951400756836, 3301
1.835561990737915, 3300
1.835561990737915, 3299
1.835561990737915, 3298
1.835561990737915, 3297
1.835561990737915, 3296
1.835561990737915, 3295
1.8436307907104492, 3294
1.8436307907104492, 3293
1.8456971645355225, 3292
1.8456971645355225, 3291
1.8537843227386475, 3290
1.8537843227386475, 3289
1.8558506965637207, 3288
1.8558506965637207, 3287
1.8659837245941162, 3286
1.8659837245941162, 3285
1.8659837245941162, 3284
1.8659837245941162, 3283
1.8761389255523682, 3282
1.8761389255523682, 3281
1.8761389255523682, 3280
1.8761389255523682, 3279
1.8761389255523682, 3278
1.8862731456756592, 3277
1.8862731456756592, 3276
1.8862731456756592, 3275
1.8943016529083252, 3274
1.8963682651519775, 3273
1.8963682651519775, 3272
1.8963682651519775, 3271
1.8963682651519775, 3270
1.8963682651519775, 3269
1.8963682651519775, 3268
1.9065053462982178, 3267
1.9065053462982178, 3266
1.9065053462982178, 3265
1.9166219234466553, 3264
1.9166219234466553, 3263
1.9267587661743164, 3262
1.9348466396331787, 3261
1.9348466396331787, 3260
1.9348466396331787, 3259
1.9369144439697266, 3258
1.9369144439697266, 3257
1.9470493793487549, 3256
1.9470493793487549, 3255
1.9470493793487549, 3254
1.9470493793487549, 3253
1.9470493793487549, 3252
1.9550762176513672, 3251
1.9571428298950195, 3250
1.9571428298950195, 3249
1.9571428298950195, 3248
1.965209722518921, 3247
1.9672763347625732, 3246
1.9753236770629883, 3245
1.9773924350738525, 3244
1.9773924350738525, 3243
1.9773924350738525, 3242
1.9773924350738525, 3241
1.985459566116333, 3240
1.9875285625457764, 3239
1.99556565284729, 3238
1.9976325035095215, 3237
1.9976325035095215, 3236
1.9976325035095215, 3235
1.9976325035095215, 3234
1.9976325035095215, 3233
1.9976325035095215, 3232
2.005699872970581, 3231
2.007766008377075, 3230
2.007766008377075, 3229
2.007766008377075, 3228
2.007766008377075, 3227
2.0178608894348145, 3226
2.0178608894348145, 3225
2.025930166244507, 3224
2.027996301651001, 3223
2.027996301651001, 3222
2.038088798522949, 3221
2.038088798522949, 3220
2.0461556911468506, 3219
2.0482213497161865, 3218
2.056290864944458, 3217
2.0583558082580566, 3216
2.0684878826141357, 3215
2.0684878826141357, 3214
2.0684878826141357, 3213
2.0684878826141357, 3212
2.0785858631134033, 3211
2.0786468982696533, 3210
2.0786468982696533, 3209
2.0786468982696533, 3208
2.0786468982696533, 3207
2.0786468982696533, 3206
2.0887885093688965, 3205
2.0887885093688965, 3204
2.0968728065490723, 3203
2.0968728065490723, 3202
2.0989441871643066, 3201
2.0989441871643066, 3200
2.0989441871643066, 3199
2.0989441871643066, 3198
2.1070122718811035, 3197
2.1070122718811035, 3196
2.1070122718811035, 3195
2.1090779304504395, 3194
2.1090779304504395, 3193
2.1090779304504395, 3192
2.1090779304504395, 3191
2.1090779304504395, 3190
2.1090779304504395, 3189
2.1090779304504395, 3188
2.1192352771759033, 3187
2.1192352771759033, 3186
2.1192352771759033, 3185
2.1192352771759033, 3184
2.127305507659912, 3183
2.1293716430664062, 3182
2.1293716430664062, 3181
2.1293716430664062, 3180
2.1293716430664062, 3179
2.1293716430664062, 3178
2.1394946575164795, 3177
2.1394946575164795, 3176
2.147568702697754, 3175
2.147568702697754, 3174
2.147568702697754, 3173
2.1496291160583496, 3172
2.1496291160583496, 3171
2.1496291160583496, 3170
2.1496291160583496, 3169
2.1580092906951904, 3168
2.159684658050537, 3167
2.159684658050537, 3166
2.159684658050537, 3165
2.159684658050537, 3164
2.159684658050537, 3163
2.159684658050537, 3162
2.159684658050537, 3161
2.159684658050537, 3160
2.1698155403137207, 3159
2.1698155403137207, 3158
2.1698155403137207, 3157
2.1698155403137207, 3156
2.1698155403137207, 3155
2.1779065132141113, 3154
2.181896924972534, 3153
2.187182903289795, 3152
2.1887142658233643, 3151
2.192420721054077, 3150
2.1934432983398438, 3149
2.1934432983398438, 3148
2.1985108852386475, 3147
2.2005770206451416, 3146
2.218754291534424, 3145
2.220820426940918, 3144
2.220820426940918, 3143
2.220820426940918, 3142
2.220820426940918, 3141
2.220820426940918, 3140
2.220820426940918, 3139
2.220820426940918, 3138
2.220820426940918, 3137
2.220820426940918, 3136
2.241058588027954, 3135
2.241058588027954, 3134
2.241058588027954, 3133
2.241058588027954, 3132
2.241058588027954, 3131
2.241058588027954, 3130
2.251210927963257, 3129
2.251210927963257, 3128
2.251210927963257, 3127
2.2613418102264404, 3126
2.2613418102264404, 3125
2.2613418102264404, 3124
2.269430637359619, 3123
2.269430637359619, 3122
2.269430637359619, 3121
2.271496534347534, 3120
2.271496534347534, 3119
2.271496534347534, 3118
2.271496534347534, 3117
2.271496534347534, 3116
2.271496534347534, 3115
2.2795629501342773, 3114
2.2795629501342773, 3113
2.281630039215088, 3112
2.281630039215088, 3111
2.281630039215088, 3110
2.289717435836792, 3109
2.2917890548706055, 3108
2.2917890548706055, 3107
2.2917890548706055, 3106
2.2917890548706055, 3105
2.299856185913086, 3104
2.299856185913086, 3103
2.301922559738159, 3102
2.301922559738159, 3101
2.3099522590637207, 3100
2.312021017074585, 3099
2.312021017074585, 3098
2.312021017074585, 3097
2.312021017074585, 3096
2.3221535682678223, 3095
2.3221535682678223, 3094
2.3221535682678223, 3093
2.3221535682678223, 3092
2.3221535682678223, 3091
2.3221535682678223, 3090
2.3221535682678223, 3089
2.3221535682678223, 3088
2.3302557468414307, 3087
2.3302557468414307, 3086
2.3323252201080322, 3085
2.340400218963623, 3084
2.34246563911438, 3083
2.34246563911438, 3082
2.34246563911438, 3081
2.3607070446014404, 3080
2.3607070446014404, 3079
2.3607070446014404, 3078
2.36277437210083, 3077
2.36277437210083, 3076
2.36277437210083, 3075
2.3708226680755615, 3074
2.372896432876587, 3073
2.372896432876587, 3072
2.372896432876587, 3071
2.383033037185669, 3070
2.383033037185669, 3069
2.383033037185669, 3068
2.403322219848633, 3067
2.4138355255126953, 3066
2.4138355255126953, 3065
2.4219040870666504, 3064
2.4219040870666504, 3063
2.4239728450775146, 3062
2.4239728450775146, 3061
2.4239728450775146, 3060
2.4239728450775146, 3059
2.4239728450775146, 3058
2.4341275691986084, 3057
2.4341275691986084, 3056
2.4341275691986084, 3055
2.4341275691986084, 3054
2.4421980381011963, 3053
2.444265604019165, 3052
2.454374074935913, 3051
2.454374074935913, 3050
2.454374074935913, 3049
2.454374074935913, 3048
2.454374074935913, 3047
2.454374074935913, 3046
2.464510917663574, 3045
2.464510917663574, 3044
2.464510917663574, 3043
2.472550868988037, 3042
2.474576950073242, 3041
2.474576950073242, 3040
2.4826412200927734, 3039
2.4826412200927734, 3038
2.492765188217163, 3037
2.492765188217163, 3036
2.492765188217163, 3035
2.4948370456695557, 3034
2.4948370456695557, 3033
2.4948370456695557, 3032
2.4948370456695557, 3031
2.4948370456695557, 3030
2.5049619674682617, 3029
2.5049619674682617, 3028
2.5049619674682617, 3027
2.5130374431610107, 3026
2.5150904655456543, 3025
2.5150904655456543, 3024
2.5150904655456543, 3023
2.523146629333496, 3022
2.525202512741089, 3021
2.5332930088043213, 3020
2.5353474617004395, 3019
2.545463800430298, 3018
2.545463800430298, 3017
2.553548574447632, 3016
2.553548574447632, 3015
2.555602550506592, 3014
2.555602550506592, 3013
2.5657193660736084, 3012
2.5657193660736084, 3011
2.5657193660736084, 3010
2.5657193660736084, 3009
2.573838949203491, 3008
2.573838949203491, 3007
2.573838949203491, 3006
2.575895309448242, 3005
2.5839498043060303, 3004
2.5860044956207275, 3003
2.5860044956207275, 3002
2.5860044956207275, 3001
2.596195697784424, 3000
2.596195697784424, 2999
2.60425066947937, 2998
2.60425066947937, 2997
2.6063051223754883, 2996
2.6245009899139404, 2995
2.626558303833008, 2994
2.626558303833008, 2993
2.6346304416656494, 2992
2.6366868019104004, 2991
2.6447410583496094, 2990
2.6447410583496094, 2989
2.6447410583496094, 2988
2.6569271087646484, 2987
2.6569271087646484, 2986
2.667034864425659, 2985
2.667034864425659, 2984
2.667034864425659, 2983
2.6771678924560547, 2982
2.685230255126953, 2981
2.685230255126953, 2980
2.6872801780700684, 2979
2.6872801780700684, 2978
2.706350326538086, 2977
2.717313051223755, 2976
2.7274041175842285, 2975
2.7274041175842285, 2974
2.7274041175842285, 2973
2.7274041175842285, 2972
2.7274041175842285, 2971
2.735473394393921, 2970
2.745607376098633, 2969
2.745607376098633, 2968
2.747657537460327, 2967
2.747657537460327, 2966
2.757802963256836, 2965
2.7658333778381348, 2964
2.767900228500366, 2963
2.767900228500366, 2962
2.7780368328094482, 2961
2.7881813049316406, 2960
2.7881813049316406, 2959
2.7962489128112793, 2958
2.7983150482177734, 2957
2.7983150482177734, 2956
2.7983150482177734, 2955
2.8084707260131836, 2954
2.8165388107299805, 2953
2.8186051845550537, 2952
2.8186051845550537, 2951
2.8186051845550537, 2950
2.8186051845550537, 2949
2.8287017345428467, 2948
2.838834285736084, 2947
2.838834285736084, 2946
2.838834285736084, 2945
2.838834285736084, 2944
2.848945140838623, 2943
2.848945140838623, 2942
2.848945140838623, 2941
2.848945140838623, 2940
2.848945140838623, 2939
2.848945140838623, 2938
2.848945140838623, 2937
2.859081506729126, 2936
2.859081506729126, 2935
2.8671603202819824, 2934
2.8692266941070557, 2933
2.8692266941070557, 2932
2.8772950172424316, 2931
2.8793606758117676, 2930
2.8793606758117676, 2929
2.889500856399536, 2928
2.889500856399536, 2927
2.899632692337036, 2926
2.899632692337036, 2925
2.9097912311553955, 2924
2.9097912311553955, 2923
2.9097912311553955, 2922
2.9097912311553955, 2921
2.928018093109131, 2920
2.9381589889526367, 2919
2.940225601196289, 2918
2.940225601196289, 2917
2.9503774642944336, 2916
2.9503774642944336, 2915
2.9605119228363037, 2914
2.9605119228363037, 2913
2.9605119228363037, 2912
2.9605119228363037, 2911
2.968594789505005, 2910
2.9706029891967773, 2909
2.9706614017486572, 2908
2.9706614017486572, 2907
2.9706614017486572, 2906
2.9787306785583496, 2905
2.980797052383423, 2904
2.980797052383423, 2903
2.990938663482666, 2902
2.999006509780884, 2901
2.999006509780884, 2900
3.0010766983032227, 2899
3.0010766983032227, 2898
3.0010766983032227, 2897
3.0112156867980957, 2896
3.0112156867980957, 2895
3.0112156867980957, 2894
3.0213494300842285, 2893
3.0213494300842285, 2892
3.031881093978882, 2891
3.031881093978882, 2890
3.0420165061950684, 2889
3.0420165061950684, 2888
3.0420165061950684, 2887
3.0500965118408203, 2886
3.0521631240844727, 2885
3.0521631240844727, 2884
3.0521631240844727, 2883
3.06229567527771, 2882
3.06229567527771, 2881
3.0703225135803223, 2880
3.0723891258239746, 2879
3.0723891258239746, 2878
3.0723891258239746, 2877
3.0804567337036133, 2876
3.082526445388794, 2875
3.082526445388794, 2874
3.082526445388794, 2873
3.082526445388794, 2872
3.0926711559295654, 2871
3.0926711559295654, 2870
3.0926711559295654, 2869
3.102804660797119, 2868
3.102804660797119, 2867
3.102804660797119, 2866
3.102804660797119, 2865
3.102804660797119, 2864
3.11295223236084, 2863
3.11295223236084, 2862
3.1230876445770264, 2861
3.1311614513397217, 2860
3.1311614513397217, 2859
3.1332297325134277, 2858
3.1433770656585693, 2857
3.1514627933502197, 2856
3.1535308361053467, 2855
3.181882619857788, 2854
3.1839511394500732, 2853
3.1839511394500732, 2852
3.1839511394500732, 2851
3.1920411586761475, 2850
3.1920411586761475, 2849
3.194078207015991, 2848
3.194078207015991, 2847
3.194078207015991, 2846
3.194078207015991, 2845
3.194078207015991, 2844
3.2021446228027344, 2843
3.2042150497436523, 2842
3.2042150497436523, 2841
3.222443103790283, 2840
3.2245121002197266, 2839
3.2245121002197266, 2838
3.2245121002197266, 2837
3.2325456142425537, 2836
3.2346127033233643, 2835
3.2346127033233643, 2834
3.2346127033233643, 2833
3.244752883911133, 2832
3.244752883911133, 2831
3.2549021244049072, 2830
3.2549021244049072, 2829
3.2650327682495117, 2828
3.2730581760406494, 2827
3.2751238346099854, 2826
3.285257339477539, 2825
3.285257339477539, 2824
3.293287515640259, 2823
3.2953548431396484, 2822
3.2953548431396484, 2821
3.2953548431396484, 2820
3.2953548431396484, 2819
3.303424835205078, 2818
3.305495023727417, 2817
3.305495023727417, 2816
3.305495023727417, 2815
3.3156394958496094, 2814
3.3156394958496094, 2813
3.3237111568450928, 2812
3.3257837295532227, 2811
3.3359382152557373, 2810
3.3359382152557373, 2809
3.3359382152557373, 2808
3.3359382152557373, 2807
3.3359382152557373, 2806
3.344005823135376, 2805
3.346071243286133, 2804
3.346071243286133, 2803
3.356182098388672, 2802
3.364248752593994, 2801
3.366318702697754, 2800
3.366318702697754, 2799
3.3744056224823, 2798
3.3764421939849854, 2797
3.3764421939849854, 2796
3.384512424468994, 2795
3.384512424468994, 2794
3.3865785598754883, 2793
3.3966872692108154, 2792
3.3966872692108154, 2791
3.3966872692108154, 2790
3.4149110317230225, 2789
3.4149110317230225, 2788
3.416980504989624, 2787
3.416980504989624, 2786
3.4271137714385986, 2785
3.4271137714385986, 2784
3.4271137714385986, 2783
3.437232494354248, 2782
3.4473674297332764, 2781
3.4574766159057617, 2780
3.467623233795166, 2779
3.467623233795166, 2778
3.477740526199341, 2777
3.477740526199341, 2776
3.498037338256836, 2775
3.5081489086151123, 2774
3.5081489086151123, 2773
3.5162532329559326, 2772
3.5183205604553223, 2771
3.5487496852874756, 2770
3.5487496852874756, 2769
3.556868076324463, 2768
3.5589473247528076, 2767
3.5589473247528076, 2766
3.5670247077941895, 2765
3.5691027641296387, 2764
3.5691027641296387, 2763
3.5691027641296387, 2762
3.5792648792266846, 2761
3.5792648792266846, 2760
3.587343454360962, 2759
3.589423656463623, 2758
3.597454309463501, 2757
3.5995328426361084, 2756
3.5995328426361084, 2755
3.6096866130828857, 2754
3.6096866130828857, 2753
3.619828701019287, 2752
3.619828701019287, 2751
3.629964590072632, 2750
3.6404740810394287, 2749
3.6485419273376465, 2748
3.6485419273376465, 2747
3.6506094932556152, 2746
3.6506094932556152, 2745
3.6506094932556152, 2744
3.6506094932556152, 2743
3.6506094932556152, 2742
3.660705804824829, 2741
3.660705804824829, 2740
3.660705804824829, 2739
3.660705804824829, 2738
3.660705804824829, 2737
3.670839786529541, 2736
3.670839786529541, 2735
3.689053535461426, 2734
3.699192523956299, 2733
3.699192523956299, 2732
3.701261281967163, 2731
3.701261281967163, 2730
3.701261281967163, 2729
3.701261281967163, 2728
3.7215514183044434, 2727
3.7215514183044434, 2726
3.7215514183044434, 2725
3.729618787765503, 2724
3.7316856384277344, 2723
3.7316856384277344, 2722
3.7316856384277344, 2721
3.7418251037597656, 2720
3.7519586086273193, 2719
3.7620670795440674, 2718
3.7620670795440674, 2717
3.7620670795440674, 2716
3.7620670795440674, 2715
3.772202253341675, 2714
3.772202253341675, 2713
3.792449474334717, 2712
3.792449474334717, 2711
3.8005330562591553, 2710
3.802614688873291, 2709
3.802614688873291, 2708
3.8106820583343506, 2707
3.8127493858337402, 2706
3.8127493858337402, 2705
3.8127493858337402, 2704
3.8208060264587402, 2703
3.8208060264587402, 2702
3.8330092430114746, 2701
3.843104839324951, 2700
3.843104839324951, 2699
3.843104839324951, 2698
3.843104839324951, 2697
3.8511743545532227, 2696
3.8613181114196777, 2695
3.8633859157562256, 2694
3.8735191822052, 2693
3.8735191822052, 2692
3.8735191822052, 2691
3.883617877960205, 2690
3.8937532901763916, 2689
3.8937532901763916, 2688
3.9038920402526855, 2687
3.914026975631714, 2686
3.914026975631714, 2685
3.9322402477264404, 2684
3.9444594383239746, 2683
3.9444594383239746, 2682
3.9444594383239746, 2681
3.9545910358428955, 2680
3.9748826026916504, 2679
3.9829509258270264, 2678
3.9930782318115234, 2677
3.9951438903808594, 2676
4.0052831172943115, 2675
4.01543664932251, 2674
4.03568696975708, 2673
4.0457823276519775, 2672
4.0457823276519775, 2671
4.066012859344482, 2670
4.074079751968384, 2669
4.094308376312256, 2668
4.096374988555908, 2667
4.104458332061768, 2666
4.106527328491211, 2665
4.116657257080078, 2664
4.116657257080078, 2663
4.1267945766448975, 2662
4.1267945766448975, 2661
4.1267945766448975, 2660
4.136931896209717, 2659
4.1470770835876465, 2658
4.15721321105957, 2657
4.15721321105957, 2656
4.15721321105957, 2655
4.165304660797119, 2654
4.165304660797119, 2653
4.167372465133667, 2652
4.177505970001221, 2651
4.177505970001221, 2650
4.187657356262207, 2649
4.187657356262207, 2648
4.195724010467529, 2647
4.207885503768921, 2646
4.207885503768921, 2645
4.228172302246094, 2644
4.228172302246094, 2643
4.228172302246094, 2642
4.238307952880859, 2641
4.248804330825806, 2640
4.258938312530518, 2639
4.269084930419922, 2638
4.27922248840332, 2637
4.27922248840332, 2636
4.2893781661987305, 2635
4.2893781661987305, 2634
4.2893781661987305, 2633
4.299513339996338, 2632
4.299513339996338, 2631
4.3096160888671875, 2630
4.3096160888671875, 2629
4.319750785827637, 2628
4.340029001235962, 2627
4.340029001235962, 2626
4.34811544418335, 2625
4.350182056427002, 2624
4.358249187469482, 2623
4.360314607620239, 2622
4.360314607620239, 2621
4.370432138442993, 2620
4.370432138442993, 2619
4.370432138442993, 2618
4.380563735961914, 2617
4.400822639465332, 2616
4.400822639465332, 2615
4.400822639465332, 2614
4.400822639465332, 2613
4.4109227657318115, 2612
4.4109227657318115, 2611
4.4109227657318115, 2610
4.459535598754883, 2609
4.4717559814453125, 2608
4.4717559814453125, 2607
4.4717559814453125, 2606
4.481890916824341, 2605
4.489933013916016, 2604
4.492001295089722, 2603
4.492001295089722, 2602
4.502131462097168, 2601
4.502131462097168, 2600
4.51224946975708, 2599
4.522385358810425, 2598
4.522385358810425, 2597
4.556668519973755, 2596
4.583376407623291, 2595
4.591446876525879, 2594
4.611691951751709, 2593
4.613759756088257, 2592
4.623880624771118, 2591
4.644169330596924, 2590
4.644169330596924, 2589
4.654301881790161, 2588
4.6623375415802, 2587
4.674537897109985, 2586
4.6826231479644775, 2585
4.684694766998291, 2584
4.692763090133667, 2583
4.694828987121582, 2582
4.704941034317017, 2581
4.704941034317017, 2580
4.7130091190338135, 2579
4.715076446533203, 2578
4.725219249725342, 2577
4.735352277755737, 2576
4.735352277755737, 2575
4.745502710342407, 2574
4.773845434188843, 2573
4.783957004547119, 2572
4.783957004547119, 2571
4.796161651611328, 2570
4.806304454803467, 2569
4.82647442817688, 2568
4.826533794403076, 2567
4.826533794403076, 2566
4.836668252944946, 2565
4.846800088882446, 2564
4.856934309005737, 2563
4.8674798011779785, 2562
4.8674798011779785, 2561
4.877612352371216, 2560
4.877612352371216, 2559
4.885697841644287, 2558
4.8877668380737305, 2557
4.908047914505005, 2556
4.908047914505005, 2555
4.916117191314697, 2554
4.916117191314697, 2553
4.958671808242798, 2552
4.958671808242798, 2551
4.978906154632568, 2550
4.978906154632568, 2549
4.9869489669799805, 2548
4.989017963409424, 2547
4.997097730636597, 2546
4.999175548553467, 2545
5.007250785827637, 2544
5.009317874908447, 2543
5.019453763961792, 2542
5.029553413391113, 2541
5.039688587188721, 2540
5.039688587188721, 2539
5.057886123657227, 2538
5.057886123657227, 2537
5.057886123657227, 2536
5.070112228393555, 2535
5.070112228393555, 2534
5.098422050476074, 2533
5.1004908084869385, 2532
5.1004908084869385, 2531
5.120723485946655, 2530
5.13088059425354, 2529
5.13088059425354, 2528
5.141014337539673, 2527
5.1921305656433105, 2526
5.1921305656433105, 2525
5.202289581298828, 2524
5.212436199188232, 2523
5.222584962844849, 2522
5.222584962844849, 2521
5.222584962844849, 2520
5.24075722694397, 2519
5.242825746536255, 2518
5.242825746536255, 2517
5.252955913543701, 2516
5.283401250839233, 2515
5.33409571647644, 2514
5.342126369476318, 2513
5.354363441467285, 2512
5.354363441467285, 2511
5.364510536193848, 2510
5.364510536193848, 2509
5.372575998306274, 2508
5.399709224700928, 2507
5.420709133148193, 2506
5.433709621429443, 2505
5.433709621429443, 2504
5.4437103271484375, 2503
5.452709197998047, 2502
5.4837095737457275, 2501
5.500709295272827, 2500
5.500709295272827, 2499
5.531745672225952, 2498
5.536748170852661, 2497
5.539758920669556, 2496
5.540746688842773, 2495
5.546745300292969, 2494
5.5627055168151855, 2493
5.579707622528076, 2492
5.592710256576538, 2491
5.602709531784058, 2490
5.6107094287872314, 2489
5.6237099170684814, 2488
5.624709606170654, 2487
5.625709772109985, 2486
5.637709379196167, 2485
5.643709421157837, 2484
5.648709297180176, 2483
5.687709093093872, 2482
5.688709259033203, 2481
5.702709197998047, 2480
5.711709499359131, 2479
5.7297093868255615, 2478
5.7297093868255615, 2477
5.758709192276001, 2476
5.758709192276001, 2475
5.765709400177002, 2474
5.767709493637085, 2473
5.775709390640259, 2472
5.787709474563599, 2471
5.801709413528442, 2470
5.826709270477295, 2469
5.8547093868255615, 2468
5.876709461212158, 2467
5.918708801269531, 2466
5.932795763015747, 2465
5.937819957733154, 2464
6.0033392906188965, 2463
6.0043394565582275, 2462
6.054339647293091, 2461
6.082339525222778, 2460
6.085339784622192, 2459
6.096339464187622, 2458
6.102339267730713, 2457
6.108339548110962, 2456
6.114339351654053, 2455
6.1513824462890625, 2454
6.2183756828308105, 2453
6.243378400802612, 2452
6.248376846313477, 2451
6.25537633895874, 2450
6.281376600265503, 2449
6.288376092910767, 2448
6.355375528335571, 2447
6.370378732681274, 2446
6.385377407073975, 2445
6.39237642288208, 2444
6.415377855300903, 2443
6.415377855300903, 2442
6.455376386642456, 2441
6.456375598907471, 2440
6.474376678466797, 2439
6.479375839233398, 2438
6.498378753662109, 2437
6.501375913619995, 2436
6.506378889083862, 2435
6.506378889083862, 2434
6.51137113571167, 2433
6.51137113571167, 2432
6.51137113571167, 2431
6.526376724243164, 2430
6.537376165390015, 2429
6.540380001068115, 2428
6.545375823974609, 2427
6.587381601333618, 2426
6.6053783893585205, 2425
6.623376369476318, 2424
6.639376401901245, 2423
6.67338752746582, 2422
6.701378107070923, 2421
6.708373546600342, 2420
6.7243733406066895, 2419
6.725389242172241, 2418
6.755376577377319, 2417
6.757375717163086, 2416
6.772372722625732, 2415
6.787376165390015, 2414
6.792377471923828, 2413
6.80837607383728, 2412
6.837339162826538, 2411
6.839343547821045, 2410
6.8463661670684814, 2409
6.855376482009888, 2408
6.857376337051392, 2407
6.8673765659332275, 2406
6.917375802993774, 2405
6.9213783740997314, 2404
6.942375898361206, 2403
6.947376251220703, 2402
6.977377653121948, 2401
6.99833869934082, 2400
7.043376684188843, 2399
7.0493762493133545, 2398
7.061378479003906, 2397
7.1053760051727295, 2396
7.116375207901001, 2395
7.118376016616821, 2394
7.1363770961761475, 2393
7.1523754596710205, 2392
7.24837589263916, 2391
7.254377126693726, 2390
7.266387701034546, 2389
7.276375770568848, 2388
7.278377056121826, 2387
7.278377056121826, 2386
7.307894229888916, 2385
7.323937654495239, 2384
7.326921701431274, 2383
7.3279337882995605, 2382
7.352931976318359, 2381
7.367933034896851, 2380
7.380928993225098, 2379
7.431938171386719, 2378
7.49393367767334, 2377
7.588933944702148, 2376
7.589932918548584, 2375
7.6529340744018555, 2374
7.710944890975952, 2373
7.767932415008545, 2372
7.769932508468628, 2371
7.772892951965332, 2370
7.801932334899902, 2369
7.8209333419799805, 2368
7.828938961029053, 2367
7.896932363510132, 2366
7.9169323444366455, 2365
7.933942556381226, 2364
7.949929475784302, 2363
7.969934701919556, 2362
7.98594069480896, 2361
7.999935626983643, 2360
8.064932584762573, 2359
8.095933437347412, 2358
8.10793137550354, 2357
8.118934869766235, 2356
8.12293529510498, 2355
8.12293529510498, 2354
8.129934310913086, 2353
8.154932022094727, 2352
8.157893896102905, 2351
8.17893385887146, 2350
8.199897289276123, 2349
8.25393009185791, 2348
8.254932165145874, 2347
8.309932470321655, 2346
8.33893370628357, 2345
8.34293532371521, 2344
8.362932443618774, 2343
8.384933471679688, 2342
8.392932891845703, 2341
8.44994044303894, 2340
8.466933727264404, 2339
8.485943078994751, 2338
8.548515319824219, 2337
8.63634204864502, 2336
8.689342021942139, 2335
8.730342149734497, 2334
8.850355386734009, 2333
8.853342533111572, 2332
8.877344608306885, 2331
8.906345129013062, 2330
8.996342658996582, 2329
9.023342847824097, 2328
9.04534387588501, 2327
9.104343175888062, 2326
9.110342264175415, 2325
9.218343257904053, 2324
9.22130537033081, 2323
9.27334189414978, 2322
9.395824909210205, 2321
9.48782467842102, 2320
9.519824504852295, 2319
9.611825704574585, 2318
9.651825428009033, 2317
9.672834634780884, 2316
9.679824590682983, 2315
9.749823331832886, 2314
9.769823789596558, 2313
9.771827459335327, 2312
9.85183596611023, 2311
9.89082384109497, 2310
9.956784725189209, 2309
10.08198094367981, 2308
10.248983144760132, 2307
10.35050368309021, 2306
10.385541915893555, 2305
10.470543622970581, 2304
10.56454586982727, 2303
10.60054349899292, 2302
10.608544826507568, 2301
10.614543437957764, 2300
10.669503688812256, 2299
10.734503746032715, 2298
10.800503730773926, 2297
10.804504156112671, 2296
10.86850380897522, 2295
10.93950366973877, 2294
10.953503847122192, 2293
10.967503547668457, 2292
11.033503293991089, 2291
11.055503845214844, 2290
11.0585036277771, 2289
11.131503820419312, 2288
11.259503602981567, 2287
11.324541568756104, 2286
11.345184564590454, 2285
11.393738746643066, 2284
11.507726907730103, 2283
11.515687227249146, 2282
11.537723779678345, 2281
11.554689407348633, 2280
11.579691648483276, 2279
11.676690340042114, 2278
11.71769094467163, 2277
11.800690174102783, 2276
11.803691148757935, 2275
11.986690282821655, 2274
12.042698860168457, 2273
12.342371940612793, 2272
12.467371940612793, 2271
12.53736925125122, 2270
12.582367181777954, 2269
12.593372344970703, 2268
12.617401838302612, 2267
12.618401050567627, 2266
12.746370553970337, 2265
12.747371435165405, 2264
13.175410032272339, 2263
13.227373838424683, 2262
13.322964906692505, 2261
13.346967220306396, 2260
13.378968238830566, 2259
13.598966836929321, 2258
13.625965356826782, 2257
13.635975360870361, 2256
13.696972131729126, 2255
13.732966661453247, 2254
13.775965452194214, 2253
13.859966516494751, 2252
14.107067108154297, 2251
14.114547729492188, 2250
14.183547735214233, 2249
14.243548154830933, 2248
14.393544435501099, 2247
14.765547513961792, 2246
14.888545513153076, 2245
14.905549049377441, 2244
14.916550874710083, 2243
15.194618225097656, 2242
15.205617904663086, 2241
15.831618070602417, 2240
16.146172523498535, 2239
16.315212726593018, 2238
16.552363872528076, 2237
16.98450207710266, 2236
17.093461275100708, 2235
17.13146162033081, 2234
17.91450309753418, 2233
18.19494891166687, 2232
18.886577367782593, 2231
19.362797737121582, 2230
20.030834674835205, 2229
20.96694540977478, 2228
21.219947814941406, 2227
21.899422645568848, 2226
21.908422470092773, 2225
22.851062059402466, 2224
23.08006262779236, 2223
23.1400625705719, 2222
23.24906277656555, 2221
23.712690353393555, 2220
25.347219944000244, 2219
26.421926975250244, 2218
28.006723880767822, 2217
28.236724853515625, 2216
29.5478355884552, 2215
31.17191457748413, 2214
32.24136567115784, 2213
34.47935628890991, 2212
36.980899810791016, 2211
37.945960521698, 2210
40.49676203727722, 2209
41.60524272918701, 2208
43.2510986328125, 2207
51.29477500915527, 2206
