0.02299642562866211, 4941
0.023996591567993164, 4940
0.023996591567993164, 4939
0.023996591567993164, 4938
0.024996042251586914, 4937
0.025995969772338867, 4936
0.025995969772338867, 4935
0.02699589729309082, 4934
0.02699589729309082, 4933
0.027996063232421875, 4932
0.028995990753173828, 4931
0.029996156692504883, 4930
0.030996084213256836, 4929
0.030996084213256836, 4928
0.03199601173400879, 4927
0.03199601173400879, 4926
0.032996177673339844, 4925
0.032996177673339844, 4924
0.0339963436126709, 4923
0.0339963436126709, 4922
0.03499627113342285, 4921
0.03603768348693848, 4920
0.03603768348693848, 4919
0.03703665733337402, 4918
0.03803515434265137, 4917
0.03803515434265137, 4916
0.03903555870056152, 4915
0.03903555870056152, 4914
0.040035247802734375, 4913
0.04103350639343262, 4912
0.042035818099975586, 4911
0.042035818099975586, 4910
0.043039798736572266, 4909
0.043039798736572266, 4908
0.0440373420715332, 4907
0.0440373420715332, 4906
0.04503917694091797, 4905
0.04503917694091797, 4904
0.04603743553161621, 4903
0.04603743553161621, 4902
0.04703712463378906, 4901
0.04803895950317383, 4900
0.04803895950317383, 4899
0.04903697967529297, 4898
0.04903697967529297, 4897
0.05003929138183594, 4896
0.05003929138183594, 4895
0.05103659629821777, 4894
0.05103659629821777, 4893
0.05203700065612793, 4892
0.053045034408569336, 4891
0.053045034408569336, 4890
0.05403733253479004, 4889
0.05403733253479004, 4888
0.05504441261291504, 4887
0.05504441261291504, 4886
0.05603742599487305, 4885
0.057035207748413086, 4884
0.057035207748413086, 4883
0.05803704261779785, 4882
0.059040069580078125, 4881
0.059040069580078125, 4880
0.06003737449645996, 4879
0.06103992462158203, 4878
0.062038421630859375, 4877
0.06403899192810059, 4876
0.06503963470458984, 4875
0.06503963470458984, 4874
0.06603646278381348, 4873
0.06603646278381348, 4872
0.06703877449035645, 4871
0.06803727149963379, 4870
0.06803727149963379, 4869
0.06903815269470215, 4868
0.06903815269470215, 4867
0.07000017166137695, 4866
0.07100152969360352, 4865
0.07100152969360352, 4864
0.07200074195861816, 4863
0.07200074195861816, 4862
0.07303500175476074, 4861
0.0740053653717041, 4860
0.0740053653717041, 4859
0.07500028610229492, 4858
0.07599806785583496, 4857
0.07599806785583496, 4856
0.07703828811645508, 4855
0.07703828811645508, 4854
0.07803869247436523, 4853
0.07903766632080078, 4852
0.07903766632080078, 4851
0.08000016212463379, 4850
0.08000016212463379, 4849
0.08103752136230469, 4848
0.08103752136230469, 4847
0.08203649520874023, 4846
0.08203649520874023, 4845
0.08304381370544434, 4844
0.08304381370544434, 4843
0.08403778076171875, 4842
0.08403778076171875, 4841
0.0850377082824707, 4840
0.08603739738464355, 4839
0.08603739738464355, 4838
0.08704090118408203, 4837
0.08704090118408203, 4836
0.08803725242614746, 4835
0.08803725242614746, 4834
0.08903717994689941, 4833
0.08903717994689941, 4832
0.09003949165344238, 4831
0.09003949165344238, 4830
0.09104013442993164, 4829
0.09203743934631348, 4828
0.09203743934631348, 4827
0.09303832054138184, 4826
0.09403872489929199, 4825
0.09403872489929199, 4824
0.09503817558288574, 4823
0.09503817558288574, 4822
0.09703755378723145, 4821
0.09703755378723145, 4820
0.09803962707519531, 4819
0.09803962707519531, 4818
0.09903693199157715, 4817
0.09903693199157715, 4816
0.10003781318664551, 4815
0.10003781318664551, 4814
0.10103678703308105, 4813
0.10203957557678223, 4812
0.10203957557678223, 4811
0.10304069519042969, 4810
0.10400032997131348, 4809
0.10400032997131348, 4808
0.10500502586364746, 4807
0.10600018501281738, 4806
0.10699868202209473, 4805
0.10699868202209473, 4804
0.10800004005432129, 4803
0.10800004005432129, 4802
0.10899853706359863, 4801
0.10899853706359863, 4800
0.11000514030456543, 4799
0.11203312873840332, 4798
0.11303234100341797, 4797
0.11403250694274902, 4796
0.11403250694274902, 4795
0.11503314971923828, 4794
0.11503314971923828, 4793
0.11603283882141113, 4792
0.11603283882141113, 4791
0.11703252792358398, 4790
0.11703252792358398, 4789
0.11803317070007324, 4788
0.11903023719787598, 4787
0.11903023719787598, 4786
0.12003326416015625, 4785
0.12003326416015625, 4784
0.12099957466125488, 4783
0.12203311920166016, 4782
0.12203311920166016, 4781
0.12303352355957031, 4780
0.12403273582458496, 4779
0.12403273582458496, 4778
0.12503862380981445, 4777
0.12503862380981445, 4776
0.1260387897491455, 4775
0.1260387897491455, 4774
0.12703943252563477, 4773
0.12703943252563477, 4772
0.12803912162780762, 4771
0.12803912162780762, 4770
0.12903785705566406, 4769
0.12903785705566406, 4768
0.13203907012939453, 4767
0.13203907012939453, 4766
0.13203907012939453, 4765
0.13303804397583008, 4764
0.13403701782226562, 4763
0.13403701782226562, 4762
0.1350412368774414, 4761
0.1350412368774414, 4760
0.13603806495666504, 4759
0.13703489303588867, 4758
0.13703489303588867, 4757
0.13803815841674805, 4756
0.1390378475189209, 4755
0.1390378475189209, 4754
0.1410374641418457, 4753
0.1410374641418457, 4752
0.14203858375549316, 4751
0.1430370807647705, 4750
0.1430370807647705, 4749
0.1430370807647705, 4748
0.14403891563415527, 4747
0.14403891563415527, 4746
0.14503836631774902, 4745
0.14603686332702637, 4744
0.14704322814941406, 4743
0.14803791046142578, 4742
0.14803791046142578, 4741
0.14903807640075684, 4740
0.14903807640075684, 4739
0.15003705024719238, 4738
0.15003705024719238, 4737
0.15103602409362793, 4736
0.1520369052886963, 4735
0.1520369052886963, 4734
0.15303754806518555, 4733
0.15303754806518555, 4732
0.1540369987487793, 4731
0.1540369987487793, 4730
0.15504121780395508, 4729
0.15504121780395508, 4728
0.1560375690460205, 4727
0.1560375690460205, 4726
0.15703701972961426, 4725
0.15803813934326172, 4724
0.15803813934326172, 4723
0.15903782844543457, 4722
0.15903782844543457, 4721
0.16003775596618652, 4720
0.16003775596618652, 4719
0.16103696823120117, 4718
0.16203999519348145, 4717
0.16303682327270508, 4716
0.16403722763061523, 4715
0.16403722763061523, 4714
0.1650393009185791, 4713
0.1660480499267578, 4712
0.1660480499267578, 4711
0.1670372486114502, 4710
0.1670372486114502, 4709
0.16803789138793945, 4708
0.16803789138793945, 4707
0.16903471946716309, 4706
0.17003703117370605, 4705
0.17003703117370605, 4704
0.17104005813598633, 4703
0.17203783988952637, 4702
0.17203783988952637, 4701
0.17403697967529297, 4700
0.17503762245178223, 4699
0.17503762245178223, 4698
0.17604398727416992, 4697
0.17703747749328613, 4696
0.17703747749328613, 4695
0.1780397891998291, 4694
0.1780397891998291, 4693
0.17903971672058105, 4692
0.1800367832183838, 4691
0.1820368766784668, 4690
0.18304133415222168, 4689
0.18304133415222168, 4688
0.18403840065002441, 4687
0.18503594398498535, 4686
0.18503594398498535, 4685
0.18603777885437012, 4684
0.18603777885437012, 4683
0.18703937530517578, 4682
0.18703937530517578, 4681
0.18904376029968262, 4680
0.19003844261169434, 4679
0.19103717803955078, 4678
0.19203877449035645, 4677
0.19203877449035645, 4676
0.193037748336792, 4675
0.193037748336792, 4674
0.19404006004333496, 4673
0.1950366497039795, 4672
0.1950366497039795, 4671
0.19603729248046875, 4670
0.19603729248046875, 4669
0.1970374584197998, 4668
0.1970374584197998, 4667
0.19800019264221191, 4666
0.19800019264221191, 4665
0.19900131225585938, 4664
0.19900131225585938, 4663
0.20099997520446777, 4662
0.20099997520446777, 4661
0.20200014114379883, 4660
0.20200014114379883, 4659
0.2030470371246338, 4658
0.20404601097106934, 4657
0.20404601097106934, 4656
0.20503759384155273, 4655
0.20503759384155273, 4654
0.20703721046447754, 4653
0.20703721046447754, 4652
0.20803403854370117, 4651
0.20803403854370117, 4650
0.20903682708740234, 4649
0.20903682708740234, 4648
0.2100372314453125, 4647
0.21103715896606445, 4646
0.21103715896606445, 4645
0.2120370864868164, 4644
0.2120370864868164, 4643
0.21303892135620117, 4642
0.21403813362121582, 4641
0.21403813362121582, 4640
0.21503639221191406, 4639
0.21503639221191406, 4638
0.21603727340698242, 4637
0.21703743934631348, 4636
0.21703743934631348, 4635
0.21803712844848633, 4634
0.2190392017364502, 4633
0.2190392017364502, 4632
0.22003746032714844, 4631
0.22003746032714844, 4630
0.2210376262664795, 4629
0.2210376262664795, 4628
0.22203850746154785, 4627
0.22203850746154785, 4626
0.2230370044708252, 4625
0.22403740882873535, 4624
0.2250373363494873, 4623
0.22603917121887207, 4622
0.22603917121887207, 4621
0.2270371913909912, 4620
0.22803711891174316, 4619
0.22903752326965332, 4618
0.23003721237182617, 4617
0.23103761672973633, 4616
0.23203778266906738, 4615
0.23203778266906738, 4614
0.2330341339111328, 4613
0.2330341339111328, 4612
0.2340373992919922, 4611
0.2340373992919922, 4610
0.23503971099853516, 4609
0.23503971099853516, 4608
0.2360367774963379, 4607
0.23703837394714355, 4606
0.2380368709564209, 4605
0.2380368709564209, 4604
0.23903656005859375, 4603
0.23903656005859375, 4602
0.2400503158569336, 4601
0.24103665351867676, 4600
0.24103665351867676, 4599
0.24204111099243164, 4598
0.24204111099243164, 4597
0.24303698539733887, 4596
0.24303698539733887, 4595
0.24403691291809082, 4594
0.24603772163391113, 4593
0.24603772163391113, 4592
0.24704933166503906, 4591
0.24704933166503906, 4590
0.2480471134185791, 4589
0.2480471134185791, 4588
0.24903488159179688, 4587
0.25004053115844727, 4586
0.25104236602783203, 4585
0.25104236602783203, 4584
0.25203704833984375, 4583
0.25203704833984375, 4582
0.253037691116333, 4581
0.25405049324035645, 4580
0.25405049324035645, 4579
0.25603389739990234, 4578
0.2570366859436035, 4577
0.2590365409851074, 4576
0.2600374221801758, 4575
0.2600374221801758, 4574
0.26103687286376953, 4573
0.2620382308959961, 4572
0.2620382308959961, 4571
0.26304125785827637, 4570
0.26304125785827637, 4569
0.2640383243560791, 4568
0.2640383243560791, 4567
0.26503419876098633, 4566
0.2660369873046875, 4565
0.2660369873046875, 4564
0.26703739166259766, 4563
0.2680373191833496, 4562
0.26903700828552246, 4561
0.26903700828552246, 4560
0.2700386047363281, 4559
0.2700386047363281, 4558
0.2710394859313965, 4557
0.2710394859313965, 4556
0.27203893661499023, 4555
0.2730367183685303, 4554
0.2730367183685303, 4553
0.27504420280456543, 4552
0.27603673934936523, 4551
0.27603673934936523, 4550
0.2770383358001709, 4549
0.27803707122802734, 4548
0.27803707122802734, 4547
0.2790412902832031, 4546
0.2790412902832031, 4545
0.2810399532318115, 4544
0.2810399532318115, 4543
0.28203773498535156, 4542
0.283038854598999, 4541
0.283038854598999, 4540
0.28403711318969727, 4539
0.28403711318969727, 4538
0.2860383987426758, 4537
0.2860383987426758, 4536
0.28703784942626953, 4535
0.28703784942626953, 4534
0.2880370616912842, 4533
0.2880370616912842, 4532
0.28903698921203613, 4531
0.28903698921203613, 4530
0.2900369167327881, 4529
0.2900369167327881, 4528
0.29103660583496094, 4527
0.2920370101928711, 4526
0.29303693771362305, 4525
0.29303693771362305, 4524
0.2940375804901123, 4523
0.29503893852233887, 4522
0.29503893852233887, 4521
0.2960386276245117, 4520
0.2960386276245117, 4519
0.29703617095947266, 4518
0.29703617095947266, 4517
0.298037052154541, 4516
0.2990403175354004, 4515
0.2990403175354004, 4514
0.3000001907348633, 4513
0.3010373115539551, 4512
0.30203771591186523, 4511
0.30203771591186523, 4510
0.3030393123626709, 4509
0.3040339946746826, 4508
0.3040339946746826, 4507
0.3050379753112793, 4506
0.30603957176208496, 4505
0.30603957176208496, 4504
0.30603957176208496, 4503
0.30704355239868164, 4502
0.30704355239868164, 4501
0.30803751945495605, 4500
0.30803751945495605, 4499
0.3090376853942871, 4498
0.3090376853942871, 4497
0.31003665924072266, 4496
0.31003665924072266, 4495
0.3110361099243164, 4494
0.3110361099243164, 4493
0.31203794479370117, 4492
0.31203794479370117, 4491
0.3130464553833008, 4490
0.31403684616088867, 4489
0.31504011154174805, 4488
0.3160378932952881, 4487
0.3160378932952881, 4486
0.31703758239746094, 4485
0.31703758239746094, 4484
0.3180384635925293, 4483
0.3180384635925293, 4482
0.31903719902038574, 4481
0.3200340270996094, 4480
0.32103824615478516, 4479
0.3220393657684326, 4478
0.3230445384979248, 4477
0.3240382671356201, 4476
0.3240382671356201, 4475
0.32503676414489746, 4474
0.32503676414489746, 4473
0.3260369300842285, 4472
0.32703614234924316, 4471
0.32703614234924316, 4470
0.3280446529388428, 4469
0.3290414810180664, 4468
0.3310379981994629, 4467
0.3310379981994629, 4466
0.33203697204589844, 4465
0.3330390453338623, 4464
0.33403873443603516, 4463
0.33403873443603516, 4462
0.3350381851196289, 4461
0.33603906631469727, 4460
0.33603906631469727, 4459
0.33803796768188477, 4458
0.3390369415283203, 4457
0.3390369415283203, 4456
0.34155726432800293, 4455
0.3420376777648926, 4454
0.34304118156433105, 4453
0.3440382480621338, 4452
0.3440382480621338, 4451
0.34503698348999023, 4450
0.3460369110107422, 4449
0.3460369110107422, 4448
0.3470420837402344, 4447
0.3470420837402344, 4446
0.3480367660522461, 4445
0.34903812408447266, 4444
0.3500385284423828, 4443
0.3500385284423828, 4442
0.35103726387023926, 4441
0.35103726387023926, 4440
0.3520371913909912, 4439
0.3520371913909912, 4438
0.35303711891174316, 4437
0.35303711891174316, 4436
0.35404133796691895, 4435
0.35404133796691895, 4434
0.3550376892089844, 4433
0.3550376892089844, 4432
0.357036828994751, 4431
0.357036828994751, 4430
0.35803699493408203, 4429
0.35803699493408203, 4428
0.3590373992919922, 4427
0.3590373992919922, 4426
0.36004161834716797, 4425
0.36004161834716797, 4424
0.36004161834716797, 4423
0.3610415458679199, 4422
0.36203718185424805, 4421
0.36203718185424805, 4420
0.3630399703979492, 4419
0.3630399703979492, 4418
0.36403799057006836, 4417
0.36403799057006836, 4416
0.3650472164154053, 4415
0.3650472164154053, 4414
0.36603808403015137, 4413
0.3670380115509033, 4412
0.3670380115509033, 4411
0.3670380115509033, 4410
0.3680388927459717, 4409
0.3700401782989502, 4408
0.37103772163391113, 4407
0.3720369338989258, 4406
0.37303709983825684, 4405
0.37505078315734863, 4404
0.37505078315734863, 4403
0.3780367374420166, 4402
0.3790407180786133, 4401
0.3800504207611084, 4400
0.3800504207611084, 4399
0.3810408115386963, 4398
0.3810408115386963, 4397
0.3820383548736572, 4396
0.3820383548736572, 4395
0.38303709030151367, 4394
0.3840341567993164, 4393
0.3850398063659668, 4392
0.38604044914245605, 4391
0.38604044914245605, 4390
0.3870365619659424, 4389
0.3870365619659424, 4388
0.38803768157958984, 4387
0.3890376091003418, 4386
0.390047550201416, 4385
0.3930342197418213, 4384
0.39403748512268066, 4383
0.39403748512268066, 4382
0.3950366973876953, 4381
0.3950366973876953, 4380
0.3960380554199219, 4379
0.3970367908477783, 4378
0.3970367908477783, 4377
0.398038387298584, 4376
0.3990440368652344, 4375
0.3990440368652344, 4374
0.40005064010620117, 4373
0.4010002613067627, 4372
0.40200161933898926, 4371
0.40200161933898926, 4370
0.4030003547668457, 4369
0.4060509204864502, 4368
0.4070308208465576, 4367
0.4070308208465576, 4366
0.4080324172973633, 4365
0.40903258323669434, 4364
0.4100024700164795, 4363
0.4100024700164795, 4362
0.4119994640350342, 4361
0.4119994640350342, 4360
0.41300058364868164, 4359
0.41300058364868164, 4358
0.4140019416809082, 4357
0.4160013198852539, 4356
0.41699886322021484, 4355
0.4179985523223877, 4354
0.4179985523223877, 4353
0.41899704933166504, 4352
0.42000246047973633, 4351
0.4210011959075928, 4350
0.42200160026550293, 4349
0.42200160026550293, 4348
0.4230022430419922, 4347
0.4230022430419922, 4346
0.42400360107421875, 4345
0.42400360107421875, 4344
0.4250025749206543, 4343
0.42703938484191895, 4342
0.42703938484191895, 4341
0.4280369281768799, 4340
0.4280369281768799, 4339
0.42903852462768555, 4338
0.42903852462768555, 4337
0.4300370216369629, 4336
0.43104076385498047, 4335
0.4320387840270996, 4334
0.4320387840270996, 4333
0.43303775787353516, 4332
0.43303775787353516, 4331
0.4340395927429199, 4330
0.4340395927429199, 4329
0.43503665924072266, 4328
0.43503665924072266, 4327
0.4360008239746094, 4326
0.4360008239746094, 4325
0.4370005130767822, 4324
0.4370005130767822, 4323
0.43799781799316406, 4322
0.4390408992767334, 4321
0.44003844261169434, 4320
0.44104862213134766, 4319
0.442044734954834, 4318
0.442044734954834, 4317
0.4430391788482666, 4316
0.44403672218322754, 4315
0.44403672218322754, 4314
0.4450373649597168, 4313
0.44603896141052246, 4312
0.44803881645202637, 4311
0.44803881645202637, 4310
0.4490373134613037, 4309
0.4500391483306885, 4308
0.4510469436645508, 4307
0.45203685760498047, 4306
0.45303821563720703, 4305
0.4540369510650635, 4304
0.4540369510650635, 4303
0.4560368061065674, 4302
0.4560368061065674, 4301
0.4570341110229492, 4300
0.4570341110229492, 4299
0.4580368995666504, 4298
0.4590437412261963, 4297
0.4600367546081543, 4296
0.46103715896606445, 4295
0.4640390872955322, 4294
0.46503782272338867, 4293
0.46503782272338867, 4292
0.4660372734069824, 4291
0.46703672409057617, 4290
0.4710361957550049, 4289
0.4710361957550049, 4288
0.47203683853149414, 4287
0.47203683853149414, 4286
0.4730370044708252, 4285
0.4730370044708252, 4284
0.47403740882873535, 4283
0.47504687309265137, 4282
0.4770374298095703, 4281
0.4780385494232178, 4280
0.4780385494232178, 4279
0.4790370464324951, 4278
0.4790370464324951, 4277
0.48003673553466797, 4276
0.48103809356689453, 4275
0.48303675651550293, 4274
0.48303675651550293, 4273
0.48303675651550293, 4272
0.486037015914917, 4271
0.486037015914917, 4270
0.4870438575744629, 4269
0.4870438575744629, 4268
0.4880368709564209, 4267
0.4900374412536621, 4266
0.4910392761230469, 4265
0.4910392761230469, 4264
0.492037296295166, 4263
0.4930379390716553, 4262
0.4930379390716553, 4261
0.49503660202026367, 4260
0.49503660202026367, 4259
0.4960343837738037, 4258
0.4970381259918213, 4257
0.49803972244262695, 4256
0.49803972244262695, 4255
0.5000414848327637, 4254
0.5000414848327637, 4253
0.5010368824005127, 4252
0.5010368824005127, 4251
0.505000114440918, 4250
0.505000114440918, 4249
0.5060000419616699, 4248
0.5060000419616699, 4247
0.5090382099151611, 4246
0.5100383758544922, 4245
0.5100383758544922, 4244
0.5110366344451904, 4243
0.5120389461517334, 4242
0.5130400657653809, 4241
0.5130400657653809, 4240
0.5140409469604492, 4239
0.5140409469604492, 4238
0.5150365829467773, 4237
0.5150365829467773, 4236
0.516038179397583, 4235
0.5170373916625977, 4234
0.5180366039276123, 4233
0.5200464725494385, 4232
0.5210344791412354, 4231
0.5210344791412354, 4230
0.5240375995635986, 4229
0.5250375270843506, 4228
0.526038646697998, 4227
0.526038646697998, 4226
0.526038646697998, 4225
0.5270373821258545, 4224
0.528033971786499, 4223
0.5290367603302002, 4222
0.5300366878509521, 4221
0.5300366878509521, 4220
0.5330381393432617, 4219
0.5340368747711182, 4218
0.5340368747711182, 4217
0.5350363254547119, 4216
0.5360465049743652, 4215
0.5370376110076904, 4214
0.5370376110076904, 4213
0.5390396118164062, 4212
0.5390396118164062, 4211
0.5390396118164062, 4210
0.5400373935699463, 4209
0.5420386791229248, 4208
0.5420386791229248, 4207
0.5420386791229248, 4206
0.543036937713623, 4205
0.543036937713623, 4204
0.544036865234375, 4203
0.5460398197174072, 4202
0.5470371246337891, 4201
0.5490372180938721, 4200
0.5490372180938721, 4199
0.5500383377075195, 4198
0.5505261421203613, 4197
0.5510375499725342, 4196
0.5510375499725342, 4195
0.5520381927490234, 4194
0.5530431270599365, 4193
0.5535948276519775, 4192
0.5535948276519775, 4191
0.5546431541442871, 4190
0.5552031993865967, 4189
0.555840253829956, 4188
0.555840253829956, 4187
0.5567963123321533, 4186
0.5567963123321533, 4185
0.55843186378479, 4184
0.55843186378479, 4183
0.559384822845459, 4182
0.5603852272033691, 4181
0.5613868236541748, 4180
0.5619392395019531, 4179
0.5619392395019531, 4178
0.5636286735534668, 4177
0.5636286735534668, 4176
0.5636286735534668, 4175
0.5645716190338135, 4174
0.5645716190338135, 4173
0.56557297706604, 4172
0.566575288772583, 4171
0.5691695213317871, 4170
0.5691695213317871, 4169
0.5701687335968018, 4168
0.5701687335968018, 4167
0.5711684226989746, 4166
0.5711684226989746, 4165
0.5731801986694336, 4164
0.5731801986694336, 4163
0.5741679668426514, 4162
0.5751674175262451, 4161
0.5751674175262451, 4160
0.5761716365814209, 4159
0.5771677494049072, 4158
0.5771677494049072, 4157
0.5781674385070801, 4156
0.5791676044464111, 4155
0.5801718235015869, 4154
0.5801718235015869, 4153
0.5821676254272461, 4152
0.5821676254272461, 4151
0.5831692218780518, 4150
0.5841672420501709, 4149
0.5841672420501709, 4148
0.5851683616638184, 4147
0.5871706008911133, 4146
0.5891678333282471, 4145
0.5941648483276367, 4144
0.5951673984527588, 4143
0.5991678237915039, 4142
0.6001701354980469, 4141
0.6011695861816406, 4140
0.6011695861816406, 4139
0.6021668910980225, 4138
0.6051678657531738, 4137
0.6071672439575195, 4136
0.6091675758361816, 4135
0.6101663112640381, 4134
0.6111674308776855, 4133
0.6121697425842285, 4132
0.6131677627563477, 4131
0.6131677627563477, 4130
0.6161768436431885, 4129
0.6161768436431885, 4128
0.6171748638153076, 4127
0.6171748638153076, 4126
0.6181690692901611, 4125
0.6181690692901611, 4124
0.6181690692901611, 4123
0.6191701889038086, 4122
0.6201682090759277, 4121
0.6201682090759277, 4120
0.6231672763824463, 4119
0.6231672763824463, 4118
0.6251680850982666, 4117
0.6261651515960693, 4116
0.6261651515960693, 4115
0.6271681785583496, 4114
0.6281685829162598, 4113
0.6301677227020264, 4112
0.6301677227020264, 4111
0.631169319152832, 4110
0.6331696510314941, 4109
0.6341683864593506, 4108
0.6341683864593506, 4107
0.6351673603057861, 4106
0.6351673603057861, 4105
0.6361680030822754, 4104
0.6361680030822754, 4103
0.6371686458587646, 4102
0.6371686458587646, 4101
0.6381680965423584, 4100
0.6381680965423584, 4099
0.6391685009002686, 4098
0.6391685009002686, 4097
0.641167163848877, 4096
0.6431705951690674, 4095
0.6431705951690674, 4094
0.645169734954834, 4093
0.6471693515777588, 4092
0.648167610168457, 4091
0.648167610168457, 4090
0.6491677761077881, 4089
0.65016770362854, 4088
0.6511707305908203, 4087
0.6511707305908203, 4086
0.6521670818328857, 4085
0.6531801223754883, 4084
0.6541681289672852, 4083
0.6541681289672852, 4082
0.6561686992645264, 4081
0.6591670513153076, 4080
0.6591670513153076, 4079
0.6591670513153076, 4078
0.660170316696167, 4077
0.6611673831939697, 4076
0.6611673831939697, 4075
0.662168025970459, 4074
0.662168025970459, 4073
0.662168025970459, 4072
0.6631672382354736, 4071
0.6631672382354736, 4070
0.6651647090911865, 4069
0.6651647090911865, 4068
0.6661674976348877, 4067
0.6661674976348877, 4066
0.6671702861785889, 4065
0.6681680679321289, 4064
0.6681680679321289, 4063
0.6701679229736328, 4062
0.6711704730987549, 4061
0.6721670627593994, 4060
0.6721670627593994, 4059
0.6731679439544678, 4058
0.6751670837402344, 4057
0.6751670837402344, 4056
0.6761727333068848, 4055
0.6761727333068848, 4054
0.6791691780090332, 4053
0.6791691780090332, 4052
0.6801693439483643, 4051
0.6811697483062744, 4050
0.6831798553466797, 4049
0.6841681003570557, 4048
0.6841681003570557, 4047
0.6881716251373291, 4046
0.6891679763793945, 4045
0.6891679763793945, 4044
0.69016432762146, 4043
0.6911680698394775, 4042
0.6931688785552979, 4041
0.6941676139831543, 4040
0.69516921043396, 4039
0.69516921043396, 4038
0.6961677074432373, 4037
0.6971650123596191, 4036
0.6991677284240723, 4035
0.6991677284240723, 4034
0.7031683921813965, 4033
0.7041671276092529, 4032
0.7071306705474854, 4031
0.7071306705474854, 4030
0.7101681232452393, 4029
0.7121670246124268, 4028
0.7121670246124268, 4027
0.7131679058074951, 4026
0.7151696681976318, 4025
0.7161674499511719, 4024
0.7171673774719238, 4023
0.7191677093505859, 4022
0.7201676368713379, 4021
0.7221651077270508, 4020
0.7221651077270508, 4019
0.723168134689331, 4018
0.7261683940887451, 4017
0.7281670570373535, 4016
0.7301690578460693, 4015
0.7311697006225586, 4014
0.7311697006225586, 4013
0.7321672439575195, 4012
0.7331736087799072, 4011
0.734168529510498, 4010
0.7351679801940918, 4009
0.7351679801940918, 4008
0.7361674308776855, 4007
0.7371683120727539, 4006
0.7371683120727539, 4005
0.7381644248962402, 4004
0.7391674518585205, 4003
0.7401700019836426, 4002
0.7411689758300781, 4001
0.7411689758300781, 4000
0.7421672344207764, 3999
0.7421672344207764, 3998
0.7441761493682861, 3997
0.7461669445037842, 3996
0.7461669445037842, 3995
0.7471702098846436, 3994
0.7471702098846436, 3993
0.7481672763824463, 3992
0.7491669654846191, 3991
0.7491669654846191, 3990
0.7501688003540039, 3989
0.7511682510375977, 3988
0.7521717548370361, 3987
0.7541649341583252, 3986
0.7541649341583252, 3985
0.7561774253845215, 3984
0.7571682929992676, 3983
0.7571682929992676, 3982
0.7651674747467041, 3981
0.7651674747467041, 3980
0.7661678791046143, 3979
0.7671680450439453, 3978
0.7671680450439453, 3977
0.7681722640991211, 3976
0.7681722640991211, 3975
0.7701680660247803, 3974
0.7711696624755859, 3973
0.7721710205078125, 3972
0.7731704711914062, 3971
0.7731704711914062, 3970
0.7751758098602295, 3969
0.7751758098602295, 3968
0.7771682739257812, 3967
0.7771682739257812, 3966
0.7781672477722168, 3965
0.7781672477722168, 3964
0.7801680564880371, 3963
0.7801680564880371, 3962
0.781172513961792, 3961
0.7821671962738037, 3960
0.7821671962738037, 3959
0.786165714263916, 3958
0.7911677360534668, 3957
0.7971689701080322, 3956
0.7971689701080322, 3955
0.7981672286987305, 3954
0.7991673946380615, 3953
0.8001723289489746, 3952
0.8051674365997314, 3951
0.8071324825286865, 3950
0.8111698627471924, 3949
0.8121676445007324, 3948
0.813169002532959, 3947
0.8141674995422363, 3946
0.8151671886444092, 3945
0.8161671161651611, 3944
0.8161671161651611, 3943
0.8171679973602295, 3942
0.8181655406951904, 3941
0.8181655406951904, 3940
0.8191678524017334, 3939
0.8191678524017334, 3938
0.8201684951782227, 3937
0.8211679458618164, 3936
0.8211679458618164, 3935
0.8221681118011475, 3934
0.8241677284240723, 3933
0.8241677284240723, 3932
0.8251650333404541, 3931
0.8271687030792236, 3930
0.8281674385070801, 3929
0.8301684856414795, 3928
0.8301684856414795, 3927
0.8331670761108398, 3926
0.834169864654541, 3925
0.834169864654541, 3924
0.8391692638397217, 3923
0.8391692638397217, 3922
0.8401670455932617, 3921
0.8411679267883301, 3920
0.8431706428527832, 3919
0.8441672325134277, 3918
0.8441672325134277, 3917
0.845167875289917, 3916
0.846168041229248, 3915
0.846168041229248, 3914
0.8471670150756836, 3913
0.8501675128936768, 3912
0.851168155670166, 3911
0.8521697521209717, 3910
0.8521697521209717, 3909
0.8531796932220459, 3908
0.8541676998138428, 3907
0.8551673889160156, 3906
0.8571698665618896, 3905
0.8581671714782715, 3904
0.8641674518585205, 3903
0.8651673793792725, 3902
0.868170976638794, 3901
0.8711774349212646, 3900
0.8731646537780762, 3899
0.8741679191589355, 3898
0.8761684894561768, 3897
0.8761684894561768, 3896
0.8781726360321045, 3895
0.8781726360321045, 3894
0.8791689872741699, 3893
0.8801281452178955, 3892
0.8811295032501221, 3891
0.8821289539337158, 3890
0.8851683139801025, 3889
0.8861691951751709, 3888
0.887169361114502, 3887
0.8881673812866211, 3886
0.8891808986663818, 3885
0.894167423248291, 3884
0.8951690196990967, 3883
0.8951690196990967, 3882
0.8971679210662842, 3881
0.9001672267913818, 3880
0.9021673202514648, 3879
0.9031691551208496, 3878
0.9041671752929688, 3877
0.9051673412322998, 3876
0.9051673412322998, 3875
0.90616774559021, 3874
0.90616774559021, 3873
0.9081685543060303, 3872
0.9091677665710449, 3871
0.9091677665710449, 3870
0.9091677665710449, 3869
0.9121677875518799, 3868
0.9121677875518799, 3867
0.9131669998168945, 3866
0.9141647815704346, 3865
0.9151675701141357, 3864
0.917168140411377, 3863
0.917168140411377, 3862
0.9201676845550537, 3861
0.9201676845550537, 3860
0.9201676845550537, 3859
0.9221673011779785, 3858
0.9231705665588379, 3857
0.9241676330566406, 3856
0.9241676330566406, 3855
0.9251677989959717, 3854
0.9261672496795654, 3853
0.9281716346740723, 3852
0.9291689395904541, 3851
0.930166482925415, 3850
0.9311673641204834, 3849
0.9311673641204834, 3848
0.9321670532226562, 3847
0.9331762790679932, 3846
0.9351692199707031, 3845
0.9371650218963623, 3844
0.9371650218963623, 3843
0.9411735534667969, 3842
0.943166971206665, 3841
0.943166971206665, 3840
0.9471676349639893, 3839
0.9521689414978027, 3838
0.9531645774841309, 3837
0.9531645774841309, 3836
0.9531645774841309, 3835
0.9551682472229004, 3834
0.956167459487915, 3833
0.9571685791015625, 3832
0.9571685791015625, 3831
0.958167552947998, 3830
0.958167552947998, 3829
0.9641776084899902, 3828
0.9641776084899902, 3827
0.9651672840118408, 3826
0.9661686420440674, 3825
0.9661686420440674, 3824
0.9661686420440674, 3823
0.9691686630249023, 3822
0.9691686630249023, 3821
0.9701671600341797, 3820
0.9711697101593018, 3819
0.9721670150756836, 3818
0.9751672744750977, 3817
0.9761672019958496, 3816
0.9761672019958496, 3815
0.9771678447723389, 3814
0.9781782627105713, 3813
0.9791679382324219, 3812
0.9791679382324219, 3811
0.9791679382324219, 3810
0.9811677932739258, 3809
0.982168436050415, 3808
0.982168436050415, 3807
0.9841670989990234, 3806
0.9841670989990234, 3805
0.9881680011749268, 3804
0.9881680011749268, 3803
0.9891672134399414, 3802
0.9891672134399414, 3801
0.9901702404022217, 3800
0.991168737411499, 3799
0.9921669960021973, 3798
0.9921669960021973, 3797
0.9941654205322266, 3796
0.9951679706573486, 3795
0.9971675872802734, 3794
0.9981675148010254, 3793
1.00416898727417, 3792
1.0051672458648682, 3791
1.0061700344085693, 3790
1.007166862487793, 3789
1.0081722736358643, 3788
1.0091688632965088, 3787
1.010129690170288, 3786
1.0121703147888184, 3785
1.0121703147888184, 3784
1.0121703147888184, 3783
1.013167142868042, 3782
1.014167308807373, 3781
1.017164707183838, 3780
1.0181682109832764, 3779
1.0221683979034424, 3778
1.029167890548706, 3777
1.0301673412322998, 3776
1.0311691761016846, 3775
1.0321674346923828, 3774
1.033172607421875, 3773
1.035170555114746, 3772
1.0381689071655273, 3771
1.0391688346862793, 3770
1.0401675701141357, 3769
1.0421655178070068, 3768
1.043168306350708, 3767
1.0451686382293701, 3766
1.0471675395965576, 3765
1.0471675395965576, 3764
1.0481672286987305, 3763
1.0481672286987305, 3762
1.0491650104522705, 3761
1.0501680374145508, 3760
1.0511713027954102, 3759
1.0541672706604004, 3758
1.0541672706604004, 3757
1.0541672706604004, 3756
1.055168628692627, 3755
1.0571696758270264, 3754
1.0601825714111328, 3753
1.0601825714111328, 3752
1.0601825714111328, 3751
1.0611679553985596, 3750
1.0611679553985596, 3749
1.0621678829193115, 3748
1.0641679763793945, 3747
1.0691678524017334, 3746
1.070176362991333, 3745
1.070176362991333, 3744
1.0711681842803955, 3743
1.0711681842803955, 3742
1.0731682777404785, 3741
1.0741658210754395, 3740
1.0741658210754395, 3739
1.0751676559448242, 3738
1.0751676559448242, 3737
1.07716965675354, 3736
1.0791699886322021, 3735
1.081164836883545, 3734
1.0851678848266602, 3733
1.0861690044403076, 3732
1.0901679992675781, 3731
1.0901679992675781, 3730
1.0911672115325928, 3729
1.092170000076294, 3728
1.093170404434204, 3727
1.0981686115264893, 3726
1.0981686115264893, 3725
1.100167989730835, 3724
1.1061286926269531, 3723
1.1171684265136719, 3722
1.1201717853546143, 3721
1.1211671829223633, 3720
1.1221773624420166, 3719
1.1221773624420166, 3718
1.1221773624420166, 3717
1.1241672039031982, 3716
1.1251678466796875, 3715
1.1281671524047852, 3714
1.1281671524047852, 3713
1.1311707496643066, 3712
1.1331701278686523, 3711
1.1341688632965088, 3710
1.135167121887207, 3709
1.135167121887207, 3708
1.135167121887207, 3707
1.136167049407959, 3706
1.1371679306030273, 3705
1.1371679306030273, 3704
1.1381666660308838, 3703
1.1391677856445312, 3702
1.1431691646575928, 3701
1.1431691646575928, 3700
1.144167184829712, 3699
1.146174669265747, 3698
1.146174669265747, 3697
1.148167610168457, 3696
1.149167776107788, 3695
1.1511693000793457, 3694
1.1511693000793457, 3693
1.1521718502044678, 3692
1.1521718502044678, 3691
1.1531682014465332, 3690
1.1541671752929688, 3689
1.1571674346923828, 3688
1.1581673622131348, 3687
1.1591691970825195, 3686
1.1601676940917969, 3685
1.1621673107147217, 3684
1.167168140411377, 3683
1.170165777206421, 3682
1.1711676120758057, 3681
1.1721704006195068, 3680
1.1731743812561035, 3679
1.174168586730957, 3678
1.174168586730957, 3677
1.1751670837402344, 3676
1.1761674880981445, 3675
1.1791696548461914, 3674
1.180171251296997, 3673
1.180171251296997, 3672
1.181168794631958, 3671
1.1831672191619873, 3670
1.1841673851013184, 3669
1.1841673851013184, 3668
1.1861789226531982, 3667
1.1861789226531982, 3666
1.1871681213378906, 3665
1.1881697177886963, 3664
1.1891672611236572, 3663
1.1891672611236572, 3662
1.1891672611236572, 3661
1.1901674270629883, 3660
1.1931695938110352, 3659
1.1931695938110352, 3658
1.195169448852539, 3657
1.1971678733825684, 3656
1.198167324066162, 3655
1.198167324066162, 3654
1.1991674900054932, 3653
1.2001721858978271, 3652
1.2001721858978271, 3651
1.2051680088043213, 3650
1.2051680088043213, 3649
1.206167459487915, 3648
1.206167459487915, 3647
1.2091786861419678, 3646
1.2091786861419678, 3645
1.2091786861419678, 3644
1.212174892425537, 3643
1.2131726741790771, 3642
1.2141673564910889, 3641
1.21516752243042, 3640
1.2161674499511719, 3639
1.2191689014434814, 3638
1.2221786975860596, 3637
1.2251677513122559, 3636
1.2261674404144287, 3635
1.2261674404144287, 3634
1.2281689643859863, 3633
1.2291672229766846, 3632
1.2301766872406006, 3631
1.2301766872406006, 3630
1.2301766872406006, 3629
1.2321698665618896, 3628
1.2361700534820557, 3627
1.2361700534820557, 3626
1.2371680736541748, 3625
1.2381675243377686, 3624
1.2381675243377686, 3623
1.2411646842956543, 3622
1.2421674728393555, 3621
1.243170976638794, 3620
1.243170976638794, 3619
1.2461676597595215, 3618
1.2491674423217773, 3617
1.2521705627441406, 3616
1.2521705627441406, 3615
1.2521705627441406, 3614
1.2561676502227783, 3613
1.2571759223937988, 3612
1.2571759223937988, 3611
1.2591702938079834, 3610
1.2601675987243652, 3609
1.2611706256866455, 3608
1.265167236328125, 3607
1.2661652565002441, 3606
1.267167091369629, 3605
1.267167091369629, 3604
1.267167091369629, 3603
1.2681677341461182, 3602
1.269167423248291, 3601
1.2711691856384277, 3600
1.2711691856384277, 3599
1.278167486190796, 3598
1.28017258644104, 3597
1.2811670303344727, 3596
1.2841715812683105, 3595
1.289167881011963, 3594
1.2921676635742188, 3593
1.2941675186157227, 3592
1.295168161392212, 3591
1.2981643676757812, 3590
1.2991678714752197, 3589
1.3001713752746582, 3588
1.3011670112609863, 3587
1.3041670322418213, 3586
1.3051812648773193, 3585
1.3071701526641846, 3584
1.3081676959991455, 3583
1.3081676959991455, 3582
1.310168743133545, 3581
1.310168743133545, 3580
1.3111670017242432, 3579
1.3121771812438965, 3578
1.3131673336029053, 3577
1.3141651153564453, 3576
1.3141651153564453, 3575
1.3161671161651611, 3574
1.3181781768798828, 3573
1.319169521331787, 3572
1.319169521331787, 3571
1.3201684951782227, 3570
1.3201684951782227, 3569
1.3251678943634033, 3568
1.3251678943634033, 3567
1.329167366027832, 3566
1.33017897605896, 3565
1.331167459487915, 3564
1.331167459487915, 3563
1.3321678638458252, 3562
1.3321678638458252, 3561
1.333167552947998, 3560
1.3341693878173828, 3559
1.3371756076812744, 3558
1.3371756076812744, 3557
1.3371756076812744, 3556
1.338167428970337, 3555
1.338167428970337, 3554
1.3391673564910889, 3553
1.3391673564910889, 3552
1.341169834136963, 3551
1.3441669940948486, 3550
1.345167636871338, 3549
1.345167636871338, 3548
1.345167636871338, 3547
1.3461675643920898, 3546
1.347168207168579, 3545
1.347168207168579, 3544
1.347168207168579, 3543
1.3501782417297363, 3542
1.3511695861816406, 3541
1.3511695861816406, 3540
1.3521678447723389, 3539
1.3531670570373535, 3538
1.3541676998138428, 3537
1.3541676998138428, 3536
1.3541676998138428, 3535
1.3551673889160156, 3534
1.3561687469482422, 3533
1.3581678867340088, 3532
1.3591680526733398, 3531
1.3611674308776855, 3530
1.3611674308776855, 3529
1.3611674308776855, 3528
1.3691647052764893, 3527
1.3711705207824707, 3526
1.3761744499206543, 3525
1.3761744499206543, 3524
1.378166675567627, 3523
1.3791682720184326, 3522
1.3801746368408203, 3521
1.383169174194336, 3520
1.384169101715088, 3519
1.386167287826538, 3518
1.3871703147888184, 3517
1.3871703147888184, 3516
1.389174222946167, 3515
1.392171859741211, 3514
1.394164800643921, 3513
1.395167350769043, 3512
1.3961703777313232, 3511
1.3961703777313232, 3510
1.4011695384979248, 3509
1.405167818069458, 3508
1.4061672687530518, 3507
1.4071681499481201, 3506
1.4091672897338867, 3505
1.4091672897338867, 3504
1.4091672897338867, 3503
1.4151692390441895, 3502
1.4151692390441895, 3501
1.4161670207977295, 3500
1.4171674251556396, 3499
1.4171674251556396, 3498
1.4181673526763916, 3497
1.4181673526763916, 3496
1.4191813468933105, 3495
1.4231674671173096, 3494
1.4251682758331299, 3493
1.4261648654937744, 3492
1.4361677169799805, 3491
1.4381675720214844, 3490
1.4391677379608154, 3489
1.4401299953460693, 3488
1.4411303997039795, 3487
1.4441702365875244, 3486
1.4461674690246582, 3485
1.4461674690246582, 3484
1.4481675624847412, 3483
1.449164867401123, 3482
1.449164867401123, 3481
1.450167179107666, 3480
1.4521679878234863, 3479
1.4521679878234863, 3478
1.4531683921813965, 3477
1.4541676044464111, 3476
1.4541676044464111, 3475
1.4551692008972168, 3474
1.456171989440918, 3473
1.4631693363189697, 3472
1.4641828536987305, 3471
1.465165138244629, 3470
1.4681696891784668, 3469
1.4701688289642334, 3468
1.4721720218658447, 3467
1.4721720218658447, 3466
1.4741673469543457, 3465
1.4751672744750977, 3464
1.4751672744750977, 3463
1.4791691303253174, 3462
1.4851672649383545, 3461
1.4861712455749512, 3460
1.48917818069458, 3459
1.4931671619415283, 3458
1.4961705207824707, 3457
1.4971702098846436, 3456
1.4971702098846436, 3455
1.4981682300567627, 3454
1.4981682300567627, 3453
1.503175973892212, 3452
1.506164789199829, 3451
1.506164789199829, 3450
1.5091784000396729, 3449
1.5091784000396729, 3448
1.5101675987243652, 3447
1.5101675987243652, 3446
1.5121691226959229, 3445
1.513164758682251, 3444
1.516167402267456, 3443
1.517179250717163, 3442
1.520167350769043, 3441
1.5211677551269531, 3440
1.5231678485870361, 3439
1.5261774063110352, 3438
1.534168004989624, 3437
1.5361673831939697, 3436
1.5391674041748047, 3435
1.5391674041748047, 3434
1.5451693534851074, 3433
1.5491743087768555, 3432
1.5491743087768555, 3431
1.551168441772461, 3430
1.551168441772461, 3429
1.5536108016967773, 3428
1.5541646480560303, 3427
1.5541646480560303, 3426
1.5561671257019043, 3425
1.5561671257019043, 3424
1.5581698417663574, 3423
1.559169054031372, 3422
1.5611698627471924, 3421
1.5651674270629883, 3420
1.5651674270629883, 3419
1.567169427871704, 3418
1.567169427871704, 3417
1.5731697082519531, 3416
1.5741691589355469, 3415
1.576167345046997, 3414
1.576167345046997, 3413
1.577164649963379, 3412
1.5781669616699219, 3411
1.5811679363250732, 3410
1.583167552947998, 3409
1.584172010421753, 3408
1.587167501449585, 3407
1.588167667388916, 3406
1.588167667388916, 3405
1.5901672840118408, 3404
1.5901672840118408, 3403
1.5941669940948486, 3402
1.5941669940948486, 3401
1.5961685180664062, 3400
1.5991706848144531, 3399
1.6041698455810547, 3398
1.6051702499389648, 3397
1.6051702499389648, 3396
1.6141674518585205, 3395
1.6181645393371582, 3394
1.6181645393371582, 3393
1.6201674938201904, 3392
1.6221671104431152, 3391
1.6241681575775146, 3390
1.6261684894561768, 3389
1.6301672458648682, 3388
1.6331677436828613, 3387
1.6341650485992432, 3386
1.6341650485992432, 3385
1.6361722946166992, 3384
1.6371688842773438, 3383
1.6381688117980957, 3382
1.639169454574585, 3381
1.6401677131652832, 3380
1.641164779663086, 3379
1.6431703567504883, 3378
1.6491706371307373, 3377
1.654167890548706, 3376
1.6581683158874512, 3375
1.6581683158874512, 3374
1.6601672172546387, 3373
1.6641738414764404, 3372
1.6671671867370605, 3371
1.66817045211792, 3370
1.6691672801971436, 3369
1.6731672286987305, 3368
1.6751799583435059, 3367
1.6751799583435059, 3366
1.6811673641204834, 3365
1.682178020477295, 3364
1.682178020477295, 3363
1.6831672191619873, 3362
1.6851677894592285, 3361
1.6851677894592285, 3360
1.6861672401428223, 3359
1.6891698837280273, 3358
1.6911695003509521, 3357
1.6931750774383545, 3356
1.6931750774383545, 3355
1.6941685676574707, 3354
1.6971673965454102, 3353
1.6971673965454102, 3352
1.7021684646606445, 3351
1.7081682682037354, 3350
1.709167242050171, 3349
1.7101702690124512, 3348
1.712167501449585, 3347
1.712167501449585, 3346
1.713167428970337, 3345
1.713167428970337, 3344
1.7181673049926758, 3343
1.7201833724975586, 3342
1.7211754322052002, 3341
1.7231671810150146, 3340
1.7241795063018799, 3339
1.7251739501953125, 3338
1.7321703433990479, 3337
1.733168601989746, 3336
1.733168601989746, 3335
1.7341673374176025, 3334
1.7351694107055664, 3333
1.7381672859191895, 3332
1.739170789718628, 3331
1.739170789718628, 3330
1.7401671409606934, 3329
1.7411749362945557, 3328
1.7441675662994385, 3327
1.7451677322387695, 3326
1.7451677322387695, 3325
1.749169111251831, 3324
1.7521681785583496, 3323
1.7521681785583496, 3322
1.7521681785583496, 3321
1.754169225692749, 3320
1.754169225692749, 3319
1.759169340133667, 3318
1.7621653079986572, 3317
1.76716947555542, 3316
1.7701680660247803, 3315
1.7711694240570068, 3314
1.7731678485870361, 3313
1.7781662940979004, 3312
1.7801671028137207, 3311
1.7801671028137207, 3310
1.7841684818267822, 3309
1.7851650714874268, 3308
1.7851650714874268, 3307
1.7891695499420166, 3306
1.7901687622070312, 3305
1.7951693534851074, 3304
1.8041794300079346, 3303
1.8051683902740479, 3302
1.8051683902740479, 3301
1.8071684837341309, 3300
1.8081753253936768, 3299
1.8101646900177002, 3298
1.8101646900177002, 3297
1.8141677379608154, 3296
1.826164960861206, 3295
1.828167200088501, 3294
1.832167625427246, 3293
1.8351702690124512, 3292
1.836167812347412, 3291
1.8371686935424805, 3290
1.8371686935424805, 3289
1.839167594909668, 3288
1.8461673259735107, 3287
1.8461673259735107, 3286
1.8491780757904053, 3285
1.851167917251587, 3284
1.8521673679351807, 3283
1.8541674613952637, 3282
1.8551697731018066, 3281
1.8551697731018066, 3280
1.8721630573272705, 3279
1.8741683959960938, 3278
1.8741683959960938, 3277
1.8751626014709473, 3276
1.8761672973632812, 3275
1.886167049407959, 3274
1.8933753967285156, 3273
1.8943281173706055, 3272
1.8969688415527344, 3271
1.8999302387237549, 3270
1.900484323501587, 3269
1.900484323501587, 3268
1.902043104171753, 3267
1.9021284580230713, 3266
1.9040777683258057, 3265
1.9040777683258057, 3264
1.907078504562378, 3263
1.9100794792175293, 3262
1.9130806922912598, 3261
1.9160857200622559, 3260
1.9160857200622559, 3259
1.9160857200622559, 3258
1.9170780181884766, 3257
1.9170780181884766, 3256
1.9190785884857178, 3255
1.9200756549835205, 3254
1.9250776767730713, 3253
1.9260413646697998, 3252
1.9260413646697998, 3251
1.9260413646697998, 3250
1.9270789623260498, 3249
1.9300804138183594, 3248
1.931079387664795, 3247
1.931079387664795, 3246
1.9320785999298096, 3245
1.9330799579620361, 3244
1.9350779056549072, 3243
1.9410851001739502, 3242
1.9410851001739502, 3241
1.9420804977416992, 3240
1.9420804977416992, 3239
1.9450807571411133, 3238
1.9460785388946533, 3237
1.9480774402618408, 3236
1.949077844619751, 3235
1.9520759582519531, 3234
1.9540777206420898, 3233
1.9580798149108887, 3232
1.9590790271759033, 3231
1.9620776176452637, 3230
1.9630777835845947, 3229
1.9640791416168213, 3228
1.9670841693878174, 3227
1.970080852508545, 3226
1.970080852508545, 3225
1.9750778675079346, 3224
1.9760777950286865, 3223
1.978079080581665, 3222
1.9790823459625244, 3221
1.9800786972045898, 3220
1.9810781478881836, 3219
1.9830777645111084, 3218
1.9840757846832275, 3217
1.999079704284668, 3216
2.0010788440704346, 3215
2.0050787925720215, 3214
2.0050787925720215, 3213
2.008078098297119, 3212
2.009089469909668, 3211
2.009089469909668, 3210
2.010078191757202, 3209
2.0170881748199463, 3208
2.018078088760376, 3207
2.018078088760376, 3206
2.0210790634155273, 3205
2.0210790634155273, 3204
2.0270426273345947, 3203
2.031040906906128, 3202
2.031040906906128, 3201
2.031040906906128, 3200
2.0330810546875, 3199
2.0440783500671387, 3198
2.04607892036438, 3197
2.050081491470337, 3196
2.055079221725464, 3195
2.055079221725464, 3194
2.056079387664795, 3193
2.058077573776245, 3192
2.0600783824920654, 3191
2.0610785484313965, 3190
2.0620813369750977, 3189
2.0630791187286377, 3188
2.064075231552124, 3187
2.066082239151001, 3186
2.067077875137329, 3185
2.0680792331695557, 3184
2.0680792331695557, 3183
2.07108736038208, 3182
2.074077606201172, 3181
2.0760786533355713, 3180
2.084078550338745, 3179
2.084078550338745, 3178
2.0880796909332275, 3177
2.0910778045654297, 3176
2.0920777320861816, 3175
2.0920777320861816, 3174
2.097078561782837, 3173
2.1030900478363037, 3172
2.110079050064087, 3171
2.1120762825012207, 3170
2.1140799522399902, 3169
2.1140799522399902, 3168
2.1160788536071777, 3167
2.1180779933929443, 3166
2.1210806369781494, 3165
2.122077703475952, 3164
2.1240787506103516, 3163
2.1270782947540283, 3162
2.1270782947540283, 3161
2.129042625427246, 3160
2.1380808353424072, 3159
2.1380808353424072, 3158
2.140077829360962, 3157
2.147077798843384, 3156
2.1500775814056396, 3155
2.157078266143799, 3154
2.157078266143799, 3153
2.161078929901123, 3152
2.164088726043701, 3151
2.164088726043701, 3150
2.164088726043701, 3149
2.165078639984131, 3148
2.1660783290863037, 3147
2.169076919555664, 3146
2.169076919555664, 3145
2.170078754425049, 3144
2.170078754425049, 3143
2.1710832118988037, 3142
2.1730778217315674, 3141
2.1740777492523193, 3140
2.1770782470703125, 3139
2.1800787448883057, 3138
2.187077522277832, 3137
2.189077377319336, 3136
2.1910791397094727, 3135
2.1910791397094727, 3134
2.193077802658081, 3133
2.1970789432525635, 3132
2.198077917098999, 3131
2.200078010559082, 3130
2.201080083847046, 3129
2.203078269958496, 3128
2.203078269958496, 3127
2.205077886581421, 3126
2.207080602645874, 3125
2.207080602645874, 3124
2.209078073501587, 3123
2.210078239440918, 3122
2.211078405380249, 3121
2.2130789756774902, 3120
2.216078281402588, 3119
2.222081422805786, 3118
2.223079204559326, 3117
2.225078582763672, 3116
2.225078582763672, 3115
2.2260823249816895, 3114
2.2260823249816895, 3113
2.2270772457122803, 3112
2.2270772457122803, 3111
2.2280783653259277, 3110
2.2330410480499268, 3109
2.2340409755706787, 3108
2.240074872970581, 3107
2.2410781383514404, 3106
2.24307918548584, 3105
2.248077630996704, 3104
2.2580809593200684, 3103
2.2590789794921875, 3102
2.2600808143615723, 3101
2.2600808143615723, 3100
2.2610790729522705, 3099
2.266077995300293, 3098
2.272075653076172, 3097
2.272075653076172, 3096
2.272075653076172, 3095
2.274077892303467, 3094
2.274077892303467, 3093
2.274077892303467, 3092
2.2780778408050537, 3091
2.2830824851989746, 3090
2.2830824851989746, 3089
2.2890779972076416, 3088
2.2890779972076416, 3087
2.2940783500671387, 3086
2.2950782775878906, 3085
2.2950782775878906, 3084
2.2970802783966064, 3083
2.2980797290802, 3082
2.3090779781341553, 3081
2.314080238342285, 3080
2.3150782585144043, 3079
2.3180816173553467, 3078
2.3190791606903076, 3077
2.3190791606903076, 3076
2.3200759887695312, 3075
2.324077606201172, 3074
2.3260810375213623, 3073
2.3270790576934814, 3072
2.328077793121338, 3071
2.3340375423431396, 3070
2.3490774631500244, 3069
2.351086139678955, 3068
2.3530781269073486, 3067
2.3600776195526123, 3066
2.3620777130126953, 3065
2.3620777130126953, 3064
2.3640782833099365, 3063
2.3700802326202393, 3062
2.373077630996704, 3061
2.3740899562835693, 3060
2.3760788440704346, 3059
2.377079963684082, 3058
2.3880774974823, 3057
2.403078317642212, 3056
2.403078317642212, 3055
2.405078649520874, 3054
2.42107892036438, 3053
2.4300780296325684, 3052
2.4320759773254395, 3051
2.4350409507751465, 3050
2.4390792846679688, 3049
2.4390792846679688, 3048
2.440089702606201, 3047
2.440089702606201, 3046
2.4450409412384033, 3045
2.448075294494629, 3044
2.4490785598754883, 3043
2.4560787677764893, 3042
2.459077835083008, 3041
2.460078477859497, 3040
2.4620816707611084, 3039
2.468078374862671, 3038
2.468078374862671, 3037
2.470078229904175, 3036
2.4740805625915527, 3035
2.4760780334472656, 3034
2.4820804595947266, 3033
2.4860782623291016, 3032
2.488079071044922, 3031
2.491079092025757, 3030
2.4930777549743652, 3029
2.494079351425171, 3028
2.4950807094573975, 3027
2.4970781803131104, 3026
2.5010781288146973, 3025
2.504077672958374, 3024
2.505089521408081, 3023
2.505089521408081, 3022
2.5080783367156982, 3021
2.511078119277954, 3020
2.516077995300293, 3019
2.516077995300293, 3018
2.5260815620422363, 3017
2.527078628540039, 3016
2.532078266143799, 3015
2.532078266143799, 3014
2.5390779972076416, 3013
2.5390779972076416, 3012
2.5400798320770264, 3011
2.5400798320770264, 3010
2.5430784225463867, 3009
2.5440778732299805, 3008
2.546081304550171, 3007
2.5520780086517334, 3006
2.554079055786133, 3005
2.554079055786133, 3004
2.5560801029205322, 3003
2.5580806732177734, 3002
2.5580806732177734, 3001
2.5630791187286377, 3000
2.570079803466797, 2999
2.5720784664154053, 2998
2.5740814208984375, 2997
2.5740814208984375, 2996
2.57807993888855, 2995
2.5790774822235107, 2994
2.580077886581421, 2993
2.5810790061950684, 2992
2.586077928543091, 2991
2.5930893421173096, 2990
2.5970802307128906, 2989
2.6040782928466797, 2988
2.6050784587860107, 2987
2.606081485748291, 2986
2.6080784797668457, 2985
2.617079973220825, 2984
2.6180903911590576, 2983
2.6210777759552, 2982
2.622089147567749, 2981
2.624075174331665, 2980
2.626080274581909, 2979
2.626080274581909, 2978
2.63107967376709, 2977
2.6330807209014893, 2976
2.635077714920044, 2975
2.637042760848999, 2974
2.6380410194396973, 2973
2.642080068588257, 2972
2.6470792293548584, 2971
2.6470792293548584, 2970
2.6580777168273926, 2969
2.660078525543213, 2968
2.661078929901123, 2967
2.6620781421661377, 2966
2.6630795001983643, 2965
2.6680774688720703, 2964
2.6690783500671387, 2963
2.6710784435272217, 2962
2.6750786304473877, 2961
2.6790809631347656, 2960
2.6840784549713135, 2959
2.686084747314453, 2958
2.6870779991149902, 2957
2.6930794715881348, 2956
2.700080394744873, 2955
2.710081100463867, 2954
2.7160792350769043, 2953
2.720075845718384, 2952
2.7260775566101074, 2951
2.727079391479492, 2950
2.727079391479492, 2949
2.7300803661346436, 2948
2.7380425930023193, 2947
2.7420778274536133, 2946
2.7420778274536133, 2945
2.7540807723999023, 2944
2.755077838897705, 2943
2.75807785987854, 2942
2.760077714920044, 2941
2.761080026626587, 2940
2.761080026626587, 2939
2.761080026626587, 2938
2.763078451156616, 2937
2.7660815715789795, 2936
2.7760775089263916, 2935
2.7780776023864746, 2934
2.781078338623047, 2933
2.7850775718688965, 2932
2.7950778007507324, 2931
2.8000781536102295, 2930
2.8000781536102295, 2929
2.8010787963867188, 2928
2.8020806312561035, 2927
2.8030784130096436, 2926
2.805079936981201, 2925
2.808077812194824, 2924
2.809080123901367, 2923
2.8120789527893066, 2922
2.815077304840088, 2921
2.8160760402679443, 2920
2.8160760402679443, 2919
2.8190786838531494, 2918
2.820077896118164, 2917
2.826077699661255, 2916
2.8300817012786865, 2915
2.8390793800354004, 2914
2.8540780544281006, 2913
2.8560774326324463, 2912
2.8570780754089355, 2911
2.8610777854919434, 2910
2.8650777339935303, 2909
2.871077537536621, 2908
2.8760387897491455, 2907
2.8860836029052734, 2906
2.8860836029052734, 2905
2.8860836029052734, 2904
2.88808536529541, 2903
2.889089822769165, 2902
2.891078472137451, 2901
2.90207839012146, 2900
2.9040820598602295, 2899
2.905089855194092, 2898
2.9090781211853027, 2897
2.9180777072906494, 2896
2.9210798740386963, 2895
2.9230782985687256, 2894
2.9230782985687256, 2893
2.926081418991089, 2892
2.9270808696746826, 2891
2.9290783405303955, 2890
2.930081844329834, 2889
2.9350779056549072, 2888
2.9510793685913086, 2887
2.963078260421753, 2886
2.9730796813964844, 2885
2.9760758876800537, 2884
2.9760758876800537, 2883
2.9790782928466797, 2882
2.9840779304504395, 2881
2.9870784282684326, 2880
2.9880778789520264, 2879
2.9920778274536133, 2878
2.997079372406006, 2877
3.0040390491485596, 2876
3.0050408840179443, 2875
3.0100815296173096, 2874
3.0100815296173096, 2873
3.016374349594116, 2872
3.0189690589904785, 2871
3.0235748291015625, 2870
3.0266623497009277, 2869
3.0356645584106445, 2868
3.0356645584106445, 2867
3.0376646518707275, 2866
3.0396223068237305, 2865
3.0396223068237305, 2864
3.042637825012207, 2863
3.0496623516082764, 2862
3.0496623516082764, 2861
3.0616650581359863, 2860
3.064664125442505, 2859
3.064664125442505, 2858
3.0666720867156982, 2857
3.0666720867156982, 2856
3.0666720867156982, 2855
3.073664665222168, 2854
3.089665651321411, 2853
3.0916662216186523, 2852
3.093667984008789, 2851
3.1006641387939453, 2850
3.1006641387939453, 2849
3.1036627292633057, 2848
3.1066625118255615, 2847
3.1116626262664795, 2846
3.113664150238037, 2845
3.1156258583068848, 2844
3.1256659030914307, 2843
3.126662254333496, 2842
3.1286635398864746, 2841
3.131662607192993, 2840
3.132662057876587, 2839
3.133665084838867, 2838
3.137662887573242, 2837
3.139659881591797, 2836
3.147662401199341, 2835
3.147662401199341, 2834
3.152672290802002, 2833
3.1546623706817627, 2832
3.168673515319824, 2831
3.172667980194092, 2830
3.1766679286956787, 2829
3.1886627674102783, 2828
3.190662384033203, 2827
3.190662384033203, 2826
3.190662384033203, 2825
3.190662384033203, 2824
3.201662063598633, 2823
3.201662063598633, 2822
3.202662467956543, 2821
3.2036662101745605, 2820
3.2036662101745605, 2819
3.231661796569824, 2818
3.235666513442993, 2817
3.2376673221588135, 2816
3.2416622638702393, 2815
3.247664451599121, 2814
3.263625144958496, 2813
3.2786667346954346, 2812
3.279665946960449, 2811
3.2826623916625977, 2810
3.2836596965789795, 2809
3.29266095161438, 2808
3.29266095161438, 2807
3.29266095161438, 2806
3.2936618328094482, 2805
3.2936618328094482, 2804
3.296661615371704, 2803
3.29766583442688, 2802
3.303663492202759, 2801
3.3046629428863525, 2800
3.305663824081421, 2799
3.3066632747650146, 2798
3.309664726257324, 2797
3.309664726257324, 2796
3.3226749897003174, 2795
3.3256618976593018, 2794
3.3256618976593018, 2793
3.3256618976593018, 2792
3.3326668739318848, 2791
3.335662364959717, 2790
3.3396666049957275, 2789
3.3416616916656494, 2788
3.34367299079895, 2787
3.357663631439209, 2786
3.3596630096435547, 2785
3.367661952972412, 2784
3.381664752960205, 2783
3.387661933898926, 2782
3.388662099838257, 2781
3.3916659355163574, 2780
3.3936619758605957, 2779
3.400665521621704, 2778
3.409665822982788, 2777
3.4146616458892822, 2776
3.427659749984741, 2775
3.440662145614624, 2774
3.444674253463745, 2773
3.445666551589966, 2772
3.447662353515625, 2771
3.449625253677368, 2770
3.454662561416626, 2769
3.4806642532348633, 2768
3.482663631439209, 2767
3.4866671562194824, 2766
3.514152765274048, 2765
3.5152618885040283, 2764
3.518857002258301, 2763
3.518857002258301, 2762
3.521859884262085, 2761
3.5258572101593018, 2760
3.5348548889160156, 2759
3.53886079788208, 2758
3.548854351043701, 2757
3.5588555335998535, 2756
3.5668563842773438, 2755
3.5688552856445312, 2754
3.569856643676758, 2753
3.5708553791046143, 2752
3.5718557834625244, 2751
3.57385516166687, 2750
3.574854612350464, 2749
3.5758557319641113, 2748
3.584855794906616, 2747
3.6018543243408203, 2746
3.6128549575805664, 2745
3.619856357574463, 2744
3.619856357574463, 2743
3.6208577156066895, 2742
3.6308557987213135, 2741
3.63285493850708, 2740
3.6458566188812256, 2739
3.65085506439209, 2738
3.6608545780181885, 2737
3.6618576049804688, 2736
3.6638550758361816, 2735
3.66886568069458, 2734
3.6898577213287354, 2733
3.692854166030884, 2732
3.706855058670044, 2731
3.7378578186035156, 2730
3.7418570518493652, 2729
3.7428553104400635, 2728
3.748857021331787, 2727
3.757854700088501, 2726
3.764854669570923, 2725
3.771855354309082, 2724
3.7788543701171875, 2723
3.780857563018799, 2722
3.782855749130249, 2721
3.794861078262329, 2720
3.794861078262329, 2719
3.7958545684814453, 2718
3.7968530654907227, 2717
3.7968530654907227, 2716
3.7978551387786865, 2715
3.809856653213501, 2714
3.823855400085449, 2713
3.8318545818328857, 2712
3.8354620933532715, 2711
3.8426570892333984, 2710
3.8529484272003174, 2709
3.865943193435669, 2708
3.8699488639831543, 2707
3.883943557739258, 2706
3.883943557739258, 2705
3.894944667816162, 2704
3.8959455490112305, 2703
3.9029431343078613, 2702
3.9179532527923584, 2701
3.918942928314209, 2700
3.919942855834961, 2699
3.92295503616333, 2698
3.9279441833496094, 2697
3.9329421520233154, 2696
3.9529433250427246, 2695
3.964944839477539, 2694
3.9779434204101562, 2693
3.9819421768188477, 2692
3.9829418659210205, 2691
3.987942695617676, 2690
4.0009424686431885, 2689
4.008942365646362, 2688
4.024942874908447, 2687
4.041943311691284, 2686
4.042943000793457, 2685
4.057944059371948, 2684
4.057944059371948, 2683
4.0649425983428955, 2682
4.067942142486572, 2681
4.072943687438965, 2680
4.078942537307739, 2679
4.0799431800842285, 2678
4.08493971824646, 2677
4.085942029953003, 2676
4.095951318740845, 2675
4.107943534851074, 2674
4.110942602157593, 2673
4.115906238555908, 2672
4.1199424266815186, 2671
4.123943090438843, 2670
4.12694239616394, 2669
4.135942459106445, 2668
4.140942096710205, 2667
4.14994215965271, 2666
4.151942729949951, 2665
4.151942729949951, 2664
4.160945177078247, 2663
4.162945747375488, 2662
4.163943290710449, 2661
4.166942358016968, 2660
4.171943664550781, 2659
4.176943302154541, 2658
4.176943302154541, 2657
4.181942701339722, 2656
4.182945251464844, 2655
4.186941862106323, 2654
4.191943645477295, 2653
4.1929426193237305, 2652
4.195942163467407, 2651
4.202942848205566, 2650
4.206943035125732, 2649
4.207942247390747, 2648
4.215942144393921, 2647
4.223944664001465, 2646
4.223944664001465, 2645
4.225943088531494, 2644
4.230942010879517, 2643
4.239942312240601, 2642
4.240942478179932, 2641
4.2439422607421875, 2640
4.2439422607421875, 2639
4.255943059921265, 2638
4.259943962097168, 2637
4.26894211769104, 2636
4.269944906234741, 2635
4.27594256401062, 2634
4.27594256401062, 2633
4.286944627761841, 2632
4.28894305229187, 2631
4.291942596435547, 2630
4.297943353652954, 2629
4.301942348480225, 2628
4.315944194793701, 2627
4.334941864013672, 2626
4.334941864013672, 2625
4.336942195892334, 2624
4.352943181991577, 2623
4.362943172454834, 2622
4.364943742752075, 2621
4.365943193435669, 2620
4.367959260940552, 2619
4.378942966461182, 2618
4.387942314147949, 2617
4.396942377090454, 2616
4.396942377090454, 2615
4.404940843582153, 2614
4.406944751739502, 2613
4.408944129943848, 2612
4.412943363189697, 2611
4.418946743011475, 2610
4.426944255828857, 2609
4.4409425258636475, 2608
4.444947719573975, 2607
4.444947719573975, 2606
4.444947719573975, 2605
4.449944496154785, 2604
4.46894645690918, 2603
4.474941968917847, 2602
4.484939813613892, 2601
4.4889421463012695, 2600
4.504941940307617, 2599
4.523948431015015, 2598
4.525942802429199, 2597
4.529943466186523, 2596
4.53194260597229, 2595
4.538942337036133, 2594
4.5759437084198, 2593
4.58494234085083, 2592
4.598903179168701, 2591
4.614903450012207, 2590
4.615903377532959, 2589
4.6339027881622314, 2588
4.6339027881622314, 2587
4.667902231216431, 2586
4.66890287399292, 2585
4.678903579711914, 2584
4.697942018508911, 2583
4.701952219009399, 2582
4.725941181182861, 2581
4.7279052734375, 2580
4.7349419593811035, 2579
4.739943027496338, 2578
4.768942356109619, 2577
4.772939443588257, 2576
4.776943922042847, 2575
4.777942895889282, 2574
4.783942461013794, 2573
4.80794358253479, 2572
4.809943199157715, 2571
4.809943199157715, 2570
4.821946144104004, 2569
4.83394193649292, 2568
4.837943077087402, 2567
4.849942922592163, 2566
4.8529393672943115, 2565
4.859944105148315, 2564
4.861944913864136, 2563
4.862942457199097, 2562
4.872942209243774, 2561
4.880942344665527, 2560
4.903942108154297, 2559
4.926955938339233, 2558
4.932905435562134, 2557
4.945943832397461, 2556
4.961942195892334, 2555
4.966947078704834, 2554
4.976942539215088, 2553
5.007942199707031, 2552
5.0089428424835205, 2551
5.011942148208618, 2550
5.012941837310791, 2549
5.014944553375244, 2548
5.014944553375244, 2547
5.033941984176636, 2546
5.049794673919678, 2545
5.05439567565918, 2544
5.055949687957764, 2543
5.056501150131226, 2542
5.078691005706787, 2541
5.0836875438690186, 2540
5.104688882827759, 2539
5.125688314437866, 2538
5.133687734603882, 2537
5.174692392349243, 2536
5.178691387176514, 2535
5.182689189910889, 2534
5.1836912631988525, 2533
5.2186901569366455, 2532
5.22968864440918, 2531
5.245686054229736, 2530
5.249688625335693, 2529
5.269688367843628, 2528
5.272690534591675, 2527
5.287688732147217, 2526
5.30168890953064, 2525
5.313690662384033, 2524
5.319690942764282, 2523
5.324689626693726, 2522
5.332695484161377, 2521
5.3496880531311035, 2520
5.364688396453857, 2519
5.365689516067505, 2518
5.369688510894775, 2517
5.382691383361816, 2516
5.382691383361816, 2515
5.389686822891235, 2514
5.391695022583008, 2513
5.41668963432312, 2512
5.418688774108887, 2511
5.423684597015381, 2510
5.427648305892944, 2509
5.433650255203247, 2508
5.447689533233643, 2507
5.451692819595337, 2506
5.453686237335205, 2505
5.462691307067871, 2504
5.463688850402832, 2503
5.464688777923584, 2502
5.499688148498535, 2501
5.526690721511841, 2500
5.544693946838379, 2499
5.549689531326294, 2498
5.5536887645721436, 2497
5.562688827514648, 2496
5.563689708709717, 2495
5.588685750961304, 2494
5.597687721252441, 2493
5.6096930503845215, 2492
5.628688812255859, 2491
5.6686906814575195, 2490
5.675692796707153, 2489
5.694689512252808, 2488
5.718692064285278, 2487
5.749692440032959, 2486
5.76668906211853, 2485
5.792688846588135, 2484
5.805689096450806, 2483
5.80668830871582, 2482
5.8126914501190186, 2481
5.826688766479492, 2480
5.835692882537842, 2479
5.83668851852417, 2478
5.855688810348511, 2477
5.872689485549927, 2476
5.906690359115601, 2475
5.917685508728027, 2474
5.945652484893799, 2473
5.968688249588013, 2472
6.003688335418701, 2471
6.0376880168914795, 2470
6.057687997817993, 2469
6.075690746307373, 2468
6.100690603256226, 2467
6.1086883544921875, 2466
6.140688180923462, 2465
6.159693002700806, 2464
6.172688961029053, 2463
6.179691314697266, 2462
6.189693212509155, 2461
6.190689325332642, 2460
6.208688259124756, 2459
6.21569037437439, 2458
6.2326881885528564, 2457
6.24168848991394, 2456
6.24168848991394, 2455
6.254689693450928, 2454
6.29468846321106, 2453
6.326691389083862, 2452
6.341651201248169, 2451
6.345689535140991, 2450
6.348688840866089, 2449
6.360691070556641, 2448
6.368688344955444, 2447
6.396687746047974, 2446
6.427693128585815, 2445
6.435688018798828, 2444
6.478691577911377, 2443
6.4896886348724365, 2442
6.494688510894775, 2441
6.512689590454102, 2440
6.537688493728638, 2439
6.56869101524353, 2438
6.5916907787323, 2437
6.59368896484375, 2436
6.599690198898315, 2435
6.599690198898315, 2434
6.604690074920654, 2433
6.605686187744141, 2432
6.611689329147339, 2431
6.634690999984741, 2430
6.640688419342041, 2429
6.717688083648682, 2428
6.726691722869873, 2427
6.737687826156616, 2426
6.7406909465789795, 2425
6.757688045501709, 2424
6.764691352844238, 2423
6.814692497253418, 2422
6.823688268661499, 2421
6.838690996170044, 2420
6.8596930503845215, 2419
6.867688417434692, 2418
6.881690263748169, 2417
6.925685882568359, 2416
6.9266886711120605, 2415
6.935689687728882, 2414
6.964688301086426, 2413
6.972689390182495, 2412
6.972689390182495, 2411
6.9736902713775635, 2410
6.9896886348724365, 2409
7.018689393997192, 2408
7.020689964294434, 2407
7.1742799282073975, 2406
7.176280736923218, 2405
7.198629856109619, 2404
7.261280059814453, 2403
7.27628231048584, 2402
7.286280632019043, 2401
7.291288137435913, 2400
7.2942798137664795, 2399
7.335280418395996, 2398
7.335280418395996, 2397
7.340282440185547, 2396
7.362281322479248, 2395
7.446280002593994, 2394
7.465281248092651, 2393
7.487280368804932, 2392
7.518280506134033, 2391
7.52428126335144, 2390
7.56328010559082, 2389
7.564290523529053, 2388
7.569282531738281, 2387
7.601280927658081, 2386
7.602281093597412, 2385
7.626280069351196, 2384
7.627281904220581, 2383
7.628279447555542, 2382
7.637795448303223, 2381
7.642285108566284, 2380
7.647280693054199, 2379
7.655280590057373, 2378
7.6862828731536865, 2377
7.6982831954956055, 2376
7.703281879425049, 2375
7.734289169311523, 2374
7.757282733917236, 2373
7.764281749725342, 2372
7.799282550811768, 2371
7.807280778884888, 2370
7.812280178070068, 2369
7.83128023147583, 2368
7.888280868530273, 2367
7.947960615158081, 2366
7.947960615158081, 2365
7.971920967102051, 2364
7.977924108505249, 2363
8.001960515975952, 2362
8.006969928741455, 2361
8.012961387634277, 2360
8.020971298217773, 2359
8.024962425231934, 2358
8.061959743499756, 2357
8.098958492279053, 2356
8.128959894180298, 2355
8.150960683822632, 2354
8.250956296920776, 2353
8.262959480285645, 2352
8.290958642959595, 2351
8.31496810913086, 2350
8.329959392547607, 2349
8.338965892791748, 2348
8.343960285186768, 2347
8.42695927619934, 2346
8.443965196609497, 2345
8.534958600997925, 2344
8.57296347618103, 2343
8.589958906173706, 2342
8.713602781295776, 2341
8.73459529876709, 2340
8.81659460067749, 2339
8.86559534072876, 2338
8.935601949691772, 2337
8.972594738006592, 2336
8.97559404373169, 2335
8.996594429016113, 2334
9.104192018508911, 2333
9.130190372467041, 2332
9.132195472717285, 2331
9.160194635391235, 2330
9.285195112228394, 2329
9.325192213058472, 2328
9.420194864273071, 2327
9.430192232131958, 2326
9.524191856384277, 2325
9.524191856384277, 2324
9.589192152023315, 2323
9.640199184417725, 2322
9.646192073822021, 2321
9.667192697525024, 2320
9.674193382263184, 2319
9.751192569732666, 2318
9.77619194984436, 2317
9.796191930770874, 2316
9.847192525863647, 2315
9.956305265426636, 2314
9.958308219909668, 2313
10.05830979347229, 2312
10.116302728652954, 2311
10.154307126998901, 2310
10.187304735183716, 2309
10.273305416107178, 2308
10.2803053855896, 2307
10.304304599761963, 2306
10.333305835723877, 2305
10.364304780960083, 2304
10.545304775238037, 2303
10.59031057357788, 2302
10.594306945800781, 2301
10.667738914489746, 2300
10.691736698150635, 2299
10.700740098953247, 2298
10.80873990058899, 2297
10.828736066818237, 2296
10.863738536834717, 2295
10.869735717773438, 2294
10.874737977981567, 2293
10.890736103057861, 2292
10.965737581253052, 2291
11.121832847595215, 2290
11.145833253860474, 2289
11.310833215713501, 2288
11.326833009719849, 2287
11.35083293914795, 2286
11.492833852767944, 2285
11.54183292388916, 2284
11.706834554672241, 2283
11.811830759048462, 2282
11.837833642959595, 2281
11.92183804512024, 2280
12.03430962562561, 2279
12.044900894165039, 2278
12.078901052474976, 2277
12.099900007247925, 2276
12.123897552490234, 2275
12.161902666091919, 2274
12.198903799057007, 2273
12.215900897979736, 2272
12.383899927139282, 2271
12.57789945602417, 2270
12.628898859024048, 2269
12.678900003433228, 2268
12.811859369277954, 2267
12.932859420776367, 2266
13.10541820526123, 2265
13.132889986038208, 2264
13.177890539169312, 2263
13.306890726089478, 2262
13.543890714645386, 2261
13.599890232086182, 2260
13.784936666488647, 2259
13.847936630249023, 2258
13.852936506271362, 2257
13.939936637878418, 2256
14.151936769485474, 2255
14.313936948776245, 2254
14.336937427520752, 2253
14.628475189208984, 2252
14.842474699020386, 2251
14.983474731445312, 2250
15.168474912643433, 2249
15.192474842071533, 2248
15.315474033355713, 2247
15.686516284942627, 2246
15.894515752792358, 2245
16.43251633644104, 2244
16.46851682662964, 2243
16.61452341079712, 2242
16.743515729904175, 2241
16.840514421463013, 2240
16.979514598846436, 2239
17.08647847175598, 2238
17.124478340148926, 2237
17.3174786567688, 2236
17.660478353500366, 2235
17.74647808074951, 2234
17.767478227615356, 2233
17.904478311538696, 2232
18.003514766693115, 2231
18.050515174865723, 2230
18.467514753341675, 2229
18.484514713287354, 2228
18.90761947631836, 2227
19.03361988067627, 2226
19.725252866744995, 2225
20.36334204673767, 2224
20.680355072021484, 2223
20.746339082717896, 2222
22.301585912704468, 2221
22.619585275650024, 2220
22.79558515548706, 2219
23.251675128936768, 2218
23.468666315078735, 2217
23.870664834976196, 2216
23.899664878845215, 2215
24.976157188415527, 2214
25.894301414489746, 2213
26.523263692855835, 2212
26.627301692962646, 2211
27.977777004241943, 2210
29.161212682724, 2209
30.04025626182556, 2208
35.12836790084839, 2207
38.980109453201294, 2206
51.69767713546753, 2205
60.84502673149109, 2204
66.59123921394348, 2203
