0.06737065315246582, 4941
0.06737065315246582, 4940
0.06737065315246582, 4939
0.06737065315246582, 4938
0.06737065315246582, 4937
0.06737065315246582, 4936
0.06737065315246582, 4935
0.06737065315246582, 4934
0.06737065315246582, 4933
0.06737065315246582, 4932
0.06737065315246582, 4931
0.06737065315246582, 4930
0.06737065315246582, 4929
0.06737065315246582, 4928
0.06737065315246582, 4927
0.06737065315246582, 4926
0.06737065315246582, 4925
0.06737065315246582, 4924
0.06737065315246582, 4923
0.06737065315246582, 4922
0.06737065315246582, 4921
0.06737065315246582, 4920
0.06737065315246582, 4919
0.06737065315246582, 4918
0.06737065315246582, 4917
0.06737065315246582, 4916
0.08303570747375488, 4915
0.08303570747375488, 4914
0.08303570747375488, 4913
0.08303570747375488, 4912
0.08303570747375488, 4911
0.08303570747375488, 4910
0.08303570747375488, 4909
0.08303570747375488, 4908
0.08303570747375488, 4907
0.08303570747375488, 4906
0.08303570747375488, 4905
0.08303570747375488, 4904
0.08303570747375488, 4903
0.08303570747375488, 4902
0.08303570747375488, 4901
0.08303570747375488, 4900
0.08303570747375488, 4899
0.08303570747375488, 4898
0.08303570747375488, 4897
0.08303570747375488, 4896
0.08303570747375488, 4895
0.08303570747375488, 4894
0.08303570747375488, 4893
0.08303570747375488, 4892
0.09865903854370117, 4891
0.09865903854370117, 4890
0.09865903854370117, 4889
0.09865903854370117, 4888
0.09865903854370117, 4887
0.09865903854370117, 4886
0.09865903854370117, 4885
0.09865903854370117, 4884
0.09865903854370117, 4883
0.09865903854370117, 4882
0.09865903854370117, 4881
0.09865903854370117, 4880
0.09865903854370117, 4879
0.09865903854370117, 4878
0.09865903854370117, 4877
0.09865903854370117, 4876
0.09865903854370117, 4875
0.09865903854370117, 4874
0.09865903854370117, 4873
0.09865903854370117, 4872
0.09865903854370117, 4871
0.09865903854370117, 4870
0.09865903854370117, 4869
0.09865903854370117, 4868
0.11428499221801758, 4867
0.11428499221801758, 4866
0.11428499221801758, 4865
0.11428499221801758, 4864
0.11428499221801758, 4863
0.11428499221801758, 4862
0.11428499221801758, 4861
0.11428499221801758, 4860
0.11428499221801758, 4859
0.11428499221801758, 4858
0.11428499221801758, 4857
0.11428499221801758, 4856
0.11428499221801758, 4855
0.11428499221801758, 4854
0.11428499221801758, 4853
0.11428499221801758, 4852
0.11428499221801758, 4851
0.11428499221801758, 4850
0.12529587745666504, 4849
0.12529587745666504, 4848
0.12529587745666504, 4847
0.12529587745666504, 4846
0.12529587745666504, 4845
0.12529587745666504, 4844
0.12529587745666504, 4843
0.12529587745666504, 4842
0.12529587745666504, 4841
0.12529587745666504, 4840
0.12529587745666504, 4839
0.12529587745666504, 4838
0.12529587745666504, 4837
0.12529587745666504, 4836
0.12529587745666504, 4835
0.12529587745666504, 4834
0.12529587745666504, 4833
0.12529587745666504, 4832
0.12529587745666504, 4831
0.12529587745666504, 4830
0.12529587745666504, 4829
0.12529587745666504, 4828
0.12529587745666504, 4827
0.12529587745666504, 4826
0.12529587745666504, 4825
0.12529587745666504, 4824
0.12529587745666504, 4823
0.1409320831298828, 4822
0.1409320831298828, 4821
0.1409320831298828, 4820
0.1409320831298828, 4819
0.1409320831298828, 4818
0.1409320831298828, 4817
0.1409320831298828, 4816
0.1409320831298828, 4815
0.1409320831298828, 4814
0.1409320831298828, 4813
0.1409320831298828, 4812
0.1409320831298828, 4811
0.1409320831298828, 4810
0.1409320831298828, 4809
0.1409320831298828, 4808
0.1409320831298828, 4807
0.1409320831298828, 4806
0.1409320831298828, 4805
0.1409320831298828, 4804
0.1409320831298828, 4803
0.1409320831298828, 4802
0.1409320831298828, 4801
0.1409320831298828, 4800
0.1409320831298828, 4799
0.15655755996704102, 4798
0.15655755996704102, 4797
0.15655755996704102, 4796
0.15655755996704102, 4795
0.15655755996704102, 4794
0.15655755996704102, 4793
0.15655755996704102, 4792
0.15655755996704102, 4791
0.15655755996704102, 4790
0.15655755996704102, 4789
0.15655755996704102, 4788
0.15655755996704102, 4787
0.15655755996704102, 4786
0.15655755996704102, 4785
0.15655755996704102, 4784
0.15655755996704102, 4783
0.15655755996704102, 4782
0.15655755996704102, 4781
0.15655755996704102, 4780
0.15655755996704102, 4779
0.15655755996704102, 4778
0.15655755996704102, 4777
0.15655755996704102, 4776
0.15655755996704102, 4775
0.17222237586975098, 4774
0.17222237586975098, 4773
0.17222237586975098, 4772
0.17222237586975098, 4771
0.17222237586975098, 4770
0.17222237586975098, 4769
0.17222237586975098, 4768
0.17222237586975098, 4767
0.17222237586975098, 4766
0.17222237586975098, 4765
0.17222237586975098, 4764
0.17222237586975098, 4763
0.17222237586975098, 4762
0.17222237586975098, 4761
0.17222237586975098, 4760
0.17222237586975098, 4759
0.17222237586975098, 4758
0.17222237586975098, 4757
0.17222237586975098, 4756
0.17222237586975098, 4755
0.17222237586975098, 4754
0.17222237586975098, 4753
0.17222237586975098, 4752
0.17222237586975098, 4751
0.17222237586975098, 4750
0.17222237586975098, 4749
0.18784594535827637, 4748
0.18784594535827637, 4747
0.18784594535827637, 4746
0.18784594535827637, 4745
0.18784594535827637, 4744
0.18784594535827637, 4743
0.18784594535827637, 4742
0.18784594535827637, 4741
0.18784594535827637, 4740
0.18784594535827637, 4739
0.18784594535827637, 4738
0.18784594535827637, 4737
0.18784594535827637, 4736
0.18784594535827637, 4735
0.18784594535827637, 4734
0.18784594535827637, 4733
0.18784594535827637, 4732
0.18784594535827637, 4731
0.18784594535827637, 4730
0.18784594535827637, 4729
0.18784594535827637, 4728
0.18784594535827637, 4727
0.18784594535827637, 4726
0.18784594535827637, 4725
0.18784594535827637, 4724
0.18784594535827637, 4723
0.20347166061401367, 4722
0.20347166061401367, 4721
0.20347166061401367, 4720
0.20347166061401367, 4719
0.20347166061401367, 4718
0.20347166061401367, 4717
0.20347166061401367, 4716
0.20347166061401367, 4715
0.20347166061401367, 4714
0.20347166061401367, 4713
0.20347166061401367, 4712
0.20347166061401367, 4711
0.20347166061401367, 4710
0.20347166061401367, 4709
0.20347166061401367, 4708
0.20347166061401367, 4707
0.20347166061401367, 4706
0.20347166061401367, 4705
0.20347166061401367, 4704
0.20347166061401367, 4703
0.20347166061401367, 4702
0.20347166061401367, 4701
0.20347166061401367, 4700
0.20347166061401367, 4699
0.20347166061401367, 4698
0.20347166061401367, 4697
0.21909618377685547, 4696
0.21909618377685547, 4695
0.21909618377685547, 4694
0.21909618377685547, 4693
0.21909618377685547, 4692
0.21909618377685547, 4691
0.21909618377685547, 4690
0.21909618377685547, 4689
0.21909618377685547, 4688
0.22564244270324707, 4687
0.22564244270324707, 4686
0.22564244270324707, 4685
0.22564244270324707, 4684
0.22564244270324707, 4683
0.22564244270324707, 4682
0.22564244270324707, 4681
0.22564244270324707, 4680
0.22564244270324707, 4679
0.22564244270324707, 4678
0.22564244270324707, 4677
0.22564244270324707, 4676
0.22564244270324707, 4675
0.22564244270324707, 4674
0.22564244270324707, 4673
0.22564244270324707, 4672
0.22564244270324707, 4671
0.22564244270324707, 4670
0.22564244270324707, 4669
0.22564244270324707, 4668
0.22564244270324707, 4667
0.22564244270324707, 4666
0.22564244270324707, 4665
0.22564244270324707, 4664
0.24131393432617188, 4663
0.24131393432617188, 4662
0.24131393432617188, 4661
0.24131393432617188, 4660
0.24131393432617188, 4659
0.24131393432617188, 4658
0.24131393432617188, 4657
0.24131393432617188, 4656
0.24131393432617188, 4655
0.24131393432617188, 4654
0.24131393432617188, 4653
0.24131393432617188, 4652
0.24131393432617188, 4651
0.24131393432617188, 4650
0.24131393432617188, 4649
0.24131393432617188, 4648
0.24131393432617188, 4647
0.24131393432617188, 4646
0.24131393432617188, 4645
0.24131393432617188, 4644
0.24131393432617188, 4643
0.24131393432617188, 4642
0.2569403648376465, 4641
0.2569403648376465, 4640
0.2569403648376465, 4639
0.2569403648376465, 4638
0.2569403648376465, 4637
0.2569403648376465, 4636
0.2569403648376465, 4635
0.2569403648376465, 4634
0.2569403648376465, 4633
0.2569403648376465, 4632
0.2569403648376465, 4631
0.2569403648376465, 4630
0.2569403648376465, 4629
0.2569403648376465, 4628
0.2569403648376465, 4627
0.2569403648376465, 4626
0.2569403648376465, 4625
0.2569403648376465, 4624
0.2569403648376465, 4623
0.2725651264190674, 4622
0.2725651264190674, 4621
0.2725651264190674, 4620
0.2725651264190674, 4619
0.2725651264190674, 4618
0.2725651264190674, 4617
0.2725651264190674, 4616
0.2725651264190674, 4615
0.2725651264190674, 4614
0.2725651264190674, 4613
0.2725651264190674, 4612
0.2725651264190674, 4611
0.2725651264190674, 4610
0.2725651264190674, 4609
0.2725651264190674, 4608
0.2725651264190674, 4607
0.2725651264190674, 4606
0.2725651264190674, 4605
0.2725651264190674, 4604
0.2725651264190674, 4603
0.2725651264190674, 4602
0.2725651264190674, 4601
0.2725651264190674, 4600
0.2725651264190674, 4599
0.2725651264190674, 4598
0.2725651264190674, 4597
0.2725651264190674, 4596
0.2881507873535156, 4595
0.2881507873535156, 4594
0.2881507873535156, 4593
0.2881507873535156, 4592
0.2881507873535156, 4591
0.2881507873535156, 4590
0.2881507873535156, 4589
0.2881507873535156, 4588
0.2881507873535156, 4587
0.2881507873535156, 4586
0.2881507873535156, 4585
0.2881507873535156, 4584
0.2881507873535156, 4583
0.2881507873535156, 4582
0.2881507873535156, 4581
0.2881507873535156, 4580
0.2881507873535156, 4579
0.2881507873535156, 4578
0.2881507873535156, 4577
0.2881507873535156, 4576
0.2881507873535156, 4575
0.2881507873535156, 4574
0.2881507873535156, 4573
0.2881507873535156, 4572
0.2881507873535156, 4571
0.30377769470214844, 4570
0.30377769470214844, 4569
0.30377769470214844, 4568
0.30377769470214844, 4567
0.30377769470214844, 4566
0.30377769470214844, 4565
0.30377769470214844, 4564
0.30377769470214844, 4563
0.30377769470214844, 4562
0.30377769470214844, 4561
0.30377769470214844, 4560
0.30377769470214844, 4559
0.30377769470214844, 4558
0.30377769470214844, 4557
0.30377769470214844, 4556
0.30377769470214844, 4555
0.30377769470214844, 4554
0.30377769470214844, 4553
0.3194417953491211, 4552
0.3194417953491211, 4551
0.3194417953491211, 4550
0.3194417953491211, 4549
0.3194417953491211, 4548
0.3194417953491211, 4547
0.3194417953491211, 4546
0.32600975036621094, 4545
0.32600975036621094, 4544
0.32600975036621094, 4543
0.32600975036621094, 4542
0.3280634880065918, 4541
0.3280634880065918, 4540
0.3280634880065918, 4539
0.3280634880065918, 4538
0.3280634880065918, 4537
0.3280634880065918, 4536
0.3280634880065918, 4535
0.3280634880065918, 4534
0.3280634880065918, 4533
0.3280634880065918, 4532
0.3280634880065918, 4531
0.3280634880065918, 4530
0.33617115020751953, 4529
0.33617115020751953, 4528
0.33617115020751953, 4527
0.33823561668395996, 4526
0.33823561668395996, 4525
0.33823561668395996, 4524
0.33823561668395996, 4523
0.33823561668395996, 4522
0.33823561668395996, 4521
0.33823561668395996, 4520
0.33823561668395996, 4519
0.33823561668395996, 4518
0.33823561668395996, 4517
0.34628963470458984, 4516
0.34628963470458984, 4515
0.3483438491821289, 4514
0.3483438491821289, 4513
0.3483438491821289, 4512
0.3483438491821289, 4511
0.3483438491821289, 4510
0.3483438491821289, 4509
0.3483438491821289, 4508
0.3483438491821289, 4507
0.3483438491821289, 4506
0.3483438491821289, 4505
0.35643553733825684, 4504
0.35643553733825684, 4503
0.35643553733825684, 4502
0.3584895133972168, 4501
0.3584895133972168, 4500
0.3584895133972168, 4499
0.3584895133972168, 4498
0.3584895133972168, 4497
0.3584895133972168, 4496
0.3584895133972168, 4495
0.3584895133972168, 4494
0.3584895133972168, 4493
0.3584895133972168, 4492
0.3584895133972168, 4491
0.3665461540222168, 4490
0.3665461540222168, 4489
0.3665461540222168, 4488
0.3665461540222168, 4487
0.3665461540222168, 4486
0.3686063289642334, 4485
0.3686063289642334, 4484
0.3686063289642334, 4483
0.3686063289642334, 4482
0.3686063289642334, 4481
0.3686063289642334, 4480
0.3686063289642334, 4479
0.3686063289642334, 4478
0.3686063289642334, 4477
0.3686063289642334, 4476
0.37667107582092285, 4475
0.37667107582092285, 4474
0.37667107582092285, 4473
0.3787267208099365, 4472
0.3787267208099365, 4471
0.3787267208099365, 4470
0.3787267208099365, 4469
0.3787267208099365, 4468
0.3787267208099365, 4467
0.3787267208099365, 4466
0.3787267208099365, 4465
0.3787267208099365, 4464
0.3787267208099365, 4463
0.3867802619934082, 4462
0.3867802619934082, 4461
0.3867802619934082, 4460
0.3867802619934082, 4459
0.3888397216796875, 4458
0.3888397216796875, 4457
0.3888397216796875, 4456
0.3888397216796875, 4455
0.3888397216796875, 4454
0.3888397216796875, 4453
0.3888397216796875, 4452
0.3888397216796875, 4451
0.3888397216796875, 4450
0.3888397216796875, 4449
0.3888397216796875, 4448
0.3968982696533203, 4447
0.3968982696533203, 4446
0.3989570140838623, 4445
0.3989570140838623, 4444
0.3989570140838623, 4443
0.3989570140838623, 4442
0.3989570140838623, 4441
0.3989570140838623, 4440
0.3989570140838623, 4439
0.3989570140838623, 4438
0.3989570140838623, 4437
0.3989570140838623, 4436
0.3989570140838623, 4435
0.3989570140838623, 4434
0.3989570140838623, 4433
0.4070100784301758, 4432
0.4070100784301758, 4431
0.4070100784301758, 4430
0.4070100784301758, 4429
0.4090611934661865, 4428
0.4090611934661865, 4427
0.4090611934661865, 4426
0.4090611934661865, 4425
0.4090611934661865, 4424
0.4090611934661865, 4423
0.4090611934661865, 4422
0.4090611934661865, 4421
0.4090611934661865, 4420
0.4090611934661865, 4419
0.4090611934661865, 4418
0.4090611934661865, 4417
0.4090611934661865, 4416
0.4171419143676758, 4415
0.4171419143676758, 4414
0.41921472549438477, 4413
0.41921472549438477, 4412
0.41921472549438477, 4411
0.41921472549438477, 4410
0.41921472549438477, 4409
0.41921472549438477, 4408
0.41921472549438477, 4407
0.41921472549438477, 4406
0.41921472549438477, 4405
0.41921472549438477, 4404
0.41921472549438477, 4403
0.41921472549438477, 4402
0.41921472549438477, 4401
0.4272475242614746, 4400
0.4272475242614746, 4399
0.4272475242614746, 4398
0.4272475242614746, 4397
0.4272475242614746, 4396
0.4292716979980469, 4395
0.4292716979980469, 4394
0.4292716979980469, 4393
0.4292716979980469, 4392
0.4292716979980469, 4391
0.4292716979980469, 4390
0.4292716979980469, 4389
0.4292716979980469, 4388
0.4292716979980469, 4387
0.4292716979980469, 4386
0.4292716979980469, 4385
0.4373505115509033, 4384
0.4373505115509033, 4383
0.4373505115509033, 4382
0.4373505115509033, 4381
0.4394102096557617, 4380
0.4394102096557617, 4379
0.4394102096557617, 4378
0.4394102096557617, 4377
0.4394102096557617, 4376
0.4394102096557617, 4375
0.4394102096557617, 4374
0.4394102096557617, 4373
0.4394102096557617, 4372
0.4394102096557617, 4371
0.4394102096557617, 4370
0.4394102096557617, 4369
0.4474630355834961, 4368
0.4474630355834961, 4367
0.4474630355834961, 4366
0.44951701164245605, 4365
0.44951701164245605, 4364
0.44951701164245605, 4363
0.44951701164245605, 4362
0.44951701164245605, 4361
0.44951701164245605, 4360
0.44951701164245605, 4359
0.44951701164245605, 4358
0.44951701164245605, 4357
0.44951701164245605, 4356
0.4576406478881836, 4355
0.4576406478881836, 4354
0.4596991539001465, 4353
0.4596991539001465, 4352
0.4596991539001465, 4351
0.4596991539001465, 4350
0.4596991539001465, 4349
0.4596991539001465, 4348
0.4677579402923584, 4347
0.4677579402923584, 4346
0.4677579402923584, 4345
0.46981310844421387, 4344
0.46981310844421387, 4343
0.46981310844421387, 4342
0.46981310844421387, 4341
0.46981310844421387, 4340
0.46981310844421387, 4339
0.46981310844421387, 4338
0.46981310844421387, 4337
0.46981310844421387, 4336
0.46981310844421387, 4335
0.46981310844421387, 4334
0.477893590927124, 4333
0.477893590927124, 4332
0.477893590927124, 4331
0.477893590927124, 4330
0.4799487590789795, 4329
0.4799487590789795, 4328
0.4799487590789795, 4327
0.4799487590789795, 4326
0.4799487590789795, 4325
0.4799487590789795, 4324
0.4799487590789795, 4323
0.4799487590789795, 4322
0.4799487590789795, 4321
0.4799487590789795, 4320
0.4799487590789795, 4319
0.4799487590789795, 4318
0.4799487590789795, 4317
0.4799487590789795, 4316
0.4880101680755615, 4315
0.4880101680755615, 4314
0.4880101680755615, 4313
0.4880101680755615, 4312
0.4900639057159424, 4311
0.4900639057159424, 4310
0.4900639057159424, 4309
0.4900639057159424, 4308
0.4981393814086914, 4307
0.5001988410949707, 4306
0.5001988410949707, 4305
0.5001988410949707, 4304
0.5001988410949707, 4303
0.5001988410949707, 4302
0.5001988410949707, 4301
0.5001988410949707, 4300
0.5001988410949707, 4299
0.5001988410949707, 4298
0.5001988410949707, 4297
0.5001988410949707, 4296
0.5001988410949707, 4295
0.508253812789917, 4294
0.508253812789917, 4293
0.508253812789917, 4292
0.508253812789917, 4291
0.508253812789917, 4290
0.5103061199188232, 4289
0.5103061199188232, 4288
0.5103061199188232, 4287
0.5103061199188232, 4286
0.5103061199188232, 4285
0.5103061199188232, 4284
0.5103061199188232, 4283
0.5103061199188232, 4282
0.5103061199188232, 4281
0.5103061199188232, 4280
0.5103061199188232, 4279
0.5103061199188232, 4278
0.5103061199188232, 4277
0.5103061199188232, 4276
0.5103061199188232, 4275
0.5183377265930176, 4274
0.5183377265930176, 4273
0.5183377265930176, 4272
0.520390510559082, 4271
0.520390510559082, 4270
0.520390510559082, 4269
0.520390510559082, 4268
0.520390510559082, 4267
0.520390510559082, 4266
0.520390510559082, 4265
0.520390510559082, 4264
0.520390510559082, 4263
0.520390510559082, 4262
0.5284464359283447, 4261
0.5304982662200928, 4260
0.5304982662200928, 4259
0.5304982662200928, 4258
0.5304982662200928, 4257
0.5304982662200928, 4256
0.5304982662200928, 4255
0.5304982662200928, 4254
0.5304982662200928, 4253
0.5304982662200928, 4252
0.5304982662200928, 4251
0.538569450378418, 4250
0.538569450378418, 4249
0.5405776500701904, 4248
0.5406439304351807, 4247
0.5406439304351807, 4246
0.5406439304351807, 4245
0.5406439304351807, 4244
0.5406439304351807, 4243
0.5487043857574463, 4242
0.5487043857574463, 4241
0.5487043857574463, 4240
0.5507528781890869, 4239
0.5507528781890869, 4238
0.5507528781890869, 4237
0.5507528781890869, 4236
0.5507528781890869, 4235
0.5507528781890869, 4234
0.5507528781890869, 4233
0.5507528781890869, 4232
0.5507528781890869, 4231
0.5507528781890869, 4230
0.5507528781890869, 4229
0.558837890625, 4228
0.558837890625, 4227
0.558837890625, 4226
0.558837890625, 4225
0.5609138011932373, 4224
0.5609138011932373, 4223
0.5609138011932373, 4222
0.5609138011932373, 4221
0.5609138011932373, 4220
0.5609138011932373, 4219
0.5689680576324463, 4218
0.5689680576324463, 4217
0.5689680576324463, 4216
0.5689680576324463, 4215
0.5710206031799316, 4214
0.5710206031799316, 4213
0.5710206031799316, 4212
0.5710206031799316, 4211
0.5710206031799316, 4210
0.5710206031799316, 4209
0.5710206031799316, 4208
0.5790727138519287, 4207
0.5790727138519287, 4206
0.5790727138519287, 4205
0.5811319351196289, 4204
0.5811319351196289, 4203
0.5811319351196289, 4202
0.5811319351196289, 4201
0.5811319351196289, 4200
0.5811319351196289, 4199
0.5811319351196289, 4198
0.5811319351196289, 4197
0.5811319351196289, 4196
0.5811319351196289, 4195
0.5811319351196289, 4194
0.5811319351196289, 4193
0.5891873836517334, 4192
0.5912401676177979, 4191
0.5912401676177979, 4190
0.5912401676177979, 4189
0.5912401676177979, 4188
0.5912401676177979, 4187
0.5912401676177979, 4186
0.5993173122406006, 4185
0.5993173122406006, 4184
0.5993173122406006, 4183
0.5993173122406006, 4182
0.601337194442749, 4181
0.601337194442749, 4180
0.601337194442749, 4179
0.601337194442749, 4178
0.601337194442749, 4177
0.601337194442749, 4176
0.601337194442749, 4175
0.6094040870666504, 4174
0.6094040870666504, 4173
0.611457347869873, 4172
0.611457347869873, 4171
0.611457347869873, 4170
0.611457347869873, 4169
0.611457347869873, 4168
0.6195418834686279, 4167
0.6195418834686279, 4166
0.6195418834686279, 4165
0.6215963363647461, 4164
0.6215963363647461, 4163
0.6215963363647461, 4162
0.6215963363647461, 4161
0.629652738571167, 4160
0.629652738571167, 4159
0.6317086219787598, 4158
0.6317086219787598, 4157
0.6317086219787598, 4156
0.6317086219787598, 4155
0.6317086219787598, 4154
0.6317086219787598, 4153
0.6317086219787598, 4152
0.6317086219787598, 4151
0.6317086219787598, 4150
0.6317086219787598, 4149
0.6397719383239746, 4148
0.6397719383239746, 4147
0.6397719383239746, 4146
0.6397719383239746, 4145
0.6418254375457764, 4144
0.6418254375457764, 4143
0.6418254375457764, 4142
0.6418254375457764, 4141
0.6418254375457764, 4140
0.6418254375457764, 4139
0.6418254375457764, 4138
0.6418254375457764, 4137
0.6418254375457764, 4136
0.6519336700439453, 4135
0.6519336700439453, 4134
0.6519336700439453, 4133
0.6519336700439453, 4132
0.6519336700439453, 4131
0.6519336700439453, 4130
0.6519336700439453, 4129
0.6519336700439453, 4128
0.6519336700439453, 4127
0.6519336700439453, 4126
0.6519336700439453, 4125
0.6519336700439453, 4124
0.6519336700439453, 4123
0.6599774360656738, 4122
0.6599774360656738, 4121
0.6599774360656738, 4120
0.6599774360656738, 4119
0.6624743938446045, 4118
0.6624743938446045, 4117
0.6624743938446045, 4116
0.6624743938446045, 4115
0.6624743938446045, 4114
0.6624743938446045, 4113
0.6624743938446045, 4112
0.6624743938446045, 4111
0.6705379486083984, 4110
0.6705379486083984, 4109
0.6725904941558838, 4108
0.6725904941558838, 4107
0.6725904941558838, 4106
0.6725904941558838, 4105
0.6725904941558838, 4104
0.6725904941558838, 4103
0.6725904941558838, 4102
0.6725904941558838, 4101
0.6827414035797119, 4100
0.6827414035797119, 4099
0.6827414035797119, 4098
0.6827414035797119, 4097
0.6827414035797119, 4096
0.6827414035797119, 4095
0.6827414035797119, 4094
0.6827414035797119, 4093
0.6827414035797119, 4092
0.6827414035797119, 4091
0.6827414035797119, 4090
0.6907997131347656, 4089
0.6928536891937256, 4088
0.6928536891937256, 4087
0.6928536891937256, 4086
0.6928536891937256, 4085
0.6928536891937256, 4084
0.6928536891937256, 4083
0.6928536891937256, 4082
0.7030010223388672, 4081
0.7030010223388672, 4080
0.7030010223388672, 4079
0.7030010223388672, 4078
0.7030010223388672, 4077
0.7030010223388672, 4076
0.7030010223388672, 4075
0.7030010223388672, 4074
0.7030010223388672, 4073
0.7110567092895508, 4072
0.713106632232666, 4071
0.713106632232666, 4070
0.713106632232666, 4069
0.713106632232666, 4068
0.713106632232666, 4067
0.713106632232666, 4066
0.713106632232666, 4065
0.713106632232666, 4064
0.7211649417877197, 4063
0.7232201099395752, 4062
0.7232201099395752, 4061
0.7232201099395752, 4060
0.7232201099395752, 4059
0.7232201099395752, 4058
0.7232201099395752, 4057
0.7232201099395752, 4056
0.7232201099395752, 4055
0.7232201099395752, 4054
0.7232201099395752, 4053
0.7232201099395752, 4052
0.7232201099395752, 4051
0.7333300113677979, 4050
0.7333300113677979, 4049
0.7333300113677979, 4048
0.7333300113677979, 4047
0.7333300113677979, 4046
0.7333300113677979, 4045
0.7333300113677979, 4044
0.7333300113677979, 4043
0.7333300113677979, 4042
0.7414352893829346, 4041
0.74349045753479, 4040
0.74349045753479, 4039
0.74349045753479, 4038
0.74349045753479, 4037
0.74349045753479, 4036
0.74349045753479, 4035
0.74349045753479, 4034
0.74349045753479, 4033
0.74349045753479, 4032
0.74349045753479, 4031
0.7515065670013428, 4030
0.7515065670013428, 4029
0.7515065670013428, 4028
0.7535595893859863, 4027
0.7535595893859863, 4026
0.7535595893859863, 4025
0.7535595893859863, 4024
0.7535595893859863, 4023
0.7535595893859863, 4022
0.7535595893859863, 4021
0.7535595893859863, 4020
0.7616615295410156, 4019
0.7616615295410156, 4018
0.7637312412261963, 4017
0.7637312412261963, 4016
0.7637312412261963, 4015
0.7637312412261963, 4014
0.7637312412261963, 4013
0.7637312412261963, 4012
0.7637312412261963, 4011
0.7637312412261963, 4010
0.7637312412261963, 4009
0.7637312412261963, 4008
0.7717881202697754, 4007
0.7717881202697754, 4006
0.7717881202697754, 4005
0.7738404273986816, 4004
0.7738404273986816, 4003
0.7738404273986816, 4002
0.7738404273986816, 4001
0.7738404273986816, 4000
0.7738404273986816, 3999
0.7738404273986816, 3998
0.7738404273986816, 3997
0.7738404273986816, 3996
0.7738404273986816, 3995
0.7738404273986816, 3994
0.7840301990509033, 3993
0.7840301990509033, 3992
0.7840301990509033, 3991
0.7840301990509033, 3990
0.7920925617218018, 3989
0.7941451072692871, 3988
0.7941451072692871, 3987
0.7941451072692871, 3986
0.7941451072692871, 3985
0.7941451072692871, 3984
0.7941451072692871, 3983
0.7941451072692871, 3982
0.7941451072692871, 3981
0.7941451072692871, 3980
0.8022222518920898, 3979
0.8022222518920898, 3978
0.8042798042297363, 3977
0.8042798042297363, 3976
0.8042798042297363, 3975
0.8042798042297363, 3974
0.8042798042297363, 3973
0.8042798042297363, 3972
0.8042798042297363, 3971
0.8042798042297363, 3970
0.8042798042297363, 3969
0.812333345413208, 3968
0.812333345413208, 3967
0.8143868446350098, 3966
0.8143868446350098, 3965
0.8143868446350098, 3964
0.8143868446350098, 3963
0.8143868446350098, 3962
0.8143868446350098, 3961
0.8143868446350098, 3960
0.8143868446350098, 3959
0.8224570751190186, 3958
0.8245134353637695, 3957
0.8245134353637695, 3956
0.8245134353637695, 3955
0.8245134353637695, 3954
0.8245134353637695, 3953
0.8245134353637695, 3952
0.8245134353637695, 3951
0.8245134353637695, 3950
0.8325679302215576, 3949
0.8325679302215576, 3948
0.8325679302215576, 3947
0.8345832824707031, 3946
0.8345832824707031, 3945
0.8345832824707031, 3944
0.8345832824707031, 3943
0.8345832824707031, 3942
0.8345832824707031, 3941
0.8345832824707031, 3940
0.8447010517120361, 3939
0.8447010517120361, 3938
0.8447010517120361, 3937
0.8447010517120361, 3936
0.8447010517120361, 3935
0.8447010517120361, 3934
0.8447010517120361, 3933
0.8447010517120361, 3932
0.8527641296386719, 3931
0.8527641296386719, 3930
0.8548181056976318, 3929
0.8548181056976318, 3928
0.8548181056976318, 3927
0.8548181056976318, 3926
0.8548181056976318, 3925
0.8548181056976318, 3924
0.8629000186920166, 3923
0.8649117946624756, 3922
0.8649740219116211, 3921
0.8649740219116211, 3920
0.8649740219116211, 3919
0.8649740219116211, 3918
0.8649740219116211, 3917
0.873035192489624, 3916
0.873035192489624, 3915
0.873035192489624, 3914
0.8750936985015869, 3913
0.8750936985015869, 3912
0.8750936985015869, 3911
0.8750936985015869, 3910
0.8750936985015869, 3909
0.8750936985015869, 3908
0.8853089809417725, 3907
0.8853089809417725, 3906
0.8853089809417725, 3905
0.8853089809417725, 3904
0.8933734893798828, 3903
0.8933734893798828, 3902
0.8933734893798828, 3901
0.8933734893798828, 3900
0.8933734893798828, 3899
0.8954265117645264, 3898
0.8954265117645264, 3897
0.8954265117645264, 3896
0.8954265117645264, 3895
0.8954265117645264, 3894
0.8954265117645264, 3893
0.9055540561676025, 3892
0.9055540561676025, 3891
0.9055540561676025, 3890
0.9055540561676025, 3889
0.9055540561676025, 3888
0.9136147499084473, 3887
0.9156696796417236, 3886
0.9156696796417236, 3885
0.9156696796417236, 3884
0.9156696796417236, 3883
0.9156696796417236, 3882
0.9156696796417236, 3881
0.9156696796417236, 3880
0.9156696796417236, 3879
0.9237422943115234, 3878
0.9258012771606445, 3877
0.9258012771606445, 3876
0.9258012771606445, 3875
0.9258012771606445, 3874
0.9258012771606445, 3873
0.9258012771606445, 3872
0.9258012771606445, 3871
0.9258012771606445, 3870
0.9258012771606445, 3869
0.933863639831543, 3868
0.9359169006347656, 3867
0.9359169006347656, 3866
0.9359169006347656, 3865
0.9359169006347656, 3864
0.9359169006347656, 3863
0.9359169006347656, 3862
0.9359169006347656, 3861
0.9359169006347656, 3860
0.9439830780029297, 3859
0.9439830780029297, 3858
0.9460365772247314, 3857
0.9460365772247314, 3856
0.9460365772247314, 3855
0.9460365772247314, 3854
0.9460365772247314, 3853
0.9460365772247314, 3852
0.954087495803833, 3851
0.954087495803833, 3850
0.9561409950256348, 3849
0.9561409950256348, 3848
0.9561409950256348, 3847
0.9561409950256348, 3846
0.9561409950256348, 3845
0.9561409950256348, 3844
0.9561409950256348, 3843
0.9561409950256348, 3842
0.9561409950256348, 3841
0.964242696762085, 3840
0.9663021564483643, 3839
0.9663021564483643, 3838
0.9663021564483643, 3837
0.9743647575378418, 3836
0.976417064666748, 3835
0.976417064666748, 3834
0.976417064666748, 3833
0.976417064666748, 3832
0.976417064666748, 3831
0.976417064666748, 3830
0.976417064666748, 3829
0.9845254421234131, 3828
0.9845254421234131, 3827
0.9845254421234131, 3826
0.9845254421234131, 3825
0.9865827560424805, 3824
0.9865827560424805, 3823
0.9865827560424805, 3822
0.9865827560424805, 3821
0.9865827560424805, 3820
0.9865827560424805, 3819
0.9865827560424805, 3818
0.9946362972259521, 3817
0.9966886043548584, 3816
0.9966886043548584, 3815
0.9966886043548584, 3814
0.9966886043548584, 3813
0.9966886043548584, 3812
0.9966886043548584, 3811
0.9966886043548584, 3810
0.9966886043548584, 3809
1.006800889968872, 3808
1.006800889968872, 3807
1.006800889968872, 3806
1.006800889968872, 3805
1.006800889968872, 3804
1.006800889968872, 3803
1.006800889968872, 3802
1.006800889968872, 3801
1.006800889968872, 3800
1.0148568153381348, 3799
1.0169103145599365, 3798
1.0169103145599365, 3797
1.0169103145599365, 3796
1.0169103145599365, 3795
1.0169103145599365, 3794
1.0169103145599365, 3793
1.0169103145599365, 3792
1.0169103145599365, 3791
1.0249931812286377, 3790
1.0270509719848633, 3789
1.0270509719848633, 3788
1.0270509719848633, 3787
1.0270509719848633, 3786
1.0270509719848633, 3785
1.0270509719848633, 3784
1.0270509719848633, 3783
1.0270509719848633, 3782
1.0270509719848633, 3781
1.0270509719848633, 3780
1.0371766090393066, 3779
1.0371766090393066, 3778
1.0371766090393066, 3777
1.0371766090393066, 3776
1.0371766090393066, 3775
1.0452570915222168, 3774
1.0473148822784424, 3773
1.0553689002990723, 3772
1.0553689002990723, 3771
1.0574309825897217, 3770
1.0574309825897217, 3769
1.0574309825897217, 3768
1.0574309825897217, 3767
1.0574309825897217, 3766
1.0574309825897217, 3765
1.0655100345611572, 3764
1.0655100345611572, 3763
1.0675666332244873, 3762
1.0675666332244873, 3761
1.0675666332244873, 3760
1.0675666332244873, 3759
1.0675666332244873, 3758
1.0675666332244873, 3757
1.0675666332244873, 3756
1.0675666332244873, 3755
1.0675666332244873, 3754
1.0675666332244873, 3753
1.0756216049194336, 3752
1.0756216049194336, 3751
1.077674388885498, 3750
1.077674388885498, 3749
1.077674388885498, 3748
1.077674388885498, 3747
1.0857200622558594, 3746
1.0857603549957275, 3745
1.0857603549957275, 3744
1.0878260135650635, 3743
1.0878260135650635, 3742
1.0878260135650635, 3741
1.0878260135650635, 3740
1.0878260135650635, 3739
1.0958797931671143, 3738
1.097933292388916, 3737
1.097933292388916, 3736
1.097933292388916, 3735
1.097933292388916, 3734
1.097933292388916, 3733
1.097933292388916, 3732
1.097933292388916, 3731
1.1059980392456055, 3730
1.1059980392456055, 3729
1.1059980392456055, 3728
1.1080529689788818, 3727
1.1080529689788818, 3726
1.1080529689788818, 3725
1.1080529689788818, 3724
1.1080529689788818, 3723
1.1080529689788818, 3722
1.1080529689788818, 3721
1.116107702255249, 3720
1.1181306838989258, 3719
1.1181306838989258, 3718
1.1181306838989258, 3717
1.1181306838989258, 3716
1.1181306838989258, 3715
1.1181306838989258, 3714
1.1181306838989258, 3713
1.1261861324310303, 3712
1.128239393234253, 3711
1.128239393234253, 3710
1.128239393234253, 3709
1.128239393234253, 3708
1.128239393234253, 3707
1.128239393234253, 3706
1.128239393234253, 3705
1.128239393234253, 3704
1.128239393234253, 3703
1.128239393234253, 3702
1.1383540630340576, 3701
1.1383540630340576, 3700
1.1383540630340576, 3699
1.1383540630340576, 3698
1.1383540630340576, 3697
1.1383540630340576, 3696
1.1383540630340576, 3695
1.1383540630340576, 3694
1.148484468460083, 3693
1.148484468460083, 3692
1.148484468460083, 3691
1.148484468460083, 3690
1.148484468460083, 3689
1.148484468460083, 3688
1.1565406322479248, 3687
1.1585943698883057, 3686
1.1585943698883057, 3685
1.1585943698883057, 3684
1.1585943698883057, 3683
1.1585943698883057, 3682
1.1585943698883057, 3681
1.1585943698883057, 3680
1.1666953563690186, 3679
1.1687037944793701, 3678
1.1687781810760498, 3677
1.1687781810760498, 3676
1.1687781810760498, 3675
1.1687781810760498, 3674
1.1687781810760498, 3673
1.1687781810760498, 3672
1.1768367290496826, 3671
1.1788954734802246, 3670
1.1788954734802246, 3669
1.1788954734802246, 3668
1.1788954734802246, 3667
1.1788954734802246, 3666
1.189040184020996, 3665
1.189040184020996, 3664
1.189040184020996, 3663
1.189040184020996, 3662
1.189040184020996, 3661
1.189040184020996, 3660
1.189040184020996, 3659
1.1970956325531006, 3658
1.1970956325531006, 3657
1.1991479396820068, 3656
1.1991479396820068, 3655
1.2092795372009277, 3654
1.2092795372009277, 3653
1.2092795372009277, 3652
1.2092795372009277, 3651
1.2092795372009277, 3650
1.2092795372009277, 3649
1.2092795372009277, 3648
1.2092795372009277, 3647
1.2173490524291992, 3646
1.2173490524291992, 3645
1.2173490524291992, 3644
1.2193546295166016, 3643
1.2194089889526367, 3642
1.2275340557098389, 3641
1.2295873165130615, 3640
1.2295873165130615, 3639
1.2295873165130615, 3638
1.2295873165130615, 3637
1.2295873165130615, 3636
1.2295873165130615, 3635
1.2376573085784912, 3634
1.2397122383117676, 3633
1.2397122383117676, 3632
1.2397122383117676, 3631
1.2397122383117676, 3630
1.2397122383117676, 3629
1.2397122383117676, 3628
1.2397122383117676, 3627
1.2477896213531494, 3626
1.2498447895050049, 3625
1.2498447895050049, 3624
1.2498447895050049, 3623
1.2498447895050049, 3622
1.2498447895050049, 3621
1.2498447895050049, 3620
1.2579126358032227, 3619
1.2579126358032227, 3618
1.2599637508392334, 3617
1.2599637508392334, 3616
1.2599637508392334, 3615
1.2599637508392334, 3614
1.2679708003997803, 3613
1.2679708003997803, 3612
1.270603895187378, 3611
1.270603895187378, 3610
1.270603895187378, 3609
1.270603895187378, 3608
1.270603895187378, 3607
1.270603895187378, 3606
1.270603895187378, 3605
1.270603895187378, 3604
1.2786598205566406, 3603
1.2786598205566406, 3602
1.2807531356811523, 3601
1.2807531356811523, 3600
1.2807531356811523, 3599
1.2807531356811523, 3598
1.2807531356811523, 3597
1.2807531356811523, 3596
1.2807531356811523, 3595
1.2807531356811523, 3594
1.288806438446045, 3593
1.288806438446045, 3592
1.2908120155334473, 3591
1.2908642292022705, 3590
1.2908642292022705, 3589
1.2908642292022705, 3588
1.2989275455474854, 3587
1.300980806350708, 3586
1.300980806350708, 3585
1.300980806350708, 3584
1.300980806350708, 3583
1.300980806350708, 3582
1.300980806350708, 3581
1.3090088367462158, 3580
1.3090088367462158, 3579
1.3090088367462158, 3578
1.3110618591308594, 3577
1.3110618591308594, 3576
1.3110618591308594, 3575
1.3110618591308594, 3574
1.3110618591308594, 3573
1.3110618591308594, 3572
1.3110618591308594, 3571
1.3110618591308594, 3570
1.321169376373291, 3569
1.321169376373291, 3568
1.321169376373291, 3567
1.321169376373291, 3566
1.321169376373291, 3565
1.3312842845916748, 3564
1.3312842845916748, 3563
1.3312842845916748, 3562
1.3312842845916748, 3561
1.3393397331237793, 3560
1.341393232345581, 3559
1.341393232345581, 3558
1.341393232345581, 3557
1.341393232345581, 3556
1.341393232345581, 3555
1.3494510650634766, 3554
1.3515052795410156, 3553
1.3515052795410156, 3552
1.3515052795410156, 3551
1.3515052795410156, 3550
1.3515052795410156, 3549
1.3595588207244873, 3548
1.3616118431091309, 3547
1.3616118431091309, 3546
1.3616118431091309, 3545
1.3616118431091309, 3544
1.3616118431091309, 3543
1.3616118431091309, 3542
1.3616118431091309, 3541
1.3616118431091309, 3540
1.3616118431091309, 3539
1.3616118431091309, 3538
1.3616118431091309, 3537
1.3696510791778564, 3536
1.3696510791778564, 3535
1.3717083930969238, 3534
1.3717083930969238, 3533
1.3717083930969238, 3532
1.3717083930969238, 3531
1.3717083930969238, 3530
1.379762887954712, 3529
1.379762887954712, 3528
1.3818182945251465, 3527
1.3818182945251465, 3526
1.3818182945251465, 3525
1.3818182945251465, 3524
1.3818182945251465, 3523
1.3919343948364258, 3522
1.3919343948364258, 3521
1.3919343948364258, 3520
1.3919343948364258, 3519
1.3919343948364258, 3518
1.3999888896942139, 3517
1.4020426273345947, 3516
1.4020426273345947, 3515
1.4020426273345947, 3514
1.4121224880218506, 3513
1.4121224880218506, 3512
1.4121224880218506, 3511
1.4121224880218506, 3510
1.420180320739746, 3509
1.4222326278686523, 3508
1.4222326278686523, 3507
1.4222326278686523, 3506
1.432349681854248, 3505
1.432349681854248, 3504
1.432349681854248, 3503
1.432349681854248, 3502
1.4404089450836182, 3501
1.44246244430542, 3500
1.44246244430542, 3499
1.44246244430542, 3498
1.44246244430542, 3497
1.44246244430542, 3496
1.44246244430542, 3495
1.452582597732544, 3494
1.452582597732544, 3493
1.452582597732544, 3492
1.452582597732544, 3491
1.452582597732544, 3490
1.4606380462646484, 3489
1.4606380462646484, 3488
1.4606380462646484, 3487
1.4626920223236084, 3486
1.4626920223236084, 3485
1.4626920223236084, 3484
1.4626920223236084, 3483
1.4626920223236084, 3482
1.4707601070404053, 3481
1.472815990447998, 3480
1.4808704853057861, 3479
1.4808704853057861, 3478
1.482924461364746, 3477
1.482924461364746, 3476
1.482924461364746, 3475
1.482924461364746, 3474
1.4910080432891846, 3473
1.4930639266967773, 3472
1.4930639266967773, 3471
1.4930639266967773, 3470
1.4930639266967773, 3469
1.5011084079742432, 3468
1.5031604766845703, 3467
1.5031604766845703, 3466
1.5124614238739014, 3465
1.514373540878296, 3464
1.514373540878296, 3463
1.514373540878296, 3462
1.514373540878296, 3461
1.514373540878296, 3460
1.514373540878296, 3459
1.521432638168335, 3458
1.5234978199005127, 3457
1.5234978199005127, 3456
1.5234978199005127, 3455
1.531557321548462, 3454
1.5336098670959473, 3453
1.5336098670959473, 3452
1.5336098670959473, 3451
1.541670560836792, 3450
1.5437226295471191, 3449
1.5437226295471191, 3448
1.5437226295471191, 3447
1.5437226295471191, 3446
1.5437226295471191, 3445
1.551778793334961, 3444
1.5618846416473389, 3443
1.5618846416473389, 3442
1.5639374256134033, 3441
1.5639374256134033, 3440
1.5639374256134033, 3439
1.5639374256134033, 3438
1.5639374256134033, 3437
1.5720493793487549, 3436
1.5741040706634521, 3435
1.5741040706634521, 3434
1.5741040706634521, 3433
1.5741040706634521, 3432
1.5741040706634521, 3431
1.5741040706634521, 3430
1.5741040706634521, 3429
1.5741040706634521, 3428
1.5741040706634521, 3427
1.5821595191955566, 3426
1.5842163562774658, 3425
1.5842163562774658, 3424
1.5842163562774658, 3423
1.5842163562774658, 3422
1.5842163562774658, 3421
1.59230375289917, 3420
1.5943591594696045, 3419
1.5943591594696045, 3418
1.5943591594696045, 3417
1.6024198532104492, 3416
1.6044728755950928, 3415
1.6044728755950928, 3414
1.6044728755950928, 3413
1.6044728755950928, 3412
1.6044728755950928, 3411
1.6044728755950928, 3410
1.6044728755950928, 3409
1.6125338077545166, 3408
1.6125338077545166, 3407
1.6145880222320557, 3406
1.6145880222320557, 3405
1.6145880222320557, 3404
1.6246955394744873, 3403
1.6246955394744873, 3402
1.6246955394744873, 3401
1.6246955394744873, 3400
1.6246955394744873, 3399
1.6246955394744873, 3398
1.632758617401123, 3397
1.632758617401123, 3396
1.6347744464874268, 3395
1.6347744464874268, 3394
1.6347744464874268, 3393
1.6347744464874268, 3392
1.6347744464874268, 3391
1.6347744464874268, 3390
1.6347744464874268, 3389
1.642829179763794, 3388
1.642829179763794, 3387
1.6448838710784912, 3386
1.6448838710784912, 3385
1.6448838710784912, 3384
1.6529409885406494, 3383
1.6529409885406494, 3382
1.6529409885406494, 3381
1.655001163482666, 3380
1.655001163482666, 3379
1.655001163482666, 3378
1.655001163482666, 3377
1.655001163482666, 3376
1.6630613803863525, 3375
1.6630613803863525, 3374
1.665113925933838, 3373
1.665113925933838, 3372
1.665113925933838, 3371
1.665113925933838, 3370
1.665113925933838, 3369
1.6752383708953857, 3368
1.6752383708953857, 3367
1.6832935810089111, 3366
1.6832935810089111, 3365
1.6853477954864502, 3364
1.6853477954864502, 3363
1.6853477954864502, 3362
1.6853477954864502, 3361
1.6853477954864502, 3360
1.6853477954864502, 3359
1.6853477954864502, 3358
1.6853477954864502, 3357
1.6934435367584229, 3356
1.6954989433288574, 3355
1.6954989433288574, 3354
1.6954989433288574, 3353
1.6954989433288574, 3352
1.6954989433288574, 3351
1.7056057453155518, 3350
1.7056057453155518, 3349
1.7056057453155518, 3348
1.7056057453155518, 3347
1.7056057453155518, 3346
1.7056057453155518, 3345
1.7136681079864502, 3344
1.7157225608825684, 3343
1.7157225608825684, 3342
1.7157225608825684, 3341
1.7157225608825684, 3340
1.7157225608825684, 3339
1.7157225608825684, 3338
1.7157225608825684, 3337
1.7258410453796387, 3336
1.7258410453796387, 3335
1.7258410453796387, 3334
1.7258410453796387, 3333
1.7258410453796387, 3332
1.7359557151794434, 3331
1.7359557151794434, 3330
1.7359557151794434, 3329
1.7359557151794434, 3328
1.7359557151794434, 3327
1.7359557151794434, 3326
1.7359557151794434, 3325
1.7359557151794434, 3324
1.7460861206054688, 3323
1.7460861206054688, 3322
1.7562377452850342, 3321
1.7562377452850342, 3320
1.7562377452850342, 3319
1.7642908096313477, 3318
1.7663440704345703, 3317
1.7764923572540283, 3316
1.7764923572540283, 3315
1.7764923572540283, 3314
1.7764923572540283, 3313
1.7764923572540283, 3312
1.7764923572540283, 3311
1.7865688800811768, 3310
1.7865688800811768, 3309
1.7865688800811768, 3308
1.7865688800811768, 3307
1.7865688800811768, 3306
1.7865688800811768, 3305
1.7865688800811768, 3304
1.7865688800811768, 3303
1.7967267036437988, 3302
1.7967267036437988, 3301
1.7967267036437988, 3300
1.8047921657562256, 3299
1.8068561553955078, 3298
1.8068561553955078, 3297
1.8068561553955078, 3296
1.8149328231811523, 3295
1.8169965744018555, 3294
1.8169965744018555, 3293
1.8169965744018555, 3292
1.8169965744018555, 3291
1.8169965744018555, 3290
1.825061321258545, 3289
1.8271255493164062, 3288
1.8271255493164062, 3287
1.8271255493164062, 3286
1.8271255493164062, 3285
1.835153341293335, 3284
1.835153341293335, 3283
1.837218999862671, 3282
1.837218999862671, 3281
1.837218999862671, 3280
1.837218999862671, 3279
1.8452849388122559, 3278
1.847350835800171, 3277
1.857503890991211, 3276
1.8655710220336914, 3275
1.8676376342773438, 3274
1.8676376342773438, 3273
1.8676376342773438, 3272
1.8676376342773438, 3271
1.8781499862670898, 3270
1.8781499862670898, 3269
1.8781499862670898, 3268
1.8781499862670898, 3267
1.8862199783325195, 3266
1.8882863521575928, 3265
1.8882863521575928, 3264
1.8882863521575928, 3263
1.8882863521575928, 3262
1.8984408378601074, 3261
1.8984408378601074, 3260
1.8984408378601074, 3259
1.9065093994140625, 3258
1.9085750579833984, 3257
1.9085750579833984, 3256
1.9085750579833984, 3255
1.9085750579833984, 3254
1.9085750579833984, 3253
1.9166274070739746, 3252
1.9166274070739746, 3251
1.9186978340148926, 3250
1.9186978340148926, 3249
1.9186978340148926, 3248
1.9186978340148926, 3247
1.9186978340148926, 3246
1.9186978340148926, 3245
1.9186978340148926, 3244
1.9186978340148926, 3243
1.9186978340148926, 3242
1.9267783164978027, 3241
1.9267783164978027, 3240
1.9267783164978027, 3239
1.9288556575775146, 3238
1.9288556575775146, 3237
1.9288556575775146, 3236
1.9288556575775146, 3235
1.9288556575775146, 3234
1.936934471130371, 3233
1.93900465965271, 3232
1.93900465965271, 3231
1.93900465965271, 3230
1.93900465965271, 3229
1.93900465965271, 3228
1.9491393566131592, 3227
1.9491393566131592, 3226
1.9491393566131592, 3225
1.9491393566131592, 3224
1.9491393566131592, 3223
1.9491393566131592, 3222
1.9593007564544678, 3221
1.9593007564544678, 3220
1.9593007564544678, 3219
1.9673676490783691, 3218
1.9694335460662842, 3217
1.9694335460662842, 3216
1.9694335460662842, 3215
1.9694335460662842, 3214
1.9694335460662842, 3213
1.9795944690704346, 3212
1.9795944690704346, 3211
1.9795944690704346, 3210
1.98972749710083, 3209
1.98972749710083, 3208
1.98972749710083, 3207
1.98972749710083, 3206
1.98972749710083, 3205
1.98972749710083, 3204
1.98972749710083, 3203
1.98972749710083, 3202
1.98972749710083, 3201
1.98972749710083, 3200
1.9998493194580078, 3199
1.9998493194580078, 3198
1.9998493194580078, 3197
1.9998493194580078, 3196
1.9998493194580078, 3195
1.9998493194580078, 3194
1.9998493194580078, 3193
2.007925510406494, 3192
2.00999116897583, 3191
2.00999116897583, 3190
2.00999116897583, 3189
2.00999116897583, 3188
2.00999116897583, 3187
2.018030881881714, 3186
2.020098924636841, 3185
2.020098924636841, 3184
2.020098924636841, 3183
2.020098924636841, 3182
2.0301737785339355, 3181
2.0302345752716064, 3180
2.0302345752716064, 3179
2.0302345752716064, 3178
2.0302345752716064, 3177
2.0403826236724854, 3176
2.0403826236724854, 3175
2.0403826236724854, 3174
2.0403826236724854, 3173
2.0403826236724854, 3172
2.048452615737915, 3171
2.0505177974700928, 3170
2.0505177974700928, 3169
2.0505177974700928, 3168
2.0505177974700928, 3167
2.058607339859009, 3166
2.0606744289398193, 3165
2.0606744289398193, 3164
2.068742036819458, 3163
2.068742036819458, 3162
2.070809841156006, 3161
2.070809841156006, 3160
2.070809841156006, 3159
2.070809841156006, 3158
2.0788958072662354, 3157
2.0788958072662354, 3156
2.080963134765625, 3155
2.080963134765625, 3154
2.080963134765625, 3153
2.080963134765625, 3152
2.080963134765625, 3151
2.089033603668213, 3150
2.0911004543304443, 3149
2.0911004543304443, 3148
2.0911004543304443, 3147
2.0911004543304443, 3146
2.0911004543304443, 3145
2.099144458770752, 3144
2.1012115478515625, 3143
2.1012115478515625, 3142
2.1012115478515625, 3141
2.1012115478515625, 3140
2.1012115478515625, 3139
2.1012115478515625, 3138
2.1092782020568848, 3137
2.1092782020568848, 3136
2.111344337463379, 3135
2.111344337463379, 3134
2.111344337463379, 3133
2.111344337463379, 3132
2.111344337463379, 3131
2.111344337463379, 3130
2.111344337463379, 3129
2.111344337463379, 3128
2.119375228881836, 3127
2.12144136428833, 3126
2.12144136428833, 3125
2.12144136428833, 3124
2.12144136428833, 3123
2.131577491760254, 3122
2.131577491760254, 3121
2.131577491760254, 3120
2.131577491760254, 3119
2.131577491760254, 3118
2.131577491760254, 3117
2.131577491760254, 3116
2.131577491760254, 3115
2.1395864486694336, 3114
2.1396615505218506, 3113
2.1396615505218506, 3112
2.141727924346924, 3111
2.149794340133667, 3110
2.1518614292144775, 3109
2.1518614292144775, 3108
2.1518614292144775, 3107
2.1518614292144775, 3106
2.1518614292144775, 3105
2.1599481105804443, 3104
2.1599481105804443, 3103
2.162015199661255, 3102
2.1700844764709473, 3101
2.1721508502960205, 3100
2.1721508502960205, 3099
2.1721508502960205, 3098
2.1721508502960205, 3097
2.182260274887085, 3096
2.182260274887085, 3095
2.182260274887085, 3094
2.182260274887085, 3093
2.182260274887085, 3092
2.182260274887085, 3091
2.1903274059295654, 3090
2.1903274059295654, 3089
2.1903274059295654, 3088
2.1923935413360596, 3087
2.1923935413360596, 3086
2.202516555786133, 3085
2.212646484375, 3084
2.212646484375, 3083
2.212646484375, 3082
2.2228119373321533, 3081
2.2228119373321533, 3080
2.2228119373321533, 3079
2.2228119373321533, 3078
2.2228119373321533, 3077
2.2308809757232666, 3076
2.2308809757232666, 3075
2.232947587966919, 3074
2.232947587966919, 3073
2.232947587966919, 3072
2.243108034133911, 3071
2.243108034133911, 3070
2.243108034133911, 3069
2.243108034133911, 3068
2.2532436847686768, 3067
2.2532436847686768, 3066
2.2532436847686768, 3065
2.2532436847686768, 3064
2.2633721828460693, 3063
2.2633721828460693, 3062
2.2633721828460693, 3061
2.2633721828460693, 3060
2.2633721828460693, 3059
2.2735118865966797, 3058
2.28360652923584, 3057
2.2836694717407227, 3056
2.2836694717407227, 3055
2.2836694717407227, 3054
2.2836694717407227, 3053
2.2836694717407227, 3052
2.2836694717407227, 3051
2.2836694717407227, 3050
2.2836694717407227, 3049
2.2836694717407227, 3048
2.2917377948760986, 3047
2.293804168701172, 3046
2.293804168701172, 3045
2.293804168701172, 3044
2.293804168701172, 3043
2.301858901977539, 3042
2.303927421569824, 3041
2.303927421569824, 3040
2.303927421569824, 3039
2.311997175216675, 3038
2.3140625953674316, 3037
2.324190855026245, 3036
2.324190855026245, 3035
2.324190855026245, 3034
2.324190855026245, 3033
2.3322572708129883, 3032
2.3423807621002197, 3031
2.344446897506714, 3030
2.3525142669677734, 3029
2.3545773029327393, 3028
2.3545773029327393, 3027
2.3545773029327393, 3026
2.3545773029327393, 3025
2.3626534938812256, 3024
2.3647360801696777, 3023
2.3647360801696777, 3022
2.3647360801696777, 3021
2.3647360801696777, 3020
2.374871015548706, 3019
2.374871015548706, 3018
2.374871015548706, 3017
2.382923126220703, 3016
2.384990692138672, 3015
2.384990692138672, 3014
2.384990692138672, 3013
2.384990692138672, 3012
2.3951239585876465, 3011
2.3951239585876465, 3010
2.3951239585876465, 3009
2.403198003768921, 3008
2.403198003768921, 3007
2.405268430709839, 3006
2.413332939147949, 3005
2.413332939147949, 3004
2.4153988361358643, 3003
2.4153988361358643, 3002
2.4153988361358643, 3001
2.4153988361358643, 3000
2.4153988361358643, 2999
2.4254918098449707, 2998
2.4254918098449707, 2997
2.435624837875366, 2996
2.435624837875366, 2995
2.4457767009735107, 2994
2.4538440704345703, 2993
2.4559125900268555, 2992
2.4559125900268555, 2991
2.4660568237304688, 2990
2.4741241931915283, 2989
2.4761903285980225, 2988
2.4761903285980225, 2987
2.486715793609619, 2986
2.486715793609619, 2985
2.486715793609619, 2984
2.496864080429077, 2983
2.496864080429077, 2982
2.496864080429077, 2981
2.5070109367370605, 2980
2.5070109367370605, 2979
2.5070109367370605, 2978
2.5070109367370605, 2977
2.5150198936462402, 2976
2.5171451568603516, 2975
2.5171451568603516, 2974
2.5352959632873535, 2973
2.537425994873047, 2972
2.537425994873047, 2971
2.537425994873047, 2970
2.537425994873047, 2969
2.5475690364837646, 2968
2.5475690364837646, 2967
2.555635929107666, 2966
2.5576438903808594, 2965
2.5577023029327393, 2964
2.5577023029327393, 2963
2.5577023029327393, 2962
2.5678443908691406, 2961
2.5678443908691406, 2960
2.5678443908691406, 2959
2.575911045074463, 2958
2.5779778957366943, 2957
2.5861868858337402, 2956
2.587190628051758, 2955
2.5903282165527344, 2954
2.5963969230651855, 2953
2.5984649658203125, 2952
2.608585834503174, 2951
2.6166536808013916, 2950
2.6166536808013916, 2949
2.6166536808013916, 2948
2.6166536808013916, 2947
2.6187188625335693, 2946
2.6288704872131348, 2945
2.6288704872131348, 2944
2.6390066146850586, 2943
2.6390066146850586, 2942
2.6390066146850586, 2941
2.6390066146850586, 2940
2.6470324993133545, 2939
2.6470324993133545, 2938
2.649087905883789, 2937
2.649087905883789, 2936
2.649087905883789, 2935
2.6592254638671875, 2934
2.6592254638671875, 2933
2.6592254638671875, 2932
2.669546365737915, 2931
2.669546365737915, 2930
2.679680347442627, 2929
2.689793825149536, 2928
2.689793825149536, 2927
2.689793825149536, 2926
2.6999244689941406, 2925
2.6999244689941406, 2924
2.7100636959075928, 2923
2.720200538635254, 2922
2.720200538635254, 2921
2.720200538635254, 2920
2.7302982807159424, 2919
2.738365888595581, 2918
2.7404403686523438, 2917
2.7404403686523438, 2916
2.7404403686523438, 2915
2.7404403686523438, 2914
2.748530149459839, 2913
2.748530149459839, 2912
2.7506046295166016, 2911
2.7586722373962402, 2910
2.7586722373962402, 2909
2.7607386112213135, 2908
2.770893096923828, 2907
2.770893096923828, 2906
2.770893096923828, 2905
2.778964042663574, 2904
2.778964042663574, 2903
2.7810308933258057, 2902
2.7810308933258057, 2901
2.7810308933258057, 2900
2.7810308933258057, 2899
2.7810308933258057, 2898
2.7810308933258057, 2897
2.7810308933258057, 2896
2.7810308933258057, 2895
2.7930476665496826, 2894
2.7983791828155518, 2893
2.7999107837677, 2892
2.7999107837677, 2891
2.8036296367645264, 2890
2.8097190856933594, 2889
2.8117854595184326, 2888
2.8117854595184326, 2887
2.8117854595184326, 2886
2.8198773860931396, 2885
2.821956157684326, 2884
2.821956157684326, 2883
2.821956157684326, 2882
2.8300423622131348, 2881
2.8321192264556885, 2880
2.850332736968994, 2879
2.852402687072754, 2878
2.860496997833252, 2877
2.8625597953796387, 2876
2.8625597953796387, 2875
2.8625597953796387, 2874
2.880720376968384, 2873
2.882784605026245, 2872
2.882784605026245, 2871
2.882784605026245, 2870
2.882784605026245, 2869
2.892918348312378, 2868
2.892918348312378, 2867
2.892918348312378, 2866
2.9030587673187256, 2865
2.9030587673187256, 2864
2.9111366271972656, 2863
2.913203239440918, 2862
2.913203239440918, 2861
2.9212119579315186, 2860
2.9212958812713623, 2859
2.9233713150024414, 2858
2.9335110187530518, 2857
2.9335110187530518, 2856
2.9335110187530518, 2855
2.9435524940490723, 2854
2.9436118602752686, 2853
2.9436118602752686, 2852
2.9436118602752686, 2851
2.9537465572357178, 2850
2.9537465572357178, 2849
2.9537465572357178, 2848
2.9537465572357178, 2847
2.9537465572357178, 2846
2.9638874530792236, 2845
2.9638874530792236, 2844
2.9638874530792236, 2843
2.9740259647369385, 2842
2.9740259647369385, 2841
2.982119560241699, 2840
2.982119560241699, 2839
2.984198570251465, 2838
2.9922778606414795, 2837
2.99428653717041, 2836
2.994345188140869, 2835
2.994345188140869, 2834
3.002438545227051, 2833
3.0045061111450195, 2832
3.0125725269317627, 2831
3.0125725269317627, 2830
3.0247604846954346, 2829
3.0247604846954346, 2828
3.0247604846954346, 2827
3.0348942279815674, 2826
3.0348942279815674, 2825
3.0348942279815674, 2824
3.042933225631714, 2823
3.0450055599212646, 2822
3.0551388263702393, 2821
3.0551388263702393, 2820
3.0551388263702393, 2819
3.065290689468384, 2818
3.065290689468384, 2817
3.0754239559173584, 2816
3.0855166912078857, 2815
3.0855166912078857, 2814
3.0855166912078857, 2813
3.095649242401123, 2812
3.106152057647705, 2811
3.106152057647705, 2810
3.116288185119629, 2809
3.116288185119629, 2808
3.116288185119629, 2807
3.116288185119629, 2806
3.1264595985412598, 2805
3.1264595985412598, 2804
3.1264595985412598, 2803
3.136601209640503, 2802
3.136601209640503, 2801
3.1467652320861816, 2800
3.1467652320861816, 2799
3.1670141220092773, 2798
3.1670141220092773, 2797
3.1670141220092773, 2796
3.1670141220092773, 2795
3.1953887939453125, 2794
3.207537889480591, 2793
3.207537889480591, 2792
3.207537889480591, 2791
3.207537889480591, 2790
3.2176201343536377, 2789
3.2176201343536377, 2788
3.2358367443084717, 2787
3.2378852367401123, 2786
3.2378852367401123, 2785
3.2378852367401123, 2784
3.2378852367401123, 2783
3.248070240020752, 2782
3.248070240020752, 2781
3.2561275959014893, 2780
3.258183479309082, 2779
3.258183479309082, 2778
3.258183479309082, 2777
3.2662534713745117, 2776
3.268321990966797, 2775
3.268321990966797, 2774
3.268321990966797, 2773
3.268321990966797, 2772
3.276378631591797, 2771
3.2784414291381836, 2770
3.2886245250701904, 2769
3.2987325191497803, 2768
3.3068201541900635, 2767
3.308885335922241, 2766
3.316938877105713, 2765
3.319003105163574, 2764
3.3291430473327637, 2763
3.349393606185913, 2762
3.349393606185913, 2761
3.349393606185913, 2760
3.349393606185913, 2759
3.3695874214172363, 2758
3.377638816833496, 2757
3.3796935081481934, 2756
3.3796935081481934, 2755
3.389808177947998, 2754
3.389808177947998, 2753
3.389808177947998, 2752
3.389808177947998, 2751
3.389808177947998, 2750
3.389808177947998, 2749
3.39787220954895, 2748
3.399925708770752, 2747
3.4080071449279785, 2746
3.4100656509399414, 2745
3.4100656509399414, 2744
3.4100656509399414, 2743
3.4100656509399414, 2742
3.428253412246704, 2741
3.4404184818267822, 2740
3.450558662414551, 2739
3.450558662414551, 2738
3.450558662414551, 2737
3.460679531097412, 2736
3.4708094596862793, 2735
3.4708094596862793, 2734
3.4708094596862793, 2733
3.4708094596862793, 2732
3.4708094596862793, 2731
3.4708094596862793, 2730
3.478864908218384, 2729
3.478864908218384, 2728
3.478864908218384, 2727
3.4910476207733154, 2726
3.4910476207733154, 2725
3.5011544227600098, 2724
3.5113022327423096, 2723
3.5113022327423096, 2722
3.5113022327423096, 2721
3.531576156616211, 2720
3.541682720184326, 2719
3.541682720184326, 2718
3.5497803688049316, 2717
3.551835298538208, 2716
3.561943292617798, 2715
3.561943292617798, 2714
3.561943292617798, 2713
3.5720536708831787, 2712
3.5720536708831787, 2711
3.5720536708831787, 2710
3.582167148590088, 2709
3.582167148590088, 2708
3.592349052429199, 2707
3.6125991344451904, 2706
3.6206533908843994, 2705
3.6206533908843994, 2704
3.6227071285247803, 2703
3.653106689453125, 2702
3.6611595153808594, 2701
3.663212776184082, 2700
3.6834423542022705, 2699
3.6834423542022705, 2698
3.6834423542022705, 2697
3.6834423542022705, 2696
3.6915030479431152, 2695
3.693556070327759, 2694
3.703678846359253, 2693
3.703678846359253, 2692
3.7243354320526123, 2691
3.734494924545288, 2690
3.7445969581604004, 2689
3.7547388076782227, 2688
3.7547388076782227, 2687
3.764855146408081, 2686
3.764855146408081, 2685
3.764855146408081, 2684
3.764855146408081, 2683
3.7729454040527344, 2682
3.7749998569488525, 2681
3.7749998569488525, 2680
3.7749998569488525, 2679
3.7830536365509033, 2678
3.8053932189941406, 2677
3.8165388107299805, 2676
3.8175759315490723, 2675
3.828977584838867, 2674
3.8472206592559814, 2673
3.8654122352600098, 2672
3.8654122352600098, 2671
3.867428779602051, 2670
3.867428779602051, 2669
3.877546548843384, 2668
3.8856210708618164, 2667
3.8876776695251465, 2666
3.89778995513916, 2665
3.89778995513916, 2664
3.905860185623169, 2663
3.90792179107666, 2662
3.9159750938415527, 2661
3.9180285930633545, 2660
3.9382972717285156, 2659
3.9382972717285156, 2658
3.9382972717285156, 2657
3.9464030265808105, 2656
3.9484570026397705, 2655
3.9585652351379395, 2654
3.9585652351379395, 2653
3.9585652351379395, 2652
3.9687254428863525, 2651
3.9767794609069824, 2650
3.988954544067383, 2649
3.999068021774292, 2648
4.007127046585083, 2647
4.007127046585083, 2646
4.0192670822143555, 2645
4.0192670822143555, 2644
4.029416084289551, 2643
4.049666404724121, 2642
4.049666404724121, 2641
4.057727575302124, 2640
4.059781312942505, 2639
4.059781312942505, 2638
4.059781312942505, 2637
4.07796835899353, 2636
4.090148210525513, 2635
4.090148210525513, 2634
4.1002678871154785, 2633
4.10833740234375, 2632
4.1103901863098145, 2631
4.118449449539185, 2630
4.12857723236084, 2629
4.12857723236084, 2628
4.130634546279907, 2627
4.138684034347534, 2626
4.158974885940552, 2625
4.169110059738159, 2624
4.171166658401489, 2623
4.199486970901489, 2622
4.199486970901489, 2621
4.2015440464019775, 2620
4.211672067642212, 2619
4.2197277545928955, 2618
4.221780061721802, 2617
4.2319557666778564, 2616
4.242067337036133, 2615
4.26237678527832, 2614
4.270453453063965, 2613
4.2725067138671875, 2612
4.282615661621094, 2611
4.282615661621094, 2610
4.292747974395752, 2609
4.292747974395752, 2608
4.302826642990112, 2607
4.3437745571136475, 2606
4.3437745571136475, 2605
4.353939056396484, 2604
4.353939056396484, 2603
4.353939056396484, 2602
4.392354249954224, 2601
4.3944196701049805, 2600
4.402475357055664, 2599
4.404528856277466, 2598
4.414658784866333, 2597
4.414658784866333, 2596
4.436380624771118, 2595
4.4434356689453125, 2594
4.465928554534912, 2593
4.476171493530273, 2592
4.504464626312256, 2591
4.506515264511108, 2590
4.516626596450806, 2589
4.547074794769287, 2588
4.555138349533081, 2587
4.557191371917725, 2586
4.577467441558838, 2585
4.60576057434082, 2584
4.60576057434082, 2583
4.635537624359131, 2582
4.635537624359131, 2581
4.6415815353393555, 2580
4.649706125259399, 2579
4.690213918685913, 2578
4.7003467082977295, 2577
4.7003467082977295, 2576
4.710453987121582, 2575
4.710453987121582, 2574
4.710453987121582, 2573
4.7185235023498535, 2572
4.720574378967285, 2571
4.730685472488403, 2570
4.738747835159302, 2569
4.7408037185668945, 2568
4.7408037185668945, 2567
4.7408037185668945, 2566
4.750920534133911, 2565
4.76104736328125, 2564
4.771153450012207, 2563
4.781327247619629, 2562
4.801570177078247, 2561
4.811686277389526, 2560
4.819761037826538, 2559
4.840010643005371, 2558
4.842065334320068, 2557
4.850120544433594, 2556
4.852174758911133, 2555
4.862335681915283, 2554
4.870397090911865, 2553
4.872450590133667, 2552
4.872450590133667, 2551
4.892711639404297, 2550
4.902867078781128, 2549
4.933176279067993, 2548
4.933176279067993, 2547
4.933176279067993, 2546
4.953828811645508, 2545
4.963976860046387, 2544
4.963976860046387, 2543
4.972048282623291, 2542
4.99440336227417, 2541
5.004531145095825, 2540
5.024799108505249, 2539
5.024799108505249, 2538
5.032849550247192, 2537
5.034899711608887, 2536
5.045011281967163, 2535
5.045011281967163, 2534
5.045011281967163, 2533
5.065297365188599, 2532
5.105896711349487, 2531
5.105896711349487, 2530
5.116053342819214, 2529
5.166696786880493, 2528
5.186980247497559, 2527
5.195047616958618, 2526
5.197113513946533, 2525
5.215277910232544, 2524
5.227496147155762, 2523
5.237629175186157, 2522
5.2477638721466064, 2521
5.278184652328491, 2520
5.278184652328491, 2519
5.316535234451294, 2518
5.316535234451294, 2517
5.33223032951355, 2516
5.33223032951355, 2515
5.33223032951355, 2514
5.369027376174927, 2513
5.369027376174927, 2512
5.384702920913696, 2511
5.384702920913696, 2510
5.384702920913696, 2509
5.4002907276153564, 2508
5.43209433555603, 2507
5.43209433555603, 2506
5.43209433555603, 2505
5.447755813598633, 2504
5.447755813598633, 2503
5.463381052017212, 2502
5.463381052017212, 2501
5.479008197784424, 2500
5.479008197784424, 2499
5.510257959365845, 2498
5.51676607131958, 2497
5.532574892044067, 2496
5.532574892044067, 2495
5.554124355316162, 2494
5.565428256988525, 2493
5.565428256988525, 2492
5.581114768981934, 2491
5.596728324890137, 2490
5.596728324890137, 2489
5.659430742263794, 2488
5.730366945266724, 2487
5.740497589111328, 2486
5.750623464584351, 2485
5.770887613296509, 2484
5.770887613296509, 2483
5.801299333572388, 2482
5.821520090103149, 2481
5.831671476364136, 2480
5.841785430908203, 2479
5.841785430908203, 2478
5.88013482093811, 2477
5.88013482093811, 2476
5.882188081741333, 2475
5.8923094272613525, 2474
5.902417898178101, 2473
5.922646760940552, 2472
5.950917959213257, 2471
5.96308708190918, 2470
6.001415491104126, 2469
6.023707628250122, 2468
6.043902635574341, 2467
6.062082767486572, 2466
6.06413459777832, 2465
6.06413459777832, 2464
6.072179794311523, 2463
6.084350824356079, 2462
6.084350824356079, 2461
6.102488994598389, 2460
6.112574338912964, 2459
6.134845018386841, 2458
6.173708200454712, 2457
6.175762891769409, 2456
6.2061052322387695, 2455
6.214152097702026, 2454
6.2263243198394775, 2453
6.2263243198394775, 2452
6.244505405426025, 2451
6.244505405426025, 2450
6.246558904647827, 2449
6.256647109985352, 2448
6.256647109985352, 2447
6.256647109985352, 2446
6.274789094924927, 2445
6.286953687667847, 2444
6.30718731880188, 2443
6.30718731880188, 2442
6.327433109283447, 2441
6.327433109283447, 2440
6.335473537445068, 2439
6.34764552116394, 2438
6.34764552116394, 2437
6.357758045196533, 2436
6.3678810596466064, 2435
6.428569555282593, 2434
6.4488208293914795, 2433
6.487247705459595, 2432
6.489300966262817, 2431
6.5297839641571045, 2430
6.539933919906616, 2429
6.578346014022827, 2428
6.649247407913208, 2427
6.659394979476929, 2426
6.681746006011963, 2425
6.742526292800903, 2424
6.824023962020874, 2423
6.834155082702637, 2422
6.844314813613892, 2421
6.854449987411499, 2420
6.854449987411499, 2419
6.8645453453063965, 2418
6.892845869064331, 2417
6.8949103355407715, 2416
6.963819265365601, 2415
6.984055757522583, 2414
6.996277570724487, 2413
7.0043792724609375, 2412
7.0166096687316895, 2411
7.036921739578247, 2410
7.036921739578247, 2409
7.0571911334991455, 2408
7.0571911334991455, 2407
7.067286252975464, 2406
7.075351715087891, 2405
7.117898464202881, 2404
7.117898464202881, 2403
7.127997875213623, 2402
7.14831280708313, 2401
7.156349182128906, 2400
7.156349182128906, 2399
7.166443586349487, 2398
7.168510913848877, 2397
7.188791751861572, 2396
7.196859121322632, 2395
7.219151735305786, 2394
7.22719407081604, 2393
7.229259967803955, 2392
7.239417791366577, 2391
7.239417791366577, 2390
7.269836187362671, 2389
7.277917146682739, 2388
7.310452699661255, 2387
7.320584774017334, 2386
7.33074164390564, 2385
7.338815689086914, 2384
7.340884208679199, 2383
7.340884208679199, 2382
7.359098672866821, 2381
7.442586660385132, 2380
7.452741384506226, 2379
7.452741384506226, 2378
7.521670579910278, 2377
7.533890247344971, 2376
7.533890247344971, 2375
7.564319610595703, 2374
7.564319610595703, 2373
7.574473857879639, 2372
7.582540512084961, 2371
7.605079174041748, 2370
7.615180492401123, 2369
7.6232476234436035, 2368
7.643480062484741, 2367
7.655701398849487, 2366
7.665837287902832, 2365
7.696265459060669, 2364
7.736772060394287, 2363
7.754990577697754, 2362
7.757064580917358, 2361
7.775294303894043, 2360
7.797630786895752, 2359
7.848293304443359, 2358
7.8787548542022705, 2357
7.8868248462677, 2356
7.89905047416687, 2355
7.92740797996521, 2354
7.939573287963867, 2353
7.959848880767822, 2352
7.969983816146851, 2351
8.000763893127441, 2350
8.010895252227783, 2349
8.061558246612549, 2348
8.071690082550049, 2347
8.130352973937988, 2346
8.140457391738892, 2345
8.150589942932129, 2344
8.172958850860596, 2343
8.19323992729187, 2342
8.213475227355957, 2341
8.223558902740479, 2340
8.253928661346436, 2339
8.284332513809204, 2338
8.294446229934692, 2337
8.365287780761719, 2336
8.365287780761719, 2335
8.395660877227783, 2334
8.423962831497192, 2333
8.456368207931519, 2332
8.474579334259033, 2331
8.476632356643677, 2330
8.486801862716675, 2329
8.507068872451782, 2328
8.5273118019104, 2327
8.557697772979736, 2326
8.647230386734009, 2325
8.667500734329224, 2324
8.6797034740448, 2323
8.73041582107544, 2322
8.77900218963623, 2321
8.80126428604126, 2320
8.880196571350098, 2319
8.890265941619873, 2318
8.942873001098633, 2317
8.966526985168457, 2316
9.003540277481079, 2315
9.013657331466675, 2314
9.09457802772522, 2313
9.114803075790405, 2312
9.175550699234009, 2311
9.195807933807373, 2310
9.20384955406189, 2309
9.337935209274292, 2308
9.337935209274292, 2307
9.408843755722046, 2306
9.429091930389404, 2305
9.507978439331055, 2304
9.51004695892334, 2303
9.550537824630737, 2302
9.591070175170898, 2301
9.651940822601318, 2300
9.74098253250122, 2299
9.743048906326294, 2298
9.773479461669922, 2297
9.793735980987549, 2296
9.801818609237671, 2295
9.814453125, 2294
9.844876289367676, 2293
9.95626425743103, 2292
9.95626425743103, 2291
10.006880044937134, 2290
10.067604541778564, 2289
10.10808253288269, 2288
10.126262664794922, 2287
10.259992361068726, 2286
10.2781503200531, 2285
10.452703952789307, 2284
10.604575395584106, 2283
10.62484884262085, 2282
10.67075514793396, 2281
10.789697885513306, 2280
10.799859523773193, 2279
10.8686842918396, 2278
10.880863666534424, 2277
10.941574573516846, 2276
11.053420066833496, 2275
11.124306678771973, 2274
11.296622514724731, 2273
11.324991941452026, 2272
11.337205171585083, 2271
11.375652313232422, 2270
11.489089965820312, 2269
11.56001901626587, 2268
11.570130348205566, 2267
11.681953430175781, 2266
11.7102689743042, 2265
11.925177097320557, 2264
12.014366865158081, 2263
12.196652173995972, 2262
12.320592641830444, 2261
12.328665733337402, 2260
12.330716609954834, 2259
12.419886827468872, 2258
12.511069059371948, 2257
12.83737826347351, 2256
13.281293153762817, 2255
13.666780471801758, 2254
13.836830615997314, 2253
13.909811973571777, 2252
13.92593765258789, 2251
14.092634201049805, 2250
14.14322018623352, 2249
14.153346300125122, 2248
14.21202540397644, 2247
14.404393911361694, 2246
14.49755048751831, 2245
14.548095464706421, 2244
14.730780124664307, 2243
14.740933179855347, 2242
15.186269044876099, 2241
15.572661638259888, 2240
16.25207018852234, 2239
16.576663732528687, 2238
16.637953996658325, 2237
16.91161584854126, 2236
16.972382068634033, 2235
17.193542957305908, 2234
17.34743642807007, 2233
17.499446630477905, 2232
17.53992247581482, 2231
17.62932062149048, 2230
17.66180396080017, 2229
18.097696542739868, 2228
18.65481925010681, 2227
19.01001477241516, 2226
19.353918075561523, 2225
20.17445135116577, 2224
20.480652809143066, 2223
21.088497400283813, 2222
21.427632331848145, 2221
21.54719305038452, 2220
22.47193431854248, 2219
23.54637598991394, 2218
24.641842365264893, 2217
25.138375282287598, 2216
25.604050159454346, 2215
25.746082305908203, 2214
25.956603050231934, 2213
26.63731360435486, 2212
27.279638528823853, 2211
28.705816984176636, 2210
28.789163827896118, 2209
43.73899269104004, 2208
46.76604461669922, 2207
49.665691614151, 2206
55.88837146759033, 2205
