0.41248059272766113, 2269
0.41248059272766113,2269
0.49661970138549805,2268
0.5233566761016846,2267
0.5606110095977783,2266
0.5787913799285889,2265
0.5891988277435303,2264
0.5947537422180176,2263
0.6105966567993164,2262
0.6105966567993164,2261
0.6781840324401855,2260
0.6781840324401855,2259
0.7391269207000732,2258
0.7777855396270752,2257
0.8142735958099365,2256
0.8383743762969971,2255
0.8945331573486328,2254
0.9025814533233643,2253
0.9105861186981201,2252
0.9413132667541504,2251
0.9493427276611328,2250
1.001863718032837,2249
1.194859504699707,2248
1.194859504699707,2247
1.25150728225708,2246
1.268198013305664,2245
1.3242921829223633,2244
1.4344031810760498,2243
1.4600419998168945,2242
1.4680452346801758,2241
1.4847111701965332,2240
1.5999054908752441,2239
1.6118214130401611,2238
1.6936907768249512,2237
1.7043542861938477,2236
1.9750986099243164,2235
2.0218210220336914,2234
2.111647367477417,2233
2.193002462387085,2232
2.2030272483825684,2231
2.226945400238037,2230
2.334564208984375,2229
2.4298317432403564,2228
2.44350004196167,2227
2.584876775741577,2226
2.584876775741577,2225
2.8675129413604736,2224
3.401275396347046,2223
3.4927895069122314,2222
3.5526347160339355,2221
3.5606725215911865,2220
3.734067678451538,2219
3.8021209239959717,2218
3.8865604400634766,2217
4.438650608062744,2216
4.52629542350769,2215
4.742592096328735,2214
4.962316036224365,2213
5.809322357177734,2212
5.83689546585083,2211
6.832288503646851,2210
8.194368839263916,2209
8.700469970703125,2208
9.091557264328003,2207
10.642193078994751,2206
14.833629846572876,2205
24.211729049682617,2204
30.178058385849,2203
