0.39261698722839355, 2262
0.7332756519317627, 2261
0.7492389678955078, 2260
0.863269567489624, 2259
0.8882861137390137, 2258
0.9082391262054443, 2257
1.0762388706207275, 2256
1.2502353191375732, 2255
1.2802379131317139, 2254
1.3667891025543213, 2253
1.499751329421997, 2252
1.54079008102417, 2251
1.581777572631836, 2250
1.6177153587341309, 2249
1.7656304836273193, 2248
1.8856914043426514, 2247
1.9876413345336914, 2246
2.0089707374572754, 2245
2.0249340534210205, 2244
2.071953058242798, 2243
2.4237709045410156, 2242
2.5840847492218018, 2241
2.596059799194336, 2240
2.7619078159332275, 2239
2.793867826461792, 2238
3.128730535507202, 2237
3.2477266788482666, 2236
3.3716044425964355, 2235
4.27276873588562, 2234
4.698047637939453, 2233
5.364413261413574, 2232
5.582939863204956, 2231
5.886458873748779, 2230
6.754197835922241, 2229
6.772233963012695, 2228
6.842236757278442, 2227
7.0142316818237305, 2226
7.094193935394287, 2225
7.105233669281006, 2224
7.498887777328491, 2223
7.583731651306152, 2222
8.953922510147095, 2221
8.977930307388306, 2220
9.323078632354736, 2219
10.00837755203247, 2218
11.52692198753357, 2217
11.680766105651855, 2216
16.682663440704346, 2215
17.710066318511963, 2214
18.386346340179443, 2213
20.20522975921631, 2212
20.676496028900146, 2211
21.66857147216797, 2210
24.08299446105957, 2209
26.334105253219604, 2208
26.973005056381226, 2207
