0.4566376209259033, 2262
0.7047097682952881, 2261
1.0234205722808838, 2260
1.5592212677001953, 2259
2.158601760864258, 2258
2.201263427734375, 2257
2.2827608585357666, 2256
2.3853955268859863, 2255
2.4553515911102295, 2254
2.588075637817383, 2253
2.637861728668213, 2252
2.7394518852233887, 2251
2.78001070022583, 2250
3.203040361404419, 2249
3.6419718265533447, 2248
3.783827304840088, 2247
3.8353469371795654, 2246
4.080042839050293, 2245
4.232188940048218, 2244
4.314670562744141, 2243
4.906172275543213, 2242
4.989059925079346, 2241
5.2571680545806885, 2240
5.2777159214019775, 2239
5.990811109542847, 2238
6.156605005264282, 2237
6.225839853286743, 2236
6.840277910232544, 2235
7.013732671737671, 2234
7.134942531585693, 2233
7.5359063148498535, 2232
7.599452972412109, 2231
7.938743352890015, 2230
8.598139524459839, 2229
9.000072240829468, 2228
9.256947040557861, 2227
10.048978328704834, 2226
10.33585262298584, 2225
11.426404476165771, 2224
11.719898700714111, 2223
12.862886428833008, 2222
13.037346839904785, 2221
13.148385047912598, 2220
13.39560580253601, 2219
13.802948236465454, 2218
13.925082921981812, 2217
16.19926118850708, 2216
16.19926118850708, 2215
17.44526171684265, 2214
18.379005670547485, 2213
20.555190563201904, 2212
21.692199230194092, 2211
22.17434859275818, 2210
24.188993215560913, 2209
29.412795782089233, 2208
