0.037837982177734375, 4941
0.037837982177734375, 4940
0.037837982177734375, 4939
0.037837982177734375, 4938
0.037837982177734375, 4937
0.037837982177734375, 4936
0.037837982177734375, 4935
0.037837982177734375, 4934
0.037837982177734375, 4933
0.037837982177734375, 4932
0.037837982177734375, 4931
0.037837982177734375, 4930
0.037837982177734375, 4929
0.037837982177734375, 4928
0.037837982177734375, 4927
0.037837982177734375, 4926
0.037837982177734375, 4925
0.037837982177734375, 4924
0.037837982177734375, 4923
0.037837982177734375, 4922
0.037837982177734375, 4921
0.037837982177734375, 4920
0.037837982177734375, 4919
0.037837982177734375, 4918
0.037837982177734375, 4917
0.05350828170776367, 4916
0.05350828170776367, 4915
0.05350828170776367, 4914
0.05350828170776367, 4913
0.05350828170776367, 4912
0.05350828170776367, 4911
0.05350828170776367, 4910
0.05350828170776367, 4909
0.05350828170776367, 4908
0.05350828170776367, 4907
0.05350828170776367, 4906
0.05350828170776367, 4905
0.05350828170776367, 4904
0.05350828170776367, 4903
0.05350828170776367, 4902
0.05350828170776367, 4901
0.05350828170776367, 4900
0.05350828170776367, 4899
0.05350828170776367, 4898
0.05350828170776367, 4897
0.05350828170776367, 4896
0.05350828170776367, 4895
0.05350828170776367, 4894
0.05350828170776367, 4893
0.05350828170776367, 4892
0.05350828170776367, 4891
0.05350828170776367, 4890
0.0691375732421875, 4889
0.0691375732421875, 4888
0.0691375732421875, 4887
0.0691375732421875, 4886
0.0691375732421875, 4885
0.0691375732421875, 4884
0.0691375732421875, 4883
0.0691375732421875, 4882
0.0691375732421875, 4881
0.0691375732421875, 4880
0.0691375732421875, 4879
0.0691375732421875, 4878
0.0691375732421875, 4877
0.0691375732421875, 4876
0.0691375732421875, 4875
0.0691375732421875, 4874
0.0691375732421875, 4873
0.0691375732421875, 4872
0.0691375732421875, 4871
0.0691375732421875, 4870
0.0691375732421875, 4869
0.0691375732421875, 4868
0.0691375732421875, 4867
0.0691375732421875, 4866
0.0691375732421875, 4865
0.0691375732421875, 4864
0.0691375732421875, 4863
0.0847628116607666, 4862
0.0847628116607666, 4861
0.0847628116607666, 4860
0.0847628116607666, 4859
0.0847628116607666, 4858
0.0847628116607666, 4857
0.0847628116607666, 4856
0.0847628116607666, 4855
0.0847628116607666, 4854
0.0847628116607666, 4853
0.0847628116607666, 4852
0.0847628116607666, 4851
0.0847628116607666, 4850
0.0847628116607666, 4849
0.0847628116607666, 4848
0.0847628116607666, 4847
0.0847628116607666, 4846
0.0847628116607666, 4845
0.0847628116607666, 4844
0.0847628116607666, 4843
0.0847628116607666, 4842
0.0847628116607666, 4841
0.10038900375366211, 4840
0.10038900375366211, 4839
0.10038900375366211, 4838
0.10038900375366211, 4837
0.10038900375366211, 4836
0.10038900375366211, 4835
0.10038900375366211, 4834
0.10038900375366211, 4833
0.10038900375366211, 4832
0.10038900375366211, 4831
0.10038900375366211, 4830
0.10038900375366211, 4829
0.10038900375366211, 4828
0.10038900375366211, 4827
0.10038900375366211, 4826
0.10038900375366211, 4825
0.10038900375366211, 4824
0.10038900375366211, 4823
0.10038900375366211, 4822
0.10038900375366211, 4821
0.10038900375366211, 4820
0.10038900375366211, 4819
0.10038900375366211, 4818
0.10038900375366211, 4817
0.10038900375366211, 4816
0.10038900375366211, 4815
0.11601018905639648, 4814
0.11601018905639648, 4813
0.11601018905639648, 4812
0.11601018905639648, 4811
0.11601018905639648, 4810
0.11601018905639648, 4809
0.11601018905639648, 4808
0.11601018905639648, 4807
0.11601018905639648, 4806
0.11601018905639648, 4805
0.11601018905639648, 4804
0.11601018905639648, 4803
0.11601018905639648, 4802
0.11601018905639648, 4801
0.11601018905639648, 4800
0.11601018905639648, 4799
0.11601018905639648, 4798
0.11601018905639648, 4797
0.11601018905639648, 4796
0.11601018905639648, 4795
0.11601018905639648, 4794
0.11601018905639648, 4793
0.11601018905639648, 4792
0.11601018905639648, 4791
0.1316366195678711, 4790
0.1316366195678711, 4789
0.1316366195678711, 4788
0.1316366195678711, 4787
0.1316366195678711, 4786
0.1316366195678711, 4785
0.1316366195678711, 4784
0.1316366195678711, 4783
0.1316366195678711, 4782
0.1316366195678711, 4781
0.1316366195678711, 4780
0.1316366195678711, 4779
0.13820505142211914, 4778
0.13820505142211914, 4777
0.1402575969696045, 4776
0.1402575969696045, 4775
0.1402575969696045, 4774
0.1402575969696045, 4773
0.1402575969696045, 4772
0.1402575969696045, 4771
0.1402575969696045, 4770
0.1402575969696045, 4769
0.1402575969696045, 4768
0.1402575969696045, 4767
0.1402575969696045, 4766
0.1402575969696045, 4765
0.1402575969696045, 4764
0.1402575969696045, 4763
0.14837431907653809, 4762
0.14837431907653809, 4761
0.14837431907653809, 4760
0.15042853355407715, 4759
0.15042853355407715, 4758
0.15042853355407715, 4757
0.15042853355407715, 4756
0.15042853355407715, 4755
0.15042853355407715, 4754
0.15042853355407715, 4753
0.15042853355407715, 4752
0.15042853355407715, 4751
0.15042853355407715, 4750
0.15042853355407715, 4749
0.15042853355407715, 4748
0.15042853355407715, 4747
0.15848302841186523, 4746
0.15848302841186523, 4745
0.15848302841186523, 4744
0.15848302841186523, 4743
0.1605370044708252, 4742
0.1605370044708252, 4741
0.1605370044708252, 4740
0.1605370044708252, 4739
0.1605370044708252, 4738
0.1605370044708252, 4737
0.1605370044708252, 4736
0.1605370044708252, 4735
0.1605370044708252, 4734
0.1605370044708252, 4733
0.1686077117919922, 4732
0.1686077117919922, 4731
0.17066359519958496, 4730
0.17066359519958496, 4729
0.17066359519958496, 4728
0.17066359519958496, 4727
0.17066359519958496, 4726
0.17066359519958496, 4725
0.17066359519958496, 4724
0.17066359519958496, 4723
0.17066359519958496, 4722
0.17066359519958496, 4721
0.17066359519958496, 4720
0.17066359519958496, 4719
0.17066359519958496, 4718
0.17066359519958496, 4717
0.17872071266174316, 4716
0.17872071266174316, 4715
0.18077373504638672, 4714
0.18077373504638672, 4713
0.18077373504638672, 4712
0.18077373504638672, 4711
0.18077373504638672, 4710
0.18077373504638672, 4709
0.18077373504638672, 4708
0.18077373504638672, 4707
0.18077373504638672, 4706
0.18077373504638672, 4705
0.18077373504638672, 4704
0.18887615203857422, 4703
0.18887615203857422, 4702
0.19093108177185059, 4701
0.19093108177185059, 4700
0.19093108177185059, 4699
0.19093108177185059, 4698
0.19093108177185059, 4697
0.19093108177185059, 4696
0.19093108177185059, 4695
0.19093108177185059, 4694
0.19093108177185059, 4693
0.19093108177185059, 4692
0.19093108177185059, 4691
0.19093108177185059, 4690
0.19899272918701172, 4689
0.19899272918701172, 4688
0.19899272918701172, 4687
0.20104694366455078, 4686
0.20104694366455078, 4685
0.20104694366455078, 4684
0.20104694366455078, 4683
0.20104694366455078, 4682
0.20104694366455078, 4681
0.20104694366455078, 4680
0.20104694366455078, 4679
0.20104694366455078, 4678
0.20104694366455078, 4677
0.20104694366455078, 4676
0.20104694366455078, 4675
0.20104694366455078, 4674
0.20910954475402832, 4673
0.20910954475402832, 4672
0.20910954475402832, 4671
0.2111644744873047, 4670
0.2111644744873047, 4669
0.2111644744873047, 4668
0.2111644744873047, 4667
0.2111644744873047, 4666
0.2111644744873047, 4665
0.2111644744873047, 4664
0.2111644744873047, 4663
0.2111644744873047, 4662
0.2111644744873047, 4661
0.2111644744873047, 4660
0.21921992301940918, 4659
0.21921992301940918, 4658
0.21921992301940918, 4657
0.21921992301940918, 4656
0.22127556800842285, 4655
0.22127556800842285, 4654
0.22127556800842285, 4653
0.22127556800842285, 4652
0.22127556800842285, 4651
0.22127556800842285, 4650
0.22127556800842285, 4649
0.22127556800842285, 4648
0.22127556800842285, 4647
0.22127556800842285, 4646
0.22127556800842285, 4645
0.22127556800842285, 4644
0.22935223579406738, 4643
0.22935223579406738, 4642
0.22935223579406738, 4641
0.22935223579406738, 4640
0.23140645027160645, 4639
0.23140645027160645, 4638
0.23140645027160645, 4637
0.23140645027160645, 4636
0.23140645027160645, 4635
0.23140645027160645, 4634
0.23140645027160645, 4633
0.23946666717529297, 4632
0.23946666717529297, 4631
0.24151921272277832, 4630
0.24151921272277832, 4629
0.24151921272277832, 4628
0.24151921272277832, 4627
0.24151921272277832, 4626
0.24151921272277832, 4625
0.24151921272277832, 4624
0.24959087371826172, 4623
0.24959087371826172, 4622
0.24959087371826172, 4621
0.24959087371826172, 4620
0.251645565032959, 4619
0.251645565032959, 4618
0.251645565032959, 4617
0.251645565032959, 4616
0.251645565032959, 4615
0.251645565032959, 4614
0.251645565032959, 4613
0.251645565032959, 4612
0.251645565032959, 4611
0.251645565032959, 4610
0.2597064971923828, 4609
0.26176023483276367, 4608
0.26176023483276367, 4607
0.26176023483276367, 4606
0.26176023483276367, 4605
0.26176023483276367, 4604
0.26176023483276367, 4603
0.26176023483276367, 4602
0.26176023483276367, 4601
0.26176023483276367, 4600
0.26176023483276367, 4599
0.26176023483276367, 4598
0.26176023483276367, 4597
0.26176023483276367, 4596
0.26176023483276367, 4595
0.26176023483276367, 4594
0.26176023483276367, 4593
0.26176023483276367, 4592
0.26981592178344727, 4591
0.26981592178344727, 4590
0.26981592178344727, 4589
0.26981592178344727, 4588
0.271869421005249, 4587
0.271869421005249, 4586
0.271869421005249, 4585
0.271869421005249, 4584
0.271869421005249, 4583
0.271869421005249, 4582
0.271869421005249, 4581
0.271869421005249, 4580
0.271869421005249, 4579
0.2799348831176758, 4578
0.28199195861816406, 4577
0.28199195861816406, 4576
0.28199195861816406, 4575
0.28199195861816406, 4574
0.28199195861816406, 4573
0.28199195861816406, 4572
0.28199195861816406, 4571
0.28199195861816406, 4570
0.28199195861816406, 4569
0.29009008407592773, 4568
0.29009008407592773, 4567
0.29009008407592773, 4566
0.29009008407592773, 4565
0.2921478748321533, 4564
0.2921478748321533, 4563
0.2921478748321533, 4562
0.2921478748321533, 4561
0.2921478748321533, 4560
0.2921478748321533, 4559
0.2921478748321533, 4558
0.2921478748321533, 4557
0.2921478748321533, 4556
0.2921478748321533, 4555
0.3002018928527832, 4554
0.3002018928527832, 4553
0.3002018928527832, 4552
0.30225586891174316, 4551
0.30225586891174316, 4550
0.30225586891174316, 4549
0.30225586891174316, 4548
0.30225586891174316, 4547
0.30225586891174316, 4546
0.30225586891174316, 4545
0.30225586891174316, 4544
0.30225586891174316, 4543
0.3102867603302002, 4542
0.3102867603302002, 4541
0.31234145164489746, 4540
0.31234145164489746, 4539
0.31234145164489746, 4538
0.31234145164489746, 4537
0.31234145164489746, 4536
0.31234145164489746, 4535
0.31234145164489746, 4534
0.31234145164489746, 4533
0.31234145164489746, 4532
0.31234145164489746, 4531
0.31234145164489746, 4530
0.31234145164489746, 4529
0.31234145164489746, 4528
0.320401668548584, 4527
0.320401668548584, 4526
0.32245421409606934, 4525
0.32245421409606934, 4524
0.32245421409606934, 4523
0.32245421409606934, 4522
0.32245421409606934, 4521
0.32245421409606934, 4520
0.32245421409606934, 4519
0.32245421409606934, 4518
0.32245421409606934, 4517
0.32245421409606934, 4516
0.32245421409606934, 4515
0.32245421409606934, 4514
0.32245421409606934, 4513
0.33053088188171387, 4512
0.33053088188171387, 4511
0.33053088188171387, 4510
0.33053088188171387, 4509
0.33258581161499023, 4508
0.33258581161499023, 4507
0.33258581161499023, 4506
0.33258581161499023, 4505
0.33258581161499023, 4504
0.33258581161499023, 4503
0.33258581161499023, 4502
0.33258581161499023, 4501
0.33258581161499023, 4500
0.33258581161499023, 4499
0.33258581161499023, 4498
0.3406403064727783, 4497
0.342693567276001, 4496
0.342693567276001, 4495
0.342693567276001, 4494
0.342693567276001, 4493
0.342693567276001, 4492
0.342693567276001, 4491
0.342693567276001, 4490
0.342693567276001, 4489
0.342693567276001, 4488
0.342693567276001, 4487
0.3507688045501709, 4486
0.3507688045501709, 4485
0.35282301902770996, 4484
0.35282301902770996, 4483
0.35282301902770996, 4482
0.35282301902770996, 4481
0.35282301902770996, 4480
0.35282301902770996, 4479
0.35282301902770996, 4478
0.35282301902770996, 4477
0.35282301902770996, 4476
0.35282301902770996, 4475
0.35282301902770996, 4474
0.35282301902770996, 4473
0.35282301902770996, 4472
0.35282301902770996, 4471
0.35282301902770996, 4470
0.36087751388549805, 4469
0.36087751388549805, 4468
0.3629271984100342, 4467
0.3629271984100342, 4466
0.3629271984100342, 4465
0.3629271984100342, 4464
0.3629271984100342, 4463
0.3629271984100342, 4462
0.3629271984100342, 4461
0.3629271984100342, 4460
0.3629271984100342, 4459
0.3629271984100342, 4458
0.3629271984100342, 4457
0.3629271984100342, 4456
0.3629271984100342, 4455
0.3710024356842041, 4454
0.3710024356842041, 4453
0.3710024356842041, 4452
0.373060941696167, 4451
0.373060941696167, 4450
0.373060941696167, 4449
0.373060941696167, 4448
0.373060941696167, 4447
0.373060941696167, 4446
0.373060941696167, 4445
0.373060941696167, 4444
0.373060941696167, 4443
0.373060941696167, 4442
0.373060941696167, 4441
0.3831794261932373, 4440
0.3831794261932373, 4439
0.3831794261932373, 4438
0.3831794261932373, 4437
0.3831794261932373, 4436
0.3831794261932373, 4435
0.3831794261932373, 4434
0.3831794261932373, 4433
0.3831794261932373, 4432
0.3831794261932373, 4431
0.3831794261932373, 4430
0.3831794261932373, 4429
0.3831794261932373, 4428
0.3912777900695801, 4427
0.3912777900695801, 4426
0.3912777900695801, 4425
0.3932962417602539, 4424
0.3932962417602539, 4423
0.3932962417602539, 4422
0.3932962417602539, 4421
0.3932962417602539, 4420
0.3932962417602539, 4419
0.3932962417602539, 4418
0.3932962417602539, 4417
0.3932962417602539, 4416
0.3932962417602539, 4415
0.3932962417602539, 4414
0.3932962417602539, 4413
0.3932962417602539, 4412
0.4013521671295166, 4411
0.40340638160705566, 4410
0.40340638160705566, 4409
0.40340638160705566, 4408
0.40340638160705566, 4407
0.40340638160705566, 4406
0.40340638160705566, 4405
0.40340638160705566, 4404
0.40340638160705566, 4403
0.40340638160705566, 4402
0.40340638160705566, 4401
0.411480188369751, 4400
0.411480188369751, 4399
0.411480188369751, 4398
0.411480188369751, 4397
0.41353511810302734, 4396
0.41353511810302734, 4395
0.41353511810302734, 4394
0.41353511810302734, 4393
0.41353511810302734, 4392
0.41353511810302734, 4391
0.41353511810302734, 4390
0.41353511810302734, 4389
0.41353511810302734, 4388
0.41353511810302734, 4387
0.42159008979797363, 4386
0.42159008979797363, 4385
0.4236462116241455, 4384
0.4236462116241455, 4383
0.4236462116241455, 4382
0.4236462116241455, 4381
0.4236462116241455, 4380
0.4236462116241455, 4379
0.4236462116241455, 4378
0.4236462116241455, 4377
0.4236462116241455, 4376
0.4236462116241455, 4375
0.4317164421081543, 4374
0.4317164421081543, 4373
0.4317164421081543, 4372
0.4317164421081543, 4371
0.4317164421081543, 4370
0.43377137184143066, 4369
0.43377137184143066, 4368
0.43377137184143066, 4367
0.43377137184143066, 4366
0.43377137184143066, 4365
0.43377137184143066, 4364
0.43377137184143066, 4363
0.43377137184143066, 4362
0.43377137184143066, 4361
0.43377137184143066, 4360
0.4438905715942383, 4359
0.4438905715942383, 4358
0.4438905715942383, 4357
0.4438905715942383, 4356
0.4438905715942383, 4355
0.4438905715942383, 4354
0.4438905715942383, 4353
0.4438905715942383, 4352
0.4438905715942383, 4351
0.4438905715942383, 4350
0.4438905715942383, 4349
0.4519693851470947, 4348
0.4519693851470947, 4347
0.4519693851470947, 4346
0.4540386199951172, 4345
0.4540386199951172, 4344
0.4540386199951172, 4343
0.4540386199951172, 4342
0.4540386199951172, 4341
0.4540386199951172, 4340
0.4540386199951172, 4339
0.4540386199951172, 4338
0.4540386199951172, 4337
0.4641718864440918, 4336
0.4641718864440918, 4335
0.4641718864440918, 4334
0.4641718864440918, 4333
0.4641718864440918, 4332
0.4641718864440918, 4331
0.4641718864440918, 4330
0.4641718864440918, 4329
0.4641718864440918, 4328
0.4722607135772705, 4327
0.4722607135772705, 4326
0.47432684898376465, 4325
0.47432684898376465, 4324
0.47432684898376465, 4323
0.47432684898376465, 4322
0.47432684898376465, 4321
0.47432684898376465, 4320
0.47432684898376465, 4319
0.47432684898376465, 4318
0.47432684898376465, 4317
0.47432684898376465, 4316
0.47432684898376465, 4315
0.48239803314208984, 4314
0.48239803314208984, 4313
0.48239803314208984, 4312
0.48239803314208984, 4311
0.48239803314208984, 4310
0.4844658374786377, 4309
0.4844658374786377, 4308
0.4844658374786377, 4307
0.4844658374786377, 4306
0.4844658374786377, 4305
0.4844658374786377, 4304
0.4844658374786377, 4303
0.4844658374786377, 4302
0.4844658374786377, 4301
0.4844658374786377, 4300
0.49251794815063477, 4299
0.4945855140686035, 4298
0.4945855140686035, 4297
0.4945855140686035, 4296
0.4945855140686035, 4295
0.4945855140686035, 4294
0.4945855140686035, 4293
0.4945855140686035, 4292
0.4945855140686035, 4291
0.4945855140686035, 4290
0.4945855140686035, 4289
0.5026524066925049, 4288
0.5026524066925049, 4287
0.5047175884246826, 4286
0.5047175884246826, 4285
0.5047175884246826, 4284
0.5047175884246826, 4283
0.5047175884246826, 4282
0.5047175884246826, 4281
0.5047175884246826, 4280
0.5047175884246826, 4279
0.5127589702606201, 4278
0.5127589702606201, 4277
0.5148112773895264, 4276
0.5148112773895264, 4275
0.5148112773895264, 4274
0.5148112773895264, 4273
0.5148112773895264, 4272
0.5148112773895264, 4271
0.5148112773895264, 4270
0.5148112773895264, 4269
0.5148112773895264, 4268
0.5228207111358643, 4267
0.5228803157806396, 4266
0.5228803157806396, 4265
0.5249464511871338, 4264
0.5249464511871338, 4263
0.5249464511871338, 4262
0.5249464511871338, 4261
0.5249464511871338, 4260
0.5249464511871338, 4259
0.5249464511871338, 4258
0.5249464511871338, 4257
0.5249464511871338, 4256
0.5249464511871338, 4255
0.5249464511871338, 4254
0.5329844951629639, 4253
0.5350515842437744, 4252
0.5350515842437744, 4251
0.5350515842437744, 4250
0.5350515842437744, 4249
0.5350515842437744, 4248
0.5350515842437744, 4247
0.5350515842437744, 4246
0.5350515842437744, 4245
0.5350515842437744, 4244
0.5430841445922852, 4243
0.545151948928833, 4242
0.545151948928833, 4241
0.545151948928833, 4240
0.545151948928833, 4239
0.545151948928833, 4238
0.545151948928833, 4237
0.545151948928833, 4236
0.545151948928833, 4235
0.545151948928833, 4234
0.545151948928833, 4233
0.545151948928833, 4232
0.55318284034729, 4231
0.55318284034729, 4230
0.5552525520324707, 4229
0.5552525520324707, 4228
0.5552525520324707, 4227
0.5552525520324707, 4226
0.5552525520324707, 4225
0.5552525520324707, 4224
0.5633225440979004, 4223
0.5633225440979004, 4222
0.5653893947601318, 4221
0.5653893947601318, 4220
0.5653893947601318, 4219
0.5653893947601318, 4218
0.5653893947601318, 4217
0.5653893947601318, 4216
0.5653893947601318, 4215
0.5734152793884277, 4214
0.5754811763763428, 4213
0.5754811763763428, 4212
0.5754811763763428, 4211
0.5754811763763428, 4210
0.5754811763763428, 4209
0.5754811763763428, 4208
0.5754811763763428, 4207
0.5754811763763428, 4206
0.5754811763763428, 4205
0.5754811763763428, 4204
0.5754811763763428, 4203
0.5835485458374023, 4202
0.5835485458374023, 4201
0.5835485458374023, 4200
0.5835485458374023, 4199
0.5856137275695801, 4198
0.5856137275695801, 4197
0.5856137275695801, 4196
0.5856137275695801, 4195
0.5856137275695801, 4194
0.5856137275695801, 4193
0.5856137275695801, 4192
0.5856137275695801, 4191
0.5856137275695801, 4190
0.5856137275695801, 4189
0.5856137275695801, 4188
0.5856137275695801, 4187
0.5936985015869141, 4186
0.5936985015869141, 4185
0.5957634449005127, 4184
0.5957634449005127, 4183
0.5957634449005127, 4182
0.5957634449005127, 4181
0.5957634449005127, 4180
0.5957634449005127, 4179
0.6038298606872559, 4178
0.6058957576751709, 4177
0.6058957576751709, 4176
0.6058957576751709, 4175
0.6058957576751709, 4174
0.6058957576751709, 4173
0.6058957576751709, 4172
0.6058957576751709, 4171
0.6058957576751709, 4170
0.6058957576751709, 4169
0.6139242649078369, 4168
0.6139242649078369, 4167
0.6139242649078369, 4166
0.6139242649078369, 4165
0.6139242649078369, 4164
0.6159873008728027, 4163
0.6159873008728027, 4162
0.6159873008728027, 4161
0.6159873008728027, 4160
0.6261193752288818, 4159
0.6261193752288818, 4158
0.6261193752288818, 4157
0.6261193752288818, 4156
0.6261193752288818, 4155
0.6261193752288818, 4154
0.6261193752288818, 4153
0.6261193752288818, 4152
0.636171817779541, 4151
0.636171817779541, 4150
0.636171817779541, 4149
0.636171817779541, 4148
0.636171817779541, 4147
0.636171817779541, 4146
0.636171817779541, 4145
0.636171817779541, 4144
0.636171817779541, 4143
0.636171817779541, 4142
0.6442556381225586, 4141
0.6442556381225586, 4140
0.6463265419006348, 4139
0.6463265419006348, 4138
0.6463265419006348, 4137
0.6463265419006348, 4136
0.6463265419006348, 4135
0.6463265419006348, 4134
0.6463265419006348, 4133
0.6463265419006348, 4132
0.6568472385406494, 4131
0.6568472385406494, 4130
0.6568472385406494, 4129
0.6568472385406494, 4128
0.6568472385406494, 4127
0.6568472385406494, 4126
0.6568472385406494, 4125
0.6568472385406494, 4124
0.6568472385406494, 4123
0.6669826507568359, 4122
0.6669826507568359, 4121
0.6669826507568359, 4120
0.6669826507568359, 4119
0.6669826507568359, 4118
0.6669826507568359, 4117
0.6669826507568359, 4116
0.6669826507568359, 4115
0.6750679016113281, 4114
0.6771445274353027, 4113
0.6771445274353027, 4112
0.6771445274353027, 4111
0.6771445274353027, 4110
0.6771445274353027, 4109
0.6771445274353027, 4108
0.6771445274353027, 4107
0.6771445274353027, 4106
0.6852121353149414, 4105
0.6852121353149414, 4104
0.6872775554656982, 4103
0.6872775554656982, 4102
0.6872775554656982, 4101
0.6872775554656982, 4100
0.6953637599945068, 4099
0.6953637599945068, 4098
0.6974318027496338, 4097
0.6974318027496338, 4096
0.6974318027496338, 4095
0.6974318027496338, 4094
0.6974318027496338, 4093
0.6974318027496338, 4092
0.6974318027496338, 4091
0.6974318027496338, 4090
0.6974318027496338, 4089
0.6974318027496338, 4088
0.6974318027496338, 4087
0.6974318027496338, 4086
0.7075672149658203, 4085
0.7075672149658203, 4084
0.7075672149658203, 4083
0.7075672149658203, 4082
0.7075672149658203, 4081
0.7156133651733398, 4080
0.7176799774169922, 4079
0.7176799774169922, 4078
0.7176799774169922, 4077
0.7176799774169922, 4076
0.7176799774169922, 4075
0.7176799774169922, 4074
0.7176799774169922, 4073
0.7278168201446533, 4072
0.7278168201446533, 4071
0.7278168201446533, 4070
0.7278168201446533, 4069
0.7278168201446533, 4068
0.7278168201446533, 4067
0.7278168201446533, 4066
0.7278168201446533, 4065
0.7278168201446533, 4064
0.7278168201446533, 4063
0.7278168201446533, 4062
0.7278168201446533, 4061
0.7358767986297607, 4060
0.7378861904144287, 4059
0.7379443645477295, 4058
0.7379443645477295, 4057
0.7379443645477295, 4056
0.7379443645477295, 4055
0.7379443645477295, 4054
0.7379443645477295, 4053
0.7379443645477295, 4052
0.7379443645477295, 4051
0.7379443645477295, 4050
0.7480885982513428, 4049
0.7480885982513428, 4048
0.7480885982513428, 4047
0.7480885982513428, 4046
0.7480885982513428, 4045
0.7480885982513428, 4044
0.7560975551605225, 4043
0.7561180591583252, 4042
0.7581851482391357, 4041
0.7581851482391357, 4040
0.7581851482391357, 4039
0.7581851482391357, 4038
0.7581851482391357, 4037
0.7581851482391357, 4036
0.7581851482391357, 4035
0.7581851482391357, 4034
0.7581851482391357, 4033
0.7581851482391357, 4032
0.7581851482391357, 4031
0.7581851482391357, 4030
0.7581851482391357, 4029
0.7662546634674072, 4028
0.7683241367340088, 4027
0.7683241367340088, 4026
0.7683241367340088, 4025
0.7683241367340088, 4024
0.7683241367340088, 4023
0.7683241367340088, 4022
0.7683241367340088, 4021
0.7683241367340088, 4020
0.7683241367340088, 4019
0.7763605117797852, 4018
0.7763605117797852, 4017
0.7784175872802734, 4016
0.7784175872802734, 4015
0.7784175872802734, 4014
0.7784175872802734, 4013
0.7784175872802734, 4012
0.7784175872802734, 4011
0.7784175872802734, 4010
0.7864730358123779, 4009
0.7864730358123779, 4008
0.7885308265686035, 4007
0.7885308265686035, 4006
0.7885308265686035, 4005
0.7885308265686035, 4004
0.7966413497924805, 4003
0.7986974716186523, 4002
0.7986974716186523, 4001
0.7986974716186523, 4000
0.7986974716186523, 3999
0.7986974716186523, 3998
0.7986974716186523, 3997
0.8067636489868164, 3996
0.8067636489868164, 3995
0.8088245391845703, 3994
0.8088245391845703, 3993
0.8088245391845703, 3992
0.8088245391845703, 3991
0.8088245391845703, 3990
0.8088245391845703, 3989
0.8088245391845703, 3988
0.8088245391845703, 3987
0.8088245391845703, 3986
0.8088245391845703, 3985
0.8088245391845703, 3984
0.8168904781341553, 3983
0.8168904781341553, 3982
0.8168904781341553, 3981
0.8168904781341553, 3980
0.8189470767974854, 3979
0.8189470767974854, 3978
0.8189470767974854, 3977
0.8189470767974854, 3976
0.8189470767974854, 3975
0.8189470767974854, 3974
0.8189470767974854, 3973
0.8189470767974854, 3972
0.8270213603973389, 3971
0.829075813293457, 3970
0.829075813293457, 3969
0.829075813293457, 3968
0.829075813293457, 3967
0.829075813293457, 3966
0.829075813293457, 3965
0.829075813293457, 3964
0.829075813293457, 3963
0.829075813293457, 3962
0.8392055034637451, 3961
0.8392055034637451, 3960
0.8392055034637451, 3959
0.8392055034637451, 3958
0.8392055034637451, 3957
0.8392055034637451, 3956
0.8392055034637451, 3955
0.847259521484375, 3954
0.8493175506591797, 3953
0.8493175506591797, 3952
0.8493175506591797, 3951
0.8493175506591797, 3950
0.8493175506591797, 3949
0.8493175506591797, 3948
0.8493175506591797, 3947
0.8493175506591797, 3946
0.8493175506591797, 3945
0.8493175506591797, 3944
0.8493175506591797, 3943
0.8493175506591797, 3942
0.8574235439300537, 3941
0.8574235439300537, 3940
0.8594865798950195, 3939
0.8594865798950195, 3938
0.8594865798950195, 3937
0.8594865798950195, 3936
0.8594865798950195, 3935
0.8675429821014404, 3934
0.8675429821014404, 3933
0.8675429821014404, 3932
0.869598388671875, 3931
0.869598388671875, 3930
0.869598388671875, 3929
0.869598388671875, 3928
0.869598388671875, 3927
0.8776555061340332, 3926
0.8797109127044678, 3925
0.8797109127044678, 3924
0.8797109127044678, 3923
0.8797109127044678, 3922
0.8797109127044678, 3921
0.8797109127044678, 3920
0.8797109127044678, 3919
0.8797109127044678, 3918
0.8797109127044678, 3917
0.8797109127044678, 3916
0.8877720832824707, 3915
0.8898260593414307, 3914
0.8898260593414307, 3913
0.8898260593414307, 3912
0.8898260593414307, 3911
0.8979034423828125, 3910
0.8999600410461426, 3909
0.8999600410461426, 3908
0.8999600410461426, 3907
0.8999600410461426, 3906
0.8999600410461426, 3905
0.8999600410461426, 3904
0.8999600410461426, 3903
0.8999600410461426, 3902
0.8999600410461426, 3901
0.8999600410461426, 3900
0.8999600410461426, 3899
0.9080138206481934, 3898
0.9080138206481934, 3897
0.910029411315918, 3896
0.910029411315918, 3895
0.910029411315918, 3894
0.910029411315918, 3893
0.910029411315918, 3892
0.9181103706359863, 3891
0.9181103706359863, 3890
0.9181103706359863, 3889
0.9201676845550537, 3888
0.9201676845550537, 3887
0.9201676845550537, 3886
0.9201676845550537, 3885
0.9282193183898926, 3884
0.9282193183898926, 3883
0.9282193183898926, 3882
0.9282193183898926, 3881
0.9302737712860107, 3880
0.9302737712860107, 3879
0.9302737712860107, 3878
0.9302737712860107, 3877
0.9302737712860107, 3876
0.9302737712860107, 3875
0.9302737712860107, 3874
0.9302737712860107, 3873
0.938338041305542, 3872
0.938338041305542, 3871
0.938338041305542, 3870
0.9403917789459229, 3869
0.9403917789459229, 3868
0.9403917789459229, 3867
0.9403917789459229, 3866
0.9403917789459229, 3865
0.9403917789459229, 3864
0.9505059719085693, 3863
0.9505059719085693, 3862
0.9505059719085693, 3861
0.9505059719085693, 3860
0.9505059719085693, 3859
0.9505059719085693, 3858
0.9505059719085693, 3857
0.9585387706756592, 3856
0.9585387706756592, 3855
0.9615073204040527, 3854
0.9615073204040527, 3853
0.9615073204040527, 3852
0.9615073204040527, 3851
0.9615073204040527, 3850
0.9615073204040527, 3849
0.9615073204040527, 3848
0.9615073204040527, 3847
0.9615073204040527, 3846
0.9695806503295898, 3845
0.9695806503295898, 3844
0.9716348648071289, 3843
0.9716348648071289, 3842
0.9716348648071289, 3841
0.9716348648071289, 3840
0.9716348648071289, 3839
0.9716348648071289, 3838
0.9716348648071289, 3837
0.9797074794769287, 3836
0.9797074794769287, 3835
0.9817662239074707, 3834
0.9817662239074707, 3833
0.9817662239074707, 3832
0.9898195266723633, 3831
0.9898195266723633, 3830
0.9918732643127441, 3829
0.9918732643127441, 3828
0.9918732643127441, 3827
0.9918732643127441, 3826
0.9918732643127441, 3825
0.9918732643127441, 3824
0.9918732643127441, 3823
0.9918732643127441, 3822
0.9999597072601318, 3821
0.9999597072601318, 3820
0.9999597072601318, 3819
1.0020148754119873, 3818
1.0020148754119873, 3817
1.0020148754119873, 3816
1.0020148754119873, 3815
1.0020148754119873, 3814
1.0020148754119873, 3813
1.010040521621704, 3812
1.0120940208435059, 3811
1.0120940208435059, 3810
1.0120940208435059, 3809
1.0201592445373535, 3808
1.0201592445373535, 3807
1.0201592445373535, 3806
1.0222139358520508, 3805
1.0222139358520508, 3804
1.0222139358520508, 3803
1.032327651977539, 3802
1.032327651977539, 3801
1.032327651977539, 3800
1.032327651977539, 3799
1.032327651977539, 3798
1.040414810180664, 3797
1.0424702167510986, 3796
1.0424702167510986, 3795
1.0424702167510986, 3794
1.0424702167510986, 3793
1.0505266189575195, 3792
1.0505266189575195, 3791
1.0505266189575195, 3790
1.0505266189575195, 3789
1.0525751113891602, 3788
1.0525751113891602, 3787
1.0525751113891602, 3786
1.0525751113891602, 3785
1.0525751113891602, 3784
1.0525751113891602, 3783
1.0525751113891602, 3782
1.0525751113891602, 3781
1.0525751113891602, 3780
1.0525751113891602, 3779
1.0606467723846436, 3778
1.0627024173736572, 3777
1.0627024173736572, 3776
1.0627024173736572, 3775
1.0627024173736572, 3774
1.0627024173736572, 3773
1.0627024173736572, 3772
1.0627024173736572, 3771
1.0627024173736572, 3770
1.0627024173736572, 3769
1.0627024173736572, 3768
1.0627024173736572, 3767
1.0707619190216064, 3766
1.0728163719177246, 3765
1.0728163719177246, 3764
1.0728163719177246, 3763
1.0728163719177246, 3762
1.0728163719177246, 3761
1.080876111984253, 3760
1.080876111984253, 3759
1.080876111984253, 3758
1.0829310417175293, 3757
1.0829310417175293, 3756
1.0829310417175293, 3755
1.0829310417175293, 3754
1.0829310417175293, 3753
1.0829310417175293, 3752
1.0829310417175293, 3751
1.0829310417175293, 3750
1.0829310417175293, 3749
1.0909864902496338, 3748
1.0909864902496338, 3747
1.0930016040802002, 3746
1.0930016040802002, 3745
1.0930016040802002, 3744
1.0930016040802002, 3743
1.0930016040802002, 3742
1.0930016040802002, 3741
1.0930016040802002, 3740
1.0930016040802002, 3739
1.1031773090362549, 3738
1.1031773090362549, 3737
1.1031773090362549, 3736
1.1031773090362549, 3735
1.1031773090362549, 3734
1.1112332344055176, 3733
1.1112332344055176, 3732
1.1132864952087402, 3731
1.1132864952087402, 3730
1.1132864952087402, 3729
1.1132864952087402, 3728
1.1213688850402832, 3727
1.1213688850402832, 3726
1.123425006866455, 3725
1.123425006866455, 3724
1.123425006866455, 3723
1.123425006866455, 3722
1.123425006866455, 3721
1.123425006866455, 3720
1.1314880847930908, 3719
1.133542537689209, 3718
1.133542537689209, 3717
1.1416091918945312, 3716
1.1436266899108887, 3715
1.1436266899108887, 3714
1.1436266899108887, 3713
1.1436266899108887, 3712
1.1436266899108887, 3711
1.1436266899108887, 3710
1.1436266899108887, 3709
1.1516809463500977, 3708
1.1516809463500977, 3707
1.1537432670593262, 3706
1.1537432670593262, 3705
1.1537432670593262, 3704
1.1537432670593262, 3703
1.1537432670593262, 3702
1.1537432670593262, 3701
1.1537432670593262, 3700
1.1537432670593262, 3699
1.1537432670593262, 3698
1.1537432670593262, 3697
1.1638741493225098, 3696
1.1638741493225098, 3695
1.1638741493225098, 3694
1.1638741493225098, 3693
1.1638741493225098, 3692
1.1638741493225098, 3691
1.1719310283660889, 3690
1.173980712890625, 3689
1.173980712890625, 3688
1.173980712890625, 3687
1.173980712890625, 3686
1.173980712890625, 3685
1.173980712890625, 3684
1.182046890258789, 3683
1.182046890258789, 3682
1.1841013431549072, 3681
1.1841013431549072, 3680
1.1841013431549072, 3679
1.1841013431549072, 3678
1.1841013431549072, 3677
1.1841013431549072, 3676
1.1841013431549072, 3675
1.1841013431549072, 3674
1.1841013431549072, 3673
1.1841013431549072, 3672
1.1841013431549072, 3671
1.1921451091766357, 3670
1.192162036895752, 3669
1.192162036895752, 3668
1.1942152976989746, 3667
1.1942152976989746, 3666
1.1942152976989746, 3665
1.1942152976989746, 3664
1.202301025390625, 3663
1.2055063247680664, 3662
1.2055063247680664, 3661
1.2055063247680664, 3660
1.2055063247680664, 3659
1.2055063247680664, 3658
1.2156214714050293, 3657
1.2156214714050293, 3656
1.2156214714050293, 3655
1.2156214714050293, 3654
1.2236900329589844, 3653
1.2236900329589844, 3652
1.2257580757141113, 3651
1.2257580757141113, 3650
1.2257580757141113, 3649
1.2257580757141113, 3648
1.2257580757141113, 3647
1.2257580757141113, 3646
1.2257580757141113, 3645
1.2338125705718994, 3644
1.2358663082122803, 3643
1.2358663082122803, 3642
1.2358663082122803, 3641
1.2358663082122803, 3640
1.2358663082122803, 3639
1.2358663082122803, 3638
1.2358663082122803, 3637
1.2439262866973877, 3636
1.245985984802246, 3635
1.245985984802246, 3634
1.245985984802246, 3633
1.2540395259857178, 3632
1.2540395259857178, 3631
1.2560927867889404, 3630
1.2560927867889404, 3629
1.2560927867889404, 3628
1.2560927867889404, 3627
1.2560927867889404, 3626
1.2560927867889404, 3625
1.2666420936584473, 3624
1.2666420936584473, 3623
1.2666420936584473, 3622
1.2666420936584473, 3621
1.2666420936584473, 3620
1.2666420936584473, 3619
1.2747035026550293, 3618
1.276719093322754, 3617
1.276719093322754, 3616
1.276719093322754, 3615
1.276719093322754, 3614
1.276719093322754, 3613
1.276719093322754, 3612
1.276719093322754, 3611
1.276719093322754, 3610
1.2847402095794678, 3609
1.2867913246154785, 3608
1.2867913246154785, 3607
1.2867913246154785, 3606
1.2867913246154785, 3605
1.2948453426361084, 3604
1.2948453426361084, 3603
1.2968978881835938, 3602
1.2968978881835938, 3601
1.2968978881835938, 3600
1.2968978881835938, 3599
1.2968978881835938, 3598
1.304994821548462, 3597
1.304994821548462, 3596
1.3070485591888428, 3595
1.3070485591888428, 3594
1.3070485591888428, 3593
1.317171573638916, 3592
1.317171573638916, 3591
1.317171573638916, 3590
1.317171573638916, 3589
1.317171573638916, 3588
1.317171573638916, 3587
1.317171573638916, 3586
1.317171573638916, 3585
1.317171573638916, 3584
1.317171573638916, 3583
1.317171573638916, 3582
1.317171573638916, 3581
1.3252503871917725, 3580
1.327305793762207, 3579
1.327305793762207, 3578
1.327305793762207, 3577
1.327305793762207, 3576
1.327305793762207, 3575
1.3353745937347412, 3574
1.3353745937347412, 3573
1.3353745937347412, 3572
1.3374273777008057, 3571
1.3374273777008057, 3570
1.3374273777008057, 3569
1.3374273777008057, 3568
1.3374273777008057, 3567
1.3374273777008057, 3566
1.3374273777008057, 3565
1.3374273777008057, 3564
1.3374273777008057, 3563
1.347550630569458, 3562
1.347550630569458, 3561
1.347550630569458, 3560
1.347550630569458, 3559
1.347550630569458, 3558
1.347550630569458, 3557
1.355604887008667, 3556
1.355604887008667, 3555
1.355604887008667, 3554
1.3576576709747314, 3553
1.3576576709747314, 3552
1.3576576709747314, 3551
1.3576576709747314, 3550
1.3576576709747314, 3549
1.3576576709747314, 3548
1.367793083190918, 3547
1.367793083190918, 3546
1.367793083190918, 3545
1.367793083190918, 3544
1.367793083190918, 3543
1.3779006004333496, 3542
1.3779006004333496, 3541
1.3779006004333496, 3540
1.3779006004333496, 3539
1.3779006004333496, 3538
1.3779006004333496, 3537
1.3779006004333496, 3536
1.3779006004333496, 3535
1.3779006004333496, 3534
1.3779006004333496, 3533
1.3880534172058105, 3532
1.3880534172058105, 3531
1.3880534172058105, 3530
1.3961124420166016, 3529
1.3961124420166016, 3528
1.3981657028198242, 3527
1.3981657028198242, 3526
1.3981657028198242, 3525
1.3981657028198242, 3524
1.406252384185791, 3523
1.4083068370819092, 3522
1.4083068370819092, 3521
1.4083068370819092, 3520
1.4083068370819092, 3519
1.4083068370819092, 3518
1.41636061668396, 3517
1.41636061668396, 3516
1.41636061668396, 3515
1.4184138774871826, 3514
1.4184138774871826, 3513
1.4184138774871826, 3512
1.4184138774871826, 3511
1.4184138774871826, 3510
1.4184138774871826, 3509
1.4184138774871826, 3508
1.4264533519744873, 3507
1.4285078048706055, 3506
1.4285078048706055, 3505
1.4285078048706055, 3504
1.4285078048706055, 3503
1.4285078048706055, 3502
1.438614845275879, 3501
1.438614845275879, 3500
1.4466807842254639, 3499
1.4487354755401611, 3498
1.4487354755401611, 3497
1.4487354755401611, 3496
1.4487354755401611, 3495
1.4487354755401611, 3494
1.4487354755401611, 3493
1.4567952156066895, 3492
1.4588477611541748, 3491
1.4588477611541748, 3490
1.4588477611541748, 3489
1.468958854675293, 3488
1.4689679145812988, 3487
1.4689679145812988, 3486
1.4689679145812988, 3485
1.4689679145812988, 3484
1.4770219326019287, 3483
1.4790747165679932, 3482
1.4790747165679932, 3481
1.4790747165679932, 3480
1.4790747165679932, 3479
1.4790747165679932, 3478
1.4790747165679932, 3477
1.487144947052002, 3476
1.4891619682312012, 3475
1.4891619682312012, 3474
1.4891619682312012, 3473
1.4891619682312012, 3472
1.4891619682312012, 3471
1.4891619682312012, 3470
1.4972167015075684, 3469
1.4992730617523193, 3468
1.4992730617523193, 3467
1.4992730617523193, 3466
1.4992730617523193, 3465
1.4992730617523193, 3464
1.4992730617523193, 3463
1.4992730617523193, 3462
1.4992730617523193, 3461
1.507359504699707, 3460
1.5094325542449951, 3459
1.5094325542449951, 3458
1.5094325542449951, 3457
1.5094325542449951, 3456
1.5094325542449951, 3455
1.5175001621246338, 3454
1.5175001621246338, 3453
1.5195543766021729, 3452
1.5195543766021729, 3451
1.5195543766021729, 3450
1.5195543766021729, 3449
1.5195543766021729, 3448
1.5195543766021729, 3447
1.5195543766021729, 3446
1.5195543766021729, 3445
1.5195543766021729, 3444
1.5296916961669922, 3443
1.5296916961669922, 3442
1.5296916961669922, 3441
1.5296916961669922, 3440
1.5377593040466309, 3439
1.5377593040466309, 3438
1.5398151874542236, 3437
1.5398151874542236, 3436
1.5398151874542236, 3435
1.5398151874542236, 3434
1.5398151874542236, 3433
1.5478575229644775, 3432
1.5478997230529785, 3431
1.5499579906463623, 3430
1.5580110549926758, 3429
1.5580110549926758, 3428
1.560065507888794, 3427
1.560065507888794, 3426
1.560065507888794, 3425
1.560065507888794, 3424
1.560065507888794, 3423
1.560065507888794, 3422
1.5701820850372314, 3421
1.5701820850372314, 3420
1.5701820850372314, 3419
1.5782442092895508, 3418
1.5782442092895508, 3417
1.5782442092895508, 3416
1.5782442092895508, 3415
1.5802946090698242, 3414
1.5802946090698242, 3413
1.5802946090698242, 3412
1.5904381275177002, 3411
1.5904381275177002, 3410
1.5904381275177002, 3409
1.5904381275177002, 3408
1.5984930992126465, 3407
1.5984930992126465, 3406
1.5984930992126465, 3405
1.6005477905273438, 3404
1.6005477905273438, 3403
1.6005477905273438, 3402
1.6005477905273438, 3401
1.6005477905273438, 3400
1.6005477905273438, 3399
1.6005477905273438, 3398
1.6107063293457031, 3397
1.6107063293457031, 3396
1.6107063293457031, 3395
1.6208126544952393, 3394
1.6208126544952393, 3393
1.6208126544952393, 3392
1.6208126544952393, 3391
1.6208126544952393, 3390
1.630941390991211, 3389
1.630941390991211, 3388
1.639003038406372, 3387
1.6410579681396484, 3386
1.6410579681396484, 3385
1.6410579681396484, 3384
1.6491191387176514, 3383
1.651165246963501, 3382
1.651165246963501, 3381
1.651165246963501, 3380
1.651165246963501, 3379
1.651165246963501, 3378
1.651165246963501, 3377
1.651165246963501, 3376
1.6592390537261963, 3375
1.661320686340332, 3374
1.661320686340332, 3373
1.661320686340332, 3372
1.661320686340332, 3371
1.6693906784057617, 3370
1.6693906784057617, 3369
1.6714444160461426, 3368
1.6714444160461426, 3367
1.6714444160461426, 3366
1.6714444160461426, 3365
1.6714444160461426, 3364
1.6794981956481934, 3363
1.681556224822998, 3362
1.681556224822998, 3361
1.681556224822998, 3360
1.681556224822998, 3359
1.6896278858184814, 3358
1.691636562347412, 3357
1.6916987895965576, 3356
1.6916987895965576, 3355
1.6916987895965576, 3354
1.6916987895965576, 3353
1.6916987895965576, 3352
1.6997647285461426, 3351
1.7018218040466309, 3350
1.7018218040466309, 3349
1.7119362354278564, 3348
1.7119362354278564, 3347
1.7119362354278564, 3346
1.7119362354278564, 3345
1.7119362354278564, 3344
1.7119362354278564, 3343
1.7199897766113281, 3342
1.7220425605773926, 3341
1.7220425605773926, 3340
1.7220425605773926, 3339
1.7220425605773926, 3338
1.7220425605773926, 3337
1.7220425605773926, 3336
1.7303400039672852, 3335
1.7313816547393799, 3334
1.7343800067901611, 3333
1.7393794059753418, 3332
1.7413792610168457, 3331
1.7423772811889648, 3330
1.7443819046020508, 3329
1.746340274810791, 3328
1.7483789920806885, 3327
1.7483789920806885, 3326
1.7493796348571777, 3325
1.7513823509216309, 3324
1.7513823509216309, 3323
1.7513823509216309, 3322
1.7573788166046143, 3321
1.7603943347930908, 3320
1.7623810768127441, 3319
1.7653799057006836, 3318
1.769378900527954, 3317
1.7703797817230225, 3316
1.7703797817230225, 3315
1.7723801136016846, 3314
1.7773799896240234, 3313
1.7793798446655273, 3312
1.780378818511963, 3311
1.7823803424835205, 3310
1.7833781242370605, 3309
1.788381814956665, 3308
1.7913787364959717, 3307
1.797379732131958, 3306
1.801379680633545, 3305
1.8033788204193115, 3304
1.8033788204193115, 3303
1.8043818473815918, 3302
1.8063771724700928, 3301
1.8073797225952148, 3300
1.8073797225952148, 3299
1.8123788833618164, 3298
1.8163788318634033, 3297
1.8183801174163818, 3296
1.8243815898895264, 3295
1.8263401985168457, 3294
1.8283820152282715, 3293
1.8283820152282715, 3292
1.8343794345855713, 3291
1.8353791236877441, 3290
1.8353791236877441, 3289
1.8373794555664062, 3288
1.8383822441101074, 3287
1.8383822441101074, 3286
1.8393807411193848, 3285
1.8413796424865723, 3284
1.8433876037597656, 3283
1.8443808555603027, 3282
1.8443808555603027, 3281
1.8453798294067383, 3280
1.8463797569274902, 3279
1.8493866920471191, 3278
1.8503804206848145, 3277
1.8523821830749512, 3276
1.8543767929077148, 3275
1.8563830852508545, 3274
1.8623790740966797, 3273
1.8623790740966797, 3272
1.8633787631988525, 3271
1.8663790225982666, 3270
1.8663790225982666, 3269
1.8683817386627197, 3268
1.869380235671997, 3267
1.876340627670288, 3266
1.8813798427581787, 3265
1.8863794803619385, 3264
1.8903818130493164, 3263
1.8913793563842773, 3262
1.892378807067871, 3261
1.892378807067871, 3260
1.8933801651000977, 3259
1.8933801651000977, 3258
1.8943827152252197, 3257
1.8953776359558105, 3256
1.8983795642852783, 3255
1.8993785381317139, 3254
1.9013819694519043, 3253
1.904381275177002, 3252
1.908388614654541, 3251
1.9093401432037354, 3250
1.9093401432037354, 3249
1.9133837223052979, 3248
1.919379711151123, 3247
1.9203813076019287, 3246
1.9213812351226807, 3245
1.9223804473876953, 3244
1.9233794212341309, 3243
1.9243810176849365, 3242
1.9253795146942139, 3241
1.9253795146942139, 3240
1.9283788204193115, 3239
1.9283788204193115, 3238
1.9283788204193115, 3237
1.9303927421569824, 3236
1.9313921928405762, 3235
1.9313921928405762, 3234
1.9343774318695068, 3233
1.9353787899017334, 3232
1.9363818168640137, 3231
1.9363818168640137, 3230
1.9393794536590576, 3229
1.9393794536590576, 3228
1.9443795680999756, 3227
1.9443795680999756, 3226
1.9443795680999756, 3225
1.9463789463043213, 3224
1.9463789463043213, 3223
1.9473793506622314, 3222
1.95737886428833, 3221
1.962378740310669, 3220
1.9653797149658203, 3219
1.9663763046264648, 3218
1.9673795700073242, 3217
1.9683823585510254, 3216
1.9683823585510254, 3215
1.9683823585510254, 3214
1.9763402938842773, 3213
1.9763402938842773, 3212
1.9763402938842773, 3211
1.9783787727355957, 3210
1.9783787727355957, 3209
1.983379602432251, 3208
1.983379602432251, 3207
1.9843814373016357, 3206
1.985382080078125, 3205
1.9863789081573486, 3204
1.9883809089660645, 3203
1.9943792819976807, 3202
1.9953787326812744, 3201
1.9973788261413574, 3200
1.9983763694763184, 3199
1.9983763694763184, 3198
1.9983763694763184, 3197
2.0033793449401855, 3196
2.0053796768188477, 3195
2.011975049972534, 3194
2.014644145965576, 3193
2.014644145965576, 3192
2.015643358230591, 3191
2.0208487510681152, 3190
2.021404504776001, 3189
2.0224409103393555, 3188
2.025444984436035, 3187
2.0274386405944824, 3186
2.0284390449523926, 3185
2.0294365882873535, 3184
2.030439615249634, 3183
2.030439615249634, 3182
2.034442186355591, 3181
2.034442186355591, 3180
2.0435235500335693, 3179
2.0435235500335693, 3178
2.0435235500335693, 3177
2.0435235500335693, 3176
2.053701639175415, 3175
2.053701639175415, 3174
2.061768054962158, 3173
2.063816547393799, 3172
2.073984146118164, 3171
2.073984146118164, 3170
2.0840916633605957, 3169
2.0840916633605957, 3168
2.0840916633605957, 3167
2.092172861099243, 3166
2.092172861099243, 3165
2.092172861099243, 3164
2.0942304134368896, 3163
2.0942304134368896, 3162
2.0942304134368896, 3161
2.0942304134368896, 3160
2.0942304134368896, 3159
2.104339838027954, 3158
2.104339838027954, 3157
2.104339838027954, 3156
2.104339838027954, 3155
2.104339838027954, 3154
2.1123828887939453, 3153
2.1124460697174072, 3152
2.1145126819610596, 3151
2.1246225833892822, 3150
2.1246225833892822, 3149
2.1246225833892822, 3148
2.1327028274536133, 3147
2.1347594261169434, 3146
2.142780065536499, 3145
2.142780065536499, 3144
2.144845724105835, 3143
2.144845724105835, 3142
2.1549713611602783, 3141
2.1549713611602783, 3140
2.1549713611602783, 3139
2.1650805473327637, 3138
2.1650805473327637, 3137
2.1650805473327637, 3136
2.1650805473327637, 3135
2.1650805473327637, 3134
2.1650805473327637, 3133
2.1752142906188965, 3132
2.1752142906188965, 3131
2.1752142906188965, 3130
2.1752142906188965, 3129
2.1752142906188965, 3128
2.1752142906188965, 3127
2.183271884918213, 3126
2.185326337814331, 3125
2.185326337814331, 3124
2.185326337814331, 3123
2.185326337814331, 3122
2.195404052734375, 3121
2.195404052734375, 3120
2.195404052734375, 3119
2.195404052734375, 3118
2.195404052734375, 3117
2.195404052734375, 3116
2.195404052734375, 3115
2.2034590244293213, 3114
2.205518960952759, 3113
2.205518960952759, 3112
2.2156741619110107, 3111
2.2156741619110107, 3110
2.2156741619110107, 3109
2.225781202316284, 3108
2.2338714599609375, 3107
2.2359347343444824, 3106
2.2359347343444824, 3105
2.2359347343444824, 3104
2.2460498809814453, 3103
2.2460498809814453, 3102
2.2460498809814453, 3101
2.2460498809814453, 3100
2.2460498809814453, 3099
2.2460498809814453, 3098
2.2460498809814453, 3097
2.2460498809814453, 3096
2.2460498809814453, 3095
2.256223201751709, 3094
2.256223201751709, 3093
2.2663447856903076, 3092
2.2663447856903076, 3091
2.2663447856903076, 3090
2.2764217853546143, 3089
2.2764217853546143, 3088
2.2764217853546143, 3087
2.2764217853546143, 3086
2.2844767570495605, 3085
2.2844767570495605, 3084
2.2844767570495605, 3083
2.2865371704101562, 3082
2.2865371704101562, 3081
2.2865371704101562, 3080
2.2946126461029053, 3079
2.2946126461029053, 3078
2.2966670989990234, 3077
2.2966670989990234, 3076
2.304722309112549, 3075
2.304722309112549, 3074
2.304722309112549, 3073
2.316913604736328, 3072
2.316913604736328, 3071
2.327031373977661, 3070
2.3371832370758057, 3069
2.3371832370758057, 3068
2.3371832370758057, 3067
2.3371832370758057, 3066
2.3371832370758057, 3065
2.34729266166687, 3064
2.3574204444885254, 3063
2.3574204444885254, 3062
2.3654754161834717, 3061
2.3654754161834717, 3060
2.3654754161834717, 3059
2.3675308227539062, 3058
2.375596761703491, 3057
2.3776495456695557, 3056
2.3776495456695557, 3055
2.3776495456695557, 3054
2.3776495456695557, 3053
2.3877673149108887, 3052
2.3877673149108887, 3051
2.3877673149108887, 3050
2.3877673149108887, 3049
2.3877673149108887, 3048
2.395846128463745, 3047
2.395846128463745, 3046
2.397900342941284, 3045
2.397900342941284, 3044
2.408007860183716, 3043
2.408007860183716, 3042
2.4181385040283203, 3041
2.4181385040283203, 3040
2.4181385040283203, 3039
2.4282124042510986, 3038
2.4282124042510986, 3037
2.4282124042510986, 3036
2.4282124042510986, 3035
2.4282124042510986, 3034
2.4362847805023193, 3033
2.4383394718170166, 3032
2.4383394718170166, 3031
2.448458433151245, 3030
2.448458433151245, 3029
2.45859956741333, 3028
2.45859956741333, 3027
2.45859956741333, 3026
2.45859956741333, 3025
2.4687070846557617, 3024
2.4687070846557617, 3023
2.4687070846557617, 3022
2.479236602783203, 3021
2.479236602783203, 3020
2.479236602783203, 3019
2.479236602783203, 3018
2.479236602783203, 3017
2.479236602783203, 3016
2.479236602783203, 3015
2.499474048614502, 3014
2.499474048614502, 3013
2.499474048614502, 3012
2.509551763534546, 3011
2.509551763534546, 3010
2.509551763534546, 3009
2.509551763534546, 3008
2.509551763534546, 3007
2.509551763534546, 3006
2.509551763534546, 3005
2.509551763534546, 3004
2.509551763534546, 3003
2.517613649368286, 3002
2.5196852684020996, 3001
2.5196852684020996, 3000
2.527740716934204, 2999
2.529794692993164, 2998
2.529794692993164, 2997
2.529794692993164, 2996
2.529794692993164, 2995
2.5378658771514893, 2994
2.539923906326294, 2993
2.539923906326294, 2992
2.5479776859283447, 2991
2.5500335693359375, 2990
2.5500335693359375, 2989
2.5500335693359375, 2988
2.5500335693359375, 2987
2.5500335693359375, 2986
2.5500335693359375, 2985
2.5500335693359375, 2984
2.560150384902954, 2983
2.560150384902954, 2982
2.560150384902954, 2981
2.560150384902954, 2980
2.560150384902954, 2979
2.560150384902954, 2978
2.570268154144287, 2977
2.570268154144287, 2976
2.5803871154785156, 2975
2.590496778488159, 2974
2.6087005138397217, 2973
2.6107544898986816, 2972
2.6107544898986816, 2971
2.6107544898986816, 2970
2.6107544898986816, 2969
2.6107544898986816, 2968
2.6208925247192383, 2967
2.6208925247192383, 2966
2.631016254425049, 2965
2.631016254425049, 2964
2.631016254425049, 2963
2.6390886306762695, 2962
2.6492013931274414, 2961
2.6492013931274414, 2960
2.651249885559082, 2959
2.651249885559082, 2958
2.661390542984009, 2957
2.661390542984009, 2956
2.661390542984009, 2955
2.661390542984009, 2954
2.669440746307373, 2953
2.6816084384918213, 2952
2.6816084384918213, 2951
2.689671754837036, 2950
2.6997878551483154, 2949
2.7018420696258545, 2948
2.7018420696258545, 2947
2.7119107246398926, 2946
2.7119107246398926, 2945
2.7119107246398926, 2944
2.7220561504364014, 2943
2.7220561504364014, 2942
2.7220561504364014, 2941
2.7220561504364014, 2940
2.7220561504364014, 2939
2.7321689128875732, 2938
2.7321689128875732, 2937
2.7321689128875732, 2936
2.7321689128875732, 2935
2.7402405738830566, 2934
2.7402405738830566, 2933
2.7524147033691406, 2932
2.7524147033691406, 2931
2.7524147033691406, 2930
2.7524147033691406, 2929
2.7605161666870117, 2928
2.7625732421875, 2927
2.7726826667785645, 2926
2.7726826667785645, 2925
2.7726826667785645, 2924
2.7726826667785645, 2923
2.7726826667785645, 2922
2.7828118801116943, 2921
2.7828118801116943, 2920
2.792881488800049, 2919
2.792881488800049, 2918
2.792881488800049, 2917
2.792881488800049, 2916
2.792881488800049, 2915
2.792881488800049, 2914
2.792881488800049, 2913
2.8030192852020264, 2912
2.8030192852020264, 2911
2.8131356239318848, 2910
2.8131356239318848, 2909
2.823261022567749, 2908
2.833372116088867, 2907
2.8414435386657715, 2906
2.8414435386657715, 2905
2.8434979915618896, 2904
2.8434979915618896, 2903
2.8434979915618896, 2902
2.853611707687378, 2901
2.871814250946045, 2900
2.871814250946045, 2899
2.8819339275360107, 2898
2.8839874267578125, 2897
2.8940882682800293, 2896
2.8940882682800293, 2895
2.8940882682800293, 2894
2.9048988819122314, 2893
2.9071850776672363, 2892
2.910489559173584, 2891
2.912092685699463, 2890
2.91428804397583, 2889
2.9176509380340576, 2888
2.924285888671875, 2887
2.924285888671875, 2886
2.9323625564575195, 2885
2.9323625564575195, 2884
2.9323625564575195, 2883
2.9445419311523438, 2882
2.9445419311523438, 2881
2.9445419311523438, 2880
2.9445419311523438, 2879
2.9445419311523438, 2878
2.952592611312866, 2877
2.952592611312866, 2876
2.9546637535095215, 2875
2.962736129760742, 2874
2.9728612899780273, 2873
2.9728612899780273, 2872
2.974928140640259, 2871
2.9850661754608154, 2870
2.9850661754608154, 2869
2.9951350688934326, 2868
2.9951350688934326, 2867
3.0031638145446777, 2866
3.0051934719085693, 2865
3.0051934719085693, 2864
3.0132288932800293, 2863
3.0253639221191406, 2862
3.0253639221191406, 2861
3.0253639221191406, 2860
3.0333969593048096, 2859
3.0333969593048096, 2858
3.035468339920044, 2857
3.035468339920044, 2856
3.04354190826416, 2855
3.0557520389556885, 2854
3.0557520389556885, 2853
3.0638248920440674, 2852
3.0638248920440674, 2851
3.0658843517303467, 2850
3.0760083198547363, 2849
3.0760083198547363, 2848
3.0760083198547363, 2847
3.0861477851867676, 2846
3.0861477851867676, 2845
3.0861477851867676, 2844
3.096637487411499, 2843
3.096637487411499, 2842
3.104670286178589, 2841
3.106717109680176, 2840
3.116894483566284, 2839
3.116894483566284, 2838
3.1249542236328125, 2837
3.1270103454589844, 2836
3.1270103454589844, 2835
3.1270103454589844, 2834
3.1350865364074707, 2833
3.1350865364074707, 2832
3.1350865364074707, 2831
3.1350865364074707, 2830
3.1371066570281982, 2829
3.1371066570281982, 2828
3.1371066570281982, 2827
3.1472432613372803, 2826
3.1472432613372803, 2825
3.1472432613372803, 2824
3.1574442386627197, 2823
3.1675527095794678, 2822
3.177731990814209, 2821
3.177731990814209, 2820
3.177731990814209, 2819
3.177731990814209, 2818
3.1878480911254883, 2817
3.1878480911254883, 2816
3.1878480911254883, 2815
3.1878480911254883, 2814
3.197972297668457, 2813
3.2080466747283936, 2812
3.2080466747283936, 2811
3.2181789875030518, 2810
3.2282700538635254, 2809
3.2587296962738037, 2808
3.2587296962738037, 2807
3.268847942352295, 2806
3.268847942352295, 2805
3.2891247272491455, 2804
3.2992522716522217, 2803
3.2992522716522217, 2802
3.3073089122772217, 2801
3.3073089122772217, 2800
3.3073089122772217, 2799
3.3093245029449463, 2798
3.317408323287964, 2797
3.319462537765503, 2796
3.319462537765503, 2795
3.327516794204712, 2794
3.3295700550079346, 2793
3.3295700550079346, 2792
3.3397109508514404, 2791
3.3498268127441406, 2790
3.3498268127441406, 2789
3.3498268127441406, 2788
3.3498268127441406, 2787
3.3599305152893066, 2786
3.3679842948913574, 2785
3.390303134918213, 2784
3.4004406929016113, 2783
3.410567045211792, 2782
3.4186575412750244, 2781
3.420712947845459, 2780
3.420712947845459, 2779
3.4308247566223145, 2778
3.4490108489990234, 2777
3.4490108489990234, 2776
3.4510645866394043, 2775
3.4510645866394043, 2774
3.4510645866394043, 2773
3.459120035171509, 2772
3.461174964904785, 2771
3.4712648391723633, 2770
3.4712648391723633, 2769
3.4913547039031982, 2768
3.4913547039031982, 2767
3.4913547039031982, 2766
3.4913547039031982, 2765
3.499387502670288, 2764
3.5014007091522217, 2763
3.5014007091522217, 2762
3.5014007091522217, 2761
3.5094239711761475, 2760
3.5114352703094482, 2759
3.521483898162842, 2758
3.521483898162842, 2757
3.539547920227051, 2756
3.549602508544922, 2755
3.549602508544922, 2754
3.5818347930908203, 2753
3.6019201278686523, 2752
3.609938859939575, 2751
3.6220104694366455, 2750
3.6220104694366455, 2749
3.6220104694366455, 2748
3.6220104694366455, 2747
3.6522023677825928, 2746
3.6522023677825928, 2745
3.6522023677825928, 2744
3.662447690963745, 2743
3.662447690963745, 2742
3.662447690963745, 2741
3.662447690963745, 2740
3.680558919906616, 2739
3.6825757026672363, 2738
3.6905956268310547, 2737
3.703097105026245, 2736
3.713132858276367, 2735
3.7231862545013428, 2734
3.7231862545013428, 2733
3.733220100402832, 2732
3.733220100402832, 2731
3.74326491355896, 2730
3.74326491355896, 2729
3.74326491355896, 2728
3.751286029815674, 2727
3.7613749504089355, 2726
3.7634027004241943, 2725
3.771428108215332, 2724
3.771428108215332, 2723
3.7734405994415283, 2722
3.7734405994415283, 2721
3.7734405994415283, 2720
3.791516065597534, 2719
3.793532609939575, 2718
3.793532609939575, 2717
3.801558017730713, 2716
3.8035690784454346, 2715
3.8035690784454346, 2714
3.8035690784454346, 2713
3.823641300201416, 2712
3.823641300201416, 2711
3.831662893295288, 2710
3.831662893295288, 2709
3.8336780071258545, 2708
3.8336780071258545, 2707
3.8336780071258545, 2706
3.8417019844055176, 2705
3.8437156677246094, 2704
3.8437156677246094, 2703
3.8537447452545166, 2702
3.8839194774627686, 2701
3.8839194774627686, 2700
3.8839194774627686, 2699
3.8939716815948486, 2698
3.8939716815948486, 2697
3.9140684604644775, 2696
3.9140684604644775, 2695
3.9342031478881836, 2694
3.944249153137207, 2693
3.944249153137207, 2692
3.954277992248535, 2691
3.97438383102417, 2690
3.97438383102417, 2689
3.9844350814819336, 2688
3.9844601154327393, 2687
3.9844601154327393, 2686
3.9844601154327393, 2685
3.9844601154327393, 2684
3.9844601154327393, 2683
3.994499683380127, 2682
3.994499683380127, 2681
4.004538536071777, 2680
4.022600889205933, 2679
4.03263783454895, 2678
4.044872760772705, 2677
4.044872760772705, 2676
4.044872760772705, 2675
4.054934978485107, 2674
4.054934978485107, 2673
4.054934978485107, 2672
4.054934978485107, 2671
4.054934978485107, 2670
4.065008640289307, 2669
4.0750391483306885, 2668
4.085106611251831, 2667
4.085106611251831, 2666
4.105184316635132, 2665
4.105184316635132, 2664
4.115225553512573, 2663
4.115225553512573, 2662
4.135379076004028, 2661
4.145418643951416, 2660
4.145418643951416, 2659
4.145418643951416, 2658
4.165511131286621, 2657
4.165511131286621, 2656
4.173525810241699, 2655
4.175560235977173, 2654
4.175560235977173, 2653
4.175560235977173, 2652
4.175560235977173, 2651
4.185614585876465, 2650
4.185614585876465, 2649
4.185614585876465, 2648
4.195641756057739, 2647
4.2137062549591064, 2646
4.2137062549591064, 2645
4.2237536907196045, 2644
4.233787775039673, 2643
4.235797643661499, 2642
4.235797643661499, 2641
4.255859136581421, 2640
4.255859136581421, 2639
4.316602468490601, 2638
4.326659202575684, 2637
4.326659202575684, 2636
4.356773376464844, 2635
4.356773376464844, 2634
4.356773376464844, 2633
4.356773376464844, 2632
4.374855279922485, 2631
4.374855279922485, 2630
4.374855279922485, 2629
4.384903430938721, 2628
4.384903430938721, 2627
4.384903430938721, 2626
4.386922359466553, 2625
4.386922359466553, 2624
4.386922359466553, 2623
4.394947290420532, 2622
4.394947290420532, 2621
4.394947290420532, 2620
4.4069907665252686, 2619
4.4271156787872314, 2618
4.4271156787872314, 2617
4.437155485153198, 2616
4.445178508758545, 2615
4.445178508758545, 2614
4.447190523147583, 2613
4.447190523147583, 2612
4.457218647003174, 2611
4.477315902709961, 2610
4.477315902709961, 2609
4.487385511398315, 2608
4.487385511398315, 2607
4.487385511398315, 2606
4.487385511398315, 2605
4.487385511398315, 2604
4.497415781021118, 2603
4.507457256317139, 2602
4.517496824264526, 2601
4.517496824264526, 2600
4.5355470180511475, 2599
4.53760290145874, 2598
4.547649383544922, 2597
4.5576701164245605, 2596
4.567723274230957, 2595
4.587827444076538, 2594
4.597857236862183, 2593
4.597857236862183, 2592
4.617920160293579, 2591
4.617920160293579, 2590
4.63801383972168, 2589
4.64806604385376, 2588
4.64806604385376, 2587
4.64806604385376, 2586
4.658085107803345, 2585
4.666136264801025, 2584
4.668150901794434, 2583
4.678175449371338, 2582
4.688220024108887, 2581
4.6962456703186035, 2580
4.6962456703186035, 2579
4.6962456703186035, 2578
4.6962456703186035, 2577
4.698256015777588, 2576
4.698256015777588, 2575
4.698256015777588, 2574
4.708316802978516, 2573
4.716338396072388, 2572
4.734192132949829, 2571
4.73726487159729, 2570
4.769455432891846, 2569
4.789570569992065, 2568
4.799605131149292, 2567
4.799605131149292, 2566
4.799605131149292, 2565
4.857872486114502, 2564
4.859888553619385, 2563
4.867926359176636, 2562
4.869943141937256, 2561
4.898076057434082, 2560
4.900090456008911, 2559
4.910571098327637, 2558
4.912590265274048, 2557
4.930647373199463, 2556
4.942698001861572, 2555
4.970849275588989, 2554
4.9728710651397705, 2553
4.982900619506836, 2552
4.982900619506836, 2551
4.982900619506836, 2550
4.990947246551514, 2549
4.993008852005005, 2548
5.013226747512817, 2547
5.023277044296265, 2546
5.033330917358398, 2545
5.043368816375732, 2544
5.06147027015686, 2543
5.081556081771851, 2542
5.113685369491577, 2541
5.113685369491577, 2540
5.141827821731567, 2539
5.173981428146362, 2538
5.182013273239136, 2537
5.20209527015686, 2536
5.20209527015686, 2535
5.2177345752716064, 2534
5.2177345752716064, 2533
5.2177345752716064, 2532
5.2333595752716064, 2531
5.248985290527344, 2530
5.248985290527344, 2529
5.248985290527344, 2528
5.264610528945923, 2527
5.295860528945923, 2526
5.3023881912231445, 2525
5.30439829826355, 2524
5.324471473693848, 2523
5.344546556472778, 2522
5.344546556472778, 2521
5.344546556472778, 2520
5.344546556472778, 2519
5.354615688323975, 2518
5.384701251983643, 2517
5.394773244857788, 2516
5.394773244857788, 2515
5.394773244857788, 2514
5.394773244857788, 2513
5.434951305389404, 2512
5.445012807846069, 2511
5.453041076660156, 2510
5.455056190490723, 2509
5.465094089508057, 2508
5.4731152057647705, 2507
5.4751482009887695, 2506
5.485185146331787, 2505
5.485185146331787, 2504
5.485185146331787, 2503
5.503262281417847, 2502
5.505285739898682, 2501
5.515775203704834, 2500
5.515775203704834, 2499
5.53588342666626, 2498
5.5459303855896, 2497
5.586102485656738, 2496
5.586102485656738, 2495
5.586102485656738, 2494
5.586102485656738, 2493
5.606225252151489, 2492
5.6142661571502686, 2491
5.616282224655151, 2490
5.616282224655151, 2489
5.626328229904175, 2488
5.636372804641724, 2487
5.654475212097168, 2486
5.664509296417236, 2485
5.664509296417236, 2484
5.69465446472168, 2483
5.706693172454834, 2482
5.716745376586914, 2481
5.7448341846466064, 2480
5.746848821640015, 2479
5.756884574890137, 2478
5.787009239196777, 2477
5.7970521450042725, 2476
5.805073499679565, 2475
5.805073499679565, 2474
5.825160026550293, 2473
5.835196495056152, 2472
5.837213754653931, 2471
5.855281114578247, 2470
5.855281114578247, 2469
5.857294321060181, 2468
5.86531662940979, 2467
5.875385999679565, 2466
5.917548418045044, 2465
5.917548418045044, 2464
5.927584409713745, 2463
5.947663068771362, 2462
5.947663068771362, 2461
5.967737197875977, 2460
5.975771188735962, 2459
5.995872974395752, 2458
6.007959365844727, 2457
6.007959365844727, 2456
6.007959365844727, 2455
6.01803994178772, 2454
6.028146028518677, 2453
6.03820013999939, 2452
6.058334827423096, 2451
6.068395614624023, 2450
6.088582992553711, 2449
6.088582992553711, 2448
6.129256248474121, 2447
6.129256248474121, 2446
6.149466276168823, 2445
6.157495737075806, 2444
6.157495737075806, 2443
6.169575214385986, 2442
6.17964243888855, 2441
6.17964243888855, 2440
6.199816942214966, 2439
6.209873914718628, 2438
6.238067865371704, 2437
6.240094900131226, 2436
6.268308639526367, 2435
6.29046106338501, 2434
6.3508758544921875, 2433
6.3609538078308105, 2432
6.401233196258545, 2431
6.409257650375366, 2430
6.501883268356323, 2429
6.511939287185669, 2428
6.522010326385498, 2427
6.532064199447632, 2426
6.552180051803589, 2425
6.562244415283203, 2424
6.602491140365601, 2423
6.602491140365601, 2422
6.6830525398254395, 2421
6.703193664550781, 2420
6.733823537826538, 2419
6.753938674926758, 2418
6.79422926902771, 2417
6.79422926902771, 2416
6.884775400161743, 2415
6.965351104736328, 2414
6.9854631423950195, 2413
6.9854631423950195, 2412
6.995513439178467, 2411
6.995513439178467, 2410
7.01564884185791, 2409
7.01564884185791, 2408
7.046033143997192, 2407
7.0641303062438965, 2406
7.0963804721832275, 2405
7.11655330657959, 2404
7.197143316268921, 2403
7.227276563644409, 2402
7.235290050506592, 2401
7.2473461627960205, 2400
7.257374286651611, 2399
7.3176093101501465, 2398
7.360193729400635, 2397
7.370240211486816, 2396
7.380309343338013, 2395
7.3903489112854, 2394
7.3903489112854, 2393
7.4003846645355225, 2392
7.43852972984314, 2391
7.43852972984314, 2390
7.470652103424072, 2389
7.478670597076416, 2388
7.500751972198486, 2387
7.510822772979736, 2386
7.520849704742432, 2385
7.528886079788208, 2384
7.559008598327637, 2383
7.569047451019287, 2382
7.591156244277954, 2381
7.6011879444122314, 2380
7.6011879444122314, 2379
7.6212663650512695, 2378
7.631320953369141, 2377
7.631320953369141, 2376
7.6796324253082275, 2375
7.6796324253082275, 2374
7.6796324253082275, 2373
7.691670894622803, 2372
7.691670894622803, 2371
7.72178840637207, 2370
7.772003650665283, 2369
7.782036066055298, 2368
7.79207968711853, 2367
7.812160491943359, 2366
7.822214126586914, 2365
7.830245494842529, 2364
7.842278718948364, 2363
7.852328300476074, 2362
7.910623550415039, 2361
7.975303411483765, 2360
8.115973949432373, 2359
8.144086122512817, 2358
8.164212703704834, 2357
8.196356296539307, 2356
8.196356296539307, 2355
8.226488590240479, 2354
8.246569871902466, 2353
8.294745206832886, 2352
8.314825773239136, 2351
8.316841125488281, 2350
8.3570716381073, 2349
8.367105960845947, 2348
8.377171039581299, 2347
8.397274017333984, 2346
8.417395830154419, 2345
8.492111682891846, 2344
8.523369550704956, 2343
8.523369550704956, 2342
8.570243835449219, 2341
8.58586835861206, 2340
8.601494550704956, 2339
8.617119073867798, 2338
8.63274359703064, 2337
8.648369550704956, 2336
8.663994550704956, 2335
8.696195840835571, 2334
8.728406429290771, 2333
8.728406429290771, 2332
8.758570909500122, 2331
8.786714315414429, 2330
8.788729190826416, 2329
8.808842420578003, 2328
8.818891286849976, 2327
9.038830041885376, 2326
9.043036222457886, 2325
9.043036222457886, 2324
9.048620462417603, 2323
9.060813903808594, 2322
9.08114218711853, 2321
9.08114218711853, 2320
9.131827592849731, 2319
9.150390863418579, 2318
9.150390863418579, 2317
9.160498857498169, 2316
9.172680377960205, 2315
9.182810068130493, 2314
9.253713130950928, 2313
9.446112394332886, 2312
9.494768142700195, 2311
9.496834993362427, 2310
9.506965398788452, 2309
9.506965398788452, 2308
9.525187730789185, 2307
9.527253866195679, 2306
9.55759882926941, 2305
9.567692279815674, 2304
9.66914677619934, 2303
9.750510692596436, 2302
9.841519117355347, 2301
9.892080307006836, 2300
10.001459836959839, 2299
10.084553956985474, 2298
10.155451536178589, 2297
10.274869918823242, 2296
10.2768874168396, 2295
10.500029802322388, 2294
10.520299196243286, 2293
10.550637483596802, 2292
10.86226749420166, 2291
10.914877891540527, 2290
10.93515944480896, 2289
10.97602891921997, 2288
11.006398916244507, 2287
11.087398052215576, 2286
11.198713779449463, 2285
11.249356985092163, 2284
11.259427785873413, 2283
11.380878210067749, 2282
11.411507368087769, 2281
11.49278974533081, 2280
11.535305261611938, 2279
11.5453782081604, 2278
11.636777400970459, 2277
11.819095849990845, 2276
11.86970829963684, 2275
11.91025424003601, 2274
11.970963478088379, 2273
12.03172516822815, 2272
12.163223028182983, 2271
12.204240083694458, 2270
12.32564091682434, 2269
12.3459153175354, 2268
12.426889896392822, 2267
12.558463335037231, 2266
12.8322172164917, 2265
12.963761329650879, 2264
13.176389694213867, 2263
13.331804037094116, 2262
13.52994680404663, 2261
13.590682029724121, 2260
13.760695934295654, 2259
13.89429235458374, 2258
13.983324766159058, 2257
14.08695101737976, 2256
14.321808576583862, 2255
14.676318883895874, 2254
14.78965973854065, 2253
14.931400060653687, 2252
15.073216915130615, 2251
15.265892505645752, 2250
15.529133558273315, 2249
15.610050201416016, 2248
15.68099045753479, 2247
15.92643141746521, 2246
15.936565637588501, 2245
15.997224807739258, 2244
16.210081577301025, 2243
16.716681718826294, 2242
16.724773645401, 2241
16.816002368927002, 2240
17.102128267288208, 2239
17.476384162902832, 2238
17.506783485412598, 2237
17.84323501586914, 2236
18.227802276611328, 2235
18.55398440361023, 2234
18.746538877487183, 2233
18.949454307556152, 2232
19.577606678009033, 2231
19.646451950073242, 2230
19.932156562805176, 2229
20.084155321121216, 2228
20.23624062538147, 2227
20.32722759246826, 2226
20.52000141143799, 2225
20.580775499343872, 2224
21.793070793151855, 2223
22.17750644683838, 2222
22.91862726211548, 2221
23.37276315689087, 2220
23.972620964050293, 2219
24.33522057533264, 2218
24.406566381454468, 2217
24.61110496520996, 2216
26.979386568069458, 2215
27.649874448776245, 2214
28.428993463516235, 2213
33.02067708969116, 2212
34.73199915885925, 2211
35.17789578437805, 2210
40.616148710250854, 2209
46.29711627960205, 2208
57.73440742492676, 2207
72.2956714630127, 2206
78.29861092567444, 2205
98.08442735671997, 2204
148.81517720222473, 2203
