0.027984142303466797, 4941
0.027984142303466797, 4940
0.027984142303466797, 4939
0.027984142303466797, 4938
0.027984142303466797, 4937
0.027984142303466797, 4936
0.031987667083740234, 4935
0.031987667083740234, 4934
0.031987667083740234, 4933
0.031987667083740234, 4932
0.031987667083740234, 4931
0.035984039306640625, 4930
0.035984039306640625, 4929
0.035984039306640625, 4928
0.035984039306640625, 4927
0.035984039306640625, 4926
0.035984039306640625, 4925
0.035984039306640625, 4924
0.035984039306640625, 4923
0.039983272552490234, 4922
0.039983272552490234, 4921
0.039983272552490234, 4920
0.039983272552490234, 4919
0.039983272552490234, 4918
0.039983272552490234, 4917
0.039983272552490234, 4916
0.04398322105407715, 4915
0.04398322105407715, 4914
0.04398322105407715, 4913
0.04398322105407715, 4912
0.04398322105407715, 4911
0.04798388481140137, 4910
0.04798388481140137, 4909
0.04798388481140137, 4908
0.04798388481140137, 4907
0.04798388481140137, 4906
0.04798388481140137, 4905
0.04798388481140137, 4904
0.05198335647583008, 4903
0.05198335647583008, 4902
0.05198335647583008, 4901
0.05198335647583008, 4900
0.05198335647583008, 4899
0.05198335647583008, 4898
0.05598330497741699, 4897
0.05598330497741699, 4896
0.05598330497741699, 4895
0.05598330497741699, 4894
0.05598330497741699, 4893
0.05598330497741699, 4892
0.05598330497741699, 4891
0.05998349189758301, 4890
0.05998349189758301, 4889
0.05998349189758301, 4888
0.05998349189758301, 4887
0.05998349189758301, 4886
0.05998349189758301, 4885
0.06398367881774902, 4884
0.06398367881774902, 4883
0.06398367881774902, 4882
0.06398367881774902, 4881
0.06398367881774902, 4880
0.06398367881774902, 4879
0.06398367881774902, 4878
0.06798338890075684, 4877
0.06798338890075684, 4876
0.06798338890075684, 4875
0.06798338890075684, 4874
0.06798338890075684, 4873
0.06798338890075684, 4872
0.07198333740234375, 4871
0.07198333740234375, 4870
0.07198333740234375, 4869
0.07198333740234375, 4868
0.07198333740234375, 4867
0.07198333740234375, 4866
0.07198333740234375, 4865
0.07598328590393066, 4864
0.07598328590393066, 4863
0.07598328590393066, 4862
0.07598328590393066, 4861
0.0799856185913086, 4860
0.0799856185913086, 4859
0.0799856185913086, 4858
0.0799856185913086, 4857
0.08398771286010742, 4856
0.08398771286010742, 4855
0.08398771286010742, 4854
0.08398771286010742, 4853
0.08398771286010742, 4852
0.08398771286010742, 4851
0.08798432350158691, 4850
0.08798432350158691, 4849
0.09198355674743652, 4848
0.09198355674743652, 4847
0.09198355674743652, 4846
0.09198355674743652, 4845
0.09198355674743652, 4844
0.09198355674743652, 4843
0.09598636627197266, 4842
0.09598636627197266, 4841
0.09598636627197266, 4840
0.09598636627197266, 4839
0.09598636627197266, 4838
0.09598636627197266, 4837
0.09598636627197266, 4836
0.09998440742492676, 4835
0.09998440742492676, 4834
0.09998440742492676, 4833
0.09998440742492676, 4832
0.09998440742492676, 4831
0.09998440742492676, 4830
0.10398340225219727, 4829
0.10398340225219727, 4828
0.10398340225219727, 4827
0.10398340225219727, 4826
0.10398340225219727, 4825
0.10398340225219727, 4824
0.10798335075378418, 4823
0.10798335075378418, 4822
0.10798335075378418, 4821
0.10798335075378418, 4820
0.10798335075378418, 4819
0.1119832992553711, 4818
0.1119832992553711, 4817
0.1119832992553711, 4816
0.1119832992553711, 4815
0.1119832992553711, 4814
0.1119832992553711, 4813
0.11598372459411621, 4812
0.11598372459411621, 4811
0.11598372459411621, 4810
0.11598372459411621, 4809
0.11598372459411621, 4808
0.11998343467712402, 4807
0.11998343467712402, 4806
0.11998343467712402, 4805
0.11998343467712402, 4804
0.11998343467712402, 4803
0.11998343467712402, 4802
0.11998343467712402, 4801
0.12398338317871094, 4800
0.12398338317871094, 4799
0.12398338317871094, 4798
0.12398338317871094, 4797
0.12398338317871094, 4796
0.12398338317871094, 4795
0.12398338317871094, 4794
0.12798571586608887, 4793
0.12798571586608887, 4792
0.12798571586608887, 4791
0.12798571586608887, 4790
0.12798571586608887, 4789
0.13198637962341309, 4788
0.13198637962341309, 4787
0.13198637962341309, 4786
0.13198637962341309, 4785
0.13198637962341309, 4784
0.13198637962341309, 4783
0.1359846591949463, 4782
0.1359846591949463, 4781
0.1359846591949463, 4780
0.1359846591949463, 4779
0.1359846591949463, 4778
0.1359846591949463, 4777
0.1359846591949463, 4776
0.1399843692779541, 4775
0.1399843692779541, 4774
0.1399843692779541, 4773
0.1399843692779541, 4772
0.1399843692779541, 4771
0.1399843692779541, 4770
0.14398479461669922, 4769
0.14398479461669922, 4768
0.14398479461669922, 4767
0.14398479461669922, 4766
0.14798569679260254, 4765
0.14798569679260254, 4764
0.14798569679260254, 4763
0.14798569679260254, 4762
0.14798569679260254, 4761
0.14798569679260254, 4760
0.15198493003845215, 4759
0.15198493003845215, 4758
0.15198493003845215, 4757
0.15198493003845215, 4756
0.15198493003845215, 4755
0.15198493003845215, 4754
0.15198493003845215, 4753
0.15598487854003906, 4752
0.15598487854003906, 4751
0.15598487854003906, 4750
0.15598487854003906, 4749
0.15598487854003906, 4748
0.15598487854003906, 4747
0.15598487854003906, 4746
0.15998458862304688, 4745
0.15998458862304688, 4744
0.15998458862304688, 4743
0.15998458862304688, 4742
0.1639857292175293, 4741
0.1639857292175293, 4740
0.1639857292175293, 4739
0.1639857292175293, 4738
0.1679849624633789, 4737
0.1679849624633789, 4736
0.1679849624633789, 4735
0.1679849624633789, 4734
0.17198491096496582, 4733
0.17198491096496582, 4732
0.1760084629058838, 4731
0.1770918369293213, 4730
0.1770918369293213, 4729
0.17815518379211426, 4728
0.17917537689208984, 4727
0.17917537689208984, 4726
0.18024086952209473, 4725
0.18024086952209473, 4724
0.18024086952209473, 4723
0.18236541748046875, 4722
0.18236541748046875, 4721
0.18657922744750977, 4720
0.18657922744750977, 4719
0.18657922744750977, 4718
0.18657922744750977, 4717
0.18657922744750977, 4716
0.18657922744750977, 4715
0.1905813217163086, 4714
0.1905813217163086, 4713
0.1905813217163086, 4712
0.1905813217163086, 4711
0.1905813217163086, 4710
0.1905813217163086, 4709
0.1905813217163086, 4708
0.1945819854736328, 4707
0.1945819854736328, 4706
0.1945819854736328, 4705
0.1945819854736328, 4704
0.1945819854736328, 4703
0.1945819854736328, 4702
0.19858193397521973, 4701
0.19858193397521973, 4700
0.19858193397521973, 4699
0.19858193397521973, 4698
0.19858193397521973, 4697
0.20258164405822754, 4696
0.20258164405822754, 4695
0.20258164405822754, 4694
0.20258164405822754, 4693
0.20258164405822754, 4692
0.20258164405822754, 4691
0.20258164405822754, 4690
0.20258164405822754, 4689
0.20658421516418457, 4688
0.20658421516418457, 4687
0.20658421516418457, 4686
0.20658421516418457, 4685
0.21057891845703125, 4684
0.21057891845703125, 4683
0.21057891845703125, 4682
0.21057891845703125, 4681
0.21057891845703125, 4680
0.2145826816558838, 4679
0.2145826816558838, 4678
0.2145826816558838, 4677
0.2145826816558838, 4676
0.2145826816558838, 4675
0.2145826816558838, 4674
0.2185819149017334, 4673
0.2185819149017334, 4672
0.2185819149017334, 4671
0.2185819149017334, 4670
0.2185819149017334, 4669
0.2225818634033203, 4668
0.2225818634033203, 4667
0.2225818634033203, 4666
0.2225818634033203, 4665
0.22658491134643555, 4664
0.22658491134643555, 4663
0.22658491134643555, 4662
0.22658491134643555, 4661
0.22658491134643555, 4660
0.23058700561523438, 4659
0.23058700561523438, 4658
0.23058700561523438, 4657
0.23058700561523438, 4656
0.23058700561523438, 4655
0.23058700561523438, 4654
0.23058700561523438, 4653
0.23058700561523438, 4652
0.23458361625671387, 4651
0.23458361625671387, 4650
0.23458361625671387, 4649
0.23458361625671387, 4648
0.23458361625671387, 4647
0.23458361625671387, 4646
0.23858118057250977, 4645
0.23858118057250977, 4644
0.23858118057250977, 4643
0.24258112907409668, 4642
0.24258112907409668, 4641
0.24258112907409668, 4640
0.24258112907409668, 4639
0.24658203125, 4638
0.24658203125, 4637
0.24658203125, 4636
0.24658203125, 4635
0.24658203125, 4634
0.24658203125, 4633
0.24658203125, 4632
0.2505812644958496, 4631
0.2505812644958496, 4630
0.2505812644958496, 4629
0.2505812644958496, 4628
0.2505812644958496, 4627
0.2505812644958496, 4626
0.2545814514160156, 4625
0.2545814514160156, 4624
0.2545814514160156, 4623
0.25858139991760254, 4622
0.25858139991760254, 4621
0.25858139991760254, 4620
0.25858139991760254, 4619
0.25858139991760254, 4618
0.25858139991760254, 4617
0.26258111000061035, 4616
0.26258111000061035, 4615
0.26258111000061035, 4614
0.26258111000061035, 4613
0.26258111000061035, 4612
0.26258111000061035, 4611
0.26258111000061035, 4610
0.26258111000061035, 4609
0.26658129692077637, 4608
0.26658129692077637, 4607
0.26658129692077637, 4606
0.26658129692077637, 4605
0.26658129692077637, 4604
0.26658129692077637, 4603
0.2705810070037842, 4602
0.2705810070037842, 4601
0.2705810070037842, 4600
0.2705810070037842, 4599
0.2705810070037842, 4598
0.2745816707611084, 4597
0.2745816707611084, 4596
0.2785813808441162, 4595
0.2785813808441162, 4594
0.2785813808441162, 4593
0.2785813808441162, 4592
0.2785813808441162, 4591
0.2825813293457031, 4590
0.2825813293457031, 4589
0.2825813293457031, 4588
0.28658127784729004, 4587
0.28658127784729004, 4586
0.28658127784729004, 4585
0.28658127784729004, 4584
0.28658127784729004, 4583
0.28658127784729004, 4582
0.28658127784729004, 4581
0.29058122634887695, 4580
0.29058122634887695, 4579
0.29058122634887695, 4578
0.29058122634887695, 4577
0.29058122634887695, 4576
0.29058122634887695, 4575
0.29058122634887695, 4574
0.29458117485046387, 4573
0.29458117485046387, 4572
0.29458117485046387, 4571
0.29458117485046387, 4570
0.29458117485046387, 4569
0.2985818386077881, 4568
0.2985818386077881, 4567
0.2985818386077881, 4566
0.2985818386077881, 4565
0.2985818386077881, 4564
0.2985818386077881, 4563
0.3026409149169922, 4562
0.3026409149169922, 4561
0.3026409149169922, 4560
0.3026409149169922, 4559
0.3026409149169922, 4558
0.3065955638885498, 4557
0.3065955638885498, 4556
0.3065955638885498, 4555
0.3065955638885498, 4554
0.3065955638885498, 4553
0.3065955638885498, 4552
0.3065955638885498, 4551
0.3065955638885498, 4550
0.3105947971343994, 4549
0.3105947971343994, 4548
0.3105947971343994, 4547
0.3105947971343994, 4546
0.3105947971343994, 4545
0.3146677017211914, 4544
0.3146677017211914, 4543
0.3146677017211914, 4542
0.3146677017211914, 4541
0.3146677017211914, 4540
0.3146677017211914, 4539
0.3146677017211914, 4538
0.3146677017211914, 4537
0.3186075687408447, 4536
0.3186075687408447, 4535
0.3186075687408447, 4534
0.3186075687408447, 4533
0.3186075687408447, 4532
0.3186075687408447, 4531
0.3186075687408447, 4530
0.32260799407958984, 4529
0.32260799407958984, 4528
0.32260799407958984, 4527
0.32260799407958984, 4526
0.32260799407958984, 4525
0.32260799407958984, 4524
0.32260799407958984, 4523
0.32660961151123047, 4522
0.32666611671447754, 4521
0.32666611671447754, 4520
0.32666611671447754, 4519
0.32666611671447754, 4518
0.32666611671447754, 4517
0.33061957359313965, 4516
0.33061957359313965, 4515
0.33061957359313965, 4514
0.33061957359313965, 4513
0.33061957359313965, 4512
0.33061957359313965, 4511
0.33461952209472656, 4510
0.33461952209472656, 4509
0.3367645740509033, 4508
0.3367645740509033, 4507
0.3367645740509033, 4506
0.3367645740509033, 4505
0.3367645740509033, 4504
0.3367645740509033, 4503
0.3407144546508789, 4502
0.3407144546508789, 4501
0.3407144546508789, 4500
0.3407144546508789, 4499
0.3407144546508789, 4498
0.3407144546508789, 4497
0.3407144546508789, 4496
0.3407144546508789, 4495
0.34471559524536133, 4494
0.34471559524536133, 4493
0.34471559524536133, 4492
0.34471559524536133, 4491
0.34471559524536133, 4490
0.34471559524536133, 4489
0.34471559524536133, 4488
0.3487725257873535, 4487
0.3487725257873535, 4486
0.3487725257873535, 4485
0.3487725257873535, 4484
0.3487725257873535, 4483
0.35272789001464844, 4482
0.35272789001464844, 4481
0.35272789001464844, 4480
0.35272789001464844, 4479
0.35672831535339355, 4478
0.35672831535339355, 4477
0.35672831535339355, 4476
0.35672831535339355, 4475
0.35672831535339355, 4474
0.35672831535339355, 4473
0.35672831535339355, 4472
0.35672831535339355, 4471
0.36078739166259766, 4470
0.36078739166259766, 4469
0.36078739166259766, 4468
0.36078739166259766, 4467
0.36078739166259766, 4466
0.36078739166259766, 4465
0.36078739166259766, 4464
0.36474037170410156, 4463
0.36474037170410156, 4462
0.36474037170410156, 4461
0.3687400817871094, 4460
0.3687400817871094, 4459
0.3687400817871094, 4458
0.3687400817871094, 4457
0.3687400817871094, 4456
0.3727998733520508, 4455
0.3727998733520508, 4454
0.3727998733520508, 4453
0.3727998733520508, 4452
0.3727998733520508, 4451
0.3727998733520508, 4450
0.3727998733520508, 4449
0.3767518997192383, 4448
0.3767518997192383, 4447
0.3767518997192383, 4446
0.3767518997192383, 4445
0.3767518997192383, 4444
0.3767518997192383, 4443
0.3807520866394043, 4442
0.3807520866394043, 4441
0.3807520866394043, 4440
0.3807520866394043, 4439
0.38481616973876953, 4438
0.3885972499847412, 4437
0.39174509048461914, 4436
0.3927609920501709, 4435
0.39485812187194824, 4434
0.39485812187194824, 4433
0.39485812187194824, 4432
0.39701342582702637, 4431
0.3980824947357178, 4430
0.39914798736572266, 4429
0.39914798736572266, 4428
0.4001655578613281, 4427
0.40267372131347656, 4426
0.40273475646972656, 4425
0.40273475646972656, 4424
0.4047994613647461, 4423
0.4047994613647461, 4422
0.4047994613647461, 4421
0.4047994613647461, 4420
0.4087529182434082, 4419
0.4087529182434082, 4418
0.4087529182434082, 4417
0.4087529182434082, 4416
0.4087529182434082, 4415
0.4087529182434082, 4414
0.4127533435821533, 4413
0.4127533435821533, 4412
0.4127533435821533, 4411
0.4127533435821533, 4410
0.4127533435821533, 4409
0.41681599617004395, 4408
0.41681599617004395, 4407
0.41681599617004395, 4406
0.41681599617004395, 4405
0.41681599617004395, 4404
0.41681599617004395, 4403
0.42076683044433594, 4402
0.42076683044433594, 4401
0.42076683044433594, 4400
0.42076683044433594, 4399
0.42076683044433594, 4398
0.42476654052734375, 4397
0.42476654052734375, 4396
0.42476654052734375, 4395
0.42476654052734375, 4394
0.4287688732147217, 4393
0.4288301467895508, 4392
0.4288301467895508, 4391
0.4288301467895508, 4390
0.4288301467895508, 4389
0.4288301467895508, 4388
0.4288301467895508, 4387
0.4288301467895508, 4386
0.43277955055236816, 4385
0.43277955055236816, 4384
0.43277955055236816, 4383
0.43277955055236816, 4382
0.436779260635376, 4381
0.436779260635376, 4380
0.436779260635376, 4379
0.440838098526001, 4378
0.440838098526001, 4377
0.440838098526001, 4376
0.440838098526001, 4375
0.440838098526001, 4374
0.4447908401489258, 4373
0.4447908401489258, 4372
0.4447908401489258, 4371
0.4447908401489258, 4370
0.4447908401489258, 4369
0.4447908401489258, 4368
0.4487910270690918, 4367
0.4487910270690918, 4366
0.4487910270690918, 4365
0.452850341796875, 4364
0.452850341796875, 4363
0.452850341796875, 4362
0.452850341796875, 4361
0.452850341796875, 4360
0.4568030834197998, 4359
0.4568030834197998, 4358
0.4568030834197998, 4357
0.4568030834197998, 4356
0.4608030319213867, 4355
0.4608030319213867, 4354
0.4630122184753418, 4353
0.4630122184753418, 4352
0.4630122184753418, 4351
0.4630122184753418, 4350
0.4630122184753418, 4349
0.4630122184753418, 4348
0.46695756912231445, 4347
0.47095704078674316, 4346
0.47095704078674316, 4345
0.47095704078674316, 4344
0.47095704078674316, 4343
0.47095704078674316, 4342
0.47095704078674316, 4341
0.47498059272766113, 4340
0.47498059272766113, 4339
0.47498059272766113, 4338
0.47896885871887207, 4337
0.47896885871887207, 4336
0.47896885871887207, 4335
0.47896885871887207, 4334
0.482973575592041, 4333
0.482973575592041, 4332
0.482973575592041, 4331
0.482973575592041, 4330
0.482973575592041, 4329
0.482973575592041, 4328
0.48703551292419434, 4327
0.48703551292419434, 4326
0.48703551292419434, 4325
0.48703551292419434, 4324
0.48703551292419434, 4323
0.48703551292419434, 4322
0.48703551292419434, 4321
0.49098634719848633, 4320
0.49098634719848633, 4319
0.49498701095581055, 4318
0.49498701095581055, 4317
0.49498701095581055, 4316
0.49739670753479004, 4315
0.49739670753479004, 4314
0.49739670753479004, 4313
0.5013465881347656, 4312
0.5013465881347656, 4311
0.5013465881347656, 4310
0.5013465881347656, 4309
0.5013465881347656, 4308
0.5013465881347656, 4307
0.5053462982177734, 4306
0.5053462982177734, 4305
0.5053462982177734, 4304
0.5053462982177734, 4303
0.5053462982177734, 4302
0.5053462982177734, 4301
0.5094058513641357, 4300
0.5094058513641357, 4299
0.5094058513641357, 4298
0.5094058513641357, 4297
0.5094058513641357, 4296
0.513359546661377, 4295
0.513359546661377, 4294
0.513359546661377, 4293
0.513359546661377, 4292
0.513359546661377, 4291
0.513359546661377, 4290
0.5173585414886475, 4289
0.5173585414886475, 4288
0.5173585414886475, 4287
0.5173585414886475, 4286
0.5173585414886475, 4285
0.5173585414886475, 4284
0.5173585414886475, 4283
0.5173585414886475, 4282
0.5213923454284668, 4281
0.5213923454284668, 4280
0.5213923454284668, 4279
0.5213923454284668, 4278
0.5213923454284668, 4277
0.5213923454284668, 4276
0.5253715515136719, 4275
0.5253715515136719, 4274
0.5253715515136719, 4273
0.5253715515136719, 4272
0.529371976852417, 4271
0.529371976852417, 4270
0.5334427356719971, 4269
0.5334427356719971, 4268
0.5373833179473877, 4267
0.5373833179473877, 4266
0.5373833179473877, 4265
0.5373833179473877, 4264
0.5373833179473877, 4263
0.5373833179473877, 4262
0.5373833179473877, 4261
0.5413835048675537, 4260
0.5413835048675537, 4259
0.5413835048675537, 4258
0.5413835048675537, 4257
0.5454423427581787, 4256
0.5454423427581787, 4255
0.5454423427581787, 4254
0.5454423427581787, 4253
0.5454423427581787, 4252
0.5493965148925781, 4251
0.5493965148925781, 4250
0.5493965148925781, 4249
0.5493965148925781, 4248
0.5493965148925781, 4247
0.5533962249755859, 4246
0.5533962249755859, 4245
0.555535078048706, 4244
0.555535078048706, 4243
0.555535078048706, 4242
0.555535078048706, 4241
0.555535078048706, 4240
0.555535078048706, 4239
0.5594866275787354, 4238
0.5594866275787354, 4237
0.5594866275787354, 4236
0.5594866275787354, 4235
0.5594866275787354, 4234
0.5594866275787354, 4233
0.5634872913360596, 4232
0.5634872913360596, 4231
0.5634872913360596, 4230
0.567556619644165, 4229
0.567556619644165, 4228
0.567556619644165, 4227
0.567556619644165, 4226
0.567556619644165, 4225
0.5714988708496094, 4224
0.5714988708496094, 4223
0.5714988708496094, 4222
0.5714988708496094, 4221
0.5714988708496094, 4220
0.5714988708496094, 4219
0.5754997730255127, 4218
0.5754997730255127, 4217
0.5796623229980469, 4216
0.5796623229980469, 4215
0.5796623229980469, 4214
0.5796623229980469, 4213
0.5796623229980469, 4212
0.5796623229980469, 4211
0.5836117267608643, 4210
0.5836117267608643, 4209
0.5836117267608643, 4208
0.5897860527038574, 4207
0.5937364101409912, 4206
0.5937364101409912, 4205
0.5937364101409912, 4204
0.5937364101409912, 4203
0.5977375507354736, 4202
0.5977375507354736, 4201
0.5977375507354736, 4200
0.6017966270446777, 4199
0.6017966270446777, 4198
0.6057491302490234, 4197
0.6057491302490234, 4196
0.6057491302490234, 4195
0.6057491302490234, 4194
0.6097495555877686, 4193
0.6097495555877686, 4192
0.6129989624023438, 4191
0.6129989624023438, 4190
0.6129989624023438, 4189
0.6129989624023438, 4188
0.6129989624023438, 4187
0.6129989624023438, 4186
0.6129989624023438, 4185
0.6169478893280029, 4184
0.6169478893280029, 4183
0.6169478893280029, 4182
0.6169478893280029, 4181
0.6209471225738525, 4180
0.6209471225738525, 4179
0.6209471225738525, 4178
0.6209471225738525, 4177
0.6209471225738525, 4176
0.6209471225738525, 4175
0.6209471225738525, 4174
0.6250195503234863, 4173
0.6250195503234863, 4172
0.6250195503234863, 4171
0.6250195503234863, 4170
0.6289739608764648, 4169
0.6289739608764648, 4168
0.6289739608764648, 4167
0.6289739608764648, 4166
0.6289739608764648, 4165
0.6329751014709473, 4164
0.6329751014709473, 4163
0.6369979381561279, 4162
0.6369979381561279, 4161
0.6369979381561279, 4160
0.6369979381561279, 4159
0.6369979381561279, 4158
0.6369979381561279, 4157
0.6409873962402344, 4156
0.6449871063232422, 4155
0.6449871063232422, 4154
0.6449871063232422, 4153
0.6473228931427002, 4152
0.6473228931427002, 4151
0.6473228931427002, 4150
0.6473228931427002, 4149
0.6473228931427002, 4148
0.6512734889984131, 4147
0.6512734889984131, 4146
0.6512734889984131, 4145
0.6512734889984131, 4144
0.6512734889984131, 4143
0.6512734889984131, 4142
0.6552736759185791, 4141
0.6552736759185791, 4140
0.6593446731567383, 4139
0.6593446731567383, 4138
0.6593446731567383, 4137
0.6632862091064453, 4136
0.6632862091064453, 4135
0.6632862091064453, 4134
0.6632862091064453, 4133
0.6632862091064453, 4132
0.6672854423522949, 4131
0.66943359375, 4130
0.66943359375, 4129
0.6733837127685547, 4128
0.6733837127685547, 4127
0.6733837127685547, 4126
0.6733837127685547, 4125
0.6733837127685547, 4124
0.6733837127685547, 4123
0.6733837127685547, 4122
0.6733837127685547, 4121
0.6773838996887207, 4120
0.6796472072601318, 4119
0.6796472072601318, 4118
0.6796472072601318, 4117
0.6796472072601318, 4116
0.6796472072601318, 4115
0.6796472072601318, 4114
0.6835994720458984, 4113
0.6835994720458984, 4112
0.6835994720458984, 4111
0.6835994720458984, 4110
0.6835994720458984, 4109
0.6835994720458984, 4108
0.6875998973846436, 4107
0.6875998973846436, 4106
0.6875998973846436, 4105
0.6875998973846436, 4104
0.6875998973846436, 4103
0.6875998973846436, 4102
0.6916615962982178, 4101
0.6916615962982178, 4100
0.6916615962982178, 4099
0.6956124305725098, 4098
0.6956124305725098, 4097
0.6956124305725098, 4096
0.701751708984375, 4095
0.701751708984375, 4094
0.701751708984375, 4093
0.701751708984375, 4092
0.7057039737701416, 4091
0.7057039737701416, 4090
0.7057039737701416, 4089
0.7057039737701416, 4088
0.7057039737701416, 4087
0.7057039737701416, 4086
0.7057039737701416, 4085
0.7097041606903076, 4084
0.7097041606903076, 4083
0.7097041606903076, 4082
0.7097041606903076, 4081
0.7097041606903076, 4080
0.7137668132781982, 4079
0.7137668132781982, 4078
0.7137668132781982, 4077
0.7137668132781982, 4076
0.7137668132781982, 4075
0.717717170715332, 4074
0.717717170715332, 4073
0.717717170715332, 4072
0.721717357635498, 4071
0.721717357635498, 4070
0.721717357635498, 4069
0.721717357635498, 4068
0.721717357635498, 4067
0.7257769107818604, 4066
0.7297296524047852, 4065
0.7297296524047852, 4064
0.7297296524047852, 4063
0.7297296524047852, 4062
0.7297296524047852, 4061
0.7297296524047852, 4060
0.7337296009063721, 4059
0.7337296009063721, 4058
0.7337296009063721, 4057
0.7337296009063721, 4056
0.7337296009063721, 4055
0.7337296009063721, 4054
0.7377884387969971, 4053
0.7377884387969971, 4052
0.7377884387969971, 4051
0.7377884387969971, 4050
0.7377884387969971, 4049
0.7377884387969971, 4048
0.7417418956756592, 4047
0.7457423210144043, 4046
0.7457423210144043, 4045
0.7457423210144043, 4044
0.7457423210144043, 4043
0.7457423210144043, 4042
0.7498219013214111, 4041
0.7498219013214111, 4040
0.7498219013214111, 4039
0.7537548542022705, 4038
0.7537548542022705, 4037
0.7537548542022705, 4036
0.7577545642852783, 4035
0.7577545642852783, 4034
0.7577545642852783, 4033
0.7577545642852783, 4032
0.7618184089660645, 4031
0.7657668590545654, 4030
0.7657668590545654, 4029
0.7657668590545654, 4028
0.7697672843933105, 4027
0.7697672843933105, 4026
0.7697672843933105, 4025
0.7697672843933105, 4024
0.773827314376831, 4023
0.773827314376831, 4022
0.773827314376831, 4021
0.7777795791625977, 4020
0.7777795791625977, 4019
0.7777795791625977, 4018
0.7777795791625977, 4017
0.7777795791625977, 4016
0.7777795791625977, 4015
0.7777795791625977, 4014
0.7817797660827637, 4013
0.7817797660827637, 4012
0.7817797660827637, 4011
0.7817797660827637, 4010
0.785839319229126, 4009
0.785839319229126, 4008
0.785839319229126, 4007
0.785839319229126, 4006
0.7897913455963135, 4005
0.7897913455963135, 4004
0.7897913455963135, 4003
0.7897913455963135, 4002
0.7937917709350586, 4001
0.7937917709350586, 4000
0.7937917709350586, 3999
0.7978785037994385, 3998
0.7978785037994385, 3997
0.7978785037994385, 3996
0.7978785037994385, 3995
0.801804780960083, 3994
0.801804780960083, 3993
0.801804780960083, 3992
0.801804780960083, 3991
0.801804780960083, 3990
0.8058040142059326, 3989
0.8058040142059326, 3988
0.8058040142059326, 3987
0.8058040142059326, 3986
0.8058040142059326, 3985
0.8098645210266113, 3984
0.8098645210266113, 3983
0.8098645210266113, 3982
0.8098645210266113, 3981
0.8138167858123779, 3980
0.8138167858123779, 3979
0.8138167858123779, 3978
0.8178958892822266, 3977
0.8178958892822266, 3976
0.8189127445220947, 3975
0.8205063343048096, 3974
0.8237128257751465, 3973
0.8237128257751465, 3972
0.8258495330810547, 3971
0.8258495330810547, 3970
0.8268661499023438, 3969
0.8268661499023438, 3968
0.8278822898864746, 3967
0.8283984661102295, 3966
0.8301732540130615, 3965
0.8301732540130615, 3964
0.8301732540130615, 3963
0.8301732540130615, 3962
0.8341226577758789, 3961
0.8341226577758789, 3960
0.8381226062774658, 3959
0.8381226062774658, 3958
0.8381226062774658, 3957
0.8381226062774658, 3956
0.8421807289123535, 3955
0.8421807289123535, 3954
0.8421807289123535, 3953
0.8461341857910156, 3952
0.850135087966919, 3951
0.850135087966919, 3950
0.850135087966919, 3949
0.8541374206542969, 3948
0.8541946411132812, 3947
0.8541946411132812, 3946
0.8541946411132812, 3945
0.8541946411132812, 3944
0.858147382736206, 3943
0.8621478080749512, 3942
0.8621478080749512, 3941
0.8642745018005371, 3940
0.8642745018005371, 3939
0.8682272434234619, 3938
0.8682272434234619, 3937
0.8682272434234619, 3936
0.8682272434234619, 3935
0.8682272434234619, 3934
0.8682272434234619, 3933
0.8722267150878906, 3932
0.8762540817260742, 3931
0.8762540817260742, 3930
0.8802423477172852, 3929
0.8802423477172852, 3928
0.8802423477172852, 3927
0.8842401504516602, 3926
0.8842401504516602, 3925
0.8882994651794434, 3924
0.8882994651794434, 3923
0.8922524452209473, 3922
0.8922524452209473, 3921
0.8922524452209473, 3920
0.8922524452209473, 3919
0.8922524452209473, 3918
0.9003145694732666, 3917
0.9003145694732666, 3916
0.9003145694732666, 3915
0.9003145694732666, 3914
0.9003145694732666, 3913
0.9042668342590332, 3912
0.9042668342590332, 3911
0.9042668342590332, 3910
0.9042668342590332, 3909
0.9042668342590332, 3908
0.9042668342590332, 3907
0.9104893207550049, 3906
0.9104893207550049, 3905
0.9104893207550049, 3904
0.9104893207550049, 3903
0.9104893207550049, 3902
0.9144420623779297, 3901
0.9144420623779297, 3900
0.9184415340423584, 3899
0.9184415340423584, 3898
0.9184415340423584, 3897
0.9225006103515625, 3896
0.9225006103515625, 3895
0.9264533519744873, 3894
0.9264533519744873, 3893
0.9264533519744873, 3892
0.9264533519744873, 3891
0.930455207824707, 3890
0.930455207824707, 3889
0.930455207824707, 3888
0.9345130920410156, 3887
0.9384660720825195, 3886
0.9384660720825195, 3885
0.9384660720825195, 3884
0.9384660720825195, 3883
0.9384660720825195, 3882
0.9424660205841064, 3881
0.9424660205841064, 3880
0.944688081741333, 3879
0.944688081741333, 3878
0.944688081741333, 3877
0.944688081741333, 3876
0.9486405849456787, 3875
0.9486405849456787, 3874
0.9486405849456787, 3873
0.9526400566101074, 3872
0.9526400566101074, 3871
0.9526400566101074, 3870
0.9526400566101074, 3869
0.9566993713378906, 3868
0.9566993713378906, 3867
0.9566993713378906, 3866
0.9606523513793945, 3865
0.9606523513793945, 3864
0.9606523513793945, 3863
0.9646532535552979, 3862
0.9646532535552979, 3861
0.9646532535552979, 3860
0.9687118530273438, 3859
0.9687118530273438, 3858
0.9687118530273438, 3857
0.9726650714874268, 3856
0.9726650714874268, 3855
0.9726650714874268, 3854
0.9766652584075928, 3853
0.9766652584075928, 3852
0.9867901802062988, 3851
0.9867901802062988, 3850
0.9867901802062988, 3849
0.9908480644226074, 3848
0.9908480644226074, 3847
0.9908480644226074, 3846
0.9988088607788086, 3845
0.9988088607788086, 3844
1.0010924339294434, 3843
1.0010924339294434, 3842
1.0010924339294434, 3841
1.0010924339294434, 3840
1.0010924339294434, 3839
1.0050342082977295, 3838
1.0050342082977295, 3837
1.0090320110321045, 3836
1.0090320110321045, 3835
1.0090320110321045, 3834
1.0128931999206543, 3833
1.0128931999206543, 3832
1.0168530941009521, 3831
1.0168530941009521, 3830
1.0168530941009521, 3829
1.0168530941009521, 3828
1.0168530941009521, 3827
1.0168530941009521, 3826
1.0208497047424316, 3825
1.0208497047424316, 3824
1.0208497047424316, 3823
1.0208497047424316, 3822
1.024919033050537, 3821
1.024919033050537, 3820
1.024919033050537, 3819
1.024919033050537, 3818
1.024919033050537, 3817
1.0288622379302979, 3816
1.0328688621520996, 3815
1.0328688621520996, 3814
1.0328688621520996, 3813
1.0328688621520996, 3812
1.036926507949829, 3811
1.036926507949829, 3810
1.0408782958984375, 3809
1.0408782958984375, 3808
1.0408782958984375, 3807
1.0408782958984375, 3806
1.0408782958984375, 3805
1.0408782958984375, 3804
1.0408782958984375, 3803
1.046825647354126, 3802
1.046825647354126, 3801
1.046825647354126, 3800
1.046825647354126, 3799
1.046825647354126, 3798
1.0507769584655762, 3797
1.0507769584655762, 3796
1.0547747611999512, 3795
1.0547747611999512, 3794
1.0547747611999512, 3793
1.0588321685791016, 3792
1.0627880096435547, 3791
1.0667877197265625, 3790
1.0667877197265625, 3789
1.070859432220459, 3788
1.0748000144958496, 3787
1.0748000144958496, 3786
1.0788004398345947, 3785
1.0788004398345947, 3784
1.0788004398345947, 3783
1.0810511112213135, 3782
1.08500075340271, 3781
1.08500075340271, 3780
1.0890016555786133, 3779
1.0890016555786133, 3778
1.0890016555786133, 3777
1.09306001663208, 3776
1.09306001663208, 3775
1.09306001663208, 3774
1.0970144271850586, 3773
1.0970144271850586, 3772
1.1010138988494873, 3771
1.1031525135040283, 3770
1.107100486755371, 3769
1.107100486755371, 3768
1.107100486755371, 3767
1.111100435256958, 3766
1.111100435256958, 3765
1.111100435256958, 3764
1.1133806705474854, 3763
1.1133806705474854, 3762
1.1133806705474854, 3761
1.1133806705474854, 3760
1.1173293590545654, 3759
1.1213295459747314, 3758
1.1213295459747314, 3757
1.1213295459747314, 3756
1.1213295459747314, 3755
1.1213295459747314, 3754
1.1213295459747314, 3753
1.1253888607025146, 3752
1.1253888607025146, 3751
1.1253888607025146, 3750
1.1253888607025146, 3749
1.1253888607025146, 3748
1.1253888607025146, 3747
1.1253888607025146, 3746
1.1253888607025146, 3745
1.1253888607025146, 3744
1.1293420791625977, 3743
1.1293420791625977, 3742
1.1333422660827637, 3741
1.1333422660827637, 3740
1.1333422660827637, 3739
1.13741135597229, 3738
1.13741135597229, 3737
1.13741135597229, 3736
1.1413583755493164, 3735
1.1413583755493164, 3734
1.1413583755493164, 3733
1.1413583755493164, 3732
1.1413583755493164, 3731
1.1413583755493164, 3730
1.145359754562378, 3729
1.1476984024047852, 3728
1.1476984024047852, 3727
1.1476984024047852, 3726
1.1516413688659668, 3725
1.1516413688659668, 3724
1.1516413688659668, 3723
1.1516413688659668, 3722
1.1556742191314697, 3721
1.1556742191314697, 3720
1.1596732139587402, 3719
1.1596732139587402, 3718
1.1596732139587402, 3717
1.1596732139587402, 3716
1.1636779308319092, 3715
1.1636779308319092, 3714
1.1636779308319092, 3713
1.1636779308319092, 3712
1.1636779308319092, 3711
1.169797658920288, 3710
1.169797658920288, 3709
1.169797658920288, 3708
1.1738231182098389, 3707
1.1738231182098389, 3706
1.1738231182098389, 3705
1.1738231182098389, 3704
1.1738231182098389, 3703
1.1738231182098389, 3702
1.1777851581573486, 3701
1.1777851581573486, 3700
1.1817834377288818, 3699
1.1817834377288818, 3698
1.1817834377288818, 3697
1.1817834377288818, 3696
1.1817834377288818, 3695
1.1857857704162598, 3694
1.1857857704162598, 3693
1.189819097518921, 3692
1.189819097518921, 3691
1.189819097518921, 3690
1.189819097518921, 3689
1.1938321590423584, 3688
1.1938321590423584, 3687
1.1978585720062256, 3686
1.1978585720062256, 3685
1.1978585720062256, 3684
1.1978585720062256, 3683
1.2018632888793945, 3682
1.2018632888793945, 3681
1.2058632373809814, 3680
1.2058632373809814, 3679
1.2098629474639893, 3678
1.2098629474639893, 3677
1.2098629474639893, 3676
1.2161211967468262, 3675
1.2161211967468262, 3674
1.2161211967468262, 3673
1.2161211967468262, 3672
1.2161211967468262, 3671
1.2201488018035889, 3670
1.2201488018035889, 3669
1.2241535186767578, 3668
1.2241535186767578, 3667
1.2281138896942139, 3666
1.2281138896942139, 3665
1.2321500778198242, 3664
1.2321500778198242, 3663
1.2361137866973877, 3662
1.2361137866973877, 3661
1.238417387008667, 3660
1.238417387008667, 3659
1.238417387008667, 3658
1.238417387008667, 3657
1.2424468994140625, 3656
1.2424468994140625, 3655
1.2424468994140625, 3654
1.2464165687561035, 3653
1.250485897064209, 3652
1.250485897064209, 3651
1.250485897064209, 3650
1.2545006275177002, 3649
1.2545006275177002, 3648
1.2545006275177002, 3647
1.2605071067810059, 3646
1.2605071067810059, 3645
1.2645339965820312, 3644
1.2645339965820312, 3643
1.2684965133666992, 3642
1.2684965133666992, 3641
1.2684965133666992, 3640
1.2706305980682373, 3639
1.2706305980682373, 3638
1.2746672630310059, 3637
1.2746672630310059, 3636
1.2746672630310059, 3635
1.2746672630310059, 3634
1.2808129787445068, 3633
1.2847568988800049, 3632
1.2847568988800049, 3631
1.2887578010559082, 3630
1.2927570343017578, 3629
1.2967543601989746, 3628
1.2967543601989746, 3627
1.2967543601989746, 3626
1.3007526397705078, 3625
1.3007526397705078, 3624
1.3007526397705078, 3623
1.3007526397705078, 3622
1.3007526397705078, 3621
1.3047528266906738, 3620
1.3047528266906738, 3619
1.3087525367736816, 3618
1.3087525367736816, 3617
1.3087525367736816, 3616
1.3087525367736816, 3615
1.3087525367736816, 3614
1.3127551078796387, 3613
1.3127551078796387, 3612
1.3127551078796387, 3611
1.3167526721954346, 3610
1.3167526721954346, 3609
1.3207526206970215, 3608
1.3207526206970215, 3607
1.3207526206970215, 3606
1.3207526206970215, 3605
1.3207526206970215, 3604
1.3247523307800293, 3603
1.3247523307800293, 3602
1.3287546634674072, 3601
1.3327531814575195, 3600
1.3327531814575195, 3599
1.3367528915405273, 3598
1.3367528915405273, 3597
1.3367528915405273, 3596
1.3407526016235352, 3595
1.3407526016235352, 3594
1.3407526016235352, 3593
1.3407526016235352, 3592
1.3407526016235352, 3591
1.3407526016235352, 3590
1.3447575569152832, 3589
1.3447575569152832, 3588
1.3487904071807861, 3587
1.3487904071807861, 3586
1.3527894020080566, 3585
1.3527894020080566, 3584
1.3567883968353271, 3583
1.3567883968353271, 3582
1.36079740524292, 3581
1.36079740524292, 3580
1.3627541065216064, 3579
1.3627541065216064, 3578
1.3667712211608887, 3577
1.3667712211608887, 3576
1.3667712211608887, 3575
1.3667712211608887, 3574
1.3707685470581055, 3573
1.3707685470581055, 3572
1.3747975826263428, 3571
1.3747975826263428, 3570
1.3747975826263428, 3569
1.3788154125213623, 3568
1.3788154125213623, 3567
1.382812738418579, 3566
1.382812738418579, 3565
1.382812738418579, 3564
1.386826753616333, 3563
1.386826753616333, 3562
1.386826753616333, 3561
1.386826753616333, 3560
1.386826753616333, 3559
1.3908658027648926, 3558
1.3908658027648926, 3557
1.3908658027648926, 3556
1.3908658027648926, 3555
1.3948640823364258, 3554
1.3948640823364258, 3553
1.3948640823364258, 3552
1.3970656394958496, 3551
1.3970656394958496, 3550
1.3970656394958496, 3549
1.3970656394958496, 3548
1.401102066040039, 3547
1.401102066040039, 3546
1.401102066040039, 3545
1.401102066040039, 3544
1.401102066040039, 3543
1.4051008224487305, 3542
1.4051008224487305, 3541
1.4131598472595215, 3540
1.4131598472595215, 3539
1.4212396144866943, 3538
1.4212396144866943, 3537
1.4212396144866943, 3536
1.4212396144866943, 3535
1.4252076148986816, 3534
1.4252076148986816, 3533
1.4252076148986816, 3532
1.4291715621948242, 3531
1.4291715621948242, 3530
1.4291715621948242, 3529
1.4291715621948242, 3528
1.4291715621948242, 3527
1.4291715621948242, 3526
1.4291715621948242, 3525
1.4372520446777344, 3524
1.4412555694580078, 3523
1.4433314800262451, 3522
1.4433314800262451, 3521
1.4433314800262451, 3520
1.4473657608032227, 3519
1.4473657608032227, 3518
1.4473657608032227, 3517
1.4513773918151855, 3516
1.4513773918151855, 3515
1.4513773918151855, 3514
1.4513773918151855, 3513
1.4553697109222412, 3512
1.4553697109222412, 3511
1.4553697109222412, 3510
1.4553697109222412, 3509
1.4594159126281738, 3508
1.4594159126281738, 3507
1.4594159126281738, 3506
1.4634196758270264, 3505
1.4674291610717773, 3504
1.4714651107788086, 3503
1.4714651107788086, 3502
1.4714651107788086, 3501
1.4714651107788086, 3500
1.4754648208618164, 3499
1.4754648208618164, 3498
1.4754648208618164, 3497
1.479349136352539, 3496
1.4873881340026855, 3495
1.4873881340026855, 3494
1.489501714706421, 3493
1.489501714706421, 3492
1.489501714706421, 3491
1.489501714706421, 3490
1.493542194366455, 3489
1.493542194366455, 3488
1.497542381286621, 3487
1.497542381286621, 3486
1.5015761852264404, 3485
1.5015761852264404, 3484
1.5015761852264404, 3483
1.5055875778198242, 3482
1.5055875778198242, 3481
1.5095868110656738, 3480
1.5115931034088135, 3479
1.5115931034088135, 3478
1.5115931034088135, 3477
1.5156259536743164, 3476
1.5156259536743164, 3475
1.5156259536743164, 3474
1.5156259536743164, 3473
1.5196244716644287, 3472
1.5196244716644287, 3471
1.5217444896697998, 3470
1.5257797241210938, 3469
1.5257797241210938, 3468
1.5257797241210938, 3467
1.5297808647155762, 3466
1.5297808647155762, 3465
1.5297808647155762, 3464
1.532623052597046, 3463
1.532623052597046, 3462
1.5366034507751465, 3461
1.5366034507751465, 3460
1.5406339168548584, 3459
1.5406339168548584, 3458
1.5416877269744873, 3457
1.5416877269744873, 3456
1.5416877269744873, 3455
1.5439791679382324, 3454
1.5439791679382324, 3453
1.5439791679382324, 3452
1.5473699569702148, 3451
1.5522472858428955, 3450
1.553302526473999, 3449
1.553302526473999, 3448
1.553302526473999, 3447
1.553302526473999, 3446
1.553302526473999, 3445
1.553302526473999, 3444
1.5613398551940918, 3443
1.563697099685669, 3442
1.563697099685669, 3441
1.563697099685669, 3440
1.563697099685669, 3439
1.5676488876342773, 3438
1.5676488876342773, 3437
1.5716874599456787, 3436
1.5740041732788086, 3435
1.578033208847046, 3434
1.5841505527496338, 3433
1.5841505527496338, 3432
1.5841505527496338, 3431
1.5841505527496338, 3430
1.5921878814697266, 3429
1.5921878814697266, 3428
1.5960297584533691, 3427
1.5960297584533691, 3426
1.600015640258789, 3425
1.6040153503417969, 3424
1.6080291271209717, 3423
1.6120750904083252, 3422
1.6160662174224854, 3421
1.6160662174224854, 3420
1.6160662174224854, 3419
1.6160662174224854, 3418
1.6160662174224854, 3417
1.6182000637054443, 3416
1.6221885681152344, 3415
1.6221885681152344, 3414
1.6221885681152344, 3413
1.6221885681152344, 3412
1.6261496543884277, 3411
1.6261496543884277, 3410
1.6323375701904297, 3409
1.6323375701904297, 3408
1.6323375701904297, 3407
1.6323375701904297, 3406
1.6323375701904297, 3405
1.6323375701904297, 3404
1.6363370418548584, 3403
1.6363370418548584, 3402
1.640350103378296, 3401
1.640350103378296, 3400
1.640350103378296, 3399
1.648385763168335, 3398
1.648385763168335, 3397
1.648385763168335, 3396
1.650590181350708, 3395
1.650590181350708, 3394
1.650590181350708, 3393
1.6585733890533447, 3392
1.6585733890533447, 3391
1.6585733890533447, 3390
1.6585733890533447, 3389
1.6585733890533447, 3388
1.664968490600586, 3387
1.6689658164978027, 3386
1.6689658164978027, 3385
1.6729755401611328, 3384
1.6770131587982178, 3383
1.6770131587982178, 3382
1.6770131587982178, 3381
1.6810097694396973, 3380
1.6810097694396973, 3379
1.687286376953125, 3378
1.6912853717803955, 3377
1.6912853717803955, 3376
1.6912853717803955, 3375
1.6953647136688232, 3374
1.6953647136688232, 3373
1.6993002891540527, 3372
1.6993002891540527, 3371
1.7032921314239502, 3370
1.7032921314239502, 3369
1.7072923183441162, 3368
1.7072923183441162, 3367
1.7112922668457031, 3366
1.7112922668457031, 3365
1.7112922668457031, 3364
1.7112922668457031, 3363
1.719292402267456, 3362
1.719292402267456, 3361
1.719292402267456, 3360
1.719292402267456, 3359
1.719292402267456, 3358
1.719292402267456, 3357
1.723292589187622, 3356
1.723292589187622, 3355
1.723292589187622, 3354
1.723292589187622, 3353
1.727292537689209, 3352
1.727292537689209, 3351
1.727292537689209, 3350
1.735292673110962, 3349
1.735292673110962, 3348
1.735292673110962, 3347
1.7392923831939697, 3346
1.7432925701141357, 3345
1.7432925701141357, 3344
1.74729323387146, 3343
1.74729323387146, 3342
1.7512927055358887, 3341
1.7512927055358887, 3340
1.7512927055358887, 3339
1.7552926540374756, 3338
1.7672929763793945, 3337
1.7672929763793945, 3336
1.7672929763793945, 3335
1.7672929763793945, 3334
1.7712926864624023, 3333
1.7792942523956299, 3332
1.7792942523956299, 3331
1.7832930088043213, 3330
1.7872929573059082, 3329
1.7912929058074951, 3328
1.7912929058074951, 3327
1.795292615890503, 3326
1.799292802810669, 3325
1.799292802810669, 3324
1.799292802810669, 3323
1.803292989730835, 3322
1.803292989730835, 3321
1.803292989730835, 3320
1.8072926998138428, 3319
1.8072926998138428, 3318
1.8072926998138428, 3317
1.8072926998138428, 3316
1.8112940788269043, 3315
1.8112940788269043, 3314
1.815293550491333, 3313
1.815293550491333, 3312
1.8192927837371826, 3311
1.8192927837371826, 3310
1.8273005485534668, 3309
1.8273005485534668, 3308
1.8312931060791016, 3307
1.8312931060791016, 3306
1.8352925777435303, 3305
1.8352925777435303, 3304
1.8352925777435303, 3303
1.8352925777435303, 3302
1.8352925777435303, 3301
1.8432929515838623, 3300
1.8472933769226074, 3299
1.8472933769226074, 3298
1.8472933769226074, 3297
1.855292797088623, 3296
1.8592934608459473, 3295
1.8592934608459473, 3294
1.889470100402832, 3293
1.889470100402832, 3292
1.8934686183929443, 3291
1.8934686183929443, 3290
1.8934686183929443, 3289
1.8934686183929443, 3288
1.8974683284759521, 3287
1.8974683284759521, 3286
1.9094734191894531, 3285
1.929469347000122, 3284
1.929469347000122, 3283
1.929469347000122, 3282
1.929469347000122, 3281
1.929469347000122, 3280
1.9334721565246582, 3279
1.9334721565246582, 3278
1.9334721565246582, 3277
1.9334721565246582, 3276
1.9374730587005615, 3275
1.9374730587005615, 3274
1.9374730587005615, 3273
1.9374730587005615, 3272
1.9414725303649902, 3271
1.9454681873321533, 3270
1.9454681873321533, 3269
1.9454681873321533, 3268
1.9454681873321533, 3267
1.9494731426239014, 3266
1.9534730911254883, 3265
1.957472324371338, 3264
1.957472324371338, 3263
1.9614708423614502, 3262
1.9614708423614502, 3261
1.9614708423614502, 3260
1.96547269821167, 3259
1.9694757461547852, 3258
1.9694757461547852, 3257
1.9734735488891602, 3256
1.9734735488891602, 3255
1.9774706363677979, 3254
1.9774706363677979, 3253
1.9854931831359863, 3252
1.9894945621490479, 3251
1.9894945621490479, 3250
1.9894945621490479, 3249
1.9894945621490479, 3248
1.9935054779052734, 3247
1.9935054779052734, 3246
1.9975230693817139, 3245
1.9975230693817139, 3244
2.0015077590942383, 3243
2.0095112323760986, 3242
2.0134713649749756, 3241
2.0134713649749756, 3240
2.0134713649749756, 3239
2.025510311126709, 3238
2.0294699668884277, 3237
2.033506155014038, 3236
2.033506155014038, 3235
2.033506155014038, 3234
2.041506767272949, 3233
2.041506767272949, 3232
2.045471668243408, 3231
2.045471668243408, 3230
2.045471668243408, 3229
2.0495049953460693, 3228
2.0535035133361816, 3227
2.0535035133361816, 3226
2.0535035133361816, 3225
2.0615062713623047, 3224
2.0615062713623047, 3223
2.0655083656311035, 3222
2.0655083656311035, 3221
2.0655083656311035, 3220
2.0655083656311035, 3219
2.069507360458374, 3218
2.069507360458374, 3217
2.0775063037872314, 3216
2.0775063037872314, 3215
2.0815086364746094, 3214
2.0815086364746094, 3213
2.0895068645477295, 3212
2.09350848197937, 3211
2.0958380699157715, 3210
2.1038289070129395, 3209
2.1078193187713623, 3208
2.1078193187713623, 3207
2.11181640625, 3206
2.11181640625, 3205
2.11181640625, 3204
2.1158204078674316, 3203
2.1158204078674316, 3202
2.1158204078674316, 3201
2.119879961013794, 3200
2.119879961013794, 3199
2.1238341331481934, 3198
2.1238341331481934, 3197
2.130178689956665, 3196
2.130178689956665, 3195
2.130178689956665, 3194
2.1382007598876953, 3193
2.1421613693237305, 3192
2.1421613693237305, 3191
2.1461637020111084, 3190
2.1461637020111084, 3189
2.1461637020111084, 3188
2.152320384979248, 3187
2.152320384979248, 3186
2.152320384979248, 3185
2.152320384979248, 3184
2.152320384979248, 3183
2.1563498973846436, 3182
2.1563498973846436, 3181
2.1563498973846436, 3180
2.16654109954834, 3179
2.16654109954834, 3178
2.1705422401428223, 3177
2.1705422401428223, 3176
2.1786181926727295, 3175
2.1786181926727295, 3174
2.18473219871521, 3173
2.18473219871521, 3172
2.19276762008667, 3171
2.19276762008667, 3170
2.195849895477295, 3169
2.1998770236968994, 3168
2.1998770236968994, 3167
2.1998770236968994, 3166
2.1998770236968994, 3165
2.1998770236968994, 3164
2.203878402709961, 3163
2.203878402709961, 3162
2.2065563201904297, 3161
2.2065563201904297, 3160
2.210598945617676, 3159
2.210598945617676, 3158
2.2145960330963135, 3157
2.2145960330963135, 3156
2.216745138168335, 3155
2.216745138168335, 3154
2.2207834720611572, 3153
2.227041482925415, 3152
2.231046438217163, 3151
2.231046438217163, 3150
2.231046438217163, 3149
2.2390854358673096, 3148
2.2390854358673096, 3147
2.2471365928649902, 3146
2.2471365928649902, 3145
2.2585744857788086, 3144
2.264831781387329, 3143
2.264831781387329, 3142
2.264831781387329, 3141
2.2688300609588623, 3140
2.2688300609588623, 3139
2.2728419303894043, 3138
2.276880979537964, 3137
2.276880979537964, 3136
2.280879497528076, 3135
2.283050060272217, 3134
2.287083625793457, 3133
2.2932324409484863, 3132
2.2932324409484863, 3131
2.2932324409484863, 3130
2.297269582748413, 3129
2.297269582748413, 3128
2.297269582748413, 3127
2.30126953125, 3126
2.30126953125, 3125
2.3035831451416016, 3124
2.3035831451416016, 3123
2.3035831451416016, 3122
2.3035831451416016, 3121
2.3076224327087402, 3120
2.3076224327087402, 3119
2.3076224327087402, 3118
2.3076224327087402, 3117
2.311617851257324, 3116
2.313511610031128, 3115
2.313511610031128, 3114
2.313511610031128, 3113
2.313511610031128, 3112
2.317542314529419, 3111
2.3215441703796387, 3110
2.3276913166046143, 3109
2.3347909450531006, 3108
2.355232000350952, 3107
2.355232000350952, 3106
2.3568058013916016, 3105
2.3568058013916016, 3104
2.366895914077759, 3103
2.3770546913146973, 3102
2.3770546913146973, 3101
2.3770546913146973, 3100
2.3770546913146973, 3099
2.3770546913146973, 3098
2.3770546913146973, 3097
2.3851096630096436, 3096
2.387162685394287, 3095
2.387162685394287, 3094
2.387162685394287, 3093
2.387162685394287, 3092
2.387162685394287, 3091
2.3973777294158936, 3090
2.4075019359588623, 3089
2.4075019359588623, 3088
2.4075019359588623, 3087
2.4075019359588623, 3086
2.4075019359588623, 3085
2.4176485538482666, 3084
2.4176485538482666, 3083
2.4176485538482666, 3082
2.4277610778808594, 3081
2.4277610778808594, 3080
2.4277610778808594, 3079
2.4277610778808594, 3078
2.4358482360839844, 3077
2.437929391860962, 3076
2.437929391860962, 3075
2.437929391860962, 3074
2.448042154312134, 3073
2.448042154312134, 3072
2.448042154312134, 3071
2.458205223083496, 3070
2.458205223083496, 3069
2.458205223083496, 3068
2.458205223083496, 3067
2.458205223083496, 3066
2.458205223083496, 3065
2.458205223083496, 3064
2.458205223083496, 3063
2.478470802307129, 3062
2.478470802307129, 3061
2.4865496158599854, 3060
2.4886136054992676, 3059
2.4886136054992676, 3058
2.4886136054992676, 3057
2.4886136054992676, 3056
2.4886136054992676, 3055
2.4886136054992676, 3054
2.4967122077941895, 3053
2.4967122077941895, 3052
2.4967122077941895, 3051
2.4987874031066895, 3050
2.5089328289031982, 3049
2.5089328289031982, 3048
2.5190844535827637, 3047
2.5190844535827637, 3046
2.5271213054656982, 3045
2.5271213054656982, 3044
2.5371928215026855, 3043
2.5392491817474365, 3042
2.5392491817474365, 3041
2.5392491817474365, 3040
2.5392491817474365, 3039
2.5392491817474365, 3038
2.5392491817474365, 3037
2.5392491817474365, 3036
2.5392491817474365, 3035
2.5392491817474365, 3034
2.5473034381866455, 3033
2.5493805408477783, 3032
2.5493805408477783, 3031
2.5493805408477783, 3030
2.5493805408477783, 3029
2.5493805408477783, 3028
2.5595521926879883, 3027
2.5595521926879883, 3026
2.569681167602539, 3025
2.569681167602539, 3024
2.569681167602539, 3023
2.5777597427368164, 3022
2.5777597427368164, 3021
2.5777597427368164, 3020
2.579828977584839, 3019
2.579828977584839, 3018
2.579828977584839, 3017
2.579828977584839, 3016
2.589970350265503, 3015
2.589970350265503, 3014
2.589970350265503, 3013
2.589970350265503, 3012
2.589970350265503, 3011
2.589970350265503, 3010
2.6001179218292236, 3009
2.6001179218292236, 3008
2.6001179218292236, 3007
2.6081981658935547, 3006
2.6102287769317627, 3005
2.6102287769317627, 3004
2.6102287769317627, 3003
2.6102287769317627, 3002
2.6102287769317627, 3001
2.618370294570923, 3000
2.6204259395599365, 2999
2.6204259395599365, 2998
2.628481388092041, 2997
2.630549192428589, 2996
2.6407594680786133, 2995
2.6407594680786133, 2994
2.6508679389953613, 2993
2.6508679389953613, 2992
2.6508679389953613, 2991
2.661017417907715, 2990
2.661017417907715, 2989
2.6711339950561523, 2988
2.6711339950561523, 2987
2.6711339950561523, 2986
2.6817092895507812, 2985
2.6897804737091064, 2984
2.6897804737091064, 2983
2.691847324371338, 2982
2.691847324371338, 2981
2.691847324371338, 2980
2.7020206451416016, 2979
2.7020206451416016, 2978
2.7100741863250732, 2977
2.7120907306671143, 2976
2.7202107906341553, 2975
2.7222726345062256, 2974
2.7222726345062256, 2973
2.7222726345062256, 2972
2.732393264770508, 2971
2.732393264770508, 2970
2.742521286010742, 2969
2.742521286010742, 2968
2.742521286010742, 2967
2.742521286010742, 2966
2.7505764961242676, 2965
2.7526323795318604, 2964
2.7526323795318604, 2963
2.7526323795318604, 2962
2.7607505321502686, 2961
2.762808322906494, 2960
2.762808322906494, 2959
2.7708640098571777, 2958
2.7729179859161377, 2957
2.7729179859161377, 2956
2.7729179859161377, 2955
2.7810018062591553, 2954
2.791132926940918, 2953
2.791132926940918, 2952
2.79318904876709, 2951
2.8012702465057373, 2950
2.80332350730896, 2949
2.80332350730896, 2948
2.8134334087371826, 2947
2.8134334087371826, 2946
2.8215293884277344, 2945
2.8235888481140137, 2944
2.8235888481140137, 2943
2.833711624145508, 2942
2.8418126106262207, 2941
2.8438689708709717, 2940
2.8438689708709717, 2939
2.8438689708709717, 2938
2.8539857864379883, 2937
2.8539857864379883, 2936
2.8539857864379883, 2935
2.8539857864379883, 2934
2.8640782833099365, 2933
2.8640782833099365, 2932
2.8741848468780518, 2931
2.8741848468780518, 2930
2.882260799407959, 2929
2.8843166828155518, 2928
2.8843166828155518, 2927
2.8843166828155518, 2926
2.8843166828155518, 2925
2.8843166828155518, 2924
2.8944530487060547, 2923
2.8944530487060547, 2922
2.902531862258911, 2921
2.90459942817688, 2920
2.9248969554901123, 2919
2.9248969554901123, 2918
2.9350192546844482, 2917
2.9350192546844482, 2916
2.9350192546844482, 2915
2.9350192546844482, 2914
2.943096876144409, 2913
2.9451842308044434, 2912
2.9451842308044434, 2911
2.9532413482666016, 2910
2.955294370651245, 2909
2.955294370651245, 2908
2.955294370651245, 2907
2.965471029281616, 2906
2.965471029281616, 2905
2.975587844848633, 2904
2.975587844848633, 2903
2.9836645126342773, 2902
2.985722541809082, 2901
2.985722541809082, 2900
2.985722541809082, 2899
2.985722541809082, 2898
2.993777275085449, 2897
2.9958393573760986, 2896
2.9958393573760986, 2895
3.0059804916381836, 2894
3.0140349864959717, 2893
3.016087770462036, 2892
3.016087770462036, 2891
3.016087770462036, 2890
3.026200532913208, 2889
3.026200532913208, 2888
3.034259557723999, 2887
3.034259557723999, 2886
3.034259557723999, 2885
3.034259557723999, 2884
3.0443780422210693, 2883
3.046440362930298, 2882
3.0545101165771484, 2881
3.056577444076538, 2880
3.0669057369232178, 2879
3.0669057369232178, 2878
3.0669057369232178, 2877
3.0669057369232178, 2876
3.0669057369232178, 2875
3.077014207839966, 2874
3.077014207839966, 2873
3.085106372833252, 2872
3.0871617794036865, 2871
3.0952115058898926, 2870
3.0972800254821777, 2869
3.0972800254821777, 2868
3.0972800254821777, 2867
3.108724355697632, 2866
3.1290295124053955, 2865
3.1290295124053955, 2864
3.1290295124053955, 2863
3.1290295124053955, 2862
3.1370863914489746, 2861
3.1370863914489746, 2860
3.1370863914489746, 2859
3.1391403675079346, 2858
3.149289131164551, 2857
3.149289131164551, 2856
3.169591188430786, 2855
3.169591188430786, 2854
3.179687976837158, 2853
3.1898248195648193, 2852
3.1898248195648193, 2851
3.1999127864837646, 2850
3.1999127864837646, 2849
3.1999127864837646, 2848
3.1999127864837646, 2847
3.1999127864837646, 2846
3.2100672721862793, 2845
3.2100672721862793, 2844
3.2100672721862793, 2843
3.2100672721862793, 2842
3.2181272506713867, 2841
3.2201757431030273, 2840
3.2201757431030273, 2839
3.2201757431030273, 2838
3.2201757431030273, 2837
3.22830867767334, 2836
3.2384181022644043, 2835
3.240442991256714, 2834
3.250526189804077, 2833
3.2505948543548584, 2832
3.2505948543548584, 2831
3.2607080936431885, 2830
3.2607080936431885, 2829
3.2688071727752686, 2828
3.270879030227661, 2827
3.270879030227661, 2826
3.2789363861083984, 2825
3.2809898853302, 2824
3.2809898853302, 2823
3.2809898853302, 2822
3.289036273956299, 2821
3.291548728942871, 2820
3.291548728942871, 2819
3.299617052078247, 2818
3.299617052078247, 2817
3.3016700744628906, 2816
3.319826364517212, 2815
3.3218796253204346, 2814
3.329926013946533, 2813
3.330000400543213, 2812
3.342212200164795, 2811
3.350297451019287, 2810
3.3523519039154053, 2809
3.3523519039154053, 2808
3.3523519039154053, 2807
3.3523519039154053, 2806
3.3624684810638428, 2805
3.3624684810638428, 2804
3.372607707977295, 2803
3.372607707977295, 2802
3.372607707977295, 2801
3.372607707977295, 2800
3.372607707977295, 2799
3.372607707977295, 2798
3.372607707977295, 2797
3.372607707977295, 2796
3.3827154636383057, 2795
3.3928442001342773, 2794
3.4029550552368164, 2793
3.4029550552368164, 2792
3.4029550552368164, 2791
3.4029550552368164, 2790
3.4029550552368164, 2789
3.4130921363830566, 2788
3.4130921363830566, 2787
3.4211552143096924, 2786
3.423208713531494, 2785
3.4313361644744873, 2784
3.4313361644744873, 2783
3.443511962890625, 2782
3.443511962890625, 2781
3.443511962890625, 2780
3.443511962890625, 2779
3.443511962890625, 2778
3.463758707046509, 2777
3.463758707046509, 2776
3.463758707046509, 2775
3.463758707046509, 2774
3.4738903045654297, 2773
3.4738903045654297, 2772
3.4840080738067627, 2771
3.492089033126831, 2770
3.5042612552642822, 2769
3.5042612552642822, 2768
3.5042612552642822, 2767
3.512338399887085, 2766
3.5144054889678955, 2765
3.524548292160034, 2764
3.524548292160034, 2763
3.5326504707336426, 2762
3.5326504707336426, 2761
3.5326504707336426, 2760
3.5427181720733643, 2759
3.544783592224121, 2758
3.544783592224121, 2757
3.5549285411834717, 2756
3.5752320289611816, 2755
3.5752320289611816, 2754
3.6055493354797363, 2753
3.6135823726654053, 2752
3.6135823726654053, 2751
3.625744581222534, 2750
3.625744581222534, 2749
3.633821964263916, 2748
3.635878324508667, 2747
3.645991563796997, 2746
3.645991563796997, 2745
3.645991563796997, 2744
3.645991563796997, 2743
3.6540701389312744, 2742
3.6561248302459717, 2741
3.6561248302459717, 2740
3.6641809940338135, 2739
3.666234254837036, 2738
3.666234254837036, 2737
3.6763625144958496, 2736
3.686511993408203, 2735
3.686511993408203, 2734
3.696899890899658, 2733
3.705087661743164, 2732
3.7071568965911865, 2731
3.7071568965911865, 2730
3.715212345123291, 2729
3.7172932624816895, 2728
3.7172932624816895, 2727
3.727426052093506, 2726
3.735496759414673, 2725
3.735496759414673, 2724
3.747729539871216, 2723
3.7557973861694336, 2722
3.757863998413086, 2721
3.757863998413086, 2720
3.757863998413086, 2719
3.7680253982543945, 2718
3.7680253982543945, 2717
3.778160572052002, 2716
3.778160572052002, 2715
3.778160572052002, 2714
3.788346529006958, 2713
3.7985055446624756, 2712
3.808642864227295, 2711
3.808642864227295, 2710
3.808642864227295, 2709
3.8187904357910156, 2708
3.8322994709014893, 2707
3.8344438076019287, 2706
3.8391735553741455, 2705
3.843872308731079, 2704
3.851508140563965, 2703
3.8596086502075195, 2702
3.8616511821746826, 2701
3.8798699378967285, 2700
3.8798699378967285, 2699
3.881948709487915, 2698
3.881948709487915, 2697
3.8900156021118164, 2696
3.8920819759368896, 2695
3.9025771617889404, 2694
3.9025771617889404, 2693
3.9106454849243164, 2692
3.9127142429351807, 2691
3.930939197540283, 2690
3.9330062866210938, 2689
3.9431583881378174, 2688
3.953296184539795, 2687
3.9715733528137207, 2686
3.9838407039642334, 2685
3.9838407039642334, 2684
3.9838407039642334, 2683
3.9939663410186768, 2682
4.004189491271973, 2681
4.004189491271973, 2680
4.004189491271973, 2679
4.014335870742798, 2678
4.014335870742798, 2677
4.014335870742798, 2676
4.022410154342651, 2675
4.024461269378662, 2674
4.024461269378662, 2673
4.034570217132568, 2672
4.034570217132568, 2671
4.034570217132568, 2670
4.034570217132568, 2669
4.044735670089722, 2668
4.054854154586792, 2667
4.054854154586792, 2666
4.0650341510772705, 2665
4.0650341510772705, 2664
4.075157880783081, 2663
4.075157880783081, 2662
4.085286617279053, 2661
4.105571508407593, 2660
4.1258320808410645, 2659
4.1258320808410645, 2658
4.135955572128296, 2657
4.135955572128296, 2656
4.135955572128296, 2655
4.146086692810059, 2654
4.156196594238281, 2653
4.164314031600952, 2652
4.164314031600952, 2651
4.174435377120972, 2650
4.17648983001709, 2649
4.17648983001709, 2648
4.186624526977539, 2647
4.186624526977539, 2646
4.204829216003418, 2645
4.216993570327759, 2644
4.22716498374939, 2643
4.257524728775024, 2642
4.257524728775024, 2641
4.277772426605225, 2640
4.285856485366821, 2639
4.287910461425781, 2638
4.287910461425781, 2637
4.308162450790405, 2636
4.308162450790405, 2635
4.338493585586548, 2634
4.358892440795898, 2633
4.358892440795898, 2632
4.358892440795898, 2631
4.358892440795898, 2630
4.366995096206665, 2629
4.372877836227417, 2628
4.377364158630371, 2627
4.391462802886963, 2626
4.401582479476929, 2625
4.432018280029297, 2624
4.442147970199585, 2623
4.452450752258301, 2622
4.462591648101807, 2621
4.462591648101807, 2620
4.472695350646973, 2619
4.482870578765869, 2618
4.482870578765869, 2617
4.482870578765869, 2616
4.5010199546813965, 2615
4.501064300537109, 2614
4.503122091293335, 2613
4.523779392242432, 2612
4.5258660316467285, 2611
4.533912181854248, 2610
4.533912181854248, 2609
4.533912181854248, 2608
4.533912181854248, 2607
4.543999433517456, 2606
4.5460638999938965, 2605
4.556173801422119, 2604
4.556173801422119, 2603
4.564281463623047, 2602
4.566338300704956, 2601
4.566338300704956, 2600
4.57646369934082, 2599
4.586598873138428, 2598
4.586598873138428, 2597
4.59677529335022, 2596
4.604867458343506, 2595
4.606922626495361, 2594
4.63520359992981, 2593
4.637256145477295, 2592
4.637256145477295, 2591
4.647392749786377, 2590
4.657510280609131, 2589
4.665601968765259, 2588
4.667656660079956, 2587
4.687914133071899, 2586
4.698056936264038, 2585
4.698056936264038, 2584
4.698056936264038, 2583
4.738583564758301, 2582
4.738583564758301, 2581
4.758880138397217, 2580
4.758880138397217, 2579
4.758880138397217, 2578
4.7690441608428955, 2577
4.779180526733398, 2576
4.779180526733398, 2575
4.79948353767395, 2574
4.79948353767395, 2573
4.79948353767395, 2572
4.819733142852783, 2571
4.829890489578247, 2570
4.840028285980225, 2569
4.860266208648682, 2568
4.860266208648682, 2567
4.870399475097656, 2566
4.870399475097656, 2565
4.878471851348877, 2564
4.888634920120239, 2563
4.890706300735474, 2562
4.921043872833252, 2561
4.951412677764893, 2560
4.951412677764893, 2559
4.96148681640625, 2558
4.971620798110962, 2557
5.012195348739624, 2556
5.032450199127197, 2555
5.04257607460022, 2554
5.04257607460022, 2553
5.04257607460022, 2552
5.052900552749634, 2551
5.06307053565979, 2550
5.073241472244263, 2549
5.093492031097412, 2548
5.093492031097412, 2547
5.111730575561523, 2546
5.111730575561523, 2545
5.121833086013794, 2544
5.124358892440796, 2543
5.124358892440796, 2542
5.1344780921936035, 2541
5.154760122299194, 2540
5.164898872375488, 2539
5.185189485549927, 2538
5.193252325057983, 2537
5.195313215255737, 2536
5.205495834350586, 2535
5.205495834350586, 2534
5.205495834350586, 2533
5.205495834350586, 2532
5.215610504150391, 2531
5.22574257850647, 2530
5.235856056213379, 2529
5.24603009223938, 2528
5.256154775619507, 2527
5.28661322593689, 2526
5.28661322593689, 2525
5.32508111000061, 2524
5.3473801612854, 2523
5.3473801612854, 2522
5.367628574371338, 2521
5.377749919891357, 2520
5.387893438339233, 2519
5.398012161254883, 2518
5.41827654838562, 2517
5.436494588851929, 2516
5.438546180725098, 2515
5.479024887084961, 2514
5.487115144729614, 2513
5.4992876052856445, 2512
5.519565105438232, 2511
5.527630090713501, 2510
5.537750005722046, 2509
5.570195913314819, 2508
5.570195913314819, 2507
5.570195913314819, 2506
5.590444087982178, 2505
5.590444087982178, 2504
5.6614320278167725, 2503
5.6614320278167725, 2502
5.6614320278167725, 2501
5.671560049057007, 2500
5.671560049057007, 2499
5.681670665740967, 2498
5.681670665740967, 2497
5.699867010116577, 2496
5.701920747756958, 2495
5.712109804153442, 2494
5.712109804153442, 2493
5.722216367721558, 2492
5.732799291610718, 2491
5.732799291610718, 2490
5.732799291610718, 2489
5.732799291610718, 2488
5.793698310852051, 2487
5.793698310852051, 2486
5.80176043510437, 2485
5.811935901641846, 2484
5.834242343902588, 2483
5.852435111999512, 2482
5.864598512649536, 2481
5.90561842918396, 2480
5.90561842918396, 2479
5.90561842918396, 2478
5.90561842918396, 2477
5.915808916091919, 2476
5.915808916091919, 2475
5.93605899810791, 2474
5.944121599197388, 2473
5.946176528930664, 2472
5.954258918762207, 2471
5.9664270877838135, 2470
5.996773958206177, 2469
6.017123222351074, 2468
6.047639846801758, 2467
6.078035116195679, 2466
6.096235036849976, 2465
6.108399152755737, 2464
6.108399152755737, 2463
6.158935785293579, 2462
6.187223434448242, 2461
6.189277410507202, 2460
6.197369337081909, 2459
6.207481384277344, 2458
6.219669580459595, 2457
6.229745388031006, 2456
6.229745388031006, 2455
6.23990535736084, 2454
6.247976064682007, 2453
6.260095119476318, 2452
6.270230770111084, 2451
6.290462255477905, 2450
6.290462255477905, 2449
6.36190938949585, 2448
6.369977235794067, 2447
6.37204384803772, 2446
6.400333642959595, 2445
6.402400970458984, 2444
6.422715425491333, 2443
6.451144456863403, 2442
6.4633708000183105, 2441
6.471437692642212, 2440
6.4735047817230225, 2439
6.483653545379639, 2438
6.493788957595825, 2437
6.53437876701355, 2436
6.544503211975098, 2435
6.574886322021484, 2434
6.582918167114258, 2433
6.584986448287964, 2432
6.605269432067871, 2431
6.615412473678589, 2430
6.635717153549194, 2429
6.645914316177368, 2428
6.676393032073975, 2427
6.676393032073975, 2426
6.686645984649658, 2425
6.706899166107178, 2424
6.717005014419556, 2423
6.717005014419556, 2422
6.765607118606567, 2421
6.7777416706085205, 2420
6.808217763900757, 2419
6.848812818527222, 2418
6.848812818527222, 2417
6.858973264694214, 2416
6.858973264694214, 2415
6.867056131362915, 2414
6.919758081436157, 2413
6.919758081436157, 2412
6.940007448196411, 2411
6.940007448196411, 2410
6.9505455493927, 2409
6.980902194976807, 2408
7.006422996520996, 2407
7.014137268066406, 2406
7.0298097133636475, 2405
7.0318639278411865, 2404
7.052130460739136, 2403
7.0601584911346436, 2402
7.072364807128906, 2401
7.072364807128906, 2400
7.072364807128906, 2399
7.112853050231934, 2398
7.112853050231934, 2397
7.122949123382568, 2396
7.133087158203125, 2395
7.151297569274902, 2394
7.173603296279907, 2393
7.181667804718018, 2392
7.204016447067261, 2391
7.244610548019409, 2390
7.254748582839966, 2389
7.264861106872559, 2388
7.295288324356079, 2387
7.343967437744141, 2386
7.35618257522583, 2385
7.376423597335815, 2384
7.414867162704468, 2383
7.416934967041016, 2382
7.416934967041016, 2381
7.447305917739868, 2380
7.4675397872924805, 2379
7.49588942527771, 2378
7.518242835998535, 2377
7.599728345870972, 2376
7.609827041625977, 2375
7.619978666305542, 2374
7.630120515823364, 2373
7.660536289215088, 2372
7.660536289215088, 2371
7.690906524658203, 2370
7.7010178565979, 2369
7.751702070236206, 2368
7.822723150253296, 2367
7.822723150253296, 2366
7.965463876724243, 2365
7.975589275360107, 2364
7.985735893249512, 2363
7.985735893249512, 2362
8.036458253860474, 2361
8.09731912612915, 2360
8.127692222595215, 2359
8.135762453079224, 2358
8.137828588485718, 2357
8.178405523300171, 2356
8.18892526626587, 2355
8.18892526626587, 2354
8.229437351226807, 2353
8.239569187164307, 2352
8.257821798324585, 2351
8.27002215385437, 2350
8.29026484489441, 2349
8.29026484489441, 2348
8.349009275436401, 2347
8.358025789260864, 2346
8.362194299697876, 2345
8.40182113647461, 2344
8.432192325592041, 2343
8.432192325592041, 2342
8.462527751922607, 2341
8.470601081848145, 2340
8.47265887260437, 2339
8.531445264816284, 2338
8.543625354766846, 2337
8.604411602020264, 2336
8.624672174453735, 2335
8.655020475387573, 2334
8.68548583984375, 2333
8.715847492218018, 2332
8.754390954971313, 2331
8.764551639556885, 2330
8.807567596435547, 2329
8.86628532409668, 2328
8.898747205734253, 2327
8.908875942230225, 2326
8.967573404312134, 2325
8.977705717086792, 2324
9.008127689361572, 2323
9.101356029510498, 2322
9.11148452758789, 2321
9.141867399215698, 2320
9.172227621078491, 2319
9.271495342254639, 2318
9.293853044509888, 2317
9.324240684509277, 2316
9.354657649993896, 2315
9.395201444625854, 2314
9.405318260192871, 2313
9.446231842041016, 2312
9.476596117019653, 2311
9.476596117019653, 2310
9.527215242385864, 2309
9.60831594467163, 2308
9.61844515800476, 2307
9.6589674949646, 2306
9.669086933135986, 2305
9.679142951965332, 2304
9.709531545639038, 2303
9.709531545639038, 2302
9.84933853149414, 2301
10.012179613113403, 2300
10.067882061004639, 2299
10.159096479415894, 2298
10.265267848968506, 2297
10.313847303390503, 2296
10.313847303390503, 2295
10.326079607009888, 2294
10.366629123687744, 2293
10.374683141708374, 2292
10.528872966766357, 2291
10.650476694107056, 2290
10.779919862747192, 2289
10.790061473846436, 2288
10.873201847076416, 2287
10.903581380844116, 2286
10.944080591201782, 2285
10.962318658828735, 2284
11.055542230606079, 2283
11.146613121032715, 2282
11.164841651916504, 2281
11.187173128128052, 2280
11.19526219367981, 2279
11.207425594329834, 2278
11.39033055305481, 2277
11.479459524154663, 2276
11.522175788879395, 2275
11.572821140289307, 2274
11.671909809112549, 2273
11.908199310302734, 2272
11.937849760055542, 2271
11.948057889938354, 2270
12.049339294433594, 2269
12.191263675689697, 2268
12.44476056098938, 2267
12.66832184791565, 2266
12.739139318466187, 2265
12.828465938568115, 2264
12.901907682418823, 2263
12.932775735855103, 2262
13.280086994171143, 2261
13.527597188949585, 2260
13.527597188949585, 2259
13.791208505630493, 2258
13.89219880104065, 2257
14.1275475025177, 2256
14.226783037185669, 2255
14.328069686889648, 2254
14.698070526123047, 2253
14.713734149932861, 2252
14.751445770263672, 2251
14.81395411491394, 2250
15.012765169143677, 2249
15.106168746948242, 2248
15.368408679962158, 2247
15.512100219726562, 2246
15.824365377426147, 2245
15.91765284538269, 2244
16.067448139190674, 2243
16.150954484939575, 2242
16.242151975631714, 2241
16.38394045829773, 2240
16.607048511505127, 2239
16.657681226730347, 2238
16.665761947631836, 2237
16.77765989303589, 2236
16.86077332496643, 2235
16.87090754508972, 2234
16.941926956176758, 2233
17.5299551486969, 2232
17.78356623649597, 2231
17.87482476234436, 2230
17.94693374633789, 2229
18.274803638458252, 2228
18.995442152023315, 2227
19.130931854248047, 2226
19.82151198387146, 2225
20.006353616714478, 2224
20.321211338043213, 2223
20.46376323699951, 2222
20.555027723312378, 2221
20.565181255340576, 2220
21.428340911865234, 2219
22.945587635040283, 2218
23.354050159454346, 2217
24.968353271484375, 2216
25.00915813446045, 2215
27.809540510177612, 2214
31.506022453308105, 2213
34.174116373062134, 2212
40.33103680610657, 2211
42.970656394958496, 2210
44.1017062664032, 2209
47.575408697128296, 2208
69.17428231239319, 2207
75.85785412788391, 2206
78.49627447128296, 2205
100.69515609741211, 2204
130.58050990104675, 2203
