0.015628337860107422, 4941
0.015628337860107422, 4940
0.015628337860107422, 4939
0.015628337860107422, 4938
0.015628337860107422, 4937
0.015628337860107422, 4936
0.015628337860107422, 4935
0.015628337860107422, 4934
0.015628337860107422, 4933
0.015628337860107422, 4932
0.015628337860107422, 4931
0.015628337860107422, 4930
0.03125190734863281, 4929
0.03125190734863281, 4928
0.03125190734863281, 4927
0.03125190734863281, 4926
0.03125190734863281, 4925
0.03125190734863281, 4924
0.03125190734863281, 4923
0.03125190734863281, 4922
0.03125190734863281, 4921
0.03125190734863281, 4920
0.03125190734863281, 4919
0.03125190734863281, 4918
0.03125190734863281, 4917
0.03125190734863281, 4916
0.03125190734863281, 4915
0.03125190734863281, 4914
0.03125190734863281, 4913
0.03125190734863281, 4912
0.03125190734863281, 4911
0.03125190734863281, 4910
0.03125190734863281, 4909
0.03125190734863281, 4908
0.03125190734863281, 4907
0.03125190734863281, 4906
0.03125190734863281, 4905
0.03125190734863281, 4904
0.03125190734863281, 4903
0.04691505432128906, 4902
0.04691505432128906, 4901
0.04691505432128906, 4900
0.04691505432128906, 4899
0.04691505432128906, 4898
0.04691505432128906, 4897
0.05096292495727539, 4896
0.05096292495727539, 4895
0.05096292495727539, 4894
0.05096292495727539, 4893
0.05096292495727539, 4892
0.05096292495727539, 4891
0.05096292495727539, 4890
0.05096292495727539, 4889
0.05096292495727539, 4888
0.05096292495727539, 4887
0.05096292495727539, 4886
0.05096292495727539, 4885
0.05096292495727539, 4884
0.05096292495727539, 4883
0.05096292495727539, 4882
0.05096292495727539, 4881
0.05096292495727539, 4880
0.05096292495727539, 4879
0.05096292495727539, 4878
0.05096292495727539, 4877
0.05096292495727539, 4876
0.05096292495727539, 4875
0.05096292495727539, 4874
0.05096292495727539, 4873
0.05096292495727539, 4872
0.05096292495727539, 4871
0.05096292495727539, 4870
0.05096292495727539, 4869
0.06659793853759766, 4868
0.06659793853759766, 4867
0.06659793853759766, 4866
0.06659793853759766, 4865
0.06659793853759766, 4864
0.06659793853759766, 4863
0.06659793853759766, 4862
0.06659793853759766, 4861
0.06659793853759766, 4860
0.06659793853759766, 4859
0.06659793853759766, 4858
0.06659793853759766, 4857
0.06659793853759766, 4856
0.06659793853759766, 4855
0.06659793853759766, 4854
0.06659793853759766, 4853
0.06659793853759766, 4852
0.06659793853759766, 4851
0.06659793853759766, 4850
0.06659793853759766, 4849
0.06659793853759766, 4848
0.06659793853759766, 4847
0.06659793853759766, 4846
0.06659793853759766, 4845
0.06659793853759766, 4844
0.08222508430480957, 4843
0.08222508430480957, 4842
0.08222508430480957, 4841
0.08222508430480957, 4840
0.08222508430480957, 4839
0.08222508430480957, 4838
0.08222508430480957, 4837
0.08222508430480957, 4836
0.08222508430480957, 4835
0.08222508430480957, 4834
0.08222508430480957, 4833
0.08222508430480957, 4832
0.08222508430480957, 4831
0.08222508430480957, 4830
0.08222508430480957, 4829
0.08222508430480957, 4828
0.08222508430480957, 4827
0.08222508430480957, 4826
0.08222508430480957, 4825
0.08222508430480957, 4824
0.08222508430480957, 4823
0.08222508430480957, 4822
0.08222508430480957, 4821
0.09788775444030762, 4820
0.09788775444030762, 4819
0.09788775444030762, 4818
0.09788775444030762, 4817
0.09788775444030762, 4816
0.09788775444030762, 4815
0.09788775444030762, 4814
0.09788775444030762, 4813
0.09788775444030762, 4812
0.09788775444030762, 4811
0.09788775444030762, 4810
0.09788775444030762, 4809
0.09788775444030762, 4808
0.09788775444030762, 4807
0.09788775444030762, 4806
0.09788775444030762, 4805
0.09788775444030762, 4804
0.09788775444030762, 4803
0.09788775444030762, 4802
0.09788775444030762, 4801
0.09788775444030762, 4800
0.09788775444030762, 4799
0.11350727081298828, 4798
0.11350727081298828, 4797
0.11350727081298828, 4796
0.11350727081298828, 4795
0.11350727081298828, 4794
0.11350727081298828, 4793
0.11350727081298828, 4792
0.11350727081298828, 4791
0.11350727081298828, 4790
0.11350727081298828, 4789
0.11350727081298828, 4788
0.11350727081298828, 4787
0.11350727081298828, 4786
0.11350727081298828, 4785
0.11350727081298828, 4784
0.11350727081298828, 4783
0.11350727081298828, 4782
0.11350727081298828, 4781
0.11350727081298828, 4780
0.11350727081298828, 4779
0.11350727081298828, 4778
0.12913298606872559, 4777
0.12913298606872559, 4776
0.12913298606872559, 4775
0.12913298606872559, 4774
0.12913298606872559, 4773
0.12913298606872559, 4772
0.12913298606872559, 4771
0.12913298606872559, 4770
0.12913298606872559, 4769
0.12913298606872559, 4768
0.12913298606872559, 4767
0.12913298606872559, 4766
0.12913298606872559, 4765
0.12913298606872559, 4764
0.12913298606872559, 4763
0.12913298606872559, 4762
0.12913298606872559, 4761
0.12913298606872559, 4760
0.12913298606872559, 4759
0.12913298606872559, 4758
0.12913298606872559, 4757
0.12913298606872559, 4756
0.12913298606872559, 4755
0.12913298606872559, 4754
0.12913298606872559, 4753
0.14476323127746582, 4752
0.14476323127746582, 4751
0.14476323127746582, 4750
0.14476323127746582, 4749
0.14476323127746582, 4748
0.14476323127746582, 4747
0.14476323127746582, 4746
0.15131258964538574, 4745
0.15131258964538574, 4744
0.15131258964538574, 4743
0.15131258964538574, 4742
0.15131258964538574, 4741
0.15131258964538574, 4740
0.15131258964538574, 4739
0.15131258964538574, 4738
0.15131258964538574, 4737
0.15131258964538574, 4736
0.15131258964538574, 4735
0.15131258964538574, 4734
0.15131258964538574, 4733
0.15131258964538574, 4732
0.15131258964538574, 4731
0.15131258964538574, 4730
0.15131258964538574, 4729
0.15131258964538574, 4728
0.15131258964538574, 4727
0.15131258964538574, 4726
0.15131258964538574, 4725
0.15131258964538574, 4724
0.16695165634155273, 4723
0.16695165634155273, 4722
0.16695165634155273, 4721
0.16695165634155273, 4720
0.16695165634155273, 4719
0.16695165634155273, 4718
0.16695165634155273, 4717
0.16695165634155273, 4716
0.16695165634155273, 4715
0.16695165634155273, 4714
0.16695165634155273, 4713
0.16695165634155273, 4712
0.16695165634155273, 4711
0.16695165634155273, 4710
0.16695165634155273, 4709
0.16695165634155273, 4708
0.16695165634155273, 4707
0.16695165634155273, 4706
0.16695165634155273, 4705
0.16695165634155273, 4704
0.16695165634155273, 4703
0.16695165634155273, 4702
0.16695165634155273, 4701
0.16695165634155273, 4700
0.16695165634155273, 4699
0.18257474899291992, 4698
0.18257474899291992, 4697
0.18257474899291992, 4696
0.18257474899291992, 4695
0.18257474899291992, 4694
0.18257474899291992, 4693
0.18257474899291992, 4692
0.18257474899291992, 4691
0.18257474899291992, 4690
0.18257474899291992, 4689
0.18257474899291992, 4688
0.18257474899291992, 4687
0.18257474899291992, 4686
0.18257474899291992, 4685
0.18257474899291992, 4684
0.18257474899291992, 4683
0.18257474899291992, 4682
0.18257474899291992, 4681
0.18257474899291992, 4680
0.18257474899291992, 4679
0.19823789596557617, 4678
0.19823789596557617, 4677
0.19823789596557617, 4676
0.19823789596557617, 4675
0.19823789596557617, 4674
0.19823789596557617, 4673
0.19823789596557617, 4672
0.19823789596557617, 4671
0.19823789596557617, 4670
0.19823789596557617, 4669
0.19823789596557617, 4668
0.19823789596557617, 4667
0.19823789596557617, 4666
0.19823789596557617, 4665
0.19823789596557617, 4664
0.19823789596557617, 4663
0.19823789596557617, 4662
0.19823789596557617, 4661
0.19823789596557617, 4660
0.19823789596557617, 4659
0.19823789596557617, 4658
0.21385908126831055, 4657
0.21385908126831055, 4656
0.21385908126831055, 4655
0.21385908126831055, 4654
0.21385908126831055, 4653
0.21385908126831055, 4652
0.21385908126831055, 4651
0.21385908126831055, 4650
0.21385908126831055, 4649
0.21385908126831055, 4648
0.21385908126831055, 4647
0.21385908126831055, 4646
0.21385908126831055, 4645
0.21385908126831055, 4644
0.21385908126831055, 4643
0.21385908126831055, 4642
0.21385908126831055, 4641
0.21385908126831055, 4640
0.21385908126831055, 4639
0.21385908126831055, 4638
0.21385908126831055, 4637
0.22948813438415527, 4636
0.22948813438415527, 4635
0.22948813438415527, 4634
0.22948813438415527, 4633
0.22948813438415527, 4632
0.22948813438415527, 4631
0.22948813438415527, 4630
0.22948813438415527, 4629
0.22948813438415527, 4628
0.22948813438415527, 4627
0.22948813438415527, 4626
0.22948813438415527, 4625
0.22948813438415527, 4624
0.22948813438415527, 4623
0.22948813438415527, 4622
0.22948813438415527, 4621
0.22948813438415527, 4620
0.22948813438415527, 4619
0.22948813438415527, 4618
0.22948813438415527, 4617
0.24511003494262695, 4616
0.24511003494262695, 4615
0.24511003494262695, 4614
0.24511003494262695, 4613
0.24511003494262695, 4612
0.24511003494262695, 4611
0.24511003494262695, 4610
0.24511003494262695, 4609
0.24511003494262695, 4608
0.24511003494262695, 4607
0.25165820121765137, 4606
0.25165820121765137, 4605
0.25165820121765137, 4604
0.25165820121765137, 4603
0.25165820121765137, 4602
0.25165820121765137, 4601
0.25165820121765137, 4600
0.25165820121765137, 4599
0.25165820121765137, 4598
0.25165820121765137, 4597
0.25165820121765137, 4596
0.25165820121765137, 4595
0.25165820121765137, 4594
0.25165820121765137, 4593
0.25165820121765137, 4592
0.25165820121765137, 4591
0.25165820121765137, 4590
0.25165820121765137, 4589
0.25165820121765137, 4588
0.25165820121765137, 4587
0.26729607582092285, 4586
0.26729607582092285, 4585
0.26729607582092285, 4584
0.26729607582092285, 4583
0.26729607582092285, 4582
0.26729607582092285, 4581
0.26729607582092285, 4580
0.26729607582092285, 4579
0.26729607582092285, 4578
0.26729607582092285, 4577
0.26729607582092285, 4576
0.26729607582092285, 4575
0.26729607582092285, 4574
0.26729607582092285, 4573
0.26729607582092285, 4572
0.26729607582092285, 4571
0.26729607582092285, 4570
0.26729607582092285, 4569
0.26729607582092285, 4568
0.26729607582092285, 4567
0.26729607582092285, 4566
0.26729607582092285, 4565
0.26729607582092285, 4564
0.26729607582092285, 4563
0.26729607582092285, 4562
0.2829582691192627, 4561
0.2829582691192627, 4560
0.2829582691192627, 4559
0.2829582691192627, 4558
0.2829582691192627, 4557
0.2829582691192627, 4556
0.2829582691192627, 4555
0.2829582691192627, 4554
0.2829582691192627, 4553
0.2829582691192627, 4552
0.2829582691192627, 4551
0.2829582691192627, 4550
0.2829582691192627, 4549
0.2829582691192627, 4548
0.2829582691192627, 4547
0.2829582691192627, 4546
0.2829582691192627, 4545
0.2829582691192627, 4544
0.2829582691192627, 4543
0.2829582691192627, 4542
0.2829582691192627, 4541
0.2985825538635254, 4540
0.2985825538635254, 4539
0.2985825538635254, 4538
0.2985825538635254, 4537
0.2985825538635254, 4536
0.2985825538635254, 4535
0.2985825538635254, 4534
0.2985825538635254, 4533
0.2985825538635254, 4532
0.2985825538635254, 4531
0.2985825538635254, 4530
0.2985825538635254, 4529
0.2985825538635254, 4528
0.2985825538635254, 4527
0.2985825538635254, 4526
0.2985825538635254, 4525
0.2985825538635254, 4524
0.2985825538635254, 4523
0.2985825538635254, 4522
0.2985825538635254, 4521
0.2985825538635254, 4520
0.2985825538635254, 4519
0.2985825538635254, 4518
0.3142082691192627, 4517
0.3142082691192627, 4516
0.3142082691192627, 4515
0.3142082691192627, 4514
0.3142082691192627, 4513
0.3142082691192627, 4512
0.3142082691192627, 4511
0.3142082691192627, 4510
0.3142082691192627, 4509
0.3142082691192627, 4508
0.3142082691192627, 4507
0.3142082691192627, 4506
0.3142082691192627, 4505
0.3142082691192627, 4504
0.3142082691192627, 4503
0.3142082691192627, 4502
0.3142082691192627, 4501
0.3142082691192627, 4500
0.3298337459564209, 4499
0.3298337459564209, 4498
0.3298337459564209, 4497
0.3298337459564209, 4496
0.3298337459564209, 4495
0.3298337459564209, 4494
0.3298337459564209, 4493
0.3298337459564209, 4492
0.3298337459564209, 4491
0.3298337459564209, 4490
0.3298337459564209, 4489
0.3298337459564209, 4488
0.3298337459564209, 4487
0.3298337459564209, 4486
0.3454611301422119, 4485
0.3454611301422119, 4484
0.3454611301422119, 4483
0.3454611301422119, 4482
0.3454611301422119, 4481
0.3454611301422119, 4480
0.3454611301422119, 4479
0.3454611301422119, 4478
0.3454611301422119, 4477
0.3454611301422119, 4476
0.3454611301422119, 4475
0.35202765464782715, 4474
0.35202765464782715, 4473
0.35202765464782715, 4472
0.35202765464782715, 4471
0.35410118103027344, 4470
0.35410118103027344, 4469
0.35410118103027344, 4468
0.35410118103027344, 4467
0.35410118103027344, 4466
0.35410118103027344, 4465
0.35410118103027344, 4464
0.35410118103027344, 4463
0.35410118103027344, 4462
0.35410118103027344, 4461
0.35410118103027344, 4460
0.35410118103027344, 4459
0.3621976375579834, 4458
0.3642289638519287, 4457
0.3642289638519287, 4456
0.3642289638519287, 4455
0.3642289638519287, 4454
0.3642289638519287, 4453
0.3642289638519287, 4452
0.3642289638519287, 4451
0.3642289638519287, 4450
0.3722982406616211, 4449
0.3722982406616211, 4448
0.3722982406616211, 4447
0.3722982406616211, 4446
0.3722982406616211, 4445
0.3722982406616211, 4444
0.3722982406616211, 4443
0.3722982406616211, 4442
0.38546276092529297, 4441
0.3864901065826416, 4440
0.3864901065826416, 4439
0.3875102996826172, 4438
0.3875102996826172, 4437
0.38852381706237793, 4436
0.38953685760498047, 4435
0.38953685760498047, 4434
0.3905496597290039, 4433
0.391559362411499, 4432
0.3927006721496582, 4431
0.39375853538513184, 4430
0.39481258392333984, 4429
0.3948953151702881, 4428
0.395949125289917, 4427
0.39603543281555176, 4426
0.39603543281555176, 4425
0.39710474014282227, 4424
0.39710474014282227, 4423
0.39710474014282227, 4422
0.39710474014282227, 4421
0.39710474014282227, 4420
0.39710474014282227, 4419
0.39710474014282227, 4418
0.39710474014282227, 4417
0.4032125473022461, 4416
0.4032125473022461, 4415
0.4052727222442627, 4414
0.4052727222442627, 4413
0.4052727222442627, 4412
0.4052727222442627, 4411
0.4052727222442627, 4410
0.4052727222442627, 4409
0.4052727222442627, 4408
0.4052727222442627, 4407
0.4052727222442627, 4406
0.4052727222442627, 4405
0.4052727222442627, 4404
0.4133331775665283, 4403
0.4153861999511719, 4402
0.4153861999511719, 4401
0.4153861999511719, 4400
0.4153861999511719, 4399
0.4153861999511719, 4398
0.4153861999511719, 4397
0.4153861999511719, 4396
0.4153861999511719, 4395
0.4153861999511719, 4394
0.4153861999511719, 4393
0.42551255226135254, 4392
0.42551255226135254, 4391
0.42551255226135254, 4390
0.42551255226135254, 4389
0.42551255226135254, 4388
0.42551255226135254, 4387
0.42551255226135254, 4386
0.42551255226135254, 4385
0.4335775375366211, 4384
0.4356343746185303, 4383
0.4356343746185303, 4382
0.4356343746185303, 4381
0.4356343746185303, 4380
0.4356343746185303, 4379
0.4356343746185303, 4378
0.4356343746185303, 4377
0.4356343746185303, 4376
0.4356343746185303, 4375
0.4356343746185303, 4374
0.4356343746185303, 4373
0.4356343746185303, 4372
0.4437072277069092, 4371
0.4437072277069092, 4370
0.4437072277069092, 4369
0.4437072277069092, 4368
0.44576263427734375, 4367
0.44576263427734375, 4366
0.44576263427734375, 4365
0.44576263427734375, 4364
0.44576263427734375, 4363
0.44576263427734375, 4362
0.44576263427734375, 4361
0.44576263427734375, 4360
0.44576263427734375, 4359
0.44576263427734375, 4358
0.44576263427734375, 4357
0.45381855964660645, 4356
0.45381855964660645, 4355
0.45381855964660645, 4354
0.4558711051940918, 4353
0.4558711051940918, 4352
0.4558711051940918, 4351
0.4558711051940918, 4350
0.4558711051940918, 4349
0.4558711051940918, 4348
0.4558711051940918, 4347
0.4639432430267334, 4346
0.4639432430267334, 4345
0.4659996032714844, 4344
0.4659996032714844, 4343
0.4659996032714844, 4342
0.4659996032714844, 4341
0.4659996032714844, 4340
0.4659996032714844, 4339
0.4659996032714844, 4338
0.4659996032714844, 4337
0.4659996032714844, 4336
0.4659996032714844, 4335
0.4761359691619873, 4334
0.4761359691619873, 4333
0.4761359691619873, 4332
0.4761359691619873, 4331
0.4761359691619873, 4330
0.4761359691619873, 4329
0.4761359691619873, 4328
0.4761359691619873, 4327
0.4761359691619873, 4326
0.4761359691619873, 4325
0.4842042922973633, 4324
0.48626041412353516, 4323
0.48626041412353516, 4322
0.48626041412353516, 4321
0.48626041412353516, 4320
0.48626041412353516, 4319
0.48626041412353516, 4318
0.48626041412353516, 4317
0.48626041412353516, 4316
0.48626041412353516, 4315
0.48626041412353516, 4314
0.48626041412353516, 4313
0.48626041412353516, 4312
0.48626041412353516, 4311
0.4943234920501709, 4310
0.4943234920501709, 4309
0.4943234920501709, 4308
0.4963798522949219, 4307
0.4963798522949219, 4306
0.4963798522949219, 4305
0.4963798522949219, 4304
0.4963798522949219, 4303
0.4963798522949219, 4302
0.4963798522949219, 4301
0.4963798522949219, 4300
0.4963798522949219, 4299
0.5044927597045898, 4298
0.5044927597045898, 4297
0.5044927597045898, 4296
0.5044927597045898, 4295
0.5065479278564453, 4294
0.5065479278564453, 4293
0.5065479278564453, 4292
0.5065479278564453, 4291
0.5065479278564453, 4290
0.5065479278564453, 4289
0.5065479278564453, 4288
0.5065479278564453, 4287
0.5065479278564453, 4286
0.5065479278564453, 4285
0.5065479278564453, 4284
0.5065479278564453, 4283
0.5065479278564453, 4282
0.5065479278564453, 4281
0.5065479278564453, 4280
0.5146059989929199, 4279
0.5146059989929199, 4278
0.5146059989929199, 4277
0.5166230201721191, 4276
0.5166230201721191, 4275
0.5166230201721191, 4274
0.5166230201721191, 4273
0.5166230201721191, 4272
0.5166230201721191, 4271
0.5166230201721191, 4270
0.5166230201721191, 4269
0.5166230201721191, 4268
0.5166230201721191, 4267
0.5247023105621338, 4266
0.5267596244812012, 4265
0.5267596244812012, 4264
0.5267596244812012, 4263
0.5267596244812012, 4262
0.5267596244812012, 4261
0.5267596244812012, 4260
0.5267596244812012, 4259
0.5267596244812012, 4258
0.5267596244812012, 4257
0.5348167419433594, 4256
0.5348167419433594, 4255
0.5348167419433594, 4254
0.5348167419433594, 4253
0.536872386932373, 4252
0.536872386932373, 4251
0.536872386932373, 4250
0.536872386932373, 4249
0.536872386932373, 4248
0.536872386932373, 4247
0.536872386932373, 4246
0.536872386932373, 4245
0.536872386932373, 4244
0.536872386932373, 4243
0.536872386932373, 4242
0.5449650287628174, 4241
0.5449650287628174, 4240
0.5449650287628174, 4239
0.5470213890075684, 4238
0.5470213890075684, 4237
0.5470213890075684, 4236
0.5470213890075684, 4235
0.5470213890075684, 4234
0.5470213890075684, 4233
0.5550870895385742, 4232
0.5550870895385742, 4231
0.5550870895385742, 4230
0.5571384429931641, 4229
0.5571384429931641, 4228
0.5571384429931641, 4227
0.5571384429931641, 4226
0.5571384429931641, 4225
0.5571384429931641, 4224
0.5571384429931641, 4223
0.5571384429931641, 4222
0.5571384429931641, 4221
0.565211296081543, 4220
0.565211296081543, 4219
0.565211296081543, 4218
0.565211296081543, 4217
0.5672686100006104, 4216
0.5672686100006104, 4215
0.5672686100006104, 4214
0.5672686100006104, 4213
0.5672686100006104, 4212
0.5672686100006104, 4211
0.5672686100006104, 4210
0.5753223896026611, 4209
0.5753223896026611, 4208
0.5753223896026611, 4207
0.5773823261260986, 4206
0.5773823261260986, 4205
0.5773823261260986, 4204
0.5773823261260986, 4203
0.5773823261260986, 4202
0.5773823261260986, 4201
0.5773823261260986, 4200
0.5854921340942383, 4199
0.5854921340942383, 4198
0.5854921340942383, 4197
0.5875587463378906, 4196
0.5875587463378906, 4195
0.5875587463378906, 4194
0.5875587463378906, 4193
0.5875587463378906, 4192
0.5875587463378906, 4191
0.5875587463378906, 4190
0.5875587463378906, 4189
0.5875587463378906, 4188
0.5956151485443115, 4187
0.5976645946502686, 4186
0.5976645946502686, 4185
0.5976645946502686, 4184
0.5976645946502686, 4183
0.5976645946502686, 4182
0.5976645946502686, 4181
0.5976645946502686, 4180
0.6057717800140381, 4179
0.6078217029571533, 4178
0.6078217029571533, 4177
0.6078217029571533, 4176
0.6078217029571533, 4175
0.6078217029571533, 4174
0.6078217029571533, 4173
0.6078217029571533, 4172
0.6078217029571533, 4171
0.6078217029571533, 4170
0.6078217029571533, 4169
0.6078217029571533, 4168
0.6158931255340576, 4167
0.6179509162902832, 4166
0.6179509162902832, 4165
0.6179509162902832, 4164
0.6179509162902832, 4163
0.6179509162902832, 4162
0.6179509162902832, 4161
0.6179509162902832, 4160
0.6260371208190918, 4159
0.6280949115753174, 4158
0.6280949115753174, 4157
0.6280949115753174, 4156
0.6280949115753174, 4155
0.6280949115753174, 4154
0.6280949115753174, 4153
0.6280949115753174, 4152
0.6280949115753174, 4151
0.6280949115753174, 4150
0.6280949115753174, 4149
0.6361510753631592, 4148
0.6382043361663818, 4147
0.6382043361663818, 4146
0.6382043361663818, 4145
0.6382043361663818, 4144
0.6382043361663818, 4143
0.6382043361663818, 4142
0.6382043361663818, 4141
0.6382043361663818, 4140
0.6382043361663818, 4139
0.6382043361663818, 4138
0.6382043361663818, 4137
0.6462781429290771, 4136
0.6462781429290771, 4135
0.6462781429290771, 4134
0.6462781429290771, 4133
0.649439811706543, 4132
0.6495039463043213, 4131
0.6495039463043213, 4130
0.6495039463043213, 4129
0.6495039463043213, 4128
0.6495039463043213, 4127
0.6495039463043213, 4126
0.6495039463043213, 4125
0.6495039463043213, 4124
0.6495039463043213, 4123
0.6575627326965332, 4122
0.6575627326965332, 4121
0.6595785617828369, 4120
0.6595785617828369, 4119
0.6595785617828369, 4118
0.6595785617828369, 4117
0.6595785617828369, 4116
0.6595785617828369, 4115
0.6595785617828369, 4114
0.6595785617828369, 4113
0.6595785617828369, 4112
0.6595785617828369, 4111
0.6595785617828369, 4110
0.6595785617828369, 4109
0.6595785617828369, 4108
0.6595785617828369, 4107
0.6595785617828369, 4106
0.6676414012908936, 4105
0.6676414012908936, 4104
0.6696963310241699, 4103
0.6696963310241699, 4102
0.6696963310241699, 4101
0.6696963310241699, 4100
0.6696963310241699, 4099
0.6696963310241699, 4098
0.6696963310241699, 4097
0.6696963310241699, 4096
0.6696963310241699, 4095
0.6696963310241699, 4094
0.6696963310241699, 4093
0.6777608394622803, 4092
0.6777608394622803, 4091
0.6777608394622803, 4090
0.6798200607299805, 4089
0.6798200607299805, 4088
0.6798200607299805, 4087
0.6798200607299805, 4086
0.6798200607299805, 4085
0.6798200607299805, 4084
0.6798200607299805, 4083
0.6798200607299805, 4082
0.6798200607299805, 4081
0.6798200607299805, 4080
0.6798200607299805, 4079
0.6798200607299805, 4078
0.6899392604827881, 4077
0.6899392604827881, 4076
0.6899392604827881, 4075
0.6899392604827881, 4074
0.6899392604827881, 4073
0.6899392604827881, 4072
0.6899392604827881, 4071
0.6899392604827881, 4070
0.6979939937591553, 4069
0.6979939937591553, 4068
0.7000479698181152, 4067
0.7000479698181152, 4066
0.7000479698181152, 4065
0.7000479698181152, 4064
0.7000479698181152, 4063
0.7000479698181152, 4062
0.7000479698181152, 4061
0.7000479698181152, 4060
0.7000479698181152, 4059
0.7000479698181152, 4058
0.7081406116485596, 4057
0.7081406116485596, 4056
0.7102041244506836, 4055
0.7102041244506836, 4054
0.7102041244506836, 4053
0.7102041244506836, 4052
0.7102041244506836, 4051
0.7102041244506836, 4050
0.7102041244506836, 4049
0.7102041244506836, 4048
0.7102041244506836, 4047
0.7102041244506836, 4046
0.7182514667510986, 4045
0.7182619571685791, 4044
0.7203142642974854, 4043
0.7203142642974854, 4042
0.7203142642974854, 4041
0.7203142642974854, 4040
0.7203142642974854, 4039
0.7203142642974854, 4038
0.7203142642974854, 4037
0.7283627986907959, 4036
0.7304408550262451, 4035
0.7304408550262451, 4034
0.7304408550262451, 4033
0.7304408550262451, 4032
0.7304408550262451, 4031
0.7384741306304932, 4030
0.7384741306304932, 4029
0.7384741306304932, 4028
0.7384741306304932, 4027
0.7384741306304932, 4026
0.7384741306304932, 4025
0.7384741306304932, 4024
0.7384741306304932, 4023
0.7384741306304932, 4022
0.7384741306304932, 4021
0.7384741306304932, 4020
0.7485597133636475, 4019
0.7485597133636475, 4018
0.7506206035614014, 4017
0.7506206035614014, 4016
0.7506206035614014, 4015
0.75537109375, 4014
0.7575643062591553, 4013
0.7596604824066162, 4012
0.7621166706085205, 4011
0.7631831169128418, 4010
0.7652952671051025, 4009
0.7663207054138184, 4008
0.7663207054138184, 4007
0.7712364196777344, 4006
0.7712364196777344, 4005
0.7712364196777344, 4004
0.7712364196777344, 4003
0.7712364196777344, 4002
0.7712364196777344, 4001
0.7712364196777344, 4000
0.7712364196777344, 3999
0.7712364196777344, 3998
0.7792985439300537, 3997
0.7813405990600586, 3996
0.7838320732116699, 3995
0.7838320732116699, 3994
0.7893581390380859, 3993
0.7916140556335449, 3992
0.7916140556335449, 3991
0.7916140556335449, 3990
0.7916140556335449, 3989
0.7916140556335449, 3988
0.7916140556335449, 3987
0.7916140556335449, 3986
0.7916140556335449, 3985
0.7916140556335449, 3984
0.799673318862915, 3983
0.799673318862915, 3982
0.799673318862915, 3981
0.799673318862915, 3980
0.8017504215240479, 3979
0.8017504215240479, 3978
0.8017504215240479, 3977
0.8098199367523193, 3976
0.8118703365325928, 3975
0.8118703365325928, 3974
0.8118703365325928, 3973
0.8118703365325928, 3972
0.822120189666748, 3971
0.822120189666748, 3970
0.822120189666748, 3969
0.822120189666748, 3968
0.822120189666748, 3967
0.8322272300720215, 3966
0.8322272300720215, 3965
0.8322272300720215, 3964
0.8322272300720215, 3963
0.8322272300720215, 3962
0.8403141498565674, 3961
0.8403141498565674, 3960
0.8423399925231934, 3959
0.8423399925231934, 3958
0.8423399925231934, 3957
0.8423399925231934, 3956
0.8423399925231934, 3955
0.8504960536956787, 3954
0.8526496887207031, 3953
0.8526496887207031, 3952
0.8526496887207031, 3951
0.8526496887207031, 3950
0.8526496887207031, 3949
0.8526496887207031, 3948
0.8607664108276367, 3947
0.8607664108276367, 3946
0.8607664108276367, 3945
0.8627896308898926, 3944
0.8627896308898926, 3943
0.8627896308898926, 3942
0.8627896308898926, 3941
0.8627896308898926, 3940
0.8627896308898926, 3939
0.8627896308898926, 3938
0.8627896308898926, 3937
0.8709268569946289, 3936
0.8729767799377441, 3935
0.8729767799377441, 3934
0.8729767799377441, 3933
0.8729767799377441, 3932
0.8729767799377441, 3931
0.8729767799377441, 3930
0.8810734748840332, 3929
0.8831281661987305, 3928
0.8831281661987305, 3927
0.8831281661987305, 3926
0.8911833763122559, 3925
0.8911833763122559, 3924
0.8911833763122559, 3923
0.8911833763122559, 3922
0.8911833763122559, 3921
0.8911833763122559, 3920
0.8911833763122559, 3919
0.8911833763122559, 3918
0.8911833763122559, 3917
0.8911833763122559, 3916
0.8911833763122559, 3915
0.8911833763122559, 3914
0.903672456741333, 3913
0.903672456741333, 3912
0.903672456741333, 3911
0.903672456741333, 3910
0.903672456741333, 3909
0.903672456741333, 3908
0.903672456741333, 3907
0.903672456741333, 3906
0.903672456741333, 3905
0.903672456741333, 3904
0.911733865737915, 3903
0.911733865737915, 3902
0.9137921333312988, 3901
0.9137921333312988, 3900
0.9137921333312988, 3899
0.9137921333312988, 3898
0.9219098091125488, 3897
0.9219098091125488, 3896
0.9239320755004883, 3895
0.9239320755004883, 3894
0.9239320755004883, 3893
0.9239320755004883, 3892
0.9239320755004883, 3891
0.9319925308227539, 3890
0.9319925308227539, 3889
0.9319925308227539, 3888
0.9319925308227539, 3887
0.9319925308227539, 3886
0.9421405792236328, 3885
0.9441702365875244, 3884
0.9441702365875244, 3883
0.9441702365875244, 3882
0.9441702365875244, 3881
0.9441702365875244, 3880
0.9441702365875244, 3879
0.9441702365875244, 3878
0.9441702365875244, 3877
0.9441702365875244, 3876
0.9544196128845215, 3875
0.9544196128845215, 3874
0.9544196128845215, 3873
0.9544196128845215, 3872
0.9544196128845215, 3871
0.9544196128845215, 3870
0.964566707611084, 3869
0.964566707611084, 3868
0.964566707611084, 3867
0.964566707611084, 3866
0.964566707611084, 3865
0.964566707611084, 3864
0.964566707611084, 3863
0.964566707611084, 3862
0.9726390838623047, 3861
0.9726390838623047, 3860
0.974693775177002, 3859
0.974693775177002, 3858
0.974693775177002, 3857
0.974693775177002, 3856
0.9828081130981445, 3855
0.9850311279296875, 3854
0.9850311279296875, 3853
0.9850311279296875, 3852
0.9850311279296875, 3851
0.9850311279296875, 3850
0.9930977821350098, 3849
0.9930977821350098, 3848
0.9930977821350098, 3847
0.9951469898223877, 3846
0.9951469898223877, 3845
0.9951469898223877, 3844
0.9951469898223877, 3843
0.9951469898223877, 3842
0.9951469898223877, 3841
0.9951469898223877, 3840
0.9951469898223877, 3839
1.0038392543792725, 3838
1.0059046745300293, 3837
1.0059046745300293, 3836
1.0059046745300293, 3835
1.0139572620391846, 3834
1.0139572620391846, 3833
1.0160119533538818, 3832
1.0160119533538818, 3831
1.0160119533538818, 3830
1.0160119533538818, 3829
1.0160119533538818, 3828
1.0160119533538818, 3827
1.0160119533538818, 3826
1.0261847972869873, 3825
1.0261847972869873, 3824
1.0261847972869873, 3823
1.0261847972869873, 3822
1.0261847972869873, 3821
1.0261847972869873, 3820
1.0261847972869873, 3819
1.0261847972869873, 3818
1.0261847972869873, 3817
1.0342531204223633, 3816
1.0342531204223633, 3815
1.0342531204223633, 3814
1.0363068580627441, 3813
1.0363068580627441, 3812
1.0363068580627441, 3811
1.0363068580627441, 3810
1.044395923614502, 3809
1.044395923614502, 3808
1.0464560985565186, 3807
1.0464560985565186, 3806
1.0464560985565186, 3805
1.0464560985565186, 3804
1.0464560985565186, 3803
1.0545120239257812, 3802
1.0545120239257812, 3801
1.0545120239257812, 3800
1.056565761566162, 3799
1.056565761566162, 3798
1.056565761566162, 3797
1.056565761566162, 3796
1.064655065536499, 3795
1.066713571548462, 3794
1.066713571548462, 3793
1.066713571548462, 3792
1.066713571548462, 3791
1.066713571548462, 3790
1.066713571548462, 3789
1.066713571548462, 3788
1.066713571548462, 3787
1.066713571548462, 3786
1.066713571548462, 3785
1.0747694969177246, 3784
1.0747694969177246, 3783
1.0747694969177246, 3782
1.076819658279419, 3781
1.076819658279419, 3780
1.076819658279419, 3779
1.076819658279419, 3778
1.076819658279419, 3777
1.076819658279419, 3776
1.076819658279419, 3775
1.076819658279419, 3774
1.076819658279419, 3773
1.0950026512145996, 3772
1.0970571041107178, 3771
1.0970571041107178, 3770
1.0970571041107178, 3769
1.0970571041107178, 3768
1.0970571041107178, 3767
1.0970571041107178, 3766
1.0970571041107178, 3765
1.1071743965148926, 3764
1.1071743965148926, 3763
1.1071743965148926, 3762
1.1071743965148926, 3761
1.1071743965148926, 3760
1.1071743965148926, 3759
1.1071743965148926, 3758
1.1152582168579102, 3757
1.1173114776611328, 3756
1.1173114776611328, 3755
1.1173114776611328, 3754
1.1173114776611328, 3753
1.1173114776611328, 3752
1.1173114776611328, 3751
1.1254072189331055, 3750
1.1274714469909668, 3749
1.1274714469909668, 3748
1.137587308883667, 3747
1.137587308883667, 3746
1.137587308883667, 3745
1.137587308883667, 3744
1.1456737518310547, 3743
1.1456737518310547, 3742
1.1477341651916504, 3741
1.1477341651916504, 3740
1.1477341651916504, 3739
1.1477341651916504, 3738
1.1477341651916504, 3737
1.1477341651916504, 3736
1.1477341651916504, 3735
1.1477341651916504, 3734
1.1477341651916504, 3733
1.1558008193969727, 3732
1.1558008193969727, 3731
1.1578550338745117, 3730
1.1578550338745117, 3729
1.1578550338745117, 3728
1.1578550338745117, 3727
1.1578550338745117, 3726
1.1659409999847412, 3725
1.1659409999847412, 3724
1.1659409999847412, 3723
1.1659409999847412, 3722
1.1680171489715576, 3721
1.1680171489715576, 3720
1.1680171489715576, 3719
1.1680171489715576, 3718
1.1680171489715576, 3717
1.1680171489715576, 3716
1.1680171489715576, 3715
1.1760964393615723, 3714
1.1781642436981201, 3713
1.1781642436981201, 3712
1.1781642436981201, 3711
1.1781642436981201, 3710
1.1862215995788574, 3709
1.1882951259613037, 3708
1.1882951259613037, 3707
1.1882951259613037, 3706
1.1882951259613037, 3705
1.1882951259613037, 3704
1.1882951259613037, 3703
1.1882951259613037, 3702
1.1882951259613037, 3701
1.1882951259613037, 3700
1.1963636875152588, 3699
1.1984305381774902, 3698
1.1984305381774902, 3697
1.1984305381774902, 3696
1.1984305381774902, 3695
1.1984305381774902, 3694
1.1984305381774902, 3693
1.1984305381774902, 3692
1.1984305381774902, 3691
1.2085559368133545, 3690
1.2085559368133545, 3689
1.2085559368133545, 3688
1.2085559368133545, 3687
1.2085559368133545, 3686
1.2085559368133545, 3685
1.2166264057159424, 3684
1.2186975479125977, 3683
1.2186975479125977, 3682
1.2186975479125977, 3681
1.2186975479125977, 3680
1.2186975479125977, 3679
1.226759672164917, 3678
1.226759672164917, 3677
1.2288227081298828, 3676
1.2288227081298828, 3675
1.2288227081298828, 3674
1.2288227081298828, 3673
1.2288227081298828, 3672
1.236882209777832, 3671
1.236882209777832, 3670
1.2389411926269531, 3669
1.2389411926269531, 3668
1.2389411926269531, 3667
1.2389411926269531, 3666
1.246985673904419, 3665
1.246985673904419, 3664
1.249049425125122, 3663
1.249049425125122, 3662
1.249049425125122, 3661
1.249049425125122, 3660
1.249049425125122, 3659
1.257108211517334, 3658
1.2591638565063477, 3657
1.2591638565063477, 3656
1.2591638565063477, 3655
1.2591638565063477, 3654
1.2591638565063477, 3653
1.2591638565063477, 3652
1.2591638565063477, 3651
1.2591638565063477, 3650
1.267207145690918, 3649
1.267207145690918, 3648
1.267207145690918, 3647
1.2692680358886719, 3646
1.2692680358886719, 3645
1.2692680358886719, 3644
1.2692680358886719, 3643
1.2692680358886719, 3642
1.2692680358886719, 3641
1.2692680358886719, 3640
1.2692680358886719, 3639
1.2692680358886719, 3638
1.2692680358886719, 3637
1.2773280143737793, 3636
1.2793817520141602, 3635
1.2793817520141602, 3634
1.2793817520141602, 3633
1.2793817520141602, 3632
1.2793817520141602, 3631
1.2793817520141602, 3630
1.2793817520141602, 3629
1.2793817520141602, 3628
1.2874622344970703, 3627
1.2874622344970703, 3626
1.2895276546478271, 3625
1.2895276546478271, 3624
1.2895276546478271, 3623
1.2895276546478271, 3622
1.2895276546478271, 3621
1.2895276546478271, 3620
1.2975921630859375, 3619
1.2975921630859375, 3618
1.2975921630859375, 3617
1.299647331237793, 3616
1.299647331237793, 3615
1.299647331237793, 3614
1.299647331237793, 3613
1.299647331237793, 3612
1.299647331237793, 3611
1.299647331237793, 3610
1.3076989650726318, 3609
1.3076989650726318, 3608
1.3076989650726318, 3607
1.30975341796875, 3606
1.30975341796875, 3605
1.30975341796875, 3604
1.3178081512451172, 3603
1.319861650466919, 3602
1.319861650466919, 3601
1.319861650466919, 3600
1.319861650466919, 3599
1.3299579620361328, 3598
1.3299579620361328, 3597
1.3299579620361328, 3596
1.3299579620361328, 3595
1.3299579620361328, 3594
1.3299579620361328, 3593
1.3299579620361328, 3592
1.3380231857299805, 3591
1.3400938510894775, 3590
1.3400938510894775, 3589
1.3400938510894775, 3588
1.3501875400543213, 3587
1.3501875400543213, 3586
1.3501875400543213, 3585
1.3501875400543213, 3584
1.3501875400543213, 3583
1.3501875400543213, 3582
1.3582534790039062, 3581
1.3582534790039062, 3580
1.3603179454803467, 3579
1.3603179454803467, 3578
1.3603179454803467, 3577
1.3603179454803467, 3576
1.3603179454803467, 3575
1.3683736324310303, 3574
1.3683736324310303, 3573
1.3683736324310303, 3572
1.3704380989074707, 3571
1.3704380989074707, 3570
1.3704380989074707, 3569
1.3704380989074707, 3568
1.3704380989074707, 3567
1.3805744647979736, 3566
1.3805744647979736, 3565
1.3805744647979736, 3564
1.3805744647979736, 3563
1.3911733627319336, 3562
1.3911733627319336, 3561
1.3911733627319336, 3560
1.3911733627319336, 3559
1.3911733627319336, 3558
1.3992419242858887, 3557
1.4013111591339111, 3556
1.4013111591339111, 3555
1.409458875656128, 3554
1.411543846130371, 3553
1.4196290969848633, 3552
1.4196290969848633, 3551
1.4196290969848633, 3550
1.4196290969848633, 3549
1.4196290969848633, 3548
1.4196290969848633, 3547
1.4318017959594727, 3546
1.4318017959594727, 3545
1.4318017959594727, 3544
1.4398610591888428, 3543
1.4398610591888428, 3542
1.4419119358062744, 3541
1.4419119358062744, 3540
1.4419119358062744, 3539
1.4419119358062744, 3538
1.4419119358062744, 3537
1.4419119358062744, 3536
1.4419119358062744, 3535
1.4500794410705566, 3534
1.4523828029632568, 3533
1.4523828029632568, 3532
1.4523828029632568, 3531
1.4523828029632568, 3530
1.4523828029632568, 3529
1.4523828029632568, 3528
1.4523828029632568, 3527
1.4604442119598389, 3526
1.4625027179718018, 3525
1.4625027179718018, 3524
1.4625027179718018, 3523
1.4625027179718018, 3522
1.4625027179718018, 3521
1.4625027179718018, 3520
1.470909595489502, 3519
1.472977638244629, 3518
1.472977638244629, 3517
1.472977638244629, 3516
1.472977638244629, 3515
1.472977638244629, 3514
1.472977638244629, 3513
1.481029987335205, 3512
1.481029987335205, 3511
1.4911975860595703, 3510
1.4911975860595703, 3509
1.4911975860595703, 3508
1.4932186603546143, 3507
1.4932186603546143, 3506
1.4932186603546143, 3505
1.4932186603546143, 3504
1.5013926029205322, 3503
1.5035929679870605, 3502
1.5035929679870605, 3501
1.5035929679870605, 3500
1.5035929679870605, 3499
1.5035929679870605, 3498
1.513688564300537, 3497
1.513688564300537, 3496
1.5217463970184326, 3495
1.5237927436828613, 3494
1.5237927436828613, 3493
1.5237927436828613, 3492
1.5237927436828613, 3491
1.5237927436828613, 3490
1.5319831371307373, 3489
1.5340228080749512, 3488
1.5399434566497803, 3487
1.5399434566497803, 3486
1.542076587677002, 3485
1.543121099472046, 3484
1.5453052520751953, 3483
1.5453052520751953, 3482
1.5464320182800293, 3481
1.5464320182800293, 3480
1.5475044250488281, 3479
1.5475044250488281, 3478
1.5521190166473389, 3477
1.5521190166473389, 3476
1.5542244911193848, 3475
1.5542244911193848, 3474
1.5542244911193848, 3473
1.5542244911193848, 3472
1.5542244911193848, 3471
1.5542244911193848, 3470
1.5542244911193848, 3469
1.5622780323028564, 3468
1.5622780323028564, 3467
1.56437349319458, 3466
1.56437349319458, 3465
1.5724599361419678, 3464
1.5724599361419678, 3463
1.5825583934783936, 3462
1.5825583934783936, 3461
1.5847198963165283, 3460
1.5847198963165283, 3459
1.5847198963165283, 3458
1.5847198963165283, 3457
1.5847198963165283, 3456
1.5927786827087402, 3455
1.5927786827087402, 3454
1.5927786827087402, 3453
1.5927786827087402, 3452
1.6052284240722656, 3451
1.6052284240722656, 3450
1.6052284240722656, 3449
1.6052284240722656, 3448
1.6132843494415283, 3447
1.6153013706207275, 3446
1.6153013706207275, 3445
1.6153013706207275, 3444
1.6234073638916016, 3443
1.6234073638916016, 3442
1.6254630088806152, 3441
1.6254630088806152, 3440
1.6254630088806152, 3439
1.6254630088806152, 3438
1.6254630088806152, 3437
1.6254630088806152, 3436
1.6254630088806152, 3435
1.6254630088806152, 3434
1.6254630088806152, 3433
1.6356871128082275, 3432
1.6356871128082275, 3431
1.6356871128082275, 3430
1.6458702087402344, 3429
1.6561927795410156, 3428
1.6561927795410156, 3427
1.6561927795410156, 3426
1.6642930507659912, 3425
1.666337490081787, 3424
1.6743957996368408, 3423
1.6743957996368408, 3422
1.6743957996368408, 3421
1.6743957996368408, 3420
1.6743957996368408, 3419
1.6743957996368408, 3418
1.6743957996368408, 3417
1.6743957996368408, 3416
1.6849932670593262, 3415
1.6870262622833252, 3414
1.6870262622833252, 3413
1.6870262622833252, 3412
1.6870262622833252, 3411
1.695096731185913, 3410
1.6971495151519775, 3409
1.6971495151519775, 3408
1.6971495151519775, 3407
1.6971495151519775, 3406
1.7073338031768799, 3405
1.7073338031768799, 3404
1.7073338031768799, 3403
1.7073338031768799, 3402
1.7073338031768799, 3401
1.7175469398498535, 3400
1.725679874420166, 3399
1.7277348041534424, 3398
1.7277348041534424, 3397
1.7277348041534424, 3396
1.7277348041534424, 3395
1.7357606887817383, 3394
1.7357606887817383, 3393
1.737821102142334, 3392
1.737821102142334, 3391
1.737821102142334, 3390
1.737821102142334, 3389
1.737821102142334, 3388
1.737821102142334, 3387
1.737821102142334, 3386
1.737821102142334, 3385
1.7479743957519531, 3384
1.7479743957519531, 3383
1.758094072341919, 3382
1.758094072341919, 3381
1.758094072341919, 3380
1.7661056518554688, 3379
1.7665669918060303, 3378
1.7687525749206543, 3377
1.7687525749206543, 3376
1.778874397277832, 3375
1.778874397277832, 3374
1.778874397277832, 3373
1.7874069213867188, 3372
1.7874069213867188, 3371
1.7894437313079834, 3370
1.7894437313079834, 3369
1.7894437313079834, 3368
1.797504186630249, 3367
1.797504186630249, 3366
1.7995264530181885, 3365
1.7995264530181885, 3364
1.7995264530181885, 3363
1.807638168334961, 3362
1.8096604347229004, 3361
1.8096604347229004, 3360
1.8096604347229004, 3359
1.817932367324829, 3358
1.817932367324829, 3357
1.8200857639312744, 3356
1.8302199840545654, 3355
1.8302199840545654, 3354
1.8302199840545654, 3353
1.8302199840545654, 3352
1.8302199840545654, 3351
1.8402948379516602, 3350
1.8402948379516602, 3349
1.8402948379516602, 3348
1.8504903316497803, 3347
1.8504903316497803, 3346
1.8585622310638428, 3345
1.8585622310638428, 3344
1.8606204986572266, 3343
1.8606204986572266, 3342
1.8606204986572266, 3341
1.8606204986572266, 3340
1.8688652515411377, 3339
1.8688652515411377, 3338
1.8710918426513672, 3337
1.8710918426513672, 3336
1.8710918426513672, 3335
1.8710918426513672, 3334
1.879164695739746, 3333
1.8812110424041748, 3332
1.8812110424041748, 3331
1.8913004398345947, 3330
1.8913004398345947, 3329
1.8913004398345947, 3328
1.899338960647583, 3327
1.901451826095581, 3326
1.901451826095581, 3325
1.911552906036377, 3324
1.911552906036377, 3323
1.911552906036377, 3322
1.911552906036377, 3321
1.911552906036377, 3320
1.9195847511291504, 3319
1.92161226272583, 3318
1.92161226272583, 3317
1.92161226272583, 3316
1.92161226272583, 3315
1.92161226272583, 3314
1.92161226272583, 3313
1.929642915725708, 3312
1.9316751956939697, 3311
1.9316751956939697, 3310
1.9316751956939697, 3309
1.9316751956939697, 3308
1.93973970413208, 3307
1.93973970413208, 3306
1.93973970413208, 3305
1.9417481422424316, 3304
1.9418091773986816, 3303
1.9418091773986816, 3302
1.9519686698913574, 3301
1.9519686698913574, 3300
1.9519686698913574, 3299
1.9600367546081543, 3298
1.9621033668518066, 3297
1.9621033668518066, 3296
1.9621033668518066, 3295
1.9621033668518066, 3294
1.9621033668518066, 3293
1.9722645282745361, 3292
1.9722645282745361, 3291
1.9722645282745361, 3290
1.9722645282745361, 3289
1.9722645282745361, 3288
1.9722645282745361, 3287
1.9722645282745361, 3286
1.9803407192230225, 3285
1.9824070930480957, 3284
1.9824070930480957, 3283
1.9824070930480957, 3282
1.9904379844665527, 3281
1.9925057888031006, 3280
1.9925057888031006, 3279
2.000575304031372, 3278
2.00264310836792, 3277
2.00264310836792, 3276
2.00264310836792, 3275
2.0131587982177734, 3274
2.0131587982177734, 3273
2.023301124572754, 3272
2.023301124572754, 3271
2.023301124572754, 3270
2.023301124572754, 3269
2.023301124572754, 3268
2.031334161758423, 3267
2.0334014892578125, 3266
2.0435383319854736, 3265
2.051576614379883, 3264
2.0536434650421143, 3263
2.0617105960845947, 3262
2.0617105960845947, 3261
2.063777446746826, 3260
2.063777446746826, 3259
2.063777446746826, 3258
2.063777446746826, 3257
2.071861982345581, 3256
2.0739285945892334, 3255
2.0819602012634277, 3254
2.084027051925659, 3253
2.084027051925659, 3252
2.084027051925659, 3251
2.084027051925659, 3250
2.092107057571411, 3249
2.094175338745117, 3248
2.094175338745117, 3247
2.094175338745117, 3246
2.1043171882629395, 3245
2.1043171882629395, 3244
2.1043171882629395, 3243
2.1043171882629395, 3242
2.1043171882629395, 3241
2.1123526096343994, 3240
2.11441969871521, 3239
2.11441969871521, 3238
2.11441969871521, 3237
2.11441969871521, 3236
2.11441969871521, 3235
2.11441969871521, 3234
2.11441969871521, 3233
2.11441969871521, 3232
2.1224875450134277, 3231
2.1245534420013428, 3230
2.1245534420013428, 3229
2.1245534420013428, 3228
2.1245534420013428, 3227
2.132639169692993, 3226
2.132639169692993, 3225
2.144838333129883, 3224
2.144838333129883, 3223
2.144838333129883, 3222
2.144838333129883, 3221
2.152906656265259, 3220
2.154975652694702, 3219
2.154975652694702, 3218
2.154975652694702, 3217
2.154975652694702, 3216
2.154975652694702, 3215
2.154975652694702, 3214
2.154975652694702, 3213
2.165109395980835, 3212
2.165109395980835, 3211
2.165109395980835, 3210
2.165109395980835, 3209
2.1743083000183105, 3208
2.177431583404541, 3207
2.177431583404541, 3206
2.1855664253234863, 3205
2.1855664253234863, 3204
2.1855664253234863, 3203
2.1855664253234863, 3202
2.1936023235321045, 3201
2.1936023235321045, 3200
2.195672035217285, 3199
2.195672035217285, 3198
2.195672035217285, 3197
2.2037501335144043, 3196
2.2058162689208984, 3195
2.2058162689208984, 3194
2.2058162689208984, 3193
2.2058162689208984, 3192
2.2159130573272705, 3191
2.2159130573272705, 3190
2.2159130573272705, 3189
2.226048707962036, 3188
2.2341349124908447, 3187
2.236203670501709, 3186
2.236203670501709, 3185
2.236203670501709, 3184
2.2463362216949463, 3183
2.2543795108795166, 3182
2.2564473152160645, 3181
2.2564473152160645, 3180
2.2564473152160645, 3179
2.2564473152160645, 3178
2.264456033706665, 3177
2.2645163536071777, 3176
2.26652455329895, 3175
2.266592502593994, 3174
2.266592502593994, 3173
2.266592502593994, 3172
2.2767457962036133, 3171
2.2767457962036133, 3170
2.2767457962036133, 3169
2.286890745162964, 3168
2.286890745162964, 3167
2.2969980239868164, 3166
2.2969980239868164, 3165
2.2969980239868164, 3164
2.305070400238037, 3163
2.305070400238037, 3162
2.3071372509002686, 3161
2.3071372509002686, 3160
2.3071372509002686, 3159
2.315206527709961, 3158
2.315206527709961, 3157
2.317275047302246, 3156
2.317275047302246, 3155
2.3274085521698, 3154
2.3274085521698, 3153
2.3354923725128174, 3152
2.337559223175049, 3151
2.3476924896240234, 3150
2.3476924896240234, 3149
2.3578667640686035, 3148
2.3578667640686035, 3147
2.3578667640686035, 3146
2.3578667640686035, 3145
2.3578667640686035, 3144
2.3578667640686035, 3143
2.3680155277252197, 3142
2.3680155277252197, 3141
2.3680155277252197, 3140
2.3680155277252197, 3139
2.376055955886841, 3138
2.378124475479126, 3137
2.388259172439575, 3136
2.388259172439575, 3135
2.388259172439575, 3134
2.388259172439575, 3133
2.3983752727508545, 3132
2.3983752727508545, 3131
2.4084508419036865, 3130
2.4085099697113037, 3129
2.4085099697113037, 3128
2.418666124343872, 3127
2.418666124343872, 3126
2.4267337322235107, 3125
2.4267337322235107, 3124
2.4287972450256348, 3123
2.4388949871063232, 3122
2.4388949871063232, 3121
2.446962594985962, 3120
2.449028253555298, 3119
2.449028253555298, 3118
2.4591403007507324, 3117
2.469278335571289, 3116
2.469278335571289, 3115
2.4773194789886475, 3114
2.4773194789886475, 3113
2.4773194789886475, 3112
2.479386806488037, 3111
2.4895241260528564, 3110
2.4895241260528564, 3109
2.497551918029785, 3108
2.499629259109497, 3107
2.499629259109497, 3106
2.499629259109497, 3105
2.5010714530944824, 3104
2.510516405105591, 3103
2.511587142944336, 3102
2.5136752128601074, 3101
2.5136752128601074, 3100
2.518242597579956, 3099
2.518242597579956, 3098
2.5203092098236084, 3097
2.5203092098236084, 3096
2.5283772945404053, 3095
2.5304033756256104, 3094
2.5304033756256104, 3093
2.538479804992676, 3092
2.5405144691467285, 3091
2.5405144691467285, 3090
2.548577070236206, 3089
2.5506467819213867, 3088
2.5506467819213867, 3087
2.5506467819213867, 3086
2.5506467819213867, 3085
2.5506467819213867, 3084
2.5586564540863037, 3083
2.561568021774292, 3082
2.561568021774292, 3081
2.569667100906372, 3080
2.571749210357666, 3079
2.5818443298339844, 3078
2.5818443298339844, 3077
2.5818443298339844, 3076
2.589876651763916, 3075
2.591944456100464, 3074
2.591944456100464, 3073
2.591944456100464, 3072
2.591944456100464, 3071
2.600013017654419, 3070
2.602081537246704, 3069
2.602081537246704, 3068
2.602081537246704, 3067
2.602081537246704, 3066
2.612238645553589, 3065
2.612238645553589, 3064
2.622408866882324, 3063
2.622408866882324, 3062
2.622408866882324, 3061
2.632925510406494, 3060
2.641000986099243, 3059
2.6533684730529785, 3058
2.6533684730529785, 3057
2.6533684730529785, 3056
2.661442756652832, 3055
2.661442756652832, 3054
2.6635079383850098, 3053
2.673633337020874, 3052
2.684063673019409, 3051
2.684063673019409, 3050
2.684063673019409, 3049
2.704341411590576, 3048
2.7124345302581787, 3047
2.7145333290100098, 3046
2.7326645851135254, 3045
2.7326645851135254, 3044
2.7450151443481445, 3043
2.7450151443481445, 3042
2.7450151443481445, 3041
2.755476474761963, 3040
2.7656030654907227, 3039
2.7656030654907227, 3038
2.7737348079681396, 3037
2.7737348079681396, 3036
2.775768518447876, 3035
2.7838640213012695, 3034
2.793959140777588, 3033
2.7960093021392822, 3032
2.806147575378418, 3031
2.816251754760742, 3030
2.824306011199951, 3029
2.836735963821411, 3028
2.836735963821411, 3027
2.8468575477600098, 3026
2.8468575477600098, 3025
2.8569462299346924, 3024
2.8569462299346924, 3023
2.8671462535858154, 3022
2.8671462535858154, 3021
2.8671462535858154, 3020
2.877361536026001, 3019
2.877361536026001, 3018
2.877361536026001, 3017
2.877361536026001, 3016
2.887660264968872, 3015
2.887660264968872, 3014
2.887660264968872, 3013
2.8978359699249268, 3012
2.9058687686920166, 3011
2.9058687686920166, 3010
2.907923460006714, 3009
2.907923460006714, 3008
2.907923460006714, 3007
2.9180805683135986, 3006
2.9180805683135986, 3005
2.9180805683135986, 3004
2.9180805683135986, 3003
2.9281928539276123, 3002
2.9281928539276123, 3001
2.9281928539276123, 3000
2.9363181591033936, 2999
2.9383339881896973, 2998
2.9383339881896973, 2997
2.9484050273895264, 2996
2.9484050273895264, 2995
2.9484050273895264, 2994
2.958545207977295, 2993
2.966599225997925, 2992
2.96865177154541, 2991
2.96865177154541, 2990
2.96865177154541, 2989
2.96865177154541, 2988
2.9788060188293457, 2987
2.9889254570007324, 2986
2.9990527629852295, 2985
3.009162187576294, 2984
3.0172393321990967, 2983
3.0192973613739014, 2982
3.0273520946502686, 2981
3.0294055938720703, 2980
3.0294055938720703, 2979
3.0294055938720703, 2978
3.0395267009735107, 2977
3.0395267009735107, 2976
3.0395267009735107, 2975
3.0475895404815674, 2974
3.057706832885742, 2973
3.057706832885742, 2972
3.0597636699676514, 2971
3.0698652267456055, 2970
3.0698652267456055, 2969
3.0698652267456055, 2968
3.0698652267456055, 2967
3.08003830909729, 2966
3.08003830909729, 2965
3.08003830909729, 2964
3.08003830909729, 2963
3.0901472568511963, 2962
3.0901472568511963, 2961
3.1002492904663086, 2960
3.1103663444519043, 2959
3.120508909225464, 2958
3.120508909225464, 2957
3.1306333541870117, 2956
3.1306333541870117, 2955
3.1407504081726074, 2954
3.1407504081726074, 2953
3.1407504081726074, 2952
3.1407504081726074, 2951
3.150857925415039, 2950
3.150857925415039, 2949
3.1609952449798584, 2948
3.1690549850463867, 2947
3.171114921569824, 2946
3.171114921569824, 2945
3.171114921569824, 2944
3.181278944015503, 2943
3.181278944015503, 2942
3.181278944015503, 2941
3.189331293106079, 2940
3.2015480995178223, 2939
3.2015480995178223, 2938
3.2116613388061523, 2937
3.2116613388061523, 2936
3.2197721004486084, 2935
3.2197721004486084, 2934
3.221837043762207, 2933
3.221837043762207, 2932
3.229891300201416, 2931
3.229891300201416, 2930
3.2319581508636475, 2929
3.2319581508636475, 2928
3.2319581508636475, 2927
3.2319581508636475, 2926
3.2400100231170654, 2925
3.2425475120544434, 2924
3.2425475120544434, 2923
3.2425475120544434, 2922
3.250603199005127, 2921
3.25266695022583, 2920
3.25266695022583, 2919
3.2627923488616943, 2918
3.2627923488616943, 2917
3.2627923488616943, 2916
3.2708473205566406, 2915
3.2708473205566406, 2914
3.2708473205566406, 2913
3.272900104522705, 2912
3.2810120582580566, 2911
3.2830746173858643, 2910
3.2830746173858643, 2909
3.2830746173858643, 2908
3.2830746173858643, 2907
3.293198585510254, 2906
3.301241397857666, 2905
3.3034815788269043, 2904
3.313565492630005, 2903
3.313565492630005, 2902
3.323674440383911, 2901
3.323674440383911, 2900
3.323674440383911, 2899
3.3338563442230225, 2898
3.3338563442230225, 2897
3.3338563442230225, 2896
3.3338563442230225, 2895
3.3338563442230225, 2894
3.352128744125366, 2893
3.352128744125366, 2892
3.375772476196289, 2891
3.375772476196289, 2890
3.375772476196289, 2889
3.3823764324188232, 2888
3.3845245838165283, 2887
3.3925538063049316, 2886
3.394575834274292, 2885
3.4152817726135254, 2884
3.42332124710083, 2883
3.42332124710083, 2882
3.425344944000244, 2881
3.443419933319092, 2880
3.443419933319092, 2879
3.443419933319092, 2878
3.459071159362793, 2877
3.459071159362793, 2876
3.490318775177002, 2875
3.5059456825256348, 2874
3.5215702056884766, 2873
3.5215702056884766, 2872
3.5215702056884766, 2871
3.5215702056884766, 2870
3.5215702056884766, 2869
3.5215702056884766, 2868
3.5215702056884766, 2867
3.5373079776763916, 2866
3.5373079776763916, 2865
3.5373079776763916, 2864
3.5373079776763916, 2863
3.5438973903656006, 2862
3.559570074081421, 2861
3.559570074081421, 2860
3.559570074081421, 2859
3.559570074081421, 2858
3.5751986503601074, 2857
3.5751986503601074, 2856
3.5751986503601074, 2855
3.5908195972442627, 2854
3.5908195972442627, 2853
3.60644793510437, 2852
3.60644793510437, 2851
3.60644793510437, 2850
3.60644793510437, 2849
3.60644793510437, 2848
3.6220743656158447, 2847
3.6220743656158447, 2846
3.6220743656158447, 2845
3.6220743656158447, 2844
3.6220743656158447, 2843
3.6220743656158447, 2842
3.6377007961273193, 2841
3.6377007961273193, 2840
3.644279718399048, 2839
3.6544017791748047, 2838
3.6564574241638184, 2837
3.6564574241638184, 2836
3.6564574241638184, 2835
3.6564574241638184, 2834
3.6564574241638184, 2833
3.6665759086608887, 2832
3.6665759086608887, 2831
3.6665759086608887, 2830
3.6746435165405273, 2829
3.707080602645874, 2828
3.707080602645874, 2827
3.7151451110839844, 2826
3.7171952724456787, 2825
3.727264642715454, 2824
3.727264642715454, 2823
3.737396001815796, 2822
3.747504949569702, 2821
3.747504949569702, 2820
3.747504949569702, 2819
3.747504949569702, 2818
3.757631778717041, 2817
3.757631778717041, 2816
3.757631778717041, 2815
3.757631778717041, 2814
3.7677574157714844, 2813
3.7778987884521484, 2812
3.7778987884521484, 2811
3.7880053520202637, 2810
3.7880053520202637, 2809
3.7880053520202637, 2808
3.7981793880462646, 2807
3.7981793880462646, 2806
3.7981793880462646, 2805
3.816331148147583, 2804
3.8184099197387695, 2803
3.8184099197387695, 2802
3.8184099197387695, 2801
3.828521251678467, 2800
3.828521251678467, 2799
3.828521251678467, 2798
3.828521251678467, 2797
3.836604118347168, 2796
3.838657855987549, 2795
3.838657855987549, 2794
3.838657855987549, 2793
3.8487653732299805, 2792
3.8487653732299805, 2791
3.8487653732299805, 2790
3.8628411293029785, 2789
3.8638970851898193, 2788
3.8799407482147217, 2787
3.8799407482147217, 2786
3.8799407482147217, 2785
3.8900630474090576, 2784
3.9103496074676514, 2783
3.9103496074676514, 2782
3.9103496074676514, 2781
3.9204814434051514, 2780
3.9204814434051514, 2779
3.9204814434051514, 2778
3.9305896759033203, 2777
3.9305896759033203, 2776
3.9386632442474365, 2775
3.9407169818878174, 2774
3.9487810134887695, 2773
3.950840473175049, 2772
3.9690325260162354, 2771
3.9690325260162354, 2770
3.9690325260162354, 2769
3.971085548400879, 2768
3.9791929721832275, 2767
3.981250762939453, 2766
3.981250762939453, 2765
3.9913573265075684, 2764
3.9913573265075684, 2763
3.999462604522705, 2762
4.001518726348877, 2761
4.001518726348877, 2760
4.001518726348877, 2759
4.01164436340332, 2758
4.01164436340332, 2757
4.01164436340332, 2756
4.021809816360474, 2755
4.021809816360474, 2754
4.031931161880493, 2753
4.0400025844573975, 2752
4.0400025844573975, 2751
4.042047500610352, 2750
4.042047500610352, 2749
4.052164554595947, 2748
4.052164554595947, 2747
4.052164554595947, 2746
4.060245752334595, 2745
4.060245752334595, 2744
4.062311410903931, 2743
4.062311410903931, 2742
4.072420597076416, 2741
4.082531929016113, 2740
4.102797031402588, 2739
4.112905025482178, 2738
4.123030424118042, 2737
4.131084680557251, 2736
4.1331398487091064, 2735
4.143275737762451, 2734
4.163523435592651, 2733
4.173637628555298, 2732
4.173637628555298, 2731
4.173637628555298, 2730
4.1918628215789795, 2729
4.1918628215789795, 2728
4.201991319656372, 2727
4.214110374450684, 2726
4.214110374450684, 2725
4.225977420806885, 2724
4.225977420806885, 2723
4.238335132598877, 2722
4.2454514503479, 2721
4.2454514503479, 2720
4.2454514503479, 2719
4.2454514503479, 2718
4.284328937530518, 2717
4.304608583450317, 2716
4.337155818939209, 2715
4.345211029052734, 2714
4.3573949337005615, 2713
4.365429401397705, 2712
4.3676674365997314, 2711
4.3676674365997314, 2710
4.378286600112915, 2709
4.399188995361328, 2708
4.406244277954102, 2707
4.418457508087158, 2706
4.428580045700073, 2705
4.43662166595459, 2704
4.438710689544678, 2703
4.446762323379517, 2702
4.458954811096191, 2701
4.458954811096191, 2700
4.458954811096191, 2699
4.488132953643799, 2698
4.49196720123291, 2697
4.493110656738281, 2696
4.493110656738281, 2695
4.493110656738281, 2694
4.493110656738281, 2693
4.499731540679932, 2692
4.499731540679932, 2691
4.499731540679932, 2690
4.499731540679932, 2689
4.519939422607422, 2688
4.528040885925293, 2687
4.528040885925293, 2686
4.530099391937256, 2685
4.530099391937256, 2684
4.530099391937256, 2683
4.5402116775512695, 2682
4.550354719161987, 2681
4.56046199798584, 2680
4.56046199798584, 2679
4.56046199798584, 2678
4.56046199798584, 2677
4.56046199798584, 2676
4.578665494918823, 2675
4.58071494102478, 2674
4.590857028961182, 2673
4.590857028961182, 2672
4.6092188358306885, 2671
4.6112682819366455, 2670
4.621376991271973, 2669
4.6315507888793945, 2668
4.6315507888793945, 2667
4.6315507888793945, 2666
4.64166784286499, 2665
4.651791095733643, 2664
4.651791095733643, 2663
4.651791095733643, 2662
4.659848928451538, 2661
4.661910057067871, 2660
4.672021150588989, 2659
4.6821300983428955, 2658
4.690200090408325, 2657
4.702369928359985, 2656
4.702369928359985, 2655
4.712496995925903, 2654
4.73073148727417, 2653
4.73073148727417, 2652
4.732787370681763, 2651
4.753052234649658, 2650
4.771237373352051, 2649
4.773289680480957, 2648
4.7833638191223145, 2647
4.7833638191223145, 2646
4.7833638191223145, 2645
4.7833638191223145, 2644
4.791458368301392, 2643
4.793512344360352, 2642
4.803635120391846, 2641
4.813770771026611, 2640
4.813770771026611, 2639
4.821826457977295, 2638
4.823879957199097, 2637
4.823879957199097, 2636
4.831984519958496, 2635
4.83404016494751, 2634
4.854426622390747, 2633
4.854426622390747, 2632
4.864515066146851, 2631
4.874610424041748, 2630
4.874610424041748, 2629
4.892916679382324, 2628
4.894956350326538, 2627
4.903008699417114, 2626
4.915143728256226, 2625
4.915143728256226, 2624
4.915143728256226, 2623
4.945943355560303, 2622
4.945943355560303, 2621
4.98702335357666, 2620
4.995107173919678, 2619
5.007275819778442, 2618
5.027594089508057, 2617
5.027594089508057, 2616
5.045794248580933, 2615
5.057974338531494, 2614
5.078289985656738, 2613
5.109358310699463, 2612
5.109358310699463, 2611
5.109358310699463, 2610
5.119485378265381, 2609
5.129596948623657, 2608
5.129596948623657, 2607
5.149860382080078, 2606
5.16002082824707, 2605
5.1680748462677, 2604
5.1701319217681885, 2603
5.1701319217681885, 2602
5.19036602973938, 2601
5.210593223571777, 2600
5.220728635787964, 2599
5.230835437774658, 2598
5.238922119140625, 2597
5.24903130531311, 2596
5.261225938796997, 2595
5.261225938796997, 2594
5.261225938796997, 2593
5.2713422775268555, 2592
5.2713422775268555, 2591
5.279421091079712, 2590
5.301673412322998, 2589
5.301673412322998, 2588
5.309727668762207, 2587
5.319857835769653, 2586
5.321919202804565, 2585
5.332027196884155, 2584
5.332027196884155, 2583
5.340134143829346, 2582
5.340134143829346, 2581
5.342189311981201, 2580
5.352310419082642, 2579
5.362472772598267, 2578
5.362472772598267, 2577
5.372583866119385, 2576
5.372583866119385, 2575
5.3927929401397705, 2574
5.3927929401397705, 2573
5.3927929401397705, 2572
5.4029316902160645, 2571
5.413061857223511, 2570
5.423240900039673, 2569
5.43129563331604, 2568
5.433348655700684, 2567
5.433348655700684, 2566
5.443516254425049, 2565
5.443516254425049, 2564
5.471803188323975, 2563
5.483983278274536, 2562
5.483983278274536, 2561
5.483983278274536, 2560
5.4940972328186035, 2559
5.502169132232666, 2558
5.502169132232666, 2557
5.514329433441162, 2556
5.514329433441162, 2555
5.514329433441162, 2554
5.524446964263916, 2553
5.534563064575195, 2552
5.544731855392456, 2551
5.544731855392456, 2550
5.554840564727783, 2549
5.585170269012451, 2548
5.595311880111694, 2547
5.605422735214233, 2546
5.605422735214233, 2545
5.633738279342651, 2544
5.635797023773193, 2543
5.635797023773193, 2542
5.635797023773193, 2541
5.643851280212402, 2540
5.6459081172943115, 2539
5.666165351867676, 2538
5.686403751373291, 2537
5.70663595199585, 2536
5.717159271240234, 2535
5.737386465072632, 2534
5.757643938064575, 2533
5.757643938064575, 2532
5.757643938064575, 2531
5.765698432922363, 2530
5.765698432922363, 2529
5.777886390686035, 2528
5.788009405136108, 2527
5.8065102100372314, 2526
5.808566331863403, 2525
5.828805446624756, 2524
5.83687949180603, 2523
5.83893346786499, 2522
5.83893346786499, 2521
5.846987247467041, 2520
5.849042177200317, 2519
5.859196901321411, 2518
5.889540672302246, 2517
5.889540672302246, 2516
5.899664402008057, 2515
5.899664402008057, 2514
5.907721281051636, 2513
5.919906377792358, 2512
5.927966356277466, 2511
5.940207004547119, 2510
5.960468769073486, 2509
5.968523263931274, 2508
5.980692625045776, 2507
6.000929355621338, 2506
6.000929355621338, 2505
6.011049509048462, 2504
6.011049509048462, 2503
6.031319856643677, 2502
6.082303047180176, 2501
6.082303047180176, 2500
6.082303047180176, 2499
6.092413663864136, 2498
6.092413663864136, 2497
6.102537393569946, 2496
6.1105897426605225, 2495
6.1126487255096436, 2494
6.130819797515869, 2493
6.132882356643677, 2492
6.143011569976807, 2491
6.151062250137329, 2490
6.161195278167725, 2489
6.1713175773620605, 2488
6.173371076583862, 2487
6.173371076583862, 2486
6.213824510574341, 2485
6.223948955535889, 2484
6.234078884124756, 2483
6.254350900650024, 2482
6.254350900650024, 2481
6.254350900650024, 2480
6.264530897140503, 2479
6.274644374847412, 2478
6.274644374847412, 2477
6.284800052642822, 2476
6.294912815093994, 2475
6.294912815093994, 2474
6.302998781204224, 2473
6.315168142318726, 2472
6.315168142318726, 2471
6.325699806213379, 2470
6.3358094692230225, 2469
6.345952749252319, 2468
6.345952749252319, 2467
6.374291896820068, 2466
6.376345157623291, 2465
6.396622896194458, 2464
6.406801223754883, 2463
6.435112953186035, 2462
6.4574034214019775, 2461
6.518143892288208, 2460
6.528285503387451, 2459
6.54646635055542, 2458
6.558645009994507, 2457
6.558645009994507, 2456
6.558645009994507, 2455
6.576865196228027, 2454
6.589081287384033, 2453
6.599189281463623, 2452
6.599189281463623, 2451
6.607270240783691, 2450
6.6093220710754395, 2449
6.670133352279663, 2448
6.680247783660889, 2447
6.680247783660889, 2446
6.68831467628479, 2445
6.690369367599487, 2444
6.690369367599487, 2443
6.7186572551727295, 2442
6.720707654953003, 2441
6.720707654953003, 2440
6.740948677062988, 2439
6.761171102523804, 2438
6.771324872970581, 2437
6.771324872970581, 2436
6.8219640254974365, 2435
6.8219640254974365, 2434
6.832083702087402, 2433
6.8523290157318115, 2432
6.872594594955444, 2431
6.892833948135376, 2430
6.902942419052124, 2429
6.954101085662842, 2428
6.994597911834717, 2427
7.024949550628662, 2426
7.045203447341919, 2425
7.045203447341919, 2424
7.075583457946777, 2423
7.075583457946777, 2422
7.085693836212158, 2421
7.105935335159302, 2420
7.126161098480225, 2419
7.134234428405762, 2418
7.146402597427368, 2417
7.176881551742554, 2416
7.187071084976196, 2415
7.187071084976196, 2414
7.1971845626831055, 2413
7.1971845626831055, 2412
7.1971845626831055, 2411
7.205240964889526, 2410
7.227558374404907, 2409
7.235633134841919, 2408
7.237688779830933, 2407
7.237688779830933, 2406
7.268057584762573, 2405
7.288345098495483, 2404
7.30862021446228, 2403
7.3389892578125, 2402
7.3491010665893555, 2401
7.359241724014282, 2400
7.420078992843628, 2399
7.42814826965332, 2398
7.440319776535034, 2397
7.48082709312439, 2396
7.501107931137085, 2395
7.5192930698394775, 2394
7.521356582641602, 2393
7.521356582641602, 2392
7.5395660400390625, 2391
7.549664497375488, 2390
7.59263277053833, 2389
7.631057024002075, 2388
7.6331140995025635, 2387
7.64322566986084, 2386
7.64322566986084, 2385
7.653437852859497, 2384
7.653437852859497, 2383
7.663573980331421, 2382
7.663573980331421, 2381
7.693984270095825, 2380
7.744543075561523, 2379
7.764835357666016, 2378
7.764835357666016, 2377
7.772940635681152, 2376
7.8053879737854, 2375
7.834753751754761, 2374
7.8460533618927, 2373
7.8460533618927, 2372
7.896603107452393, 2371
7.906721830368042, 2370
7.935030698776245, 2369
7.937084674835205, 2368
7.967460870742798, 2367
7.99788498878479, 2366
8.048444986343384, 2365
8.058607578277588, 2364
8.078787803649902, 2363
8.078787803649902, 2362
8.088905572891235, 2361
8.158554077148438, 2360
8.158554077148438, 2359
8.189807653427124, 2358
8.189807653427124, 2357
8.258867502212524, 2356
8.274494409561157, 2355
8.274494409561157, 2354
8.290118932723999, 2353
8.305740118026733, 2352
8.329993486404419, 2351
8.358331441879272, 2350
8.370499849319458, 2349
8.419098377227783, 2348
8.43126654624939, 2347
8.439337968826294, 2346
8.44140100479126, 2345
8.451519012451172, 2344
8.50233006477356, 2343
8.52255654335022, 2342
8.532808780670166, 2341
8.573432207107544, 2340
8.604235649108887, 2339
8.624502182006836, 2338
8.652935981750488, 2337
8.685696363449097, 2336
8.716120481491089, 2335
8.726260423660278, 2334
8.726260423660278, 2333
8.899460315704346, 2332
8.909577369689941, 2331
8.940320014953613, 2330
8.991103649139404, 2329
8.991103649139404, 2328
9.030085802078247, 2327
9.04244089126587, 2326
9.04244089126587, 2325
9.15407657623291, 2324
9.174323558807373, 2323
9.294228553771973, 2322
9.306437015533447, 2321
9.3857741355896, 2320
9.516600847244263, 2319
9.648194074630737, 2318
9.757579803466797, 2317
9.773178339004517, 2316
9.806688785552979, 2315
9.81719970703125, 2314
9.81719970703125, 2313
9.81719970703125, 2312
9.864086151123047, 2311
9.917474746704102, 2310
9.933116436004639, 2309
10.049057006835938, 2308
10.158591747283936, 2307
10.231263637542725, 2306
10.281585693359375, 2305
10.312835931777954, 2304
10.350605010986328, 2303
10.53211259841919, 2302
10.610695123672485, 2301
10.632424354553223, 2300
10.794807434082031, 2299
10.841737508773804, 2298
10.841737508773804, 2297
10.841737508773804, 2296
11.01440978050232, 2295
11.08345103263855, 2294
11.08345103263855, 2293
11.220566272735596, 2292
11.352715969085693, 2291
11.468629121780396, 2290
11.700519323348999, 2289
11.753965854644775, 2288
11.756020784378052, 2287
11.776288509368896, 2286
11.969518423080444, 2285
12.030265808105469, 2284
12.050517320632935, 2283
12.0586097240448, 2282
12.131474256515503, 2281
12.149656534194946, 2280
12.170112133026123, 2279
12.172170162200928, 2278
12.243072032928467, 2277
12.27346134185791, 2276
12.293722867965698, 2275
12.47624397277832, 2274
12.598856687545776, 2273
12.78515911102295, 2272
12.787214279174805, 2271
12.88840937614441, 2270
12.977581024169922, 2269
13.028639793395996, 2268
13.34487247467041, 2267
13.456265687942505, 2266
13.61851167678833, 2265
13.659220695495605, 2264
13.748394012451172, 2263
14.115570306777954, 2262
14.168283700942993, 2261
14.188542366027832, 2260
14.208810806274414, 2259
14.394367694854736, 2258
14.610655069351196, 2257
14.780024528503418, 2256
15.016933679580688, 2255
15.18101453781128, 2254
15.196628332138062, 2253
15.25001311302185, 2252
15.350326776504517, 2251
15.49760365486145, 2250
15.817786931991577, 2249
16.172587394714355, 2248
16.221297025680542, 2247
16.570923805236816, 2246
17.041776418685913, 2245
17.21246838569641, 2244
17.244874000549316, 2243
17.306076049804688, 2242
17.588154792785645, 2241
17.885571002960205, 2240
17.979238033294678, 2239
18.403026819229126, 2238
18.50288963317871, 2237
18.90011239051819, 2236
19.20490074157715, 2235
20.45900583267212, 2234
20.52628207206726, 2233
20.79465365409851, 2232
21.382683277130127, 2231
21.39279341697693, 2230
21.88049578666687, 2229
21.949344873428345, 2228
22.419828176498413, 2227
22.501205682754517, 2226
23.10900115966797, 2225
23.443903923034668, 2224
23.606882572174072, 2223
25.599658250808716, 2222
25.619940042495728, 2221
26.025516271591187, 2220
26.208397150039673, 2219
27.51590895652771, 2218
29.28833770751953, 2217
29.420955181121826, 2216
31.417901754379272, 2215
33.682483196258545, 2214
36.941511154174805, 2213
38.90469264984131, 2212
41.321807861328125, 2211
44.201154470443726, 2210
49.637497901916504, 2209
50.5217661857605, 2208
56.71395421028137, 2207
