0.4347681999206543, 2262
0.7037193775177002, 2261
0.7548906803131104, 2260
0.9018216133117676, 2259
1.0332605838775635, 2258
1.055467128753662, 2257
1.2344279289245605, 2256
1.4017062187194824, 2255
1.7353155612945557, 2254
1.9065916538238525, 2253
2.3034169673919678, 2252
2.6129186153411865, 2251
2.6997406482696533, 2250
3.205813407897949, 2249
3.5411994457244873, 2248
3.6254124641418457, 2247
3.74116849899292, 2246
3.871393918991089, 2245
4.109275817871094, 2244
4.201993465423584, 2243
4.317076683044434, 2242
5.484426498413086, 2241
5.66443943977356, 2240
5.673676490783691, 2239
5.675823450088501, 2238
5.9174485206604, 2237
5.9831671714782715, 2236
6.192024230957031, 2235
6.359906196594238, 2234
7.5934717655181885, 2233
7.69410514831543, 2232
7.765098810195923, 2231
8.41496205329895, 2230
8.589136600494385, 2229
9.429717540740967, 2228
10.121631622314453, 2227
10.383819818496704, 2226
10.401858806610107, 2225
11.55266261100769, 2224
11.572221517562866, 2223
12.229592084884644, 2222
12.610244989395142, 2221
16.001912355422974, 2220
16.23474645614624, 2219
17.363068342208862, 2218
18.603021144866943, 2217
18.790624856948853, 2216
20.19561195373535, 2215
25.3826687335968, 2214
28.080132246017456, 2213
34.05697584152222, 2212
35.134878158569336, 2211
36.28062415122986, 2210
