0.015624523162841797, 4941
0.015624523162841797, 4940
0.015624523162841797, 4939
0.015624523162841797, 4938
0.031249284744262695, 4937
0.031249284744262695, 4936
0.031249284744262695, 4935
0.031249284744262695, 4934
0.031249284744262695, 4933
0.031249284744262695, 4932
0.031249284744262695, 4931
0.031249284744262695, 4930
0.031249284744262695, 4929
0.031249284744262695, 4928
0.031249284744262695, 4927
0.031249284744262695, 4926
0.031249284744262695, 4925
0.031249284744262695, 4924
0.031249284744262695, 4923
0.031249284744262695, 4922
0.031249284744262695, 4921
0.031249284744262695, 4920
0.031249284744262695, 4919
0.031249284744262695, 4918
0.031249284744262695, 4917
0.031249284744262695, 4916
0.031249284744262695, 4915
0.031249284744262695, 4914
0.031249284744262695, 4913
0.031249284744262695, 4912
0.031249284744262695, 4911
0.04691338539123535, 4910
0.04691338539123535, 4909
0.04691338539123535, 4908
0.04691338539123535, 4907
0.04691338539123535, 4906
0.04691338539123535, 4905
0.04691338539123535, 4904
0.04691338539123535, 4903
0.04691338539123535, 4902
0.04691338539123535, 4901
0.053456783294677734, 4900
0.053456783294677734, 4899
0.053456783294677734, 4898
0.053456783294677734, 4897
0.053456783294677734, 4896
0.053456783294677734, 4895
0.053456783294677734, 4894
0.053456783294677734, 4893
0.053456783294677734, 4892
0.053456783294677734, 4891
0.053456783294677734, 4890
0.053456783294677734, 4889
0.053456783294677734, 4888
0.053456783294677734, 4887
0.053456783294677734, 4886
0.053456783294677734, 4885
0.053456783294677734, 4884
0.053456783294677734, 4883
0.053456783294677734, 4882
0.053456783294677734, 4881
0.053456783294677734, 4880
0.053456783294677734, 4879
0.053456783294677734, 4878
0.053456783294677734, 4877
0.053456783294677734, 4876
0.06912851333618164, 4875
0.06912851333618164, 4874
0.06912851333618164, 4873
0.06912851333618164, 4872
0.06912851333618164, 4871
0.06912851333618164, 4870
0.06912851333618164, 4869
0.06912851333618164, 4868
0.06912851333618164, 4867
0.06912851333618164, 4866
0.06912851333618164, 4865
0.06912851333618164, 4864
0.06912851333618164, 4863
0.06912851333618164, 4862
0.06912851333618164, 4861
0.06912851333618164, 4860
0.06912851333618164, 4859
0.06912851333618164, 4858
0.06912851333618164, 4857
0.06912851333618164, 4856
0.06912851333618164, 4855
0.06912851333618164, 4854
0.06912851333618164, 4853
0.06912851333618164, 4852
0.06912851333618164, 4851
0.084716796875, 4850
0.084716796875, 4849
0.084716796875, 4848
0.084716796875, 4847
0.084716796875, 4846
0.084716796875, 4845
0.084716796875, 4844
0.084716796875, 4843
0.084716796875, 4842
0.084716796875, 4841
0.084716796875, 4840
0.084716796875, 4839
0.084716796875, 4838
0.084716796875, 4837
0.084716796875, 4836
0.084716796875, 4835
0.084716796875, 4834
0.084716796875, 4833
0.084716796875, 4832
0.084716796875, 4831
0.084716796875, 4830
0.084716796875, 4829
0.084716796875, 4828
0.084716796875, 4827
0.084716796875, 4826
0.084716796875, 4825
0.084716796875, 4824
0.084716796875, 4823
0.10037851333618164, 4822
0.10037851333618164, 4821
0.10037851333618164, 4820
0.10037851333618164, 4819
0.10037851333618164, 4818
0.10037851333618164, 4817
0.10037851333618164, 4816
0.10037851333618164, 4815
0.10037851333618164, 4814
0.10037851333618164, 4813
0.10037851333618164, 4812
0.10037851333618164, 4811
0.10037851333618164, 4810
0.10037851333618164, 4809
0.10037851333618164, 4808
0.10037851333618164, 4807
0.10037851333618164, 4806
0.10037851333618164, 4805
0.10037851333618164, 4804
0.10037851333618164, 4803
0.10037851333618164, 4802
0.10037851333618164, 4801
0.10037851333618164, 4800
0.11596918106079102, 4799
0.11596918106079102, 4798
0.11596918106079102, 4797
0.11596918106079102, 4796
0.11596918106079102, 4795
0.11596918106079102, 4794
0.11596918106079102, 4793
0.11596918106079102, 4792
0.11596918106079102, 4791
0.11596918106079102, 4790
0.11596918106079102, 4789
0.11596918106079102, 4788
0.11596918106079102, 4787
0.11596918106079102, 4786
0.11596918106079102, 4785
0.11596918106079102, 4784
0.11596918106079102, 4783
0.11596918106079102, 4782
0.11596918106079102, 4781
0.11596918106079102, 4780
0.11596918106079102, 4779
0.11596918106079102, 4778
0.11596918106079102, 4777
0.11596918106079102, 4776
0.11596918106079102, 4775
0.13162493705749512, 4774
0.13162493705749512, 4773
0.13162493705749512, 4772
0.13162493705749512, 4771
0.13162493705749512, 4770
0.13162493705749512, 4769
0.13162493705749512, 4768
0.13162493705749512, 4767
0.13162493705749512, 4766
0.13162493705749512, 4765
0.13162493705749512, 4764
0.13162493705749512, 4763
0.13162493705749512, 4762
0.13162493705749512, 4761
0.13162493705749512, 4760
0.13162493705749512, 4759
0.13162493705749512, 4758
0.13162493705749512, 4757
0.13162493705749512, 4756
0.13162493705749512, 4755
0.13162493705749512, 4754
0.13162493705749512, 4753
0.13162493705749512, 4752
0.14725184440612793, 4751
0.14725184440612793, 4750
0.14725184440612793, 4749
0.14725184440612793, 4748
0.14725184440612793, 4747
0.14725184440612793, 4746
0.15387535095214844, 4745
0.15387535095214844, 4744
0.15387535095214844, 4743
0.15387535095214844, 4742
0.15387535095214844, 4741
0.15387535095214844, 4740
0.15387535095214844, 4739
0.15387535095214844, 4738
0.15387535095214844, 4737
0.15387535095214844, 4736
0.15387535095214844, 4735
0.15387535095214844, 4734
0.15387535095214844, 4733
0.15387535095214844, 4732
0.15387535095214844, 4731
0.15387535095214844, 4730
0.15387535095214844, 4729
0.15387535095214844, 4728
0.15387535095214844, 4727
0.15387535095214844, 4726
0.15387535095214844, 4725
0.15387535095214844, 4724
0.16957998275756836, 4723
0.16957998275756836, 4722
0.16957998275756836, 4721
0.16957998275756836, 4720
0.16957998275756836, 4719
0.16957998275756836, 4718
0.16957998275756836, 4717
0.16957998275756836, 4716
0.16957998275756836, 4715
0.16957998275756836, 4714
0.16957998275756836, 4713
0.16957998275756836, 4712
0.16957998275756836, 4711
0.16957998275756836, 4710
0.16957998275756836, 4709
0.16957998275756836, 4708
0.16957998275756836, 4707
0.16957998275756836, 4706
0.16957998275756836, 4705
0.16957998275756836, 4704
0.16957998275756836, 4703
0.16957998275756836, 4702
0.16957998275756836, 4701
0.16957998275756836, 4700
0.16957998275756836, 4699
0.16957998275756836, 4698
0.18520474433898926, 4697
0.18520474433898926, 4696
0.18520474433898926, 4695
0.18520474433898926, 4694
0.18520474433898926, 4693
0.18520474433898926, 4692
0.18520474433898926, 4691
0.18520474433898926, 4690
0.18520474433898926, 4689
0.18520474433898926, 4688
0.18520474433898926, 4687
0.18520474433898926, 4686
0.18520474433898926, 4685
0.18520474433898926, 4684
0.18520474433898926, 4683
0.18520474433898926, 4682
0.18520474433898926, 4681
0.18520474433898926, 4680
0.18520474433898926, 4679
0.18520474433898926, 4678
0.18520474433898926, 4677
0.18520474433898926, 4676
0.18520474433898926, 4675
0.18520474433898926, 4674
0.20083260536193848, 4673
0.20083260536193848, 4672
0.20083260536193848, 4671
0.20083260536193848, 4670
0.20083260536193848, 4669
0.20083260536193848, 4668
0.20083260536193848, 4667
0.20083260536193848, 4666
0.20083260536193848, 4665
0.20083260536193848, 4664
0.20083260536193848, 4663
0.20083260536193848, 4662
0.20083260536193848, 4661
0.20083260536193848, 4660
0.20083260536193848, 4659
0.20083260536193848, 4658
0.20083260536193848, 4657
0.20083260536193848, 4656
0.20083260536193848, 4655
0.20083260536193848, 4654
0.20083260536193848, 4653
0.20083260536193848, 4652
0.20083260536193848, 4651
0.20083260536193848, 4650
0.21645641326904297, 4649
0.21645641326904297, 4648
0.21645641326904297, 4647
0.21645641326904297, 4646
0.21645641326904297, 4645
0.21645641326904297, 4644
0.21645641326904297, 4643
0.21645641326904297, 4642
0.21645641326904297, 4641
0.21645641326904297, 4640
0.21645641326904297, 4639
0.21645641326904297, 4638
0.21645641326904297, 4637
0.21645641326904297, 4636
0.21645641326904297, 4635
0.21645641326904297, 4634
0.21645641326904297, 4633
0.21645641326904297, 4632
0.21645641326904297, 4631
0.21645641326904297, 4630
0.21645641326904297, 4629
0.21645641326904297, 4628
0.21645641326904297, 4627
0.23207950592041016, 4626
0.23207950592041016, 4625
0.23207950592041016, 4624
0.23207950592041016, 4623
0.23207950592041016, 4622
0.23207950592041016, 4621
0.23207950592041016, 4620
0.23207950592041016, 4619
0.23207950592041016, 4618
0.23207950592041016, 4617
0.23207950592041016, 4616
0.23207950592041016, 4615
0.23207950592041016, 4614
0.23207950592041016, 4613
0.23207950592041016, 4612
0.23207950592041016, 4611
0.23207950592041016, 4610
0.23207950592041016, 4609
0.23207950592041016, 4608
0.23207950592041016, 4607
0.24770522117614746, 4606
0.24770522117614746, 4605
0.24770522117614746, 4604
0.24770522117614746, 4603
0.24770522117614746, 4602
0.24770522117614746, 4601
0.24770522117614746, 4600
0.24770522117614746, 4599
0.25426816940307617, 4598
0.25426816940307617, 4597
0.25426816940307617, 4596
0.25632238388061523, 4595
0.25632238388061523, 4594
0.25632238388061523, 4593
0.25632238388061523, 4592
0.25632238388061523, 4591
0.25632238388061523, 4590
0.25632238388061523, 4589
0.25632238388061523, 4588
0.25632238388061523, 4587
0.25632238388061523, 4586
0.25632238388061523, 4585
0.25632238388061523, 4584
0.25632238388061523, 4583
0.25632238388061523, 4582
0.26438450813293457, 4581
0.26438450813293457, 4580
0.26438450813293457, 4579
0.26644420623779297, 4578
0.26644420623779297, 4577
0.26644420623779297, 4576
0.26644420623779297, 4575
0.26644420623779297, 4574
0.26644420623779297, 4573
0.26644420623779297, 4572
0.26644420623779297, 4571
0.26644420623779297, 4570
0.27450013160705566, 4569
0.27450013160705566, 4568
0.2765536308288574, 4567
0.2765536308288574, 4566
0.2765536308288574, 4565
0.2765536308288574, 4564
0.2765536308288574, 4563
0.2765536308288574, 4562
0.2845954895019531, 4561
0.2845954895019531, 4560
0.2845954895019531, 4559
0.2866554260253906, 4558
0.2866554260253906, 4557
0.2866554260253906, 4556
0.2866554260253906, 4555
0.2866554260253906, 4554
0.2866554260253906, 4553
0.2866554260253906, 4552
0.2866554260253906, 4551
0.2866554260253906, 4550
0.2866554260253906, 4549
0.2947230339050293, 4548
0.2947230339050293, 4547
0.2947230339050293, 4546
0.2967855930328369, 4545
0.2967855930328369, 4544
0.2967855930328369, 4543
0.2967855930328369, 4542
0.2967855930328369, 4541
0.2967855930328369, 4540
0.2967855930328369, 4539
0.2967855930328369, 4538
0.2967855930328369, 4537
0.2967855930328369, 4536
0.2967855930328369, 4535
0.3048701286315918, 4534
0.3048701286315918, 4533
0.30692529678344727, 4532
0.30692529678344727, 4531
0.30692529678344727, 4530
0.30692529678344727, 4529
0.30692529678344727, 4528
0.30692529678344727, 4527
0.30692529678344727, 4526
0.30692529678344727, 4525
0.30692529678344727, 4524
0.31498169898986816, 4523
0.31498169898986816, 4522
0.31498169898986816, 4521
0.31498169898986816, 4520
0.31704044342041016, 4519
0.31704044342041016, 4518
0.31704044342041016, 4517
0.31704044342041016, 4516
0.31704044342041016, 4515
0.31704044342041016, 4514
0.31704044342041016, 4513
0.31704044342041016, 4512
0.31704044342041016, 4511
0.31704044342041016, 4510
0.31704044342041016, 4509
0.31704044342041016, 4508
0.31704044342041016, 4507
0.31704044342041016, 4506
0.31704044342041016, 4505
0.32512998580932617, 4504
0.32512998580932617, 4503
0.32512998580932617, 4502
0.32512998580932617, 4501
0.3271911144256592, 4500
0.3271911144256592, 4499
0.3271911144256592, 4498
0.3271911144256592, 4497
0.3271911144256592, 4496
0.3271911144256592, 4495
0.3271911144256592, 4494
0.3271911144256592, 4493
0.3271911144256592, 4492
0.3352484703063965, 4491
0.3352484703063965, 4490
0.3352484703063965, 4489
0.33730173110961914, 4488
0.33730173110961914, 4487
0.33730173110961914, 4486
0.33730173110961914, 4485
0.33730173110961914, 4484
0.33730173110961914, 4483
0.33730173110961914, 4482
0.33730173110961914, 4481
0.33730173110961914, 4480
0.33730173110961914, 4479
0.3454253673553467, 4478
0.3454253673553467, 4477
0.34743809700012207, 4476
0.3475039005279541, 4475
0.3475039005279541, 4474
0.3475039005279541, 4473
0.3475039005279541, 4472
0.3475039005279541, 4471
0.3475039005279541, 4470
0.3475039005279541, 4469
0.3475039005279541, 4468
0.3475039005279541, 4467
0.3475039005279541, 4466
0.3555424213409424, 4465
0.3555424213409424, 4464
0.3555424213409424, 4463
0.3555424213409424, 4462
0.35756754875183105, 4461
0.35756754875183105, 4460
0.35756754875183105, 4459
0.35756754875183105, 4458
0.35756754875183105, 4457
0.35756754875183105, 4456
0.35756754875183105, 4455
0.35756754875183105, 4454
0.35756754875183105, 4453
0.35756754875183105, 4452
0.35756754875183105, 4451
0.35756754875183105, 4450
0.36562633514404297, 4449
0.36562633514404297, 4448
0.36562633514404297, 4447
0.36769747734069824, 4446
0.36769747734069824, 4445
0.36769747734069824, 4444
0.36769747734069824, 4443
0.36769747734069824, 4442
0.36769747734069824, 4441
0.36769747734069824, 4440
0.36769747734069824, 4439
0.36769747734069824, 4438
0.36769747734069824, 4437
0.36769747734069824, 4436
0.37578368186950684, 4435
0.37578368186950684, 4434
0.37781691551208496, 4433
0.37781691551208496, 4432
0.37781691551208496, 4431
0.37781691551208496, 4430
0.37781691551208496, 4429
0.37781691551208496, 4428
0.37781691551208496, 4427
0.37781691551208496, 4426
0.37781691551208496, 4425
0.37781691551208496, 4424
0.37781691551208496, 4423
0.37781691551208496, 4422
0.37781691551208496, 4421
0.37781691551208496, 4420
0.37781691551208496, 4419
0.38593006134033203, 4418
0.38593006134033203, 4417
0.38795948028564453, 4416
0.38795948028564453, 4415
0.38795948028564453, 4414
0.38795948028564453, 4413
0.38795948028564453, 4412
0.38795948028564453, 4411
0.38795948028564453, 4410
0.38795948028564453, 4409
0.38795948028564453, 4408
0.38795948028564453, 4407
0.38795948028564453, 4406
0.39602017402648926, 4405
0.39602017402648926, 4404
0.39602017402648926, 4403
0.39602017402648926, 4402
0.39804816246032715, 4401
0.39804816246032715, 4400
0.39804816246032715, 4399
0.39804816246032715, 4398
0.39804816246032715, 4397
0.39804816246032715, 4396
0.39804816246032715, 4395
0.39804816246032715, 4394
0.4075794219970703, 4393
0.4075794219970703, 4392
0.40863561630249023, 4391
0.40863561630249023, 4390
0.4097564220428467, 4389
0.41091108322143555, 4388
0.41091108322143555, 4387
0.41091108322143555, 4386
0.41205620765686035, 4385
0.4155004024505615, 4384
0.4155004024505615, 4383
0.41655731201171875, 4382
0.41655731201171875, 4381
0.41812729835510254, 4380
0.41812729835510254, 4379
0.41988325119018555, 4378
0.42093920707702637, 4377
0.42093920707702637, 4376
0.42093920707702637, 4375
0.42093920707702637, 4374
0.42093920707702637, 4373
0.42093920707702637, 4372
0.42093920707702637, 4371
0.42093920707702637, 4370
0.4279823303222656, 4369
0.4279823303222656, 4368
0.4279823303222656, 4367
0.4279823303222656, 4366
0.43004870414733887, 4365
0.43004870414733887, 4364
0.43004870414733887, 4363
0.43004870414733887, 4362
0.43004870414733887, 4361
0.43004870414733887, 4360
0.43004870414733887, 4359
0.43004870414733887, 4358
0.43004870414733887, 4357
0.43004870414733887, 4356
0.43004870414733887, 4355
0.43004870414733887, 4354
0.438112735748291, 4353
0.438112735748291, 4352
0.4401671886444092, 4351
0.4401671886444092, 4350
0.4401671886444092, 4349
0.4401671886444092, 4348
0.4401671886444092, 4347
0.4401671886444092, 4346
0.4401671886444092, 4345
0.4401671886444092, 4344
0.4401671886444092, 4343
0.4401671886444092, 4342
0.44825053215026855, 4341
0.44825053215026855, 4340
0.44825053215026855, 4339
0.45031023025512695, 4338
0.45031023025512695, 4337
0.45031023025512695, 4336
0.45031023025512695, 4335
0.45031023025512695, 4334
0.45031023025512695, 4333
0.45031023025512695, 4332
0.45031023025512695, 4331
0.45031023025512695, 4330
0.45031023025512695, 4329
0.45031023025512695, 4328
0.45031023025512695, 4327
0.45031023025512695, 4326
0.45031023025512695, 4325
0.458392858505249, 4324
0.4604458808898926, 4323
0.4604458808898926, 4322
0.4604458808898926, 4321
0.4604458808898926, 4320
0.4604458808898926, 4319
0.4604458808898926, 4318
0.468487024307251, 4317
0.468487024307251, 4316
0.468487024307251, 4315
0.468487024307251, 4314
0.4705476760864258, 4313
0.4705476760864258, 4312
0.4705476760864258, 4311
0.4705476760864258, 4310
0.4705476760864258, 4309
0.4705476760864258, 4308
0.4705476760864258, 4307
0.4705476760864258, 4306
0.47861504554748535, 4305
0.47861504554748535, 4304
0.4806365966796875, 4303
0.4806365966796875, 4302
0.4806365966796875, 4301
0.4806365966796875, 4300
0.4806365966796875, 4299
0.4806365966796875, 4298
0.4887087345123291, 4297
0.4907505512237549, 4296
0.4907505512237549, 4295
0.4907505512237549, 4294
0.4907505512237549, 4293
0.4907505512237549, 4292
0.49877285957336426, 4291
0.49877285957336426, 4290
0.5027821063995361, 4289
0.5039348602294922, 4288
0.5039348602294922, 4287
0.5039348602294922, 4286
0.5039348602294922, 4285
0.511049747467041, 4284
0.511049747467041, 4283
0.511049747467041, 4282
0.511049747467041, 4281
0.511049747467041, 4280
0.511049747467041, 4279
0.511049747467041, 4278
0.511049747467041, 4277
0.511049747467041, 4276
0.511049747467041, 4275
0.511049747467041, 4274
0.511049747467041, 4273
0.5191788673400879, 4272
0.5191788673400879, 4271
0.5191788673400879, 4270
0.5191788673400879, 4269
0.5212352275848389, 4268
0.5212352275848389, 4267
0.5212352275848389, 4266
0.5212352275848389, 4265
0.5212352275848389, 4264
0.5212352275848389, 4263
0.5212352275848389, 4262
0.5212352275848389, 4261
0.5212352275848389, 4260
0.5212352275848389, 4259
0.5212352275848389, 4258
0.5212352275848389, 4257
0.5212352275848389, 4256
0.531303882598877, 4255
0.531303882598877, 4254
0.531303882598877, 4253
0.531303882598877, 4252
0.531303882598877, 4251
0.531303882598877, 4250
0.531303882598877, 4249
0.531303882598877, 4248
0.531303882598877, 4247
0.531303882598877, 4246
0.531303882598877, 4245
0.531303882598877, 4244
0.5394079685211182, 4243
0.5414824485778809, 4242
0.5414824485778809, 4241
0.5414824485778809, 4240
0.5414824485778809, 4239
0.5414824485778809, 4238
0.5495426654815674, 4237
0.5495426654815674, 4236
0.5495426654815674, 4235
0.5515706539154053, 4234
0.5515706539154053, 4233
0.5515706539154053, 4232
0.5515706539154053, 4231
0.5515706539154053, 4230
0.5515706539154053, 4229
0.5515706539154053, 4228
0.5515706539154053, 4227
0.5515706539154053, 4226
0.5596542358398438, 4225
0.5596542358398438, 4224
0.5617053508758545, 4223
0.5617053508758545, 4222
0.5617053508758545, 4221
0.5617053508758545, 4220
0.5617053508758545, 4219
0.5617053508758545, 4218
0.5617053508758545, 4217
0.5617053508758545, 4216
0.5617053508758545, 4215
0.5617053508758545, 4214
0.5617053508758545, 4213
0.5617053508758545, 4212
0.5617053508758545, 4211
0.5617053508758545, 4210
0.5699508190155029, 4209
0.5699508190155029, 4208
0.5720119476318359, 4207
0.5720119476318359, 4206
0.5720119476318359, 4205
0.5720119476318359, 4204
0.5720119476318359, 4203
0.5720119476318359, 4202
0.5720119476318359, 4201
0.5720119476318359, 4200
0.5800867080688477, 4199
0.5800867080688477, 4198
0.5800867080688477, 4197
0.5800867080688477, 4196
0.5821366310119629, 4195
0.5821366310119629, 4194
0.5821366310119629, 4193
0.5821366310119629, 4192
0.5821366310119629, 4191
0.5821366310119629, 4190
0.5821366310119629, 4189
0.5821366310119629, 4188
0.5821366310119629, 4187
0.5821366310119629, 4186
0.5902211666107178, 4185
0.5902211666107178, 4184
0.5902211666107178, 4183
0.5902211666107178, 4182
0.5902211666107178, 4181
0.5902211666107178, 4180
0.5902211666107178, 4179
0.5902211666107178, 4178
0.5902211666107178, 4177
0.5902211666107178, 4176
0.5902211666107178, 4175
0.5902211666107178, 4174
0.6003248691558838, 4173
0.6003248691558838, 4172
0.6024026870727539, 4171
0.6024026870727539, 4170
0.6024026870727539, 4169
0.6024026870727539, 4168
0.6024026870727539, 4167
0.6024026870727539, 4166
0.6104886531829834, 4165
0.6104886531829834, 4164
0.6125659942626953, 4163
0.6125659942626953, 4162
0.6125659942626953, 4161
0.6125659942626953, 4160
0.6125659942626953, 4159
0.6125659942626953, 4158
0.6125659942626953, 4157
0.6125659942626953, 4156
0.6205782890319824, 4155
0.6206293106079102, 4154
0.6227231025695801, 4153
0.6227231025695801, 4152
0.6227231025695801, 4151
0.6227231025695801, 4150
0.6227231025695801, 4149
0.6227231025695801, 4148
0.6307711601257324, 4147
0.6307711601257324, 4146
0.6307711601257324, 4145
0.6328108310699463, 4144
0.6328108310699463, 4143
0.6328108310699463, 4142
0.6328108310699463, 4141
0.6328108310699463, 4140
0.6328108310699463, 4139
0.6328108310699463, 4138
0.6328108310699463, 4137
0.6408677101135254, 4136
0.6408677101135254, 4135
0.6429324150085449, 4134
0.6429324150085449, 4133
0.6429324150085449, 4132
0.6429324150085449, 4131
0.6510050296783447, 4130
0.6531839370727539, 4129
0.6531839370727539, 4128
0.6531839370727539, 4127
0.6531839370727539, 4126
0.6531839370727539, 4125
0.6612610816955566, 4124
0.6612610816955566, 4123
0.6633257865905762, 4122
0.6633257865905762, 4121
0.6633257865905762, 4120
0.6633257865905762, 4119
0.6633257865905762, 4118
0.6633257865905762, 4117
0.6633257865905762, 4116
0.6633257865905762, 4115
0.6734631061553955, 4114
0.6734631061553955, 4113
0.6734631061553955, 4112
0.6734631061553955, 4111
0.6734631061553955, 4110
0.6734631061553955, 4109
0.6734631061553955, 4108
0.6734631061553955, 4107
0.6734631061553955, 4106
0.6734631061553955, 4105
0.6734631061553955, 4104
0.6839642524719238, 4103
0.6839642524719238, 4102
0.6839642524719238, 4101
0.6839642524719238, 4100
0.6839642524719238, 4099
0.692040205001831, 4098
0.692040205001831, 4097
0.692040205001831, 4096
0.6941027641296387, 4095
0.6941027641296387, 4094
0.6941027641296387, 4093
0.6941027641296387, 4092
0.6941027641296387, 4091
0.6941027641296387, 4090
0.6941027641296387, 4089
0.7021913528442383, 4088
0.7021913528442383, 4087
0.7042784690856934, 4086
0.7042784690856934, 4085
0.7042784690856934, 4084
0.7042784690856934, 4083
0.7042784690856934, 4082
0.7042784690856934, 4081
0.7123143672943115, 4080
0.7123143672943115, 4079
0.7143852710723877, 4078
0.7143852710723877, 4077
0.7143852710723877, 4076
0.7143852710723877, 4075
0.7143852710723877, 4074
0.7143852710723877, 4073
0.7143852710723877, 4072
0.7224631309509277, 4071
0.7245299816131592, 4070
0.7245299816131592, 4069
0.7245299816131592, 4068
0.7245299816131592, 4067
0.7245299816131592, 4066
0.7245299816131592, 4065
0.7245299816131592, 4064
0.7245299816131592, 4063
0.7325942516326904, 4062
0.7346608638763428, 4061
0.7346608638763428, 4060
0.7346608638763428, 4059
0.7346608638763428, 4058
0.7346608638763428, 4057
0.7346608638763428, 4056
0.7427024841308594, 4055
0.7427024841308594, 4054
0.74471116065979, 4053
0.7447676658630371, 4052
0.7447676658630371, 4051
0.7447676658630371, 4050
0.7447676658630371, 4049
0.7447676658630371, 4048
0.7447676658630371, 4047
0.7447676658630371, 4046
0.7447676658630371, 4045
0.7447676658630371, 4044
0.7447676658630371, 4043
0.7447676658630371, 4042
0.7447676658630371, 4041
0.7528367042541504, 4040
0.7528367042541504, 4039
0.7528367042541504, 4038
0.7549033164978027, 4037
0.7549033164978027, 4036
0.7549033164978027, 4035
0.7549033164978027, 4034
0.7549033164978027, 4033
0.7549033164978027, 4032
0.7549033164978027, 4031
0.7549033164978027, 4030
0.7549033164978027, 4029
0.7549033164978027, 4028
0.7629587650299072, 4027
0.7629587650299072, 4026
0.765056848526001, 4025
0.765056848526001, 4024
0.765056848526001, 4023
0.765056848526001, 4022
0.765056848526001, 4021
0.773129940032959, 4020
0.7752058506011963, 4019
0.7752058506011963, 4018
0.7752058506011963, 4017
0.7752058506011963, 4016
0.7752058506011963, 4015
0.7752058506011963, 4014
0.7832536697387695, 4013
0.7853221893310547, 4012
0.7853221893310547, 4011
0.7853221893310547, 4010
0.7853221893310547, 4009
0.7853221893310547, 4008
0.7853221893310547, 4007
0.7853221893310547, 4006
0.7933895587921143, 4005
0.7933895587921143, 4004
0.7933895587921143, 4003
0.7933895587921143, 4002
0.7954518795013428, 4001
0.7954518795013428, 4000
0.7954518795013428, 3999
0.7954518795013428, 3998
0.7954518795013428, 3997
0.8035135269165039, 3996
0.8055820465087891, 3995
0.8055820465087891, 3994
0.8055820465087891, 3993
0.8055820465087891, 3992
0.8055820465087891, 3991
0.8055820465087891, 3990
0.8055820465087891, 3989
0.8136541843414307, 3988
0.8136541843414307, 3987
0.8136541843414307, 3986
0.8157198429107666, 3985
0.8157198429107666, 3984
0.8157198429107666, 3983
0.8157198429107666, 3982
0.8157198429107666, 3981
0.8157198429107666, 3980
0.8157198429107666, 3979
0.8157198429107666, 3978
0.8157198429107666, 3977
0.8157198429107666, 3976
0.8157198429107666, 3975
0.8237566947937012, 3974
0.8258318901062012, 3973
0.8258318901062012, 3972
0.8258318901062012, 3971
0.8258318901062012, 3970
0.8339002132415771, 3969
0.8339002132415771, 3968
0.8339002132415771, 3967
0.8359823226928711, 3966
0.8359823226928711, 3965
0.8359823226928711, 3964
0.8359823226928711, 3963
0.8359823226928711, 3962
0.8359823226928711, 3961
0.8359823226928711, 3960
0.8440713882446289, 3959
0.8440713882446289, 3958
0.8440713882446289, 3957
0.8461353778839111, 3956
0.8461353778839111, 3955
0.8461353778839111, 3954
0.8461353778839111, 3953
0.8542046546936035, 3952
0.8562710285186768, 3951
0.8562710285186768, 3950
0.8562710285186768, 3949
0.8562710285186768, 3948
0.8562710285186768, 3947
0.8562710285186768, 3946
0.8643429279327393, 3945
0.8643429279327393, 3944
0.8664093017578125, 3943
0.8664093017578125, 3942
0.8664093017578125, 3941
0.8664093017578125, 3940
0.8664093017578125, 3939
0.8664093017578125, 3938
0.8664093017578125, 3937
0.8664093017578125, 3936
0.8744792938232422, 3935
0.8744792938232422, 3934
0.8744792938232422, 3933
0.8744792938232422, 3932
0.876544713973999, 3931
0.8846292495727539, 3930
0.8846292495727539, 3929
0.8846292495727539, 3928
0.8866980075836182, 3927
0.8866980075836182, 3926
0.8866980075836182, 3925
0.8866980075836182, 3924
0.8866980075836182, 3923
0.8866980075836182, 3922
0.8866980075836182, 3921
0.8947069644927979, 3920
0.8947651386260986, 3919
0.8968315124511719, 3918
0.8968315124511719, 3917
0.8968315124511719, 3916
0.9049263000488281, 3915
0.9049263000488281, 3914
0.9069797992706299, 3913
0.9069797992706299, 3912
0.9069797992706299, 3911
0.9069797992706299, 3910
0.9069797992706299, 3909
0.9069797992706299, 3908
0.9069797992706299, 3907
0.9150481224060059, 3906
0.9171144962310791, 3905
0.9171144962310791, 3904
0.9171144962310791, 3903
0.9171144962310791, 3902
0.9171144962310791, 3901
0.9251511096954346, 3900
0.9251511096954346, 3899
0.9272215366363525, 3898
0.9272215366363525, 3897
0.9272215366363525, 3896
0.9272215366363525, 3895
0.9272215366363525, 3894
0.9272215366363525, 3893
0.9352905750274658, 3892
0.9352905750274658, 3891
0.9373621940612793, 3890
0.9373621940612793, 3889
0.9373621940612793, 3888
0.9373621940612793, 3887
0.9373621940612793, 3886
0.9453999996185303, 3885
0.9474387168884277, 3884
0.9474387168884277, 3883
0.9474387168884277, 3882
0.9474387168884277, 3881
0.9474387168884277, 3880
0.9474387168884277, 3879
0.9474387168884277, 3878
0.9474387168884277, 3877
0.9474387168884277, 3876
0.9554955959320068, 3875
0.9554955959320068, 3874
0.9554955959320068, 3873
0.9554955959320068, 3872
0.9655725955963135, 3871
0.9676318168640137, 3870
0.9676318168640137, 3869
0.9676318168640137, 3868
0.9676318168640137, 3867
0.9676318168640137, 3866
0.9756898880004883, 3865
0.9777462482452393, 3864
0.9777462482452393, 3863
0.9777462482452393, 3862
0.9777462482452393, 3861
0.9777462482452393, 3860
0.9777462482452393, 3859
0.9777462482452393, 3858
0.9777462482452393, 3857
0.9777462482452393, 3856
0.9777462482452393, 3855
0.9857752323150635, 3854
0.9857752323150635, 3853
0.9878323078155518, 3852
0.9878323078155518, 3851
0.9878323078155518, 3850
0.9878323078155518, 3849
0.9878323078155518, 3848
0.9958906173706055, 3847
0.9958906173706055, 3846
0.9979469776153564, 3845
0.9979469776153564, 3844
0.9979469776153564, 3843
0.9979469776153564, 3842
1.0060012340545654, 3841
1.0060012340545654, 3840
1.0080571174621582, 3839
1.0080571174621582, 3838
1.0080571174621582, 3837
1.0080571174621582, 3836
1.0080571174621582, 3835
1.0161113739013672, 3834
1.0161113739013672, 3833
1.0181705951690674, 3832
1.0181705951690674, 3831
1.0181705951690674, 3830
1.0181705951690674, 3829
1.0181705951690674, 3828
1.0181705951690674, 3827
1.0181705951690674, 3826
1.0181705951690674, 3825
1.02620530128479, 3824
1.0282609462738037, 3823
1.0282609462738037, 3822
1.0282609462738037, 3821
1.0282609462738037, 3820
1.0282609462738037, 3819
1.0282609462738037, 3818
1.0383691787719727, 3817
1.0383691787719727, 3816
1.0383691787719727, 3815
1.0383691787719727, 3814
1.0383691787719727, 3813
1.0383691787719727, 3812
1.0383691787719727, 3811
1.0383691787719727, 3810
1.0383691787719727, 3809
1.0383691787719727, 3808
1.0464067459106445, 3807
1.0464067459106445, 3806
1.0464067459106445, 3805
1.0464067459106445, 3804
1.0464067459106445, 3803
1.0484623908996582, 3802
1.0484623908996582, 3801
1.0484623908996582, 3800
1.0484623908996582, 3799
1.0484623908996582, 3798
1.0565474033355713, 3797
1.0565474033355713, 3796
1.0586228370666504, 3795
1.0586228370666504, 3794
1.0586228370666504, 3793
1.0586228370666504, 3792
1.0666694641113281, 3791
1.0687000751495361, 3790
1.0687000751495361, 3789
1.0687000751495361, 3788
1.0687000751495361, 3787
1.0687000751495361, 3786
1.0767645835876465, 3785
1.0767645835876465, 3784
1.0767645835876465, 3783
1.0767645835876465, 3782
1.0767645835876465, 3781
1.0767645835876465, 3780
1.0767645835876465, 3779
1.0767645835876465, 3778
1.0767645835876465, 3777
1.0767645835876465, 3776
1.0868453979492188, 3775
1.0889031887054443, 3774
1.0889031887054443, 3773
1.0889031887054443, 3772
1.0889031887054443, 3771
1.0889031887054443, 3770
1.0889031887054443, 3769
1.096956491470337, 3768
1.0990114212036133, 3767
1.0990114212036133, 3766
1.0990114212036133, 3765
1.0990114212036133, 3764
1.0990114212036133, 3763
1.1070926189422607, 3762
1.10914945602417, 3761
1.10914945602417, 3760
1.10914945602417, 3759
1.10914945602417, 3758
1.10914945602417, 3757
1.1172046661376953, 3756
1.1172046661376953, 3755
1.119262456893921, 3754
1.119262456893921, 3753
1.119262456893921, 3752
1.119262456893921, 3751
1.119262456893921, 3750
1.119262456893921, 3749
1.119262456893921, 3748
1.119262456893921, 3747
1.119262456893921, 3746
1.119262456893921, 3745
1.1273410320281982, 3744
1.1273410320281982, 3743
1.1273410320281982, 3742
1.1293590068817139, 3741
1.1293590068817139, 3740
1.1293590068817139, 3739
1.1293590068817139, 3738
1.1293590068817139, 3737
1.1293590068817139, 3736
1.1374375820159912, 3735
1.1374375820159912, 3734
1.1374375820159912, 3733
1.139491081237793, 3732
1.139491081237793, 3731
1.139491081237793, 3730
1.139491081237793, 3729
1.139491081237793, 3728
1.139491081237793, 3727
1.139491081237793, 3726
1.139491081237793, 3725
1.1475496292114258, 3724
1.1475496292114258, 3723
1.1475496292114258, 3722
1.149604082107544, 3721
1.149604082107544, 3720
1.149604082107544, 3719
1.149604082107544, 3718
1.149604082107544, 3717
1.149604082107544, 3716
1.149604082107544, 3715
1.149604082107544, 3714
1.1597144603729248, 3713
1.1597144603729248, 3712
1.1597144603729248, 3711
1.1597144603729248, 3710
1.1597144603729248, 3709
1.1597144603729248, 3708
1.1597144603729248, 3707
1.1597144603729248, 3706
1.1597144603729248, 3705
1.1597144603729248, 3704
1.1597144603729248, 3703
1.1597144603729248, 3702
1.1597144603729248, 3701
1.1597144603729248, 3700
1.16986083984375, 3699
1.16986083984375, 3698
1.179980754852295, 3697
1.179980754852295, 3696
1.179980754852295, 3695
1.179980754852295, 3694
1.179980754852295, 3693
1.179980754852295, 3692
1.179980754852295, 3691
1.1880593299865723, 3690
1.1880593299865723, 3689
1.190112829208374, 3688
1.190112829208374, 3687
1.190112829208374, 3686
1.190112829208374, 3685
1.190112829208374, 3684
1.1981785297393799, 3683
1.1981785297393799, 3682
1.1981785297393799, 3681
1.2002315521240234, 3680
1.2002315521240234, 3679
1.2002315521240234, 3678
1.2002315521240234, 3677
1.2002315521240234, 3676
1.2002315521240234, 3675
1.2002315521240234, 3674
1.2002315521240234, 3673
1.2002315521240234, 3672
1.2002315521240234, 3671
1.2002315521240234, 3670
1.208369255065918, 3669
1.208369255065918, 3668
1.2104408740997314, 3667
1.2104408740997314, 3666
1.2104408740997314, 3665
1.2104408740997314, 3664
1.2104408740997314, 3663
1.2104408740997314, 3662
1.220489740371704, 3661
1.220489740371704, 3660
1.220489740371704, 3659
1.2285594940185547, 3658
1.2285594940185547, 3657
1.2285594940185547, 3656
1.2306098937988281, 3655
1.2306098937988281, 3654
1.2306098937988281, 3653
1.2306098937988281, 3652
1.2306098937988281, 3651
1.2306098937988281, 3650
1.2386667728424072, 3649
1.2386667728424072, 3648
1.240715503692627, 3647
1.240715503692627, 3646
1.240715503692627, 3645
1.240715503692627, 3644
1.240715503692627, 3643
1.240715503692627, 3642
1.240715503692627, 3641
1.2487750053405762, 3640
1.2508323192596436, 3639
1.2508323192596436, 3638
1.2508323192596436, 3637
1.2508323192596436, 3636
1.258894920349121, 3635
1.258894920349121, 3634
1.258894920349121, 3633
1.258894920349121, 3632
1.260948657989502, 3631
1.260948657989502, 3630
1.260948657989502, 3629
1.260948657989502, 3628
1.260948657989502, 3627
1.260948657989502, 3626
1.2690527439117432, 3625
1.2690527439117432, 3624
1.2711079120635986, 3623
1.2711079120635986, 3622
1.2711079120635986, 3621
1.2711079120635986, 3620
1.2711079120635986, 3619
1.2791633605957031, 3618
1.2812166213989258, 3617
1.2812166213989258, 3616
1.2812166213989258, 3615
1.2812166213989258, 3614
1.2812166213989258, 3613
1.2892615795135498, 3612
1.2892615795135498, 3611
1.2917311191558838, 3610
1.293788194656372, 3609
1.293788194656372, 3608
1.293788194656372, 3607
1.293788194656372, 3606
1.293788194656372, 3605
1.293788194656372, 3604
1.3018419742584229, 3603
1.3018419742584229, 3602
1.3038971424102783, 3601
1.3038971424102783, 3600
1.3038971424102783, 3599
1.3038971424102783, 3598
1.3038971424102783, 3597
1.3038971424102783, 3596
1.3038971424102783, 3595
1.3038971424102783, 3594
1.3038971424102783, 3593
1.3140146732330322, 3592
1.3241338729858398, 3591
1.3241338729858398, 3590
1.3241338729858398, 3589
1.3241338729858398, 3588
1.3322031497955322, 3587
1.3322031497955322, 3586
1.3342950344085693, 3585
1.3342950344085693, 3584
1.3342950344085693, 3583
1.3342950344085693, 3582
1.3342950344085693, 3581
1.3342950344085693, 3580
1.3342950344085693, 3579
1.342353343963623, 3578
1.3444066047668457, 3577
1.3524789810180664, 3576
1.3545339107513428, 3575
1.3545339107513428, 3574
1.3545339107513428, 3573
1.3646423816680908, 3572
1.3646423816680908, 3571
1.3646423816680908, 3570
1.3727421760559082, 3569
1.374805212020874, 3568
1.374805212020874, 3567
1.374805212020874, 3566
1.374805212020874, 3565
1.374805212020874, 3564
1.374805212020874, 3563
1.3828797340393066, 3562
1.3828797340393066, 3561
1.3849573135375977, 3560
1.3849573135375977, 3559
1.3930363655090332, 3558
1.3950889110565186, 3557
1.3950889110565186, 3556
1.4031481742858887, 3555
1.4031481742858887, 3554
1.4052059650421143, 3553
1.4052059650421143, 3552
1.4052059650421143, 3551
1.4052059650421143, 3550
1.4052059650421143, 3549
1.4052059650421143, 3548
1.4052059650421143, 3547
1.4052059650421143, 3546
1.4052059650421143, 3545
1.4052059650421143, 3544
1.4052059650421143, 3543
1.4052059650421143, 3542
1.4132583141326904, 3541
1.4153151512145996, 3540
1.4153151512145996, 3539
1.4153151512145996, 3538
1.4153151512145996, 3537
1.4153151512145996, 3536
1.4233601093292236, 3535
1.4233601093292236, 3534
1.4254119396209717, 3533
1.4254119396209717, 3532
1.4254119396209717, 3531
1.4335143566131592, 3530
1.4355807304382324, 3529
1.4355807304382324, 3528
1.4355807304382324, 3527
1.4355807304382324, 3526
1.4355807304382324, 3525
1.4436469078063965, 3524
1.4436469078063965, 3523
1.4436469078063965, 3522
1.4436469078063965, 3521
1.4436469078063965, 3520
1.4436469078063965, 3519
1.4436469078063965, 3518
1.4537286758422852, 3517
1.45579195022583, 3516
1.45579195022583, 3515
1.45579195022583, 3514
1.45579195022583, 3513
1.4659171104431152, 3512
1.4659171104431152, 3511
1.4659171104431152, 3510
1.4659171104431152, 3509
1.4659171104431152, 3508
1.4659171104431152, 3507
1.4659171104431152, 3506
1.4659171104431152, 3505
1.4760372638702393, 3504
1.4760372638702393, 3503
1.4760372638702393, 3502
1.4861578941345215, 3501
1.4861578941345215, 3500
1.4861578941345215, 3499
1.4861578941345215, 3498
1.4861578941345215, 3497
1.4861578941345215, 3496
1.4861578941345215, 3495
1.4861578941345215, 3494
1.4963414669036865, 3493
1.4963414669036865, 3492
1.5043983459472656, 3491
1.5043983459472656, 3490
1.506462812423706, 3489
1.506462812423706, 3488
1.506462812423706, 3487
1.506462812423706, 3486
1.506462812423706, 3485
1.5165932178497314, 3484
1.5246760845184326, 3483
1.5246760845184326, 3482
1.526749849319458, 3481
1.526749849319458, 3480
1.526749849319458, 3479
1.526749849319458, 3478
1.526749849319458, 3477
1.526749849319458, 3476
1.5370588302612305, 3475
1.5370588302612305, 3474
1.5370588302612305, 3473
1.5451467037200928, 3472
1.5451467037200928, 3471
1.5451467037200928, 3470
1.5472190380096436, 3469
1.5472190380096436, 3468
1.5472190380096436, 3467
1.5472190380096436, 3466
1.5573365688323975, 3465
1.5573365688323975, 3464
1.5573365688323975, 3463
1.5573365688323975, 3462
1.5573365688323975, 3461
1.5573365688323975, 3460
1.5573365688323975, 3459
1.5573365688323975, 3458
1.565412998199463, 3457
1.567479133605957, 3456
1.567479133605957, 3455
1.567479133605957, 3454
1.567479133605957, 3453
1.567479133605957, 3452
1.5755672454833984, 3451
1.5755672454833984, 3450
1.5776684284210205, 3449
1.5776684284210205, 3448
1.5776684284210205, 3447
1.5776684284210205, 3446
1.5776684284210205, 3445
1.5776684284210205, 3444
1.5878045558929443, 3443
1.5878045558929443, 3442
1.5878045558929443, 3441
1.5878045558929443, 3440
1.5878045558929443, 3439
1.5878045558929443, 3438
1.5878045558929443, 3437
1.5878045558929443, 3436
1.5979154109954834, 3435
1.5979154109954834, 3434
1.5979154109954834, 3433
1.5979154109954834, 3432
1.5979154109954834, 3431
1.6059818267822266, 3430
1.6059818267822266, 3429
1.608048915863037, 3428
1.608048915863037, 3427
1.608048915863037, 3426
1.608048915863037, 3425
1.608048915863037, 3424
1.6161212921142578, 3423
1.6181912422180176, 3422
1.6181912422180176, 3421
1.6181912422180176, 3420
1.6181912422180176, 3419
1.6181912422180176, 3418
1.6181912422180176, 3417
1.6283278465270996, 3416
1.6283278465270996, 3415
1.6283278465270996, 3414
1.6283278465270996, 3413
1.6283278465270996, 3412
1.6283278465270996, 3411
1.6283278465270996, 3410
1.6283278465270996, 3409
1.6384496688842773, 3408
1.6384496688842773, 3407
1.646456241607666, 3406
1.6465120315551758, 3405
1.6465120315551758, 3404
1.648578405380249, 3403
1.648578405380249, 3402
1.648578405380249, 3401
1.648578405380249, 3400
1.6566662788391113, 3399
1.6566662788391113, 3398
1.6566662788391113, 3397
1.6587293148040771, 3396
1.6587293148040771, 3395
1.6587293148040771, 3394
1.6587293148040771, 3393
1.6587293148040771, 3392
1.666792631149292, 3391
1.666792631149292, 3390
1.666792631149292, 3389
1.6688563823699951, 3388
1.6688563823699951, 3387
1.6688563823699951, 3386
1.6688563823699951, 3385
1.679013729095459, 3384
1.679013729095459, 3383
1.679013729095459, 3382
1.679013729095459, 3381
1.679013729095459, 3380
1.679013729095459, 3379
1.687072515487671, 3378
1.689138650894165, 3377
1.689138650894165, 3376
1.697251558303833, 3375
1.697251558303833, 3374
1.699310302734375, 3373
1.699310302734375, 3372
1.699310302734375, 3371
1.699310302734375, 3370
1.719560146331787, 3369
1.719560146331787, 3368
1.719560146331787, 3367
1.719560146331787, 3366
1.7276215553283691, 3365
1.729625940322876, 3364
1.7296726703643799, 3363
1.7296726703643799, 3362
1.7296726703643799, 3361
1.7296726703643799, 3360
1.7296726703643799, 3359
1.7296726703643799, 3358
1.7296726703643799, 3357
1.737729787826538, 3356
1.7397799491882324, 3355
1.7397799491882324, 3354
1.7397799491882324, 3353
1.7478339672088623, 3352
1.7478339672088623, 3351
1.749891996383667, 3350
1.749891996383667, 3349
1.749891996383667, 3348
1.7600359916687012, 3347
1.7600359916687012, 3346
1.7600359916687012, 3345
1.7600359916687012, 3344
1.7600359916687012, 3343
1.7690811157226562, 3342
1.7712912559509277, 3341
1.7733912467956543, 3340
1.7744133472442627, 3339
1.780090570449829, 3338
1.780090570449829, 3337
1.780090570449829, 3336
1.7881340980529785, 3335
1.7881340980529785, 3334
1.7881340980529785, 3333
1.7881340980529785, 3332
1.7982685565948486, 3331
1.8003349304199219, 3330
1.8003349304199219, 3329
1.8104383945465088, 3328
1.8104383945465088, 3327
1.8104383945465088, 3326
1.820558786392212, 3325
1.820558786392212, 3324
1.820558786392212, 3323
1.8286333084106445, 3322
1.8307182788848877, 3321
1.8307182788848877, 3320
1.8307182788848877, 3319
1.838775873184204, 3318
1.838775873184204, 3317
1.838775873184204, 3316
1.8408262729644775, 3315
1.8408262729644775, 3314
1.8408262729644775, 3313
1.8509719371795654, 3312
1.8509719371795654, 3311
1.8509719371795654, 3310
1.8509719371795654, 3309
1.8509719371795654, 3308
1.8509719371795654, 3307
1.859036922454834, 3306
1.8610999584197998, 3305
1.8610999584197998, 3304
1.8610999584197998, 3303
1.8610999584197998, 3302
1.8610999584197998, 3301
1.8610999584197998, 3300
1.8610999584197998, 3299
1.8610999584197998, 3298
1.8691306114196777, 3297
1.8711769580841064, 3296
1.8711769580841064, 3295
1.8711769580841064, 3294
1.8711769580841064, 3293
1.879249095916748, 3292
1.8813161849975586, 3291
1.8813161849975586, 3290
1.8813161849975586, 3289
1.8918604850769043, 3288
1.899940013885498, 3287
1.899940013885498, 3286
1.899940013885498, 3285
1.902012586593628, 3284
1.902012586593628, 3283
1.902012586593628, 3282
1.9121322631835938, 3281
1.9121322631835938, 3280
1.9121322631835938, 3279
1.9222795963287354, 3278
1.9222795963287354, 3277
1.9222795963287354, 3276
1.9222795963287354, 3275
1.9222795963287354, 3274
1.9222795963287354, 3273
1.9222795963287354, 3272
1.9222795963287354, 3271
1.9303476810455322, 3270
1.932415246963501, 3269
1.932415246963501, 3268
1.932415246963501, 3267
1.9425573348999023, 3266
1.9425573348999023, 3265
1.9425573348999023, 3264
1.9425573348999023, 3263
1.9425573348999023, 3262
1.9526770114898682, 3261
1.9526770114898682, 3260
1.9526770114898682, 3259
1.9526770114898682, 3258
1.9607563018798828, 3257
1.9628238677978516, 3256
1.9628238677978516, 3255
1.9628238677978516, 3254
1.9628238677978516, 3253
1.9628238677978516, 3252
1.9628238677978516, 3251
1.9729013442993164, 3250
1.9729013442993164, 3249
1.9729013442993164, 3248
1.9830105304718018, 3247
1.9910788536071777, 3246
1.9910788536071777, 3245
1.9910788536071777, 3244
1.9910788536071777, 3243
1.9910788536071777, 3242
1.9910788536071777, 3241
1.9910788536071777, 3240
1.9910788536071777, 3239
1.9910788536071777, 3238
2.001145839691162, 3237
2.001145839691162, 3236
2.0032291412353516, 3235
2.011333703994751, 3234
2.013390064239502, 3233
2.013390064239502, 3232
2.013390064239502, 3231
2.0214500427246094, 3230
2.0214500427246094, 3229
2.0235021114349365, 3228
2.0235021114349365, 3227
2.0235021114349365, 3226
2.0235021114349365, 3225
2.0235021114349365, 3224
2.0235021114349365, 3223
2.0235021114349365, 3222
2.0235021114349365, 3221
2.0235021114349365, 3220
2.0336291790008545, 3219
2.0336291790008545, 3218
2.043765068054199, 3217
2.043765068054199, 3216
2.051835298538208, 3215
2.053903579711914, 3214
2.053903579711914, 3213
2.0619654655456543, 3212
2.0619654655456543, 3211
2.0640318393707275, 3210
2.072100877761841, 3209
2.0741703510284424, 3208
2.0741703510284424, 3207
2.0741703510284424, 3206
2.0741703510284424, 3205
2.0842645168304443, 3204
2.0842645168304443, 3203
2.0944385528564453, 3202
2.0944385528564453, 3201
2.0944385528564453, 3200
2.0944385528564453, 3199
2.0944385528564453, 3198
2.1025147438049316, 3197
2.1045846939086914, 3196
2.1045846939086914, 3195
2.1045846939086914, 3194
2.1126534938812256, 3193
2.11472225189209, 3192
2.11472225189209, 3191
2.1227314472198486, 3190
2.122792959213257, 3189
2.122792959213257, 3188
2.124861240386963, 3187
2.124861240386963, 3186
2.124861240386963, 3185
2.124861240386963, 3184
2.1329495906829834, 3183
2.1329495906829834, 3182
2.1350185871124268, 3181
2.1451618671417236, 3180
2.1451618671417236, 3179
2.1451618671417236, 3178
2.1451618671417236, 3177
2.1451618671417236, 3176
2.1451618671417236, 3175
2.155266523361206, 3174
2.155266523361206, 3173
2.155266523361206, 3172
2.155266523361206, 3171
2.1654062271118164, 3170
2.1654062271118164, 3169
2.1654062271118164, 3168
2.1654062271118164, 3167
2.1654062271118164, 3166
2.173499822616577, 3165
2.1755664348602295, 3164
2.1755664348602295, 3163
2.1755664348602295, 3162
2.1755664348602295, 3161
2.1755664348602295, 3160
2.1755664348602295, 3159
2.1835880279541016, 3158
2.1835880279541016, 3157
2.1856272220611572, 3156
2.1856272220611572, 3155
2.193676710128784, 3154
2.1956942081451416, 3153
2.1956942081451416, 3152
2.2037603855133057, 3151
2.2037603855133057, 3150
2.205772876739502, 3149
2.205772876739502, 3148
2.205772876739502, 3147
2.205772876739502, 3146
2.205772876739502, 3145
2.215888738632202, 3144
2.2260115146636963, 3143
2.2260115146636963, 3142
2.2260115146636963, 3141
2.2260115146636963, 3140
2.2260115146636963, 3139
2.23410964012146, 3138
2.2361793518066406, 3137
2.2361793518066406, 3136
2.2463088035583496, 3135
2.2463088035583496, 3134
2.254385471343994, 3133
2.256443738937378, 3132
2.256443738937378, 3131
2.256443738937378, 3130
2.256443738937378, 3129
2.2665576934814453, 3128
2.2665576934814453, 3127
2.2665576934814453, 3126
2.2665576934814453, 3125
2.2665576934814453, 3124
2.2766530513763428, 3123
2.2766530513763428, 3122
2.2847096920013428, 3121
2.286773681640625, 3120
2.286773681640625, 3119
2.286773681640625, 3118
2.286773681640625, 3117
2.286773681640625, 3116
2.286773681640625, 3115
2.2969329357147217, 3114
2.2969329357147217, 3113
2.2969329357147217, 3112
2.2969329357147217, 3111
2.2969329357147217, 3110
2.2969329357147217, 3109
2.3070640563964844, 3108
2.3070640563964844, 3107
2.3070640563964844, 3106
2.3070640563964844, 3105
2.3172121047973633, 3104
2.327341318130493, 3103
2.327341318130493, 3102
2.3374900817871094, 3101
2.3374900817871094, 3100
2.3374900817871094, 3099
2.3374900817871094, 3098
2.3374900817871094, 3097
2.3374900817871094, 3096
2.3374900817871094, 3095
2.3455584049224854, 3094
2.347625970840454, 3093
2.347625970840454, 3092
2.347625970840454, 3091
2.347625970840454, 3090
2.347625970840454, 3089
2.347625970840454, 3088
2.347625970840454, 3087
2.347625970840454, 3086
2.347625970840454, 3085
2.347625970840454, 3084
2.347625970840454, 3083
2.347625970840454, 3082
2.3577218055725098, 3081
2.3577218055725098, 3080
2.3577218055725098, 3079
2.3577218055725098, 3078
2.367859125137329, 3077
2.367859125137329, 3076
2.367859125137329, 3075
2.367859125137329, 3074
2.367859125137329, 3073
2.367859125137329, 3072
2.375889301300049, 3071
2.377960205078125, 3070
2.377960205078125, 3069
2.388094425201416, 3068
2.388094425201416, 3067
2.398162841796875, 3066
2.398162841796875, 3065
2.408299446105957, 3064
2.408299446105957, 3063
2.4184608459472656, 3062
2.4184608459472656, 3061
2.4184608459472656, 3060
2.4265284538269043, 3059
2.4286060333251953, 3058
2.4286060333251953, 3057
2.4286060333251953, 3056
2.4286060333251953, 3055
2.436655282974243, 3054
2.438723564147949, 3053
2.438723564147949, 3052
2.44673228263855, 3051
2.446791648864746, 3050
2.4488577842712402, 3049
2.4488577842712402, 3048
2.4488577842712402, 3047
2.4568932056427, 3046
2.4589598178863525, 3045
2.4589598178863525, 3044
2.469083309173584, 3043
2.469083309173584, 3042
2.469083309173584, 3041
2.469083309173584, 3040
2.4812991619110107, 3039
2.481372356414795, 3038
2.4855849742889404, 3037
2.495832920074463, 3036
2.495832920074463, 3035
2.49790096282959, 3034
2.49790096282959, 3033
2.499967336654663, 3032
2.5100481510162354, 3031
2.5100481510162354, 3030
2.5181219577789307, 3029
2.5201897621154785, 3028
2.5201897621154785, 3027
2.5201897621154785, 3026
2.5201897621154785, 3025
2.5201897621154785, 3024
2.53840708732605, 3023
2.5384697914123535, 3022
2.5405361652374268, 3021
2.5405361652374268, 3020
2.5486032962799072, 3019
2.5486032962799072, 3018
2.5506222248077393, 3017
2.5506222248077393, 3016
2.5506222248077393, 3015
2.5586912631988525, 3014
2.560746669769287, 3013
2.560746669769287, 3012
2.570896625518799, 3011
2.570896625518799, 3010
2.581029176712036, 3009
2.581029176712036, 3008
2.581029176712036, 3007
2.581029176712036, 3006
2.581029176712036, 3005
2.5911312103271484, 3004
2.5911312103271484, 3003
2.599199056625366, 3002
2.599199056625366, 3001
2.6012797355651855, 3000
2.6012797355651855, 2999
2.609323024749756, 2998
2.609323024749756, 2997
2.611392021179199, 2996
2.611392021179199, 2995
2.611392021179199, 2994
2.611392021179199, 2993
2.6215262413024902, 2992
2.6215262413024902, 2991
2.6296162605285645, 2990
2.6316869258880615, 2989
2.6316869258880615, 2988
2.6397526264190674, 2987
2.641819715499878, 2986
2.641819715499878, 2985
2.641819715499878, 2984
2.6519768238067627, 2983
2.6519768238067627, 2982
2.6519768238067627, 2981
2.6600022315979004, 2980
2.6620981693267822, 2979
2.6620981693267822, 2978
2.6722960472106934, 2977
2.682435989379883, 2976
2.682435989379883, 2975
2.682435989379883, 2974
2.690528392791748, 2973
2.692596673965454, 2972
2.692596673965454, 2971
2.692596673965454, 2970
2.7029294967651367, 2969
2.7029294967651367, 2968
2.7029294967651367, 2967
2.7029294967651367, 2966
2.713045358657837, 2965
2.713045358657837, 2964
2.713045358657837, 2963
2.7231838703155518, 2962
2.7231838703155518, 2961
2.7231838703155518, 2960
2.735476493835449, 2959
2.743851661682129, 2958
2.7448675632476807, 2957
2.7448675632476807, 2956
2.753530263900757, 2955
2.753530263900757, 2954
2.753530263900757, 2953
2.763657808303833, 2952
2.773773431777954, 2951
2.773773431777954, 2950
2.7818500995635986, 2949
2.7919704914093018, 2948
2.794038772583008, 2947
2.794038772583008, 2946
2.802170515060425, 2945
2.8042500019073486, 2944
2.8042500019073486, 2943
2.8042500019073486, 2942
2.8042500019073486, 2941
2.8143503665924072, 2940
2.8325459957122803, 2939
2.8346338272094727, 2938
2.8426992893218994, 2937
2.8426992893218994, 2936
2.844754457473755, 2935
2.844754457473755, 2934
2.8551743030548096, 2933
2.8632290363311768, 2932
2.865286111831665, 2931
2.8733158111572266, 2930
2.8733158111572266, 2929
2.8754029273986816, 2928
2.8754029273986816, 2927
2.8754029273986816, 2926
2.8754029273986816, 2925
2.8754029273986816, 2924
2.8834612369537354, 2923
2.8936023712158203, 2922
2.8956596851348877, 2921
2.905773878097534, 2920
2.915915012359619, 2919
2.915915012359619, 2918
2.915915012359619, 2917
2.9239182472229004, 2916
2.9239699840545654, 2915
2.926024913787842, 2914
2.926024913787842, 2913
2.9361233711242676, 2912
2.9361233711242676, 2911
2.9361233711242676, 2910
2.946232318878174, 2909
2.946232318878174, 2908
2.946232318878174, 2907
2.956326484680176, 2906
2.956326484680176, 2905
2.976607084274292, 2904
2.994685173034668, 2903
2.996823787689209, 2902
3.004885196685791, 2901
3.0069329738616943, 2900
3.0069329738616943, 2899
3.0069329738616943, 2898
3.0069329738616943, 2897
3.0069329738616943, 2896
3.0069329738616943, 2895
3.0069329738616943, 2894
3.0069329738616943, 2893
3.0069329738616943, 2892
3.017078161239624, 2891
3.0353047847747803, 2890
3.0353047847747803, 2889
3.037391424179077, 2888
3.045447587966919, 2887
3.0475010871887207, 2886
3.0475010871887207, 2885
3.05562162399292, 2884
3.057690382003784, 2883
3.0657453536987305, 2882
3.067798137664795, 2881
3.067798137664795, 2880
3.075869083404541, 2879
3.077937364578247, 2878
3.077937364578247, 2877
3.077937364578247, 2876
3.0880942344665527, 2875
3.0880942344665527, 2874
3.0880942344665527, 2873
3.1006524562835693, 2872
3.1006524562835693, 2871
3.1006524562835693, 2870
3.108707904815674, 2869
3.110757827758789, 2868
3.119180679321289, 2867
3.119180679321289, 2866
3.121248245239258, 2865
3.129298448562622, 2864
3.1313514709472656, 2863
3.1313514709472656, 2862
3.1313514709472656, 2861
3.1415069103240967, 2860
3.1415069103240967, 2859
3.1415069103240967, 2858
3.1495521068573, 2857
3.1516289710998535, 2856
3.1516289710998535, 2855
3.1516289710998535, 2854
3.159726858139038, 2853
3.1617774963378906, 2852
3.1617774963378906, 2851
3.1617774963378906, 2850
3.169832706451416, 2849
3.1718945503234863, 2848
3.1718945503234863, 2847
3.1718945503234863, 2846
3.182021379470825, 2845
3.192138433456421, 2844
3.192138433456421, 2843
3.2023115158081055, 2842
3.2023115158081055, 2841
3.210376024246216, 2840
3.210376024246216, 2839
3.2124290466308594, 2838
3.2124290466308594, 2837
3.2225615978240967, 2836
3.2225615978240967, 2835
3.2225615978240967, 2834
3.2306151390075684, 2833
3.232668876647949, 2832
3.242831230163574, 2831
3.242831230163574, 2830
3.242831230163574, 2829
3.2508857250213623, 2828
3.252939224243164, 2827
3.252939224243164, 2826
3.263082981109619, 2825
3.263082981109619, 2824
3.271146297454834, 2823
3.271146297454834, 2822
3.271146297454834, 2821
3.273200035095215, 2820
3.2812860012054443, 2819
3.2812860012054443, 2818
3.2812860012054443, 2817
3.283353567123413, 2816
3.283353567123413, 2815
3.2934648990631104, 2814
3.3035945892333984, 2813
3.313711643218994, 2812
3.3217780590057373, 2811
3.3217780590057373, 2810
3.333991765975952, 2809
3.3421080112457275, 2808
3.3421080112457275, 2807
3.3543591499328613, 2806
3.3846957683563232, 2805
3.3846957683563232, 2804
3.3846957683563232, 2803
3.392761707305908, 2802
3.392761707305908, 2801
3.392761707305908, 2800
3.4052207469940186, 2799
3.4052207469940186, 2798
3.4052207469940186, 2797
3.4052207469940186, 2796
3.4052207469940186, 2795
3.4052207469940186, 2794
3.413271427154541, 2793
3.423403263092041, 2792
3.425459861755371, 2791
3.435570001602173, 2790
3.455796003341675, 2789
3.4659321308135986, 2788
3.4659321308135986, 2787
3.4659321308135986, 2786
3.486142158508301, 2785
3.486142158508301, 2784
3.494198799133301, 2783
3.49625301361084, 2782
3.49625301361084, 2781
3.49625301361084, 2780
3.5063893795013428, 2779
3.5266315937042236, 2778
3.5367624759674072, 2777
3.5367624759674072, 2776
3.5367624759674072, 2775
3.5367624759674072, 2774
3.5367624759674072, 2773
3.544851064682007, 2772
3.5469062328338623, 2771
3.5469062328338623, 2770
3.554959774017334, 2769
3.554959774017334, 2768
3.5671188831329346, 2767
3.5671188831329346, 2766
3.577233076095581, 2765
3.5873663425445557, 2764
3.5873663425445557, 2763
3.5873663425445557, 2762
3.5974833965301514, 2761
3.607593536376953, 2760
3.607593536376953, 2759
3.607593536376953, 2758
3.607593536376953, 2757
3.607593536376953, 2756
3.607593536376953, 2755
3.607593536376953, 2754
3.615654468536377, 2753
3.617724657058716, 2752
3.617724657058716, 2751
3.6360623836517334, 2750
3.638119697570801, 2749
3.6462104320526123, 2748
3.6482627391815186, 2747
3.6482627391815186, 2746
3.6482627391815186, 2745
3.6583802700042725, 2744
3.6583802700042725, 2743
3.66646146774292, 2742
3.676558017730713, 2741
3.6786158084869385, 2740
3.6786158084869385, 2739
3.6786158084869385, 2738
3.6786158084869385, 2737
3.688687801361084, 2736
3.698821783065796, 2735
3.7093451023101807, 2734
3.7113959789276123, 2733
3.7113959789276123, 2732
3.7113959789276123, 2731
3.7113959789276123, 2730
3.7113959789276123, 2729
3.7113959789276123, 2728
3.7216296195983887, 2727
3.7216296195983887, 2726
3.7297043800354004, 2725
3.73179292678833, 2724
3.749986410140991, 2723
3.752049207687378, 2722
3.752049207687378, 2721
3.752049207687378, 2720
3.752049207687378, 2719
3.752049207687378, 2718
3.752049207687378, 2717
3.770294189453125, 2716
3.770294189453125, 2715
3.792551040649414, 2714
3.8005683422088623, 2713
3.8005683422088623, 2712
3.8026316165924072, 2711
3.8026316165924072, 2710
3.8127408027648926, 2709
3.8228681087493896, 2708
3.8228681087493896, 2707
3.853712320327759, 2706
3.853712320327759, 2705
3.853712320327759, 2704
3.853712320327759, 2703
3.8638463020324707, 2702
3.8739919662475586, 2701
3.8739919662475586, 2700
3.8739919662475586, 2699
3.884099245071411, 2698
3.884099245071411, 2697
3.9023425579071045, 2696
3.9043962955474854, 2695
3.9246745109558105, 2694
3.9349207878112793, 2693
3.953219413757324, 2692
3.963362216949463, 2691
3.9654109477996826, 2690
3.9654109477996826, 2689
3.973451852798462, 2688
3.9755592346191406, 2687
3.9755592346191406, 2686
3.983614444732666, 2685
3.985670566558838, 2684
3.9958267211914062, 2683
4.0059425830841064, 2682
4.026222229003906, 2681
4.036314249038696, 2680
4.046441316604614, 2679
4.046441316604614, 2678
4.046441316604614, 2677
4.046441316604614, 2676
4.046441316604614, 2675
4.066685914993286, 2674
4.066685914993286, 2673
4.086956262588501, 2672
4.086956262588501, 2671
4.095038175582886, 2670
4.0970728397369385, 2669
4.0970728397369385, 2668
4.0970728397369385, 2667
4.107196807861328, 2666
4.127420425415039, 2665
4.1355016231536865, 2664
4.1355016231536865, 2663
4.1355016231536865, 2662
4.1355016231536865, 2661
4.157799243927002, 2660
4.157799243927002, 2659
4.16586971282959, 2658
4.175971984863281, 2657
4.175971984863281, 2656
4.206248760223389, 2655
4.208307266235352, 2654
4.208307266235352, 2653
4.2265589237213135, 2652
4.228607892990112, 2651
4.238856554031372, 2650
4.248958349227905, 2649
4.259115219116211, 2648
4.267131805419922, 2647
4.27934718132019, 2646
4.289469003677368, 2645
4.289469003677368, 2644
4.299601078033447, 2643
4.299601078033447, 2642
4.31776237487793, 2641
4.320277214050293, 2640
4.330394268035889, 2639
4.330394268035889, 2638
4.340563535690308, 2637
4.340563535690308, 2636
4.350684642791748, 2635
4.350684642791748, 2634
4.350684642791748, 2633
4.401381015777588, 2632
4.411510467529297, 2631
4.419589042663574, 2630
4.421644449234009, 2629
4.431756258010864, 2628
4.441945314407349, 2627
4.441945314407349, 2626
4.472317218780518, 2625
4.472317218780518, 2624
4.472317218780518, 2623
4.4824912548065186, 2622
4.4824912548065186, 2621
4.492631912231445, 2620
4.500690698623657, 2619
4.502847909927368, 2618
4.502847909927368, 2617
4.512986898422241, 2616
4.512986898422241, 2615
4.512986898422241, 2614
4.533244848251343, 2613
4.533244848251343, 2612
4.543330430984497, 2611
4.551394939422607, 2610
4.561532735824585, 2609
4.5636115074157715, 2608
4.571681261062622, 2607
4.573761224746704, 2606
4.593950986862183, 2605
4.593950986862183, 2604
4.62225604057312, 2603
4.632330894470215, 2602
4.6344380378723145, 2601
4.654642581939697, 2600
4.662701845169067, 2599
4.6647608280181885, 2598
4.672816514968872, 2597
4.67487359046936, 2596
4.67487359046936, 2595
4.695083856582642, 2594
4.705214738845825, 2593
4.7153403759002686, 2592
4.7153403759002686, 2591
4.735544204711914, 2590
4.735544204711914, 2589
4.755768775939941, 2588
4.755768775939941, 2587
4.763808488845825, 2586
4.765867471694946, 2585
4.765867471694946, 2584
4.773924112319946, 2583
4.775980234146118, 2582
4.786113977432251, 2581
4.786113977432251, 2580
4.796231269836426, 2579
4.814371585845947, 2578
4.816427707672119, 2577
4.826547145843506, 2576
4.826547145843506, 2575
4.836670637130737, 2574
4.846779823303223, 2573
4.856896162033081, 2572
4.866992235183716, 2571
4.866992235183716, 2570
4.866992235183716, 2569
4.866992235183716, 2568
4.885148048400879, 2567
4.895277261734009, 2566
4.895277261734009, 2565
4.897336483001709, 2564
4.907447814941406, 2563
4.907447814941406, 2562
4.917573690414429, 2561
4.938220977783203, 2560
4.987066268920898, 2559
4.989121913909912, 2558
4.989121913909912, 2557
4.989121913909912, 2556
4.989121913909912, 2555
4.997190713882446, 2554
4.997190713882446, 2553
4.999268531799316, 2552
4.999268531799316, 2551
5.0094170570373535, 2550
5.0094170570373535, 2549
5.019553184509277, 2548
5.019553184509277, 2547
5.037730693817139, 2546
5.047872066497803, 2545
5.049938440322876, 2544
5.058022975921631, 2543
5.070226669311523, 2542
5.100615501403809, 2541
5.100615501403809, 2540
5.108682632446289, 2539
5.110748291015625, 2538
5.1208555698394775, 2537
5.1208555698394775, 2536
5.151275873184204, 2535
5.151275873184204, 2534
5.151275873184204, 2533
5.161437749862671, 2532
5.161437749862671, 2531
5.171583414077759, 2530
5.171583414077759, 2529
5.181694746017456, 2528
5.191836595535278, 2527
5.203068017959595, 2526
5.213519096374512, 2525
5.213519096374512, 2524
5.242473125457764, 2523
5.252620697021484, 2522
5.252620697021484, 2521
5.262696266174316, 2520
5.270776033401489, 2519
5.293117046356201, 2518
5.30118989944458, 2517
5.303264617919922, 2516
5.303264617919922, 2515
5.311336994171143, 2514
5.311336994171143, 2513
5.313404321670532, 2512
5.313404321670532, 2511
5.33364200592041, 2510
5.33364200592041, 2509
5.3437559604644775, 2508
5.3437559604644775, 2507
5.353816986083984, 2506
5.361852645874023, 2505
5.384210586547852, 2504
5.39438796043396, 2503
5.39438796043396, 2502
5.402484178543091, 2501
5.402484178543091, 2500
5.404566764831543, 2499
5.404566764831543, 2498
5.414712190628052, 2497
5.424818515777588, 2496
5.434950351715088, 2495
5.455198049545288, 2494
5.5261805057525635, 2493
5.5261805057525635, 2492
5.5261805057525635, 2491
5.546860456466675, 2490
5.577235698699951, 2489
5.577235698699951, 2488
5.587488889694214, 2487
5.587488889694214, 2486
5.597617149353027, 2485
5.597617149353027, 2484
5.607785940170288, 2483
5.61792254447937, 2482
5.638216733932495, 2481
5.638216733932495, 2480
5.638216733932495, 2479
5.648320436477661, 2478
5.648320436477661, 2477
5.653614044189453, 2476
5.668608903884888, 2475
5.707141876220703, 2474
5.709204912185669, 2473
5.74775242805481, 2472
5.749805688858032, 2471
5.768005847930908, 2470
5.780199289321899, 2469
5.790325403213501, 2468
5.808545112609863, 2467
5.840999126434326, 2466
5.840999126434326, 2465
5.861214876174927, 2464
5.869282484054565, 2463
5.879384279251099, 2462
5.901749849319458, 2461
5.901749849319458, 2460
5.94228196144104, 2459
5.9929375648498535, 2458
6.003049373626709, 2457
6.0334413051605225, 2456
6.051606893539429, 2455
6.053672552108765, 2454
6.073984146118164, 2453
6.073984146118164, 2452
6.0820863246917725, 2451
6.0841593742370605, 2450
6.094296216964722, 2449
6.114819049835205, 2448
6.122918605804443, 2447
6.155410528182983, 2446
6.196317195892334, 2445
6.216564655303955, 2444
6.267201900482178, 2443
6.275224208831787, 2442
6.285300970077515, 2441
6.317709684371948, 2440
6.327892065048218, 2439
6.33800482749939, 2438
6.406760931015015, 2437
6.408815622329712, 2436
6.4189324378967285, 2435
6.4189324378967285, 2434
6.439180374145508, 2433
6.449305772781372, 2432
6.449305772781372, 2431
6.479609489440918, 2430
6.533565044403076, 2429
6.549189805984497, 2428
6.564814805984497, 2427
6.580440282821655, 2426
6.596063613891602, 2425
6.6712493896484375, 2424
6.691502809524536, 2423
6.721899032592773, 2422
6.721899032592773, 2421
6.762348890304565, 2420
6.772790193557739, 2419
6.780852794647217, 2418
6.792969703674316, 2417
6.821295976638794, 2416
6.823355197906494, 2415
6.823355197906494, 2414
6.833576679229736, 2413
6.853761196136475, 2412
6.863868474960327, 2411
6.863868474960327, 2410
6.863868474960327, 2409
6.914547920227051, 2408
6.922603130340576, 2407
6.932748317718506, 2406
6.94488263130188, 2405
6.973345756530762, 2404
6.975400924682617, 2403
7.04402494430542, 2402
7.096678733825684, 2401
7.147284984588623, 2400
7.208085775375366, 2399
7.218236446380615, 2398
7.238477468490601, 2397
7.238477468490601, 2396
7.256664514541626, 2395
7.258716583251953, 2394
7.299226522445679, 2393
7.299226522445679, 2392
7.309340000152588, 2391
7.319461822509766, 2390
7.3498780727386475, 2389
7.3498780727386475, 2388
7.359987735748291, 2387
7.37820839881897, 2386
7.38026237487793, 2385
7.38026237487793, 2384
7.411003351211548, 2383
7.4190592765808105, 2382
7.4920127391815186, 2381
7.4920127391815186, 2380
7.550733804702759, 2379
7.5527894496917725, 2378
7.5629048347473145, 2377
7.593256950378418, 2376
7.613489151000977, 2375
7.623602390289307, 2374
7.65399432182312, 2373
7.7249205112457275, 2372
7.7249205112457275, 2371
7.7249205112457275, 2370
7.732964277267456, 2369
7.775678396224976, 2368
7.783731937408447, 2367
7.783731937408447, 2366
7.82626748085022, 2365
7.85667610168457, 2364
7.8972578048706055, 2363
7.955992221832275, 2362
7.988413572311401, 2361
7.988413572311401, 2360
8.031319618225098, 2359
8.07175874710083, 2358
8.112288475036621, 2357
8.161571979522705, 2356
8.202023267745972, 2355
8.234458446502686, 2354
8.254672288894653, 2353
8.254672288894653, 2352
8.254672288894653, 2351
8.303215265274048, 2350
8.315349817276001, 2349
8.315349817276001, 2348
8.32544994354248, 2347
8.343693017959595, 2346
8.353821039199829, 2345
8.376086235046387, 2344
8.386213302612305, 2343
8.497536182403564, 2342
8.497536182403564, 2341
8.545976161956787, 2340
8.568254947662354, 2339
8.62943172454834, 2338
8.649706840515137, 2337
8.659773349761963, 2336
8.6800537109375, 2335
8.779025793075562, 2334
8.861832857131958, 2333
8.902275562286377, 2332
8.9427330493927, 2331
9.145640850067139, 2330
9.152149438858032, 2329
9.199037551879883, 2328
9.24595046043396, 2327
9.2524573802948, 2326
9.26809024810791, 2325
9.29304552078247, 2324
9.313932418823242, 2323
9.313932418823242, 2322
9.415535688400269, 2321
9.456023693084717, 2320
9.486387014389038, 2319
9.496499061584473, 2318
9.618082523345947, 2317
9.63625717163086, 2316
9.648448944091797, 2315
9.668652296066284, 2314
9.67670726776123, 2313
9.678764820098877, 2312
9.686794757843018, 2311
9.69893765449524, 2310
9.820207357406616, 2309
9.850991487503052, 2308
9.942528247833252, 2307
9.972971439361572, 2306
9.983107089996338, 2305
10.033783674240112, 2304
10.173521280288696, 2303
10.195873260498047, 2302
10.266772985458374, 2301
10.276904821395874, 2300
10.337669134140015, 2299
10.337669134140015, 2298
10.357939004898071, 2297
10.469736814498901, 2296
10.540855169296265, 2295
10.551007986068726, 2294
10.561148166656494, 2293
10.571300506591797, 2292
10.571300506591797, 2291
10.579367876052856, 2290
10.723157405853271, 2289
10.814303159713745, 2288
10.824448347091675, 2287
10.824448347091675, 2286
10.903470516204834, 2285
10.96632432937622, 2284
11.057729005813599, 2283
11.09654450416565, 2282
11.139161586761475, 2281
11.339992046356201, 2280
11.36233901977539, 2279
11.36233901977539, 2278
11.372440576553345, 2277
11.392708778381348, 2276
11.412952899932861, 2275
11.42308783531189, 2274
11.544647932052612, 2273
11.676339626312256, 2272
11.816418886184692, 2271
11.980529308319092, 2270
11.980529308319092, 2269
11.988634824752808, 2268
12.0281662940979, 2267
12.06244158744812, 2266
12.123204708099365, 2265
12.272932529449463, 2264
12.457566022872925, 2263
12.599244117736816, 2262
12.619485855102539, 2261
12.700443267822266, 2260
13.186471700668335, 2259
13.20668339729309, 2258
13.247155904769897, 2257
13.479779481887817, 2256
13.60154128074646, 2255
13.844375133514404, 2254
13.895106792449951, 2253
14.055431604385376, 2252
14.156894445419312, 2251
14.240083932876587, 2250
14.25019884109497, 2249
14.339359521865845, 2248
14.875854730606079, 2247
15.027928590774536, 2246
15.094048738479614, 2245
15.352508544921875, 2244
15.605831623077393, 2243
15.800164461135864, 2242
15.81837511062622, 2241
16.136590003967285, 2240
16.1871919631958, 2239
16.702423810958862, 2238
17.34132480621338, 2237
17.75926399230957, 2236
18.306641578674316, 2235
18.3571937084198, 2234
18.450783491134644, 2233
18.50140070915222, 2232
18.865622758865356, 2231
18.974966764450073, 2230
19.43293261528015, 2229
19.75153136253357, 2228
19.843060970306396, 2227
20.293054819107056, 2226
20.728540420532227, 2225
20.868367671966553, 2224
20.90125870704651, 2223
22.627016305923462, 2222
23.324381828308105, 2221
23.567775011062622, 2220
25.105446338653564, 2219
25.318589210510254, 2218
27.52681589126587, 2217
28.507965087890625, 2216
28.79956316947937, 2215
30.14014434814453, 2214
33.440099000930786, 2213
34.22387099266052, 2212
41.39603543281555, 2211
47.87557005882263, 2210
52.171603202819824, 2209
77.38882112503052, 2208
86.59956002235413, 2207
94.47504901885986, 2206
113.10821413993835, 2205
