0.021082639694213867, 4941
0.021082639694213867, 4940
0.021082639694213867, 4939
0.021082639694213867, 4938
0.025081396102905273, 4937
0.025081396102905273, 4936
0.025081396102905273, 4935
0.025081396102905273, 4934
0.025081396102905273, 4933
0.025081396102905273, 4932
0.025081396102905273, 4931
0.029081106185913086, 4930
0.029081106185913086, 4929
0.029081106185913086, 4928
0.029081106185913086, 4927
0.029081106185913086, 4926
0.029081106185913086, 4925
0.033124446868896484, 4924
0.033124446868896484, 4923
0.033124446868896484, 4922
0.033124446868896484, 4921
0.033124446868896484, 4920
0.033124446868896484, 4919
0.033124446868896484, 4918
0.037126779556274414, 4917
0.037126779556274414, 4916
0.037126779556274414, 4915
0.037126779556274414, 4914
0.037126779556274414, 4913
0.037126779556274414, 4912
0.037126779556274414, 4911
0.04112434387207031, 4910
0.04112434387207031, 4909
0.04112434387207031, 4908
0.04112434387207031, 4907
0.04112434387207031, 4906
0.04112434387207031, 4905
0.04112434387207031, 4904
0.04512214660644531, 4903
0.04512214660644531, 4902
0.04512214660644531, 4901
0.04512214660644531, 4900
0.04512214660644531, 4899
0.04512214660644531, 4898
0.04512214660644531, 4897
0.04912567138671875, 4896
0.04912567138671875, 4895
0.04912567138671875, 4894
0.04912567138671875, 4893
0.04912567138671875, 4892
0.04912567138671875, 4891
0.04912567138671875, 4890
0.05313467979431152, 4889
0.05313467979431152, 4888
0.05313467979431152, 4887
0.05313467979431152, 4886
0.05313467979431152, 4885
0.05313467979431152, 4884
0.05313467979431152, 4883
0.05712747573852539, 4882
0.05712747573852539, 4881
0.05712747573852539, 4880
0.05712747573852539, 4879
0.05712747573852539, 4878
0.05712747573852539, 4877
0.05712747573852539, 4876
0.06112337112426758, 4875
0.06112337112426758, 4874
0.06112337112426758, 4873
0.06112337112426758, 4872
0.06112337112426758, 4871
0.06112337112426758, 4870
0.06112337112426758, 4869
0.06512570381164551, 4868
0.06512570381164551, 4867
0.06512570381164551, 4866
0.06512570381164551, 4865
0.06512570381164551, 4864
0.06512570381164551, 4863
0.06512570381164551, 4862
0.06912446022033691, 4861
0.06912446022033691, 4860
0.06912446022033691, 4859
0.06912446022033691, 4858
0.06912446022033691, 4857
0.06912446022033691, 4856
0.06912446022033691, 4855
0.07312369346618652, 4854
0.07312369346618652, 4853
0.07312369346618652, 4852
0.07312369346618652, 4851
0.07312369346618652, 4850
0.07712292671203613, 4849
0.07712292671203613, 4848
0.07712292671203613, 4847
0.07712292671203613, 4846
0.07712292671203613, 4845
0.07712292671203613, 4844
0.08112359046936035, 4843
0.08112359046936035, 4842
0.08112359046936035, 4841
0.08112359046936035, 4840
0.08112359046936035, 4839
0.08112359046936035, 4838
0.08512425422668457, 4837
0.08512425422668457, 4836
0.08512425422668457, 4835
0.08512425422668457, 4834
0.08512425422668457, 4833
0.08512425422668457, 4832
0.08912324905395508, 4831
0.08912324905395508, 4830
0.08912324905395508, 4829
0.08912324905395508, 4828
0.08912324905395508, 4827
0.08912324905395508, 4826
0.08912324905395508, 4825
0.09313440322875977, 4824
0.09313440322875977, 4823
0.09313440322875977, 4822
0.09313440322875977, 4821
0.09313440322875977, 4820
0.09313440322875977, 4819
0.09313440322875977, 4818
0.09313440322875977, 4817
0.09712672233581543, 4816
0.09712672233581543, 4815
0.09712672233581543, 4814
0.09712672233581543, 4813
0.09712672233581543, 4812
0.09712672233581543, 4811
0.10108733177185059, 4810
0.10108733177185059, 4809
0.10108733177185059, 4808
0.10108733177185059, 4807
0.10512495040893555, 4806
0.10512495040893555, 4805
0.10512495040893555, 4804
0.10512495040893555, 4803
0.10512495040893555, 4802
0.10512495040893555, 4801
0.10909152030944824, 4800
0.10909152030944824, 4799
0.10909152030944824, 4798
0.10909152030944824, 4797
0.11308956146240234, 4796
0.11308956146240234, 4795
0.11308956146240234, 4794
0.11308956146240234, 4793
0.11308956146240234, 4792
0.11308956146240234, 4791
0.11308956146240234, 4790
0.11709856986999512, 4789
0.11709856986999512, 4788
0.11709856986999512, 4787
0.11709856986999512, 4786
0.11709856986999512, 4785
0.11709856986999512, 4784
0.11709856986999512, 4783
0.11709856986999512, 4782
0.12108659744262695, 4781
0.12108659744262695, 4780
0.12108659744262695, 4779
0.12108659744262695, 4778
0.12108659744262695, 4777
0.12108659744262695, 4776
0.12508463859558105, 4775
0.12508463859558105, 4774
0.12508463859558105, 4773
0.12508463859558105, 4772
0.12508463859558105, 4771
0.12508463859558105, 4770
0.12508463859558105, 4769
0.12912631034851074, 4768
0.12912631034851074, 4767
0.12912631034851074, 4766
0.12912631034851074, 4765
0.12912631034851074, 4764
0.12912631034851074, 4763
0.13312482833862305, 4762
0.13312482833862305, 4761
0.13312482833862305, 4760
0.13312482833862305, 4759
0.13312482833862305, 4758
0.13312482833862305, 4757
0.13712191581726074, 4756
0.13712191581726074, 4755
0.13712191581726074, 4754
0.13712191581726074, 4753
0.13712191581726074, 4752
0.13712191581726074, 4751
0.14112186431884766, 4750
0.14112186431884766, 4749
0.14112186431884766, 4748
0.14112186431884766, 4747
0.14112186431884766, 4746
0.14112186431884766, 4745
0.14112186431884766, 4744
0.14112186431884766, 4743
0.14512348175048828, 4742
0.14512348175048828, 4741
0.14512348175048828, 4740
0.14512348175048828, 4739
0.14512348175048828, 4738
0.1491239070892334, 4737
0.1491239070892334, 4736
0.1491239070892334, 4735
0.1491239070892334, 4734
0.1531221866607666, 4733
0.1531221866607666, 4732
0.1531221866607666, 4731
0.1531221866607666, 4730
0.1531221866607666, 4729
0.1531221866607666, 4728
0.15712189674377441, 4727
0.15712189674377441, 4726
0.15712189674377441, 4725
0.15712189674377441, 4724
0.15712189674377441, 4723
0.15712189674377441, 4722
0.15712189674377441, 4721
0.16112589836120605, 4720
0.16112589836120605, 4719
0.16112589836120605, 4718
0.16112589836120605, 4717
0.16112589836120605, 4716
0.16112589836120605, 4715
0.16512560844421387, 4714
0.16512560844421387, 4713
0.16512560844421387, 4712
0.16512560844421387, 4711
0.16912221908569336, 4710
0.16912221908569336, 4709
0.16912221908569336, 4708
0.16912221908569336, 4707
0.16912221908569336, 4706
0.16912221908569336, 4705
0.16912221908569336, 4704
0.17312312126159668, 4703
0.17312312126159668, 4702
0.17312312126159668, 4701
0.17312312126159668, 4700
0.1771256923675537, 4699
0.1771256923675537, 4698
0.1771256923675537, 4697
0.1771256923675537, 4696
0.1771256923675537, 4695
0.1771256923675537, 4694
0.1811213493347168, 4693
0.1811213493347168, 4692
0.1811213493347168, 4691
0.1811213493347168, 4690
0.1811213493347168, 4689
0.1811213493347168, 4688
0.18463945388793945, 4687
0.18463945388793945, 4686
0.18463945388793945, 4685
0.18463945388793945, 4684
0.18463945388793945, 4683
0.18463945388793945, 4682
0.18867754936218262, 4681
0.18867754936218262, 4680
0.18867754936218262, 4679
0.18867754936218262, 4678
0.18867754936218262, 4677
0.18867754936218262, 4676
0.19267606735229492, 4675
0.19267606735229492, 4674
0.19267606735229492, 4673
0.19267606735229492, 4672
0.19267606735229492, 4671
0.19267606735229492, 4670
0.19672393798828125, 4669
0.19672393798828125, 4668
0.19672393798828125, 4667
0.19672393798828125, 4666
0.19672393798828125, 4665
0.2007298469543457, 4664
0.2007298469543457, 4663
0.2007298469543457, 4662
0.2007298469543457, 4661
0.2007298469543457, 4660
0.2007298469543457, 4659
0.2007298469543457, 4658
0.20473599433898926, 4657
0.20473599433898926, 4656
0.20473599433898926, 4655
0.20473599433898926, 4654
0.20473599433898926, 4653
0.20473599433898926, 4652
0.20873403549194336, 4651
0.20873403549194336, 4650
0.20873403549194336, 4649
0.20873403549194336, 4648
0.20873403549194336, 4647
0.21277070045471191, 4646
0.21277070045471191, 4645
0.21277070045471191, 4644
0.21277070045471191, 4643
0.21277070045471191, 4642
0.21277070045471191, 4641
0.21277070045471191, 4640
0.21677160263061523, 4639
0.21903157234191895, 4638
0.21903157234191895, 4637
0.21903157234191895, 4636
0.21903157234191895, 4635
0.21903157234191895, 4634
0.2230672836303711, 4633
0.2230672836303711, 4632
0.2230672836303711, 4631
0.2230672836303711, 4630
0.22706818580627441, 4629
0.22706818580627441, 4628
0.22706818580627441, 4627
0.22706818580627441, 4626
0.2310938835144043, 4625
0.2310938835144043, 4624
0.2310938835144043, 4623
0.2310938835144043, 4622
0.23511862754821777, 4621
0.23511862754821777, 4620
0.23511862754821777, 4619
0.23511862754821777, 4618
0.23511862754821777, 4617
0.23912572860717773, 4616
0.23912572860717773, 4615
0.23912572860717773, 4614
0.23912572860717773, 4613
0.23912572860717773, 4612
0.23912572860717773, 4611
0.24314045906066895, 4610
0.24314045906066895, 4609
0.24314045906066895, 4608
0.24314045906066895, 4607
0.24717283248901367, 4606
0.24717283248901367, 4605
0.24717283248901367, 4604
0.24717283248901367, 4603
0.24717283248901367, 4602
0.24717283248901367, 4601
0.24717283248901367, 4600
0.24717283248901367, 4599
0.25117039680480957, 4598
0.25117039680480957, 4597
0.25117039680480957, 4596
0.25117039680480957, 4595
0.25117039680480957, 4594
0.25117039680480957, 4593
0.25117039680480957, 4592
0.25117039680480957, 4591
0.25518083572387695, 4590
0.25518083572387695, 4589
0.25518083572387695, 4588
0.25518083572387695, 4587
0.25518083572387695, 4586
0.25518083572387695, 4585
0.25518083572387695, 4584
0.2592182159423828, 4583
0.2592182159423828, 4582
0.2592182159423828, 4581
0.2592182159423828, 4580
0.2632176876068115, 4579
0.2632176876068115, 4578
0.2632176876068115, 4577
0.26773667335510254, 4576
0.26773667335510254, 4575
0.26773667335510254, 4574
0.26773667335510254, 4573
0.26773667335510254, 4572
0.26773667335510254, 4571
0.2717733383178711, 4570
0.2717733383178711, 4569
0.2717733383178711, 4568
0.2717733383178711, 4567
0.275773286819458, 4566
0.275773286819458, 4565
0.275773286819458, 4564
0.275773286819458, 4563
0.275773286819458, 4562
0.275773286819458, 4561
0.275773286819458, 4560
0.279787540435791, 4559
0.279787540435791, 4558
0.279787540435791, 4557
0.279787540435791, 4556
0.28382349014282227, 4555
0.28382349014282227, 4554
0.28382349014282227, 4553
0.28382349014282227, 4552
0.28382349014282227, 4551
0.28782057762145996, 4550
0.28782057762145996, 4549
0.28782057762145996, 4548
0.28782057762145996, 4547
0.28782057762145996, 4546
0.29183197021484375, 4545
0.29183197021484375, 4544
0.29183197021484375, 4543
0.29183197021484375, 4542
0.29183197021484375, 4541
0.2958693504333496, 4540
0.2958693504333496, 4539
0.2958693504333496, 4538
0.2958693504333496, 4537
0.2958693504333496, 4536
0.2998669147491455, 4535
0.2998669147491455, 4534
0.2998669147491455, 4533
0.3018801212310791, 4532
0.3018801212310791, 4531
0.3018801212310791, 4530
0.3018801212310791, 4529
0.3018801212310791, 4528
0.3018801212310791, 4527
0.30591797828674316, 4526
0.30591797828674316, 4525
0.30591797828674316, 4524
0.30591797828674316, 4523
0.30591797828674316, 4522
0.3099193572998047, 4521
0.3099193572998047, 4520
0.3099193572998047, 4519
0.3099193572998047, 4518
0.31226181983947754, 4517
0.31226181983947754, 4516
0.31226181983947754, 4515
0.31226181983947754, 4514
0.31226181983947754, 4513
0.31226181983947754, 4512
0.31226181983947754, 4511
0.3162970542907715, 4510
0.3162970542907715, 4509
0.3162970542907715, 4508
0.3162970542907715, 4507
0.3162970542907715, 4506
0.3162970542907715, 4505
0.3162970542907715, 4504
0.3162970542907715, 4503
0.3202977180480957, 4502
0.3202977180480957, 4501
0.3202977180480957, 4500
0.3202977180480957, 4499
0.3202977180480957, 4498
0.3243095874786377, 4497
0.3243095874786377, 4496
0.3243095874786377, 4495
0.32834768295288086, 4494
0.32834768295288086, 4493
0.32834768295288086, 4492
0.32834768295288086, 4491
0.33234643936157227, 4490
0.33234643936157227, 4489
0.33467769622802734, 4488
0.33467769622802734, 4487
0.33467769622802734, 4486
0.33467769622802734, 4485
0.33467769622802734, 4484
0.33467769622802734, 4483
0.33867740631103516, 4482
0.33867740631103516, 4481
0.33867740631103516, 4480
0.33867740631103516, 4479
0.33867740631103516, 4478
0.33867740631103516, 4477
0.33867740631103516, 4476
0.3427150249481201, 4475
0.3427150249481201, 4474
0.3427150249481201, 4473
0.3427150249481201, 4472
0.3427150249481201, 4471
0.3427150249481201, 4470
0.3427150249481201, 4469
0.34676432609558105, 4468
0.34676432609558105, 4467
0.34676432609558105, 4466
0.34676432609558105, 4465
0.34676432609558105, 4464
0.34676432609558105, 4463
0.3507709503173828, 4462
0.3507709503173828, 4461
0.3507709503173828, 4460
0.3507709503173828, 4459
0.3507709503173828, 4458
0.3507709503173828, 4457
0.3507709503173828, 4456
0.3547685146331787, 4455
0.3547685146331787, 4454
0.3547685146331787, 4453
0.3547685146331787, 4452
0.3547685146331787, 4451
0.3547685146331787, 4450
0.3547685146331787, 4449
0.35881495475769043, 4448
0.35881495475769043, 4447
0.35881495475769043, 4446
0.36281633377075195, 4445
0.36281633377075195, 4444
0.36281633377075195, 4443
0.36281633377075195, 4442
0.36281633377075195, 4441
0.3668186664581299, 4440
0.3668186664581299, 4439
0.36905789375305176, 4438
0.36905789375305176, 4437
0.36905789375305176, 4436
0.36905789375305176, 4435
0.36905789375305176, 4434
0.36905789375305176, 4433
0.36905789375305176, 4432
0.36905789375305176, 4431
0.3730950355529785, 4430
0.3730950355529785, 4429
0.3730950355529785, 4428
0.3730950355529785, 4427
0.3730950355529785, 4426
0.37709593772888184, 4425
0.37709593772888184, 4424
0.37709593772888184, 4423
0.37709593772888184, 4422
0.37709593772888184, 4421
0.38108158111572266, 4420
0.38108158111572266, 4419
0.38108158111572266, 4418
0.38108158111572266, 4417
0.38108158111572266, 4416
0.38108158111572266, 4415
0.38108158111572266, 4414
0.38108158111572266, 4413
0.3850736618041992, 4412
0.3850736618041992, 4411
0.3850736618041992, 4410
0.3891110420227051, 4409
0.3891110420227051, 4408
0.3891110420227051, 4407
0.3891110420227051, 4406
0.3891110420227051, 4405
0.3891110420227051, 4404
0.3891110420227051, 4403
0.3931300640106201, 4402
0.3931300640106201, 4401
0.3931300640106201, 4400
0.3931300640106201, 4399
0.3931300640106201, 4398
0.3971590995788574, 4397
0.3971590995788574, 4396
0.3971590995788574, 4395
0.3971590995788574, 4394
0.3971590995788574, 4393
0.4011211395263672, 4392
0.4011211395263672, 4391
0.4011211395263672, 4390
0.4011211395263672, 4389
0.4011211395263672, 4388
0.4011211395263672, 4387
0.4052305221557617, 4386
0.4052305221557617, 4385
0.4052305221557617, 4384
0.4052305221557617, 4383
0.40922117233276367, 4382
0.40922117233276367, 4381
0.40922117233276367, 4380
0.40922117233276367, 4379
0.40922117233276367, 4378
0.40922117233276367, 4377
0.41321873664855957, 4376
0.41321873664855957, 4375
0.41321873664855957, 4374
0.41321873664855957, 4373
0.41321873664855957, 4372
0.41723084449768066, 4371
0.41723084449768066, 4370
0.41723084449768066, 4369
0.41723084449768066, 4368
0.41723084449768066, 4367
0.42126917839050293, 4366
0.42126917839050293, 4365
0.42126917839050293, 4364
0.42126917839050293, 4363
0.42126917839050293, 4362
0.42126917839050293, 4361
0.42527031898498535, 4360
0.42527031898498535, 4359
0.42527031898498535, 4358
0.4292793273925781, 4357
0.4292793273925781, 4356
0.4292793273925781, 4355
0.4292793273925781, 4354
0.4292793273925781, 4353
0.4292793273925781, 4352
0.4333159923553467, 4351
0.4333159923553467, 4350
0.4333159923553467, 4349
0.4333159923553467, 4348
0.4333159923553467, 4347
0.4373157024383545, 4346
0.4373157024383545, 4345
0.4373157024383545, 4344
0.4413294792175293, 4343
0.4413294792175293, 4342
0.4413294792175293, 4341
0.4413294792175293, 4340
0.4413294792175293, 4339
0.4453709125518799, 4338
0.4453709125518799, 4337
0.4453709125518799, 4336
0.4453709125518799, 4335
0.44936609268188477, 4334
0.44936609268188477, 4333
0.45130157470703125, 4332
0.45130157470703125, 4331
0.45130157470703125, 4330
0.4553382396697998, 4329
0.4553382396697998, 4328
0.4553382396697998, 4327
0.4553382396697998, 4326
0.4553382396697998, 4325
0.4553382396697998, 4324
0.4593393802642822, 4323
0.4593393802642822, 4322
0.4593393802642822, 4321
0.4593393802642822, 4320
0.4593393802642822, 4319
0.46335935592651367, 4318
0.46335935592651367, 4317
0.46335935592651367, 4316
0.46335935592651367, 4315
0.46335935592651367, 4314
0.46335935592651367, 4313
0.46335935592651367, 4312
0.46741247177124023, 4311
0.46741247177124023, 4310
0.46741247177124023, 4309
0.46741247177124023, 4308
0.46741247177124023, 4307
0.46741247177124023, 4306
0.46741247177124023, 4305
0.47355031967163086, 4304
0.47355031967163086, 4303
0.47355031967163086, 4302
0.47355031967163086, 4301
0.47355031967163086, 4300
0.47355031967163086, 4299
0.4775865077972412, 4298
0.4775865077972412, 4297
0.4775865077972412, 4296
0.4775865077972412, 4295
0.4775865077972412, 4294
0.4815843105316162, 4293
0.4815843105316162, 4292
0.4815843105316162, 4291
0.4846334457397461, 4290
0.4846334457397461, 4289
0.4846334457397461, 4288
0.4846334457397461, 4287
0.48867082595825195, 4286
0.48867082595825195, 4285
0.48867082595825195, 4284
0.48867082595825195, 4283
0.48867082595825195, 4282
0.49267077445983887, 4281
0.49267077445983887, 4280
0.49267077445983887, 4279
0.49668335914611816, 4278
0.49668335914611816, 4277
0.49668335914611816, 4276
0.49668335914611816, 4275
0.5007278919219971, 4274
0.5007278919219971, 4273
0.5007278919219971, 4272
0.5007278919219971, 4271
0.5007278919219971, 4270
0.5007278919219971, 4269
0.5047292709350586, 4268
0.5047292709350586, 4267
0.5047292709350586, 4266
0.5047292709350586, 4265
0.5087339878082275, 4264
0.5087339878082275, 4263
0.5087339878082275, 4262
0.5087339878082275, 4261
0.5087339878082275, 4260
0.5087339878082275, 4259
0.5127747058868408, 4258
0.5127747058868408, 4257
0.5127747058868408, 4256
0.5127747058868408, 4255
0.5127747058868408, 4254
0.5127747058868408, 4253
0.518885612487793, 4252
0.518885612487793, 4251
0.518885612487793, 4250
0.518885612487793, 4249
0.518885612487793, 4248
0.518885612487793, 4247
0.518885612487793, 4246
0.5229220390319824, 4245
0.5229220390319824, 4244
0.5269238948822021, 4243
0.5269238948822021, 4242
0.5269238948822021, 4241
0.5269238948822021, 4240
0.5269238948822021, 4239
0.5309333801269531, 4238
0.5309333801269531, 4237
0.5309333801269531, 4236
0.5309333801269531, 4235
0.5309333801269531, 4234
0.5309333801269531, 4233
0.5349709987640381, 4232
0.5349709987640381, 4231
0.5349709987640381, 4230
0.5389721393585205, 4229
0.5429942607879639, 4228
0.5429942607879639, 4227
0.5429942607879639, 4226
0.5429942607879639, 4225
0.5429942607879639, 4224
0.5470244884490967, 4223
0.5470244884490967, 4222
0.5470244884490967, 4221
0.5509862899780273, 4220
0.5509862899780273, 4219
0.5509862899780273, 4218
0.5509862899780273, 4217
0.5550355911254883, 4216
0.5550355911254883, 4215
0.5550355911254883, 4214
0.5550355911254883, 4213
0.5590775012969971, 4212
0.5590775012969971, 4211
0.5630733966827393, 4210
0.5630733966827393, 4209
0.5630733966827393, 4208
0.5630733966827393, 4207
0.5630733966827393, 4206
0.5630733966827393, 4205
0.5630733966827393, 4204
0.5630733966827393, 4203
0.5630733966827393, 4202
0.5671067237854004, 4201
0.5671067237854004, 4200
0.5671067237854004, 4199
0.5671067237854004, 4198
0.5671067237854004, 4197
0.57112717628479, 4196
0.57112717628479, 4195
0.57112717628479, 4194
0.57112717628479, 4193
0.57112717628479, 4192
0.57112717628479, 4191
0.57112717628479, 4190
0.57112717628479, 4189
0.575127124786377, 4188
0.575127124786377, 4187
0.575127124786377, 4186
0.575127124786377, 4185
0.579138994216919, 4184
0.579138994216919, 4183
0.579138994216919, 4182
0.583174467086792, 4181
0.583174467086792, 4180
0.583174467086792, 4179
0.5871763229370117, 4178
0.5871763229370117, 4177
0.5871763229370117, 4176
0.5871763229370117, 4175
0.5911865234375, 4174
0.5911865234375, 4173
0.5911865234375, 4172
0.5911865234375, 4171
0.5911865234375, 4170
0.5952260494232178, 4169
0.5952260494232178, 4168
0.5952260494232178, 4167
0.5952260494232178, 4166
0.5952260494232178, 4165
0.5952260494232178, 4164
0.6012790203094482, 4163
0.6012790203094482, 4162
0.6012790203094482, 4161
0.605309009552002, 4160
0.605309009552002, 4159
0.6093101501464844, 4158
0.6093101501464844, 4157
0.6093101501464844, 4156
0.6133203506469727, 4155
0.6133203506469727, 4154
0.6133203506469727, 4153
0.6133203506469727, 4152
0.6173584461212158, 4151
0.6173584461212158, 4150
0.6173584461212158, 4149
0.6213607788085938, 4148
0.6213607788085938, 4147
0.6213607788085938, 4146
0.6213607788085938, 4145
0.6213607788085938, 4144
0.6213607788085938, 4143
0.6253693103790283, 4142
0.6253693103790283, 4141
0.6253693103790283, 4140
0.6253693103790283, 4139
0.6253693103790283, 4138
0.6294064521789551, 4137
0.6294064521789551, 4136
0.6294064521789551, 4135
0.6294064521789551, 4134
0.6334142684936523, 4133
0.6334142684936523, 4132
0.6356167793273926, 4131
0.6356167793273926, 4130
0.6356167793273926, 4129
0.6356167793273926, 4128
0.6396534442901611, 4127
0.6396534442901611, 4126
0.6396534442901611, 4125
0.6396534442901611, 4124
0.6396534442901611, 4123
0.6436538696289062, 4122
0.6436538696289062, 4121
0.647681713104248, 4120
0.647681713104248, 4119
0.647681713104248, 4118
0.647681713104248, 4117
0.647681713104248, 4116
0.6517021656036377, 4115
0.6517021656036377, 4114
0.6517021656036377, 4113
0.6557011604309082, 4112
0.6557011604309082, 4111
0.6557011604309082, 4110
0.6597192287445068, 4109
0.6597192287445068, 4108
0.6597192287445068, 4107
0.6597192287445068, 4106
0.6637539863586426, 4105
0.6637539863586426, 4104
0.667712926864624, 4103
0.667712926864624, 4102
0.667712926864624, 4101
0.667712926864624, 4100
0.6717593669891357, 4099
0.6717593669891357, 4098
0.6717593669891357, 4097
0.6757957935333252, 4096
0.6757957935333252, 4095
0.6757957935333252, 4094
0.6757957935333252, 4093
0.6757957935333252, 4092
0.6757957935333252, 4091
0.6757957935333252, 4090
0.6797957420349121, 4089
0.6797957420349121, 4088
0.6797957420349121, 4087
0.6797957420349121, 4086
0.6838071346282959, 4085
0.6878440380096436, 4084
0.6878440380096436, 4083
0.6878440380096436, 4082
0.6918468475341797, 4081
0.6918468475341797, 4080
0.6958708763122559, 4079
0.6958708763122559, 4078
0.6958708763122559, 4077
0.6998920440673828, 4076
0.6998920440673828, 4075
0.6998920440673828, 4074
0.6998920440673828, 4073
0.7062277793884277, 4072
0.7062277793884277, 4071
0.7062277793884277, 4070
0.7062277793884277, 4069
0.7062277793884277, 4068
0.7102646827697754, 4067
0.7102646827697754, 4066
0.7102646827697754, 4065
0.7102646827697754, 4064
0.7102646827697754, 4063
0.7102646827697754, 4062
0.7102646827697754, 4061
0.7102646827697754, 4060
0.7142648696899414, 4059
0.7142648696899414, 4058
0.7142648696899414, 4057
0.7142648696899414, 4056
0.7142648696899414, 4055
0.7179348468780518, 4054
0.7179348468780518, 4053
0.7179348468780518, 4052
0.7179348468780518, 4051
0.7219767570495605, 4050
0.7219767570495605, 4049
0.7259714603424072, 4048
0.7299988269805908, 4047
0.7299988269805908, 4046
0.7299988269805908, 4045
0.7299988269805908, 4044
0.7299988269805908, 4043
0.7299988269805908, 4042
0.7340347766876221, 4041
0.7340347766876221, 4040
0.7340347766876221, 4039
0.7340347766876221, 4038
0.7340347766876221, 4037
0.7340347766876221, 4036
0.7380256652832031, 4035
0.7380256652832031, 4034
0.7380256652832031, 4033
0.7380256652832031, 4032
0.7420313358306885, 4031
0.7420313358306885, 4030
0.7420313358306885, 4029
0.7420313358306885, 4028
0.7420313358306885, 4027
0.7420313358306885, 4026
0.7460699081420898, 4025
0.7460699081420898, 4024
0.7460699081420898, 4023
0.7500689029693604, 4022
0.7500689029693604, 4021
0.7522411346435547, 4020
0.7522411346435547, 4019
0.7522411346435547, 4018
0.7522411346435547, 4017
0.7562785148620605, 4016
0.7562785148620605, 4015
0.7562785148620605, 4014
0.7562785148620605, 4013
0.7562785148620605, 4012
0.7562785148620605, 4011
0.7602889537811279, 4010
0.7642900943756104, 4009
0.7642900943756104, 4008
0.7642900943756104, 4007
0.7683267593383789, 4006
0.7683267593383789, 4005
0.7723269462585449, 4004
0.7723269462585449, 4003
0.7723269462585449, 4002
0.7763512134552002, 4001
0.7803726196289062, 4000
0.7803726196289062, 3999
0.7803726196289062, 3998
0.7803726196289062, 3997
0.7803726196289062, 3996
0.784334659576416, 3995
0.784334659576416, 3994
0.784334659576416, 3993
0.784334659576416, 3992
0.7883830070495605, 3991
0.7883830070495605, 3990
0.7883830070495605, 3989
0.7883830070495605, 3988
0.7883830070495605, 3987
0.7924213409423828, 3986
0.7924213409423828, 3985
0.7924213409423828, 3984
0.7924213409423828, 3983
0.7924213409423828, 3982
0.7924213409423828, 3981
0.7924213409423828, 3980
0.7924213409423828, 3979
0.796424388885498, 3978
0.796424388885498, 3977
0.796424388885498, 3976
0.800431489944458, 3975
0.800431489944458, 3974
0.800431489944458, 3973
0.800431489944458, 3972
0.800431489944458, 3971
0.8044681549072266, 3970
0.8044681549072266, 3969
0.8084681034088135, 3968
0.8084681034088135, 3967
0.8084681034088135, 3966
0.8084681034088135, 3965
0.8084681034088135, 3964
0.8084681034088135, 3963
0.8124880790710449, 3962
0.8165187835693359, 3961
0.8165187835693359, 3960
0.8165187835693359, 3959
0.8165187835693359, 3958
0.8165187835693359, 3957
0.8205180168151855, 3956
0.8205180168151855, 3955
0.8205180168151855, 3954
0.8245375156402588, 3953
0.8245375156402588, 3952
0.8245375156402588, 3951
0.8245375156402588, 3950
0.828528881072998, 3949
0.828528881072998, 3948
0.828528881072998, 3947
0.828528881072998, 3946
0.828528881072998, 3945
0.828528881072998, 3944
0.8325672149658203, 3943
0.8325672149658203, 3942
0.8325672149658203, 3941
0.8345918655395508, 3940
0.8345918655395508, 3939
0.8345918655395508, 3938
0.8345918655395508, 3937
0.8386297225952148, 3936
0.8386297225952148, 3935
0.8426294326782227, 3934
0.8426294326782227, 3933
0.8426294326782227, 3932
0.8426294326782227, 3931
0.8466527462005615, 3930
0.8506801128387451, 3929
0.8506801128387451, 3928
0.8506801128387451, 3927
0.8546879291534424, 3926
0.8568768501281738, 3925
0.8568768501281738, 3924
0.8568768501281738, 3923
0.8568768501281738, 3922
0.8568768501281738, 3921
0.8568768501281738, 3920
0.860912561416626, 3919
0.860912561416626, 3918
0.860912561416626, 3917
0.860912561416626, 3916
0.8649125099182129, 3915
0.867903470993042, 3914
0.8719048500061035, 3913
0.8719048500061035, 3912
0.8719048500061035, 3911
0.8759019374847412, 3910
0.8759019374847412, 3909
0.8780391216278076, 3908
0.8780391216278076, 3907
0.8780391216278076, 3906
0.8780391216278076, 3905
0.8780391216278076, 3904
0.8780391216278076, 3903
0.8820741176605225, 3902
0.8820741176605225, 3901
0.8820741176605225, 3900
0.8820741176605225, 3899
0.8820741176605225, 3898
0.8860750198364258, 3897
0.8860750198364258, 3896
0.890084981918335, 3895
0.890084981918335, 3894
0.890084981918335, 3893
0.890084981918335, 3892
0.894127368927002, 3891
0.894127368927002, 3890
0.894127368927002, 3889
0.9012436866760254, 3888
0.9012436866760254, 3887
0.9012436866760254, 3886
0.9012436866760254, 3885
0.9052512645721436, 3884
0.9052512645721436, 3883
0.9052512645721436, 3882
0.9052512645721436, 3881
0.9052512645721436, 3880
0.9052512645721436, 3879
0.9052512645721436, 3878
0.9052512645721436, 3877
0.9092504978179932, 3876
0.9092504978179932, 3875
0.9132645130157471, 3874
0.9132645130157471, 3873
0.9132645130157471, 3872
0.9132645130157471, 3871
0.9132645130157471, 3870
0.9173030853271484, 3869
0.9173030853271484, 3868
0.9173030853271484, 3867
0.9213018417358398, 3866
0.9213018417358398, 3865
0.9213018417358398, 3864
0.9253230094909668, 3863
0.9253230094909668, 3862
0.9253230094909668, 3861
0.9293599128723145, 3860
0.9333698749542236, 3859
0.9333698749542236, 3858
0.9333698749542236, 3857
0.9333698749542236, 3856
0.9355297088623047, 3855
0.9355297088623047, 3854
0.9395666122436523, 3853
0.9395666122436523, 3852
0.9395666122436523, 3851
0.9395666122436523, 3850
0.9395666122436523, 3849
0.9435675144195557, 3848
0.9435675144195557, 3847
0.9435675144195557, 3846
0.9435675144195557, 3845
0.9475793838500977, 3844
0.9475793838500977, 3843
0.9475793838500977, 3842
0.9475793838500977, 3841
0.9516160488128662, 3840
0.9516160488128662, 3839
0.9516160488128662, 3838
0.9556162357330322, 3837
0.9556162357330322, 3836
0.9556162357330322, 3835
0.9556162357330322, 3834
0.959641695022583, 3833
0.963665246963501, 3832
0.963665246963501, 3831
0.9676265716552734, 3830
0.9676265716552734, 3829
0.9676265716552734, 3828
0.9716746807098389, 3827
0.9716746807098389, 3826
0.9716746807098389, 3825
0.9716746807098389, 3824
0.9716746807098389, 3823
0.9757125377655029, 3822
0.9757125377655029, 3821
0.9757125377655029, 3820
0.9757125377655029, 3819
0.9757125377655029, 3818
0.9757125377655029, 3817
0.9797122478485107, 3816
0.9797122478485107, 3815
0.9837241172790527, 3814
0.9837241172790527, 3813
0.9837241172790527, 3812
0.9917612075805664, 3811
0.9917612075805664, 3810
0.9957704544067383, 3809
0.9957704544067383, 3808
0.9957704544067383, 3807
0.9957704544067383, 3806
0.9957704544067383, 3805
0.9998066425323486, 3804
0.9998066425323486, 3803
1.0078246593475342, 3802
1.0078246593475342, 3801
1.0078246593475342, 3800
1.0118567943572998, 3799
1.0118567943572998, 3798
1.0178470611572266, 3797
1.0178470611572266, 3796
1.0178470611572266, 3795
1.0218846797943115, 3794
1.0218846797943115, 3793
1.0258822441101074, 3792
1.0258822441101074, 3791
1.0258822441101074, 3790
1.0258822441101074, 3789
1.0258822441101074, 3788
1.0258822441101074, 3787
1.0258822441101074, 3786
1.029895305633545, 3785
1.029895305633545, 3784
1.029895305633545, 3783
1.029895305633545, 3782
1.029895305633545, 3781
1.0339360237121582, 3780
1.0339360237121582, 3779
1.0339360237121582, 3778
1.0339360237121582, 3777
1.0379328727722168, 3776
1.0379328727722168, 3775
1.0379328727722168, 3774
1.0379328727722168, 3773
1.0379328727722168, 3772
1.041964054107666, 3771
1.041964054107666, 3770
1.041964054107666, 3769
1.041964054107666, 3768
1.041964054107666, 3767
1.041964054107666, 3766
1.045985221862793, 3765
1.045985221862793, 3764
1.0499846935272217, 3763
1.0499846935272217, 3762
1.0521752834320068, 3761
1.0521752834320068, 3760
1.0521752834320068, 3759
1.0562124252319336, 3758
1.0562124252319336, 3757
1.0562124252319336, 3756
1.0562124252319336, 3755
1.0602130889892578, 3754
1.0602130889892578, 3753
1.0602130889892578, 3752
1.0602130889892578, 3751
1.0642237663269043, 3750
1.0642237663269043, 3749
1.0642237663269043, 3748
1.0642237663269043, 3747
1.0642237663269043, 3746
1.0682613849639893, 3745
1.0682613849639893, 3744
1.0682613849639893, 3743
1.0682613849639893, 3742
1.0682613849639893, 3741
1.072263479232788, 3740
1.072263479232788, 3739
1.0762724876403809, 3738
1.0762724876403809, 3737
1.0762724876403809, 3736
1.0803122520446777, 3735
1.0803122520446777, 3734
1.0842721462249756, 3733
1.0842721462249756, 3732
1.0883510112762451, 3731
1.0883510112762451, 3730
1.0883510112762451, 3729
1.0923559665679932, 3728
1.0923559665679932, 3727
1.096357822418213, 3726
1.1003715991973877, 3725
1.1003715991973877, 3724
1.1003715991973877, 3723
1.1003715991973877, 3722
1.1003715991973877, 3721
1.1044089794158936, 3720
1.1044089794158936, 3719
1.1084113121032715, 3718
1.112429141998291, 3717
1.112429141998291, 3716
1.1164233684539795, 3715
1.1204590797424316, 3714
1.1204590797424316, 3713
1.1204590797424316, 3712
1.1204590797424316, 3711
1.1204590797424316, 3710
1.1244714260101318, 3709
1.1244714260101318, 3708
1.1244714260101318, 3707
1.1244714260101318, 3706
1.1285076141357422, 3705
1.1285076141357422, 3704
1.1285076141357422, 3703
1.1285076141357422, 3702
1.1285076141357422, 3701
1.1285076141357422, 3700
1.132509708404541, 3699
1.132509708404541, 3698
1.1344921588897705, 3697
1.1344921588897705, 3696
1.1344921588897705, 3695
1.1385366916656494, 3694
1.1425344944000244, 3693
1.1425344944000244, 3692
1.1425344944000244, 3691
1.1465399265289307, 3690
1.1465399265289307, 3689
1.1505818367004395, 3688
1.1505818367004395, 3687
1.1505818367004395, 3686
1.1505818367004395, 3685
1.1505818367004395, 3684
1.1545777320861816, 3683
1.1545777320861816, 3682
1.156794548034668, 3681
1.156794548034668, 3680
1.156794548034668, 3679
1.156794548034668, 3678
1.1608309745788574, 3677
1.1608309745788574, 3676
1.1608309745788574, 3675
1.1608309745788574, 3674
1.1608309745788574, 3673
1.1608309745788574, 3672
1.1648337841033936, 3671
1.1648337841033936, 3670
1.1648337841033936, 3669
1.1648337841033936, 3668
1.1678118705749512, 3667
1.1718549728393555, 3666
1.1718549728393555, 3665
1.1718549728393555, 3664
1.1758546829223633, 3663
1.1798622608184814, 3662
1.1798622608184814, 3661
1.1798622608184814, 3660
1.1798622608184814, 3659
1.1839122772216797, 3658
1.187898874282837, 3657
1.1919093132019043, 3656
1.1959455013275146, 3655
1.1959455013275146, 3654
1.1959455013275146, 3653
1.1959455013275146, 3652
1.1959455013275146, 3651
1.1959455013275146, 3650
1.1959455013275146, 3649
1.1999454498291016, 3648
1.2020208835601807, 3647
1.2020208835601807, 3646
1.2020208835601807, 3645
1.2060589790344238, 3644
1.210059404373169, 3643
1.210059404373169, 3642
1.210059404373169, 3641
1.2140710353851318, 3640
1.2140710353851318, 3639
1.2140710353851318, 3638
1.2140710353851318, 3637
1.2140710353851318, 3636
1.222069263458252, 3635
1.222069263458252, 3634
1.228269338607788, 3633
1.230391025543213, 3632
1.230391025543213, 3631
1.232424020767212, 3630
1.2329399585723877, 3629
1.2329399585723877, 3628
1.2344951629638672, 3627
1.2344951629638672, 3626
1.2355601787567139, 3625
1.2416434288024902, 3624
1.2416434288024902, 3623
1.2416434288024902, 3622
1.2416434288024902, 3621
1.2456443309783936, 3620
1.2456443309783936, 3619
1.249701976776123, 3618
1.2536580562591553, 3617
1.2536580562591553, 3616
1.2536580562591553, 3615
1.2536580562591553, 3614
1.2536580562591553, 3613
1.257655382156372, 3612
1.257655382156372, 3611
1.257655382156372, 3610
1.257655382156372, 3609
1.2656676769256592, 3608
1.2656676769256592, 3607
1.2656676769256592, 3606
1.2656676769256592, 3605
1.269667625427246, 3604
1.269667625427246, 3603
1.269667625427246, 3602
1.269667625427246, 3601
1.2737276554107666, 3600
1.2737276554107666, 3599
1.2737276554107666, 3598
1.2776799201965332, 3597
1.2776799201965332, 3596
1.2816798686981201, 3595
1.2857425212860107, 3594
1.2857425212860107, 3593
1.2896935939788818, 3592
1.2936937808990479, 3591
1.2936937808990479, 3590
1.2936937808990479, 3589
1.2936937808990479, 3588
1.2936937808990479, 3587
1.2936937808990479, 3586
1.2977516651153564, 3585
1.2977516651153564, 3584
1.2977516651153564, 3583
1.2977516651153564, 3582
1.2977516651153564, 3581
1.2977516651153564, 3580
1.3017055988311768, 3579
1.3017055988311768, 3578
1.3017055988311768, 3577
1.3057057857513428, 3576
1.3057057857513428, 3575
1.3097267150878906, 3574
1.3097267150878906, 3573
1.3097267150878906, 3572
1.3097267150878906, 3571
1.3137176036834717, 3570
1.3137176036834717, 3569
1.3137176036834717, 3568
1.3177173137664795, 3567
1.3177173137664795, 3566
1.3177173137664795, 3565
1.3177173137664795, 3564
1.3177173137664795, 3563
1.3217971324920654, 3562
1.3257300853729248, 3561
1.3257300853729248, 3560
1.3257300853729248, 3559
1.3257300853729248, 3558
1.3257300853729248, 3557
1.3297297954559326, 3556
1.3297297954559326, 3555
1.3297297954559326, 3554
1.3337929248809814, 3553
1.3337929248809814, 3552
1.3337929248809814, 3551
1.3377420902252197, 3550
1.3377420902252197, 3549
1.3377420902252197, 3548
1.3417418003082275, 3547
1.3417418003082275, 3546
1.3458013534545898, 3545
1.3458013534545898, 3544
1.3458013534545898, 3543
1.3537540435791016, 3542
1.3537540435791016, 3541
1.3537540435791016, 3540
1.3537540435791016, 3539
1.3537540435791016, 3538
1.3577561378479004, 3537
1.357825756072998, 3536
1.357825756072998, 3535
1.357825756072998, 3534
1.357825756072998, 3533
1.3617663383483887, 3532
1.3617663383483887, 3531
1.3657662868499756, 3530
1.3698370456695557, 3529
1.3698370456695557, 3528
1.373779058456421, 3527
1.373779058456421, 3526
1.373779058456421, 3525
1.373779058456421, 3524
1.3818371295928955, 3523
1.3818371295928955, 3522
1.3818371295928955, 3521
1.3818371295928955, 3520
1.385791301727295, 3519
1.385791301727295, 3518
1.38979172706604, 3517
1.38979172706604, 3516
1.38979172706604, 3515
1.393848180770874, 3514
1.393848180770874, 3513
1.393848180770874, 3512
1.393848180770874, 3511
1.397803544998169, 3510
1.397803544998169, 3509
1.397803544998169, 3508
1.4018034934997559, 3507
1.4018034934997559, 3506
1.4018034934997559, 3505
1.4058668613433838, 3504
1.4058668613433838, 3503
1.4098155498504639, 3502
1.413816213607788, 3501
1.4178760051727295, 3500
1.4218289852142334, 3499
1.4218289852142334, 3498
1.4258286952972412, 3497
1.4258286952972412, 3496
1.4258286952972412, 3495
1.4258286952972412, 3494
1.429886817932129, 3493
1.429886817932129, 3492
1.4338407516479492, 3491
1.4338407516479492, 3490
1.4338407516479492, 3489
1.4419028759002686, 3488
1.4419028759002686, 3487
1.4458529949188232, 3486
1.4458529949188232, 3485
1.4458529949188232, 3484
1.4498531818389893, 3483
1.4539132118225098, 3482
1.4539132118225098, 3481
1.4539132118225098, 3480
1.4578659534454346, 3479
1.4578659534454346, 3478
1.4578659534454346, 3477
1.4618663787841797, 3476
1.4618663787841797, 3475
1.4618663787841797, 3474
1.465942621231079, 3473
1.469878911972046, 3472
1.469878911972046, 3471
1.469878911972046, 3470
1.469878911972046, 3469
1.473879337310791, 3468
1.473879337310791, 3467
1.4779374599456787, 3466
1.4779374599456787, 3465
1.4779374599456787, 3464
1.4779374599456787, 3463
1.48189115524292, 3462
1.48189115524292, 3461
1.4858918190002441, 3460
1.4858918190002441, 3459
1.4858918190002441, 3458
1.4858918190002441, 3457
1.4899494647979736, 3456
1.4899494647979736, 3455
1.493903636932373, 3454
1.493903636932373, 3453
1.493903636932373, 3452
1.493903636932373, 3451
1.4979045391082764, 3450
1.4979045391082764, 3449
1.4979045391082764, 3448
1.501966953277588, 3447
1.501966953277588, 3446
1.501966953277588, 3445
1.501966953277588, 3444
1.5059168338775635, 3443
1.5059168338775635, 3442
1.5099170207977295, 3441
1.5099170207977295, 3440
1.5099170207977295, 3439
1.5139942169189453, 3438
1.5193054676055908, 3437
1.5193054676055908, 3436
1.5193054676055908, 3435
1.5193054676055908, 3434
1.5193054676055908, 3433
1.5193054676055908, 3432
1.523303747177124, 3431
1.5273637771606445, 3430
1.5313165187835693, 3429
1.5313165187835693, 3428
1.5353171825408936, 3427
1.5353171825408936, 3426
1.5353171825408936, 3425
1.539374828338623, 3424
1.539374828338623, 3423
1.539374828338623, 3422
1.5494699478149414, 3421
1.5494699478149414, 3420
1.5494699478149414, 3419
1.553421974182129, 3418
1.553421974182129, 3417
1.553421974182129, 3416
1.553421974182129, 3415
1.553421974182129, 3414
1.553421974182129, 3413
1.5574216842651367, 3412
1.5654339790344238, 3411
1.5654339790344238, 3410
1.5694351196289062, 3409
1.5694351196289062, 3408
1.5734927654266357, 3407
1.5734927654266357, 3406
1.5734927654266357, 3405
1.5734927654266357, 3404
1.5734927654266357, 3403
1.5734927654266357, 3402
1.5774462223052979, 3401
1.5774462223052979, 3400
1.5774462223052979, 3399
1.5774462223052979, 3398
1.5835740566253662, 3397
1.587526798248291, 3396
1.587526798248291, 3395
1.595587968826294, 3394
1.599538803100586, 3393
1.599538803100586, 3392
1.599538803100586, 3391
1.599538803100586, 3390
1.6056663990020752, 3389
1.6096203327178955, 3388
1.6136207580566406, 3387
1.6136207580566406, 3386
1.6176438331604004, 3385
1.6176438331604004, 3384
1.6216328144073486, 3383
1.6256330013275146, 3382
1.6256330013275146, 3381
1.6256330013275146, 3380
1.629695177078247, 3379
1.629695177078247, 3378
1.629695177078247, 3377
1.629695177078247, 3376
1.6336450576782227, 3375
1.6336450576782227, 3374
1.6336450576782227, 3373
1.6336450576782227, 3372
1.6417036056518555, 3371
1.6417036056518555, 3370
1.6417036056518555, 3369
1.6456570625305176, 3368
1.6456570625305176, 3367
1.6496572494506836, 3366
1.6496572494506836, 3365
1.6496572494506836, 3364
1.653717041015625, 3363
1.653717041015625, 3362
1.653717041015625, 3361
1.6576695442199707, 3360
1.6576695442199707, 3359
1.6616694927215576, 3358
1.6616694927215576, 3357
1.6657323837280273, 3356
1.6657323837280273, 3355
1.6657323837280273, 3354
1.6696820259094238, 3353
1.6696820259094238, 3352
1.6736819744110107, 3351
1.6777541637420654, 3350
1.6777541637420654, 3349
1.6816942691802979, 3348
1.6897695064544678, 3347
1.6897695064544678, 3346
1.6897695064544678, 3345
1.6897695064544678, 3344
1.6897695064544678, 3343
1.6937062740325928, 3342
1.6937062740325928, 3341
1.6977074146270752, 3340
1.6977074146270752, 3339
1.6977074146270752, 3338
1.7017805576324463, 3337
1.7017805576324463, 3336
1.7017805576324463, 3335
1.705719232559204, 3334
1.705719232559204, 3333
1.7118546962738037, 3332
1.7158081531524658, 3331
1.7158081531524658, 3330
1.7158081531524658, 3329
1.7198078632354736, 3328
1.7198078632354736, 3327
1.7198078632354736, 3326
1.7198078632354736, 3325
1.7238669395446777, 3324
1.7238669395446777, 3323
1.7238669395446777, 3322
1.7278211116790771, 3321
1.7318201065063477, 3320
1.7358787059783936, 3319
1.7358787059783936, 3318
1.7398321628570557, 3317
1.7398321628570557, 3316
1.743833065032959, 3315
1.743833065032959, 3314
1.7478907108306885, 3313
1.7518444061279297, 3312
1.7518444061279297, 3311
1.7558443546295166, 3310
1.7558443546295166, 3309
1.7598869800567627, 3308
1.7638566493988037, 3307
1.7678568363189697, 3306
1.7719147205352783, 3305
1.7758686542510986, 3304
1.7758686542510986, 3303
1.7758686542510986, 3302
1.7798688411712646, 3301
1.7798688411712646, 3300
1.7798688411712646, 3299
1.7839324474334717, 3298
1.7878808975219727, 3297
1.7878808975219727, 3296
1.795938491821289, 3295
1.795938491821289, 3294
1.7998921871185303, 3293
1.7998921871185303, 3292
1.8038930892944336, 3291
1.8079726696014404, 3290
1.8079726696014404, 3289
1.8079726696014404, 3288
1.8079726696014404, 3287
1.8079726696014404, 3286
1.8119044303894043, 3285
1.8119044303894043, 3284
1.8159046173095703, 3283
1.8159046173095703, 3282
1.8159046173095703, 3281
1.8159046173095703, 3280
1.8159046173095703, 3279
1.8199608325958252, 3278
1.8199608325958252, 3277
1.8239169120788574, 3276
1.8239169120788574, 3275
1.8279170989990234, 3274
1.831977128982544, 3273
1.831977128982544, 3272
1.8359298706054688, 3271
1.8359298706054688, 3270
1.8359298706054688, 3269
1.8399298191070557, 3268
1.8399298191070557, 3267
1.84794282913208, 3266
1.8519432544708252, 3265
1.8560264110565186, 3264
1.8639569282531738, 3263
1.8639569282531738, 3262
1.8639569282531738, 3261
1.8639569282531738, 3260
1.8639569282531738, 3259
1.8639569282531738, 3258
1.8639569282531738, 3257
1.8680171966552734, 3256
1.8680171966552734, 3255
1.8719699382781982, 3254
1.8719699382781982, 3253
1.8759701251983643, 3252
1.880028486251831, 3251
1.880028486251831, 3250
1.880028486251831, 3249
1.8839819431304932, 3248
1.8925635814666748, 3247
1.8936314582824707, 3246
1.8936314582824707, 3245
1.8946971893310547, 3244
1.895763874053955, 3243
1.896829605102539, 3242
1.897895097732544, 3241
1.8989109992980957, 3240
1.9004433155059814, 3239
1.9004433155059814, 3238
1.9004433155059814, 3237
1.9030945301055908, 3236
1.9041216373443604, 3235
1.9041216373443604, 3234
1.9041216373443604, 3233
1.9081125259399414, 3232
1.9081125259399414, 3231
1.9081125259399414, 3230
1.9121119976043701, 3229
1.9121119976043701, 3228
1.9161860942840576, 3227
1.9161860942840576, 3226
1.9161860942840576, 3225
1.9161860942840576, 3224
1.9201245307922363, 3223
1.9201245307922363, 3222
1.9302101135253906, 3221
1.9342081546783447, 3220
1.9382290840148926, 3219
1.9382290840148926, 3218
1.9382290840148926, 3217
1.9382290840148926, 3216
1.9422199726104736, 3215
1.9422199726104736, 3214
1.9462199211120605, 3213
1.9462199211120605, 3212
1.9502828121185303, 3211
1.9502828121185303, 3210
1.9502828121185303, 3209
1.9564907550811768, 3208
1.9564907550811768, 3207
1.9574906826019287, 3206
1.9586138725280762, 3205
1.9586138725280762, 3204
1.960679531097412, 3203
1.9646327495574951, 3202
1.9686322212219238, 3201
1.9686322212219238, 3200
1.9686322212219238, 3199
1.9686322212219238, 3198
1.9686322212219238, 3197
1.9766449928283691, 3196
1.9766449928283691, 3195
1.9843058586120605, 3194
1.9843058586120605, 3193
1.9882545471191406, 3192
1.9882545471191406, 3191
1.9944050312042236, 3190
1.9944050312042236, 3189
1.9944050312042236, 3188
1.9983508586883545, 3187
2.002349376678467, 3186
2.002349376678467, 3185
2.002349376678467, 3184
2.002349376678467, 3183
2.002349376678467, 3182
2.010362386703491, 3181
2.010362386703491, 3180
2.0184226036071777, 3179
2.0184226036071777, 3178
2.0223751068115234, 3177
2.0223751068115234, 3176
2.0263779163360596, 3175
2.030461311340332, 3174
2.034393072128296, 3173
2.038393020629883, 3172
2.0464048385620117, 3171
2.050405979156494, 3170
2.058419942855835, 3169
2.058419942855835, 3168
2.062420606613159, 3167
2.062420606613159, 3166
2.0664799213409424, 3165
2.0664799213409424, 3164
2.070431709289551, 3163
2.070431709289551, 3162
2.070431709289551, 3161
2.070431709289551, 3160
2.070431709289551, 3159
2.080906867980957, 3158
2.082444667816162, 3157
2.082444667816162, 3156
2.082444667816162, 3155
2.082444667816162, 3154
2.086444616317749, 3153
2.086444616317749, 3152
2.0905046463012695, 3151
2.102515697479248, 3150
2.102515697479248, 3149
2.1064693927764893, 3148
2.1064693927764893, 3147
2.112431049346924, 3146
2.1163744926452637, 3145
2.1163744926452637, 3144
2.1203720569610596, 3143
2.1244335174560547, 3142
2.13267183303833, 3141
2.134737253189087, 3140
2.134737253189087, 3139
2.142690420150757, 3138
2.146751880645752, 3137
2.146751880645752, 3136
2.146751880645752, 3135
2.146751880645752, 3134
2.146751880645752, 3133
2.150702953338623, 3132
2.150702953338623, 3131
2.15470290184021, 3130
2.15470290184021, 3129
2.15470290184021, 3128
2.15470290184021, 3127
2.1587250232696533, 3126
2.162714958190918, 3125
2.162714958190918, 3124
2.162714958190918, 3123
2.162714958190918, 3122
2.17077374458313, 3121
2.17077374458313, 3120
2.17077374458313, 3119
2.17077374458313, 3118
2.174726963043213, 3117
2.174726963043213, 3116
2.174726963043213, 3115
2.178727149963379, 3114
2.178727149963379, 3113
2.186738967895508, 3112
2.190739631652832, 3111
2.1947994232177734, 3110
2.19875168800354, 3109
2.206777334213257, 3108
2.210763692855835, 3107
2.210763692855835, 3106
2.214763641357422, 3105
2.218822479248047, 3104
2.22277569770813, 3103
2.22277569770813, 3102
2.22277569770813, 3101
2.22277569770813, 3100
2.22277569770813, 3099
2.226775884628296, 3098
2.226775884628296, 3097
2.226775884628296, 3096
2.226775884628296, 3095
2.234787702560425, 3094
2.234787702560425, 3093
2.2428531646728516, 3092
2.2468008995056152, 3091
2.2468008995056152, 3090
2.250800132751465, 3089
2.254873752593994, 3088
2.254873752593994, 3087
2.254873752593994, 3086
2.258812189102173, 3085
2.258812189102173, 3084
2.258812189102173, 3083
2.2628121376037598, 3082
2.2628121376037598, 3081
2.2668771743774414, 3080
2.2708241939544678, 3079
2.2708241939544678, 3078
2.2708241939544678, 3077
2.274824857711792, 3076
2.2788848876953125, 3075
2.2788848876953125, 3074
2.2788848876953125, 3073
2.294849395751953, 3072
2.294849395751953, 3071
2.3068618774414062, 3070
2.3149263858795166, 3069
2.3149263858795166, 3068
2.3188743591308594, 3067
2.3188743591308594, 3066
2.3188743591308594, 3065
2.3269336223602295, 3064
2.3308868408203125, 3063
2.334886312484741, 3062
2.3389461040496826, 3061
2.3389461040496826, 3060
2.3428993225097656, 3059
2.3428993225097656, 3058
2.350973606109619, 3057
2.3549110889434814, 3056
2.3549110889434814, 3055
2.3549110889434814, 3054
2.3549110889434814, 3053
2.362977981567383, 3052
2.362977981567383, 3051
2.3669233322143555, 3050
2.3669233322143555, 3049
2.3669233322143555, 3048
2.3709232807159424, 3047
2.3709232807159424, 3046
2.374981641769409, 3045
2.374981641769409, 3044
2.3829360008239746, 3043
2.3869948387145996, 3042
2.399015188217163, 3041
2.399015188217163, 3040
2.399015188217163, 3039
2.402961254119873, 3038
2.402961254119873, 3037
2.402961254119873, 3036
2.406960964202881, 3035
2.4110217094421387, 3034
2.4110217094421387, 3033
2.418973207473755, 3032
2.418973207473755, 3031
2.426985263824463, 3030
2.426985263824463, 3029
2.435047149658203, 3028
2.435047149658203, 3027
2.435047149658203, 3026
2.438997745513916, 3025
2.442998170852661, 3024
2.4470577239990234, 3023
2.4470577239990234, 3022
2.455010175704956, 3021
2.455010175704956, 3020
2.4590702056884766, 3019
2.4590702056884766, 3018
2.4590702056884766, 3017
2.4590702056884766, 3016
2.4590702056884766, 3015
2.475033760070801, 3014
2.475033760070801, 3013
2.479033946990967, 3012
2.483093023300171, 3011
2.487046003341675, 3010
2.487046003341675, 3009
2.487046003341675, 3008
2.487046003341675, 3007
2.491046190261841, 3006
2.491046190261841, 3005
2.491046190261841, 3004
2.491046190261841, 3003
2.491046190261841, 3002
2.4951202869415283, 3001
2.4990956783294678, 3000
2.503094434738159, 2999
2.5070974826812744, 2998
2.5070974826812744, 2997
2.5070974826812744, 2996
2.5110955238342285, 2995
2.5110955238342285, 2994
2.517477035522461, 2993
2.521512746810913, 2992
2.521512746810913, 2991
2.5255138874053955, 2990
2.5276942253112793, 2989
2.5276942253112793, 2988
2.5316877365112305, 2987
2.5316877365112305, 2986
2.5316877365112305, 2985
2.5316877365112305, 2984
2.5356853008270264, 2983
2.5356853008270264, 2982
2.5397162437438965, 2981
2.5397162437438965, 2980
2.5397162437438965, 2979
2.5397162437438965, 2978
2.5477352142333984, 2977
2.5477352142333984, 2976
2.5548603534698486, 2975
2.566905975341797, 2974
2.5841429233551025, 2973
2.5841429233551025, 2972
2.588179588317871, 2971
2.588179588317871, 2970
2.588179588317871, 2969
2.5921685695648193, 2968
2.5961904525756836, 2967
2.600231647491455, 2966
2.6082406044006348, 2965
2.612290859222412, 2964
2.612290859222412, 2963
2.6162772178649902, 2962
2.6224420070648193, 2961
2.6224420070648193, 2960
2.626443862915039, 2959
2.630453586578369, 2958
2.634490489959717, 2957
2.638490676879883, 2956
2.638490676879883, 2955
2.638490676879883, 2954
2.642507791519165, 2953
2.654550552368164, 2952
2.6585874557495117, 2951
2.6625874042510986, 2950
2.6746370792388916, 2949
2.6786487102508545, 2948
2.682685375213623, 2947
2.682685375213623, 2946
2.6866860389709473, 2945
2.6906960010528564, 2944
2.694732427597046, 2943
2.694732427597046, 2942
2.6986963748931885, 2941
2.700791120529175, 2940
2.700791120529175, 2939
2.708820343017578, 2938
2.708820343017578, 2937
2.708820343017578, 2936
2.712848663330078, 2935
2.712848663330078, 2934
2.712848663330078, 2933
2.7248809337615967, 2932
2.7248809337615967, 2931
2.728917360305786, 2930
2.732919692993164, 2929
2.732919692993164, 2928
2.7391374111175537, 2927
2.7431259155273438, 2926
2.7471389770507812, 2925
2.7511770725250244, 2924
2.7511770725250244, 2923
2.7511770725250244, 2922
2.7591910362243652, 2921
2.7591910362243652, 2920
2.7671852111816406, 2919
2.7671852111816406, 2918
2.7671852111816406, 2917
2.7671852111816406, 2916
2.7671852111816406, 2915
2.771233081817627, 2914
2.771233081817627, 2913
2.7752697467803955, 2912
2.7792699337005615, 2911
2.78328275680542, 2910
2.7913191318511963, 2909
2.7953343391418457, 2908
2.8033788204193115, 2907
2.8154194355010986, 2906
2.8154194355010986, 2905
2.8174004554748535, 2904
2.8214480876922607, 2903
2.8214480876922607, 2902
2.825437307357788, 2901
2.8455374240875244, 2900
2.8455374240875244, 2899
2.851728677749634, 2898
2.8637759685516357, 2897
2.867814064025879, 2896
2.871825933456421, 2895
2.871825933456421, 2894
2.875835418701172, 2893
2.8798718452453613, 2892
2.8838346004486084, 2891
2.8838346004486084, 2890
2.8858799934387207, 2889
2.8939149379730225, 2888
2.8979268074035645, 2887
2.9019651412963867, 2886
2.9019651412963867, 2885
2.905963897705078, 2884
2.905963897705078, 2883
2.9180121421813965, 2882
2.9180121421813965, 2881
2.922023296356201, 2880
2.922023296356201, 2879
2.922023296356201, 2878
2.922023296356201, 2877
2.922023296356201, 2876
2.926060438156128, 2875
2.934054136276245, 2874
2.94206166267395, 2873
2.946075677871704, 2872
2.950110912322998, 2871
2.9581239223480225, 2870
2.9581239223480225, 2869
2.9683268070220947, 2868
2.972363233566284, 2867
2.972363233566284, 2866
2.9763638973236084, 2865
2.9763638973236084, 2864
2.9844133853912354, 2863
2.9947166442871094, 2862
2.9987168312072754, 2861
3.000699281692505, 2860
3.0047314167022705, 2859
3.0047314167022705, 2858
3.0047314167022705, 2857
3.0127456188201904, 2856
3.0127456188201904, 2855
3.028826951980591, 2854
3.028826951980591, 2853
3.032829761505127, 2852
3.032829761505127, 2851
3.035008192062378, 2850
3.047056198120117, 2849
3.047056198120117, 2848
3.051097869873047, 2847
3.055094003677368, 2846
3.0573670864105225, 2845
3.0573670864105225, 2844
3.067359685897827, 2843
3.067359685897827, 2842
3.071408271789551, 2841
3.0753979682922363, 2840
3.0874502658843994, 2839
3.0874502658843994, 2838
3.091472625732422, 2837
3.09550142288208, 2836
3.0995020866394043, 2835
3.1016695499420166, 2834
3.1016695499420166, 2833
3.1016695499420166, 2832
3.1016695499420166, 2831
3.1016695499420166, 2830
3.105705976486206, 2829
3.1097090244293213, 2828
3.1097090244293213, 2827
3.1137166023254395, 2826
3.121756076812744, 2825
3.121756076812744, 2824
3.1257646083831787, 2823
3.1337640285491943, 2822
3.141847848892212, 2821
3.141847848892212, 2820
3.141847848892212, 2819
3.141847848892212, 2818
3.1498942375183105, 2817
3.1538968086242676, 2816
3.1538968086242676, 2815
3.1579039096832275, 2814
3.1659440994262695, 2813
3.1739559173583984, 2812
3.1780006885528564, 2811
3.184011697769165, 2810
3.1920528411865234, 2809
3.2223827838897705, 2808
3.2223827838897705, 2807
3.234436511993408, 2806
3.234436511993408, 2805
3.246485948562622, 2804
3.246485948562622, 2803
3.2504818439483643, 2802
3.2504818439483643, 2801
3.2504818439483643, 2800
3.254514217376709, 2799
3.2585346698760986, 2798
3.264536142349243, 2797
3.2656867504119873, 2796
3.2712554931640625, 2795
3.272818088531494, 2794
3.2748711109161377, 2793
3.2789080142974854, 2792
3.2861359119415283, 2791
3.2965731620788574, 2790
3.2965731620788574, 2789
3.2965731620788574, 2788
3.300607919692993, 2787
3.3046088218688965, 2786
3.3126673698425293, 2785
3.338955879211426, 2784
3.34700608253479, 2783
3.3590526580810547, 2782
3.3630499839782715, 2781
3.3672871589660645, 2780
3.371300458908081, 2779
3.3793129920959473, 2778
3.391367197036743, 2777
3.395397663116455, 2776
3.4015986919403076, 2775
3.4015986919403076, 2774
3.4015986919403076, 2773
3.4015986919403076, 2772
3.4096004962921143, 2771
3.4176836013793945, 2770
3.4216837882995605, 2769
3.433734178543091, 2768
3.4377434253692627, 2767
3.4377434253692627, 2766
3.4417810440063477, 2765
3.4417810440063477, 2764
3.4457802772521973, 2763
3.4457802772521973, 2762
3.4498050212860107, 2761
3.4538440704345703, 2760
3.4578354358673096, 2759
3.4658899307250977, 2758
3.4658899307250977, 2757
3.481933116912842, 2756
3.4919421672821045, 2755
3.4919421672821045, 2754
3.522277355194092, 2753
3.544569492340088, 2752
3.550570249557495, 2751
3.564800262451172, 2750
3.564800262451172, 2749
3.564800262451172, 2748
3.564800262451172, 2747
3.5919203758239746, 2746
3.594095468521118, 2745
3.598139524459839, 2744
3.598139524459839, 2743
3.602132797241211, 2742
3.602132797241211, 2741
3.6061434745788574, 2740
3.617234706878662, 2739
3.6212708950042725, 2738
3.629305601119995, 2737
3.637319326400757, 2736
3.649369478225708, 2735
3.6595675945281982, 2734
3.6595675945281982, 2733
3.6716127395629883, 2732
3.6756207942962646, 2731
3.679656982421875, 2730
3.6836204528808594, 2729
3.6836204528808594, 2728
3.6836204528808594, 2727
3.6957056522369385, 2726
3.6997170448303223, 2725
3.7037532329559326, 2724
3.7037532329559326, 2723
3.7037532329559326, 2722
3.711791515350342, 2721
3.711791515350342, 2720
3.7238118648529053, 2719
3.727846145629883, 2718
3.7318472862243652, 2717
3.7338478565216064, 2716
3.7378854751586914, 2715
3.7378854751586914, 2714
3.741886615753174, 2713
3.757946729660034, 2712
3.7619802951812744, 2711
3.7619802951812744, 2710
3.7619802951812744, 2709
3.7681527137756348, 2708
3.7721893787384033, 2707
3.7721893787384033, 2706
3.7721893787384033, 2705
3.780712127685547, 2704
3.7846579551696777, 2703
3.7886970043182373, 2702
3.8208186626434326, 2701
3.8208186626434326, 2700
3.8208186626434326, 2699
3.8248162269592285, 2698
3.828829050064087, 2697
3.8449156284332275, 2696
3.8509886264801025, 2695
3.8670735359191895, 2694
3.8770406246185303, 2693
3.881051540374756, 2692
3.8837974071502686, 2691
3.9079017639160156, 2690
3.9079017639160156, 2689
3.911942720413208, 2688
3.9181013107299805, 2687
3.9181013107299805, 2686
3.9181013107299805, 2685
3.9181013107299805, 2684
3.9181013107299805, 2683
3.930156707763672, 2682
3.930156707763672, 2681
3.934185743331909, 2680
3.953036308288574, 2679
3.961076259613037, 2678
3.975515842437744, 2677
3.975515842437744, 2676
3.9795072078704834, 2675
3.9834678173065186, 2674
3.9834678173065186, 2673
3.9834678173065186, 2672
3.987515449523926, 2671
3.987515449523926, 2670
3.9915521144866943, 2669
4.003607273101807, 2668
4.0095298290252686, 2667
4.017567157745361, 2666
4.033735036849976, 2665
4.037776947021484, 2664
4.0457823276519775, 2663
4.049820184707642, 2662
4.061871290206909, 2661
4.07209038734436, 2660
4.07209038734436, 2659
4.0760908126831055, 2658
4.0921525955200195, 2657
4.096189975738525, 2656
4.096189975738525, 2655
4.100152254104614, 2654
4.100152254104614, 2653
4.100152254104614, 2652
4.104232549667358, 2651
4.10823655128479, 2650
4.10823655128479, 2649
4.112237215042114, 2648
4.124288320541382, 2647
4.1363348960876465, 2646
4.1363348960876465, 2645
4.148384094238281, 2644
4.158667325973511, 2643
4.162696838378906, 2642
4.162696838378906, 2641
4.178726434707642, 2640
4.182761192321777, 2639
4.240929126739502, 2638
4.252987623214722, 2637
4.252987623214722, 2636
4.278611183166504, 2635
4.282623767852783, 2634
4.282623767852783, 2633
4.282623767852783, 2632
4.294673204421997, 2631
4.294673204421997, 2630
4.294673204421997, 2629
4.304870128631592, 2628
4.304870128631592, 2627
4.304870128631592, 2626
4.308866024017334, 2625
4.312878131866455, 2624
4.312878131866455, 2623
4.316914796829224, 2622
4.316914796829224, 2621
4.3232502937316895, 2620
4.327286243438721, 2619
4.345726490020752, 2618
4.349766731262207, 2617
4.357776403427124, 2616
4.3658127784729, 2615
4.3658127784729, 2614
4.367983341217041, 2613
4.372023105621338, 2612
4.3835132122039795, 2611
4.399472951889038, 2610
4.404040575027466, 2609
4.412041187286377, 2608
4.412041187286377, 2607
4.412041187286377, 2606
4.412041187286377, 2605
4.416038990020752, 2604
4.416038990020752, 2603
4.4320387840271, 2602
4.436038970947266, 2601
4.44403862953186, 2600
4.456038475036621, 2599
4.4640398025512695, 2598
4.472039222717285, 2597
4.480038642883301, 2596
4.492041110992432, 2595
4.512049674987793, 2594
4.5160887241363525, 2593
4.5200865268707275, 2592
4.542298793792725, 2591
4.542298793792725, 2590
4.55835223197937, 2589
4.566392183303833, 2588
4.568603515625, 2587
4.572641611099243, 2586
4.576639652252197, 2585
4.58468770980835, 2584
4.58868932723999, 2583
4.592705249786377, 2582
4.608784914016724, 2581
4.612786293029785, 2580
4.612786293029785, 2579
4.612786293029785, 2578
4.612786293029785, 2577
4.612786293029785, 2576
4.612786293029785, 2575
4.616990089416504, 2574
4.625002145767212, 2573
4.641065359115601, 2572
4.6491053104400635, 2571
4.651291370391846, 2570
4.683387994766235, 2569
4.703412771224976, 2568
4.7114691734313965, 2567
4.7154247760772705, 2566
4.7194249629974365, 2565
4.76966667175293, 2564
4.773619890213013, 2563
4.781680583953857, 2562
4.785631895065308, 2561
4.809656143188477, 2560
4.813656330108643, 2559
4.821668386459351, 2558
4.8256683349609375, 2557
4.841699123382568, 2556
4.857703924179077, 2555
4.880101919174194, 2554
4.888162612915039, 2553
4.892112970352173, 2552
4.896113157272339, 2551
4.900171995162964, 2550
4.900171995162964, 2549
4.904125690460205, 2548
4.924212455749512, 2547
4.940162181854248, 2546
4.944162130355835, 2545
4.95617413520813, 2544
4.972208738327026, 2543
4.984221935272217, 2542
5.020313501358032, 2541
5.020313501358032, 2540
5.040259838104248, 2539
5.076296806335449, 2538
5.076296806335449, 2537
5.088308811187744, 2536
5.088308811187744, 2535
5.104379892349243, 2534
5.104379892349243, 2533
5.108332395553589, 2532
5.112332582473755, 2531
5.124344825744629, 2530
5.12840461730957, 2529
5.132357358932495, 2528
5.148369789123535, 2527
5.178508520126343, 2526
5.178508520126343, 2525
5.186567783355713, 2524
5.202532529830933, 2523
5.222604274749756, 2522
5.222604274749756, 2521
5.226557970046997, 2520
5.226557970046997, 2519
5.234618425369263, 2518
5.266593933105469, 2517
5.270652770996094, 2516
5.270652770996094, 2515
5.274606227874756, 2514
5.274606227874756, 2513
5.314642667770386, 2512
5.326657295227051, 2511
5.330731630325317, 2510
5.332890272140503, 2509
5.350276470184326, 2508
5.350276470184326, 2507
5.354353666305542, 2506
5.358288526535034, 2505
5.366337537765503, 2504
5.366337537765503, 2503
5.3783111572265625, 2502
5.382312536239624, 2501
5.388659954071045, 2500
5.388659954071045, 2499
5.4086198806762695, 2498
5.420631647109985, 2497
5.456669807434082, 2496
5.456669807434082, 2495
5.464682102203369, 2494
5.464682102203369, 2493
5.48069429397583, 2492
5.484753131866455, 2491
5.488706111907959, 2490
5.492706060409546, 2489
5.5007195472717285, 2488
5.508777618408203, 2487
5.524744510650635, 2486
5.534838438034058, 2485
5.5388383865356445, 2484
5.562865734100342, 2483
5.578899621963501, 2482
5.590951204299927, 2481
5.6130616664886475, 2480
5.617014408111572, 2479
5.629026412963867, 2478
5.661108732223511, 2477
5.665061950683594, 2476
5.673108339309692, 2475
5.673108339309692, 2474
5.69308614730835, 2473
5.701099157333374, 2472
5.705099582672119, 2471
5.725121974945068, 2470
5.725121974945068, 2469
5.733184337615967, 2468
5.737137794494629, 2467
5.745210647583008, 2466
5.789187669754028, 2465
5.789187669754028, 2464
5.8012003898620605, 2463
5.8212244510650635, 2462
5.8212244510650635, 2461
5.84129524230957, 2460
5.845248699188232, 2459
5.8653435707092285, 2458
5.8773322105407715, 2457
5.8773322105407715, 2456
5.881285905838013, 2455
5.893297910690308, 2454
5.905311584472656, 2453
5.913372278213501, 2452
5.933335304260254, 2451
5.937395334243774, 2450
5.957360506057739, 2449
5.957360506057739, 2448
5.993396520614624, 2447
5.99745512008667, 2446
6.017421245574951, 2445
6.0214972496032715, 2444
6.0214972496032715, 2443
6.037446737289429, 2442
6.041446208953857, 2441
6.041446208953857, 2440
6.069530725479126, 2439
6.073482036590576, 2438
6.097506046295166, 2437
6.101506233215332, 2436
6.130021810531616, 2435
6.155117511749268, 2434
6.207118511199951, 2433
6.219129800796509, 2432
6.277616024017334, 2431
6.281616687774658, 2430
6.373652458190918, 2429
6.385653257369995, 2428
6.397674083709717, 2427
6.40570855140686, 2426
6.421774387359619, 2425
6.431977033615112, 2424
6.466009140014648, 2423
6.474049091339111, 2422
6.544825315475464, 2421
6.567030429840088, 2420
6.591127395629883, 2419
6.613365411758423, 2418
6.649792432785034, 2417
6.649792432785034, 2416
6.741052150726318, 2415
6.813720226287842, 2414
6.835930109024048, 2413
6.835930109024048, 2412
6.84208083152771, 2411
6.846081256866455, 2410
6.863979816436768, 2409
6.863979816436768, 2408
6.894347667694092, 2407
6.9063944816589355, 2406
6.9448113441467285, 2405
6.961133241653442, 2404
7.037987232208252, 2403
7.062082529067993, 2402
7.070407867431641, 2401
7.078420877456665, 2400
7.094506502151489, 2399
7.148923873901367, 2398
7.191061019897461, 2397
7.1991143226623535, 2396
7.211153507232666, 2395
7.221353530883789, 2394
7.221353530883789, 2393
7.23740553855896, 2392
7.2655112743377686, 2391
7.2655112743377686, 2390
7.303671836853027, 2389
7.3076722621917725, 2388
7.3277716636657715, 2387
7.3421735763549805, 2386
7.350218057632446, 2385
7.35823130607605, 2384
7.386364936828613, 2383
7.394375801086426, 2382
7.416780471801758, 2381
7.428858995437622, 2380
7.428858995437622, 2379
7.451115846633911, 2378
7.459152936935425, 2377
7.459152936935425, 2376
7.507644176483154, 2375
7.507644176483154, 2374
7.507644176483154, 2373
7.511655569076538, 2372
7.515698671340942, 2371
7.541954278945923, 2370
7.594377756118774, 2369
7.604601860046387, 2368
7.612621307373047, 2367
7.630865573883057, 2366
7.644947052001953, 2365
7.648988962173462, 2364
7.663150072097778, 2363
7.67522668838501, 2362
7.727685928344727, 2361
7.794535160064697, 2360
7.924206018447876, 2359
7.944270133972168, 2358
7.964990854263306, 2357
7.995358943939209, 2356
7.995358943939209, 2355
8.029686212539673, 2354
8.047927379608154, 2353
8.092330694198608, 2352
8.108392477035522, 2351
8.112431526184082, 2350
8.148854494094849, 2349
8.160898208618164, 2348
8.171106100082397, 2347
8.183189392089844, 2346
8.20324969291687, 2345
8.283729314804077, 2344
8.315866231918335, 2343
8.315866231918335, 2342
8.354182243347168, 2341
8.36605954170227, 2340
8.378110885620117, 2339
8.40439248085022, 2338
8.412410974502563, 2337
8.424458980560303, 2336
8.436511039733887, 2335
8.46464490890503, 2334
8.498781442642212, 2333
8.502769231796265, 2332
8.52504563331604, 2331
8.553386688232422, 2330
8.55738639831543, 2329
8.575603246688843, 2328
8.582658529281616, 2327
8.795239210128784, 2326
8.799238204956055, 2325
8.803247451782227, 2324
8.803247451782227, 2323
8.81528902053833, 2322
8.837554931640625, 2321
8.837554931640625, 2320
8.887619256973267, 2319
8.899664640426636, 2318
8.90366530418396, 2317
8.907712697982788, 2316
8.923761129379272, 2315
8.93395447731018, 2314
9.00425910949707, 2313
9.199604749679565, 2312
9.243757247924805, 2311
9.25179386138916, 2310
9.259841680526733, 2309
9.259841680526733, 2308
9.2738618850708, 2307
9.2738618850708, 2306
9.31220293045044, 2305
9.31623888015747, 2304
9.419830322265625, 2303
9.499539613723755, 2302
9.585856914520264, 2301
9.63210415840149, 2300
9.74082064628601, 2299
9.82717776298523, 2298
9.893594741821289, 2297
10.011414766311646, 2296
10.015377521514893, 2295
10.242457866668701, 2294
10.260634899139404, 2293
10.296780109405518, 2292
10.602869510650635, 2291
10.65225887298584, 2290
10.678561925888062, 2289
10.718757390975952, 2288
10.748800992965698, 2287
10.8321373462677, 2286
10.942763566970825, 2285
10.995124816894531, 2284
11.007189750671387, 2283
11.122810125350952, 2282
11.149126052856445, 2281
11.22542142868042, 2280
11.270370721817017, 2279
11.282421827316284, 2278
11.370934247970581, 2277
11.553033113479614, 2276
11.60336947441101, 2275
11.641645193099976, 2274
11.697993755340576, 2273
11.764424085617065, 2272
11.897161483764648, 2271
11.931278467178345, 2270
12.051520347595215, 2269
12.075520277023315, 2268
12.145309925079346, 2267
12.271743535995483, 2266
12.547621250152588, 2265
12.676536321640015, 2264
12.890929937362671, 2263
13.04125714302063, 2262
13.23725700378418, 2261
13.297256708145142, 2260
13.465256929397583, 2259
13.597257375717163, 2258
13.693260431289673, 2257
13.797309637069702, 2256
14.035605192184448, 2255
14.391976594924927, 2254
14.506402730941772, 2253
14.648124694824219, 2252
14.779305219650269, 2251
14.97377324104309, 2250
15.241620063781738, 2249
15.317712783813477, 2248
15.387949466705322, 2247
15.650423526763916, 2246
15.66243863105774, 2245
15.716527462005615, 2244
15.93454909324646, 2243
16.435548782348633, 2242
16.443548679351807, 2241
16.531548976898193, 2240
16.82654881477356, 2239
17.198549032211304, 2238
17.230548858642578, 2237
17.566549062728882, 2236
17.9567129611969, 2235
18.27471113204956, 2234
18.47070860862732, 2233
18.670491933822632, 2232
19.295908451080322, 2231
19.35991334915161, 2230
19.647907733917236, 2229
19.796905994415283, 2228
19.946906805038452, 2227
20.035906553268433, 2226
20.221907377243042, 2225
20.2860004901886, 2224
21.46799397468567, 2223
21.853946924209595, 2222
22.6009042263031, 2221
23.053900957107544, 2220
23.656900882720947, 2219
24.01490306854248, 2218
24.084904670715332, 2217
24.288903951644897, 2216
26.650493621826172, 2215
27.329493761062622, 2214
28.11949372291565, 2213
32.72020626068115, 2212
34.425204277038574, 2211
34.871203899383545, 2210
39.94815993309021, 2209
45.06796598434448, 2208
54.561896085739136, 2207
66.89250659942627, 2206
71.93156337738037, 2205
88.231529712677, 2204
