0.015628337860107422, 4941
0.03125286102294922, 4940
0.03125286102294922, 4939
0.03125286102294922, 4938
0.03125286102294922, 4937
0.03125286102294922, 4936
0.03125286102294922, 4935
0.03125286102294922, 4934
0.03125286102294922, 4933
0.03125286102294922, 4932
0.03125286102294922, 4931
0.03125286102294922, 4930
0.03125286102294922, 4929
0.03125286102294922, 4928
0.03125286102294922, 4927
0.03125286102294922, 4926
0.03125286102294922, 4925
0.03125286102294922, 4924
0.03125286102294922, 4923
0.03125286102294922, 4922
0.03125286102294922, 4921
0.03125286102294922, 4920
0.03125286102294922, 4919
0.03125286102294922, 4918
0.03125286102294922, 4917
0.03125286102294922, 4916
0.03125286102294922, 4915
0.0468747615814209, 4914
0.0468747615814209, 4913
0.0468747615814209, 4912
0.0468747615814209, 4911
0.0468747615814209, 4910
0.0468747615814209, 4909
0.0468747615814209, 4908
0.0468747615814209, 4907
0.0468747615814209, 4906
0.0468747615814209, 4905
0.0468747615814209, 4904
0.05338716506958008, 4903
0.05338716506958008, 4902
0.05338716506958008, 4901
0.05338716506958008, 4900
0.05338716506958008, 4899
0.05338716506958008, 4898
0.05338716506958008, 4897
0.05338716506958008, 4896
0.05338716506958008, 4895
0.05338716506958008, 4894
0.05338716506958008, 4893
0.05338716506958008, 4892
0.05338716506958008, 4891
0.05338716506958008, 4890
0.05338716506958008, 4889
0.05338716506958008, 4888
0.05338716506958008, 4887
0.05338716506958008, 4886
0.05338716506958008, 4885
0.05338716506958008, 4884
0.05338716506958008, 4883
0.05338716506958008, 4882
0.05338716506958008, 4881
0.05338716506958008, 4880
0.05338716506958008, 4879
0.05338716506958008, 4878
0.06902503967285156, 4877
0.06902503967285156, 4876
0.06902503967285156, 4875
0.06902503967285156, 4874
0.06902503967285156, 4873
0.06902503967285156, 4872
0.06902503967285156, 4871
0.06902503967285156, 4870
0.06902503967285156, 4869
0.06902503967285156, 4868
0.06902503967285156, 4867
0.06902503967285156, 4866
0.06902503967285156, 4865
0.06902503967285156, 4864
0.06902503967285156, 4863
0.06902503967285156, 4862
0.06902503967285156, 4861
0.06902503967285156, 4860
0.06902503967285156, 4859
0.06902503967285156, 4858
0.06902503967285156, 4857
0.06902503967285156, 4856
0.06902503967285156, 4855
0.08464980125427246, 4854
0.08464980125427246, 4853
0.08464980125427246, 4852
0.08464980125427246, 4851
0.08464980125427246, 4850
0.08464980125427246, 4849
0.08464980125427246, 4848
0.08464980125427246, 4847
0.08464980125427246, 4846
0.08464980125427246, 4845
0.08464980125427246, 4844
0.08464980125427246, 4843
0.08464980125427246, 4842
0.08464980125427246, 4841
0.08464980125427246, 4840
0.08464980125427246, 4839
0.08464980125427246, 4838
0.08464980125427246, 4837
0.08464980125427246, 4836
0.08464980125427246, 4835
0.08464980125427246, 4834
0.08464980125427246, 4833
0.08464980125427246, 4832
0.08464980125427246, 4831
0.08464980125427246, 4830
0.08464980125427246, 4829
0.08464980125427246, 4828
0.08464980125427246, 4827
0.08464980125427246, 4826
0.10027551651000977, 4825
0.10027551651000977, 4824
0.10027551651000977, 4823
0.10027551651000977, 4822
0.10027551651000977, 4821
0.10027551651000977, 4820
0.10027551651000977, 4819
0.10027551651000977, 4818
0.10027551651000977, 4817
0.10027551651000977, 4816
0.10027551651000977, 4815
0.10027551651000977, 4814
0.10027551651000977, 4813
0.10027551651000977, 4812
0.10027551651000977, 4811
0.10027551651000977, 4810
0.10027551651000977, 4809
0.10027551651000977, 4808
0.10027551651000977, 4807
0.10027551651000977, 4806
0.10027551651000977, 4805
0.10027551651000977, 4804
0.10027551651000977, 4803
0.10027551651000977, 4802
0.10027551651000977, 4801
0.10027551651000977, 4800
0.10027551651000977, 4799
0.11590003967285156, 4798
0.11590003967285156, 4797
0.11590003967285156, 4796
0.11590003967285156, 4795
0.11590003967285156, 4794
0.11590003967285156, 4793
0.11590003967285156, 4792
0.11590003967285156, 4791
0.11590003967285156, 4790
0.11590003967285156, 4789
0.11590003967285156, 4788
0.11590003967285156, 4787
0.11590003967285156, 4786
0.11590003967285156, 4785
0.11590003967285156, 4784
0.11590003967285156, 4783
0.11590003967285156, 4782
0.11590003967285156, 4781
0.11590003967285156, 4780
0.11590003967285156, 4779
0.11590003967285156, 4778
0.11590003967285156, 4777
0.11590003967285156, 4776
0.11590003967285156, 4775
0.13152527809143066, 4774
0.13152527809143066, 4773
0.13152527809143066, 4772
0.13152527809143066, 4771
0.13152527809143066, 4770
0.13152527809143066, 4769
0.13152527809143066, 4768
0.13152527809143066, 4767
0.13152527809143066, 4766
0.13152527809143066, 4765
0.13152527809143066, 4764
0.13152527809143066, 4763
0.13152527809143066, 4762
0.13152527809143066, 4761
0.13152527809143066, 4760
0.13152527809143066, 4759
0.13152527809143066, 4758
0.13152527809143066, 4757
0.13152527809143066, 4756
0.13152527809143066, 4755
0.13152527809143066, 4754
0.13152527809143066, 4753
0.13152527809143066, 4752
0.14715099334716797, 4751
0.14715099334716797, 4750
0.14715099334716797, 4749
0.14715099334716797, 4748
0.14715099334716797, 4747
0.14715099334716797, 4746
0.14715099334716797, 4745
0.14715099334716797, 4744
0.14715099334716797, 4743
0.14715099334716797, 4742
0.15372681617736816, 4741
0.15372681617736816, 4740
0.15372681617736816, 4739
0.15372681617736816, 4738
0.1557936668395996, 4737
0.1557936668395996, 4736
0.1557936668395996, 4735
0.1557936668395996, 4734
0.1557936668395996, 4733
0.1557936668395996, 4732
0.1557936668395996, 4731
0.1557936668395996, 4730
0.1557936668395996, 4729
0.1557936668395996, 4728
0.1557936668395996, 4727
0.1557936668395996, 4726
0.1557936668395996, 4725
0.1557936668395996, 4724
0.16385364532470703, 4723
0.16385364532470703, 4722
0.16385364532470703, 4721
0.16385364532470703, 4720
0.16591787338256836, 4719
0.16591787338256836, 4718
0.16591787338256836, 4717
0.16591787338256836, 4716
0.16591787338256836, 4715
0.16591787338256836, 4714
0.16591787338256836, 4713
0.16591787338256836, 4712
0.16591787338256836, 4711
0.16591787338256836, 4710
0.16591787338256836, 4709
0.16591787338256836, 4708
0.17392730712890625, 4707
0.17398905754089355, 4706
0.17398905754089355, 4705
0.1760551929473877, 4704
0.1760551929473877, 4703
0.1760551929473877, 4702
0.1760551929473877, 4701
0.1760551929473877, 4700
0.1760551929473877, 4699
0.1760551929473877, 4698
0.1760551929473877, 4697
0.1760551929473877, 4696
0.1760551929473877, 4695
0.1760551929473877, 4694
0.1760551929473877, 4693
0.18411588668823242, 4692
0.18411588668823242, 4691
0.18618273735046387, 4690
0.18618273735046387, 4689
0.18618273735046387, 4688
0.18618273735046387, 4687
0.18618273735046387, 4686
0.18618273735046387, 4685
0.18618273735046387, 4684
0.18618273735046387, 4683
0.18618273735046387, 4682
0.18618273735046387, 4681
0.19425392150878906, 4680
0.19425392150878906, 4679
0.1963207721710205, 4678
0.1963207721710205, 4677
0.1963207721710205, 4676
0.1963207721710205, 4675
0.1963207721710205, 4674
0.1963207721710205, 4673
0.1963207721710205, 4672
0.1963207721710205, 4671
0.1963207721710205, 4670
0.1963207721710205, 4669
0.1963207721710205, 4668
0.1963207721710205, 4667
0.1963207721710205, 4666
0.1963207721710205, 4665
0.20441102981567383, 4664
0.20441102981567383, 4663
0.20647883415222168, 4662
0.20647883415222168, 4661
0.20647883415222168, 4660
0.20647883415222168, 4659
0.20647883415222168, 4658
0.20647883415222168, 4657
0.20647883415222168, 4656
0.20647883415222168, 4655
0.20647883415222168, 4654
0.20647883415222168, 4653
0.20647883415222168, 4652
0.20647883415222168, 4651
0.20647883415222168, 4650
0.21454906463623047, 4649
0.21454906463623047, 4648
0.21454906463623047, 4647
0.21655750274658203, 4646
0.21661615371704102, 4645
0.21661615371704102, 4644
0.21661615371704102, 4643
0.21661615371704102, 4642
0.21661615371704102, 4641
0.21661615371704102, 4640
0.21661615371704102, 4639
0.21661615371704102, 4638
0.21661615371704102, 4637
0.21661615371704102, 4636
0.21661615371704102, 4635
0.21661615371704102, 4634
0.22470378875732422, 4633
0.22470378875732422, 4632
0.22470378875732422, 4631
0.22470378875732422, 4630
0.22677230834960938, 4629
0.22677230834960938, 4628
0.22677230834960938, 4627
0.22677230834960938, 4626
0.22677230834960938, 4625
0.22677230834960938, 4624
0.22677230834960938, 4623
0.22677230834960938, 4622
0.22677230834960938, 4621
0.22677230834960938, 4620
0.22677230834960938, 4619
0.23484158515930176, 4618
0.23484158515930176, 4617
0.23484158515930176, 4616
0.2369077205657959, 4615
0.2369077205657959, 4614
0.2369077205657959, 4613
0.2369077205657959, 4612
0.2369077205657959, 4611
0.2369077205657959, 4610
0.2369077205657959, 4609
0.2369077205657959, 4608
0.2369077205657959, 4607
0.2369077205657959, 4606
0.2369077205657959, 4605
0.2369077205657959, 4604
0.24491643905639648, 4603
0.24499940872192383, 4602
0.24499940872192383, 4601
0.24499940872192383, 4600
0.2470688819885254, 4599
0.2470688819885254, 4598
0.2470688819885254, 4597
0.2470688819885254, 4596
0.2470688819885254, 4595
0.2470688819885254, 4594
0.2470688819885254, 4593
0.2470688819885254, 4592
0.2470688819885254, 4591
0.2470688819885254, 4590
0.2470688819885254, 4589
0.2470688819885254, 4588
0.2551405429840088, 4587
0.2551405429840088, 4586
0.2551405429840088, 4585
0.2572052478790283, 4584
0.2572052478790283, 4583
0.2572052478790283, 4582
0.2572052478790283, 4581
0.2572052478790283, 4580
0.2572052478790283, 4579
0.2572052478790283, 4578
0.2572052478790283, 4577
0.2572052478790283, 4576
0.2652885913848877, 4575
0.2652885913848877, 4574
0.2652885913848877, 4573
0.2673051357269287, 4572
0.2673051357269287, 4571
0.2673051357269287, 4570
0.2673051357269287, 4569
0.2673051357269287, 4568
0.2673051357269287, 4567
0.2703225612640381, 4566
0.2703225612640381, 4565
0.2703225612640381, 4564
0.2703225612640381, 4563
0.2703225612640381, 4562
0.2703225612640381, 4561
0.2703225612640381, 4560
0.275390625, 4559
0.275390625, 4558
0.275390625, 4557
0.27745628356933594, 4556
0.27745628356933594, 4555
0.27745628356933594, 4554
0.27745628356933594, 4553
0.27745628356933594, 4552
0.27745628356933594, 4551
0.27745628356933594, 4550
0.27745628356933594, 4549
0.27745628356933594, 4548
0.27745628356933594, 4547
0.27745628356933594, 4546
0.28548479080200195, 4545
0.28548479080200195, 4544
0.28548479080200195, 4543
0.28755927085876465, 4542
0.28755927085876465, 4541
0.28755927085876465, 4540
0.28755927085876465, 4539
0.28755927085876465, 4538
0.28755927085876465, 4537
0.28755927085876465, 4536
0.28755927085876465, 4535
0.28755927085876465, 4534
0.28755927085876465, 4533
0.28755927085876465, 4532
0.28755927085876465, 4531
0.28755927085876465, 4530
0.2956242561340332, 4529
0.2956242561340332, 4528
0.2956242561340332, 4527
0.29768919944763184, 4526
0.29768919944763184, 4525
0.29768919944763184, 4524
0.29768919944763184, 4523
0.29768919944763184, 4522
0.29768919944763184, 4521
0.29768919944763184, 4520
0.29768919944763184, 4519
0.29768919944763184, 4518
0.29768919944763184, 4517
0.29768919944763184, 4516
0.29768919944763184, 4515
0.29768919944763184, 4514
0.3056976795196533, 4513
0.3056976795196533, 4512
0.3056976795196533, 4511
0.3081943988800049, 4510
0.3081943988800049, 4509
0.3081943988800049, 4508
0.3081943988800049, 4507
0.3081943988800049, 4506
0.3081943988800049, 4505
0.3081943988800049, 4504
0.3081943988800049, 4503
0.3081943988800049, 4502
0.3081943988800049, 4501
0.3081943988800049, 4500
0.3081943988800049, 4499
0.3081943988800049, 4498
0.3081943988800049, 4497
0.3081943988800049, 4496
0.3162572383880615, 4495
0.3162572383880615, 4494
0.3162572383880615, 4493
0.3162572383880615, 4492
0.3183176517486572, 4491
0.3183176517486572, 4490
0.3183176517486572, 4489
0.3183176517486572, 4488
0.3183176517486572, 4487
0.3183176517486572, 4486
0.3183176517486572, 4485
0.3183176517486572, 4484
0.3183176517486572, 4483
0.3183176517486572, 4482
0.3183176517486572, 4481
0.3183176517486572, 4480
0.32636332511901855, 4479
0.3284316062927246, 4478
0.3284316062927246, 4477
0.3284316062927246, 4476
0.3284316062927246, 4475
0.3284316062927246, 4474
0.3284316062927246, 4473
0.3284316062927246, 4472
0.3284316062927246, 4471
0.3284316062927246, 4470
0.3284316062927246, 4469
0.3284316062927246, 4468
0.3364906311035156, 4467
0.3364906311035156, 4466
0.338512659072876, 4465
0.338512659072876, 4464
0.338512659072876, 4463
0.338512659072876, 4462
0.338512659072876, 4461
0.338512659072876, 4460
0.338512659072876, 4459
0.338512659072876, 4458
0.338512659072876, 4457
0.34662461280822754, 4456
0.34662461280822754, 4455
0.34662461280822754, 4454
0.34868788719177246, 4453
0.34868788719177246, 4452
0.34868788719177246, 4451
0.34868788719177246, 4450
0.34868788719177246, 4449
0.34868788719177246, 4448
0.34868788719177246, 4447
0.34868788719177246, 4446
0.34868788719177246, 4445
0.34868788719177246, 4444
0.34868788719177246, 4443
0.34868788719177246, 4442
0.3567476272583008, 4441
0.3567476272583008, 4440
0.3567476272583008, 4439
0.3567476272583008, 4438
0.3588876724243164, 4437
0.3588876724243164, 4436
0.3588876724243164, 4435
0.3588876724243164, 4434
0.3588876724243164, 4433
0.3588876724243164, 4432
0.3588876724243164, 4431
0.3588876724243164, 4430
0.3588876724243164, 4429
0.3588876724243164, 4428
0.3588876724243164, 4427
0.3588876724243164, 4426
0.3588876724243164, 4425
0.3588876724243164, 4424
0.3588876724243164, 4423
0.36696481704711914, 4422
0.36696481704711914, 4421
0.36696481704711914, 4420
0.36696481704711914, 4419
0.3691108226776123, 4418
0.3691108226776123, 4417
0.3691108226776123, 4416
0.3691108226776123, 4415
0.3691108226776123, 4414
0.3691108226776123, 4413
0.3691108226776123, 4412
0.3691108226776123, 4411
0.3691108226776123, 4410
0.3691108226776123, 4409
0.3691108226776123, 4408
0.37725305557250977, 4407
0.37725305557250977, 4406
0.37725305557250977, 4405
0.3793942928314209, 4404
0.3793942928314209, 4403
0.3793942928314209, 4402
0.3793942928314209, 4401
0.3793942928314209, 4400
0.3793942928314209, 4399
0.3793942928314209, 4398
0.3874812126159668, 4397
0.3874812126159668, 4396
0.3874812126159668, 4395
0.3874812126159668, 4394
0.3895449638366699, 4393
0.3895449638366699, 4392
0.3895449638366699, 4391
0.3895449638366699, 4390
0.3895449638366699, 4389
0.3895449638366699, 4388
0.3895449638366699, 4387
0.3895449638366699, 4386
0.3895449638366699, 4385
0.3976740837097168, 4384
0.39980530738830566, 4383
0.39980530738830566, 4382
0.39980530738830566, 4381
0.39980530738830566, 4380
0.39980530738830566, 4379
0.39980530738830566, 4378
0.39980530738830566, 4377
0.39980530738830566, 4376
0.39980530738830566, 4375
0.39980530738830566, 4374
0.39980530738830566, 4373
0.39980530738830566, 4372
0.40792298316955566, 4371
0.40792298316955566, 4370
0.40792298316955566, 4369
0.4100661277770996, 4368
0.4100661277770996, 4367
0.4100661277770996, 4366
0.4100661277770996, 4365
0.4100661277770996, 4364
0.4100661277770996, 4363
0.4100661277770996, 4362
0.4100661277770996, 4361
0.41820502281188965, 4360
0.41820502281188965, 4359
0.41820502281188965, 4358
0.4203476905822754, 4357
0.4203476905822754, 4356
0.4203476905822754, 4355
0.4203476905822754, 4354
0.4203476905822754, 4353
0.4203476905822754, 4352
0.4203476905822754, 4351
0.4203476905822754, 4350
0.4203476905822754, 4349
0.4203476905822754, 4348
0.4284181594848633, 4347
0.4284181594848633, 4346
0.4284181594848633, 4345
0.4284181594848633, 4344
0.4305605888366699, 4343
0.4305605888366699, 4342
0.4305605888366699, 4341
0.4305605888366699, 4340
0.4305605888366699, 4339
0.4305605888366699, 4338
0.4305605888366699, 4337
0.4305605888366699, 4336
0.4305605888366699, 4335
0.4305605888366699, 4334
0.43860626220703125, 4333
0.4387013912200928, 4332
0.4387013912200928, 4331
0.4387013912200928, 4330
0.4387013912200928, 4329
0.44084644317626953, 4328
0.44084644317626953, 4327
0.44084644317626953, 4326
0.44084644317626953, 4325
0.44084644317626953, 4324
0.44084644317626953, 4323
0.44084644317626953, 4322
0.44084644317626953, 4321
0.44084644317626953, 4320
0.44084644317626953, 4319
0.44084644317626953, 4318
0.44084644317626953, 4317
0.44889211654663086, 4316
0.44891905784606934, 4315
0.44891905784606934, 4314
0.451052188873291, 4313
0.451052188873291, 4312
0.451052188873291, 4311
0.451052188873291, 4310
0.451052188873291, 4309
0.451052188873291, 4308
0.451052188873291, 4307
0.451052188873291, 4306
0.45920300483703613, 4305
0.45920300483703613, 4304
0.45920300483703613, 4303
0.4613525867462158, 4302
0.4613525867462158, 4301
0.4613525867462158, 4300
0.4613525867462158, 4299
0.4613525867462158, 4298
0.4613525867462158, 4297
0.4613525867462158, 4296
0.4613525867462158, 4295
0.4694364070892334, 4294
0.4694364070892334, 4293
0.4714829921722412, 4292
0.47158074378967285, 4291
0.47158074378967285, 4290
0.47158074378967285, 4289
0.47158074378967285, 4288
0.47158074378967285, 4287
0.47158074378967285, 4286
0.47158074378967285, 4285
0.4796254634857178, 4284
0.4797213077545166, 4283
0.4818723201751709, 4282
0.4818723201751709, 4281
0.4818723201751709, 4280
0.4818723201751709, 4279
0.4818723201751709, 4278
0.4818723201751709, 4277
0.4818723201751709, 4276
0.4818723201751709, 4275
0.4818723201751709, 4274
0.4818723201751709, 4273
0.4818723201751709, 4272
0.4921295642852783, 4271
0.4921295642852783, 4270
0.4921295642852783, 4269
0.4921295642852783, 4268
0.4921295642852783, 4267
0.4921295642852783, 4266
0.4921295642852783, 4265
0.4921295642852783, 4264
0.4921295642852783, 4263
0.4921295642852783, 4262
0.4921295642852783, 4261
0.5002727508544922, 4260
0.5002727508544922, 4259
0.5002727508544922, 4258
0.5024127960205078, 4257
0.5024127960205078, 4256
0.5024127960205078, 4255
0.5024127960205078, 4254
0.5024127960205078, 4253
0.5024127960205078, 4252
0.5024127960205078, 4251
0.5105328559875488, 4250
0.5105328559875488, 4249
0.5126097202301025, 4248
0.5126097202301025, 4247
0.5126097202301025, 4246
0.5126097202301025, 4245
0.5126097202301025, 4244
0.5126097202301025, 4243
0.5126097202301025, 4242
0.5126097202301025, 4241
0.5126097202301025, 4240
0.5126097202301025, 4239
0.5207576751708984, 4238
0.5207576751708984, 4237
0.5207576751708984, 4236
0.5207576751708984, 4235
0.5229005813598633, 4234
0.5229005813598633, 4233
0.5229005813598633, 4232
0.5229005813598633, 4231
0.5229005813598633, 4230
0.5229005813598633, 4229
0.5310132503509521, 4228
0.5310132503509521, 4227
0.5330593585968018, 4226
0.533156156539917, 4225
0.533156156539917, 4224
0.533156156539917, 4223
0.533156156539917, 4222
0.533156156539917, 4221
0.533156156539917, 4220
0.533156156539917, 4219
0.533156156539917, 4218
0.533156156539917, 4217
0.5413031578063965, 4216
0.5413031578063965, 4215
0.543442964553833, 4214
0.543442964553833, 4213
0.543442964553833, 4212
0.543442964553833, 4211
0.543442964553833, 4210
0.543442964553833, 4209
0.543442964553833, 4208
0.543442964553833, 4207
0.543442964553833, 4206
0.543442964553833, 4205
0.543442964553833, 4204
0.543442964553833, 4203
0.5515398979187012, 4202
0.5535662174224854, 4201
0.5535662174224854, 4200
0.5535662174224854, 4199
0.5535662174224854, 4198
0.5535662174224854, 4197
0.5535662174224854, 4196
0.5535662174224854, 4195
0.5535662174224854, 4194
0.5535662174224854, 4193
0.5617244243621826, 4192
0.5617244243621826, 4191
0.5617244243621826, 4190
0.5617244243621826, 4189
0.5617244243621826, 4188
0.563861608505249, 4187
0.563861608505249, 4186
0.563861608505249, 4185
0.563861608505249, 4184
0.563861608505249, 4183
0.563861608505249, 4182
0.563861608505249, 4181
0.563861608505249, 4180
0.563861608505249, 4179
0.563861608505249, 4178
0.563861608505249, 4177
0.5719423294067383, 4176
0.5719423294067383, 4175
0.5719423294067383, 4174
0.5719423294067383, 4173
0.5719423294067383, 4172
0.5740904808044434, 4171
0.5740904808044434, 4170
0.5740904808044434, 4169
0.5740904808044434, 4168
0.5740904808044434, 4167
0.5740904808044434, 4166
0.5740904808044434, 4165
0.5740904808044434, 4164
0.5740904808044434, 4163
0.5822319984436035, 4162
0.5822319984436035, 4161
0.5822319984436035, 4160
0.5843715667724609, 4159
0.5843715667724609, 4158
0.5843715667724609, 4157
0.5843715667724609, 4156
0.5843715667724609, 4155
0.5843715667724609, 4154
0.5843715667724609, 4153
0.5843715667724609, 4152
0.5843715667724609, 4151
0.5843715667724609, 4150
0.5924537181854248, 4149
0.5924537181854248, 4148
0.5924537181854248, 4147
0.594609260559082, 4146
0.594609260559082, 4145
0.602757453918457, 4144
0.602757453918457, 4143
0.6048965454101562, 4142
0.6048965454101562, 4141
0.6048965454101562, 4140
0.6048965454101562, 4139
0.6048965454101562, 4138
0.6130053997039795, 4137
0.6151514053344727, 4136
0.6151514053344727, 4135
0.6151514053344727, 4134
0.6151514053344727, 4133
0.6151514053344727, 4132
0.6151514053344727, 4131
0.6151514053344727, 4130
0.6232945919036865, 4129
0.6232945919036865, 4128
0.6253411769866943, 4127
0.6254353523254395, 4126
0.6254353523254395, 4125
0.6254353523254395, 4124
0.6254353523254395, 4123
0.6254353523254395, 4122
0.6254353523254395, 4121
0.6254353523254395, 4120
0.6254353523254395, 4119
0.6254353523254395, 4118
0.633519172668457, 4117
0.633519172668457, 4116
0.633519172668457, 4115
0.6356697082519531, 4114
0.6356697082519531, 4113
0.6356697082519531, 4112
0.6356697082519531, 4111
0.6356697082519531, 4110
0.6356697082519531, 4109
0.6356697082519531, 4108
0.6356697082519531, 4107
0.6356697082519531, 4106
0.6438121795654297, 4105
0.6438121795654297, 4104
0.6438121795654297, 4103
0.6438121795654297, 4102
0.6459605693817139, 4101
0.6459605693817139, 4100
0.6459605693817139, 4099
0.6459605693817139, 4098
0.6459605693817139, 4097
0.6459605693817139, 4096
0.6459605693817139, 4095
0.6459605693817139, 4094
0.6459605693817139, 4093
0.6562075614929199, 4092
0.6562075614929199, 4091
0.6562075614929199, 4090
0.6562075614929199, 4089
0.6562075614929199, 4088
0.6562075614929199, 4087
0.6562075614929199, 4086
0.6562075614929199, 4085
0.6643610000610352, 4084
0.6643610000610352, 4083
0.6643610000610352, 4082
0.6665008068084717, 4081
0.6665008068084717, 4080
0.6665008068084717, 4079
0.6665008068084717, 4078
0.6665008068084717, 4077
0.6665008068084717, 4076
0.6665008068084717, 4075
0.6665008068084717, 4074
0.6665008068084717, 4073
0.6665008068084717, 4072
0.6665008068084717, 4071
0.6745874881744385, 4070
0.6745874881744385, 4069
0.6766564846038818, 4068
0.6766564846038818, 4067
0.6766564846038818, 4066
0.6766564846038818, 4065
0.6766564846038818, 4064
0.6766564846038818, 4063
0.6766564846038818, 4062
0.6766564846038818, 4061
0.6766564846038818, 4060
0.6766564846038818, 4059
0.6766564846038818, 4058
0.6847183704376221, 4057
0.6847183704376221, 4056
0.6847183704376221, 4055
0.6847183704376221, 4054
0.6847183704376221, 4053
0.6847183704376221, 4052
0.6847183704376221, 4051
0.6847183704376221, 4050
0.6847183704376221, 4049
0.6947939395904541, 4048
0.6947939395904541, 4047
0.6968495845794678, 4046
0.6968495845794678, 4045
0.6968495845794678, 4044
0.6968495845794678, 4043
0.6968495845794678, 4042
0.7048940658569336, 4041
0.7048940658569336, 4040
0.7048940658569336, 4039
0.7048940658569336, 4038
0.7069697380065918, 4037
0.7069697380065918, 4036
0.7069697380065918, 4035
0.7069697380065918, 4034
0.7069697380065918, 4033
0.7150511741638184, 4032
0.7171151638031006, 4031
0.7171151638031006, 4030
0.7171151638031006, 4029
0.7171151638031006, 4028
0.7171151638031006, 4027
0.7251806259155273, 4026
0.7272331714630127, 4025
0.7272331714630127, 4024
0.7272331714630127, 4023
0.7272331714630127, 4022
0.7272331714630127, 4021
0.7272331714630127, 4020
0.7272331714630127, 4019
0.7272331714630127, 4018
0.7373707294464111, 4017
0.7373707294464111, 4016
0.7373707294464111, 4015
0.7373707294464111, 4014
0.7373707294464111, 4013
0.7373707294464111, 4012
0.7454259395599365, 4011
0.7454259395599365, 4010
0.7474291324615479, 4009
0.747478723526001, 4008
0.747478723526001, 4007
0.747478723526001, 4006
0.747478723526001, 4005
0.747478723526001, 4004
0.747478723526001, 4003
0.747478723526001, 4002
0.747478723526001, 4001
0.747478723526001, 4000
0.747478723526001, 3999
0.747478723526001, 3998
0.7555432319641113, 3997
0.7575993537902832, 3996
0.7575993537902832, 3995
0.7575993537902832, 3994
0.7575993537902832, 3993
0.7575993537902832, 3992
0.7575993537902832, 3991
0.7575993537902832, 3990
0.7575993537902832, 3989
0.7575993537902832, 3988
0.7575993537902832, 3987
0.7656645774841309, 3986
0.7656645774841309, 3985
0.7677183151245117, 3984
0.7677183151245117, 3983
0.7677183151245117, 3982
0.7757503986358643, 3981
0.7778055667877197, 3980
0.7778055667877197, 3979
0.7778055667877197, 3978
0.7778055667877197, 3977
0.7778055667877197, 3976
0.7778055667877197, 3975
0.7778055667877197, 3974
0.7778055667877197, 3973
0.7778055667877197, 3972
0.7778055667877197, 3971
0.7858667373657227, 3970
0.7858667373657227, 3969
0.7858667373657227, 3968
0.7879297733306885, 3967
0.7879297733306885, 3966
0.7879297733306885, 3965
0.7879297733306885, 3964
0.7879297733306885, 3963
0.7879297733306885, 3962
0.7879297733306885, 3961
0.7879297733306885, 3960
0.7879297733306885, 3959
0.7980599403381348, 3958
0.7980599403381348, 3957
0.808173418045044, 3956
0.808173418045044, 3955
0.808173418045044, 3954
0.808173418045044, 3953
0.808173418045044, 3952
0.8162515163421631, 3951
0.8183062076568604, 3950
0.8183062076568604, 3949
0.8183062076568604, 3948
0.8263616561889648, 3947
0.8263616561889648, 3946
0.8263616561889648, 3945
0.8284149169921875, 3944
0.8284149169921875, 3943
0.8284149169921875, 3942
0.8284149169921875, 3941
0.8284149169921875, 3940
0.8284149169921875, 3939
0.8284149169921875, 3938
0.8284149169921875, 3937
0.8284149169921875, 3936
0.8284149169921875, 3935
0.8284149169921875, 3934
0.836444616317749, 3933
0.836444616317749, 3932
0.836444616317749, 3931
0.8385024070739746, 3930
0.8385024070739746, 3929
0.8385024070739746, 3928
0.8385024070739746, 3927
0.8385024070739746, 3926
0.8465583324432373, 3925
0.8465583324432373, 3924
0.8486056327819824, 3923
0.8486056327819824, 3922
0.8486056327819824, 3921
0.8486056327819824, 3920
0.8486056327819824, 3919
0.8486056327819824, 3918
0.8566398620605469, 3917
0.8566398620605469, 3916
0.858696699142456, 3915
0.858696699142456, 3914
0.858696699142456, 3913
0.858696699142456, 3912
0.858696699142456, 3911
0.858696699142456, 3910
0.858696699142456, 3909
0.858696699142456, 3908
0.8667523860931396, 3907
0.8667523860931396, 3906
0.8688082695007324, 3905
0.8688082695007324, 3904
0.8768906593322754, 3903
0.8768906593322754, 3902
0.8789470195770264, 3901
0.8789470195770264, 3900
0.8789470195770264, 3899
0.8789470195770264, 3898
0.8870010375976562, 3897
0.8890562057495117, 3896
0.8890562057495117, 3895
0.8890562057495117, 3894
0.8890562057495117, 3893
0.8890562057495117, 3892
0.8890562057495117, 3891
0.8890562057495117, 3890
0.8971326351165771, 3889
0.8971326351165771, 3888
0.8991880416870117, 3887
0.8991880416870117, 3886
0.8991880416870117, 3885
0.8991880416870117, 3884
0.9072451591491699, 3883
0.9072451591491699, 3882
0.9092979431152344, 3881
0.9092979431152344, 3880
0.9092979431152344, 3879
0.9092979431152344, 3878
0.9092979431152344, 3877
0.9198133945465088, 3876
0.9198133945465088, 3875
0.9198133945465088, 3874
0.9198133945465088, 3873
0.9198133945465088, 3872
0.9198133945465088, 3871
0.9198133945465088, 3870
0.9198133945465088, 3869
0.9278807640075684, 3868
0.9278807640075684, 3867
0.9278807640075684, 3866
0.9278807640075684, 3865
0.9278807640075684, 3864
0.9278807640075684, 3863
0.9278807640075684, 3862
0.9278807640075684, 3861
0.9278807640075684, 3860
0.9278807640075684, 3859
0.9380166530609131, 3858
0.9380166530609131, 3857
0.9400866031646729, 3856
0.9400866031646729, 3855
0.9400866031646729, 3854
0.9400866031646729, 3853
0.9400866031646729, 3852
0.9481592178344727, 3851
0.9502241611480713, 3850
0.9502241611480713, 3849
0.9502241611480713, 3848
0.9502241611480713, 3847
0.9502241611480713, 3846
0.9502241611480713, 3845
0.9502241611480713, 3844
0.9502241611480713, 3843
0.960695743560791, 3842
0.960695743560791, 3841
0.960695743560791, 3840
0.9687511920928955, 3839
0.9708170890808105, 3838
0.9708170890808105, 3837
0.9708170890808105, 3836
0.9708170890808105, 3835
0.978877067565918, 3834
0.978877067565918, 3833
0.978877067565918, 3832
0.978877067565918, 3831
0.978877067565918, 3830
0.978877067565918, 3829
0.9888894557952881, 3828
0.9888894557952881, 3827
0.9888894557952881, 3826
0.9888894557952881, 3825
0.9888894557952881, 3824
0.9888894557952881, 3823
0.9888894557952881, 3822
0.9888894557952881, 3821
0.9888894557952881, 3820
0.9888894557952881, 3819
0.9888894557952881, 3818
1.004603385925293, 3817
1.004603385925293, 3816
1.004603385925293, 3815
1.004603385925293, 3814
1.004603385925293, 3813
1.004603385925293, 3812
1.004603385925293, 3811
1.004603385925293, 3810
1.004603385925293, 3809
1.004603385925293, 3808
1.004603385925293, 3807
1.004603385925293, 3806
1.004603385925293, 3805
1.004603385925293, 3804
1.004603385925293, 3803
1.004603385925293, 3802
1.004603385925293, 3801
1.0202000141143799, 3800
1.0202000141143799, 3799
1.0202000141143799, 3798
1.0202000141143799, 3797
1.0202000141143799, 3796
1.0202000141143799, 3795
1.0202000141143799, 3794
1.0202000141143799, 3793
1.0202000141143799, 3792
1.0202000141143799, 3791
1.03582763671875, 3790
1.03582763671875, 3789
1.03582763671875, 3788
1.03582763671875, 3787
1.03582763671875, 3786
1.03582763671875, 3785
1.03582763671875, 3784
1.03582763671875, 3783
1.03582763671875, 3782
1.03582763671875, 3781
1.03582763671875, 3780
1.03582763671875, 3779
1.0514483451843262, 3778
1.0514483451843262, 3777
1.0514483451843262, 3776
1.0514483451843262, 3775
1.0514483451843262, 3774
1.0514483451843262, 3773
1.0514483451843262, 3772
1.067077398300171, 3771
1.067077398300171, 3770
1.067077398300171, 3769
1.067077398300171, 3768
1.067077398300171, 3767
1.067077398300171, 3766
1.067077398300171, 3765
1.067077398300171, 3764
1.067077398300171, 3763
1.067077398300171, 3762
1.067077398300171, 3761
1.067077398300171, 3760
1.067077398300171, 3759
1.0827019214630127, 3758
1.0827019214630127, 3757
1.0827019214630127, 3756
1.0827019214630127, 3755
1.0827019214630127, 3754
1.0893409252166748, 3753
1.0893409252166748, 3752
1.0893409252166748, 3751
1.0893409252166748, 3750
1.0914123058319092, 3749
1.0914123058319092, 3748
1.0914123058319092, 3747
1.0914123058319092, 3746
1.0994868278503418, 3745
1.0994868278503418, 3744
1.0994868278503418, 3743
1.1015551090240479, 3742
1.1015551090240479, 3741
1.1015551090240479, 3740
1.1015551090240479, 3739
1.1015551090240479, 3738
1.1015551090240479, 3737
1.1015551090240479, 3736
1.1015551090240479, 3735
1.1116917133331299, 3734
1.1116917133331299, 3733
1.1116917133331299, 3732
1.119793176651001, 3731
1.119793176651001, 3730
1.119793176651001, 3729
1.1219134330749512, 3728
1.1219134330749512, 3727
1.1219134330749512, 3726
1.1219134330749512, 3725
1.1299738883972168, 3724
1.1320407390594482, 3723
1.1423068046569824, 3722
1.1423068046569824, 3721
1.1504461765289307, 3720
1.1504461765289307, 3719
1.1504461765289307, 3718
1.1504461765289307, 3717
1.1525917053222656, 3716
1.1525917053222656, 3715
1.1525917053222656, 3714
1.1525917053222656, 3713
1.1525917053222656, 3712
1.1606943607330322, 3711
1.162834644317627, 3710
1.162834644317627, 3709
1.162834644317627, 3708
1.162834644317627, 3707
1.162834644317627, 3706
1.162834644317627, 3705
1.162834644317627, 3704
1.162834644317627, 3703
1.162834644317627, 3702
1.1709775924682617, 3701
1.1709775924682617, 3700
1.17311692237854, 3699
1.17311692237854, 3698
1.17311692237854, 3697
1.17311692237854, 3696
1.17311692237854, 3695
1.17311692237854, 3694
1.17311692237854, 3693
1.17311692237854, 3692
1.1811599731445312, 3691
1.181443452835083, 3690
1.1835932731628418, 3689
1.1835932731628418, 3688
1.1835932731628418, 3687
1.1835932731628418, 3686
1.1835932731628418, 3685
1.1835932731628418, 3684
1.193875789642334, 3683
1.193875789642334, 3682
1.193875789642334, 3681
1.193875789642334, 3680
1.2019636631011963, 3679
1.2019636631011963, 3678
1.2019636631011963, 3677
1.204108476638794, 3676
1.204108476638794, 3675
1.204108476638794, 3674
1.204108476638794, 3673
1.204108476638794, 3672
1.204108476638794, 3671
1.2122573852539062, 3670
1.2122573852539062, 3669
1.2122573852539062, 3668
1.2144019603729248, 3667
1.2144019603729248, 3666
1.2144019603729248, 3665
1.2144019603729248, 3664
1.2144019603729248, 3663
1.2144019603729248, 3662
1.2144019603729248, 3661
1.2144019603729248, 3660
1.2144019603729248, 3659
1.222482442855835, 3658
1.222482442855835, 3657
1.224637508392334, 3656
1.224637508392334, 3655
1.224637508392334, 3654
1.224637508392334, 3653
1.224637508392334, 3652
1.224637508392334, 3651
1.2327234745025635, 3650
1.2327234745025635, 3649
1.2348663806915283, 3648
1.2348663806915283, 3647
1.2348663806915283, 3646
1.2348663806915283, 3645
1.2348663806915283, 3644
1.2348663806915283, 3643
1.2348663806915283, 3642
1.2429771423339844, 3641
1.2429771423339844, 3640
1.245119571685791, 3639
1.245119571685791, 3638
1.245119571685791, 3637
1.2532627582550049, 3636
1.2532627582550049, 3635
1.2552921772003174, 3634
1.2552921772003174, 3633
1.2552921772003174, 3632
1.2552921772003174, 3631
1.2552921772003174, 3630
1.2552921772003174, 3629
1.2552921772003174, 3628
1.2655279636383057, 3627
1.2655279636383057, 3626
1.2655279636383057, 3625
1.2655279636383057, 3624
1.2655279636383057, 3623
1.2655279636383057, 3622
1.2655279636383057, 3621
1.2655279636383057, 3620
1.2655279636383057, 3619
1.2736716270446777, 3618
1.2758193016052246, 3617
1.2758193016052246, 3616
1.2758193016052246, 3615
1.2758193016052246, 3614
1.2839140892028809, 3613
1.2860562801361084, 3612
1.2860562801361084, 3611
1.2860562801361084, 3610
1.2860562801361084, 3609
1.2860562801361084, 3608
1.2860562801361084, 3607
1.294203281402588, 3606
1.294203281402588, 3605
1.2963449954986572, 3604
1.2963449954986572, 3603
1.2963449954986572, 3602
1.2963449954986572, 3601
1.2963449954986572, 3600
1.2963449954986572, 3599
1.306579828262329, 3598
1.306579828262329, 3597
1.306579828262329, 3596
1.306579828262329, 3595
1.316866397857666, 3594
1.316866397857666, 3593
1.316866397857666, 3592
1.316866397857666, 3591
1.3270926475524902, 3590
1.3270926475524902, 3589
1.3270926475524902, 3588
1.3270926475524902, 3587
1.3270926475524902, 3586
1.3270926475524902, 3585
1.335160255432129, 3584
1.335160255432129, 3583
1.3372037410736084, 3582
1.3372972011566162, 3581
1.3372972011566162, 3580
1.3372972011566162, 3579
1.3372972011566162, 3578
1.3372972011566162, 3577
1.3372972011566162, 3576
1.3372972011566162, 3575
1.3372972011566162, 3574
1.347442865371704, 3573
1.3475360870361328, 3572
1.3475360870361328, 3571
1.3475360870361328, 3570
1.3475360870361328, 3569
1.3475360870361328, 3568
1.3475360870361328, 3567
1.3578214645385742, 3566
1.3578214645385742, 3565
1.3578214645385742, 3564
1.3578214645385742, 3563
1.3578214645385742, 3562
1.3578214645385742, 3561
1.3578214645385742, 3560
1.3578214645385742, 3559
1.365929365158081, 3558
1.365929365158081, 3557
1.365929365158081, 3556
1.365929365158081, 3555
1.365929365158081, 3554
1.3679754734039307, 3553
1.3680689334869385, 3552
1.3680689334869385, 3551
1.3680689334869385, 3550
1.3680689334869385, 3549
1.3680689334869385, 3548
1.3680689334869385, 3547
1.3680689334869385, 3546
1.3680689334869385, 3545
1.3762118816375732, 3544
1.3762118816375732, 3543
1.3783557415008545, 3542
1.3783557415008545, 3541
1.3783557415008545, 3540
1.3783557415008545, 3539
1.3783557415008545, 3538
1.3783557415008545, 3537
1.3783557415008545, 3536
1.3783557415008545, 3535
1.3783557415008545, 3534
1.3783557415008545, 3533
1.386427402496338, 3532
1.386427402496338, 3531
1.3884646892547607, 3530
1.3884646892547607, 3529
1.3884646892547607, 3528
1.3966009616851807, 3527
1.3987326622009277, 3526
1.3987326622009277, 3525
1.3987326622009277, 3524
1.4068105220794678, 3523
1.4068105220794678, 3522
1.408949375152588, 3521
1.408949375152588, 3520
1.408949375152588, 3519
1.408949375152588, 3518
1.408949375152588, 3517
1.408949375152588, 3516
1.4170904159545898, 3515
1.4192290306091309, 3514
1.4192290306091309, 3513
1.4192290306091309, 3512
1.4192290306091309, 3511
1.4192290306091309, 3510
1.4294793605804443, 3509
1.4294793605804443, 3508
1.4294793605804443, 3507
1.4294793605804443, 3506
1.4376189708709717, 3505
1.4376189708709717, 3504
1.4376189708709717, 3503
1.439763069152832, 3502
1.439763069152832, 3501
1.439763069152832, 3500
1.439763069152832, 3499
1.439763069152832, 3498
1.439763069152832, 3497
1.439763069152832, 3496
1.4478785991668701, 3495
1.4500212669372559, 3494
1.4500212669372559, 3493
1.4500212669372559, 3492
1.4603030681610107, 3491
1.4603030681610107, 3490
1.4683887958526611, 3489
1.4683887958526611, 3488
1.4683887958526611, 3487
1.4705283641815186, 3486
1.4705283641815186, 3485
1.4705283641815186, 3484
1.4705283641815186, 3483
1.4705283641815186, 3482
1.4705283641815186, 3481
1.478668451309204, 3480
1.4808135032653809, 3479
1.4808135032653809, 3478
1.4808135032653809, 3477
1.4808135032653809, 3476
1.4808135032653809, 3475
1.4808135032653809, 3474
1.4808135032653809, 3473
1.4910688400268555, 3472
1.4910688400268555, 3471
1.4910688400268555, 3470
1.4910688400268555, 3469
1.499206304550171, 3468
1.499206304550171, 3467
1.5013484954833984, 3466
1.5013484954833984, 3465
1.5013484954833984, 3464
1.5013484954833984, 3463
1.5013484954833984, 3462
1.5115976333618164, 3461
1.5115976333618164, 3460
1.5115976333618164, 3459
1.5218968391418457, 3458
1.5218968391418457, 3457
1.5218968391418457, 3456
1.5218968391418457, 3455
1.5218968391418457, 3454
1.5218968391418457, 3453
1.532426118850708, 3452
1.532426118850708, 3451
1.532426118850708, 3450
1.532426118850708, 3449
1.532426118850708, 3448
1.532426118850708, 3447
1.532426118850708, 3446
1.5405871868133545, 3445
1.5426342487335205, 3444
1.542733907699585, 3443
1.542733907699585, 3442
1.542733907699585, 3441
1.542733907699585, 3440
1.55086350440979, 3439
1.553006887435913, 3438
1.5631980895996094, 3437
1.563293218612671, 3436
1.563293218612671, 3435
1.563293218612671, 3434
1.573518991470337, 3433
1.573518991470337, 3432
1.573518991470337, 3431
1.573518991470337, 3430
1.581658124923706, 3429
1.581658124923706, 3428
1.581658124923706, 3427
1.5837030410766602, 3426
1.5837974548339844, 3425
1.5837974548339844, 3424
1.5837974548339844, 3423
1.5837974548339844, 3422
1.5837974548339844, 3421
1.59403395652771, 3420
1.59403395652771, 3419
1.59403395652771, 3418
1.59403395652771, 3417
1.6021735668182373, 3416
1.6021735668182373, 3415
1.6043131351470947, 3414
1.6043131351470947, 3413
1.6043131351470947, 3412
1.6043131351470947, 3411
1.6043131351470947, 3410
1.6123864650726318, 3409
1.6123864650726318, 3408
1.6145272254943848, 3407
1.6145272254943848, 3406
1.6145272254943848, 3405
1.6145272254943848, 3404
1.6145272254943848, 3403
1.622671365737915, 3402
1.622671365737915, 3401
1.6248080730438232, 3400
1.6248080730438232, 3399
1.6328952312469482, 3398
1.6328952312469482, 3397
1.6328952312469482, 3396
1.643176555633545, 3395
1.6453161239624023, 3394
1.6453161239624023, 3393
1.6453161239624023, 3392
1.6453161239624023, 3391
1.6534476280212402, 3390
1.65559983253479, 3389
1.65559983253479, 3388
1.65559983253479, 3387
1.6636452674865723, 3386
1.663738489151001, 3385
1.663738489151001, 3384
1.6658902168273926, 3383
1.6658902168273926, 3382
1.6658902168273926, 3381
1.6658902168273926, 3380
1.6658902168273926, 3379
1.6658902168273926, 3378
1.6761012077331543, 3377
1.6761012077331543, 3376
1.6863782405853271, 3375
1.6863782405853271, 3374
1.6863782405853271, 3373
1.6863782405853271, 3372
1.6944642066955566, 3371
1.6966116428375244, 3370
1.6966116428375244, 3369
1.6966116428375244, 3368
1.6966116428375244, 3367
1.6966116428375244, 3366
1.7068941593170166, 3365
1.7068941593170166, 3364
1.7068941593170166, 3363
1.7068941593170166, 3362
1.7068941593170166, 3361
1.7149722576141357, 3360
1.7149722576141357, 3359
1.717113971710205, 3358
1.717113971710205, 3357
1.717113971710205, 3356
1.717113971710205, 3355
1.717113971710205, 3354
1.725250482559204, 3353
1.725250482559204, 3352
1.7273972034454346, 3351
1.737638235092163, 3350
1.737638235092163, 3349
1.737638235092163, 3348
1.737638235092163, 3347
1.737638235092163, 3346
1.737638235092163, 3345
1.737638235092163, 3344
1.7457833290100098, 3343
1.7479240894317627, 3342
1.7479240894317627, 3341
1.7479240894317627, 3340
1.7479240894317627, 3339
1.7479240894317627, 3338
1.758207082748413, 3337
1.758207082748413, 3336
1.758207082748413, 3335
1.758207082748413, 3334
1.758207082748413, 3333
1.766348123550415, 3332
1.766348123550415, 3331
1.768493413925171, 3330
1.768493413925171, 3329
1.768493413925171, 3328
1.768493413925171, 3327
1.768493413925171, 3326
1.768493413925171, 3325
1.7765722274780273, 3324
1.7787175178527832, 3323
1.7787175178527832, 3322
1.7787175178527832, 3321
1.7787175178527832, 3320
1.7787175178527832, 3319
1.7868602275848389, 3318
1.7890002727508545, 3317
1.7890002727508545, 3316
1.7992494106292725, 3315
1.7992494106292725, 3314
1.7992494106292725, 3313
1.80739426612854, 3312
1.8095405101776123, 3311
1.8095405101776123, 3310
1.8095405101776123, 3309
1.8095405101776123, 3308
1.8095405101776123, 3307
1.8176429271697998, 3306
1.8176429271697998, 3305
1.8197853565216064, 3304
1.830078125, 3303
1.830078125, 3302
1.830078125, 3301
1.830078125, 3300
1.830078125, 3299
1.8381588459014893, 3298
1.8402035236358643, 3297
1.8402984142303467, 3296
1.8505902290344238, 3295
1.8505902290344238, 3294
1.8607664108276367, 3293
1.8607664108276367, 3292
1.8607664108276367, 3291
1.8607664108276367, 3290
1.8607664108276367, 3289
1.8688125610351562, 3288
1.8710577487945557, 3287
1.8710577487945557, 3286
1.8791673183441162, 3285
1.8791673183441162, 3284
1.881310224533081, 3283
1.881310224533081, 3282
1.881310224533081, 3281
1.881310224533081, 3280
1.8915910720825195, 3279
1.8915910720825195, 3278
1.8915910720825195, 3277
1.8915910720825195, 3276
1.8915910720825195, 3275
1.9018621444702148, 3274
1.9121308326721191, 3273
1.9121308326721191, 3272
1.9121308326721191, 3271
1.9121308326721191, 3270
1.920212984085083, 3269
1.920212984085083, 3268
1.920212984085083, 3267
1.9222869873046875, 3266
1.9233639240264893, 3265
1.9244225025177002, 3264
1.9275896549224854, 3263
1.9301607608795166, 3262
1.9333298206329346, 3261
1.9354004859924316, 3260
1.9354004859924316, 3259
1.9354004859924316, 3258
1.9354004859924316, 3257
1.9354004859924316, 3256
1.9354004859924316, 3255
1.9404716491699219, 3254
1.9425342082977295, 3253
1.9425342082977295, 3252
1.9425342082977295, 3251
1.9425342082977295, 3250
1.9425342082977295, 3249
1.9505822658538818, 3248
1.9505822658538818, 3247
1.9505822658538818, 3246
1.9526524543762207, 3245
1.9526524543762207, 3244
1.9526524543762207, 3243
1.9607248306274414, 3242
1.9607248306274414, 3241
1.9607248306274414, 3240
1.9627904891967773, 3239
1.9627904891967773, 3238
1.9627904891967773, 3237
1.9627904891967773, 3236
1.9627904891967773, 3235
1.972928524017334, 3234
1.972928524017334, 3233
1.972928524017334, 3232
1.972928524017334, 3231
1.9830408096313477, 3230
1.9830408096313477, 3229
1.9830408096313477, 3228
1.9830408096313477, 3227
1.9830408096313477, 3226
1.9911198616027832, 3225
1.9931800365447998, 3224
1.9931800365447998, 3223
1.9931800365447998, 3222
1.9931800365447998, 3221
1.9931800365447998, 3220
2.0012338161468506, 3219
2.003286361694336, 3218
2.003286361694336, 3217
2.013406276702881, 3216
2.0214598178863525, 3215
2.023526430130005, 3214
2.023526430130005, 3213
2.023526430130005, 3212
2.023526430130005, 3211
2.023526430130005, 3210
2.023526430130005, 3209
2.033644676208496, 3208
2.033644676208496, 3207
2.033644676208496, 3206
2.0417003631591797, 3205
2.0417003631591797, 3204
2.0437564849853516, 3203
2.0437564849853516, 3202
2.051790475845337, 3201
2.051790475845337, 3200
2.053844928741455, 3199
2.0639548301696777, 3198
2.0639548301696777, 3197
2.0639548301696777, 3196
2.074087619781494, 3195
2.074087619781494, 3194
2.074087619781494, 3193
2.074087619781494, 3192
2.074087619781494, 3191
2.074087619781494, 3190
2.0821568965911865, 3189
2.0821568965911865, 3188
2.0842204093933105, 3187
2.0842204093933105, 3186
2.0842204093933105, 3185
2.0842204093933105, 3184
2.0842204093933105, 3183
2.0842204093933105, 3182
2.094306230545044, 3181
2.094306230545044, 3180
2.104414939880371, 3179
2.104414939880371, 3178
2.104414939880371, 3177
2.104414939880371, 3176
2.112480640411377, 3175
2.112480640411377, 3174
2.114541530609131, 3173
2.122596025466919, 3172
2.124652147293091, 3171
2.1352057456970215, 3170
2.1352057456970215, 3169
2.1352057456970215, 3168
2.1352057456970215, 3167
2.1352057456970215, 3166
2.1432621479034424, 3165
2.1453158855438232, 3164
2.1453158855438232, 3163
2.1453158855438232, 3162
2.1453158855438232, 3161
2.1453158855438232, 3160
2.155245304107666, 3159
2.155245304107666, 3158
2.1633007526397705, 3157
2.165353775024414, 3156
2.1734182834625244, 3155
2.1754753589630127, 3154
2.1754753589630127, 3153
2.183532953262329, 3152
2.185591459274292, 3151
2.185591459274292, 3150
2.185591459274292, 3149
2.185591459274292, 3148
2.185591459274292, 3147
2.185591459274292, 3146
2.185591459274292, 3145
2.185591459274292, 3144
2.193660259246826, 3143
2.193660259246826, 3142
2.19571852684021, 3141
2.19571852684021, 3140
2.19571852684021, 3139
2.203773260116577, 3138
2.2058258056640625, 3137
2.2058258056640625, 3136
2.2138891220092773, 3135
2.2138891220092773, 3134
2.2159433364868164, 3133
2.2159433364868164, 3132
2.2159433364868164, 3131
2.2159433364868164, 3130
2.2239990234375, 3129
2.226052761077881, 3128
2.226052761077881, 3127
2.226052761077881, 3126
2.226052761077881, 3125
2.226052761077881, 3124
2.226052761077881, 3123
2.226052761077881, 3122
2.234088659286499, 3121
2.2361462116241455, 3120
2.2361462116241455, 3119
2.244201421737671, 3118
2.2462549209594727, 3117
2.2462549209594727, 3116
2.2462549209594727, 3115
2.2462549209594727, 3114
2.2462549209594727, 3113
2.2462549209594727, 3112
2.2462549209594727, 3111
2.2462549209594727, 3110
2.256377935409546, 3109
2.256377935409546, 3108
2.256377935409546, 3107
2.256377935409546, 3106
2.2644336223602295, 3105
2.2664871215820312, 3104
2.2766246795654297, 3103
2.2766246795654297, 3102
2.2766246795654297, 3101
2.2766246795654297, 3100
2.2766246795654297, 3099
2.2867305278778076, 3098
2.294801950454712, 3097
2.294801950454712, 3096
2.294801950454712, 3095
2.296858549118042, 3094
2.296858549118042, 3093
2.296858549118042, 3092
2.296858549118042, 3091
2.304912567138672, 3090
2.304912567138672, 3089
2.3069679737091064, 3088
2.3069679737091064, 3087
2.3170974254608154, 3086
2.3170974254608154, 3085
2.3170974254608154, 3084
2.3170974254608154, 3083
2.3170974254608154, 3082
2.327208995819092, 3081
2.3372929096221924, 3080
2.3372929096221924, 3079
2.3372929096221924, 3078
2.3372929096221924, 3077
2.3372929096221924, 3076
2.3372929096221924, 3075
2.3453478813171387, 3074
2.347404956817627, 3073
2.347404956817627, 3072
2.347404956817627, 3071
2.357522964477539, 3070
2.3676300048828125, 3069
2.3676300048828125, 3068
2.3756933212280273, 3067
2.377753496170044, 3066
2.377753496170044, 3065
2.385812997817993, 3064
2.385812997817993, 3063
2.3878748416900635, 3062
2.3959529399871826, 3061
2.3959529399871826, 3060
2.398007869720459, 3059
2.398007869720459, 3058
2.408116340637207, 3057
2.4182016849517822, 3056
2.4262568950653076, 3055
2.4283134937286377, 3054
2.4384427070617676, 3053
2.448552370071411, 3052
2.448552370071411, 3051
2.4586360454559326, 3050
2.4586360454559326, 3049
2.4586360454559326, 3048
2.4586360454559326, 3047
2.4586360454559326, 3046
2.466691017150879, 3045
2.4687464237213135, 3044
2.4687464237213135, 3043
2.4788870811462402, 3042
2.4788870811462402, 3041
2.4788870811462402, 3040
2.4788870811462402, 3039
2.488996744155884, 3038
2.488996744155884, 3037
2.488996744155884, 3036
2.4970805644989014, 3035
2.499147415161133, 3034
2.499147415161133, 3033
2.507211446762085, 3032
2.509274482727051, 3031
2.509274482727051, 3030
2.509274482727051, 3029
2.517308473587036, 3028
2.517308473587036, 3027
2.519376516342163, 3026
2.519376516342163, 3025
2.527454137802124, 3024
2.527454137802124, 3023
2.5295188426971436, 3022
2.5295188426971436, 3021
2.5295188426971436, 3020
2.539649486541748, 3019
2.539649486541748, 3018
2.5497920513153076, 3017
2.5497920513153076, 3016
2.5497920513153076, 3015
2.5497920513153076, 3014
2.559960126876831, 3013
2.559960126876831, 3012
2.559960126876831, 3011
2.559960126876831, 3010
2.5680272579193115, 3009
2.5680272579193115, 3008
2.570103883743286, 3007
2.570103883743286, 3006
2.5781967639923096, 3005
2.5781967639923096, 3004
2.580275774002075, 3003
2.580275774002075, 3002
2.580275774002075, 3001
2.580275774002075, 3000
2.590419054031372, 2999
2.590419054031372, 2998
2.5984740257263184, 2997
2.5984740257263184, 2996
2.600525379180908, 2995
2.600525379180908, 2994
2.600525379180908, 2993
2.600525379180908, 2992
2.610663414001465, 2991
2.610663414001465, 2990
2.6208255290985107, 2989
2.6288938522338867, 2988
2.6309609413146973, 2987
2.6309609413146973, 2986
2.6309609413146973, 2985
2.641127347946167, 2984
2.641127347946167, 2983
2.641127347946167, 2982
2.641127347946167, 2981
2.649195432662964, 2980
2.6512603759765625, 2979
2.6512603759765625, 2978
2.6512603759765625, 2977
2.6512603759765625, 2976
2.6613502502441406, 2975
2.661407232284546, 2974
2.661407232284546, 2973
2.661407232284546, 2972
2.6715433597564697, 2971
2.6715433597564697, 2970
2.681683301925659, 2969
2.681683301925659, 2968
2.681683301925659, 2967
2.681683301925659, 2966
2.681683301925659, 2965
2.691819190979004, 2964
2.691819190979004, 2963
2.691819190979004, 2962
2.6998977661132812, 2961
2.7020411491394043, 2960
2.7020411491394043, 2959
2.7101898193359375, 2958
2.712331771850586, 2957
2.712331771850586, 2956
2.7224979400634766, 2955
2.730560541152954, 2954
2.7431061267852783, 2953
2.7431061267852783, 2952
2.7532217502593994, 2951
2.7532217502593994, 2950
2.7532217502593994, 2949
2.7532217502593994, 2948
2.763354778289795, 2947
2.763354778289795, 2946
2.763354778289795, 2945
2.7815420627593994, 2944
2.783599615097046, 2943
2.783599615097046, 2942
2.783599615097046, 2941
2.783599615097046, 2940
2.783599615097046, 2939
2.783599615097046, 2938
2.7916548252105713, 2937
2.7937111854553223, 2936
2.8038251399993896, 2935
2.8038251399993896, 2934
2.8038251399993896, 2933
2.813936233520508, 2932
2.8220019340515137, 2931
2.824057102203369, 2930
2.824057102203369, 2929
2.824057102203369, 2928
2.824057102203369, 2927
2.824057102203369, 2926
2.83211350440979, 2925
2.83416748046875, 2924
2.83416748046875, 2923
2.83416748046875, 2922
2.8422293663024902, 2921
2.8422293663024902, 2920
2.8442821502685547, 2919
2.8442821502685547, 2918
2.8442821502685547, 2917
2.8543665409088135, 2916
2.8543665409088135, 2915
2.8644793033599854, 2914
2.874589443206787, 2913
2.884706974029541, 2912
2.884706974029541, 2911
2.884706974029541, 2910
2.89276123046875, 2909
2.894813299179077, 2908
2.9028947353363037, 2907
2.913015604019165, 2906
2.913015604019165, 2905
2.913015604019165, 2904
2.915081262588501, 2903
2.915081262588501, 2902
2.915081262588501, 2901
2.9252243041992188, 2900
2.9252243041992188, 2899
2.9332783222198486, 2898
2.935332775115967, 2897
2.945460796356201, 2896
2.945460796356201, 2895
2.945460796356201, 2894
2.945460796356201, 2893
2.953521966934204, 2892
2.953521966934204, 2891
2.9555749893188477, 2890
2.9555749893188477, 2889
2.9555749893188477, 2888
2.975816011428833, 2887
2.9859437942504883, 2886
2.996061086654663, 2885
3.0041370391845703, 2884
3.0041370391845703, 2883
3.0061898231506348, 2882
3.0061898231506348, 2881
3.0142440795898438, 2880
3.0142440795898438, 2879
3.016298532485962, 2878
3.0243678092956543, 2877
3.026423692703247, 2876
3.026423692703247, 2875
3.0365304946899414, 2874
3.0365304946899414, 2873
3.044611930847168, 2872
3.046674966812134, 2871
3.046674966812134, 2870
3.054729461669922, 2869
3.056784152984619, 2868
3.064788579940796, 2867
3.0669240951538086, 2866
3.0669240951538086, 2865
3.0669240951538086, 2864
3.0669240951538086, 2863
3.0770351886749268, 2862
3.0770351886749268, 2861
3.0871644020080566, 2860
3.0871644020080566, 2859
3.0871644020080566, 2858
3.0952203273773193, 2857
3.0952203273773193, 2856
3.0952203273773193, 2855
3.0972740650177, 2854
3.117474317550659, 2853
3.117474317550659, 2852
3.117474317550659, 2851
3.127561092376709, 2850
3.127561092376709, 2849
3.127561092376709, 2848
3.1356160640716553, 2847
3.137671947479248, 2846
3.137671947479248, 2845
3.137671947479248, 2844
3.147810697555542, 2843
3.147810697555542, 2842
3.1579337120056152, 2841
3.1579337120056152, 2840
3.1579337120056152, 2839
3.1579337120056152, 2838
3.165998697280884, 2837
3.16805362701416, 2836
3.1761069297790527, 2835
3.1761069297790527, 2834
3.1781606674194336, 2833
3.1781606674194336, 2832
3.1963536739349365, 2831
3.1984074115753174, 2830
3.1984074115753174, 2829
3.2165963649749756, 2828
3.2186496257781982, 2827
3.2186496257781982, 2826
3.2186496257781982, 2825
3.2186496257781982, 2824
3.2287800312042236, 2823
3.2287800312042236, 2822
3.2287800312042236, 2821
3.2287800312042236, 2820
3.2287800312042236, 2819
3.259150981903076, 2818
3.259150981903076, 2817
3.259150981903076, 2816
3.269270658493042, 2815
3.269270658493042, 2814
3.289510488510132, 2813
3.30769681930542, 2812
3.30769681930542, 2811
3.3097503185272217, 2810
3.3097503185272217, 2809
3.3198585510253906, 2808
3.3198585510253906, 2807
3.3198585510253906, 2806
3.3198585510253906, 2805
3.3198585510253906, 2804
3.3198585510253906, 2803
3.3198585510253906, 2802
3.3299942016601562, 2801
3.3299942016601562, 2800
3.3299942016601562, 2799
3.3299942016601562, 2798
3.3380539417266846, 2797
3.3380539417266846, 2796
3.35064435005188, 2795
3.35064435005188, 2794
3.35064435005188, 2793
3.35064435005188, 2792
3.3607594966888428, 2791
3.3607594966888428, 2790
3.37084698677063, 2789
3.37084698677063, 2788
3.37084698677063, 2787
3.3809547424316406, 2786
3.3890182971954346, 2785
3.3991341590881348, 2784
3.4112865924835205, 2783
3.4112865924835205, 2782
3.4193432331085205, 2781
3.4213976860046387, 2780
3.4213976860046387, 2779
3.4314920902252197, 2778
3.439556121826172, 2777
3.4416093826293945, 2776
3.451725721359253, 2775
3.471916675567627, 2774
3.471916675567627, 2773
3.471916675567627, 2772
3.471916675567627, 2771
3.479970693588257, 2770
3.4820241928100586, 2769
3.512402057647705, 2768
3.512402057647705, 2767
3.512402057647705, 2766
3.542736053466797, 2765
3.542736053466797, 2764
3.542736053466797, 2763
3.5507946014404297, 2762
3.5528604984283447, 2761
3.5528604984283447, 2760
3.562973737716675, 2759
3.571054220199585, 2758
3.5811655521392822, 2757
3.591306686401367, 2756
3.5933642387390137, 2755
3.6014201641082764, 2754
3.6034233570098877, 2753
3.60347318649292, 2752
3.60347318649292, 2751
3.60347318649292, 2750
3.60347318649292, 2749
3.60347318649292, 2748
3.622755527496338, 2747
3.633730888366699, 2746
3.643878698348999, 2745
3.654020309448242, 2744
3.654020309448242, 2743
3.654020309448242, 2742
3.6641805171966553, 2741
3.6641805171966553, 2740
3.682391405105591, 2739
3.684460163116455, 2738
3.6945955753326416, 2737
3.6945955753326416, 2736
3.6945955753326416, 2735
3.704792022705078, 2734
3.7250773906707764, 2733
3.7250773906707764, 2732
3.7454841136932373, 2731
3.775911808013916, 2730
3.775911808013916, 2729
3.775911808013916, 2728
3.7860991954803467, 2727
3.7962281703948975, 2726
3.80633282661438, 2725
3.8164682388305664, 2724
3.8164682388305664, 2723
3.8245677947998047, 2722
3.82663631439209, 2721
3.8368046283721924, 2720
3.8368046283721924, 2719
3.8368046283721924, 2718
3.8368046283721924, 2717
3.8368046283721924, 2716
3.8368046283721924, 2715
3.855015993118286, 2714
3.867246389389038, 2713
3.877384662628174, 2712
3.877384662628174, 2711
3.887526035308838, 2710
3.897674322128296, 2709
3.9078850746154785, 2708
3.915951728820801, 2707
3.9281680583953857, 2706
3.9281680583953857, 2705
3.9383301734924316, 2704
3.9383301734924316, 2703
3.948685884475708, 2702
3.9588139057159424, 2701
3.96685791015625, 2700
3.96685791015625, 2699
3.9693455696105957, 2698
3.9693455696105957, 2697
3.9794809818267822, 2696
3.999828338623047, 2695
4.010000944137573, 2694
4.0201499462127686, 2693
4.028229236602783, 2692
4.030303001403809, 2691
4.030303001403809, 2690
4.048687934875488, 2689
4.052828073501587, 2688
4.071120977401733, 2687
4.089244842529297, 2686
4.091480493545532, 2685
4.101635694503784, 2684
4.101635694503784, 2683
4.111821413040161, 2682
4.111821413040161, 2681
4.1219563484191895, 2680
4.1219563484191895, 2679
4.1219563484191895, 2678
4.132101774215698, 2677
4.132101774215698, 2676
4.142243385314941, 2675
4.152397632598877, 2674
4.160462856292725, 2673
4.162531614303589, 2672
4.162531614303589, 2671
4.172688245773315, 2670
4.172688245773315, 2669
4.182831525802612, 2668
4.193166255950928, 2667
4.201248645782471, 2666
4.203313589096069, 2665
4.203313589096069, 2664
4.213505029678345, 2663
4.213505029678345, 2662
4.213505029678345, 2661
4.213505029678345, 2660
4.223639965057373, 2659
4.223639965057373, 2658
4.223639965057373, 2657
4.23382568359375, 2656
4.23382568359375, 2655
4.23382568359375, 2654
4.2439656257629395, 2653
4.2439656257629395, 2652
4.2439656257629395, 2651
4.254120826721191, 2650
4.254120826721191, 2649
4.254120826721191, 2648
4.264265537261963, 2647
4.27472186088562, 2646
4.27472186088562, 2645
4.27472186088562, 2644
4.284870386123657, 2643
4.29500675201416, 2642
4.29500675201416, 2641
4.29500675201416, 2640
4.29500675201416, 2639
4.305154800415039, 2638
4.315319061279297, 2637
4.323390483856201, 2636
4.325460433959961, 2635
4.325460433959961, 2634
4.325460433959961, 2633
4.335656642913818, 2632
4.343719244003296, 2631
4.345785617828369, 2630
4.353894472122192, 2629
4.35596227645874, 2628
4.366101026535034, 2627
4.386346817016602, 2626
4.386346817016602, 2625
4.386346817016602, 2624
4.406625270843506, 2623
4.416796922683716, 2622
4.416796922683716, 2621
4.416796922683716, 2620
4.424864053726196, 2619
4.435028076171875, 2618
4.445172071456909, 2617
4.447245121002197, 2616
4.447245121002197, 2615
4.457398891448975, 2614
4.457398891448975, 2613
4.465466499328613, 2612
4.467534065246582, 2611
4.4775989055633545, 2610
4.477668523788452, 2609
4.497969150543213, 2608
4.497969150543213, 2607
4.497969150543213, 2606
4.497969150543213, 2605
4.508103370666504, 2604
4.528439044952393, 2603
4.528439044952393, 2602
4.538592100143433, 2601
4.548729181289673, 2600
4.558870315551758, 2599
4.579563617706299, 2598
4.579563617706299, 2597
4.589699745178223, 2596
4.589699745178223, 2595
4.599896430969238, 2594
4.6303699016571045, 2593
4.6486592292785645, 2592
4.660999059677124, 2591
4.671283960342407, 2590
4.671283960342407, 2589
4.689634323120117, 2588
4.689634323120117, 2587
4.722475051879883, 2586
4.722475051879883, 2585
4.7326085567474365, 2584
4.752862453460693, 2583
4.752862453460693, 2582
4.781224966049194, 2581
4.783288955688477, 2580
4.791356563568115, 2579
4.793435335159302, 2578
4.823899745941162, 2577
4.823899745941162, 2576
4.831969499588013, 2575
4.834035158157349, 2574
4.834035158157349, 2573
4.86450457572937, 2572
4.86450457572937, 2571
4.86450457572937, 2570
4.874639511108398, 2569
4.884780168533325, 2568
4.892847299575806, 2567
4.905036211013794, 2566
4.905036211013794, 2565
4.915191650390625, 2564
4.915191650390625, 2563
4.915191650390625, 2562
4.925374746322632, 2561
4.93549656867981, 2560
4.95575213432312, 2559
4.986185073852539, 2558
4.986185073852539, 2557
5.0065343379974365, 2556
5.016669988632202, 2555
5.02684473991394, 2554
5.036977291107178, 2553
5.067500114440918, 2552
5.067500114440918, 2551
5.067500114440918, 2550
5.067500114440918, 2549
5.075570821762085, 2548
5.075570821762085, 2547
5.0878236293792725, 2546
5.108105421066284, 2545
5.108105421066284, 2544
5.1161789894104, 2543
5.1161789894104, 2542
5.138573408126831, 2541
5.138573408126831, 2540
5.158856391906738, 2539
5.179157018661499, 2538
5.1896891593933105, 2537
5.230309247970581, 2536
5.2405126094818115, 2535
5.2405126094818115, 2534
5.2405126094818115, 2533
5.28128457069397, 2532
5.2914652824401855, 2531
5.309683561325073, 2530
5.3117547035217285, 2529
5.332076787948608, 2528
5.332076787948608, 2527
5.352362632751465, 2526
5.362502574920654, 2525
5.372677326202393, 2524
5.382810831069946, 2523
5.382810831069946, 2522
5.3929619789123535, 2521
5.413267135620117, 2520
5.423401832580566, 2519
5.4315268993377686, 2518
5.433610439300537, 2517
5.443744897842407, 2516
5.443744897842407, 2515
5.453935384750366, 2514
5.453935384750366, 2513
5.484543800354004, 2512
5.484543800354004, 2511
5.484543800354004, 2510
5.494725942611694, 2509
5.494725942611694, 2508
5.515035390853882, 2507
5.515035390853882, 2506
5.515035390853882, 2505
5.535233736038208, 2504
5.535233736038208, 2503
5.543275594711304, 2502
5.603806495666504, 2501
5.656292676925659, 2500
5.686508655548096, 2499
5.686508655548096, 2498
5.694566011428833, 2497
5.704620599746704, 2496
5.704620599746704, 2495
5.726747751235962, 2494
5.736839294433594, 2493
5.746879816055298, 2492
5.767164468765259, 2491
5.8081724643707275, 2490
5.818329095840454, 2489
5.838628053665161, 2488
5.858950853347778, 2487
5.8893632888793945, 2486
5.909648895263672, 2485
5.938040018081665, 2484
5.950243949890137, 2483
5.950243949890137, 2482
5.96068000793457, 2481
5.9708168506622314, 2480
5.980961561203003, 2479
5.980961561203003, 2478
6.001250505447388, 2477
6.019516468048096, 2476
6.052426099777222, 2475
6.062590837478638, 2474
6.093022108078003, 2473
6.113357305526733, 2472
6.151916980743408, 2471
6.184435844421387, 2470
6.204731225967407, 2469
6.22502589225769, 2468
6.245352268218994, 2467
6.255537509918213, 2466
6.286173582077026, 2465
6.306692600250244, 2464
6.316974878311157, 2463
6.327115058898926, 2462
6.337401628494263, 2461
6.337401628494263, 2460
6.357917547225952, 2459
6.36599326133728, 2458
6.378425598144531, 2457
6.38860559463501, 2456
6.38860559463501, 2455
6.4068639278411865, 2454
6.450430154800415, 2453
6.481129884719849, 2452
6.491359233856201, 2451
6.499502658843994, 2450
6.501643419265747, 2449
6.511870622634888, 2448
6.52216649055481, 2447
6.550795078277588, 2446
6.58372950553894, 2445
6.58372950553894, 2444
6.634995698928833, 2443
6.6452789306640625, 2442
6.6452789306640625, 2441
6.666104793548584, 2440
6.686638593673706, 2439
6.717353582382202, 2438
6.745991230010986, 2437
6.748131990432739, 2436
6.748131990432739, 2435
6.75623893737793, 2434
6.7583959102630615, 2433
6.7583959102630615, 2432
6.766549348831177, 2431
6.789268732070923, 2430
6.789268732070923, 2429
6.871313810348511, 2428
6.8815648555755615, 2427
6.89184832572937, 2426
6.89184832572937, 2425
6.912341117858887, 2424
6.920438528060913, 2423
6.963618993759155, 2422
6.9738945960998535, 2421
6.992291450500488, 2420
7.014947414398193, 2419
7.022996425628662, 2418
7.035785436630249, 2417
7.076831340789795, 2416
7.076831340789795, 2415
7.087084054946899, 2414
7.117892503738403, 2413
7.12814474105835, 2412
7.12814474105835, 2411
7.12814474105835, 2410
7.138436794281006, 2409
7.169198751449585, 2408
7.169198751449585, 2407
7.323198318481445, 2406
7.3312859535217285, 2405
7.343709707260132, 2404
7.405262470245361, 2403
7.425809621810913, 2402
7.436042785644531, 2401
7.436042785644531, 2400
7.444186687469482, 2399
7.485102891921997, 2398
7.485102891921997, 2397
7.487248659133911, 2396
7.507799386978149, 2395
7.589756488800049, 2394
7.610217571258545, 2393
7.630755424499512, 2392
7.661867618560791, 2391
7.6720054149627686, 2390
7.713116884231567, 2389
7.713116884231567, 2388
7.713116884231567, 2387
7.751959800720215, 2386
7.751959800720215, 2385
7.774526596069336, 2384
7.774526596069336, 2383
7.774526596069336, 2382
7.784801959991455, 2381
7.792933940887451, 2380
7.795059442520142, 2379
7.805224895477295, 2378
7.836024761199951, 2377
7.846276760101318, 2376
7.856564521789551, 2375
7.887220144271851, 2374
7.907739162445068, 2373
7.918018817901611, 2372
7.948770999908447, 2371
7.959048271179199, 2370
7.959048271179199, 2369
7.97947359085083, 2368
8.040931224822998, 2367
8.100414752960205, 2366
8.100414752960205, 2365
8.12307858467102, 2364
8.131200075149536, 2363
8.15433120727539, 2362
8.158949136734009, 2361
8.164989471435547, 2360
8.17333722114563, 2359
8.175482273101807, 2358
8.21436619758606, 2357
8.249666452407837, 2356
8.280421257019043, 2355
8.300922155380249, 2354
8.403358459472656, 2353
8.413609743118286, 2352
8.444187641143799, 2351
8.464611768722534, 2350
8.485053539276123, 2349
8.495197772979736, 2348
8.495197772979736, 2347
8.57730484008789, 2346
8.597753524780273, 2345
8.690094709396362, 2344
8.729023218154907, 2343
8.741455554962158, 2342
8.864857912063599, 2341
8.885378360748291, 2340
8.967474222183228, 2339
9.018691062927246, 2338
9.090730428695679, 2337
9.146535634994507, 2336
9.146535634994507, 2335
9.177763223648071, 2334
9.277063846588135, 2333
9.308319330215454, 2332
9.308319330215454, 2331
9.342719316482544, 2330
9.464905023574829, 2329
9.50553297996521, 2328
9.596842527389526, 2327
9.607007265090942, 2326
9.708496809005737, 2325
9.708496809005737, 2324
9.769355058670044, 2323
9.820092678070068, 2322
9.83022928237915, 2321
9.850513458251953, 2320
9.85857629776001, 2319
9.931723833084106, 2318
9.960079669952393, 2317
9.982465744018555, 2316
10.033180952072144, 2315
10.137754201889038, 2314
10.137754201889038, 2313
10.239194869995117, 2312
10.30000352859497, 2311
10.340535640716553, 2310
10.37096881866455, 2309
10.452989101409912, 2308
10.463160991668701, 2307
10.483578205108643, 2306
10.514441013336182, 2305
10.553665161132812, 2304
10.749715328216553, 2303
10.792948246002197, 2302
10.792948246002197, 2301
10.872866153717041, 2300
10.895519733428955, 2299
10.903672218322754, 2298
11.008383750915527, 2297
11.029633045196533, 2296
11.069721698760986, 2295
11.069721698760986, 2294
11.079955577850342, 2293
11.09023404121399, 2292
11.172341346740723, 2291
11.326492309570312, 2290
11.347009420394897, 2289
11.510833024978638, 2288
11.531366348266602, 2287
11.551869630813599, 2286
11.695447444915771, 2285
11.746787548065186, 2284
11.910927772521973, 2283
12.013812065124512, 2282
12.044587850570679, 2281
12.126554250717163, 2280
12.239228248596191, 2279
12.249438285827637, 2278
12.288294553756714, 2277
12.310874223709106, 2276
12.331385850906372, 2275
12.372459173202515, 2274
12.403285264968872, 2273
12.423782348632812, 2272
12.588277339935303, 2271
12.79107141494751, 2270
12.834281206130981, 2269
12.8856041431427, 2268
13.008644819259644, 2267
13.131463527679443, 2266
13.304256677627563, 2265
13.33468747138977, 2264
13.375264883041382, 2263
13.507004261016846, 2262
13.74869179725647, 2261
13.801940679550171, 2260
13.984522819519043, 2259
14.047557830810547, 2258
14.053626298904419, 2257
14.136865854263306, 2256
14.349697828292847, 2255
14.511971235275269, 2254
14.532184600830078, 2253
14.78517746925354, 2252
14.989911556243896, 2251
15.121864080429077, 2250
15.302446365356445, 2249
15.324803113937378, 2248
15.446582555770874, 2247
15.812596321105957, 2246
16.025730848312378, 2245
16.563987493515015, 2244
16.60454487800598, 2243
16.7547607421875, 2242
16.879499435424805, 2241
16.98165512084961, 2240
17.123583555221558, 2239
17.22499680519104, 2238
17.263402223587036, 2237
17.468891382217407, 2236
17.808587551116943, 2235
17.88970708847046, 2234
17.909979820251465, 2233
18.052331686019897, 2232
18.151687622070312, 2231
18.19433093070984, 2230
18.620023250579834, 2229
18.63015842437744, 2228
19.060797452926636, 2227
19.190534591674805, 2226
19.889750003814697, 2225
20.53246545791626, 2224
20.847559452056885, 2223
20.918554306030273, 2222
22.470505475997925, 2221
22.787214756011963, 2220
22.970382928848267, 2219
23.42747473716736, 2218
23.643098831176758, 2217
24.053815126419067, 2216
24.082401037216187, 2215
25.198753595352173, 2214
26.143112897872925, 2213
26.77306342124939, 2212
26.875524044036865, 2211
28.248611211776733, 2210
29.521761655807495, 2209
30.418454885482788, 2208
35.943248987197876, 2207
40.45493459701538, 2206
53.30557656288147, 2205
62.42952561378479, 2204
68.4195191860199, 2203
