0.028018474578857422, 4941
0.028018474578857422, 4940
0.028018474578857422, 4939
0.028018474578857422, 4938
0.03199577331542969, 4937
0.03199577331542969, 4936
0.03199577331542969, 4935
0.03199577331542969, 4934
0.03199577331542969, 4933
0.03199577331542969, 4932
0.03199577331542969, 4931
0.035997629165649414, 4930
0.035997629165649414, 4929
0.035997629165649414, 4928
0.035997629165649414, 4927
0.035997629165649414, 4926
0.03999733924865723, 4925
0.03999733924865723, 4924
0.03999733924865723, 4923
0.03999733924865723, 4922
0.03999733924865723, 4921
0.04399728775024414, 4920
0.04399728775024414, 4919
0.04399728775024414, 4918
0.04399728775024414, 4917
0.04399728775024414, 4916
0.04399728775024414, 4915
0.04799818992614746, 4914
0.04799818992614746, 4913
0.04799818992614746, 4912
0.04799818992614746, 4911
0.04799818992614746, 4910
0.04799818992614746, 4909
0.05199742317199707, 4908
0.05199742317199707, 4907
0.05199742317199707, 4906
0.05199742317199707, 4905
0.05199742317199707, 4904
0.05199742317199707, 4903
0.05199742317199707, 4902
0.05599808692932129, 4901
0.05599808692932129, 4900
0.05599808692932129, 4899
0.05599808692932129, 4898
0.05599808692932129, 4897
0.0600278377532959, 4896
0.06287550926208496, 4895
0.06287550926208496, 4894
0.06287550926208496, 4893
0.06287550926208496, 4892
0.06489253044128418, 4891
0.06489253044128418, 4890
0.06489253044128418, 4889
0.06489253044128418, 4888
0.06489253044128418, 4887
0.06489253044128418, 4886
0.06892538070678711, 4885
0.06892538070678711, 4884
0.06892538070678711, 4883
0.06892538070678711, 4882
0.06892538070678711, 4881
0.06892538070678711, 4880
0.06892538070678711, 4879
0.07292532920837402, 4878
0.07292532920837402, 4877
0.07689476013183594, 4876
0.07689476013183594, 4875
0.08089184761047363, 4874
0.08089184761047363, 4873
0.08089184761047363, 4872
0.08499002456665039, 4871
0.08602261543273926, 4870
0.08602261543273926, 4869
0.0870828628540039, 4868
0.08813881874084473, 4867
0.09027528762817383, 4866
0.09134387969970703, 4865
0.09246230125427246, 4864
0.09351825714111328, 4863
0.09351825714111328, 4862
0.09515523910522461, 4861
0.09515523910522461, 4860
0.09515523910522461, 4859
0.0991661548614502, 4858
0.0991661548614502, 4857
0.0991661548614502, 4856
0.0991661548614502, 4855
0.0991661548614502, 4854
0.0991661548614502, 4853
0.0991661548614502, 4852
0.1031653881072998, 4851
0.1031653881072998, 4850
0.1031653881072998, 4849
0.1031653881072998, 4848
0.1031653881072998, 4847
0.10712933540344238, 4846
0.10712933540344238, 4845
0.10712933540344238, 4844
0.10712933540344238, 4843
0.10712933540344238, 4842
0.10712933540344238, 4841
0.11116480827331543, 4840
0.11116480827331543, 4839
0.11116480827331543, 4838
0.11116480827331543, 4837
0.11116480827331543, 4836
0.11116480827331543, 4835
0.11116480827331543, 4834
0.11516427993774414, 4833
0.11516427993774414, 4832
0.11516427993774414, 4831
0.11516427993774414, 4830
0.11516427993774414, 4829
0.119171142578125, 4828
0.119171142578125, 4827
0.119171142578125, 4826
0.119171142578125, 4825
0.119171142578125, 4824
0.119171142578125, 4823
0.119171142578125, 4822
0.12316393852233887, 4821
0.12316393852233887, 4820
0.12316393852233887, 4819
0.12316393852233887, 4818
0.12316393852233887, 4817
0.12716126441955566, 4816
0.12716126441955566, 4815
0.12716126441955566, 4814
0.12716126441955566, 4813
0.13116788864135742, 4812
0.13116788864135742, 4811
0.13116788864135742, 4810
0.13116788864135742, 4809
0.13116788864135742, 4808
0.13116788864135742, 4807
0.13116788864135742, 4806
0.1351640224456787, 4805
0.1351640224456787, 4804
0.1351640224456787, 4803
0.1351640224456787, 4802
0.13916420936584473, 4801
0.13916420936584473, 4800
0.13916420936584473, 4799
0.1431722640991211, 4798
0.1431722640991211, 4797
0.1431722640991211, 4796
0.1431722640991211, 4795
0.1431722640991211, 4794
0.1431722640991211, 4793
0.14716339111328125, 4792
0.14716339111328125, 4791
0.14716339111328125, 4790
0.14716339111328125, 4789
0.14716339111328125, 4788
0.14716339111328125, 4787
0.14716339111328125, 4786
0.1511695384979248, 4785
0.1511695384979248, 4784
0.1511695384979248, 4783
0.1511695384979248, 4782
0.1511695384979248, 4781
0.1511695384979248, 4780
0.1551809310913086, 4779
0.1551809310913086, 4778
0.1551809310913086, 4777
0.1551809310913086, 4776
0.1591660976409912, 4775
0.1591660976409912, 4774
0.1591660976409912, 4773
0.16327190399169922, 4772
0.16327190399169922, 4771
0.16327190399169922, 4770
0.16327190399169922, 4769
0.16327190399169922, 4768
0.16327190399169922, 4767
0.16716551780700684, 4766
0.16716551780700684, 4765
0.16716551780700684, 4764
0.16716551780700684, 4763
0.16716551780700684, 4762
0.16716551780700684, 4761
0.17116355895996094, 4760
0.17116355895996094, 4759
0.17116355895996094, 4758
0.17116355895996094, 4757
0.17116355895996094, 4756
0.17516517639160156, 4755
0.17516517639160156, 4754
0.17516517639160156, 4753
0.17516517639160156, 4752
0.17516517639160156, 4751
0.17516517639160156, 4750
0.17516517639160156, 4749
0.1791675090789795, 4748
0.1791675090789795, 4747
0.1791675090789795, 4746
0.1791675090789795, 4745
0.1791675090789795, 4744
0.1791675090789795, 4743
0.18316411972045898, 4742
0.1892096996307373, 4741
0.1892096996307373, 4740
0.1892096996307373, 4739
0.19318652153015137, 4738
0.19318652153015137, 4737
0.19318652153015137, 4736
0.1971731185913086, 4735
0.1971731185913086, 4734
0.1971731185913086, 4733
0.1971731185913086, 4732
0.1971731185913086, 4731
0.1971731185913086, 4730
0.20118427276611328, 4729
0.20118427276611328, 4728
0.20118427276611328, 4727
0.20517492294311523, 4726
0.20921611785888672, 4725
0.21317219734191895, 4724
0.21317219734191895, 4723
0.21317219734191895, 4722
0.21317219734191895, 4721
0.21317219734191895, 4720
0.21717405319213867, 4719
0.21717405319213867, 4718
0.21717405319213867, 4717
0.21717405319213867, 4716
0.21717405319213867, 4715
0.22117209434509277, 4714
0.22117209434509277, 4713
0.22117209434509277, 4712
0.22117209434509277, 4711
0.22517919540405273, 4710
0.2292041778564453, 4709
0.2292041778564453, 4708
0.2292041778564453, 4707
0.2292041778564453, 4706
0.2292041778564453, 4705
0.2292041778564453, 4704
0.23317313194274902, 4703
0.23317313194274902, 4702
0.23317313194274902, 4701
0.23317313194274902, 4700
0.23317313194274902, 4699
0.23317313194274902, 4698
0.23717212677001953, 4697
0.23717212677001953, 4696
0.23717212677001953, 4695
0.23717212677001953, 4694
0.23717212677001953, 4693
0.23717212677001953, 4692
0.24117445945739746, 4691
0.24117445945739746, 4690
0.24117445945739746, 4689
0.24117445945739746, 4688
0.24117445945739746, 4687
0.24117445945739746, 4686
0.24517250061035156, 4685
0.24517250061035156, 4684
0.24517250061035156, 4683
0.24917268753051758, 4682
0.24917268753051758, 4681
0.24917268753051758, 4680
0.24917268753051758, 4679
0.24917268753051758, 4678
0.24917268753051758, 4677
0.24917268753051758, 4676
0.2531740665435791, 4675
0.2531740665435791, 4674
0.2571730613708496, 4673
0.2571730613708496, 4672
0.2611813545227051, 4671
0.26517748832702637, 4670
0.26517748832702637, 4669
0.26517748832702637, 4668
0.26917481422424316, 4667
0.26917481422424316, 4666
0.26917481422424316, 4665
0.2731778621673584, 4664
0.2731778621673584, 4663
0.2731778621673584, 4662
0.2731778621673584, 4661
0.2731778621673584, 4660
0.2771735191345215, 4659
0.2771735191345215, 4658
0.2771735191345215, 4657
0.2771735191345215, 4656
0.2771735191345215, 4655
0.2771735191345215, 4654
0.28121209144592285, 4653
0.28121209144592285, 4652
0.28121209144592285, 4651
0.28121209144592285, 4650
0.28121209144592285, 4649
0.28121209144592285, 4648
0.28520631790161133, 4647
0.28520631790161133, 4646
0.28520631790161133, 4645
0.28520631790161133, 4644
0.28520631790161133, 4643
0.28920626640319824, 4642
0.28920626640319824, 4641
0.28920626640319824, 4640
0.2932417392730713, 4639
0.29720258712768555, 4638
0.29720258712768555, 4637
0.30119967460632324, 4636
0.30119967460632324, 4635
0.30119967460632324, 4634
0.3052093982696533, 4633
0.3052093982696533, 4632
0.3052093982696533, 4631
0.3092019557952881, 4630
0.3092019557952881, 4629
0.3092019557952881, 4628
0.3092019557952881, 4627
0.31317567825317383, 4626
0.31317567825317383, 4625
0.31317567825317383, 4624
0.31317567825317383, 4623
0.31317567825317383, 4622
0.3171732425689697, 4621
0.3171732425689697, 4620
0.3171732425689697, 4619
0.3171732425689697, 4618
0.3171732425689697, 4617
0.3171732425689697, 4616
0.32120704650878906, 4615
0.32120704650878906, 4614
0.32120704650878906, 4613
0.32120704650878906, 4612
0.32120704650878906, 4611
0.32517218589782715, 4610
0.32517218589782715, 4609
0.3292222023010254, 4608
0.3292222023010254, 4607
0.3292222023010254, 4606
0.333207368850708, 4605
0.333207368850708, 4604
0.333207368850708, 4603
0.333207368850708, 4602
0.3371737003326416, 4601
0.3371737003326416, 4600
0.3371737003326416, 4599
0.3371737003326416, 4598
0.3371737003326416, 4597
0.34117698669433594, 4596
0.34517621994018555, 4595
0.34517621994018555, 4594
0.34917545318603516, 4593
0.34917545318603516, 4592
0.34917545318603516, 4591
0.34917545318603516, 4590
0.34917545318603516, 4589
0.3531787395477295, 4588
0.3531787395477295, 4587
0.3531787395477295, 4586
0.3531787395477295, 4585
0.3531787395477295, 4584
0.3571784496307373, 4583
0.3571784496307373, 4582
0.3571784496307373, 4581
0.36009693145751953, 4580
0.36412882804870605, 4579
0.36412882804870605, 4578
0.36412882804870605, 4577
0.36412882804870605, 4576
0.3681142330169678, 4575
0.3681142330169678, 4574
0.3681142330169678, 4573
0.3681142330169678, 4572
0.3681142330169678, 4571
0.3681142330169678, 4570
0.3681142330169678, 4569
0.3681142330169678, 4568
0.37286376953125, 4567
0.37286376953125, 4566
0.37286376953125, 4565
0.37286376953125, 4564
0.3768599033355713, 4563
0.38089561462402344, 4562
0.38089561462402344, 4561
0.38089561462402344, 4560
0.38089561462402344, 4559
0.38089561462402344, 4558
0.38489747047424316, 4557
0.38489747047424316, 4556
0.38639092445373535, 4555
0.38639092445373535, 4554
0.38639092445373535, 4553
0.39038777351379395, 4552
0.39038777351379395, 4551
0.39038777351379395, 4550
0.39447951316833496, 4549
0.39447951316833496, 4548
0.39447951316833496, 4547
0.39447951316833496, 4546
0.39842891693115234, 4545
0.39842891693115234, 4544
0.39842891693115234, 4543
0.39842891693115234, 4542
0.39842891693115234, 4541
0.40242528915405273, 4540
0.40242528915405273, 4539
0.40242528915405273, 4538
0.40242528915405273, 4537
0.40242528915405273, 4536
0.40242528915405273, 4535
0.40242528915405273, 4534
0.40642380714416504, 4533
0.40642380714416504, 4532
0.40642380714416504, 4531
0.41042375564575195, 4530
0.41042375564575195, 4529
0.41042375564575195, 4528
0.41042375564575195, 4527
0.41042375564575195, 4526
0.41042375564575195, 4525
0.41442298889160156, 4524
0.41442298889160156, 4523
0.41442298889160156, 4522
0.41442298889160156, 4521
0.4184255599975586, 4520
0.4184255599975586, 4519
0.4184255599975586, 4518
0.4184255599975586, 4517
0.4184255599975586, 4516
0.4184255599975586, 4515
0.4184255599975586, 4514
0.4224276542663574, 4513
0.4224276542663574, 4512
0.42639660835266113, 4511
0.42639660835266113, 4510
0.42639660835266113, 4509
0.43050098419189453, 4508
0.43050098419189453, 4507
0.43050098419189453, 4506
0.43050098419189453, 4505
0.43050098419189453, 4504
0.43050098419189453, 4503
0.43442559242248535, 4502
0.43442559242248535, 4501
0.43442559242248535, 4500
0.43442559242248535, 4499
0.43442559242248535, 4498
0.43842291831970215, 4497
0.43842291831970215, 4496
0.43842291831970215, 4495
0.43842291831970215, 4494
0.43842291831970215, 4493
0.4424254894256592, 4492
0.4424254894256592, 4491
0.4424254894256592, 4490
0.4464230537414551, 4489
0.4464230537414551, 4488
0.4464230537414551, 4487
0.4464230537414551, 4486
0.4504256248474121, 4485
0.4504256248474121, 4484
0.4504256248474121, 4483
0.4504256248474121, 4482
0.4504256248474121, 4481
0.4504256248474121, 4480
0.45442652702331543, 4479
0.45442652702331543, 4478
0.4583890438079834, 4477
0.4583890438079834, 4476
0.4583890438079834, 4475
0.4583890438079834, 4474
0.4625282287597656, 4473
0.4625282287597656, 4472
0.4625282287597656, 4471
0.4625282287597656, 4470
0.4625282287597656, 4469
0.46638965606689453, 4468
0.46638965606689453, 4467
0.46638965606689453, 4466
0.46638965606689453, 4465
0.46638965606689453, 4464
0.46638965606689453, 4463
0.4704272747039795, 4462
0.4704272747039795, 4461
0.4704272747039795, 4460
0.47438812255859375, 4459
0.47438812255859375, 4458
0.47438812255859375, 4457
0.4784233570098877, 4456
0.4784233570098877, 4455
0.4784233570098877, 4454
0.4784233570098877, 4453
0.4784233570098877, 4452
0.4824333190917969, 4451
0.4824333190917969, 4450
0.4824333190917969, 4449
0.4824333190917969, 4448
0.4824333190917969, 4447
0.4824333190917969, 4446
0.48641371726989746, 4445
0.48641371726989746, 4444
0.48641371726989746, 4443
0.49040842056274414, 4442
0.49040842056274414, 4441
0.49040842056274414, 4440
0.4945559501647949, 4439
0.4945559501647949, 4438
0.4945559501647949, 4437
0.4945559501647949, 4436
0.49843573570251465, 4435
0.49843573570251465, 4434
0.49843573570251465, 4433
0.49843573570251465, 4432
0.5024330615997314, 4431
0.5024330615997314, 4430
0.5024330615997314, 4429
0.5024330615997314, 4428
0.5024330615997314, 4427
0.5024330615997314, 4426
0.5063989162445068, 4425
0.5063989162445068, 4424
0.5063989162445068, 4423
0.5104367733001709, 4422
0.5104367733001709, 4421
0.5104367733001709, 4420
0.5104367733001709, 4419
0.5104367733001709, 4418
0.514434814453125, 4417
0.514434814453125, 4416
0.514434814453125, 4415
0.514434814453125, 4414
0.5184404850006104, 4413
0.5184404850006104, 4412
0.5184404850006104, 4411
0.5184404850006104, 4410
0.5184404850006104, 4409
0.5184404850006104, 4408
0.5184404850006104, 4407
0.5224440097808838, 4406
0.5224440097808838, 4405
0.5224440097808838, 4404
0.5224440097808838, 4403
0.5224440097808838, 4402
0.5224440097808838, 4401
0.5224440097808838, 4400
0.5264203548431396, 4399
0.5264203548431396, 4398
0.5264203548431396, 4397
0.5264203548431396, 4396
0.5264203548431396, 4395
0.5304422378540039, 4394
0.5304422378540039, 4393
0.5304422378540039, 4392
0.5304422378540039, 4391
0.5304422378540039, 4390
0.5304422378540039, 4389
0.5344357490539551, 4388
0.5344357490539551, 4387
0.5344357490539551, 4386
0.5384349822998047, 4385
0.5384349822998047, 4384
0.5464348793029785, 4383
0.5464348793029785, 4382
0.5464348793029785, 4381
0.5464348793029785, 4380
0.5464348793029785, 4379
0.5504324436187744, 4378
0.5504324436187744, 4377
0.5504324436187744, 4376
0.5504324436187744, 4375
0.5544352531433105, 4374
0.5544352531433105, 4373
0.5544352531433105, 4372
0.5544352531433105, 4371
0.5584366321563721, 4370
0.5584366321563721, 4369
0.5624372959136963, 4368
0.5624372959136963, 4367
0.5624372959136963, 4366
0.5624372959136963, 4365
0.5624372959136963, 4364
0.5664324760437012, 4363
0.5664324760437012, 4362
0.5664324760437012, 4361
0.5664324760437012, 4360
0.5664324760437012, 4359
0.5664324760437012, 4358
0.5704343318939209, 4357
0.5704343318939209, 4356
0.5704343318939209, 4355
0.5704343318939209, 4354
0.5704343318939209, 4353
0.5704343318939209, 4352
0.5744016170501709, 4351
0.5744016170501709, 4350
0.5744016170501709, 4349
0.5744016170501709, 4348
0.5744016170501709, 4347
0.5744016170501709, 4346
0.5784351825714111, 4345
0.5784351825714111, 4344
0.5784351825714111, 4343
0.5824317932128906, 4342
0.5824317932128906, 4341
0.5824317932128906, 4340
0.5824317932128906, 4339
0.5824317932128906, 4338
0.5824317932128906, 4337
0.5824317932128906, 4336
0.5866467952728271, 4335
0.5866467952728271, 4334
0.5866467952728271, 4333
0.5866467952728271, 4332
0.5866467952728271, 4331
0.5906391143798828, 4330
0.5906391143798828, 4329
0.594735860824585, 4328
0.594735860824585, 4327
0.5986714363098145, 4326
0.5986714363098145, 4325
0.5986714363098145, 4324
0.5986714363098145, 4323
0.6026692390441895, 4322
0.6026692390441895, 4321
0.6026692390441895, 4320
0.6026692390441895, 4319
0.6066379547119141, 4318
0.6066379547119141, 4317
0.6066379547119141, 4316
0.6066379547119141, 4315
0.6066379547119141, 4314
0.6066379547119141, 4313
0.6066379547119141, 4312
0.6106710433959961, 4311
0.6106710433959961, 4310
0.6106710433959961, 4309
0.6106710433959961, 4308
0.6146700382232666, 4307
0.6186630725860596, 4306
0.6186630725860596, 4305
0.6186630725860596, 4304
0.6186630725860596, 4303
0.6186630725860596, 4302
0.6186630725860596, 4301
0.6186630725860596, 4300
0.6226704120635986, 4299
0.6226704120635986, 4298
0.6226704120635986, 4297
0.6226704120635986, 4296
0.6226704120635986, 4295
0.6266946792602539, 4294
0.6266946792602539, 4293
0.6266946792602539, 4292
0.6266946792602539, 4291
0.6306724548339844, 4290
0.6306724548339844, 4289
0.6306724548339844, 4288
0.6306724548339844, 4287
0.6306724548339844, 4286
0.6306724548339844, 4285
0.6306724548339844, 4284
0.6346349716186523, 4283
0.6386349201202393, 4282
0.6386349201202393, 4281
0.6386349201202393, 4280
0.6386349201202393, 4279
0.6426715850830078, 4278
0.6426715850830078, 4277
0.6466693878173828, 4276
0.6466693878173828, 4275
0.6466693878173828, 4274
0.6466693878173828, 4273
0.6506690979003906, 4272
0.6506690979003906, 4271
0.6506690979003906, 4270
0.6546671390533447, 4269
0.6546671390533447, 4268
0.6546671390533447, 4267
0.6586897373199463, 4266
0.6586897373199463, 4265
0.6627538204193115, 4264
0.666640043258667, 4263
0.666640043258667, 4262
0.666640043258667, 4261
0.6706671714782715, 4260
0.6706671714782715, 4259
0.6706671714782715, 4258
0.6706671714782715, 4257
0.6746373176574707, 4256
0.6786704063415527, 4255
0.6786704063415527, 4254
0.6826364994049072, 4253
0.6826364994049072, 4252
0.6866822242736816, 4251
0.6906847953796387, 4250
0.6906847953796387, 4249
0.6947793960571289, 4248
0.6947793960571289, 4247
0.6947793960571289, 4246
0.6947793960571289, 4245
0.6947793960571289, 4244
0.6987156867980957, 4243
0.6987156867980957, 4242
0.6987156867980957, 4241
0.6987156867980957, 4240
0.6987156867980957, 4239
0.7027144432067871, 4238
0.7027144432067871, 4237
0.7027144432067871, 4236
0.7027144432067871, 4235
0.7066802978515625, 4234
0.7066802978515625, 4233
0.7066802978515625, 4232
0.7066802978515625, 4231
0.714714765548706, 4230
0.714714765548706, 4229
0.7187118530273438, 4228
0.7187118530273438, 4227
0.7187118530273438, 4226
0.7187118530273438, 4225
0.7226841449737549, 4224
0.7226841449737549, 4223
0.7226841449737549, 4222
0.7226841449737549, 4221
0.7226841449737549, 4220
0.7267329692840576, 4219
0.7267329692840576, 4218
0.7267329692840576, 4217
0.7267329692840576, 4216
0.7267329692840576, 4215
0.7307033538818359, 4214
0.7346830368041992, 4213
0.7346830368041992, 4212
0.7346830368041992, 4211
0.7386837005615234, 4210
0.7386837005615234, 4209
0.7386837005615234, 4208
0.7386837005615234, 4207
0.7427177429199219, 4206
0.7427177429199219, 4205
0.7427177429199219, 4204
0.7427177429199219, 4203
0.7427177429199219, 4202
0.7466835975646973, 4201
0.7466835975646973, 4200
0.7466835975646973, 4199
0.7466835975646973, 4198
0.7466835975646973, 4197
0.7506840229034424, 4196
0.7506840229034424, 4195
0.7506840229034424, 4194
0.7506840229034424, 4193
0.7506840229034424, 4192
0.7506840229034424, 4191
0.7546825408935547, 4190
0.7586805820465088, 4189
0.7626795768737793, 4188
0.7626795768737793, 4187
0.7626795768737793, 4186
0.766679048538208, 4185
0.766679048538208, 4184
0.766679048538208, 4183
0.766679048538208, 4182
0.766679048538208, 4181
0.7706782817840576, 4180
0.7706782817840576, 4179
0.774681806564331, 4178
0.774681806564331, 4177
0.774681806564331, 4176
0.774681806564331, 4175
0.774681806564331, 4174
0.7787158489227295, 4173
0.7787158489227295, 4172
0.7787158489227295, 4171
0.7787158489227295, 4170
0.7787158489227295, 4169
0.7827160358428955, 4168
0.7827160358428955, 4167
0.7827160358428955, 4166
0.7827160358428955, 4165
0.7827160358428955, 4164
0.7827160358428955, 4163
0.7868077754974365, 4162
0.7868077754974365, 4161
0.7868077754974365, 4160
0.7868077754974365, 4159
0.7868077754974365, 4158
0.7907693386077881, 4157
0.7907693386077881, 4156
0.7907693386077881, 4155
0.7907693386077881, 4154
0.7948524951934814, 4153
0.7948524951934814, 4152
0.7987987995147705, 4151
0.7987987995147705, 4150
0.7987987995147705, 4149
0.8027942180633545, 4148
0.8027942180633545, 4147
0.8027942180633545, 4146
0.8027942180633545, 4145
0.8027942180633545, 4144
0.806760311126709, 4143
0.8107619285583496, 4142
0.8107619285583496, 4141
0.8107619285583496, 4140
0.8107619285583496, 4139
0.8107619285583496, 4138
0.8147969245910645, 4137
0.8147969245910645, 4136
0.8147969245910645, 4135
0.8147969245910645, 4134
0.8147969245910645, 4133
0.8187985420227051, 4132
0.8187985420227051, 4131
0.8187985420227051, 4130
0.8187985420227051, 4129
0.8187985420227051, 4128
0.8228015899658203, 4127
0.8228015899658203, 4126
0.8268430233001709, 4125
0.8268430233001709, 4124
0.8268430233001709, 4123
0.8268430233001709, 4122
0.8308024406433105, 4121
0.8308024406433105, 4120
0.8308024406433105, 4119
0.8308024406433105, 4118
0.8347947597503662, 4117
0.8347947597503662, 4116
0.8387949466705322, 4115
0.8387949466705322, 4114
0.8387949466705322, 4113
0.8428146839141846, 4112
0.8428146839141846, 4111
0.8428146839141846, 4110
0.8428146839141846, 4109
0.8467981815338135, 4108
0.8467981815338135, 4107
0.8467981815338135, 4106
0.8467981815338135, 4105
0.8467981815338135, 4104
0.850794792175293, 4103
0.850794792175293, 4102
0.850794792175293, 4101
0.850794792175293, 4100
0.850794792175293, 4099
0.8548009395599365, 4098
0.8548009395599365, 4097
0.8548009395599365, 4096
0.8587973117828369, 4095
0.8587973117828369, 4094
0.8587973117828369, 4093
0.862762451171875, 4092
0.862762451171875, 4091
0.862762451171875, 4090
0.8667948246002197, 4089
0.8707952499389648, 4088
0.8707952499389648, 4087
0.8707952499389648, 4086
0.8707952499389648, 4085
0.8707952499389648, 4084
0.8747971057891846, 4083
0.8747971057891846, 4082
0.8747971057891846, 4081
0.8787634372711182, 4080
0.8787634372711182, 4079
0.8787634372711182, 4078
0.8827946186065674, 4077
0.8827946186065674, 4076
0.8827946186065674, 4075
0.8866481781005859, 4074
0.8866481781005859, 4073
0.8866481781005859, 4072
0.890639066696167, 4071
0.890639066696167, 4070
0.8947339057922363, 4069
0.8947339057922363, 4068
0.898672342300415, 4067
0.898672342300415, 4066
0.898672342300415, 4065
0.898672342300415, 4064
0.9026715755462646, 4063
0.9026715755462646, 4062
0.906639575958252, 4061
0.906639575958252, 4060
0.906639575958252, 4059
0.906639575958252, 4058
0.906639575958252, 4057
0.9106700420379639, 4056
0.9106700420379639, 4055
0.9146723747253418, 4054
0.9146723747253418, 4053
0.9146723747253418, 4052
0.9146723747253418, 4051
0.9146723747253418, 4050
0.9186758995056152, 4049
0.9186758995056152, 4048
0.9226758480072021, 4047
0.9226758480072021, 4046
0.9266772270202637, 4045
0.9266772270202637, 4044
0.9266772270202637, 4043
0.9266772270202637, 4042
0.9306554794311523, 4041
0.9306554794311523, 4040
0.9346387386322021, 4039
0.9346387386322021, 4038
0.9386398792266846, 4037
0.9386398792266846, 4036
0.9386398792266846, 4035
0.9386398792266846, 4034
0.9426400661468506, 4033
0.9426400661468506, 4032
0.946641206741333, 4031
0.946641206741333, 4030
0.946641206741333, 4029
0.950639009475708, 4028
0.950639009475708, 4027
0.950639009475708, 4026
0.950639009475708, 4025
0.950639009475708, 4024
0.950639009475708, 4023
0.9546396732330322, 4022
0.9546396732330322, 4021
0.9546396732330322, 4020
0.9546396732330322, 4019
0.9546396732330322, 4018
0.9586706161499023, 4017
0.9586706161499023, 4016
0.9626555442810059, 4015
0.9626555442810059, 4014
0.9666352272033691, 4013
0.9666352272033691, 4012
0.9666352272033691, 4011
0.9666352272033691, 4010
0.9706342220306396, 4009
0.9706342220306396, 4008
0.9706342220306396, 4007
0.9746382236480713, 4006
0.9746382236480713, 4005
0.9746382236480713, 4004
0.9746382236480713, 4003
0.9746382236480713, 4002
0.9786345958709717, 4001
0.9786345958709717, 4000
0.9786345958709717, 3999
0.9826345443725586, 3998
0.9826345443725586, 3997
0.9826345443725586, 3996
0.9826345443725586, 3995
0.9826345443725586, 3994
0.9906373023986816, 3993
0.9906373023986816, 3992
0.9906373023986816, 3991
0.9906373023986816, 3990
0.99465012550354, 3989
0.99465012550354, 3988
0.9986362457275391, 3987
0.9986362457275391, 3986
0.9986362457275391, 3985
0.9986362457275391, 3984
0.9986362457275391, 3983
0.9986362457275391, 3982
1.0026347637176514, 3981
1.0026347637176514, 3980
1.0026347637176514, 3979
1.0026347637176514, 3978
1.0026347637176514, 3977
1.0106358528137207, 3976
1.0106358528137207, 3975
1.0146355628967285, 3974
1.0146355628967285, 3973
1.0146355628967285, 3972
1.018634557723999, 3971
1.018634557723999, 3970
1.018634557723999, 3969
1.0266444683074951, 3968
1.0306370258331299, 3967
1.0306370258331299, 3966
1.0306370258331299, 3965
1.034635066986084, 3964
1.0386347770690918, 3963
1.0386347770690918, 3962
1.0386347770690918, 3961
1.0386347770690918, 3960
1.0386347770690918, 3959
1.0386347770690918, 3958
1.042635440826416, 3957
1.042635440826416, 3956
1.042635440826416, 3955
1.0466361045837402, 3954
1.0466361045837402, 3953
1.0466361045837402, 3952
1.0506365299224854, 3951
1.0506365299224854, 3950
1.0546348094940186, 3949
1.0586373805999756, 3948
1.0586373805999756, 3947
1.0586373805999756, 3946
1.0626769065856934, 3945
1.06666898727417, 3944
1.06666898727417, 3943
1.06666898727417, 3942
1.06666898727417, 3941
1.070669412612915, 3940
1.070669412612915, 3939
1.070669412612915, 3938
1.074641227722168, 3937
1.074641227722168, 3936
1.0786702632904053, 3935
1.0786702632904053, 3934
1.082671880722046, 3933
1.082671880722046, 3932
1.082671880722046, 3931
1.082671880722046, 3930
1.0866661071777344, 3929
1.0866661071777344, 3928
1.0866661071777344, 3927
1.0866661071777344, 3926
1.0866661071777344, 3925
1.0906965732574463, 3924
1.0906965732574463, 3923
1.0906965732574463, 3922
1.0947456359863281, 3921
1.0947456359863281, 3920
1.098670482635498, 3919
1.098670482635498, 3918
1.1026761531829834, 3917
1.1026761531829834, 3916
1.1026761531829834, 3915
1.1026761531829834, 3914
1.1026761531829834, 3913
1.106637716293335, 3912
1.106637716293335, 3911
1.1106390953063965, 3910
1.1106390953063965, 3909
1.1106390953063965, 3908
1.1106390953063965, 3907
1.1106390953063965, 3906
1.1106390953063965, 3905
1.1106390953063965, 3904
1.1146700382232666, 3903
1.1146700382232666, 3902
1.1146700382232666, 3901
1.1146700382232666, 3900
1.118668556213379, 3899
1.118668556213379, 3898
1.118668556213379, 3897
1.1226766109466553, 3896
1.1266796588897705, 3895
1.1266796588897705, 3894
1.1306517124176025, 3893
1.1346359252929688, 3892
1.1346359252929688, 3891
1.1386346817016602, 3890
1.1386346817016602, 3889
1.1386346817016602, 3888
1.1426353454589844, 3887
1.1426353454589844, 3886
1.146634817123413, 3885
1.146634817123413, 3884
1.146634817123413, 3883
1.150634765625, 3882
1.150634765625, 3881
1.150634765625, 3880
1.150634765625, 3879
1.150634765625, 3878
1.150634765625, 3877
1.1546359062194824, 3876
1.1586365699768066, 3875
1.1586365699768066, 3874
1.1586365699768066, 3873
1.1586365699768066, 3872
1.162635087966919, 3871
1.166637897491455, 3870
1.166637897491455, 3869
1.166637897491455, 3868
1.166637897491455, 3867
1.1706349849700928, 3866
1.1706349849700928, 3865
1.1706349849700928, 3864
1.1706349849700928, 3863
1.1706349849700928, 3862
1.1746368408203125, 3861
1.1826446056365967, 3860
1.1826446056365967, 3859
1.1826446056365967, 3858
1.1826446056365967, 3857
1.1826446056365967, 3856
1.1826446056365967, 3855
1.1826446056365967, 3854
1.1866350173950195, 3853
1.1866350173950195, 3852
1.1866350173950195, 3851
1.1906499862670898, 3850
1.1906499862670898, 3849
1.1946361064910889, 3848
1.1946361064910889, 3847
1.1946361064910889, 3846
1.1946361064910889, 3845
1.1946361064910889, 3844
1.1986353397369385, 3843
1.1986353397369385, 3842
1.1986353397369385, 3841
1.2026348114013672, 3840
1.2026348114013672, 3839
1.2026348114013672, 3838
1.206636667251587, 3837
1.206636667251587, 3836
1.206636667251587, 3835
1.2146365642547607, 3834
1.2146365642547607, 3833
1.2146365642547607, 3832
1.2146365642547607, 3831
1.218635082244873, 3830
1.218635082244873, 3829
1.2226343154907227, 3828
1.2226343154907227, 3827
1.2226343154907227, 3826
1.2226343154907227, 3825
1.2226343154907227, 3824
1.226635456085205, 3823
1.226635456085205, 3822
1.226635456085205, 3821
1.2306346893310547, 3820
1.2306346893310547, 3819
1.2306346893310547, 3818
1.2346346378326416, 3817
1.2346346378326416, 3816
1.2386348247528076, 3815
1.2386348247528076, 3814
1.2386348247528076, 3813
1.2386348247528076, 3812
1.2426469326019287, 3811
1.2466480731964111, 3810
1.2466480731964111, 3809
1.2466480731964111, 3808
1.250669240951538, 3807
1.250669240951538, 3806
1.250669240951538, 3805
1.250669240951538, 3804
1.250669240951538, 3803
1.2546687126159668, 3802
1.2546687126159668, 3801
1.2546687126159668, 3800
1.2586708068847656, 3799
1.2586708068847656, 3798
1.2586708068847656, 3797
1.2586708068847656, 3796
1.2626698017120361, 3795
1.2626698017120361, 3794
1.2626698017120361, 3793
1.2626698017120361, 3792
1.2666685581207275, 3791
1.2666685581207275, 3790
1.2706687450408936, 3789
1.2706687450408936, 3788
1.2706687450408936, 3787
1.278655767440796, 3786
1.2826406955718994, 3785
1.2866418361663818, 3784
1.2866418361663818, 3783
1.290642499923706, 3782
1.290642499923706, 3781
1.294640302658081, 3780
1.294640302658081, 3779
1.294640302658081, 3778
1.294640302658081, 3777
1.294640302658081, 3776
1.294640302658081, 3775
1.2986400127410889, 3774
1.2986400127410889, 3773
1.3026421070098877, 3772
1.3026421070098877, 3771
1.3066401481628418, 3770
1.3066401481628418, 3769
1.3066401481628418, 3768
1.310659646987915, 3767
1.310659646987915, 3766
1.310659646987915, 3765
1.314640998840332, 3764
1.314640998840332, 3763
1.314640998840332, 3762
1.314640998840332, 3761
1.314640998840332, 3760
1.314640998840332, 3759
1.3186399936676025, 3758
1.3186399936676025, 3757
1.3226406574249268, 3756
1.3226406574249268, 3755
1.326641321182251, 3754
1.330639123916626, 3753
1.338639497756958, 3752
1.338639497756958, 3751
1.3426682949066162, 3750
1.3466429710388184, 3749
1.3506410121917725, 3748
1.3506410121917725, 3747
1.3506410121917725, 3746
1.354640007019043, 3745
1.358640432357788, 3744
1.3626396656036377, 3743
1.3626396656036377, 3742
1.366640329360962, 3741
1.3706390857696533, 3740
1.3746373653411865, 3739
1.3746373653411865, 3738
1.3746373653411865, 3737
1.3746373653411865, 3736
1.3746373653411865, 3735
1.3787014484405518, 3734
1.382641077041626, 3733
1.382641077041626, 3732
1.3927240371704102, 3731
1.3927240371704102, 3730
1.3968133926391602, 3729
1.3968133926391602, 3728
1.3968133926391602, 3727
1.3988690376281738, 3726
1.3988690376281738, 3725
1.3988690376281738, 3724
1.3988690376281738, 3723
1.4028339385986328, 3722
1.4028339385986328, 3721
1.4028339385986328, 3720
1.4028339385986328, 3719
1.4070541858673096, 3718
1.4070541858673096, 3717
1.4070541858673096, 3716
1.4090616703033447, 3715
1.4130711555480957, 3714
1.417069673538208, 3713
1.417069673538208, 3712
1.417069673538208, 3711
1.421069622039795, 3710
1.421069622039795, 3709
1.4250710010528564, 3708
1.4250710010528564, 3707
1.4250710010528564, 3706
1.429069995880127, 3705
1.429069995880127, 3704
1.429069995880127, 3703
1.4330697059631348, 3702
1.4330697059631348, 3701
1.4330697059631348, 3700
1.4370698928833008, 3699
1.4370698928833008, 3698
1.4370698928833008, 3697
1.4370698928833008, 3696
1.4370698928833008, 3695
1.441070795059204, 3694
1.4451148509979248, 3693
1.4490697383880615, 3692
1.4490697383880615, 3691
1.4490697383880615, 3690
1.4490697383880615, 3689
1.4490697383880615, 3688
1.4490697383880615, 3687
1.4530694484710693, 3686
1.4530694484710693, 3685
1.4530694484710693, 3684
1.4570744037628174, 3683
1.4570744037628174, 3682
1.461073398590088, 3681
1.4650723934173584, 3680
1.4650723934173584, 3679
1.4650723934173584, 3678
1.4650723934173584, 3677
1.4650723934173584, 3676
1.4690721035003662, 3675
1.4730744361877441, 3674
1.4730744361877441, 3673
1.4730744361877441, 3672
1.4771099090576172, 3671
1.4850757122039795, 3670
1.4850757122039795, 3669
1.4850757122039795, 3668
1.4850757122039795, 3667
1.4850757122039795, 3666
1.4850757122039795, 3665
1.4850757122039795, 3664
1.4850757122039795, 3663
1.4890730381011963, 3662
1.4890730381011963, 3661
1.4930741786956787, 3660
1.4930741786956787, 3659
1.4970731735229492, 3658
1.4970731735229492, 3657
1.4970731735229492, 3656
1.5010721683502197, 3655
1.5010721683502197, 3654
1.5050721168518066, 3653
1.5091075897216797, 3652
1.5091075897216797, 3651
1.5091075897216797, 3650
1.5130791664123535, 3649
1.5171122550964355, 3648
1.5171122550964355, 3647
1.5171122550964355, 3646
1.5211243629455566, 3645
1.5211243629455566, 3644
1.5291204452514648, 3643
1.5291204452514648, 3642
1.5291204452514648, 3641
1.53312349319458, 3640
1.53312349319458, 3639
1.53312349319458, 3638
1.5365803241729736, 3637
1.5386378765106201, 3636
1.5386378765106201, 3635
1.5386378765106201, 3634
1.5386378765106201, 3633
1.5386378765106201, 3632
1.5386378765106201, 3631
1.5470600128173828, 3630
1.5491185188293457, 3629
1.5491185188293457, 3628
1.5531466007232666, 3627
1.5591626167297363, 3626
1.5674667358398438, 3625
1.5674667358398438, 3624
1.5695202350616455, 3623
1.5735182762145996, 3622
1.5780341625213623, 3621
1.5800714492797852, 3620
1.5800714492797852, 3619
1.5800714492797852, 3618
1.5800714492797852, 3617
1.5840888023376465, 3616
1.5840888023376465, 3615
1.5840888023376465, 3614
1.5840888023376465, 3613
1.5840888023376465, 3612
1.58795166015625, 3611
1.5900118350982666, 3610
1.5900118350982666, 3609
1.5940029621124268, 3608
1.5982975959777832, 3607
1.5982975959777832, 3606
1.6043856143951416, 3605
1.6107442378997803, 3604
1.6153874397277832, 3603
1.6164546012878418, 3602
1.6164546012878418, 3601
1.6174743175506592, 3600
1.6174743175506592, 3599
1.6211435794830322, 3598
1.6211435794830322, 3597
1.6211435794830322, 3596
1.6211435794830322, 3595
1.6211435794830322, 3594
1.6292603015899658, 3593
1.6313257217407227, 3592
1.6313257217407227, 3591
1.6352806091308594, 3590
1.6352806091308594, 3589
1.6352806091308594, 3588
1.6352806091308594, 3587
1.6416449546813965, 3586
1.6416449546813965, 3585
1.6416449546813965, 3584
1.6572070121765137, 3583
1.6572070121765137, 3582
1.6572070121765137, 3581
1.6612434387207031, 3580
1.6671991348266602, 3579
1.6671991348266602, 3578
1.6671991348266602, 3577
1.6712350845336914, 3576
1.6712350845336914, 3575
1.6712350845336914, 3574
1.6712350845336914, 3573
1.6775782108306885, 3572
1.6775782108306885, 3571
1.681549310684204, 3570
1.681549310684204, 3569
1.681549310684204, 3568
1.6855483055114746, 3567
1.6855483055114746, 3566
1.6855483055114746, 3565
1.6855483055114746, 3564
1.6877853870391846, 3563
1.6877853870391846, 3562
1.6877853870391846, 3561
1.6877853870391846, 3560
1.6877853870391846, 3559
1.6918165683746338, 3558
1.6918165683746338, 3557
1.695814847946167, 3556
1.695814847946167, 3555
1.695814847946167, 3554
1.695814847946167, 3553
1.6980934143066406, 3552
1.6980934143066406, 3551
1.6980934143066406, 3550
1.7123868465423584, 3549
1.7123868465423584, 3548
1.7123868465423584, 3547
1.7123868465423584, 3546
1.7163715362548828, 3545
1.718451976776123, 3544
1.722428798675537, 3543
1.7264621257781982, 3542
1.7264621257781982, 3541
1.7264621257781982, 3540
1.7304654121398926, 3539
1.7304654121398926, 3538
1.7304654121398926, 3537
1.734450340270996, 3536
1.734450340270996, 3535
1.736724615097046, 3534
1.736724615097046, 3533
1.738793134689331, 3532
1.7427773475646973, 3531
1.7427773475646973, 3530
1.7427773475646973, 3529
1.7427773475646973, 3528
1.746809720993042, 3527
1.748875379562378, 3526
1.748875379562378, 3525
1.748875379562378, 3524
1.7528293132781982, 3523
1.7528293132781982, 3522
1.7528293132781982, 3521
1.7528293132781982, 3520
1.7569494247436523, 3519
1.7569494247436523, 3518
1.7569494247436523, 3517
1.76094651222229, 3516
1.76094651222229, 3515
1.76094651222229, 3514
1.76094651222229, 3513
1.7649452686309814, 3512
1.7671401500701904, 3511
1.7671401500701904, 3510
1.7692170143127441, 3509
1.7692170143127441, 3508
1.7692170143127441, 3507
1.7731943130493164, 3506
1.7731943130493164, 3505
1.7731943130493164, 3504
1.7731943130493164, 3503
1.779282569885254, 3502
1.779282569885254, 3501
1.779282569885254, 3500
1.783308982849121, 3499
1.783308982849121, 3498
1.7873387336730957, 3497
1.7893950939178467, 3496
1.7893950939178467, 3495
1.7934277057647705, 3494
1.7934277057647705, 3493
1.7934277057647705, 3492
1.7974858283996582, 3491
1.7974858283996582, 3490
1.7974858283996582, 3489
1.7974858283996582, 3488
1.7974858283996582, 3487
1.8035809993743896, 3486
1.8035809993743896, 3485
1.8076648712158203, 3484
1.8076648712158203, 3483
1.8218753337860107, 3482
1.8218753337860107, 3481
1.82584810256958, 3480
1.82584810256958, 3479
1.82584810256958, 3478
1.82584810256958, 3477
1.82584810256958, 3476
1.8279047012329102, 3475
1.8279047012329102, 3474
1.8279047012329102, 3473
1.831937313079834, 3472
1.831937313079834, 3471
1.8359041213989258, 3470
1.8359041213989258, 3469
1.8359041213989258, 3468
1.8399016857147217, 3467
1.8399016857147217, 3466
1.8440027236938477, 3465
1.8440027236938477, 3464
1.8440027236938477, 3463
1.8519399166107178, 3462
1.8519399166107178, 3461
1.8519399166107178, 3460
1.8599393367767334, 3459
1.8679394721984863, 3458
1.8719027042388916, 3457
1.8759148120880127, 3456
1.8759148120880127, 3455
1.8759148120880127, 3454
1.8799381256103516, 3453
1.8799381256103516, 3452
1.8799381256103516, 3451
1.883904218673706, 3450
1.8879365921020508, 3449
1.8879365921020508, 3448
1.8879365921020508, 3447
1.8879365921020508, 3446
1.8879365921020508, 3445
1.8919436931610107, 3444
1.8919436931610107, 3443
1.8919436931610107, 3442
1.8919436931610107, 3441
1.8919436931610107, 3440
1.8919436931610107, 3439
1.8959019184112549, 3438
1.8959019184112549, 3437
1.8959019184112549, 3436
1.8959019184112549, 3435
1.8999059200286865, 3434
1.9039061069488525, 3433
1.9079086780548096, 3432
1.9119644165039062, 3431
1.9119644165039062, 3430
1.9119644165039062, 3429
1.9119644165039062, 3428
1.9119644165039062, 3427
1.915903091430664, 3426
1.9199011325836182, 3425
1.9199011325836182, 3424
1.9239027500152588, 3423
1.927905559539795, 3422
1.927905559539795, 3421
1.931901454925537, 3420
1.931901454925537, 3419
1.931901454925537, 3418
1.931901454925537, 3417
1.9349703788757324, 3416
1.9349703788757324, 3415
1.9349703788757324, 3414
1.9349703788757324, 3413
1.9389140605926514, 3412
1.9389140605926514, 3411
1.9429683685302734, 3410
1.9429683685302734, 3409
1.9429683685302734, 3408
1.9429683685302734, 3407
1.946915864944458, 3406
1.946915864944458, 3405
1.946915864944458, 3404
1.9509148597717285, 3403
1.9509148597717285, 3402
1.9549140930175781, 3401
1.9589521884918213, 3400
1.9589521884918213, 3399
1.9629504680633545, 3398
1.9629504680633545, 3397
1.9669504165649414, 3396
1.9669504165649414, 3395
1.9669504165649414, 3394
1.9709513187408447, 3393
1.9749524593353271, 3392
1.9749524593353271, 3391
1.9789175987243652, 3390
1.9789175987243652, 3389
1.9829421043395996, 3388
1.986952304840088, 3387
1.986952304840088, 3386
1.9909603595733643, 3385
1.9909603595733643, 3384
1.9949500560760498, 3383
1.9989495277404785, 3382
1.9989495277404785, 3381
2.0029540061950684, 3380
2.0029540061950684, 3379
2.0029540061950684, 3378
2.0029540061950684, 3377
2.0029540061950684, 3376
2.0029540061950684, 3375
2.0109777450561523, 3374
2.0109777450561523, 3373
2.0109777450561523, 3372
2.0109777450561523, 3371
2.0149242877960205, 3370
2.0149242877960205, 3369
2.0149242877960205, 3368
2.0229153633117676, 3367
2.0279626846313477, 3366
2.031898260116577, 3365
2.031898260116577, 3364
2.031898260116577, 3363
2.035897731781006, 3362
2.03989577293396, 3361
2.03989577293396, 3360
2.0439159870147705, 3359
2.0479259490966797, 3358
2.0479259490966797, 3357
2.0479259490966797, 3356
2.05189847946167, 3355
2.0558974742889404, 3354
2.0599398612976074, 3353
2.063929319381714, 3352
2.063929319381714, 3351
2.067930221557617, 3350
2.071937322616577, 3349
2.071937322616577, 3348
2.079939842224121, 3347
2.079939842224121, 3346
2.079939842224121, 3345
2.079939842224121, 3344
2.0879268646240234, 3343
2.0919315814971924, 3342
2.0919315814971924, 3341
2.0959315299987793, 3340
2.0959315299987793, 3339
2.0959315299987793, 3338
2.0999319553375244, 3337
2.0999319553375244, 3336
2.0999319553375244, 3335
2.0999319553375244, 3334
2.1039369106292725, 3333
2.111934185028076, 3332
2.115898609161377, 3331
2.115898609161377, 3330
2.115898609161377, 3329
2.115898609161377, 3328
2.123898506164551, 3327
2.123898506164551, 3326
2.127927780151367, 3325
2.127927780151367, 3324
2.127927780151367, 3323
2.127927780151367, 3322
2.127927780151367, 3321
2.127927780151367, 3320
2.131913661956787, 3319
2.135913848876953, 3318
2.135913848876953, 3317
2.135913848876953, 3316
2.1399121284484863, 3315
2.1439476013183594, 3314
2.1439476013183594, 3313
2.1439476013183594, 3312
2.1479475498199463, 3311
2.1479475498199463, 3310
2.1519455909729004, 3309
2.1519455909729004, 3308
2.1559457778930664, 3307
2.1559457778930664, 3306
2.1559457778930664, 3305
2.1559457778930664, 3304
2.1599817276000977, 3303
2.1639492511749268, 3302
2.1639492511749268, 3301
2.167945623397827, 3300
2.167945623397827, 3299
2.167945623397827, 3298
2.167945623397827, 3297
2.167945623397827, 3296
2.167945623397827, 3295
2.171949625015259, 3294
2.171949625015259, 3293
2.171949625015259, 3292
2.1811537742614746, 3291
2.1811537742614746, 3290
2.1851534843444824, 3289
2.189152956008911, 3288
2.189152956008911, 3287
2.189152956008911, 3286
2.189152956008911, 3285
2.1931560039520264, 3284
2.1931560039520264, 3283
2.1931560039520264, 3282
2.2011539936065674, 3281
2.2091426849365234, 3280
2.2131404876708984, 3279
2.217120885848999, 3278
2.217120885848999, 3277
2.217120885848999, 3276
2.221153736114502, 3275
2.221153736114502, 3274
2.221153736114502, 3273
2.225156307220459, 3272
2.225156307220459, 3271
2.228116273880005, 3270
2.228116273880005, 3269
2.232150077819824, 3268
2.232150077819824, 3267
2.232150077819824, 3266
2.232150077819824, 3265
2.2361528873443604, 3264
2.2361528873443604, 3263
2.2361528873443604, 3262
2.240114450454712, 3261
2.240114450454712, 3260
2.2442092895507812, 3259
2.2442092895507812, 3258
2.2481513023376465, 3257
2.2481513023376465, 3256
2.2481513023376465, 3255
2.2481513023376465, 3254
2.2481513023376465, 3253
2.252150774002075, 3252
2.252150774002075, 3251
2.252150774002075, 3250
2.2561168670654297, 3249
2.2601511478424072, 3248
2.2641491889953613, 3247
2.2641491889953613, 3246
2.2721517086029053, 3245
2.2721517086029053, 3244
2.2721517086029053, 3243
2.2761802673339844, 3242
2.2841506004333496, 3241
2.2881503105163574, 3240
2.2881503105163574, 3239
2.2881503105163574, 3238
2.292114734649658, 3237
2.292114734649658, 3236
2.296114444732666, 3235
2.300149917602539, 3234
2.3041536808013916, 3233
2.3041536808013916, 3232
2.3041536808013916, 3231
2.3041536808013916, 3230
2.3041536808013916, 3229
2.3041536808013916, 3228
2.3081583976745605, 3227
2.3081583976745605, 3226
2.3081583976745605, 3225
2.3161137104034424, 3224
2.3161137104034424, 3223
2.320115566253662, 3222
2.320115566253662, 3221
2.320115566253662, 3220
2.3281610012054443, 3219
2.3281610012054443, 3218
2.332183599472046, 3217
2.3361480236053467, 3216
2.344210147857666, 3215
2.344210147857666, 3214
2.344210147857666, 3213
2.3481836318969727, 3212
2.3481836318969727, 3211
2.3601486682891846, 3210
2.3601486682891846, 3209
2.3601486682891846, 3208
2.3641843795776367, 3207
2.368184804916382, 3206
2.368184804916382, 3205
2.372183322906494, 3204
2.376199960708618, 3203
2.380185127258301, 3202
2.380185127258301, 3201
2.3841848373413086, 3200
2.3841848373413086, 3199
2.388183832168579, 3198
2.388183832168579, 3197
2.388183832168579, 3196
2.388183832168579, 3195
2.392181634902954, 3194
2.392181634902954, 3193
2.3961479663848877, 3192
2.4001526832580566, 3191
2.4001526832580566, 3190
2.40415096282959, 3189
2.40415096282959, 3188
2.4081547260284424, 3187
2.4121551513671875, 3186
2.416154146194458, 3185
2.416154146194458, 3184
2.416154146194458, 3183
2.420151710510254, 3182
2.424152135848999, 3181
2.428187608718872, 3180
2.4321682453155518, 3179
2.436168670654297, 3178
2.436168670654297, 3177
2.440171957015991, 3176
2.440171957015991, 3175
2.440171957015991, 3174
2.448169708251953, 3173
2.456165313720703, 3172
2.4601709842681885, 3171
2.4601709842681885, 3170
2.4601709842681885, 3169
2.4601709842681885, 3168
2.4641692638397217, 3167
2.4641692638397217, 3166
2.4681687355041504, 3165
2.4681687355041504, 3164
2.4681687355041504, 3163
2.472168445587158, 3162
2.4802019596099854, 3161
2.4802019596099854, 3160
2.4881999492645264, 3159
2.496169090270996, 3158
2.5002007484436035, 3157
2.5002007484436035, 3156
2.5002007484436035, 3155
2.5002007484436035, 3154
2.5002007484436035, 3153
2.504204750061035, 3152
2.51220703125, 3151
2.51220703125, 3150
2.51220703125, 3149
2.516167640686035, 3148
2.5202016830444336, 3147
2.524170160293579, 3146
2.5284509658813477, 3145
2.5284509658813477, 3144
2.532404899597168, 3143
2.532404899597168, 3142
2.532404899597168, 3141
2.536405324935913, 3140
2.536405324935913, 3139
2.5444693565368652, 3138
2.548407793045044, 3137
2.55240535736084, 3136
2.55240535736084, 3135
2.560406446456909, 3134
2.560406446456909, 3133
2.564405679702759, 3132
2.564405679702759, 3131
2.5684053897857666, 3130
2.5684053897857666, 3129
2.5684053897857666, 3128
2.5684053897857666, 3127
2.572404623031616, 3126
2.580440044403076, 3125
2.580440044403076, 3124
2.584439277648926, 3123
2.5884406566619873, 3122
2.5884406566619873, 3121
2.5964012145996094, 3120
2.5964012145996094, 3119
2.6004011631011963, 3118
2.6004011631011963, 3117
2.6004011631011963, 3116
2.6004011631011963, 3115
2.604400873184204, 3114
2.6124019622802734, 3113
2.616401195526123, 3112
2.620400905609131, 3111
2.620400905609131, 3110
2.6244096755981445, 3109
2.6244096755981445, 3108
2.628401041030884, 3107
2.628401041030884, 3106
2.6324007511138916, 3105
2.634955406188965, 3104
2.6389217376708984, 3103
2.642925262451172, 3102
2.6469147205352783, 3101
2.6469147205352783, 3100
2.6469147205352783, 3099
2.6509130001068115, 3098
2.658949136734009, 3097
2.6669483184814453, 3096
2.670950174331665, 3095
2.6829135417938232, 3094
2.6909146308898926, 3093
2.698913812637329, 3092
2.7029123306274414, 3091
2.7069263458251953, 3090
2.7069263458251953, 3089
2.7109262943267822, 3088
2.7149136066436768, 3087
2.7149136066436768, 3086
2.7149136066436768, 3085
2.722914934158325, 3084
2.722914934158325, 3083
2.7269139289855957, 3082
2.7324235439300537, 3081
2.7484257221221924, 3080
2.7524256706237793, 3079
2.7564268112182617, 3078
2.7564268112182617, 3077
2.7564268112182617, 3076
2.7604258060455322, 3075
2.7604258060455322, 3074
2.7644238471984863, 3073
2.7644238471984863, 3072
2.7644238471984863, 3071
2.768425703048706, 3070
2.7724664211273193, 3069
2.7724664211273193, 3068
2.776473045349121, 3067
2.7804696559906006, 3066
2.7804696559906006, 3065
2.7804696559906006, 3064
2.7884604930877686, 3063
2.7964277267456055, 3062
2.7964277267456055, 3061
2.7964277267456055, 3060
2.7964277267456055, 3059
2.800471067428589, 3058
2.800471067428589, 3057
2.800471067428589, 3056
2.804464101791382, 3055
2.808427333831787, 3054
2.808427333831787, 3053
2.808427333831787, 3052
2.8124260902404785, 3051
2.8124260902404785, 3050
2.8124260902404785, 3049
2.8164260387420654, 3048
2.820425271987915, 3047
2.820425271987915, 3046
2.824430465698242, 3045
2.8349766731262207, 3044
2.8469386100769043, 3043
2.8549365997314453, 3042
2.8629372119903564, 3041
2.8669371604919434, 3040
2.8669371604919434, 3039
2.8669371604919434, 3038
2.8749375343322754, 3037
2.8749375343322754, 3036
2.8829379081726074, 3035
2.886937141418457, 3034
2.886937141418457, 3033
2.8909378051757812, 3032
2.894937753677368, 3031
2.906937837600708, 3030
2.9109485149383545, 3029
2.9109485149383545, 3028
2.9109485149383545, 3027
2.91493821144104, 3026
2.9189369678497314, 3025
2.9189369678497314, 3024
2.9229397773742676, 3023
2.9229397773742676, 3022
2.9287631511688232, 3021
2.9367573261260986, 3020
2.9447836875915527, 3019
2.9447836875915527, 3018
2.9487509727478027, 3017
2.9487509727478027, 3016
2.9527859687805176, 3015
2.9527859687805176, 3014
2.9687905311584473, 3013
2.9687905311584473, 3012
2.9687905311584473, 3011
2.9807536602020264, 3010
2.9807536602020264, 3009
2.988788604736328, 3008
2.9927868843078613, 3007
3.0007858276367188, 3006
3.0047919750213623, 3005
3.012803316116333, 3004
3.012803316116333, 3003
3.0207769870758057, 3002
3.0247931480407715, 3001
3.0286741256713867, 3000
3.0286741256713867, 2999
3.032684087753296, 2998
3.040649890899658, 2997
3.0447659492492676, 2996
3.050163507461548, 2995
3.0512919425964355, 2994
3.05606746673584, 2993
3.0604662895202637, 2992
3.068486213684082, 2991
3.0724618434906006, 2990
3.0724618434906006, 2989
3.0810933113098145, 2988
3.089092493057251, 2987
3.089092493057251, 2986
3.089092493057251, 2985
3.093094825744629, 2984
3.0976898670196533, 2983
3.0976898670196533, 2982
3.0976898670196533, 2981
3.0976898670196533, 2980
3.10524845123291, 2979
3.1149158477783203, 2978
3.125199556350708, 2977
3.1348421573638916, 2976
3.1348421573638916, 2975
3.144904613494873, 2974
3.144904613494873, 2973
3.144904613494873, 2972
3.144904613494873, 2971
3.155019521713257, 2970
3.155019521713257, 2969
3.155019521713257, 2968
3.1649367809295654, 2967
3.1649367809295654, 2966
3.174997329711914, 2965
3.174997329711914, 2964
3.174997329711914, 2963
3.174997329711914, 2962
3.184971809387207, 2961
3.184971809387207, 2960
3.184971809387207, 2959
3.184971809387207, 2958
3.195056676864624, 2957
3.205275058746338, 2956
3.2149152755737305, 2955
3.2149152755737305, 2954
3.2149152755737305, 2953
3.2149152755737305, 2952
3.224838972091675, 2951
3.224838972091675, 2950
3.2288858890533447, 2949
3.2288858890533447, 2948
3.2349915504455566, 2947
3.2349915504455566, 2946
3.2349915504455566, 2945
3.2349915504455566, 2944
3.2349915504455566, 2943
3.2451086044311523, 2942
3.2501518726348877, 2941
3.2501518726348877, 2940
3.2501518726348877, 2939
3.2552154064178467, 2938
3.2552154064178467, 2937
3.2552154064178467, 2936
3.2699642181396484, 2935
3.27508544921875, 2934
3.27508544921875, 2933
3.27508544921875, 2932
3.27508544921875, 2931
3.27508544921875, 2930
3.27508544921875, 2929
3.2853245735168457, 2928
3.2853245735168457, 2927
3.295100212097168, 2926
3.295100212097168, 2925
3.295100212097168, 2924
3.295100212097168, 2923
3.3050897121429443, 2922
3.3050897121429443, 2921
3.320232391357422, 2920
3.3288381099700928, 2919
3.3348896503448486, 2918
3.3348896503448486, 2917
3.3348896503448486, 2916
3.3348896503448486, 2915
3.3348896503448486, 2914
3.3451547622680664, 2913
3.3451547622680664, 2912
3.3451547622680664, 2911
3.3451547622680664, 2910
3.3451547622680664, 2909
3.3551883697509766, 2908
3.3551883697509766, 2907
3.3551883697509766, 2906
3.3551883697509766, 2905
3.364934206008911, 2904
3.364934206008911, 2903
3.364934206008911, 2902
3.364934206008911, 2901
3.364934206008911, 2900
3.375225305557251, 2899
3.3849003314971924, 2898
3.3849003314971924, 2897
3.3951683044433594, 2896
3.3951683044433594, 2895
3.3951683044433594, 2894
3.3951683044433594, 2893
3.3951683044433594, 2892
3.3951683044433594, 2891
3.4050283432006836, 2890
3.4050283432006836, 2889
3.4149422645568848, 2888
3.4149422645568848, 2887
3.4149422645568848, 2886
3.4149422645568848, 2885
3.4248387813568115, 2884
3.4248387813568115, 2883
3.4248387813568115, 2882
3.4248387813568115, 2881
3.4248387813568115, 2880
3.434943675994873, 2879
3.455162286758423, 2878
3.4652042388916016, 2877
3.475198745727539, 2876
3.49503231048584, 2875
3.505023241043091, 2874
3.510035276412964, 2873
3.5151307582855225, 2872
3.5201358795166016, 2871
3.5201358795166016, 2870
3.525183916091919, 2869
3.525183916091919, 2868
3.525183916091919, 2867
3.529188632965088, 2866
3.529235601425171, 2865
3.544952869415283, 2864
3.549957275390625, 2863
3.549957275390625, 2862
3.554992437362671, 2861
3.5701284408569336, 2860
3.5701284408569336, 2859
3.5701284408569336, 2858
3.57525372505188, 2857
3.57525372505188, 2856
3.580293655395508, 2855
3.580293655395508, 2854
3.580293655395508, 2853
3.584855079650879, 2852
3.5949180126190186, 2851
3.5949180126190186, 2850
3.5949180126190186, 2849
3.5949180126190186, 2848
3.5949180126190186, 2847
3.5999577045440674, 2846
3.5999577045440674, 2845
3.605034828186035, 2844
3.605034828186035, 2843
3.605034828186035, 2842
3.605034828186035, 2841
3.6149673461914062, 2840
3.6149673461914062, 2839
3.6149673461914062, 2838
3.624859094619751, 2837
3.624859094619751, 2836
3.624859094619751, 2835
3.6293792724609375, 2834
3.6293792724609375, 2833
3.6293792724609375, 2832
3.6293792724609375, 2831
3.6349289417266846, 2830
3.6349289417266846, 2829
3.645195484161377, 2828
3.645195484161377, 2827
3.6552488803863525, 2826
3.6552488803863525, 2825
3.6650238037109375, 2824
3.6700799465179443, 2823
3.675222635269165, 2822
3.675222635269165, 2821
3.6850500106811523, 2820
3.6850500106811523, 2819
3.6850500106811523, 2818
3.69517183303833, 2817
3.69517183303833, 2816
3.7148449420928955, 2815
3.7148449420928955, 2814
3.7198500633239746, 2813
3.729482650756836, 2812
3.7350478172302246, 2811
3.740056276321411, 2810
3.740056276321411, 2809
3.7551767826080322, 2808
3.7551767826080322, 2807
3.7551767826080322, 2806
3.760181188583374, 2805
3.774796724319458, 2804
3.7798030376434326, 2803
3.7848563194274902, 2802
3.7949249744415283, 2801
3.7999637126922607, 2800
3.805047035217285, 2799
3.8151755332946777, 2798
3.820214033126831, 2797
3.8293333053588867, 2796
3.8348805904388428, 2795
3.8348805904388428, 2794
3.8398897647857666, 2793
3.8451039791107178, 2792
3.8451039791107178, 2791
3.8451039791107178, 2790
3.855025053024292, 2789
3.8649661540985107, 2788
3.894852876663208, 2787
3.894852876663208, 2786
3.9050021171569824, 2785
3.9050021171569824, 2784
3.9050021171569824, 2783
3.9202961921691895, 2782
3.9252030849456787, 2781
3.929475784301758, 2780
3.929475784301758, 2779
3.9350996017456055, 2778
3.9449076652526855, 2777
3.9449076652526855, 2776
3.9449076652526855, 2775
3.9449076652526855, 2774
3.9551899433135986, 2773
3.9649016857147217, 2772
3.9649016857147217, 2771
3.9748647212982178, 2770
3.9798779487609863, 2769
3.9798779487609863, 2768
3.984941005706787, 2767
3.984941005706787, 2766
3.9951210021972656, 2765
4.004981756210327, 2764
4.004981756210327, 2763
4.004981756210327, 2762
4.015032768249512, 2761
4.024957895278931, 2760
4.035143852233887, 2759
4.045055389404297, 2758
4.045055389404297, 2757
4.055053949356079, 2756
4.064937353134155, 2755
4.088797092437744, 2754
4.091750621795654, 2753
4.101792335510254, 2752
4.110028505325317, 2751
4.115144491195679, 2750
4.1201558113098145, 2749
4.1252055168151855, 2748
4.1297736167907715, 2747
4.1297736167907715, 2746
4.1297736167907715, 2745
4.134836912155151, 2744
4.145032644271851, 2743
4.145032644271851, 2742
4.145032644271851, 2741
4.1550188064575195, 2740
4.164846181869507, 2739
4.164846181869507, 2738
4.185049295425415, 2737
4.185049295425415, 2736
4.209832191467285, 2735
4.214920520782471, 2734
4.214920520782471, 2733
4.219930171966553, 2732
4.225001573562622, 2731
4.245328187942505, 2730
4.245328187942505, 2729
4.245328187942505, 2728
4.26069450378418, 2727
4.272956371307373, 2726
4.284830093383789, 2725
4.291497707366943, 2724
4.295086860656738, 2723
4.295086860656738, 2722
4.312461853027344, 2721
4.315027475357056, 2720
4.3150718212127686, 2719
4.3150718212127686, 2718
4.3253490924835205, 2717
4.3253490924835205, 2716
4.332876682281494, 2715
4.334941148757935, 2714
4.334941148757935, 2713
4.353348970413208, 2712
4.36513352394104, 2711
4.386025428771973, 2710
4.396086931228638, 2709
4.396086931228638, 2708
4.415048599243164, 2707
4.415048599243164, 2706
4.426431179046631, 2705
4.436641454696655, 2704
4.446937561035156, 2703
4.446937561035156, 2702
4.457098960876465, 2701
4.457098960876465, 2700
4.477234601974487, 2699
4.477234601974487, 2698
4.477234601974487, 2697
4.477234601974487, 2696
4.477234601974487, 2695
4.485323190689087, 2694
4.485323190689087, 2693
4.487374782562256, 2692
4.487374782562256, 2691
4.497546911239624, 2690
4.497546911239624, 2689
4.507657766342163, 2688
4.507657766342163, 2687
4.507657766342163, 2686
4.507657766342163, 2685
4.507657766342163, 2684
4.517823696136475, 2683
4.517823696136475, 2682
4.517823696136475, 2681
4.525930881500244, 2680
4.525930881500244, 2679
4.527981519699097, 2678
4.527981519699097, 2677
4.527981519699097, 2676
4.527981519699097, 2675
4.5448315143585205, 2674
4.546385765075684, 2673
4.548438787460327, 2672
4.548438787460327, 2671
4.548438787460327, 2670
4.566697835922241, 2669
4.609492301940918, 2668
4.6196746826171875, 2667
4.629844427108765, 2666
4.629844427108765, 2665
4.629844427108765, 2664
4.6349265575408936, 2663
4.6349265575408936, 2662
4.640080690383911, 2661
4.654813766479492, 2660
4.658369541168213, 2659
4.6748206615448, 2658
4.6748206615448, 2657
4.6748206615448, 2656
4.685057163238525, 2655
4.685057163238525, 2654
4.685057163238525, 2653
4.685057163238525, 2652
4.694836616516113, 2651
4.694836616516113, 2650
4.694836616516113, 2649
4.704920530319214, 2648
4.719265937805176, 2647
4.724830627441406, 2646
4.735043048858643, 2645
4.735043048858643, 2644
4.758534669876099, 2643
4.765088319778442, 2642
4.775397777557373, 2641
4.775397777557373, 2640
4.775397777557373, 2639
4.775397777557373, 2638
4.775397777557373, 2637
4.775397777557373, 2636
4.794757127761841, 2635
4.794757127761841, 2634
4.8049726486206055, 2633
4.824895143508911, 2632
4.824895143508911, 2631
4.824895143508911, 2630
4.834881067276001, 2629
4.834881067276001, 2628
4.834881067276001, 2627
4.844969749450684, 2626
4.844969749450684, 2625
4.844969749450684, 2624
4.864988327026367, 2623
4.875384330749512, 2622
4.884979248046875, 2621
4.884979248046875, 2620
4.9174323081970215, 2619
4.924864053726196, 2618
4.935147762298584, 2617
4.945235013961792, 2616
4.945235013961792, 2615
4.950240135192871, 2614
4.9548180103302, 2613
4.958390951156616, 2612
4.958390951156616, 2611
4.958390951156616, 2610
4.964966773986816, 2609
5.004925727844238, 2608
5.004925727844238, 2607
5.019744873046875, 2606
5.0248494148254395, 2605
5.034924030303955, 2604
5.034924030303955, 2603
5.0452048778533936, 2602
5.0649330615997314, 2601
5.0649330615997314, 2600
5.094716310501099, 2599
5.104796409606934, 2598
5.104796409606934, 2597
5.158671140670776, 2596
5.158671140670776, 2595
5.185014486312866, 2594
5.185014486312866, 2593
5.185014486312866, 2592
5.194809198379517, 2591
5.199819326400757, 2590
5.199819326400757, 2589
5.224933624267578, 2588
5.234758377075195, 2587
5.2447991371154785, 2586
5.264829397201538, 2585
5.275193214416504, 2584
5.281311273574829, 2583
5.281311273574829, 2582
5.305217266082764, 2581
5.315077066421509, 2580
5.315077066421509, 2579
5.334993600845337, 2578
5.342853784561157, 2577
5.345043897628784, 2576
5.354982137680054, 2575
5.354982137680054, 2574
5.354982137680054, 2573
5.354982137680054, 2572
5.354982137680054, 2571
5.360969066619873, 2570
5.395118474960327, 2569
5.395118474960327, 2568
5.4048171043396, 2567
5.4048171043396, 2566
5.4448816776275635, 2565
5.4448816776275635, 2564
5.452652454376221, 2563
5.454707860946655, 2562
5.48515248298645, 2561
5.495627403259277, 2560
5.5157411098480225, 2559
5.5157411098480225, 2558
5.534154653549194, 2557
5.537185430526733, 2556
5.545423984527588, 2555
5.555352449417114, 2554
5.555352449417114, 2553
5.605177402496338, 2552
5.630037069320679, 2551
5.645165681838989, 2550
5.650210857391357, 2549
5.659824848175049, 2548
5.664883613586426, 2547
5.6751062870025635, 2546
5.69974422454834, 2545
5.69974422454834, 2544
5.704798698425293, 2543
5.709841012954712, 2542
5.709841012954712, 2541
5.730059623718262, 2540
5.730059623718262, 2539
5.735113143920898, 2538
5.735113143920898, 2537
5.749803066253662, 2536
5.78499698638916, 2535
5.815170526504517, 2534
5.8556554317474365, 2533
5.88497257232666, 2532
5.88497257232666, 2531
5.895113706588745, 2530
5.914982318878174, 2529
5.924972057342529, 2528
5.924972057342529, 2527
5.93474555015564, 2526
5.944868564605713, 2525
5.955545663833618, 2524
5.964859247207642, 2523
5.974982500076294, 2522
5.974982500076294, 2521
5.98526406288147, 2520
5.9950151443481445, 2519
5.9950151443481445, 2518
5.9950151443481445, 2517
5.9950151443481445, 2516
6.004831075668335, 2515
6.025008201599121, 2514
6.035125017166138, 2513
6.035125017166138, 2512
6.044790983200073, 2511
6.064831495285034, 2510
6.064831495285034, 2509
6.085190057754517, 2508
6.085190057754517, 2507
6.085190057754517, 2506
6.1048643589019775, 2505
6.134741544723511, 2504
6.134741544723511, 2503
6.134741544723511, 2502
6.134741544723511, 2501
6.147495746612549, 2500
6.1554272174835205, 2499
6.175071716308594, 2498
6.175071716308594, 2497
6.175071716308594, 2496
6.184998035430908, 2495
6.2100255489349365, 2494
6.215092897415161, 2493
6.225155353546143, 2492
6.23521876335144, 2491
6.2554521560668945, 2490
6.2554521560668945, 2489
6.265045642852783, 2488
6.265045642852783, 2487
6.285022258758545, 2486
6.285022258758545, 2485
6.285022258758545, 2484
6.285022258758545, 2483
6.290029287338257, 2482
6.335026025772095, 2481
6.395169973373413, 2480
6.395169973373413, 2479
6.404823541641235, 2478
6.404823541641235, 2477
6.404823541641235, 2476
6.415123462677002, 2475
6.4300055503845215, 2474
6.444758892059326, 2473
6.455565929412842, 2472
6.4651453495025635, 2471
6.4651453495025635, 2470
6.494966983795166, 2469
6.494966983795166, 2468
6.504945278167725, 2467
6.504945278167725, 2466
6.504945278167725, 2465
6.515161991119385, 2464
6.515161991119385, 2463
6.525168180465698, 2462
6.525168180465698, 2461
6.534867763519287, 2460
6.544908046722412, 2459
6.565007209777832, 2458
6.605195045471191, 2457
6.605195045471191, 2456
6.6250224113464355, 2455
6.6250224113464355, 2454
6.656083345413208, 2453
6.6651952266693115, 2452
6.724905014038086, 2451
6.767502546310425, 2450
6.767502546310425, 2449
6.814944267272949, 2448
6.814944267272949, 2447
6.82500696182251, 2446
6.8350865840911865, 2445
6.856013298034668, 2444
6.865098714828491, 2443
6.889834642410278, 2442
6.889834642410278, 2441
6.889834642410278, 2440
6.915085792541504, 2439
6.915085792541504, 2438
6.9449121952056885, 2437
6.9751975536346436, 2436
6.984921932220459, 2435
6.9947874546051025, 2434
7.015007495880127, 2433
7.02506160736084, 2432
7.035165548324585, 2431
7.064913988113403, 2430
7.125050067901611, 2429
7.160023927688599, 2428
7.165075778961182, 2427
7.189777851104736, 2426
7.194835424423218, 2425
7.215034008026123, 2424
7.244842290878296, 2423
7.244842290878296, 2422
7.264993906021118, 2421
7.319946527481079, 2420
7.329991817474365, 2419
7.385216951370239, 2418
7.385216951370239, 2417
7.414938926696777, 2416
7.424819469451904, 2415
7.435049772262573, 2414
7.444893836975098, 2413
7.495190382003784, 2412
7.504967212677002, 2411
7.514993906021118, 2410
7.514993906021118, 2409
7.52531886100769, 2408
7.5452375411987305, 2407
7.550248384475708, 2406
7.589712381362915, 2405
7.615020751953125, 2404
7.620651960372925, 2403
7.625209331512451, 2402
7.638922691345215, 2401
7.695086240768433, 2400
7.704972505569458, 2399
7.734799146652222, 2398
7.7449963092803955, 2397
7.75522255897522, 2396
7.78244948387146, 2395
7.794833421707153, 2394
7.8030030727386475, 2393
7.835094213485718, 2392
7.866195201873779, 2391
7.885320663452148, 2390
7.9455695152282715, 2389
7.96589469909668, 2388
7.978263854980469, 2387
8.03822135925293, 2386
8.081317663192749, 2385
8.09509801864624, 2384
8.09509801864624, 2383
8.135233640670776, 2382
8.215128183364868, 2381
8.2253897190094, 2380
8.229896306991577, 2379
8.374955892562866, 2378
8.43489122390747, 2377
8.514892816543579, 2376
8.52486538887024, 2375
8.545816421508789, 2374
8.585094213485718, 2373
8.597398519515991, 2372
8.615026712417603, 2371
8.615026712417603, 2370
8.630009412765503, 2369
8.66479754447937, 2368
8.754851818084717, 2367
8.825148820877075, 2366
8.834823369979858, 2365
8.86479926109314, 2364
8.97520661354065, 2363
8.97520661354065, 2362
9.03501009941101, 2361
9.048082828521729, 2360
9.190044641494751, 2359
9.310602903366089, 2358
9.322955846786499, 2357
9.38243293762207, 2356
9.405231475830078, 2355
9.4851655960083, 2354
9.544751167297363, 2353
9.549794673919678, 2352
9.59493637084961, 2351
9.614898920059204, 2350
9.614898920059204, 2349
9.625010251998901, 2348
9.66520357131958, 2347
9.670214176177979, 2346
9.689995765686035, 2345
9.689995765686035, 2344
9.705111026763916, 2343
9.715220212936401, 2342
9.72499394416809, 2341
9.72499394416809, 2340
9.757025957107544, 2339
9.765091896057129, 2338
9.815104246139526, 2337
9.817590713500977, 2336
9.817590713500977, 2335
9.82495379447937, 2334
9.845185279846191, 2333
9.90482759475708, 2332
9.954869508743286, 2331
9.985229253768921, 2330
9.994854211807251, 2329
10.004887819290161, 2328
10.065106868743896, 2327
10.115016460418701, 2326
10.115016460418701, 2325
10.164870500564575, 2324
10.164870500564575, 2323
10.175363302230835, 2322
10.321271657943726, 2321
10.401159286499023, 2320
10.411516427993774, 2319
10.444873094558716, 2318
10.454983234405518, 2317
10.534986972808838, 2316
10.617400884628296, 2315
10.753793001174927, 2314
10.770332098007202, 2313
10.778587579727173, 2312
10.835052490234375, 2311
10.845203876495361, 2310
10.849852323532104, 2309
10.860040426254272, 2308
10.91311764717102, 2307
10.955050468444824, 2306
11.015223026275635, 2305
11.05644965171814, 2304
11.295289754867554, 2303
11.355026960372925, 2302
11.545024156570435, 2301
11.560871362686157, 2300
11.655341625213623, 2299
11.767394304275513, 2298
11.82671070098877, 2297
11.935019493103027, 2296
11.971508264541626, 2295
12.075332641601562, 2294
12.17484426498413, 2293
12.179849863052368, 2292
12.245096445083618, 2291
12.285175085067749, 2290
12.294954061508179, 2289
12.30495572090149, 2288
12.375303745269775, 2287
12.4150710105896, 2286
12.464794874191284, 2285
12.560086965560913, 2284
12.834913492202759, 2283
12.88509726524353, 2282
12.978139638900757, 2281
13.104986429214478, 2280
13.135193586349487, 2279
13.234818458557129, 2278
13.275331735610962, 2277
13.306731700897217, 2276
13.425097703933716, 2275
13.489768743515015, 2274
13.51411509513855, 2273
13.51619267463684, 2272
13.657015323638916, 2271
13.7260422706604, 2270
13.809744834899902, 2269
13.919891595840454, 2268
13.955196380615234, 2267
14.005141735076904, 2266
14.034955978393555, 2265
14.155038118362427, 2264
14.195222854614258, 2263
14.31008243560791, 2262
14.50505805015564, 2261
14.54488754272461, 2260
14.62510871887207, 2259
14.839847087860107, 2258
14.995084762573242, 2257
15.029858827590942, 2256
15.050032138824463, 2255
15.285102844238281, 2254
15.29988956451416, 2253
15.480719566345215, 2252
15.494886636734009, 2251
15.605237483978271, 2250
15.644803285598755, 2249
15.729918241500854, 2248
16.13496232032776, 2247
16.15483331680298, 2246
16.374953985214233, 2245
16.655002117156982, 2244
16.684916734695435, 2243
16.984877586364746, 2242
17.08511447906494, 2241
17.254876613616943, 2240
17.384875535964966, 2239
17.535056591033936, 2238
17.898998975753784, 2237
18.045069932937622, 2236
18.065029621124268, 2235
18.101713180541992, 2234
18.125282764434814, 2233
18.365171909332275, 2232
18.64005708694458, 2231
19.159895658493042, 2230
19.425045013427734, 2229
19.644787073135376, 2228
20.105363130569458, 2227
20.80477547645569, 2226
20.853667736053467, 2225
21.515000820159912, 2224
21.644787073135376, 2223
22.290125370025635, 2222
23.844981908798218, 2221
24.004847526550293, 2220
25.26986002922058, 2219
27.09990167617798, 2218
30.10483145713806, 2217
38.21681189537048, 2216
38.40492582321167, 2215
38.435097455978394, 2214
42.31806969642639, 2213
45.97511911392212, 2212
49.0348699092865, 2211
51.95990967750549, 2210
63.94099140167236, 2209
64.86037516593933, 2208
68.88873648643494, 2207
70.98626565933228, 2206
73.43371200561523, 2205
75.66984462738037, 2204
106.17276811599731, 2203
