0.024560928344726562, 4941
0.02956557273864746, 4940
0.02956557273864746, 4939
0.02956557273864746, 4938
0.02956557273864746, 4937
0.02956557273864746, 4936
0.02956557273864746, 4935
0.02956557273864746, 4934
0.02956557273864746, 4933
0.02956557273864746, 4932
0.034576416015625, 4931
0.034576416015625, 4930
0.034576416015625, 4929
0.034576416015625, 4928
0.034576416015625, 4927
0.034576416015625, 4926
0.034576416015625, 4925
0.034576416015625, 4924
0.039614200592041016, 4923
0.039614200592041016, 4922
0.039614200592041016, 4921
0.039614200592041016, 4920
0.039614200592041016, 4919
0.039614200592041016, 4918
0.04468822479248047, 4917
0.04468822479248047, 4916
0.04468822479248047, 4915
0.04468822479248047, 4914
0.04468822479248047, 4913
0.04468822479248047, 4912
0.04468822479248047, 4911
0.049726247787475586, 4910
0.049726247787475586, 4909
0.049726247787475586, 4908
0.049726247787475586, 4907
0.049726247787475586, 4906
0.049726247787475586, 4905
0.049726247787475586, 4904
0.049726247787475586, 4903
0.049726247787475586, 4902
0.0547490119934082, 4901
0.0547490119934082, 4900
0.0547490119934082, 4899
0.0547490119934082, 4898
0.0547490119934082, 4897
0.0547490119934082, 4896
0.0547490119934082, 4895
0.0547490119934082, 4894
0.0547490119934082, 4893
0.0547490119934082, 4892
0.0547490119934082, 4891
0.0547490119934082, 4890
0.0547490119934082, 4889
0.06488418579101562, 4888
0.06488418579101562, 4887
0.06488418579101562, 4886
0.06488418579101562, 4885
0.06488418579101562, 4884
0.06488418579101562, 4883
0.06488418579101562, 4882
0.06989669799804688, 4881
0.06989669799804688, 4880
0.06989669799804688, 4879
0.06989669799804688, 4878
0.06989669799804688, 4877
0.06989669799804688, 4876
0.07518434524536133, 4875
0.07518434524536133, 4874
0.07518434524536133, 4873
0.07518434524536133, 4872
0.07518434524536133, 4871
0.07518434524536133, 4870
0.07518434524536133, 4869
0.07518434524536133, 4868
0.07970213890075684, 4867
0.07970213890075684, 4866
0.07970213890075684, 4865
0.07970213890075684, 4864
0.07970213890075684, 4863
0.07970213890075684, 4862
0.07970213890075684, 4861
0.08471155166625977, 4860
0.08477926254272461, 4859
0.08477926254272461, 4858
0.08477926254272461, 4857
0.08477926254272461, 4856
0.08477926254272461, 4855
0.08477926254272461, 4854
0.08477926254272461, 4853
0.08477926254272461, 4852
0.08477926254272461, 4851
0.08477926254272461, 4850
0.08979010581970215, 4849
0.0933682918548584, 4848
0.09487652778625488, 4847
0.09494709968566895, 4846
0.09494709968566895, 4845
0.09494709968566895, 4844
0.09494709968566895, 4843
0.09494709968566895, 4842
0.09494709968566895, 4841
0.09494709968566895, 4840
0.09494709968566895, 4839
0.09494709968566895, 4838
0.09995746612548828, 4837
0.09995746612548828, 4836
0.09995746612548828, 4835
0.09995746612548828, 4834
0.09995746612548828, 4833
0.09995746612548828, 4832
0.09995746612548828, 4831
0.10453319549560547, 4830
0.10453319549560547, 4829
0.10453319549560547, 4828
0.10453319549560547, 4827
0.10453319549560547, 4826
0.10453319549560547, 4825
0.10453319549560547, 4824
0.10954523086547852, 4823
0.10954523086547852, 4822
0.10954523086547852, 4821
0.10954523086547852, 4820
0.10954523086547852, 4819
0.10954523086547852, 4818
0.1146085262298584, 4817
0.1146085262298584, 4816
0.1146085262298584, 4815
0.1146085262298584, 4814
0.1146085262298584, 4813
0.1146085262298584, 4812
0.1146085262298584, 4811
0.1146085262298584, 4810
0.1146085262298584, 4809
0.1146085262298584, 4808
0.1146085262298584, 4807
0.1146085262298584, 4806
0.1146085262298584, 4805
0.12497329711914062, 4804
0.12502264976501465, 4803
0.12502264976501465, 4802
0.12502264976501465, 4801
0.12502264976501465, 4800
0.12502264976501465, 4799
0.12502264976501465, 4798
0.12502264976501465, 4797
0.12502264976501465, 4796
0.12502264976501465, 4795
0.12502264976501465, 4794
0.12502264976501465, 4793
0.12502264976501465, 4792
0.12502264976501465, 4791
0.12502264976501465, 4790
0.1346583366394043, 4789
0.1346583366394043, 4788
0.1346583366394043, 4787
0.1346583366394043, 4786
0.1346583366394043, 4785
0.1346583366394043, 4784
0.1346583366394043, 4783
0.1346583366394043, 4782
0.1346583366394043, 4781
0.1346583366394043, 4780
0.1346583366394043, 4779
0.1346583366394043, 4778
0.1346583366394043, 4777
0.1346583366394043, 4776
0.1346583366394043, 4775
0.1346583366394043, 4774
0.1448359489440918, 4773
0.1448359489440918, 4772
0.1448359489440918, 4771
0.1448359489440918, 4770
0.1448359489440918, 4769
0.1448359489440918, 4768
0.14984369277954102, 4767
0.14984369277954102, 4766
0.14984369277954102, 4765
0.14984369277954102, 4764
0.14984369277954102, 4763
0.14984369277954102, 4762
0.14984369277954102, 4761
0.15495848655700684, 4760
0.15495848655700684, 4759
0.15495848655700684, 4758
0.15495848655700684, 4757
0.15495848655700684, 4756
0.15996932983398438, 4755
0.15996932983398438, 4754
0.15996932983398438, 4753
0.15996932983398438, 4752
0.15996932983398438, 4751
0.15996932983398438, 4750
0.15996932983398438, 4749
0.15996932983398438, 4748
0.1645371913909912, 4747
0.1645371913909912, 4746
0.1645371913909912, 4745
0.1645371913909912, 4744
0.1645371913909912, 4743
0.1695418357849121, 4742
0.1695418357849121, 4741
0.1695418357849121, 4740
0.1695418357849121, 4739
0.1695418357849121, 4738
0.17461252212524414, 4737
0.17461252212524414, 4736
0.17461252212524414, 4735
0.17461252212524414, 4734
0.17461252212524414, 4733
0.17461252212524414, 4732
0.17461252212524414, 4731
0.17961692810058594, 4730
0.17961692810058594, 4729
0.17961692810058594, 4728
0.17961692810058594, 4727
0.17961692810058594, 4726
0.17961692810058594, 4725
0.17961692810058594, 4724
0.17961692810058594, 4723
0.18471240997314453, 4722
0.18471240997314453, 4721
0.18971824645996094, 4720
0.18971824645996094, 4719
0.18971824645996094, 4718
0.18971824645996094, 4717
0.18971824645996094, 4716
0.19328975677490234, 4715
0.19328975677490234, 4714
0.19484591484069824, 4713
0.19484591484069824, 4712
0.19484591484069824, 4711
0.19484591484069824, 4710
0.19484591484069824, 4709
0.19484591484069824, 4708
0.19484591484069824, 4707
0.19985222816467285, 4706
0.19985222816467285, 4705
0.19985222816467285, 4704
0.19985222816467285, 4703
0.19985222816467285, 4702
0.19985222816467285, 4701
0.19985222816467285, 4700
0.19985222816467285, 4699
0.19985222816467285, 4698
0.20491290092468262, 4697
0.20491290092468262, 4696
0.20491290092468262, 4695
0.20491290092468262, 4694
0.20991897583007812, 4693
0.20991897583007812, 4692
0.20991897583007812, 4691
0.20991897583007812, 4690
0.20991897583007812, 4689
0.20991897583007812, 4688
0.20991897583007812, 4687
0.20991897583007812, 4686
0.20991897583007812, 4685
0.21503281593322754, 4684
0.21503281593322754, 4683
0.21503281593322754, 4682
0.21503281593322754, 4681
0.21503281593322754, 4680
0.21503281593322754, 4679
0.21953988075256348, 4678
0.21953988075256348, 4677
0.21953988075256348, 4676
0.21953988075256348, 4675
0.21953988075256348, 4674
0.21953988075256348, 4673
0.21953988075256348, 4672
0.22460365295410156, 4671
0.22460365295410156, 4670
0.22460365295410156, 4669
0.22460365295410156, 4668
0.22460365295410156, 4667
0.22960805892944336, 4666
0.22960805892944336, 4665
0.22960805892944336, 4664
0.22960805892944336, 4663
0.22960805892944336, 4662
0.22960805892944336, 4661
0.23464632034301758, 4660
0.23464632034301758, 4659
0.23464632034301758, 4658
0.23464632034301758, 4657
0.23464632034301758, 4656
0.23464632034301758, 4655
0.23464632034301758, 4654
0.23966574668884277, 4653
0.23966574668884277, 4652
0.23966574668884277, 4651
0.23966574668884277, 4650
0.23966574668884277, 4649
0.23966574668884277, 4648
0.24473047256469727, 4647
0.24473047256469727, 4646
0.24473047256469727, 4645
0.24473047256469727, 4644
0.24473047256469727, 4643
0.24473047256469727, 4642
0.24473047256469727, 4641
0.24973559379577637, 4640
0.24973559379577637, 4639
0.24973559379577637, 4638
0.24973559379577637, 4637
0.24973559379577637, 4636
0.24973559379577637, 4635
0.24973559379577637, 4634
0.25479865074157715, 4633
0.25479865074157715, 4632
0.25479865074157715, 4631
0.25479865074157715, 4630
0.25479865074157715, 4629
0.25479865074157715, 4628
0.25479865074157715, 4627
0.25479865074157715, 4626
0.25980663299560547, 4625
0.25980663299560547, 4624
0.25980663299560547, 4623
0.25980663299560547, 4622
0.25980663299560547, 4621
0.26480984687805176, 4620
0.2648601531982422, 4619
0.2648601531982422, 4618
0.2648601531982422, 4617
0.2648601531982422, 4616
0.2648601531982422, 4615
0.2648601531982422, 4614
0.2648601531982422, 4613
0.2648601531982422, 4612
0.2698652744293213, 4611
0.2698652744293213, 4610
0.2698652744293213, 4609
0.2698652744293213, 4608
0.27492260932922363, 4607
0.27492260932922363, 4606
0.27492260932922363, 4605
0.27492260932922363, 4604
0.27492260932922363, 4603
0.27492260932922363, 4602
0.27492260932922363, 4601
0.27492260932922363, 4600
0.27492260932922363, 4599
0.27492260932922363, 4598
0.27992773056030273, 4597
0.284984827041626, 4596
0.284984827041626, 4595
0.284984827041626, 4594
0.284984827041626, 4593
0.2895035743713379, 4592
0.2895035743713379, 4591
0.2895035743713379, 4590
0.2935519218444824, 4589
0.2946019172668457, 4588
0.2946019172668457, 4587
0.29565858840942383, 4586
0.29565858840942383, 4585
0.29565858840942383, 4584
0.29565858840942383, 4583
0.29565858840942383, 4582
0.29565858840942383, 4581
0.29565858840942383, 4580
0.29966306686401367, 4579
0.29966306686401367, 4578
0.29966306686401367, 4577
0.29966306686401367, 4576
0.29966306686401367, 4575
0.29966306686401367, 4574
0.3037247657775879, 4573
0.3037247657775879, 4572
0.30477261543273926, 4571
0.30584263801574707, 4570
0.30584263801574707, 4569
0.30584263801574707, 4568
0.3098886013031006, 4567
0.3098886013031006, 4566
0.3098886013031006, 4565
0.3098886013031006, 4564
0.3098886013031006, 4563
0.3098886013031006, 4562
0.3139379024505615, 4561
0.3139379024505615, 4560
0.314985990524292, 4559
0.314985990524292, 4558
0.314985990524292, 4557
0.314985990524292, 4556
0.314985990524292, 4555
0.314985990524292, 4554
0.314985990524292, 4553
0.3194921016693115, 4552
0.3194921016693115, 4551
0.3194921016693115, 4550
0.3194921016693115, 4549
0.3194921016693115, 4548
0.3194921016693115, 4547
0.3248157501220703, 4546
0.3248157501220703, 4545
0.3263723850250244, 4544
0.3263723850250244, 4543
0.3263723850250244, 4542
0.3263723850250244, 4541
0.3263723850250244, 4540
0.3263723850250244, 4539
0.3263723850250244, 4538
0.3263723850250244, 4537
0.3263723850250244, 4536
0.3263723850250244, 4535
0.3263723850250244, 4534
0.3263723850250244, 4533
0.3263723850250244, 4532
0.3263723850250244, 4531
0.3344388008117676, 4530
0.33498573303222656, 4529
0.33498573303222656, 4528
0.33498573303222656, 4527
0.33498573303222656, 4526
0.3365006446838379, 4525
0.3365006446838379, 4524
0.3365006446838379, 4523
0.3365006446838379, 4522
0.3365006446838379, 4521
0.3365006446838379, 4520
0.3365006446838379, 4519
0.3365006446838379, 4518
0.3365006446838379, 4517
0.3365006446838379, 4516
0.3445706367492676, 4515
0.3445706367492676, 4514
0.3445706367492676, 4513
0.34664368629455566, 4512
0.34664368629455566, 4511
0.34664368629455566, 4510
0.34664368629455566, 4509
0.34664368629455566, 4508
0.34664368629455566, 4507
0.34664368629455566, 4506
0.34664368629455566, 4505
0.34664368629455566, 4504
0.34664368629455566, 4503
0.34664368629455566, 4502
0.3547029495239258, 4501
0.3547029495239258, 4500
0.3547029495239258, 4499
0.3547029495239258, 4498
0.3567681312561035, 4497
0.3567681312561035, 4496
0.3567681312561035, 4495
0.3567681312561035, 4494
0.3567681312561035, 4493
0.3567681312561035, 4492
0.3567681312561035, 4491
0.3567681312561035, 4490
0.3567681312561035, 4489
0.3567681312561035, 4488
0.3567681312561035, 4487
0.3567681312561035, 4486
0.3567681312561035, 4485
0.3567681312561035, 4484
0.3567681312561035, 4483
0.364898681640625, 4482
0.364898681640625, 4481
0.36694979667663574, 4480
0.36694979667663574, 4479
0.36694979667663574, 4478
0.36694979667663574, 4477
0.36694979667663574, 4476
0.36694979667663574, 4475
0.36694979667663574, 4474
0.36694979667663574, 4473
0.36694979667663574, 4472
0.374645471572876, 4471
0.37519240379333496, 4470
0.37519240379333496, 4469
0.37519240379333496, 4468
0.3772094249725342, 4467
0.3772094249725342, 4466
0.3772094249725342, 4465
0.3772094249725342, 4464
0.3772094249725342, 4463
0.3772094249725342, 4462
0.3772094249725342, 4461
0.3772094249725342, 4460
0.3847801685333252, 4459
0.3852970600128174, 4458
0.3852970600128174, 4457
0.3852970600128174, 4456
0.38735532760620117, 4455
0.38735532760620117, 4454
0.38735532760620117, 4453
0.38735532760620117, 4452
0.38735532760620117, 4451
0.38735532760620117, 4450
0.38735532760620117, 4449
0.38735532760620117, 4448
0.38735532760620117, 4447
0.38735532760620117, 4446
0.38735532760620117, 4445
0.38735532760620117, 4444
0.3949120044708252, 4443
0.3954756259918213, 4442
0.3954756259918213, 4441
0.3975257873535156, 4440
0.3975257873535156, 4439
0.3975257873535156, 4438
0.3975257873535156, 4437
0.40573573112487793, 4436
0.4079763889312744, 4435
0.4079763889312744, 4434
0.4079763889312744, 4433
0.4079763889312744, 4432
0.4079763889312744, 4431
0.4150388240814209, 4430
0.4160804748535156, 4429
0.4160804748535156, 4428
0.41814398765563965, 4427
0.41814398765563965, 4426
0.41814398765563965, 4425
0.41814398765563965, 4424
0.41814398765563965, 4423
0.41814398765563965, 4422
0.41814398765563965, 4421
0.41814398765563965, 4420
0.4246845245361328, 4419
0.42725157737731934, 4418
0.42725157737731934, 4417
0.42725157737731934, 4416
0.4293060302734375, 4415
0.4293060302734375, 4414
0.4293060302734375, 4413
0.4293060302734375, 4412
0.4293060302734375, 4411
0.4293060302734375, 4410
0.4293060302734375, 4409
0.4348611831665039, 4408
0.4348611831665039, 4407
0.4348611831665039, 4406
0.4348611831665039, 4405
0.43747758865356445, 4404
0.43747758865356445, 4403
0.43747758865356445, 4402
0.4395430088043213, 4401
0.4395430088043213, 4400
0.4395430088043213, 4399
0.4395430088043213, 4398
0.4395430088043213, 4397
0.4395430088043213, 4396
0.444608211517334, 4395
0.444608211517334, 4394
0.444608211517334, 4393
0.447681188583374, 4392
0.447681188583374, 4391
0.447681188583374, 4390
0.447681188583374, 4389
0.4497361183166504, 4388
0.4497361183166504, 4387
0.4497361183166504, 4386
0.4497361183166504, 4385
0.4497361183166504, 4384
0.4497361183166504, 4383
0.45483946800231934, 4382
0.45483946800231934, 4381
0.4580225944519043, 4380
0.4580225944519043, 4379
0.46009016036987305, 4378
0.46009016036987305, 4377
0.46009016036987305, 4376
0.46009016036987305, 4375
0.46463608741760254, 4374
0.46463608741760254, 4373
0.46463608741760254, 4372
0.46463608741760254, 4371
0.46463608741760254, 4370
0.46463608741760254, 4369
0.468186616897583, 4368
0.468186616897583, 4367
0.470245361328125, 4366
0.470245361328125, 4365
0.470245361328125, 4364
0.470245361328125, 4363
0.47479796409606934, 4362
0.47479796409606934, 4361
0.47479796409606934, 4360
0.47479796409606934, 4359
0.4784224033355713, 4358
0.4784224033355713, 4357
0.4804553985595703, 4356
0.4804553985595703, 4355
0.4804553985595703, 4354
0.4804553985595703, 4353
0.4804553985595703, 4352
0.48500895500183105, 4351
0.48500895500183105, 4350
0.48500895500183105, 4349
0.48500895500183105, 4348
0.4886472225189209, 4347
0.49079179763793945, 4346
0.49079179763793945, 4345
0.49079179763793945, 4344
0.49079179763793945, 4343
0.49079179763793945, 4342
0.4948878288269043, 4341
0.4948878288269043, 4340
0.49889492988586426, 4339
0.4989509582519531, 4338
0.4989509582519531, 4337
0.4989509582519531, 4336
0.5050094127655029, 4335
0.5050094127655029, 4334
0.5050094127655029, 4333
0.5050094127655029, 4332
0.5050094127655029, 4331
0.5050094127655029, 4330
0.5090556144714355, 4329
0.5090556144714355, 4328
0.5090556144714355, 4327
0.5090556144714355, 4326
0.5111017227172852, 4325
0.5111017227172852, 4324
0.5111017227172852, 4323
0.5111017227172852, 4322
0.5111017227172852, 4321
0.514664888381958, 4320
0.514664888381958, 4319
0.514664888381958, 4318
0.5191912651062012, 4317
0.5191912651062012, 4316
0.5212490558624268, 4315
0.5212490558624268, 4314
0.5248465538024902, 4313
0.5248465538024902, 4312
0.5248465538024902, 4311
0.5248465538024902, 4310
0.5248465538024902, 4309
0.5294210910797119, 4308
0.5294210910797119, 4307
0.5294210910797119, 4306
0.5314788818359375, 4305
0.5314788818359375, 4304
0.5314788818359375, 4303
0.5314788818359375, 4302
0.5314788818359375, 4301
0.5350289344787598, 4300
0.5350289344787598, 4299
0.5350289344787598, 4298
0.5350289344787598, 4297
0.5397052764892578, 4296
0.5397052764892578, 4295
0.541923999786377, 4294
0.541923999786377, 4293
0.541923999786377, 4292
0.541923999786377, 4291
0.5449881553649902, 4290
0.5449881553649902, 4289
0.5449881553649902, 4288
0.5449881553649902, 4287
0.5449881553649902, 4286
0.5449881553649902, 4285
0.5449881553649902, 4284
0.5449881553649902, 4283
0.5449881553649902, 4282
0.5449881553649902, 4281
0.5500459671020508, 4280
0.5500459671020508, 4279
0.5500459671020508, 4278
0.5520989894866943, 4277
0.5520989894866943, 4276
0.554664134979248, 4275
0.554664134979248, 4274
0.554664134979248, 4273
0.554664134979248, 4272
0.5602617263793945, 4271
0.5602617263793945, 4270
0.5648684501647949, 4269
0.5648684501647949, 4268
0.5698771476745605, 4267
0.5704474449157715, 4266
0.5704474449157715, 4265
0.5704474449157715, 4264
0.5704474449157715, 4263
0.5750842094421387, 4262
0.5750842094421387, 4261
0.5750842094421387, 4260
0.5750842094421387, 4259
0.5750842094421387, 4258
0.5750842094421387, 4257
0.579622745513916, 4256
0.579622745513916, 4255
0.5806753635406494, 4254
0.5827236175537109, 4253
0.5827236175537109, 4252
0.5827236175537109, 4251
0.5827236175537109, 4250
0.584770679473877, 4249
0.584770679473877, 4248
0.584770679473877, 4247
0.584770679473877, 4246
0.5897784233093262, 4245
0.5897784233093262, 4244
0.5908353328704834, 4243
0.5908353328704834, 4242
0.5908353328704834, 4241
0.5908353328704834, 4240
0.5928835868835449, 4239
0.5928835868835449, 4238
0.5949935913085938, 4237
0.5949935913085938, 4236
0.5949935913085938, 4235
0.5949935913085938, 4234
0.5949935913085938, 4233
0.6000022888183594, 4232
0.6000022888183594, 4231
0.6010541915893555, 4230
0.6046020984649658, 4229
0.6046020984649658, 4228
0.60970139503479, 4227
0.60970139503479, 4226
0.6113138198852539, 4225
0.6113138198852539, 4224
0.6113138198852539, 4223
0.6133708953857422, 4222
0.6133708953857422, 4221
0.6133708953857422, 4220
0.6149208545684814, 4219
0.6149208545684814, 4218
0.6149208545684814, 4217
0.6149208545684814, 4216
0.6149208545684814, 4215
0.6149208545684814, 4214
0.6217143535614014, 4213
0.6217143535614014, 4212
0.6239681243896484, 4211
0.625018835067749, 4210
0.625018835067749, 4209
0.625018835067749, 4208
0.6347348690032959, 4207
0.6347348690032959, 4206
0.6347348690032959, 4205
0.6347348690032959, 4204
0.6347348690032959, 4203
0.6347348690032959, 4202
0.6422290802001953, 4201
0.6422290802001953, 4200
0.6448495388031006, 4199
0.6448495388031006, 4198
0.6448495388031006, 4197
0.6448495388031006, 4196
0.6448495388031006, 4195
0.6448495388031006, 4194
0.6548302173614502, 4193
0.6548302173614502, 4192
0.6548302173614502, 4191
0.6548302173614502, 4190
0.6548302173614502, 4189
0.6548302173614502, 4188
0.6548302173614502, 4187
0.6548302173614502, 4186
0.6548302173614502, 4185
0.6629090309143066, 4184
0.6629090309143066, 4183
0.6649596691131592, 4182
0.6649596691131592, 4181
0.6649596691131592, 4180
0.6649596691131592, 4179
0.6649596691131592, 4178
0.6649596691131592, 4177
0.6649596691131592, 4176
0.6649596691131592, 4175
0.6649596691131592, 4174
0.6732017993927002, 4173
0.6732017993927002, 4172
0.6754662990570068, 4171
0.6754662990570068, 4170
0.6754662990570068, 4169
0.6754662990570068, 4168
0.6754662990570068, 4167
0.6754662990570068, 4166
0.6754662990570068, 4165
0.6754662990570068, 4164
0.6836919784545898, 4163
0.6847431659698486, 4162
0.6858036518096924, 4161
0.6858036518096924, 4160
0.6858036518096924, 4159
0.6858036518096924, 4158
0.6858036518096924, 4157
0.6858036518096924, 4156
0.693854808807373, 4155
0.6959130764007568, 4154
0.6959130764007568, 4153
0.6959130764007568, 4152
0.6959130764007568, 4151
0.6959130764007568, 4150
0.6959130764007568, 4149
0.6959130764007568, 4148
0.6959130764007568, 4147
0.6959130764007568, 4146
0.6959130764007568, 4145
0.6959130764007568, 4144
0.6959130764007568, 4143
0.7039761543273926, 4142
0.7061257362365723, 4141
0.7061257362365723, 4140
0.7061257362365723, 4139
0.7061257362365723, 4138
0.7061257362365723, 4137
0.7061257362365723, 4136
0.7144348621368408, 4135
0.714984655380249, 4134
0.7160019874572754, 4133
0.7160019874572754, 4132
0.7160019874572754, 4131
0.7160019874572754, 4130
0.7160019874572754, 4129
0.7240650653839111, 4128
0.7246189117431641, 4127
0.7246189117431641, 4126
0.7246189117431641, 4125
0.7261381149291992, 4124
0.7261381149291992, 4123
0.7261381149291992, 4122
0.7261381149291992, 4121
0.7261381149291992, 4120
0.7261381149291992, 4119
0.7261381149291992, 4118
0.7261381149291992, 4117
0.7261381149291992, 4116
0.7261381149291992, 4115
0.7342181205749512, 4114
0.7347412109375, 4113
0.7362964153289795, 4112
0.7362964153289795, 4111
0.7362964153289795, 4110
0.7362964153289795, 4109
0.7362964153289795, 4108
0.7362964153289795, 4107
0.7362964153289795, 4106
0.7362964153289795, 4105
0.7362964153289795, 4104
0.7362964153289795, 4103
0.7362964153289795, 4102
0.7362964153289795, 4101
0.7449133396148682, 4100
0.7449133396148682, 4099
0.7449133396148682, 4098
0.7449133396148682, 4097
0.7449133396148682, 4096
0.7545995712280273, 4095
0.7567434310913086, 4094
0.7567434310913086, 4093
0.7567434310913086, 4092
0.7567434310913086, 4091
0.7567434310913086, 4090
0.7567434310913086, 4089
0.7567434310913086, 4088
0.7567434310913086, 4087
0.7567434310913086, 4086
0.7567434310913086, 4085
0.7567434310913086, 4084
0.7648098468780518, 4083
0.7648098468780518, 4082
0.7668683528900146, 4081
0.7668683528900146, 4080
0.7668683528900146, 4079
0.7668683528900146, 4078
0.7668683528900146, 4077
0.7668683528900146, 4076
0.7668683528900146, 4075
0.7668683528900146, 4074
0.7668683528900146, 4073
0.7668683528900146, 4072
0.7770631313323975, 4071
0.7770631313323975, 4070
0.7770631313323975, 4069
0.7770631313323975, 4068
0.7770631313323975, 4067
0.7770631313323975, 4066
0.7851710319519043, 4065
0.7851710319519043, 4064
0.787238359451294, 4063
0.787238359451294, 4062
0.787238359451294, 4061
0.787238359451294, 4060
0.787238359451294, 4059
0.787238359451294, 4058
0.787238359451294, 4057
0.787238359451294, 4056
0.787238359451294, 4055
0.787238359451294, 4054
0.787238359451294, 4053
0.7948763370513916, 4052
0.7953979969024658, 4051
0.7953979969024658, 4050
0.7953979969024658, 4049
0.7974491119384766, 4048
0.7974491119384766, 4047
0.7974491119384766, 4046
0.7974491119384766, 4045
0.8045103549957275, 4044
0.8055696487426758, 4043
0.8055696487426758, 4042
0.8055696487426758, 4041
0.8055696487426758, 4040
0.8076374530792236, 4039
0.8076374530792236, 4038
0.8076374530792236, 4037
0.8076374530792236, 4036
0.8076374530792236, 4035
0.8157398700714111, 4034
0.8157398700714111, 4033
0.8157398700714111, 4032
0.817765474319458, 4031
0.817765474319458, 4030
0.825836181640625, 4029
0.825836181640625, 4028
0.825836181640625, 4027
0.825836181640625, 4026
0.8278868198394775, 4025
0.8278868198394775, 4024
0.8278868198394775, 4023
0.8278868198394775, 4022
0.8278868198394775, 4021
0.8278868198394775, 4020
0.8349926471710205, 4019
0.8360004425048828, 4018
0.8360404968261719, 4017
0.8381094932556152, 4016
0.8381094932556152, 4015
0.8381094932556152, 4014
0.8381094932556152, 4013
0.8381094932556152, 4012
0.8381094932556152, 4011
0.8381094932556152, 4010
0.8446676731109619, 4009
0.8461852073669434, 4008
0.8461852073669434, 4007
0.8482398986816406, 4006
0.8482398986816406, 4005
0.8482398986816406, 4004
0.8482398986816406, 4003
0.8482398986816406, 4002
0.8548176288604736, 4001
0.856367826461792, 4000
0.856367826461792, 3999
0.856367826461792, 3998
0.856367826461792, 3997
0.856367826461792, 3996
0.856367826461792, 3995
0.8649742603302002, 3994
0.8649742603302002, 3993
0.8665375709533691, 3992
0.8665375709533691, 3991
0.8665375709533691, 3990
0.8665375709533691, 3989
0.8665375709533691, 3988
0.8665375709533691, 3987
0.8665375709533691, 3986
0.8665375709533691, 3985
0.8745918273925781, 3984
0.8745918273925781, 3983
0.8745918273925781, 3982
0.8745918273925781, 3981
0.8745918273925781, 3980
0.8795993328094482, 3979
0.8795993328094482, 3978
0.8795993328094482, 3977
0.8795993328094482, 3976
0.8795993328094482, 3975
0.8846077919006348, 3974
0.8846707344055176, 3973
0.8846707344055176, 3972
0.8846707344055176, 3971
0.8896756172180176, 3970
0.8896756172180176, 3969
0.8896756172180176, 3968
0.8896756172180176, 3967
0.8896756172180176, 3966
0.8947348594665527, 3965
0.8947348594665527, 3964
0.8947348594665527, 3963
0.8947348594665527, 3962
0.8947348594665527, 3961
0.8947348594665527, 3960
0.8947348594665527, 3959
0.8947348594665527, 3958
0.8947348594665527, 3957
0.9050107002258301, 3956
0.9050107002258301, 3955
0.9050107002258301, 3954
0.9050107002258301, 3953
0.9095242023468018, 3952
0.9095242023468018, 3951
0.9095242023468018, 3950
0.9145910739898682, 3949
0.9145910739898682, 3948
0.9145910739898682, 3947
0.9145910739898682, 3946
0.9145910739898682, 3945
0.9145910739898682, 3944
0.9196021556854248, 3943
0.9248135089874268, 3942
0.9248135089874268, 3941
0.9298365116119385, 3940
0.9298365116119385, 3939
0.9298365116119385, 3938
0.9298365116119385, 3937
0.9298365116119385, 3936
0.9349095821380615, 3935
0.9349095821380615, 3934
0.9349095821380615, 3933
0.9349095821380615, 3932
0.9349095821380615, 3931
0.9349095821380615, 3930
0.9447369575500488, 3929
0.9447369575500488, 3928
0.9447369575500488, 3927
0.9447369575500488, 3926
0.9447369575500488, 3925
0.9546058177947998, 3924
0.9546058177947998, 3923
0.9546058177947998, 3922
0.9546058177947998, 3921
0.9546058177947998, 3920
0.9546058177947998, 3919
0.9645607471466064, 3918
0.9666123390197754, 3917
0.9666123390197754, 3916
0.9666123390197754, 3915
0.9666123390197754, 3914
0.9666123390197754, 3913
0.9666123390197754, 3912
0.9746742248535156, 3911
0.9746742248535156, 3910
0.9746742248535156, 3909
0.9746742248535156, 3908
0.9746742248535156, 3907
0.9746742248535156, 3906
0.9746742248535156, 3905
0.9746742248535156, 3904
0.9746742248535156, 3903
0.9746742248535156, 3902
0.984776496887207, 3901
0.984776496887207, 3900
0.984776496887207, 3899
0.984776496887207, 3898
0.9946739673614502, 3897
0.9946739673614502, 3896
0.9946739673614502, 3895
0.9946739673614502, 3894
0.9946739673614502, 3893
0.9946739673614502, 3892
0.9946739673614502, 3891
0.9946739673614502, 3890
1.0046861171722412, 3889
1.0046861171722412, 3888
1.009692668914795, 3887
1.009692668914795, 3886
1.009692668914795, 3885
1.014758586883545, 3884
1.014758586883545, 3883
1.014758586883545, 3882
1.014758586883545, 3881
1.014758586883545, 3880
1.0197651386260986, 3879
1.0197651386260986, 3878
1.0197651386260986, 3877
1.0248234272003174, 3876
1.0248234272003174, 3875
1.0248234272003174, 3874
1.0248234272003174, 3873
1.0248234272003174, 3872
1.0248234272003174, 3871
1.0248234272003174, 3870
1.0248234272003174, 3869
1.0248234272003174, 3868
1.0248234272003174, 3867
1.0348949432373047, 3866
1.045034646987915, 3865
1.045034646987915, 3864
1.045034646987915, 3863
1.045034646987915, 3862
1.045034646987915, 3861
1.045034646987915, 3860
1.045034646987915, 3859
1.045034646987915, 3858
1.054581880569458, 3857
1.054581880569458, 3856
1.054581880569458, 3855
1.054581880569458, 3854
1.054581880569458, 3853
1.054581880569458, 3852
1.066460371017456, 3851
1.066460371017456, 3850
1.066460371017456, 3849
1.0745604038238525, 3848
1.0745604038238525, 3847
1.0745604038238525, 3846
1.0745604038238525, 3845
1.0745604038238525, 3844
1.0745604038238525, 3843
1.0845685005187988, 3842
1.0845685005187988, 3841
1.0845685005187988, 3840
1.0845685005187988, 3839
1.089632272720337, 3838
1.089632272720337, 3837
1.089632272720337, 3836
1.0946953296661377, 3835
1.0946953296661377, 3834
1.0946953296661377, 3833
1.0946953296661377, 3832
1.0946953296661377, 3831
1.0946953296661377, 3830
1.0997366905212402, 3829
1.0997366905212402, 3828
1.0997366905212402, 3827
1.0997366905212402, 3826
1.0997366905212402, 3825
1.0997366905212402, 3824
1.0997366905212402, 3823
1.1047847270965576, 3822
1.104841709136963, 3821
1.104841709136963, 3820
1.104841709136963, 3819
1.104841709136963, 3818
1.104841709136963, 3817
1.104841709136963, 3816
1.1149559020996094, 3815
1.1149559020996094, 3814
1.1149559020996094, 3813
1.1149559020996094, 3812
1.1149559020996094, 3811
1.1149559020996094, 3810
1.1149559020996094, 3809
1.1149559020996094, 3808
1.1250600814819336, 3807
1.1250600814819336, 3806
1.1250600814819336, 3805
1.1250600814819336, 3804
1.1250600814819336, 3803
1.1301240921020508, 3802
1.1301240921020508, 3801
1.1301240921020508, 3800
1.1301240921020508, 3799
1.1301240921020508, 3798
1.1301240921020508, 3797
1.1346774101257324, 3796
1.1346774101257324, 3795
1.1346774101257324, 3794
1.1346774101257324, 3793
1.1346774101257324, 3792
1.144545555114746, 3791
1.144545555114746, 3790
1.144545555114746, 3789
1.154653549194336, 3788
1.154653549194336, 3787
1.154653549194336, 3786
1.154653549194336, 3785
1.154653549194336, 3784
1.154653549194336, 3783
1.1646039485931396, 3782
1.166677713394165, 3781
1.166677713394165, 3780
1.175053358078003, 3779
1.175053358078003, 3778
1.175053358078003, 3777
1.1800734996795654, 3776
1.1800734996795654, 3775
1.1846113204956055, 3774
1.194772720336914, 3773
1.194772720336914, 3772
1.194772720336914, 3771
1.2049074172973633, 3770
1.2049074172973633, 3769
1.2049074172973633, 3768
1.2049074172973633, 3767
1.2149755954742432, 3766
1.2149755954742432, 3765
1.2149755954742432, 3764
1.2149755954742432, 3763
1.2149755954742432, 3762
1.219994068145752, 3761
1.219994068145752, 3760
1.219994068145752, 3759
1.2245769500732422, 3758
1.2245769500732422, 3757
1.2245769500732422, 3756
1.2245769500732422, 3755
1.2245769500732422, 3754
1.2245769500732422, 3753
1.2295918464660645, 3752
1.2295918464660645, 3751
1.2295918464660645, 3750
1.2295918464660645, 3749
1.2295918464660645, 3748
1.2295918464660645, 3747
1.2295918464660645, 3746
1.2295918464660645, 3745
1.2295918464660645, 3744
1.2347099781036377, 3743
1.2347099781036377, 3742
1.2347099781036377, 3741
1.2347099781036377, 3740
1.2347099781036377, 3739
1.244856357574463, 3738
1.244856357574463, 3737
1.244856357574463, 3736
1.244856357574463, 3735
1.244856357574463, 3734
1.244856357574463, 3733
1.244856357574463, 3732
1.244856357574463, 3731
1.244856357574463, 3730
1.244856357574463, 3729
1.2549452781677246, 3728
1.2549452781677246, 3727
1.2549452781677246, 3726
1.2549452781677246, 3725
1.2549452781677246, 3724
1.2549452781677246, 3723
1.264934778213501, 3722
1.2669880390167236, 3721
1.2669880390167236, 3720
1.2669880390167236, 3719
1.2669880390167236, 3718
1.2669880390167236, 3717
1.2669880390167236, 3716
1.274629831314087, 3715
1.274629831314087, 3714
1.274629831314087, 3713
1.274629831314087, 3712
1.274629831314087, 3711
1.274629831314087, 3710
1.274629831314087, 3709
1.274629831314087, 3708
1.2846810817718506, 3707
1.2846810817718506, 3706
1.2846810817718506, 3705
1.2897558212280273, 3704
1.2897558212280273, 3703
1.2897558212280273, 3702
1.2897558212280273, 3701
1.2948293685913086, 3700
1.2948293685913086, 3699
1.2948293685913086, 3698
1.2948293685913086, 3697
1.2948293685913086, 3696
1.2948293685913086, 3695
1.2948293685913086, 3694
1.2948293685913086, 3693
1.2948293685913086, 3692
1.304685354232788, 3691
1.304685354232788, 3690
1.304685354232788, 3689
1.304685354232788, 3688
1.304685354232788, 3687
1.304685354232788, 3686
1.304685354232788, 3685
1.304685354232788, 3684
1.3147344589233398, 3683
1.3147344589233398, 3682
1.3147344589233398, 3681
1.3147344589233398, 3680
1.3147344589233398, 3679
1.3249037265777588, 3678
1.3249037265777588, 3677
1.3249037265777588, 3676
1.3249037265777588, 3675
1.3249037265777588, 3674
1.3249037265777588, 3673
1.3249037265777588, 3672
1.3249037265777588, 3671
1.3347179889678955, 3670
1.3347179889678955, 3669
1.3347179889678955, 3668
1.3449440002441406, 3667
1.3449440002441406, 3666
1.3449440002441406, 3665
1.3449440002441406, 3664
1.3449440002441406, 3663
1.3449440002441406, 3662
1.3449440002441406, 3661
1.354818344116211, 3660
1.354818344116211, 3659
1.354818344116211, 3658
1.354818344116211, 3657
1.354818344116211, 3656
1.354818344116211, 3655
1.354818344116211, 3654
1.364475965499878, 3653
1.3670318126678467, 3652
1.3670318126678467, 3651
1.3747117519378662, 3650
1.3747117519378662, 3649
1.3747117519378662, 3648
1.3747117519378662, 3647
1.3797192573547363, 3646
1.3797192573547363, 3645
1.3847925662994385, 3644
1.3847925662994385, 3643
1.389798879623413, 3642
1.389798879623413, 3641
1.389798879623413, 3640
1.389798879623413, 3639
1.3948655128479004, 3638
1.3948655128479004, 3637
1.3948655128479004, 3636
1.3998723030090332, 3635
1.3998723030090332, 3634
1.3998723030090332, 3633
1.411067247390747, 3632
1.411067247390747, 3631
1.4131250381469727, 3630
1.4199213981628418, 3629
1.4251644611358643, 3628
1.4251644611358643, 3627
1.4251644611358643, 3626
1.4251644611358643, 3625
1.4296808242797852, 3624
1.4296808242797852, 3623
1.4296808242797852, 3622
1.4296808242797852, 3621
1.4296808242797852, 3620
1.4347567558288574, 3619
1.4347567558288574, 3618
1.4347567558288574, 3617
1.4347567558288574, 3616
1.4347567558288574, 3615
1.4397692680358887, 3614
1.4397692680358887, 3613
1.4397692680358887, 3612
1.4397692680358887, 3611
1.4448094367980957, 3610
1.4448094367980957, 3609
1.4498190879821777, 3608
1.4498190879821777, 3607
1.4498190879821777, 3606
1.4498190879821777, 3605
1.4498190879821777, 3604
1.4549939632415771, 3603
1.4600117206573486, 3602
1.4600117206573486, 3601
1.4671528339385986, 3600
1.4671528339385986, 3599
1.4671528339385986, 3598
1.4671528339385986, 3597
1.4671528339385986, 3596
1.4671528339385986, 3595
1.4671528339385986, 3594
1.4671528339385986, 3593
1.4671528339385986, 3592
1.4747209548950195, 3591
1.4747209548950195, 3590
1.4747209548950195, 3589
1.4747209548950195, 3588
1.4797301292419434, 3587
1.4847724437713623, 3586
1.4847724437713623, 3585
1.4847724437713623, 3584
1.4847724437713623, 3583
1.494706153869629, 3582
1.494706153869629, 3581
1.494706153869629, 3580
1.494706153869629, 3579
1.494706153869629, 3578
1.5047218799591064, 3577
1.5047218799591064, 3576
1.5047218799591064, 3575
1.5047218799591064, 3574
1.5047218799591064, 3573
1.5047218799591064, 3572
1.5146305561065674, 3571
1.5146305561065674, 3570
1.5146305561065674, 3569
1.5196404457092285, 3568
1.5196404457092285, 3567
1.5196404457092285, 3566
1.5196404457092285, 3565
1.5246968269348145, 3564
1.5246968269348145, 3563
1.5297040939331055, 3562
1.5297040939331055, 3561
1.5297040939331055, 3560
1.5297040939331055, 3559
1.534771203994751, 3558
1.534771203994751, 3557
1.534771203994751, 3556
1.534771203994751, 3555
1.534771203994751, 3554
1.53983736038208, 3553
1.53983736038208, 3552
1.53983736038208, 3551
1.53983736038208, 3550
1.53983736038208, 3549
1.5449104309082031, 3548
1.5449104309082031, 3547
1.5449104309082031, 3546
1.5449104309082031, 3545
1.5449104309082031, 3544
1.5449104309082031, 3543
1.5449104309082031, 3542
1.5449104309082031, 3541
1.554884433746338, 3540
1.554884433746338, 3539
1.5671043395996094, 3538
1.5671043395996094, 3537
1.5671043395996094, 3536
1.5671043395996094, 3535
1.5746595859527588, 3534
1.5746595859527588, 3533
1.5746595859527588, 3532
1.5746595859527588, 3531
1.5746595859527588, 3530
1.5746595859527588, 3529
1.5746595859527588, 3528
1.5746595859527588, 3527
1.5746595859527588, 3526
1.5746595859527588, 3525
1.5849788188934326, 3524
1.594578742980957, 3523
1.594578742980957, 3522
1.594578742980957, 3521
1.594578742980957, 3520
1.594578742980957, 3519
1.594578742980957, 3518
1.6049869060516357, 3517
1.6049869060516357, 3516
1.6049869060516357, 3515
1.6049869060516357, 3514
1.6049869060516357, 3513
1.6049869060516357, 3512
1.6049869060516357, 3511
1.6049869060516357, 3510
1.6049869060516357, 3509
1.6149168014526367, 3508
1.6149168014526367, 3507
1.619931697845459, 3506
1.624739170074463, 3505
1.6297638416290283, 3504
1.6297638416290283, 3503
1.6297638416290283, 3502
1.6297638416290283, 3501
1.6297638416290283, 3500
1.6348440647125244, 3499
1.6348440647125244, 3498
1.6348440647125244, 3497
1.6398539543151855, 3496
1.6499526500701904, 3495
1.6499526500701904, 3494
1.6499526500701904, 3493
1.6545417308807373, 3492
1.6545417308807373, 3491
1.6545417308807373, 3490
1.6545417308807373, 3489
1.6595547199249268, 3488
1.6595547199249268, 3487
1.6595547199249268, 3486
1.6646249294281006, 3485
1.6671984195709229, 3484
1.6671984195709229, 3483
1.6671984195709229, 3482
1.6671984195709229, 3481
1.6750447750091553, 3480
1.6800634860992432, 3479
1.6800634860992432, 3478
1.6800634860992432, 3477
1.6800634860992432, 3476
1.6800634860992432, 3475
1.6800634860992432, 3474
1.684633493423462, 3473
1.684633493423462, 3472
1.684633493423462, 3471
1.684633493423462, 3470
1.684633493423462, 3469
1.6946704387664795, 3468
1.6946704387664795, 3467
1.6946704387664795, 3466
1.6946704387664795, 3465
1.6946704387664795, 3464
1.6946704387664795, 3463
1.6946704387664795, 3462
1.7049024105072021, 3461
1.7049024105072021, 3460
1.7049024105072021, 3459
1.7099194526672363, 3458
1.7099194526672363, 3457
1.7099194526672363, 3456
1.7099194526672363, 3455
1.7099194526672363, 3454
1.7099194526672363, 3453
1.7099194526672363, 3452
1.714994192123413, 3451
1.719505786895752, 3450
1.719505786895752, 3449
1.719505786895752, 3448
1.719505786895752, 3447
1.719505786895752, 3446
1.7245738506317139, 3445
1.7245738506317139, 3444
1.7295830249786377, 3443
1.7295830249786377, 3442
1.7295830249786377, 3441
1.7346582412719727, 3440
1.7346582412719727, 3439
1.7346582412719727, 3438
1.7396714687347412, 3437
1.7396714687347412, 3436
1.7447423934936523, 3435
1.7497532367706299, 3434
1.7497532367706299, 3433
1.7549402713775635, 3432
1.7549402713775635, 3431
1.7549402713775635, 3430
1.7599575519561768, 3429
1.7645225524902344, 3428
1.7670857906341553, 3427
1.7670857906341553, 3426
1.7691681385040283, 3425
1.7747421264648438, 3424
1.7793388366699219, 3423
1.7849078178405762, 3422
1.7849078178405762, 3421
1.7849078178405762, 3420
1.787485122680664, 3419
1.787485122680664, 3418
1.787485122680664, 3417
1.7896440029144287, 3416
1.7947373390197754, 3415
1.7947373390197754, 3414
1.7947373390197754, 3413
1.7947373390197754, 3412
1.7998807430267334, 3411
1.7998807430267334, 3410
1.804948329925537, 3409
1.804948329925537, 3408
1.804948329925537, 3407
1.804948329925537, 3406
1.804948329925537, 3405
1.804948329925537, 3404
1.8100643157958984, 3403
1.8100643157958984, 3402
1.814634084701538, 3401
1.814634084701538, 3400
1.814634084701538, 3399
1.818192481994629, 3398
1.818192481994629, 3397
1.818192481994629, 3396
1.818192481994629, 3395
1.8247509002685547, 3394
1.8247509002685547, 3393
1.8304076194763184, 3392
1.8304076194763184, 3391
1.8304076194763184, 3390
1.8304076194763184, 3389
1.8304076194763184, 3388
1.8386788368225098, 3387
1.8409020900726318, 3386
1.8449771404266357, 3385
1.8449771404266357, 3384
1.8510849475860596, 3383
1.854656457901001, 3382
1.854656457901001, 3381
1.854656457901001, 3380
1.854656457901001, 3379
1.8663818836212158, 3378
1.8675215244293213, 3377
1.86857008934021, 3376
1.871734380722046, 3375
1.8761484622955322, 3374
1.8761484622955322, 3373
1.8772094249725342, 3372
1.8797638416290283, 3371
1.8818161487579346, 3370
1.8818161487579346, 3369
1.8848686218261719, 3368
1.8848686218261719, 3367
1.890002965927124, 3366
1.8920202255249023, 3365
1.8920202255249023, 3364
1.8920202255249023, 3363
1.9003193378448486, 3362
1.9003193378448486, 3361
1.9003193378448486, 3360
1.9003193378448486, 3359
1.9003193378448486, 3358
1.9003193378448486, 3357
1.9003193378448486, 3356
1.9003193378448486, 3355
1.9048900604248047, 3354
1.9048900604248047, 3353
1.9048900604248047, 3352
1.9104366302490234, 3351
1.9104366302490234, 3350
1.9145481586456299, 3349
1.9145481586456299, 3348
1.9145481586456299, 3347
1.9248497486114502, 3346
1.9248497486114502, 3345
1.9248497486114502, 3344
1.9248497486114502, 3343
1.930706262588501, 3342
1.9347972869873047, 3341
1.9347972869873047, 3340
1.9347972869873047, 3339
1.9409010410308838, 3338
1.9510202407836914, 3337
1.9510202407836914, 3336
1.953080415725708, 3335
1.953080415725708, 3334
1.9546828269958496, 3333
1.9634339809417725, 3332
1.9634339809417725, 3331
1.9649832248687744, 3330
1.9717495441436768, 3329
1.974888801574707, 3328
1.974888801574707, 3327
1.9816882610321045, 3326
1.984786033630371, 3325
1.984786033630371, 3324
1.984786033630371, 3323
1.984786033630371, 3322
1.9917449951171875, 3321
1.9917449951171875, 3320
1.9937973022460938, 3319
1.9948465824127197, 3318
1.9948465824127197, 3317
1.9948465824127197, 3316
1.9948465824127197, 3315
1.9948465824127197, 3314
1.9948465824127197, 3313
2.0019733905792236, 3312
2.0045907497406006, 3311
2.0045907497406006, 3310
2.014787435531616, 3309
2.014787435531616, 3308
2.014787435531616, 3307
2.022214412689209, 3306
2.024264097213745, 3305
2.0248124599456787, 3304
2.0248124599456787, 3303
2.0248124599456787, 3302
2.0248124599456787, 3301
2.0350401401519775, 3300
2.0350401401519775, 3299
2.0350401401519775, 3298
2.0350401401519775, 3297
2.0445315837860107, 3296
2.0445315837860107, 3295
2.0445315837860107, 3294
2.0632801055908203, 3293
2.0632801055908203, 3292
2.0632801055908203, 3291
2.064832925796509, 3290
2.0653865337371826, 3289
2.0653865337371826, 3288
2.0653865337371826, 3287
2.0653865337371826, 3286
2.0734283924102783, 3285
2.0846407413482666, 3284
2.0846407413482666, 3283
2.089655637741089, 3282
2.089655637741089, 3281
2.089655637741089, 3280
2.089655637741089, 3279
2.0937283039093018, 3278
2.0937283039093018, 3277
2.0937283039093018, 3276
2.094764471054077, 3275
2.0958240032196045, 3274
2.0958240032196045, 3273
2.0958240032196045, 3272
2.0998287200927734, 3271
2.0998287200927734, 3270
2.103891611099243, 3269
2.105809450149536, 3268
2.105809450149536, 3267
2.105809450149536, 3266
2.105809450149536, 3265
2.114983558654785, 3264
2.114983558654785, 3263
2.114983558654785, 3262
2.114983558654785, 3261
2.114983558654785, 3260
2.11999249458313, 3259
2.1248316764831543, 3258
2.1264045238494873, 3257
2.1264045238494873, 3256
2.1264045238494873, 3255
2.1264045238494873, 3254
2.1264045238494873, 3253
2.1365694999694824, 3252
2.1467361450195312, 3251
2.1467361450195312, 3250
2.1467361450195312, 3249
2.1467361450195312, 3248
2.1467361450195312, 3247
2.1467361450195312, 3246
2.1467361450195312, 3245
2.154811143875122, 3244
2.154811143875122, 3243
2.1649065017700195, 3242
2.1669719219207764, 3241
2.1669719219207764, 3240
2.1669719219207764, 3239
2.1772148609161377, 3238
2.1853187084198, 3237
2.187385082244873, 3236
2.187385082244873, 3235
2.187385082244873, 3234
2.1975789070129395, 3233
2.1975789070129395, 3232
2.1975789070129395, 3231
2.2046914100646973, 3230
2.2046914100646973, 3229
2.207873821258545, 3228
2.207873821258545, 3227
2.207873821258545, 3226
2.207873821258545, 3225
2.218018054962158, 3224
2.218018054962158, 3223
2.2245728969573975, 3222
2.2245728969573975, 3221
2.226130723953247, 3220
2.226130723953247, 3219
2.2281861305236816, 3218
2.2281861305236816, 3217
2.2363834381103516, 3216
2.2363834381103516, 3215
2.238431692123413, 3214
2.238431692123413, 3213
2.24859619140625, 3212
2.24859619140625, 3211
2.2594451904296875, 3210
2.2594451904296875, 3209
2.267571449279785, 3208
2.267571449279785, 3207
2.2696340084075928, 3206
2.2696340084075928, 3205
2.274693250656128, 3204
2.274693250656128, 3203
2.274693250656128, 3202
2.2786972522735596, 3201
2.281830072402954, 3200
2.28393292427063, 3199
2.2860324382781982, 3198
2.2870514392852783, 3197
2.291590929031372, 3196
2.295121431350708, 3195
2.295121431350708, 3194
2.301760196685791, 3193
2.304813861846924, 3192
2.304813861846924, 3191
2.3117752075195312, 3190
2.3117752075195312, 3189
2.3117752075195312, 3188
2.314833402633667, 3187
2.314833402633667, 3186
2.314833402633667, 3185
2.314833402633667, 3184
2.320033073425293, 3183
2.320033073425293, 3182
2.320033073425293, 3181
2.322096109390259, 3180
2.331306219100952, 3179
2.3333070278167725, 3178
2.3372695446014404, 3177
2.3393406867980957, 3176
2.345306158065796, 3175
2.347306489944458, 3174
2.3522744178771973, 3173
2.3543365001678467, 3172
2.359304904937744, 3171
2.360306978225708, 3170
2.3663055896759033, 3169
2.367307424545288, 3168
2.36930513381958, 3167
2.3703057765960693, 3166
2.3703057765960693, 3165
2.371331214904785, 3164
2.371331214904785, 3163
2.372324228286743, 3162
2.3783059120178223, 3161
2.3783059120178223, 3160
2.3793046474456787, 3159
2.3813021183013916, 3158
2.3833069801330566, 3157
2.3843042850494385, 3156
2.3862736225128174, 3155
2.387312173843384, 3154
2.390315055847168, 3153
2.3973021507263184, 3152
2.4022727012634277, 3151
2.4022727012634277, 3150
2.403270959854126, 3149
2.4103055000305176, 3148
2.413302183151245, 3147
2.418309211730957, 3146
2.419271469116211, 3145
2.4323058128356934, 3144
2.4383251667022705, 3143
2.4383251667022705, 3142
2.441270589828491, 3141
2.4433064460754395, 3140
2.4463045597076416, 3139
2.4493048191070557, 3138
2.450305461883545, 3137
2.4513049125671387, 3136
2.458364725112915, 3135
2.4603047370910645, 3134
2.465306282043457, 3133
2.4693050384521484, 3132
2.4703094959259033, 3131
2.4703094959259033, 3130
2.4763052463531494, 3129
2.477301597595215, 3128
2.478304386138916, 3127
2.479304075241089, 3126
2.48030424118042, 3125
2.4813053607940674, 3124
2.482304573059082, 3123
2.482304573059082, 3122
2.482304573059082, 3121
2.4862725734710693, 3120
2.4862725734710693, 3119
2.4862725734710693, 3118
2.488309860229492, 3117
2.490304708480835, 3116
2.4913065433502197, 3115
2.4913065433502197, 3114
2.4923064708709717, 3113
2.4933042526245117, 3112
2.498304605484009, 3111
2.500312566757202, 3110
2.5122697353363037, 3109
2.5162713527679443, 3108
2.533304452896118, 3107
2.533304452896118, 3106
2.533304452896118, 3105
2.5343146324157715, 3104
2.5493040084838867, 3103
2.5553090572357178, 3102
2.557271718978882, 3101
2.5583086013793945, 3100
2.559312343597412, 3099
2.559312343597412, 3098
2.560311794281006, 3097
2.561309814453125, 3096
2.5633153915405273, 3095
2.5643107891082764, 3094
2.5682740211486816, 3093
2.5702807903289795, 3092
2.575307607650757, 3091
2.5773046016693115, 3090
2.588275909423828, 3089
2.5892772674560547, 3088
2.5892772674560547, 3087
2.5943045616149902, 3086
2.5943045616149902, 3085
2.602268934249878, 3084
2.603271722793579, 3083
2.6093106269836426, 3082
2.613304853439331, 3081
2.613304853439331, 3080
2.614304542541504, 3079
2.616270065307617, 3078
2.62431001663208, 3077
2.6263060569763184, 3076
2.628305196762085, 3075
2.630302906036377, 3074
2.6383109092712402, 3073
2.6413137912750244, 3072
2.6413137912750244, 3071
2.6443092823028564, 3070
2.6453092098236084, 3069
2.646270513534546, 3068
2.6472716331481934, 3067
2.6472716331481934, 3066
2.649305582046509, 3065
2.649305582046509, 3064
2.6522700786590576, 3063
2.6673123836517334, 3062
2.670318365097046, 3061
2.675305128097534, 3060
2.67730450630188, 3059
2.678272247314453, 3058
2.6802687644958496, 3057
2.682269811630249, 3056
2.6842684745788574, 3055
2.6842684745788574, 3054
2.6852684020996094, 3053
2.6862707138061523, 3052
2.687310218811035, 3051
2.692304849624634, 3050
2.705345392227173, 3049
2.705345392227173, 3048
2.7093043327331543, 3047
2.712306261062622, 3046
2.713305950164795, 3045
2.717301607131958, 3044
2.7233104705810547, 3043
2.726270914077759, 3042
2.727273464202881, 3041
2.7303085327148438, 3040
2.7323050498962402, 3039
2.7323050498962402, 3038
2.7323050498962402, 3037
2.733301877975464, 3036
2.733301877975464, 3035
2.734306573867798, 3034
2.7353053092956543, 3033
2.737307548522949, 3032
2.740309476852417, 3031
2.743304967880249, 3030
2.7443110942840576, 3029
2.7453055381774902, 3028
2.7503089904785156, 3027
2.7503089904785156, 3026
2.761305093765259, 3025
2.76430606842041, 3024
2.7662711143493652, 3023
2.7683043479919434, 3022
2.7692692279815674, 3021
2.7702763080596924, 3020
2.7733049392700195, 3019
2.774271011352539, 3018
2.774271011352539, 3017
2.777278184890747, 3016
2.7823052406311035, 3015
2.783306837081909, 3014
2.786304473876953, 3013
2.786304473876953, 3012
2.7913050651550293, 3011
2.7913050651550293, 3010
2.797301769256592, 3009
2.798306465148926, 3008
2.799304246902466, 3007
2.8022711277008057, 3006
2.8072822093963623, 3005
2.808304786682129, 3004
2.8093068599700928, 3003
2.8113067150115967, 3002
2.8113067150115967, 3001
2.813305616378784, 3000
2.8162710666656494, 2999
2.8173043727874756, 2998
2.825305700302124, 2997
2.826305627822876, 2996
2.8423051834106445, 2995
2.8423051834106445, 2994
2.851304054260254, 2993
2.851304054260254, 2992
2.851304054260254, 2991
2.861268997192383, 2990
2.8632736206054688, 2989
2.869304656982422, 2988
2.878352403640747, 2987
2.880352020263672, 2986
2.8843798637390137, 2985
2.8917994499206543, 2984
2.8927953243255615, 2983
2.8927953243255615, 2982
2.8947970867156982, 2981
2.8997976779937744, 2980
2.9097540378570557, 2979
2.9117534160614014, 2978
2.9147539138793945, 2977
2.9197545051574707, 2976
2.9287540912628174, 2975
2.9297540187835693, 2974
2.9307539463043213, 2973
2.9307539463043213, 2972
2.9437882900238037, 2971
2.9437882900238037, 2970
2.9527928829193115, 2969
2.957791328430176, 2968
2.957791328430176, 2967
2.9587907791137695, 2966
2.963785171508789, 2965
2.9667882919311523, 2964
2.9687564373016357, 2963
2.971794605255127, 2962
2.9737918376922607, 2961
2.9757964611053467, 2960
2.9787938594818115, 2959
2.9837594032287598, 2958
2.9927542209625244, 2957
2.9937541484832764, 2956
2.994753837585449, 2955
2.9957540035247803, 2954
3.007765293121338, 2953
3.0087549686431885, 2952
3.012754201889038, 2951
3.01875376701355, 2950
3.0217552185058594, 2949
3.022754430770874, 2948
3.0347540378570557, 2947
3.0407555103302, 2946
3.0417537689208984, 2945
3.0457537174224854, 2944
3.050753593444824, 2943
3.0577540397644043, 2942
3.062756061553955, 2941
3.0647552013397217, 2940
3.0677542686462402, 2939
3.068753957748413, 2938
3.075753927230835, 2937
3.076754093170166, 2936
3.079753875732422, 2935
3.080753803253174, 2934
3.086754322052002, 2933
3.0957539081573486, 2932
3.1057584285736084, 2931
3.1067540645599365, 2930
3.1107587814331055, 2929
3.1158010959625244, 2928
3.1158010959625244, 2927
3.1167850494384766, 2926
3.1167850494384766, 2925
3.1197876930236816, 2924
3.1257548332214355, 2923
3.1277878284454346, 2922
3.1327881813049316, 2921
3.137791872024536, 2920
3.1577908992767334, 2919
3.1577908992767334, 2918
3.1667966842651367, 2917
3.1718153953552246, 2916
3.1718153953552246, 2915
3.1767897605895996, 2914
3.1787943840026855, 2913
3.1847896575927734, 2912
3.1877992153167725, 2911
3.189758777618408, 2910
3.1917543411254883, 2909
3.196756601333618, 2908
3.1977896690368652, 2907
3.2097909450531006, 2906
3.211790084838867, 2905
3.215757369995117, 2904
3.216789960861206, 2903
3.2227938175201416, 2902
3.2283992767333984, 2901
3.2300355434417725, 2900
3.2319889068603516, 2899
3.2329955101013184, 2898
3.23459792137146, 2897
3.235637903213501, 2896
3.235637903213501, 2895
3.2485852241516113, 2894
3.259671688079834, 2893
3.260671854019165, 2892
3.2646844387054443, 2891
3.265717029571533, 2890
3.2767279148101807, 2889
3.2777626514434814, 2888
3.2797634601593018, 2887
3.281766414642334, 2886
3.282768487930298, 2885
3.2847800254821777, 2884
3.2918198108673096, 2883
3.2948338985443115, 2882
3.3018288612365723, 2881
3.3038644790649414, 2880
3.3119146823883057, 2879
3.312910795211792, 2878
3.312910795211792, 2877
3.313908338546753, 2876
3.3186240196228027, 2875
3.3226547241210938, 2874
3.323652505874634, 2873
3.3316612243652344, 2872
3.3416202068328857, 2871
3.344653367996216, 2870
3.3476529121398926, 2869
3.350656032562256, 2868
3.350656032562256, 2867
3.3596532344818115, 2866
3.375654697418213, 2865
3.376652479171753, 2864
3.378652334213257, 2863
3.381652593612671, 2862
3.382652759552002, 2861
3.3836543560028076, 2860
3.3846638202667236, 2859
3.3926572799682617, 2858
3.398655652999878, 2857
3.399653434753418, 2856
3.4176573753356934, 2855
3.422667980194092, 2854
3.4346542358398438, 2853
3.4436533451080322, 2852
3.4446542263031006, 2851
3.4496521949768066, 2850
3.450655221939087, 2849
3.451652765274048, 2848
3.452653169631958, 2847
3.4586522579193115, 2846
3.460653066635132, 2845
3.460653066635132, 2844
3.4646499156951904, 2843
3.4666550159454346, 2842
3.4686193466186523, 2841
3.471658706665039, 2840
3.471658706665039, 2839
3.477656602859497, 2838
3.477656602859497, 2837
3.480668783187866, 2836
3.493616819381714, 2835
3.500126600265503, 2834
3.5051357746124268, 2833
3.5071358680725098, 2832
3.511127233505249, 2831
3.5181288719177246, 2830
3.5181288719177246, 2829
3.5281271934509277, 2828
3.534127712249756, 2827
3.534127712249756, 2826
3.5401453971862793, 2825
3.5431272983551025, 2824
3.5441274642944336, 2823
3.5441274642944336, 2822
3.5501275062561035, 2821
3.5521271228790283, 2820
3.5581274032592773, 2819
3.5611274242401123, 2818
3.5611274242401123, 2817
3.563126802444458, 2816
3.582127809524536, 2815
3.5941269397735596, 2814
3.5941269397735596, 2813
3.5951266288757324, 2812
3.612161874771118, 2811
3.61816143989563, 2810
3.6241657733917236, 2809
3.6241657733917236, 2808
3.62516188621521, 2807
3.626161813735962, 2806
3.6331608295440674, 2805
3.6371660232543945, 2804
3.6431679725646973, 2803
3.6441290378570557, 2802
3.6471290588378906, 2801
3.6471290588378906, 2800
3.6471290588378906, 2799
3.6481637954711914, 2798
3.6491611003875732, 2797
3.6491611003875732, 2796
3.6585817337036133, 2795
3.672597885131836, 2794
3.6775503158569336, 2793
3.6785500049591064, 2792
3.6795499324798584, 2791
3.681549549102783, 2790
3.6835498809814453, 2789
3.6885526180267334, 2788
3.6955506801605225, 2787
3.697550058364868, 2786
3.699549913406372, 2785
3.707554340362549, 2784
3.708552360534668, 2783
3.7225499153137207, 2782
3.7255501747131348, 2781
3.7265498638153076, 2780
3.7265498638153076, 2779
3.7275497913360596, 2778
3.746549606323242, 2777
3.746549606323242, 2776
3.746549606323242, 2775
3.7475507259368896, 2774
3.7535510063171387, 2773
3.761549711227417, 2772
3.775550127029419, 2771
3.777549982070923, 2770
3.7915613651275635, 2769
3.7935492992401123, 2768
3.7945494651794434, 2767
3.798549175262451, 2766
3.806549549102783, 2765
3.811549186706543, 2764
3.812549352645874, 2763
3.816549301147461, 2762
3.8175466060638428, 2761
3.821550130844116, 2760
3.8285810947418213, 2759
3.8325858116149902, 2758
3.8365466594696045, 2757
3.844581365585327, 2756
3.865590810775757, 2755
3.8675854206085205, 2754
3.89558482170105, 2753
3.9025838375091553, 2752
3.9035837650299072, 2751
3.921630382537842, 2750
3.922605276107788, 2749
3.9245846271514893, 2748
3.929581880569458, 2747
3.940582513809204, 2746
3.9415812492370605, 2745
3.94258189201355, 2744
3.9435839653015137, 2743
3.9445817470550537, 2742
3.9475488662719727, 2741
3.9525814056396484, 2740
3.9575488567352295, 2739
3.961581230163574, 2738
3.961581230163574, 2737
3.970585584640503, 2736
3.979548454284668, 2735
3.9845728874206543, 2734
3.993582010269165, 2733
3.9965813159942627, 2732
4.0005881786346436, 2731
4.002586126327515, 2730
4.007558107376099, 2729
4.011582612991333, 2728
4.0125815868377686, 2727
4.02358341217041, 2726
4.028587818145752, 2725
4.028587818145752, 2724
4.043581008911133, 2723
4.050586938858032, 2722
4.053589105606079, 2721
4.054585218429565, 2720
4.0555500984191895, 2719
4.062587022781372, 2718
4.068547248840332, 2717
4.071558952331543, 2716
4.074545860290527, 2715
4.076545715332031, 2714
4.083545446395874, 2713
4.094548463821411, 2712
4.1085474491119385, 2711
4.111545562744141, 2710
4.112545728683472, 2709
4.130545616149902, 2708
4.133545398712158, 2707
4.1365461349487305, 2706
4.14154577255249, 2705
4.148545742034912, 2704
4.163545846939087, 2703
4.163545846939087, 2702
4.165545701980591, 2701
4.1855456829071045, 2700
4.186547040939331, 2699
4.1905457973480225, 2698
4.1905457973480225, 2697
4.19554591178894, 2696
4.200546026229858, 2695
4.209545373916626, 2694
4.212545156478882, 2693
4.217545986175537, 2692
4.224545001983643, 2691
4.239546060562134, 2690
4.247545957565308, 2689
4.259545803070068, 2688
4.26554536819458, 2687
4.278546333312988, 2686
4.288549900054932, 2685
4.293545722961426, 2684
4.293545722961426, 2683
4.2985451221466064, 2682
4.3035454750061035, 2681
4.3035454750061035, 2680
4.304545640945435, 2679
4.31854772567749, 2678
4.319580316543579, 2677
4.320582628250122, 2676
4.322580337524414, 2675
4.327582359313965, 2674
4.328579902648926, 2673
4.333585977554321, 2672
4.3416173458099365, 2671
4.342580080032349, 2670
4.345579624176025, 2669
4.3535826206207275, 2668
4.360588073730469, 2667
4.361581563949585, 2666
4.37058687210083, 2665
4.373651742935181, 2664
4.3855860233306885, 2663
4.388587236404419, 2662
4.39258599281311, 2661
4.419586658477783, 2660
4.436554431915283, 2659
4.440581321716309, 2658
4.44758152961731, 2657
4.44758152961731, 2656
4.4505860805511475, 2655
4.462578773498535, 2654
4.468548774719238, 2653
4.477588415145874, 2652
4.477588415145874, 2651
4.487586975097656, 2650
4.491581916809082, 2649
4.494579076766968, 2648
4.499585151672363, 2647
4.502549409866333, 2646
4.5185487270355225, 2645
4.539637804031372, 2644
4.543548583984375, 2643
4.575587272644043, 2642
4.577581167221069, 2641
4.59554648399353, 2640
4.602679014205933, 2639
4.604756832122803, 2638
4.611887216567993, 2637
4.631481647491455, 2636
4.634481906890869, 2635
4.664479494094849, 2634
4.68247652053833, 2633
4.684476613998413, 2632
4.684476613998413, 2631
4.68548321723938, 2630
4.695445537567139, 2629
4.698444843292236, 2628
4.704476356506348, 2627
4.723444700241089, 2626
4.731444358825684, 2625
4.761444568634033, 2624
4.772446155548096, 2623
4.779444932937622, 2622
4.788455963134766, 2621
4.791445016860962, 2620
4.800444602966309, 2619
4.808444499969482, 2618
4.8094446659088135, 2617
4.8114447593688965, 2616
4.827444314956665, 2615
4.827444314956665, 2614
4.833444595336914, 2613
4.852459192276001, 2612
4.855458974838257, 2611
4.863740682601929, 2610
4.864751815795898, 2609
4.8652684688568115, 2608
4.870319128036499, 2607
4.874540090560913, 2606
4.8824896812438965, 2605
4.893489599227905, 2604
4.893489599227905, 2603
4.8954901695251465, 2602
4.904499292373657, 2601
4.905490159988403, 2600
4.9095258712768555, 2599
4.9245264530181885, 2598
4.926522731781006, 2597
4.930521726608276, 2596
4.940489768981934, 2595
4.950523376464844, 2594
4.974527597427368, 2593
4.976526498794556, 2592
4.978527545928955, 2591
4.988489389419556, 2590
4.9985222816467285, 2589
5.0085227489471436, 2588
5.013522148132324, 2587
5.040532350540161, 2586
5.0485217571258545, 2585
5.0495216846466064, 2584
5.0525267124176025, 2583
5.087535619735718, 2582
5.0944905281066895, 2581
5.109521865844727, 2580
5.110528230667114, 2579
5.113487005233765, 2578
5.125526428222656, 2577
5.1335227489471436, 2576
5.1335227489471436, 2575
5.154522895812988, 2574
5.154522895812988, 2573
5.155521631240845, 2572
5.179521560668945, 2571
5.191486597061157, 2570
5.201488018035889, 2569
5.218488931655884, 2568
5.224528789520264, 2567
5.233538389205933, 2566
5.233538389205933, 2565
5.235533714294434, 2564
5.248522996902466, 2563
5.251489162445068, 2562
5.280522108078003, 2561
5.308526992797852, 2560
5.309526681900024, 2559
5.319490194320679, 2558
5.330525636672974, 2557
5.37852144241333, 2556
5.399524211883545, 2555
5.407519340515137, 2554
5.410522937774658, 2553
5.410522937774658, 2552
5.418488502502441, 2551
5.43052339553833, 2550
5.441490888595581, 2549
5.465521812438965, 2548
5.469527721405029, 2547
5.481529235839844, 2546
5.482527494430542, 2545
5.494513273239136, 2544
5.496485948562622, 2543
5.498522043228149, 2542
5.512523889541626, 2541
5.532490491867065, 2540
5.551486253738403, 2539
5.574486255645752, 2538
5.579486608505249, 2537
5.590522766113281, 2536
5.593520879745483, 2535
5.596520185470581, 2534
5.596520185470581, 2533
5.600492715835571, 2532
5.608522176742554, 2531
5.617486953735352, 2530
5.633486032485962, 2529
5.644519805908203, 2528
5.655523061752319, 2527
5.684528589248657, 2526
5.690521717071533, 2525
5.727526426315308, 2524
5.752528667449951, 2523
5.7575249671936035, 2522
5.77752423286438, 2521
5.791518926620483, 2520
5.800524950027466, 2519
5.807526350021362, 2518
5.831521272659302, 2517
5.84852409362793, 2516
5.850528001785278, 2515
5.9014892578125, 2514
5.90452241897583, 2513
5.919487714767456, 2512
5.950523853302002, 2511
5.951488494873047, 2510
5.965522289276123, 2509
5.999486446380615, 2508
6.004544734954834, 2507
6.006499528884888, 2506
6.02448582649231, 2505
6.0264880657196045, 2504
6.106521129608154, 2503
6.106521129608154, 2502
6.112520217895508, 2501
6.118521451950073, 2500
6.118521451950073, 2499
6.1305224895477295, 2498
6.132521152496338, 2497
6.149526119232178, 2496
6.157522201538086, 2495
6.165521860122681, 2494
6.168488025665283, 2493
6.177524089813232, 2492
6.193521976470947, 2491
6.193521976470947, 2490
6.194522380828857, 2489
6.1974875926971436, 2488
6.260485649108887, 2487
6.2634851932525635, 2486
6.268486261367798, 2485
6.278488636016846, 2484
6.306485891342163, 2483
6.322485685348511, 2482
6.343486070632935, 2481
6.379519939422607, 2480
6.380520343780518, 2479
6.382519960403442, 2478
6.386524677276611, 2477
6.393524169921875, 2476
6.394526720046997, 2475
6.41552996635437, 2474
6.423550844192505, 2473
6.4285266399383545, 2472
6.4335243701934814, 2471
6.451488971710205, 2470
6.48748779296875, 2469
6.50449538230896, 2468
6.536486864089966, 2467
6.569514751434326, 2466
6.583524465560913, 2465
6.598519563674927, 2464
6.599519729614258, 2463
6.6625237464904785, 2462
6.689489364624023, 2461
6.692523241043091, 2460
6.699527740478516, 2459
6.71248984336853, 2458
6.72448992729187, 2457
6.737495183944702, 2456
6.740489959716797, 2455
6.750489711761475, 2454
6.762490510940552, 2453
6.771490812301636, 2452
6.785491228103638, 2451
6.804489850997925, 2450
6.804489850997925, 2449
6.877525329589844, 2448
6.883525371551514, 2447
6.888538360595703, 2446
6.9155213832855225, 2445
6.923488616943359, 2444
6.946486711502075, 2443
6.967525243759155, 2442
6.988524913787842, 2441
6.989522218704224, 2440
6.9945228099823, 2439
7.002528429031372, 2438
7.019488096237183, 2437
7.057526111602783, 2436
7.070496559143066, 2435
7.100485324859619, 2434
7.108523368835449, 2433
7.112525939941406, 2432
7.137524127960205, 2431
7.147498369216919, 2430
7.172550916671753, 2429
7.176523685455322, 2428
7.199519157409668, 2427
7.20352840423584, 2426
7.211522579193115, 2425
7.233527898788452, 2424
7.2385218143463135, 2423
7.244525671005249, 2422
7.288550615310669, 2421
7.307527780532837, 2420
7.340494871139526, 2419
7.381526708602905, 2418
7.384487152099609, 2417
7.387557506561279, 2416
7.390488862991333, 2415
7.402064561843872, 2414
7.454550504684448, 2413
7.457550525665283, 2412
7.475550651550293, 2411
7.480550765991211, 2410
7.484550714492798, 2409
7.513550043106079, 2408
7.538552761077881, 2407
7.55155348777771, 2406
7.5655505657196045, 2405
7.5675506591796875, 2404
7.590552568435669, 2403
7.597550630569458, 2402
7.611550569534302, 2401
7.6155500411987305, 2400
7.616565942764282, 2399
7.6615495681762695, 2398
7.662551164627075, 2397
7.673551559448242, 2396
7.683551073074341, 2395
7.703554391860962, 2394
7.734586715698242, 2393
7.735560178756714, 2392
7.766554832458496, 2391
7.8146891593933105, 2390
7.8196799755096436, 2389
7.831533193588257, 2388
7.8646533489227295, 2387
7.9169652462005615, 2386
7.9346113204956055, 2385
7.959594488143921, 2384
7.999593734741211, 2383
8.007595300674438, 2382
8.009593963623047, 2381
8.033558130264282, 2380
8.060558080673218, 2379
8.086575984954834, 2378
8.112558603286743, 2377
8.199557781219482, 2376
8.214558362960815, 2375
8.218558549880981, 2374
8.23355770111084, 2373
8.264592170715332, 2372
8.268598318099976, 2371
8.296182632446289, 2370
8.31016206741333, 2369
8.358843088150024, 2368
8.434842586517334, 2367
8.437846422195435, 2366
8.590840578079224, 2365
8.599841117858887, 2364
8.610771417617798, 2363
8.61536955833435, 2362
8.678719758987427, 2361
8.737684488296509, 2360
8.771681070327759, 2359
8.77868127822876, 2358
8.783681154251099, 2357
8.831681251525879, 2356
8.837691307067871, 2355
8.842680931091309, 2354
8.882719993591309, 2353
8.892714738845825, 2352
8.90968132019043, 2351
8.926681518554688, 2350
8.946681261062622, 2349
8.950684309005737, 2348
9.007680892944336, 2347
9.019681215286255, 2346
9.023688793182373, 2345
9.067682266235352, 2344
9.103681564331055, 2343
9.109681844711304, 2342
9.136690139770508, 2341
9.143681287765503, 2340
9.146681308746338, 2339
9.210717916488647, 2338
9.224716663360596, 2337
9.28768277168274, 2336
9.324686527252197, 2335
9.358687400817871, 2334
9.393722534179688, 2333
9.428717613220215, 2332
9.471968650817871, 2331
9.484858512878418, 2330
9.5418701171875, 2329
9.603898048400879, 2328
9.645862817764282, 2327
9.662894010543823, 2326
9.719924449920654, 2325
9.73189401626587, 2324
9.765860557556152, 2323
9.873896360397339, 2322
9.881898403167725, 2321
9.920050859451294, 2320
9.953614234924316, 2319
10.060604095458984, 2318
10.087636709213257, 2317
10.12061095237732, 2316
10.147603988647461, 2315
10.191568374633789, 2314
10.204603433609009, 2313
10.261601686477661, 2312
10.288602352142334, 2311
10.29160189628601, 2310
10.34360408782959, 2309
10.429600954055786, 2308
10.439570665359497, 2307
10.488569974899292, 2306
10.498571634292603, 2305
10.505630731582642, 2304
10.538571834564209, 2303
10.542604207992554, 2302
10.679604053497314, 2301
10.845601320266724, 2300
10.900603532791138, 2299
10.985704183578491, 2298
11.098697662353516, 2297
11.151737451553345, 2296
11.154903650283813, 2295
11.172809600830078, 2294
11.217806816101074, 2293
11.222809553146362, 2292
11.380805492401123, 2291
11.515097379684448, 2290
11.642677545547485, 2289
11.652697801589966, 2288
11.750682830810547, 2287
11.786657571792603, 2286
11.82967758178711, 2285
11.847681283950806, 2284
11.947658777236938, 2283
12.04678750038147, 2282
12.062787532806396, 2281
12.092787981033325, 2280
12.098787784576416, 2279
12.11978793144226, 2278
12.311819553375244, 2277
12.410820007324219, 2276
12.457820415496826, 2275
12.499786376953125, 2274
12.601824522018433, 2273
12.8608238697052, 2272
12.89781904220581, 2271
12.907819986343384, 2270
13.01181960105896, 2269
13.173820734024048, 2268
13.433824300765991, 2267
13.675242900848389, 2266
13.74678087234497, 2265
13.830816268920898, 2264
13.877813339233398, 2263
13.900809049606323, 2262
14.168569087982178, 2261
14.357929706573486, 2260
14.360929250717163, 2259
14.546932458877563, 2258
14.629931926727295, 2257
14.808929204940796, 2256
14.879968404769897, 2255
14.945964336395264, 2254
15.192598104476929, 2253
15.213624238967896, 2252
15.247867822647095, 2251
15.299718141555786, 2250
15.513885021209717, 2249
15.626497983932495, 2248
15.89167308807373, 2247
16.04363703727722, 2246
16.376672744750977, 2245
16.48264193534851, 2244
16.645673990249634, 2243
16.7416410446167, 2242
16.84364128112793, 2241
17.006654262542725, 2240
17.251939058303833, 2239
17.309934377670288, 2238
17.312931060791016, 2237
17.44895100593567, 2236
17.55515718460083, 2235
17.56915593147278, 2234
17.647153854370117, 2233
18.28245496749878, 2232
18.54641342163086, 2231
18.643237352371216, 2230
18.72175669670105, 2229
19.060998916625977, 2228
19.86376667022705, 2227
20.006731748580933, 2226
20.753674030303955, 2225
20.94767665863037, 2224
21.28896474838257, 2223
21.442530155181885, 2222
21.541532039642334, 2221
21.558531284332275, 2220
22.48228693008423, 2219
23.500022172927856, 2218
23.700043201446533, 2217
24.466705083847046, 2216
24.487666368484497, 2215
25.825282335281372, 2214
27.198650121688843, 2213
29.74288535118103, 2212
36.35479497909546, 2211
38.98456311225891, 2210
40.08088445663452, 2209
43.78990054130554, 2208
66.36899161338806, 2207
73.53079199790955, 2206
76.0538878440857, 2205
96.70588159561157, 2204
