0.030216217041015625, 4941
0.031806230545043945, 4940
0.031806230545043945, 4939
0.035523176193237305, 4938
0.035523176193237305, 4937
0.035523176193237305, 4936
0.035523176193237305, 4935
0.035523176193237305, 4934
0.035523176193237305, 4933
0.035523176193237305, 4932
0.040033578872680664, 4931
0.040033578872680664, 4930
0.040033578872680664, 4929
0.040033578872680664, 4928
0.040033578872680664, 4927
0.040033578872680664, 4926
0.040033578872680664, 4925
0.040033578872680664, 4924
0.040033578872680664, 4923
0.04508376121520996, 4922
0.04508376121520996, 4921
0.04508376121520996, 4920
0.04508376121520996, 4919
0.04508376121520996, 4918
0.04508376121520996, 4917
0.04508376121520996, 4916
0.04508376121520996, 4915
0.050089120864868164, 4914
0.050089120864868164, 4913
0.050089120864868164, 4912
0.050089120864868164, 4911
0.050089120864868164, 4910
0.050089120864868164, 4909
0.050089120864868164, 4908
0.050089120864868164, 4907
0.05514121055603027, 4906
0.05514121055603027, 4905
0.05514121055603027, 4904
0.05514121055603027, 4903
0.05514121055603027, 4902
0.05514121055603027, 4901
0.05514121055603027, 4900
0.05514121055603027, 4899
0.06014442443847656, 4898
0.06014442443847656, 4897
0.06014442443847656, 4896
0.06014442443847656, 4895
0.06014442443847656, 4894
0.06014442443847656, 4893
0.06014442443847656, 4892
0.06014442443847656, 4891
0.06014442443847656, 4890
0.06014442443847656, 4889
0.06517672538757324, 4888
0.06517672538757324, 4887
0.06517672538757324, 4886
0.06517672538757324, 4885
0.06517672538757324, 4884
0.06517672538757324, 4883
0.07018327713012695, 4882
0.07018327713012695, 4881
0.07018327713012695, 4880
0.07018327713012695, 4879
0.07018327713012695, 4878
0.07018327713012695, 4877
0.07524538040161133, 4876
0.07524538040161133, 4875
0.07524538040161133, 4874
0.07524538040161133, 4873
0.07524538040161133, 4872
0.07524538040161133, 4871
0.07524538040161133, 4870
0.07524538040161133, 4869
0.08025026321411133, 4868
0.08025026321411133, 4867
0.08025026321411133, 4866
0.08025026321411133, 4865
0.08531045913696289, 4864
0.08531045913696289, 4863
0.08531045913696289, 4862
0.08531045913696289, 4861
0.08531045913696289, 4860
0.08531045913696289, 4859
0.08531045913696289, 4858
0.08531045913696289, 4857
0.09031558036804199, 4856
0.09031558036804199, 4855
0.09031558036804199, 4854
0.09031558036804199, 4853
0.09031558036804199, 4852
0.09031558036804199, 4851
0.09031558036804199, 4850
0.09031558036804199, 4849
0.09031558036804199, 4848
0.0953664779663086, 4847
0.0953664779663086, 4846
0.0953664779663086, 4845
0.0953664779663086, 4844
0.0953664779663086, 4843
0.0953664779663086, 4842
0.10037350654602051, 4841
0.10037350654602051, 4840
0.10037350654602051, 4839
0.10037350654602051, 4838
0.10037350654602051, 4837
0.10037350654602051, 4836
0.10037350654602051, 4835
0.1049504280090332, 4834
0.1049504280090332, 4833
0.1049504280090332, 4832
0.1049504280090332, 4831
0.1049504280090332, 4830
0.1049504280090332, 4829
0.10995841026306152, 4828
0.10995841026306152, 4827
0.10995841026306152, 4826
0.10995841026306152, 4825
0.10995841026306152, 4824
0.10995841026306152, 4823
0.10995841026306152, 4822
0.11502289772033691, 4821
0.11502289772033691, 4820
0.11502289772033691, 4819
0.11502289772033691, 4818
0.12003254890441895, 4817
0.12003254890441895, 4816
0.12003254890441895, 4815
0.12003254890441895, 4814
0.12003254890441895, 4813
0.12003254890441895, 4812
0.12003254890441895, 4811
0.12003254890441895, 4810
0.12003254890441895, 4809
0.12504887580871582, 4808
0.12504887580871582, 4807
0.12504887580871582, 4806
0.12504887580871582, 4805
0.12504887580871582, 4804
0.12504887580871582, 4803
0.12504887580871582, 4802
0.12504887580871582, 4801
0.12504887580871582, 4800
0.13005375862121582, 4799
0.13005375862121582, 4798
0.13005375862121582, 4797
0.13156700134277344, 4796
0.13156700134277344, 4795
0.13156700134277344, 4794
0.13156700134277344, 4793
0.13156700134277344, 4792
0.13156700134277344, 4791
0.1350841522216797, 4790
0.1350841522216797, 4789
0.1350841522216797, 4788
0.1350841522216797, 4787
0.1350841522216797, 4786
0.1350841522216797, 4785
0.1350841522216797, 4784
0.1350841522216797, 4783
0.1350841522216797, 4782
0.1350841522216797, 4781
0.14008855819702148, 4780
0.14008855819702148, 4779
0.14008855819702148, 4778
0.14008855819702148, 4777
0.1451103687286377, 4776
0.1451103687286377, 4775
0.1451103687286377, 4774
0.1451103687286377, 4773
0.1451103687286377, 4772
0.1451103687286377, 4771
0.1451103687286377, 4770
0.1451103687286377, 4769
0.15011811256408691, 4768
0.15011811256408691, 4767
0.15011811256408691, 4766
0.15011811256408691, 4765
0.15011811256408691, 4764
0.154130220413208, 4763
0.15514683723449707, 4762
0.15514683723449707, 4761
0.15514683723449707, 4760
0.15514683723449707, 4759
0.15514683723449707, 4758
0.15514683723449707, 4757
0.15514683723449707, 4756
0.16019010543823242, 4755
0.16019010543823242, 4754
0.16019010543823242, 4753
0.16019010543823242, 4752
0.16019010543823242, 4751
0.16019010543823242, 4750
0.16527390480041504, 4749
0.16669249534606934, 4748
0.16669249534606934, 4747
0.16669249534606934, 4746
0.16669249534606934, 4745
0.16669249534606934, 4744
0.16669249534606934, 4743
0.16669249534606934, 4742
0.16669249534606934, 4741
0.16669249534606934, 4740
0.16669249534606934, 4739
0.16669249534606934, 4738
0.17495179176330566, 4737
0.17495179176330566, 4736
0.17495179176330566, 4735
0.17495179176330566, 4734
0.17495179176330566, 4733
0.17495179176330566, 4732
0.17495179176330566, 4731
0.17495179176330566, 4730
0.17495179176330566, 4729
0.17495179176330566, 4728
0.17495179176330566, 4727
0.17495179176330566, 4726
0.17495179176330566, 4725
0.17495179176330566, 4724
0.18505287170410156, 4723
0.18505287170410156, 4722
0.18505287170410156, 4721
0.18505287170410156, 4720
0.18505287170410156, 4719
0.18505287170410156, 4718
0.18505287170410156, 4717
0.18505287170410156, 4716
0.18505287170410156, 4715
0.18505287170410156, 4714
0.18505287170410156, 4713
0.18505287170410156, 4712
0.18505287170410156, 4711
0.18505287170410156, 4710
0.1950521469116211, 4709
0.1950521469116211, 4708
0.1950521469116211, 4707
0.1950521469116211, 4706
0.1950521469116211, 4705
0.1950521469116211, 4704
0.1950521469116211, 4703
0.1950521469116211, 4702
0.1950521469116211, 4701
0.1950521469116211, 4700
0.1950521469116211, 4699
0.1950521469116211, 4698
0.2050931453704834, 4697
0.2050931453704834, 4696
0.2050931453704834, 4695
0.2050931453704834, 4694
0.2050931453704834, 4693
0.2050931453704834, 4692
0.2050931453704834, 4691
0.2050931453704834, 4690
0.2050931453704834, 4689
0.2050931453704834, 4688
0.2050931453704834, 4687
0.2050931453704834, 4686
0.2050931453704834, 4685
0.2050931453704834, 4684
0.2050931453704834, 4683
0.21522307395935059, 4682
0.21522307395935059, 4681
0.21522307395935059, 4680
0.21522307395935059, 4679
0.21522307395935059, 4678
0.21522307395935059, 4677
0.21522307395935059, 4676
0.21522307395935059, 4675
0.21522307395935059, 4674
0.21522307395935059, 4673
0.21522307395935059, 4672
0.21522307395935059, 4671
0.21522307395935059, 4670
0.21522307395935059, 4669
0.21522307395935059, 4668
0.21522307395935059, 4667
0.21522307395935059, 4666
0.22541117668151855, 4665
0.22541117668151855, 4664
0.22541117668151855, 4663
0.22541117668151855, 4662
0.22992396354675293, 4661
0.22992396354675293, 4660
0.23150873184204102, 4659
0.23150873184204102, 4658
0.23150873184204102, 4657
0.23360204696655273, 4656
0.23360204696655273, 4655
0.2351217269897461, 4654
0.2351217269897461, 4653
0.2351217269897461, 4652
0.2351217269897461, 4651
0.2351217269897461, 4650
0.2351217269897461, 4649
0.2351217269897461, 4648
0.2351217269897461, 4647
0.2351217269897461, 4646
0.2351217269897461, 4645
0.2415485382080078, 4644
0.2415485382080078, 4643
0.2415485382080078, 4642
0.2415485382080078, 4641
0.24361777305603027, 4640
0.24361777305603027, 4639
0.24517154693603516, 4638
0.24517154693603516, 4637
0.24517154693603516, 4636
0.24517154693603516, 4635
0.24517154693603516, 4634
0.24517154693603516, 4633
0.24517154693603516, 4632
0.25188183784484863, 4631
0.25188183784484863, 4630
0.2539358139038086, 4629
0.25498461723327637, 4628
0.25498461723327637, 4627
0.25498461723327637, 4626
0.25498461723327637, 4625
0.25498461723327637, 4624
0.25498461723327637, 4623
0.25498461723327637, 4622
0.25498461723327637, 4621
0.25498461723327637, 4620
0.25498461723327637, 4619
0.25498461723327637, 4618
0.25498461723327637, 4617
0.25498461723327637, 4616
0.25498461723327637, 4615
0.2619495391845703, 4614
0.2619495391845703, 4613
0.26398253440856934, 4612
0.26398253440856934, 4611
0.2650415897369385, 4610
0.2650415897369385, 4609
0.2650415897369385, 4608
0.2650415897369385, 4607
0.2650415897369385, 4606
0.2650415897369385, 4605
0.2650415897369385, 4604
0.2650415897369385, 4603
0.2650415897369385, 4602
0.27215075492858887, 4601
0.27215075492858887, 4600
0.27422499656677246, 4599
0.27422499656677246, 4598
0.27529191970825195, 4597
0.27529191970825195, 4596
0.27529191970825195, 4595
0.27529191970825195, 4594
0.27529191970825195, 4593
0.27529191970825195, 4592
0.27529191970825195, 4591
0.27529191970825195, 4590
0.27529191970825195, 4589
0.2854461669921875, 4588
0.2854461669921875, 4587
0.2854461669921875, 4586
0.2854461669921875, 4585
0.2854461669921875, 4584
0.2854461669921875, 4583
0.2854461669921875, 4582
0.2854461669921875, 4581
0.2854461669921875, 4580
0.2854461669921875, 4579
0.2854461669921875, 4578
0.2931084632873535, 4577
0.2931084632873535, 4576
0.2931084632873535, 4575
0.29515767097473145, 4574
0.29515767097473145, 4573
0.29515767097473145, 4572
0.29515767097473145, 4571
0.29515767097473145, 4570
0.29515767097473145, 4569
0.29515767097473145, 4568
0.29515767097473145, 4567
0.29515767097473145, 4566
0.29515767097473145, 4565
0.29515767097473145, 4564
0.3031947612762451, 4563
0.3031947612762451, 4562
0.3031947612762451, 4561
0.3031947612762451, 4560
0.30524587631225586, 4559
0.30524587631225586, 4558
0.30524587631225586, 4557
0.30524587631225586, 4556
0.30524587631225586, 4555
0.30524587631225586, 4554
0.30524587631225586, 4553
0.30524587631225586, 4552
0.30524587631225586, 4551
0.30524587631225586, 4550
0.31336426734924316, 4549
0.31336426734924316, 4548
0.31336426734924316, 4547
0.31491923332214355, 4546
0.3155176639556885, 4545
0.3155176639556885, 4544
0.3155176639556885, 4543
0.3155176639556885, 4542
0.3155176639556885, 4541
0.3155176639556885, 4540
0.3155176639556885, 4539
0.3155176639556885, 4538
0.3155176639556885, 4537
0.3155176639556885, 4536
0.32350850105285645, 4535
0.3255758285522461, 4534
0.3255758285522461, 4533
0.3255758285522461, 4532
0.3255758285522461, 4531
0.3255758285522461, 4530
0.3255758285522461, 4529
0.3255758285522461, 4528
0.3255758285522461, 4527
0.3255758285522461, 4526
0.33392834663391113, 4525
0.33498692512512207, 4524
0.3360862731933594, 4523
0.3360862731933594, 4522
0.3360862731933594, 4521
0.3360862731933594, 4520
0.3360862731933594, 4519
0.3360862731933594, 4518
0.3360862731933594, 4517
0.3360862731933594, 4516
0.3360862731933594, 4515
0.3443789482116699, 4514
0.3448967933654785, 4513
0.3448967933654785, 4512
0.3448967933654785, 4511
0.3464510440826416, 4510
0.3464510440826416, 4509
0.3464510440826416, 4508
0.3464510440826416, 4507
0.3464510440826416, 4506
0.3464510440826416, 4505
0.3464510440826416, 4504
0.3464510440826416, 4503
0.3464510440826416, 4502
0.3464510440826416, 4501
0.3464510440826416, 4500
0.3545215129852295, 4499
0.3550751209259033, 4498
0.3550751209259033, 4497
0.35659193992614746, 4496
0.35659193992614746, 4495
0.35659193992614746, 4494
0.35659193992614746, 4493
0.35659193992614746, 4492
0.35659193992614746, 4491
0.35659193992614746, 4490
0.35659193992614746, 4489
0.35659193992614746, 4488
0.35659193992614746, 4487
0.35659193992614746, 4486
0.35659193992614746, 4485
0.3646390438079834, 4484
0.365234375, 4483
0.36687231063842773, 4482
0.36687231063842773, 4481
0.36687231063842773, 4480
0.36687231063842773, 4479
0.36687231063842773, 4478
0.36687231063842773, 4477
0.36687231063842773, 4476
0.3748617172241211, 4475
0.37691211700439453, 4474
0.37691211700439453, 4473
0.37691211700439453, 4472
0.37691211700439453, 4471
0.37691211700439453, 4470
0.37691211700439453, 4469
0.37691211700439453, 4468
0.37691211700439453, 4467
0.37691211700439453, 4466
0.37691211700439453, 4465
0.3849971294403076, 4464
0.3849971294403076, 4463
0.3849971294403076, 4462
0.3870213031768799, 4461
0.3870213031768799, 4460
0.3870213031768799, 4459
0.3870213031768799, 4458
0.3870213031768799, 4457
0.3870213031768799, 4456
0.3870213031768799, 4455
0.3870213031768799, 4454
0.3870213031768799, 4453
0.3870213031768799, 4452
0.3950772285461426, 4451
0.3950772285461426, 4450
0.3950772285461426, 4449
0.39713144302368164, 4448
0.39713144302368164, 4447
0.39713144302368164, 4446
0.39713144302368164, 4445
0.39713144302368164, 4444
0.39713144302368164, 4443
0.39713144302368164, 4442
0.39713144302368164, 4441
0.39713144302368164, 4440
0.39713144302368164, 4439
0.39713144302368164, 4438
0.40517568588256836, 4437
0.4052715301513672, 4436
0.407315731048584, 4435
0.407315731048584, 4434
0.407315731048584, 4433
0.407315731048584, 4432
0.407315731048584, 4431
0.407315731048584, 4430
0.407315731048584, 4429
0.407315731048584, 4428
0.4154503345489502, 4427
0.4154503345489502, 4426
0.4176013469696045, 4425
0.4176013469696045, 4424
0.4176013469696045, 4423
0.4176013469696045, 4422
0.4176013469696045, 4421
0.4176013469696045, 4420
0.4176013469696045, 4419
0.4257242679595947, 4418
0.42777299880981445, 4417
0.42777299880981445, 4416
0.42777299880981445, 4415
0.42777299880981445, 4414
0.42777299880981445, 4413
0.42777299880981445, 4412
0.42777299880981445, 4411
0.42777299880981445, 4410
0.42777299880981445, 4409
0.4352128505706787, 4408
0.43576478958129883, 4407
0.43576478958129883, 4406
0.43781447410583496, 4405
0.43781447410583496, 4404
0.43781447410583496, 4403
0.43781447410583496, 4402
0.43781447410583496, 4401
0.43781447410583496, 4400
0.43781447410583496, 4399
0.43781447410583496, 4398
0.43781447410583496, 4397
0.43781447410583496, 4396
0.44594287872314453, 4395
0.44802021980285645, 4394
0.44802021980285645, 4393
0.44802021980285645, 4392
0.44802021980285645, 4391
0.44802021980285645, 4390
0.44802021980285645, 4389
0.45508360862731934, 4388
0.45508360862731934, 4387
0.4561192989349365, 4386
0.4561192989349365, 4385
0.4561192989349365, 4384
0.4561192989349365, 4383
0.4561192989349365, 4382
0.4561192989349365, 4381
0.4561192989349365, 4380
0.4561192989349365, 4379
0.4561192989349365, 4378
0.4561192989349365, 4377
0.46519041061401367, 4376
0.46519041061401367, 4375
0.4683101177215576, 4374
0.4683101177215576, 4373
0.4683101177215576, 4372
0.4683101177215576, 4371
0.4683101177215576, 4370
0.4683101177215576, 4369
0.4683101177215576, 4368
0.4683101177215576, 4367
0.4683101177215576, 4366
0.47536349296569824, 4365
0.47536349296569824, 4364
0.4764237403869629, 4363
0.4764237403869629, 4362
0.4784824848175049, 4361
0.4784824848175049, 4360
0.4784824848175049, 4359
0.4784824848175049, 4358
0.4784824848175049, 4357
0.4784824848175049, 4356
0.4784824848175049, 4355
0.4784824848175049, 4354
0.4784824848175049, 4353
0.4784824848175049, 4352
0.4784824848175049, 4351
0.4784824848175049, 4350
0.48506712913513184, 4349
0.48506712913513184, 4348
0.48660778999328613, 4347
0.48660778999328613, 4346
0.4886820316314697, 4345
0.4886820316314697, 4344
0.4886820316314697, 4343
0.4886820316314697, 4342
0.4886820316314697, 4341
0.4886820316314697, 4340
0.4886820316314697, 4339
0.4886820316314697, 4338
0.4886820316314697, 4337
0.4952399730682373, 4336
0.4952399730682373, 4335
0.4952399730682373, 4334
0.4967916011810303, 4333
0.4989316463470459, 4332
0.4989316463470459, 4331
0.4989316463470459, 4330
0.4989316463470459, 4329
0.4989316463470459, 4328
0.5050039291381836, 4327
0.5050039291381836, 4326
0.5050039291381836, 4325
0.5050039291381836, 4324
0.5070228576660156, 4323
0.5070228576660156, 4322
0.5070228576660156, 4321
0.5070228576660156, 4320
0.5090734958648682, 4319
0.5090734958648682, 4318
0.5090734958648682, 4317
0.5090734958648682, 4316
0.5090734958648682, 4315
0.5090734958648682, 4314
0.5090734958648682, 4313
0.5090734958648682, 4312
0.5090734958648682, 4311
0.5150916576385498, 4310
0.5171732902526855, 4309
0.5171732902526855, 4308
0.5171732902526855, 4307
0.5192301273345947, 4306
0.5192301273345947, 4305
0.5192301273345947, 4304
0.5192301273345947, 4303
0.5192301273345947, 4302
0.5192301273345947, 4301
0.5192301273345947, 4300
0.525310754776001, 4299
0.525310754776001, 4298
0.525310754776001, 4297
0.5273621082305908, 4296
0.5273621082305908, 4295
0.5273621082305908, 4294
0.5273621082305908, 4293
0.5273621082305908, 4292
0.5273621082305908, 4291
0.5273621082305908, 4290
0.535416841506958, 4289
0.5374677181243896, 4288
0.539517879486084, 4287
0.539517879486084, 4286
0.539517879486084, 4285
0.539517879486084, 4284
0.539517879486084, 4283
0.539517879486084, 4282
0.539517879486084, 4281
0.5450973510742188, 4280
0.5450973510742188, 4279
0.5450973510742188, 4278
0.5450973510742188, 4277
0.5450973510742188, 4276
0.5476541519165039, 4275
0.5476541519165039, 4274
0.5476541519165039, 4273
0.5476541519165039, 4272
0.5497090816497803, 4271
0.5497090816497803, 4270
0.5497090816497803, 4269
0.5497090816497803, 4268
0.5497090816497803, 4267
0.5497090816497803, 4266
0.5497090816497803, 4265
0.5552730560302734, 4264
0.5552730560302734, 4263
0.5577800273895264, 4262
0.5578038692474365, 4261
0.5578038692474365, 4260
0.5578038692474365, 4259
0.5598599910736084, 4258
0.5598599910736084, 4257
0.5598599910736084, 4256
0.5598599910736084, 4255
0.5598599910736084, 4254
0.5655367374420166, 4253
0.5655367374420166, 4252
0.5680906772613525, 4251
0.5680906772613525, 4250
0.5680906772613525, 4249
0.5680906772613525, 4248
0.5680906772613525, 4247
0.5680906772613525, 4246
0.5751473903656006, 4245
0.5781955718994141, 4244
0.5781955718994141, 4243
0.5781955718994141, 4242
0.5781955718994141, 4241
0.5781955718994141, 4240
0.5781955718994141, 4239
0.5781955718994141, 4238
0.5781955718994141, 4237
0.5855205059051514, 4236
0.5855205059051514, 4235
0.5855205059051514, 4234
0.5855205059051514, 4233
0.5855205059051514, 4232
0.5855205059051514, 4231
0.5855205059051514, 4230
0.5855205059051514, 4229
0.5855205059051514, 4228
0.5855205059051514, 4227
0.5855205059051514, 4226
0.5855205059051514, 4225
0.5950479507446289, 4224
0.5950479507446289, 4223
0.5950479507446289, 4222
0.5950479507446289, 4221
0.5950479507446289, 4220
0.5950479507446289, 4219
0.6050674915313721, 4218
0.6050674915313721, 4217
0.6050674915313721, 4216
0.6050674915313721, 4215
0.6050674915313721, 4214
0.6050674915313721, 4213
0.6050674915313721, 4212
0.6153929233551025, 4211
0.6153929233551025, 4210
0.6153929233551025, 4209
0.6153929233551025, 4208
0.6153929233551025, 4207
0.6153929233551025, 4206
0.6153929233551025, 4205
0.6153929233551025, 4204
0.6153929233551025, 4203
0.6153929233551025, 4202
0.624995231628418, 4201
0.624995231628418, 4200
0.624995231628418, 4199
0.624995231628418, 4198
0.624995231628418, 4197
0.624995231628418, 4196
0.624995231628418, 4195
0.624995231628418, 4194
0.624995231628418, 4193
0.635267972946167, 4192
0.635267972946167, 4191
0.635267972946167, 4190
0.635267972946167, 4189
0.635267972946167, 4188
0.635267972946167, 4187
0.635267972946167, 4186
0.635267972946167, 4185
0.635267972946167, 4184
0.635267972946167, 4183
0.635267972946167, 4182
0.6449763774871826, 4181
0.6449763774871826, 4180
0.6449763774871826, 4179
0.6449763774871826, 4178
0.6449763774871826, 4177
0.649986743927002, 4176
0.649986743927002, 4175
0.6550674438476562, 4174
0.6550674438476562, 4173
0.6550674438476562, 4172
0.6550674438476562, 4171
0.6550674438476562, 4170
0.6550674438476562, 4169
0.6550674438476562, 4168
0.6550674438476562, 4167
0.6550674438476562, 4166
0.6550674438476562, 4165
0.6550674438476562, 4164
0.6550674438476562, 4163
0.6550674438476562, 4162
0.6653201580047607, 4161
0.6653201580047607, 4160
0.6653201580047607, 4159
0.6653201580047607, 4158
0.6653201580047607, 4157
0.6653201580047607, 4156
0.6653201580047607, 4155
0.6653201580047607, 4154
0.6653201580047607, 4153
0.6752846240997314, 4152
0.6752846240997314, 4151
0.6804661750793457, 4150
0.6804661750793457, 4149
0.6804661750793457, 4148
0.6850636005401611, 4147
0.6886367797851562, 4146
0.6886367797851562, 4145
0.6886367797851562, 4144
0.6886367797851562, 4143
0.6886367797851562, 4142
0.6951436996459961, 4141
0.6952040195465088, 4140
0.6952040195465088, 4139
0.6952040195465088, 4138
0.6988792419433594, 4137
0.7011513710021973, 4136
0.7011513710021973, 4135
0.7011513710021973, 4134
0.7052185535430908, 4133
0.7052185535430908, 4132
0.7092761993408203, 4131
0.7092761993408203, 4130
0.7113261222839355, 4129
0.7113261222839355, 4128
0.7113261222839355, 4127
0.7155294418334961, 4126
0.7155294418334961, 4125
0.7196657657623291, 4124
0.7196657657623291, 4123
0.7196657657623291, 4122
0.7196657657623291, 4121
0.7216885089874268, 4120
0.7216885089874268, 4119
0.7216885089874268, 4118
0.7216885089874268, 4117
0.725238561630249, 4116
0.725238561630249, 4115
0.725238561630249, 4114
0.725238561630249, 4113
0.725238561630249, 4112
0.7318027019500732, 4111
0.7318847179412842, 4110
0.7318847179412842, 4109
0.7318847179412842, 4108
0.7354309558868408, 4107
0.7354309558868408, 4106
0.7354309558868408, 4105
0.7354309558868408, 4104
0.7399873733520508, 4103
0.7399873733520508, 4102
0.7399873733520508, 4101
0.7399873733520508, 4100
0.7399873733520508, 4099
0.7399873733520508, 4098
0.7450361251831055, 4097
0.7450361251831055, 4096
0.7450361251831055, 4095
0.7450361251831055, 4094
0.7450361251831055, 4093
0.7503650188446045, 4092
0.7524416446685791, 4091
0.7524416446685791, 4090
0.7524416446685791, 4089
0.7524416446685791, 4088
0.7549898624420166, 4087
0.7549898624420166, 4086
0.7549898624420166, 4085
0.7549898624420166, 4084
0.7549898624420166, 4083
0.7604494094848633, 4082
0.7604494094848633, 4081
0.7625081539154053, 4080
0.7625081539154053, 4079
0.7625081539154053, 4078
0.7650260925292969, 4077
0.7650260925292969, 4076
0.7650260925292969, 4075
0.7650260925292969, 4074
0.7732207775115967, 4073
0.7732207775115967, 4072
0.7752876281738281, 4071
0.7752876281738281, 4070
0.7752876281738281, 4069
0.7752876281738281, 4068
0.7752876281738281, 4067
0.7803328037261963, 4066
0.7814157009124756, 4065
0.7814157009124756, 4064
0.7849812507629395, 4063
0.7849812507629395, 4062
0.7900257110595703, 4061
0.7900257110595703, 4060
0.7900257110595703, 4059
0.7915816307067871, 4058
0.7915816307067871, 4057
0.7915816307067871, 4056
0.7936391830444336, 4055
0.7951927185058594, 4054
0.7951927185058594, 4053
0.7951927185058594, 4052
0.7951927185058594, 4051
0.7951927185058594, 4050
0.7951927185058594, 4049
0.7951927185058594, 4048
0.7951927185058594, 4047
0.8015682697296143, 4046
0.8015682697296143, 4045
0.8036212921142578, 4044
0.8051941394805908, 4043
0.8051941394805908, 4042
0.8051941394805908, 4041
0.811826229095459, 4040
0.811826229095459, 4039
0.8153932094573975, 4038
0.8153932094573975, 4037
0.8153932094573975, 4036
0.8153932094573975, 4035
0.8153932094573975, 4034
0.8153932094573975, 4033
0.8220279216766357, 4032
0.8220279216766357, 4031
0.8220279216766357, 4030
0.8220279216766357, 4029
0.825127363204956, 4028
0.825127363204956, 4027
0.825127363204956, 4026
0.825127363204956, 4025
0.825127363204956, 4024
0.8323872089385986, 4023
0.8323872089385986, 4022
0.834578275680542, 4021
0.8351650238037109, 4020
0.8351650238037109, 4019
0.8351650238037109, 4018
0.8351650238037109, 4017
0.8351650238037109, 4016
0.8351650238037109, 4015
0.8351650238037109, 4014
0.8351650238037109, 4013
0.8351650238037109, 4012
0.8423798084259033, 4011
0.8423798084259033, 4010
0.8423798084259033, 4009
0.8423798084259033, 4008
0.8423798084259033, 4007
0.8444304466247559, 4006
0.8449785709381104, 4005
0.8449785709381104, 4004
0.8449785709381104, 4003
0.8449785709381104, 4002
0.8449785709381104, 4001
0.8551568984985352, 4000
0.8551568984985352, 3999
0.8551568984985352, 3998
0.8551568984985352, 3997
0.8551568984985352, 3996
0.8551568984985352, 3995
0.8551568984985352, 3994
0.8551568984985352, 3993
0.8551568984985352, 3992
0.862729549407959, 3991
0.8654968738555908, 3990
0.8700335025787354, 3989
0.8700335025787354, 3988
0.8700335025787354, 3987
0.8700335025787354, 3986
0.8731057643890381, 3985
0.8751728534698486, 3984
0.8751728534698486, 3983
0.8751728534698486, 3982
0.8751728534698486, 3981
0.8801825046539307, 3980
0.8801825046539307, 3979
0.8801825046539307, 3978
0.8801825046539307, 3977
0.883256196975708, 3976
0.883256196975708, 3975
0.8853228092193604, 3974
0.8853228092193604, 3973
0.8903326988220215, 3972
0.8903326988220215, 3971
0.8903326988220215, 3970
0.8934097290039062, 3969
0.8934097290039062, 3968
0.8978915214538574, 3967
0.8978915214538574, 3966
0.8978915214538574, 3965
0.8978915214538574, 3964
0.905357837677002, 3963
0.905357837677002, 3962
0.905357837677002, 3961
0.905357837677002, 3960
0.905357837677002, 3959
0.9134409427642822, 3958
0.9134409427642822, 3957
0.915062427520752, 3956
0.9202442169189453, 3955
0.9202442169189453, 3954
0.9202442169189453, 3953
0.9202442169189453, 3952
0.9238016605377197, 3951
0.9258987903594971, 3950
0.9258987903594971, 3949
0.9258987903594971, 3948
0.9258987903594971, 3947
0.9258987903594971, 3946
0.9258987903594971, 3945
0.9258987903594971, 3944
0.9258987903594971, 3943
0.9258987903594971, 3942
0.9339890480041504, 3941
0.9339890480041504, 3940
0.936089277267456, 3939
0.936089277267456, 3938
0.936089277267456, 3937
0.936089277267456, 3936
0.936089277267456, 3935
0.936089277267456, 3934
0.936089277267456, 3933
0.936089277267456, 3932
0.936089277267456, 3931
0.936089277267456, 3930
0.936089277267456, 3929
0.9439396858215332, 3928
0.9449872970581055, 3927
0.9449872970581055, 3926
0.9460041522979736, 3925
0.9460041522979736, 3924
0.9460041522979736, 3923
0.9460041522979736, 3922
0.9460041522979736, 3921
0.9460041522979736, 3920
0.9460041522979736, 3919
0.9460041522979736, 3918
0.9460041522979736, 3917
0.9460041522979736, 3916
0.9540948867797852, 3915
0.9551577568054199, 3914
0.9551577568054199, 3913
0.956214189529419, 3912
0.956214189529419, 3911
0.956214189529419, 3910
0.956214189529419, 3909
0.956214189529419, 3908
0.956214189529419, 3907
0.956214189529419, 3906
0.956214189529419, 3905
0.9643895626068115, 3904
0.9664967060089111, 3903
0.9664967060089111, 3902
0.9664967060089111, 3901
0.9664967060089111, 3900
0.9664967060089111, 3899
0.9664967060089111, 3898
0.9664967060089111, 3897
0.9664967060089111, 3896
0.9664967060089111, 3895
0.9751191139221191, 3894
0.9767239093780518, 3893
0.9767239093780518, 3892
0.9767239093780518, 3891
0.9847869873046875, 3890
0.9853353500366211, 3889
0.9853353500366211, 3888
0.9869248867034912, 3887
0.9869248867034912, 3886
0.9869248867034912, 3885
0.9869248867034912, 3884
0.9869248867034912, 3883
0.9869248867034912, 3882
0.9869248867034912, 3881
0.9869248867034912, 3880
0.9949960708618164, 3879
0.9970300197601318, 3878
0.9970300197601318, 3877
0.9970300197601318, 3876
0.9970300197601318, 3875
0.9970300197601318, 3874
1.0051062107086182, 3873
1.0051062107086182, 3872
1.0051062107086182, 3871
1.0071685314178467, 3870
1.0071685314178467, 3869
1.0071685314178467, 3868
1.0071685314178467, 3867
1.0071685314178467, 3866
1.0071685314178467, 3865
1.0071685314178467, 3864
1.0071685314178467, 3863
1.0071685314178467, 3862
1.0071685314178467, 3861
1.0173678398132324, 3860
1.0173678398132324, 3859
1.0173678398132324, 3858
1.0173678398132324, 3857
1.0173678398132324, 3856
1.027508020401001, 3855
1.027508020401001, 3854
1.027508020401001, 3853
1.027508020401001, 3852
1.027508020401001, 3851
1.0378227233886719, 3850
1.0378849506378174, 3849
1.0378849506378174, 3848
1.0378849506378174, 3847
1.0378849506378174, 3846
1.0378849506378174, 3845
1.0378849506378174, 3844
1.0378849506378174, 3843
1.0480449199676514, 3842
1.0480449199676514, 3841
1.0480449199676514, 3840
1.0480449199676514, 3839
1.0480449199676514, 3838
1.055098056793213, 3837
1.056121826171875, 3836
1.058164119720459, 3835
1.058164119720459, 3834
1.058164119720459, 3833
1.0683629512786865, 3832
1.0683629512786865, 3831
1.0683629512786865, 3830
1.0683629512786865, 3829
1.0683629512786865, 3828
1.0683629512786865, 3827
1.0683629512786865, 3826
1.0683629512786865, 3825
1.0683629512786865, 3824
1.0764434337615967, 3823
1.0764434337615967, 3822
1.0784993171691895, 3821
1.0784993171691895, 3820
1.0852000713348389, 3819
1.086759328842163, 3818
1.086759328842163, 3817
1.0888090133666992, 3816
1.0888090133666992, 3815
1.0888090133666992, 3814
1.0888090133666992, 3813
1.0888090133666992, 3812
1.09690523147583, 3811
1.09690523147583, 3810
1.099045753479004, 3809
1.099045753479004, 3808
1.099045753479004, 3807
1.099045753479004, 3806
1.099045753479004, 3805
1.099045753479004, 3804
1.1051042079925537, 3803
1.1071374416351318, 3802
1.1071374416351318, 3801
1.1091890335083008, 3800
1.1091890335083008, 3799
1.1091890335083008, 3798
1.1091890335083008, 3797
1.1091890335083008, 3796
1.1153616905212402, 3795
1.1195144653320312, 3794
1.1195144653320312, 3793
1.1250715255737305, 3792
1.1276237964630127, 3791
1.1276237964630127, 3790
1.1276237964630127, 3789
1.129678726196289, 3788
1.129678726196289, 3787
1.129678726196289, 3786
1.129678726196289, 3785
1.129678726196289, 3784
1.129678726196289, 3783
1.1352734565734863, 3782
1.1378490924835205, 3781
1.1378490924835205, 3780
1.1378490924835205, 3779
1.1399123668670654, 3778
1.1399123668670654, 3777
1.1399123668670654, 3776
1.1454746723175049, 3775
1.1454746723175049, 3774
1.1480677127838135, 3773
1.1501502990722656, 3772
1.1552233695983887, 3771
1.1552233695983887, 3770
1.1552233695983887, 3769
1.1552233695983887, 3768
1.1583151817321777, 3767
1.1583151817321777, 3766
1.1603829860687256, 3765
1.1603829860687256, 3764
1.1603829860687256, 3763
1.1655781269073486, 3762
1.1655781269073486, 3761
1.1655781269073486, 3760
1.170722246170044, 3759
1.170722246170044, 3758
1.170722246170044, 3757
1.170722246170044, 3756
1.1752808094024658, 3755
1.1752808094024658, 3754
1.1752808094024658, 3753
1.1752808094024658, 3752
1.1809718608856201, 3751
1.1850712299346924, 3750
1.1850712299346924, 3749
1.1850712299346924, 3748
1.1850712299346924, 3747
1.189112663269043, 3746
1.189112663269043, 3745
1.1939516067504883, 3744
1.195033073425293, 3743
1.2021758556365967, 3742
1.203707218170166, 3741
1.2052948474884033, 3740
1.206312894821167, 3739
1.206312894821167, 3738
1.206312894821167, 3737
1.206312894821167, 3736
1.2113773822784424, 3735
1.2113773822784424, 3734
1.2113773822784424, 3733
1.213444471359253, 3732
1.213444471359253, 3731
1.213444471359253, 3730
1.215017557144165, 3729
1.215017557144165, 3728
1.2200300693511963, 3727
1.221616506576538, 3726
1.2252099514007568, 3725
1.2252099514007568, 3724
1.2252099514007568, 3723
1.2252099514007568, 3722
1.2318143844604492, 3721
1.2318143844604492, 3720
1.2318143844604492, 3719
1.2318143844604492, 3718
1.2318143844604492, 3717
1.235372543334961, 3716
1.235372543334961, 3715
1.2419793605804443, 3714
1.2419793605804443, 3713
1.2440366744995117, 3712
1.2450885772705078, 3711
1.2450885772705078, 3710
1.2450885772705078, 3709
1.2450885772705078, 3708
1.2450885772705078, 3707
1.252065896987915, 3706
1.252065896987915, 3705
1.2551665306091309, 3704
1.2551665306091309, 3703
1.2551665306091309, 3702
1.2551665306091309, 3701
1.2551665306091309, 3700
1.2620913982391357, 3699
1.2641127109527588, 3698
1.2641127109527588, 3697
1.2651691436767578, 3696
1.2651691436767578, 3695
1.2651691436767578, 3694
1.2651691436767578, 3693
1.2651691436767578, 3692
1.2651691436767578, 3691
1.2651691436767578, 3690
1.2651691436767578, 3689
1.2744956016540527, 3688
1.2744956016540527, 3687
1.2750434875488281, 3686
1.2750434875488281, 3685
1.2750434875488281, 3684
1.2750434875488281, 3683
1.2750434875488281, 3682
1.2750434875488281, 3681
1.28285813331604, 3680
1.2850778102874756, 3679
1.2850778102874756, 3678
1.2850778102874756, 3677
1.2930407524108887, 3676
1.2930407524108887, 3675
1.2950918674468994, 3674
1.2950918674468994, 3673
1.3051297664642334, 3672
1.3051297664642334, 3671
1.3051297664642334, 3670
1.3051297664642334, 3669
1.3051297664642334, 3668
1.3051297664642334, 3667
1.3130557537078857, 3666
1.3151438236236572, 3665
1.3151438236236572, 3664
1.3151438236236572, 3663
1.3151438236236572, 3662
1.3151438236236572, 3661
1.3151438236236572, 3660
1.3151438236236572, 3659
1.3151438236236572, 3658
1.3233981132507324, 3657
1.3249609470367432, 3656
1.325491189956665, 3655
1.325491189956665, 3654
1.325491189956665, 3653
1.325491189956665, 3652
1.333458423614502, 3651
1.3355960845947266, 3650
1.3355960845947266, 3649
1.3355960845947266, 3648
1.3355960845947266, 3647
1.3438544273376465, 3646
1.3438544273376465, 3645
1.345409631729126, 3644
1.345409631729126, 3643
1.345409631729126, 3642
1.345409631729126, 3641
1.345409631729126, 3640
1.345409631729126, 3639
1.3533594608306885, 3638
1.355409860610962, 3637
1.37261962890625, 3636
1.3763132095336914, 3635
1.3763132095336914, 3634
1.3763132095336914, 3633
1.3773620128631592, 3632
1.3839409351348877, 3631
1.384958028793335, 3630
1.3860161304473877, 3629
1.3860161304473877, 3628
1.3860161304473877, 3627
1.3860161304473877, 3626
1.3860161304473877, 3625
1.3860161304473877, 3624
1.3860161304473877, 3623
1.3860161304473877, 3622
1.3962059020996094, 3621
1.3962059020996094, 3620
1.3962059020996094, 3619
1.3962059020996094, 3618
1.3962059020996094, 3617
1.4043071269989014, 3616
1.4063973426818848, 3615
1.4063973426818848, 3614
1.4063973426818848, 3613
1.4063973426818848, 3612
1.4063973426818848, 3611
1.41652250289917, 3610
1.41652250289917, 3609
1.41652250289917, 3608
1.41652250289917, 3607
1.425158977508545, 3606
1.426712989807129, 3605
1.4353361129760742, 3604
1.4368515014648438, 3603
1.4368515014648438, 3602
1.444983720779419, 3601
1.4470751285552979, 3600
1.4470751285552979, 3599
1.4551422595977783, 3598
1.4551422595977783, 3597
1.4551422595977783, 3596
1.4551422595977783, 3595
1.4551422595977783, 3594
1.4551422595977783, 3593
1.4551422595977783, 3592
1.4652700424194336, 3591
1.4673306941986084, 3590
1.4673306941986084, 3589
1.4673306941986084, 3588
1.4673306941986084, 3587
1.4673306941986084, 3586
1.4673306941986084, 3585
1.4673306941986084, 3584
1.4673306941986084, 3583
1.4753856658935547, 3582
1.4774398803710938, 3581
1.4774398803710938, 3580
1.4774398803710938, 3579
1.4774398803710938, 3578
1.4774398803710938, 3577
1.4774398803710938, 3576
1.4855549335479736, 3575
1.4875993728637695, 3574
1.4875993728637695, 3573
1.4875993728637695, 3572
1.4875993728637695, 3571
1.4875993728637695, 3570
1.4875993728637695, 3569
1.4875993728637695, 3568
1.4875993728637695, 3567
1.495154619216919, 3566
1.4957056045532227, 3565
1.4977259635925293, 3564
1.4977259635925293, 3563
1.4977259635925293, 3562
1.4977259635925293, 3561
1.5077672004699707, 3560
1.5077672004699707, 3559
1.5077672004699707, 3558
1.5098185539245605, 3557
1.5153582096099854, 3556
1.5153582096099854, 3555
1.5153582096099854, 3554
1.517914056777954, 3553
1.5199627876281738, 3552
1.5199627876281738, 3551
1.5199627876281738, 3550
1.5199627876281738, 3549
1.5250475406646729, 3548
1.5250475406646729, 3547
1.5280871391296387, 3546
1.5351862907409668, 3545
1.5351862907409668, 3544
1.5351862907409668, 3543
1.5382423400878906, 3542
1.5403072834014893, 3541
1.5403072834014893, 3540
1.5403072834014893, 3539
1.5403072834014893, 3538
1.5403072834014893, 3537
1.5403072834014893, 3536
1.5453734397888184, 3535
1.5453734397888184, 3534
1.5453734397888184, 3533
1.5484299659729004, 3532
1.5484299659729004, 3531
1.550482988357544, 3530
1.550482988357544, 3529
1.550482988357544, 3528
1.5550472736358643, 3527
1.5607497692108154, 3526
1.5607497692108154, 3525
1.5607497692108154, 3524
1.5652639865875244, 3523
1.5653290748596191, 3522
1.5653290748596191, 3521
1.5653290748596191, 3520
1.5709869861602783, 3519
1.5709869861602783, 3518
1.5750272274017334, 3517
1.5750272274017334, 3516
1.5750272274017334, 3515
1.5893476009368896, 3514
1.5913770198822021, 3513
1.5913770198822021, 3512
1.5913770198822021, 3511
1.5949468612670898, 3510
1.5949468612670898, 3509
1.5949468612670898, 3508
1.5949468612670898, 3507
1.5949468612670898, 3506
1.5995244979858398, 3505
1.6015987396240234, 3504
1.6015987396240234, 3503
1.6051743030548096, 3502
1.6117808818817139, 3501
1.6219642162322998, 3500
1.6219642162322998, 3499
1.6219642162322998, 3498
1.6219642162322998, 3497
1.6219642162322998, 3496
1.6219642162322998, 3495
1.6249909400939941, 3494
1.6249909400939941, 3493
1.6249909400939941, 3492
1.6300652027130127, 3491
1.6322989463806152, 3490
1.6353731155395508, 3489
1.6353731155395508, 3488
1.6353731155395508, 3487
1.640418529510498, 3486
1.644967794418335, 3485
1.6450355052947998, 3484
1.6450355052947998, 3483
1.6504194736480713, 3482
1.6504194736480713, 3481
1.6524827480316162, 3480
1.6524827480316162, 3479
1.6550438404083252, 3478
1.6550438404083252, 3477
1.6550438404083252, 3476
1.6550438404083252, 3475
1.6550438404083252, 3474
1.6550438404083252, 3473
1.6605861186981201, 3472
1.6626601219177246, 3471
1.6626601219177246, 3470
1.665369987487793, 3469
1.6709723472595215, 3468
1.6709723472595215, 3467
1.6730420589447021, 3466
1.6751039028167725, 3465
1.6751039028167725, 3464
1.6852529048919678, 3463
1.6852529048919678, 3462
1.6852529048919678, 3461
1.6852529048919678, 3460
1.6852529048919678, 3459
1.6913306713104248, 3458
1.695427656173706, 3457
1.7035844326019287, 3456
1.705151081085205, 3455
1.705151081085205, 3454
1.7204577922821045, 3453
1.7220313549041748, 3452
1.7240967750549316, 3451
1.7240967750549316, 3450
1.7251591682434082, 3449
1.7301697731018066, 3448
1.735581636428833, 3447
1.735581636428833, 3446
1.735581636428833, 3445
1.742405891418457, 3444
1.7449676990509033, 3443
1.7449676990509033, 3442
1.7449676990509033, 3441
1.7449676990509033, 3440
1.7449676990509033, 3439
1.752756118774414, 3438
1.754809856414795, 3437
1.755359411239624, 3436
1.755359411239624, 3435
1.755359411239624, 3434
1.7629473209381104, 3433
1.7650175094604492, 3432
1.7650175094604492, 3431
1.7650175094604492, 3430
1.7650175094604492, 3429
1.7650175094604492, 3428
1.7731192111968994, 3427
1.7751710414886475, 3426
1.7751710414886475, 3425
1.7851638793945312, 3424
1.7851638793945312, 3423
1.7851638793945312, 3422
1.7851638793945312, 3421
1.7851638793945312, 3420
1.7851638793945312, 3419
1.7932305335998535, 3418
1.7952888011932373, 3417
1.7952888011932373, 3416
1.8033545017242432, 3415
1.8033545017242432, 3414
1.8054046630859375, 3413
1.8054046630859375, 3412
1.8054046630859375, 3411
1.8099462985992432, 3410
1.8156802654266357, 3409
1.8156802654266357, 3408
1.8156802654266357, 3407
1.8156802654266357, 3406
1.8156802654266357, 3405
1.8156802654266357, 3404
1.8235971927642822, 3403
1.8235971927642822, 3402
1.8251543045043945, 3401
1.8251543045043945, 3400
1.82570481300354, 3399
1.82570481300354, 3398
1.82570481300354, 3397
1.82570481300354, 3396
1.82570481300354, 3395
1.82570481300354, 3394
1.833988904953003, 3393
1.836127519607544, 3392
1.8452446460723877, 3391
1.846261739730835, 3390
1.846261739730835, 3389
1.846261739730835, 3388
1.846261739730835, 3387
1.8553690910339355, 3386
1.8563754558563232, 3385
1.8563849925994873, 3384
1.8563849925994873, 3383
1.8563849925994873, 3382
1.8563849925994873, 3381
1.8563849925994873, 3380
1.8563849925994873, 3379
1.8563849925994873, 3378
1.8563849925994873, 3377
1.864464282989502, 3376
1.8665661811828613, 3375
1.8665661811828613, 3374
1.8665661811828613, 3373
1.8751988410949707, 3372
1.8751988410949707, 3371
1.8751988410949707, 3370
1.8802032470703125, 3369
1.885444164276123, 3368
1.885444164276123, 3367
1.885444164276123, 3366
1.885444164276123, 3365
1.885444164276123, 3364
1.885444164276123, 3363
1.885444164276123, 3362
1.885444164276123, 3361
1.8950088024139404, 3360
1.8950088024139404, 3359
1.8950088024139404, 3358
1.8950088024139404, 3357
1.8950088024139404, 3356
1.8950088024139404, 3355
1.9053735733032227, 3354
1.9053735733032227, 3353
1.9154541492462158, 3352
1.925128698348999, 3351
1.925128698348999, 3350
1.925128698348999, 3349
1.925128698348999, 3348
1.925128698348999, 3347
1.9352798461914062, 3346
1.9352798461914062, 3345
1.9352798461914062, 3344
1.9352798461914062, 3343
1.9352798461914062, 3342
1.9453766345977783, 3341
1.9550001621246338, 3340
1.9550001621246338, 3339
1.9550001621246338, 3338
1.9550001621246338, 3337
1.9600460529327393, 3336
1.9600460529327393, 3335
1.965125560760498, 3334
1.9653596878051758, 3333
1.9653596878051758, 3332
1.975139856338501, 3331
1.975139856338501, 3330
1.9849388599395752, 3329
1.9849388599395752, 3328
1.986992359161377, 3327
1.986992359161377, 3326
1.9971249103546143, 3325
1.9971249103546143, 3324
1.9971249103546143, 3323
1.9971249103546143, 3322
1.9971249103546143, 3321
1.9971249103546143, 3320
1.9971249103546143, 3319
2.0052053928375244, 3318
2.0052053928375244, 3317
2.007288932800293, 3316
2.007288932800293, 3315
2.007288932800293, 3314
2.017404079437256, 3313
2.017404079437256, 3312
2.017404079437256, 3311
2.017404079437256, 3310
2.017404079437256, 3309
2.0255446434020996, 3308
2.027597665786743, 3307
2.027597665786743, 3306
2.027597665786743, 3305
2.035717487335205, 3304
2.0481178760528564, 3303
2.0481178760528564, 3302
2.0481178760528564, 3301
2.0481178760528564, 3300
2.0481178760528564, 3299
2.0481178760528564, 3298
2.0481178760528564, 3297
2.0551979541778564, 3296
2.0562217235565186, 3295
2.0582454204559326, 3294
2.0582454204559326, 3293
2.0582454204559326, 3292
2.0582454204559326, 3291
2.0663976669311523, 3290
2.0663976669311523, 3289
2.0663976669311523, 3288
2.0663976669311523, 3287
2.0852112770080566, 3286
2.086786985397339, 3285
2.0888583660125732, 3284
2.0888583660125732, 3283
2.0969629287719727, 3282
2.099015235900879, 3281
2.099015235900879, 3280
2.099015235900879, 3279
2.099015235900879, 3278
2.1071255207061768, 3277
2.1071255207061768, 3276
2.1071255207061768, 3275
2.1071255207061768, 3274
2.1151952743530273, 3273
2.1151952743530273, 3272
2.1151952743530273, 3271
2.117205858230591, 3270
2.117264986038208, 3269
2.1193246841430664, 3268
2.1193246841430664, 3267
2.1193246841430664, 3266
2.1193246841430664, 3265
2.127887725830078, 3264
2.129965305328369, 3263
2.129965305328369, 3262
2.129965305328369, 3261
2.129965305328369, 3260
2.129965305328369, 3259
2.137816905975342, 3258
2.1398439407348633, 3257
2.1398439407348633, 3256
2.14540433883667, 3255
2.1479544639587402, 3254
2.1479544639587402, 3253
2.1500437259674072, 3252
2.1500437259674072, 3251
2.158214569091797, 3250
2.158214569091797, 3249
2.158214569091797, 3248
2.1602859497070312, 3247
2.1602859497070312, 3246
2.1602859497070312, 3245
2.1655023097991943, 3244
2.168560743331909, 3243
2.168560743331909, 3242
2.168560743331909, 3241
2.168560743331909, 3240
2.1787538528442383, 3239
2.1787538528442383, 3238
2.1787538528442383, 3237
2.1787538528442383, 3236
2.1853227615356445, 3235
2.1853227615356445, 3234
2.1889922618865967, 3233
2.195369243621826, 3232
2.201369285583496, 3231
2.2051146030426025, 3230
2.2051146030426025, 3229
2.215376138687134, 3228
2.215376138687134, 3227
2.219973564147949, 3226
2.2220349311828613, 3225
2.2220349311828613, 3224
2.2220349311828613, 3223
2.225087881088257, 3222
2.225087881088257, 3221
2.225087881088257, 3220
2.225087881088257, 3219
2.2321841716766357, 3218
2.235238790512085, 3217
2.235238790512085, 3216
2.235238790512085, 3215
2.252654790878296, 3214
2.2628791332244873, 3213
2.2628791332244873, 3212
2.273066759109497, 3211
2.2751173973083496, 3210
2.2811529636383057, 3209
2.2852864265441895, 3208
2.29032564163208, 3207
2.3053436279296875, 3206
2.3053436279296875, 3205
2.3103816509246826, 3204
2.3103816509246826, 3203
2.3103816509246826, 3202
2.3103816509246826, 3201
2.3119890689849854, 3200
2.3119890689849854, 3199
2.31404972076416, 3198
2.315081834793091, 3197
2.3222055435180664, 3196
2.32525372505188, 3195
2.32525372505188, 3194
2.32525372505188, 3193
2.3302597999572754, 3192
2.3353159427642822, 3191
2.3353159427642822, 3190
2.3353159427642822, 3189
2.3449621200561523, 3188
2.3449621200561523, 3187
2.3449621200561523, 3186
2.3449621200561523, 3185
2.3449621200561523, 3184
2.3532073497772217, 3183
2.3552565574645996, 3182
2.3552565574645996, 3181
2.3552565574645996, 3180
2.3552565574645996, 3179
2.3552565574645996, 3178
2.3552565574645996, 3177
2.3650104999542236, 3176
2.365584373474121, 3175
2.365584373474121, 3174
2.365584373474121, 3173
2.365584373474121, 3172
2.370098829269409, 3171
2.380312204360962, 3170
2.380312204360962, 3169
2.385826349258423, 3168
2.385826349258423, 3167
2.385826349258423, 3166
2.385826349258423, 3165
2.385826349258423, 3164
2.3903400897979736, 3163
2.3939051628112793, 3162
2.396033525466919, 3161
2.396033525466919, 3160
2.396033525466919, 3159
2.4054508209228516, 3158
2.4064884185791016, 3157
2.4064884185791016, 3156
2.4064884185791016, 3155
2.4064884185791016, 3154
2.414670944213867, 3153
2.4170637130737305, 3152
2.4170637130737305, 3151
2.42716121673584, 3150
2.42716121673584, 3149
2.42716121673584, 3148
2.4372990131378174, 3147
2.4372990131378174, 3146
2.4372990131378174, 3145
2.4372990131378174, 3144
2.4453396797180176, 3143
2.4453396797180176, 3142
2.4453396797180176, 3141
2.4453396797180176, 3140
2.4474008083343506, 3139
2.4474008083343506, 3138
2.4555599689483643, 3137
2.4555599689483643, 3136
2.4555599689483643, 3135
2.4555599689483643, 3134
2.4555599689483643, 3133
2.4576210975646973, 3132
2.4576210975646973, 3131
2.4661612510681152, 3130
2.4661612510681152, 3129
2.4684088230133057, 3128
2.4684088230133057, 3127
2.4684088230133057, 3126
2.475478410720825, 3125
2.4765381813049316, 3124
2.4786057472229004, 3123
2.4866859912872314, 3122
2.4887712001800537, 3121
2.4887712001800537, 3120
2.4887712001800537, 3119
2.499042272567749, 3118
2.5153472423553467, 3117
2.5153472423553467, 3116
2.5153472423553467, 3115
2.519482374191284, 3114
2.519482374191284, 3113
2.519482374191284, 3112
2.5296823978424072, 3111
2.5296823978424072, 3110
2.5454115867614746, 3109
2.5454115867614746, 3108
2.555384874343872, 3107
2.555384874343872, 3106
2.558459997177124, 3105
2.565115213394165, 3104
2.5686893463134766, 3103
2.570751905441284, 3102
2.5753138065338135, 3101
2.578850030899048, 3100
2.578850030899048, 3099
2.5809378623962402, 3098
2.5850272178649902, 3097
2.5890932083129883, 3096
2.591157913208008, 3095
2.595202684402466, 3094
2.595202684402466, 3093
2.595202684402466, 3092
2.595202684402466, 3091
2.595202684402466, 3090
2.599275827407837, 3089
2.601346731185913, 3088
2.601346731185913, 3087
2.601346731185913, 3086
2.6054129600524902, 3085
2.6054129600524902, 3084
2.6054129600524902, 3083
2.6115238666534424, 3082
2.6115238666534424, 3081
2.6150600910186768, 3080
2.6150600910186768, 3079
2.6196374893188477, 3078
2.6252639293670654, 3077
2.6321804523468018, 3076
2.6321804523468018, 3075
2.6403534412384033, 3074
2.642416000366211, 3073
2.642416000366211, 3072
2.6526992321014404, 3071
2.655275583267212, 3070
2.655275583267212, 3069
2.655275583267212, 3068
2.673271656036377, 3067
2.673271656036377, 3066
2.673271656036377, 3065
2.6753334999084473, 3064
2.6803438663482666, 3063
2.681420087814331, 3062
2.6850545406341553, 3061
2.6916322708129883, 3060
2.6916322708129883, 3059
2.6937079429626465, 3058
2.6952755451202393, 3057
2.6952755451202393, 3056
2.6952755451202393, 3055
2.6952755451202393, 3054
2.6952755451202393, 3053
2.6952755451202393, 3052
2.6952755451202393, 3051
2.6952755451202393, 3050
2.7119429111480713, 3049
2.7119429111480713, 3048
2.7150509357452393, 3047
2.7242164611816406, 3046
2.7242164611816406, 3045
2.725268840789795, 3044
2.725268840789795, 3043
2.73522686958313, 3042
2.73522686958313, 3041
2.73522686958313, 3040
2.7449748516082764, 3039
2.754854679107666, 3038
2.754854679107666, 3037
2.754854679107666, 3036
2.754854679107666, 3035
2.770207643508911, 3034
2.775329828262329, 3033
2.775329828262329, 3032
2.775329828262329, 3031
2.775329828262329, 3030
2.7852892875671387, 3029
2.7852892875671387, 3028
2.7852892875671387, 3027
2.7852892875671387, 3026
2.7852892875671387, 3025
2.7852892875671387, 3024
2.803069591522217, 3023
2.8101654052734375, 3022
2.813230514526367, 3021
2.8233070373535156, 3020
2.825352430343628, 3019
2.825352430343628, 3018
2.8353664875030518, 3017
2.8353664875030518, 3016
2.8353664875030518, 3015
2.8353664875030518, 3014
2.8353664875030518, 3013
2.8438968658447266, 3012
2.845964193344116, 3011
2.845964193344116, 3010
2.845964193344116, 3009
2.8540196418762207, 3008
2.8540196418762207, 3007
2.8540196418762207, 3006
2.855081081390381, 3005
2.864180088043213, 3004
2.8664231300354004, 3003
2.8664231300354004, 3002
2.8664231300354004, 3001
2.8764355182647705, 3000
2.8764355182647705, 2999
2.8764355182647705, 2998
2.8764355182647705, 2997
2.886791467666626, 2996
2.886791467666626, 2995
2.896871328353882, 2994
2.896871328353882, 2993
2.896871328353882, 2992
2.9070050716400146, 2991
2.9173500537872314, 2990
2.9173500537872314, 2989
2.9173500537872314, 2988
2.9173500537872314, 2987
2.9173500537872314, 2986
2.9254543781280518, 2985
2.9254543781280518, 2984
2.9275102615356445, 2983
2.9275102615356445, 2982
2.9275102615356445, 2981
2.9275102615356445, 2980
2.9275102615356445, 2979
2.9350695610046387, 2978
2.9376845359802246, 2977
2.9376845359802246, 2976
2.9376845359802246, 2975
2.9376845359802246, 2974
2.9376845359802246, 2973
2.9457738399505615, 2972
2.9478607177734375, 2971
2.9478607177734375, 2970
2.9478607177734375, 2969
2.9559924602508545, 2968
2.9559924602508545, 2967
2.960035562515259, 2966
2.968562602996826, 2965
2.968562602996826, 2964
2.968562602996826, 2963
2.9766597747802734, 2962
2.978708028793335, 2961
2.978708028793335, 2960
2.978708028793335, 2959
2.978708028793335, 2958
2.986860990524292, 2957
2.9889070987701416, 2956
2.9889070987701416, 2955
2.999284267425537, 2954
3.0094714164733887, 2953
3.0094714164733887, 2952
3.0094714164733887, 2951
3.0196456909179688, 2950
3.0196456909179688, 2949
3.0278542041778564, 2948
3.029934883117676, 2947
3.0349936485290527, 2946
3.0349936485290527, 2945
3.0380449295043945, 2944
3.0400941371917725, 2943
3.0400941371917725, 2942
3.0452237129211426, 2941
3.0507924556732178, 2940
3.0507924556732178, 2939
3.0507924556732178, 2938
3.0507924556732178, 2937
3.055370807647705, 2936
3.055370807647705, 2935
3.0589358806610107, 2934
3.065009832382202, 2933
3.065009832382202, 2932
3.0690672397613525, 2931
3.081389904022217, 2930
3.081389904022217, 2929
3.085448741912842, 2928
3.0951433181762695, 2927
3.0951433181762695, 2926
3.111987352371216, 2925
3.111987352371216, 2924
3.115020990371704, 2923
3.115020990371704, 2922
3.1200802326202393, 2921
3.1251296997070312, 2920
3.1300652027130127, 2919
3.13227915763855, 2918
3.1353394985198975, 2917
3.1422832012176514, 2916
3.1550209522247314, 2915
3.1550209522247314, 2914
3.1653501987457275, 2913
3.173003911972046, 2912
3.1750667095184326, 2911
3.1750667095184326, 2910
3.1811599731445312, 2909
3.1811599731445312, 2908
3.1853625774383545, 2907
3.1903774738311768, 2906
3.1903774738311768, 2905
3.1950697898864746, 2904
3.2017674446105957, 2903
3.205324172973633, 2902
3.2119178771972656, 2901
3.215019941329956, 2900
3.215019941329956, 2899
3.215019941329956, 2898
3.215019941329956, 2897
3.2241859436035156, 2896
3.235150098800659, 2895
3.242342233657837, 2894
3.2552051544189453, 2893
3.2552051544189453, 2892
3.2552051544189453, 2891
3.2552051544189453, 2890
3.2649993896484375, 2889
3.2649993896484375, 2888
3.2649993896484375, 2887
3.2649993896484375, 2886
3.275157928466797, 2885
3.275157928466797, 2884
3.283294439315796, 2883
3.283294439315796, 2882
3.295043706893921, 2881
3.295597791671753, 2880
3.305840253829956, 2879
3.305840253829956, 2878
3.3262550830841064, 2877
3.3262550830841064, 2876
3.3364806175231934, 2875
3.3364806175231934, 2874
3.3364806175231934, 2873
3.3364806175231934, 2872
3.3445448875427246, 2871
3.345109224319458, 2870
3.3466737270355225, 2869
3.3466737270355225, 2868
3.3466737270355225, 2867
3.3466737270355225, 2866
3.3466737270355225, 2865
3.3466737270355225, 2864
3.3623921871185303, 2863
3.3634121417999268, 2862
3.3634121417999268, 2861
3.3727309703826904, 2860
3.3752975463867188, 2859
3.377372980117798, 2858
3.3875186443328857, 2857
3.3875186443328857, 2856
3.3875186443328857, 2855
3.3875186443328857, 2854
3.3956496715545654, 2853
3.3956496715545654, 2852
3.3956496715545654, 2851
3.3976998329162598, 2850
3.3976998329162598, 2849
3.4078431129455566, 2848
3.4078431129455566, 2847
3.4181954860687256, 2846
3.4181954860687256, 2845
3.4262778759002686, 2844
3.428345203399658, 2843
3.428345203399658, 2842
3.428345203399658, 2841
3.428345203399658, 2840
3.428345203399658, 2839
3.4385287761688232, 2838
3.4385287761688232, 2837
3.4385287761688232, 2836
3.446591377258301, 2835
3.448629140853882, 2834
3.448629140853882, 2833
3.4567525386810303, 2832
3.4588191509246826, 2831
3.4694464206695557, 2830
3.4796359539031982, 2829
3.4877915382385254, 2828
3.4877915382385254, 2827
3.489872694015503, 2826
3.489872694015503, 2825
3.5003714561462402, 2824
3.505441904067993, 2823
3.505441904067993, 2822
3.5105667114257812, 2821
3.5105667114257812, 2820
3.5151329040527344, 2819
3.5288782119750977, 2818
3.5451834201812744, 2817
3.55134654045105, 2816
3.5549116134643555, 2815
3.56154727935791, 2814
3.56154727935791, 2813
3.5651118755340576, 2812
3.5651118755340576, 2811
3.5651118755340576, 2810
3.569650173187256, 2809
3.575286388397217, 2808
3.5820300579071045, 2807
3.5850656032562256, 2806
3.600172519683838, 2805
3.605292320251465, 2804
3.610360622406006, 2803
3.612427234649658, 2802
3.620617151260376, 2801
3.625236749649048, 2800
3.625236749649048, 2799
3.6351075172424316, 2798
3.645307779312134, 2797
3.645307779312134, 2796
3.6719298362731934, 2795
3.6800668239593506, 2794
3.694976568222046, 2793
3.694976568222046, 2792
3.694976568222046, 2791
3.694976568222046, 2790
3.725130319595337, 2789
3.725130319595337, 2788
3.735543727874756, 2787
3.735543727874756, 2786
3.735543727874756, 2785
3.735543727874756, 2784
3.7454988956451416, 2783
3.755286693572998, 2782
3.755286693572998, 2781
3.755286693572998, 2780
3.755286693572998, 2779
3.766050338745117, 2778
3.766050338745117, 2777
3.766050338745117, 2776
3.766050338745117, 2775
3.77609920501709, 2774
3.786255359649658, 2773
3.806591749191284, 2772
3.8167288303375244, 2771
3.8167288303375244, 2770
3.8167288303375244, 2769
3.8349997997283936, 2768
3.8349997997283936, 2767
3.847113609313965, 2766
3.847113609313965, 2765
3.847113609313965, 2764
3.857252359390259, 2763
3.8674275875091553, 2762
3.8775813579559326, 2761
3.906109571456909, 2760
3.9186577796936035, 2759
3.9186577796936035, 2758
3.9186577796936035, 2757
3.939020872116089, 2756
3.939020872116089, 2755
3.939020872116089, 2754
3.939020872116089, 2753
3.9471616744995117, 2752
3.9471616744995117, 2751
3.9593379497528076, 2750
3.9593379497528076, 2749
3.9696168899536133, 2748
3.975177526473999, 2747
3.9853320121765137, 2746
3.989933490753174, 2745
4.005507946014404, 2744
4.005507946014404, 2743
4.008564472198486, 2742
4.010629653930664, 2741
4.010629653930664, 2740
4.010629653930664, 2739
4.028934955596924, 2738
4.041182279586792, 2737
4.051388502120972, 2736
4.051388502120972, 2735
4.054951190948486, 2734
4.065082311630249, 2733
4.06963849067688, 2732
4.071693181991577, 2731
4.071693181991577, 2730
4.084969997406006, 2729
4.090113401412964, 2728
4.0952253341674805, 2727
4.0952253341674805, 2726
4.115128993988037, 2725
4.122313499450684, 2724
4.125330448150635, 2723
4.130293130874634, 2722
4.132471323013306, 2721
4.135026693344116, 2720
4.135026693344116, 2719
4.140590667724609, 2718
4.150816440582275, 2717
4.152875661849976, 2716
4.154924154281616, 2715
4.154924154281616, 2714
4.165137052536011, 2713
4.165137052536011, 2712
4.170904874801636, 2711
4.183130264282227, 2710
4.195109605789185, 2709
4.211180686950684, 2708
4.223633289337158, 2707
4.2251808643341064, 2706
4.2251808643341064, 2705
4.231716632843018, 2704
4.23375129699707, 2703
4.2353010177612305, 2702
4.2353010177612305, 2701
4.245014429092407, 2700
4.245014429092407, 2699
4.251834869384766, 2698
4.253886461257935, 2697
4.253886461257935, 2696
4.254935026168823, 2695
4.262060642242432, 2694
4.2651686668396, 2693
4.272052049636841, 2692
4.2846152782440186, 2691
4.295176029205322, 2690
4.295176029205322, 2689
4.315254211425781, 2688
4.315254211425781, 2687
4.315254211425781, 2686
4.335033655166626, 2685
4.345129489898682, 2684
4.355395078659058, 2683
4.365569591522217, 2682
4.373645544052124, 2681
4.375745534896851, 2680
4.390866279602051, 2679
4.392959117889404, 2678
4.39664101600647, 2677
4.39664101600647, 2676
4.39664101600647, 2675
4.406808853149414, 2674
4.417236566543579, 2673
4.417236566543579, 2672
4.417236566543579, 2671
4.435555934906006, 2670
4.458018064498901, 2669
4.458018064498901, 2668
4.507281064987183, 2667
4.517468214035034, 2666
4.535314559936523, 2665
4.537874937057495, 2664
4.537874937057495, 2663
4.544946670532227, 2662
4.558478832244873, 2661
4.558478832244873, 2660
4.560531139373779, 2659
4.568694353103638, 2658
4.570735931396484, 2657
4.578810930252075, 2656
4.578810930252075, 2655
4.5891242027282715, 2654
4.59523606300354, 2653
4.59523606300354, 2652
4.621711015701294, 2651
4.629776239395142, 2650
4.632129669189453, 2649
4.642314910888672, 2648
4.6449244022369385, 2647
4.654917240142822, 2646
4.665191173553467, 2645
4.6707727909088135, 2644
4.680992126464844, 2643
4.68511438369751, 2642
4.68511438369751, 2641
4.6952064037323, 2640
4.6952064037323, 2639
4.705390214920044, 2638
4.705390214920044, 2637
4.725042104721069, 2636
4.725042104721069, 2635
4.725042104721069, 2634
4.725042104721069, 2633
4.730046987533569, 2632
4.7316155433654785, 2631
4.735197305679321, 2630
4.74172830581665, 2629
4.74374532699585, 2628
4.74526047706604, 2627
4.7520530223846436, 2626
4.755104064941406, 2625
4.755104064941406, 2624
4.755104064941406, 2623
4.765182971954346, 2622
4.765182971954346, 2621
4.772294998168945, 2620
4.775355577468872, 2619
4.784977197647095, 2618
4.835142374038696, 2617
4.835142374038696, 2616
4.8554253578186035, 2615
4.865361213684082, 2614
4.873412609100342, 2613
4.886021137237549, 2612
4.886021137237549, 2611
4.905325174331665, 2610
4.924535036087036, 2609
4.9266157150268555, 2608
4.935229301452637, 2607
4.935229301452637, 2606
4.944835901260376, 2605
4.957217454910278, 2604
4.965442895889282, 2603
4.977719306945801, 2602
4.985830068588257, 2601
4.994990587234497, 2600
4.996034145355225, 2599
5.008309841156006, 2598
5.028639316558838, 2597
5.038809537887573, 2596
5.038809537887573, 2595
5.075375556945801, 2594
5.085063457489014, 2593
5.0896642208099365, 2592
5.098135232925415, 2591
5.098135232925415, 2590
5.100318908691406, 2589
5.119956731796265, 2588
5.119956731796265, 2587
5.12500524520874, 2586
5.138289213180542, 2585
5.148570775985718, 2584
5.1653430461883545, 2583
5.165398597717285, 2582
5.175036668777466, 2581
5.181607246398926, 2580
5.185220003128052, 2579
5.185220003128052, 2578
5.185220003128052, 2577
5.185220003128052, 2576
5.209980726242065, 2575
5.209980726242065, 2574
5.225095987319946, 2573
5.2451958656311035, 2572
5.254995346069336, 2571
5.254995346069336, 2570
5.254995346069336, 2569
5.285055160522461, 2568
5.295178413391113, 2567
5.3350770473480225, 2566
5.355361223220825, 2565
5.355361223220825, 2564
5.375261306762695, 2563
5.398296356201172, 2562
5.4093663692474365, 2561
5.41040301322937, 2560
5.41040301322937, 2559
5.420111656188965, 2558
5.4351606369018555, 2557
5.440165042877197, 2556
5.453225374221802, 2555
5.455286264419556, 2554
5.470404863357544, 2553
5.470404863357544, 2552
5.470404863357544, 2551
5.479962110519409, 2550
5.490017414093018, 2549
5.490017414093018, 2548
5.490017414093018, 2547
5.5000927448272705, 2546
5.5101399421691895, 2545
5.5101399421691895, 2544
5.520201206207275, 2543
5.535332441329956, 2542
5.540337324142456, 2541
5.545388221740723, 2540
5.565775394439697, 2539
5.575956106185913, 2538
5.584021091461182, 2537
5.596315145492554, 2536
5.616651296615601, 2535
5.616651296615601, 2534
5.647135972976685, 2533
5.647135972976685, 2532
5.657260179519653, 2531
5.7652318477630615, 2530
5.777462720870972, 2529
5.789599895477295, 2528
5.824968576431274, 2527
5.828519582748413, 2526
5.828519582748413, 2525
5.83507776260376, 2524
5.850833415985107, 2523
5.850833415985107, 2522
5.861034393310547, 2521
5.869159698486328, 2520
5.901702880859375, 2519
5.911842107772827, 2518
5.911842107772827, 2517
5.915462970733643, 2516
5.9251532554626465, 2515
5.935316562652588, 2514
5.950486183166504, 2513
5.980045795440674, 2512
5.981107711791992, 2511
5.985215902328491, 2510
5.985215902328491, 2509
5.995389461517334, 2508
6.0219337940216064, 2507
6.030046701431274, 2506
6.042412519454956, 2505
6.0700671672821045, 2504
6.0700671672821045, 2503
6.0700671672821045, 2502
6.090115070343018, 2501
6.120025157928467, 2500
6.123584508895874, 2499
6.1669769287109375, 2498
6.1770994663238525, 2497
6.1770994663238525, 2496
6.19524884223938, 2495
6.197307825088501, 2494
6.2177886962890625, 2493
6.225337028503418, 2492
6.236079454421997, 2491
6.238130569458008, 2490
6.238130569458008, 2489
6.258385896682739, 2488
6.269891977310181, 2487
6.300754547119141, 2486
6.300754547119141, 2485
6.335382699966431, 2484
6.341482400894165, 2483
6.345049142837524, 2482
6.349640607833862, 2481
6.359812259674072, 2480
6.3618669509887695, 2479
6.3618669509887695, 2478
6.3618669509887695, 2477
6.382631301879883, 2476
6.402786016464233, 2475
6.402786016464233, 2474
6.445255994796753, 2473
6.460022211074829, 2472
6.464347839355469, 2471
6.475217580795288, 2470
6.484320402145386, 2469
6.484372615814209, 2468
6.485434055328369, 2467
6.495171308517456, 2466
6.5029191970825195, 2465
6.504984378814697, 2464
6.513066530227661, 2463
6.5151355266571045, 2462
6.5201451778411865, 2461
6.535413503646851, 2460
6.553520441055298, 2459
6.575395107269287, 2458
6.595115423202515, 2457
6.605182409286499, 2456
6.62030816078186, 2455
6.630447149276733, 2454
6.650171995162964, 2453
6.660269498825073, 2452
6.695174217224121, 2451
6.725424528121948, 2450
6.735318899154663, 2449
6.750111818313599, 2448
6.755212306976318, 2447
6.755212306976318, 2446
6.765416622161865, 2445
6.805052042007446, 2444
6.815424919128418, 2443
6.895009517669678, 2442
6.925144910812378, 2441
6.955177307128906, 2440
6.975337982177734, 2439
6.9850475788116455, 2438
7.007616281509399, 2437
7.014945030212402, 2436
7.014945030212402, 2435
7.025274038314819, 2434
7.035299777984619, 2433
7.045084238052368, 2432
7.055018663406372, 2431
7.073706865310669, 2430
7.075258016586304, 2429
7.075258016586304, 2428
7.095390558242798, 2427
7.095390558242798, 2426
7.095390558242798, 2425
7.105138301849365, 2424
7.135382652282715, 2423
7.150061845779419, 2422
7.160139560699463, 2421
7.210007429122925, 2420
7.235035181045532, 2419
7.235035181045532, 2418
7.245275259017944, 2417
7.245275259017944, 2416
7.284072637557983, 2415
7.286230802536011, 2414
7.286230802536011, 2413
7.306490182876587, 2412
7.316711664199829, 2411
7.347031593322754, 2410
7.387945890426636, 2409
7.398095369338989, 2408
7.435286521911621, 2407
7.49004340171814, 2406
7.49004340171814, 2405
7.520761013031006, 2404
7.541144132614136, 2403
7.587061405181885, 2402
7.600414037704468, 2401
7.645014762878418, 2400
7.66515040397644, 2399
7.737094163894653, 2398
7.845170974731445, 2397
7.848758697509766, 2396
7.875175714492798, 2395
7.907505512237549, 2394
7.935209274291992, 2393
7.935209274291992, 2392
7.935209274291992, 2391
7.955209732055664, 2390
7.979896068572998, 2389
7.979896068572998, 2388
8.005253791809082, 2387
8.050222158432007, 2386
8.064961433410645, 2385
8.064961433410645, 2384
8.085198163986206, 2383
8.095341682434082, 2382
8.130255937576294, 2381
8.165128469467163, 2380
8.175196409225464, 2379
8.175196409225464, 2378
8.180201053619385, 2377
8.180201053619385, 2376
8.19530725479126, 2375
8.19530725479126, 2374
8.204889059066772, 2373
8.204889059066772, 2372
8.245357036590576, 2371
8.275239944458008, 2370
8.29514741897583, 2369
8.305188417434692, 2368
8.305188417434692, 2367
8.315259456634521, 2366
8.32488226890564, 2365
8.359949111938477, 2364
8.365044116973877, 2363
8.37504768371582, 2362
8.415189743041992, 2361
8.430263996124268, 2360
8.43535852432251, 2359
8.484869480133057, 2358
8.494943618774414, 2357
8.494943618774414, 2356
8.494943618774414, 2355
8.520846128463745, 2354
8.580061197280884, 2353
8.620882272720337, 2352
8.635481119155884, 2351
8.635481119155884, 2350
8.71030330657959, 2349
8.77560806274414, 2348
8.77560806274414, 2347
8.78559947013855, 2346
8.80607271194458, 2345
8.867392301559448, 2344
8.877529859542847, 2343
8.877529859542847, 2342
8.877529859542847, 2341
8.928482294082642, 2340
8.938617944717407, 2339
8.938617944717407, 2338
8.957010269165039, 2337
8.957010269165039, 2336
9.055362701416016, 2335
9.065065622329712, 2334
9.085057020187378, 2333
9.115169525146484, 2332
9.180299282073975, 2331
9.286185503005981, 2330
9.316999673843384, 2329
9.375174522399902, 2328
9.387958288192749, 2327
9.64317798614502, 2326
9.705321073532104, 2325
9.773623704910278, 2324
9.840343475341797, 2323
9.945168733596802, 2322
10.038726568222046, 2321
10.08537769317627, 2320
10.122843742370605, 2319
10.165270805358887, 2318
10.165270805358887, 2317
10.245092391967773, 2316
10.310033559799194, 2315
10.330164194107056, 2314
10.355058193206787, 2313
10.415278196334839, 2312
10.43530011177063, 2311
10.485988855361938, 2310
10.625174045562744, 2309
10.625174045562744, 2308
10.635068893432617, 2307
10.655558824539185, 2306
10.68544888496399, 2305
10.72544264793396, 2304
10.824978351593018, 2303
10.850297212600708, 2302
11.035057067871094, 2301
11.145352840423584, 2300
11.158600330352783, 2299
11.179139614105225, 2298
11.215496301651001, 2297
11.300375938415527, 2296
11.383453607559204, 2295
11.555310249328613, 2294
11.655300855636597, 2293
11.675271272659302, 2292
11.69539475440979, 2291
11.71537733078003, 2290
11.75184965133667, 2289
11.82521915435791, 2288
11.89400029182434, 2287
12.149972677230835, 2286
12.165292978286743, 2285
12.251781463623047, 2284
12.312991857528687, 2283
12.345698118209839, 2282
12.366203308105469, 2281
12.396620035171509, 2280
12.396620035171509, 2279
12.435173511505127, 2278
12.486250877380371, 2277
12.550176620483398, 2276
12.665154933929443, 2275
13.035124063491821, 2274
13.045150518417358, 2273
13.045150518417358, 2272
13.095224857330322, 2271
13.105371713638306, 2270
13.115261554718018, 2269
13.165302753448486, 2268
13.435277700424194, 2267
13.481040716171265, 2266
13.554955959320068, 2265
13.630253314971924, 2264
13.744948863983154, 2263
13.86501407623291, 2262
13.93534803390503, 2261
14.195445537567139, 2260
14.390040397644043, 2259
14.445332050323486, 2258
14.475327968597412, 2257
14.505094289779663, 2256
14.604995250701904, 2255
14.910104751586914, 2254
15.115313291549683, 2253
15.235008478164673, 2252
15.585127592086792, 2251
15.705024242401123, 2250
15.764976024627686, 2249
15.806108236312866, 2248
15.987985372543335, 2247
16.069536924362183, 2246
16.448570251464844, 2245
16.856631994247437, 2244
17.45923948287964, 2243
17.957452297210693, 2242
18.10517144203186, 2241
18.16542387008667, 2240
18.757187128067017, 2239
19.14509344100952, 2238
19.415132999420166, 2237
19.614856004714966, 2236
19.69519853591919, 2235
20.5553879737854, 2234
20.92727518081665, 2233
21.23497200012207, 2232
21.41519808769226, 2231
22.581932544708252, 2230
23.145586252212524, 2229
23.546791315078735, 2228
24.21032190322876, 2227
24.67218041419983, 2226
25.04500389099121, 2225
25.35519528388977, 2224
25.89519715309143, 2223
26.06697154045105, 2222
26.185404539108276, 2221
26.455143690109253, 2220
27.95148468017578, 2219
28.75523090362549, 2218
28.79540467262268, 2217
29.60887837409973, 2216
29.657681465148926, 2215
30.35957098007202, 2214
32.724908113479614, 2213
33.28518295288086, 2212
34.42025542259216, 2211
39.618083238601685, 2210
44.42531490325928, 2209
50.13023591041565, 2208
74.70295119285583, 2207
85.69031596183777, 2206
122.98549437522888, 2205
177.06944274902344, 2204
466.2244334220886, 2203
