0.012538909912109375, 2363
0.24473190307617188, 2362
1.1146328449249268, 2361
1.118635892868042, 2360
1.3526418209075928, 2359
1.6636488437652588, 2358
1.6676506996154785, 2357
2.3426387310028076, 2356
3.3795158863067627, 2355
6.431134939193726, 2354
6.911020755767822, 2353
8.386862754821777, 2352
8.885095834732056, 2351
10.066178798675537, 2350
10.824022769927979, 2349
12.894965887069702, 2348
14.856141805648804, 2347
15.175529956817627, 2346
16.224379777908325, 2345
23.057333946228027, 2344
50.87857365608215, 2343
52.476255893707275, 2342
59.43212080001831, 2341
91.42256164550781, 2340
95.95081496238708, 2339
133.69159865379333, 2338
141.0049159526825, 2337
308.7023038864136, 2336
588.1358017921448, 2335
