0.06902694702148438, 4941
0.06902694702148438, 4940
0.06902694702148438, 4939
0.06902694702148438, 4938
0.06902694702148438, 4937
0.06902694702148438, 4936
0.06902694702148438, 4935
0.06902694702148438, 4934
0.06902694702148438, 4933
0.06902694702148438, 4932
0.06902694702148438, 4931
0.06902694702148438, 4930
0.08465290069580078, 4929
0.08465290069580078, 4928
0.08465290069580078, 4927
0.08465290069580078, 4926
0.08465290069580078, 4925
0.08465290069580078, 4924
0.08465290069580078, 4923
0.08465290069580078, 4922
0.08465290069580078, 4921
0.08465290069580078, 4920
0.08465290069580078, 4919
0.08465290069580078, 4918
0.10027670860290527, 4917
0.10027670860290527, 4916
0.10027670860290527, 4915
0.10027670860290527, 4914
0.10027670860290527, 4913
0.10027670860290527, 4912
0.10027670860290527, 4911
0.10027670860290527, 4910
0.10027670860290527, 4909
0.10027670860290527, 4908
0.10027670860290527, 4907
0.11590290069580078, 4906
0.11590290069580078, 4905
0.11590290069580078, 4904
0.11590290069580078, 4903
0.11590290069580078, 4902
0.11590290069580078, 4901
0.11590290069580078, 4900
0.11590290069580078, 4899
0.11590290069580078, 4898
0.11590290069580078, 4897
0.13152623176574707, 4896
0.13152623176574707, 4895
0.13152623176574707, 4894
0.13152623176574707, 4893
0.13152623176574707, 4892
0.13806557655334473, 4891
0.14020943641662598, 4890
0.14020943641662598, 4889
0.14020943641662598, 4888
0.14020943641662598, 4887
0.14020943641662598, 4886
0.14020943641662598, 4885
0.14831161499023438, 4884
0.15035581588745117, 4883
0.15035581588745117, 4882
0.15035581588745117, 4881
0.15035581588745117, 4880
0.15035581588745117, 4879
0.1584000587463379, 4878
0.1604299545288086, 4877
0.1604299545288086, 4876
0.1604299545288086, 4875
0.1604299545288086, 4874
0.1604299545288086, 4873
0.1604299545288086, 4872
0.1604299545288086, 4871
0.1604299545288086, 4870
0.16851353645324707, 4869
0.17055225372314453, 4868
0.17055225372314453, 4867
0.17055225372314453, 4866
0.17055225372314453, 4865
0.17055225372314453, 4864
0.1786208152770996, 4863
0.1786208152770996, 4862
0.1806495189666748, 4861
0.1806495189666748, 4860
0.1806495189666748, 4859
0.1806495189666748, 4858
0.1806495189666748, 4857
0.18871474266052246, 4856
0.19074630737304688, 4855
0.19074630737304688, 4854
0.19074630737304688, 4853
0.19074630737304688, 4852
0.19074630737304688, 4851
0.19875478744506836, 4850
0.19879865646362305, 4849
0.20084476470947266, 4848
0.20084476470947266, 4847
0.20084476470947266, 4846
0.20084476470947266, 4845
0.20084476470947266, 4844
0.20084476470947266, 4843
0.2089066505432129, 4842
0.21094655990600586, 4841
0.21094655990600586, 4840
0.21094655990600586, 4839
0.21094655990600586, 4838
0.21094655990600586, 4837
0.21898889541625977, 4836
0.21898889541625977, 4835
0.22102069854736328, 4834
0.22102069854736328, 4833
0.22102069854736328, 4832
0.22102069854736328, 4831
0.22102069854736328, 4830
0.22909975051879883, 4829
0.2311410903930664, 4828
0.2311410903930664, 4827
0.2311410903930664, 4826
0.2311410903930664, 4825
0.2311410903930664, 4824
0.23919272422790527, 4823
0.24123263359069824, 4822
0.24123263359069824, 4821
0.24123263359069824, 4820
0.24123263359069824, 4819
0.24931693077087402, 4818
0.24931693077087402, 4817
0.2513561248779297, 4816
0.2513561248779297, 4815
0.2513561248779297, 4814
0.2513561248779297, 4813
0.2513561248779297, 4812
0.2513561248779297, 4811
0.25939321517944336, 4810
0.25939321517944336, 4809
0.2614278793334961, 4808
0.2614278793334961, 4807
0.2614278793334961, 4806
0.2614278793334961, 4805
0.2614278793334961, 4804
0.2614278793334961, 4803
0.2614278793334961, 4802
0.2614278793334961, 4801
0.2614278793334961, 4800
0.26953673362731934, 4799
0.2715768814086914, 4798
0.2715768814086914, 4797
0.2715768814086914, 4796
0.2715768814086914, 4795
0.2715768814086914, 4794
0.2715768814086914, 4793
0.2796187400817871, 4792
0.2796187400817871, 4791
0.2816600799560547, 4790
0.2816600799560547, 4789
0.2816600799560547, 4788
0.2816600799560547, 4787
0.2816600799560547, 4786
0.2816600799560547, 4785
0.28976917266845703, 4784
0.29180479049682617, 4783
0.29180479049682617, 4782
0.29180479049682617, 4781
0.29180479049682617, 4780
0.29180479049682617, 4779
0.29180479049682617, 4778
0.2998392581939697, 4777
0.2998392581939697, 4776
0.2998392581939697, 4775
0.2998392581939697, 4774
0.2998392581939697, 4773
0.2998392581939697, 4772
0.2998392581939697, 4771
0.2998392581939697, 4770
0.2998392581939697, 4769
0.2998392581939697, 4768
0.2998392581939697, 4767
0.30991697311401367, 4766
0.30991697311401367, 4765
0.31195545196533203, 4764
0.31195545196533203, 4763
0.31195545196533203, 4762
0.31195545196533203, 4761
0.31195545196533203, 4760
0.319993257522583, 4759
0.32203125953674316, 4758
0.32203125953674316, 4757
0.32203125953674316, 4756
0.32203125953674316, 4755
0.32203125953674316, 4754
0.32203125953674316, 4753
0.332134485244751, 4752
0.332134485244751, 4751
0.332134485244751, 4750
0.332134485244751, 4749
0.332134485244751, 4748
0.332134485244751, 4747
0.332134485244751, 4746
0.3402082920074463, 4745
0.34224534034729004, 4744
0.34224534034729004, 4743
0.34224534034729004, 4742
0.34224534034729004, 4741
0.34224534034729004, 4740
0.34224534034729004, 4739
0.34224534034729004, 4738
0.34224534034729004, 4737
0.34224534034729004, 4736
0.35034823417663574, 4735
0.35239100456237793, 4734
0.35239100456237793, 4733
0.35239100456237793, 4732
0.35239100456237793, 4731
0.35239100456237793, 4730
0.35239100456237793, 4729
0.35239100456237793, 4728
0.360424280166626, 4727
0.3624563217163086, 4726
0.3624563217163086, 4725
0.3624563217163086, 4724
0.3624563217163086, 4723
0.3624563217163086, 4722
0.3624563217163086, 4721
0.3624563217163086, 4720
0.37055110931396484, 4719
0.37055110931396484, 4718
0.3725886344909668, 4717
0.3725886344909668, 4716
0.3725886344909668, 4715
0.3725886344909668, 4714
0.3725886344909668, 4713
0.3806288242340088, 4712
0.3806288242340088, 4711
0.38266777992248535, 4710
0.38266777992248535, 4709
0.38266777992248535, 4708
0.38266777992248535, 4707
0.38266777992248535, 4706
0.38266777992248535, 4705
0.38266777992248535, 4704
0.3907315731048584, 4703
0.3927624225616455, 4702
0.3927624225616455, 4701
0.3927624225616455, 4700
0.3927624225616455, 4699
0.4008028507232666, 4698
0.4028346538543701, 4697
0.4028346538543701, 4696
0.4028346538543701, 4695
0.4028346538543701, 4694
0.4028346538543701, 4693
0.4028346538543701, 4692
0.4028346538543701, 4691
0.4108850955963135, 4690
0.4108850955963135, 4689
0.41292500495910645, 4688
0.41292500495910645, 4687
0.41292500495910645, 4686
0.41292500495910645, 4685
0.41292500495910645, 4684
0.41292500495910645, 4683
0.41292500495910645, 4682
0.41292500495910645, 4681
0.42096400260925293, 4680
0.4230060577392578, 4679
0.4230060577392578, 4678
0.4230060577392578, 4677
0.4230060577392578, 4676
0.4230060577392578, 4675
0.4230060577392578, 4674
0.43106746673583984, 4673
0.4331021308898926, 4672
0.4331021308898926, 4671
0.4331021308898926, 4670
0.4331021308898926, 4669
0.4331021308898926, 4668
0.4331021308898926, 4667
0.4331021308898926, 4666
0.4331021308898926, 4665
0.4411327838897705, 4664
0.44316792488098145, 4663
0.44316792488098145, 4662
0.44316792488098145, 4661
0.44316792488098145, 4660
0.44316792488098145, 4659
0.44316792488098145, 4658
0.4512662887573242, 4657
0.4512662887573242, 4656
0.45331668853759766, 4655
0.45331668853759766, 4654
0.45331668853759766, 4653
0.45331668853759766, 4652
0.45331668853759766, 4651
0.45331668853759766, 4650
0.46135807037353516, 4649
0.46135807037353516, 4648
0.46338677406311035, 4647
0.46338677406311035, 4646
0.46338677406311035, 4645
0.46338677406311035, 4644
0.46338677406311035, 4643
0.46338677406311035, 4642
0.46338677406311035, 4641
0.4714672565460205, 4640
0.47350645065307617, 4639
0.47350645065307617, 4638
0.47350645065307617, 4637
0.47350645065307617, 4636
0.48154759407043457, 4635
0.48154759407043457, 4634
0.48360133171081543, 4633
0.48360133171081543, 4632
0.48360133171081543, 4631
0.48360133171081543, 4630
0.4917759895324707, 4629
0.4917759895324707, 4628
0.4938197135925293, 4627
0.4938197135925293, 4626
0.4938197135925293, 4625
0.4938197135925293, 4624
0.4938197135925293, 4623
0.4938197135925293, 4622
0.5018513202667236, 4621
0.5018513202667236, 4620
0.5018513202667236, 4619
0.5018513202667236, 4618
0.5018513202667236, 4617
0.5018513202667236, 4616
0.5018513202667236, 4615
0.5119643211364746, 4614
0.5119643211364746, 4613
0.5140044689178467, 4612
0.5140044689178467, 4611
0.5140044689178467, 4610
0.5140044689178467, 4609
0.5140044689178467, 4608
0.5140044689178467, 4607
0.5220434665679932, 4606
0.5220434665679932, 4605
0.5220434665679932, 4604
0.5220434665679932, 4603
0.5220434665679932, 4602
0.5220434665679932, 4601
0.5220434665679932, 4600
0.5220434665679932, 4599
0.5220434665679932, 4598
0.5321090221405029, 4597
0.5341591835021973, 4596
0.5341591835021973, 4595
0.5341591835021973, 4594
0.5341591835021973, 4593
0.5341591835021973, 4592
0.5341591835021973, 4591
0.5341591835021973, 4590
0.5341591835021973, 4589
0.5442507266998291, 4588
0.5442507266998291, 4587
0.5442507266998291, 4586
0.5442507266998291, 4585
0.5442507266998291, 4584
0.5442507266998291, 4583
0.5442507266998291, 4582
0.5522627830505371, 4581
0.5523486137390137, 4580
0.5523486137390137, 4579
0.5523486137390137, 4578
0.5523486137390137, 4577
0.5523486137390137, 4576
0.5523486137390137, 4575
0.5623621940612793, 4574
0.5623621940612793, 4573
0.5623621940612793, 4572
0.5623621940612793, 4571
0.5623621940612793, 4570
0.5623621940612793, 4569
0.5623621940612793, 4568
0.5623621940612793, 4567
0.5623621940612793, 4566
0.5623621940612793, 4565
0.5780062675476074, 4564
0.5780062675476074, 4563
0.5780062675476074, 4562
0.5780062675476074, 4561
0.5780062675476074, 4560
0.5780062675476074, 4559
0.5780062675476074, 4558
0.5780062675476074, 4557
0.5780062675476074, 4556
0.5780062675476074, 4555
0.5780062675476074, 4554
0.5780062675476074, 4553
0.5936307907104492, 4552
0.5936307907104492, 4551
0.5936307907104492, 4550
0.5936307907104492, 4549
0.5936307907104492, 4548
0.5936307907104492, 4547
0.5936307907104492, 4546
0.6092562675476074, 4545
0.6092562675476074, 4544
0.6092562675476074, 4543
0.6092562675476074, 4542
0.6092562675476074, 4541
0.6092562675476074, 4540
0.6092562675476074, 4539
0.6092562675476074, 4538
0.6092562675476074, 4537
0.6092562675476074, 4536
0.6248793601989746, 4535
0.6248793601989746, 4534
0.6248793601989746, 4533
0.6248793601989746, 4532
0.6248793601989746, 4531
0.6248793601989746, 4530
0.6248793601989746, 4529
0.6248793601989746, 4528
0.6248793601989746, 4527
0.6405072212219238, 4526
0.6405072212219238, 4525
0.6405072212219238, 4524
0.6405072212219238, 4523
0.6405072212219238, 4522
0.6405072212219238, 4521
0.6405072212219238, 4520
0.6405072212219238, 4519
0.6564702987670898, 4518
0.6616494655609131, 4517
0.6624674797058105, 4516
0.6634666919708252, 4515
0.6634666919708252, 4514
0.6634666919708252, 4513
0.6634666919708252, 4512
0.6634666919708252, 4511
0.6634666919708252, 4510
0.6634666919708252, 4509
0.6634666919708252, 4508
0.6634666919708252, 4507
0.6634666919708252, 4506
0.6634666919708252, 4505
0.6634666919708252, 4504
0.6634666919708252, 4503
0.6634666919708252, 4502
0.6634666919708252, 4501
0.6791014671325684, 4500
0.6791014671325684, 4499
0.6791014671325684, 4498
0.6791014671325684, 4497
0.6791014671325684, 4496
0.6791014671325684, 4495
0.6947276592254639, 4494
0.6947276592254639, 4493
0.6947276592254639, 4492
0.6947276592254639, 4491
0.6947276592254639, 4490
0.6947276592254639, 4489
0.6947276592254639, 4488
0.6947276592254639, 4487
0.6947276592254639, 4486
0.6947276592254639, 4485
0.6947276592254639, 4484
0.6947276592254639, 4483
0.6947276592254639, 4482
0.6947276592254639, 4481
0.6947276592254639, 4480
0.6947276592254639, 4479
0.7103521823883057, 4478
0.7103521823883057, 4477
0.7103521823883057, 4476
0.7103521823883057, 4475
0.7103521823883057, 4474
0.7103521823883057, 4473
0.7103521823883057, 4472
0.7103521823883057, 4471
0.7259786128997803, 4470
0.7259786128997803, 4469
0.7259786128997803, 4468
0.7259786128997803, 4467
0.7259786128997803, 4466
0.7259786128997803, 4465
0.7259786128997803, 4464
0.7259786128997803, 4463
0.7259786128997803, 4462
0.7416031360626221, 4461
0.7416031360626221, 4460
0.7416031360626221, 4459
0.7416031360626221, 4458
0.7416031360626221, 4457
0.7416031360626221, 4456
0.7416031360626221, 4455
0.7416031360626221, 4454
0.7416031360626221, 4453
0.7416031360626221, 4452
0.7572290897369385, 4451
0.7572290897369385, 4450
0.7572290897369385, 4449
0.7627401351928711, 4448
0.7627401351928711, 4447
0.7627401351928711, 4446
0.7627401351928711, 4445
0.7627401351928711, 4444
0.7627401351928711, 4443
0.7627401351928711, 4442
0.7627401351928711, 4441
0.7627401351928711, 4440
0.7627401351928711, 4439
0.7627401351928711, 4438
0.7627401351928711, 4437
0.77838134765625, 4436
0.77838134765625, 4435
0.77838134765625, 4434
0.77838134765625, 4433
0.77838134765625, 4432
0.77838134765625, 4431
0.77838134765625, 4430
0.7940049171447754, 4429
0.7940049171447754, 4428
0.7940049171447754, 4427
0.7940049171447754, 4426
0.7940049171447754, 4425
0.7940049171447754, 4424
0.7940049171447754, 4423
0.7940049171447754, 4422
0.7940049171447754, 4421
0.8120508193969727, 4420
0.8120508193969727, 4419
0.8120508193969727, 4418
0.8120508193969727, 4417
0.8120508193969727, 4416
0.8276751041412354, 4415
0.8276751041412354, 4414
0.8276751041412354, 4413
0.8276751041412354, 4412
0.8276751041412354, 4411
0.8276751041412354, 4410
0.8276751041412354, 4409
0.8276751041412354, 4408
0.8276751041412354, 4407
0.8276751041412354, 4406
0.8433003425598145, 4405
0.8433003425598145, 4404
0.8433003425598145, 4403
0.8433003425598145, 4402
0.8433003425598145, 4401
0.8433003425598145, 4400
0.8433003425598145, 4399
0.8433003425598145, 4398
0.8433003425598145, 4397
0.8433003425598145, 4396
0.8629424571990967, 4395
0.8629424571990967, 4394
0.8629424571990967, 4393
0.8629424571990967, 4392
0.8629424571990967, 4391
0.8629424571990967, 4390
0.8629424571990967, 4389
0.8629424571990967, 4388
0.8785862922668457, 4387
0.8785862922668457, 4386
0.8785862922668457, 4385
0.8785862922668457, 4384
0.8785862922668457, 4383
0.8785862922668457, 4382
0.8785862922668457, 4381
0.8785862922668457, 4380
0.8785862922668457, 4379
0.8942074775695801, 4378
0.8942074775695801, 4377
0.8942074775695801, 4376
0.8942074775695801, 4375
0.9114961624145508, 4374
0.9127006530761719, 4373
0.9127006530761719, 4372
0.9127006530761719, 4371
0.9127006530761719, 4370
0.9127006530761719, 4369
0.9127006530761719, 4368
0.9127006530761719, 4367
0.9127006530761719, 4366
0.928325891494751, 4365
0.928325891494751, 4364
0.928325891494751, 4363
0.928325891494751, 4362
0.928325891494751, 4361
0.928325891494751, 4360
0.928325891494751, 4359
0.928325891494751, 4358
0.928325891494751, 4357
0.94394850730896, 4356
0.94394850730896, 4355
0.94394850730896, 4354
0.94394850730896, 4353
0.94394850730896, 4352
0.94394850730896, 4351
0.94394850730896, 4350
0.94394850730896, 4349
0.94394850730896, 4348
0.94394850730896, 4347
0.94394850730896, 4346
0.94394850730896, 4345
0.94394850730896, 4344
0.94394850730896, 4343
0.94394850730896, 4342
0.9595754146575928, 4341
0.9595754146575928, 4340
0.9595754146575928, 4339
0.963090181350708, 4338
0.963090181350708, 4337
0.963090181350708, 4336
0.963090181350708, 4335
0.963090181350708, 4334
0.963090181350708, 4333
0.963090181350708, 4332
0.9787313938140869, 4331
0.9787313938140869, 4330
0.9787313938140869, 4329
0.9787313938140869, 4328
0.9787313938140869, 4327
0.9787313938140869, 4326
0.9787313938140869, 4325
0.9787313938140869, 4324
0.9787313938140869, 4323
0.9943575859069824, 4322
0.9943575859069824, 4321
0.9943575859069824, 4320
0.9943575859069824, 4319
0.9943575859069824, 4318
0.9943575859069824, 4317
0.9943575859069824, 4316
0.9943575859069824, 4315
0.9943575859069824, 4314
0.9943575859069824, 4313
0.9943575859069824, 4312
0.9943575859069824, 4311
1.0099806785583496, 4310
1.0099806785583496, 4309
1.0099806785583496, 4308
1.0099806785583496, 4307
1.0099806785583496, 4306
1.0099806785583496, 4305
1.0099806785583496, 4304
1.0099806785583496, 4303
1.0099806785583496, 4302
1.025609016418457, 4301
1.025609016418457, 4300
1.025609016418457, 4299
1.025609016418457, 4298
1.025609016418457, 4297
1.025609016418457, 4296
1.025609016418457, 4295
1.025609016418457, 4294
1.025609016418457, 4293
1.0412380695343018, 4292
1.0412380695343018, 4291
1.0412380695343018, 4290
1.0412380695343018, 4289
1.0412380695343018, 4288
1.0412380695343018, 4287
1.0412380695343018, 4286
1.0568554401397705, 4285
1.0568554401397705, 4284
1.0568554401397705, 4283
1.0568554401397705, 4282
1.0633645057678223, 4281
1.0633645057678223, 4280
1.0633645057678223, 4279
1.0633645057678223, 4278
1.0633645057678223, 4277
1.0633645057678223, 4276
1.0633645057678223, 4275
1.0633645057678223, 4274
1.0633645057678223, 4273
1.0633645057678223, 4272
1.0633645057678223, 4271
1.0633645057678223, 4270
1.0633645057678223, 4269
1.0633645057678223, 4268
1.0633645057678223, 4267
1.0790016651153564, 4266
1.0790016651153564, 4265
1.0790016651153564, 4264
1.0790016651153564, 4263
1.0790016651153564, 4262
1.0790016651153564, 4261
1.0790016651153564, 4260
1.0790016651153564, 4259
1.0790016651153564, 4258
1.0790016651153564, 4257
1.094632625579834, 4256
1.094632625579834, 4255
1.094632625579834, 4254
1.094632625579834, 4253
1.094632625579834, 4252
1.094632625579834, 4251
1.094632625579834, 4250
1.094632625579834, 4249
1.1102509498596191, 4248
1.1102509498596191, 4247
1.1102509498596191, 4246
1.1102509498596191, 4245
1.1102509498596191, 4244
1.1102509498596191, 4243
1.1102509498596191, 4242
1.12587571144104, 4241
1.12587571144104, 4240
1.12587571144104, 4239
1.12587571144104, 4238
1.12587571144104, 4237
1.12587571144104, 4236
1.12587571144104, 4235
1.12587571144104, 4234
1.12587571144104, 4233
1.12587571144104, 4232
1.12587571144104, 4231
1.12587571144104, 4230
1.141502857208252, 4229
1.141502857208252, 4228
1.141502857208252, 4227
1.141502857208252, 4226
1.141502857208252, 4225
1.141502857208252, 4224
1.141502857208252, 4223
1.141502857208252, 4222
1.141502857208252, 4221
1.1571269035339355, 4220
1.1571269035339355, 4219
1.1636419296264648, 4218
1.1636419296264648, 4217
1.1636419296264648, 4216
1.1636419296264648, 4215
1.1636419296264648, 4214
1.1636419296264648, 4213
1.1636419296264648, 4212
1.1636419296264648, 4211
1.1636419296264648, 4210
1.1792843341827393, 4209
1.1792843341827393, 4208
1.1792843341827393, 4207
1.1792843341827393, 4206
1.1792843341827393, 4205
1.1792843341827393, 4204
1.1792843341827393, 4203
1.1792843341827393, 4202
1.1792843341827393, 4201
1.194908857345581, 4200
1.194908857345581, 4199
1.194908857345581, 4198
1.194908857345581, 4197
1.194908857345581, 4196
1.194908857345581, 4195
1.194908857345581, 4194
1.2105417251586914, 4193
1.2105417251586914, 4192
1.2105417251586914, 4191
1.2105417251586914, 4190
1.2105417251586914, 4189
1.2261662483215332, 4188
1.2261662483215332, 4187
1.2261662483215332, 4186
1.2261662483215332, 4185
1.2261662483215332, 4184
1.2261662483215332, 4183
1.2261662483215332, 4182
1.2417881488800049, 4181
1.2417881488800049, 4180
1.2417881488800049, 4179
1.2417881488800049, 4178
1.2417881488800049, 4177
1.2417881488800049, 4176
1.2417881488800049, 4175
1.257411003112793, 4174
1.2639234066009521, 4173
1.2639234066009521, 4172
1.2639234066009521, 4171
1.2639234066009521, 4170
1.2639234066009521, 4169
1.2639234066009521, 4168
1.2639234066009521, 4167
1.2639234066009521, 4166
1.2639234066009521, 4165
1.279564380645752, 4164
1.279564380645752, 4163
1.279564380645752, 4162
1.279564380645752, 4161
1.279564380645752, 4160
1.279564380645752, 4159
1.279564380645752, 4158
1.279564380645752, 4157
1.279564380645752, 4156
1.279564380645752, 4155
1.279564380645752, 4154
1.2951884269714355, 4153
1.2951884269714355, 4152
1.2951884269714355, 4151
1.3108174800872803, 4150
1.3108174800872803, 4149
1.3108174800872803, 4148
1.3108174800872803, 4147
1.3108174800872803, 4146
1.3108174800872803, 4145
1.3264391422271729, 4144
1.3264391422271729, 4143
1.3264391422271729, 4142
1.3264391422271729, 4141
1.3264391422271729, 4140
1.3264391422271729, 4139
1.3264391422271729, 4138
1.3264391422271729, 4137
1.3264391422271729, 4136
1.3264391422271729, 4135
1.3420636653900146, 4134
1.3420636653900146, 4133
1.3420636653900146, 4132
1.3420636653900146, 4131
1.3420636653900146, 4130
1.3576910495758057, 4129
1.3576910495758057, 4128
1.3576910495758057, 4127
1.366269588470459, 4126
1.366269588470459, 4125
1.366269588470459, 4124
1.366269588470459, 4123
1.366269588470459, 4122
1.366269588470459, 4121
1.3742797374725342, 4120
1.3743515014648438, 4119
1.3763914108276367, 4118
1.3763914108276367, 4117
1.3763914108276367, 4116
1.3763914108276367, 4115
1.3763914108276367, 4114
1.3763914108276367, 4113
1.3844282627105713, 4112
1.3864643573760986, 4111
1.3864643573760986, 4110
1.3864643573760986, 4109
1.3864643573760986, 4108
1.3864643573760986, 4107
1.3945503234863281, 4106
1.3945503234863281, 4105
1.3965871334075928, 4104
1.3965871334075928, 4103
1.3965871334075928, 4102
1.3965871334075928, 4101
1.3965871334075928, 4100
1.3965871334075928, 4099
1.40462327003479, 4098
1.4066557884216309, 4097
1.4066557884216309, 4096
1.4066557884216309, 4095
1.4066557884216309, 4094
1.4066557884216309, 4093
1.41473388671875, 4092
1.4167702198028564, 4091
1.4167702198028564, 4090
1.4167702198028564, 4089
1.4167702198028564, 4088
1.4167702198028564, 4087
1.424800157546997, 4086
1.426806926727295, 4085
1.4268229007720947, 4084
1.4268229007720947, 4083
1.4268229007720947, 4082
1.4268229007720947, 4081
1.4268229007720947, 4080
1.4349431991577148, 4079
1.4349431991577148, 4078
1.4369843006134033, 4077
1.4369843006134033, 4076
1.4369843006134033, 4075
1.4369843006134033, 4074
1.4470751285552979, 4073
1.4470751285552979, 4072
1.4571902751922607, 4071
1.4571902751922607, 4070
1.4571902751922607, 4069
1.4571902751922607, 4068
1.4571902751922607, 4067
1.4571902751922607, 4066
1.4571902751922607, 4065
1.4571902751922607, 4064
1.465228796005249, 4063
1.4672636985778809, 4062
1.4672636985778809, 4061
1.4672636985778809, 4060
1.4753451347351074, 4059
1.4753451347351074, 4058
1.4773833751678467, 4057
1.4773833751678467, 4056
1.4773833751678467, 4055
1.4773833751678467, 4054
1.485419511795044, 4053
1.485419511795044, 4052
1.487471342086792, 4051
1.487471342086792, 4050
1.487471342086792, 4049
1.487471342086792, 4048
1.497591257095337, 4047
1.497591257095337, 4046
1.497591257095337, 4045
1.497591257095337, 4044
1.5056278705596924, 4043
1.5076675415039062, 4042
1.5076675415039062, 4041
1.5178205966949463, 4040
1.5178205966949463, 4039
1.5178205966949463, 4038
1.5258588790893555, 4037
1.5278964042663574, 4036
1.5278964042663574, 4035
1.5278964042663574, 4034
1.5278964042663574, 4033
1.5278964042663574, 4032
1.5359036922454834, 4031
1.5359485149383545, 4030
1.5359485149383545, 4029
1.5380001068115234, 4028
1.5380001068115234, 4027
1.5380001068115234, 4026
1.5460312366485596, 4025
1.5460312366485596, 4024
1.548064947128296, 4023
1.548064947128296, 4022
1.548064947128296, 4021
1.548064947128296, 4020
1.548064947128296, 4019
1.548064947128296, 4018
1.5561552047729492, 4017
1.5561552047729492, 4016
1.5581917762756348, 4015
1.5581917762756348, 4014
1.5581917762756348, 4013
1.5581917762756348, 4012
1.5581917762756348, 4011
1.5662314891815186, 4010
1.5662314891815186, 4009
1.568272352218628, 4008
1.568272352218628, 4007
1.568272352218628, 4006
1.568272352218628, 4005
1.568272352218628, 4004
1.5783665180206299, 4003
1.5783665180206299, 4002
1.5783665180206299, 4001
1.5884408950805664, 4000
1.5884408950805664, 3999
1.5884408950805664, 3998
1.5884408950805664, 3997
1.5884408950805664, 3996
1.5965375900268555, 3995
1.5965375900268555, 3994
1.598569393157959, 3993
1.598569393157959, 3992
1.598569393157959, 3991
1.598569393157959, 3990
1.6065988540649414, 3989
1.6086373329162598, 3988
1.6086373329162598, 3987
1.6086373329162598, 3986
1.6086373329162598, 3985
1.6086373329162598, 3984
1.6086373329162598, 3983
1.6187567710876465, 3982
1.6187567710876465, 3981
1.6187567710876465, 3980
1.6187567710876465, 3979
1.6267964839935303, 3978
1.6267964839935303, 3977
1.6288318634033203, 3976
1.6288318634033203, 3975
1.6369166374206543, 3974
1.6389503479003906, 3973
1.6469969749450684, 3972
1.6490271091461182, 3971
1.6490271091461182, 3970
1.6490271091461182, 3969
1.6490271091461182, 3968
1.6490271091461182, 3967
1.6490271091461182, 3966
1.6490271091461182, 3965
1.6490271091461182, 3964
1.6591174602508545, 3963
1.6591174602508545, 3962
1.6692023277282715, 3961
1.6692023277282715, 3960
1.6692023277282715, 3959
1.6793124675750732, 3958
1.6793124675750732, 3957
1.6793124675750732, 3956
1.6873669624328613, 3955
1.6894044876098633, 3954
1.6894044876098633, 3953
1.6894044876098633, 3952
1.6894044876098633, 3951
1.6995341777801514, 3950
1.6995341777801514, 3949
1.6995341777801514, 3948
1.6995341777801514, 3947
1.6995341777801514, 3946
1.6995341777801514, 3945
1.6995341777801514, 3944
1.6995341777801514, 3943
1.7075746059417725, 3942
1.7075746059417725, 3941
1.709618330001831, 3940
1.709618330001831, 3939
1.709618330001831, 3938
1.709618330001831, 3937
1.709618330001831, 3936
1.709618330001831, 3935
1.709618330001831, 3934
1.7176995277404785, 3933
1.7176995277404785, 3932
1.7197365760803223, 3931
1.7197365760803223, 3930
1.7197365760803223, 3929
1.7197365760803223, 3928
1.7277758121490479, 3927
1.7298104763031006, 3926
1.7298104763031006, 3925
1.7298104763031006, 3924
1.7298104763031006, 3923
1.7378675937652588, 3922
1.7399039268493652, 3921
1.7399039268493652, 3920
1.7399039268493652, 3919
1.7399039268493652, 3918
1.7399039268493652, 3917
1.7399039268493652, 3916
1.7399039268493652, 3915
1.7399039268493652, 3914
1.7399039268493652, 3913
1.7479515075683594, 3912
1.7479515075683594, 3911
1.7479515075683594, 3910
1.7499799728393555, 3909
1.7499799728393555, 3908
1.7499799728393555, 3907
1.7499799728393555, 3906
1.7580878734588623, 3905
1.7601230144500732, 3904
1.7601230144500732, 3903
1.7601230144500732, 3902
1.7681665420532227, 3901
1.770200490951538, 3900
1.770200490951538, 3899
1.770200490951538, 3898
1.770200490951538, 3897
1.770200490951538, 3896
1.770200490951538, 3895
1.7803106307983398, 3894
1.7883460521697998, 3893
1.7883460521697998, 3892
1.7883460521697998, 3891
1.7983551025390625, 3890
1.7983551025390625, 3889
1.7983551025390625, 3888
1.7983551025390625, 3887
1.7983551025390625, 3886
1.7983551025390625, 3885
1.7983551025390625, 3884
1.7983551025390625, 3883
1.7983551025390625, 3882
1.7983551025390625, 3881
1.7983551025390625, 3880
1.7983551025390625, 3879
1.8140006065368652, 3878
1.8140006065368652, 3877
1.8140006065368652, 3876
1.8140006065368652, 3875
1.8140006065368652, 3874
1.8140006065368652, 3873
1.8140006065368652, 3872
1.8140006065368652, 3871
1.8140006065368652, 3870
1.8140006065368652, 3869
1.8140006065368652, 3868
1.829622507095337, 3867
1.829622507095337, 3866
1.829622507095337, 3865
1.829622507095337, 3864
1.829622507095337, 3863
1.829622507095337, 3862
1.829622507095337, 3861
1.829622507095337, 3860
1.829622507095337, 3859
1.8452472686767578, 3858
1.8452472686767578, 3857
1.8452472686767578, 3856
1.8452472686767578, 3855
1.8452472686767578, 3854
1.8452472686767578, 3853
1.8608717918395996, 3852
1.8608717918395996, 3851
1.8608717918395996, 3850
1.8608717918395996, 3849
1.8608717918395996, 3848
1.8608717918395996, 3847
1.8608717918395996, 3846
1.8608717918395996, 3845
1.8765008449554443, 3844
1.8765008449554443, 3843
1.8765008449554443, 3842
1.8765008449554443, 3841
1.892122745513916, 3840
1.892122745513916, 3839
1.8986365795135498, 3838
1.8986365795135498, 3837
1.8986365795135498, 3836
1.8986365795135498, 3835
1.9142792224884033, 3834
1.9142792224884033, 3833
1.9142792224884033, 3832
1.9142792224884033, 3831
1.9142792224884033, 3830
1.9142792224884033, 3829
1.9142792224884033, 3828
1.9299039840698242, 3827
1.9299039840698242, 3826
1.9299039840698242, 3825
1.9299039840698242, 3824
1.9299039840698242, 3823
1.9299039840698242, 3822
1.9455277919769287, 3821
1.9455277919769287, 3820
1.9455277919769287, 3819
1.9455277919769287, 3818
1.9455277919769287, 3817
1.9611515998840332, 3816
1.9611515998840332, 3815
1.9611515998840332, 3814
1.9611515998840332, 3813
1.9611515998840332, 3812
1.9611515998840332, 3811
1.9611515998840332, 3810
1.9767775535583496, 3809
1.9767775535583496, 3808
1.9767775535583496, 3807
1.9767775535583496, 3806
1.9767775535583496, 3805
1.9767775535583496, 3804
1.9767775535583496, 3803
1.9767775535583496, 3802
1.992405652999878, 3801
1.992405652999878, 3800
1.992405652999878, 3799
1.9989221096038818, 3798
1.9989221096038818, 3797
1.9989221096038818, 3796
1.9989221096038818, 3795
1.9989221096038818, 3794
1.9989221096038818, 3793
2.014565944671631, 3792
2.014565944671631, 3791
2.014565944671631, 3790
2.014565944671631, 3789
2.014565944671631, 3788
2.014565944671631, 3787
2.030188798904419, 3786
2.030188798904419, 3785
2.030188798904419, 3784
2.030188798904419, 3783
2.030188798904419, 3782
2.030188798904419, 3781
2.030188798904419, 3780
2.030188798904419, 3779
2.030188798904419, 3778
2.0458152294158936, 3777
2.0458152294158936, 3776
2.0458152294158936, 3775
2.0458152294158936, 3774
2.0458152294158936, 3773
2.0614376068115234, 3772
2.0614376068115234, 3771
2.0614376068115234, 3770
2.0614376068115234, 3769
2.0614376068115234, 3768
2.0614376068115234, 3767
2.0614376068115234, 3766
2.0770645141601562, 3765
2.0770645141601562, 3764
2.0770645141601562, 3763
2.0770645141601562, 3762
2.0770645141601562, 3761
2.0770645141601562, 3760
2.092689275741577, 3759
2.092689275741577, 3758
2.092689275741577, 3757
2.092689275741577, 3756
2.0991997718811035, 3755
2.0991997718811035, 3754
2.0991997718811035, 3753
2.0991997718811035, 3752
2.114837646484375, 3751
2.114837646484375, 3750
2.114837646484375, 3749
2.114837646484375, 3748
2.114837646484375, 3747
2.114837646484375, 3746
2.114837646484375, 3745
2.1304640769958496, 3744
2.1304640769958496, 3743
2.1304640769958496, 3742
2.1460886001586914, 3741
2.1460886001586914, 3740
2.1460886001586914, 3739
2.1460886001586914, 3738
2.1460886001586914, 3737
2.1460886001586914, 3736
2.1460886001586914, 3735
2.1460886001586914, 3734
2.1460886001586914, 3733
2.1460886001586914, 3732
2.1460886001586914, 3731
2.161713123321533, 3730
2.161713123321533, 3729
2.161713123321533, 3728
2.161713123321533, 3727
2.161713123321533, 3726
2.177337884902954, 3725
2.177337884902954, 3724
2.177337884902954, 3723
2.177337884902954, 3722
2.177337884902954, 3721
2.177337884902954, 3720
2.192964792251587, 3719
2.192964792251587, 3718
2.192964792251587, 3717
2.192964792251587, 3716
2.192964792251587, 3715
2.1994757652282715, 3714
2.1994757652282715, 3713
2.1994757652282715, 3712
2.1994757652282715, 3711
2.215115547180176, 3710
2.215115547180176, 3709
2.215115547180176, 3708
2.215115547180176, 3707
2.215115547180176, 3706
2.215115547180176, 3705
2.215115547180176, 3704
2.215115547180176, 3703
2.230740547180176, 3702
2.230740547180176, 3701
2.230740547180176, 3700
2.230740547180176, 3699
2.230740547180176, 3698
2.230740547180176, 3697
2.230740547180176, 3696
2.230740547180176, 3695
2.230740547180176, 3694
2.230740547180176, 3693
2.230740547180176, 3692
2.2463643550872803, 3691
2.2463643550872803, 3690
2.2463643550872803, 3689
2.2463643550872803, 3688
2.2463643550872803, 3687
2.2463643550872803, 3686
2.2463643550872803, 3685
2.2463643550872803, 3684
2.261991024017334, 3683
2.261991024017334, 3682
2.261991024017334, 3681
2.261991024017334, 3680
2.261991024017334, 3679
2.2776174545288086, 3678
2.2776174545288086, 3677
2.2776174545288086, 3676
2.2776174545288086, 3675
2.293240547180176, 3674
2.293240547180176, 3673
2.299755334854126, 3672
2.299755334854126, 3671
2.299755334854126, 3670
2.299755334854126, 3669
2.3153984546661377, 3668
2.3153984546661377, 3667
2.3153984546661377, 3666
2.331023931503296, 3665
2.331023931503296, 3664
2.331023931503296, 3663
2.331023931503296, 3662
2.331023931503296, 3661
2.331023931503296, 3660
2.331023931503296, 3659
2.331023931503296, 3658
2.3466484546661377, 3657
2.3466484546661377, 3656
2.3466484546661377, 3655
2.3466484546661377, 3654
2.3466484546661377, 3653
2.362274408340454, 3652
2.362274408340454, 3651
2.362274408340454, 3650
2.3778979778289795, 3649
2.3778979778289795, 3648
2.3778979778289795, 3647
2.3778979778289795, 3646
2.3778979778289795, 3645
2.3778979778289795, 3644
2.3778979778289795, 3643
2.3778979778289795, 3642
2.3778979778289795, 3641
2.393522024154663, 3640
2.393522024154663, 3639
2.4000349044799805, 3638
2.4000349044799805, 3637
2.4156768321990967, 3636
2.431300640106201, 3635
2.431300640106201, 3634
2.431300640106201, 3633
2.431300640106201, 3632
2.446925640106201, 3631
2.446925640106201, 3630
2.446925640106201, 3629
2.446925640106201, 3628
2.446925640106201, 3627
2.4625492095947266, 3626
2.4625492095947266, 3625
2.4625492095947266, 3624
2.4625492095947266, 3623
2.4625492095947266, 3622
2.4781765937805176, 3621
2.4781765937805176, 3620
2.4781765937805176, 3619
2.4781765937805176, 3618
2.4781765937805176, 3617
2.4937996864318848, 3616
2.500317096710205, 3615
2.500317096710205, 3614
2.500317096710205, 3613
2.500317096710205, 3612
2.500317096710205, 3611
2.5159573554992676, 3610
2.5159573554992676, 3609
2.5159573554992676, 3608
2.5159573554992676, 3607
2.5159573554992676, 3606
2.5315821170806885, 3605
2.5472071170806885, 3604
2.5472071170806885, 3603
2.5472071170806885, 3602
2.562831401824951, 3601
2.562831401824951, 3600
2.562831401824951, 3599
2.5784575939178467, 3598
2.5784575939178467, 3597
2.5784575939178467, 3596
2.5940816402435303, 3595
2.5940816402435303, 3594
2.5940816402435303, 3593
2.5940816402435303, 3592
2.600599765777588, 3591
2.600599765777588, 3590
2.600599765777588, 3589
2.6162424087524414, 3588
2.6162424087524414, 3587
2.6162424087524414, 3586
2.6162424087524414, 3585
2.6162424087524414, 3584
2.6162424087524414, 3583
2.6162424087524414, 3582
2.6318676471710205, 3581
2.6318676471710205, 3580
2.6318676471710205, 3579
2.6318676471710205, 3578
2.6318676471710205, 3577
2.6318676471710205, 3576
2.6318676471710205, 3575
2.6474921703338623, 3574
2.6474921703338623, 3573
2.6474921703338623, 3572
2.6474921703338623, 3571
2.6474921703338623, 3570
2.6474921703338623, 3569
2.6474921703338623, 3568
2.6474921703338623, 3567
2.6474921703338623, 3566
2.6474921703338623, 3565
2.663120985031128, 3564
2.663120985031128, 3563
2.663120985031128, 3562
2.663120985031128, 3561
2.678744316101074, 3560
2.678744316101074, 3559
2.678744316101074, 3558
2.678744316101074, 3557
2.678744316101074, 3556
2.678744316101074, 3555
2.6943671703338623, 3554
2.6943671703338623, 3553
2.7008843421936035, 3552
2.7008843421936035, 3551
2.7008843421936035, 3550
2.7008843421936035, 3549
2.7008843421936035, 3548
2.7008843421936035, 3547
2.7165274620056152, 3546
2.7165274620056152, 3545
2.7165274620056152, 3544
2.7165274620056152, 3543
2.7321536540985107, 3542
2.7321536540985107, 3541
2.7321536540985107, 3540
2.7321536540985107, 3539
2.7321536540985107, 3538
2.7321536540985107, 3537
2.7321536540985107, 3536
2.7321536540985107, 3535
2.7321536540985107, 3534
2.7477779388427734, 3533
2.7477779388427734, 3532
2.7477779388427734, 3531
2.7477779388427734, 3530
2.7477779388427734, 3529
2.763401508331299, 3528
2.763401508331299, 3527
2.7790284156799316, 3526
2.7790284156799316, 3525
2.7790284156799316, 3524
2.7790284156799316, 3523
2.7790284156799316, 3522
2.7790284156799316, 3521
2.7790284156799316, 3520
2.7946550846099854, 3519
2.7946550846099854, 3518
2.7946550846099854, 3517
2.7946550846099854, 3516
2.803274154663086, 3515
2.823462963104248, 3514
2.8315558433532715, 3513
2.8335883617401123, 3512
2.8335883617401123, 3511
2.8335883617401123, 3510
2.8335883617401123, 3509
2.8335883617401123, 3508
2.8335883617401123, 3507
2.841630458831787, 3506
2.841630458831787, 3505
2.8436710834503174, 3504
2.85174560546875, 3503
2.85174560546875, 3502
2.8718981742858887, 3501
2.8819737434387207, 3500
2.8819737434387207, 3499
2.892049551010132, 3498
2.8940863609313965, 3497
2.8940863609313965, 3496
2.8940863609313965, 3495
2.8940863609313965, 3494
2.90216064453125, 3493
2.904205799102783, 3492
2.904205799102783, 3491
2.9122743606567383, 3490
2.914306402206421, 3489
2.914306402206421, 3488
2.914306402206421, 3487
2.9223384857177734, 3486
2.9243719577789307, 3485
2.9324700832366943, 3484
2.934507131576538, 3483
2.94254469871521, 3482
2.9445786476135254, 3481
2.9445786476135254, 3480
2.9445786476135254, 3479
2.9445786476135254, 3478
2.9445786476135254, 3477
2.952648162841797, 3476
2.952648162841797, 3475
2.95467472076416, 3474
2.95467472076416, 3473
2.95467472076416, 3472
2.95467472076416, 3471
2.95467472076416, 3470
2.9647295475006104, 3469
2.9647295475006104, 3468
2.9647295475006104, 3467
2.9647295475006104, 3466
2.9728097915649414, 3465
2.9748542308807373, 3464
2.9828929901123047, 3463
2.9828929901123047, 3462
2.9828929901123047, 3461
2.9828929901123047, 3460
2.994997501373291, 3459
3.0030434131622314, 3458
3.0030434131622314, 3457
3.015159845352173, 3456
3.015159845352173, 3455
3.015159845352173, 3454
3.0357964038848877, 3453
3.043823719024658, 3452
3.043823719024658, 3451
3.043823719024658, 3450
3.043823719024658, 3449
3.0559818744659424, 3448
3.064019203186035, 3447
3.064019203186035, 3446
3.064019203186035, 3445
3.064019203186035, 3444
3.064019203186035, 3443
3.074075937271118, 3442
3.074075937271118, 3441
3.076108932495117, 3440
3.076108932495117, 3439
3.084148406982422, 3438
3.0861823558807373, 3437
3.0861823558807373, 3436
3.0942482948303223, 3435
3.1043293476104736, 3434
3.1043293476104736, 3433
3.1043293476104736, 3432
3.1043293476104736, 3431
3.1043293476104736, 3430
3.1043293476104736, 3429
3.1164493560791016, 3428
3.124480724334717, 3427
3.124480724334717, 3426
3.124480724334717, 3425
3.1366214752197266, 3424
3.1366214752197266, 3423
3.1366214752197266, 3422
3.1366214752197266, 3421
3.144657611846924, 3420
3.146683692932129, 3419
3.146683692932129, 3418
3.156809091567993, 3417
3.156809091567993, 3416
3.156809091567993, 3415
3.156809091567993, 3414
3.1648430824279785, 3413
3.1668777465820312, 3412
3.1668777465820312, 3411
3.1749415397644043, 3410
3.176971912384033, 3409
3.176971912384033, 3408
3.176971912384033, 3407
3.1849794387817383, 3406
3.185002088546753, 3405
3.1870429515838623, 3404
3.1870429515838623, 3403
3.1870429515838623, 3402
3.1870429515838623, 3401
3.1870429515838623, 3400
3.1951022148132324, 3399
3.1951022148132324, 3398
3.1951022148132324, 3397
3.1951022148132324, 3396
3.1951022148132324, 3395
3.205111503601074, 3394
3.205111503601074, 3393
3.205111503601074, 3392
3.2207508087158203, 3391
3.2207508087158203, 3390
3.2207508087158203, 3389
3.2207508087158203, 3388
3.2363758087158203, 3387
3.2363758087158203, 3386
3.2363758087158203, 3385
3.2363758087158203, 3384
3.2363758087158203, 3383
3.2363758087158203, 3382
3.2363758087158203, 3381
3.2363758087158203, 3380
3.2520039081573486, 3379
3.2520039081573486, 3378
3.2520039081573486, 3377
3.2520039081573486, 3376
3.2520039081573486, 3375
3.2520039081573486, 3374
3.2520039081573486, 3373
3.2520039081573486, 3372
3.2676258087158203, 3371
3.2676258087158203, 3370
3.2676258087158203, 3369
3.2676258087158203, 3368
3.2676258087158203, 3367
3.2676258087158203, 3366
3.2676258087158203, 3365
3.283250331878662, 3364
3.283250331878662, 3363
3.283250331878662, 3362
3.283250331878662, 3361
3.283250331878662, 3360
3.283250331878662, 3359
3.283250331878662, 3358
3.298875570297241, 3357
3.298875570297241, 3356
3.305389165878296, 3355
3.305389165878296, 3354
3.305389165878296, 3353
3.3210325241088867, 3352
3.3210325241088867, 3351
3.3366551399230957, 3350
3.3366551399230957, 3349
3.3366551399230957, 3348
3.3366551399230957, 3347
3.3522820472717285, 3346
3.3522820472717285, 3345
3.3522820472717285, 3344
3.3522820472717285, 3343
3.367906332015991, 3342
3.367906332015991, 3341
3.383531093597412, 3340
3.383531093597412, 3339
3.383531093597412, 3338
3.383531093597412, 3337
3.399160623550415, 3336
3.399160623550415, 3335
3.4056785106658936, 3334
3.4056785106658936, 3333
3.4056785106658936, 3332
3.4056785106658936, 3331
3.4369471073150635, 3330
3.4369471073150635, 3329
3.4369471073150635, 3328
3.4369471073150635, 3327
3.4369471073150635, 3326
3.452570915222168, 3325
3.452570915222168, 3324
3.452570915222168, 3323
3.452570915222168, 3322
3.452570915222168, 3321
3.452570915222168, 3320
3.452570915222168, 3319
3.452570915222168, 3318
3.452570915222168, 3317
3.4681968688964844, 3316
3.4681968688964844, 3315
3.4681968688964844, 3314
3.483821392059326, 3313
3.483821392059326, 3312
3.483821392059326, 3311
3.483821392059326, 3310
3.483821392059326, 3309
3.483821392059326, 3308
3.499446153640747, 3307
3.499446153640747, 3306
3.499446153640747, 3305
3.5059587955474854, 3304
3.5215976238250732, 3303
3.5215976238250732, 3302
3.5215976238250732, 3301
3.5215976238250732, 3300
3.5215976238250732, 3299
3.5215976238250732, 3298
3.5215976238250732, 3297
3.5215976238250732, 3296
3.5215976238250732, 3295
3.5215976238250732, 3294
3.5215976238250732, 3293
3.537222146987915, 3292
3.537222146987915, 3291
3.537222146987915, 3290
3.537222146987915, 3289
3.537222146987915, 3288
3.537222146987915, 3287
3.552847385406494, 3286
3.5684726238250732, 3285
3.5684726238250732, 3284
3.5684726238250732, 3283
3.5684726238250732, 3282
3.5684726238250732, 3281
3.5684726238250732, 3280
3.584099531173706, 3279
3.584099531173706, 3278
3.584099531173706, 3277
3.584099531173706, 3276
3.5997254848480225, 3275
3.5997254848480225, 3274
3.6062419414520264, 3273
3.6062419414520264, 3272
3.6062419414520264, 3271
3.6062419414520264, 3270
3.6062419414520264, 3269
3.6062419414520264, 3268
3.6062419414520264, 3267
3.6062419414520264, 3266
3.6062419414520264, 3265
3.6062419414520264, 3264
3.6218857765197754, 3263
3.6218857765197754, 3262
3.6218857765197754, 3261
3.6218857765197754, 3260
3.6218857765197754, 3259
3.6218857765197754, 3258
3.6218857765197754, 3257
3.6375114917755127, 3256
3.6375114917755127, 3255
3.6375114917755127, 3254
3.6375114917755127, 3253
3.6375114917755127, 3252
3.6375114917755127, 3251
3.6531338691711426, 3250
3.6531338691711426, 3249
3.6531338691711426, 3248
3.6531338691711426, 3247
3.6531338691711426, 3246
3.6531338691711426, 3245
3.6531338691711426, 3244
3.6687586307525635, 3243
3.6687586307525635, 3242
3.6687586307525635, 3241
3.6687586307525635, 3240
3.6687586307525635, 3239
3.684384822845459, 3238
3.684384822845459, 3237
3.684384822845459, 3236
3.684384822845459, 3235
3.684384822845459, 3234
3.684384822845459, 3233
3.684384822845459, 3232
3.7065231800079346, 3231
3.7065231800079346, 3230
3.7065231800079346, 3229
3.7221624851226807, 3228
3.7221624851226807, 3227
3.7221624851226807, 3226
3.7221624851226807, 3225
3.7221624851226807, 3224
3.7221624851226807, 3223
3.7221624851226807, 3222
3.7221624851226807, 3221
3.7377922534942627, 3220
3.741373300552368, 3219
3.7493736743927, 3218
3.7553718090057373, 3217
3.7560601234436035, 3216
3.7560601234436035, 3215
3.771684169769287, 3214
3.7873096466064453, 3213
3.7873096466064453, 3212
3.806447982788086, 3211
3.806447982788086, 3210
3.822089433670044, 3209
3.822089433670044, 3208
3.822089433670044, 3207
3.853339195251465, 3206
3.853339195251465, 3205
3.853339195251465, 3204
3.853339195251465, 3203
3.853339195251465, 3202
3.853339195251465, 3201
3.853339195251465, 3200
3.853339195251465, 3199
3.853339195251465, 3198
3.8689634799957275, 3197
3.8689634799957275, 3196
3.8689634799957275, 3195
3.8689634799957275, 3194
3.8845889568328857, 3193
3.8845889568328857, 3192
3.8845889568328857, 3191
3.8845889568328857, 3190
3.8845889568328857, 3189
3.9067249298095703, 3188
3.9067249298095703, 3187
3.9067249298095703, 3186
3.9067249298095703, 3185
3.9067249298095703, 3184
3.9223666191101074, 3183
3.9223666191101074, 3182
3.9223666191101074, 3181
3.9223666191101074, 3180
3.9223666191101074, 3179
3.9223666191101074, 3178
3.9223666191101074, 3177
3.9223666191101074, 3176
3.93798828125, 3175
3.93798828125, 3174
3.93798828125, 3173
3.93798828125, 3172
3.93798828125, 3171
3.953613519668579, 3170
3.9692423343658447, 3169
3.9692423343658447, 3168
3.9692423343658447, 3167
3.9692423343658447, 3166
3.9692423343658447, 3165
3.9692423343658447, 3164
3.9692423343658447, 3163
3.9848673343658447, 3162
3.9848673343658447, 3161
3.9848673343658447, 3160
3.9848673343658447, 3159
3.9848673343658447, 3158
4.000489711761475, 3157
4.000489711761475, 3156
4.007003307342529, 3155
4.007003307342529, 3154
4.007003307342529, 3153
4.007003307342529, 3152
4.007003307342529, 3151
4.022645473480225, 3150
4.022645473480225, 3149
4.022645473480225, 3148
4.038269996643066, 3147
4.038269996643066, 3146
4.038269996643066, 3145
4.038269996643066, 3144
4.053895473480225, 3143
4.053895473480225, 3142
4.053895473480225, 3141
4.053895473480225, 3140
4.053895473480225, 3139
4.053895473480225, 3138
4.053895473480225, 3137
4.053895473480225, 3136
4.053895473480225, 3135
4.053895473480225, 3134
4.053895473480225, 3133
4.0695202350616455, 3132
4.0695202350616455, 3131
4.0695202350616455, 3130
4.0695202350616455, 3129
4.0695202350616455, 3128
4.0695202350616455, 3127
4.0695202350616455, 3126
4.085144996643066, 3125
4.085144996643066, 3124
4.100769758224487, 3123
4.107281446456909, 3122
4.107281446456909, 3121
4.107281446456909, 3120
4.107281446456909, 3119
4.107281446456909, 3118
4.138548851013184, 3117
4.138548851013184, 3116
4.138548851013184, 3115
4.138548851013184, 3114
4.1541736125946045, 3113
4.1541736125946045, 3112
4.1541736125946045, 3111
4.1541736125946045, 3110
4.1854236125946045, 3109
4.1854236125946045, 3108
4.1854236125946045, 3107
4.1854236125946045, 3106
4.1854236125946045, 3105
4.207563877105713, 3104
4.207563877105713, 3103
4.207563877105713, 3102
4.207563877105713, 3101
4.22320556640625, 3100
4.22320556640625, 3099
4.22320556640625, 3098
4.22320556640625, 3097
4.238832235336304, 3096
4.238832235336304, 3095
4.254456520080566, 3094
4.254456520080566, 3093
4.254456520080566, 3092
4.254456520080566, 3091
4.254456520080566, 3090
4.254456520080566, 3089
4.254456520080566, 3088
4.254456520080566, 3087
4.270082473754883, 3086
4.270082473754883, 3085
4.270082473754883, 3084
4.270082473754883, 3083
4.270082473754883, 3082
4.270082473754883, 3081
4.285707235336304, 3080
4.285707235336304, 3079
4.285707235336304, 3078
4.301331281661987, 3077
4.309918642044067, 3076
4.309918642044067, 3075
4.320025682449341, 3074
4.330096244812012, 3073
4.330096244812012, 3072
4.34021258354187, 3071
4.350308179855347, 3070
4.350308179855347, 3069
4.350308179855347, 3068
4.380604982376099, 3067
4.380604982376099, 3066
4.380604982376099, 3065
4.390676259994507, 3064
4.390676259994507, 3063
4.400778532028198, 3062
4.410855770111084, 3061
4.420961856842041, 3060
4.420961856842041, 3059
4.420961856842041, 3058
4.428998947143555, 3057
4.428998947143555, 3056
4.428998947143555, 3055
4.431034088134766, 3054
4.431034088134766, 3053
4.431034088134766, 3052
4.431034088134766, 3051
4.431034088134766, 3050
4.4512224197387695, 3049
4.4512224197387695, 3048
4.461484670639038, 3047
4.47156548500061, 3046
4.47156548500061, 3045
4.479644060134888, 3044
4.48169207572937, 3043
4.48169207572937, 3042
4.48169207572937, 3041
4.49177622795105, 3040
4.499833583831787, 3039
4.522011756896973, 3038
4.530052185058594, 3037
4.532088279724121, 3036
4.532088279724121, 3035
4.542235851287842, 3034
4.55231785774231, 3033
4.560398578643799, 3032
4.560398578643799, 3031
4.562443733215332, 3030
4.570482969284058, 3029
4.572526454925537, 3028
4.572526454925537, 3027
4.572526454925537, 3026
4.572526454925537, 3025
4.572526454925537, 3024
4.60285758972168, 3023
4.623039484024048, 3022
4.623039484024048, 3021
4.643233060836792, 3020
4.653335809707642, 3019
4.653335809707642, 3018
4.663477182388306, 3017
4.671516418457031, 3016
4.671516418457031, 3015
4.673551797866821, 3014
4.673551797866821, 3013
4.673551797866821, 3012
4.693289279937744, 3011
4.694288730621338, 3010
4.696288108825684, 3009
4.700288772583008, 3008
4.701287508010864, 3007
4.701287508010864, 3006
4.702286958694458, 3005
4.716285228729248, 3004
4.719287395477295, 3003
4.722289085388184, 3002
4.728286981582642, 3001
4.738289833068848, 3000
4.738289833068848, 2999
4.739288568496704, 2998
4.744287967681885, 2997
4.7542877197265625, 2996
4.766288995742798, 2995
4.772290468215942, 2994
4.778287649154663, 2993
4.782286643981934, 2992
4.796287298202515, 2991
4.800285816192627, 2990
4.803287506103516, 2989
4.8082873821258545, 2988
4.8112874031066895, 2987
4.812286853790283, 2986
4.813287019729614, 2985
4.815287113189697, 2984
4.818288803100586, 2983
4.821287631988525, 2982
4.825287103652954, 2981
4.827287197113037, 2980
4.827287197113037, 2979
4.829287528991699, 2978
4.8352885246276855, 2977
4.844288110733032, 2976
4.845287322998047, 2975
4.845287322998047, 2974
4.84628701210022, 2973
4.849287509918213, 2972
4.854287147521973, 2971
4.855287551879883, 2970
4.855287551879883, 2969
4.860287189483643, 2968
4.862287282943726, 2967
4.865286827087402, 2966
4.875286340713501, 2965
4.877286195755005, 2964
4.881288528442383, 2963
4.8843207359313965, 2962
4.8843207359313965, 2961
4.8843207359313965, 2960
4.8843207359313965, 2959
4.8843207359313965, 2958
4.902458906173706, 2957
4.902458906173706, 2956
4.902458906173706, 2955
4.918096542358398, 2954
4.918096542358398, 2953
4.918096542358398, 2952
4.918096542358398, 2951
4.933722972869873, 2950
4.949348449707031, 2949
4.949348449707031, 2948
4.964970827102661, 2947
4.964970827102661, 2946
4.964970827102661, 2945
4.964970827102661, 2944
4.980598449707031, 2943
4.980598449707031, 2942
4.980598449707031, 2941
4.9962239265441895, 2940
4.9962239265441895, 2939
4.9962239265441895, 2938
4.9962239265441895, 2937
5.002737998962402, 2936
5.002737998962402, 2935
5.002737998962402, 2934
5.01837944984436, 2933
5.01837944984436, 2932
5.01837944984436, 2931
5.0340049266815186, 2930
5.0340049266815186, 2929
5.0340049266815186, 2928
5.0496299266815186, 2927
5.0496299266815186, 2926
5.08088231086731, 2925
5.08088231086731, 2924
5.08088231086731, 2923
5.08088231086731, 2922
5.096504211425781, 2921
5.096504211425781, 2920
5.103014945983887, 2919
5.103014945983887, 2918
5.103014945983887, 2917
5.118655204772949, 2916
5.134279727935791, 2915
5.134279727935791, 2914
5.149906635284424, 2913
5.149906635284424, 2912
5.16552996635437, 2911
5.16552996635437, 2910
5.16552996635437, 2909
5.16552996635437, 2908
5.181156158447266, 2907
5.181156158447266, 2906
5.181156158447266, 2905
5.20330023765564, 2904
5.20330023765564, 2903
5.20330023765564, 2902
5.218942642211914, 2901
5.218942642211914, 2900
5.218942642211914, 2899
5.218942642211914, 2898
5.218942642211914, 2897
5.234567165374756, 2896
5.2501914501190186, 2895
5.2658164501190186, 2894
5.2658164501190186, 2893
5.281442403793335, 2892
5.281442403793335, 2891
5.281442403793335, 2890
5.297069787979126, 2889
5.297069787979126, 2888
5.297069787979126, 2887
5.303584337234497, 2886
5.303584337234497, 2885
5.3192291259765625, 2884
5.3192291259765625, 2883
5.3192291259765625, 2882
5.3348548412323, 2881
5.350482940673828, 2880
5.350482940673828, 2879
5.366109609603882, 2878
5.381728410720825, 2877
5.381728410720825, 2876
5.4038755893707275, 2875
5.4038755893707275, 2874
5.4038755893707275, 2873
5.419518947601318, 2872
5.419518947601318, 2871
5.419518947601318, 2870
5.419518947601318, 2869
5.419518947601318, 2868
5.419518947601318, 2867
5.419518947601318, 2866
5.419518947601318, 2865
5.419518947601318, 2864
5.435144424438477, 2863
5.435144424438477, 2862
5.435144424438477, 2861
5.450768947601318, 2860
5.450768947601318, 2859
5.466393232345581, 2858
5.4820191860198975, 2857
5.4820191860198975, 2856
5.49764347076416, 2855
5.504158973693848, 2854
5.504158973693848, 2853
5.504158973693848, 2852
5.504158973693848, 2851
5.519803762435913, 2850
5.519803762435913, 2849
5.535426616668701, 2848
5.535426616668701, 2847
5.551052093505859, 2846
5.551052093505859, 2845
5.5666773319244385, 2844
5.5666773319244385, 2843
5.5666773319244385, 2842
5.5666773319244385, 2841
5.5666773319244385, 2840
5.582305431365967, 2839
5.582305431365967, 2838
5.597926616668701, 2837
5.604441404342651, 2836
5.604441404342651, 2835
5.604441404342651, 2834
5.604441404342651, 2833
5.604441404342651, 2832
5.620085716247559, 2831
5.620085716247559, 2830
5.656953811645508, 2829
5.656953811645508, 2828
5.656953811645508, 2827
5.656953811645508, 2826
5.672578811645508, 2825
5.672578811645508, 2824
5.688204765319824, 2823
5.688204765319824, 2822
5.704345226287842, 2821
5.704345226287842, 2820
5.704345226287842, 2819
5.71998405456543, 2818
5.735609531402588, 2817
5.751234769821167, 2816
5.751234769821167, 2815
5.766858816146851, 2814
5.766858816146851, 2813
5.766858816146851, 2812
5.766858816146851, 2811
5.766858816146851, 2810
5.782485246658325, 2809
5.782485246658325, 2808
5.782485246658325, 2807
5.798107862472534, 2806
5.820262908935547, 2805
5.820262908935547, 2804
5.820262908935547, 2803
5.820262908935547, 2802
5.835887670516968, 2801
5.851511478424072, 2800
5.851511478424072, 2799
5.851511478424072, 2798
5.867137670516968, 2797
5.867137670516968, 2796
5.904900312423706, 2795
5.920543909072876, 2794
5.936168432235718, 2793
5.936168432235718, 2792
5.936168432235718, 2791
5.936168432235718, 2790
5.967415809631348, 2789
5.983041286468506, 2788
5.983041286468506, 2787
5.983041286468506, 2786
5.983041286468506, 2785
5.983041286468506, 2784
5.998667240142822, 2783
6.0051844120025635, 2782
6.0051844120025635, 2781
6.0051844120025635, 2780
6.0051844120025635, 2779
6.020831823348999, 2778
6.020831823348999, 2777
6.020831823348999, 2776
6.036457300186157, 2775
6.036457300186157, 2774
6.0520830154418945, 2773
6.083332300186157, 2772
6.0989580154418945, 2771
6.105478763580322, 2770
6.105478763580322, 2769
6.136749744415283, 2768
6.136749744415283, 2767
6.152375936508179, 2766
6.152375936508179, 2765
6.152375936508179, 2764
6.168001651763916, 2763
6.183626174926758, 2762
6.205764055252075, 2761
6.237030744552612, 2760
6.252655506134033, 2759
6.252655506134033, 2758
6.252655506134033, 2757
6.283904552459717, 2756
6.299530029296875, 2755
6.299530029296875, 2754
6.299530029296875, 2753
6.306041479110718, 2752
6.306041479110718, 2751
6.337310314178467, 2750
6.337310314178467, 2749
6.352935791015625, 2748
6.352935791015625, 2747
6.368561029434204, 2746
6.384189605712891, 2745
6.399811744689941, 2744
6.406328916549683, 2743
6.406328916549683, 2742
6.406328916549683, 2741
6.406328916549683, 2740
6.406328916549683, 2739
6.4375975131988525, 2738
6.453224420547485, 2737
6.468847036361694, 2736
6.468847036361694, 2735
6.468847036361694, 2734
6.484472274780273, 2733
6.500096082687378, 2732
6.506612062454224, 2731
6.506612062454224, 2730
6.522258520126343, 2729
6.522258520126343, 2728
6.537879943847656, 2727
6.537879943847656, 2726
6.553504228591919, 2725
6.569128751754761, 2724
6.569128751754761, 2723
6.569128751754761, 2722
6.584762096405029, 2721
6.584762096405029, 2720
6.584762096405029, 2719
6.584762096405029, 2718
6.600378751754761, 2717
6.606887340545654, 2716
6.606887340545654, 2715
6.606887340545654, 2714
6.606887340545654, 2713
6.6225221157073975, 2712
6.6225221157073975, 2711
6.638146877288818, 2710
6.653772354125977, 2709
6.685024261474609, 2708
6.7006494998931885, 2707
6.7071638107299805, 2706
6.7071638107299805, 2705
6.7071638107299805, 2704
6.72280478477478, 2703
6.72280478477478, 2702
6.72280478477478, 2701
6.738428115844727, 2700
6.738428115844727, 2699
6.738428115844727, 2698
6.738428115844727, 2697
6.738428115844727, 2696
6.754051923751831, 2695
6.754051923751831, 2694
6.769677400588989, 2693
6.769677400588989, 2692
6.785302639007568, 2691
6.807439565658569, 2690
6.807439565658569, 2689
6.8230791091918945, 2688
6.8230791091918945, 2687
6.838706731796265, 2686
6.8543314933776855, 2685
6.86995792388916, 2684
6.885578870773315, 2683
6.885578870773315, 2682
6.901204347610474, 2681
6.901204347610474, 2680
6.919901609420776, 2679
6.919901609420776, 2678
6.930013179779053, 2677
6.930013179779053, 2676
6.930013179779053, 2675
6.940095663070679, 2674
6.948128938674927, 2673
6.950160264968872, 2672
6.958263158798218, 2671
6.968344211578369, 2670
6.990539073944092, 2669
6.990539073944092, 2668
7.041004657745361, 2667
7.051082134246826, 2666
7.071279287338257, 2665
7.071279287338257, 2664
7.081410646438599, 2663
7.081410646438599, 2662
7.091487407684326, 2661
7.091487407684326, 2660
7.099532842636108, 2659
7.111605644226074, 2658
7.111605644226074, 2657
7.121695518493652, 2656
7.121695518493652, 2655
7.139812707901001, 2654
7.141852378845215, 2653
7.149889707565308, 2652
7.172062158584595, 2651
7.190201759338379, 2650
7.1922454833984375, 2649
7.210372447967529, 2648
7.212407112121582, 2647
7.2326319217681885, 2646
7.252836465835571, 2645
7.263402938842773, 2644
7.293651103973389, 2643
7.301729679107666, 2642
7.303776741027832, 2641
7.321943521499634, 2640
7.323980331420898, 2639
7.334052562713623, 2638
7.334052562713623, 2637
7.374413728713989, 2636
7.374413728713989, 2635
7.374413728713989, 2634
7.374413728713989, 2633
7.384520769119263, 2632
7.384520769119263, 2631
7.39458155632019, 2630
7.402657747268677, 2629
7.402657747268677, 2628
7.402657747268677, 2627
7.414739370346069, 2626
7.424849987030029, 2625
7.432889699935913, 2624
7.434919357299805, 2623
7.445035696029663, 2622
7.445035696029663, 2621
7.4530699253082275, 2620
7.455113887786865, 2619
7.483391523361206, 2618
7.559540271759033, 2617
7.575166940689087, 2616
7.606416702270508, 2615
7.622044324874878, 2614
7.622044324874878, 2613
7.6441826820373535, 2612
7.6441826820373535, 2611
7.675445795059204, 2610
7.691071033477783, 2609
7.691071033477783, 2608
7.706696271896362, 2607
7.706696271896362, 2606
7.7223217487335205, 2605
7.7444610595703125, 2604
7.7444610595703125, 2603
7.77573037147522, 2602
7.77573037147522, 2601
7.7913498878479, 2600
7.7913498878479, 2599
7.806974649429321, 2598
7.84473991394043, 2597
7.86038064956665, 2596
7.86038064956665, 2595
7.907253980636597, 2594
7.907253980636597, 2593
7.922880172729492, 2592
7.922880172729492, 2591
7.922880172729492, 2590
7.9385035037994385, 2589
7.96065616607666, 2588
7.96065616607666, 2587
7.976282596588135, 2586
7.991905212402344, 2585
8.007528066635132, 2584
8.023155927658081, 2583
8.023155927658081, 2582
8.038779735565186, 2581
8.045291662216187, 2580
8.045291662216187, 2579
8.045291662216187, 2578
8.045291662216187, 2577
8.045291662216187, 2576
8.076557874679565, 2575
8.076557874679565, 2574
8.092180967330933, 2573
8.12343168258667, 2572
8.12343168258667, 2571
8.12343168258667, 2570
8.13905644416809, 2569
8.161206722259521, 2568
8.192459106445312, 2567
8.239335298538208, 2566
8.261493682861328, 2565
8.261493682861328, 2564
8.277117729187012, 2563
8.30836296081543, 2562
8.30836296081543, 2561
8.30836296081543, 2560
8.30836296081543, 2559
8.323987245559692, 2558
8.346124172210693, 2557
8.346124172210693, 2556
8.361762523651123, 2555
8.377388000488281, 2554
8.393012762069702, 2553
8.393012762069702, 2552
8.393012762069702, 2551
8.40864086151123, 2550
8.424263000488281, 2549
8.424263000488281, 2548
8.424263000488281, 2547
8.424263000488281, 2546
8.462045431137085, 2545
8.462045431137085, 2544
8.477672815322876, 2543
8.493297100067139, 2542
8.508920192718506, 2541
8.508920192718506, 2540
8.524545431137085, 2539
8.54017162322998, 2538
8.546684503555298, 2537
8.56232738494873, 2536
8.593571901321411, 2535
8.593571901321411, 2534
8.62482476234436, 2533
8.62482476234436, 2532
8.646964311599731, 2531
8.778509616851807, 2530
8.794137001037598, 2529
8.809758424758911, 2528
8.863162279129028, 2527
8.878785848617554, 2526
8.878785848617554, 2525
8.878785848617554, 2524
8.910038709640503, 2523
8.910038709640503, 2522
8.925661325454712, 2521
8.925661325454712, 2520
8.994699716567993, 2519
9.01032304763794, 2518
9.01032304763794, 2517
9.025946140289307, 2516
9.025946140289307, 2515
9.048084020614624, 2514
9.063721895217896, 2513
9.12622332572937, 2512
9.12622332572937, 2511
9.12622332572937, 2510
9.12622332572937, 2509
9.148364782333374, 2508
9.179632425308228, 2507
9.195257425308228, 2506
9.21088194847107, 2505
9.264289140701294, 2504
9.264289140701294, 2503
9.264289140701294, 2502
9.29553484916687, 2501
9.3489248752594, 2500
9.3489248752594, 2499
9.427067995071411, 2498
9.449207544326782, 2497
9.449207544326782, 2496
9.464845657348633, 2495
9.480470657348633, 2494
9.511722803115845, 2493
9.511722803115845, 2492
9.527347326278687, 2491
9.542973279953003, 2490
9.54949140548706, 2489
9.565138339996338, 2488
9.580762147903442, 2487
9.6432626247406, 2486
9.6432626247406, 2485
9.681043863296509, 2484
9.681043863296509, 2483
9.696669340133667, 2482
9.696669340133667, 2481
9.71230149269104, 2480
9.71230149269104, 2479
9.71230149269104, 2478
9.71230149269104, 2477
9.752117395401001, 2476
9.78035306930542, 2475
9.78035306930542, 2474
9.850990533828735, 2473
9.871168613433838, 2472
9.873201608657837, 2471
9.891319036483765, 2470
9.89336371421814, 2469
9.901436567306519, 2468
9.903463125228882, 2467
9.913547039031982, 2466
9.92162275314331, 2465
9.93370532989502, 2464
9.943828344345093, 2463
9.943828344345093, 2462
9.95186448097229, 2461
9.974030017852783, 2460
9.99421739578247, 2459
10.024505853652954, 2458
10.04472017288208, 2457
10.062857627868652, 2456
10.07498812675476, 2455
10.095144271850586, 2454
10.115358352661133, 2453
10.145619630813599, 2452
10.206207513809204, 2451
10.275737762451172, 2450
10.275737762451172, 2449
10.30698847770691, 2448
10.30698847770691, 2447
10.322612762451172, 2446
10.322612762451172, 2445
10.37601089477539, 2444
10.391636848449707, 2443
10.491918087005615, 2442
10.523168087005615, 2441
10.575664281845093, 2440
10.595871448516846, 2439
10.605899333953857, 2438
10.628216743469238, 2437
10.64840292930603, 2436
10.64840292930603, 2435
10.6608247756958, 2434
10.668912410736084, 2433
10.697242498397827, 2432
10.717334985733032, 2431
10.732975482940674, 2430
10.732975482940674, 2429
10.748600959777832, 2428
10.7642240524292, 2427
10.7642240524292, 2426
10.779849529266357, 2425
10.795475959777832, 2424
10.833248138427734, 2423
10.848874807357788, 2422
10.86449909210205, 2421
10.94919490814209, 2420
10.980446815490723, 2419
10.980446815490723, 2418
10.996070384979248, 2417
10.996070384979248, 2416
11.033851623535156, 2415
11.033851623535156, 2414
11.033851623535156, 2413
11.065102577209473, 2412
11.080729961395264, 2411
11.134138345718384, 2410
11.181008338928223, 2409
11.21225881576538, 2408
11.250041723251343, 2407
11.334695816040039, 2406
11.334695816040039, 2405
11.381571054458618, 2404
11.419335842132568, 2403
11.49747633934021, 2402
11.519609451293945, 2401
11.582123756408691, 2400
11.619884252548218, 2399
11.720162391662598, 2398
11.851716756820679, 2397
11.851716756820679, 2396
11.882965803146362, 2395
11.920731544494629, 2394
11.967625379562378, 2393
11.967625379562378, 2392
11.967625379562378, 2391
11.983250617980957, 2390
12.036648988723755, 2389
12.036648988723755, 2388
12.067901611328125, 2387
12.137405157089233, 2386
12.153028964996338, 2385
12.168647527694702, 2384
12.18429684638977, 2383
12.199900150299072, 2382
12.237680435180664, 2381
12.284549951553345, 2380
12.30018401145935, 2379
12.30018401145935, 2378
12.315806150436401, 2377
12.322320461273193, 2376
12.353589296340942, 2375
12.353589296340942, 2374
12.353589296340942, 2373
12.353589296340942, 2372
12.400462627410889, 2371
12.453873872756958, 2370
12.500744342803955, 2369
12.516369581222534, 2368
12.522891759872437, 2367
12.538535594940186, 2366
12.554161310195923, 2365
12.623172044754028, 2364
12.63881254196167, 2363
12.654438972473145, 2362
12.73909592628479, 2361
12.754717826843262, 2360
12.770344495773315, 2359
12.854995012283325, 2358
12.870620489120483, 2357
12.870620489120483, 2356
12.870620489120483, 2355
12.90187120437622, 2354
13.002150535583496, 2353
13.055562734603882, 2352
13.08681583404541, 2351
13.08681583404541, 2350
13.187097072601318, 2349
13.325142621994019, 2348
13.325142621994019, 2347
13.325142621994019, 2346
13.356406450271606, 2345
13.472311735153198, 2344
13.472311735153198, 2343
13.472311735153198, 2342
13.48793649673462, 2341
13.572587728500366, 2340
13.572587728500366, 2339
13.58821153640747, 2338
13.603837490081787, 2337
13.603837490081787, 2336
13.757522344589233, 2335
13.788770914077759, 2334
13.82653284072876, 2333
13.889047622680664, 2332
14.04272723197937, 2331
14.274540185928345, 2330
14.327927350997925, 2329
14.44385027885437, 2328
14.459477663040161, 2327
14.800308227539062, 2326
14.940890550613403, 2325
15.088062286376953, 2324
15.235214471817017, 2323
15.404527187347412, 2322
15.542607545852661, 2321
15.605292081832886, 2320
15.658178806304932, 2319
15.72639012336731, 2318
15.72639012336731, 2317
15.827786207199097, 2316
15.967230319976807, 2315
15.999557971954346, 2314
16.050002098083496, 2313
16.161154985427856, 2312
16.19143509864807, 2311
16.29590916633606, 2310
16.512105703353882, 2309
16.527729988098145, 2308
16.527729988098145, 2307
16.581120252609253, 2306
16.628012895584106, 2305
16.72829508781433, 2304
16.87546157836914, 2303
16.91323709487915, 2302
17.235485076904297, 2301
17.42789888381958, 2300
17.448129415512085, 2299
17.47641658782959, 2298
17.528899669647217, 2297
17.650591135025024, 2296
17.797328233718872, 2295
18.066911220550537, 2294
18.251842975616455, 2293
18.28309416770935, 2292
18.29871916770935, 2291
18.320857048034668, 2290
18.367748022079468, 2289
18.49927854537964, 2288
18.599558353424072, 2287
19.06318998336792, 2286
19.095542430877686, 2285
19.22686743736267, 2284
19.33796977996826, 2283
19.39191722869873, 2282
19.40754270553589, 2281
19.47658133506775, 2280
19.47658133506775, 2279
19.519064903259277, 2278
19.610148191452026, 2277
19.731250762939453, 2276
19.922878980636597, 2275
20.53892493247986, 2274
20.5545494556427, 2273
20.5545494556427, 2272
20.658210277557373, 2271
20.683873653411865, 2270
20.699498653411865, 2269
20.768512964248657, 2268
21.285457134246826, 2267
21.370095252990723, 2266
21.521799564361572, 2265
21.653326988220215, 2264
21.885135173797607, 2263
22.115168571472168, 2262
22.2564058303833, 2261
22.755030870437622, 2260
23.11838150024414, 2259
23.24079704284668, 2258
23.31893515586853, 2257
23.356715202331543, 2256
23.543700218200684, 2255
24.079174995422363, 2254
24.513744354248047, 2253
24.727970361709595, 2252
25.384544134140015, 2251
25.566601514816284, 2250
25.69615077972412, 2249
25.778924703598022, 2248
26.051510095596313, 2247
26.191192626953125, 2246
26.95900821685791, 2245
27.748757123947144, 2244
28.870420217514038, 2243
29.71950626373291, 2242
29.911555767059326, 2241
30.00043511390686, 2240
30.93725562095642, 2239
31.623591899871826, 2238
32.12658977508545, 2237
32.48242735862732, 2236
32.63186979293823, 2235
34.51931405067444, 2234
35.35279321670532, 2233
36.140827894210815, 2232
36.63672137260437, 2231
39.01779294013977, 2230
40.277525186538696, 2229
41.10629081726074, 2228
42.29401612281799, 2227
43.16403794288635, 2226
43.881595849990845, 2225
44.50634956359863, 2224
45.66057896614075, 2223
45.94246697425842, 2222
46.12739658355713, 2221
46.660046339035034, 2220
48.80879473686218, 2219
49.6856255531311, 2218
49.74608111381531, 2217
50.776411294937134, 2216
50.82672643661499, 2215
51.5933723449707, 2214
54.073962688446045, 2213
54.569902658462524, 2212
55.5548312664032, 2211
60.124470233917236, 2210
64.32089233398438, 2209
69.66267728805542, 2208
106.84440660476685, 2207
118.36699986457825, 2206
