0.01604485511779785, 2363
0.10658693313598633, 2362
0.4407627582550049, 2361
0.48727869987487793, 2360
0.5738208293914795, 2359
0.6778099536895752, 2358
0.7243189811706543, 2357
1.3553378582000732, 2356
4.321762800216675, 2355
5.630933046340942, 2354
5.776410818099976, 2353
6.100095987319946, 2352
6.14660382270813, 2351
6.638154983520508, 2350
7.053263902664185, 2349
8.99016284942627, 2348
9.03678584098816, 2347
22.133153676986694, 2346
39.944668769836426, 2345
40.58417367935181, 2344
47.85693168640137, 2343
48.192354679107666, 2342
50.337342977523804, 2341
69.4391679763794, 2340
73.32123589515686, 2339
75.18790984153748, 2338
76.58908271789551, 2337
78.85694479942322, 2336
90.02726292610168, 2335
104.59882497787476, 2334
107.47464680671692, 2333
208.5877549648285, 2332
226.58857774734497, 2331
504.1075258255005, 2330
522.4898607730865, 2329
