0.03126096725463867, 4941
0.03126096725463867, 4940
0.03126096725463867, 4939
0.03126096725463867, 4938
0.03126096725463867, 4937
0.03126096725463867, 4936
0.03126096725463867, 4935
0.03126096725463867, 4934
0.03126096725463867, 4933
0.03126096725463867, 4932
0.03126096725463867, 4931
0.03126096725463867, 4930
0.03126096725463867, 4929
0.03126096725463867, 4928
0.03126096725463867, 4927
0.03126096725463867, 4926
0.03126096725463867, 4925
0.03126096725463867, 4924
0.04688596725463867, 4923
0.04688596725463867, 4922
0.04688596725463867, 4921
0.04688596725463867, 4920
0.04688596725463867, 4919
0.04688596725463867, 4918
0.04688596725463867, 4917
0.04688596725463867, 4916
0.04688596725463867, 4915
0.04688596725463867, 4914
0.04688596725463867, 4913
0.04688596725463867, 4912
0.04688596725463867, 4911
0.04688596725463867, 4910
0.04688596725463867, 4909
0.04688596725463867, 4908
0.04688596725463867, 4907
0.04688596725463867, 4906
0.04688596725463867, 4905
0.04688596725463867, 4904
0.04688596725463867, 4903
0.04688596725463867, 4902
0.04688596725463867, 4901
0.04688596725463867, 4900
0.04688596725463867, 4899
0.0625462532043457, 4898
0.0625462532043457, 4897
0.0625462532043457, 4896
0.0625462532043457, 4895
0.0625462532043457, 4894
0.0625462532043457, 4893
0.0625462532043457, 4892
0.0625462532043457, 4891
0.0625462532043457, 4890
0.0625462532043457, 4889
0.0625462532043457, 4888
0.0625462532043457, 4887
0.0625462532043457, 4886
0.0625462532043457, 4885
0.0625462532043457, 4884
0.0625462532043457, 4883
0.0625462532043457, 4882
0.0625462532043457, 4881
0.0625462532043457, 4880
0.0625462532043457, 4879
0.0625462532043457, 4878
0.0625462532043457, 4877
0.0625462532043457, 4876
0.0625462532043457, 4875
0.0625462532043457, 4874
0.0625462532043457, 4873
0.0781714916229248, 4872
0.0781714916229248, 4871
0.0781714916229248, 4870
0.0781714916229248, 4869
0.0781714916229248, 4868
0.0781714916229248, 4867
0.0781714916229248, 4866
0.0781714916229248, 4865
0.0781714916229248, 4864
0.0781714916229248, 4863
0.0781714916229248, 4862
0.0781714916229248, 4861
0.0781714916229248, 4860
0.0781714916229248, 4859
0.0781714916229248, 4858
0.0781714916229248, 4857
0.0781714916229248, 4856
0.0781714916229248, 4855
0.0781714916229248, 4854
0.0781714916229248, 4853
0.0781714916229248, 4852
0.0781714916229248, 4851
0.0781714916229248, 4850
0.0781714916229248, 4849
0.0781714916229248, 4848
0.09379863739013672, 4847
0.09379863739013672, 4846
0.09379863739013672, 4845
0.09379863739013672, 4844
0.09379863739013672, 4843
0.09379863739013672, 4842
0.09379863739013672, 4841
0.09379863739013672, 4840
0.09379863739013672, 4839
0.09379863739013672, 4838
0.1003568172454834, 4837
0.1003568172454834, 4836
0.1003568172454834, 4835
0.1003568172454834, 4834
0.1003568172454834, 4833
0.1003568172454834, 4832
0.1003568172454834, 4831
0.1003568172454834, 4830
0.1003568172454834, 4829
0.1003568172454834, 4828
0.1003568172454834, 4827
0.1003568172454834, 4826
0.1003568172454834, 4825
0.1003568172454834, 4824
0.1003568172454834, 4823
0.1003568172454834, 4822
0.1003568172454834, 4821
0.1003568172454834, 4820
0.1003568172454834, 4819
0.1003568172454834, 4818
0.1003568172454834, 4817
0.1003568172454834, 4816
0.1003568172454834, 4815
0.1003568172454834, 4814
0.1003568172454834, 4813
0.1003568172454834, 4812
0.11603808403015137, 4811
0.11603808403015137, 4810
0.11603808403015137, 4809
0.11603808403015137, 4808
0.11603808403015137, 4807
0.11603808403015137, 4806
0.11603808403015137, 4805
0.11603808403015137, 4804
0.11603808403015137, 4803
0.11603808403015137, 4802
0.11603808403015137, 4801
0.11603808403015137, 4800
0.11603808403015137, 4799
0.11603808403015137, 4798
0.11603808403015137, 4797
0.11603808403015137, 4796
0.11603808403015137, 4795
0.11603808403015137, 4794
0.11603808403015137, 4793
0.11603808403015137, 4792
0.11603808403015137, 4791
0.11603808403015137, 4790
0.11603808403015137, 4789
0.11603808403015137, 4788
0.11603808403015137, 4787
0.1316542625427246, 4786
0.1316542625427246, 4785
0.1316542625427246, 4784
0.1316542625427246, 4783
0.1316542625427246, 4782
0.1316542625427246, 4781
0.1316542625427246, 4780
0.1316542625427246, 4779
0.1316542625427246, 4778
0.1316542625427246, 4777
0.1316542625427246, 4776
0.1316542625427246, 4775
0.1316542625427246, 4774
0.1316542625427246, 4773
0.1316542625427246, 4772
0.1316542625427246, 4771
0.1316542625427246, 4770
0.1316542625427246, 4769
0.1316542625427246, 4768
0.1316542625427246, 4767
0.1316542625427246, 4766
0.1316542625427246, 4765
0.1316542625427246, 4764
0.1316542625427246, 4763
0.1472795009613037, 4762
0.1472795009613037, 4761
0.1472795009613037, 4760
0.1472795009613037, 4759
0.1472795009613037, 4758
0.1472795009613037, 4757
0.1472795009613037, 4756
0.1472795009613037, 4755
0.1472795009613037, 4754
0.1472795009613037, 4753
0.1472795009613037, 4752
0.1472795009613037, 4751
0.1472795009613037, 4750
0.1472795009613037, 4749
0.1472795009613037, 4748
0.1472795009613037, 4747
0.1472795009613037, 4746
0.1472795009613037, 4745
0.1472795009613037, 4744
0.1472795009613037, 4743
0.1472795009613037, 4742
0.1472795009613037, 4741
0.1472795009613037, 4740
0.1472795009613037, 4739
0.1472795009613037, 4738
0.1472795009613037, 4737
0.16290664672851562, 4736
0.16290664672851562, 4735
0.16290664672851562, 4734
0.16290664672851562, 4733
0.16290664672851562, 4732
0.16290664672851562, 4731
0.16290664672851562, 4730
0.16290664672851562, 4729
0.16290664672851562, 4728
0.16290664672851562, 4727
0.16290664672851562, 4726
0.16290664672851562, 4725
0.16290664672851562, 4724
0.16290664672851562, 4723
0.16290664672851562, 4722
0.16290664672851562, 4721
0.16290664672851562, 4720
0.16290664672851562, 4719
0.16290664672851562, 4718
0.16290664672851562, 4717
0.16290664672851562, 4716
0.16290664672851562, 4715
0.16290664672851562, 4714
0.16290664672851562, 4713
0.16290664672851562, 4712
0.16290664672851562, 4711
0.16290664672851562, 4710
0.16290664672851562, 4709
0.1785297393798828, 4708
0.1785297393798828, 4707
0.1785297393798828, 4706
0.1785297393798828, 4705
0.1785297393798828, 4704
0.1785297393798828, 4703
0.1785297393798828, 4702
0.1785297393798828, 4701
0.1785297393798828, 4700
0.1785297393798828, 4699
0.1785297393798828, 4698
0.1785297393798828, 4697
0.1785297393798828, 4696
0.1785297393798828, 4695
0.1785297393798828, 4694
0.1785297393798828, 4693
0.1785297393798828, 4692
0.1785297393798828, 4691
0.1785297393798828, 4690
0.1785297393798828, 4689
0.1785297393798828, 4688
0.1785297393798828, 4687
0.1785297393798828, 4686
0.1785297393798828, 4685
0.19415569305419922, 4684
0.19415569305419922, 4683
0.19415569305419922, 4682
0.19415569305419922, 4681
0.19415569305419922, 4680
0.19415569305419922, 4679
0.19415569305419922, 4678
0.19415569305419922, 4677
0.19415569305419922, 4676
0.19415569305419922, 4675
0.20070195198059082, 4674
0.20070195198059082, 4673
0.20070195198059082, 4672
0.20070195198059082, 4671
0.20070195198059082, 4670
0.20070195198059082, 4669
0.20070195198059082, 4668
0.20070195198059082, 4667
0.20070195198059082, 4666
0.20070195198059082, 4665
0.20070195198059082, 4664
0.20070195198059082, 4663
0.20070195198059082, 4662
0.20070195198059082, 4661
0.20070195198059082, 4660
0.20070195198059082, 4659
0.20070195198059082, 4658
0.20070195198059082, 4657
0.20070195198059082, 4656
0.20070195198059082, 4655
0.20070195198059082, 4654
0.20070195198059082, 4653
0.21637368202209473, 4652
0.21637368202209473, 4651
0.21637368202209473, 4650
0.21637368202209473, 4649
0.21637368202209473, 4648
0.21637368202209473, 4647
0.21637368202209473, 4646
0.21637368202209473, 4645
0.21637368202209473, 4644
0.21637368202209473, 4643
0.21637368202209473, 4642
0.21637368202209473, 4641
0.21637368202209473, 4640
0.21637368202209473, 4639
0.21637368202209473, 4638
0.21637368202209473, 4637
0.21637368202209473, 4636
0.21637368202209473, 4635
0.21637368202209473, 4634
0.21637368202209473, 4633
0.21637368202209473, 4632
0.23196125030517578, 4631
0.23196125030517578, 4630
0.23196125030517578, 4629
0.23196125030517578, 4628
0.23196125030517578, 4627
0.23196125030517578, 4626
0.23196125030517578, 4625
0.23196125030517578, 4624
0.23196125030517578, 4623
0.23196125030517578, 4622
0.23196125030517578, 4621
0.23196125030517578, 4620
0.23196125030517578, 4619
0.23196125030517578, 4618
0.23196125030517578, 4617
0.23196125030517578, 4616
0.23196125030517578, 4615
0.23196125030517578, 4614
0.23196125030517578, 4613
0.23196125030517578, 4612
0.23196125030517578, 4611
0.24763703346252441, 4610
0.24763703346252441, 4609
0.24763703346252441, 4608
0.24763703346252441, 4607
0.24763703346252441, 4606
0.24763703346252441, 4605
0.24763703346252441, 4604
0.24763703346252441, 4603
0.24763703346252441, 4602
0.24763703346252441, 4601
0.24763703346252441, 4600
0.24763703346252441, 4599
0.24763703346252441, 4598
0.24763703346252441, 4597
0.24763703346252441, 4596
0.24763703346252441, 4595
0.24763703346252441, 4594
0.24763703346252441, 4593
0.24763703346252441, 4592
0.24763703346252441, 4591
0.24763703346252441, 4590
0.24763703346252441, 4589
0.24763703346252441, 4588
0.24763703346252441, 4587
0.24763703346252441, 4586
0.26324915885925293, 4585
0.26324915885925293, 4584
0.26324915885925293, 4583
0.26324915885925293, 4582
0.26324915885925293, 4581
0.26324915885925293, 4580
0.26324915885925293, 4579
0.26324915885925293, 4578
0.26324915885925293, 4577
0.26324915885925293, 4576
0.26324915885925293, 4575
0.26324915885925293, 4574
0.26324915885925293, 4573
0.26324915885925293, 4572
0.26324915885925293, 4571
0.26324915885925293, 4570
0.26324915885925293, 4569
0.26324915885925293, 4568
0.26324915885925293, 4567
0.26324915885925293, 4566
0.26324915885925293, 4565
0.26324915885925293, 4564
0.26324915885925293, 4563
0.27887630462646484, 4562
0.27887630462646484, 4561
0.27887630462646484, 4560
0.27887630462646484, 4559
0.27887630462646484, 4558
0.27887630462646484, 4557
0.27887630462646484, 4556
0.27887630462646484, 4555
0.27887630462646484, 4554
0.27887630462646484, 4553
0.27887630462646484, 4552
0.27887630462646484, 4551
0.27887630462646484, 4550
0.27887630462646484, 4549
0.27887630462646484, 4548
0.27887630462646484, 4547
0.29450249671936035, 4546
0.29450249671936035, 4545
0.29450249671936035, 4544
0.29450249671936035, 4543
0.29450249671936035, 4542
0.29450249671936035, 4541
0.29450249671936035, 4540
0.29450249671936035, 4539
0.29450249671936035, 4538
0.29450249671936035, 4537
0.29450249671936035, 4536
0.29450249671936035, 4535
0.3010697364807129, 4534
0.3010697364807129, 4533
0.3010697364807129, 4532
0.3010697364807129, 4531
0.30312323570251465, 4530
0.30312323570251465, 4529
0.30312323570251465, 4528
0.30312323570251465, 4527
0.30312323570251465, 4526
0.30312323570251465, 4525
0.30312323570251465, 4524
0.30312323570251465, 4523
0.30312323570251465, 4522
0.31118273735046387, 4521
0.31118273735046387, 4520
0.31118273735046387, 4519
0.31118273735046387, 4518
0.3132362365722656, 4517
0.3132362365722656, 4516
0.3132362365722656, 4515
0.3132362365722656, 4514
0.3132362365722656, 4513
0.3132362365722656, 4512
0.3132362365722656, 4511
0.3132362365722656, 4510
0.3132362365722656, 4509
0.3132362365722656, 4508
0.3212924003601074, 4507
0.3212924003601074, 4506
0.3212924003601074, 4505
0.32334327697753906, 4504
0.32334327697753906, 4503
0.32334327697753906, 4502
0.32334327697753906, 4501
0.32334327697753906, 4500
0.32334327697753906, 4499
0.32334327697753906, 4498
0.32334327697753906, 4497
0.3313877582550049, 4496
0.3314521312713623, 4495
0.3314521312713623, 4494
0.3335082530975342, 4493
0.3335082530975342, 4492
0.3335082530975342, 4491
0.3335082530975342, 4490
0.3335082530975342, 4489
0.3335082530975342, 4488
0.3335082530975342, 4487
0.3335082530975342, 4486
0.3335082530975342, 4485
0.3335082530975342, 4484
0.3335082530975342, 4483
0.3335082530975342, 4482
0.34156179428100586, 4481
0.34156179428100586, 4480
0.34156179428100586, 4479
0.34361934661865234, 4478
0.34361934661865234, 4477
0.34361934661865234, 4476
0.34361934661865234, 4475
0.34361934661865234, 4474
0.34361934661865234, 4473
0.34361934661865234, 4472
0.34361934661865234, 4471
0.34361934661865234, 4470
0.34361934661865234, 4469
0.34361934661865234, 4468
0.3517007827758789, 4467
0.3517007827758789, 4466
0.3517007827758789, 4465
0.35375428199768066, 4464
0.35375428199768066, 4463
0.35375428199768066, 4462
0.35375428199768066, 4461
0.35375428199768066, 4460
0.35375428199768066, 4459
0.35375428199768066, 4458
0.35375428199768066, 4457
0.35375428199768066, 4456
0.35375428199768066, 4455
0.35375428199768066, 4454
0.36182069778442383, 4453
0.36182069778442383, 4452
0.36182069778442383, 4451
0.3638730049133301, 4450
0.3638730049133301, 4449
0.3638730049133301, 4448
0.3638730049133301, 4447
0.3638730049133301, 4446
0.3638730049133301, 4445
0.3638730049133301, 4444
0.3638730049133301, 4443
0.3638730049133301, 4442
0.3638730049133301, 4441
0.3638730049133301, 4440
0.3719522953033447, 4439
0.3719522953033447, 4438
0.3719522953033447, 4437
0.3719522953033447, 4436
0.3740108013153076, 4435
0.3740108013153076, 4434
0.3740108013153076, 4433
0.3740108013153076, 4432
0.3740108013153076, 4431
0.3740108013153076, 4430
0.3740108013153076, 4429
0.3740108013153076, 4428
0.3740108013153076, 4427
0.3740108013153076, 4426
0.3740108013153076, 4425
0.3740108013153076, 4424
0.3740108013153076, 4423
0.3740108013153076, 4422
0.3740108013153076, 4421
0.3820641040802002, 4420
0.3820641040802002, 4419
0.3820641040802002, 4418
0.3820641040802002, 4417
0.38411688804626465, 4416
0.38411688804626465, 4415
0.38411688804626465, 4414
0.38411688804626465, 4413
0.38411688804626465, 4412
0.38411688804626465, 4411
0.38411688804626465, 4410
0.38411688804626465, 4409
0.38411688804626465, 4408
0.38411688804626465, 4407
0.38411688804626465, 4406
0.3922231197357178, 4405
0.3922231197357178, 4404
0.39428019523620605, 4403
0.39428019523620605, 4402
0.39428019523620605, 4401
0.39428019523620605, 4400
0.39428019523620605, 4399
0.39428019523620605, 4398
0.39428019523620605, 4397
0.39428019523620605, 4396
0.39428019523620605, 4395
0.39428019523620605, 4394
0.39428019523620605, 4393
0.39428019523620605, 4392
0.39428019523620605, 4391
0.39428019523620605, 4390
0.40233373641967773, 4389
0.40233373641967773, 4388
0.40233373641967773, 4387
0.40233373641967773, 4386
0.4043872356414795, 4385
0.4043872356414795, 4384
0.4043872356414795, 4383
0.4043872356414795, 4382
0.4043872356414795, 4381
0.4043872356414795, 4380
0.4043872356414795, 4379
0.4043872356414795, 4378
0.4043872356414795, 4377
0.4043872356414795, 4376
0.4043872356414795, 4375
0.4043872356414795, 4374
0.4124643802642822, 4373
0.4124643802642822, 4372
0.4124643802642822, 4371
0.4124643802642822, 4370
0.4145221710205078, 4369
0.4145221710205078, 4368
0.4145221710205078, 4367
0.4145221710205078, 4366
0.4145221710205078, 4365
0.4145221710205078, 4364
0.4145221710205078, 4363
0.4145221710205078, 4362
0.4145221710205078, 4361
0.4145221710205078, 4360
0.4145221710205078, 4359
0.42258381843566895, 4358
0.42258381843566895, 4357
0.42258381843566895, 4356
0.42464733123779297, 4355
0.42464733123779297, 4354
0.42464733123779297, 4353
0.42464733123779297, 4352
0.42464733123779297, 4351
0.42464733123779297, 4350
0.43274664878845215, 4349
0.4347803592681885, 4348
0.4347803592681885, 4347
0.4347803592681885, 4346
0.4347803592681885, 4345
0.4347803592681885, 4344
0.4347803592681885, 4343
0.4347803592681885, 4342
0.4347803592681885, 4341
0.442824125289917, 4340
0.442824125289917, 4339
0.442824125289917, 4338
0.442824125289917, 4337
0.44487786293029785, 4336
0.44487786293029785, 4335
0.44487786293029785, 4334
0.44487786293029785, 4333
0.44487786293029785, 4332
0.44487786293029785, 4331
0.44487786293029785, 4330
0.44487786293029785, 4329
0.44487786293029785, 4328
0.44487786293029785, 4327
0.44487786293029785, 4326
0.44487786293029785, 4325
0.44487786293029785, 4324
0.44487786293029785, 4323
0.45292234420776367, 4322
0.45302700996398926, 4321
0.45302700996398926, 4320
0.45302700996398926, 4319
0.4550819396972656, 4318
0.4550819396972656, 4317
0.4550819396972656, 4316
0.4550819396972656, 4315
0.4550819396972656, 4314
0.4550819396972656, 4313
0.4550819396972656, 4312
0.4550819396972656, 4311
0.46519017219543457, 4310
0.46519017219543457, 4309
0.46519017219543457, 4308
0.46519017219543457, 4307
0.46519017219543457, 4306
0.46519017219543457, 4305
0.46519017219543457, 4304
0.46519017219543457, 4303
0.46519017219543457, 4302
0.46519017219543457, 4301
0.473247766494751, 4300
0.473247766494751, 4299
0.47530198097229004, 4298
0.47530198097229004, 4297
0.47530198097229004, 4296
0.47530198097229004, 4295
0.47530198097229004, 4294
0.47530198097229004, 4293
0.47530198097229004, 4292
0.47530198097229004, 4291
0.47530198097229004, 4290
0.47530198097229004, 4289
0.47530198097229004, 4288
0.47530198097229004, 4287
0.47530198097229004, 4286
0.47530198097229004, 4285
0.47530198097229004, 4284
0.48336219787597656, 4283
0.48336219787597656, 4282
0.48336219787597656, 4281
0.48336219787597656, 4280
0.4854152202606201, 4279
0.4854152202606201, 4278
0.4854152202606201, 4277
0.4854152202606201, 4276
0.4854152202606201, 4275
0.4854152202606201, 4274
0.4854152202606201, 4273
0.4854152202606201, 4272
0.4854152202606201, 4271
0.4854152202606201, 4270
0.4854152202606201, 4269
0.4854152202606201, 4268
0.4854152202606201, 4267
0.4854152202606201, 4266
0.49349403381347656, 4265
0.49349403381347656, 4264
0.4955463409423828, 4263
0.4955463409423828, 4262
0.4955463409423828, 4261
0.4955463409423828, 4260
0.4955463409423828, 4259
0.4955463409423828, 4258
0.5036008358001709, 4257
0.5036008358001709, 4256
0.5036008358001709, 4255
0.5036008358001709, 4254
0.5056626796722412, 4253
0.5056626796722412, 4252
0.5056626796722412, 4251
0.5056626796722412, 4250
0.5056626796722412, 4249
0.5056626796722412, 4248
0.5056626796722412, 4247
0.5056626796722412, 4246
0.5056626796722412, 4245
0.5137135982513428, 4244
0.5157849788665771, 4243
0.5157849788665771, 4242
0.5157849788665771, 4241
0.5157849788665771, 4240
0.5157849788665771, 4239
0.5157849788665771, 4238
0.5157849788665771, 4237
0.5157849788665771, 4236
0.5157849788665771, 4235
0.5157849788665771, 4234
0.5238518714904785, 4233
0.5238518714904785, 4232
0.525904655456543, 4231
0.525904655456543, 4230
0.525904655456543, 4229
0.525904655456543, 4228
0.525904655456543, 4227
0.525904655456543, 4226
0.525904655456543, 4225
0.525904655456543, 4224
0.525904655456543, 4223
0.5340046882629395, 4222
0.5340046882629395, 4221
0.5360703468322754, 4220
0.5360703468322754, 4219
0.5360703468322754, 4218
0.5360703468322754, 4217
0.5360703468322754, 4216
0.5360703468322754, 4215
0.5360703468322754, 4214
0.5360703468322754, 4213
0.5360703468322754, 4212
0.5360703468322754, 4211
0.5440943241119385, 4210
0.5461525917053223, 4209
0.5461525917053223, 4208
0.5461525917053223, 4207
0.5461525917053223, 4206
0.5461525917053223, 4205
0.5461525917053223, 4204
0.5461525917053223, 4203
0.5461525917053223, 4202
0.5461525917053223, 4201
0.5461525917053223, 4200
0.5542421340942383, 4199
0.5542421340942383, 4198
0.5562608242034912, 4197
0.5562608242034912, 4196
0.5562608242034912, 4195
0.5562608242034912, 4194
0.5562608242034912, 4193
0.5562608242034912, 4192
0.5562608242034912, 4191
0.5562608242034912, 4190
0.5643208026885986, 4189
0.5663802623748779, 4188
0.5663802623748779, 4187
0.5663802623748779, 4186
0.5663802623748779, 4185
0.5663802623748779, 4184
0.5663802623748779, 4183
0.5663802623748779, 4182
0.5663802623748779, 4181
0.5663802623748779, 4180
0.5663802623748779, 4179
0.5744659900665283, 4178
0.5744659900665283, 4177
0.5764927864074707, 4176
0.5764927864074707, 4175
0.5764927864074707, 4174
0.5764927864074707, 4173
0.5764927864074707, 4172
0.5764927864074707, 4171
0.5764927864074707, 4170
0.5865681171417236, 4169
0.5865681171417236, 4168
0.5865681171417236, 4167
0.5865681171417236, 4166
0.5865681171417236, 4165
0.5865681171417236, 4164
0.5865681171417236, 4163
0.5946571826934814, 4162
0.5967240333557129, 4161
0.5967240333557129, 4160
0.5967240333557129, 4159
0.5967240333557129, 4158
0.5967240333557129, 4157
0.5967240333557129, 4156
0.5967240333557129, 4155
0.6068143844604492, 4154
0.6068143844604492, 4153
0.6068143844604492, 4152
0.6068143844604492, 4151
0.6068143844604492, 4150
0.6068143844604492, 4149
0.6068143844604492, 4148
0.6068143844604492, 4147
0.6068143844604492, 4146
0.6068143844604492, 4145
0.6068143844604492, 4144
0.6068143844604492, 4143
0.6149098873138428, 4142
0.6149098873138428, 4141
0.6169648170471191, 4140
0.6169648170471191, 4139
0.6169648170471191, 4138
0.6169648170471191, 4137
0.6169648170471191, 4136
0.6169648170471191, 4135
0.6169648170471191, 4134
0.6169648170471191, 4133
0.6169648170471191, 4132
0.6169648170471191, 4131
0.6250319480895996, 4130
0.6250319480895996, 4129
0.6250319480895996, 4128
0.6270978450775146, 4127
0.6270978450775146, 4126
0.6270978450775146, 4125
0.6270978450775146, 4124
0.6270978450775146, 4123
0.6270978450775146, 4122
0.6270978450775146, 4121
0.6270978450775146, 4120
0.6270978450775146, 4119
0.6270978450775146, 4118
0.6351723670959473, 4117
0.6372253894805908, 4116
0.6372253894805908, 4115
0.6372253894805908, 4114
0.6372253894805908, 4113
0.6372253894805908, 4112
0.6372253894805908, 4111
0.6372253894805908, 4110
0.6372253894805908, 4109
0.6372253894805908, 4108
0.6372253894805908, 4107
0.6452858448028564, 4106
0.6473414897918701, 4105
0.6473414897918701, 4104
0.6473414897918701, 4103
0.6473414897918701, 4102
0.6473414897918701, 4101
0.6473414897918701, 4100
0.6473414897918701, 4099
0.6554155349731445, 4098
0.6554155349731445, 4097
0.6574852466583252, 4096
0.6574852466583252, 4095
0.6574852466583252, 4094
0.6574852466583252, 4093
0.6574852466583252, 4092
0.6574852466583252, 4091
0.6574852466583252, 4090
0.6574852466583252, 4089
0.6574852466583252, 4088
0.6574852466583252, 4087
0.6574852466583252, 4086
0.6655426025390625, 4085
0.6675949096679688, 4084
0.6675949096679688, 4083
0.6675949096679688, 4082
0.6675949096679688, 4081
0.6675949096679688, 4080
0.6675949096679688, 4079
0.6756842136383057, 4078
0.6756842136383057, 4077
0.6756842136383057, 4076
0.6777536869049072, 4075
0.6777536869049072, 4074
0.6777536869049072, 4073
0.6777536869049072, 4072
0.6858196258544922, 4071
0.6858196258544922, 4070
0.6858196258544922, 4069
0.687873363494873, 4068
0.687873363494873, 4067
0.687873363494873, 4066
0.687873363494873, 4065
0.687873363494873, 4064
0.687873363494873, 4063
0.687873363494873, 4062
0.6959733963012695, 4061
0.6959733963012695, 4060
0.6959733963012695, 4059
0.698030948638916, 4058
0.698030948638916, 4057
0.698030948638916, 4056
0.698030948638916, 4055
0.698030948638916, 4054
0.698030948638916, 4053
0.698030948638916, 4052
0.698030948638916, 4051
0.698030948638916, 4050
0.7060368061065674, 4049
0.7060947418212891, 4048
0.7060947418212891, 4047
0.7060947418212891, 4046
0.7060947418212891, 4045
0.7081212997436523, 4044
0.7081212997436523, 4043
0.7081212997436523, 4042
0.7081212997436523, 4041
0.716179609298706, 4040
0.716179609298706, 4039
0.716179609298706, 4038
0.716179609298706, 4037
0.716179609298706, 4036
0.7182364463806152, 4035
0.7182364463806152, 4034
0.7182364463806152, 4033
0.7182364463806152, 4032
0.7182364463806152, 4031
0.7182364463806152, 4030
0.7182364463806152, 4029
0.7182364463806152, 4028
0.7262976169586182, 4027
0.7283501625061035, 4026
0.7283501625061035, 4025
0.7283501625061035, 4024
0.7283501625061035, 4023
0.7283501625061035, 4022
0.7283501625061035, 4021
0.7283501625061035, 4020
0.7283501625061035, 4019
0.7283501625061035, 4018
0.7364447116851807, 4017
0.7364447116851807, 4016
0.7364447116851807, 4015
0.7384991645812988, 4014
0.7384991645812988, 4013
0.7384991645812988, 4012
0.7384991645812988, 4011
0.7384991645812988, 4010
0.7384991645812988, 4009
0.7384991645812988, 4008
0.7384991645812988, 4007
0.7384991645812988, 4006
0.7384991645812988, 4005
0.7465662956237793, 4004
0.7465662956237793, 4003
0.7465662956237793, 4002
0.7486193180084229, 4001
0.7486193180084229, 4000
0.7486193180084229, 3999
0.7486193180084229, 3998
0.7486193180084229, 3997
0.7486193180084229, 3996
0.7486193180084229, 3995
0.7486193180084229, 3994
0.7566671371459961, 3993
0.7566671371459961, 3992
0.7566671371459961, 3991
0.7591466903686523, 3990
0.7591466903686523, 3989
0.7591466903686523, 3988
0.7672078609466553, 3987
0.7692656517028809, 3986
0.7692656517028809, 3985
0.7692656517028809, 3984
0.7692656517028809, 3983
0.7692656517028809, 3982
0.7692656517028809, 3981
0.7692656517028809, 3980
0.7692656517028809, 3979
0.7692656517028809, 3978
0.7692656517028809, 3977
0.7773301601409912, 3976
0.7773301601409912, 3975
0.7793841361999512, 3974
0.7793841361999512, 3973
0.7793841361999512, 3972
0.7793841361999512, 3971
0.7793841361999512, 3970
0.7793841361999512, 3969
0.7793841361999512, 3968
0.7793841361999512, 3967
0.7793841361999512, 3966
0.7874467372894287, 3965
0.7874467372894287, 3964
0.7895016670227051, 3963
0.7895016670227051, 3962
0.7895016670227051, 3961
0.7895016670227051, 3960
0.7895016670227051, 3959
0.7895016670227051, 3958
0.7895016670227051, 3957
0.7895016670227051, 3956
0.7975809574127197, 3955
0.7975809574127197, 3954
0.7975809574127197, 3953
0.7996366024017334, 3952
0.7996366024017334, 3951
0.7996366024017334, 3950
0.7996366024017334, 3949
0.7996366024017334, 3948
0.7996366024017334, 3947
0.8077027797698975, 3946
0.8077027797698975, 3945
0.8077027797698975, 3944
0.8097589015960693, 3943
0.8097589015960693, 3942
0.8097589015960693, 3941
0.8097589015960693, 3940
0.8097589015960693, 3939
0.8178403377532959, 3938
0.8178403377532959, 3937
0.8198940753936768, 3936
0.8198940753936768, 3935
0.8198940753936768, 3934
0.8198940753936768, 3933
0.8198940753936768, 3932
0.8198940753936768, 3931
0.8198940753936768, 3930
0.8198940753936768, 3929
0.8198940753936768, 3928
0.827953577041626, 3927
0.8300096988677979, 3926
0.8300096988677979, 3925
0.8300096988677979, 3924
0.8300096988677979, 3923
0.8300096988677979, 3922
0.8380849361419678, 3921
0.8401060104370117, 3920
0.8401060104370117, 3919
0.8401060104370117, 3918
0.8401060104370117, 3917
0.8401060104370117, 3916
0.8401060104370117, 3915
0.8401060104370117, 3914
0.8502230644226074, 3913
0.8502230644226074, 3912
0.8502230644226074, 3911
0.8502230644226074, 3910
0.8502230644226074, 3909
0.8502230644226074, 3908
0.8603665828704834, 3907
0.8603665828704834, 3906
0.8603665828704834, 3905
0.8603665828704834, 3904
0.8603665828704834, 3903
0.8603665828704834, 3902
0.8603665828704834, 3901
0.8603665828704834, 3900
0.868431806564331, 3899
0.868431806564331, 3898
0.8704845905303955, 3897
0.8704845905303955, 3896
0.8704845905303955, 3895
0.8704845905303955, 3894
0.8704845905303955, 3893
0.8785433769226074, 3892
0.8805720806121826, 3891
0.8805720806121826, 3890
0.8805720806121826, 3889
0.8805720806121826, 3888
0.8805720806121826, 3887
0.8885915279388428, 3886
0.8885915279388428, 3885
0.8906517028808594, 3884
0.8906517028808594, 3883
0.8906517028808594, 3882
0.8906517028808594, 3881
0.8906517028808594, 3880
0.8906517028808594, 3879
0.8987820148468018, 3878
0.8987820148468018, 3877
0.9008357524871826, 3876
0.9008357524871826, 3875
0.9008357524871826, 3874
0.9008357524871826, 3873
0.9008357524871826, 3872
0.9008357524871826, 3871
0.9008357524871826, 3870
0.9008357524871826, 3869
0.9008357524871826, 3868
0.9109508991241455, 3867
0.9109508991241455, 3866
0.9109508991241455, 3865
0.9109508991241455, 3864
0.9109508991241455, 3863
0.9109508991241455, 3862
0.9109508991241455, 3861
0.9109508991241455, 3860
0.9109508991241455, 3859
0.9109508991241455, 3858
0.9190244674682617, 3857
0.9210777282714844, 3856
0.9210777282714844, 3855
0.9210777282714844, 3854
0.9210777282714844, 3853
0.9210777282714844, 3852
0.9210777282714844, 3851
0.9291458129882812, 3850
0.9312000274658203, 3849
0.9312000274658203, 3848
0.9312000274658203, 3847
0.9312000274658203, 3846
0.9312000274658203, 3845
0.9312000274658203, 3844
0.9312000274658203, 3843
0.9312000274658203, 3842
0.9312000274658203, 3841
0.9312000274658203, 3840
0.9392712116241455, 3839
0.9413304328918457, 3838
0.9413304328918457, 3837
0.9493873119354248, 3836
0.9493873119354248, 3835
0.9514057636260986, 3834
0.9514057636260986, 3833
0.9514057636260986, 3832
0.9514057636260986, 3831
0.9514057636260986, 3830
0.9514057636260986, 3829
0.9514057636260986, 3828
0.9514057636260986, 3827
0.9595444202423096, 3826
0.9595444202423096, 3825
0.9615626335144043, 3824
0.9615626335144043, 3823
0.9615626335144043, 3822
0.9615626335144043, 3821
0.9615626335144043, 3820
0.9615626335144043, 3819
0.9615626335144043, 3818
0.9696178436279297, 3817
0.9716730117797852, 3816
0.9716730117797852, 3815
0.9716730117797852, 3814
0.9716730117797852, 3813
0.9716730117797852, 3812
0.9716730117797852, 3811
0.9716730117797852, 3810
0.9716730117797852, 3809
0.9818191528320312, 3808
0.9818191528320312, 3807
0.9818191528320312, 3806
0.9818191528320312, 3805
0.9818191528320312, 3804
0.9818191528320312, 3803
0.9818191528320312, 3802
0.9818191528320312, 3801
0.9818191528320312, 3800
0.9898929595947266, 3799
0.9919455051422119, 3798
0.9919455051422119, 3797
0.9919455051422119, 3796
0.9919455051422119, 3795
0.9919455051422119, 3794
0.9919455051422119, 3793
1.0000357627868652, 3792
1.0000357627868652, 3791
1.0000357627868652, 3790
1.0020899772644043, 3789
1.0020899772644043, 3788
1.0020899772644043, 3787
1.0020899772644043, 3786
1.0020899772644043, 3785
1.0020899772644043, 3784
1.0020899772644043, 3783
1.0020899772644043, 3782
1.0020899772644043, 3781
1.010195255279541, 3780
1.0122311115264893, 3779
1.0122311115264893, 3778
1.0122311115264893, 3777
1.02030611038208, 3776
1.0223658084869385, 3775
1.0223658084869385, 3774
1.030421495437622, 3773
1.0324726104736328, 3772
1.0324726104736328, 3771
1.0405230522155762, 3770
1.0405230522155762, 3769
1.050567626953125, 3768
1.0526301860809326, 3767
1.0526301860809326, 3766
1.0526301860809326, 3765
1.060835599899292, 3764
1.060835599899292, 3763
1.071122407913208, 3762
1.071122407913208, 3761
1.0731816291809082, 3760
1.0731816291809082, 3759
1.0731816291809082, 3758
1.0731816291809082, 3757
1.0731816291809082, 3756
1.0812594890594482, 3755
1.0812594890594482, 3754
1.0812594890594482, 3753
1.0812594890594482, 3752
1.0833110809326172, 3751
1.0833110809326172, 3750
1.0833110809326172, 3749
1.0833110809326172, 3748
1.0913722515106201, 3747
1.0913722515106201, 3746
1.0913722515106201, 3745
1.093425989151001, 3744
1.093425989151001, 3743
1.093425989151001, 3742
1.093425989151001, 3741
1.101505994796753, 3740
1.101505994796753, 3739
1.1035654544830322, 3738
1.1035654544830322, 3737
1.1035654544830322, 3736
1.1035654544830322, 3735
1.1118168830871582, 3734
1.1118168830871582, 3733
1.1138763427734375, 3732
1.1138763427734375, 3731
1.1138763427734375, 3730
1.1138763427734375, 3729
1.1138763427734375, 3728
1.1138763427734375, 3727
1.1138763427734375, 3726
1.1138763427734375, 3725
1.1138763427734375, 3724
1.1138763427734375, 3723
1.1138763427734375, 3722
1.1219723224639893, 3721
1.1240730285644531, 3720
1.1240730285644531, 3719
1.1240730285644531, 3718
1.1321299076080322, 3717
1.1321299076080322, 3716
1.1341807842254639, 3715
1.1341807842254639, 3714
1.1341807842254639, 3713
1.1341807842254639, 3712
1.1341807842254639, 3711
1.1341807842254639, 3710
1.14229154586792, 3709
1.14229154586792, 3708
1.14229154586792, 3707
1.1443583965301514, 3706
1.1443583965301514, 3705
1.1443583965301514, 3704
1.1443583965301514, 3703
1.1443583965301514, 3702
1.1443583965301514, 3701
1.154470682144165, 3700
1.154470682144165, 3699
1.154470682144165, 3698
1.154470682144165, 3697
1.154470682144165, 3696
1.154470682144165, 3695
1.154470682144165, 3694
1.1625385284423828, 3693
1.1625385284423828, 3692
1.164595603942871, 3691
1.164595603942871, 3690
1.164595603942871, 3689
1.164595603942871, 3688
1.164595603942871, 3687
1.164595603942871, 3686
1.164595603942871, 3685
1.1747562885284424, 3684
1.1747562885284424, 3683
1.1747562885284424, 3682
1.1747562885284424, 3681
1.1747562885284424, 3680
1.1747562885284424, 3679
1.1747562885284424, 3678
1.1747562885284424, 3677
1.1747562885284424, 3676
1.184887409210205, 3675
1.184887409210205, 3674
1.184887409210205, 3673
1.184887409210205, 3672
1.184887409210205, 3671
1.1929473876953125, 3670
1.1950023174285889, 3669
1.1950023174285889, 3668
1.1950023174285889, 3667
1.1950023174285889, 3666
1.2031078338623047, 3665
1.2031078338623047, 3664
1.2051615715026855, 3663
1.2051615715026855, 3662
1.2051615715026855, 3661
1.2051615715026855, 3660
1.2051615715026855, 3659
1.2051615715026855, 3658
1.2051615715026855, 3657
1.2132198810577393, 3656
1.2152822017669678, 3655
1.223353385925293, 3654
1.223353385925293, 3653
1.223353385925293, 3652
1.223353385925293, 3651
1.223353385925293, 3650
1.2333612442016602, 3649
1.2333612442016602, 3648
1.2333612442016602, 3647
1.2333612442016602, 3646
1.2333612442016602, 3645
1.2333612442016602, 3644
1.2333612442016602, 3643
1.2333612442016602, 3642
1.2333612442016602, 3641
1.2490062713623047, 3640
1.2490062713623047, 3639
1.2490062713623047, 3638
1.2490062713623047, 3637
1.2490062713623047, 3636
1.2490062713623047, 3635
1.2490062713623047, 3634
1.264700174331665, 3633
1.264700174331665, 3632
1.264700174331665, 3631
1.264700174331665, 3630
1.264700174331665, 3629
1.264700174331665, 3628
1.264700174331665, 3627
1.2802505493164062, 3626
1.2802505493164062, 3625
1.2802505493164062, 3624
1.2802505493164062, 3623
1.2802505493164062, 3622
1.2802505493164062, 3621
1.2802505493164062, 3620
1.2802505493164062, 3619
1.2802505493164062, 3618
1.2958736419677734, 3617
1.2958736419677734, 3616
1.2958736419677734, 3615
1.2958736419677734, 3614
1.2958736419677734, 3613
1.2958736419677734, 3612
1.2958736419677734, 3611
1.2958736419677734, 3610
1.2958736419677734, 3609
1.2958736419677734, 3608
1.2958736419677734, 3607
1.3114984035491943, 3606
1.3114984035491943, 3605
1.3114984035491943, 3604
1.3114984035491943, 3603
1.3114984035491943, 3602
1.3114984035491943, 3601
1.3114984035491943, 3600
1.3114984035491943, 3599
1.3114984035491943, 3598
1.3114984035491943, 3597
1.3114984035491943, 3596
1.3114984035491943, 3595
1.3114984035491943, 3594
1.3114984035491943, 3593
1.3114984035491943, 3592
1.3114984035491943, 3591
1.3271236419677734, 3590
1.3271236419677734, 3589
1.3271236419677734, 3588
1.3336293697357178, 3587
1.3336293697357178, 3586
1.3336293697357178, 3585
1.3336293697357178, 3584
1.3336293697357178, 3583
1.3336293697357178, 3582
1.3336293697357178, 3581
1.3336293697357178, 3580
1.3336293697357178, 3579
1.3336293697357178, 3578
1.3336293697357178, 3577
1.3336293697357178, 3576
1.3492622375488281, 3575
1.3492622375488281, 3574
1.3492622375488281, 3573
1.3492622375488281, 3572
1.3492622375488281, 3571
1.3492622375488281, 3570
1.3492622375488281, 3569
1.3492622375488281, 3568
1.3492622375488281, 3567
1.3492622375488281, 3566
1.3492622375488281, 3565
1.364886999130249, 3564
1.364886999130249, 3563
1.364886999130249, 3562
1.364886999130249, 3561
1.364886999130249, 3560
1.364886999130249, 3559
1.3805122375488281, 3558
1.3805122375488281, 3557
1.3805122375488281, 3556
1.3805122375488281, 3555
1.3805122375488281, 3554
1.3805122375488281, 3553
1.3805122375488281, 3552
1.3805122375488281, 3551
1.3805122375488281, 3550
1.3805122375488281, 3549
1.396136999130249, 3548
1.396136999130249, 3547
1.396136999130249, 3546
1.396136999130249, 3545
1.396136999130249, 3544
1.396136999130249, 3543
1.396136999130249, 3542
1.396136999130249, 3541
1.396136999130249, 3540
1.396136999130249, 3539
1.396136999130249, 3538
1.396136999130249, 3537
1.396136999130249, 3536
1.396136999130249, 3535
1.396136999130249, 3534
1.396136999130249, 3533
1.4117615222930908, 3532
1.4117615222930908, 3531
1.4117615222930908, 3530
1.4117615222930908, 3529
1.4117615222930908, 3528
1.4117615222930908, 3527
1.4117615222930908, 3526
1.4117615222930908, 3525
1.4117615222930908, 3524
1.4273860454559326, 3523
1.4273860454559326, 3522
1.4273860454559326, 3521
1.4273860454559326, 3520
1.4360008239746094, 3519
1.4360008239746094, 3518
1.4360008239746094, 3517
1.4360008239746094, 3516
1.4440321922302246, 3515
1.4440321922302246, 3514
1.446087121963501, 3513
1.446087121963501, 3512
1.4541451930999756, 3511
1.4541451930999756, 3510
1.456200122833252, 3509
1.4642260074615479, 3508
1.466280221939087, 3507
1.466280221939087, 3506
1.466280221939087, 3505
1.466280221939087, 3504
1.466280221939087, 3503
1.4763882160186768, 3502
1.4763882160186768, 3501
1.4763882160186768, 3500
1.4763882160186768, 3499
1.4844141006469727, 3498
1.486469030380249, 3497
1.486469030380249, 3496
1.486469030380249, 3495
1.486469030380249, 3494
1.4945085048675537, 3493
1.4945085048675537, 3492
1.4945085048675537, 3491
1.4945085048675537, 3490
1.4945085048675537, 3489
1.4945085048675537, 3488
1.5045619010925293, 3487
1.5066108703613281, 3486
1.5066108703613281, 3485
1.514674186706543, 3484
1.514674186706543, 3483
1.514674186706543, 3482
1.514674186706543, 3481
1.54036545753479, 3480
1.54036545753479, 3479
1.54036545753479, 3478
1.54036545753479, 3477
1.54036545753479, 3476
1.54036545753479, 3475
1.54036545753479, 3474
1.555955410003662, 3473
1.555955410003662, 3472
1.555955410003662, 3471
1.555955410003662, 3470
1.555955410003662, 3469
1.555955410003662, 3468
1.555955410003662, 3467
1.5715787410736084, 3466
1.5715787410736084, 3465
1.5715787410736084, 3464
1.5715787410736084, 3463
1.5715787410736084, 3462
1.5872035026550293, 3461
1.5872035026550293, 3460
1.5872035026550293, 3459
1.5872035026550293, 3458
1.5872035026550293, 3457
1.5872035026550293, 3456
1.5872035026550293, 3455
1.6028313636779785, 3454
1.6028313636779785, 3453
1.6028313636779785, 3452
1.6028313636779785, 3451
1.6184537410736084, 3450
1.6184537410736084, 3449
1.6184537410736084, 3448
1.6184537410736084, 3447
1.625000238418579, 3446
1.625000238418579, 3445
1.625000238418579, 3444
1.625000238418579, 3443
1.6406993865966797, 3442
1.6406993865966797, 3441
1.6406993865966797, 3440
1.6406993865966797, 3439
1.6406993865966797, 3438
1.6406993865966797, 3437
1.6406993865966797, 3436
1.6406993865966797, 3435
1.6406993865966797, 3434
1.6406993865966797, 3433
1.6562626361846924, 3432
1.6562626361846924, 3431
1.6562626361846924, 3430
1.6562626361846924, 3429
1.6562626361846924, 3428
1.6562626361846924, 3427
1.6562626361846924, 3426
1.6562626361846924, 3425
1.6562626361846924, 3424
1.6562626361846924, 3423
1.6562626361846924, 3422
1.6562626361846924, 3421
1.6719245910644531, 3420
1.6719245910644531, 3419
1.6719245910644531, 3418
1.6719245910644531, 3417
1.6719245910644531, 3416
1.6719245910644531, 3415
1.6719245910644531, 3414
1.6875500679016113, 3413
1.6875500679016113, 3412
1.6875500679016113, 3411
1.6875500679016113, 3410
1.6875500679016113, 3409
1.6875500679016113, 3408
1.6875500679016113, 3407
1.6875500679016113, 3406
1.6875500679016113, 3405
1.6875500679016113, 3404
1.703176498413086, 3403
1.703176498413086, 3402
1.703176498413086, 3401
1.703176498413086, 3400
1.703176498413086, 3399
1.703176498413086, 3398
1.703176498413086, 3397
1.703176498413086, 3396
1.703176498413086, 3395
1.703176498413086, 3394
1.703176498413086, 3393
1.703176498413086, 3392
1.7188005447387695, 3391
1.7188005447387695, 3390
1.7188005447387695, 3389
1.7188005447387695, 3388
1.7188005447387695, 3387
1.7253634929656982, 3386
1.7274179458618164, 3385
1.7274179458618164, 3384
1.7274179458618164, 3383
1.7274179458618164, 3382
1.7274179458618164, 3381
1.7354810237884521, 3380
1.7354810237884521, 3379
1.7375428676605225, 3378
1.7375428676605225, 3377
1.7375428676605225, 3376
1.7375428676605225, 3375
1.7375428676605225, 3374
1.7375428676605225, 3373
1.7455973625183105, 3372
1.747652292251587, 3371
1.747652292251587, 3370
1.747652292251587, 3369
1.7577645778656006, 3368
1.7577645778656006, 3367
1.7577645778656006, 3366
1.7577645778656006, 3365
1.7658255100250244, 3364
1.7678806781768799, 3363
1.7678806781768799, 3362
1.7678806781768799, 3361
1.7678806781768799, 3360
1.7678806781768799, 3359
1.7678806781768799, 3358
1.7678806781768799, 3357
1.7678806781768799, 3356
1.7780134677886963, 3355
1.7780134677886963, 3354
1.7780134677886963, 3353
1.7780134677886963, 3352
1.7780134677886963, 3351
1.7860331535339355, 3350
1.7860331535339355, 3349
1.7880711555480957, 3348
1.7880711555480957, 3347
1.7880711555480957, 3346
1.7880711555480957, 3345
1.7987804412841797, 3344
1.799849271774292, 3343
1.803037166595459, 3342
1.8041093349456787, 3341
1.8051247596740723, 3340
1.8062193393707275, 3339
1.807234764099121, 3338
1.807234764099121, 3337
1.8108940124511719, 3336
1.8108940124511719, 3335
1.8108940124511719, 3334
1.8108940124511719, 3333
1.8164658546447754, 3332
1.8164658546447754, 3331
1.8164658546447754, 3330
1.8164658546447754, 3329
1.8266267776489258, 3328
1.828697919845581, 3327
1.828697919845581, 3326
1.828697919845581, 3325
1.828697919845581, 3324
1.8388378620147705, 3323
1.8388378620147705, 3322
1.8489668369293213, 3321
1.8489668369293213, 3320
1.8489668369293213, 3319
1.8570289611816406, 3318
1.8570289611816406, 3317
1.8691365718841553, 3316
1.87742018699646, 3315
1.87742018699646, 3314
1.87742018699646, 3313
1.87742018699646, 3312
1.87742018699646, 3311
1.87742018699646, 3310
1.8895196914672852, 3309
1.8895196914672852, 3308
1.8895196914672852, 3307
1.8895196914672852, 3306
1.8895196914672852, 3305
1.8895196914672852, 3304
1.8895196914672852, 3303
1.8895196914672852, 3302
1.899665355682373, 3301
1.899665355682373, 3300
1.899665355682373, 3299
1.9077246189117432, 3298
1.9077246189117432, 3297
1.9077246189117432, 3296
1.9077246189117432, 3295
1.9198908805847168, 3294
1.9198908805847168, 3293
1.9198908805847168, 3292
1.9198908805847168, 3291
1.9198908805847168, 3290
1.9198908805847168, 3289
1.9279522895812988, 3288
1.9279522895812988, 3287
1.930009365081787, 3286
1.930009365081787, 3285
1.930009365081787, 3284
1.930009365081787, 3283
1.938086748123169, 3282
1.938086748123169, 3281
1.9401469230651855, 3280
1.9401469230651855, 3279
1.9401469230651855, 3278
1.9482145309448242, 3277
1.9583017826080322, 3276
1.9603567123413086, 3275
1.9684123992919922, 3274
1.970466136932373, 3273
1.970466136932373, 3272
1.970466136932373, 3271
1.9810383319854736, 3270
1.9810383319854736, 3269
1.9810383319854736, 3268
1.9810383319854736, 3267
1.9810383319854736, 3266
1.9890828132629395, 3265
1.9911446571350098, 3264
1.9911446571350098, 3263
1.9911446571350098, 3262
1.9991905689239502, 3261
1.999230146408081, 3260
2.0012876987457275, 3259
2.0012876987457275, 3258
2.0012876987457275, 3257
2.0012876987457275, 3256
2.0093600749969482, 3255
2.0114171504974365, 3254
2.0114171504974365, 3253
2.0114171504974365, 3252
2.0114171504974365, 3251
2.0114171504974365, 3250
2.0194826126098633, 3249
2.0215466022491455, 3248
2.0215466022491455, 3247
2.0215466022491455, 3246
2.0215466022491455, 3245
2.0215466022491455, 3244
2.0215466022491455, 3243
2.0215466022491455, 3242
2.0215466022491455, 3241
2.0215466022491455, 3240
2.0215466022491455, 3239
2.029606580734253, 3238
2.029606580734253, 3237
2.029606580734253, 3236
2.0316596031188965, 3235
2.0316596031188965, 3234
2.0316596031188965, 3233
2.0316596031188965, 3232
2.0417745113372803, 3231
2.0417745113372803, 3230
2.0417745113372803, 3229
2.0417745113372803, 3228
2.0417745113372803, 3227
2.0498316287994385, 3226
2.0498316287994385, 3225
2.0519027709960938, 3224
2.0519027709960938, 3223
2.0519027709960938, 3222
2.0599982738494873, 3221
2.062052011489868, 3220
2.062052011489868, 3219
2.062052011489868, 3218
2.0721380710601807, 3217
2.0721380710601807, 3216
2.0721380710601807, 3215
2.0721380710601807, 3214
2.0721380710601807, 3213
2.082242965698242, 3212
2.082242965698242, 3211
2.082242965698242, 3210
2.0902750492095947, 3209
2.0923643112182617, 3208
2.0923643112182617, 3207
2.0923643112182617, 3206
2.0923643112182617, 3205
2.0923643112182617, 3204
2.0923643112182617, 3203
2.0923643112182617, 3202
2.0923643112182617, 3201
2.0923643112182617, 3200
2.102491617202759, 3199
2.102491617202759, 3198
2.102491617202759, 3197
2.102491617202759, 3196
2.102491617202759, 3195
2.102491617202759, 3194
2.102491617202759, 3193
2.1105589866638184, 3192
2.1126129627227783, 3191
2.1126129627227783, 3190
2.1126129627227783, 3189
2.1126129627227783, 3188
2.1126129627227783, 3187
2.122734785079956, 3186
2.122734785079956, 3185
2.122734785079956, 3184
2.122734785079956, 3183
2.1307613849639893, 3182
2.1307613849639893, 3181
2.1307613849639893, 3180
2.1307613849639893, 3179
2.1307613849639893, 3178
2.1307613849639893, 3177
2.1429615020751953, 3176
2.1429615020751953, 3175
2.1429615020751953, 3174
2.1510205268859863, 3173
2.1510205268859863, 3172
2.1530730724334717, 3171
2.1612565517425537, 3170
2.1612565517425537, 3169
2.163281202316284, 3168
2.163281202316284, 3167
2.163281202316284, 3166
2.1713364124298096, 3165
2.173394203186035, 3164
2.173394203186035, 3163
2.173394203186035, 3162
2.173394203186035, 3161
2.173394203186035, 3160
2.1814701557159424, 3159
2.183520793914795, 3158
2.183520793914795, 3157
2.183520793914795, 3156
2.183520793914795, 3155
2.1936473846435547, 3154
2.1936473846435547, 3153
2.1936473846435547, 3152
2.1936473846435547, 3151
2.1936473846435547, 3150
2.20377779006958, 3149
2.20377779006958, 3148
2.20377779006958, 3147
2.20377779006958, 3146
2.20377779006958, 3145
2.20377779006958, 3144
2.20377779006958, 3143
2.20377779006958, 3142
2.20377779006958, 3141
2.2118468284606934, 3140
2.2139029502868652, 3139
2.2139029502868652, 3138
2.2139029502868652, 3137
2.2139029502868652, 3136
2.2139029502868652, 3135
2.2139029502868652, 3134
2.221985101699829, 3133
2.2260820865631104, 3132
2.2260820865631104, 3131
2.2260820865631104, 3130
2.2260820865631104, 3129
2.2260820865631104, 3128
2.2341396808624268, 3127
2.236205816268921, 3126
2.236205816268921, 3125
2.236205816268921, 3124
2.236205816268921, 3123
2.2442777156829834, 3122
2.2442777156829834, 3121
2.2463412284851074, 3120
2.2463412284851074, 3119
2.2463412284851074, 3118
2.2463412284851074, 3117
2.2463412284851074, 3116
2.2463412284851074, 3115
2.2463412284851074, 3114
2.2463412284851074, 3113
2.254394769668579, 3112
2.256497621536255, 3111
2.2645609378814697, 3110
2.2645609378814697, 3109
2.2666168212890625, 3108
2.2666168212890625, 3107
2.2666168212890625, 3106
2.2666168212890625, 3105
2.274688243865967, 3104
2.274688243865967, 3103
2.274688243865967, 3102
2.2868173122406006, 3101
2.2868173122406006, 3100
2.2868173122406006, 3099
2.2868173122406006, 3098
2.2948858737945557, 3097
2.2948858737945557, 3096
2.2948858737945557, 3095
2.2948858737945557, 3094
2.2948858737945557, 3093
2.2948858737945557, 3092
2.2948858737945557, 3091
2.3070056438446045, 3090
2.3070056438446045, 3089
2.3070056438446045, 3088
2.3070056438446045, 3087
2.315070152282715, 3086
2.3252196311950684, 3085
2.327282190322876, 3084
2.335340738296509, 3083
2.33740234375, 3082
2.33740234375, 3081
2.33740234375, 3080
2.33740234375, 3079
2.3454670906066895, 3078
2.347519636154175, 3077
2.347519636154175, 3076
2.347519636154175, 3075
2.347519636154175, 3074
2.3555474281311035, 3073
2.3576035499572754, 3072
2.3576035499572754, 3071
2.3576035499572754, 3070
2.365711212158203, 3069
2.3677685260772705, 3068
2.3677685260772705, 3067
2.3677685260772705, 3066
2.375824451446533, 3065
2.375824451446533, 3064
2.3778810501098633, 3063
2.3778810501098633, 3062
2.3778810501098633, 3061
2.3778810501098633, 3060
2.385965347290039, 3059
2.3960840702056885, 3058
2.398138999938965, 3057
2.398138999938965, 3056
2.398138999938965, 3055
2.398138999938965, 3054
2.398138999938965, 3053
2.398138999938965, 3052
2.398138999938965, 3051
2.4061880111694336, 3050
2.4082417488098145, 3049
2.4082417488098145, 3048
2.4082417488098145, 3047
2.4082417488098145, 3046
2.4082417488098145, 3045
2.4082417488098145, 3044
2.4082417488098145, 3043
2.418349504470825, 3042
2.418349504470825, 3041
2.428471565246582, 3040
2.428471565246582, 3039
2.428471565246582, 3038
2.4365251064300537, 3037
2.4385788440704346, 3036
2.4385788440704346, 3035
2.446667194366455, 3034
2.446667194366455, 3033
2.4487221240997314, 3032
2.458850145339966, 3031
2.458850145339966, 3030
2.469005584716797, 3029
2.469005584716797, 3028
2.469005584716797, 3027
2.477060556411743, 3026
2.4791131019592285, 3025
2.4791131019592285, 3024
2.4791131019592285, 3023
2.4871840476989746, 3022
2.4871840476989746, 3021
2.4892001152038574, 3020
2.4892001152038574, 3019
2.497251033782959, 3018
2.4993057250976562, 3017
2.4993057250976562, 3016
2.4993057250976562, 3015
2.4993057250976562, 3014
2.4993057250976562, 3013
2.4993057250976562, 3012
2.5094308853149414, 3011
2.5094308853149414, 3010
2.5174946784973145, 3009
2.519547700881958, 3008
2.519547700881958, 3007
2.519547700881958, 3006
2.5296738147735596, 3005
2.5296738147735596, 3004
2.5296738147735596, 3003
2.5296738147735596, 3002
2.5377280712127686, 3001
2.5377280712127686, 3000
2.5397448539733887, 2999
2.547820568084717, 2998
2.547820568084717, 2997
2.5580217838287354, 2996
2.5580217838287354, 2995
2.568188190460205, 2994
2.5702381134033203, 2993
2.580357551574707, 2992
2.580357551574707, 2991
2.590909481048584, 2990
2.590909481048584, 2989
2.6010172367095947, 2988
2.6010172367095947, 2987
2.6010172367095947, 2986
2.6010172367095947, 2985
2.61118483543396, 2984
2.61118483543396, 2983
2.6192376613616943, 2982
2.621290445327759, 2981
2.621290445327759, 2980
2.6293749809265137, 2979
2.6293749809265137, 2978
2.6314308643341064, 2977
2.6314308643341064, 2976
2.6314308643341064, 2975
2.6415493488311768, 2974
2.651663064956665, 2973
2.651663064956665, 2972
2.651663064956665, 2971
2.651663064956665, 2970
2.6617748737335205, 2969
2.671942949295044, 2968
2.671942949295044, 2967
2.671942949295044, 2966
2.671942949295044, 2965
2.6800003051757812, 2964
2.6800003051757812, 2963
2.682053565979004, 2962
2.692187547683716, 2961
2.692187547683716, 2960
2.692187547683716, 2959
2.692187547683716, 2958
2.702308177947998, 2957
2.702308177947998, 2956
2.702308177947998, 2955
2.7103843688964844, 2954
2.712440013885498, 2953
2.7204947471618652, 2952
2.7326505184173584, 2951
2.7326505184173584, 2950
2.7326505184173584, 2949
2.7326505184173584, 2948
2.7326505184173584, 2947
2.7407097816467285, 2946
2.7528815269470215, 2945
2.7528815269470215, 2944
2.7528815269470215, 2943
2.7609426975250244, 2942
2.76299786567688, 2941
2.76299786567688, 2940
2.76299786567688, 2939
2.76299786567688, 2938
2.76299786567688, 2937
2.7731289863586426, 2936
2.7731289863586426, 2935
2.7731289863586426, 2934
2.783226490020752, 2933
2.783226490020752, 2932
2.783226490020752, 2931
2.7913026809692383, 2930
2.803471088409424, 2929
2.803471088409424, 2928
2.8115499019622803, 2927
2.8136069774627686, 2926
2.821680784225464, 2925
2.821680784225464, 2924
2.823740243911743, 2923
2.8419055938720703, 2922
2.8419055938720703, 2921
2.8439724445343018, 2920
2.854100465774536, 2919
2.854100465774536, 2918
2.8642172813415527, 2917
2.8642172813415527, 2916
2.8642172813415527, 2915
2.8642172813415527, 2914
2.8642172813415527, 2913
2.8642172813415527, 2912
2.8743462562561035, 2911
2.8743462562561035, 2910
2.8743462562561035, 2909
2.8844621181488037, 2908
2.894815683364868, 2907
2.894815683364868, 2906
2.894815683364868, 2905
2.902865171432495, 2904
2.902865171432495, 2903
2.904917001724243, 2902
2.904917001724243, 2901
2.904917001724243, 2900
2.904917001724243, 2899
2.904917001724243, 2898
2.904917001724243, 2897
2.904917001724243, 2896
2.904917001724243, 2895
2.9150304794311523, 2894
2.9150304794311523, 2893
2.9150304794311523, 2892
2.9150304794311523, 2891
2.9251463413238525, 2890
2.9251463413238525, 2889
2.933260202407837, 2888
2.935314178466797, 2887
2.935314178466797, 2886
2.935314178466797, 2885
2.9433798789978027, 2884
2.9433798789978027, 2883
2.9454333782196045, 2882
2.9454333782196045, 2881
2.9554216861724854, 2880
2.9655299186706543, 2879
2.9796783924102783, 2878
2.9817922115325928, 2877
2.984483003616333, 2876
2.9886703491210938, 2875
2.9886703491210938, 2874
2.9968392848968506, 2873
3.0048928260803223, 2872
3.0069539546966553, 2871
3.0069539546966553, 2870
3.0069539546966553, 2869
3.0150492191314697, 2868
3.0150492191314697, 2867
3.017113447189331, 2866
3.0251691341400146, 2865
3.0272445678710938, 2864
3.0272445678710938, 2863
3.0373616218566895, 2862
3.0373616218566895, 2861
3.0373616218566895, 2860
3.0373616218566895, 2859
3.0474700927734375, 2858
3.0474700927734375, 2857
3.0474700927734375, 2856
3.0474700927734375, 2855
3.0575826168060303, 2854
3.0575826168060303, 2853
3.0575826168060303, 2852
3.065636157989502, 2851
3.0676932334899902, 2850
3.0676932334899902, 2849
3.0676932334899902, 2848
3.0676932334899902, 2847
3.0676932334899902, 2846
3.0778322219848633, 2845
3.0778322219848633, 2844
3.0858566761016846, 2843
3.0879385471343994, 2842
3.0879385471343994, 2841
3.0960030555725098, 2840
3.0960030555725098, 2839
3.1060683727264404, 2838
3.108100414276123, 2837
3.108100414276123, 2836
3.116185426712036, 2835
3.116185426712036, 2834
3.1182384490966797, 2833
3.1264278888702393, 2832
3.13653302192688, 2831
3.138554096221924, 2830
3.148671865463257, 2829
3.148671865463257, 2828
3.148671865463257, 2827
3.158812999725342, 2826
3.168923854827881, 2825
3.168923854827881, 2824
3.168923854827881, 2823
3.1790709495544434, 2822
3.189185857772827, 2821
3.189185857772827, 2820
3.189185857772827, 2819
3.197227716445923, 2818
3.1996965408325195, 2817
3.210136890411377, 2816
3.218207836151123, 2815
3.218207836151123, 2814
3.228267192840576, 2813
3.2384226322174072, 2812
3.2404778003692627, 2811
3.2485363483428955, 2810
3.2485363483428955, 2809
3.2485363483428955, 2808
3.2485363483428955, 2807
3.258624315261841, 2806
3.260692596435547, 2805
3.260692596435547, 2804
3.260692596435547, 2803
3.27081298828125, 2802
3.27081298828125, 2801
3.2809653282165527, 2800
3.2809653282165527, 2799
3.3012022972106934, 2798
3.3012022972106934, 2797
3.3012022972106934, 2796
3.3012022972106934, 2795
3.3294785022735596, 2794
3.34167218208313, 2793
3.34167218208313, 2792
3.34167218208313, 2791
3.3497281074523926, 2790
3.3517792224884033, 2789
3.3517792224884033, 2788
3.3720648288726807, 2787
3.3720648288726807, 2786
3.3720648288726807, 2785
3.3720648288726807, 2784
3.3801519870758057, 2783
3.390287160873413, 2782
3.390287160873413, 2781
3.390287160873413, 2780
3.3923404216766357, 2779
3.400416374206543, 2778
3.400416374206543, 2777
3.4024744033813477, 2776
3.4024744033813477, 2775
3.4024744033813477, 2774
3.4024744033813477, 2773
3.4024744033813477, 2772
3.4105336666107178, 2771
3.412590742111206, 2770
3.4226770401000977, 2769
3.43278431892395, 2768
3.4429101943969727, 2767
3.4429101943969727, 2766
3.4530293941497803, 2765
3.4530293941497803, 2764
3.4631569385528564, 2763
3.4834015369415283, 2762
3.4834015369415283, 2761
3.4914557933807373, 2760
3.4914557933807373, 2759
3.503645181655884, 2758
3.5137672424316406, 2757
3.5137672424316406, 2756
3.5137672424316406, 2755
3.52386212348938, 2754
3.52386212348938, 2753
3.52386212348938, 2752
3.52386212348938, 2751
3.52386212348938, 2750
3.52386212348938, 2749
3.533972978591919, 2748
3.5420544147491455, 2747
3.5420544147491455, 2746
3.5441107749938965, 2745
3.5441107749938965, 2744
3.5521657466888428, 2743
3.5521657466888428, 2742
3.5643551349639893, 2741
3.5845420360565186, 2740
3.5845420360565186, 2739
3.592604160308838, 2738
3.592604160308838, 2737
3.5946574211120605, 2736
3.6047444343566895, 2735
3.6047444343566895, 2734
3.6128017902374268, 2733
3.6128017902374268, 2732
3.6128017902374268, 2731
3.6128017902374268, 2730
3.614856719970703, 2729
3.614856719970703, 2728
3.614856719970703, 2727
3.6249518394470215, 2726
3.6330068111419678, 2725
3.6350607872009277, 2724
3.645146369934082, 2723
3.6532108783721924, 2722
3.6532108783721924, 2721
3.665311813354492, 2720
3.6754252910614014, 2719
3.6754252910614014, 2718
3.6855320930480957, 2717
3.6855320930480957, 2716
3.6956701278686523, 2715
3.6956701278686523, 2714
3.7037179470062256, 2713
3.7057857513427734, 2712
3.713850975036621, 2711
3.715909481048584, 2710
3.715909481048584, 2709
3.7262208461761475, 2708
3.734227418899536, 2707
3.7566728591918945, 2706
3.7566728591918945, 2705
3.764686346054077, 2704
3.7668261528015137, 2703
3.7951583862304688, 2702
3.7972218990325928, 2701
3.807784080505371, 2700
3.8280880451202393, 2699
3.8280880451202393, 2698
3.8280880451202393, 2697
3.836155652999878, 2696
3.838223457336426, 2695
3.838223457336426, 2694
3.848362445831299, 2693
3.848362445831299, 2692
3.8686094284057617, 2691
3.878746271133423, 2690
3.8888702392578125, 2689
3.8990070819854736, 2688
3.8990070819854736, 2687
3.9118854999542236, 2686
3.9176268577575684, 2685
3.9176268577575684, 2684
3.9191362857818604, 2683
3.920273780822754, 2682
3.9223594665527344, 2681
3.9223594665527344, 2680
3.9223594665527344, 2679
3.9294989109039307, 2678
3.949756145477295, 2677
3.9598865509033203, 2676
3.9598865509033203, 2675
3.9700214862823486, 2674
3.9903452396392822, 2673
4.010646820068359, 2672
4.010646820068359, 2671
4.010646820068359, 2670
4.010646820068359, 2669
4.020771026611328, 2668
4.030919313430786, 2667
4.030919313430786, 2666
4.041057825088501, 2665
4.049131155014038, 2664
4.049131155014038, 2663
4.0592265129089355, 2662
4.061297178268433, 2661
4.061297178268433, 2660
4.081576108932495, 2659
4.089646816253662, 2658
4.089646816253662, 2657
4.091712236404419, 2656
4.091712236404419, 2655
4.101869106292725, 2654
4.101869106292725, 2653
4.101869106292725, 2652
4.112007141113281, 2651
4.122130393981934, 2650
4.132269859313965, 2649
4.142439603805542, 2648
4.152569532394409, 2647
4.152569532394409, 2646
4.1627421379089355, 2645
4.172880411148071, 2644
4.18303656578064, 2643
4.201256990432739, 2642
4.201256990432739, 2641
4.2033233642578125, 2640
4.2033233642578125, 2639
4.213460445404053, 2638
4.213460445404053, 2637
4.223565340042114, 2636
4.243738651275635, 2635
4.243738651275635, 2634
4.253854036331177, 2633
4.253854036331177, 2632
4.261943817138672, 2631
4.272021293640137, 2630
4.274077892303467, 2629
4.274077892303467, 2628
4.284160852432251, 2627
4.284160852432251, 2626
4.314533710479736, 2625
4.3225789070129395, 2624
4.324634313583374, 2623
4.3528993129730225, 2622
4.3528993129730225, 2621
4.35492205619812, 2620
4.365015029907227, 2619
4.373070240020752, 2618
4.375123977661133, 2617
4.385241508483887, 2616
4.395349979400635, 2615
4.415585517883301, 2614
4.42609715461731, 2613
4.42609715461731, 2612
4.436223268508911, 2611
4.436223268508911, 2610
4.446322441101074, 2609
4.446322441101074, 2608
4.466597318649292, 2607
4.49697470664978, 2606
4.505048513412476, 2605
4.507124662399292, 2604
4.507124662399292, 2603
4.515133380889893, 2602
4.547627210617065, 2601
4.547627210617065, 2600
4.557773590087891, 2599
4.567878723144531, 2598
4.578023433685303, 2597
4.578023433685303, 2596
4.5962138175964355, 2595
4.5982794761657715, 2594
4.618555068969727, 2593
4.636719465255737, 2592
4.659073829650879, 2591
4.669188022613525, 2590
4.669188022613525, 2589
4.709714889526367, 2588
4.709714889526367, 2587
4.719851732254028, 2586
4.729957342147827, 2585
4.760586261749268, 2584
4.760586261749268, 2583
4.79903507232666, 2582
4.79903507232666, 2581
4.801083326339722, 2580
4.8192784786224365, 2579
4.859766244888306, 2578
4.869880437850952, 2577
4.871896505355835, 2576
4.871896505355835, 2575
4.871896505355835, 2574
4.879951000213623, 2573
4.882019758224487, 2572
4.890101671218872, 2571
4.900213718414307, 2570
4.900213718414307, 2569
4.90226674079895, 2568
4.90226674079895, 2567
4.90226674079895, 2566
4.9204771518707275, 2565
4.922531604766846, 2564
4.93265700340271, 2563
4.9427666664123535, 2562
4.963017463684082, 2561
4.973143577575684, 2560
4.983261585235596, 2559
5.003491401672363, 2558
5.011616230010986, 2557
5.013633966445923, 2556
5.013633966445923, 2555
5.0237274169921875, 2554
5.034289598464966, 2553
5.034289598464966, 2552
5.0423667430877686, 2551
5.054568767547607, 2550
5.0646867752075195, 2549
5.09509539604187, 2548
5.09509539604187, 2547
5.103156328201294, 2546
5.123413801193237, 2545
5.125466585159302, 2544
5.133540391921997, 2543
5.135594606399536, 2542
5.163931846618652, 2541
5.165980100631714, 2540
5.194427967071533, 2539
5.196482419967651, 2538
5.196482419967651, 2537
5.196482419967651, 2536
5.216736316680908, 2535
5.216736316680908, 2534
5.216736316680908, 2533
5.237150430679321, 2532
5.277634143829346, 2531
5.277634143829346, 2530
5.287759065628052, 2529
5.338378429412842, 2528
5.358736753463745, 2527
5.368890047073364, 2526
5.368890047073364, 2525
5.389164447784424, 2524
5.399282455444336, 2523
5.409422159194946, 2522
5.419548273086548, 2521
5.449943542480469, 2520
5.449943542480469, 2519
5.470191717147827, 2518
5.470191717147827, 2517
5.47824764251709, 2516
5.480301380157471, 2515
5.480301380157471, 2514
5.510617971420288, 2513
5.520735740661621, 2512
5.528844356536865, 2511
5.5309014320373535, 2510
5.5309014320373535, 2509
5.559203147888184, 2508
5.579444646835327, 2507
5.579444646835327, 2506
5.579444646835327, 2505
5.5894575119018555, 2504
5.605100631713867, 2503
5.605100631713867, 2502
5.620723724365234, 2501
5.620723724365234, 2500
5.636348485946655, 2499
5.651973724365234, 2498
5.667599201202393, 2497
5.6832239627838135, 2496
5.6832239627838135, 2495
5.69186806678772, 2494
5.7121148109436035, 2493
5.72221827507019, 2492
5.732354640960693, 2491
5.75264835357666, 2490
5.75264835357666, 2489
5.811376333236694, 2488
5.874096870422363, 2487
5.88421893119812, 2486
5.894327402114868, 2485
5.914598226547241, 2484
5.9247236251831055, 2483
5.9449944496154785, 2482
5.9732985496521, 2481
5.985499143600464, 2480
5.99355411529541, 2479
5.995607852935791, 2478
6.025967359542847, 2477
6.025967359542847, 2476
6.025967359542847, 2475
6.036069393157959, 2474
6.056356191635132, 2473
6.066483736038208, 2472
6.096850872039795, 2471
6.115025520324707, 2470
6.166432619094849, 2469
6.19768214225769, 2468
6.228930234909058, 2467
6.250080347061157, 2466
6.250080347061157, 2465
6.250080347061157, 2464
6.260194540023804, 2463
6.278399229049683, 2462
6.278399229049683, 2461
6.290563344955444, 2460
6.30067253112793, 2459
6.328958511352539, 2458
6.361365795135498, 2457
6.361365795135498, 2456
6.391691207885742, 2455
6.39974570274353, 2454
6.419938564300537, 2453
6.419938564300537, 2452
6.432116508483887, 2451
6.432116508483887, 2450
6.432116508483887, 2449
6.442327260971069, 2448
6.4503984451293945, 2447
6.452454328536987, 2446
6.462564706802368, 2445
6.472729444503784, 2444
6.492980480194092, 2443
6.492980480194092, 2442
6.5212249755859375, 2441
6.5212249755859375, 2440
6.523280620574951, 2439
6.533404111862183, 2438
6.533404111862183, 2437
6.543519496917725, 2436
6.561710834503174, 2435
6.622480869293213, 2434
6.644754409790039, 2433
6.6830949783325195, 2432
6.6851420402526855, 2431
6.754577159881592, 2430
6.770201683044434, 2429
6.823582649230957, 2428
6.886097192764282, 2427
6.901719093322754, 2426
6.923854351043701, 2425
6.986365556716919, 2424
7.094762086868286, 2423
7.117063760757446, 2422
7.117063760757446, 2421
7.1271812915802, 2420
7.137320041656494, 2419
7.145374774932861, 2418
7.1777729988098145, 2417
7.1777729988098145, 2416
7.263098478317261, 2415
7.278059482574463, 2414
7.290201902389526, 2413
7.300333738327026, 2412
7.320615768432617, 2411
7.340779781341553, 2410
7.340779781341553, 2409
7.361012697219849, 2408
7.361012697219849, 2407
7.371124505996704, 2406
7.379191160202026, 2405
7.431884765625, 2404
7.431884765625, 2403
7.4399566650390625, 2402
7.460201978683472, 2401
7.462260484695435, 2400
7.462260484695435, 2399
7.472792863845825, 2398
7.480851173400879, 2397
7.511090278625488, 2396
7.511090278625488, 2395
7.5424652099609375, 2394
7.558035612106323, 2393
7.558035612106323, 2392
7.573622941970825, 2391
7.573622941970825, 2390
7.757612705230713, 2389
7.795679330825806, 2388
7.996809244155884, 2387
8.030807971954346, 2386
8.036807537078857, 2385
8.057806491851807, 2384
8.059807062149048, 2383
8.059807062149048, 2382
8.0838041305542, 2381
8.169677495956421, 2380
8.171741008758545, 2379
8.171741008758545, 2378
8.252021789550781, 2377
8.26401686668396, 2376
8.270017623901367, 2375
8.293428182601929, 2374
8.301528930664062, 2373
8.311710357666016, 2372
8.313777446746826, 2371
8.344168663024902, 2370
8.344168663024902, 2369
8.354286670684814, 2368
8.380215406417847, 2367
8.394657850265503, 2366
8.394657850265503, 2365
8.435451030731201, 2364
8.47603464126587, 2363
8.494146347045898, 2362
8.494203090667725, 2361
8.514476299285889, 2360
8.53684401512146, 2359
8.595430135726929, 2358
8.615666151046753, 2357
8.629339933395386, 2356
8.648699283599854, 2355
8.682389259338379, 2354
8.699547052383423, 2353
8.719777584075928, 2352
8.729971885681152, 2351
8.760599851608276, 2350
8.791317224502563, 2349
8.861891746520996, 2348
8.872034549713135, 2347
8.92263913154602, 2346
8.93274998664856, 2345
8.94288682937622, 2344
8.97325873374939, 2343
8.993521690368652, 2342
9.013789415359497, 2341
9.023985385894775, 2340
9.054365634918213, 2339
9.082809448242188, 2338
9.095053672790527, 2337
9.163925647735596, 2336
9.165978908538818, 2335
9.199748516082764, 2334
9.216996669769287, 2333
9.255499362945557, 2332
9.275774002075195, 2331
9.275774002075195, 2330
9.290399312973022, 2329
9.309160232543945, 2328
9.328198909759521, 2327
9.361569166183472, 2326
9.442582130432129, 2325
9.462862491607666, 2324
9.481040477752686, 2323
9.531662225723267, 2322
9.574188470840454, 2321
9.60454511642456, 2320
9.690121412277222, 2319
9.691119909286499, 2318
9.735473155975342, 2317
9.782303810119629, 2316
9.820084571838379, 2315
9.835703611373901, 2314
9.951591968536377, 2313
9.967217206954956, 2312
10.051865577697754, 2311
10.083116054534912, 2310
10.098742246627808, 2309
10.236568927764893, 2308
10.236568927764893, 2307
10.336800336837769, 2306
10.35242486000061, 2305
10.437333106994629, 2304
10.438500165939331, 2303
10.469755411148071, 2302
10.528532028198242, 2301
10.579281330108643, 2300
10.67834210395813, 2299
10.688313961029053, 2298
10.71834421157837, 2297
10.742310047149658, 2296
10.746310234069824, 2295
10.757310152053833, 2294
10.78830885887146, 2293
10.907908916473389, 2292
10.90890645980835, 2291
10.958206415176392, 2290
11.011433362960815, 2289
11.06209397315979, 2288
11.07222294807434, 2287
11.235365867614746, 2286
11.253612279891968, 2285
11.447372198104858, 2284
11.60885739326477, 2283
11.62693452835083, 2282
11.659267902374268, 2281
11.82435393333435, 2280
11.835353136062622, 2279
11.935378074645996, 2278
11.96838116645813, 2277
12.04638409614563, 2276
12.18337869644165, 2275
12.278380632400513, 2274
12.565380096435547, 2273
12.601381778717041, 2272
12.637381553649902, 2271
12.7049081325531, 2270
12.947494745254517, 2269
13.07949161529541, 2268
13.099491834640503, 2267
13.27678370475769, 2266
13.31436014175415, 2265
13.600419998168945, 2264
13.697988271713257, 2263
13.886504650115967, 2262
14.008052587509155, 2261
14.018162965774536, 2260
14.018162965774536, 2259
14.1078200340271, 2258
14.211315870285034, 2257
14.55278491973877, 2256
15.05119276046753, 2255
15.560182094573975, 2254
15.77386999130249, 2253
15.85503625869751, 2252
15.87321949005127, 2251
16.068005561828613, 2250
16.12661910057068, 2249
16.138753652572632, 2248
16.201756238937378, 2247
16.42182445526123, 2246
16.53322434425354, 2245
16.583927392959595, 2244
16.787513256072998, 2243
16.797635078430176, 2242
17.343344688415527, 2241
17.86444854736328, 2240
18.8821120262146, 2239
19.25109362602234, 2238
19.312090635299683, 2237
19.616581916809082, 2236
19.667511224746704, 2235
19.890638828277588, 2234
20.04319739341736, 2233
20.21327781677246, 2232
20.234989404678345, 2231
20.4484760761261, 2230
20.494792222976685, 2229
20.95896005630493, 2228
21.526655435562134, 2227
21.880720615386963, 2226
22.235660552978516, 2225
23.07694673538208, 2224
23.393093824386597, 2223
24.002193927764893, 2222
24.342113494873047, 2221
24.459136486053467, 2220
25.403339862823486, 2219
26.500149250030518, 2218
27.62445306777954, 2217
28.12292790412903, 2216
28.599390983581543, 2215
28.741102695465088, 2214
28.9543240070343, 2213
29.659438848495483, 2212
30.347169876098633, 2211
31.87234330177307, 2210
31.963873624801636, 2209
47.80338215827942, 2208
50.90399980545044, 2207
53.963298320770264, 2206
60.392253160476685, 2205
146.01733827590942, 2204
159.4365885257721, 2203
