0.025271177291870117, 4941
0.03327131271362305, 4940
0.03327131271362305, 4939
0.03327131271362305, 4938
0.03585004806518555, 4937
0.03585004806518555, 4936
0.03585004806518555, 4935
0.03585004806518555, 4934
0.03585004806518555, 4933
0.03585004806518555, 4932
0.03585004806518555, 4931
0.03585004806518555, 4930
0.03585004806518555, 4929
0.03585004806518555, 4928
0.03585004806518555, 4927
0.03585004806518555, 4926
0.03585004806518555, 4925
0.03585004806518555, 4924
0.03585004806518555, 4923
0.03585004806518555, 4922
0.03585004806518555, 4921
0.03585004806518555, 4920
0.03585004806518555, 4919
0.03585004806518555, 4918
0.03585004806518555, 4917
0.03585004806518555, 4916
0.03585004806518555, 4915
0.03585004806518555, 4914
0.03585004806518555, 4913
0.05147409439086914, 4912
0.05147409439086914, 4911
0.05147409439086914, 4910
0.05147409439086914, 4909
0.05147409439086914, 4908
0.05147409439086914, 4907
0.05147409439086914, 4906
0.05147409439086914, 4905
0.05147409439086914, 4904
0.05147409439086914, 4903
0.05147409439086914, 4902
0.05147409439086914, 4901
0.05147409439086914, 4900
0.05147409439086914, 4899
0.05147409439086914, 4898
0.05147409439086914, 4897
0.05147409439086914, 4896
0.05147409439086914, 4895
0.05147409439086914, 4894
0.05147409439086914, 4893
0.05147409439086914, 4892
0.05147409439086914, 4891
0.05147409439086914, 4890
0.06709837913513184, 4889
0.06709837913513184, 4888
0.06709837913513184, 4887
0.0686042308807373, 4886
0.0686042308807373, 4885
0.0686042308807373, 4884
0.0686042308807373, 4883
0.0686042308807373, 4882
0.0686042308807373, 4881
0.0686042308807373, 4880
0.0686042308807373, 4879
0.0686042308807373, 4878
0.0686042308807373, 4877
0.0686042308807373, 4876
0.0686042308807373, 4875
0.0686042308807373, 4874
0.0686042308807373, 4873
0.0686042308807373, 4872
0.0686042308807373, 4871
0.0686042308807373, 4870
0.0686042308807373, 4869
0.0686042308807373, 4868
0.0686042308807373, 4867
0.0686042308807373, 4866
0.0686042308807373, 4865
0.0686042308807373, 4864
0.0686042308807373, 4863
0.0686042308807373, 4862
0.0686042308807373, 4861
0.08423542976379395, 4860
0.08423542976379395, 4859
0.08423542976379395, 4858
0.08423542976379395, 4857
0.08423542976379395, 4856
0.08423542976379395, 4855
0.08423542976379395, 4854
0.08423542976379395, 4853
0.08423542976379395, 4852
0.08423542976379395, 4851
0.08423542976379395, 4850
0.08423542976379395, 4849
0.08423542976379395, 4848
0.08423542976379395, 4847
0.08423542976379395, 4846
0.08423542976379395, 4845
0.08423542976379395, 4844
0.08423542976379395, 4843
0.08423542976379395, 4842
0.08423542976379395, 4841
0.08423542976379395, 4840
0.08423542976379395, 4839
0.08423542976379395, 4838
0.08423542976379395, 4837
0.08423542976379395, 4836
0.08423542976379395, 4835
0.09986066818237305, 4834
0.09986066818237305, 4833
0.09986066818237305, 4832
0.09986066818237305, 4831
0.09986066818237305, 4830
0.09986066818237305, 4829
0.09986066818237305, 4828
0.09986066818237305, 4827
0.09986066818237305, 4826
0.09986066818237305, 4825
0.09986066818237305, 4824
0.09986066818237305, 4823
0.09986066818237305, 4822
0.09986066818237305, 4821
0.09986066818237305, 4820
0.09986066818237305, 4819
0.09986066818237305, 4818
0.09986066818237305, 4817
0.09986066818237305, 4816
0.09986066818237305, 4815
0.09986066818237305, 4814
0.09986066818237305, 4813
0.09986066818237305, 4812
0.09986066818237305, 4811
0.09986066818237305, 4810
0.11548614501953125, 4809
0.11548614501953125, 4808
0.11548614501953125, 4807
0.11548614501953125, 4806
0.11548614501953125, 4805
0.11548614501953125, 4804
0.11548614501953125, 4803
0.11548614501953125, 4802
0.11548614501953125, 4801
0.11548614501953125, 4800
0.11548614501953125, 4799
0.11548614501953125, 4798
0.11548614501953125, 4797
0.11548614501953125, 4796
0.11548614501953125, 4795
0.11548614501953125, 4794
0.11548614501953125, 4793
0.11548614501953125, 4792
0.11548614501953125, 4791
0.11548614501953125, 4790
0.11548614501953125, 4789
0.11548614501953125, 4788
0.11548614501953125, 4787
0.11548614501953125, 4786
0.11548614501953125, 4785
0.11548614501953125, 4784
0.13111186027526855, 4783
0.13111186027526855, 4782
0.13111186027526855, 4781
0.13111186027526855, 4780
0.13374710083007812, 4779
0.13374710083007812, 4778
0.13374710083007812, 4777
0.13374710083007812, 4776
0.13374710083007812, 4775
0.13374710083007812, 4774
0.13374710083007812, 4773
0.13374710083007812, 4772
0.13374710083007812, 4771
0.13374710083007812, 4770
0.13374710083007812, 4769
0.13374710083007812, 4768
0.13374710083007812, 4767
0.1417856216430664, 4766
0.1417856216430664, 4765
0.1417856216430664, 4764
0.1417856216430664, 4763
0.1417856216430664, 4762
0.1417856216430664, 4761
0.1417856216430664, 4760
0.1417856216430664, 4759
0.1417856216430664, 4758
0.1417856216430664, 4757
0.1497948169708252, 4756
0.1497948169708252, 4755
0.1497948169708252, 4754
0.15233874320983887, 4753
0.15233874320983887, 4752
0.15233874320983887, 4751
0.15233874320983887, 4750
0.15233874320983887, 4749
0.15233874320983887, 4748
0.15233874320983887, 4747
0.15233874320983887, 4746
0.15233874320983887, 4745
0.15233874320983887, 4744
0.15233874320983887, 4743
0.15233874320983887, 4742
0.15233874320983887, 4741
0.15233874320983887, 4740
0.15233874320983887, 4739
0.15233874320983887, 4738
0.15233874320983887, 4737
0.15233874320983887, 4736
0.15233874320983887, 4735
0.15233874320983887, 4734
0.15233874320983887, 4733
0.15233874320983887, 4732
0.15233874320983887, 4731
0.15233874320983887, 4730
0.15233874320983887, 4729
0.15233874320983887, 4728
0.16800236701965332, 4727
0.16851043701171875, 4726
0.16903901100158691, 4725
0.16903901100158691, 4724
0.16903901100158691, 4723
0.16903901100158691, 4722
0.16903901100158691, 4721
0.16903901100158691, 4720
0.16903901100158691, 4719
0.16903901100158691, 4718
0.16903901100158691, 4717
0.16903901100158691, 4716
0.16903901100158691, 4715
0.16903901100158691, 4714
0.16903901100158691, 4713
0.17707514762878418, 4712
0.17707514762878418, 4711
0.17707514762878418, 4710
0.17707514762878418, 4709
0.17707514762878418, 4708
0.17707514762878418, 4707
0.17707514762878418, 4706
0.17707514762878418, 4705
0.17707514762878418, 4704
0.17707514762878418, 4703
0.17707514762878418, 4702
0.17707514762878418, 4701
0.1850745677947998, 4700
0.1850745677947998, 4699
0.1850745677947998, 4698
0.1850745677947998, 4697
0.1850745677947998, 4696
0.1850745677947998, 4695
0.1850745677947998, 4694
0.1850745677947998, 4693
0.1850745677947998, 4692
0.1850745677947998, 4691
0.1850745677947998, 4690
0.1850745677947998, 4689
0.1850745677947998, 4688
0.1850745677947998, 4687
0.19307827949523926, 4686
0.19307827949523926, 4685
0.19307827949523926, 4684
0.19307827949523926, 4683
0.19307827949523926, 4682
0.19307827949523926, 4681
0.19307827949523926, 4680
0.19307827949523926, 4679
0.20107197761535645, 4678
0.20107197761535645, 4677
0.20107197761535645, 4676
0.20107197761535645, 4675
0.20107197761535645, 4674
0.20107197761535645, 4673
0.20107197761535645, 4672
0.20107197761535645, 4671
0.20107197761535645, 4670
0.20107197761535645, 4669
0.20907950401306152, 4668
0.20907950401306152, 4667
0.20907950401306152, 4666
0.20907950401306152, 4665
0.20907950401306152, 4664
0.20907950401306152, 4663
0.20907950401306152, 4662
0.20907950401306152, 4661
0.20907950401306152, 4660
0.20907950401306152, 4659
0.20907950401306152, 4658
0.20907950401306152, 4657
0.20907950401306152, 4656
0.20907950401306152, 4655
0.21707749366760254, 4654
0.21707749366760254, 4653
0.21707749366760254, 4652
0.21707749366760254, 4651
0.21707749366760254, 4650
0.21707749366760254, 4649
0.21707749366760254, 4648
0.21707749366760254, 4647
0.21707749366760254, 4646
0.21707749366760254, 4645
0.21707749366760254, 4644
0.22507977485656738, 4643
0.22507977485656738, 4642
0.22507977485656738, 4641
0.22507977485656738, 4640
0.22507977485656738, 4639
0.22507977485656738, 4638
0.22507977485656738, 4637
0.22507977485656738, 4636
0.22507977485656738, 4635
0.22507977485656738, 4634
0.22507977485656738, 4633
0.23307538032531738, 4632
0.23307538032531738, 4631
0.23307538032531738, 4630
0.23307538032531738, 4629
0.23307538032531738, 4628
0.23307538032531738, 4627
0.23307538032531738, 4626
0.23307538032531738, 4625
0.23307538032531738, 4624
0.23307538032531738, 4623
0.23307538032531738, 4622
0.23307538032531738, 4621
0.23307538032531738, 4620
0.23307538032531738, 4619
0.23307538032531738, 4618
0.24117183685302734, 4617
0.24117183685302734, 4616
0.24117183685302734, 4615
0.24117183685302734, 4614
0.24387097358703613, 4613
0.24501347541809082, 4612
0.24615979194641113, 4611
0.24615979194641113, 4610
0.24730420112609863, 4609
0.2484447956085205, 4608
0.2484447956085205, 4607
0.24958539009094238, 4606
0.25072789192199707, 4605
0.25072789192199707, 4604
0.25187015533447266, 4603
0.25187015533447266, 4602
0.2530088424682617, 4601
0.2530088424682617, 4600
0.2541501522064209, 4599
0.2541501522064209, 4598
0.25529026985168457, 4597
0.25636768341064453, 4596
0.25636768341064453, 4595
0.25636768341064453, 4594
0.25636768341064453, 4593
0.25636768341064453, 4592
0.25636768341064453, 4591
0.25636768341064453, 4590
0.25636768341064453, 4589
0.25636768341064453, 4588
0.25636768341064453, 4587
0.25636768341064453, 4586
0.25636768341064453, 4585
0.25636768341064453, 4584
0.25636768341064453, 4583
0.25636768341064453, 4582
0.25636768341064453, 4581
0.2684152126312256, 4580
0.2684152126312256, 4579
0.2684152126312256, 4578
0.2684152126312256, 4577
0.2684152126312256, 4576
0.2684152126312256, 4575
0.2684152126312256, 4574
0.2684152126312256, 4573
0.2684152126312256, 4572
0.2684152126312256, 4571
0.2684152126312256, 4570
0.2684152126312256, 4569
0.2684152126312256, 4568
0.2684152126312256, 4567
0.2684152126312256, 4566
0.2684152126312256, 4565
0.2684152126312256, 4564
0.2684152126312256, 4563
0.28461313247680664, 4562
0.28572511672973633, 4561
0.28572511672973633, 4560
0.28572511672973633, 4559
0.28572511672973633, 4558
0.28572511672973633, 4557
0.28572511672973633, 4556
0.28572511672973633, 4555
0.28572511672973633, 4554
0.28572511672973633, 4553
0.28572511672973633, 4552
0.28572511672973633, 4551
0.28572511672973633, 4550
0.28572511672973633, 4549
0.28572511672973633, 4548
0.28572511672973633, 4547
0.28572511672973633, 4546
0.28572511672973633, 4545
0.28572511672973633, 4544
0.3013906478881836, 4543
0.3013906478881836, 4542
0.3013906478881836, 4541
0.3013906478881836, 4540
0.3013906478881836, 4539
0.3013906478881836, 4538
0.3013906478881836, 4537
0.3013906478881836, 4536
0.3013906478881836, 4535
0.3013906478881836, 4534
0.3013906478881836, 4533
0.3013906478881836, 4532
0.3013906478881836, 4531
0.3013906478881836, 4530
0.3013906478881836, 4529
0.3170177936553955, 4528
0.3174631595611572, 4527
0.3174631595611572, 4526
0.3174631595611572, 4525
0.3174631595611572, 4524
0.3174631595611572, 4523
0.3174631595611572, 4522
0.3174631595611572, 4521
0.3174631595611572, 4520
0.3174631595611572, 4519
0.3174631595611572, 4518
0.3174631595611572, 4517
0.3174631595611572, 4516
0.3174631595611572, 4515
0.3174631595611572, 4514
0.3255040645599365, 4513
0.3255040645599365, 4512
0.3255040645599365, 4511
0.3255040645599365, 4510
0.3255040645599365, 4509
0.3255040645599365, 4508
0.3255040645599365, 4507
0.3255040645599365, 4506
0.3255040645599365, 4505
0.3255040645599365, 4504
0.3255040645599365, 4503
0.33350300788879395, 4502
0.33350300788879395, 4501
0.33350300788879395, 4500
0.33350300788879395, 4499
0.33350300788879395, 4498
0.33350300788879395, 4497
0.33350300788879395, 4496
0.33350300788879395, 4495
0.33350300788879395, 4494
0.341505765914917, 4493
0.341505765914917, 4492
0.341505765914917, 4491
0.341505765914917, 4490
0.341505765914917, 4489
0.341505765914917, 4488
0.341505765914917, 4487
0.341505765914917, 4486
0.341505765914917, 4485
0.34949803352355957, 4484
0.34949803352355957, 4483
0.34949803352355957, 4482
0.34949803352355957, 4481
0.34949803352355957, 4480
0.34949803352355957, 4479
0.34949803352355957, 4478
0.34949803352355957, 4477
0.34949803352355957, 4476
0.34949803352355957, 4475
0.35750436782836914, 4474
0.35750436782836914, 4473
0.35750436782836914, 4472
0.35750436782836914, 4471
0.35750436782836914, 4470
0.35750436782836914, 4469
0.35750436782836914, 4468
0.35750436782836914, 4467
0.35750436782836914, 4466
0.35750436782836914, 4465
0.35750436782836914, 4464
0.35750436782836914, 4463
0.35750436782836914, 4462
0.36550188064575195, 4461
0.36550188064575195, 4460
0.36550188064575195, 4459
0.36550188064575195, 4458
0.36550188064575195, 4457
0.36550188064575195, 4456
0.36550188064575195, 4455
0.3735177516937256, 4454
0.3735177516937256, 4453
0.3735177516937256, 4452
0.3735177516937256, 4451
0.3735177516937256, 4450
0.3735177516937256, 4449
0.3735177516937256, 4448
0.3735177516937256, 4447
0.3735177516937256, 4446
0.3735177516937256, 4445
0.3735177516937256, 4444
0.3735177516937256, 4443
0.3735177516937256, 4442
0.3735177516937256, 4441
0.3815016746520996, 4440
0.3815016746520996, 4439
0.3815016746520996, 4438
0.3815016746520996, 4437
0.3815016746520996, 4436
0.3815016746520996, 4435
0.3815016746520996, 4434
0.3815016746520996, 4433
0.3815016746520996, 4432
0.3815016746520996, 4431
0.389617919921875, 4430
0.389617919921875, 4429
0.389617919921875, 4428
0.389617919921875, 4427
0.389617919921875, 4426
0.389617919921875, 4425
0.389617919921875, 4424
0.389617919921875, 4423
0.389617919921875, 4422
0.389617919921875, 4421
0.389617919921875, 4420
0.389617919921875, 4419
0.389617919921875, 4418
0.389617919921875, 4417
0.389617919921875, 4416
0.389617919921875, 4415
0.389617919921875, 4414
0.389617919921875, 4413
0.389617919921875, 4412
0.40528249740600586, 4411
0.40528249740600586, 4410
0.40528249740600586, 4409
0.40528249740600586, 4408
0.40528249740600586, 4407
0.40528249740600586, 4406
0.40528249740600586, 4405
0.40528249740600586, 4404
0.40528249740600586, 4403
0.40528249740600586, 4402
0.40528249740600586, 4401
0.40528249740600586, 4400
0.40528249740600586, 4399
0.40528249740600586, 4398
0.40528249740600586, 4397
0.40528249740600586, 4396
0.40528249740600586, 4395
0.40528249740600586, 4394
0.40528249740600586, 4393
0.40528249740600586, 4392
0.40528249740600586, 4391
0.42090654373168945, 4390
0.42090654373168945, 4389
0.42090654373168945, 4388
0.42090654373168945, 4387
0.42090654373168945, 4386
0.42090654373168945, 4385
0.42090654373168945, 4384
0.42090654373168945, 4383
0.42090654373168945, 4382
0.42090654373168945, 4381
0.42090654373168945, 4380
0.42090654373168945, 4379
0.42090654373168945, 4378
0.42090654373168945, 4377
0.42090654373168945, 4376
0.42090654373168945, 4375
0.42090654373168945, 4374
0.42090654373168945, 4373
0.42090654373168945, 4372
0.42090654373168945, 4371
0.42090654373168945, 4370
0.42090654373168945, 4369
0.42090654373168945, 4368
0.42090654373168945, 4367
0.4365358352661133, 4366
0.4365358352661133, 4365
0.4365358352661133, 4364
0.4365358352661133, 4363
0.4365358352661133, 4362
0.4365358352661133, 4361
0.4365358352661133, 4360
0.4365358352661133, 4359
0.4365358352661133, 4358
0.4365358352661133, 4357
0.4365358352661133, 4356
0.4365358352661133, 4355
0.4365358352661133, 4354
0.4365358352661133, 4353
0.4365358352661133, 4352
0.4365358352661133, 4351
0.4365358352661133, 4350
0.4365358352661133, 4349
0.4365358352661133, 4348
0.4365358352661133, 4347
0.4365358352661133, 4346
0.4365358352661133, 4345
0.45215821266174316, 4344
0.45215821266174316, 4343
0.45215821266174316, 4342
0.45215821266174316, 4341
0.45215821266174316, 4340
0.45215821266174316, 4339
0.45215821266174316, 4338
0.45215821266174316, 4337
0.45215821266174316, 4336
0.45215821266174316, 4335
0.45215821266174316, 4334
0.45215821266174316, 4333
0.45215821266174316, 4332
0.45215821266174316, 4331
0.45215821266174316, 4330
0.45215821266174316, 4329
0.45215821266174316, 4328
0.45215821266174316, 4327
0.45215821266174316, 4326
0.45215821266174316, 4325
0.45215821266174316, 4324
0.45215821266174316, 4323
0.45215821266174316, 4322
0.4677467346191406, 4321
0.4677467346191406, 4320
0.4677467346191406, 4319
0.4677467346191406, 4318
0.4677467346191406, 4317
0.4677467346191406, 4316
0.4677467346191406, 4315
0.4677467346191406, 4314
0.4738905429840088, 4313
0.4738905429840088, 4312
0.476032018661499, 4311
0.476032018661499, 4310
0.476032018661499, 4309
0.476032018661499, 4308
0.476032018661499, 4307
0.476032018661499, 4306
0.476032018661499, 4305
0.476032018661499, 4304
0.476032018661499, 4303
0.476032018661499, 4302
0.476032018661499, 4301
0.476032018661499, 4300
0.476032018661499, 4299
0.476032018661499, 4298
0.48407697677612305, 4297
0.48411083221435547, 4296
0.48411083221435547, 4295
0.48411083221435547, 4294
0.4862499237060547, 4293
0.4862499237060547, 4292
0.4862499237060547, 4291
0.4862499237060547, 4290
0.4862499237060547, 4289
0.4862499237060547, 4288
0.4862499237060547, 4287
0.4862499237060547, 4286
0.4862499237060547, 4285
0.4862499237060547, 4284
0.4862499237060547, 4283
0.4862499237060547, 4282
0.4943985939025879, 4281
0.4943985939025879, 4280
0.49654531478881836, 4279
0.49654531478881836, 4278
0.49654531478881836, 4277
0.49654531478881836, 4276
0.49654531478881836, 4275
0.49654531478881836, 4274
0.49654531478881836, 4273
0.49654531478881836, 4272
0.5046200752258301, 4271
0.5067634582519531, 4270
0.5067634582519531, 4269
0.5067634582519531, 4268
0.5067634582519531, 4267
0.5067634582519531, 4266
0.5067634582519531, 4265
0.5067634582519531, 4264
0.5067634582519531, 4263
0.5067634582519531, 4262
0.5067634582519531, 4261
0.5067634582519531, 4260
0.5067634582519531, 4259
0.5149099826812744, 4258
0.5170547962188721, 4257
0.5170547962188721, 4256
0.5170547962188721, 4255
0.5170547962188721, 4254
0.5170547962188721, 4253
0.5170547962188721, 4252
0.5170547962188721, 4251
0.5170547962188721, 4250
0.5170547962188721, 4249
0.5170547962188721, 4248
0.5170547962188721, 4247
0.5251359939575195, 4246
0.5272130966186523, 4245
0.5272130966186523, 4244
0.5272130966186523, 4243
0.5272130966186523, 4242
0.5272130966186523, 4241
0.5272130966186523, 4240
0.5272130966186523, 4239
0.5272130966186523, 4238
0.5272130966186523, 4237
0.5272130966186523, 4236
0.5272130966186523, 4235
0.5272130966186523, 4234
0.5272130966186523, 4233
0.5272130966186523, 4232
0.5353553295135498, 4231
0.5353553295135498, 4230
0.5353553295135498, 4229
0.5375001430511475, 4228
0.5375001430511475, 4227
0.5375001430511475, 4226
0.5375001430511475, 4225
0.5375001430511475, 4224
0.5375001430511475, 4223
0.5375001430511475, 4222
0.5455894470214844, 4221
0.5455894470214844, 4220
0.5455894470214844, 4219
0.5455894470214844, 4218
0.5476384162902832, 4217
0.5477139949798584, 4216
0.5477139949798584, 4215
0.5477139949798584, 4214
0.5477139949798584, 4213
0.5477139949798584, 4212
0.5477139949798584, 4211
0.5477139949798584, 4210
0.5557596683502197, 4209
0.5558536052703857, 4208
0.5558536052703857, 4207
0.5579943656921387, 4206
0.5579943656921387, 4205
0.5579943656921387, 4204
0.5579943656921387, 4203
0.5579943656921387, 4202
0.5579943656921387, 4201
0.5579943656921387, 4200
0.5660784244537354, 4199
0.5660784244537354, 4198
0.5660784244537354, 4197
0.5681600570678711, 4196
0.5681600570678711, 4195
0.5681600570678711, 4194
0.5681600570678711, 4193
0.5681600570678711, 4192
0.5681600570678711, 4191
0.5681600570678711, 4190
0.5681600570678711, 4189
0.5681600570678711, 4188
0.576239824295044, 4187
0.576239824295044, 4186
0.576239824295044, 4185
0.578305721282959, 4184
0.578305721282959, 4183
0.578305721282959, 4182
0.586367130279541, 4181
0.586367130279541, 4180
0.5884382724761963, 4179
0.5884382724761963, 4178
0.5884382724761963, 4177
0.5884382724761963, 4176
0.5884382724761963, 4175
0.5884382724761963, 4174
0.5965054035186768, 4173
0.598574161529541, 4172
0.598574161529541, 4171
0.598574161529541, 4170
0.598574161529541, 4169
0.598574161529541, 4168
0.598574161529541, 4167
0.598574161529541, 4166
0.598574161529541, 4165
0.598574161529541, 4164
0.6066479682922363, 4163
0.6066479682922363, 4162
0.6066479682922363, 4161
0.6086568832397461, 4160
0.6087162494659424, 4159
0.6087162494659424, 4158
0.6087162494659424, 4157
0.6087162494659424, 4156
0.6087162494659424, 4155
0.6087162494659424, 4154
0.6087162494659424, 4153
0.6087162494659424, 4152
0.6087162494659424, 4151
0.6167840957641602, 4150
0.6167840957641602, 4149
0.6167840957641602, 4148
0.6188488006591797, 4147
0.6188488006591797, 4146
0.6188488006591797, 4145
0.6188488006591797, 4144
0.6188488006591797, 4143
0.6188488006591797, 4142
0.6188488006591797, 4141
0.6188488006591797, 4140
0.6188488006591797, 4139
0.6188488006591797, 4138
0.626880407333374, 4137
0.6289491653442383, 4136
0.6289491653442383, 4135
0.6289491653442383, 4134
0.6289491653442383, 4133
0.6289491653442383, 4132
0.6289491653442383, 4131
0.6289491653442383, 4130
0.6370160579681396, 4129
0.6370160579681396, 4128
0.6370160579681396, 4127
0.6370160579681396, 4126
0.6390821933746338, 4125
0.6390821933746338, 4124
0.6390821933746338, 4123
0.6390821933746338, 4122
0.6390821933746338, 4121
0.6390821933746338, 4120
0.6390821933746338, 4119
0.6471219062805176, 4118
0.6471219062805176, 4117
0.6491992473602295, 4116
0.6491992473602295, 4115
0.6491992473602295, 4114
0.6491992473602295, 4113
0.6491992473602295, 4112
0.6491992473602295, 4111
0.6491992473602295, 4110
0.6491992473602295, 4109
0.6572737693786621, 4108
0.6572737693786621, 4107
0.6572737693786621, 4106
0.6572737693786621, 4105
0.6572737693786621, 4104
0.6572737693786621, 4103
0.6572737693786621, 4102
0.6572737693786621, 4101
0.6572737693786621, 4100
0.6673188209533691, 4099
0.6698293685913086, 4098
0.6698293685913086, 4097
0.6698293685913086, 4096
0.6698293685913086, 4095
0.6698293685913086, 4094
0.6698293685913086, 4093
0.6778998374938965, 4092
0.6799702644348145, 4091
0.6799702644348145, 4090
0.6799702644348145, 4089
0.6799702644348145, 4088
0.6799702644348145, 4087
0.6799702644348145, 4086
0.6799702644348145, 4085
0.6799702644348145, 4084
0.6799702644348145, 4083
0.6799702644348145, 4082
0.6880967617034912, 4081
0.6901688575744629, 4080
0.6901688575744629, 4079
0.6901688575744629, 4078
0.6901688575744629, 4077
0.6901688575744629, 4076
0.6901688575744629, 4075
0.6901688575744629, 4074
0.6901688575744629, 4073
0.6982388496398926, 4072
0.7003042697906494, 4071
0.7003042697906494, 4070
0.7003042697906494, 4069
0.7003042697906494, 4068
0.7003042697906494, 4067
0.7003042697906494, 4066
0.7003042697906494, 4065
0.7084167003631592, 4064
0.7090809345245361, 4063
0.7107467651367188, 4062
0.7107467651367188, 4061
0.7107467651367188, 4060
0.7107467651367188, 4059
0.7208981513977051, 4058
0.7208981513977051, 4057
0.7208981513977051, 4056
0.7208981513977051, 4055
0.7208981513977051, 4054
0.7208981513977051, 4053
0.7208981513977051, 4052
0.7288498878479004, 4051
0.7288498878479004, 4050
0.7288498878479004, 4049
0.7288498878479004, 4048
0.7288498878479004, 4047
0.7288498878479004, 4046
0.7368500232696533, 4045
0.7409858703613281, 4044
0.7409858703613281, 4043
0.7409858703613281, 4042
0.7409858703613281, 4041
0.7409858703613281, 4040
0.7409858703613281, 4039
0.7489376068115234, 4038
0.7489376068115234, 4037
0.7489376068115234, 4036
0.7489376068115234, 4035
0.7489376068115234, 4034
0.7489376068115234, 4033
0.7489376068115234, 4032
0.7489376068115234, 4031
0.7489376068115234, 4030
0.7570207118988037, 4029
0.7570207118988037, 4028
0.7570207118988037, 4027
0.7570207118988037, 4026
0.7570207118988037, 4025
0.7570207118988037, 4024
0.7570207118988037, 4023
0.7651619911193848, 4022
0.7651619911193848, 4021
0.7651619911193848, 4020
0.7651619911193848, 4019
0.7651619911193848, 4018
0.7651619911193848, 4017
0.7651619911193848, 4016
0.7651619911193848, 4015
0.7651619911193848, 4014
0.7651619911193848, 4013
0.7651619911193848, 4012
0.7651619911193848, 4011
0.7651619911193848, 4010
0.7651619911193848, 4009
0.7752685546875, 4008
0.7752685546875, 4007
0.7774083614349365, 4006
0.7774083614349365, 4005
0.7774083614349365, 4004
0.7774083614349365, 4003
0.7774083614349365, 4002
0.7774083614349365, 4001
0.7774083614349365, 4000
0.7774083614349365, 3999
0.7774083614349365, 3998
0.7774083614349365, 3997
0.7855477333068848, 3996
0.7855477333068848, 3995
0.7855477333068848, 3994
0.7876887321472168, 3993
0.7876887321472168, 3992
0.7876887321472168, 3991
0.7876887321472168, 3990
0.7962024211883545, 3989
0.7962024211883545, 3988
0.7978506088256836, 3987
0.7978506088256836, 3986
0.7978506088256836, 3985
0.7978506088256836, 3984
0.7978506088256836, 3983
0.7978506088256836, 3982
0.7978506088256836, 3981
0.7978506088256836, 3980
0.7978506088256836, 3979
0.8058030605316162, 3978
0.8058030605316162, 3977
0.8058030605316162, 3976
0.8058030605316162, 3975
0.8058030605316162, 3974
0.8138015270233154, 3973
0.8158988952636719, 3972
0.8179812431335449, 3971
0.8179812431335449, 3970
0.8190112113952637, 3969
0.8190112113952637, 3968
0.8190112113952637, 3967
0.8190112113952637, 3966
0.8190112113952637, 3965
0.8190112113952637, 3964
0.826162576675415, 3963
0.826162576675415, 3962
0.8283164501190186, 3961
0.8283164501190186, 3960
0.8283164501190186, 3959
0.8283164501190186, 3958
0.8283164501190186, 3957
0.8283164501190186, 3956
0.8283164501190186, 3955
0.8364224433898926, 3954
0.8364224433898926, 3953
0.8385908603668213, 3952
0.8385908603668213, 3951
0.8385908603668213, 3950
0.8385908603668213, 3949
0.8385908603668213, 3948
0.8385908603668213, 3947
0.8385908603668213, 3946
0.8385908603668213, 3945
0.8467311859130859, 3944
0.8467311859130859, 3943
0.8488724231719971, 3942
0.8488724231719971, 3941
0.8488724231719971, 3940
0.8488724231719971, 3939
0.8488724231719971, 3938
0.8488724231719971, 3937
0.8488724231719971, 3936
0.8488724231719971, 3935
0.8488724231719971, 3934
0.8488724231719971, 3933
0.8591208457946777, 3932
0.8591208457946777, 3931
0.8591208457946777, 3930
0.8591208457946777, 3929
0.8591208457946777, 3928
0.8591208457946777, 3927
0.8591208457946777, 3926
0.8591208457946777, 3925
0.8591208457946777, 3924
0.8591208457946777, 3923
0.8671684265136719, 3922
0.8672623634338379, 3921
0.8694033622741699, 3920
0.8694033622741699, 3919
0.8694033622741699, 3918
0.8694033622741699, 3917
0.8694033622741699, 3916
0.8694033622741699, 3915
0.8694033622741699, 3914
0.8774795532226562, 3913
0.8774795532226562, 3912
0.8774795532226562, 3911
0.8774795532226562, 3910
0.8795537948608398, 3909
0.8795537948608398, 3908
0.8795537948608398, 3907
0.8795537948608398, 3906
0.8795537948608398, 3905
0.8795537948608398, 3904
0.8795537948608398, 3903
0.8795537948608398, 3902
0.8795537948608398, 3901
0.8795537948608398, 3900
0.8876805305480957, 3899
0.8876805305480957, 3898
0.8898084163665771, 3897
0.8898084163665771, 3896
0.8898084163665771, 3895
0.8898084163665771, 3894
0.8898084163665771, 3893
0.8979308605194092, 3892
0.8979308605194092, 3891
0.9000744819641113, 3890
0.9000744819641113, 3889
0.9000744819641113, 3888
0.9000744819641113, 3887
0.9000744819641113, 3886
0.9103522300720215, 3885
0.9103522300720215, 3884
0.9103522300720215, 3883
0.9103522300720215, 3882
0.9103522300720215, 3881
0.9103522300720215, 3880
0.9103522300720215, 3879
0.918473482131958, 3878
0.9205458164215088, 3877
0.9205458164215088, 3876
0.9205458164215088, 3875
0.9205458164215088, 3874
0.9205458164215088, 3873
0.9205458164215088, 3872
0.9205458164215088, 3871
0.9205458164215088, 3870
0.9205458164215088, 3869
0.9205458164215088, 3868
0.9286878108978271, 3867
0.9286878108978271, 3866
0.9286878108978271, 3865
0.9308350086212158, 3864
0.9308350086212158, 3863
0.9308350086212158, 3862
0.9308350086212158, 3861
0.9389514923095703, 3860
0.9389514923095703, 3859
0.9410915374755859, 3858
0.9410915374755859, 3857
0.9410915374755859, 3856
0.9410915374755859, 3855
0.9410915374755859, 3854
0.9410915374755859, 3853
0.9410915374755859, 3852
0.9410915374755859, 3851
0.9410915374755859, 3850
0.9410915374755859, 3849
0.9410915374755859, 3848
0.949232816696167, 3847
0.951387882232666, 3846
0.951387882232666, 3845
0.951387882232666, 3844
0.951387882232666, 3843
0.951387882232666, 3842
0.951387882232666, 3841
0.951387882232666, 3840
0.959435224533081, 3839
0.9595110416412354, 3838
0.9595110416412354, 3837
0.9595110416412354, 3836
0.9616508483886719, 3835
0.9616508483886719, 3834
0.9616508483886719, 3833
0.9616508483886719, 3832
0.9616508483886719, 3831
0.9719314575195312, 3830
0.9719314575195312, 3829
0.9719314575195312, 3828
0.9719314575195312, 3827
0.9719314575195312, 3826
0.9800300598144531, 3825
0.9800300598144531, 3824
0.9800300598144531, 3823
0.9821765422821045, 3822
0.9821765422821045, 3821
0.9821765422821045, 3820
0.9821765422821045, 3819
0.9821765422821045, 3818
0.9821765422821045, 3817
0.9821765422821045, 3816
0.9821765422821045, 3815
0.9903159141540527, 3814
0.9903159141540527, 3813
0.9924557209014893, 3812
0.9924557209014893, 3811
0.9924557209014893, 3810
0.9924557209014893, 3809
0.9924557209014893, 3808
0.9924557209014893, 3807
1.0005016326904297, 3806
1.0005650520324707, 3805
1.0005650520324707, 3804
1.0005650520324707, 3803
1.0027096271514893, 3802
1.0027096271514893, 3801
1.0027096271514893, 3800
1.010852336883545, 3799
1.010852336883545, 3798
1.010852336883545, 3797
1.010852336883545, 3796
1.0129978656768799, 3795
1.0129978656768799, 3794
1.0129978656768799, 3793
1.0129978656768799, 3792
1.023118257522583, 3791
1.023118257522583, 3790
1.023118257522583, 3789
1.023118257522583, 3788
1.023118257522583, 3787
1.023118257522583, 3786
1.023118257522583, 3785
1.023118257522583, 3784
1.023118257522583, 3783
1.023118257522583, 3782
1.0312557220458984, 3781
1.0333983898162842, 3780
1.0333983898162842, 3779
1.0333983898162842, 3778
1.0333983898162842, 3777
1.0333983898162842, 3776
1.0333983898162842, 3775
1.0333983898162842, 3774
1.0333983898162842, 3773
1.0333983898162842, 3772
1.0415019989013672, 3771
1.0415019989013672, 3770
1.043654441833496, 3769
1.043654441833496, 3768
1.043654441833496, 3767
1.043654441833496, 3766
1.043654441833496, 3765
1.043654441833496, 3764
1.043654441833496, 3763
1.043654441833496, 3762
1.043654441833496, 3761
1.0517957210540771, 3760
1.0539426803588867, 3759
1.0539426803588867, 3758
1.0539426803588867, 3757
1.0539426803588867, 3756
1.0620219707489014, 3755
1.064162015914917, 3754
1.064162015914917, 3753
1.064162015914917, 3752
1.064162015914917, 3751
1.064162015914917, 3750
1.064162015914917, 3749
1.07444167137146, 3748
1.07444167137146, 3747
1.07444167137146, 3746
1.07444167137146, 3745
1.07444167137146, 3744
1.07444167137146, 3743
1.07444167137146, 3742
1.07444167137146, 3741
1.07444167137146, 3740
1.082524061203003, 3739
1.082524061203003, 3738
1.082524061203003, 3737
1.082524061203003, 3736
1.084672451019287, 3735
1.084672451019287, 3734
1.084672451019287, 3733
1.084672451019287, 3732
1.092822790145874, 3731
1.092822790145874, 3730
1.092822790145874, 3729
1.0948703289031982, 3728
1.0949654579162598, 3727
1.0949654579162598, 3726
1.0949654579162598, 3725
1.0949654579162598, 3724
1.0949654579162598, 3723
1.0949654579162598, 3722
1.0949654579162598, 3721
1.0949654579162598, 3720
1.1030912399291992, 3719
1.1030912399291992, 3718
1.1030912399291992, 3717
1.1052305698394775, 3716
1.1052305698394775, 3715
1.1052305698394775, 3714
1.1052305698394775, 3713
1.1133739948272705, 3712
1.1155142784118652, 3711
1.1155142784118652, 3710
1.1155142784118652, 3709
1.1155142784118652, 3708
1.1155142784118652, 3707
1.1155142784118652, 3706
1.1267292499542236, 3705
1.1267292499542236, 3704
1.1267292499542236, 3703
1.1267292499542236, 3702
1.1267292499542236, 3701
1.1348743438720703, 3700
1.1370129585266113, 3699
1.1370129585266113, 3698
1.1370129585266113, 3697
1.1370129585266113, 3696
1.1370129585266113, 3695
1.1370129585266113, 3694
1.1370129585266113, 3693
1.1370129585266113, 3692
1.1370129585266113, 3691
1.1451210975646973, 3690
1.1451210975646973, 3689
1.1472647190093994, 3688
1.1472647190093994, 3687
1.1472647190093994, 3686
1.1472647190093994, 3685
1.1472647190093994, 3684
1.1472647190093994, 3683
1.1575520038604736, 3682
1.1575520038604736, 3681
1.1575520038604736, 3680
1.1575520038604736, 3679
1.1656298637390137, 3678
1.1656298637390137, 3677
1.1656298637390137, 3676
1.1656298637390137, 3675
1.1677772998809814, 3674
1.1677772998809814, 3673
1.1677772998809814, 3672
1.1677772998809814, 3671
1.1759157180786133, 3670
1.1759157180786133, 3669
1.1759157180786133, 3668
1.1780586242675781, 3667
1.1780586242675781, 3666
1.1780586242675781, 3665
1.1780586242675781, 3664
1.186145544052124, 3663
1.186145544052124, 3662
1.1882853507995605, 3661
1.1882853507995605, 3660
1.1882853507995605, 3659
1.1882853507995605, 3658
1.1882853507995605, 3657
1.1882853507995605, 3656
1.1882853507995605, 3655
1.1882853507995605, 3654
1.1882853507995605, 3653
1.1882853507995605, 3652
1.1882853507995605, 3651
1.1882853507995605, 3650
1.1882853507995605, 3649
1.1882853507995605, 3648
1.1985716819763184, 3647
1.1985716819763184, 3646
1.1985716819763184, 3645
1.1985716819763184, 3644
1.1985716819763184, 3643
1.1985716819763184, 3642
1.2087664604187012, 3641
1.2087664604187012, 3640
1.2087664604187012, 3639
1.2087664604187012, 3638
1.2087664604187012, 3637
1.2087664604187012, 3636
1.2087664604187012, 3635
1.216785192489624, 3634
1.2194182872772217, 3633
1.2194182872772217, 3632
1.2194182872772217, 3631
1.2194182872772217, 3630
1.2194182872772217, 3629
1.2273545265197754, 3628
1.2273545265197754, 3627
1.2296116352081299, 3626
1.2296116352081299, 3625
1.2296116352081299, 3624
1.2296116352081299, 3623
1.2375786304473877, 3622
1.2375786304473877, 3621
1.2375786304473877, 3620
1.2375786304473877, 3619
1.2375786304473877, 3618
1.2456705570220947, 3617
1.2456705570220947, 3616
1.2456705570220947, 3615
1.2456705570220947, 3614
1.2456705570220947, 3613
1.2456705570220947, 3612
1.2456705570220947, 3611
1.2456705570220947, 3610
1.2537436485290527, 3609
1.2537436485290527, 3608
1.2537436485290527, 3607
1.2587530612945557, 3606
1.2587530612945557, 3605
1.2598938941955566, 3604
1.2609472274780273, 3603
1.2610340118408203, 3602
1.2610340118408203, 3601
1.265925645828247, 3600
1.265925645828247, 3599
1.2682056427001953, 3598
1.2682056427001953, 3597
1.2693626880645752, 3596
1.2705228328704834, 3595
1.2741529941558838, 3594
1.2741529941558838, 3593
1.2741529941558838, 3592
1.2741529941558838, 3591
1.2741529941558838, 3590
1.2862632274627686, 3589
1.2862632274627686, 3588
1.2887239456176758, 3587
1.2887239456176758, 3586
1.2887239456176758, 3585
1.2887239456176758, 3584
1.294304370880127, 3583
1.296375036239624, 3582
1.296375036239624, 3581
1.296375036239624, 3580
1.296375036239624, 3579
1.3065736293792725, 3578
1.3065736293792725, 3577
1.3065736293792725, 3576
1.3065736293792725, 3575
1.3065736293792725, 3574
1.314662218093872, 3573
1.3167386054992676, 3572
1.3167386054992676, 3571
1.3167386054992676, 3570
1.3167386054992676, 3569
1.3167386054992676, 3568
1.3167386054992676, 3567
1.3248205184936523, 3566
1.3248205184936523, 3565
1.3268890380859375, 3564
1.3268890380859375, 3563
1.3268890380859375, 3562
1.3268890380859375, 3561
1.3268890380859375, 3560
1.3268890380859375, 3559
1.3268890380859375, 3558
1.334956407546997, 3557
1.337024450302124, 3556
1.337024450302124, 3555
1.337024450302124, 3554
1.337024450302124, 3553
1.337024450302124, 3552
1.337024450302124, 3551
1.337024450302124, 3550
1.3456225395202637, 3549
1.3471946716308594, 3548
1.3471946716308594, 3547
1.3471946716308594, 3546
1.3471946716308594, 3545
1.355144739151001, 3544
1.355144739151001, 3543
1.355144739151001, 3542
1.355144739151001, 3541
1.355144739151001, 3540
1.3632044792175293, 3539
1.3632044792175293, 3538
1.3632044792175293, 3537
1.3632044792175293, 3536
1.3687334060668945, 3535
1.3687334060668945, 3534
1.3687334060668945, 3533
1.3733837604522705, 3532
1.3733837604522705, 3531
1.3733837604522705, 3530
1.3733837604522705, 3529
1.3733837604522705, 3528
1.3733837604522705, 3527
1.3733837604522705, 3526
1.381457805633545, 3525
1.383528232574463, 3524
1.383528232574463, 3523
1.383528232574463, 3522
1.383528232574463, 3521
1.383528232574463, 3520
1.383528232574463, 3519
1.383528232574463, 3518
1.383528232574463, 3517
1.3915963172912598, 3516
1.3915963172912598, 3515
1.3915963172912598, 3514
1.3915963172912598, 3513
1.3936619758605957, 3512
1.3936619758605957, 3511
1.3936619758605957, 3510
1.403804063796997, 3509
1.4139411449432373, 3508
1.4139411449432373, 3507
1.4139411449432373, 3506
1.4139411449432373, 3505
1.4139411449432373, 3504
1.4139411449432373, 3503
1.4139411449432373, 3502
1.4139411449432373, 3501
1.4139411449432373, 3500
1.4220263957977295, 3499
1.4241085052490234, 3498
1.4241085052490234, 3497
1.4241085052490234, 3496
1.4321844577789307, 3495
1.4321844577789307, 3494
1.4321844577789307, 3493
1.434253454208374, 3492
1.434253454208374, 3491
1.434253454208374, 3490
1.434253454208374, 3489
1.434253454208374, 3488
1.434253454208374, 3487
1.434253454208374, 3486
1.4423067569732666, 3485
1.4443767070770264, 3484
1.4443767070770264, 3483
1.4443767070770264, 3482
1.4443767070770264, 3481
1.4443767070770264, 3480
1.4545109272003174, 3479
1.4545109272003174, 3478
1.4545109272003174, 3477
1.4545109272003174, 3476
1.4545109272003174, 3475
1.4545109272003174, 3474
1.4545109272003174, 3473
1.4625918865203857, 3472
1.4646601676940918, 3471
1.474794864654541, 3470
1.474794864654541, 3469
1.474794864654541, 3468
1.474794864654541, 3467
1.474794864654541, 3466
1.474794864654541, 3465
1.4828784465789795, 3464
1.4849445819854736, 3463
1.4849445819854736, 3462
1.4849445819854736, 3461
1.4849445819854736, 3460
1.4849445819854736, 3459
1.4849445819854736, 3458
1.4849445819854736, 3457
1.4950833320617676, 3456
1.4950833320617676, 3455
1.4950833320617676, 3454
1.4950833320617676, 3453
1.5052285194396973, 3452
1.5052285194396973, 3451
1.5052285194396973, 3450
1.5052285194396973, 3449
1.5052285194396973, 3448
1.5132970809936523, 3447
1.5153617858886719, 3446
1.5153617858886719, 3445
1.5153617858886719, 3444
1.5153617858886719, 3443
1.5153617858886719, 3442
1.5153617858886719, 3441
1.5153617858886719, 3440
1.5153617858886719, 3439
1.5234382152557373, 3438
1.5234382152557373, 3437
1.5255053043365479, 3436
1.5255053043365479, 3435
1.5255053043365479, 3434
1.5255053043365479, 3433
1.5255053043365479, 3432
1.5255053043365479, 3431
1.5255053043365479, 3430
1.5255053043365479, 3429
1.5255053043365479, 3428
1.5335729122161865, 3427
1.5356380939483643, 3426
1.5356380939483643, 3425
1.5356380939483643, 3424
1.5356380939483643, 3423
1.5457942485809326, 3422
1.5457942485809326, 3421
1.553861379623413, 3420
1.5559277534484863, 3419
1.566255807876587, 3418
1.566255807876587, 3417
1.566255807876587, 3416
1.566255807876587, 3415
1.566255807876587, 3414
1.5764436721801758, 3413
1.5764436721801758, 3412
1.5764436721801758, 3411
1.5764436721801758, 3410
1.5764436721801758, 3409
1.5764436721801758, 3408
1.5845134258270264, 3407
1.5845134258270264, 3406
1.5845134258270264, 3405
1.5865814685821533, 3404
1.5865814685821533, 3403
1.5865814685821533, 3402
1.5865814685821533, 3401
1.5865814685821533, 3400
1.5865814685821533, 3399
1.5967254638671875, 3398
1.5967254638671875, 3397
1.5967254638671875, 3396
1.5967254638671875, 3395
1.5967254638671875, 3394
1.604790210723877, 3393
1.604790210723877, 3392
1.6068589687347412, 3391
1.6068589687347412, 3390
1.6068589687347412, 3389
1.6068589687347412, 3388
1.6068589687347412, 3387
1.6068589687347412, 3386
1.6068589687347412, 3385
1.6068589687347412, 3384
1.6068589687347412, 3383
1.617018222808838, 3382
1.617018222808838, 3381
1.6271576881408691, 3380
1.6271576881408691, 3379
1.6271576881408691, 3378
1.6372601985931396, 3377
1.6372601985931396, 3376
1.6372601985931396, 3375
1.6372601985931396, 3374
1.6453275680541992, 3373
1.6473932266235352, 3372
1.6554844379425049, 3371
1.6554844379425049, 3370
1.6575722694396973, 3369
1.6575722694396973, 3368
1.6656403541564941, 3367
1.6677062511444092, 3366
1.6677062511444092, 3365
1.6677062511444092, 3364
1.6677062511444092, 3363
1.675739049911499, 3362
1.677809715270996, 3361
1.677809715270996, 3360
1.677809715270996, 3359
1.677809715270996, 3358
1.6858761310577393, 3357
1.6858761310577393, 3356
1.6879467964172363, 3355
1.6879467964172363, 3354
1.6879467964172363, 3353
1.6879467964172363, 3352
1.6879467964172363, 3351
1.6879467964172363, 3350
1.6879467964172363, 3349
1.6879467964172363, 3348
1.696584701538086, 3347
1.6981592178344727, 3346
1.6981592178344727, 3345
1.6981592178344727, 3344
1.6981592178344727, 3343
1.6981592178344727, 3342
1.7061102390289307, 3341
1.7061102390289307, 3340
1.7061102390289307, 3339
1.7061102390289307, 3338
1.7061102390289307, 3337
1.7141692638397217, 3336
1.7221226692199707, 3335
1.7221226692199707, 3334
1.7221226692199707, 3333
1.7221226692199707, 3332
1.730189323425293, 3331
1.730189323425293, 3330
1.7382209300994873, 3329
1.740288496017456, 3328
1.740288496017456, 3327
1.740288496017456, 3326
1.7483563423156738, 3325
1.7504262924194336, 3324
1.7504262924194336, 3323
1.7504262924194336, 3322
1.7585155963897705, 3321
1.7585155963897705, 3320
1.7585155963897705, 3319
1.760585069656372, 3318
1.760585069656372, 3317
1.760585069656372, 3316
1.760585069656372, 3315
1.760585069656372, 3314
1.760585069656372, 3313
1.760585069656372, 3312
1.7707204818725586, 3311
1.7707204818725586, 3310
1.780857801437378, 3309
1.780857801437378, 3308
1.7909877300262451, 3307
1.7909877300262451, 3306
1.7909877300262451, 3305
1.7909877300262451, 3304
1.7990202903747559, 3303
1.8010883331298828, 3302
1.8010883331298828, 3301
1.8010883331298828, 3300
1.809154987335205, 3299
1.809154987335205, 3298
1.809154987335205, 3297
1.8213834762573242, 3296
1.8213834762573242, 3295
1.8294551372528076, 3294
1.8315210342407227, 3293
1.8315210342407227, 3292
1.8315210342407227, 3291
1.8315210342407227, 3290
1.8315210342407227, 3289
1.8315210342407227, 3288
1.8315210342407227, 3287
1.8315210342407227, 3286
1.8396143913269043, 3285
1.8396143913269043, 3284
1.8416805267333984, 3283
1.8416805267333984, 3282
1.8416805267333984, 3281
1.849750280380249, 3280
1.849750280380249, 3279
1.851818323135376, 3278
1.851818323135376, 3277
1.851818323135376, 3276
1.851818323135376, 3275
1.851818323135376, 3274
1.8630197048187256, 3273
1.8630197048187256, 3272
1.8630197048187256, 3271
1.870969533920288, 3270
1.870969533920288, 3269
1.8790299892425537, 3268
1.8790299892425537, 3267
1.8790299892425537, 3266
1.8790299892425537, 3265
1.88531494140625, 3264
1.88531494140625, 3263
1.88531494140625, 3262
1.8873584270477295, 3261
1.8894259929656982, 3260
1.8894259929656982, 3259
1.8894259929656982, 3258
1.8999683856964111, 3257
1.8999683856964111, 3256
1.8999683856964111, 3255
1.8999683856964111, 3254
1.8999683856964111, 3253
1.8999683856964111, 3252
1.910102128982544, 3251
1.910102128982544, 3250
1.9202678203582764, 3249
1.9202678203582764, 3248
1.9202678203582764, 3247
1.9304046630859375, 3246
1.9304046630859375, 3245
1.9304046630859375, 3244
1.9384474754333496, 3243
1.9405279159545898, 3242
1.9405279159545898, 3241
1.9405279159545898, 3240
1.9405279159545898, 3239
1.948601484298706, 3238
1.950666904449463, 3237
1.950666904449463, 3236
1.9586756229400635, 3235
1.9609010219573975, 3234
1.9609010219573975, 3233
1.9609010219573975, 3232
1.9609010219573975, 3231
1.971189022064209, 3230
1.971189022064209, 3229
1.971189022064209, 3228
1.979316234588623, 3227
1.979316234588623, 3226
1.9814589023590088, 3225
1.9814589023590088, 3224
1.9814589023590088, 3223
1.9814589023590088, 3222
1.9896032810211182, 3221
1.9896032810211182, 3220
1.991743803024292, 3219
1.9998366832733154, 3218
2.0019888877868652, 3217
2.0019888877868652, 3216
2.0019888877868652, 3215
2.0019888877868652, 3214
2.010143518447876, 3213
2.01228404045105, 3212
2.01228404045105, 3211
2.01228404045105, 3210
2.01228404045105, 3209
2.023360013961792, 3208
2.0268051624298096, 3207
2.028996229171753, 3206
2.028996229171753, 3205
2.0316991806030273, 3204
2.0328381061553955, 3203
2.0361814498901367, 3202
2.042891263961792, 3201
2.042891263961792, 3200
2.042891263961792, 3199
2.042891263961792, 3198
2.042891263961792, 3197
2.042891263961792, 3196
2.042891263961792, 3195
2.0510330200195312, 3194
2.0510330200195312, 3193
2.0510330200195312, 3192
2.0510330200195312, 3191
2.0510330200195312, 3190
2.0531387329101562, 3189
2.0531387329101562, 3188
2.0612831115722656, 3187
2.0634217262268066, 3186
2.0634217262268066, 3185
2.0634217262268066, 3184
2.0634217262268066, 3183
2.0634217262268066, 3182
2.0634217262268066, 3181
2.071465492248535, 3180
2.0736019611358643, 3179
2.0736019611358643, 3178
2.0817439556121826, 3177
2.083890914916992, 3176
2.083890914916992, 3175
2.083890914916992, 3174
2.083890914916992, 3173
2.083890914916992, 3172
2.083890914916992, 3171
2.083890914916992, 3170
2.0941500663757324, 3169
2.0941500663757324, 3168
2.0941500663757324, 3167
2.102292776107788, 3166
2.1044323444366455, 3165
2.1044323444366455, 3164
2.1044323444366455, 3163
2.1146605014801025, 3162
2.1146605014801025, 3161
2.1146605014801025, 3160
2.1146605014801025, 3159
2.1249465942382812, 3158
2.1249465942382812, 3157
2.1249465942382812, 3156
2.1249465942382812, 3155
2.1249465942382812, 3154
2.1249465942382812, 3153
2.1351711750030518, 3152
2.1351711750030518, 3151
2.1351711750030518, 3150
2.1351711750030518, 3149
2.1351711750030518, 3148
2.1351711750030518, 3147
2.143311023712158, 3146
2.143311023712158, 3145
2.1454524993896484, 3144
2.1454524993896484, 3143
2.1454524993896484, 3142
2.1454524993896484, 3141
2.1454524993896484, 3140
2.1454524993896484, 3139
2.1556930541992188, 3138
2.1659748554229736, 3137
2.1659748554229736, 3136
2.1659748554229736, 3135
2.174048662185669, 3134
2.174048662185669, 3133
2.176187515258789, 3132
2.176187515258789, 3131
2.176187515258789, 3130
2.176187515258789, 3129
2.1864736080169678, 3128
2.1864736080169678, 3127
2.1864736080169678, 3126
2.1864736080169678, 3125
2.1864736080169678, 3124
2.1864736080169678, 3123
2.1864736080169678, 3122
2.1945831775665283, 3121
2.196706771850586, 3120
2.196706771850586, 3119
2.196706771850586, 3118
2.2047297954559326, 3117
2.2047297954559326, 3116
2.2047297954559326, 3115
2.2128279209136963, 3114
2.2128279209136963, 3113
2.2128279209136963, 3112
2.220777750015259, 3111
2.220777750015259, 3110
2.220777750015259, 3109
2.228879928588867, 3108
2.228879928588867, 3107
2.228879928588867, 3106
2.228879928588867, 3105
2.228879928588867, 3104
2.236912965774536, 3103
2.239053249359131, 3102
2.239053249359131, 3101
2.239053249359131, 3100
2.239053249359131, 3099
2.239053249359131, 3098
2.2493340969085693, 3097
2.2493340969085693, 3096
2.2493340969085693, 3095
2.2493340969085693, 3094
2.2574265003204346, 3093
2.259566068649292, 3092
2.259566068649292, 3091
2.259566068649292, 3090
2.259566068649292, 3089
2.259566068649292, 3088
2.259566068649292, 3087
2.2677083015441895, 3086
2.2677083015441895, 3085
2.2698469161987305, 3084
2.2779312133789062, 3083
2.2779312133789062, 3082
2.28007435798645, 3081
2.28007435798645, 3080
2.28007435798645, 3079
2.28007435798645, 3078
2.28007435798645, 3077
2.28007435798645, 3076
2.290363311767578, 3075
2.290363311767578, 3074
2.290363311767578, 3073
2.2984821796417236, 3072
2.2984821796417236, 3071
2.3006231784820557, 3070
2.3006231784820557, 3069
2.3087635040283203, 3068
2.3109171390533447, 3067
2.3109171390533447, 3066
2.3109171390533447, 3065
2.3190295696258545, 3064
2.321171998977661, 3063
2.321171998977661, 3062
2.321171998977661, 3061
2.321171998977661, 3060
2.32930326461792, 3059
2.32930326461792, 3058
2.3314456939697266, 3057
2.3416748046875, 3056
2.3498308658599854, 3055
2.3498308658599854, 3054
2.351973533630371, 3053
2.351973533630371, 3052
2.351973533630371, 3051
2.351973533630371, 3050
2.351973533630371, 3049
2.351973533630371, 3048
2.362215757369995, 3047
2.362215757369995, 3046
2.362215757369995, 3045
2.362215757369995, 3044
2.362215757369995, 3043
2.362215757369995, 3042
2.3725080490112305, 3041
2.3725080490112305, 3040
2.3725080490112305, 3039
2.3725080490112305, 3038
2.3725080490112305, 3037
2.3725080490112305, 3036
2.3725080490112305, 3035
2.382716178894043, 3034
2.382716178894043, 3033
2.382716178894043, 3032
2.393005132675171, 3031
2.393005132675171, 3030
2.393005132675171, 3029
2.393005132675171, 3028
2.401991128921509, 3027
2.403146505355835, 3026
2.403146505355835, 3025
2.411284923553467, 3024
2.4134278297424316, 3023
2.42155122756958, 3022
2.423682928085327, 3021
2.423682928085327, 3020
2.4318313598632812, 3019
2.4318313598632812, 3018
2.4318313598632812, 3017
2.433973789215088, 3016
2.44223952293396, 3015
2.44223952293396, 3014
2.44223952293396, 3013
2.4523355960845947, 3012
2.4523355960845947, 3011
2.4523355960845947, 3010
2.4523355960845947, 3009
2.4523355960845947, 3008
2.4523355960845947, 3007
2.4523355960845947, 3006
2.468010663986206, 3005
2.468010663986206, 3004
2.468010663986206, 3003
2.468010663986206, 3002
2.468010663986206, 3001
2.468010663986206, 3000
2.483633041381836, 2999
2.483633041381836, 2998
2.5018537044525146, 2997
2.502999782562256, 2996
2.504150152206421, 2995
2.508725643157959, 2994
2.5110080242156982, 2993
2.512053966522217, 2992
2.5121495723724365, 2991
2.5143442153930664, 2990
2.5143442153930664, 2989
2.5143442153930664, 2988
2.5143442153930664, 2987
2.5143442153930664, 2986
2.5143442153930664, 2985
2.5143442153930664, 2984
2.530017137527466, 2983
2.530017137527466, 2982
2.530017137527466, 2981
2.530017137527466, 2980
2.545604944229126, 2979
2.5526535511016846, 2978
2.5526535511016846, 2977
2.5526535511016846, 2976
2.568326950073242, 2975
2.568326950073242, 2974
2.568326950073242, 2973
2.568326950073242, 2972
2.568326950073242, 2971
2.568326950073242, 2970
2.568326950073242, 2969
2.583950996398926, 2968
2.583950996398926, 2967
2.583950996398926, 2966
2.583950996398926, 2965
2.5995776653289795, 2964
2.5995776653289795, 2963
2.615201711654663, 2962
2.615201711654663, 2961
2.615201711654663, 2960
2.615201711654663, 2959
2.615201711654663, 2958
2.615201711654663, 2957
2.630829095840454, 2956
2.630829095840454, 2955
2.630829095840454, 2954
2.630829095840454, 2953
2.630829095840454, 2952
2.630829095840454, 2951
2.630829095840454, 2950
2.6464524269104004, 2949
2.6464524269104004, 2948
2.655104875564575, 2947
2.655104875564575, 2946
2.655104875564575, 2945
2.665283203125, 2944
2.665283203125, 2943
2.673356294631958, 2942
2.6754262447357178, 2941
2.6754262447357178, 2940
2.685572385787964, 2939
2.685572385787964, 2938
2.685572385787964, 2937
2.685572385787964, 2936
2.685572385787964, 2935
2.6957151889801025, 2934
2.6957151889801025, 2933
2.7059805393218994, 2932
2.7059805393218994, 2931
2.713998556137085, 2930
2.7162153720855713, 2929
2.7162153720855713, 2928
2.7162153720855713, 2927
2.7242398262023926, 2926
2.7242398262023926, 2925
2.740294933319092, 2924
2.752929210662842, 2923
2.752929210662842, 2922
2.752929210662842, 2921
2.752929210662842, 2920
2.7631168365478516, 2919
2.7631168365478516, 2918
2.7631168365478516, 2917
2.7732479572296143, 2916
2.7813398838043213, 2915
2.783409833908081, 2914
2.7935476303100586, 2913
2.7935476303100586, 2912
2.8016438484191895, 2911
2.8037116527557373, 2910
2.8037116527557373, 2909
2.8037116527557373, 2908
2.8138463497161865, 2907
2.8138463497161865, 2906
2.8138463497161865, 2905
2.8138463497161865, 2904
2.8138463497161865, 2903
2.8138463497161865, 2902
2.8219246864318848, 2901
2.8239879608154297, 2900
2.8341307640075684, 2899
2.8341307640075684, 2898
2.8341307640075684, 2897
2.8341307640075684, 2896
2.8341307640075684, 2895
2.8341307640075684, 2894
2.8341307640075684, 2893
2.8443243503570557, 2892
2.8443243503570557, 2891
2.8443243503570557, 2890
2.8443243503570557, 2889
2.8443243503570557, 2888
2.8443243503570557, 2887
2.85239315032959, 2886
2.862537384033203, 2885
2.8646066188812256, 2884
2.8646066188812256, 2883
2.8646066188812256, 2882
2.8747427463531494, 2881
2.882882595062256, 2880
2.882882595062256, 2879
2.895089626312256, 2878
2.895089626312256, 2877
2.895089626312256, 2876
2.9052722454071045, 2875
2.9133431911468506, 2874
2.9154093265533447, 2873
2.9154093265533447, 2872
2.9154093265533447, 2871
2.9154093265533447, 2870
2.9239280223846436, 2869
2.9255003929138184, 2868
2.9255003929138184, 2867
2.933523654937744, 2866
2.9517242908477783, 2865
2.959737539291382, 2864
2.959737539291382, 2863
2.959737539291382, 2862
2.9677672386169434, 2861
2.9677672386169434, 2860
2.9779000282287598, 2859
2.9779000282287598, 2858
2.9880528450012207, 2857
2.9880528450012207, 2856
2.9880528450012207, 2855
2.9880528450012207, 2854
2.9961180686950684, 2853
2.9981846809387207, 2852
2.9981846809387207, 2851
2.9981846809387207, 2850
3.0062975883483887, 2849
3.0083670616149902, 2848
3.0185070037841797, 2847
3.0185070037841797, 2846
3.0185070037841797, 2845
3.0185070037841797, 2844
3.0185070037841797, 2843
3.0185070037841797, 2842
3.0185070037841797, 2841
3.0286574363708496, 2840
3.0286574363708496, 2839
3.0286574363708496, 2838
3.0367252826690674, 2837
3.0367252826690674, 2836
3.0387959480285645, 2835
3.0387959480285645, 2834
3.0387959480285645, 2833
3.0387959480285645, 2832
3.0489704608917236, 2831
3.0489704608917236, 2830
3.059105157852173, 2829
3.0692806243896484, 2828
3.0692806243896484, 2827
3.0794146060943604, 2826
3.0794146060943604, 2825
3.0794146060943604, 2824
3.0794146060943604, 2823
3.0794146060943604, 2822
3.0895564556121826, 2821
3.0895800590515137, 2820
3.0895800590515137, 2819
3.0895800590515137, 2818
3.0997133255004883, 2817
3.0997133255004883, 2816
3.0997133255004883, 2815
3.1077940464019775, 2814
3.109862804412842, 2813
3.109862804412842, 2812
3.1179380416870117, 2811
3.1301636695861816, 2810
3.1301636695861816, 2809
3.1301636695861816, 2808
3.1382293701171875, 2807
3.1382293701171875, 2806
3.1403000354766846, 2805
3.1403000354766846, 2804
3.150850534439087, 2803
3.150850534439087, 2802
3.150850534439087, 2801
3.150850534439087, 2800
3.150850534439087, 2799
3.150850534439087, 2798
3.160982847213745, 2797
3.160982847213745, 2796
3.171149253845215, 2795
3.171149253845215, 2794
3.181285858154297, 2793
3.1898930072784424, 2792
3.1914799213409424, 2791
3.19941782951355, 2790
3.19941782951355, 2789
3.207416534423828, 2788
3.2094714641571045, 2787
3.2094714641571045, 2786
3.211521863937378, 2785
3.211521863937378, 2784
3.2194807529449463, 2783
3.2274816036224365, 2782
3.2274816036224365, 2781
3.2354812622070312, 2780
3.2366340160369873, 2779
3.2376840114593506, 2778
3.2406105995178223, 2777
3.244039535522461, 2776
3.2461965084075928, 2775
3.2461965084075928, 2774
3.2557477951049805, 2773
3.257859468460083, 2772
3.257859468460083, 2771
3.257859468460083, 2770
3.268150806427002, 2769
3.268150806427002, 2768
3.2783167362213135, 2767
3.2783167362213135, 2766
3.2884514331817627, 2765
3.2884514331817627, 2764
3.2884514331817627, 2763
3.2964844703674316, 2762
3.308689594268799, 2761
3.308689594268799, 2760
3.3167715072631836, 2759
3.3269081115722656, 2758
3.3289742469787598, 2757
3.3289742469787598, 2756
3.337068796157837, 2755
3.337068796157837, 2754
3.339144229888916, 2753
3.339144229888916, 2752
3.339144229888916, 2751
3.339144229888916, 2750
3.367400646209717, 2749
3.377540111541748, 2748
3.3878424167633057, 2747
3.3899898529052734, 2746
3.3899898529052734, 2745
3.4002585411071777, 2744
3.4002585411071777, 2743
3.4002585411071777, 2742
3.4207918643951416, 2741
3.431101083755493, 2740
3.461775064468384, 2739
3.469724178314209, 2738
3.477806568145752, 2737
3.477806568145752, 2736
3.4878571033477783, 2735
3.4878571033477783, 2734
3.4878571033477783, 2733
3.4980850219726562, 2732
3.4980850219726562, 2731
3.5083725452423096, 2730
3.5083725452423096, 2729
3.5164637565612793, 2728
3.518596887588501, 2727
3.518596887588501, 2726
3.528879165649414, 2725
3.5472264289855957, 2724
3.549367666244507, 2723
3.5595321655273438, 2722
3.559627056121826, 2721
3.559627056121826, 2720
3.559627056121826, 2719
3.569918155670166, 2718
3.569918155670166, 2717
3.569918155670166, 2716
3.580141544342041, 2715
3.580141544342041, 2714
3.580141544342041, 2713
3.580141544342041, 2712
3.5881896018981934, 2711
3.588290214538574, 2710
3.590430974960327, 2709
3.6006782054901123, 2708
3.6006782054901123, 2707
3.6006782054901123, 2706
3.6190497875213623, 2705
3.6211907863616943, 2704
3.6211907863616943, 2703
3.6211907863616943, 2702
3.629333972930908, 2701
3.6417086124420166, 2700
3.6417086124420166, 2699
3.652017593383789, 2698
3.652017593383789, 2697
3.662247657775879, 2696
3.6827573776245117, 2695
3.6827573776245117, 2694
3.6930415630340576, 2693
3.6930415630340576, 2692
3.6930415630340576, 2691
3.7016963958740234, 2690
3.7016963958740234, 2689
3.7032690048217773, 2688
3.7112979888916016, 2687
3.7112979888916016, 2686
3.7188355922698975, 2685
3.72904109954834, 2684
3.7369885444641113, 2683
3.755526542663574, 2682
3.755526542663574, 2681
3.755526542663574, 2680
3.7636666297912598, 2679
3.765807628631592, 2678
3.765807628631592, 2677
3.773895740509033, 2676
3.7943897247314453, 2675
3.7943897247314453, 2674
3.796534299850464, 2673
3.80682635307312, 2672
3.814934253692627, 2671
3.8170416355133057, 2670
3.8170416355133057, 2669
3.8170416355133057, 2668
3.827331066131592, 2667
3.8374886512756348, 2666
3.8374886512756348, 2665
3.8477752208709717, 2664
3.8477752208709717, 2663
3.8580124378204346, 2662
3.868298292160034, 2661
3.878552198410034, 2660
3.886685609817505, 2659
3.886685609817505, 2658
3.8888144493103027, 2657
3.8888144493103027, 2656
3.8888144493103027, 2655
3.8888144493103027, 2654
3.89902925491333, 2653
3.9093241691589355, 2652
3.9093241691589355, 2651
3.9093241691589355, 2650
3.9195966720581055, 2649
3.9195966720581055, 2648
3.9277408123016357, 2647
3.948188304901123, 2646
3.948188304901123, 2645
3.970841646194458, 2644
3.9888601303100586, 2643
4.007189989089966, 2642
4.015296936035156, 2641
4.015296936035156, 2640
4.017437934875488, 2639
4.017437934875488, 2638
4.017437934875488, 2637
4.037992000579834, 2636
4.037992000579834, 2635
4.037992000579834, 2634
4.04827618598938, 2633
4.058406591415405, 2632
4.0585126876831055, 2631
4.079025745391846, 2630
4.079025745391846, 2629
4.089317798614502, 2628
4.089317798614502, 2627
4.0995519161224365, 2626
4.120060205459595, 2625
4.15087890625, 2624
4.15087890625, 2623
4.161123037338257, 2622
4.16926121711731, 2621
4.1714088916778564, 2620
4.1714088916778564, 2619
4.1714088916778564, 2618
4.1714088916778564, 2617
4.181537389755249, 2616
4.181633472442627, 2615
4.181633472442627, 2614
4.181633472442627, 2613
4.20050048828125, 2612
4.203073501586914, 2611
4.203073501586914, 2610
4.203073501586914, 2609
4.210221529006958, 2608
4.210221529006958, 2607
4.212367057800293, 2606
4.2433929443359375, 2605
4.251309394836426, 2604
4.253525733947754, 2603
4.261483669281006, 2602
4.261483669281006, 2601
4.269603252410889, 2600
4.269603252410889, 2599
4.27753210067749, 2598
4.27753210067749, 2597
4.295851230621338, 2596
4.306068420410156, 2595
4.316344261169434, 2594
4.32659125328064, 2593
4.32659125328064, 2592
4.336874961853027, 2591
4.336874961853027, 2590
4.347094535827637, 2589
4.35737419128418, 2588
4.367930889129639, 2587
4.367930889129639, 2586
4.367930889129639, 2585
4.388454437255859, 2584
4.398740291595459, 2583
4.398740291595459, 2582
4.398740291595459, 2581
4.4068284034729, 2580
4.408970832824707, 2579
4.419245958328247, 2578
4.419245958328247, 2577
4.419245958328247, 2576
4.429485082626343, 2575
4.447879314422607, 2574
4.460298538208008, 2573
4.460298538208008, 2572
4.460298538208008, 2571
4.470548868179321, 2570
4.470548868179321, 2569
4.491040468215942, 2568
4.491040468215942, 2567
4.501329660415649, 2566
4.510018348693848, 2565
4.511672735214233, 2564
4.511672735214233, 2563
4.548093557357788, 2562
4.558382034301758, 2561
4.558382034301758, 2560
4.558382034301758, 2559
4.558382034301758, 2558
4.568609714508057, 2557
4.576748371124268, 2556
4.57888650894165, 2555
4.57888650894165, 2554
4.57888650894165, 2553
4.58908224105835, 2552
4.599372863769531, 2551
4.619871616363525, 2550
4.630087614059448, 2549
4.630087614059448, 2548
4.640375852584839, 2547
4.648460865020752, 2546
4.650601148605347, 2545
4.660887002944946, 2544
4.679269790649414, 2543
4.68140983581543, 2542
4.690051317214966, 2541
4.691634178161621, 2540
4.701988935470581, 2539
4.754090785980225, 2538
4.754090785980225, 2537
4.765726566314697, 2536
4.775906562805176, 2535
4.775906562805176, 2534
4.775906562805176, 2533
4.786195278167725, 2532
4.794310808181763, 2531
4.806735515594482, 2530
4.816957712173462, 2529
4.82724666595459, 2528
4.82724666595459, 2527
4.847748517990112, 2526
4.847748517990112, 2525
4.9275946617126465, 2524
4.9275946617126465, 2523
4.929734945297241, 2522
4.939997911453247, 2521
4.96054220199585, 2520
4.9707560539245605, 2519
4.981300354003906, 2518
4.989445686340332, 2517
5.020052909851074, 2516
5.022211074829102, 2515
5.032492160797119, 2514
5.041026592254639, 2513
5.050621747970581, 2512
5.050621747970581, 2511
5.050621747970581, 2510
5.077131986618042, 2509
5.079273700714111, 2508
5.079273700714111, 2507
5.0873682498931885, 2506
5.110044717788696, 2505
5.128422975540161, 2504
5.130563974380493, 2503
5.130563974380493, 2502
5.140843152999878, 2501
5.161372184753418, 2500
5.161372184753418, 2499
5.1920154094696045, 2498
5.202272415161133, 2497
5.21248722076416, 2496
5.220451593399048, 2495
5.228482007980347, 2494
5.236602067947388, 2493
5.259199380874634, 2492
5.259199380874634, 2491
5.269478797912598, 2490
5.286676645278931, 2489
5.300305366516113, 2488
5.310572624206543, 2487
5.310572624206543, 2486
5.339224338531494, 2485
5.341375827789307, 2484
5.341375827789307, 2483
5.3494603633880615, 2482
5.351597309112549, 2481
5.351597309112549, 2480
5.361878156661987, 2479
5.361878156661987, 2478
5.361878156661987, 2477
5.423431634902954, 2476
5.423431634902954, 2475
5.433656454086304, 2474
5.44393253326416, 2473
5.454185724258423, 2472
5.464471101760864, 2471
5.474700689315796, 2470
5.474700689315796, 2469
5.493057489395142, 2468
5.5157470703125, 2467
5.5238940715789795, 2466
5.526033639907837, 2465
5.536274194717407, 2464
5.5465617179870605, 2463
5.5465617179870605, 2462
5.577288866043091, 2461
5.6011643409729, 2460
5.6011643409729, 2459
5.603235483169556, 2458
5.603235483169556, 2457
5.613445281982422, 2456
5.633993864059448, 2455
5.664817571640015, 2454
5.675043344497681, 2453
5.68532395362854, 2452
5.7194414138793945, 2451
5.737741231918335, 2450
5.79929780960083, 2449
5.79929780960083, 2448
5.817662000656128, 2447
5.830089092254639, 2446
5.840318918228149, 2445
5.840318918228149, 2444
5.8678507804870605, 2443
5.892174959182739, 2442
5.90244460105896, 2441
5.912729263305664, 2440
5.922971963882446, 2439
5.922971963882446, 2438
5.931113243103027, 2437
5.933254718780518, 2436
5.943526029586792, 2435
5.9538044929504395, 2434
5.9538044929504395, 2433
5.964061260223389, 2432
5.984556436538696, 2431
5.994840621948242, 2430
6.046135187149048, 2429
6.076964616775513, 2428
6.119629859924316, 2427
6.139004468917847, 2426
6.149228811264038, 2425
6.169665813446045, 2424
6.169759035110474, 2423
6.210988759994507, 2422
6.218980312347412, 2421
6.235025405883789, 2420
6.243061304092407, 2419
6.2716639041900635, 2418
6.31473183631897, 2417
6.343048334121704, 2416
6.345113039016724, 2415
6.366835594177246, 2414
6.382443904876709, 2413
6.3954010009765625, 2412
6.397547721862793, 2411
6.40780234336853, 2410
6.4385576248168945, 2409
6.448773145675659, 2408
6.4590513706207275, 2407
6.4693193435668945, 2406
6.52858567237854, 2405
6.592392206192017, 2404
6.6026082038879395, 2403
6.612898349761963, 2402
6.612898349761963, 2401
6.64345383644104, 2400
6.651405096054077, 2399
6.651405096054077, 2398
6.70401406288147, 2397
6.70401406288147, 2396
6.70401406288147, 2395
6.711966514587402, 2394
6.741872310638428, 2393
6.749940395355225, 2392
6.821223735809326, 2391
6.882040023803711, 2390
6.922626972198486, 2389
6.922626972198486, 2388
6.953036785125732, 2387
6.973272085189819, 2386
7.013777732849121, 2385
7.044180154800415, 2384
7.064418315887451, 2383
7.072478771209717, 2382
7.104870796203613, 2381
7.104870796203613, 2380
7.125132322311401, 2379
7.13319730758667, 2378
7.173523187637329, 2377
7.2096898555755615, 2376
7.2096898555755615, 2375
7.230034589767456, 2374
7.262978792190552, 2373
7.293705701828003, 2372
7.295851707458496, 2371
7.347005367279053, 2370
7.365237236022949, 2369
7.377450227737427, 2368
7.397687673568726, 2367
7.407836437225342, 2366
7.428796291351318, 2365
7.489842176437378, 2364
7.499982833862305, 2363
7.499982833862305, 2362
7.550706386566162, 2361
7.558815002441406, 2360
7.591300010681152, 2359
7.6115968227386475, 2358
7.621739387512207, 2357
7.631881237030029, 2356
7.682663917541504, 2355
7.702955722808838, 2354
7.717779874801636, 2353
7.764373540878296, 2352
7.77241849899292, 2351
7.7846901416778564, 2350
7.7846901416778564, 2349
7.815160036087036, 2348
7.823227405548096, 2347
7.835429906845093, 2346
7.855799913406372, 2345
7.855799913406372, 2344
7.865932464599609, 2343
7.865932464599609, 2342
7.876124382019043, 2341
7.896448373794556, 2340
7.916738748550415, 2339
7.9248034954071045, 2338
7.93704891204834, 2337
7.957338809967041, 2336
7.9674694538116455, 2335
7.977644205093384, 2334
7.977644205093384, 2333
7.997952222824097, 2332
8.038941860198975, 2331
8.077491998672485, 2330
8.07956075668335, 2329
8.138361930847168, 2328
8.140431880950928, 2327
8.24175477027893, 2326
8.251960039138794, 2325
8.295530319213867, 2324
8.358468294143677, 2323
8.388891696929932, 2322
8.47001314163208, 2321
8.47001314163208, 2320
8.51063346862793, 2319
8.54914903640747, 2318
8.581693172454834, 2317
8.694650650024414, 2316
8.728822946548462, 2315
8.803905248641968, 2314
8.812010526657104, 2313
8.834344863891602, 2312
8.986299514770508, 2311
8.986299514770508, 2310
9.024859428405762, 2309
9.116197347640991, 2308
9.14867615699768, 2307
9.179109334945679, 2306
9.268117189407349, 2305
9.301393270492554, 2304
9.340466022491455, 2303
9.36886477470398, 2302
9.482489585876465, 2301
9.502829313278198, 2300
9.502829313278198, 2299
9.584029197692871, 2298
9.604343891143799, 2297
9.604343891143799, 2296
9.636972427368164, 2295
9.667454481124878, 2294
9.687726497650146, 2293
9.695792436599731, 2292
9.741995334625244, 2291
9.750078916549683, 2290
9.750078916549683, 2289
9.816800594329834, 2288
9.914499759674072, 2287
9.955142259597778, 2286
9.975441217422485, 2285
10.016039371490479, 2284
10.046512603759766, 2283
10.087164640426636, 2282
10.127774000167847, 2281
10.298331499099731, 2280
10.406163930892944, 2279
10.426487922668457, 2278
10.745416164398193, 2277
10.753503561019897, 2276
10.810521364212036, 2275
10.83104395866394, 2274
11.046526908874512, 2273
11.267915487289429, 2272
11.555466413497925, 2271
11.744670867919922, 2270
12.120007038116455, 2269
12.13019585609436, 2268
12.13019585609436, 2267
12.191034078598022, 2266
12.32026982307434, 2265
12.488933801651001, 2264
12.641220092773438, 2263
12.691890716552734, 2262
12.753527402877808, 2261
12.883244276046753, 2260
12.936376571655273, 2259
12.964750528335571, 2258
13.047760486602783, 2257
13.057900667190552, 2256
13.128943681716919, 2255
13.207976579666138, 2254
13.240547180175781, 2253
14.047640323638916, 2252
14.252515077590942, 2251
14.292575359344482, 2250
14.457629203796387, 2249
14.519190788269043, 2248
14.84135389328003, 2247
14.914467334747314, 2246
14.975354671478271, 2245
15.105111837387085, 2244
15.240055561065674, 2243
15.258244276046753, 2242
15.312763214111328, 2241
15.407956600189209, 2240
15.448522090911865, 2239
15.448522090911865, 2238
15.754404783248901, 2237
15.925325632095337, 2236
16.109872341156006, 2235
16.25794291496277, 2234
16.64135241508484, 2233
17.01051425933838, 2232
17.020731210708618, 2231
17.531200885772705, 2230
18.174630403518677, 2229
18.966740131378174, 2228
19.353135108947754, 2227
19.67506194114685, 2226
19.67506194114685, 2225
20.86373805999756, 2224
21.722349882125854, 2223
22.50678777694702, 2222
22.62605571746826, 2221
22.960623025894165, 2220
23.441783666610718, 2219
25.406160831451416, 2218
25.724077701568604, 2217
27.38671612739563, 2216
28.811734199523926, 2215
30.36484384536743, 2214
33.49009728431702, 2213
36.97097373008728, 2212
38.97382974624634, 2211
40.224923849105835, 2210
41.68651723861694, 2209
57.29609155654907, 2208
82.56430387496948, 2207
102.54047513008118, 2206
116.63263463973999, 2205
124.59404397010803, 2204
131.43801856040955, 2203
