0.013821125030517578, 2363
0.2581040859222412, 2362
0.3164799213409424, 2361
0.37479710578918457, 2360
1.0399999618530273, 2359
1.1432061195373535, 2358
1.9079501628875732, 2357
8.475636959075928, 2356
10.114617109298706, 2355
10.722930192947388, 2354
13.13657808303833, 2353
15.559590101242065, 2352
15.793605089187622, 2351
22.49362826347351, 2350
23.048570156097412, 2349
26.11016607284546, 2348
28.38101816177368, 2347
28.589787244796753, 2346
40.039732933044434, 2345
44.332932233810425, 2344
51.04980707168579, 2343
57.249688148498535, 2342
92.49605417251587, 2341
98.27607011795044, 2340
128.88256525993347, 2339
134.76159524917603, 2338
144.30406403541565, 2337
157.3928461074829, 2336
185.8867392539978, 2335
186.8905532360077, 2334
206.98537015914917, 2333
269.2324252128601, 2332
342.1641011238098, 2331
