0.014806032180786133, 2363
0.37090587615966797, 2362
0.5235128402709961, 2361
1.9580819606781006, 2360
2.222370147705078, 2359
2.2781288623809814, 2358
2.333873987197876, 2357
2.4771268367767334, 2356
2.876636028289795, 2355
4.2235329151153564, 2354
4.595332860946655, 2353
5.166842937469482, 2352
5.475215911865234, 2351
5.985321044921875, 2350
7.6741509437561035, 2349
9.351694822311401, 2348
10.6696457862854, 2347
13.798585891723633, 2346
18.22773504257202, 2345
21.73031497001648, 2344
27.61378002166748, 2343
74.56089806556702, 2342
80.95386505126953, 2341
90.27480602264404, 2340
130.23488783836365, 2339
381.4464898109436, 2338
457.4341688156128, 2337
