0.023005247116088867, 4941
0.023005247116088867, 4940
0.024002552032470703, 4939
0.025002241134643555, 4938
0.025002241134643555, 4937
0.02600407600402832, 4936
0.02600407600402832, 4935
0.027002573013305664, 4934
0.028001785278320312, 4933
0.028001785278320312, 4932
0.029001951217651367, 4931
0.029001951217651367, 4930
0.03000473976135254, 4929
0.03000473976135254, 4928
0.031002521514892578, 4927
0.031002521514892578, 4926
0.03200221061706543, 4925
0.03300285339355469, 4924
0.03300285339355469, 4923
0.034003257751464844, 4922
0.034003257751464844, 4921
0.0350039005279541, 4920
0.0350039005279541, 4919
0.036002397537231445, 4918
0.03700709342956543, 4917
0.03700709342956543, 4916
0.038002967834472656, 4915
0.038002967834472656, 4914
0.03900575637817383, 4913
0.03900575637817383, 4912
0.040003299713134766, 4911
0.040003299713134766, 4910
0.04100227355957031, 4909
0.04100227355957031, 4908
0.04200267791748047, 4907
0.04300427436828613, 4906
0.04300427436828613, 4905
0.043999433517456055, 4904
0.04500460624694824, 4903
0.04500460624694824, 4902
0.046004295349121094, 4901
0.04700183868408203, 4900
0.04700183868408203, 4899
0.04800915718078613, 4898
0.04900336265563965, 4897
0.04996609687805176, 4896
0.04996609687805176, 4895
0.04996609687805176, 4894
0.05100703239440918, 4893
0.05200362205505371, 4892
0.05299949645996094, 4891
0.05299949645996094, 4890
0.05400252342224121, 4889
0.05400252342224121, 4888
0.055005788803100586, 4887
0.05600261688232422, 4886
0.05700254440307617, 4885
0.058003902435302734, 4884
0.058003902435302734, 4883
0.05900287628173828, 4882
0.05900287628173828, 4881
0.06000924110412598, 4880
0.061003923416137695, 4879
0.061003923416137695, 4878
0.06200456619262695, 4877
0.06200456619262695, 4876
0.06300187110900879, 4875
0.06400251388549805, 4874
0.06400251388549805, 4873
0.06500792503356934, 4872
0.06597614288330078, 4871
0.06700730323791504, 4870
0.06700730323791504, 4869
0.06700730323791504, 4868
0.06800365447998047, 4867
0.06800365447998047, 4866
0.0690000057220459, 4865
0.0690000057220459, 4864
0.07000303268432617, 4863
0.07100605964660645, 4862
0.07100605964660645, 4861
0.07200288772583008, 4860
0.07300329208374023, 4859
0.07400393486022949, 4858
0.07400393486022949, 4857
0.07500267028808594, 4856
0.07500267028808594, 4855
0.07599949836730957, 4854
0.07599949836730957, 4853
0.07700252532958984, 4852
0.0780019760131836, 4851
0.0780019760131836, 4850
0.07900238037109375, 4849
0.07900238037109375, 4848
0.0800023078918457, 4847
0.08100509643554688, 4846
0.08100509643554688, 4845
0.08201289176940918, 4844
0.0830075740814209, 4843
0.0830075740814209, 4842
0.08400368690490723, 4841
0.08400368690490723, 4840
0.08499789237976074, 4839
0.08499789237976074, 4838
0.0859975814819336, 4837
0.0859975814819336, 4836
0.08700394630432129, 4835
0.0879669189453125, 4834
0.08899903297424316, 4833
0.08899903297424316, 4832
0.08999872207641602, 4831
0.08999872207641602, 4830
0.09099841117858887, 4829
0.09099841117858887, 4828
0.09199857711791992, 4827
0.09199857711791992, 4826
0.09296441078186035, 4825
0.09397196769714355, 4824
0.09596872329711914, 4823
0.09696650505065918, 4822
0.09899783134460449, 4821
0.09999775886535645, 4820
0.10096526145935059, 4819
0.10199832916259766, 4818
0.1029975414276123, 4817
0.10409998893737793, 4816
0.10599875450134277, 4815
0.10599875450134277, 4814
0.10699820518493652, 4813
0.10699820518493652, 4812
0.10800027847290039, 4811
0.10896658897399902, 4810
0.10896658897399902, 4809
0.10997200012207031, 4808
0.11102080345153809, 4807
0.11102080345153809, 4806
0.11200976371765137, 4805
0.11303257942199707, 4804
0.11404061317443848, 4803
0.11504340171813965, 4802
0.1170191764831543, 4801
0.11796832084655762, 4800
0.11796832084655762, 4799
0.11899781227111816, 4798
0.11999797821044922, 4797
0.11999797821044922, 4796
0.12099766731262207, 4795
0.12199854850769043, 4794
0.12199854850769043, 4793
0.12299752235412598, 4792
0.12299752235412598, 4791
0.12299752235412598, 4790
0.12400031089782715, 4789
0.12496542930603027, 4788
0.12496542930603027, 4787
0.12496542930603027, 4786
0.1260061264038086, 4785
0.12701749801635742, 4784
0.12800955772399902, 4783
0.12903761863708496, 4782
0.12999296188354492, 4781
0.1320047378540039, 4780
0.1320047378540039, 4779
0.13299989700317383, 4778
0.13299989700317383, 4777
0.13399791717529297, 4776
0.13399791717529297, 4775
0.13599824905395508, 4774
0.13599824905395508, 4773
0.13699841499328613, 4772
0.1379985809326172, 4771
0.13899850845336914, 4770
0.13899850845336914, 4769
0.1400003433227539, 4768
0.1400003433227539, 4767
0.14099788665771484, 4766
0.14099788665771484, 4765
0.1419994831085205, 4764
0.14300179481506348, 4763
0.14300179481506348, 4762
0.14400434494018555, 4761
0.14400434494018555, 4760
0.1450023651123047, 4759
0.1450023651123047, 4758
0.14600300788879395, 4757
0.14600300788879395, 4756
0.1470019817352295, 4755
0.14800262451171875, 4754
0.1490020751953125, 4753
0.1490020751953125, 4752
0.15000224113464355, 4751
0.15100550651550293, 4750
0.15100550651550293, 4749
0.15300393104553223, 4748
0.15300393104553223, 4747
0.15400409698486328, 4746
0.15700197219848633, 4745
0.1580057144165039, 4744
0.1580057144165039, 4743
0.15900206565856934, 4742
0.1600022315979004, 4741
0.1600022315979004, 4740
0.1610088348388672, 4739
0.1610088348388672, 4738
0.1620025634765625, 4737
0.16300296783447266, 4736
0.16300296783447266, 4735
0.16401076316833496, 4734
0.16500043869018555, 4733
0.16500043869018555, 4732
0.16600275039672852, 4731
0.16600275039672852, 4730
0.16700434684753418, 4729
0.16700434684753418, 4728
0.16800260543823242, 4727
0.16900277137756348, 4726
0.16900277137756348, 4725
0.1710035800933838, 4724
0.17300200462341309, 4723
0.17300200462341309, 4722
0.17400455474853516, 4721
0.17400455474853516, 4720
0.17496585845947266, 4719
0.17600250244140625, 4718
0.17600250244140625, 4717
0.17700481414794922, 4716
0.17700481414794922, 4715
0.17800283432006836, 4714
0.17800283432006836, 4713
0.17900681495666504, 4712
0.17900681495666504, 4711
0.18000268936157227, 4710
0.18000268936157227, 4709
0.1810002326965332, 4708
0.18200230598449707, 4707
0.18300485610961914, 4706
0.18300485610961914, 4705
0.18300485610961914, 4704
0.18400216102600098, 4703
0.18400216102600098, 4702
0.18500232696533203, 4701
0.18500232696533203, 4700
0.18601608276367188, 4699
0.18601608276367188, 4698
0.18701744079589844, 4697
0.18701744079589844, 4696
0.18799972534179688, 4695
0.18900275230407715, 4694
0.18900275230407715, 4693
0.19000506401062012, 4692
0.19000506401062012, 4691
0.19100236892700195, 4690
0.192002534866333, 4689
0.192002534866333, 4688
0.19300436973571777, 4687
0.19300436973571777, 4686
0.19400763511657715, 4685
0.1950066089630127, 4684
0.19600868225097656, 4683
0.19600868225097656, 4682
0.19701194763183594, 4681
0.1979668140411377, 4680
0.1979668140411377, 4679
0.1990044116973877, 4678
0.1990044116973877, 4677
0.20000410079956055, 4676
0.20000410079956055, 4675
0.20200395584106445, 4674
0.20200395584106445, 4673
0.2030031681060791, 4672
0.2030031681060791, 4671
0.20400428771972656, 4670
0.20400428771972656, 4669
0.20600223541259766, 4668
0.20600223541259766, 4667
0.20700287818908691, 4666
0.20700287818908691, 4665
0.20900225639343262, 4664
0.20900225639343262, 4663
0.21000242233276367, 4662
0.21100187301635742, 4661
0.21100187301635742, 4660
0.21200227737426758, 4659
0.21200227737426758, 4658
0.21300411224365234, 4657
0.2140028476715088, 4656
0.21500611305236816, 4655
0.2160027027130127, 4654
0.2160027027130127, 4653
0.21700286865234375, 4652
0.21700286865234375, 4651
0.21801400184631348, 4650
0.21801400184631348, 4649
0.21900463104248047, 4648
0.21900463104248047, 4647
0.22000360488891602, 4646
0.22000360488891602, 4645
0.22100210189819336, 4644
0.22200441360473633, 4643
0.22300386428833008, 4642
0.22400212287902832, 4641
0.22400212287902832, 4640
0.22496533393859863, 4639
0.22596287727355957, 4638
0.22696280479431152, 4637
0.2279665470123291, 4636
0.22896409034729004, 4635
0.22896409034729004, 4634
0.23000335693359375, 4633
0.23100686073303223, 4632
0.23100686073303223, 4631
0.23200488090515137, 4630
0.2330024242401123, 4629
0.2330024242401123, 4628
0.23400211334228516, 4627
0.23500299453735352, 4626
0.23600435256958008, 4625
0.23600435256958008, 4624
0.23700261116027832, 4623
0.23700261116027832, 4622
0.23800253868103027, 4621
0.24100375175476074, 4620
0.24100375175476074, 4619
0.24196553230285645, 4618
0.24196553230285645, 4617
0.24300670623779297, 4616
0.2440025806427002, 4615
0.24499964714050293, 4614
0.24499964714050293, 4613
0.24700474739074707, 4612
0.24700474739074707, 4611
0.24800491333007812, 4610
0.24900341033935547, 4609
0.24900341033935547, 4608
0.25100207328796387, 4607
0.25100207328796387, 4606
0.2520132064819336, 4605
0.2520132064819336, 4604
0.2530038356781006, 4603
0.2550034523010254, 4602
0.25600242614746094, 4601
0.25600242614746094, 4600
0.2570028305053711, 4599
0.2580089569091797, 4598
0.2590065002441406, 4597
0.2590065002441406, 4596
0.26000428199768066, 4595
0.2610015869140625, 4594
0.2610015869140625, 4593
0.26200366020202637, 4592
0.26200366020202637, 4591
0.2630021572113037, 4590
0.2630021572113037, 4589
0.26400303840637207, 4588
0.26400303840637207, 4587
0.2650027275085449, 4586
0.2650027275085449, 4585
0.2660043239593506, 4584
0.26700353622436523, 4583
0.26700353622436523, 4582
0.26799964904785156, 4581
0.26799964904785156, 4580
0.26900219917297363, 4579
0.2700047492980957, 4578
0.2700047492980957, 4577
0.27100300788879395, 4576
0.27300238609313965, 4575
0.2740025520324707, 4574
0.2740025520324707, 4573
0.2749648094177246, 4572
0.2770066261291504, 4571
0.2770066261291504, 4570
0.279005765914917, 4569
0.2800021171569824, 4568
0.2810025215148926, 4567
0.28200411796569824, 4566
0.28200411796569824, 4565
0.2830026149749756, 4564
0.28600239753723145, 4563
0.2870030403137207, 4562
0.28800225257873535, 4561
0.28800225257873535, 4560
0.2890043258666992, 4559
0.2900068759918213, 4558
0.2900068759918213, 4557
0.291003942489624, 4556
0.29199862480163574, 4555
0.2930006980895996, 4554
0.29399824142456055, 4553
0.2950015068054199, 4552
0.29596734046936035, 4551
0.29596734046936035, 4550
0.29796552658081055, 4549
0.2989633083343506, 4548
0.2989633083343506, 4547
0.29996538162231445, 4546
0.30196380615234375, 4545
0.3029656410217285, 4544
0.30396342277526855, 4543
0.30396342277526855, 4542
0.304962158203125, 4541
0.304962158203125, 4540
0.30596375465393066, 4539
0.30596375465393066, 4538
0.3069624900817871, 4537
0.3069624900817871, 4536
0.30796194076538086, 4535
0.30900025367736816, 4534
0.30900025367736816, 4533
0.311007022857666, 4532
0.31200242042541504, 4531
0.31200242042541504, 4530
0.3130028247833252, 4529
0.31500244140625, 4528
0.31500244140625, 4527
0.31600451469421387, 4526
0.317002534866333, 4525
0.3180058002471924, 4524
0.3180058002471924, 4523
0.3190033435821533, 4522
0.32000231742858887, 4521
0.32000231742858887, 4520
0.321002721786499, 4519
0.3220021724700928, 4518
0.3220021724700928, 4517
0.32300686836242676, 4516
0.32300686836242676, 4515
0.3240032196044922, 4514
0.3240032196044922, 4513
0.324965238571167, 4512
0.324965238571167, 4511
0.326002836227417, 4510
0.326002836227417, 4509
0.32700204849243164, 4508
0.32700204849243164, 4507
0.32800960540771484, 4506
0.32800960540771484, 4505
0.3290135860443115, 4504
0.3290135860443115, 4503
0.3300056457519531, 4502
0.3300056457519531, 4501
0.3319995403289795, 4500
0.3319995403289795, 4499
0.33300209045410156, 4498
0.3340022563934326, 4497
0.3340022563934326, 4496
0.33501362800598145, 4495
0.33501362800598145, 4494
0.3360025882720947, 4493
0.33800172805786133, 4492
0.3390023708343506, 4491
0.3390023708343506, 4490
0.34000182151794434, 4489
0.3410041332244873, 4488
0.3410041332244873, 4487
0.34200239181518555, 4486
0.34300756454467773, 4485
0.34400224685668945, 4484
0.34600400924682617, 4483
0.3470032215118408, 4482
0.3470032215118408, 4481
0.34800219535827637, 4480
0.34800219535827637, 4479
0.3490028381347656, 4478
0.3490028381347656, 4477
0.3500058650970459, 4476
0.35100364685058594, 4475
0.35100364685058594, 4474
0.3520023822784424, 4473
0.35300207138061523, 4472
0.3540027141571045, 4471
0.3540027141571045, 4470
0.3570072650909424, 4469
0.3570072650909424, 4468
0.3580026626586914, 4467
0.3580026626586914, 4466
0.3590059280395508, 4465
0.3590059280395508, 4464
0.3600032329559326, 4463
0.3600032329559326, 4462
0.3610105514526367, 4461
0.3620030879974365, 4460
0.3620030879974365, 4459
0.3630037307739258, 4458
0.3630037307739258, 4457
0.3630037307739258, 4456
0.36400437355041504, 4455
0.365001916885376, 4454
0.365001916885376, 4453
0.36600422859191895, 4452
0.3670029640197754, 4451
0.36800241470336914, 4450
0.36800241470336914, 4449
0.37000250816345215, 4448
0.37000250816345215, 4447
0.37100720405578613, 4446
0.37200307846069336, 4445
0.37200307846069336, 4444
0.3729996681213379, 4443
0.3729996681213379, 4442
0.3740041255950928, 4441
0.37500476837158203, 4440
0.37500476837158203, 4439
0.3760049343109131, 4438
0.37700366973876953, 4437
0.3780040740966797, 4436
0.3780040740966797, 4435
0.37900280952453613, 4434
0.37999963760375977, 4433
0.38100481033325195, 4432
0.38100481033325195, 4431
0.3820066452026367, 4430
0.3820066452026367, 4429
0.38300371170043945, 4428
0.38300371170043945, 4427
0.384002685546875, 4426
0.384002685546875, 4425
0.38500261306762695, 4424
0.38500261306762695, 4423
0.38500261306762695, 4422
0.3875250816345215, 4421
0.3880040645599365, 4420
0.3880040645599365, 4419
0.38900041580200195, 4418
0.38900041580200195, 4417
0.3900027275085449, 4416
0.3910031318664551, 4415
0.3910031318664551, 4414
0.3920023441314697, 4413
0.393002986907959, 4412
0.39400410652160645, 4411
0.39400410652160645, 4410
0.3950023651123047, 4409
0.3950023651123047, 4408
0.3959999084472656, 4407
0.3959999084472656, 4406
0.3970038890838623, 4405
0.3970038890838623, 4404
0.39800167083740234, 4403
0.39800167083740234, 4402
0.3990037441253662, 4401
0.4009664058685303, 4400
0.4009664058685303, 4399
0.40200233459472656, 4398
0.40200233459472656, 4397
0.4030015468597412, 4396
0.40400218963623047, 4395
0.40400218963623047, 4394
0.4060020446777344, 4393
0.4060020446777344, 4392
0.40701723098754883, 4391
0.40701723098754883, 4390
0.40701723098754883, 4389
0.40900278091430664, 4388
0.40900278091430664, 4387
0.4100039005279541, 4386
0.41100406646728516, 4385
0.41300201416015625, 4384
0.4140050411224365, 4383
0.4140050411224365, 4382
0.41500258445739746, 4381
0.4160025119781494, 4380
0.4160025119781494, 4379
0.418013334274292, 4378
0.41900205612182617, 4377
0.41900205612182617, 4376
0.42100048065185547, 4375
0.4220106601715088, 4374
0.4230053424835205, 4373
0.4230053424835205, 4372
0.42400264739990234, 4371
0.42400264739990234, 4370
0.42600417137145996, 4369
0.42600417137145996, 4368
0.4270029067993164, 4367
0.4270029067993164, 4366
0.42799973487854004, 4365
0.42799973487854004, 4364
0.4290030002593994, 4363
0.4290030002593994, 4362
0.4290030002593994, 4361
0.4300053119659424, 4360
0.4310026168823242, 4359
0.4310026168823242, 4358
0.43201518058776855, 4357
0.43201518058776855, 4356
0.43300533294677734, 4355
0.43500685691833496, 4354
0.4360044002532959, 4353
0.4370131492614746, 4352
0.43801212310791016, 4351
0.43801212310791016, 4350
0.43900513648986816, 4349
0.43900513648986816, 4348
0.44100260734558105, 4347
0.4420039653778076, 4346
0.4420039653778076, 4345
0.44300222396850586, 4344
0.44500207901000977, 4343
0.44500207901000977, 4342
0.44600462913513184, 4341
0.44600462913513184, 4340
0.447007417678833, 4339
0.44800329208374023, 4338
0.44800329208374023, 4337
0.4490032196044922, 4336
0.4490032196044922, 4335
0.45000314712524414, 4334
0.45000314712524414, 4333
0.4510023593902588, 4332
0.4510023593902588, 4331
0.45200443267822266, 4330
0.4529993534088135, 4329
0.4529993534088135, 4328
0.45400190353393555, 4327
0.45400190353393555, 4326
0.4550018310546875, 4325
0.4570024013519287, 4324
0.4570024013519287, 4323
0.4590029716491699, 4322
0.4590029716491699, 4321
0.4610164165496826, 4320
0.4620020389556885, 4319
0.464003324508667, 4318
0.46697282791137695, 4317
0.46697282791137695, 4316
0.467972993850708, 4315
0.4689676761627197, 4314
0.469968318939209, 4313
0.469968318939209, 4312
0.47096776962280273, 4311
0.47096776962280273, 4310
0.4739658832550049, 4309
0.4739658832550049, 4308
0.47496628761291504, 4307
0.47496628761291504, 4306
0.4779660701751709, 4305
0.47896718978881836, 4304
0.4799661636352539, 4303
0.4799661636352539, 4302
0.48396754264831543, 4301
0.484966516494751, 4300
0.484966516494751, 4299
0.48596692085266113, 4298
0.48796725273132324, 4297
0.48996615409851074, 4296
0.4909660816192627, 4295
0.4929659366607666, 4294
0.4929659366607666, 4293
0.49396586418151855, 4292
0.49596595764160156, 4291
0.4979672431945801, 4290
0.49896812438964844, 4289
0.5009667873382568, 4288
0.5029661655426025, 4287
0.5039665699005127, 4286
0.5049662590026855, 4285
0.5069663524627686, 4284
0.5079662799835205, 4283
0.5089664459228516, 4282
0.5089664459228516, 4281
0.5099661350250244, 4280
0.5119662284851074, 4279
0.5119662284851074, 4278
0.5129659175872803, 4277
0.5129659175872803, 4276
0.5139658451080322, 4275
0.5139658451080322, 4274
0.5149657726287842, 4273
0.5149657726287842, 4272
0.5159659385681152, 4271
0.5159659385681152, 4270
0.5169656276702881, 4269
0.5179653167724609, 4268
0.5189659595489502, 4267
0.5189659595489502, 4266
0.5209658145904541, 4265
0.5209658145904541, 4264
0.521965503692627, 4263
0.521965503692627, 4262
0.5229659080505371, 4261
0.5229659080505371, 4260
0.5239658355712891, 4259
0.5239658355712891, 4258
0.5239658355712891, 4257
0.5249662399291992, 4256
0.526965856552124, 4255
0.5279660224914551, 4254
0.5289661884307861, 4253
0.5289661884307861, 4252
0.529965877532959, 4251
0.531965970993042, 4250
0.532965898513794, 4249
0.532965898513794, 4248
0.532965898513794, 4247
0.5339655876159668, 4246
0.5339655876159668, 4245
0.5349657535552979, 4244
0.5359656810760498, 4243
0.5369658470153809, 4242
0.5369658470153809, 4241
0.5419657230377197, 4240
0.5419657230377197, 4239
0.5429658889770508, 4238
0.5449659824371338, 4237
0.5459659099578857, 4236
0.5459659099578857, 4235
0.5469660758972168, 4234
0.5469660758972168, 4233
0.5479660034179688, 4232
0.5479660034179688, 4231
0.5509657859802246, 4230
0.5529656410217285, 4229
0.5529656410217285, 4228
0.5539665222167969, 4227
0.5539665222167969, 4226
0.5549654960632324, 4225
0.5559659004211426, 4224
0.5569658279418945, 4223
0.5569658279418945, 4222
0.5579657554626465, 4221
0.5579657554626465, 4220
0.5579657554626465, 4219
0.5589659214019775, 4218
0.5589659214019775, 4217
0.5599658489227295, 4216
0.5599658489227295, 4215
0.5609662532806396, 4214
0.5619664192199707, 4213
0.5629658699035645, 4212
0.5639662742614746, 4211
0.5639662742614746, 4210
0.5649662017822266, 4209
0.5649662017822266, 4208
0.5669658184051514, 4207
0.5669658184051514, 4206
0.5679657459259033, 4205
0.5689661502838135, 4204
0.5689661502838135, 4203
0.5719661712646484, 4202
0.5719661712646484, 4201
0.5729660987854004, 4200
0.5749657154083252, 4199
0.5749657154083252, 4198
0.5759658813476562, 4197
0.5759658813476562, 4196
0.5759658813476562, 4195
0.5769660472869873, 4194
0.5779666900634766, 4193
0.5779666900634766, 4192
0.5799660682678223, 4191
0.5799660682678223, 4190
0.5799660682678223, 4189
0.5809662342071533, 4188
0.5819661617279053, 4187
0.5829658508300781, 4186
0.584965705871582, 4185
0.5859661102294922, 4184
0.5859661102294922, 4183
0.586965799331665, 4182
0.586965799331665, 4181
0.5879659652709961, 4180
0.5879659652709961, 4179
0.5889663696289062, 4178
0.5889663696289062, 4177
0.5899660587310791, 4176
0.591965913772583, 4175
0.591965913772583, 4174
0.5939655303955078, 4173
0.5949656963348389, 4172
0.595966100692749, 4171
0.595966100692749, 4170
0.596966028213501, 4169
0.5999655723571777, 4168
0.6009664535522461, 4167
0.6019659042358398, 4166
0.6029658317565918, 4165
0.6039657592773438, 4164
0.6049659252166748, 4163
0.6069657802581787, 4162
0.6099660396575928, 4161
0.6099660396575928, 4160
0.6099660396575928, 4159
0.6119654178619385, 4158
0.6119654178619385, 4157
0.6129658222198486, 4156
0.6129658222198486, 4155
0.6139659881591797, 4154
0.6149659156799316, 4153
0.6169657707214355, 4152
0.6179659366607666, 4151
0.6189663410186768, 4150
0.6189663410186768, 4149
0.6219661235809326, 4148
0.6239659786224365, 4147
0.6239659786224365, 4146
0.6249659061431885, 4145
0.6259660720825195, 4144
0.6279659271240234, 4143
0.6289663314819336, 4142
0.6289663314819336, 4141
0.6289663314819336, 4140
0.6299660205841064, 4139
0.6299660205841064, 4138
0.6319661140441895, 4137
0.6329660415649414, 4136
0.6339659690856934, 4135
0.6359660625457764, 4134
0.6389660835266113, 4133
0.6399660110473633, 4132
0.6409659385681152, 4131
0.6429660320281982, 4130
0.6439657211303711, 4129
0.6439657211303711, 4128
0.644965648651123, 4127
0.6459660530090332, 4126
0.6499662399291992, 4125
0.6509664058685303, 4124
0.6519663333892822, 4123
0.6529653072357178, 4122
0.6529653072357178, 4121
0.656965970993042, 4120
0.6579673290252686, 4119
0.6589665412902832, 4118
0.6589665412902832, 4117
0.659965991973877, 4116
0.659965991973877, 4115
0.6629657745361328, 4114
0.6629657745361328, 4113
0.6639659404754639, 4112
0.6649656295776367, 4111
0.6649656295776367, 4110
0.6649656295776367, 4109
0.6659657955169678, 4108
0.6689658164978027, 4107
0.6689658164978027, 4106
0.6699662208557129, 4105
0.6699662208557129, 4104
0.6719658374786377, 4103
0.6739661693572998, 4102
0.6749660968780518, 4101
0.6769657135009766, 4100
0.6769657135009766, 4099
0.6779658794403076, 4098
0.6789662837982178, 4097
0.6799659729003906, 4096
0.6799659729003906, 4095
0.6809661388397217, 4094
0.6819660663604736, 4093
0.6819660663604736, 4092
0.6859652996063232, 4091
0.6869657039642334, 4090
0.6869657039642334, 4089
0.6879656314849854, 4088
0.6889662742614746, 4087
0.6899662017822266, 4086
0.6909663677215576, 4085
0.6919660568237305, 4084
0.6939656734466553, 4083
0.6949660778045654, 4082
0.6959660053253174, 4081
0.6969659328460693, 4080
0.6989657878875732, 4079
0.6989657878875732, 4078
0.7009658813476562, 4077
0.7009658813476562, 4076
0.7019655704498291, 4075
0.7049658298492432, 4074
0.7059657573699951, 4073
0.7069659233093262, 4072
0.7079665660858154, 4071
0.7089662551879883, 4070
0.7099659442901611, 4069
0.7109663486480713, 4068
0.7109663486480713, 4067
0.7119669914245605, 4066
0.7149658203125, 4065
0.7149658203125, 4064
0.715965986251831, 4063
0.716965913772583, 4062
0.718966007232666, 4061
0.7199664115905762, 4060
0.7219655513763428, 4059
0.7229657173156738, 4058
0.7239658832550049, 4057
0.7259659767150879, 4056
0.7259659767150879, 4055
0.7279658317565918, 4054
0.7279658317565918, 4053
0.7289667129516602, 4052
0.7289667129516602, 4051
0.7289667129516602, 4050
0.7299661636352539, 4049
0.7309658527374268, 4048
0.7309658527374268, 4047
0.7319657802581787, 4046
0.7319657802581787, 4045
0.7329659461975098, 4044
0.7329659461975098, 4043
0.7359659671783447, 4042
0.7359659671783447, 4041
0.7369661331176758, 4040
0.7369661331176758, 4039
0.7379658222198486, 4038
0.7389657497406006, 4037
0.7399671077728271, 4036
0.7409660816192627, 4035
0.7419660091400146, 4034
0.7429656982421875, 4033
0.7429656982421875, 4032
0.7439661026000977, 4031
0.7439661026000977, 4030
0.7449660301208496, 4029
0.7449660301208496, 4028
0.7469658851623535, 4027
0.7479658126831055, 4026
0.7509658336639404, 4025
0.7519669532775879, 4024
0.7519669532775879, 4023
0.7529661655426025, 4022
0.7549657821655273, 4021
0.7579658031463623, 4020
0.7599656581878662, 4019
0.7609665393829346, 4018
0.7609665393829346, 4017
0.7639658451080322, 4016
0.7659659385681152, 4015
0.7659659385681152, 4014
0.7689661979675293, 4013
0.7689661979675293, 4012
0.7689661979675293, 4011
0.77396559715271, 4010
0.77396559715271, 4009
0.774965763092041, 4008
0.775965690612793, 4007
0.775965690612793, 4006
0.776965856552124, 4005
0.777965784072876, 4004
0.777965784072876, 4003
0.777965784072876, 4002
0.7799654006958008, 4001
0.7809662818908691, 4000
0.782966136932373, 3999
0.784965991973877, 3998
0.78696608543396, 3997
0.7879669666290283, 3996
0.790966272354126, 3995
0.7919657230377197, 3994
0.7929658889770508, 3993
0.7939658164978027, 3992
0.7959656715393066, 3991
0.7959656715393066, 3990
0.7969660758972168, 3989
0.797966718673706, 3988
0.7989664077758789, 3987
0.7989664077758789, 3986
0.7999660968780518, 3985
0.7999660968780518, 3984
0.8009662628173828, 3983
0.801966667175293, 3982
0.8029658794403076, 3981
0.8029658794403076, 3980
0.8039660453796387, 3979
0.8039660453796387, 3978
0.8059659004211426, 3977
0.8069658279418945, 3976
0.8069658279418945, 3975
0.8079657554626465, 3974
0.8099663257598877, 3973
0.8109674453735352, 3972
0.8119657039642334, 3971
0.8149662017822266, 3970
0.8179662227630615, 3969
0.8179662227630615, 3968
0.8189663887023926, 3967
0.8209664821624756, 3966
0.8209664821624756, 3965
0.8239660263061523, 3964
0.8249664306640625, 3963
0.8249664306640625, 3962
0.8259661197662354, 3961
0.8279659748077393, 3960
0.8279659748077393, 3959
0.8279659748077393, 3958
0.8289661407470703, 3957
0.8319661617279053, 3956
0.832965612411499, 3955
0.835965633392334, 3954
0.835965633392334, 3953
0.8389661312103271, 3952
0.840965986251831, 3951
0.842965841293335, 3950
0.843966007232666, 3949
0.843966007232666, 3948
0.8449656963348389, 3947
0.847966194152832, 3946
0.8499658107757568, 3945
0.8499658107757568, 3944
0.850966215133667, 3943
0.8529670238494873, 3942
0.8539655208587646, 3941
0.8549656867980957, 3940
0.8549656867980957, 3939
0.8559658527374268, 3938
0.8569660186767578, 3937
0.8579657077789307, 3936
0.8589663505554199, 3935
0.8589663505554199, 3934
0.8599660396575928, 3933
0.8599660396575928, 3932
0.8679661750793457, 3931
0.868966817855835, 3930
0.869966983795166, 3929
0.869966983795166, 3928
0.8709666728973389, 3927
0.8729660511016846, 3926
0.8739662170410156, 3925
0.8739662170410156, 3924
0.8749663829803467, 3923
0.8749663829803467, 3922
0.8779661655426025, 3921
0.8789668083190918, 3920
0.8799662590026855, 3919
0.8829660415649414, 3918
0.8849661350250244, 3917
0.8859655857086182, 3916
0.8899664878845215, 3915
0.8899664878845215, 3914
0.8919663429260254, 3913
0.8919663429260254, 3912
0.8929665088653564, 3911
0.8939661979675293, 3910
0.8939661979675293, 3909
0.8959660530090332, 3908
0.897965669631958, 3907
0.8989663124084473, 3906
0.901965856552124, 3905
0.901965856552124, 3904
0.903965950012207, 3903
0.904965877532959, 3902
0.9089665412902832, 3901
0.9099664688110352, 3900
0.9109663963317871, 3899
0.9109663963317871, 3898
0.9129657745361328, 3897
0.9139659404754639, 3896
0.9149661064147949, 3895
0.9159660339355469, 3894
0.9169659614562988, 3893
0.9189662933349609, 3892
0.9209659099578857, 3891
0.9239659309387207, 3890
0.9239659309387207, 3889
0.9259657859802246, 3888
0.9269659519195557, 3887
0.9269659519195557, 3886
0.9299659729003906, 3885
0.9309663772583008, 3884
0.9309663772583008, 3883
0.9319660663604736, 3882
0.9319660663604736, 3881
0.9329659938812256, 3880
0.9339659214019775, 3879
0.9349656105041504, 3878
0.9359660148620605, 3877
0.9369659423828125, 3876
0.9429671764373779, 3875
0.9449667930603027, 3874
0.9459662437438965, 3873
0.9459662437438965, 3872
0.9499661922454834, 3871
0.9539661407470703, 3870
0.9549658298492432, 3869
0.9559662342071533, 3868
0.9579665660858154, 3867
0.9579665660858154, 3866
0.9599659442901611, 3865
0.9609661102294922, 3864
0.961965799331665, 3863
0.961965799331665, 3862
0.963965892791748, 3861
0.963965892791748, 3860
0.9649658203125, 3859
0.965965986251831, 3858
0.967965841293335, 3857
0.9689664840698242, 3856
0.9689664840698242, 3855
0.9699661731719971, 3854
0.9709658622741699, 3853
0.973966121673584, 3852
0.9769659042358398, 3851
0.9779660701751709, 3850
0.9779660701751709, 3849
0.9789667129516602, 3848
0.9799659252166748, 3847
0.9809668064117432, 3846
0.9829680919647217, 3845
0.9849655628204346, 3844
0.9879660606384277, 3843
0.9919664859771729, 3842
0.9939661026000977, 3841
0.9939661026000977, 3840
0.9949662685394287, 3839
0.9979660511016846, 3838
0.9989662170410156, 3837
1.0019662380218506, 3836
1.0019662380218506, 3835
1.0029666423797607, 3834
1.0039663314819336, 3833
1.0059664249420166, 3832
1.0069663524627686, 3831
1.0079662799835205, 3830
1.0079662799835205, 3829
1.0079662799835205, 3828
1.0099661350250244, 3827
1.0109667778015137, 3826
1.0109667778015137, 3825
1.0149662494659424, 3824
1.0149662494659424, 3823
1.0149662494659424, 3822
1.0159659385681152, 3821
1.0159659385681152, 3820
1.0179660320281982, 3819
1.0179660320281982, 3818
1.0249660015106201, 3817
1.026965856552124, 3816
1.026965856552124, 3815
1.027966022491455, 3814
1.027966022491455, 3813
1.028965711593628, 3812
1.028965711593628, 3811
1.028965711593628, 3810
1.0309662818908691, 3809
1.032965898513794, 3808
1.032965898513794, 3807
1.033965826034546, 3806
1.033965826034546, 3805
1.033965826034546, 3804
1.0349657535552979, 3803
1.0349657535552979, 3802
1.0369658470153809, 3801
1.0409660339355469, 3800
1.041966199874878, 3799
1.041966199874878, 3798
1.042966365814209, 3797
1.0439660549163818, 3796
1.0459659099578857, 3795
1.0469658374786377, 3794
1.0489659309387207, 3793
1.0509660243988037, 3792
1.0529661178588867, 3791
1.0559659004211426, 3790
1.0569663047790527, 3789
1.0579655170440674, 3788
1.0589661598205566, 3787
1.0589661598205566, 3786
1.0619659423828125, 3785
1.0619659423828125, 3784
1.0629661083221436, 3783
1.0629661083221436, 3782
1.0639660358428955, 3781
1.0639660358428955, 3780
1.0669660568237305, 3779
1.0679659843444824, 3778
1.0689659118652344, 3777
1.0699658393859863, 3776
1.0709662437438965, 3775
1.0729663372039795, 3774
1.0739655494689941, 3773
1.0759658813476562, 3772
1.077965497970581, 3771
1.0799658298492432, 3770
1.0809659957885742, 3769
1.0829660892486572, 3768
1.085965871810913, 3767
1.088965892791748, 3766
1.088965892791748, 3765
1.090965986251831, 3764
1.090965986251831, 3763
1.091965913772583, 3762
1.093966007232666, 3761
1.0949656963348389, 3760
1.0949656963348389, 3759
1.096966028213501, 3758
1.100966215133667, 3757
1.101966142654419, 3756
1.101966142654419, 3755
1.1029672622680664, 3754
1.1039659976959229, 3753
1.1039659976959229, 3752
1.104966163635254, 3751
1.1069653034210205, 3750
1.1069653034210205, 3749
1.1089658737182617, 3748
1.1089658737182617, 3747
1.1089658737182617, 3746
1.1099658012390137, 3745
1.1109657287597656, 3744
1.1129662990570068, 3743
1.1129662990570068, 3742
1.1129662990570068, 3741
1.1149654388427734, 3740
1.1149654388427734, 3739
1.1149654388427734, 3738
1.1159660816192627, 3737
1.1179659366607666, 3736
1.1219661235809326, 3735
1.1229660511016846, 3734
1.1229660511016846, 3733
1.1239657402038574, 3732
1.1239657402038574, 3731
1.1239657402038574, 3730
1.1259658336639404, 3729
1.1259658336639404, 3728
1.1269659996032715, 3727
1.1269659996032715, 3726
1.1299657821655273, 3725
1.1319665908813477, 3724
1.1329665184020996, 3723
1.1339662075042725, 3722
1.1349661350250244, 3721
1.1359667778015137, 3720
1.1359667778015137, 3719
1.1369662284851074, 3718
1.1379661560058594, 3717
1.1389663219451904, 3716
1.1389663219451904, 3715
1.1399664878845215, 3714
1.1439659595489502, 3713
1.1439659595489502, 3712
1.1449661254882812, 3711
1.1449661254882812, 3710
1.1459662914276123, 3709
1.1459662914276123, 3708
1.1469659805297852, 3707
1.1469659805297852, 3706
1.147965908050537, 3705
1.147965908050537, 3704
1.1489665508270264, 3703
1.1489665508270264, 3702
1.1499662399291992, 3701
1.1509666442871094, 3700
1.155965805053711, 3699
1.158966302871704, 3698
1.164966344833374, 3697
1.1679654121398926, 3696
1.1679654121398926, 3695
1.1679654121398926, 3694
1.1689658164978027, 3693
1.1719655990600586, 3692
1.1719655990600586, 3691
1.172966480255127, 3690
1.1739659309387207, 3689
1.1749658584594727, 3688
1.1759657859802246, 3687
1.1769659519195557, 3686
1.1769659519195557, 3685
1.1809661388397217, 3684
1.1829659938812256, 3683
1.1829659938812256, 3682
1.1839656829833984, 3681
1.1849658489227295, 3680
1.1849658489227295, 3679
1.1869657039642334, 3678
1.1869657039642334, 3677
1.1879656314849854, 3676
1.1879656314849854, 3675
1.1889660358428955, 3674
1.1899659633636475, 3673
1.1909663677215576, 3672
1.1919660568237305, 3671
1.1929666996002197, 3670
1.1939661502838135, 3669
1.1949660778045654, 3668
1.1949660778045654, 3667
1.1969659328460693, 3666
1.1969659328460693, 3665
1.1989657878875732, 3664
1.1999657154083252, 3663
1.2009663581848145, 3662
1.2069659233093262, 3661
1.2079660892486572, 3660
1.2089660167694092, 3659
1.212965965270996, 3658
1.212965965270996, 3657
1.213965892791748, 3656
1.2149658203125, 3655
1.217965841293335, 3654
1.218965768814087, 3653
1.218965768814087, 3652
1.219966173171997, 3651
1.221966028213501, 3650
1.222965955734253, 3649
1.222965955734253, 3648
1.2249653339385986, 3647
1.2279658317565918, 3646
1.2289659976959229, 3645
1.229966402053833, 3644
1.230966567993164, 3643
1.2319660186767578, 3642
1.2319660186767578, 3641
1.2329661846160889, 3640
1.2369654178619385, 3639
1.2379660606384277, 3638
1.2389659881591797, 3637
1.2399659156799316, 3636
1.2429661750793457, 3635
1.2429661750793457, 3634
1.2429661750793457, 3633
1.2439663410186768, 3632
1.2449660301208496, 3631
1.2449660301208496, 3630
1.2479662895202637, 3629
1.2489659786224365, 3628
1.2499659061431885, 3627
1.2509663105010986, 3626
1.2529659271240234, 3625
1.2549657821655273, 3624
1.2569658756256104, 3623
1.2569658756256104, 3622
1.2589662075042725, 3621
1.2599658966064453, 3620
1.2609665393829346, 3619
1.2639660835266113, 3618
1.2679660320281982, 3617
1.2709662914276123, 3616
1.2719662189483643, 3615
1.2719662189483643, 3614
1.2729661464691162, 3613
1.2739660739898682, 3612
1.2749660015106201, 3611
1.275965929031372, 3610
1.278965950012207, 3609
1.278965950012207, 3608
1.2809662818908691, 3607
1.2809662818908691, 3606
1.281966209411621, 3605
1.2829666137695312, 3604
1.2859656810760498, 3603
1.2859656810760498, 3602
1.2889659404754639, 3601
1.2899656295776367, 3600
1.290966272354126, 3599
1.292966365814209, 3598
1.292966365814209, 3597
1.292966365814209, 3596
1.2939655780792236, 3595
1.2939655780792236, 3594
1.2949659824371338, 3593
1.3019661903381348, 3592
1.3089659214019775, 3591
1.3099658489227295, 3590
1.3109662532806396, 3589
1.3119661808013916, 3588
1.3169658184051514, 3587
1.3169658184051514, 3586
1.3189659118652344, 3585
1.3199660778045654, 3584
1.3209662437438965, 3583
1.3209662437438965, 3582
1.322965383529663, 3581
1.3249657154083252, 3580
1.3259661197662354, 3579
1.3269658088684082, 3578
1.3359661102294922, 3577
1.338965892791748, 3576
1.3409662246704102, 3575
1.3409662246704102, 3574
1.344965934753418, 3573
1.3499658107757568, 3572
1.3539657592773438, 3571
1.3579661846160889, 3570
1.3579661846160889, 3569
1.3599660396575928, 3568
1.3599660396575928, 3567
1.360966444015503, 3566
1.3619658946990967, 3565
1.3629660606384277, 3564
1.3649659156799316, 3563
1.3689658641815186, 3562
1.3689658641815186, 3561
1.3699657917022705, 3560
1.3739662170410156, 3559
1.3789658546447754, 3558
1.3799657821655273, 3557
1.3879656791687012, 3556
1.3889658451080322, 3555
1.3889658451080322, 3554
1.3899660110473633, 3553
1.3909661769866943, 3552
1.3909661769866943, 3551
1.3909661769866943, 3550
1.391965627670288, 3549
1.3929662704467773, 3548
1.3929662704467773, 3547
1.3949658870697021, 3546
1.3959662914276123, 3545
1.3959662914276123, 3544
1.3969659805297852, 3543
1.3979661464691162, 3542
1.3989660739898682, 3541
1.4009661674499512, 3540
1.4009661674499512, 3539
1.402965784072876, 3538
1.403965711593628, 3537
1.404966115951538, 3536
1.406965732574463, 3535
1.4079656600952148, 3534
1.4099657535552979, 3533
1.410966396331787, 3532
1.4139657020568848, 3531
1.4179658889770508, 3530
1.4229660034179688, 3529
1.4229660034179688, 3528
1.4229660034179688, 3527
1.4249658584594727, 3526
1.4269657135009766, 3525
1.4269657135009766, 3524
1.4279658794403076, 3523
1.4289655685424805, 3522
1.4299659729003906, 3521
1.4309663772583008, 3520
1.4309663772583008, 3519
1.4319660663604736, 3518
1.4379658699035645, 3517
1.4419658184051514, 3516
1.4429659843444824, 3515
1.4439656734466553, 3514
1.4459655284881592, 3513
1.4489660263061523, 3512
1.4499659538269043, 3511
1.4509663581848145, 3510
1.4529662132263184, 3509
1.4529662132263184, 3508
1.4539661407470703, 3507
1.4549658298492432, 3506
1.4559659957885742, 3505
1.462965965270996, 3504
1.462965965270996, 3503
1.4649658203125, 3502
1.4700422286987305, 3501
1.4700422286987305, 3500
1.4700422286987305, 3499
1.4709641933441162, 3498
1.4730064868927002, 3497
1.473646879196167, 3496
1.475600242614746, 3495
1.476607084274292, 3494
1.4850034713745117, 3493
1.4850034713745117, 3492
1.4885149002075195, 3491
1.4885149002075195, 3490
1.489551305770874, 3489
1.4945521354675293, 3488
1.4945521354675293, 3487
1.4945521354675293, 3486
1.4955530166625977, 3485
1.5035529136657715, 3484
1.504551649093628, 3483
1.504551649093628, 3482
1.5065526962280273, 3481
1.50754976272583, 3480
1.5085525512695312, 3479
1.5105528831481934, 3478
1.511552095413208, 3477
1.511552095413208, 3476
1.5165526866912842, 3475
1.5175518989562988, 3474
1.5185515880584717, 3473
1.5235531330108643, 3472
1.5235531330108643, 3471
1.5245518684387207, 3470
1.5255563259124756, 3469
1.5305523872375488, 3468
1.5325546264648438, 3467
1.5325546264648438, 3466
1.5355522632598877, 3465
1.5355522632598877, 3464
1.5355522632598877, 3463
1.5365521907806396, 3462
1.5395503044128418, 3461
1.5415565967559814, 3460
1.5415565967559814, 3459
1.5415565967559814, 3458
1.5445513725280762, 3457
1.5455524921417236, 3456
1.5455524921417236, 3455
1.5465495586395264, 3454
1.55155348777771, 3453
1.5525527000427246, 3452
1.5535519123077393, 3451
1.554551601409912, 3450
1.555565357208252, 3449
1.555565357208252, 3448
1.55855131149292, 3447
1.5615527629852295, 3446
1.5615527629852295, 3445
1.5625543594360352, 3444
1.5665555000305176, 3443
1.5685515403747559, 3442
1.5695562362670898, 3441
1.5695562362670898, 3440
1.5705513954162598, 3439
1.5705513954162598, 3438
1.5715503692626953, 3437
1.5725517272949219, 3436
1.5755524635314941, 3435
1.5795159339904785, 3434
1.5795159339904785, 3433
1.5805156230926514, 3432
1.5805156230926514, 3431
1.5835158824920654, 3430
1.5835158824920654, 3429
1.5865156650543213, 3428
1.5905156135559082, 3427
1.5905156135559082, 3426
1.5925157070159912, 3425
1.5925157070159912, 3424
1.597515344619751, 3423
1.599515676498413, 3422
1.6005158424377441, 3421
1.601515769958496, 3420
1.6025152206420898, 3419
1.6035172939300537, 3418
1.604515552520752, 3417
1.607515811920166, 3416
1.608515739440918, 3415
1.608515739440918, 3414
1.60951566696167, 3413
1.611515998840332, 3412
1.6125156879425049, 3411
1.6125156879425049, 3410
1.6145153045654297, 3409
1.6195154190063477, 3408
1.6215157508850098, 3407
1.6245155334472656, 3406
1.6245155334472656, 3405
1.6255159378051758, 3404
1.6265151500701904, 3403
1.6285154819488525, 3402
1.6305153369903564, 3401
1.6325156688690186, 3400
1.6335155963897705, 3399
1.6335155963897705, 3398
1.6345152854919434, 3397
1.6365151405334473, 3396
1.6365151405334473, 3395
1.6375153064727783, 3394
1.6415154933929443, 3393
1.6425154209136963, 3392
1.6435153484344482, 3391
1.6445152759552002, 3390
1.6445152759552002, 3389
1.6475155353546143, 3388
1.6485154628753662, 3387
1.6485154628753662, 3386
1.6525154113769531, 3385
1.6545155048370361, 3384
1.655515432357788, 3383
1.657515287399292, 3382
1.659515142440796, 3381
1.659515142440796, 3380
1.659515142440796, 3379
1.6635150909423828, 3378
1.664515733718872, 3377
1.6685154438018799, 3376
1.6745152473449707, 3375
1.6745152473449707, 3374
1.6745152473449707, 3373
1.6785154342651367, 3372
1.6795153617858887, 3371
1.6805152893066406, 3370
1.6955153942108154, 3369
1.6965153217315674, 3368
1.6975154876708984, 3367
1.7005150318145752, 3366
1.7045154571533203, 3365
1.7045154571533203, 3364
1.7075157165527344, 3363
1.7075157165527344, 3362
1.7075157165527344, 3361
1.7085161209106445, 3360
1.7085161209106445, 3359
1.712514877319336, 3358
1.712514877319336, 3357
1.714515209197998, 3356
1.715515375137329, 3355
1.716515064239502, 3354
1.718515396118164, 3353
1.724515438079834, 3352
1.724515438079834, 3351
1.7285149097442627, 3350
1.731515645980835, 3349
1.731515645980835, 3348
1.7375152111053467, 3347
1.7375152111053467, 3346
1.7395155429840088, 3345
1.7395155429840088, 3344
1.7415156364440918, 3343
1.7435154914855957, 3342
1.7435154914855957, 3341
1.7465152740478516, 3340
1.7465152740478516, 3339
1.7525153160095215, 3338
1.7525153160095215, 3337
1.7555148601531982, 3336
1.7585153579711914, 3335
1.7585153579711914, 3334
1.7595155239105225, 3333
1.7595155239105225, 3332
1.769515037536621, 3331
1.7705166339874268, 3330
1.7755155563354492, 3329
1.779515266418457, 3328
1.780515432357788, 3327
1.783515453338623, 3326
1.788515329360962, 3325
1.789515733718872, 3324
1.7915163040161133, 3323
1.797515869140625, 3322
1.7985153198242188, 3321
1.7985153198242188, 3320
1.801515817642212, 3319
1.8055155277252197, 3318
1.8065152168273926, 3317
1.8075153827667236, 3316
1.8105151653289795, 3315
1.8135154247283936, 3314
1.8155152797698975, 3313
1.8175153732299805, 3312
1.8185155391693115, 3311
1.8195154666900635, 3310
1.8205156326293945, 3309
1.8205156326293945, 3308
1.8225152492523193, 3307
1.8265156745910645, 3306
1.8295152187347412, 3305
1.8305151462554932, 3304
1.8305151462554932, 3303
1.8305151462554932, 3302
1.8325154781341553, 3301
1.8345158100128174, 3300
1.8355154991149902, 3299
1.8355154991149902, 3298
1.8375153541564941, 3297
1.8395154476165771, 3296
1.8395154476165771, 3295
1.8415155410766602, 3294
1.842515468597412, 3293
1.8475148677825928, 3292
1.8495151996612549, 3291
1.850515604019165, 3290
1.854515552520752, 3289
1.8585152626037598, 3288
1.8645153045654297, 3287
1.8645153045654297, 3286
1.8655152320861816, 3285
1.8665153980255127, 3284
1.8705153465270996, 3283
1.8735156059265137, 3282
1.8795151710510254, 3281
1.8805150985717773, 3280
1.8815157413482666, 3279
1.8855154514312744, 3278
1.8865156173706055, 3277
1.8875150680541992, 3276
1.8895153999328613, 3275
1.8905155658721924, 3274
1.8915154933929443, 3273
1.8925156593322754, 3272
1.8935158252716064, 3271
1.895514965057373, 3270
1.8985161781311035, 3269
1.9005155563354492, 3268
1.9025154113769531, 3267
1.907515287399292, 3266
1.9085156917572021, 3265
1.9095158576965332, 3264
1.9095158576965332, 3263
1.910515546798706, 3262
1.9145159721374512, 3261
1.9155151844024658, 3260
1.9175152778625488, 3259
1.9195151329040527, 3258
1.9225151538848877, 3257
1.9255154132843018, 3256
1.9285151958465576, 3255
1.9295153617858887, 3254
1.9295153617858887, 3253
1.9315154552459717, 3252
1.9315154552459717, 3251
1.9345154762268066, 3250
1.9375152587890625, 3249
1.9385151863098145, 3248
1.9425151348114014, 3247
1.9505155086517334, 3246
1.9525156021118164, 3245
1.9535157680511475, 3244
1.9545154571533203, 3243
1.9545154571533203, 3242
1.9555156230926514, 3241
1.9555156230926514, 3240
1.9555156230926514, 3239
1.9565150737762451, 3238
1.9575154781341553, 3237
1.9585156440734863, 3236
1.9655158519744873, 3235
1.968515396118164, 3234
1.9735157489776611, 3233
1.974515438079834, 3232
1.974515438079834, 3231
1.9785161018371582, 3230
1.9785161018371582, 3229
1.9795165061950684, 3228
1.9795165061950684, 3227
1.9815163612365723, 3226
1.9845151901245117, 3225
1.9855155944824219, 3224
1.9855155944824219, 3223
1.9865155220031738, 3222
1.9865155220031738, 3221
1.9865155220031738, 3220
1.9885153770446777, 3219
1.9925155639648438, 3218
2.0005152225494385, 3217
2.001516103744507, 3216
2.0045154094696045, 3215
2.0075154304504395, 3214
2.0085153579711914, 3213
2.0135161876678467, 3212
2.0145158767700195, 3211
2.0215158462524414, 3210
2.0225155353546143, 3209
2.027515411376953, 3208
2.0315158367156982, 3207
2.0315158367156982, 3206
2.0315158367156982, 3205
2.035515069961548, 3204
2.041515588760376, 3203
2.045515537261963, 3202
2.0475151538848877, 3201
2.0475151538848877, 3200
2.0485153198242188, 3199
2.0525150299072266, 3198
2.0525150299072266, 3197
2.0545153617858887, 3196
2.058516025543213, 3195
2.0605154037475586, 3194
2.0645153522491455, 3193
2.0655157566070557, 3192
2.0705149173736572, 3191
2.0725150108337402, 3190
2.0735158920288086, 3189
2.0735158920288086, 3188
2.0755155086517334, 3187
2.0755155086517334, 3186
2.082515239715576, 3185
2.082515239715576, 3184
2.0835156440734863, 3183
2.0835156440734863, 3182
2.087515354156494, 3181
2.095515489578247, 3180
2.095515489578247, 3179
2.099515438079834, 3178
2.099515438079834, 3177
2.100515604019165, 3176
2.100515604019165, 3175
2.1105165481567383, 3174
2.1105165481567383, 3173
2.111515760421753, 3172
2.112515687942505, 3171
2.1185154914855957, 3170
2.1185154914855957, 3169
2.1195154190063477, 3168
2.1195154190063477, 3167
2.1215152740478516, 3166
2.1245152950286865, 3165
2.1265153884887695, 3164
2.1275155544281006, 3163
2.1275155544281006, 3162
2.1295151710510254, 3161
2.1295151710510254, 3160
2.130516529083252, 3159
2.1325151920318604, 3158
2.1335153579711914, 3157
2.1405155658721924, 3156
2.1405155658721924, 3155
2.142515182495117, 3154
2.1445152759552, 3153
2.1465156078338623, 3152
2.153515577316284, 3151
2.153515577316284, 3150
2.157515287399292, 3149
2.158515214920044, 3148
2.158515214920044, 3147
2.160515069961548, 3146
2.161515474319458, 3145
2.170515298843384, 3144
2.176515579223633, 3143
2.176515579223633, 3142
2.1785154342651367, 3141
2.1785154342651367, 3140
2.1825151443481445, 3139
2.1825151443481445, 3138
2.1865153312683105, 3137
2.1865153312683105, 3136
2.1985154151916504, 3135
2.1995153427124023, 3134
2.206515312194824, 3133
2.2115156650543213, 3132
2.2125155925750732, 3131
2.2125155925750732, 3130
2.2135157585144043, 3129
2.219515323638916, 3128
2.223515510559082, 3127
2.224515438079834, 3126
2.225515842437744, 3125
2.225515842437744, 3124
2.229515314102173, 3123
2.2315149307250977, 3122
2.2375152111053467, 3121
2.2385151386260986, 3120
2.2385151386260986, 3119
2.242516040802002, 3118
2.243515968322754, 3117
2.2445156574249268, 3116
2.2455155849456787, 3115
2.2485153675079346, 3114
2.2495155334472656, 3113
2.2515156269073486, 3112
2.2535154819488525, 3111
2.2545151710510254, 3110
2.2555160522460938, 3109
2.2605154514312744, 3108
2.2615153789520264, 3107
2.2615153789520264, 3106
2.2625153064727783, 3105
2.2695152759552, 3104
2.278515338897705, 3103
2.28151535987854, 3102
2.288515090942383, 3101
2.291515350341797, 3100
2.291515350341797, 3099
2.2925162315368652, 3098
2.293515920639038, 3097
2.294515609741211, 3096
2.294515609741211, 3095
2.2975151538848877, 3094
2.29951548576355, 3093
2.29951548576355, 3092
2.3005151748657227, 3091
2.3005151748657227, 3090
2.3025152683258057, 3089
2.3025152683258057, 3088
2.3025152683258057, 3087
2.3035154342651367, 3086
2.3035154342651367, 3085
2.3045153617858887, 3084
2.3045153617858887, 3083
2.3045153617858887, 3082
2.3095152378082275, 3081
2.3095152378082275, 3080
2.3105151653289795, 3079
2.3155155181884766, 3078
2.3195152282714844, 3077
2.3195152282714844, 3076
2.3205153942108154, 3075
2.3235154151916504, 3074
2.3255152702331543, 3073
2.3265154361724854, 3072
2.32851505279541, 3071
2.32851505279541, 3070
2.3355159759521484, 3069
2.341515302658081, 3068
2.345515251159668, 3067
2.3595120906829834, 3066
2.360511541366577, 3065
2.3725109100341797, 3064
2.3735110759735107, 3063
2.3825502395629883, 3062
2.3825502395629883, 3061
2.384549856185913, 3060
2.387547492980957, 3059
2.39155650138855, 3058
2.393550157546997, 3057
2.394547462463379, 3056
2.394547462463379, 3055
2.396552324295044, 3054
2.3995516300201416, 3053
2.404552698135376, 3052
2.405545234680176, 3051
2.405545234680176, 3050
2.408512592315674, 3049
2.4095120429992676, 3048
2.4105119705200195, 3047
2.416550874710083, 3046
2.4185500144958496, 3045
2.4245522022247314, 3044
2.4335527420043945, 3043
2.43455171585083, 3042
2.435554265975952, 3041
2.435554265975952, 3040
2.439552068710327, 3039
2.439552068710327, 3038
2.4445559978485107, 3037
2.451550006866455, 3036
2.451550006866455, 3035
2.452552318572998, 3034
2.4535553455352783, 3033
2.4575538635253906, 3032
2.4665520191192627, 3031
2.467562198638916, 3030
2.4735517501831055, 3029
2.4745492935180664, 3028
2.4785516262054443, 3027
2.4795546531677246, 3026
2.4805545806884766, 3025
2.4815516471862793, 3024
2.4925553798675537, 3023
2.4935553073883057, 3022
2.500551462173462, 3021
2.502551794052124, 3020
2.503552198410034, 3019
2.5045526027679443, 3018
2.50654935836792, 3017
2.5075533390045166, 3016
2.5105533599853516, 3015
2.514552354812622, 3014
2.522554397583008, 3013
2.523552656173706, 3012
2.5325520038604736, 3011
2.5325520038604736, 3010
2.5385541915893555, 3009
2.5385541915893555, 3008
2.5395514965057373, 3007
2.5415525436401367, 3006
2.545560598373413, 3005
2.550551652908325, 3004
2.5535528659820557, 3003
2.556554079055786, 3002
2.557563066482544, 3001
2.5605521202087402, 3000
2.562551498413086, 2999
2.5665526390075684, 2998
2.567551612854004, 2997
2.567551612854004, 2996
2.5705654621124268, 2995
2.5715622901916504, 2994
2.5715622901916504, 2993
2.5835516452789307, 2992
2.585552453994751, 2991
2.5875532627105713, 2990
2.593557119369507, 2989
2.593557119369507, 2988
2.5965518951416016, 2987
2.6015546321868896, 2986
2.6025538444519043, 2985
2.6055519580841064, 2984
2.608551502227783, 2983
2.6125521659851074, 2982
2.6135518550872803, 2981
2.616554021835327, 2980
2.6225526332855225, 2979
2.6245622634887695, 2978
2.634553909301758, 2977
2.638552188873291, 2976
2.640552282333374, 2975
2.6455557346343994, 2974
2.6455557346343994, 2973
2.6495535373687744, 2972
2.651552200317383, 2971
2.6525561809539795, 2970
2.659555196762085, 2969
2.659555196762085, 2968
2.6625521183013916, 2967
2.6635520458221436, 2966
2.6675515174865723, 2965
2.671553134918213, 2964
2.6735568046569824, 2963
2.680553913116455, 2962
2.6825520992279053, 2961
2.683554172515869, 2960
2.688551902770996, 2959
2.69755220413208, 2958
2.7025649547576904, 2957
2.703552722930908, 2956
2.7095515727996826, 2955
2.7095515727996826, 2954
2.711552143096924, 2953
2.7225515842437744, 2952
2.729551315307617, 2951
2.7315518856048584, 2950
2.7355527877807617, 2949
2.743553638458252, 2948
2.746551513671875, 2947
2.751558542251587, 2946
2.7535624504089355, 2945
2.75555419921875, 2944
2.7565512657165527, 2943
2.7565512657165527, 2942
2.7565512657165527, 2941
2.767551898956299, 2940
2.783562660217285, 2939
2.783562660217285, 2938
2.7905516624450684, 2937
2.7915515899658203, 2936
2.7945539951324463, 2935
2.7975518703460693, 2934
2.8075530529022217, 2933
2.8105146884918213, 2932
2.8185513019561768, 2931
2.8205525875091553, 2930
2.8205525875091553, 2929
2.82155704498291, 2928
2.8225529193878174, 2927
2.8225529193878174, 2926
2.8235514163970947, 2925
2.8275532722473145, 2924
2.830551862716675, 2923
2.839552164077759, 2922
2.841552734375, 2921
2.8575518131256104, 2920
2.8655521869659424, 2919
2.8665521144866943, 2918
2.8675527572631836, 2917
2.869551658630371, 2916
2.869551658630371, 2915
2.871551513671875, 2914
2.8755528926849365, 2913
2.881514549255371, 2912
2.881514549255371, 2911
2.882514715194702, 2910
2.8935537338256836, 2909
2.8945512771606445, 2908
2.8955535888671875, 2907
2.9065630435943604, 2906
2.907552719116211, 2905
2.918551445007324, 2904
2.933558940887451, 2903
2.936554193496704, 2902
2.943552255630493, 2901
2.946551561355591, 2900
2.946551561355591, 2899
2.947553873062134, 2898
2.947553873062134, 2897
2.947553873062134, 2896
2.949554443359375, 2895
2.9505515098571777, 2894
2.9505515098571777, 2893
2.9525153636932373, 2892
2.9595580101013184, 2891
2.9735522270202637, 2890
2.9745519161224365, 2889
2.9775564670562744, 2888
2.9835474491119385, 2887
2.9865498542785645, 2886
2.9885470867156982, 2885
2.993560552597046, 2884
2.9975545406341553, 2883
3.00455641746521, 2882
3.005552291870117, 2881
3.005552291870117, 2880
3.014552354812622, 2879
3.016552448272705, 2878
3.016552448272705, 2877
3.020554304122925, 2876
3.026552200317383, 2875
3.029557228088379, 2874
3.031552314758301, 2873
3.0385520458221436, 2872
3.0395524501800537, 2871
3.0435543060302734, 2870
3.0455520153045654, 2869
3.0545520782470703, 2868
3.0555520057678223, 2867
3.0555520057678223, 2866
3.057551622390747, 2865
3.064514398574829, 2864
3.066551923751831, 2863
3.0675642490386963, 2862
3.0675642490386963, 2861
3.0785512924194336, 2860
3.082554340362549, 2859
3.082554340362549, 2858
3.084554433822632, 2857
3.087552547454834, 2856
3.0885515213012695, 2855
3.0945515632629395, 2854
3.0965542793273926, 2853
3.1035521030426025, 2852
3.1045522689819336, 2851
3.1045522689819336, 2850
3.1055521965026855, 2849
3.1095521450042725, 2848
3.1095521450042725, 2847
3.110553503036499, 2846
3.121551752090454, 2845
3.127552032470703, 2844
3.133551836013794, 2843
3.137554883956909, 2842
3.141554594039917, 2841
3.1465494632720947, 2840
3.1465494632720947, 2839
3.1485540866851807, 2838
3.1525521278381348, 2837
3.1595516204833984, 2836
3.1605541706085205, 2835
3.1635525226593018, 2834
3.1655631065368652, 2833
3.1755523681640625, 2832
3.1845521926879883, 2831
3.1845521926879883, 2830
3.1845521926879883, 2829
3.1855642795562744, 2828
3.192553997039795, 2827
3.192553997039795, 2826
3.2045514583587646, 2825
3.2045514583587646, 2824
3.205552101135254, 2823
3.2065517902374268, 2822
3.207554578781128, 2821
3.207554578781128, 2820
3.2165515422821045, 2819
3.2175517082214355, 2818
3.2175517082214355, 2817
3.21956467628479, 2816
3.2245540618896484, 2815
3.231552839279175, 2814
3.246516704559326, 2813
3.2555487155914307, 2812
3.2565488815307617, 2811
3.2585484981536865, 2810
3.2715532779693604, 2809
3.276564598083496, 2808
3.276564598083496, 2807
3.2885539531707764, 2806
3.315552234649658, 2805
3.316551446914673, 2804
3.32051682472229, 2803
3.324517011642456, 2802
3.326547384262085, 2801
3.32954740524292, 2800
3.3375473022460938, 2799
3.3375473022460938, 2798
3.3405470848083496, 2797
3.3405470848083496, 2796
3.3405470848083496, 2795
3.341547727584839, 2794
3.343576431274414, 2793
3.3555479049682617, 2792
3.3605475425720215, 2791
3.373551845550537, 2790
3.3875644207000732, 2789
3.398552417755127, 2788
3.3995532989501953, 2787
3.405552625656128, 2786
3.4195520877838135, 2785
3.4215521812438965, 2784
3.4265525341033936, 2783
3.4295578002929688, 2782
3.43355131149292, 2781
3.434549331665039, 2780
3.4395523071289062, 2779
3.4655513763427734, 2778
3.4695518016815186, 2777
3.470552682876587, 2776
3.47255277633667, 2775
3.4755499362945557, 2774
3.4765517711639404, 2773
3.4775521755218506, 2772
3.4795525074005127, 2771
3.4805541038513184, 2770
3.4885523319244385, 2769
3.4885523319244385, 2768
3.5005526542663574, 2767
3.5065512657165527, 2766
3.5145514011383057, 2765
3.523550271987915, 2764
3.524552345275879, 2763
3.526561975479126, 2762
3.5345520973205566, 2761
3.541555404663086, 2760
3.542553186416626, 2759
3.542553186416626, 2758
3.5435526371002197, 2757
3.5435526371002197, 2756
3.5465495586395264, 2755
3.5465495586395264, 2754
3.5485541820526123, 2753
3.552551507949829, 2752
3.555565357208252, 2751
3.5675525665283203, 2750
3.572553873062134, 2749
3.5775527954101562, 2748
3.580554246902466, 2747
3.5845518112182617, 2746
3.5845518112182617, 2745
3.5905520915985107, 2744
3.5925519466400146, 2743
3.5975518226623535, 2742
3.6085541248321533, 2741
3.6095523834228516, 2740
3.6095523834228516, 2739
3.6135568618774414, 2738
3.6155519485473633, 2737
3.6255548000335693, 2736
3.6345534324645996, 2735
3.6395533084869385, 2734
3.641551971435547, 2733
3.6445541381835938, 2732
3.6445541381835938, 2731
3.64555287361145, 2730
3.6475634574890137, 2729
3.6475634574890137, 2728
3.654553174972534, 2727
3.6585495471954346, 2726
3.6595523357391357, 2725
3.6655523777008057, 2724
3.680551528930664, 2723
3.680551528930664, 2722
3.6815567016601562, 2721
3.68355393409729, 2720
3.68355393409729, 2719
3.685553789138794, 2718
3.688554048538208, 2717
3.700552463531494, 2716
3.706552505493164, 2715
3.7265517711639404, 2714
3.7295570373535156, 2713
3.7295570373535156, 2712
3.7355520725250244, 2711
3.7375540733337402, 2710
3.7435522079467773, 2709
3.753551721572876, 2708
3.757551908493042, 2707
3.7755520343780518, 2706
3.7765514850616455, 2705
3.7785534858703613, 2704
3.7795538902282715, 2703
3.7915518283843994, 2702
3.7955501079559326, 2701
3.7955501079559326, 2700
3.8025496006011963, 2699
3.8065640926361084, 2698
3.8085551261901855, 2697
3.824552059173584, 2696
3.828552484512329, 2695
3.847552537918091, 2694
3.8575525283813477, 2693
3.871551752090454, 2692
3.880554437637329, 2691
3.883552312850952, 2690
3.884551525115967, 2689
3.8895516395568848, 2688
3.8965539932250977, 2687
3.897554636001587, 2686
3.9015541076660156, 2685
3.9035520553588867, 2684
3.9145493507385254, 2683
3.9295520782470703, 2682
3.942551851272583, 2681
3.9575555324554443, 2680
3.962554454803467, 2679
3.96755313873291, 2678
3.96755313873291, 2677
3.968552589416504, 2676
3.9695537090301514, 2675
3.9845480918884277, 2674
3.9855456352233887, 2673
4.004552602767944, 2672
4.008554220199585, 2671
4.010549545288086, 2670
4.016553163528442, 2669
4.017552375793457, 2668
4.017552375793457, 2667
4.0235512256622314, 2666
4.0465521812438965, 2665
4.050551891326904, 2664
4.054551839828491, 2663
4.056554555892944, 2662
4.0585548877716064, 2661
4.074549436569214, 2660
4.0755534172058105, 2659
4.078551530838013, 2658
4.089515447616577, 2657
4.090552091598511, 2656
4.119554042816162, 2655
4.123551845550537, 2654
4.127553224563599, 2653
4.140514850616455, 2652
4.141514539718628, 2651
4.156553745269775, 2650
4.162552356719971, 2649
4.171551942825317, 2648
4.178514719009399, 2647
4.196552515029907, 2646
4.203553915023804, 2645
4.2065513134002686, 2644
4.2125537395477295, 2643
4.2195515632629395, 2642
4.231551885604858, 2641
4.23755955696106, 2640
4.244513273239136, 2639
4.25055456161499, 2638
4.255559206008911, 2637
4.258551597595215, 2636
4.262561798095703, 2635
4.267561435699463, 2634
4.268551588058472, 2633
4.314548969268799, 2632
4.323554039001465, 2631
4.330549478530884, 2630
4.335552930831909, 2629
4.343516111373901, 2628
4.355554580688477, 2627
4.3565514087677, 2626
4.384552478790283, 2625
4.385552406311035, 2624
4.385552406311035, 2623
4.393553256988525, 2622
4.395552396774292, 2621
4.4105517864227295, 2620
4.4115519523620605, 2619
4.41355299949646, 2618
4.416553020477295, 2617
4.4245522022247314, 2616
4.428553819656372, 2615
4.430551767349243, 2614
4.44755220413208, 2613
4.449551820755005, 2612
4.458549499511719, 2611
4.4615514278411865, 2610
4.4725542068481445, 2609
4.480551719665527, 2608
4.4825146198272705, 2607
4.4895524978637695, 2606
4.504554271697998, 2605
4.510551452636719, 2604
4.531551361083984, 2603
4.540555000305176, 2602
4.543552875518799, 2601
4.565559387207031, 2600
4.571552038192749, 2599
4.573553562164307, 2598
4.580563545227051, 2597
4.58355188369751, 2596
4.58355188369751, 2595
4.6035521030426025, 2594
4.61355185508728, 2593
4.623553037643433, 2592
4.623553037643433, 2591
4.639552354812622, 2590
4.641561985015869, 2589
4.656551837921143, 2588
4.662552118301392, 2587
4.66555118560791, 2586
4.6675519943237305, 2585
4.670551538467407, 2584
4.675553798675537, 2583
4.68255352973938, 2582
4.688514709472656, 2581
4.692552089691162, 2580
4.697552919387817, 2579
4.7165515422821045, 2578
4.723551511764526, 2577
4.7305519580841064, 2576
4.733551502227783, 2575
4.743551254272461, 2574
4.754551649093628, 2573
4.758551359176636, 2572
4.769552707672119, 2571
4.7705628871917725, 2570
4.7735512256622314, 2569
4.7735512256622314, 2568
4.785552024841309, 2567
4.795551776885986, 2566
4.795551776885986, 2565
4.7995522022247314, 2564
4.81054949760437, 2563
4.811551570892334, 2562
4.823554277420044, 2561
4.840554237365723, 2560
4.884551286697388, 2559
4.887551784515381, 2558
4.891559839248657, 2557
4.892554998397827, 2556
4.892554998397827, 2555
4.893553256988525, 2554
4.8945512771606445, 2553
4.897552967071533, 2552
4.898564338684082, 2551
4.907553434371948, 2550
4.912551164627075, 2549
4.915551424026489, 2548
4.921551704406738, 2547
4.9325525760650635, 2546
4.944552898406982, 2545
4.944552898406982, 2544
4.953567981719971, 2543
4.971555233001709, 2542
5.002549886703491, 2541
5.00455379486084, 2540
5.006551504135132, 2539
5.009552240371704, 2538
5.022552013397217, 2537
5.025552034378052, 2536
5.053551912307739, 2535
5.054551362991333, 2534
5.054551362991333, 2533
5.059554576873779, 2532
5.066548824310303, 2531
5.074514627456665, 2530
5.075554370880127, 2529
5.082549571990967, 2528
5.088552236557007, 2527
5.100552320480347, 2526
5.112561464309692, 2525
5.112561464309692, 2524
5.1395628452301025, 2523
5.153552055358887, 2522
5.154551267623901, 2521
5.164551496505737, 2520
5.167552709579468, 2519
5.19155216217041, 2518
5.197551965713501, 2517
5.201552152633667, 2516
5.202551603317261, 2515
5.206552028656006, 2514
5.207554340362549, 2513
5.210549831390381, 2512
5.21455192565918, 2511
5.231552362442017, 2510
5.2335569858551025, 2509
5.239552021026611, 2508
5.245563507080078, 2507
5.249552011489868, 2506
5.257554054260254, 2505
5.279551982879639, 2504
5.289552688598633, 2503
5.2915520668029785, 2502
5.296551465988159, 2501
5.296551465988159, 2500
5.303515911102295, 2499
5.304514646530151, 2498
5.313511371612549, 2497
5.323553085327148, 2496
5.329557180404663, 2495
5.355551481246948, 2494
5.422515869140625, 2493
5.42451548576355, 2492
5.42551589012146, 2491
5.443515300750732, 2490
5.469515800476074, 2489
5.473515272140503, 2488
5.479515552520752, 2487
5.482515573501587, 2486
5.489515781402588, 2485
5.4925150871276855, 2484
5.5035154819488525, 2483
5.514515161514282, 2482
5.529515504837036, 2481
5.53151535987854, 2480
5.532515525817871, 2479
5.537515640258789, 2478
5.537515640258789, 2477
5.542515277862549, 2476
5.5615153312683105, 2475
5.595515489578247, 2474
5.603515386581421, 2473
5.636515140533447, 2472
5.642515182495117, 2471
5.65651535987854, 2470
5.667515754699707, 2469
5.6850364208221436, 2468
5.697124004364014, 2467
5.728646278381348, 2466
5.733646392822266, 2465
5.753645896911621, 2464
5.757646322250366, 2463
5.766645908355713, 2462
5.78864598274231, 2461
5.7896459102630615, 2460
5.83064603805542, 2459
5.882645845413208, 2458
5.891645908355713, 2457
5.9266462326049805, 2456
5.938646078109741, 2455
5.945646047592163, 2454
5.962646007537842, 2453
5.9666454792022705, 2452
5.968648910522461, 2451
5.972646713256836, 2450
5.979646444320679, 2449
5.999646186828613, 2448
6.008646249771118, 2447
6.044646263122559, 2446
6.082645893096924, 2445
6.1056458950042725, 2444
6.15264630317688, 2443
6.157646179199219, 2442
6.165646076202393, 2441
6.196645975112915, 2440
6.212646245956421, 2439
6.22364616394043, 2438
6.295644044876099, 2437
6.302683353424072, 2436
6.31368350982666, 2435
6.31368350982666, 2434
6.3296825885772705, 2433
6.3396806716918945, 2432
6.343684434890747, 2431
6.372682809829712, 2430
6.423683166503906, 2429
6.433685541152954, 2428
6.4556825160980225, 2427
6.473682641983032, 2426
6.482683897018433, 2425
6.547680139541626, 2424
6.57369065284729, 2423
6.598645210266113, 2422
6.600683212280273, 2421
6.6366846561431885, 2420
6.646682500839233, 2419
6.661684513092041, 2418
6.663682460784912, 2417
6.693685054779053, 2416
6.6976470947265625, 2415
6.6996846199035645, 2414
6.7036826610565186, 2413
6.729682683944702, 2412
6.735682249069214, 2411
6.735682249069214, 2410
6.736682176589966, 2409
6.79068398475647, 2408
6.792682886123657, 2407
6.802649736404419, 2406
6.829662322998047, 2405
6.858647346496582, 2404
6.866678237915039, 2403
6.953678131103516, 2402
7.023643493652344, 2401
7.07868218421936, 2400
7.1406824588775635, 2399
7.147682189941406, 2398
7.17068338394165, 2397
7.173685073852539, 2396
7.18668532371521, 2395
7.194688081741333, 2394
7.230682849884033, 2393
7.230682849884033, 2392
7.241682291030884, 2391
7.251680850982666, 2390
7.284682989120483, 2389
7.285684585571289, 2388
7.292693853378296, 2387
7.307682275772095, 2386
7.309682130813599, 2385
7.311683177947998, 2384
7.345682144165039, 2383
7.34768009185791, 2382
7.422698736190796, 2381
7.4266979694366455, 2380
7.481687307357788, 2379
7.488682508468628, 2378
7.498688697814941, 2377
7.528683423995972, 2376
7.544682741165161, 2375
7.558682918548584, 2374
7.590682744979858, 2373
7.655688762664795, 2372
7.659682750701904, 2371
7.660684823989868, 2370
7.664685010910034, 2369
7.711683034896851, 2368
7.714683771133423, 2367
7.714683771133423, 2366
7.7636799812316895, 2365
7.790683031082153, 2364
7.825685501098633, 2363
7.880682468414307, 2362
7.910682201385498, 2361
7.912684679031372, 2360
7.953685283660889, 2359
7.995683193206787, 2358
8.04268503189087, 2357
8.094682693481445, 2356
8.12668251991272, 2355
8.162683248519897, 2354
8.179681301116943, 2353
8.179681301116943, 2352
8.186683177947998, 2351
8.233683586120605, 2350
8.237683773040771, 2349
8.242682456970215, 2348
8.247684001922607, 2347
8.266683340072632, 2346
8.27768349647522, 2345
8.29964828491211, 2344
8.316684484481812, 2343
8.425683498382568, 2342
8.426684141159058, 2341
8.469687223434448, 2340
8.493682384490967, 2339
8.555683135986328, 2338
8.578682899475098, 2337
8.582672834396362, 2336
8.609685897827148, 2335
8.700682878494263, 2334
8.787647247314453, 2333
8.825643301010132, 2332
8.861682891845703, 2331
9.06168508529663, 2330
9.075679540634155, 2329
9.124682426452637, 2328
9.160683631896973, 2327
9.177684307098389, 2326
9.19368314743042, 2325
9.204683065414429, 2324
9.227682828903198, 2323
9.236682653427124, 2322
9.32576060295105, 2321
9.3667631149292, 2320
9.39976167678833, 2319
9.41076111793518, 2318
9.533764123916626, 2317
9.546772480010986, 2316
9.556761980056763, 2315
9.582726240158081, 2314
9.586724996566772, 2313
9.596724033355713, 2312
9.597760915756226, 2311
9.610761165618896, 2310
9.736758470535278, 2309
9.766761779785156, 2308
9.853909015655518, 2307
9.881910800933838, 2306
9.896915912628174, 2305
9.943909168243408, 2304
10.082910299301147, 2303
10.10990834236145, 2302
10.178909063339233, 2301
10.19091272354126, 2300
10.250909805297852, 2299
10.253908634185791, 2298
10.269909143447876, 2297
10.37790846824646, 2296
10.45791220664978, 2295
10.465908527374268, 2294
10.477909326553345, 2293
10.484908819198608, 2292
10.484908819198608, 2291
10.492909669876099, 2290
10.63991117477417, 2289
10.732908010482788, 2288
10.73990797996521, 2287
10.74592137336731, 2286
10.81790804862976, 2285
10.885921239852905, 2284
10.979908227920532, 2283
11.012909889221191, 2282
11.05491328239441, 2281
11.256911039352417, 2280
11.284909725189209, 2279
11.284909725189209, 2278
11.29392147064209, 2277
11.314911603927612, 2276
11.33390998840332, 2275
11.342912912368774, 2274
11.458911180496216, 2273
11.592910051345825, 2272
11.726908445358276, 2271
11.89391040802002, 2270
11.894908905029297, 2269
11.898907899856567, 2268
11.937909603118896, 2267
11.969908714294434, 2266
12.036871433258057, 2265
12.184908866882324, 2264
12.375913858413696, 2263
12.516998529434204, 2262
12.535998582839966, 2261
12.618998289108276, 2260
13.106961727142334, 2259
13.129996299743652, 2258
13.173997640609741, 2257
13.400001764297485, 2256
13.521998167037964, 2255
13.764998197555542, 2254
13.80699872970581, 2253
13.969935417175293, 2252
14.065932989120483, 2251
14.154898643493652, 2250
14.163938999176025, 2249
14.245936393737793, 2248
14.786943197250366, 2247
14.937943696975708, 2246
15.011943101882935, 2245
15.26694369316101, 2244
15.508943557739258, 2243
15.713943243026733, 2242
15.724943399429321, 2241
16.040980100631714, 2240
16.09398078918457, 2239
16.592332124710083, 2238
17.230292081832886, 2237
17.650291919708252, 2236
18.19229221343994, 2235
18.249292135238647, 2234
18.34283423423767, 2233
18.386826515197754, 2232
18.758826971054077, 2231
18.865830421447754, 2230
19.327938556671143, 2229
19.606924533843994, 2228
19.69704508781433, 2227
20.140230178833008, 2226
20.581160306930542, 2225
20.71440815925598, 2224
20.75538396835327, 2223
22.459193468093872, 2222
23.159972429275513, 2221
23.42367124557495, 2220
25.168160676956177, 2219
25.37875008583069, 2218
27.69276189804077, 2217
28.667492151260376, 2216
29.1363627910614, 2215
30.50394892692566, 2214
33.76066279411316, 2213
34.56498599052429, 2212
41.98571181297302, 2211
48.38319802284241, 2210
52.66746687889099, 2209
81.13065004348755, 2208
90.23082876205444, 2207
98.05393815040588, 2206
116.53857254981995, 2205
171.2672061920166, 2204
225.9201464653015, 2203
