0.01616811752319336, 4941
0.01616811752319336, 4940
0.01616811752319336, 4939
0.01616811752319336, 4938
0.01616811752319336, 4937
0.01616811752319336, 4936
0.01616811752319336, 4935
0.01616811752319336, 4934
0.01616811752319336, 4933
0.01616811752319336, 4932
0.01616811752319336, 4931
0.01616811752319336, 4930
0.01616811752319336, 4929
0.01616811752319336, 4928
0.01616811752319336, 4927
0.03183460235595703, 4926
0.03183460235595703, 4925
0.03183460235595703, 4924
0.03183460235595703, 4923
0.03183460235595703, 4922
0.03183460235595703, 4921
0.03183460235595703, 4920
0.03183460235595703, 4919
0.03183460235595703, 4918
0.03183460235595703, 4917
0.03788399696350098, 4916
0.03788399696350098, 4915
0.03788399696350098, 4914
0.03788399696350098, 4913
0.03788399696350098, 4912
0.03788399696350098, 4911
0.03788399696350098, 4910
0.03788399696350098, 4909
0.03788399696350098, 4908
0.03788399696350098, 4907
0.03788399696350098, 4906
0.03788399696350098, 4905
0.03788399696350098, 4904
0.03788399696350098, 4903
0.03788399696350098, 4902
0.03788399696350098, 4901
0.03788399696350098, 4900
0.03788399696350098, 4899
0.03788399696350098, 4898
0.03788399696350098, 4897
0.03788399696350098, 4896
0.03788399696350098, 4895
0.03788399696350098, 4894
0.03788399696350098, 4893
0.03788399696350098, 4892
0.05356264114379883, 4891
0.05405712127685547, 4890
0.05505728721618652, 4889
0.05605673789978027, 4888
0.05605673789978027, 4887
0.05709338188171387, 4886
0.05709338188171387, 4885
0.058097124099731445, 4884
0.05909419059753418, 4883
0.05909419059753418, 4882
0.06009364128112793, 4881
0.06009364128112793, 4880
0.061093807220458984, 4879
0.061093807220458984, 4878
0.06209540367126465, 4877
0.06209540367126465, 4876
0.06309247016906738, 4875
0.06409311294555664, 4874
0.06409311294555664, 4873
0.0650944709777832, 4872
0.06605315208435059, 4871
0.06605315208435059, 4870
0.0670936107635498, 4869
0.06809258460998535, 4868
0.06909561157226562, 4867
0.06909561157226562, 4866
0.07009267807006836, 4865
0.07109379768371582, 4864
0.07109379768371582, 4863
0.07209229469299316, 4862
0.07209229469299316, 4861
0.07309317588806152, 4860
0.07409286499023438, 4859
0.07509279251098633, 4858
0.07509279251098633, 4857
0.07609248161315918, 4856
0.07609248161315918, 4855
0.07709383964538574, 4854
0.07709383964538574, 4853
0.07809591293334961, 4852
0.07809591293334961, 4851
0.07909250259399414, 4850
0.0800931453704834, 4849
0.0800931453704834, 4848
0.08109450340270996, 4847
0.08109450340270996, 4846
0.0820930004119873, 4845
0.0820930004119873, 4844
0.08309555053710938, 4843
0.08309555053710938, 4842
0.08409237861633301, 4841
0.08509469032287598, 4840
0.08509469032287598, 4839
0.08609747886657715, 4838
0.08709597587585449, 4837
0.08809018135070801, 4836
0.08809018135070801, 4835
0.08908963203430176, 4834
0.08908963203430176, 4833
0.09108781814575195, 4832
0.09209036827087402, 4831
0.09209036827087402, 4830
0.09308838844299316, 4829
0.09408807754516602, 4828
0.09508872032165527, 4827
0.09508872032165527, 4826
0.09608817100524902, 4825
0.09708905220031738, 4824
0.09708905220031738, 4823
0.09808826446533203, 4822
0.09808826446533203, 4821
0.10009193420410156, 4820
0.10021424293518066, 4819
0.10021424293518066, 4818
0.10021424293518066, 4817
0.10021424293518066, 4816
0.10021424293518066, 4815
0.10021424293518066, 4814
0.10021424293518066, 4813
0.10021424293518066, 4812
0.10021424293518066, 4811
0.10021424293518066, 4810
0.10021424293518066, 4809
0.10021424293518066, 4808
0.10021424293518066, 4807
0.10021424293518066, 4806
0.10021424293518066, 4805
0.10021424293518066, 4804
0.10021424293518066, 4803
0.10021424293518066, 4802
0.10021424293518066, 4801
0.10021424293518066, 4800
0.10021424293518066, 4799
0.10021424293518066, 4798
0.10021424293518066, 4797
0.10021424293518066, 4796
0.11587953567504883, 4795
0.11587953567504883, 4794
0.11587953567504883, 4793
0.11587953567504883, 4792
0.11587953567504883, 4791
0.11587953567504883, 4790
0.11587953567504883, 4789
0.11587953567504883, 4788
0.11587953567504883, 4787
0.11587953567504883, 4786
0.11587953567504883, 4785
0.11587953567504883, 4784
0.11587953567504883, 4783
0.11587953567504883, 4782
0.11587953567504883, 4781
0.11587953567504883, 4780
0.11587953567504883, 4779
0.11587953567504883, 4778
0.11587953567504883, 4777
0.11587953567504883, 4776
0.11587953567504883, 4775
0.11587953567504883, 4774
0.11587953567504883, 4773
0.13150763511657715, 4772
0.13150763511657715, 4771
0.13150763511657715, 4770
0.13150763511657715, 4769
0.13150763511657715, 4768
0.13150763511657715, 4767
0.13150763511657715, 4766
0.13150763511657715, 4765
0.13150763511657715, 4764
0.13150763511657715, 4763
0.1381542682647705, 4762
0.1381542682647705, 4761
0.14029741287231445, 4760
0.14029741287231445, 4759
0.14029741287231445, 4758
0.14029741287231445, 4757
0.14029741287231445, 4756
0.14029741287231445, 4755
0.14029741287231445, 4754
0.14029741287231445, 4753
0.14029741287231445, 4752
0.14029741287231445, 4751
0.14029741287231445, 4750
0.14029741287231445, 4749
0.14029741287231445, 4748
0.14029741287231445, 4747
0.14841556549072266, 4746
0.14841556549072266, 4745
0.14841556549072266, 4744
0.14841556549072266, 4743
0.15054941177368164, 4742
0.15054941177368164, 4741
0.15054941177368164, 4740
0.15054941177368164, 4739
0.15054941177368164, 4738
0.15054941177368164, 4737
0.15054941177368164, 4736
0.15054941177368164, 4735
0.15054941177368164, 4734
0.15054941177368164, 4733
0.15054941177368164, 4732
0.15054941177368164, 4731
0.15054941177368164, 4730
0.15869712829589844, 4729
0.15869712829589844, 4728
0.15869712829589844, 4727
0.15869712829589844, 4726
0.16083955764770508, 4725
0.16083955764770508, 4724
0.16083955764770508, 4723
0.16083955764770508, 4722
0.16083955764770508, 4721
0.16083955764770508, 4720
0.16083955764770508, 4719
0.16083955764770508, 4718
0.16083955764770508, 4717
0.16083955764770508, 4716
0.16083955764770508, 4715
0.16083955764770508, 4714
0.16083955764770508, 4713
0.16894865036010742, 4712
0.16894865036010742, 4711
0.16894865036010742, 4710
0.17099523544311523, 4709
0.17108941078186035, 4708
0.17108941078186035, 4707
0.17108941078186035, 4706
0.17108941078186035, 4705
0.17108941078186035, 4704
0.17108941078186035, 4703
0.17108941078186035, 4702
0.17108941078186035, 4701
0.17108941078186035, 4700
0.17108941078186035, 4699
0.17108941078186035, 4698
0.17922639846801758, 4697
0.17922639846801758, 4696
0.17922639846801758, 4695
0.17922639846801758, 4694
0.17922639846801758, 4693
0.18137288093566895, 4692
0.18137288093566895, 4691
0.18137288093566895, 4690
0.18137288093566895, 4689
0.18137288093566895, 4688
0.18137288093566895, 4687
0.18137288093566895, 4686
0.18137288093566895, 4685
0.18137288093566895, 4684
0.18137288093566895, 4683
0.18137288093566895, 4682
0.18944811820983887, 4681
0.18944811820983887, 4680
0.19159293174743652, 4679
0.19159293174743652, 4678
0.19159293174743652, 4677
0.19159293174743652, 4676
0.19159293174743652, 4675
0.19159293174743652, 4674
0.19159293174743652, 4673
0.19159293174743652, 4672
0.19159293174743652, 4671
0.19159293174743652, 4670
0.19963860511779785, 4669
0.19973230361938477, 4668
0.19973230361938477, 4667
0.19973230361938477, 4666
0.2018723487854004, 4665
0.2018723487854004, 4664
0.2018723487854004, 4663
0.2018723487854004, 4662
0.2018723487854004, 4661
0.2018723487854004, 4660
0.2018723487854004, 4659
0.2018723487854004, 4658
0.2018723487854004, 4657
0.2018723487854004, 4656
0.2018723487854004, 4655
0.2018723487854004, 4654
0.2018723487854004, 4653
0.20995426177978516, 4652
0.20995426177978516, 4651
0.20995426177978516, 4650
0.2120969295501709, 4649
0.2120969295501709, 4648
0.2120969295501709, 4647
0.2120969295501709, 4646
0.2120969295501709, 4645
0.2120969295501709, 4644
0.2120969295501709, 4643
0.2120969295501709, 4642
0.2120969295501709, 4641
0.2120969295501709, 4640
0.2120969295501709, 4639
0.2120969295501709, 4638
0.2120969295501709, 4637
0.2120969295501709, 4636
0.22014498710632324, 4635
0.2202455997467041, 4634
0.2202455997467041, 4633
0.22238445281982422, 4632
0.22238445281982422, 4631
0.22238445281982422, 4630
0.22238445281982422, 4629
0.22238445281982422, 4628
0.22238445281982422, 4627
0.22238445281982422, 4626
0.22238445281982422, 4625
0.22238445281982422, 4624
0.22238445281982422, 4623
0.22238445281982422, 4622
0.22238445281982422, 4621
0.23043107986450195, 4620
0.23043107986450195, 4619
0.2329404354095459, 4618
0.2329404354095459, 4617
0.2329404354095459, 4616
0.2329404354095459, 4615
0.2329404354095459, 4614
0.2329404354095459, 4613
0.2329404354095459, 4612
0.2329404354095459, 4611
0.2329404354095459, 4610
0.2329404354095459, 4609
0.2329404354095459, 4608
0.24109983444213867, 4607
0.24324655532836914, 4606
0.24324655532836914, 4605
0.24324655532836914, 4604
0.24324655532836914, 4603
0.24324655532836914, 4602
0.24324655532836914, 4601
0.24324655532836914, 4600
0.24324655532836914, 4599
0.24324655532836914, 4598
0.24324655532836914, 4597
0.24324655532836914, 4596
0.24324655532836914, 4595
0.24324655532836914, 4594
0.251345157623291, 4593
0.251345157623291, 4592
0.251345157623291, 4591
0.2534902095794678, 4590
0.2534902095794678, 4589
0.2534902095794678, 4588
0.2534902095794678, 4587
0.2534902095794678, 4586
0.2534902095794678, 4585
0.2534902095794678, 4584
0.2534902095794678, 4583
0.2534902095794678, 4582
0.2534902095794678, 4581
0.2534902095794678, 4580
0.2534902095794678, 4579
0.2534902095794678, 4578
0.2534902095794678, 4577
0.2534902095794678, 4576
0.26163363456726074, 4575
0.26163363456726074, 4574
0.26163363456726074, 4573
0.2637979984283447, 4572
0.2637979984283447, 4571
0.2637979984283447, 4570
0.2637979984283447, 4569
0.2637979984283447, 4568
0.2637979984283447, 4567
0.2637979984283447, 4566
0.2637979984283447, 4565
0.2637979984283447, 4564
0.2637979984283447, 4563
0.2637979984283447, 4562
0.2637979984283447, 4561
0.2637979984283447, 4560
0.2637979984283447, 4559
0.2637979984283447, 4558
0.2637979984283447, 4557
0.27187347412109375, 4556
0.27187347412109375, 4555
0.27187347412109375, 4554
0.2740170955657959, 4553
0.2740170955657959, 4552
0.2740170955657959, 4551
0.2740170955657959, 4550
0.2740170955657959, 4549
0.2740170955657959, 4548
0.2740170955657959, 4547
0.2740170955657959, 4546
0.2740170955657959, 4545
0.2740170955657959, 4544
0.2740170955657959, 4543
0.2740170955657959, 4542
0.28215789794921875, 4541
0.28215789794921875, 4540
0.2842986583709717, 4539
0.2842986583709717, 4538
0.2842986583709717, 4537
0.2842986583709717, 4536
0.2842986583709717, 4535
0.2842986583709717, 4534
0.2842986583709717, 4533
0.29241514205932617, 4532
0.29241514205932617, 4531
0.294506311416626, 4530
0.294506311416626, 4529
0.294506311416626, 4528
0.294506311416626, 4527
0.294506311416626, 4526
0.294506311416626, 4525
0.294506311416626, 4524
0.294506311416626, 4523
0.294506311416626, 4522
0.3025836944580078, 4521
0.3025836944580078, 4520
0.3025836944580078, 4519
0.3025836944580078, 4518
0.3046448230743408, 4517
0.3046448230743408, 4516
0.3046448230743408, 4515
0.3046448230743408, 4514
0.3046448230743408, 4513
0.3046448230743408, 4512
0.3046448230743408, 4511
0.3046448230743408, 4510
0.3046448230743408, 4509
0.3046448230743408, 4508
0.3046448230743408, 4507
0.3126866817474365, 4506
0.3126866817474365, 4505
0.31475281715393066, 4504
0.31475281715393066, 4503
0.31475281715393066, 4502
0.31475281715393066, 4501
0.31475281715393066, 4500
0.31475281715393066, 4499
0.31475281715393066, 4498
0.31475281715393066, 4497
0.31475281715393066, 4496
0.31475281715393066, 4495
0.31475281715393066, 4494
0.31475281715393066, 4493
0.31475281715393066, 4492
0.31475281715393066, 4491
0.31475281715393066, 4490
0.32289552688598633, 4489
0.32289552688598633, 4488
0.32289552688598633, 4487
0.3250124454498291, 4486
0.3250124454498291, 4485
0.3250124454498291, 4484
0.3250124454498291, 4483
0.3250124454498291, 4482
0.3250124454498291, 4481
0.3250124454498291, 4480
0.3250124454498291, 4479
0.3250124454498291, 4478
0.3250124454498291, 4477
0.3250124454498291, 4476
0.3250124454498291, 4475
0.3250124454498291, 4474
0.3250124454498291, 4473
0.3250124454498291, 4472
0.3330721855163574, 4471
0.33313417434692383, 4470
0.33313417434692383, 4469
0.33313417434692383, 4468
0.3352036476135254, 4467
0.3352036476135254, 4466
0.3352036476135254, 4465
0.3352036476135254, 4464
0.3352036476135254, 4463
0.3352036476135254, 4462
0.3352036476135254, 4461
0.3352036476135254, 4460
0.3352036476135254, 4459
0.3352036476135254, 4458
0.34334516525268555, 4457
0.34334516525268555, 4456
0.34334516525268555, 4455
0.34334516525268555, 4454
0.34548425674438477, 4453
0.34548425674438477, 4452
0.34548425674438477, 4451
0.34548425674438477, 4450
0.34548425674438477, 4449
0.34548425674438477, 4448
0.34548425674438477, 4447
0.34548425674438477, 4446
0.3536074161529541, 4445
0.3536074161529541, 4444
0.3536074161529541, 4443
0.3556811809539795, 4442
0.3556811809539795, 4441
0.3556811809539795, 4440
0.3556811809539795, 4439
0.3637123107910156, 4438
0.3637123107910156, 4437
0.3637123107910156, 4436
0.3637123107910156, 4435
0.3736410140991211, 4434
0.3736410140991211, 4433
0.3736410140991211, 4432
0.3736410140991211, 4431
0.3736410140991211, 4430
0.3736410140991211, 4429
0.38927721977233887, 4428
0.38927721977233887, 4427
0.38927721977233887, 4426
0.38927721977233887, 4425
0.38927721977233887, 4424
0.38927721977233887, 4423
0.38927721977233887, 4422
0.38927721977233887, 4421
0.38927721977233887, 4420
0.38927721977233887, 4419
0.38927721977233887, 4418
0.38927721977233887, 4417
0.4049036502838135, 4416
0.4049036502838135, 4415
0.4049036502838135, 4414
0.4049036502838135, 4413
0.4049036502838135, 4412
0.4049036502838135, 4411
0.4049036502838135, 4410
0.4049036502838135, 4409
0.4049036502838135, 4408
0.4049036502838135, 4407
0.4049036502838135, 4406
0.4049036502838135, 4405
0.4049036502838135, 4404
0.4049036502838135, 4403
0.4049036502838135, 4402
0.4205622673034668, 4401
0.4205622673034668, 4400
0.4205622673034668, 4399
0.4205622673034668, 4398
0.4205622673034668, 4397
0.4205622673034668, 4396
0.4205622673034668, 4395
0.4205622673034668, 4394
0.4205622673034668, 4393
0.4205622673034668, 4392
0.4205622673034668, 4391
0.4205622673034668, 4390
0.4205622673034668, 4389
0.4205622673034668, 4388
0.4205622673034668, 4387
0.4205622673034668, 4386
0.4361896514892578, 4385
0.4361896514892578, 4384
0.4361896514892578, 4383
0.4361896514892578, 4382
0.4361896514892578, 4381
0.4361896514892578, 4380
0.4361896514892578, 4379
0.4361896514892578, 4378
0.4361896514892578, 4377
0.44340968132019043, 4376
0.4444458484649658, 4375
0.445415735244751, 4374
0.445415735244751, 4373
0.4464132785797119, 4372
0.447446346282959, 4371
0.447446346282959, 4370
0.44845032691955566, 4369
0.4494442939758301, 4368
0.4494442939758301, 4367
0.45044636726379395, 4366
0.4554142951965332, 4365
0.45641255378723145, 4364
0.4574103355407715, 4363
0.4574103355407715, 4362
0.4574103355407715, 4361
0.4584462642669678, 4360
0.4584462642669678, 4359
0.45944738388061523, 4358
0.46044373512268066, 4357
0.4614109992980957, 4356
0.46241140365600586, 4355
0.46241140365600586, 4354
0.4654102325439453, 4353
0.4664156436920166, 4352
0.4674105644226074, 4351
0.46840739250183105, 4350
0.4694061279296875, 4349
0.4694061279296875, 4348
0.4714055061340332, 4347
0.47240543365478516, 4346
0.47240543365478516, 4345
0.47640514373779297, 4344
0.47640514373779297, 4343
0.4784054756164551, 4342
0.4784054756164551, 4341
0.47940564155578613, 4340
0.4804060459136963, 4339
0.48140621185302734, 4338
0.4824066162109375, 4337
0.48340654373168945, 4336
0.48340654373168945, 4335
0.484407901763916, 4334
0.48540663719177246, 4333
0.48540663719177246, 4332
0.4864058494567871, 4331
0.48740625381469727, 4330
0.4884054660797119, 4329
0.4884054660797119, 4328
0.48940563201904297, 4327
0.4904053211212158, 4326
0.491405725479126, 4325
0.49440526962280273, 4324
0.49640583992004395, 4323
0.497406005859375, 4322
0.49840545654296875, 4321
0.5002250671386719, 4320
0.5042619705200195, 4319
0.5062549114227295, 4318
0.5102570056915283, 4317
0.5112588405609131, 4316
0.5122570991516113, 4315
0.5132646560668945, 4314
0.5142614841461182, 4313
0.515261173248291, 4312
0.516226053237915, 4311
0.5172634124755859, 4310
0.5182604789733887, 4309
0.5202610492706299, 4308
0.5212609767913818, 4307
0.5212609767913818, 4306
0.522261381149292, 4305
0.522261381149292, 4304
0.5232605934143066, 4303
0.5242629051208496, 4302
0.525261640548706, 4301
0.525261640548706, 4300
0.5262603759765625, 4299
0.5302577018737793, 4298
0.5302577018737793, 4297
0.531259298324585, 4296
0.5323507785797119, 4295
0.5333840847015381, 4294
0.5343849658966064, 4293
0.5343849658966064, 4292
0.535383939743042, 4291
0.535383939743042, 4290
0.536388635635376, 4289
0.5373849868774414, 4288
0.5413844585418701, 4287
0.5413844585418701, 4286
0.5423848628997803, 4285
0.5433886051177979, 4284
0.5433886051177979, 4283
0.5443882942199707, 4282
0.5443882942199707, 4281
0.5453915596008301, 4280
0.5463886260986328, 4279
0.5473861694335938, 4278
0.5491340160369873, 4277
0.5491340160369873, 4276
0.5491340160369873, 4275
0.5491340160369873, 4274
0.5491340160369873, 4273
0.5491340160369873, 4272
0.5491340160369873, 4271
0.5491340160369873, 4270
0.5491340160369873, 4269
0.5491340160369873, 4268
0.5491340160369873, 4267
0.5491340160369873, 4266
0.5491340160369873, 4265
0.5491340160369873, 4264
0.5491340160369873, 4263
0.5491340160369873, 4262
0.5491340160369873, 4261
0.5647976398468018, 4260
0.5647976398468018, 4259
0.5647976398468018, 4258
0.5647976398468018, 4257
0.5647976398468018, 4256
0.5647976398468018, 4255
0.5647976398468018, 4254
0.5647976398468018, 4253
0.5647976398468018, 4252
0.5647976398468018, 4251
0.5647976398468018, 4250
0.5647976398468018, 4249
0.5647976398468018, 4248
0.5743560791015625, 4247
0.5743560791015625, 4246
0.5743560791015625, 4245
0.5743560791015625, 4244
0.5743560791015625, 4243
0.5743560791015625, 4242
0.5743560791015625, 4241
0.5743560791015625, 4240
0.5743560791015625, 4239
0.5743560791015625, 4238
0.5743560791015625, 4237
0.5965683460235596, 4236
0.5975749492645264, 4235
0.5995311737060547, 4234
0.6005654335021973, 4233
0.6005654335021973, 4232
0.6015663146972656, 4231
0.6015663146972656, 4230
0.6025307178497314, 4229
0.6025307178497314, 4228
0.6035287380218506, 4227
0.6035287380218506, 4226
0.6045756340026855, 4225
0.6055662631988525, 4224
0.6065292358398438, 4223
0.6075353622436523, 4222
0.6075353622436523, 4221
0.6075353622436523, 4220
0.6085638999938965, 4219
0.6085638999938965, 4218
0.6105635166168213, 4217
0.6115636825561523, 4216
0.6125633716583252, 4215
0.6135635375976562, 4214
0.6135635375976562, 4213
0.6145639419555664, 4212
0.6155290603637695, 4211
0.6165642738342285, 4210
0.6165642738342285, 4209
0.6175644397735596, 4208
0.6175644397735596, 4207
0.6185667514801025, 4206
0.6195688247680664, 4205
0.6195688247680664, 4204
0.6205704212188721, 4203
0.6215708255767822, 4202
0.6215708255767822, 4201
0.6235692501068115, 4200
0.6245720386505127, 4199
0.6255679130554199, 4198
0.626568078994751, 4197
0.626568078994751, 4196
0.6275708675384521, 4195
0.6275708675384521, 4194
0.6326894760131836, 4193
0.6326894760131836, 4192
0.6326894760131836, 4191
0.6326894760131836, 4190
0.6326894760131836, 4189
0.6326894760131836, 4188
0.6326894760131836, 4187
0.6326894760131836, 4186
0.6326894760131836, 4185
0.6326894760131836, 4184
0.6326894760131836, 4183
0.6326894760131836, 4182
0.6326894760131836, 4181
0.6326894760131836, 4180
0.6326894760131836, 4179
0.6326894760131836, 4178
0.6501400470733643, 4177
0.6501400470733643, 4176
0.6501400470733643, 4175
0.6501400470733643, 4174
0.6501400470733643, 4173
0.6501400470733643, 4172
0.6501400470733643, 4171
0.6501400470733643, 4170
0.6501400470733643, 4169
0.6501400470733643, 4168
0.6501400470733643, 4167
0.6501400470733643, 4166
0.6501400470733643, 4165
0.6501400470733643, 4164
0.6501400470733643, 4163
0.6501400470733643, 4162
0.6657884120941162, 4161
0.6662485599517822, 4160
0.6672565937042236, 4159
0.6672565937042236, 4158
0.6682517528533936, 4157
0.6692521572113037, 4156
0.6702535152435303, 4155
0.6722466945648193, 4154
0.6732504367828369, 4153
0.6732504367828369, 4152
0.6752538681030273, 4151
0.6752538681030273, 4150
0.676245927810669, 4149
0.6782469749450684, 4148
0.6802480220794678, 4147
0.6894986629486084, 4146
0.6915009021759033, 4145
0.695502519607544, 4144
0.7044987678527832, 4143
0.7054977416992188, 4142
0.7065126895904541, 4141
0.7174999713897705, 4140
0.7184991836547852, 4139
0.7195003032684326, 4138
0.7204973697662354, 4137
0.7214968204498291, 4136
0.7224972248077393, 4135
0.7264974117279053, 4134
0.7264974117279053, 4133
0.7274966239929199, 4132
0.7274966239929199, 4131
0.7304978370666504, 4130
0.7322907447814941, 4129
0.7342953681945801, 4128
0.7362940311431885, 4127
0.7382900714874268, 4126
0.7382900714874268, 4125
0.7392923831939697, 4124
0.7403275966644287, 4123
0.7432942390441895, 4122
0.7432942390441895, 4121
0.7442960739135742, 4120
0.745293140411377, 4119
0.7462916374206543, 4118
0.7472929954528809, 4117
0.7472929954528809, 4116
0.7522928714752197, 4115
0.7552924156188965, 4114
0.7582929134368896, 4113
0.7602920532226562, 4112
0.7612953186035156, 4111
0.7642965316772461, 4110
0.7657132148742676, 4109
0.7657132148742676, 4108
0.7657132148742676, 4107
0.7657132148742676, 4106
0.7657132148742676, 4105
0.7743644714355469, 4104
0.7743644714355469, 4103
0.7743644714355469, 4102
0.7743644714355469, 4101
0.7743644714355469, 4100
0.7743644714355469, 4099
0.7823004722595215, 4098
0.7832989692687988, 4097
0.7853012084960938, 4096
0.7853012084960938, 4095
0.7863030433654785, 4094
0.7872998714447021, 4093
0.788299560546875, 4092
0.7893021106719971, 4091
0.7893021106719971, 4090
0.790302038192749, 4089
0.7913007736206055, 4088
0.7922999858856201, 4087
0.7932994365692139, 4086
0.7943012714385986, 4085
0.7962989807128906, 4084
0.7972986698150635, 4083
0.7993028163909912, 4082
0.8012957572937012, 4081
0.8032958507537842, 4080
0.8052949905395508, 4079
0.8072960376739502, 4078
0.8082952499389648, 4077
0.81229567527771, 4076
0.813295841217041, 4075
0.813295841217041, 4074
0.814298152923584, 4073
0.814298152923584, 4072
0.8153011798858643, 4071
0.8162972927093506, 4070
0.8162972927093506, 4069
0.8172979354858398, 4068
0.8182954788208008, 4067
0.8212952613830566, 4066
0.8242957592010498, 4065
0.8252959251403809, 4064
0.8252959251403809, 4063
0.8262960910797119, 4062
0.8272957801818848, 4061
0.8282959461212158, 4060
0.8302958011627197, 4059
0.8312959671020508, 4058
0.8322958946228027, 4057
0.8332958221435547, 4056
0.8342957496643066, 4055
0.8342957496643066, 4054
0.8342957496643066, 4053
0.8362956047058105, 4052
0.8392953872680664, 4051
0.8422958850860596, 4050
0.8422958850860596, 4049
0.8432960510253906, 4048
0.8452959060668945, 4047
0.8488588333129883, 4046
0.8488588333129883, 4045
0.8488588333129883, 4044
0.8488588333129883, 4043
0.8488588333129883, 4042
0.8488588333129883, 4041
0.8488588333129883, 4040
0.8488588333129883, 4039
0.8488588333129883, 4038
0.8488588333129883, 4037
0.8488588333129883, 4036
0.8488588333129883, 4035
0.8488588333129883, 4034
0.8488588333129883, 4033
0.8488588333129883, 4032
0.8644850254058838, 4031
0.8644850254058838, 4030
0.8644850254058838, 4029
0.8644850254058838, 4028
0.8644850254058838, 4027
0.8644850254058838, 4026
0.8644850254058838, 4025
0.8644850254058838, 4024
0.8644850254058838, 4023
0.8644850254058838, 4022
0.8644850254058838, 4021
0.8739967346191406, 4020
0.8739967346191406, 4019
0.8739967346191406, 4018
0.8739967346191406, 4017
0.8739967346191406, 4016
0.8739967346191406, 4015
0.8739967346191406, 4014
0.8739967346191406, 4013
0.8739967346191406, 4012
0.8739967346191406, 4011
0.8915455341339111, 4010
0.8935446739196777, 4009
0.8935446739196777, 4008
0.8975555896759033, 4007
0.8985426425933838, 4006
0.8995482921600342, 4005
0.9005475044250488, 4004
0.9015803337097168, 4003
0.902583122253418, 4002
0.902583122253418, 4001
0.9035468101501465, 4000
0.9045801162719727, 3999
0.9055774211883545, 3998
0.9085776805877686, 3997
0.9085776805877686, 3996
0.9095451831817627, 3995
0.9095451831817627, 3994
0.9125785827636719, 3993
0.9125785827636719, 3992
0.9135777950286865, 3991
0.9135777950286865, 3990
0.9145772457122803, 3989
0.9155449867248535, 3988
0.9166259765625, 3987
0.9166259765625, 3986
0.9175820350646973, 3985
0.9245483875274658, 3984
0.9255480766296387, 3983
0.9255480766296387, 3982
0.9265787601470947, 3981
0.9275784492492676, 3980
0.9275784492492676, 3979
0.9285788536071777, 3978
0.9295780658721924, 3977
0.9295780658721924, 3976
0.9305799007415771, 3975
0.9315781593322754, 3974
0.9335777759552002, 3973
0.9335777759552002, 3972
0.9345788955688477, 3971
0.9345788955688477, 3970
0.9355809688568115, 3969
0.9365818500518799, 3968
0.9365818500518799, 3967
0.9375863075256348, 3966
0.9415478706359863, 3965
0.9425480365753174, 3964
0.9465470314025879, 3963
0.9465470314025879, 3962
0.949073076248169, 3961
0.949073076248169, 3960
0.949073076248169, 3959
0.949073076248169, 3958
0.949073076248169, 3957
0.949073076248169, 3956
0.949073076248169, 3955
0.949073076248169, 3954
0.949073076248169, 3953
0.949073076248169, 3952
0.949073076248169, 3951
0.9647471904754639, 3950
0.9647471904754639, 3949
0.9647471904754639, 3948
0.9647471904754639, 3947
0.9647471904754639, 3946
0.9647471904754639, 3945
0.9647471904754639, 3944
0.9647471904754639, 3943
0.9647471904754639, 3942
0.9647471904754639, 3941
0.9647471904754639, 3940
0.9764161109924316, 3939
0.9764161109924316, 3938
0.9764161109924316, 3937
0.984487771987915, 3936
0.984487771987915, 3935
0.984487771987915, 3934
0.9865713119506836, 3933
0.9865713119506836, 3932
0.9865713119506836, 3931
0.9865713119506836, 3930
0.9968626499176025, 3929
0.9968626499176025, 3928
0.9968626499176025, 3927
0.9968626499176025, 3926
0.9968626499176025, 3925
0.9968626499176025, 3924
1.0049395561218262, 3923
1.0070998668670654, 3922
1.0070998668670654, 3921
1.0070998668670654, 3920
1.0070998668670654, 3919
1.0070998668670654, 3918
1.0070998668670654, 3917
1.0070998668670654, 3916
1.0070998668670654, 3915
1.0070998668670654, 3914
1.0070998668670654, 3913
1.0070998668670654, 3912
1.0151939392089844, 3911
1.0151939392089844, 3910
1.0151939392089844, 3909
1.0151939392089844, 3908
1.0172677040100098, 3907
1.0172677040100098, 3906
1.0274245738983154, 3905
1.0274245738983154, 3904
1.0274245738983154, 3903
1.0274245738983154, 3902
1.0355103015899658, 3901
1.0355103015899658, 3900
1.0355103015899658, 3899
1.0355103015899658, 3898
1.0355103015899658, 3897
1.0355103015899658, 3896
1.0355103015899658, 3895
1.0455825328826904, 3894
1.0455825328826904, 3893
1.0476763248443604, 3892
1.0476763248443604, 3891
1.0476763248443604, 3890
1.0476763248443604, 3889
1.0476763248443604, 3888
1.0476763248443604, 3887
1.0476763248443604, 3886
1.0578665733337402, 3885
1.0578665733337402, 3884
1.0659239292144775, 3883
1.0659239292144775, 3882
1.0659239292144775, 3881
1.0679664611816406, 3880
1.0679664611816406, 3879
1.0679664611816406, 3878
1.0679664611816406, 3877
1.0679664611816406, 3876
1.0679664611816406, 3875
1.0679664611816406, 3874
1.0760612487792969, 3873
1.0760612487792969, 3872
1.0780742168426514, 3871
1.0781455039978027, 3870
1.0781455039978027, 3869
1.0781455039978027, 3868
1.0781455039978027, 3867
1.0781455039978027, 3866
1.090463399887085, 3865
1.0914623737335205, 3864
1.0944592952728271, 3863
1.0954627990722656, 3862
1.0984597206115723, 3861
1.1004607677459717, 3860
1.1024599075317383, 3859
1.1034598350524902, 3858
1.1034598350524902, 3857
1.1044597625732422, 3856
1.1054596900939941, 3855
1.108459711074829, 3854
1.110459566116333, 3853
1.111459493637085, 3852
1.1124601364135742, 3851
1.114459753036499, 3850
1.11545991897583, 3849
1.117460012435913, 3848
1.1204595565795898, 3847
1.1214594841003418, 3846
1.1224591732025146, 3845
1.1234593391418457, 3844
1.1244595050811768, 3843
1.1264593601226807, 3842
1.1284596920013428, 3841
1.1284596920013428, 3840
1.1304593086242676, 3839
1.1314609050750732, 3838
1.1314609050750732, 3837
1.1334590911865234, 3836
1.133552074432373, 3835
1.133552074432373, 3834
1.136627435684204, 3833
1.136627435684204, 3832
1.1386997699737549, 3831
1.1386997699737549, 3830
1.1386997699737549, 3829
1.1467742919921875, 3828
1.1467742919921875, 3827
1.148813247680664, 3826
1.148813247680664, 3825
1.148813247680664, 3824
1.148813247680664, 3823
1.148813247680664, 3822
1.148813247680664, 3821
1.148813247680664, 3820
1.148813247680664, 3819
1.148813247680664, 3818
1.156883716583252, 3817
1.156883716583252, 3816
1.158956527709961, 3815
1.158956527709961, 3814
1.158956527709961, 3813
1.158956527709961, 3812
1.158956527709961, 3811
1.158956527709961, 3810
1.158956527709961, 3809
1.1670258045196533, 3808
1.1670258045196533, 3807
1.1690962314605713, 3806
1.1690962314605713, 3805
1.1690962314605713, 3804
1.1690962314605713, 3803
1.1690962314605713, 3802
1.1690962314605713, 3801
1.1771717071533203, 3800
1.1771717071533203, 3799
1.1771717071533203, 3798
1.1792421340942383, 3797
1.1792421340942383, 3796
1.1792421340942383, 3795
1.1792421340942383, 3794
1.1792421340942383, 3793
1.1792421340942383, 3792
1.1792421340942383, 3791
1.1887495517730713, 3790
1.1887495517730713, 3789
1.1887495517730713, 3788
1.1897494792938232, 3787
1.1907503604888916, 3786
1.191746473312378, 3785
1.1927433013916016, 3784
1.1937460899353027, 3783
1.196744441986084, 3782
1.1977453231811523, 3781
1.1977453231811523, 3780
1.1977453231811523, 3779
1.200746774673462, 3778
1.2017450332641602, 3777
1.2037465572357178, 3776
1.2037465572357178, 3775
1.2047460079193115, 3774
1.2047460079193115, 3773
1.2057442665100098, 3772
1.2057442665100098, 3771
1.2067430019378662, 3770
1.2087476253509521, 3769
1.2097461223602295, 3768
1.213744878768921, 3767
1.216745138168335, 3766
1.216745138168335, 3765
1.2177445888519287, 3764
1.2197437286376953, 3763
1.222743034362793, 3762
1.223745584487915, 3761
1.2247436046600342, 3760
1.225743055343628, 3759
1.2267422676086426, 3758
1.2267422676086426, 3757
1.2287437915802002, 3756
1.2297430038452148, 3755
1.230743408203125, 3754
1.2317426204681396, 3753
1.232743740081787, 3752
1.2337441444396973, 3751
1.2367465496063232, 3750
1.2417426109313965, 3749
1.242743730545044, 3748
1.2447428703308105, 3747
1.2447428703308105, 3746
1.2467432022094727, 3745
1.2467432022094727, 3744
1.2488386631011963, 3743
1.2497437000274658, 3742
1.2497437000274658, 3741
1.2507479190826416, 3740
1.2507479190826416, 3739
1.2507479190826416, 3738
1.257822036743164, 3737
1.257822036743164, 3736
1.2599003314971924, 3735
1.2599003314971924, 3734
1.2599003314971924, 3733
1.2599003314971924, 3732
1.2599003314971924, 3731
1.2599003314971924, 3730
1.2679598331451416, 3729
1.2781171798706055, 3728
1.2781171798706055, 3727
1.2781171798706055, 3726
1.2801859378814697, 3725
1.2801859378814697, 3724
1.2801859378814697, 3723
1.2801859378814697, 3722
1.2801859378814697, 3721
1.2882685661315918, 3720
1.2903509140014648, 3719
1.2903509140014648, 3718
1.2903509140014648, 3717
1.2903509140014648, 3716
1.3004517555236816, 3715
1.3014249801635742, 3714
1.3014249801635742, 3713
1.3025524616241455, 3712
1.3025524616241455, 3711
1.3025524616241455, 3710
1.3025524616241455, 3709
1.3107123374938965, 3708
1.3107123374938965, 3707
1.3107123374938965, 3706
1.3107123374938965, 3705
1.3107123374938965, 3704
1.3107123374938965, 3703
1.3107123374938965, 3702
1.3107123374938965, 3701
1.3187851905822754, 3700
1.3208699226379395, 3699
1.3208699226379395, 3698
1.3208699226379395, 3697
1.3208699226379395, 3696
1.3208699226379395, 3695
1.3208699226379395, 3694
1.3208699226379395, 3693
1.3208699226379395, 3692
1.3310294151306152, 3691
1.3310294151306152, 3690
1.3310294151306152, 3689
1.3310294151306152, 3688
1.3310294151306152, 3687
1.3310294151306152, 3686
1.3310294151306152, 3685
1.3391189575195312, 3684
1.3412020206451416, 3683
1.3412020206451416, 3682
1.3412020206451416, 3681
1.3412020206451416, 3680
1.3412020206451416, 3679
1.3412020206451416, 3678
1.3412020206451416, 3677
1.3412020206451416, 3676
1.3513622283935547, 3675
1.3513622283935547, 3674
1.3513622283935547, 3673
1.3615260124206543, 3672
1.3615260124206543, 3671
1.3615260124206543, 3670
1.3615260124206543, 3669
1.3615260124206543, 3668
1.3615260124206543, 3667
1.3615260124206543, 3666
1.3615260124206543, 3665
1.3695974349975586, 3664
1.371666669845581, 3663
1.371666669845581, 3662
1.371666669845581, 3661
1.371666669845581, 3660
1.3797526359558105, 3659
1.381826400756836, 3658
1.381826400756836, 3657
1.381826400756836, 3656
1.381826400756836, 3655
1.381826400756836, 3654
1.381826400756836, 3653
1.3898942470550537, 3652
1.3898942470550537, 3651
1.3919620513916016, 3650
1.3919620513916016, 3649
1.3919620513916016, 3648
1.4021220207214355, 3647
1.4021220207214355, 3646
1.4021220207214355, 3645
1.4021220207214355, 3644
1.4021220207214355, 3643
1.4021220207214355, 3642
1.4101932048797607, 3641
1.4122633934020996, 3640
1.4122633934020996, 3639
1.4122633934020996, 3638
1.4122633934020996, 3637
1.4122633934020996, 3636
1.4122633934020996, 3635
1.4122633934020996, 3634
1.4122633934020996, 3633
1.4203073978424072, 3632
1.4203073978424072, 3631
1.422316312789917, 3630
1.4223766326904297, 3629
1.4223766326904297, 3628
1.4304461479187012, 3627
1.4304461479187012, 3626
1.4325182437896729, 3625
1.4325182437896729, 3624
1.4325182437896729, 3623
1.4325182437896729, 3622
1.4325182437896729, 3621
1.4325182437896729, 3620
1.4325182437896729, 3619
1.4426805973052979, 3618
1.4426805973052979, 3617
1.4426805973052979, 3616
1.4426805973052979, 3615
1.4426805973052979, 3614
1.4426805973052979, 3613
1.4528169631958008, 3612
1.4528169631958008, 3611
1.4528169631958008, 3610
1.4528169631958008, 3609
1.4528169631958008, 3608
1.4528169631958008, 3607
1.4633092880249023, 3606
1.4633092880249023, 3605
1.4633092880249023, 3604
1.4633092880249023, 3603
1.4633092880249023, 3602
1.4713783264160156, 3601
1.4713783264160156, 3600
1.4734485149383545, 3599
1.4734485149383545, 3598
1.4734485149383545, 3597
1.481523036956787, 3596
1.481523036956787, 3595
1.4835891723632812, 3594
1.4835891723632812, 3593
1.4835891723632812, 3592
1.4835891723632812, 3591
1.4835891723632812, 3590
1.4835891723632812, 3589
1.4835891723632812, 3588
1.4916574954986572, 3587
1.4916574954986572, 3586
1.493725061416626, 3585
1.493725061416626, 3584
1.501814842224121, 3583
1.501814842224121, 3582
1.5038824081420898, 3581
1.5038824081420898, 3580
1.5038824081420898, 3579
1.5038824081420898, 3578
1.5038824081420898, 3577
1.5038824081420898, 3576
1.5140178203582764, 3575
1.5140178203582764, 3574
1.5140178203582764, 3573
1.5220699310302734, 3572
1.5241363048553467, 3571
1.5241363048553467, 3570
1.5241363048553467, 3569
1.5241363048553467, 3568
1.5241363048553467, 3567
1.5241363048553467, 3566
1.5322043895721436, 3565
1.5322043895721436, 3564
1.5322043895721436, 3563
1.534271001815796, 3562
1.534271001815796, 3561
1.534271001815796, 3560
1.534271001815796, 3559
1.534271001815796, 3558
1.534271001815796, 3557
1.534271001815796, 3556
1.534271001815796, 3555
1.5444257259368896, 3554
1.5444257259368896, 3553
1.5444257259368896, 3552
1.5444257259368896, 3551
1.5444257259368896, 3550
1.5444257259368896, 3549
1.5444257259368896, 3548
1.5524957180023193, 3547
1.5524957180023193, 3546
1.5524957180023193, 3545
1.5545623302459717, 3544
1.5545623302459717, 3543
1.5545623302459717, 3542
1.5545623302459717, 3541
1.5545623302459717, 3540
1.5625989437103271, 3539
1.5625989437103271, 3538
1.5646679401397705, 3537
1.5646679401397705, 3536
1.57273530960083, 3535
1.57273530960083, 3534
1.5748014450073242, 3533
1.5748014450073242, 3532
1.5748014450073242, 3531
1.5748014450073242, 3530
1.5748014450073242, 3529
1.5748014450073242, 3528
1.5828485488891602, 3527
1.5828485488891602, 3526
1.5849149227142334, 3525
1.5849149227142334, 3524
1.5849149227142334, 3523
1.5929820537567139, 3522
1.5929820537567139, 3521
1.595050573348999, 3520
1.595050573348999, 3519
1.595050573348999, 3518
1.595050573348999, 3517
1.595050573348999, 3516
1.595050573348999, 3515
1.6031224727630615, 3514
1.6031224727630615, 3513
1.6031224727630615, 3512
1.6031224727630615, 3511
1.605189323425293, 3510
1.605189323425293, 3509
1.605189323425293, 3508
1.6132540702819824, 3507
1.6132540702819824, 3506
1.6153197288513184, 3505
1.6153197288513184, 3504
1.6153197288513184, 3503
1.6233611106872559, 3502
1.6254277229309082, 3501
1.6254277229309082, 3500
1.6254277229309082, 3499
1.633495569229126, 3498
1.633495569229126, 3497
1.633495569229126, 3496
1.6355621814727783, 3495
1.6355621814727783, 3494
1.6355621814727783, 3493
1.6355621814727783, 3492
1.6355621814727783, 3491
1.6355621814727783, 3490
1.6355621814727783, 3489
1.643571138381958, 3488
1.6436598300933838, 3487
1.6457247734069824, 3486
1.6457247734069824, 3485
1.6457247734069824, 3484
1.6457247734069824, 3483
1.6457247734069824, 3482
1.6537938117980957, 3481
1.6558599472045898, 3480
1.6558599472045898, 3479
1.6639463901519775, 3478
1.6660127639770508, 3477
1.6660127639770508, 3476
1.6660127639770508, 3475
1.6660127639770508, 3474
1.6660127639770508, 3473
1.6761610507965088, 3472
1.6761610507965088, 3471
1.6761610507965088, 3470
1.6761610507965088, 3469
1.6761610507965088, 3468
1.6872174739837646, 3467
1.6882214546203613, 3466
1.6882214546203613, 3465
1.6912214756011963, 3464
1.6912214756011963, 3463
1.6922237873077393, 3462
1.6932227611541748, 3461
1.6972224712371826, 3460
1.7002224922180176, 3459
1.7012226581573486, 3458
1.702221155166626, 3457
1.7072210311889648, 3456
1.708221197128296, 3455
1.7112205028533936, 3454
1.7122204303741455, 3453
1.7132205963134766, 3452
1.7132205963134766, 3451
1.7152209281921387, 3450
1.7172207832336426, 3449
1.7182202339172363, 3448
1.7252206802368164, 3447
1.7262203693389893, 3446
1.7272205352783203, 3445
1.7282204627990723, 3444
1.73222017288208, 3443
1.7325396537780762, 3442
1.7325396537780762, 3441
1.737539529800415, 3440
1.738539457321167, 3439
1.740539312362671, 3438
1.741539478302002, 3437
1.7445533275604248, 3436
1.745539903640747, 3435
1.745539903640747, 3434
1.745539903640747, 3433
1.7465400695800781, 3432
1.7465400695800781, 3431
1.7496757507324219, 3430
1.7506747245788574, 3429
1.7526743412017822, 3428
1.7536747455596924, 3427
1.7546749114990234, 3426
1.7546749114990234, 3425
1.7546749114990234, 3424
1.7566747665405273, 3423
1.7566747665405273, 3422
1.7576754093170166, 3421
1.7606744766235352, 3420
1.762674331665039, 3419
1.7656748294830322, 3418
1.7676749229431152, 3417
1.7686748504638672, 3416
1.76967453956604, 3415
1.76967453956604, 3414
1.76967453956604, 3413
1.771674633026123, 3412
1.773674726486206, 3411
1.774674654006958, 3410
1.775674819946289, 3409
1.776674509048462, 3408
1.779674768447876, 3407
1.7806751728057861, 3406
1.7806751728057861, 3405
1.7816743850708008, 3404
1.7816743850708008, 3403
1.782754898071289, 3402
1.7848293781280518, 3401
1.7848293781280518, 3400
1.7868969440460205, 3399
1.7868969440460205, 3398
1.7868969440460205, 3397
1.7868969440460205, 3396
1.7949872016906738, 3395
1.7949872016906738, 3394
1.7949872016906738, 3393
1.7970566749572754, 3392
1.7970566749572754, 3391
1.805098295211792, 3390
1.8071644306182861, 3389
1.8071644306182861, 3388
1.8071644306182861, 3387
1.8152339458465576, 3386
1.8173015117645264, 3385
1.8173015117645264, 3384
1.8173015117645264, 3383
1.8173015117645264, 3382
1.8173015117645264, 3381
1.8173015117645264, 3380
1.8253355026245117, 3379
1.8253355026245117, 3378
1.8273990154266357, 3377
1.8273990154266357, 3376
1.8273990154266357, 3375
1.8273990154266357, 3374
1.8354637622833252, 3373
1.8354637622833252, 3372
1.8375296592712402, 3371
1.8375296592712402, 3370
1.8375296592712402, 3369
1.8375296592712402, 3368
1.847627878189087, 3367
1.847627878189087, 3366
1.847627878189087, 3365
1.847627878189087, 3364
1.847627878189087, 3363
1.847627878189087, 3362
1.847627878189087, 3361
1.8556959629058838, 3360
1.8556959629058838, 3359
1.8556959629058838, 3358
1.857762098312378, 3357
1.857762098312378, 3356
1.857762098312378, 3355
1.857762098312378, 3354
1.8679165840148926, 3353
1.8679165840148926, 3352
1.8679165840148926, 3351
1.8679165840148926, 3350
1.8679165840148926, 3349
1.8679165840148926, 3348
1.8679165840148926, 3347
1.8780531883239746, 3346
1.8780531883239746, 3345
1.8780531883239746, 3344
1.8861358165740967, 3343
1.8861358165740967, 3342
1.88820481300354, 3341
1.88820481300354, 3340
1.88820481300354, 3339
1.88820481300354, 3338
1.88820481300354, 3337
1.88820481300354, 3336
1.898339033126831, 3335
1.898339033126831, 3334
1.898339033126831, 3333
1.898339033126831, 3332
1.9064240455627441, 3331
1.9085087776184082, 3330
1.9085087776184082, 3329
1.9165785312652588, 3328
1.918656349182129, 3327
1.918656349182129, 3326
1.928802490234375, 3325
1.928802490234375, 3324
1.928802490234375, 3323
1.928802490234375, 3322
1.9389445781707764, 3321
1.9389445781707764, 3320
1.9490790367126465, 3319
1.9490790367126465, 3318
1.9592151641845703, 3317
1.9592151641845703, 3316
1.9592151641845703, 3315
1.9592151641845703, 3314
1.9592151641845703, 3313
1.9694757461547852, 3312
1.9694757461547852, 3311
1.9734759330749512, 3310
1.976475715637207, 3309
1.976475715637207, 3308
1.9897074699401855, 3307
1.9897074699401855, 3306
1.9897074699401855, 3305
1.9897074699401855, 3304
1.997781753540039, 3303
1.997781753540039, 3302
1.9998486042022705, 3301
1.9998486042022705, 3300
1.9998486042022705, 3299
2.007915735244751, 3298
2.007915735244751, 3297
2.007915735244751, 3296
2.009981632232666, 3295
2.009981632232666, 3294
2.009981632232666, 3293
2.018068313598633, 3292
2.018068313598633, 3291
2.020134449005127, 3290
2.020134449005127, 3289
2.020134449005127, 3288
2.020134449005127, 3287
2.030271530151367, 3286
2.030271530151367, 3285
2.030271530151367, 3284
2.040415048599243, 3283
2.040415048599243, 3282
2.040415048599243, 3281
2.040415048599243, 3280
2.040415048599243, 3279
2.040415048599243, 3278
2.0585873126983643, 3277
2.0585873126983643, 3276
2.0606534481048584, 3275
2.0606534481048584, 3274
2.068723440170288, 3273
2.068723440170288, 3272
2.0707898139953613, 3271
2.0707898139953613, 3270
2.0707898139953613, 3269
2.0707898139953613, 3268
2.081294536590576, 3267
2.081294536590576, 3266
2.081294536590576, 3265
2.091437339782715, 3264
2.091437339782715, 3263
2.1015870571136475, 3262
2.1015870571136475, 3261
2.1015870571136475, 3260
2.1015870571136475, 3259
2.1015870571136475, 3258
2.111722946166992, 3257
2.111722946166992, 3256
2.121853828430176, 3255
2.121853828430176, 3254
2.121853828430176, 3253
2.121853828430176, 3252
2.121853828430176, 3251
2.1299211978912354, 3250
2.1299211978912354, 3249
2.131988525390625, 3248
2.131988525390625, 3247
2.1400370597839355, 3246
2.142106771469116, 3245
2.1501717567443848, 3244
2.1501717567443848, 3243
2.1501717567443848, 3242
2.152238368988037, 3241
2.152238368988037, 3240
2.162384271621704, 3239
2.162384271621704, 3238
2.162384271621704, 3237
2.162384271621704, 3236
2.162384271621704, 3235
2.1704585552215576, 3234
2.1704585552215576, 3233
2.1725270748138428, 3232
2.1725270748138428, 3231
2.182182788848877, 3230
2.1827542781829834, 3229
2.1827542781829834, 3228
2.1827542781829834, 3227
2.1827542781829834, 3226
2.1908295154571533, 3225
2.1928963661193848, 3224
2.1928963661193848, 3223
2.203009605407715, 3222
2.203009605407715, 3221
2.216132640838623, 3220
2.2191286087036133, 3219
2.226128339767456, 3218
2.22912859916687, 3217
2.23512864112854, 3216
2.241128444671631, 3215
2.24212908744812, 3214
2.246128559112549, 3213
2.2481281757354736, 3212
2.2492055892944336, 3211
2.2533488273620605, 3210
2.2533488273620605, 3209
2.2533488273620605, 3208
2.2533488273620605, 3207
2.2533488273620605, 3206
2.261415958404541, 3205
2.2681782245635986, 3204
2.2701780796051025, 3203
2.2701780796051025, 3202
2.2721779346466064, 3201
2.2741780281066895, 3200
2.2741780281066895, 3199
2.279179096221924, 3198
2.2801780700683594, 3197
2.2801780700683594, 3196
2.2801780700683594, 3195
2.2811779975891113, 3194
2.2831788063049316, 3193
2.2841782569885254, 3192
2.2841782569885254, 3191
2.2851781845092773, 3190
2.2861781120300293, 3189
2.288177967071533, 3188
2.29217791557312, 3187
2.2931783199310303, 3186
2.2931783199310303, 3185
2.2984626293182373, 3184
2.2984626293182373, 3183
2.302534341812134, 3182
2.304600715637207, 3181
2.304600715637207, 3180
2.304600715637207, 3179
2.304600715637207, 3178
2.304600715637207, 3177
2.314732789993286, 3176
2.314732789993286, 3175
2.314732789993286, 3174
2.314732789993286, 3173
2.314732789993286, 3172
2.3228018283843994, 3171
2.3248677253723145, 3170
2.3248677253723145, 3169
2.3248677253723145, 3168
2.3248677253723145, 3167
2.3248677253723145, 3166
2.332944869995117, 3165
2.332944869995117, 3164
2.332944869995117, 3163
2.335014581680298, 3162
2.335014581680298, 3161
2.335014581680298, 3160
2.3430824279785156, 3159
2.3430824279785156, 3158
2.345149517059326, 3157
2.345149517059326, 3156
2.345149517059326, 3155
2.345149517059326, 3154
2.345149517059326, 3153
2.3552980422973633, 3152
2.3552980422973633, 3151
2.3633666038513184, 3150
2.3654356002807617, 3149
2.3654356002807617, 3148
2.3654356002807617, 3147
2.373522996902466, 3146
2.385739326477051, 3145
2.385739326477051, 3144
2.385739326477051, 3143
2.385739326477051, 3142
2.3959200382232666, 3141
2.3959200382232666, 3140
2.3959200382232666, 3139
2.3959200382232666, 3138
2.3959200382232666, 3137
2.3959200382232666, 3136
2.4060556888580322, 3135
2.4141273498535156, 3134
2.4141273498535156, 3133
2.416199207305908, 3132
2.416199207305908, 3131
2.416199207305908, 3130
2.416199207305908, 3129
2.4263365268707275, 3128
2.4263365268707275, 3127
2.434378147125244, 3126
2.434378147125244, 3125
2.4364447593688965, 3124
2.4364447593688965, 3123
2.4364447593688965, 3122
2.4364447593688965, 3121
2.4364447593688965, 3120
2.4364447593688965, 3119
2.444512367248535, 3118
2.4465768337249756, 3117
2.4465768337249756, 3116
2.4465768337249756, 3115
2.4465768337249756, 3114
2.4465768337249756, 3113
2.4465768337249756, 3112
2.454651355743408, 3111
2.4567177295684814, 3110
2.4567177295684814, 3109
2.466857433319092, 3108
2.466857433319092, 3107
2.466857433319092, 3106
2.466857433319092, 3105
2.466857433319092, 3104
2.466857433319092, 3103
2.476980447769165, 3102
2.476980447769165, 3101
2.476980447769165, 3100
2.4871106147766113, 3099
2.4871106147766113, 3098
2.4871106147766113, 3097
2.4871106147766113, 3096
2.495201587677002, 3095
2.495201587677002, 3094
2.495201587677002, 3093
2.497265338897705, 3092
2.497265338897705, 3091
2.497265338897705, 3090
2.497265338897705, 3089
2.497265338897705, 3088
2.497265338897705, 3087
2.497265338897705, 3086
2.507402181625366, 3085
2.507402181625366, 3084
2.507402181625366, 3083
2.507402181625366, 3082
2.517566442489624, 3081
2.527707815170288, 3080
2.527707815170288, 3079
2.527707815170288, 3078
2.535806179046631, 3077
2.535806179046631, 3076
2.5378735065460205, 3075
2.5378735065460205, 3074
2.5459485054016113, 3073
2.5480144023895264, 3072
2.5480144023895264, 3071
2.5480144023895264, 3070
2.5560972690582275, 3069
2.5581672191619873, 3068
2.5784361362457275, 3067
2.5885133743286133, 3066
2.588575601577759, 3065
2.588575601577759, 3064
2.588575601577759, 3063
2.588575601577759, 3062
2.588575601577759, 3061
2.588575601577759, 3060
2.596662998199463, 3059
2.598726987838745, 3058
2.598726987838745, 3057
2.6067955493927, 3056
2.6067955493927, 3055
2.6067955493927, 3054
2.6088616847991943, 3053
2.6190173625946045, 3052
2.6190173625946045, 3051
2.6190173625946045, 3050
2.6190173625946045, 3049
2.6190173625946045, 3048
2.6190173625946045, 3047
2.6270854473114014, 3046
2.6291513442993164, 3045
2.6372437477111816, 3044
2.6393134593963623, 3043
2.6393134593963623, 3042
2.6393134593963623, 3041
2.647381544113159, 3040
2.6494481563568115, 3039
2.6494481563568115, 3038
2.659599781036377, 3037
2.659599781036377, 3036
2.659599781036377, 3035
2.659599781036377, 3034
2.659599781036377, 3033
2.659599781036377, 3032
2.6676676273345947, 3031
2.6676676273345947, 3030
2.669734477996826, 3029
2.6782968044281006, 3028
2.6782968044281006, 3027
2.6833019256591797, 3026
2.6842992305755615, 3025
2.687298536300659, 3024
2.691296339035034, 3023
2.6922967433929443, 3022
2.6958131790161133, 3021
2.7052981853485107, 3020
2.712303638458252, 3019
2.7213010787963867, 3018
2.725299119949341, 3017
2.728302001953125, 3016
2.729302167892456, 3015
2.7373034954071045, 3014
2.7433042526245117, 3013
2.7532968521118164, 3012
2.76029896736145, 3011
2.7612993717193604, 3010
2.7642982006073, 3009
2.7672996520996094, 3008
2.7683024406433105, 3007
2.770306348800659, 3006
2.7763049602508545, 3005
2.7823028564453125, 3004
2.785349130630493, 3003
2.787301778793335, 3002
2.7922966480255127, 3001
2.8022964000701904, 3000
2.806335687637329, 2999
2.8253049850463867, 2998
2.8263022899627686, 2997
2.844296932220459, 2996
2.8812973499298096, 2995
2.891300916671753, 2994
2.894298791885376, 2993
2.8962981700897217, 2992
2.927649736404419, 2991
2.9306468963623047, 2990
2.9335529804229736, 2989
2.9335529804229736, 2988
2.9616122245788574, 2987
2.9616122245788574, 2986
2.970627784729004, 2985
2.97261381149292, 2984
2.9776132106781006, 2983
2.9876513481140137, 2982
2.9946510791778564, 2981
2.9956514835357666, 2980
2.99945068359375, 2979
3.001460552215576, 2978
3.0190114974975586, 2977
3.0385711193084717, 2976
3.046626329421997, 2975
3.051367998123169, 2974
3.0523693561553955, 2973
3.0534353256225586, 2972
3.0534353256225586, 2971
3.0534353256225586, 2970
3.073972225189209, 2969
3.073972225189209, 2968
3.077970027923584, 2967
3.083578109741211, 2966
3.0895893573760986, 2965
3.104283332824707, 2964
3.1143319606781006, 2963
3.1158580780029297, 2962
3.1299338340759277, 2961
3.1355936527252197, 2960
3.141592502593994, 2959
3.1466550827026367, 2958
3.1552205085754395, 2957
3.1602210998535156, 2956
3.1602210998535156, 2955
3.1717116832733154, 2954
3.176711320877075, 2953
3.180711269378662, 2952
3.1863362789154053, 2951
3.1873369216918945, 2950
3.1873369216918945, 2949
3.1913366317749023, 2948
3.209331512451172, 2947
3.211331605911255, 2946
3.217334270477295, 2945
3.2183337211608887, 2944
3.2293341159820557, 2943
3.2304375171661377, 2942
3.2304375171661377, 2941
3.234442949295044, 2940
3.234442949295044, 2939
3.234442949295044, 2938
3.235442638397217, 2937
3.2404420375823975, 2936
3.2414417266845703, 2935
3.252117872238159, 2934
3.25711727142334, 2933
3.260118007659912, 2932
3.2667787075042725, 2931
3.274775981903076, 2930
3.274775981903076, 2929
3.2896435260772705, 2928
3.2896435260772705, 2927
3.3015666007995605, 2926
3.308600664138794, 2925
3.315692901611328, 2924
3.315692901611328, 2923
3.3167026042938232, 2922
3.317697286605835, 2921
3.3383548259735107, 2920
3.355044364929199, 2919
3.361076831817627, 2918
3.3620786666870117, 2917
3.37410306930542, 2916
3.37410306930542, 2915
3.3878159523010254, 2914
3.3888468742370605, 2913
3.3888468742370605, 2912
3.3908469676971436, 2911
3.401008367538452, 2910
3.4069812297821045, 2909
3.408980131149292, 2908
3.411979913711548, 2907
3.4149510860443115, 2906
3.4219858646392822, 2905
3.4319097995758057, 2904
3.4319097995758057, 2903
3.4484028816223145, 2902
3.449409246444702, 2901
3.452441453933716, 2900
3.45540714263916, 2899
3.4564054012298584, 2898
3.457404136657715, 2897
3.474140167236328, 2896
3.474140167236328, 2895
3.4761388301849365, 2894
3.4887232780456543, 2893
3.49072265625, 2892
3.499377489089966, 2891
3.504368782043457, 2890
3.514451265335083, 2889
3.5151917934417725, 2888
3.5191941261291504, 2887
3.5261929035186768, 2886
3.5301928520202637, 2885
3.5316622257232666, 2884
3.538667917251587, 2883
3.5436654090881348, 2882
3.549393892288208, 2881
3.554382562637329, 2880
3.559380292892456, 2879
3.560378074645996, 2878
3.568727731704712, 2877
3.574737310409546, 2876
3.5857629776000977, 2875
3.5867106914520264, 2874
3.587705135345459, 2873
3.5887370109558105, 2872
3.595738172531128, 2871
3.595738172531128, 2870
3.6055455207824707, 2869
3.620603322982788, 2868
3.6216371059417725, 2867
3.622631311416626, 2866
3.623600959777832, 2865
3.623600959777832, 2864
3.626633644104004, 2863
3.629631519317627, 2862
3.648287534713745, 2861
3.655811309814453, 2860
3.656810760498047, 2859
3.659811019897461, 2858
3.6782190799713135, 2857
3.6896517276763916, 2856
3.693652391433716, 2855
3.7457468509674072, 2854
3.7589449882507324, 2853
3.762911796569824, 2852
3.7640187740325928, 2851
3.7657365798950195, 2850
3.7677628993988037, 2849
3.7717323303222656, 2848
3.7757697105407715, 2847
3.776768445968628, 2846
3.776768445968628, 2845
3.778738021850586, 2844
3.7798514366149902, 2843
3.789494276046753, 2842
3.794536590576172, 2841
3.812204122543335, 2840
3.8250746726989746, 2839
3.8270747661590576, 2838
3.828075408935547, 2837
3.828075408935547, 2836
3.8301310539245605, 2835
3.8375511169433594, 2834
3.8395488262176514, 2833
3.849344491958618, 2832
3.850362777709961, 2831
3.865509510040283, 2830
3.8682432174682617, 2829
3.8825576305389404, 2828
3.8895623683929443, 2827
3.8966493606567383, 2826
3.9122986793518066, 2825
3.9206178188323975, 2824
3.921616315841675, 2823
3.9266140460968018, 2822
3.9266140460968018, 2821
3.9346671104431152, 2820
3.935624361038208, 2819
3.9376535415649414, 2818
3.9416465759277344, 2817
3.9446463584899902, 2816
3.9508426189422607, 2815
3.9568722248077393, 2814
3.9628419876098633, 2813
3.970130681991577, 2812
3.9731311798095703, 2811
3.989394187927246, 2810
3.9913594722747803, 2809
3.9923834800720215, 2808
3.9923834800720215, 2807
3.9943933486938477, 2806
3.9973928928375244, 2805
4.006629705429077, 2804
4.013648986816406, 2803
4.021849632263184, 2802
4.040236234664917, 2801
4.048200368881226, 2800
4.050902843475342, 2799
4.055933713912964, 2798
4.058944225311279, 2797
4.067866086959839, 2796
4.072770833969116, 2795
4.072770833969116, 2794
4.078805208206177, 2793
4.09165620803833, 2792
4.0926597118377686, 2791
4.093619108200073, 2790
4.119924306869507, 2789
4.119924306869507, 2788
4.121920585632324, 2787
4.127920389175415, 2786
4.1403937339782715, 2785
4.145392417907715, 2784
4.145392417907715, 2783
4.154579162597656, 2782
4.1787190437316895, 2781
4.196661472320557, 2780
4.2082226276397705, 2779
4.210226535797119, 2778
4.217135429382324, 2777
4.225135326385498, 2776
4.2801313400268555, 2775
4.290137052536011, 2774
4.301150560379028, 2773
4.3081347942352295, 2772
4.313635349273682, 2771
4.3654961585998535, 2770
4.3654961585998535, 2769
4.3725831508636475, 2768
4.388989448547363, 2767
4.388989448547363, 2766
4.392988920211792, 2765
4.400238275527954, 2764
4.406228542327881, 2763
4.408227205276489, 2762
4.415319204330444, 2761
4.4193198680877686, 2760
4.429315805435181, 2759
4.432811260223389, 2758
4.452800512313843, 2757
4.466554880142212, 2756
4.474539756774902, 2755
4.486822128295898, 2754
4.486822128295898, 2753
4.501176834106445, 2752
4.5091612339019775, 2751
4.51949405670166, 2750
4.5342326164245605, 2749
4.543259620666504, 2748
4.54522705078125, 2747
4.5490641593933105, 2746
4.550081253051758, 2745
4.550081253051758, 2744
4.551063299179077, 2743
4.55706000328064, 2742
4.562099933624268, 2741
4.563163757324219, 2740
4.563163757324219, 2739
4.563163757324219, 2738
4.57172966003418, 2737
4.576767921447754, 2736
4.579838514328003, 2735
4.606209993362427, 2734
4.622865915298462, 2733
4.622865915298462, 2732
4.622865915298462, 2731
4.622865915298462, 2730
4.625865936279297, 2729
4.628832578659058, 2728
4.650044918060303, 2727
4.653017520904541, 2726
4.655013084411621, 2725
4.662018775939941, 2724
4.667243480682373, 2723
4.668243408203125, 2722
4.680363655090332, 2721
4.696041107177734, 2720
4.710264682769775, 2719
4.718941926956177, 2718
4.719940423965454, 2717
4.723942995071411, 2716
4.734429597854614, 2715
4.740427494049072, 2714
4.741392135620117, 2713
4.772540330886841, 2712
4.773540496826172, 2711
4.776588678359985, 2710
4.778539657592773, 2709
4.783360481262207, 2708
4.790334224700928, 2707
4.794334650039673, 2706
4.79642653465271, 2705
4.800803899765015, 2704
4.804803133010864, 2703
4.805804014205933, 2702
4.822730541229248, 2701
4.833342790603638, 2700
4.83434271812439, 2699
4.842342376708984, 2698
4.847444534301758, 2697
4.851729154586792, 2696
4.862729072570801, 2695
4.863821744918823, 2694
4.876433849334717, 2693
4.88483190536499, 2692
4.886833190917969, 2691
4.896891832351685, 2690
4.904366731643677, 2689
4.910330772399902, 2688
4.919292211532593, 2687
4.932293891906738, 2686
4.936291694641113, 2685
4.9535863399505615, 2684
4.974473714828491, 2683
4.974473714828491, 2682
4.975473403930664, 2681
4.989405393600464, 2680
5.014676570892334, 2679
5.027712106704712, 2678
5.043808221817017, 2677
5.055472373962402, 2676
5.068619251251221, 2675
5.076622247695923, 2674
5.105034351348877, 2673
5.120717763900757, 2672
5.1247169971466064, 2671
5.155045032501221, 2670
5.157045602798462, 2669
5.187272071838379, 2668
5.194272994995117, 2667
5.202972650527954, 2666
5.208921670913696, 2665
5.222103595733643, 2664
5.238274335861206, 2663
5.245276927947998, 2662
5.252898454666138, 2661
5.252898454666138, 2660
5.258896350860596, 2659
5.272212743759155, 2658
5.2875165939331055, 2657
5.290517568588257, 2656
5.292515516281128, 2655
5.299948453903198, 2654
5.299948453903198, 2653
5.306967258453369, 2652
5.322815179824829, 2651
5.324813604354858, 2650
5.335257053375244, 2649
5.338257551193237, 2648
5.344255447387695, 2647
5.361566543579102, 2646
5.3656041622161865, 2645
5.389111042022705, 2644
5.389111042022705, 2643
5.396174669265747, 2642
5.410075426101685, 2641
5.419389724731445, 2640
5.429354667663574, 2639
5.454047441482544, 2638
5.469105958938599, 2637
5.473106622695923, 2636
5.478106260299683, 2635
5.485105991363525, 2634
5.4871063232421875, 2633
5.497177600860596, 2632
5.499866962432861, 2631
5.5058910846710205, 2630
5.506856203079224, 2629
5.515304803848267, 2628
5.548000335693359, 2627
5.550003290176392, 2626
5.554002285003662, 2625
5.557996988296509, 2624
5.56757664680481, 2623
5.573607683181763, 2622
5.578606128692627, 2621
5.584762811660767, 2620
5.589795351028442, 2619
5.589795351028442, 2618
5.595797538757324, 2617
5.628506422042847, 2616
5.628506422042847, 2615
5.634237289428711, 2614
5.636237382888794, 2613
5.644265651702881, 2612
5.649920463562012, 2611
5.651920795440674, 2610
5.705869674682617, 2609
5.736044645309448, 2608
5.743013143539429, 2607
5.745012283325195, 2606
5.768738746643066, 2605
5.7717437744140625, 2604
5.773738384246826, 2603
5.775740385055542, 2602
5.787148714065552, 2601
5.7941813468933105, 2600
5.800565719604492, 2599
5.812646389007568, 2598
5.817505359649658, 2597
5.872500658035278, 2596
5.912880897521973, 2595
5.919408082962036, 2594
5.948751211166382, 2593
5.952755928039551, 2592
5.9768853187561035, 2591
6.001615524291992, 2590
6.002617120742798, 2589
6.015259504318237, 2588
6.020258665084839, 2587
6.036954879760742, 2586
6.047004222869873, 2585
6.059471845626831, 2584
6.061436176300049, 2583
6.063520908355713, 2582
6.084048748016357, 2581
6.086033821105957, 2580
6.089065313339233, 2579
6.101699113845825, 2578
6.112768173217773, 2577
6.128339767456055, 2576
6.129391431808472, 2575
6.1418867111206055, 2574
6.178571462631226, 2573
6.191800594329834, 2572
6.192822217941284, 2571
6.216475963592529, 2570
6.223500728607178, 2569
6.249396562576294, 2568
6.2523579597473145, 2567
6.258358955383301, 2566
6.263357877731323, 2565
6.276421546936035, 2564
6.300583362579346, 2563
6.309582471847534, 2562
6.3105833530426025, 2561
6.317073345184326, 2560
6.320060968399048, 2559
6.3240580558776855, 2558
6.334027051925659, 2557
6.35442042350769, 2556
6.36042594909668, 2555
6.365461587905884, 2554
6.367552757263184, 2553
6.426143169403076, 2552
6.429208993911743, 2551
6.453460693359375, 2550
6.453460693359375, 2549
6.4594597816467285, 2548
6.463550806045532, 2547
6.479572057723999, 2546
6.495122671127319, 2545
6.498934268951416, 2544
6.500888109207153, 2543
6.511970281600952, 2542
6.532786846160889, 2541
6.541741847991943, 2540
6.549551725387573, 2539
6.562621116638184, 2538
6.562621116638184, 2537
6.562621116638184, 2536
6.581078052520752, 2535
6.587080240249634, 2534
6.620095491409302, 2533
6.621093273162842, 2532
6.627090930938721, 2531
6.6534857749938965, 2530
6.66510796546936, 2529
6.6691062450408936, 2528
6.685027122497559, 2527
6.753495216369629, 2526
6.757462024688721, 2525
6.770067453384399, 2524
6.785814046859741, 2523
6.788811683654785, 2522
6.794813871383667, 2521
6.796860456466675, 2520
6.812699556350708, 2519
6.815104961395264, 2518
6.818153142929077, 2517
6.836783409118652, 2516
6.873028039932251, 2515
6.933485984802246, 2514
6.9354963302612305, 2513
6.960477113723755, 2512
6.960477113723755, 2511
6.96679425239563, 2510
6.9737937450408936, 2509
6.976809740066528, 2508
7.008378267288208, 2507
7.033725261688232, 2506
7.049162864685059, 2505
7.050190687179565, 2504
7.062195777893066, 2503
7.073017358779907, 2502
7.106373071670532, 2501
7.1270692348480225, 2500
7.1280694007873535, 2499
7.1671669483184814, 2498
7.1741650104522705, 2497
7.177165985107422, 2496
7.178164482116699, 2495
7.187398433685303, 2494
7.205399513244629, 2493
7.212491512298584, 2492
7.228023529052734, 2491
7.239926338195801, 2490
7.250029802322388, 2489
7.2660510540008545, 2488
7.2680299282073975, 2487
7.2680299282073975, 2486
7.28306245803833, 2485
7.290061712265015, 2484
7.296152353286743, 2483
7.342846632003784, 2482
7.343845367431641, 2481
7.3609778881073, 2480
7.372799396514893, 2479
7.394189834594727, 2478
7.394189834594727, 2477
7.429059743881226, 2476
7.429059743881226, 2475
7.438722610473633, 2474
7.440723180770874, 2473
7.450136423110962, 2472
7.466949462890625, 2471
7.493299961090088, 2470
7.523333549499512, 2469
7.556482553482056, 2468
7.584590435028076, 2467
7.635666608810425, 2466
7.652427434921265, 2465
7.658463001251221, 2464
7.7424139976501465, 2463
7.750402212142944, 2462
7.812305212020874, 2461
7.844184398651123, 2460
7.849167346954346, 2459
7.862161874771118, 2458
7.871159553527832, 2457
7.878159523010254, 2456
7.886331081390381, 2455
7.931329011917114, 2454
8.012397050857544, 2453
8.04352879524231, 2452
8.050174236297607, 2451
8.059190034866333, 2450
8.091688632965088, 2449
8.100871324539185, 2448
8.18645715713501, 2447
8.204676151275635, 2446
8.225950956344604, 2445
8.235320568084717, 2444
8.263828039169312, 2443
8.264468431472778, 2442
8.31696081161499, 2441
8.31696081161499, 2440
8.339112520217896, 2439
8.346165418624878, 2438
8.370465278625488, 2437
8.373979091644287, 2436
8.380714416503906, 2435
8.380714416503906, 2434
8.387243509292603, 2433
8.387243509292603, 2432
8.388243913650513, 2431
8.406240463256836, 2430
8.427462577819824, 2429
8.43458604812622, 2428
8.441583395004272, 2427
8.509950876235962, 2426
8.535719394683838, 2425
8.567716121673584, 2424
8.588233232498169, 2423
8.637484312057495, 2422
8.674469232559204, 2421
8.684276103973389, 2420
8.702965021133423, 2419
8.704968929290771, 2418
8.737265825271606, 2417
8.737265825271606, 2416
8.762239456176758, 2415
8.78532862663269, 2414
8.79132890701294, 2413
8.810553550720215, 2412
8.848024845123291, 2411
8.850000858306885, 2410
8.858999967575073, 2409
8.87077808380127, 2408
8.872775316238403, 2407
8.89192533493042, 2406
8.96051836013794, 2405
8.96657419204712, 2404
8.992598056793213, 2403
8.998916864395142, 2402
9.03514575958252, 2401
9.06192946434021, 2400
9.119478702545166, 2399
9.126478910446167, 2398
9.142081022262573, 2397
9.204644441604614, 2396
9.223445892333984, 2395
9.230100393295288, 2394
9.258103370666504, 2393
9.286395788192749, 2392
9.414450645446777, 2391
9.422446489334106, 2390
9.437910318374634, 2389
9.449911832809448, 2388
9.451910972595215, 2387
9.452910661697388, 2386
9.488173723220825, 2385
9.508370399475098, 2384
9.512369871139526, 2383
9.512369871139526, 2382
9.545344591140747, 2381
9.565978527069092, 2380
9.586733102798462, 2379
9.657448291778564, 2378
9.741258144378662, 2377
9.869201421737671, 2376
9.869201421737671, 2375
9.960200548171997, 2374
10.042140245437622, 2373
10.125191688537598, 2372
10.128191232681274, 2371
10.134099245071411, 2370
10.1743803024292, 2369
10.207769393920898, 2368
10.223768711090088, 2367
10.337503433227539, 2366
10.38549280166626, 2365
10.41804575920105, 2364
10.44107699394226, 2363
10.474480628967285, 2362
10.497349739074707, 2361
10.519079208374023, 2360
10.615830659866333, 2359
10.662211894989014, 2358
10.67821216583252, 2357
10.693473815917969, 2356
10.699727535247803, 2355
10.699727535247803, 2354
10.708724975585938, 2353
10.739763498306274, 2352
10.743763208389282, 2351
10.778383493423462, 2350
10.806505680084229, 2349
10.887905836105347, 2348
10.889938592910767, 2347
10.964452028274536, 2346
11.002454280853271, 2345
11.006453514099121, 2344
11.032751083374023, 2343
11.060043096542358, 2342
11.070043802261353, 2341
11.15991759300232, 2340
11.18301796913147, 2339
11.208942174911499, 2338
11.295222282409668, 2337
11.4186692237854, 2336
11.498502731323242, 2335
11.557748556137085, 2334
11.731750965118408, 2333
11.737749576568604, 2332
11.769814252853394, 2331
11.808325290679932, 2330
11.930591344833374, 2329
11.967801094055176, 2328
11.997405290603638, 2327
12.078034400939941, 2326
12.086689710617065, 2325
12.23310923576355, 2324
12.237112045288086, 2323
12.302937269210815, 2322
12.477826356887817, 2321
12.6277334690094, 2320
12.67789340019226, 2319
12.807133913040161, 2318
12.859947681427002, 2317
12.89459490776062, 2316
12.904686212539673, 2315
13.0087730884552, 2314
13.043318510055542, 2313
13.045322895050049, 2312
13.157884359359741, 2311
13.210171222686768, 2310
13.301153421401978, 2309
13.532854795455933, 2308
13.70255184173584, 2307
13.843522787094116, 2306
13.887391328811646, 2305
13.985814094543457, 2304
14.216358423233032, 2303
14.267374515533447, 2302
14.27962851524353, 2301
14.292623519897461, 2300
14.372952461242676, 2299
14.46886396408081, 2298
14.558650255203247, 2297
14.567254304885864, 2296
14.661706924438477, 2295
14.809263706207275, 2294
14.825262784957886, 2293
14.843751668930054, 2292
14.944976806640625, 2291
14.974085330963135, 2290
14.979004144668579, 2289
15.076035976409912, 2288
15.245141506195068, 2287
15.323458909988403, 2286
15.350505113601685, 2285
15.415948390960693, 2284
15.593830347061157, 2283
15.607251644134521, 2282
15.641255378723145, 2281
15.664874076843262, 2280
15.697591304779053, 2279
15.853132724761963, 2278
15.910211563110352, 2277
16.02663540840149, 2276
16.031086921691895, 2275
16.298314332962036, 2274
16.32576608657837, 2273
16.526506662368774, 2272
16.58500075340271, 2271
16.62164282798767, 2270
16.656880140304565, 2269
16.66979146003723, 2268
16.69191336631775, 2267
16.692914962768555, 2266
16.864689350128174, 2265
16.866663217544556, 2264
17.41872239112854, 2263
17.479060649871826, 2262
17.59289312362671, 2261
17.622453689575195, 2260
17.662341594696045, 2259
18.0017352104187, 2258
18.03611469268799, 2257
18.04863929748535, 2256
18.114295721054077, 2255
18.15865468978882, 2254
18.209721088409424, 2253
18.321003913879395, 2252
18.636184215545654, 2251
18.645756244659424, 2250
18.763043642044067, 2249
18.869992971420288, 2248
19.058382987976074, 2247
19.5719313621521, 2246
19.73586940765381, 2245
19.757540941238403, 2244
19.769901752471924, 2243
20.111781358718872, 2242
20.130568265914917, 2241
20.94780445098877, 2240
21.34881615638733, 2239
21.546847343444824, 2238
21.84193992614746, 2237
22.41792917251587, 2236
22.602627992630005, 2235
22.65034246444702, 2234
23.620683908462524, 2233
23.942622423171997, 2232
24.522815942764282, 2231
24.99406147003174, 2230
25.612470865249634, 2229
26.93169069290161, 2228
27.280447244644165, 2227
28.28196144104004, 2226
28.293964624404907, 2225
29.71773862838745, 2224
30.012744188308716, 2223
30.08456039428711, 2222
30.22708034515381, 2221
30.87457823753357, 2220
32.69035983085632, 2219
33.6308753490448, 2218
35.06816911697388, 2217
35.2802095413208, 2216
36.59536790847778, 2215
37.93740725517273, 2214
39.000510931015015, 2213
41.05207705497742, 2212
43.52437472343445, 2211
44.50565814971924, 2210
47.12108135223389, 2209
48.19979190826416, 2208
49.88895344734192, 2207
58.492854833602905, 2206
160.21611881256104, 2205
323.5016305446625, 2204
332.92279958724976, 2203
