0.04624652862548828, 4941
0.04624652862548828, 4940
0.04624652862548828, 4939
0.04624652862548828, 4938
0.04624652862548828, 4937
0.04624652862548828, 4936
0.06187033653259277, 4935
0.06187033653259277, 4934
0.06357979774475098, 4933
0.06357979774475098, 4932
0.06468486785888672, 4931
0.06468486785888672, 4930
0.06468486785888672, 4929
0.06468486785888672, 4928
0.06468486785888672, 4927
0.06468486785888672, 4926
0.06468486785888672, 4925
0.06468486785888672, 4924
0.06468486785888672, 4923
0.06468486785888672, 4922
0.06468486785888672, 4921
0.06468486785888672, 4920
0.06468486785888672, 4919
0.06468486785888672, 4918
0.06468486785888672, 4917
0.06468486785888672, 4916
0.06468486785888672, 4915
0.06468486785888672, 4914
0.06468486785888672, 4913
0.06468486785888672, 4912
0.06468486785888672, 4911
0.06468486785888672, 4910
0.06468486785888672, 4909
0.06468486785888672, 4908
0.06468486785888672, 4907
0.06468486785888672, 4906
0.06468486785888672, 4905
0.06468486785888672, 4904
0.08034920692443848, 4903
0.08034920692443848, 4902
0.08034920692443848, 4901
0.08034920692443848, 4900
0.08034920692443848, 4899
0.08034920692443848, 4898
0.08034920692443848, 4897
0.08034920692443848, 4896
0.08034920692443848, 4895
0.08034920692443848, 4894
0.08034920692443848, 4893
0.08034920692443848, 4892
0.08034920692443848, 4891
0.08034920692443848, 4890
0.08034920692443848, 4889
0.08034920692443848, 4888
0.08034920692443848, 4887
0.08034920692443848, 4886
0.08034920692443848, 4885
0.08034920692443848, 4884
0.08034920692443848, 4883
0.08034920692443848, 4882
0.08034920692443848, 4881
0.08034920692443848, 4880
0.08034920692443848, 4879
0.08034920692443848, 4878
0.08034920692443848, 4877
0.0959773063659668, 4876
0.0959773063659668, 4875
0.0959773063659668, 4874
0.0959773063659668, 4873
0.0959773063659668, 4872
0.0959773063659668, 4871
0.0959773063659668, 4870
0.0959773063659668, 4869
0.10002326965332031, 4868
0.10002326965332031, 4867
0.10002326965332031, 4866
0.10002326965332031, 4865
0.10002326965332031, 4864
0.10002326965332031, 4863
0.10002326965332031, 4862
0.10002326965332031, 4861
0.10002326965332031, 4860
0.10002326965332031, 4859
0.10002326965332031, 4858
0.10002326965332031, 4857
0.10002326965332031, 4856
0.10002326965332031, 4855
0.10002326965332031, 4854
0.10002326965332031, 4853
0.10002326965332031, 4852
0.10002326965332031, 4851
0.10002326965332031, 4850
0.10002326965332031, 4849
0.10002326965332031, 4848
0.10002326965332031, 4847
0.10002326965332031, 4846
0.10002326965332031, 4845
0.10002326965332031, 4844
0.10002326965332031, 4843
0.10002326965332031, 4842
0.11569547653198242, 4841
0.11569547653198242, 4840
0.11569547653198242, 4839
0.11569547653198242, 4838
0.11569547653198242, 4837
0.11569547653198242, 4836
0.11569547653198242, 4835
0.11569547653198242, 4834
0.11569547653198242, 4833
0.11569547653198242, 4832
0.11569547653198242, 4831
0.11569547653198242, 4830
0.11569547653198242, 4829
0.11569547653198242, 4828
0.11569547653198242, 4827
0.11569547653198242, 4826
0.11569547653198242, 4825
0.11569547653198242, 4824
0.11569547653198242, 4823
0.11569547653198242, 4822
0.11569547653198242, 4821
0.11569547653198242, 4820
0.11569547653198242, 4819
0.11569547653198242, 4818
0.1313190460205078, 4817
0.1313190460205078, 4816
0.1313190460205078, 4815
0.1313190460205078, 4814
0.1313190460205078, 4813
0.1313190460205078, 4812
0.1313190460205078, 4811
0.1313190460205078, 4810
0.1313190460205078, 4809
0.1313190460205078, 4808
0.1313190460205078, 4807
0.1313190460205078, 4806
0.1313190460205078, 4805
0.1313190460205078, 4804
0.1313190460205078, 4803
0.1313190460205078, 4802
0.1313190460205078, 4801
0.1313190460205078, 4800
0.1313190460205078, 4799
0.1313190460205078, 4798
0.1313190460205078, 4797
0.1313190460205078, 4796
0.1313190460205078, 4795
0.14694428443908691, 4794
0.14738082885742188, 4793
0.14838075637817383, 4792
0.14838075637817383, 4791
0.14941978454589844, 4790
0.15041732788085938, 4789
0.15041732788085938, 4788
0.15142178535461426, 4787
0.15142178535461426, 4786
0.15242218971252441, 4785
0.15242218971252441, 4784
0.1544198989868164, 4783
0.15542006492614746, 4782
0.15542006492614746, 4781
0.15638136863708496, 4780
0.15638136863708496, 4779
0.15742039680480957, 4778
0.15841937065124512, 4777
0.15941786766052246, 4776
0.15941786766052246, 4775
0.16041970252990723, 4774
0.16141915321350098, 4773
0.16141915321350098, 4772
0.16242194175720215, 4771
0.16341948509216309, 4770
0.16341948509216309, 4769
0.16442251205444336, 4768
0.16442251205444336, 4767
0.1654210090637207, 4766
0.1654210090637207, 4765
0.16642308235168457, 4764
0.16742157936096191, 4763
0.16742157936096191, 4762
0.1694200038909912, 4761
0.1694200038909912, 4760
0.17041993141174316, 4759
0.17041993141174316, 4758
0.17142009735107422, 4757
0.17142009735107422, 4756
0.17242026329040527, 4755
0.17286443710327148, 4754
0.17286443710327148, 4753
0.17286443710327148, 4752
0.17286443710327148, 4751
0.17286443710327148, 4750
0.17286443710327148, 4749
0.17286443710327148, 4748
0.17286443710327148, 4747
0.17286443710327148, 4746
0.17286443710327148, 4745
0.17286443710327148, 4744
0.17286443710327148, 4743
0.17286443710327148, 4742
0.17286443710327148, 4741
0.17286443710327148, 4740
0.17286443710327148, 4739
0.17286443710327148, 4738
0.17286443710327148, 4737
0.17286443710327148, 4736
0.17286443710327148, 4735
0.17286443710327148, 4734
0.17286443710327148, 4733
0.17286443710327148, 4732
0.18853163719177246, 4731
0.18853163719177246, 4730
0.18853163719177246, 4729
0.18853163719177246, 4728
0.18853163719177246, 4727
0.18853163719177246, 4726
0.18853163719177246, 4725
0.18853163719177246, 4724
0.18853163719177246, 4723
0.18853163719177246, 4722
0.18853163719177246, 4721
0.18853163719177246, 4720
0.18853163719177246, 4719
0.18853163719177246, 4718
0.18853163719177246, 4717
0.18853163719177246, 4716
0.18853163719177246, 4715
0.18853163719177246, 4714
0.18853163719177246, 4713
0.18853163719177246, 4712
0.2000887393951416, 4711
0.2000887393951416, 4710
0.2000887393951416, 4709
0.2000887393951416, 4708
0.20214366912841797, 4707
0.20214366912841797, 4706
0.20214366912841797, 4705
0.20214366912841797, 4704
0.20214366912841797, 4703
0.20214366912841797, 4702
0.20214366912841797, 4701
0.20214366912841797, 4700
0.20214366912841797, 4699
0.20214366912841797, 4698
0.20214366912841797, 4697
0.20214366912841797, 4696
0.20214366912841797, 4695
0.21021580696105957, 4694
0.21021580696105957, 4693
0.21021580696105957, 4692
0.21021580696105957, 4691
0.21227741241455078, 4690
0.21227741241455078, 4689
0.21227741241455078, 4688
0.21227741241455078, 4687
0.21227741241455078, 4686
0.21227741241455078, 4685
0.21227741241455078, 4684
0.21227741241455078, 4683
0.22033214569091797, 4682
0.22033214569091797, 4681
0.22033214569091797, 4680
0.22033214569091797, 4679
0.22238540649414062, 4678
0.22238540649414062, 4677
0.22238540649414062, 4676
0.22238540649414062, 4675
0.22238540649414062, 4674
0.22238540649414062, 4673
0.22238540649414062, 4672
0.22238540649414062, 4671
0.22238540649414062, 4670
0.22238540649414062, 4669
0.22238540649414062, 4668
0.22238540649414062, 4667
0.22238540649414062, 4666
0.23046636581420898, 4665
0.23046636581420898, 4664
0.23046636581420898, 4663
0.23251724243164062, 4662
0.23251724243164062, 4661
0.23251724243164062, 4660
0.23251724243164062, 4659
0.23251724243164062, 4658
0.23251724243164062, 4657
0.23251724243164062, 4656
0.23251724243164062, 4655
0.23251724243164062, 4654
0.23251724243164062, 4653
0.23251724243164062, 4652
0.23251724243164062, 4651
0.24057269096374512, 4650
0.24057269096374512, 4649
0.24263548851013184, 4648
0.24263548851013184, 4647
0.24263548851013184, 4646
0.24263548851013184, 4645
0.24263548851013184, 4644
0.24263548851013184, 4643
0.24263548851013184, 4642
0.24263548851013184, 4641
0.24263548851013184, 4640
0.24263548851013184, 4639
0.25067949295043945, 4638
0.25072550773620605, 4637
0.2527940273284912, 4636
0.2527940273284912, 4635
0.2527940273284912, 4634
0.2527940273284912, 4633
0.2527940273284912, 4632
0.2527940273284912, 4631
0.2527940273284912, 4630
0.2527940273284912, 4629
0.2527940273284912, 4628
0.2527940273284912, 4627
0.2527940273284912, 4626
0.2608499526977539, 4625
0.2608499526977539, 4624
0.2608499526977539, 4623
0.2608499526977539, 4622
0.2629063129425049, 4621
0.2629063129425049, 4620
0.2629063129425049, 4619
0.2629063129425049, 4618
0.2629063129425049, 4617
0.2629063129425049, 4616
0.2629063129425049, 4615
0.2629063129425049, 4614
0.2629063129425049, 4613
0.2629063129425049, 4612
0.2629063129425049, 4611
0.2629063129425049, 4610
0.2629063129425049, 4609
0.2629063129425049, 4608
0.2629063129425049, 4607
0.270984411239624, 4606
0.270984411239624, 4605
0.270984411239624, 4604
0.2730400562286377, 4603
0.2730400562286377, 4602
0.2730400562286377, 4601
0.2730400562286377, 4600
0.2730400562286377, 4599
0.2730400562286377, 4598
0.2730400562286377, 4597
0.2730400562286377, 4596
0.2730400562286377, 4595
0.2730400562286377, 4594
0.2730400562286377, 4593
0.2730400562286377, 4592
0.2810957431793213, 4591
0.2810957431793213, 4590
0.2810957431793213, 4589
0.2810957431793213, 4588
0.28314900398254395, 4587
0.28314900398254395, 4586
0.28314900398254395, 4585
0.28314900398254395, 4584
0.28314900398254395, 4583
0.28314900398254395, 4582
0.28314900398254395, 4581
0.28314900398254395, 4580
0.29123806953430176, 4579
0.2932853698730469, 4578
0.2932853698730469, 4577
0.2932853698730469, 4576
0.2932853698730469, 4575
0.2932853698730469, 4574
0.2932853698730469, 4573
0.2932853698730469, 4572
0.2932853698730469, 4571
0.2932853698730469, 4570
0.2932853698730469, 4569
0.2932853698730469, 4568
0.2932853698730469, 4567
0.2932853698730469, 4566
0.2932853698730469, 4565
0.3013486862182617, 4564
0.3013486862182617, 4563
0.3013486862182617, 4562
0.30339717864990234, 4561
0.30339717864990234, 4560
0.30339717864990234, 4559
0.30339717864990234, 4558
0.30339717864990234, 4557
0.30339717864990234, 4556
0.30339717864990234, 4555
0.30339717864990234, 4554
0.30339717864990234, 4553
0.30339717864990234, 4552
0.30339717864990234, 4551
0.31146812438964844, 4550
0.31146812438964844, 4549
0.31146812438964844, 4548
0.31146812438964844, 4547
0.313523530960083, 4546
0.313523530960083, 4545
0.313523530960083, 4544
0.313523530960083, 4543
0.313523530960083, 4542
0.313523530960083, 4541
0.313523530960083, 4540
0.313523530960083, 4539
0.313523530960083, 4538
0.313523530960083, 4537
0.313523530960083, 4536
0.313523530960083, 4535
0.313523530960083, 4534
0.313523530960083, 4533
0.3215765953063965, 4532
0.3215765953063965, 4531
0.3215765953063965, 4530
0.32362985610961914, 4529
0.32362985610961914, 4528
0.32362985610961914, 4527
0.32362985610961914, 4526
0.32362985610961914, 4525
0.32362985610961914, 4524
0.32362985610961914, 4523
0.32362985610961914, 4522
0.32362985610961914, 4521
0.32362985610961914, 4520
0.32362985610961914, 4519
0.32362985610961914, 4518
0.32362985610961914, 4517
0.3317432403564453, 4516
0.3317432403564453, 4515
0.33381128311157227, 4514
0.33381128311157227, 4513
0.33381128311157227, 4512
0.33381128311157227, 4511
0.33381128311157227, 4510
0.33381128311157227, 4509
0.33381128311157227, 4508
0.33381128311157227, 4507
0.33381128311157227, 4506
0.33381128311157227, 4505
0.33381128311157227, 4504
0.33381128311157227, 4503
0.33381128311157227, 4502
0.3418738842010498, 4501
0.3418738842010498, 4500
0.34394145011901855, 4499
0.34394145011901855, 4498
0.34394145011901855, 4497
0.34394145011901855, 4496
0.34394145011901855, 4495
0.34394145011901855, 4494
0.34394145011901855, 4493
0.34394145011901855, 4492
0.34394145011901855, 4491
0.351973295211792, 4490
0.351973295211792, 4489
0.351973295211792, 4488
0.351973295211792, 4487
0.3540341854095459, 4486
0.3540341854095459, 4485
0.3540341854095459, 4484
0.3540341854095459, 4483
0.3540341854095459, 4482
0.3540341854095459, 4481
0.3540341854095459, 4480
0.3540341854095459, 4479
0.3540341854095459, 4478
0.3620438575744629, 4477
0.3621022701263428, 4476
0.3621022701263428, 4475
0.3621022701263428, 4474
0.36411142349243164, 4473
0.3641664981842041, 4472
0.3641664981842041, 4471
0.3641664981842041, 4470
0.3641664981842041, 4469
0.3641664981842041, 4468
0.3641664981842041, 4467
0.3641664981842041, 4466
0.3641664981842041, 4465
0.3641664981842041, 4464
0.3641664981842041, 4463
0.3641664981842041, 4462
0.3721961975097656, 4461
0.3721961975097656, 4460
0.37425875663757324, 4459
0.37425875663757324, 4458
0.37425875663757324, 4457
0.37425875663757324, 4456
0.37425875663757324, 4455
0.37425875663757324, 4454
0.37425875663757324, 4453
0.37425875663757324, 4452
0.37425875663757324, 4451
0.37425875663757324, 4450
0.37425875663757324, 4449
0.37425875663757324, 4448
0.3823215961456299, 4447
0.3843863010406494, 4446
0.3843863010406494, 4445
0.3843863010406494, 4444
0.3843863010406494, 4443
0.3843863010406494, 4442
0.3945045471191406, 4441
0.3945045471191406, 4440
0.3945045471191406, 4439
0.3945045471191406, 4438
0.3945045471191406, 4437
0.3945045471191406, 4436
0.3945045471191406, 4435
0.3945045471191406, 4434
0.3945045471191406, 4433
0.4025702476501465, 4432
0.4025702476501465, 4431
0.4025702476501465, 4430
0.4046475887298584, 4429
0.4046475887298584, 4428
0.4046475887298584, 4427
0.4046475887298584, 4426
0.4046475887298584, 4425
0.4046475887298584, 4424
0.4046475887298584, 4423
0.4046475887298584, 4422
0.4046475887298584, 4421
0.4046475887298584, 4420
0.4046475887298584, 4419
0.4046475887298584, 4418
0.4126760959625244, 4417
0.4126760959625244, 4416
0.41474103927612305, 4415
0.41474103927612305, 4414
0.41474103927612305, 4413
0.41474103927612305, 4412
0.41474103927612305, 4411
0.41474103927612305, 4410
0.41474103927612305, 4409
0.41474103927612305, 4408
0.4228096008300781, 4407
0.4228096008300781, 4406
0.4228096008300781, 4405
0.4228096008300781, 4404
0.42487502098083496, 4403
0.42487502098083496, 4402
0.42487502098083496, 4401
0.42487502098083496, 4400
0.42487502098083496, 4399
0.42487502098083496, 4398
0.42487502098083496, 4397
0.42487502098083496, 4396
0.42487502098083496, 4395
0.42487502098083496, 4394
0.42487502098083496, 4393
0.43294405937194824, 4392
0.43294405937194824, 4391
0.43294405937194824, 4390
0.43294405937194824, 4389
0.435009241104126, 4388
0.435009241104126, 4387
0.435009241104126, 4386
0.435009241104126, 4385
0.435009241104126, 4384
0.435009241104126, 4383
0.435009241104126, 4382
0.435009241104126, 4381
0.435009241104126, 4380
0.435009241104126, 4379
0.435009241104126, 4378
0.435009241104126, 4377
0.435009241104126, 4376
0.44307756423950195, 4375
0.44307756423950195, 4374
0.4451422691345215, 4373
0.4451422691345215, 4372
0.4451422691345215, 4371
0.4451422691345215, 4370
0.4451422691345215, 4369
0.4451422691345215, 4368
0.4451422691345215, 4367
0.4451422691345215, 4366
0.4451422691345215, 4365
0.4451422691345215, 4364
0.45317935943603516, 4363
0.45317935943603516, 4362
0.4551870822906494, 4361
0.45525050163269043, 4360
0.45525050163269043, 4359
0.45525050163269043, 4358
0.45525050163269043, 4357
0.45525050163269043, 4356
0.45525050163269043, 4355
0.45525050163269043, 4354
0.45525050163269043, 4353
0.45525050163269043, 4352
0.45525050163269043, 4351
0.4633171558380127, 4350
0.4633171558380127, 4349
0.4633171558380127, 4348
0.4633171558380127, 4347
0.465381383895874, 4346
0.465381383895874, 4345
0.465381383895874, 4344
0.465381383895874, 4343
0.465381383895874, 4342
0.465381383895874, 4341
0.465381383895874, 4340
0.465381383895874, 4339
0.465381383895874, 4338
0.465381383895874, 4337
0.465381383895874, 4336
0.465381383895874, 4335
0.465381383895874, 4334
0.47341036796569824, 4333
0.47341036796569824, 4332
0.4754765033721924, 4331
0.4754765033721924, 4330
0.4754765033721924, 4329
0.4754765033721924, 4328
0.4754765033721924, 4327
0.4754765033721924, 4326
0.4754765033721924, 4325
0.4754765033721924, 4324
0.4754765033721924, 4323
0.48355603218078613, 4322
0.48355603218078613, 4321
0.48355603218078613, 4320
0.4856276512145996, 4319
0.4856276512145996, 4318
0.4856276512145996, 4317
0.4856276512145996, 4316
0.4856276512145996, 4315
0.4856276512145996, 4314
0.4856276512145996, 4313
0.4856276512145996, 4312
0.4856276512145996, 4311
0.4856276512145996, 4310
0.4856276512145996, 4309
0.4856276512145996, 4308
0.49372100830078125, 4307
0.4957756996154785, 4306
0.4957756996154785, 4305
0.4957756996154785, 4304
0.4957756996154785, 4303
0.4957756996154785, 4302
0.4957756996154785, 4301
0.4957756996154785, 4300
0.4957756996154785, 4299
0.4957756996154785, 4298
0.4957756996154785, 4297
0.5038080215454102, 4296
0.5038080215454102, 4295
0.5038080215454102, 4294
0.5038080215454102, 4293
0.5058166980743408, 4292
0.5058367252349854, 4291
0.5058367252349854, 4290
0.5058367252349854, 4289
0.5058367252349854, 4288
0.5058367252349854, 4287
0.5058367252349854, 4286
0.5058367252349854, 4285
0.5058367252349854, 4284
0.5139193534851074, 4283
0.5139193534851074, 4282
0.5139193534851074, 4281
0.5159280300140381, 4280
0.5159852504730225, 4279
0.5159852504730225, 4278
0.5159852504730225, 4277
0.5159852504730225, 4276
0.5159852504730225, 4275
0.5240521430969238, 4274
0.5240521430969238, 4273
0.5240521430969238, 4272
0.5240521430969238, 4271
0.5261189937591553, 4270
0.5261189937591553, 4269
0.5261189937591553, 4268
0.5261189937591553, 4267
0.5261189937591553, 4266
0.5261189937591553, 4265
0.5261189937591553, 4264
0.5261189937591553, 4263
0.5261189937591553, 4262
0.5261189937591553, 4261
0.5342061519622803, 4260
0.5362749099731445, 4259
0.5362749099731445, 4258
0.5362749099731445, 4257
0.5362749099731445, 4256
0.5362749099731445, 4255
0.5362749099731445, 4254
0.5362749099731445, 4253
0.5362749099731445, 4252
0.5362749099731445, 4251
0.5362749099731445, 4250
0.5362749099731445, 4249
0.5443415641784668, 4248
0.5443415641784668, 4247
0.5443415641784668, 4246
0.5464086532592773, 4245
0.5464086532592773, 4244
0.5464086532592773, 4243
0.5464086532592773, 4242
0.5464086532592773, 4241
0.5464086532592773, 4240
0.5464086532592773, 4239
0.5464086532592773, 4238
0.5464086532592773, 4237
0.5464086532592773, 4236
0.5464086532592773, 4235
0.5464086532592773, 4234
0.5544471740722656, 4233
0.5544471740722656, 4232
0.5544471740722656, 4231
0.5565145015716553, 4230
0.5565145015716553, 4229
0.5565145015716553, 4228
0.5565145015716553, 4227
0.5565145015716553, 4226
0.5565145015716553, 4225
0.5565145015716553, 4224
0.5565145015716553, 4223
0.5565145015716553, 4222
0.5565145015716553, 4221
0.5565145015716553, 4220
0.5645804405212402, 4219
0.5645804405212402, 4218
0.5645804405212402, 4217
0.5666458606719971, 4216
0.5666458606719971, 4215
0.5666458606719971, 4214
0.5666458606719971, 4213
0.5666458606719971, 4212
0.5666458606719971, 4211
0.5666458606719971, 4210
0.574683427810669, 4209
0.5776193141937256, 4208
0.5776193141937256, 4207
0.5786361694335938, 4206
0.5796294212341309, 4205
0.5836749076843262, 4204
0.5846762657165527, 4203
0.5877571105957031, 4202
0.5906963348388672, 4201
0.5912578105926514, 4200
0.5922112464904785, 4199
0.5932166576385498, 4198
0.5942161083221436, 4197
0.5952153205871582, 4196
0.5952153205871582, 4195
0.5962178707122803, 4194
0.5967388153076172, 4193
0.5972704887390137, 4192
0.5972704887390137, 4191
0.5982668399810791, 4190
0.5982668399810791, 4189
0.5992581844329834, 4188
0.6002585887908936, 4187
0.6002585887908936, 4186
0.6012585163116455, 4185
0.6012585163116455, 4184
0.6032581329345703, 4183
0.6042587757110596, 4182
0.6042587757110596, 4181
0.6092569828033447, 4180
0.6102950572967529, 4179
0.6102950572967529, 4178
0.6112899780273438, 4177
0.6122944355010986, 4176
0.6122944355010986, 4175
0.6132903099060059, 4174
0.6132903099060059, 4173
0.6142876148223877, 4172
0.6142876148223877, 4171
0.6152899265289307, 4170
0.6162929534912109, 4169
0.6172902584075928, 4168
0.6182956695556641, 4167
0.6182956695556641, 4166
0.6202948093414307, 4165
0.6212975978851318, 4164
0.6212975978851318, 4163
0.6222946643829346, 4162
0.6232926845550537, 4161
0.6232926845550537, 4160
0.6242940425872803, 4159
0.6253054141998291, 4158
0.626295804977417, 4157
0.626295804977417, 4156
0.6282944679260254, 4155
0.6282944679260254, 4154
0.6292943954467773, 4153
0.6302955150604248, 4152
0.6312954425811768, 4151
0.6322951316833496, 4150
0.6322951316833496, 4149
0.6332962512969971, 4148
0.6342952251434326, 4147
0.6352949142456055, 4146
0.6352949142456055, 4145
0.6362969875335693, 4144
0.6362969875335693, 4143
0.6372971534729004, 4142
0.6382944583892822, 4141
0.6393427848815918, 4140
0.6393427848815918, 4139
0.6393427848815918, 4138
0.6393427848815918, 4137
0.6393427848815918, 4136
0.6393427848815918, 4135
0.6393427848815918, 4134
0.6393427848815918, 4133
0.6393427848815918, 4132
0.6393427848815918, 4131
0.6393427848815918, 4130
0.6393427848815918, 4129
0.6393427848815918, 4128
0.6393427848815918, 4127
0.6474008560180664, 4126
0.6474008560180664, 4125
0.6494631767272949, 4124
0.6494631767272949, 4123
0.6494631767272949, 4122
0.6494631767272949, 4121
0.6494631767272949, 4120
0.6575570106506348, 4119
0.6596164703369141, 4118
0.6596164703369141, 4117
0.6596164703369141, 4116
0.6596164703369141, 4115
0.6596164703369141, 4114
0.6596164703369141, 4113
0.6596164703369141, 4112
0.667677640914917, 4111
0.667677640914917, 4110
0.667677640914917, 4109
0.6697328090667725, 4108
0.6778218746185303, 4107
0.6793038845062256, 4106
0.6793038845062256, 4105
0.6803023815155029, 4104
0.6813027858734131, 4103
0.6813027858734131, 4102
0.6823024749755859, 4101
0.6823024749755859, 4100
0.6853024959564209, 4099
0.6853024959564209, 4098
0.686302661895752, 4097
0.6873021125793457, 4096
0.6873021125793457, 4095
0.691303014755249, 4094
0.691303014755249, 4093
0.691303014755249, 4092
0.6923031806945801, 4091
0.6943025588989258, 4090
0.6953024864196777, 4089
0.6973025798797607, 4088
0.6983025074005127, 4087
0.7003026008605957, 4086
0.7003026008605957, 4085
0.7013030052185059, 4084
0.7033026218414307, 4083
0.7033026218414307, 4082
0.7043023109436035, 4081
0.7053024768829346, 4080
0.7060139179229736, 4079
0.7085576057434082, 4078
0.7085576057434082, 4077
0.7085576057434082, 4076
0.7085576057434082, 4075
0.7106356620788574, 4074
0.7106356620788574, 4073
0.7106356620788574, 4072
0.7106356620788574, 4071
0.7106356620788574, 4070
0.7106356620788574, 4069
0.7106356620788574, 4068
0.7106356620788574, 4067
0.7106356620788574, 4066
0.7106356620788574, 4065
0.7187128067016602, 4064
0.7187128067016602, 4063
0.7187128067016602, 4062
0.7187128067016602, 4061
0.7207579612731934, 4060
0.7207579612731934, 4059
0.7207579612731934, 4058
0.7207579612731934, 4057
0.7207579612731934, 4056
0.7207579612731934, 4055
0.7207579612731934, 4054
0.7207579612731934, 4053
0.7288339138031006, 4052
0.7288339138031006, 4051
0.7309069633483887, 4050
0.7309069633483887, 4049
0.7309069633483887, 4048
0.7309069633483887, 4047
0.7309069633483887, 4046
0.7309069633483887, 4045
0.7309069633483887, 4044
0.7309069633483887, 4043
0.7309069633483887, 4042
0.7309069633483887, 4041
0.7309069633483887, 4040
0.738936185836792, 4039
0.738936185836792, 4038
0.738936185836792, 4037
0.738936185836792, 4036
0.7410037517547607, 4035
0.7410037517547607, 4034
0.7410037517547607, 4033
0.7410037517547607, 4032
0.7410037517547607, 4031
0.7410037517547607, 4030
0.7410037517547607, 4029
0.7410037517547607, 4028
0.7410037517547607, 4027
0.7490696907043457, 4026
0.7490696907043457, 4025
0.7490696907043457, 4024
0.7490696907043457, 4023
0.7511324882507324, 4022
0.7511324882507324, 4021
0.7511324882507324, 4020
0.7511324882507324, 4019
0.7511324882507324, 4018
0.7511324882507324, 4017
0.7511324882507324, 4016
0.7511324882507324, 4015
0.7511324882507324, 4014
0.7511324882507324, 4013
0.7511324882507324, 4012
0.7511324882507324, 4011
0.7591614723205566, 4010
0.7591614723205566, 4009
0.7612271308898926, 4008
0.7612271308898926, 4007
0.7612271308898926, 4006
0.7612271308898926, 4005
0.7612271308898926, 4004
0.769294023513794, 4003
0.769294023513794, 4002
0.7713568210601807, 4001
0.7713568210601807, 4000
0.7713568210601807, 3999
0.7713568210601807, 3998
0.7713568210601807, 3997
0.7713568210601807, 3996
0.7713568210601807, 3995
0.7713568210601807, 3994
0.7713568210601807, 3993
0.7713568210601807, 3992
0.7794437408447266, 3991
0.7794437408447266, 3990
0.7815122604370117, 3989
0.7815122604370117, 3988
0.7815122604370117, 3987
0.7895801067352295, 3986
0.7916457653045654, 3985
0.7916457653045654, 3984
0.7916457653045654, 3983
0.7916457653045654, 3982
0.7916457653045654, 3981
0.7996745109558105, 3980
0.8017404079437256, 3979
0.8017404079437256, 3978
0.8017404079437256, 3977
0.8017404079437256, 3976
0.8017404079437256, 3975
0.8017404079437256, 3974
0.8017404079437256, 3973
0.8017404079437256, 3972
0.8017404079437256, 3971
0.8098161220550537, 3970
0.8098161220550537, 3969
0.8098161220550537, 3968
0.8118898868560791, 3967
0.8118898868560791, 3966
0.8118898868560791, 3965
0.8118898868560791, 3964
0.8118898868560791, 3963
0.8118898868560791, 3962
0.8118898868560791, 3961
0.819951057434082, 3960
0.819951057434082, 3959
0.822030782699585, 3958
0.822030782699585, 3957
0.822030782699585, 3956
0.822030782699585, 3955
0.822030782699585, 3954
0.822030782699585, 3953
0.822030782699585, 3952
0.822030782699585, 3951
0.822030782699585, 3950
0.822030782699585, 3949
0.822030782699585, 3948
0.822030782699585, 3947
0.8300974369049072, 3946
0.8300974369049072, 3945
0.8321621417999268, 3944
0.8321621417999268, 3943
0.8321621417999268, 3942
0.8321621417999268, 3941
0.8321621417999268, 3940
0.8321621417999268, 3939
0.8321621417999268, 3938
0.8321621417999268, 3937
0.8321621417999268, 3936
0.8321621417999268, 3935
0.8402359485626221, 3934
0.8402359485626221, 3933
0.8423042297363281, 3932
0.8423042297363281, 3931
0.8423042297363281, 3930
0.8423042297363281, 3929
0.8423042297363281, 3928
0.8423042297363281, 3927
0.8423042297363281, 3926
0.8423042297363281, 3925
0.8423042297363281, 3924
0.8423042297363281, 3923
0.8423042297363281, 3922
0.8503768444061279, 3921
0.852442741394043, 3920
0.852442741394043, 3919
0.852442741394043, 3918
0.852442741394043, 3917
0.852442741394043, 3916
0.852442741394043, 3915
0.8604872226715088, 3914
0.8604872226715088, 3913
0.8604872226715088, 3912
0.8625540733337402, 3911
0.8625540733337402, 3910
0.8625540733337402, 3909
0.8625540733337402, 3908
0.8625540733337402, 3907
0.8625540733337402, 3906
0.8625540733337402, 3905
0.8625540733337402, 3904
0.8625540733337402, 3903
0.8727002143859863, 3902
0.8727002143859863, 3901
0.8727002143859863, 3900
0.8727002143859863, 3899
0.8807287216186523, 3898
0.8827972412109375, 3897
0.8827972412109375, 3896
0.8827972412109375, 3895
0.8827972412109375, 3894
0.8908638954162598, 3893
0.8908638954162598, 3892
0.8929295539855957, 3891
0.8929295539855957, 3890
0.8929295539855957, 3889
0.8929295539855957, 3888
0.8929295539855957, 3887
0.8929295539855957, 3886
0.8929295539855957, 3885
0.8929295539855957, 3884
0.9010131359100342, 3883
0.9010131359100342, 3882
0.9030799865722656, 3881
0.9030799865722656, 3880
0.9030799865722656, 3879
0.9030799865722656, 3878
0.9030799865722656, 3877
0.9030799865722656, 3876
0.911146879196167, 3875
0.911146879196167, 3874
0.9132118225097656, 3873
0.9132118225097656, 3872
0.9132118225097656, 3871
0.9132118225097656, 3870
0.9132118225097656, 3869
0.9132118225097656, 3868
0.9132118225097656, 3867
0.9212558269500732, 3866
0.9233224391937256, 3865
0.9233224391937256, 3864
0.9233224391937256, 3863
0.9233224391937256, 3862
0.9233224391937256, 3861
0.9233224391937256, 3860
0.9233224391937256, 3859
0.9233224391937256, 3858
0.9233224391937256, 3857
0.931389331817627, 3856
0.9334568977355957, 3855
0.9334568977355957, 3854
0.9334568977355957, 3853
0.9334568977355957, 3852
0.9334568977355957, 3851
0.9334568977355957, 3850
0.9415018558502197, 3849
0.9415018558502197, 3848
0.9415018558502197, 3847
0.9435687065124512, 3846
0.9435687065124512, 3845
0.9435687065124512, 3844
0.9435687065124512, 3843
0.9435687065124512, 3842
0.9435687065124512, 3841
0.9516353607177734, 3840
0.9516353607177734, 3839
0.9537014961242676, 3838
0.9537014961242676, 3837
0.9537014961242676, 3836
0.9537014961242676, 3835
0.9537014961242676, 3834
0.9617414474487305, 3833
0.9617414474487305, 3832
0.9617414474487305, 3831
0.9637496471405029, 3830
0.9638106822967529, 3829
0.9638106822967529, 3828
0.9638106822967529, 3827
0.9638106822967529, 3826
0.9638106822967529, 3825
0.9638106822967529, 3824
0.9718775749206543, 3823
0.9718775749206543, 3822
0.973942756652832, 3821
0.973942756652832, 3820
0.973942756652832, 3819
0.973942756652832, 3818
0.973942756652832, 3817
0.973942756652832, 3816
0.9820272922515869, 3815
0.9820272922515869, 3814
0.9820272922515869, 3813
0.9840917587280273, 3812
0.9840917587280273, 3811
0.9840917587280273, 3810
0.9921669960021973, 3809
0.9942328929901123, 3808
0.9942328929901123, 3807
0.9942328929901123, 3806
0.9942328929901123, 3805
0.9942328929901123, 3804
0.9942328929901123, 3803
0.9942328929901123, 3802
0.9942328929901123, 3801
0.9942328929901123, 3800
1.002310037612915, 3799
1.002310037612915, 3798
1.004375696182251, 3797
1.004375696182251, 3796
1.004375696182251, 3795
1.004375696182251, 3794
1.004375696182251, 3793
1.004375696182251, 3792
1.004375696182251, 3791
1.0124421119689941, 3790
1.0124421119689941, 3789
1.0124421119689941, 3788
1.0145070552825928, 3787
1.0145070552825928, 3786
1.0145070552825928, 3785
1.0145070552825928, 3784
1.0145070552825928, 3783
1.0145070552825928, 3782
1.0225467681884766, 3781
1.0246186256408691, 3780
1.0246186256408691, 3779
1.0246186256408691, 3778
1.0246186256408691, 3777
1.0246186256408691, 3776
1.0246186256408691, 3775
1.0246186256408691, 3774
1.0246186256408691, 3773
1.034754753112793, 3772
1.034754753112793, 3771
1.034754753112793, 3770
1.034754753112793, 3769
1.034754753112793, 3768
1.034754753112793, 3767
1.0434393882751465, 3766
1.0444390773773193, 3765
1.0484375953674316, 3764
1.050438404083252, 3763
1.0534372329711914, 3762
1.0534372329711914, 3761
1.0534372329711914, 3760
1.0554373264312744, 3759
1.0554373264312744, 3758
1.0594375133514404, 3757
1.0594375133514404, 3756
1.060438632965088, 3755
1.060438632965088, 3754
1.0614373683929443, 3753
1.0614373683929443, 3752
1.0644378662109375, 3751
1.0654373168945312, 3750
1.0674371719360352, 3749
1.0674371719360352, 3748
1.071437120437622, 3747
1.0726373195648193, 3746
1.073183298110962, 3745
1.0737566947937012, 3744
1.0747075080871582, 3743
1.074864387512207, 3742
1.0757365226745605, 3741
1.0757365226745605, 3740
1.0757365226745605, 3739
1.0896661281585693, 3738
1.0896661281585693, 3737
1.0937068462371826, 3736
1.0937068462371826, 3735
1.0957446098327637, 3734
1.0957446098327637, 3733
1.1037826538085938, 3732
1.1058361530303955, 3731
1.1058361530303955, 3730
1.1058361530303955, 3729
1.1058361530303955, 3728
1.1159136295318604, 3727
1.1159136295318604, 3726
1.1159136295318604, 3725
1.1159136295318604, 3724
1.1252965927124023, 3723
1.1273057460784912, 3722
1.145395278930664, 3721
1.1473937034606934, 3720
1.1563982963562012, 3719
1.1623942852020264, 3718
1.1673955917358398, 3717
1.1683940887451172, 3716
1.1693923473358154, 3715
1.170396089553833, 3714
1.172393560409546, 3713
1.1733949184417725, 3712
1.1763923168182373, 3711
1.1783936023712158, 3710
1.1803946495056152, 3709
1.1803946495056152, 3708
1.1813936233520508, 3707
1.1873910427093506, 3706
1.1893956661224365, 3705
1.1913928985595703, 3704
1.1913928985595703, 3703
1.192394495010376, 3702
1.192394495010376, 3701
1.1933963298797607, 3700
1.1933963298797607, 3699
1.1943931579589844, 3698
1.19539213180542, 3697
1.1983921527862549, 3696
1.1983921527862549, 3695
1.2003910541534424, 3694
1.2023911476135254, 3693
1.2023911476135254, 3692
1.2093911170959473, 3691
1.2103908061981201, 3690
1.2123911380767822, 3689
1.2133913040161133, 3688
1.2153913974761963, 3687
1.21639084815979, 3686
1.21639084815979, 3685
1.217391014099121, 3684
1.219391107559204, 3683
1.219391107559204, 3682
1.219391107559204, 3681
1.2219138145446777, 3680
1.224391222000122, 3679
1.225390911102295, 3678
1.227391004562378, 3677
1.227391004562378, 3676
1.2303922176361084, 3675
1.231391429901123, 3674
1.231391429901123, 3673
1.232391357421875, 3672
1.232391357421875, 3671
1.2344298362731934, 3670
1.236433506011963, 3669
1.236433506011963, 3668
1.2374322414398193, 3667
1.2384297847747803, 3666
1.2384297847747803, 3665
1.239394187927246, 3664
1.2403945922851562, 3663
1.2413930892944336, 3662
1.2434265613555908, 3661
1.247392177581787, 3660
1.2534339427947998, 3659
1.2544314861297607, 3658
1.2553915977478027, 3657
1.2600045204162598, 3656
1.2600045204162598, 3655
1.26100492477417, 3654
1.26100492477417, 3653
1.2639718055725098, 3652
1.2650091648101807, 3651
1.2650091648101807, 3650
1.2670047283172607, 3649
1.2670047283172607, 3648
1.2680048942565918, 3647
1.2690074443817139, 3646
1.2710089683532715, 3645
1.272010326385498, 3644
1.2730121612548828, 3643
1.2740118503570557, 3642
1.2740118503570557, 3641
1.2760124206542969, 3640
1.2760124206542969, 3639
1.2799718379974365, 3638
1.2799718379974365, 3637
1.2810108661651611, 3636
1.2810108661651611, 3635
1.2810108661651611, 3634
1.2820088863372803, 3633
1.2820088863372803, 3632
1.2830100059509277, 3631
1.2849690914154053, 3630
1.2859694957733154, 3629
1.2859694957733154, 3628
1.287013053894043, 3627
1.287013053894043, 3626
1.2900128364562988, 3625
1.291010856628418, 3624
1.2929701805114746, 3623
1.2929701805114746, 3622
1.2939684391021729, 3621
1.2959704399108887, 3620
1.2959704399108887, 3619
1.298008918762207, 3618
1.3020093441009521, 3617
1.3020093441009521, 3616
1.3069708347320557, 3615
1.3089725971221924, 3614
1.312004566192627, 3613
1.312004566192627, 3612
1.313971757888794, 3611
1.319005012512207, 3610
1.3200099468231201, 3609
1.3220157623291016, 3608
1.3230113983154297, 3607
1.324023723602295, 3606
1.324023723602295, 3605
1.3250093460083008, 3604
1.3260116577148438, 3603
1.3270092010498047, 3602
1.3270092010498047, 3601
1.3290095329284668, 3600
1.3290095329284668, 3599
1.329970359802246, 3598
1.329970359802246, 3597
1.3310093879699707, 3596
1.333008050918579, 3595
1.333008050918579, 3594
1.3350086212158203, 3593
1.3360137939453125, 3592
1.3370089530944824, 3591
1.3379719257354736, 3590
1.3410310745239258, 3589
1.3410310745239258, 3588
1.3430089950561523, 3587
1.3440110683441162, 3586
1.3510055541992188, 3585
1.3510055541992188, 3584
1.3580291271209717, 3583
1.3580291271209717, 3582
1.3590056896209717, 3581
1.3600044250488281, 3580
1.361004114151001, 3579
1.361004114151001, 3578
1.365004301071167, 3577
1.3670051097869873, 3576
1.368006706237793, 3575
1.3690085411071777, 3574
1.3690085411071777, 3573
1.3700125217437744, 3572
1.374009370803833, 3571
1.3750085830688477, 3570
1.376009225845337, 3569
1.377009630203247, 3568
1.377009630203247, 3567
1.37797212600708, 3566
1.37797212600708, 3565
1.37797212600708, 3564
1.3790147304534912, 3563
1.3790147304534912, 3562
1.3830089569091797, 3561
1.3830089569091797, 3560
1.3899734020233154, 3559
1.3939721584320068, 3558
1.3950092792510986, 3557
1.3950092792510986, 3556
1.3970110416412354, 3555
1.4000093936920166, 3554
1.4030098915100098, 3553
1.4030098915100098, 3552
1.4069762229919434, 3551
1.4079771041870117, 3550
1.4079771041870117, 3549
1.4140050411224365, 3548
1.4150047302246094, 3547
1.4160051345825195, 3546
1.4170043468475342, 3545
1.4179718494415283, 3544
1.4190056324005127, 3543
1.4210057258605957, 3542
1.4210057258605957, 3541
1.4240057468414307, 3540
1.4260060787200928, 3539
1.4270048141479492, 3538
1.4270048141479492, 3537
1.4280049800872803, 3536
1.4290111064910889, 3535
1.4330048561096191, 3534
1.4340119361877441, 3533
1.435009479522705, 3532
1.436007022857666, 3531
1.4370083808898926, 3530
1.4420101642608643, 3529
1.443009853363037, 3528
1.4460113048553467, 3527
1.450011968612671, 3526
1.450011968612671, 3525
1.4510090351104736, 3524
1.452009677886963, 3523
1.4530115127563477, 3522
1.4540109634399414, 3521
1.4550092220306396, 3520
1.458010196685791, 3519
1.458010196685791, 3518
1.4590098857879639, 3517
1.4590098857879639, 3516
1.4600090980529785, 3515
1.4600090980529785, 3514
1.4610114097595215, 3513
1.4620118141174316, 3512
1.4670088291168213, 3511
1.4750099182128906, 3510
1.4750099182128906, 3509
1.4759724140167236, 3508
1.4770116806030273, 3507
1.4790089130401611, 3506
1.4800128936767578, 3505
1.4820120334625244, 3504
1.4820120334625244, 3503
1.4829697608947754, 3502
1.4829697608947754, 3501
1.484006404876709, 3500
1.484006404876709, 3499
1.488987684249878, 3498
1.4899725914001465, 3497
1.4899725914001465, 3496
1.492013692855835, 3495
1.492013692855835, 3494
1.497018814086914, 3493
1.4980120658874512, 3492
1.5000123977661133, 3491
1.5020086765289307, 3490
1.5020086765289307, 3489
1.5079712867736816, 3488
1.5089740753173828, 3487
1.5099756717681885, 3486
1.5099756717681885, 3485
1.5129730701446533, 3484
1.5139727592468262, 3483
1.5149726867675781, 3482
1.5179731845855713, 3481
1.5189728736877441, 3480
1.5229754447937012, 3479
1.5229754447937012, 3478
1.5229754447937012, 3477
1.5259733200073242, 3476
1.5259733200073242, 3475
1.526972770690918, 3474
1.527972936630249, 3473
1.527972936630249, 3472
1.5299725532531738, 3471
1.537973165512085, 3470
1.5389742851257324, 3469
1.54097318649292, 3468
1.54097318649292, 3467
1.541973352432251, 3466
1.5439727306365967, 3465
1.5449728965759277, 3464
1.545973539352417, 3463
1.545973539352417, 3462
1.5489728450775146, 3461
1.5489728450775146, 3460
1.5509727001190186, 3459
1.5529732704162598, 3458
1.5559742450714111, 3457
1.5609729290008545, 3456
1.5609729290008545, 3455
1.5659732818603516, 3454
1.5669729709625244, 3453
1.5669729709625244, 3452
1.5679738521575928, 3451
1.5689725875854492, 3450
1.5699725151062012, 3449
1.5709726810455322, 3448
1.5709726810455322, 3447
1.5759737491607666, 3446
1.5769731998443604, 3445
1.5769731998443604, 3444
1.5779733657836914, 3443
1.5789730548858643, 3442
1.5799729824066162, 3441
1.5809731483459473, 3440
1.582972764968872, 3439
1.5859730243682861, 3438
1.5899739265441895, 3437
1.590973138809204, 3436
1.5919733047485352, 3435
1.5919733047485352, 3434
1.593973159790039, 3433
1.5959734916687012, 3432
1.596973180770874, 3431
1.597973346710205, 3430
1.5989727973937988, 3429
1.6019725799560547, 3428
1.6019725799560547, 3427
1.602973222732544, 3426
1.6069743633270264, 3425
1.6109728813171387, 3424
1.6129729747772217, 3423
1.6129729747772217, 3422
1.6139726638793945, 3421
1.6149730682373047, 3420
1.615973711013794, 3419
1.6169729232788086, 3418
1.6169729232788086, 3417
1.6169729232788086, 3416
1.6179730892181396, 3415
1.6259737014770508, 3414
1.6279730796813965, 3413
1.6289730072021484, 3412
1.6309728622436523, 3411
1.6319727897644043, 3410
1.6339731216430664, 3409
1.6369729042053223, 3408
1.6379730701446533, 3407
1.6459784507751465, 3406
1.646972894668579, 3405
1.6479737758636475, 3404
1.6489734649658203, 3403
1.6499731540679932, 3402
1.6549725532531738, 3401
1.6549725532531738, 3400
1.6569805145263672, 3399
1.657975673675537, 3398
1.657975673675537, 3397
1.6589727401733398, 3396
1.6589727401733398, 3395
1.6599726676940918, 3394
1.6609728336334229, 3393
1.6629729270935059, 3392
1.6629729270935059, 3391
1.6681981086730957, 3390
1.669553518295288, 3389
1.6763427257537842, 3388
1.6763427257537842, 3387
1.6798639297485352, 3386
1.6828045845031738, 3385
1.6833696365356445, 3384
1.6833696365356445, 3383
1.6843230724334717, 3382
1.6843230724334717, 3381
1.6853227615356445, 3380
1.6878507137298584, 3379
1.6901743412017822, 3378
1.6941742897033691, 3377
1.6981751918792725, 3376
1.699173927307129, 3375
1.7011735439300537, 3374
1.703174114227295, 3373
1.7061762809753418, 3372
1.7071750164031982, 3371
1.7091736793518066, 3370
1.712174415588379, 3369
1.7151739597320557, 3368
1.7151739597320557, 3367
1.7151739597320557, 3366
1.7181744575500488, 3365
1.7201740741729736, 3364
1.7211735248565674, 3363
1.7251739501953125, 3362
1.7261743545532227, 3361
1.7311739921569824, 3360
1.7321741580963135, 3359
1.7351741790771484, 3358
1.7361741065979004, 3357
1.7371742725372314, 3356
1.7381746768951416, 3355
1.7441740036010742, 3354
1.7451739311218262, 3353
1.749173879623413, 3352
1.752173900604248, 3351
1.753174066543579, 3350
1.755173921585083, 3349
1.7561759948730469, 3348
1.7571752071380615, 3347
1.7581746578216553, 3346
1.7601745128631592, 3345
1.7601745128631592, 3344
1.761174201965332, 3343
1.7724244594573975, 3342
1.7754268646240234, 3341
1.7774267196655273, 3340
1.7774267196655273, 3339
1.7794268131256104, 3338
1.7794268131256104, 3337
1.7824270725250244, 3336
1.7844266891479492, 3335
1.7854268550872803, 3334
1.7854268550872803, 3333
1.7884271144866943, 3332
1.7884271144866943, 3331
1.791426658630371, 3330
1.792426586151123, 3329
1.795426607131958, 3328
1.79642653465271, 3327
1.79642653465271, 3326
1.8024265766143799, 3325
1.8024265766143799, 3324
1.803426742553711, 3323
1.8064274787902832, 3322
1.8094265460968018, 3321
1.8094265460968018, 3320
1.810426950454712, 3319
1.8124265670776367, 3318
1.8124265670776367, 3317
1.8134267330169678, 3316
1.8154265880584717, 3315
1.818427562713623, 3314
1.824427843093872, 3313
1.824427843093872, 3312
1.824427843093872, 3311
1.8304264545440674, 3310
1.8334267139434814, 3309
1.8364269733428955, 3308
1.8401870727539062, 3307
1.841191053390503, 3306
1.8431894779205322, 3305
1.8491904735565186, 3304
1.8501901626586914, 3303
1.852189540863037, 3302
1.8531897068023682, 3301
1.854189395904541, 3300
1.854189395904541, 3299
1.8561899662017822, 3298
1.860189437866211, 3297
1.8611900806427002, 3296
1.864189624786377, 3295
1.865189552307129, 3294
1.86618971824646, 3293
1.8681895732879639, 3292
1.8681895732879639, 3291
1.869189977645874, 3290
1.869189977645874, 3289
1.871189832687378, 3288
1.8731918334960938, 3287
1.8811895847320557, 3286
1.8831896781921387, 3285
1.8851897716522217, 3284
1.8881890773773193, 3283
1.8921897411346436, 3282
1.8921897411346436, 3281
1.8931896686553955, 3280
1.8951890468597412, 3279
1.8991899490356445, 3278
1.8991899490356445, 3277
1.9001896381378174, 3276
1.9152214527130127, 3275
1.9162309169769287, 3274
1.9162309169769287, 3273
1.9172215461730957, 3272
1.9182236194610596, 3271
1.9192218780517578, 3270
1.9212257862091064, 3269
1.9254162311553955, 3268
1.927412509918213, 3267
1.9284124374389648, 3266
1.929415225982666, 3265
1.929415225982666, 3264
1.9344069957733154, 3263
1.9344069957733154, 3262
1.9374070167541504, 3261
1.944399356842041, 3260
1.946406602859497, 3259
1.9594130516052246, 3258
1.9604151248931885, 3257
1.9614174365997314, 3256
1.9705877304077148, 3255
1.9705877304077148, 3254
1.9786632061004639, 3253
1.9807205200195312, 3252
1.9807205200195312, 3251
1.988832712173462, 3250
1.9908952713012695, 3249
1.9908952713012695, 3248
1.9908952713012695, 3247
1.9908952713012695, 3246
1.9908952713012695, 3245
1.9908952713012695, 3244
1.9908952713012695, 3243
1.9989800453186035, 3242
2.001035213470459, 3241
2.001035213470459, 3240
2.001035213470459, 3239
2.001035213470459, 3238
2.001035213470459, 3237
2.001035213470459, 3236
2.009096384048462, 3235
2.0111606121063232, 3234
2.0111606121063232, 3233
2.0192620754241943, 3232
2.0213184356689453, 3231
2.0213184356689453, 3230
2.0213184356689453, 3229
2.0294015407562256, 3228
2.031460762023926, 3227
2.031460762023926, 3226
2.031460762023926, 3225
2.031460762023926, 3224
2.031460762023926, 3223
2.031460762023926, 3222
2.0416502952575684, 3221
2.0416502952575684, 3220
2.0416502952575684, 3219
2.0517218112945557, 3218
2.0517218112945557, 3217
2.0517218112945557, 3216
2.0517218112945557, 3215
2.0517218112945557, 3214
2.0517218112945557, 3213
2.059856414794922, 3212
2.059856414794922, 3211
2.059856414794922, 3210
2.061915159225464, 3209
2.075443744659424, 3208
2.0765788555145264, 3207
2.077706813812256, 3206
2.077706813812256, 3205
2.08038592338562, 3204
2.082484006881714, 3203
2.082484006881714, 3202
2.082484006881714, 3201
2.082484006881714, 3200
2.082484006881714, 3199
2.082484006881714, 3198
2.0905685424804688, 3197
2.0905685424804688, 3196
2.0926268100738525, 3195
2.0926268100738525, 3194
2.0926268100738525, 3193
2.0926268100738525, 3192
2.1026837825775146, 3191
2.1026837825775146, 3190
2.1026837825775146, 3189
2.110769510269165, 3188
2.11281681060791, 3187
2.1128273010253906, 3186
2.1128273010253906, 3185
2.1128273010253906, 3184
2.1128273010253906, 3183
2.1128273010253906, 3182
2.1128273010253906, 3181
2.1128273010253906, 3180
2.1128273010253906, 3179
2.1128273010253906, 3178
2.122948169708252, 3177
2.122948169708252, 3176
2.122948169708252, 3175
2.122948169708252, 3174
2.122948169708252, 3173
2.1310861110687256, 3172
2.133143901824951, 3171
2.1412017345428467, 3170
2.1412017345428467, 3169
2.1412017345428467, 3168
2.143256664276123, 3167
2.143256664276123, 3166
2.151332139968872, 3165
2.151332139968872, 3164
2.1533491611480713, 3163
2.1533491611480713, 3162
2.1533491611480713, 3161
2.1533491611480713, 3160
2.1533491611480713, 3159
2.1614201068878174, 3158
2.1634745597839355, 3157
2.1634745597839355, 3156
2.1634745597839355, 3155
2.1634745597839355, 3154
2.1634745597839355, 3153
2.173651933670044, 3152
2.173651933670044, 3151
2.173651933670044, 3150
2.173651933670044, 3149
2.183765172958374, 3148
2.183765172958374, 3147
2.1939587593078613, 3146
2.1939587593078613, 3145
2.1939587593078613, 3144
2.1939587593078613, 3143
2.1939587593078613, 3142
2.1939587593078613, 3141
2.1939587593078613, 3140
2.2020184993743896, 3139
2.204073905944824, 3138
2.204073905944824, 3137
2.204073905944824, 3136
2.204073905944824, 3135
2.204073905944824, 3134
2.204073905944824, 3133
2.204073905944824, 3132
2.212153196334839, 3131
2.2142105102539062, 3130
2.2142105102539062, 3129
2.2142105102539062, 3128
2.2142105102539062, 3127
2.222238063812256, 3126
2.2242956161499023, 3125
2.2242956161499023, 3124
2.2242956161499023, 3123
2.2323756217956543, 3122
2.2323756217956543, 3121
2.2344305515289307, 3120
2.2344305515289307, 3119
2.2344305515289307, 3118
2.2424910068511963, 3117
2.2424910068511963, 3116
2.24454402923584, 3115
2.24454402923584, 3114
2.24454402923584, 3113
2.24454402923584, 3112
2.24454402923584, 3111
2.2546894550323486, 3110
2.2546894550323486, 3109
2.2546894550323486, 3108
2.2648043632507324, 3107
2.2648043632507324, 3106
2.2648043632507324, 3105
2.2648043632507324, 3104
2.2648043632507324, 3103
2.2744789123535156, 3102
2.2755143642425537, 3101
2.2765183448791504, 3100
2.2765183448791504, 3099
2.2785165309906006, 3098
2.2875163555145264, 3097
2.290517568588257, 3096
2.292517900466919, 3095
2.295523166656494, 3094
2.2965195178985596, 3093
2.2965195178985596, 3092
2.299516439437866, 3091
2.299516439437866, 3090
2.300520896911621, 3089
2.3058383464813232, 3088
2.3058383464813232, 3087
2.313406467437744, 3086
2.3256280422210693, 3085
2.3256280422210693, 3084
2.3256280422210693, 3083
2.3256280422210693, 3082
2.3256280422210693, 3081
2.3336808681488037, 3080
2.33573317527771, 3079
2.33573317527771, 3078
2.345919609069824, 3077
2.345919609069824, 3076
2.345919609069824, 3075
2.345919609069824, 3074
2.345919609069824, 3073
2.3539724349975586, 3072
2.3560261726379395, 3071
2.3560261726379395, 3070
2.3560261726379395, 3069
2.364100933074951, 3068
2.3661551475524902, 3067
2.3742165565490723, 3066
2.3762738704681396, 3065
2.3843460083007812, 3064
2.386401891708374, 3063
2.386401891708374, 3062
2.3930399417877197, 3061
2.4010400772094727, 3060
2.4081509113311768, 3059
2.4090681076049805, 3058
2.41206431388855, 3057
2.4150655269622803, 3056
2.4150655269622803, 3055
2.4260685443878174, 3054
2.4380996227264404, 3053
2.4400718212127686, 3052
2.4421122074127197, 3051
2.4421122074127197, 3050
2.4421122074127197, 3049
2.45409893989563, 3048
2.45510196685791, 3047
2.4631056785583496, 3046
2.464102029800415, 3045
2.4680988788604736, 3044
2.475112199783325, 3043
2.4810996055603027, 3042
2.494067668914795, 3041
2.4970650672912598, 3040
2.502063751220703, 3039
2.5040647983551025, 3038
2.5080742835998535, 3037
2.5190675258636475, 3036
2.5310778617858887, 3035
2.534071445465088, 3034
2.53507137298584, 3033
2.5430681705474854, 3032
2.5680739879608154, 3031
2.5716311931610107, 3030
2.573629140853882, 3029
2.5761775970458984, 3028
2.582303047180176, 3027
2.5833115577697754, 3026
2.595280647277832, 3025
2.6022698879241943, 3024
2.6022698879241943, 3023
2.6032700538635254, 3022
2.6032700538635254, 3021
2.6082730293273926, 3020
2.614797353744507, 3019
2.6208112239837646, 3018
2.6208112239837646, 3017
2.621797800064087, 3016
2.6299030780792236, 3015
2.632880449295044, 3014
2.6378800868988037, 3013
2.6408851146698, 3012
2.6418821811676025, 3011
2.6728909015655518, 3010
2.673905372619629, 3009
2.6748838424682617, 3008
2.675898790359497, 3007
2.680893898010254, 3006
2.6858835220336914, 3005
2.6958868503570557, 3004
2.697880268096924, 3003
2.698880434036255, 3002
2.706883192062378, 3001
2.713893413543701, 3000
2.714879274368286, 2999
2.7158803939819336, 2998
2.7158803939819336, 2997
2.717878818511963, 2996
2.7258999347686768, 2995
2.7399208545684814, 2994
2.7439191341400146, 2993
2.7439191341400146, 2992
2.7489161491394043, 2991
2.749915599822998, 2990
2.7558951377868652, 2989
2.75988507270813, 2988
2.760885000228882, 2987
2.7619216442108154, 2986
2.7619216442108154, 2985
2.7649147510528564, 2984
2.7728946208953857, 2983
2.77488374710083, 2982
2.7789175510406494, 2981
2.782918691635132, 2980
2.7869179248809814, 2979
2.788881301879883, 2978
2.788881301879883, 2977
2.793881416320801, 2976
2.796915292739868, 2975
2.797915458679199, 2974
2.799915075302124, 2973
2.799915075302124, 2972
2.801915168762207, 2971
2.805894613265991, 2970
2.808884620666504, 2969
2.808884620666504, 2968
2.8119351863861084, 2967
2.8129169940948486, 2966
2.819915533065796, 2965
2.819915533065796, 2964
2.819915533065796, 2963
2.8258872032165527, 2962
2.828915596008301, 2961
2.8299152851104736, 2960
2.8329246044158936, 2959
2.8378794193267822, 2958
2.839890241622925, 2957
2.843881607055664, 2956
2.844881057739258, 2955
2.8478798866271973, 2954
2.8588855266571045, 2953
2.8618810176849365, 2952
2.8638811111450195, 2951
2.86788010597229, 2950
2.873901605606079, 2949
2.8808810710906982, 2948
2.8818814754486084, 2947
2.8939220905303955, 2946
2.8949224948883057, 2945
2.899880886077881, 2944
2.9039113521575928, 2943
2.9059360027313232, 2942
2.916914701461792, 2941
2.916914701461792, 2940
2.918915033340454, 2939
2.9199154376983643, 2938
2.920919418334961, 2937
2.9268829822540283, 2936
2.93391489982605, 2935
2.936915636062622, 2934
2.9379167556762695, 2933
2.942882776260376, 2932
2.9529149532318115, 2931
2.9659159183502197, 2930
2.968914747238159, 2929
2.9788858890533447, 2928
2.979886054992676, 2927
2.979886054992676, 2926
2.9838831424713135, 2925
2.9868834018707275, 2924
2.9878830909729004, 2923
2.9928863048553467, 2922
2.9998831748962402, 2921
3.0128843784332275, 2920
3.015883207321167, 2919
3.019883155822754, 2918
3.0278820991516113, 2917
3.0359151363372803, 2916
3.037881851196289, 2915
3.037881851196289, 2914
3.0638842582702637, 2913
3.066882848739624, 2912
3.074882984161377, 2911
3.0818803310394287, 2910
3.0858802795410156, 2909
3.096881628036499, 2908
3.0978803634643555, 2907
3.1048800945281982, 2906
3.1098828315734863, 2905
3.11788010597229, 2904
3.127918243408203, 2903
3.127918243408203, 2902
3.1289219856262207, 2901
3.14091420173645, 2900
3.14091420173645, 2899
3.14091420173645, 2898
3.14188289642334, 2897
3.142880439758301, 2896
3.1458821296691895, 2895
3.1479151248931885, 2894
3.152911901473999, 2893
3.152911901473999, 2892
3.1598806381225586, 2891
3.1598806381225586, 2890
3.1629204750061035, 2889
3.1638803482055664, 2888
3.1649200916290283, 2887
3.177882432937622, 2886
3.1789159774780273, 2885
3.182879686355591, 2884
3.182879686355591, 2883
3.1848793029785156, 2882
3.1848793029785156, 2881
3.1888811588287354, 2880
3.1888811588287354, 2879
3.190882444381714, 2878
3.1938812732696533, 2877
3.1938812732696533, 2876
3.195882797241211, 2875
3.2068889141082764, 2874
3.2089149951934814, 2873
3.2099173069000244, 2872
3.21291446685791, 2871
3.2289204597473145, 2870
3.2298800945281982, 2869
3.235919237136841, 2868
3.237880229949951, 2867
3.2389376163482666, 2866
3.2389376163482666, 2865
3.249030828475952, 2864
3.257124185562134, 2863
3.2591781616210938, 2862
3.2591781616210938, 2861
3.2591781616210938, 2860
3.2672336101531982, 2859
3.2692575454711914, 2858
3.2773361206054688, 2857
3.2793962955474854, 2856
3.289487361907959, 2855
3.297572612762451, 2854
3.297572612762451, 2853
3.297572612762451, 2852
3.297572612762451, 2851
3.309697151184082, 2850
3.3198254108428955, 2849
3.3278815746307373, 2848
3.3278815746307373, 2847
3.3299355506896973, 2846
3.3299355506896973, 2845
3.3299355506896973, 2844
3.3401145935058594, 2843
3.3401145935058594, 2842
3.3502187728881836, 2841
3.3502187728881836, 2840
3.3502187728881836, 2839
3.360342502593994, 2838
3.360342502593994, 2837
3.360342502593994, 2836
3.388715982437134, 2835
3.390779972076416, 2834
3.4011731147766113, 2833
3.4011731147766113, 2832
3.4011731147766113, 2831
3.4113240242004395, 2830
3.4113240242004395, 2829
3.4194018840789795, 2828
3.43160343170166, 2827
3.43160343170166, 2826
3.43160343170166, 2825
3.43160343170166, 2824
3.4417107105255127, 2823
3.459932804107666, 2822
3.459932804107666, 2821
3.4721429347991943, 2820
3.4721429347991943, 2819
3.4903128147125244, 2818
3.4923815727233887, 2817
3.4923815727233887, 2816
3.502547025680542, 2815
3.502547025680542, 2814
3.502547025680542, 2813
3.502547025680542, 2812
3.512683391571045, 2811
3.512683391571045, 2810
3.512683391571045, 2809
3.512683391571045, 2808
3.512683391571045, 2807
3.512683391571045, 2806
3.5228209495544434, 2805
3.5329484939575195, 2804
3.5329484939575195, 2803
3.543104887008667, 2802
3.553243398666382, 2801
3.5612845420837402, 2800
3.5714409351348877, 2799
3.5735108852386475, 2798
3.581601858139038, 2797
3.581601858139038, 2796
3.591742753982544, 2795
3.591742753982544, 2794
3.593809127807617, 2793
3.6039347648620605, 2792
3.6039347648620605, 2791
3.614076614379883, 2790
3.614076614379883, 2789
3.6221272945404053, 2788
3.6424498558044434, 2787
3.644519090652466, 2786
3.6525802612304688, 2785
3.6626250743865967, 2784
3.6626250743865967, 2783
3.6651113033294678, 2782
3.67317533493042, 2781
3.6752402782440186, 2780
3.6752402782440186, 2779
3.685391902923584, 2778
3.6955175399780273, 2777
3.6955175399780273, 2776
3.705674648284912, 2775
3.7238526344299316, 2774
3.7258684635162354, 2773
3.7258684635162354, 2772
3.7258684635162354, 2771
3.7359397411346436, 2770
3.7359397411346436, 2769
3.7359397411346436, 2768
3.746098756790161, 2767
3.746098756790161, 2766
3.7562198638916016, 2765
3.7562198638916016, 2764
3.764281988143921, 2763
3.7663421630859375, 2762
3.776461124420166, 2761
3.786566734313965, 2760
3.796675682067871, 2759
3.8068132400512695, 2758
3.8168954849243164, 2757
3.8168954849243164, 2756
3.8168954849243164, 2755
3.8270232677459717, 2754
3.835081100463867, 2753
3.835081100463867, 2752
3.8371357917785645, 2751
3.8473105430603027, 2750
3.8573946952819824, 2749
3.8674533367156982, 2748
3.877573013305664, 2747
3.877573013305664, 2746
3.887728691101074, 2745
3.8957884311676025, 2744
3.897843599319458, 2743
3.897843599319458, 2742
3.905933141708374, 2741
3.9079902172088623, 2740
3.9079902172088623, 2739
3.9181129932403564, 2738
3.9262003898620605, 2737
3.928229331970215, 2736
3.938354730606079, 2735
3.938354730606079, 2734
3.938354730606079, 2733
3.966726064682007, 2732
3.978900909423828, 2731
3.978900909423828, 2730
3.9869978427886963, 2729
3.989060163497925, 2728
3.989060163497925, 2727
3.989060163497925, 2726
4.009351015090942, 2725
4.009351015090942, 2724
4.009351015090942, 2723
4.009351015090942, 2722
4.009351015090942, 2721
4.03764533996582, 2720
4.039703607559204, 2719
4.049867391586304, 2718
4.0579376220703125, 2717
4.059994220733643, 2716
4.070157051086426, 2715
4.070157051086426, 2714
4.070157051086426, 2713
4.070157051086426, 2712
4.078212022781372, 2711
4.08026909828186, 2710
4.08026909828186, 2709
4.090393781661987, 2708
4.100505113601685, 2707
4.100505113601685, 2706
4.100505113601685, 2705
4.1106603145599365, 2704
4.1106603145599365, 2703
4.1106603145599365, 2702
4.118727445602417, 2701
4.120783805847168, 2700
4.120783805847168, 2699
4.130999803543091, 2698
4.149224281311035, 2697
4.149224281311035, 2696
4.15935206413269, 2695
4.180457830429077, 2694
4.18265175819397, 2693
4.184864044189453, 2692
4.190925359725952, 2691
4.190925359725952, 2690
4.192978143692017, 2689
4.203130722045898, 2688
4.203130722045898, 2687
4.21324610710144, 2686
4.223394155502319, 2685
4.231466054916382, 2684
4.231466054916382, 2683
4.24363112449646, 2682
4.24363112449646, 2681
4.253760099411011, 2680
4.253760099411011, 2679
4.274022579193115, 2678
4.284632205963135, 2677
4.284632205963135, 2676
4.284632205963135, 2675
4.304919958114624, 2674
4.304919958114624, 2673
4.315042734146118, 2672
4.325171232223511, 2671
4.325171232223511, 2670
4.335280656814575, 2669
4.355489730834961, 2668
4.355489730834961, 2667
4.363537549972534, 2666
4.3655946254730225, 2665
4.373654842376709, 2664
4.385834693908691, 2663
4.385834693908691, 2662
4.393893241882324, 2661
4.395946264266968, 2660
4.403993606567383, 2659
4.406060457229614, 2658
4.406060457229614, 2657
4.406060457229614, 2656
4.406060457229614, 2655
4.414102792739868, 2654
4.427357196807861, 2653
4.429027795791626, 2652
4.434617280960083, 2651
4.436698913574219, 2650
4.436698913574219, 2649
4.467121124267578, 2648
4.477252244949341, 2647
4.477252244949341, 2646
4.477252244949341, 2645
4.4852800369262695, 2644
4.487313747406006, 2643
4.495342493057251, 2642
4.520994424819946, 2641
4.520994424819946, 2640
4.536620855331421, 2639
4.552242040634155, 2638
4.593114137649536, 2637
4.593114137649536, 2636
4.6056671142578125, 2635
4.607694149017334, 2634
4.616184234619141, 2633
4.616184234619141, 2632
4.631819486618042, 2631
4.631819486618042, 2630
4.631819486618042, 2629
4.631819486618042, 2628
4.631819486618042, 2627
4.647449254989624, 2626
4.647449254989624, 2625
4.647449254989624, 2624
4.663105249404907, 2623
4.678728342056274, 2622
4.69435715675354, 2621
4.69435715675354, 2620
4.69435715675354, 2619
4.705906391143799, 2618
4.705906391143799, 2617
4.705906391143799, 2616
4.705906391143799, 2615
4.705906391143799, 2614
4.705906391143799, 2613
4.721548318862915, 2612
4.721548318862915, 2611
4.721548318862915, 2610
4.737205505371094, 2609
4.737205505371094, 2608
4.737205505371094, 2607
4.7528440952301025, 2606
4.768457412719727, 2605
4.768457412719727, 2604
4.768457412719727, 2603
4.784077167510986, 2602
4.784077167510986, 2601
4.784077167510986, 2600
4.81641149520874, 2599
4.81641149520874, 2598
4.818472146987915, 2597
4.818472146987915, 2596
4.8285815715789795, 2595
4.887124300003052, 2594
4.889155149459839, 2593
4.900070905685425, 2592
4.908203125, 2591
4.908203125, 2590
4.918302536010742, 2589
4.920320510864258, 2588
4.920320510864258, 2587
4.94063138961792, 2586
4.96886944770813, 2585
4.981088876724243, 2584
5.001358509063721, 2583
5.011479377746582, 2582
5.011479377746582, 2581
5.011479377746582, 2580
5.021540641784668, 2579
5.031659364700317, 2578
5.041803359985352, 2577
5.041803359985352, 2576
5.041803359985352, 2575
5.049859285354614, 2574
5.051909923553467, 2573
5.059978723526001, 2572
5.072108507156372, 2571
5.0822577476501465, 2570
5.0822577476501465, 2569
5.112642049789429, 2568
5.122771263122559, 2567
5.122771263122559, 2566
5.132889747619629, 2565
5.143029451370239, 2564
5.143029451370239, 2563
5.1713547706604, 2562
5.173411130905151, 2561
5.183535099029541, 2560
5.193665504455566, 2559
5.193665504455566, 2558
5.193665504455566, 2557
5.20171332359314, 2556
5.211827039718628, 2555
5.213886260986328, 2554
5.224018096923828, 2553
5.224018096923828, 2552
5.234086513519287, 2551
5.244186639785767, 2550
5.274594306945801, 2549
5.284721374511719, 2548
5.304935455322266, 2547
5.304935455322266, 2546
5.325233459472656, 2545
5.343546152114868, 2544
5.355712652206421, 2543
5.363808870315552, 2542
5.373868227005005, 2541
5.375922203063965, 2540
5.38400673866272, 2539
5.406341075897217, 2538
5.416451930999756, 2537
5.434648752212524, 2536
5.446843385696411, 2535
5.454906940460205, 2534
5.477206230163574, 2533
5.477206230163574, 2532
5.5055153369903564, 2531
5.508007526397705, 2530
5.508007526397705, 2529
5.518117189407349, 2528
5.52620530128479, 2527
5.528226613998413, 2526
5.53628396987915, 2525
5.548484563827515, 2524
5.558608055114746, 2523
5.576837062835693, 2522
5.578896522521973, 2521
5.589064359664917, 2520
5.589064359664917, 2519
5.599172353744507, 2518
5.609348297119141, 2517
5.649916410446167, 2516
5.649916410446167, 2515
5.657970905303955, 2514
5.690438985824585, 2513
5.690438985824585, 2512
5.690438985824585, 2511
5.710689067840576, 2510
5.720797300338745, 2509
5.749147415161133, 2508
5.751202583312988, 2507
5.751202583312988, 2506
5.769420385360718, 2505
5.793126821517944, 2504
5.811283826828003, 2503
5.813380479812622, 2502
5.813380479812622, 2501
5.813380479812622, 2500
5.823465585708618, 2499
5.833605051040649, 2498
5.843711614608765, 2497
5.843711614608765, 2496
5.851796627044678, 2495
5.853856086730957, 2494
5.853856086730957, 2493
5.884247779846191, 2492
5.9044811725616455, 2491
5.93282151222229, 2490
5.93282151222229, 2489
5.944990634918213, 2488
5.955127239227295, 2487
5.955127239227295, 2486
5.965235710144043, 2485
5.973337173461914, 2484
5.97539210319519, 2483
6.005744218826294, 2482
6.005744218826294, 2481
6.015867233276367, 2480
6.025979280471802, 2479
6.025979280471802, 2478
6.046173095703125, 2477
6.056317567825317, 2476
6.066434621810913, 2475
6.066434621810913, 2474
6.1070475578308105, 2473
6.1070475578308105, 2472
6.137869358062744, 2471
6.158040523529053, 2470
6.186241149902344, 2469
6.188260793685913, 2468
6.1984007358551025, 2467
6.218661546707153, 2466
6.218661546707153, 2465
6.218661546707153, 2464
6.249024868011475, 2463
6.269330263137817, 2462
6.279428720474243, 2461
6.29965353012085, 2460
6.329946517944336, 2459
6.340020179748535, 2458
6.340020179748535, 2457
6.348074197769165, 2456
6.350091457366943, 2455
6.37029242515564, 2454
6.37029242515564, 2453
6.380406856536865, 2452
6.380406856536865, 2451
6.390524625778198, 2450
6.441200256347656, 2449
6.45132851600647, 2448
6.45132851600647, 2447
6.45132851600647, 2446
6.4614341259002686, 2445
6.471510887145996, 2444
6.471510887145996, 2443
6.5018627643585205, 2442
6.532232046127319, 2441
6.542340993881226, 2440
6.5625998973846436, 2439
6.572725772857666, 2438
6.582845449447632, 2437
6.592952251434326, 2436
6.643606662750244, 2435
6.6537463665008545, 2434
6.69421124458313, 2433
6.69421124458313, 2432
6.704290866851807, 2431
6.725076913833618, 2430
6.753441572189331, 2429
6.765610456466675, 2428
6.775747299194336, 2427
6.785842657089233, 2426
6.793917179107666, 2425
6.804025173187256, 2424
6.806103944778442, 2423
6.816239833831787, 2422
6.836489677429199, 2421
6.844581842422485, 2420
6.856790542602539, 2419
6.866971015930176, 2418
6.887203216552734, 2417
6.905380010604858, 2416
6.925652027130127, 2415
6.95129919052124, 2414
6.95129919052124, 2413
6.982553482055664, 2412
6.998213768005371, 2411
7.013803958892822, 2410
7.029422760009766, 2409
7.06722092628479, 2408
7.06722092628479, 2407
7.06722092628479, 2406
7.082824230194092, 2405
7.098440647125244, 2404
7.135772466659546, 2403
7.167031764984131, 2402
7.182657480239868, 2401
7.182657480239868, 2400
7.213947057723999, 2399
7.229569911956787, 2398
7.236114263534546, 2397
7.251788377761841, 2396
7.267373323440552, 2395
7.298664331436157, 2394
7.314291477203369, 2393
7.314291477203369, 2392
7.336477994918823, 2391
7.409283876419067, 2390
7.419400453567505, 2389
7.429558753967285, 2388
7.439698696136475, 2387
7.459918022155762, 2386
7.478113412857056, 2385
7.480173587799072, 2384
7.490320444107056, 2383
7.520678520202637, 2382
7.581374168395996, 2381
7.581374168395996, 2380
7.589463949203491, 2379
7.6117308139801025, 2378
7.632193088531494, 2377
7.640267610549927, 2376
7.652425050735474, 2375
7.672591209411621, 2374
7.672591209411621, 2373
7.68265962600708, 2372
7.700845718383789, 2371
7.723071575164795, 2370
7.733144998550415, 2369
7.753332614898682, 2368
7.76337456703186, 2367
7.793725252151489, 2366
7.793725252151489, 2365
7.824043035507202, 2364
7.844248294830322, 2363
7.864496946334839, 2362
8.076421976089478, 2361
8.084430456161499, 2360
8.11665153503418, 2359
8.126760005950928, 2358
8.126760005950928, 2357
8.126760005950928, 2356
8.126760005950928, 2355
8.147284030914307, 2354
8.1574125289917, 2353
8.1776602268219, 2352
8.238375902175903, 2351
8.256568193435669, 2350
8.258622646331787, 2349
8.258622646331787, 2348
8.266677379608154, 2347
8.278860092163086, 2346
8.299122095108032, 2345
8.349724054336548, 2344
8.380115985870361, 2343
8.400549411773682, 2342
8.420804977416992, 2341
8.499679565429688, 2340
8.540152788162231, 2339
8.540152788162231, 2338
8.55025315284729, 2337
8.573004007339478, 2336
8.633726835250854, 2335
8.633726835250854, 2334
8.674215316772461, 2333
8.704581499099731, 2332
8.714706659317017, 2331
8.73291015625, 2330
8.813865184783936, 2329
8.823978662490845, 2328
8.846283435821533, 2327
8.856424808502197, 2326
8.876723766326904, 2325
8.876723766326904, 2324
8.897616863250732, 2323
8.89876675605774, 2322
8.910922288894653, 2321
8.947898387908936, 2320
8.978286743164062, 2319
8.988438129425049, 2318
9.049152135848999, 2317
9.077648639678955, 2316
9.110039234161377, 2315
9.17116665840149, 2314
9.280643701553345, 2313
9.282691955566406, 2312
9.300886869430542, 2311
9.323217630386353, 2310
9.374040842056274, 2309
9.434780597686768, 2308
9.444891452789307, 2307
9.45504879951477, 2306
9.503687143325806, 2305
9.525978326797485, 2304
9.534042596817017, 2303
9.638048887252808, 2302
9.656358003616333, 2301
9.707013607025146, 2300
9.717153072357178, 2299
9.72936201095581, 2298
9.749592065811157, 2297
9.757650136947632, 2296
9.810811996459961, 2295
9.831095457077026, 2294
9.861496925354004, 2293
9.92227578163147, 2292
10.003387451171875, 2291
10.013519048690796, 2290
10.02366828918457, 2289
10.094550371170044, 2288
10.185702800750732, 2287
10.337652444839478, 2286
10.408979892730713, 2285
10.408979892730713, 2284
10.439377069473267, 2283
10.560953378677368, 2282
10.571089029312134, 2281
10.591385126113892, 2280
10.723088502883911, 2279
10.753534317016602, 2278
10.885340690612793, 2277
11.007409811019897, 2276
11.088815212249756, 2275
11.099140644073486, 2274
11.10951542854309, 2273
11.14794397354126, 2272
11.170387506484985, 2271
11.482022047042847, 2270
11.573227643966675, 2269
11.652600765228271, 2268
11.94615912437439, 2267
12.098267555236816, 2266
12.100320100784302, 2265
12.1713228225708, 2264
12.232772827148438, 2263
12.232772827148438, 2262
12.252999067306519, 2261
12.354248523712158, 2260
12.414990663528442, 2259
12.423056840896606, 2258
12.564942121505737, 2257
12.607496976852417, 2256
12.696937561035156, 2255
12.790500164031982, 2254
12.952854871749878, 2253
12.96294093132019, 2252
13.173406839370728, 2251
13.226145505905151, 2250
13.388244152069092, 2249
13.477747201919556, 2248
13.712853908538818, 2247
14.148684978485107, 2246
14.35121774673462, 2245
15.199220657348633, 2244
15.24609661102295, 2243
15.283885478973389, 2242
15.552231073379517, 2241
15.758752584457397, 2240
15.99721384048462, 2239
16.12881112098694, 2238
16.265301942825317, 2237
16.41735577583313, 2236
16.508952140808105, 2235
16.577864408493042, 2234
17.105701208114624, 2233
17.328071117401123, 2232
17.825273275375366, 2231
17.90636420249939, 2230
18.4947772026062, 2229
19.647428512573242, 2228
20.02422070503235, 2227
20.08499002456665, 2226
20.338558435440063, 2225
20.595592260360718, 2224
21.483224153518677, 2223
22.144490957260132, 2222
22.15460228919983, 2221
23.096129894256592, 2220
23.304079055786133, 2219
23.687994956970215, 2218
25.57554054260254, 2217
26.74415612220764, 2216
27.942832708358765, 2215
28.913875102996826, 2214
30.91204333305359, 2213
32.39040017127991, 2212
33.54511547088623, 2211
36.032777309417725, 2210
49.357210874557495, 2209
57.3709979057312, 2208
58.10107779502869, 2207
58.26309823989868, 2206
60.220277309417725, 2205
83.43154883384705, 2204
95.47345519065857, 2203
