0.39119553565979004, 2262
0.6925535202026367, 2261
0.7063934803009033, 2260
0.8208017349243164, 2259
0.8423914909362793, 2258
0.861691951751709, 2257
1.0324881076812744, 2256
1.1855988502502441, 2255
1.21201491355896, 2254
1.298809289932251, 2253
1.4312610626220703, 2252
1.4863066673278809, 2251
1.5339174270629883, 2250
1.5747931003570557, 2249
1.708719253540039, 2248
1.8384325504302979, 2247
1.9384357929229736, 2246
1.9584736824035645, 2245
1.974433183670044, 2244
2.0180246829986572, 2243
2.379422426223755, 2242
2.570429801940918, 2241
2.586395263671875, 2240
2.754427194595337, 2239
2.7904272079467773, 2238
3.0719385147094727, 2237
3.1887152194976807, 2236
3.3108925819396973, 2235
4.220696210861206, 2234
4.656068563461304, 2233
5.290673494338989, 2232
5.501062870025635, 2231
5.835097551345825, 2230
6.82141375541687, 2229
6.84941029548645, 2228
6.922473192214966, 2227
7.1101789474487305, 2226
7.190175533294678, 2225
7.2021777629852295, 2224
7.734367370605469, 2223
7.817482233047485, 2222
9.584218978881836, 2221
9.611212968826294, 2220
9.993215322494507, 2219
11.515383005142212, 2218
13.331056356430054, 2217
13.511075258255005, 2216
32.394144773483276, 2215
33.89364552497864, 2214
34.80018067359924, 2213
36.929845571517944, 2212
37.48927664756775, 2211
38.547935009002686, 2210
