0.02400064468383789, 4941
0.02400064468383789, 4940
0.02400064468383789, 4939
0.02400064468383789, 4938
0.032000064849853516, 4937
0.032000064849853516, 4936
0.032000064849853516, 4935
0.032000064849853516, 4934
0.032000064849853516, 4933
0.032000064849853516, 4932
0.032000064849853516, 4931
0.032000064849853516, 4930
0.032000064849853516, 4929
0.04000091552734375, 4928
0.04000091552734375, 4927
0.04000091552734375, 4926
0.04000091552734375, 4925
0.04000091552734375, 4924
0.04000091552734375, 4923
0.04000091552734375, 4922
0.04000091552734375, 4921
0.04000091552734375, 4920
0.04000091552734375, 4919
0.04799985885620117, 4918
0.04799985885620117, 4917
0.04799985885620117, 4916
0.04799985885620117, 4915
0.04799985885620117, 4914
0.04799985885620117, 4913
0.04799985885620117, 4912
0.04799985885620117, 4911
0.04799985885620117, 4910
0.04799985885620117, 4909
0.04799985885620117, 4908
0.04799985885620117, 4907
0.04799985885620117, 4906
0.04799985885620117, 4905
0.056000471115112305, 4904
0.056000471115112305, 4903
0.056000471115112305, 4902
0.056000471115112305, 4901
0.056000471115112305, 4900
0.056000471115112305, 4899
0.056000471115112305, 4898
0.056000471115112305, 4897
0.056000471115112305, 4896
0.056000471115112305, 4895
0.056000471115112305, 4894
0.056000471115112305, 4893
0.06399941444396973, 4892
0.06399941444396973, 4891
0.06399941444396973, 4890
0.06399941444396973, 4889
0.06399941444396973, 4888
0.06399941444396973, 4887
0.06399941444396973, 4886
0.06399941444396973, 4885
0.06399941444396973, 4884
0.06399941444396973, 4883
0.06399941444396973, 4882
0.06399941444396973, 4881
0.06399941444396973, 4880
0.06399941444396973, 4879
0.07200002670288086, 4878
0.07200002670288086, 4877
0.07200002670288086, 4876
0.07200002670288086, 4875
0.07200002670288086, 4874
0.07200002670288086, 4873
0.07200002670288086, 4872
0.07200002670288086, 4871
0.07200002670288086, 4870
0.07200002670288086, 4869
0.07200002670288086, 4868
0.07999968528747559, 4867
0.07999968528747559, 4866
0.07999968528747559, 4865
0.07999968528747559, 4864
0.07999968528747559, 4863
0.07999968528747559, 4862
0.07999968528747559, 4861
0.07999968528747559, 4860
0.07999968528747559, 4859
0.07999968528747559, 4858
0.08800053596496582, 4857
0.08800053596496582, 4856
0.08800053596496582, 4855
0.08800053596496582, 4854
0.08800053596496582, 4853
0.08800053596496582, 4852
0.08800053596496582, 4851
0.09258317947387695, 4850
0.09258317947387695, 4849
0.09363889694213867, 4848
0.09469151496887207, 4847
0.09577631950378418, 4846
0.0968327522277832, 4845
0.09789180755615234, 4844
0.09789180755615234, 4843
0.09995532035827637, 4842
0.10000848770141602, 4841
0.10106229782104492, 4840
0.10106229782104492, 4839
0.10211396217346191, 4838
0.10316824913024902, 4837
0.10316824913024902, 4836
0.1041722297668457, 4835
0.1041722297668457, 4834
0.1041722297668457, 4833
0.1041722297668457, 4832
0.1041722297668457, 4831
0.1041722297668457, 4830
0.1041722297668457, 4829
0.1041722297668457, 4828
0.1041722297668457, 4827
0.1041722297668457, 4826
0.1041722297668457, 4825
0.1041722297668457, 4824
0.1041722297668457, 4823
0.11217761039733887, 4822
0.11217761039733887, 4821
0.11217761039733887, 4820
0.11217761039733887, 4819
0.11217761039733887, 4818
0.11217761039733887, 4817
0.11217761039733887, 4816
0.11217761039733887, 4815
0.11217761039733887, 4814
0.11217761039733887, 4813
0.11217761039733887, 4812
0.11217761039733887, 4811
0.11217761039733887, 4810
0.12017703056335449, 4809
0.12017703056335449, 4808
0.12017703056335449, 4807
0.12017703056335449, 4806
0.12017703056335449, 4805
0.12017703056335449, 4804
0.12017703056335449, 4803
0.12017703056335449, 4802
0.12017703056335449, 4801
0.12017703056335449, 4800
0.12017703056335449, 4799
0.12833952903747559, 4798
0.12833952903747559, 4797
0.12833952903747559, 4796
0.12833952903747559, 4795
0.12833952903747559, 4794
0.12833952903747559, 4793
0.12833952903747559, 4792
0.12833952903747559, 4791
0.12833952903747559, 4790
0.12833952903747559, 4789
0.12833952903747559, 4788
0.12833952903747559, 4787
0.12833952903747559, 4786
0.12833952903747559, 4785
0.12833952903747559, 4784
0.12833952903747559, 4783
0.12833952903747559, 4782
0.12833952903747559, 4781
0.12833952903747559, 4780
0.12833952903747559, 4779
0.12833952903747559, 4778
0.12833952903747559, 4777
0.12833952903747559, 4776
0.12833952903747559, 4775
0.12833952903747559, 4774
0.14400100708007812, 4773
0.14400100708007812, 4772
0.14400100708007812, 4771
0.14400100708007812, 4770
0.14400100708007812, 4769
0.14400100708007812, 4768
0.14400100708007812, 4767
0.14400100708007812, 4766
0.14400100708007812, 4765
0.14400100708007812, 4764
0.14400100708007812, 4763
0.14400100708007812, 4762
0.14400100708007812, 4761
0.14400100708007812, 4760
0.14400100708007812, 4759
0.14400100708007812, 4758
0.14400100708007812, 4757
0.14400100708007812, 4756
0.14400100708007812, 4755
0.14400100708007812, 4754
0.15962600708007812, 4753
0.15962600708007812, 4752
0.15962600708007812, 4751
0.15962600708007812, 4750
0.15962600708007812, 4749
0.15962600708007812, 4748
0.15962600708007812, 4747
0.15962600708007812, 4746
0.15962600708007812, 4745
0.15962600708007812, 4744
0.15962600708007812, 4743
0.15962600708007812, 4742
0.15962600708007812, 4741
0.15962600708007812, 4740
0.15962600708007812, 4739
0.17216753959655762, 4738
0.17216753959655762, 4737
0.17216753959655762, 4736
0.17216753959655762, 4735
0.17216753959655762, 4734
0.17216753959655762, 4733
0.17216753959655762, 4732
0.17216753959655762, 4731
0.17216753959655762, 4730
0.17216753959655762, 4729
0.17216753959655762, 4728
0.17216753959655762, 4727
0.17216753959655762, 4726
0.17216753959655762, 4725
0.17216753959655762, 4724
0.17216753959655762, 4723
0.17216753959655762, 4722
0.17216753959655762, 4721
0.17216753959655762, 4720
0.17216753959655762, 4719
0.17216753959655762, 4718
0.17216753959655762, 4717
0.17216753959655762, 4716
0.17216753959655762, 4715
0.18783783912658691, 4714
0.18783783912658691, 4713
0.18783783912658691, 4712
0.18783783912658691, 4711
0.18783783912658691, 4710
0.18783783912658691, 4709
0.18783783912658691, 4708
0.18783783912658691, 4707
0.18783783912658691, 4706
0.18783783912658691, 4705
0.18783783912658691, 4704
0.18783783912658691, 4703
0.18783783912658691, 4702
0.18783783912658691, 4701
0.18783783912658691, 4700
0.18783783912658691, 4699
0.18783783912658691, 4698
0.18783783912658691, 4697
0.18783783912658691, 4696
0.18783783912658691, 4695
0.18783783912658691, 4694
0.18783783912658691, 4693
0.18783783912658691, 4692
0.18783783912658691, 4691
0.20346879959106445, 4690
0.20346879959106445, 4689
0.20346879959106445, 4688
0.20346879959106445, 4687
0.20346879959106445, 4686
0.20346879959106445, 4685
0.20346879959106445, 4684
0.20346879959106445, 4683
0.20346879959106445, 4682
0.20346879959106445, 4681
0.20346879959106445, 4680
0.20346879959106445, 4679
0.20346879959106445, 4678
0.20346879959106445, 4677
0.20346879959106445, 4676
0.20346879959106445, 4675
0.20346879959106445, 4674
0.20346879959106445, 4673
0.20346879959106445, 4672
0.20346879959106445, 4671
0.21909189224243164, 4670
0.21909189224243164, 4669
0.21909189224243164, 4668
0.21909189224243164, 4667
0.21909189224243164, 4666
0.21909189224243164, 4665
0.21909189224243164, 4664
0.21909189224243164, 4663
0.21909189224243164, 4662
0.21909189224243164, 4661
0.21909189224243164, 4660
0.21909189224243164, 4659
0.21909189224243164, 4658
0.21909189224243164, 4657
0.21909189224243164, 4656
0.21909189224243164, 4655
0.21909189224243164, 4654
0.21909189224243164, 4653
0.21909189224243164, 4652
0.21909189224243164, 4651
0.21909189224243164, 4650
0.21909189224243164, 4649
0.21909189224243164, 4648
0.21909189224243164, 4647
0.23471546173095703, 4646
0.23471546173095703, 4645
0.23471546173095703, 4644
0.23471546173095703, 4643
0.23471546173095703, 4642
0.23471546173095703, 4641
0.23471546173095703, 4640
0.23471546173095703, 4639
0.23471546173095703, 4638
0.23471546173095703, 4637
0.23471546173095703, 4636
0.23471546173095703, 4635
0.23471546173095703, 4634
0.23471546173095703, 4633
0.23471546173095703, 4632
0.23471546173095703, 4631
0.23471546173095703, 4630
0.23471546173095703, 4629
0.23471546173095703, 4628
0.23471546173095703, 4627
0.23471546173095703, 4626
0.23471546173095703, 4625
0.23471546173095703, 4624
0.23471546173095703, 4623
0.25034403800964355, 4622
0.25034403800964355, 4621
0.25034403800964355, 4620
0.25034403800964355, 4619
0.25034403800964355, 4618
0.25034403800964355, 4617
0.25034403800964355, 4616
0.25034403800964355, 4615
0.25034403800964355, 4614
0.25034403800964355, 4613
0.25034403800964355, 4612
0.25034403800964355, 4611
0.25034403800964355, 4610
0.25034403800964355, 4609
0.25034403800964355, 4608
0.25034403800964355, 4607
0.25034403800964355, 4606
0.25034403800964355, 4605
0.25034403800964355, 4604
0.25034403800964355, 4603
0.26596832275390625, 4602
0.26596832275390625, 4601
0.26596832275390625, 4600
0.26596832275390625, 4599
0.26596832275390625, 4598
0.26596832275390625, 4597
0.26596832275390625, 4596
0.26596832275390625, 4595
0.26596832275390625, 4594
0.27251434326171875, 4593
0.27251434326171875, 4592
0.27251434326171875, 4591
0.27251434326171875, 4590
0.27251434326171875, 4589
0.27251434326171875, 4588
0.27251434326171875, 4587
0.27251434326171875, 4586
0.27251434326171875, 4585
0.27251434326171875, 4584
0.27251434326171875, 4583
0.27251434326171875, 4582
0.27251434326171875, 4581
0.27251434326171875, 4580
0.27251434326171875, 4579
0.27251434326171875, 4578
0.27251434326171875, 4577
0.27251434326171875, 4576
0.27251434326171875, 4575
0.27251434326171875, 4574
0.27251434326171875, 4573
0.27251434326171875, 4572
0.27251434326171875, 4571
0.288189172744751, 4570
0.2887563705444336, 4569
0.2887563705444336, 4568
0.2887563705444336, 4567
0.2887563705444336, 4566
0.2887563705444336, 4565
0.2887563705444336, 4564
0.2887563705444336, 4563
0.2887563705444336, 4562
0.2967958450317383, 4561
0.2967958450317383, 4560
0.2967958450317383, 4559
0.2967958450317383, 4558
0.2967958450317383, 4557
0.2967958450317383, 4556
0.2967958450317383, 4555
0.2967958450317383, 4554
0.2967958450317383, 4553
0.30475807189941406, 4552
0.30475807189941406, 4551
0.30475807189941406, 4550
0.30475807189941406, 4549
0.30475807189941406, 4548
0.30475807189941406, 4547
0.30475807189941406, 4546
0.30475807189941406, 4545
0.30475807189941406, 4544
0.30475807189941406, 4543
0.30475807189941406, 4542
0.30475807189941406, 4541
0.31279468536376953, 4540
0.31279468536376953, 4539
0.31279468536376953, 4538
0.31279468536376953, 4537
0.31279468536376953, 4536
0.31279468536376953, 4535
0.31279468536376953, 4534
0.31279468536376953, 4533
0.31279468536376953, 4532
0.31279468536376953, 4531
0.31279468536376953, 4530
0.31279468536376953, 4529
0.31279468536376953, 4528
0.321291446685791, 4527
0.321291446685791, 4526
0.321291446685791, 4525
0.321291446685791, 4524
0.321291446685791, 4523
0.321291446685791, 4522
0.321291446685791, 4521
0.321291446685791, 4520
0.321291446685791, 4519
0.321291446685791, 4518
0.321291446685791, 4517
0.321291446685791, 4516
0.321291446685791, 4515
0.321291446685791, 4514
0.321291446685791, 4513
0.321291446685791, 4512
0.321291446685791, 4511
0.321291446685791, 4510
0.321291446685791, 4509
0.321291446685791, 4508
0.321291446685791, 4507
0.321291446685791, 4506
0.321291446685791, 4505
0.321291446685791, 4504
0.33695268630981445, 4503
0.33695268630981445, 4502
0.33695268630981445, 4501
0.33695268630981445, 4500
0.33695268630981445, 4499
0.33695268630981445, 4498
0.33695268630981445, 4497
0.33695268630981445, 4496
0.33695268630981445, 4495
0.33695268630981445, 4494
0.33695268630981445, 4493
0.33695268630981445, 4492
0.33695268630981445, 4491
0.33695268630981445, 4490
0.33695268630981445, 4489
0.33695268630981445, 4488
0.33695268630981445, 4487
0.35257887840270996, 4486
0.35257887840270996, 4485
0.35257887840270996, 4484
0.35257887840270996, 4483
0.35257887840270996, 4482
0.35257887840270996, 4481
0.35257887840270996, 4480
0.35257887840270996, 4479
0.35257887840270996, 4478
0.35257887840270996, 4477
0.35257887840270996, 4476
0.35257887840270996, 4475
0.35257887840270996, 4474
0.35257887840270996, 4473
0.35257887840270996, 4472
0.35257887840270996, 4471
0.35257887840270996, 4470
0.35257887840270996, 4469
0.35257887840270996, 4468
0.35257887840270996, 4467
0.36817049980163574, 4466
0.36817049980163574, 4465
0.36817049980163574, 4464
0.36817049980163574, 4463
0.36817049980163574, 4462
0.37274956703186035, 4461
0.37274956703186035, 4460
0.37274956703186035, 4459
0.37480926513671875, 4458
0.37480926513671875, 4457
0.37480926513671875, 4456
0.37480926513671875, 4455
0.37480926513671875, 4454
0.37480926513671875, 4453
0.37480926513671875, 4452
0.37480926513671875, 4451
0.3828775882720947, 4450
0.3828775882720947, 4449
0.3828775882720947, 4448
0.3828775882720947, 4447
0.3828775882720947, 4446
0.38495683670043945, 4445
0.38495683670043945, 4444
0.38495683670043945, 4443
0.38495683670043945, 4442
0.38495683670043945, 4441
0.38495683670043945, 4440
0.38495683670043945, 4439
0.39301204681396484, 4438
0.39301204681396484, 4437
0.39301204681396484, 4436
0.3950662612915039, 4435
0.3950662612915039, 4434
0.3950662612915039, 4433
0.3950662612915039, 4432
0.3950662612915039, 4431
0.3950662612915039, 4430
0.3950662612915039, 4429
0.3950662612915039, 4428
0.3950662612915039, 4427
0.3950662612915039, 4426
0.3950662612915039, 4425
0.3950662612915039, 4424
0.4031796455383301, 4423
0.4031796455383301, 4422
0.40523195266723633, 4421
0.40523195266723633, 4420
0.40523195266723633, 4419
0.40523195266723633, 4418
0.40523195266723633, 4417
0.40523195266723633, 4416
0.40523195266723633, 4415
0.40523195266723633, 4414
0.40523195266723633, 4413
0.40523195266723633, 4412
0.40523195266723633, 4411
0.41328859329223633, 4410
0.41328859329223633, 4409
0.41328859329223633, 4408
0.41328859329223633, 4407
0.415341854095459, 4406
0.415341854095459, 4405
0.415341854095459, 4404
0.415341854095459, 4403
0.415341854095459, 4402
0.415341854095459, 4401
0.415341854095459, 4400
0.415341854095459, 4399
0.415341854095459, 4398
0.415341854095459, 4397
0.415341854095459, 4396
0.415341854095459, 4395
0.415341854095459, 4394
0.415341854095459, 4393
0.415341854095459, 4392
0.415341854095459, 4391
0.4233860969543457, 4390
0.4234139919281006, 4389
0.4234139919281006, 4388
0.42546892166137695, 4387
0.42546892166137695, 4386
0.42546892166137695, 4385
0.42546892166137695, 4384
0.4335317611694336, 4383
0.4335317611694336, 4382
0.43558526039123535, 4381
0.43558526039123535, 4380
0.43558526039123535, 4379
0.43558526039123535, 4378
0.43558526039123535, 4377
0.43558526039123535, 4376
0.43558526039123535, 4375
0.43558526039123535, 4374
0.43558526039123535, 4373
0.44367361068725586, 4372
0.44367361068725586, 4371
0.4457356929779053, 4370
0.4457356929779053, 4369
0.4457356929779053, 4368
0.4457356929779053, 4367
0.4457356929779053, 4366
0.4457356929779053, 4365
0.4457356929779053, 4364
0.4457356929779053, 4363
0.4457356929779053, 4362
0.4457356929779053, 4361
0.4457356929779053, 4360
0.4457356929779053, 4359
0.4537961483001709, 4358
0.4537961483001709, 4357
0.45584964752197266, 4356
0.45584964752197266, 4355
0.45584964752197266, 4354
0.45584964752197266, 4353
0.45584964752197266, 4352
0.45584964752197266, 4351
0.45584964752197266, 4350
0.45584964752197266, 4349
0.45584964752197266, 4348
0.45584964752197266, 4347
0.45584964752197266, 4346
0.45584964752197266, 4345
0.45584964752197266, 4344
0.45584964752197266, 4343
0.46393728256225586, 4342
0.46600961685180664, 4341
0.46600961685180664, 4340
0.46600961685180664, 4339
0.46600961685180664, 4338
0.46600961685180664, 4337
0.46600961685180664, 4336
0.46600961685180664, 4335
0.46600961685180664, 4334
0.47567129135131836, 4333
0.4767458438873291, 4332
0.47779273986816406, 4331
0.4809279441833496, 4330
0.48198723793029785, 4329
0.48795437812805176, 4328
0.48795437812805176, 4327
0.48795437812805176, 4326
0.5035829544067383, 4325
0.5035829544067383, 4324
0.5035829544067383, 4323
0.5035829544067383, 4322
0.5035829544067383, 4321
0.5035829544067383, 4320
0.5192043781280518, 4319
0.5192043781280518, 4318
0.5192043781280518, 4317
0.5192043781280518, 4316
0.5192043781280518, 4315
0.5192043781280518, 4314
0.5192043781280518, 4313
0.5348281860351562, 4312
0.5348281860351562, 4311
0.5348281860351562, 4310
0.5348281860351562, 4309
0.55045485496521, 4308
0.55045485496521, 4307
0.5660810470581055, 4306
0.5660810470581055, 4305
0.5660810470581055, 4304
0.5660810470581055, 4303
0.5660810470581055, 4302
0.5660810470581055, 4301
0.5817074775695801, 4300
0.5817074775695801, 4299
0.5842220783233643, 4298
0.5842220783233643, 4297
0.5842220783233643, 4296
0.5842220783233643, 4295
0.5842220783233643, 4294
0.5842220783233643, 4293
0.5842220783233643, 4292
0.5842220783233643, 4291
0.5842220783233643, 4290
0.5842220783233643, 4289
0.5842220783233643, 4288
0.5842220783233643, 4287
0.5842220783233643, 4286
0.5842220783233643, 4285
0.5842220783233643, 4284
0.5842220783233643, 4283
0.5998601913452148, 4282
0.5998601913452148, 4281
0.5998601913452148, 4280
0.5998601913452148, 4279
0.5998601913452148, 4278
0.5998601913452148, 4277
0.5998601913452148, 4276
0.5998601913452148, 4275
0.5998601913452148, 4274
0.5998601913452148, 4273
0.5998601913452148, 4272
0.5998601913452148, 4271
0.5998601913452148, 4270
0.6154844760894775, 4269
0.6154844760894775, 4268
0.6154844760894775, 4267
0.6154844760894775, 4266
0.6154844760894775, 4265
0.6211085319519043, 4264
0.6211085319519043, 4263
0.6211085319519043, 4262
0.6211085319519043, 4261
0.6291086673736572, 4260
0.6291086673736572, 4259
0.6291086673736572, 4258
0.6291086673736572, 4257
0.6291086673736572, 4256
0.6371090412139893, 4255
0.6371090412139893, 4254
0.6451089382171631, 4253
0.6451089382171631, 4252
0.6451089382171631, 4251
0.6451089382171631, 4250
0.6451089382171631, 4249
0.6531059741973877, 4248
0.6531059741973877, 4247
0.6531059741973877, 4246
0.6531059741973877, 4245
0.6531059741973877, 4244
0.6531059741973877, 4243
0.6531059741973877, 4242
0.6531059741973877, 4241
0.6531059741973877, 4240
0.6611077785491943, 4239
0.6611077785491943, 4238
0.6611077785491943, 4237
0.6611077785491943, 4236
0.6611077785491943, 4235
0.6611077785491943, 4234
0.6611077785491943, 4233
0.6611077785491943, 4232
0.6611077785491943, 4231
0.6691069602966309, 4230
0.6691069602966309, 4229
0.6782681941986084, 4228
0.6782681941986084, 4227
0.6853456497192383, 4226
0.6853456497192383, 4225
0.6853456497192383, 4224
0.6853456497192383, 4223
0.6853456497192383, 4222
0.6853456497192383, 4221
0.6853456497192383, 4220
0.6853456497192383, 4219
0.6853456497192383, 4218
0.6853456497192383, 4217
0.6853456497192383, 4216
0.6853456497192383, 4215
0.6853456497192383, 4214
0.700991153717041, 4213
0.700991153717041, 4212
0.7164871692657471, 4211
0.7165830135345459, 4210
0.7176563739776611, 4209
0.7191598415374756, 4208
0.7191598415374756, 4207
0.7202363014221191, 4206
0.7202363014221191, 4205
0.7223930358886719, 4204
0.7234721183776855, 4203
0.7245376110076904, 4202
0.7256033420562744, 4201
0.7256033420562744, 4200
0.7266738414764404, 4199
0.7276821136474609, 4198
0.7276821136474609, 4197
0.7276821136474609, 4196
0.7276821136474609, 4195
0.7276821136474609, 4194
0.7276821136474609, 4193
0.7276821136474609, 4192
0.7276821136474609, 4191
0.7276821136474609, 4190
0.7356922626495361, 4189
0.7356922626495361, 4188
0.7356922626495361, 4187
0.7356922626495361, 4186
0.7356922626495361, 4185
0.7356922626495361, 4184
0.7356922626495361, 4183
0.7356922626495361, 4182
0.7436950206756592, 4181
0.7436950206756592, 4180
0.7436950206756592, 4179
0.7436950206756592, 4178
0.7436950206756592, 4177
0.7436950206756592, 4176
0.7436950206756592, 4175
0.7516963481903076, 4174
0.7516963481903076, 4173
0.7516963481903076, 4172
0.7516963481903076, 4171
0.7516963481903076, 4170
0.7516963481903076, 4169
0.7516963481903076, 4168
0.7516963481903076, 4167
0.7516963481903076, 4166
0.7516963481903076, 4165
0.7516963481903076, 4164
0.7516963481903076, 4163
0.7596943378448486, 4162
0.7596943378448486, 4161
0.7596943378448486, 4160
0.7596943378448486, 4159
0.7596943378448486, 4158
0.7596943378448486, 4157
0.7596943378448486, 4156
0.7596943378448486, 4155
0.7596943378448486, 4154
0.7676944732666016, 4153
0.7676944732666016, 4152
0.7676944732666016, 4151
0.7712795734405518, 4150
0.7712795734405518, 4149
0.7712795734405518, 4148
0.7712795734405518, 4147
0.7712795734405518, 4146
0.7712795734405518, 4145
0.7712795734405518, 4144
0.7712795734405518, 4143
0.7712795734405518, 4142
0.7712795734405518, 4141
0.7712795734405518, 4140
0.7712795734405518, 4139
0.7712795734405518, 4138
0.7712795734405518, 4137
0.7712795734405518, 4136
0.7853293418884277, 4135
0.7853293418884277, 4134
0.7874000072479248, 4133
0.7874000072479248, 4132
0.7874000072479248, 4131
0.7874000072479248, 4130
0.7874000072479248, 4129
0.7874000072479248, 4128
0.7874000072479248, 4127
0.7874000072479248, 4126
0.7954673767089844, 4125
0.7954673767089844, 4124
0.7954673767089844, 4123
0.7975327968597412, 4122
0.7975327968597412, 4121
0.7975327968597412, 4120
0.7975327968597412, 4119
0.7975327968597412, 4118
0.7975327968597412, 4117
0.7975327968597412, 4116
0.8062126636505127, 4115
0.8078010082244873, 4114
0.8078010082244873, 4113
0.8078010082244873, 4112
0.8078010082244873, 4111
0.8078010082244873, 4110
0.8078010082244873, 4109
0.8078010082244873, 4108
0.8078010082244873, 4107
0.8157472610473633, 4106
0.8157472610473633, 4105
0.8180205821990967, 4104
0.8180205821990967, 4103
0.8180205821990967, 4102
0.8180205821990967, 4101
0.8180205821990967, 4100
0.8180205821990967, 4099
0.8180205821990967, 4098
0.8259730339050293, 4097
0.8259730339050293, 4096
0.8259730339050293, 4095
0.8259730339050293, 4094
0.8259730339050293, 4093
0.8259730339050293, 4092
0.8259730339050293, 4091
0.8259730339050293, 4090
0.8340311050415039, 4089
0.8340311050415039, 4088
0.8340311050415039, 4087
0.8340311050415039, 4086
0.8340311050415039, 4085
0.8340311050415039, 4084
0.8340311050415039, 4083
0.8340311050415039, 4082
0.8419857025146484, 4081
0.8419857025146484, 4080
0.8419857025146484, 4079
0.8419857025146484, 4078
0.8419857025146484, 4077
0.8500449657440186, 4076
0.8500449657440186, 4075
0.8500449657440186, 4074
0.8500449657440186, 4073
0.8545575141906738, 4072
0.8545575141906738, 4071
0.8580873012542725, 4070
0.8580873012542725, 4069
0.8601577281951904, 4068
0.8601577281951904, 4067
0.8601577281951904, 4066
0.8601577281951904, 4065
0.8601577281951904, 4064
0.8601577281951904, 4063
0.868182897567749, 4062
0.868182897567749, 4061
0.8702490329742432, 4060
0.8702490329742432, 4059
0.8702490329742432, 4058
0.8702490329742432, 4057
0.8702490329742432, 4056
0.8702490329742432, 4055
0.8702490329742432, 4054
0.8702490329742432, 4053
0.8783180713653564, 4052
0.8783180713653564, 4051
0.8783180713653564, 4050
0.8803844451904297, 4049
0.8803844451904297, 4048
0.8803844451904297, 4047
0.8803844451904297, 4046
0.8803844451904297, 4045
0.8803844451904297, 4044
0.8884122371673584, 4043
0.8884122371673584, 4042
0.8904790878295898, 4041
0.8904790878295898, 4040
0.8904790878295898, 4039
0.8904790878295898, 4038
0.8904790878295898, 4037
0.8985552787780762, 4036
0.8985552787780762, 4035
0.8985552787780762, 4034
0.9006364345550537, 4033
0.9006364345550537, 4032
0.9006364345550537, 4031
0.9006364345550537, 4030
0.9006364345550537, 4029
0.9087278842926025, 4028
0.9107990264892578, 4027
0.9107990264892578, 4026
0.9107990264892578, 4025
0.9107990264892578, 4024
0.9107990264892578, 4023
0.9107990264892578, 4022
0.9107990264892578, 4021
0.9107990264892578, 4020
0.9107990264892578, 4019
0.9107990264892578, 4018
0.9107990264892578, 4017
0.9107990264892578, 4016
0.9188666343688965, 4015
0.9209334850311279, 4014
0.9209334850311279, 4013
0.9209334850311279, 4012
0.9209334850311279, 4011
0.9209334850311279, 4010
0.9209334850311279, 4009
0.9209334850311279, 4008
0.9209334850311279, 4007
0.9290180206298828, 4006
0.9293262958526611, 4005
0.9293262958526611, 4004
0.9293262958526611, 4003
0.9308984279632568, 4002
0.9308984279632568, 4001
0.9308984279632568, 4000
0.9308984279632568, 3999
0.9308984279632568, 3998
0.9308984279632568, 3997
0.9308984279632568, 3996
0.9308984279632568, 3995
0.938969612121582, 3994
0.9410400390625, 3993
0.9410400390625, 3992
0.9410400390625, 3991
0.9410400390625, 3990
0.9410400390625, 3989
0.9410400390625, 3988
0.9491024017333984, 3987
0.9491024017333984, 3986
0.9491024017333984, 3985
0.9491024017333984, 3984
0.9491024017333984, 3983
0.9511795043945312, 3982
0.9511795043945312, 3981
0.9511795043945312, 3980
0.9511795043945312, 3979
0.9511795043945312, 3978
0.9511795043945312, 3977
0.9592249393463135, 3976
0.9612932205200195, 3975
0.9612932205200195, 3974
0.9612932205200195, 3973
0.9612932205200195, 3972
0.9612932205200195, 3971
0.9693658351898193, 3970
0.9693658351898193, 3969
0.9714322090148926, 3968
0.9714322090148926, 3967
0.9714322090148926, 3966
0.9714322090148926, 3965
0.9815876483917236, 3964
0.9815876483917236, 3963
0.9815876483917236, 3962
0.9815876483917236, 3961
0.9815876483917236, 3960
0.9815876483917236, 3959
0.9815876483917236, 3958
0.9815876483917236, 3957
0.9815876483917236, 3956
0.9815876483917236, 3955
0.9896557331085205, 3954
0.9917216300964355, 3953
0.9917216300964355, 3952
0.9917216300964355, 3951
0.9917216300964355, 3950
0.9917216300964355, 3949
0.9997739791870117, 3948
1.001838207244873, 3947
1.001838207244873, 3946
1.001838207244873, 3945
1.001838207244873, 3944
1.001838207244873, 3943
1.001838207244873, 3942
1.0099048614501953, 3941
1.0099048614501953, 3940
1.0119709968566895, 3939
1.0119709968566895, 3938
1.0119709968566895, 3937
1.0119709968566895, 3936
1.0119709968566895, 3935
1.0119709968566895, 3934
1.0200226306915283, 3933
1.0200226306915283, 3932
1.0200226306915283, 3931
1.0220906734466553, 3930
1.0220906734466553, 3929
1.0220906734466553, 3928
1.0220906734466553, 3927
1.0220906734466553, 3926
1.0220906734466553, 3925
1.0220906734466553, 3924
1.0220906734466553, 3923
1.0301578044891357, 3922
1.0322256088256836, 3921
1.0322256088256836, 3920
1.0322256088256836, 3919
1.0322256088256836, 3918
1.0322256088256836, 3917
1.0322256088256836, 3916
1.040311336517334, 3915
1.040311336517334, 3914
1.040311336517334, 3913
1.0423877239227295, 3912
1.0470473766326904, 3911
1.04811429977417, 3910
1.04811429977417, 3909
1.0491304397583008, 3908
1.0491304397583008, 3907
1.0491304397583008, 3906
1.0507166385650635, 3905
1.0507166385650635, 3904
1.0517330169677734, 3903
1.0533156394958496, 3902
1.0543818473815918, 3901
1.0543818473815918, 3900
1.055450439453125, 3899
1.0565173625946045, 3898
1.0575833320617676, 3897
1.0611670017242432, 3896
1.0611670017242432, 3895
1.0611670017242432, 3894
1.0632352828979492, 3893
1.0632352828979492, 3892
1.0632352828979492, 3891
1.0632352828979492, 3890
1.0713002681732178, 3889
1.0733816623687744, 3888
1.0733816623687744, 3887
1.0834720134735107, 3886
1.0834720134735107, 3885
1.09364652633667, 3884
1.101682424545288, 3883
1.101682424545288, 3882
1.101682424545288, 3881
1.101682424545288, 3880
1.101682424545288, 3879
1.101682424545288, 3878
1.101682424545288, 3877
1.1123321056365967, 3876
1.1123321056365967, 3875
1.1123321056365967, 3874
1.1203367710113525, 3873
1.1203367710113525, 3872
1.1203367710113525, 3871
1.1283321380615234, 3870
1.1283321380615234, 3869
1.1363320350646973, 3868
1.1363320350646973, 3867
1.1363320350646973, 3866
1.1363320350646973, 3865
1.1363320350646973, 3864
1.1363320350646973, 3863
1.1363320350646973, 3862
1.1443309783935547, 3861
1.1443309783935547, 3860
1.1443309783935547, 3859
1.1443309783935547, 3858
1.1443309783935547, 3857
1.1443309783935547, 3856
1.1443309783935547, 3855
1.1523303985595703, 3854
1.1523303985595703, 3853
1.1544582843780518, 3852
1.1544582843780518, 3851
1.1544582843780518, 3850
1.1544582843780518, 3849
1.1544582843780518, 3848
1.1544582843780518, 3847
1.1544582843780518, 3846
1.1544582843780518, 3845
1.1544582843780518, 3844
1.1544582843780518, 3843
1.1544582843780518, 3842
1.1544582843780518, 3841
1.1544582843780518, 3840
1.1700851917266846, 3839
1.1700851917266846, 3838
1.1700851917266846, 3837
1.1700851917266846, 3836
1.1700851917266846, 3835
1.1700851917266846, 3834
1.1700851917266846, 3833
1.1700851917266846, 3832
1.1700851917266846, 3831
1.1700851917266846, 3830
1.1700851917266846, 3829
1.185715675354004, 3828
1.185715675354004, 3827
1.185715675354004, 3826
1.185715675354004, 3825
1.185715675354004, 3824
1.185715675354004, 3823
1.185715675354004, 3822
1.185715675354004, 3821
1.185715675354004, 3820
1.185715675354004, 3819
1.185715675354004, 3818
1.185715675354004, 3817
1.185715675354004, 3816
1.2013306617736816, 3815
1.2013306617736816, 3814
1.2013306617736816, 3813
1.2013306617736816, 3812
1.2013306617736816, 3811
1.2013306617736816, 3810
1.2013306617736816, 3809
1.2013306617736816, 3808
1.2013306617736816, 3807
1.2118425369262695, 3806
1.2118425369262695, 3805
1.2118425369262695, 3804
1.2118425369262695, 3803
1.2118425369262695, 3802
1.2118425369262695, 3801
1.2118425369262695, 3800
1.2118425369262695, 3799
1.2118425369262695, 3798
1.2118425369262695, 3797
1.2118425369262695, 3796
1.2118425369262695, 3795
1.2118425369262695, 3794
1.2118425369262695, 3793
1.2118425369262695, 3792
1.2118425369262695, 3791
1.227480173110962, 3790
1.227480173110962, 3789
1.227480173110962, 3788
1.227480173110962, 3787
1.227480173110962, 3786
1.227480173110962, 3785
1.227480173110962, 3784
1.227480173110962, 3783
1.24310302734375, 3782
1.24310302734375, 3781
1.24310302734375, 3780
1.24310302734375, 3779
1.24310302734375, 3778
1.24310302734375, 3777
1.24310302734375, 3776
1.24310302734375, 3775
1.24310302734375, 3774
1.24310302734375, 3773
1.24310302734375, 3772
1.24310302734375, 3771
1.24310302734375, 3770
1.24310302734375, 3769
1.24310302734375, 3768
1.258728265762329, 3767
1.258728265762329, 3766
1.258728265762329, 3765
1.258728265762329, 3764
1.258728265762329, 3763
1.258728265762329, 3762
1.258728265762329, 3761
1.258728265762329, 3760
1.258728265762329, 3759
1.258728265762329, 3758
1.258728265762329, 3757
1.258728265762329, 3756
1.258728265762329, 3755
1.27435302734375, 3754
1.2745847702026367, 3753
1.2827160358428955, 3752
1.2827160358428955, 3751
1.2827160358428955, 3750
1.2827160358428955, 3749
1.2827160358428955, 3748
1.2827160358428955, 3747
1.2827160358428955, 3746
1.2827160358428955, 3745
1.2983834743499756, 3744
1.2983834743499756, 3743
1.2983834743499756, 3742
1.2983834743499756, 3741
1.311953067779541, 3740
1.3140392303466797, 3739
1.3140392303466797, 3738
1.3140392303466797, 3737
1.3140392303466797, 3736
1.3140392303466797, 3735
1.3140392303466797, 3734
1.3140392303466797, 3733
1.3221065998077393, 3732
1.3241667747497559, 3731
1.3241667747497559, 3730
1.3322722911834717, 3729
1.3322722911834717, 3728
1.3343417644500732, 3727
1.3343417644500732, 3726
1.3343417644500732, 3725
1.3343417644500732, 3724
1.3343417644500732, 3723
1.3343417644500732, 3722
1.3343417644500732, 3721
1.3343417644500732, 3720
1.3423924446105957, 3719
1.3423924446105957, 3718
1.3423924446105957, 3717
1.3423924446105957, 3716
1.3444416522979736, 3715
1.3444416522979736, 3714
1.3444416522979736, 3713
1.3528697490692139, 3712
1.3528697490692139, 3711
1.3544068336486816, 3710
1.3544068336486816, 3709
1.3544068336486816, 3708
1.3544068336486816, 3707
1.3624231815338135, 3706
1.3624231815338135, 3705
1.3624231815338135, 3704
1.3624231815338135, 3703
1.3624231815338135, 3702
1.3624231815338135, 3701
1.3624231815338135, 3700
1.371032953262329, 3699
1.371032953262329, 3698
1.371032953262329, 3697
1.371032953262329, 3696
1.371032953262329, 3695
1.371032953262329, 3694
1.378596544265747, 3693
1.3806521892547607, 3692
1.3806521892547607, 3691
1.3806521892547607, 3690
1.3806521892547607, 3689
1.3806521892547607, 3688
1.3806521892547607, 3687
1.3806521892547607, 3686
1.3806521892547607, 3685
1.3806521892547607, 3684
1.3887312412261963, 3683
1.3907647132873535, 3682
1.3907647132873535, 3681
1.3907647132873535, 3680
1.3907647132873535, 3679
1.3907647132873535, 3678
1.3988211154937744, 3677
1.3988211154937744, 3676
1.400874376296997, 3675
1.400874376296997, 3674
1.400874376296997, 3673
1.400874376296997, 3672
1.4089570045471191, 3671
1.4110107421875, 3670
1.4110107421875, 3669
1.4110107421875, 3668
1.4110107421875, 3667
1.4110107421875, 3666
1.4110107421875, 3665
1.4110107421875, 3664
1.4110107421875, 3663
1.4110107421875, 3662
1.4110107421875, 3661
1.4190645217895508, 3660
1.4211254119873047, 3659
1.4211254119873047, 3658
1.4211254119873047, 3657
1.4211254119873047, 3656
1.4211254119873047, 3655
1.4292330741882324, 3654
1.4312927722930908, 3653
1.4312927722930908, 3652
1.4312927722930908, 3651
1.4312927722930908, 3650
1.4312927722930908, 3649
1.4413998126983643, 3648
1.4413998126983643, 3647
1.4413998126983643, 3646
1.4413998126983643, 3645
1.4413998126983643, 3644
1.4515514373779297, 3643
1.4515514373779297, 3642
1.4515514373779297, 3641
1.4515514373779297, 3640
1.4515514373779297, 3639
1.4515514373779297, 3638
1.4596049785614014, 3637
1.4596049785614014, 3636
1.4616568088531494, 3635
1.4616568088531494, 3634
1.4616568088531494, 3633
1.4616568088531494, 3632
1.4616568088531494, 3631
1.4616568088531494, 3630
1.4697394371032715, 3629
1.4717962741851807, 3628
1.4717962741851807, 3627
1.4717962741851807, 3626
1.4819121360778809, 3625
1.4819121360778809, 3624
1.4899861812591553, 3623
1.4920063018798828, 3622
1.4920063018798828, 3621
1.4920063018798828, 3620
1.4920063018798828, 3619
1.4920063018798828, 3618
1.4920063018798828, 3617
1.500058889389038, 3616
1.500058889389038, 3615
1.5021111965179443, 3614
1.5021111965179443, 3613
1.5021111965179443, 3612
1.5021111965179443, 3611
1.5021111965179443, 3610
1.5021111965179443, 3609
1.510240077972412, 3608
1.5162713527679443, 3607
1.5162713527679443, 3606
1.5211801528930664, 3605
1.5233042240142822, 3604
1.5254993438720703, 3603
1.5254993438720703, 3602
1.5254993438720703, 3601
1.5254993438720703, 3600
1.5254993438720703, 3599
1.5315570831298828, 3598
1.5315570831298828, 3597
1.5315570831298828, 3596
1.5336120128631592, 3595
1.5336120128631592, 3594
1.5336120128631592, 3593
1.5336120128631592, 3592
1.5416998863220215, 3591
1.543759822845459, 3590
1.543759822845459, 3589
1.543759822845459, 3588
1.543759822845459, 3587
1.543759822845459, 3586
1.543759822845459, 3585
1.543759822845459, 3584
1.564023733139038, 3583
1.564023733139038, 3582
1.564023733139038, 3581
1.564023733139038, 3580
1.5720808506011963, 3579
1.5741350650787354, 3578
1.5741350650787354, 3577
1.5741350650787354, 3576
1.5741350650787354, 3575
1.5741350650787354, 3574
1.5741350650787354, 3573
1.5741350650787354, 3572
1.582218885421753, 3571
1.5842795372009277, 3570
1.5842795372009277, 3569
1.5842795372009277, 3568
1.5842795372009277, 3567
1.5842795372009277, 3566
1.5842795372009277, 3565
1.5842795372009277, 3564
1.5842795372009277, 3563
1.5842795372009277, 3562
1.5842795372009277, 3561
1.5923361778259277, 3560
1.5923361778259277, 3559
1.59440016746521, 3558
1.59440016746521, 3557
1.59440016746521, 3556
1.59440016746521, 3555
1.59440016746521, 3554
1.59440016746521, 3553
1.59440016746521, 3552
1.6024680137634277, 3551
1.6024680137634277, 3550
1.612579107284546, 3549
1.612579107284546, 3548
1.612579107284546, 3547
1.6146323680877686, 3546
1.6146323680877686, 3545
1.6146323680877686, 3544
1.6146323680877686, 3543
1.6247179508209229, 3542
1.6247179508209229, 3541
1.6247179508209229, 3540
1.6247179508209229, 3539
1.6247179508209229, 3538
1.6247179508209229, 3537
1.632774829864502, 3536
1.632774829864502, 3535
1.6348280906677246, 3534
1.6348280906677246, 3533
1.6348280906677246, 3532
1.6348280906677246, 3531
1.6348280906677246, 3530
1.6348280906677246, 3529
1.6348280906677246, 3528
1.6348280906677246, 3527
1.6429173946380615, 3526
1.6449806690216064, 3525
1.6449806690216064, 3524
1.6449806690216064, 3523
1.6449806690216064, 3522
1.6449806690216064, 3521
1.6449806690216064, 3520
1.6449806690216064, 3519
1.6449806690216064, 3518
1.6449806690216064, 3517
1.6551101207733154, 3516
1.6551101207733154, 3515
1.6551101207733154, 3514
1.6551101207733154, 3513
1.6551101207733154, 3512
1.6551101207733154, 3511
1.6551101207733154, 3510
1.6551101207733154, 3509
1.6631381511688232, 3508
1.6631381511688232, 3507
1.6651952266693115, 3506
1.6651952266693115, 3505
1.6651952266693115, 3504
1.6651952266693115, 3503
1.6651952266693115, 3502
1.6651952266693115, 3501
1.673252820968628, 3500
1.673252820968628, 3499
1.6753056049346924, 3498
1.6753056049346924, 3497
1.6753056049346924, 3496
1.6753056049346924, 3495
1.6753056049346924, 3494
1.6833693981170654, 3493
1.6854300498962402, 3492
1.6854300498962402, 3491
1.6854300498962402, 3490
1.6854300498962402, 3489
1.6854300498962402, 3488
1.6854300498962402, 3487
1.6955409049987793, 3486
1.6955409049987793, 3485
1.6955409049987793, 3484
1.6955409049987793, 3483
1.7064504623413086, 3482
1.7064504623413086, 3481
1.7064504623413086, 3480
1.7064504623413086, 3479
1.7064504623413086, 3478
1.7064504623413086, 3477
1.7144556045532227, 3476
1.714507818222046, 3475
1.714507818222046, 3474
1.7165615558624268, 3473
1.7165615558624268, 3472
1.7165615558624268, 3471
1.7165615558624268, 3470
1.7165615558624268, 3469
1.72459077835083, 3468
1.72459077835083, 3467
1.7266514301300049, 3466
1.7266514301300049, 3465
1.7266514301300049, 3464
1.7266514301300049, 3463
1.734705924987793, 3462
1.734705924987793, 3461
1.736760139465332, 3460
1.736760139465332, 3459
1.746863842010498, 3458
1.7549190521240234, 3457
1.7549190521240234, 3456
1.7549190521240234, 3455
1.7569236755371094, 3454
1.7569730281829834, 3453
1.7569730281829834, 3452
1.7569730281829834, 3451
1.7569730281829834, 3450
1.7649998664855957, 3449
1.7649998664855957, 3448
1.7649998664855957, 3447
1.7670669555664062, 3446
1.7670669555664062, 3445
1.7670669555664062, 3444
1.7670669555664062, 3443
1.7670669555664062, 3442
1.7670669555664062, 3441
1.7670669555664062, 3440
1.7670669555664062, 3439
1.7670669555664062, 3438
1.7670669555664062, 3437
1.7670669555664062, 3436
1.7670669555664062, 3435
1.7771790027618408, 3434
1.7771790027618408, 3433
1.7852470874786377, 3432
1.7852470874786377, 3431
1.7852470874786377, 3430
1.7873027324676514, 3429
1.7873027324676514, 3428
1.7873027324676514, 3427
1.7873027324676514, 3426
1.7873027324676514, 3425
1.7873027324676514, 3424
1.7974190711975098, 3423
1.7974190711975098, 3422
1.7974190711975098, 3421
1.7974190711975098, 3420
1.7974190711975098, 3419
1.7974190711975098, 3418
1.8054463863372803, 3417
1.8054463863372803, 3416
1.807502269744873, 3415
1.807502269744873, 3414
1.807502269744873, 3413
1.807502269744873, 3412
1.807502269744873, 3411
1.807502269744873, 3410
1.807502269744873, 3409
1.807502269744873, 3408
1.807502269744873, 3407
1.8155593872070312, 3406
1.8155593872070312, 3405
1.817624568939209, 3404
1.817624568939209, 3403
1.817624568939209, 3402
1.817624568939209, 3401
1.825653314590454, 3400
1.8277075290679932, 3399
1.8277075290679932, 3398
1.8277075290679932, 3397
1.8277075290679932, 3396
1.8357658386230469, 3395
1.8378195762634277, 3394
1.8378195762634277, 3393
1.8378195762634277, 3392
1.8378195762634277, 3391
1.8378195762634277, 3390
1.8483619689941406, 3389
1.8483619689941406, 3388
1.8483619689941406, 3387
1.8564162254333496, 3386
1.8584773540496826, 3385
1.8584773540496826, 3384
1.8584773540496826, 3383
1.8665082454681396, 3382
1.8685126304626465, 3381
1.868563175201416, 3380
1.868563175201416, 3379
1.868563175201416, 3378
1.868563175201416, 3377
1.868563175201416, 3376
1.868563175201416, 3375
1.8766186237335205, 3374
1.8766186237335205, 3373
1.8786227703094482, 3372
1.8786723613739014, 3371
1.8786723613739014, 3370
1.8786723613739014, 3369
1.8786723613739014, 3368
1.8878052234649658, 3367
1.8888700008392334, 3366
1.8888700008392334, 3365
1.8969228267669678, 3364
1.8969228267669678, 3363
1.8969228267669678, 3362
1.8969228267669678, 3361
1.8969228267669678, 3360
1.9069979190826416, 3359
1.9069979190826416, 3358
1.9069979190826416, 3357
1.9069979190826416, 3356
1.9090533256530762, 3355
1.9090533256530762, 3354
1.9191646575927734, 3353
1.9209370613098145, 3352
1.9209370613098145, 3351
1.9276306629180908, 3350
1.9326858520507812, 3349
1.9349710941314697, 3348
1.9371509552001953, 3347
1.9377548694610596, 3346
1.9383091926574707, 3345
1.9393656253814697, 3344
1.9474196434020996, 3343
1.9494857788085938, 3342
1.9494857788085938, 3341
1.9494857788085938, 3340
1.9494857788085938, 3339
1.9494857788085938, 3338
1.9494857788085938, 3337
1.9575412273406982, 3336
1.9575412273406982, 3335
1.9596045017242432, 3334
1.9596045017242432, 3333
1.9676597118377686, 3332
1.9697134494781494, 3331
1.9697134494781494, 3330
1.9697134494781494, 3329
1.9697134494781494, 3328
1.9777965545654297, 3327
1.9777965545654297, 3326
1.9798517227172852, 3325
1.9798517227172852, 3324
1.9798517227172852, 3323
1.9798517227172852, 3322
1.9798517227172852, 3321
1.9798517227172852, 3320
1.9798517227172852, 3319
1.9899752140045166, 3318
1.9899752140045166, 3317
1.9899752140045166, 3316
1.9899752140045166, 3315
1.9899752140045166, 3314
1.9899752140045166, 3313
1.9899752140045166, 3312
2.0001380443573, 3311
2.0001380443573, 3310
2.0001380443573, 3309
2.0001380443573, 3308
2.0001380443573, 3307
2.0001380443573, 3306
2.008193016052246, 3305
2.008193016052246, 3304
2.008193016052246, 3303
2.010246515274048, 3302
2.010246515274048, 3301
2.018320083618164, 3300
2.018320083618164, 3299
2.018320083618164, 3298
2.0203850269317627, 3297
2.0203850269317627, 3296
2.0203850269317627, 3295
2.0203850269317627, 3294
2.0203850269317627, 3293
2.0203850269317627, 3292
2.0284409523010254, 3291
2.0284409523010254, 3290
2.0304956436157227, 3289
2.0304956436157227, 3288
2.0304956436157227, 3287
2.0304956436157227, 3286
2.0304956436157227, 3285
2.038579225540161, 3284
2.0406360626220703, 3283
2.0406360626220703, 3282
2.048701763153076, 3281
2.050762891769409, 3280
2.050762891769409, 3279
2.0588629245758057, 3278
2.0609183311462402, 3277
2.0609183311462402, 3276
2.0609183311462402, 3275
2.0609183311462402, 3274
2.0609183311462402, 3273
2.0609183311462402, 3272
2.0609183311462402, 3271
2.0689761638641357, 3270
2.071028709411621, 3269
2.071028709411621, 3268
2.071028709411621, 3267
2.071028709411621, 3266
2.071028709411621, 3265
2.071028709411621, 3264
2.0791220664978027, 3263
2.0791220664978027, 3262
2.0811963081359863, 3261
2.0811963081359863, 3260
2.0811963081359863, 3259
2.0811963081359863, 3258
2.0811963081359863, 3257
2.0811963081359863, 3256
2.089250326156616, 3255
2.089250326156616, 3254
2.089250326156616, 3253
2.0913190841674805, 3252
2.0913190841674805, 3251
2.0913190841674805, 3250
2.0913190841674805, 3249
2.1015093326568604, 3248
2.1015093326568604, 3247
2.1015093326568604, 3246
2.1095709800720215, 3245
2.1095709800720215, 3244
2.1116247177124023, 3243
2.1116247177124023, 3242
2.119699239730835, 3241
2.121783971786499, 3240
2.121783971786499, 3239
2.121783971786499, 3238
2.121783971786499, 3237
2.121783971786499, 3236
2.1318986415863037, 3235
2.1318986415863037, 3234
2.1318986415863037, 3233
2.1318986415863037, 3232
2.1318986415863037, 3231
2.1318986415863037, 3230
2.1399989128112793, 3229
2.1399989128112793, 3228
2.1399989128112793, 3227
2.1420533657073975, 3226
2.1420533657073975, 3225
2.1420533657073975, 3224
2.1420533657073975, 3223
2.150115966796875, 3222
2.150115966796875, 3221
2.150115966796875, 3220
2.1521689891815186, 3219
2.1521689891815186, 3218
2.162311553955078, 3217
2.162311553955078, 3216
2.1724257469177246, 3215
2.1724257469177246, 3214
2.1724257469177246, 3213
2.1724257469177246, 3212
2.1724257469177246, 3211
2.1825668811798096, 3210
2.1825668811798096, 3209
2.1825668811798096, 3208
2.1825668811798096, 3207
2.192692756652832, 3206
2.192692756652832, 3205
2.192692756652832, 3204
2.200737714767456, 3203
2.2028579711914062, 3202
2.2028579711914062, 3201
2.2028579711914062, 3200
2.2028579711914062, 3199
2.2028579711914062, 3198
2.2028579711914062, 3197
2.2109122276306152, 3196
2.2109122276306152, 3195
2.212965965270996, 3194
2.212965965270996, 3193
2.212965965270996, 3192
2.212965965270996, 3191
2.2210514545440674, 3190
2.223109245300293, 3189
2.223109245300293, 3188
2.223109245300293, 3187
2.231170177459717, 3186
2.233224630355835, 3185
2.233224630355835, 3184
2.233224630355835, 3183
2.233224630355835, 3182
2.24130916595459, 3181
2.24336576461792, 3180
2.24336576461792, 3179
2.2514216899871826, 3178
2.2514216899871826, 3177
2.253476619720459, 3176
2.253476619720459, 3175
2.253476619720459, 3174
2.263648509979248, 3173
2.263648509979248, 3172
2.271703004837036, 3171
2.271703004837036, 3170
2.2737576961517334, 3169
2.2737576961517334, 3168
2.2737576961517334, 3167
2.2737576961517334, 3166
2.2737576961517334, 3165
2.2737576961517334, 3164
2.281801700592041, 3163
2.2839362621307373, 3162
2.2839362621307373, 3161
2.2839362621307373, 3160
2.294050693511963, 3159
2.302137613296509, 3158
2.3041958808898926, 3157
2.3041958808898926, 3156
2.3041958808898926, 3155
2.3041958808898926, 3154
2.3041958808898926, 3153
2.3041958808898926, 3152
2.31430721282959, 3151
2.31430721282959, 3150
2.31430721282959, 3149
2.3224096298217773, 3148
2.3244664669036865, 3147
2.3244664669036865, 3146
2.332531452178955, 3145
2.3345913887023926, 3144
2.3345913887023926, 3143
2.3345913887023926, 3142
2.3345913887023926, 3141
2.3345913887023926, 3140
2.3345913887023926, 3139
2.3447177410125732, 3138
2.3447177410125732, 3137
2.3527894020080566, 3136
2.3527894020080566, 3135
2.3548429012298584, 3134
2.3548429012298584, 3133
2.3629212379455566, 3132
2.3629212379455566, 3131
2.364976406097412, 3130
2.364976406097412, 3129
2.364976406097412, 3128
2.364976406097412, 3127
2.364976406097412, 3126
2.3750834465026855, 3125
2.3750834465026855, 3124
2.3750834465026855, 3123
2.383155584335327, 3122
2.383155584335327, 3121
2.3852150440216064, 3120
2.3852150440216064, 3119
2.393284320831299, 3118
2.395338296890259, 3117
2.395338296890259, 3116
2.395338296890259, 3115
2.395338296890259, 3114
2.4055724143981934, 3113
2.4055724143981934, 3112
2.4055724143981934, 3111
2.4055724143981934, 3110
2.4055724143981934, 3109
2.4136343002319336, 3108
2.4156949520111084, 3107
2.4156949520111084, 3106
2.4156949520111084, 3105
2.4156949520111084, 3104
2.425830602645874, 3103
2.425830602645874, 3102
2.425830602645874, 3101
2.425830602645874, 3100
2.4338841438293457, 3099
2.437464475631714, 3098
2.444020986557007, 3097
2.4460630416870117, 3096
2.4565653800964355, 3095
2.4646353721618652, 3094
2.466688871383667, 3093
2.476865291595459, 3092
2.476865291595459, 3091
2.476865291595459, 3090
2.4849205017089844, 3089
2.4869751930236816, 3088
2.4869751930236816, 3087
2.4869751930236816, 3086
2.4869751930236816, 3085
2.497117757797241, 3084
2.497117757797241, 3083
2.497117757797241, 3082
2.5072455406188965, 3081
2.5174343585968018, 3080
2.52548885345459, 3079
2.5275442600250244, 3078
2.5275442600250244, 3077
2.5275442600250244, 3076
2.5275442600250244, 3075
2.535614252090454, 3074
2.535614252090454, 3073
2.537670373916626, 3072
2.537670373916626, 3071
2.537670373916626, 3070
2.537670373916626, 3069
2.5457258224487305, 3068
2.547781229019165, 3067
2.547781229019165, 3066
2.547781229019165, 3065
2.547781229019165, 3064
2.5579731464385986, 3063
2.566037893295288, 3062
2.566037893295288, 3061
2.5680906772613525, 3060
2.5680906772613525, 3059
2.5680906772613525, 3058
2.5680906772613525, 3057
2.5680906772613525, 3056
2.5680906772613525, 3055
2.5680906772613525, 3054
2.576211452484131, 3053
2.576211452484131, 3052
2.5782692432403564, 3051
2.5782692432403564, 3050
2.5782692432403564, 3049
2.5782692432403564, 3048
2.5782692432403564, 3047
2.5782692432403564, 3046
2.588378429412842, 3045
2.598579168319702, 3044
2.6066391468048096, 3043
2.6086933612823486, 3042
2.625168800354004, 3041
2.62681245803833, 3040
2.629007577896118, 3039
2.629007577896118, 3038
2.632354736328125, 3037
2.632354736328125, 3036
2.638963222503662, 3035
2.638963222503662, 3034
2.638963222503662, 3033
2.6490933895111084, 3032
2.6490933895111084, 3031
2.6592140197753906, 3030
2.6592140197753906, 3029
2.6592140197753906, 3028
2.667311668395996, 3027
2.6693665981292725, 3026
2.6693665981292725, 3025
2.6693665981292725, 3024
2.677419900894165, 3023
2.677419900894165, 3022
2.679481029510498, 3021
2.689624786376953, 3020
2.689624786376953, 3019
2.689624786376953, 3018
2.697678327560425, 3017
2.697678327560425, 3016
2.6997323036193848, 3015
2.6997323036193848, 3014
2.7179367542266846, 3013
2.7179367542266846, 3012
2.719993829727173, 3011
2.7280828952789307, 3010
2.7280828952789307, 3009
2.730140447616577, 3008
2.7381961345672607, 3007
2.740260124206543, 3006
2.7504026889801025, 3005
2.7504026889801025, 3004
2.7504026889801025, 3003
2.7605128288269043, 3002
2.7605128288269043, 3001
2.770664691925049, 3000
2.770664691925049, 2999
2.770664691925049, 2998
2.780745267868042, 2997
2.780745267868042, 2996
2.780745267868042, 2995
2.780745267868042, 2994
2.7909066677093506, 2993
2.7909066677093506, 2992
2.8010215759277344, 2991
2.8010215759277344, 2990
2.8010215759277344, 2989
2.811150550842285, 2988
2.819206714630127, 2987
2.819206714630127, 2986
2.821260690689087, 2985
2.821260690689087, 2984
2.821260690689087, 2983
2.821260690689087, 2982
2.821260690689087, 2981
2.83143949508667, 2980
2.83143949508667, 2979
2.8415462970733643, 2978
2.8516857624053955, 2977
2.8618011474609375, 2976
2.8618011474609375, 2975
2.8618011474609375, 2974
2.869878053665161, 2973
2.8719327449798584, 2972
2.8719327449798584, 2971
2.8719327449798584, 2970
2.8820369243621826, 2969
2.8820369243621826, 2968
2.8921432495117188, 2967
2.8921432495117188, 2966
2.8921432495117188, 2965
2.8921432495117188, 2964
2.8921432495117188, 2963
2.900202989578247, 2962
2.902254104614258, 2961
2.902254104614258, 2960
2.9103503227233887, 2959
2.912407875061035, 2958
2.912407875061035, 2957
2.922527551651001, 2956
2.932673931121826, 2955
2.932673931121826, 2954
2.932673931121826, 2953
2.932673931121826, 2952
2.932673931121826, 2951
2.932673931121826, 2950
2.940709114074707, 2949
2.9428744316101074, 2948
2.9428744316101074, 2947
2.9428744316101074, 2946
2.950911521911621, 2945
2.950911521911621, 2944
2.950911521911621, 2943
2.954063892364502, 2942
2.954063892364502, 2941
2.9621171951293945, 2940
2.9621171951293945, 2939
2.964170217514038, 2938
2.964170217514038, 2937
2.964170217514038, 2936
2.9743826389312744, 2935
2.982496738433838, 2934
2.9845504760742188, 2933
2.9845504760742188, 2932
2.9845504760742188, 2931
2.9845504760742188, 2930
2.9845504760742188, 2929
2.9845504760742188, 2928
2.9946987628936768, 2927
2.9946987628936768, 2926
3.004798412322998, 2925
3.004798412322998, 2924
3.004798412322998, 2923
3.004798412322998, 2922
3.012864112854004, 2921
3.023003101348877, 2920
3.0250606536865234, 2919
3.035172939300537, 2918
3.035172939300537, 2917
3.035172939300537, 2916
3.035172939300537, 2915
3.035172939300537, 2914
3.04329252243042, 2913
3.0453481674194336, 2912
3.0453481674194336, 2911
3.0453481674194336, 2910
3.0453481674194336, 2909
3.0534021854400635, 2908
3.055454730987549, 2907
3.055454730987549, 2906
3.055454730987549, 2905
3.055454730987549, 2904
3.0659916400909424, 2903
3.0659916400909424, 2902
3.0659916400909424, 2901
3.0659916400909424, 2900
3.0761067867279053, 2899
3.0841798782348633, 2898
3.0862321853637695, 2897
3.0862321853637695, 2896
3.0862321853637695, 2895
3.0862321853637695, 2894
3.0862321853637695, 2893
3.0862321853637695, 2892
3.094287872314453, 2891
3.0963423252105713, 2890
3.0963423252105713, 2889
3.1044161319732666, 2888
3.106470823287964, 2887
3.106470823287964, 2886
3.106470823287964, 2885
3.1145219802856445, 2884
3.1145219802856445, 2883
3.1145219802856445, 2882
3.1145219802856445, 2881
3.1165804862976074, 2880
3.1246888637542725, 2879
3.1470329761505127, 2878
3.1470329761505127, 2877
3.165233612060547, 2876
3.1774163246154785, 2875
3.187568187713623, 2874
3.187568187713623, 2873
3.195629358291626, 2872
3.1976795196533203, 2871
3.1976795196533203, 2870
3.1976795196533203, 2869
3.205759286880493, 2868
3.205759286880493, 2867
3.205759286880493, 2866
3.2078144550323486, 2865
3.2179222106933594, 2864
3.2260329723358154, 2863
3.228090763092041, 2862
3.228090763092041, 2861
3.2381999492645264, 2860
3.2381999492645264, 2859
3.2463080883026123, 2858
3.248365879058838, 2857
3.248365879058838, 2856
3.248365879058838, 2855
3.248365879058838, 2854
3.248365879058838, 2853
3.258481740951538, 2852
3.258481740951538, 2851
3.258481740951538, 2850
3.2665786743164062, 2849
3.2686357498168945, 2848
3.2686357498168945, 2847
3.2686357498168945, 2846
3.2686357498168945, 2845
3.27669095993042, 2844
3.27669095993042, 2843
3.27669095993042, 2842
3.2787461280822754, 2841
3.2787461280822754, 2840
3.2787461280822754, 2839
3.2787461280822754, 2838
3.288893461227417, 2837
3.288893461227417, 2836
3.288893461227417, 2835
3.288893461227417, 2834
3.2969415187835693, 2833
3.2969515323638916, 2832
3.299010992050171, 2831
3.299010992050171, 2830
3.299010992050171, 2829
3.3091492652893066, 2828
3.3172049522399902, 2827
3.3192622661590576, 2826
3.3192622661590576, 2825
3.329437255859375, 2824
3.329437255859375, 2823
3.3395516872406006, 2822
3.3395516872406006, 2821
3.349684476852417, 2820
3.349684476852417, 2819
3.349684476852417, 2818
3.349684476852417, 2817
3.357741117477417, 2816
3.3699519634246826, 2815
3.3699519634246826, 2814
3.3699519634246826, 2813
3.380059242248535, 2812
3.390190362930298, 2811
3.390190362930298, 2810
3.390190362930298, 2809
3.4003026485443115, 2808
3.4083786010742188, 2807
3.4083786010742188, 2806
3.4104342460632324, 2805
3.420560598373413, 2804
3.4286439418792725, 2803
3.430704355239868, 2802
3.4408135414123535, 2801
3.4489188194274902, 2800
3.450974225997925, 2799
3.4590299129486084, 2798
3.461092710494995, 2797
3.4710707664489746, 2796
3.4710707664489746, 2795
3.4791336059570312, 2794
3.481187105178833, 2793
3.481187105178833, 2792
3.491492986679077, 2791
3.491492986679077, 2790
3.491492986679077, 2789
3.5042359828948975, 2788
3.5246875286102295, 2787
3.5246875286102295, 2786
3.532794952392578, 2785
3.53485107421875, 2784
3.53485107421875, 2783
3.542907238006592, 2782
3.54496169090271, 2781
3.54496169090271, 2780
3.54496169090271, 2779
3.5550930500030518, 2778
3.5652027130126953, 2777
3.5652027130126953, 2776
3.5652027130126953, 2775
3.5652027130126953, 2774
3.5753657817840576, 2773
3.5753657817840576, 2772
3.5753657817840576, 2771
3.5854804515838623, 2770
3.5854804515838623, 2769
3.593583345413208, 2768
3.595642566680908, 2767
3.595642566680908, 2766
3.6057441234588623, 2765
3.615926742553711, 2764
3.615926742553711, 2763
3.615926742553711, 2762
3.6239819526672363, 2761
3.62603497505188, 2760
3.636173725128174, 2759
3.6462912559509277, 2758
3.6462912559509277, 2757
3.654412269592285, 2756
3.6645243167877197, 2755
3.679145097732544, 2754
3.679145097732544, 2753
3.689258098602295, 2752
3.699394702911377, 2751
3.699394702911377, 2750
3.7095015048980713, 2749
3.7095015048980713, 2748
3.717573881149292, 2747
3.717573881149292, 2746
3.719637393951416, 2745
3.719637393951416, 2744
3.729757070541382, 2743
3.729757070541382, 2742
3.729757070541382, 2741
3.739914894104004, 2740
3.747968912124634, 2739
3.7500228881835938, 2738
3.768224000930786, 2737
3.7702770233154297, 2736
3.7884631156921387, 2735
3.790522336959839, 2734
3.790522336959839, 2733
3.790522336959839, 2732
3.8006556034088135, 2731
3.8188531398773193, 2730
3.8209192752838135, 2729
3.8209192752838135, 2728
3.831029176712036, 2727
3.841160297393799, 2726
3.8512749671936035, 2725
3.85937762260437, 2724
3.861435890197754, 2723
3.861435890197754, 2722
3.8715434074401855, 2721
3.8715434074401855, 2720
3.8715434074401855, 2719
3.8715434074401855, 2718
3.8816983699798584, 2717
3.889756917953491, 2716
3.8918230533599854, 2715
3.8918230533599854, 2714
3.8918230533599854, 2713
3.9019534587860107, 2712
3.9120709896087646, 2711
3.9323196411132812, 2710
3.9424829483032227, 2709
3.9424829483032227, 2708
3.952589750289917, 2707
3.952589750289917, 2706
3.970834493637085, 2705
3.9830281734466553, 2704
3.9830281734466553, 2703
3.993136405944824, 2702
3.993136405944824, 2701
4.003279685974121, 2700
4.013502836227417, 2699
4.013502836227417, 2698
4.013502836227417, 2697
4.013502836227417, 2696
4.021504640579224, 2695
4.021504640579224, 2694
4.023557424545288, 2693
4.023557424545288, 2692
4.023557424545288, 2691
4.033738613128662, 2690
4.033738613128662, 2689
4.043844223022461, 2688
4.043844223022461, 2687
4.043844223022461, 2686
4.043844223022461, 2685
4.043844223022461, 2684
4.053963661193848, 2683
4.053963661193848, 2682
4.053963661193848, 2681
4.053963661193848, 2680
4.053963661193848, 2679
4.053963661193848, 2678
4.062028646469116, 2677
4.062028646469116, 2676
4.062028646469116, 2675
4.07427978515625, 2674
4.07427978515625, 2673
4.082336187362671, 2672
4.082336187362671, 2671
4.082336187362671, 2670
4.094538927078247, 2669
4.132972717285156, 2668
4.135035753250122, 2667
4.145146131515503, 2666
4.145146131515503, 2665
4.153250694274902, 2664
4.155307054519653, 2663
4.155307054519653, 2662
4.155307054519653, 2661
4.165416479110718, 2660
4.175582408905029, 2659
4.185698747634888, 2658
4.185698747634888, 2657
4.185698747634888, 2656
4.195834398269653, 2655
4.195834398269653, 2654
4.195834398269653, 2653
4.195834398269653, 2652
4.205941200256348, 2651
4.205941200256348, 2650
4.214026212692261, 2649
4.216081619262695, 2648
4.226200819015503, 2647
4.236372947692871, 2646
4.246497869491577, 2645
4.246497869491577, 2644
4.256634950637817, 2643
4.27739143371582, 2642
4.27739143371582, 2641
4.27739143371582, 2640
4.27739143371582, 2639
4.27739143371582, 2638
4.27739143371582, 2637
4.27739143371582, 2636
4.297641277313232, 2635
4.297641277313232, 2634
4.307760000228882, 2633
4.317917823791504, 2632
4.32802677154541, 2631
4.32802677154541, 2630
4.32802677154541, 2629
4.336140155792236, 2628
4.338209390640259, 2627
4.338209390640259, 2626
4.338209390640259, 2625
4.348324775695801, 2624
4.3584699630737305, 2623
4.368586540222168, 2622
4.37875509262085, 2621
4.37875509262085, 2620
4.399043321609497, 2619
4.409244537353516, 2618
4.419368267059326, 2617
4.419368267059326, 2616
4.419368267059326, 2615
4.42951226234436, 2614
4.42951226234436, 2613
4.42951226234436, 2612
4.437565565109253, 2611
4.437565565109253, 2610
4.439620494842529, 2609
4.470060586929321, 2608
4.470060586929321, 2607
4.480177640914917, 2606
4.490338563919067, 2605
4.498392820358276, 2604
4.50044846534729, 2603
4.510592460632324, 2602
4.520700216293335, 2601
4.530706405639648, 2600
4.546739339828491, 2599
4.555663824081421, 2598
4.555663824081421, 2597
4.606320142745972, 2596
4.606320142745972, 2595
4.624512434005737, 2594
4.626567840576172, 2593
4.626567840576172, 2592
4.634632349014282, 2591
4.636686325073242, 2590
4.636686325073242, 2589
4.6569366455078125, 2588
4.667088270187378, 2587
4.677194833755493, 2586
4.68733024597168, 2585
4.697448968887329, 2584
4.707582473754883, 2583
4.707582473754883, 2582
4.727823257446289, 2581
4.7379326820373535, 2580
4.7379326820373535, 2579
4.7480103969573975, 2578
4.758119583129883, 2577
4.758119583129883, 2576
4.768200397491455, 2575
4.768200397491455, 2574
4.768200397491455, 2573
4.768200397491455, 2572
4.768200397491455, 2571
4.778315305709839, 2570
4.808618783950806, 2569
4.808618783950806, 2568
4.818734407424927, 2567
4.818734407424927, 2566
4.84907603263855, 2565
4.8591835498809814, 2564
4.8591835498809814, 2563
4.8591835498809814, 2562
4.891942977905273, 2561
4.9020631313323975, 2560
4.922306299209595, 2559
4.922306299209595, 2558
4.932386159896851, 2557
4.942507266998291, 2556
4.942507266998291, 2555
4.952594041824341, 2554
4.952594041824341, 2553
4.992848873138428, 2552
5.013660192489624, 2551
5.031863212585449, 2550
5.03391695022583, 2549
5.044048070907593, 2548
5.044048070907593, 2547
5.0541651248931885, 2546
5.072175025939941, 2545
5.072175025939941, 2544
5.080226182937622, 2543
5.086832046508789, 2542
5.090439796447754, 2541
5.1005940437316895, 2540
5.1005940437316895, 2539
5.110708236694336, 2538
5.110708236694336, 2537
5.120826482772827, 2536
5.161394119262695, 2535
5.181657552719116, 2534
5.222139120101929, 2533
5.242418050765991, 2532
5.250473260879517, 2531
5.252526521682739, 2530
5.272783994674683, 2529
5.282970190048218, 2528
5.282970190048218, 2527
5.291032314300537, 2526
5.30118989944458, 2525
5.311299800872803, 2524
5.323519706726074, 2523
5.323519706726074, 2522
5.331576108932495, 2521
5.333638906478882, 2520
5.3417534828186035, 2519
5.3417534828186035, 2518
5.343807220458984, 2517
5.343807220458984, 2516
5.353939533233643, 2515
5.36407470703125, 2514
5.384323358535767, 2513
5.384323358535767, 2512
5.39237904548645, 2511
5.4126176834106445, 2510
5.414671182632446, 2509
5.424816370010376, 2508
5.424816370010376, 2507
5.424816370010376, 2506
5.445076942443848, 2505
5.465347051620483, 2504
5.475466728210449, 2503
5.475466728210449, 2502
5.475466728210449, 2501
5.485593557357788, 2500
5.485593557357788, 2499
5.503744840621948, 2498
5.506242990493774, 2497
5.506242990493774, 2496
5.514307737350464, 2495
5.53661847114563, 2494
5.53661847114563, 2493
5.54679799079895, 2492
5.565006971359253, 2491
5.577171087265015, 2490
5.577171087265015, 2489
5.5871312618255615, 2488
5.5871312618255615, 2487
5.60743260383606, 2486
5.60743260383606, 2485
5.60743260383606, 2484
5.60743260383606, 2483
5.60743260383606, 2482
5.648914337158203, 2481
5.709697008132935, 2480
5.709697008132935, 2479
5.709697008132935, 2478
5.719808578491211, 2477
5.719808578491211, 2476
5.727888107299805, 2475
5.729949712753296, 2474
5.750196218490601, 2473
5.760303020477295, 2472
5.770454168319702, 2471
5.770454168319702, 2470
5.790689468383789, 2469
5.800803184509277, 2468
5.800803184509277, 2467
5.800803184509277, 2466
5.800803184509277, 2465
5.810926914215088, 2464
5.821034908294678, 2463
5.829102993011475, 2462
5.831172227859497, 2461
5.831172227859497, 2460
5.841291666030884, 2459
5.861543416976929, 2458
5.903540372848511, 2457
5.9159910678863525, 2456
5.9260969161987305, 2455
5.93624472618103, 2454
5.966716051101685, 2453
5.966716051101685, 2452
6.0174171924591064, 2451
6.057927846908569, 2450
6.057927846908569, 2449
6.098482608795166, 2448
6.098482608795166, 2447
6.108615398406982, 2446
6.1202826499938965, 2445
6.139554023742676, 2444
6.14967155456543, 2443
6.1699395179748535, 2442
6.1699395179748535, 2441
6.1699395179748535, 2440
6.190219402313232, 2439
6.190219402313232, 2438
6.218531131744385, 2437
6.251008987426758, 2436
6.251008987426758, 2435
6.261123180389404, 2434
6.279617786407471, 2433
6.291842460632324, 2432
6.301972150802612, 2431
6.322227716445923, 2430
6.382988929748535, 2429
6.4112889766693115, 2428
6.413339376449585, 2427
6.4335949420928955, 2426
6.4437572956085205, 2425
6.461953639984131, 2424
6.484289169311523, 2423
6.484289169311523, 2422
6.504549264907837, 2421
6.555261611938477, 2420
6.56541895866394, 2419
6.60600471496582, 2418
6.60600471496582, 2417
6.636433839797974, 2416
6.646540880203247, 2415
6.662575006484985, 2414
6.662575006484985, 2413
6.713382959365845, 2412
6.723871469497681, 2411
6.7319440841674805, 2410
6.734010934829712, 2409
6.742041826248169, 2408
6.754244089126587, 2407
6.76440691947937, 2406
6.794792652130127, 2405
6.815080642700195, 2404
6.8252129554748535, 2403
6.8252129554748535, 2402
6.843384265899658, 2401
6.886030673980713, 2400
6.8961663246154785, 2399
6.926605701446533, 2398
6.936737537384033, 2397
6.946892738342285, 2396
6.967203140258789, 2395
6.987604141235352, 2394
6.987604141235352, 2393
7.028236150741577, 2392
7.048529863357544, 2391
7.069221019744873, 2390
7.1278910636901855, 2389
7.150248050689697, 2388
7.160383939743042, 2387
7.214807510375977, 2386
7.247565031051636, 2385
7.257709741592407, 2384
7.2657790184021, 2383
7.298259019851685, 2382
7.379730939865112, 2381
7.389864206314087, 2380
7.389864206314087, 2379
7.511346340179443, 2378
7.551874876022339, 2377
7.622812271118164, 2376
7.622812271118164, 2375
7.643096685409546, 2374
7.673517465591431, 2373
7.68361234664917, 2372
7.69374418258667, 2371
7.703845024108887, 2370
7.703845024108887, 2369
7.736146450042725, 2368
7.815138339996338, 2367
7.875910758972168, 2366
7.886042594909668, 2365
7.90631890296936, 2364
8.007948875427246, 2363
8.015984296798706, 2362
8.058526754379272, 2361
8.068661451339722, 2360
8.20037055015564, 2359
8.305383920669556, 2358
8.31551718711853, 2357
8.374231815338135, 2356
8.394512176513672, 2355
8.455319166183472, 2354
8.508114337921143, 2353
8.516183376312256, 2352
8.548638582229614, 2351
8.569265365600586, 2350
8.57940125465393, 2349
8.57940125465393, 2348
8.619633436203003, 2347
8.619633436203003, 2346
8.63977837562561, 2345
8.63977837562561, 2344
8.649969339370728, 2343
8.668168783187866, 2342
8.670224905014038, 2341
8.670224905014038, 2340
8.690495491027832, 2339
8.710784196853638, 2338
8.751247882843018, 2337
8.751247882843018, 2336
8.751247882843018, 2335
8.75930142402649, 2334
8.779430389404297, 2333
8.828528881072998, 2332
8.869029521942139, 2331
8.899424076080322, 2330
8.909533262252808, 2329
8.919715404510498, 2328
8.982285261154175, 2327
9.022818326950073, 2326
9.022818326950073, 2325
9.063328742980957, 2324
9.063328742980957, 2323
9.081531763076782, 2322
9.22360634803772, 2321
9.301783323287964, 2320
9.319159030914307, 2319
9.352524757385254, 2318
9.352524757385254, 2317
9.433805227279663, 2316
9.506778478622437, 2315
9.628368377685547, 2314
9.638525247573853, 2313
9.648638248443604, 2312
9.699331998825073, 2311
9.707388401031494, 2310
9.70945405960083, 2309
9.719593286514282, 2308
9.760107517242432, 2307
9.800991773605347, 2306
9.85940408706665, 2305
9.891938924789429, 2304
10.104566812515259, 2303
10.155089616775513, 2302
10.32706356048584, 2301
10.34730839729309, 2300
10.429070949554443, 2299
10.530360221862793, 2298
10.588934421539307, 2297
10.682209253311157, 2296
10.712585687637329, 2295
10.803733110427856, 2294
10.892728328704834, 2293
10.892728328704834, 2292
10.959343671798706, 2291
10.991798400878906, 2290
11.002340078353882, 2289
11.012450695037842, 2288
11.084739446640015, 2287
11.126147508621216, 2286
11.191625833511353, 2285
11.272860527038574, 2284
11.527044773101807, 2283
11.557406663894653, 2282
11.638857364654541, 2281
11.740278720855713, 2280
11.770678043365479, 2279
11.85165548324585, 2278
11.882047653198242, 2277
11.920508623123169, 2276
12.022071361541748, 2275
12.075550079345703, 2274
12.095808506011963, 2273
12.1038978099823, 2272
12.237984657287598, 2271
12.29677152633667, 2270
12.369713544845581, 2269
12.489428758621216, 2268
12.532033681869507, 2267
12.580374002456665, 2266
12.61265778541565, 2265
12.732192754745483, 2264
12.772516250610352, 2263
12.874389171600342, 2262
13.04867959022522, 2261
13.089161157608032, 2260
13.170146942138672, 2259
13.352129936218262, 2258
13.494190216064453, 2257
13.52457594871521, 2256
13.552963495254517, 2255
13.760583400726318, 2254
13.768661737442017, 2253
13.922415494918823, 2252
13.94092607498169, 2251
14.03413438796997, 2250
14.075186729431152, 2249
14.156031370162964, 2248
14.520977973937988, 2247
14.541241645812988, 2246
14.736303567886353, 2245
14.96938967704773, 2244
14.99773621559143, 2243
15.26448678970337, 2242
15.35607385635376, 2241
15.518759965896606, 2240
15.630156755447388, 2239
15.767385721206665, 2238
16.091989994049072, 2237
16.227559566497803, 2236
16.245787382125854, 2235
16.276378870010376, 2234
16.29878878593445, 2233
16.528677701950073, 2232
16.757770776748657, 2231
17.224048614501953, 2230
17.463796138763428, 2229
17.666632652282715, 2228
18.082887172698975, 2227
18.71405601501465, 2226
18.754613399505615, 2225
19.33824396133423, 2224
19.459752082824707, 2223
20.023415327072144, 2222
21.414186477661133, 2221
21.542070865631104, 2220
22.618573904037476, 2219
24.231735944747925, 2218
26.930797576904297, 2217
34.209553718566895, 2216
34.37492513656616, 2215
34.403221130371094, 2214
39.69464612007141, 2213
47.417518854141235, 2212
50.12580585479736, 2211
52.79985761642456, 2210
63.89400291442871, 2209
64.43713235855103, 2208
68.09648537635803, 2207
70.62980008125305, 2206
73.22568964958191, 2205
75.46096181869507, 2204
96.20223808288574, 2203
