0.44363999366760254, 2262
0.789175271987915, 2261
1.249284267425537, 2260
1.5280990600585938, 2259
1.593238115310669, 2258
1.755737543106079, 2257
1.9200983047485352, 2256
2.1647510528564453, 2255
2.195542812347412, 2254
2.251433849334717, 2253
2.61207914352417, 2252
2.770345687866211, 2251
2.934739112854004, 2250
3.1126627922058105, 2249
3.413414716720581, 2248
3.583665370941162, 2247
3.7036941051483154, 2246
3.8490169048309326, 2245
3.9717607498168945, 2244
4.174657583236694, 2243
4.371926784515381, 2242
4.467908620834351, 2241
4.608046054840088, 2240
4.63944149017334, 2239
4.690648794174194, 2238
4.9896416664123535, 2237
5.721460580825806, 2236
5.855617523193359, 2235
5.983797073364258, 2234
6.615151643753052, 2233
6.907940864562988, 2232
7.4698827266693115, 2231
7.596664667129517, 2230
7.599801301956177, 2229
8.487279415130615, 2228
9.282000303268433, 2227
9.364104270935059, 2226
9.423476457595825, 2225
9.464144945144653, 2224
9.757898807525635, 2223
11.952600002288818, 2222
12.193268537521362, 2221
14.195000171661377, 2220
19.057761192321777, 2219
21.45045304298401, 2218
23.45992088317871, 2217
23.694637060165405, 2216
27.781432390213013, 2215
29.52128767967224, 2214
29.888780117034912, 2213
32.527021169662476, 2212
33.57921648025513, 2211
36.15993547439575, 2210
36.396848917007446, 2209
37.11808896064758, 2208
