0.032000064849853516, 4941
0.039998769760131836, 4940
0.039998769760131836, 4939
0.039998769760131836, 4938
0.039998769760131836, 4937
0.039998769760131836, 4936
0.039998769760131836, 4935
0.039998769760131836, 4934
0.039998769760131836, 4933
0.039998769760131836, 4932
0.039998769760131836, 4931
0.04799985885620117, 4930
0.04799985885620117, 4929
0.04799985885620117, 4928
0.04799985885620117, 4927
0.04799985885620117, 4926
0.04799985885620117, 4925
0.04799985885620117, 4924
0.04799985885620117, 4923
0.04799985885620117, 4922
0.04799985885620117, 4921
0.04799985885620117, 4920
0.0559992790222168, 4919
0.0559992790222168, 4918
0.0559992790222168, 4917
0.0559992790222168, 4916
0.0559992790222168, 4915
0.0559992790222168, 4914
0.0559992790222168, 4913
0.0559992790222168, 4912
0.0559992790222168, 4911
0.0559992790222168, 4910
0.0559992790222168, 4909
0.06400060653686523, 4908
0.06400060653686523, 4907
0.06400060653686523, 4906
0.06400060653686523, 4905
0.06400060653686523, 4904
0.06400060653686523, 4903
0.06400060653686523, 4902
0.06400060653686523, 4901
0.06400060653686523, 4900
0.06400060653686523, 4899
0.07199931144714355, 4898
0.07199931144714355, 4897
0.07199931144714355, 4896
0.07199931144714355, 4895
0.07199931144714355, 4894
0.07199931144714355, 4893
0.07199931144714355, 4892
0.07199931144714355, 4891
0.07199931144714355, 4890
0.07199931144714355, 4889
0.07199931144714355, 4888
0.07999992370605469, 4887
0.07999992370605469, 4886
0.07999992370605469, 4885
0.07999992370605469, 4884
0.07999992370605469, 4883
0.07999992370605469, 4882
0.07999992370605469, 4881
0.07999992370605469, 4880
0.07999992370605469, 4879
0.07999992370605469, 4878
0.08799862861633301, 4877
0.08799862861633301, 4876
0.08799862861633301, 4875
0.08799862861633301, 4874
0.08799862861633301, 4873
0.08799862861633301, 4872
0.08799862861633301, 4871
0.08799862861633301, 4870
0.08799862861633301, 4869
0.08799862861633301, 4868
0.08799862861633301, 4867
0.09604120254516602, 4866
0.09604120254516602, 4865
0.09604120254516602, 4864
0.09604120254516602, 4863
0.09604120254516602, 4862
0.09604120254516602, 4861
0.09604120254516602, 4860
0.09604120254516602, 4859
0.09604120254516602, 4858
0.09604120254516602, 4857
0.09604120254516602, 4856
0.10399913787841797, 4855
0.10399913787841797, 4854
0.10399913787841797, 4853
0.10399913787841797, 4852
0.10399913787841797, 4851
0.10399913787841797, 4850
0.10399913787841797, 4849
0.10399913787841797, 4848
0.10399913787841797, 4847
0.11200094223022461, 4846
0.11200094223022461, 4845
0.11200094223022461, 4844
0.11200094223022461, 4843
0.11200094223022461, 4842
0.11200094223022461, 4841
0.12003588676452637, 4840
0.12003588676452637, 4839
0.12003588676452637, 4838
0.12003588676452637, 4837
0.12003588676452637, 4836
0.12003588676452637, 4835
0.12800097465515137, 4834
0.12800097465515137, 4833
0.12800097465515137, 4832
0.12800097465515137, 4831
0.12800097465515137, 4830
0.12800097465515137, 4829
0.12800097465515137, 4828
0.12800097465515137, 4827
0.12800097465515137, 4826
0.13599944114685059, 4825
0.13599944114685059, 4824
0.13599944114685059, 4823
0.13599944114685059, 4822
0.13599944114685059, 4821
0.13599944114685059, 4820
0.13599944114685059, 4819
0.14400744438171387, 4818
0.14400744438171387, 4817
0.14400744438171387, 4816
0.14400744438171387, 4815
0.14400744438171387, 4814
0.14400744438171387, 4813
0.14400744438171387, 4812
0.14400744438171387, 4811
0.14400744438171387, 4810
0.15200042724609375, 4809
0.15200042724609375, 4808
0.15200042724609375, 4807
0.15200042724609375, 4806
0.15200042724609375, 4805
0.15200042724609375, 4804
0.15200042724609375, 4803
0.15200042724609375, 4802
0.15200042724609375, 4801
0.15200042724609375, 4800
0.16000127792358398, 4799
0.16000127792358398, 4798
0.16000127792358398, 4797
0.16000127792358398, 4796
0.16000127792358398, 4795
0.16000127792358398, 4794
0.16000127792358398, 4793
0.16000127792358398, 4792
0.16000127792358398, 4791
0.1680150032043457, 4790
0.1680150032043457, 4789
0.1680150032043457, 4788
0.1680150032043457, 4787
0.1680150032043457, 4786
0.1680150032043457, 4785
0.1680150032043457, 4784
0.1680150032043457, 4783
0.1680150032043457, 4782
0.17599987983703613, 4781
0.17599987983703613, 4780
0.17599987983703613, 4779
0.17599987983703613, 4778
0.18400073051452637, 4777
0.18400073051452637, 4776
0.18400073051452637, 4775
0.18400073051452637, 4774
0.18400073051452637, 4773
0.18400073051452637, 4772
0.18400073051452637, 4771
0.1920015811920166, 4770
0.1920015811920166, 4769
0.1920015811920166, 4768
0.1920015811920166, 4767
0.1920015811920166, 4766
0.1920015811920166, 4765
0.1920015811920166, 4764
0.1920015811920166, 4763
0.1920015811920166, 4762
0.20000290870666504, 4761
0.20000290870666504, 4760
0.20000290870666504, 4759
0.20000290870666504, 4758
0.20000290870666504, 4757
0.20000290870666504, 4756
0.20000290870666504, 4755
0.20000290870666504, 4754
0.20800232887268066, 4753
0.20800232887268066, 4752
0.20800232887268066, 4751
0.20800232887268066, 4750
0.20800232887268066, 4749
0.21600008010864258, 4748
0.21600008010864258, 4747
0.21600008010864258, 4746
0.21600008010864258, 4745
0.22400212287902832, 4744
0.22400212287902832, 4743
0.22400212287902832, 4742
0.23200535774230957, 4741
0.23200535774230957, 4740
0.23200535774230957, 4739
0.23200535774230957, 4738
0.23200535774230957, 4737
0.23200535774230957, 4736
0.23200535774230957, 4735
0.23200535774230957, 4734
0.23200535774230957, 4733
0.23200535774230957, 4732
0.2400059700012207, 4731
0.2400059700012207, 4730
0.2400059700012207, 4729
0.2400059700012207, 4728
0.2400059700012207, 4727
0.2400059700012207, 4726
0.2400059700012207, 4725
0.2400059700012207, 4724
0.24801278114318848, 4723
0.24801278114318848, 4722
0.24801278114318848, 4721
0.24801278114318848, 4720
0.24801278114318848, 4719
0.24801278114318848, 4718
0.24801278114318848, 4717
0.24801278114318848, 4716
0.24801278114318848, 4715
0.2560114860534668, 4714
0.2560114860534668, 4713
0.2560114860534668, 4712
0.2560114860534668, 4711
0.2560114860534668, 4710
0.2560114860534668, 4709
0.2560114860534668, 4708
0.2560114860534668, 4707
0.2560114860534668, 4706
0.2640109062194824, 4705
0.2640109062194824, 4704
0.2640109062194824, 4703
0.2640109062194824, 4702
0.2640109062194824, 4701
0.2640109062194824, 4700
0.2640109062194824, 4699
0.2640109062194824, 4698
0.2640109062194824, 4697
0.2720005512237549, 4696
0.2720005512237549, 4695
0.2720005512237549, 4694
0.2720005512237549, 4693
0.2720005512237549, 4692
0.2800416946411133, 4691
0.2800416946411133, 4690
0.2800416946411133, 4689
0.2800416946411133, 4688
0.2800416946411133, 4687
0.2800416946411133, 4686
0.2800416946411133, 4685
0.2800416946411133, 4684
0.2800416946411133, 4683
0.2880394458770752, 4682
0.2880394458770752, 4681
0.2880394458770752, 4680
0.2880394458770752, 4679
0.2880394458770752, 4678
0.2880394458770752, 4677
0.29601192474365234, 4676
0.29601192474365234, 4675
0.29601192474365234, 4674
0.29601192474365234, 4673
0.29601192474365234, 4672
0.29601192474365234, 4671
0.29601192474365234, 4670
0.29601192474365234, 4669
0.29601192474365234, 4668
0.29601192474365234, 4667
0.29601192474365234, 4666
0.30403614044189453, 4665
0.30403614044189453, 4664
0.30403614044189453, 4663
0.30403614044189453, 4662
0.30403614044189453, 4661
0.30403614044189453, 4660
0.30403614044189453, 4659
0.30403614044189453, 4658
0.31203532218933105, 4657
0.31203532218933105, 4656
0.31203532218933105, 4655
0.31203532218933105, 4654
0.31203532218933105, 4653
0.31203532218933105, 4652
0.31203532218933105, 4651
0.31203532218933105, 4650
0.31203532218933105, 4649
0.320037841796875, 4648
0.320037841796875, 4647
0.320037841796875, 4646
0.320037841796875, 4645
0.320037841796875, 4644
0.3280067443847656, 4643
0.3280067443847656, 4642
0.3280067443847656, 4641
0.3280067443847656, 4640
0.3280067443847656, 4639
0.3280067443847656, 4638
0.3280067443847656, 4637
0.3280067443847656, 4636
0.3280067443847656, 4635
0.3280067443847656, 4634
0.3359992504119873, 4633
0.3359992504119873, 4632
0.3359992504119873, 4631
0.3359992504119873, 4630
0.3359992504119873, 4629
0.3359992504119873, 4628
0.3359992504119873, 4627
0.3359992504119873, 4626
0.3359992504119873, 4625
0.34400105476379395, 4624
0.34400105476379395, 4623
0.34400105476379395, 4622
0.34400105476379395, 4621
0.34400105476379395, 4620
0.34400105476379395, 4619
0.34400105476379395, 4618
0.35200953483581543, 4617
0.35200953483581543, 4616
0.35200953483581543, 4615
0.35200953483581543, 4614
0.35200953483581543, 4613
0.35200953483581543, 4612
0.35200953483581543, 4611
0.35200953483581543, 4610
0.35200953483581543, 4609
0.35200953483581543, 4608
0.35200953483581543, 4607
0.36006712913513184, 4606
0.36006712913513184, 4605
0.36006712913513184, 4604
0.36006712913513184, 4603
0.36006712913513184, 4602
0.36006712913513184, 4601
0.36006712913513184, 4600
0.36803770065307617, 4599
0.36803770065307617, 4598
0.36803770065307617, 4597
0.36803770065307617, 4596
0.36803770065307617, 4595
0.36803770065307617, 4594
0.36803770065307617, 4593
0.36803770065307617, 4592
0.36803770065307617, 4591
0.37600183486938477, 4590
0.37600183486938477, 4589
0.37600183486938477, 4588
0.37600183486938477, 4587
0.37600183486938477, 4586
0.37600183486938477, 4585
0.37600183486938477, 4584
0.38403797149658203, 4583
0.38403797149658203, 4582
0.38403797149658203, 4581
0.38403797149658203, 4580
0.38403797149658203, 4579
0.38403797149658203, 4578
0.38403797149658203, 4577
0.38403797149658203, 4576
0.38403797149658203, 4575
0.38403797149658203, 4574
0.3919999599456787, 4573
0.3919999599456787, 4572
0.3919999599456787, 4571
0.3919999599456787, 4570
0.3919999599456787, 4569
0.40003514289855957, 4568
0.40003514289855957, 4567
0.40003514289855957, 4566
0.40003514289855957, 4565
0.40003514289855957, 4564
0.40003514289855957, 4563
0.40003514289855957, 4562
0.40003514289855957, 4561
0.40003514289855957, 4560
0.40003514289855957, 4559
0.40003514289855957, 4558
0.40003514289855957, 4557
0.40003514289855957, 4556
0.40003514289855957, 4555
0.4080357551574707, 4554
0.4080357551574707, 4553
0.4080357551574707, 4552
0.4080357551574707, 4551
0.4080357551574707, 4550
0.4080357551574707, 4549
0.41604065895080566, 4548
0.41604065895080566, 4547
0.41604065895080566, 4546
0.41604065895080566, 4545
0.41604065895080566, 4544
0.41604065895080566, 4543
0.41604065895080566, 4542
0.41604065895080566, 4541
0.4240453243255615, 4540
0.4240453243255615, 4539
0.4240453243255615, 4538
0.4240453243255615, 4537
0.4240453243255615, 4536
0.4240453243255615, 4535
0.4240453243255615, 4534
0.43200111389160156, 4533
0.43200111389160156, 4532
0.43200111389160156, 4531
0.43200111389160156, 4530
0.43200111389160156, 4529
0.43200111389160156, 4528
0.43200111389160156, 4527
0.43200111389160156, 4526
0.43200111389160156, 4525
0.43200111389160156, 4524
0.43200111389160156, 4523
0.43200111389160156, 4522
0.43200111389160156, 4521
0.4399995803833008, 4520
0.4399995803833008, 4519
0.4399995803833008, 4518
0.4399995803833008, 4517
0.4399995803833008, 4516
0.448009729385376, 4515
0.448009729385376, 4514
0.448009729385376, 4513
0.45601558685302734, 4512
0.45601558685302734, 4511
0.45601558685302734, 4510
0.45601558685302734, 4509
0.45601558685302734, 4508
0.45601558685302734, 4507
0.46403932571411133, 4506
0.46403932571411133, 4505
0.46403932571411133, 4504
0.46403932571411133, 4503
0.46403932571411133, 4502
0.47203707695007324, 4501
0.47203707695007324, 4500
0.47203707695007324, 4499
0.47203707695007324, 4498
0.47203707695007324, 4497
0.48000383377075195, 4496
0.48000383377075195, 4495
0.48000383377075195, 4494
0.48000383377075195, 4493
0.48000383377075195, 4492
0.48000383377075195, 4491
0.4880404472351074, 4490
0.4880404472351074, 4489
0.4880404472351074, 4488
0.4880404472351074, 4487
0.4880404472351074, 4486
0.4960644245147705, 4485
0.4960644245147705, 4484
0.4960644245147705, 4483
0.4960644245147705, 4482
0.4960644245147705, 4481
0.4960644245147705, 4480
0.4960644245147705, 4479
0.4960644245147705, 4478
0.4960644245147705, 4477
0.4960644245147705, 4476
0.5040040016174316, 4475
0.5040040016174316, 4474
0.5040040016174316, 4473
0.5040040016174316, 4472
0.5040040016174316, 4471
0.5040040016174316, 4470
0.5040040016174316, 4469
0.5040040016174316, 4468
0.5040040016174316, 4467
0.5040040016174316, 4466
0.5120389461517334, 4465
0.5120389461517334, 4464
0.5120389461517334, 4463
0.5120389461517334, 4462
0.5120389461517334, 4461
0.5120389461517334, 4460
0.5120389461517334, 4459
0.5120389461517334, 4458
0.520035982131958, 4457
0.520035982131958, 4456
0.520035982131958, 4455
0.520035982131958, 4454
0.520035982131958, 4453
0.520035982131958, 4452
0.520035982131958, 4451
0.520035982131958, 4450
0.5279996395111084, 4449
0.5279996395111084, 4448
0.5279996395111084, 4447
0.5279996395111084, 4446
0.535999059677124, 4445
0.535999059677124, 4444
0.535999059677124, 4443
0.535999059677124, 4442
0.535999059677124, 4441
0.535999059677124, 4440
0.535999059677124, 4439
0.535999059677124, 4438
0.5440018177032471, 4437
0.5440018177032471, 4436
0.5440018177032471, 4435
0.5440018177032471, 4434
0.5440018177032471, 4433
0.5440018177032471, 4432
0.5440018177032471, 4431
0.5520000457763672, 4430
0.5520000457763672, 4429
0.5520000457763672, 4428
0.5520000457763672, 4427
0.5520000457763672, 4426
0.5520000457763672, 4425
0.5520000457763672, 4424
0.5520000457763672, 4423
0.5600082874298096, 4422
0.5600082874298096, 4421
0.5600082874298096, 4420
0.5600082874298096, 4419
0.5600082874298096, 4418
0.5600082874298096, 4417
0.5600082874298096, 4416
0.5600082874298096, 4415
0.5679991245269775, 4414
0.5679991245269775, 4413
0.5679991245269775, 4412
0.5679991245269775, 4411
0.5679991245269775, 4410
0.5679991245269775, 4409
0.5679991245269775, 4408
0.5679991245269775, 4407
0.5679991245269775, 4406
0.5760011672973633, 4405
0.5760011672973633, 4404
0.5760011672973633, 4403
0.5760011672973633, 4402
0.5840649604797363, 4401
0.5840649604797363, 4400
0.5840649604797363, 4399
0.5840649604797363, 4398
0.5840649604797363, 4397
0.5840649604797363, 4396
0.5840649604797363, 4395
0.5840649604797363, 4394
0.5840649604797363, 4393
0.5920069217681885, 4392
0.5920069217681885, 4391
0.6000378131866455, 4390
0.6000378131866455, 4389
0.6000378131866455, 4388
0.6000378131866455, 4387
0.6000378131866455, 4386
0.6000378131866455, 4385
0.6000378131866455, 4384
0.6080343723297119, 4383
0.6080343723297119, 4382
0.6080343723297119, 4381
0.6080343723297119, 4380
0.6080343723297119, 4379
0.6080343723297119, 4378
0.6080343723297119, 4377
0.6160027980804443, 4376
0.6160027980804443, 4375
0.6160027980804443, 4374
0.6160027980804443, 4373
0.6160027980804443, 4372
0.6160027980804443, 4371
0.6160027980804443, 4370
0.6160027980804443, 4369
0.6160027980804443, 4368
0.6160027980804443, 4367
0.6160027980804443, 4366
0.6160027980804443, 4365
0.6240017414093018, 4364
0.6240017414093018, 4363
0.6240017414093018, 4362
0.6240017414093018, 4361
0.6240017414093018, 4360
0.6240017414093018, 4359
0.6240017414093018, 4358
0.6240017414093018, 4357
0.632037878036499, 4356
0.632037878036499, 4355
0.632037878036499, 4354
0.632037878036499, 4353
0.632037878036499, 4352
0.632037878036499, 4351
0.6400418281555176, 4350
0.6400418281555176, 4349
0.6400418281555176, 4348
0.6400418281555176, 4347
0.6480412483215332, 4346
0.6480412483215332, 4345
0.6480412483215332, 4344
0.6480412483215332, 4343
0.6560397148132324, 4342
0.6560397148132324, 4341
0.6560397148132324, 4340
0.6560397148132324, 4339
0.6560397148132324, 4338
0.6640207767486572, 4337
0.6640207767486572, 4336
0.6640207767486572, 4335
0.6720092296600342, 4334
0.6720092296600342, 4333
0.6800401210784912, 4332
0.6800401210784912, 4331
0.6800401210784912, 4330
0.6800401210784912, 4329
0.6800401210784912, 4328
0.6880242824554443, 4327
0.6914641857147217, 4326
0.6925463676452637, 4325
0.6969389915466309, 4324
0.700310468673706, 4323
0.7014925479888916, 4322
0.7037005424499512, 4321
0.7037005424499512, 4320
0.7037005424499512, 4319
0.7037005424499512, 4318
0.7037005424499512, 4317
0.7037005424499512, 4316
0.7117652893066406, 4315
0.7117652893066406, 4314
0.7117652893066406, 4313
0.7117652893066406, 4312
0.7117652893066406, 4311
0.7117652893066406, 4310
0.7117652893066406, 4309
0.7197704315185547, 4308
0.7197704315185547, 4307
0.7197704315185547, 4306
0.7197704315185547, 4305
0.727759599685669, 4304
0.727759599685669, 4303
0.7357432842254639, 4302
0.7357432842254639, 4301
0.7437283992767334, 4300
0.7437283992767334, 4299
0.7437283992767334, 4298
0.7518367767333984, 4297
0.7518367767333984, 4296
0.7518367767333984, 4295
0.7597544193267822, 4294
0.7597544193267822, 4293
0.7597544193267822, 4292
0.7597544193267822, 4291
0.7597544193267822, 4290
0.7597544193267822, 4289
0.7597544193267822, 4288
0.767794132232666, 4287
0.767794132232666, 4286
0.767794132232666, 4285
0.7837424278259277, 4284
0.7837424278259277, 4283
0.791731595993042, 4282
0.791731595993042, 4281
0.791731595993042, 4280
0.791731595993042, 4279
0.791731595993042, 4278
0.791731595993042, 4277
0.7997241020202637, 4276
0.7997241020202637, 4275
0.7997241020202637, 4274
0.8078258037567139, 4273
0.8078258037567139, 4272
0.8078258037567139, 4271
0.8078258037567139, 4270
0.8157260417938232, 4269
0.8157260417938232, 4268
0.8157260417938232, 4267
0.8237400054931641, 4266
0.8237400054931641, 4265
0.8237400054931641, 4264
0.8317241668701172, 4263
0.8317241668701172, 4262
0.8317241668701172, 4261
0.8317241668701172, 4260
0.8317241668701172, 4259
0.8317241668701172, 4258
0.8397312164306641, 4257
0.8397312164306641, 4256
0.8397312164306641, 4255
0.8397312164306641, 4254
0.8397312164306641, 4253
0.8397312164306641, 4252
0.8397312164306641, 4251
0.8477332592010498, 4250
0.8477332592010498, 4249
0.8557224273681641, 4248
0.8557224273681641, 4247
0.8557224273681641, 4246
0.8557224273681641, 4245
0.8637340068817139, 4244
0.8637340068817139, 4243
0.8637340068817139, 4242
0.8637340068817139, 4241
0.8637340068817139, 4240
0.8637340068817139, 4239
0.8717503547668457, 4238
0.8717503547668457, 4237
0.8717503547668457, 4236
0.8717503547668457, 4235
0.8797392845153809, 4234
0.8797392845153809, 4233
0.8797392845153809, 4232
0.8797392845153809, 4231
0.8797392845153809, 4230
0.8797392845153809, 4229
0.8877284526824951, 4228
0.8877284526824951, 4227
0.8877284526824951, 4226
0.8877284526824951, 4225
0.8877284526824951, 4224
0.8877284526824951, 4223
0.8877284526824951, 4222
0.8877284526824951, 4221
0.8957302570343018, 4220
0.8957302570343018, 4219
0.8957302570343018, 4218
0.8957302570343018, 4217
0.8957302570343018, 4216
0.9037249088287354, 4215
0.9037249088287354, 4214
0.9037249088287354, 4213
0.9037249088287354, 4212
0.9037249088287354, 4211
0.9117236137390137, 4210
0.9117236137390137, 4209
0.9117236137390137, 4208
0.9117236137390137, 4207
0.9117236137390137, 4206
0.9117236137390137, 4205
0.9197237491607666, 4204
0.9197237491607666, 4203
0.9197237491607666, 4202
0.9277224540710449, 4201
0.9277224540710449, 4200
0.9277224540710449, 4199
0.9277224540710449, 4198
0.9277224540710449, 4197
0.9357209205627441, 4196
0.9357209205627441, 4195
0.9357209205627441, 4194
0.9437367916107178, 4193
0.9437367916107178, 4192
0.9437367916107178, 4191
0.9437367916107178, 4190
0.9517216682434082, 4189
0.9517216682434082, 4188
0.9517216682434082, 4187
0.9597396850585938, 4186
0.9597396850585938, 4185
0.9677214622497559, 4184
0.9677214622497559, 4183
0.9677214622497559, 4182
0.9758937358856201, 4181
0.9758937358856201, 4180
0.9837579727172852, 4179
0.9837579727172852, 4178
0.9837579727172852, 4177
0.9837579727172852, 4176
0.9837579727172852, 4175
0.9837579727172852, 4174
0.9918038845062256, 4173
0.9918038845062256, 4172
0.9918038845062256, 4171
0.9918038845062256, 4170
0.9918038845062256, 4169
0.9918038845062256, 4168
0.9997730255126953, 4167
0.9997730255126953, 4166
0.9997730255126953, 4165
0.9997730255126953, 4164
0.9997730255126953, 4163
0.9997730255126953, 4162
1.0078551769256592, 4161
1.0078551769256592, 4160
1.0078551769256592, 4159
1.0157856941223145, 4158
1.0157856941223145, 4157
1.0157856941223145, 4156
1.0237839221954346, 4155
1.025991678237915, 4154
1.0271072387695312, 4153
1.0271072387695312, 4152
1.0293912887573242, 4151
1.0293912887573242, 4150
1.0304450988769531, 4149
1.0304450988769531, 4148
1.0331485271453857, 4147
1.0331485271453857, 4146
1.0354185104370117, 4145
1.0365650653839111, 4144
1.0365650653839111, 4143
1.037667989730835, 4142
1.037667989730835, 4141
1.037667989730835, 4140
1.037667989730835, 4139
1.037667989730835, 4138
1.037667989730835, 4137
1.0422735214233398, 4136
1.0443153381347656, 4135
1.0443153381347656, 4134
1.0443153381347656, 4133
1.0443153381347656, 4132
1.0443153381347656, 4131
1.052332878112793, 4130
1.054490327835083, 4129
1.054572343826294, 4128
1.054572343826294, 4127
1.054572343826294, 4126
1.062565565109253, 4125
1.0645771026611328, 4124
1.0645771026611328, 4123
1.0645771026611328, 4122
1.0645771026611328, 4121
1.0725858211517334, 4120
1.0725858211517334, 4119
1.0752394199371338, 4118
1.0752394199371338, 4117
1.0752394199371338, 4116
1.0752394199371338, 4115
1.0752394199371338, 4114
1.0752394199371338, 4113
1.0752394199371338, 4112
1.0752394199371338, 4111
1.0752394199371338, 4110
1.0752394199371338, 4109
1.083235502243042, 4108
1.083235502243042, 4107
1.083235502243042, 4106
1.083235502243042, 4105
1.083235502243042, 4104
1.083235502243042, 4103
1.083235502243042, 4102
1.083235502243042, 4101
1.083235502243042, 4100
1.083235502243042, 4099
1.083235502243042, 4098
1.0912306308746338, 4097
1.0912306308746338, 4096
1.0912306308746338, 4095
1.0912306308746338, 4094
1.0912306308746338, 4093
1.0912306308746338, 4092
1.0912306308746338, 4091
1.0992348194122314, 4090
1.0992348194122314, 4089
1.1013846397399902, 4088
1.1013846397399902, 4087
1.1013846397399902, 4086
1.1013846397399902, 4085
1.1013846397399902, 4084
1.1013846397399902, 4083
1.1013846397399902, 4082
1.1013846397399902, 4081
1.1013846397399902, 4080
1.1013846397399902, 4079
1.1013846397399902, 4078
1.1117432117462158, 4077
1.1117432117462158, 4076
1.1117432117462158, 4075
1.1117432117462158, 4074
1.1196544170379639, 4073
1.1196544170379639, 4072
1.1196544170379639, 4071
1.1196544170379639, 4070
1.1196544170379639, 4069
1.1257283687591553, 4068
1.1257283687591553, 4067
1.1257283687591553, 4066
1.1257283687591553, 4065
1.1257283687591553, 4064
1.1257283687591553, 4063
1.1257283687591553, 4062
1.1257283687591553, 4061
1.1257283687591553, 4060
1.1337120532989502, 4059
1.1358938217163086, 4058
1.1358938217163086, 4057
1.1358938217163086, 4056
1.1358938217163086, 4055
1.1358938217163086, 4054
1.1358938217163086, 4053
1.1358938217163086, 4052
1.1438515186309814, 4051
1.1461033821105957, 4050
1.1461033821105957, 4049
1.1461033821105957, 4048
1.1461033821105957, 4047
1.1461033821105957, 4046
1.1461033821105957, 4045
1.1461033821105957, 4044
1.1461033821105957, 4043
1.1461033821105957, 4042
1.1540648937225342, 4041
1.1540648937225342, 4040
1.1540648937225342, 4039
1.1593823432922363, 4038
1.1593823432922363, 4037
1.1593823432922363, 4036
1.1593823432922363, 4035
1.1593823432922363, 4034
1.1670408248901367, 4033
1.1670408248901367, 4032
1.1670408248901367, 4031
1.1670408248901367, 4030
1.175041675567627, 4029
1.1770594120025635, 4028
1.1770594120025635, 4027
1.1770594120025635, 4026
1.1770594120025635, 4025
1.1770594120025635, 4024
1.1770594120025635, 4023
1.1770594120025635, 4022
1.1770594120025635, 4021
1.1770594120025635, 4020
1.1850230693817139, 4019
1.1850230693817139, 4018
1.1850230693817139, 4017
1.1850230693817139, 4016
1.1872320175170898, 4015
1.1872320175170898, 4014
1.1872320175170898, 4013
1.1872320175170898, 4012
1.1872320175170898, 4011
1.1952612400054932, 4010
1.1952612400054932, 4009
1.1952612400054932, 4008
1.203303337097168, 4007
1.203303337097168, 4006
1.203303337097168, 4005
1.203303337097168, 4004
1.2113151550292969, 4003
1.2113151550292969, 4002
1.2113151550292969, 4001
1.213674783706665, 4000
1.213674783706665, 3999
1.213674783706665, 3998
1.213674783706665, 3997
1.2215888500213623, 3996
1.2215888500213623, 3995
1.2215888500213623, 3994
1.2257773876190186, 3993
1.2257773876190186, 3992
1.2257773876190186, 3991
1.2257773876190186, 3990
1.2257773876190186, 3989
1.2257773876190186, 3988
1.2337596416473389, 3987
1.2337596416473389, 3986
1.2337596416473389, 3985
1.2360656261444092, 3984
1.2360656261444092, 3983
1.2360656261444092, 3982
1.2360656261444092, 3981
1.2360656261444092, 3980
1.2360656261444092, 3979
1.2360656261444092, 3978
1.2360656261444092, 3977
1.2462468147277832, 3976
1.2462468147277832, 3975
1.2462468147277832, 3974
1.2541871070861816, 3973
1.2541871070861816, 3972
1.259218692779541, 3971
1.259218692779541, 3970
1.259218692779541, 3969
1.259218692779541, 3968
1.2671537399291992, 3967
1.269178867340088, 3966
1.269178867340088, 3965
1.2771756649017334, 3964
1.2771756649017334, 3963
1.2793865203857422, 3962
1.2793865203857422, 3961
1.2793865203857422, 3960
1.2793865203857422, 3959
1.2793865203857422, 3958
1.2873694896697998, 3957
1.2873694896697998, 3956
1.2895045280456543, 3955
1.2895045280456543, 3954
1.2895045280456543, 3953
1.2895045280456543, 3952
1.2895045280456543, 3951
1.2975468635559082, 3950
1.2975468635559082, 3949
1.2975468635559082, 3948
1.2975468635559082, 3947
1.2975468635559082, 3946
1.2975468635559082, 3945
1.2975468635559082, 3944
1.3055620193481445, 3943
1.3055620193481445, 3942
1.3055620193481445, 3941
1.3055620193481445, 3940
1.3055620193481445, 3939
1.3055620193481445, 3938
1.3055620193481445, 3937
1.3055620193481445, 3936
1.3135948181152344, 3935
1.3135948181152344, 3934
1.3135948181152344, 3933
1.3135948181152344, 3932
1.3135948181152344, 3931
1.3216214179992676, 3930
1.3216214179992676, 3929
1.3216214179992676, 3928
1.3296372890472412, 3927
1.3317890167236328, 3926
1.3317890167236328, 3925
1.3317890167236328, 3924
1.3317890167236328, 3923
1.3317890167236328, 3922
1.3317890167236328, 3921
1.3317890167236328, 3920
1.339806318283081, 3919
1.339806318283081, 3918
1.339806318283081, 3917
1.342317819595337, 3916
1.342317819595337, 3915
1.342317819595337, 3914
1.342317819595337, 3913
1.342317819595337, 3912
1.342317819595337, 3911
1.342317819595337, 3910
1.3503129482269287, 3909
1.3503129482269287, 3908
1.3503129482269287, 3907
1.3503129482269287, 3906
1.3503129482269287, 3905
1.3503129482269287, 3904
1.3503129482269287, 3903
1.3503129482269287, 3902
1.358271837234497, 3901
1.358271837234497, 3900
1.358271837234497, 3899
1.358271837234497, 3898
1.358271837234497, 3897
1.3665540218353271, 3896
1.3665540218353271, 3895
1.3686223030090332, 3894
1.3686223030090332, 3893
1.3686223030090332, 3892
1.3766391277313232, 3891
1.3790128231048584, 3890
1.3790128231048584, 3889
1.3790128231048584, 3888
1.386958122253418, 3887
1.386958122253418, 3886
1.386958122253418, 3885
1.3924999237060547, 3884
1.3924999237060547, 3883
1.3924999237060547, 3882
1.3924999237060547, 3881
1.3924999237060547, 3880
1.3924999237060547, 3879
1.3924999237060547, 3878
1.4003946781158447, 3877
1.4003946781158447, 3876
1.4003946781158447, 3875
1.4003946781158447, 3874
1.40840744972229, 3873
1.40840744972229, 3872
1.40840744972229, 3871
1.40840744972229, 3870
1.4185643196105957, 3869
1.4185643196105957, 3868
1.4185643196105957, 3867
1.4185643196105957, 3866
1.4185643196105957, 3865
1.4185643196105957, 3864
1.4185643196105957, 3863
1.4185643196105957, 3862
1.4185643196105957, 3861
1.4264929294586182, 3860
1.4264929294586182, 3859
1.428694486618042, 3858
1.428694486618042, 3857
1.4366395473480225, 3856
1.4366395473480225, 3855
1.4366395473480225, 3854
1.4366395473480225, 3853
1.4424147605895996, 3852
1.4424147605895996, 3851
1.4424147605895996, 3850
1.4424147605895996, 3849
1.4424147605895996, 3848
1.4424147605895996, 3847
1.4424147605895996, 3846
1.4424147605895996, 3845
1.4424147605895996, 3844
1.450294017791748, 3843
1.450294017791748, 3842
1.450294017791748, 3841
1.450294017791748, 3840
1.450294017791748, 3839
1.450294017791748, 3838
1.4583795070648193, 3837
1.4583795070648193, 3836
1.4583795070648193, 3835
1.4663078784942627, 3834
1.4663078784942627, 3833
1.4663078784942627, 3832
1.4743070602416992, 3831
1.4743070602416992, 3830
1.4743070602416992, 3829
1.4743070602416992, 3828
1.4743070602416992, 3827
1.4743070602416992, 3826
1.4823074340820312, 3825
1.4823074340820312, 3824
1.4823074340820312, 3823
1.4823074340820312, 3822
1.4823074340820312, 3821
1.4903063774108887, 3820
1.4903063774108887, 3819
1.4903063774108887, 3818
1.4903063774108887, 3817
1.4903063774108887, 3816
1.4903063774108887, 3815
1.4903063774108887, 3814
1.4903063774108887, 3813
1.500652551651001, 3812
1.500652551651001, 3811
1.500652551651001, 3810
1.500652551651001, 3809
1.500652551651001, 3808
1.5108740329742432, 3807
1.5108740329742432, 3806
1.5108740329742432, 3805
1.518819808959961, 3804
1.518819808959961, 3803
1.518819808959961, 3802
1.518819808959961, 3801
1.5209696292877197, 3800
1.5209696292877197, 3799
1.5209696292877197, 3798
1.5209696292877197, 3797
1.5209696292877197, 3796
1.5289263725280762, 3795
1.5289263725280762, 3794
1.5289263725280762, 3793
1.5289263725280762, 3792
1.5289263725280762, 3791
1.536999225616455, 3790
1.536999225616455, 3789
1.536999225616455, 3788
1.536999225616455, 3787
1.536999225616455, 3786
1.536999225616455, 3785
1.5449762344360352, 3784
1.5449762344360352, 3783
1.5449762344360352, 3782
1.547114610671997, 3781
1.547114610671997, 3780
1.547114610671997, 3779
1.547114610671997, 3778
1.547114610671997, 3777
1.547114610671997, 3776
1.5551321506500244, 3775
1.5551321506500244, 3774
1.5551321506500244, 3773
1.5691509246826172, 3772
1.5691509246826172, 3771
1.5691509246826172, 3770
1.5691509246826172, 3769
1.5691509246826172, 3768
1.5771384239196777, 3767
1.5771384239196777, 3766
1.5771384239196777, 3765
1.585200548171997, 3764
1.585200548171997, 3763
1.585200548171997, 3762
1.585200548171997, 3761
1.585200548171997, 3760
1.585200548171997, 3759
1.585200548171997, 3758
1.5932426452636719, 3757
1.5954794883728027, 3756
1.5954794883728027, 3755
1.5954794883728027, 3754
1.5954794883728027, 3753
1.5954794883728027, 3752
1.603494644165039, 3751
1.603494644165039, 3750
1.6090641021728516, 3749
1.6090641021728516, 3748
1.616908311843872, 3747
1.6249704360961914, 3746
1.6249704360961914, 3745
1.6249704360961914, 3744
1.6249704360961914, 3743
1.6329257488250732, 3742
1.6329257488250732, 3741
1.6329257488250732, 3740
1.6329257488250732, 3739
1.6329257488250732, 3738
1.6329257488250732, 3737
1.6329257488250732, 3736
1.6409633159637451, 3735
1.6409633159637451, 3734
1.6409633159637451, 3733
1.6409633159637451, 3732
1.6409633159637451, 3731
1.6511015892028809, 3730
1.6511015892028809, 3729
1.6511015892028809, 3728
1.6511015892028809, 3727
1.6511015892028809, 3726
1.6511015892028809, 3725
1.6511015892028809, 3724
1.6511015892028809, 3723
1.6511015892028809, 3722
1.659060001373291, 3721
1.6611130237579346, 3720
1.6611130237579346, 3719
1.6611130237579346, 3718
1.6611130237579346, 3717
1.6611130237579346, 3716
1.6611130237579346, 3715
1.6690680980682373, 3714
1.6690680980682373, 3713
1.6756069660186768, 3712
1.6756069660186768, 3711
1.6756069660186768, 3710
1.6835362911224365, 3709
1.6835362911224365, 3708
1.6835362911224365, 3707
1.6835362911224365, 3706
1.6915357112884521, 3705
1.6915357112884521, 3704
1.6915357112884521, 3703
1.6915357112884521, 3702
1.6915357112884521, 3701
1.6996068954467773, 3700
1.7016735076904297, 3699
1.7016735076904297, 3698
1.7016735076904297, 3697
1.7016735076904297, 3696
1.7016735076904297, 3695
1.7016735076904297, 3694
1.7016735076904297, 3693
1.7016735076904297, 3692
1.712188482284546, 3691
1.7201733589172363, 3690
1.7201733589172363, 3689
1.7201733589172363, 3688
1.7201733589172363, 3687
1.7201733589172363, 3686
1.7201733589172363, 3685
1.7256853580474854, 3684
1.7256853580474854, 3683
1.7336266040802002, 3682
1.7336266040802002, 3681
1.7336266040802002, 3680
1.7336266040802002, 3679
1.7336266040802002, 3678
1.7336266040802002, 3677
1.7437348365783691, 3676
1.7458298206329346, 3675
1.7458298206329346, 3674
1.7458298206329346, 3673
1.7458298206329346, 3672
1.753774642944336, 3671
1.753774642944336, 3670
1.753774642944336, 3669
1.7589974403381348, 3668
1.766901969909668, 3667
1.766901969909668, 3666
1.766901969909668, 3665
1.766901969909668, 3664
1.766901969909668, 3663
1.7774109840393066, 3662
1.7774109840393066, 3661
1.7774109840393066, 3660
1.7774109840393066, 3659
1.7829911708831787, 3658
1.7850565910339355, 3657
1.7850565910339355, 3656
1.7850565910339355, 3655
1.7850565910339355, 3654
1.7850565910339355, 3653
1.7850565910339355, 3652
1.7931032180786133, 3651
1.7931032180786133, 3650
1.7955617904663086, 3649
1.7955617904663086, 3648
1.7955617904663086, 3647
1.7955617904663086, 3646
1.7955617904663086, 3645
1.7955617904663086, 3644
1.7955617904663086, 3643
1.7955617904663086, 3642
1.7955617904663086, 3641
1.7955617904663086, 3640
1.7955617904663086, 3639
1.8035612106323242, 3638
1.8035612106323242, 3637
1.8090598583221436, 3636
1.8090598583221436, 3635
1.8090598583221436, 3634
1.8090598583221436, 3633
1.816870927810669, 3632
1.816870927810669, 3631
1.816870927810669, 3630
1.816870927810669, 3629
1.816870927810669, 3628
1.816870927810669, 3627
1.816870927810669, 3626
1.8249485492706299, 3625
1.8249485492706299, 3624
1.8329238891601562, 3623
1.8329238891601562, 3622
1.8329238891601562, 3621
1.8329238891601562, 3620
1.8329238891601562, 3619
1.84092378616333, 3618
1.84092378616333, 3617
1.8453152179718018, 3616
1.8453152179718018, 3615
1.8533003330230713, 3614
1.8533003330230713, 3613
1.8533003330230713, 3612
1.8533003330230713, 3611
1.8555572032928467, 3610
1.8555572032928467, 3609
1.8555572032928467, 3608
1.8555572032928467, 3607
1.8635039329528809, 3606
1.8635039329528809, 3605
1.8635039329528809, 3604
1.871544599533081, 3603
1.871544599533081, 3602
1.871544599533081, 3601
1.879521131515503, 3600
1.879521131515503, 3599
1.879521131515503, 3598
1.8875691890716553, 3597
1.8875691890716553, 3596
1.8875691890716553, 3595
1.8875691890716553, 3594
1.8875691890716553, 3593
1.8875691890716553, 3592
1.8955538272857666, 3591
1.8955538272857666, 3590
1.8955538272857666, 3589
1.9036571979522705, 3588
1.9116275310516357, 3587
1.9138174057006836, 3586
1.9138174057006836, 3585
1.9138174057006836, 3584
1.9138174057006836, 3583
1.9138174057006836, 3582
1.921799898147583, 3581
1.921799898147583, 3580
1.9239113330841064, 3579
1.9239113330841064, 3578
1.9239113330841064, 3577
1.9239113330841064, 3576
1.931913137435913, 3575
1.9351246356964111, 3574
1.9351246356964111, 3573
1.9361891746520996, 3572
1.9372577667236328, 3571
1.9383275508880615, 3570
1.9383275508880615, 3569
1.9393970966339111, 3568
1.945509433746338, 3567
1.9525797367095947, 3566
1.9546513557434082, 3565
1.9546513557434082, 3564
1.9546513557434082, 3563
1.9648675918579102, 3562
1.9648675918579102, 3561
1.9648675918579102, 3560
1.9648675918579102, 3559
1.9648675918579102, 3558
1.9728248119354248, 3557
1.9755172729492188, 3556
1.9755172729492188, 3555
1.9834861755371094, 3554
1.9856631755828857, 3553
1.9936132431030273, 3552
1.9936132431030273, 3551
2.0016121864318848, 3550
2.0016121864318848, 3549
2.0016121864318848, 3548
2.0016121864318848, 3547
2.022268295288086, 3546
2.022268295288086, 3545
2.022268295288086, 3544
2.022268295288086, 3543
2.022268295288086, 3542
2.0302257537841797, 3541
2.0302257537841797, 3540
2.032482147216797, 3539
2.032482147216797, 3538
2.032482147216797, 3537
2.032482147216797, 3536
2.040433406829834, 3535
2.040433406829834, 3534
2.0427515506744385, 3533
2.0427515506744385, 3532
2.0427515506744385, 3531
2.0427515506744385, 3530
2.0427515506744385, 3529
2.0427515506744385, 3528
2.0427515506744385, 3527
2.050666093826294, 3526
2.05287766456604, 3525
2.05287766456604, 3524
2.05287766456604, 3523
2.05287766456604, 3522
2.05287766456604, 3521
2.05287766456604, 3520
2.05287766456604, 3519
2.0653347969055176, 3518
2.0654098987579346, 3517
2.0654098987579346, 3516
2.0654098987579346, 3515
2.0654098987579346, 3514
2.0654098987579346, 3513
2.0733532905578613, 3512
2.075514793395996, 3511
2.075514793395996, 3510
2.0834898948669434, 3509
2.0834898948669434, 3508
2.0856990814208984, 3507
2.0856990814208984, 3506
2.0856990814208984, 3505
2.0856990814208984, 3504
2.0963542461395264, 3503
2.0963542461395264, 3502
2.0963542461395264, 3501
2.0963542461395264, 3500
2.0963542461395264, 3499
2.104302406311035, 3498
2.1123015880584717, 3497
2.1202967166900635, 3496
2.1202967166900635, 3495
2.1282992362976074, 3494
2.1362972259521484, 3493
2.1362972259521484, 3492
2.1362972259521484, 3491
2.144298553466797, 3490
2.144298553466797, 3489
2.144298553466797, 3488
2.152296781539917, 3487
2.152296781539917, 3486
2.152296781539917, 3485
2.1603002548217773, 3484
2.1603002548217773, 3483
2.1603002548217773, 3482
2.168306589126587, 3481
2.168306589126587, 3480
2.168306589126587, 3479
2.168306589126587, 3478
2.168306589126587, 3477
2.168306589126587, 3476
2.168306589126587, 3475
2.168306589126587, 3474
2.168306589126587, 3473
2.176297903060913, 3472
2.176297903060913, 3471
2.176297903060913, 3470
2.176297903060913, 3469
2.176297903060913, 3468
2.176297903060913, 3467
2.1842966079711914, 3466
2.1842966079711914, 3465
2.1842966079711914, 3464
2.19232439994812, 3463
2.200296640396118, 3462
2.200296640396118, 3461
2.200296640396118, 3460
2.200296640396118, 3459
2.200296640396118, 3458
2.2082998752593994, 3457
2.2082998752593994, 3456
2.2082998752593994, 3455
2.2162978649139404, 3454
2.2162978649139404, 3453
2.2162978649139404, 3452
2.224296808242798, 3451
2.224296808242798, 3450
2.224296808242798, 3449
2.224296808242798, 3448
2.232700824737549, 3447
2.232700824737549, 3446
2.240699291229248, 3445
2.240699291229248, 3444
2.240699291229248, 3443
2.240699291229248, 3442
2.240699291229248, 3441
2.240699291229248, 3440
2.24869704246521, 3439
2.24869704246521, 3438
2.24869704246521, 3437
2.24869704246521, 3436
2.24869704246521, 3435
2.24869704246521, 3434
2.24869704246521, 3433
2.256739616394043, 3432
2.256739616394043, 3431
2.256739616394043, 3430
2.2668681144714355, 3429
2.277087926864624, 3428
2.277087926864624, 3427
2.2850170135498047, 3426
2.2850170135498047, 3425
2.292351245880127, 3424
2.3001229763031006, 3423
2.3001229763031006, 3422
2.3001229763031006, 3421
2.3001229763031006, 3420
2.3001229763031006, 3419
2.308201551437378, 3418
2.308201551437378, 3417
2.308201551437378, 3416
2.308201551437378, 3415
2.308201551437378, 3414
2.3161377906799316, 3413
2.3161377906799316, 3412
2.3161377906799316, 3411
2.3161377906799316, 3410
2.3241372108459473, 3409
2.3241372108459473, 3408
2.3241372108459473, 3407
2.3241372108459473, 3406
2.332139015197754, 3405
2.332139015197754, 3404
2.332139015197754, 3403
2.332139015197754, 3402
2.340137243270874, 3401
2.3481390476226807, 3400
2.35613751411438, 3399
2.35613751411438, 3398
2.35613751411438, 3397
2.3642518520355225, 3396
2.366319417953491, 3395
2.366319417953491, 3394
2.366319417953491, 3393
2.366319417953491, 3392
2.366319417953491, 3391
2.366319417953491, 3390
2.366319417953491, 3389
2.374274730682373, 3388
2.374274730682373, 3387
2.3764307498931885, 3386
2.3764307498931885, 3385
2.3843703269958496, 3384
2.3843703269958496, 3383
2.3843703269958496, 3382
2.3946797847747803, 3381
2.4002840518951416, 3380
2.4002840518951416, 3379
2.4023494720458984, 3378
2.4023494720458984, 3377
2.4023494720458984, 3376
2.410310983657837, 3375
2.410310983657837, 3374
2.4183802604675293, 3373
2.4183802604675293, 3372
2.4183802604675293, 3371
2.4183802604675293, 3370
2.430189371109009, 3369
2.4312424659729004, 3368
2.4344003200531006, 3367
2.4344003200531006, 3366
2.436469793319702, 3365
2.436469793319702, 3364
2.4406280517578125, 3363
2.442798137664795, 3362
2.4483771324157715, 3361
2.4483771324157715, 3360
2.456345558166504, 3359
2.456345558166504, 3358
2.456345558166504, 3357
2.4643378257751465, 3356
2.4643378257751465, 3355
2.4723892211914062, 3354
2.4723892211914062, 3353
2.4723892211914062, 3352
2.4723892211914062, 3351
2.4803569316864014, 3350
2.4828877449035645, 3349
2.4828877449035645, 3348
2.493070602416992, 3347
2.493070602416992, 3346
2.493070602416992, 3345
2.493070602416992, 3344
2.5010488033294678, 3343
2.5010488033294678, 3342
2.5010488033294678, 3341
2.5010488033294678, 3340
2.509084463119507, 3339
2.509084463119507, 3338
2.509084463119507, 3337
2.509084463119507, 3336
2.5167675018310547, 3335
2.5282278060913086, 3334
2.5282278060913086, 3333
2.5362088680267334, 3332
2.5362088680267334, 3331
2.542405605316162, 3330
2.542405605316162, 3329
2.542405605316162, 3328
2.5500752925872803, 3327
2.5500752925872803, 3326
2.5580739974975586, 3325
2.5660979747772217, 3324
2.5740811824798584, 3323
2.5740811824798584, 3322
2.5740811824798584, 3321
2.5762877464294434, 3320
2.5762877464294434, 3319
2.584266424179077, 3318
2.584266424179077, 3317
2.584266424179077, 3316
2.584266424179077, 3315
2.584266424179077, 3314
2.584266424179077, 3313
2.5921449661254883, 3312
2.5921449661254883, 3311
2.600015878677368, 3310
2.600015878677368, 3309
2.600015878677368, 3308
2.600015878677368, 3307
2.6080431938171387, 3306
2.6080431938171387, 3305
2.6080431938171387, 3304
2.616032600402832, 3303
2.616032600402832, 3302
2.624055862426758, 3301
2.624055862426758, 3300
2.6342499256134033, 3299
2.6342499256134033, 3298
2.6342499256134033, 3297
2.6342499256134033, 3296
2.642213821411133, 3295
2.644275426864624, 3294
2.644275426864624, 3293
2.644275426864624, 3292
2.652296304702759, 3291
2.652296304702759, 3290
2.652296304702759, 3289
2.652296304702759, 3288
2.652296304702759, 3287
2.658846139907837, 3286
2.658846139907837, 3285
2.658846139907837, 3284
2.6667675971984863, 3283
2.6690492630004883, 3282
2.6769871711730957, 3281
2.6791722774505615, 3280
2.6791722774505615, 3279
2.6871867179870605, 3278
2.700042963027954, 3277
2.700042963027954, 3276
2.700042963027954, 3275
2.712164878845215, 3274
2.720146417617798, 3273
2.7281341552734375, 3272
2.7281341552734375, 3271
2.7281341552734375, 3270
2.7281341552734375, 3269
2.7281341552734375, 3268
2.7281341552734375, 3267
2.744138479232788, 3266
2.7521328926086426, 3265
2.760133981704712, 3264
2.7682299613952637, 3263
2.7702977657318115, 3262
2.7702977657318115, 3261
2.7702977657318115, 3260
2.7702977657318115, 3259
2.7702977657318115, 3258
2.778254508972168, 3257
2.7862486839294434, 3256
2.7862486839294434, 3255
2.804413080215454, 3254
2.808767318725586, 3253
2.808767318725586, 3252
2.816727638244629, 3251
2.816727638244629, 3250
2.816727638244629, 3249
2.8247005939483643, 3248
2.8267695903778076, 3247
2.828801393508911, 3246
2.8367931842803955, 3245
2.8367931842803955, 3244
2.8421449661254883, 3243
2.8421449661254883, 3242
2.8421449661254883, 3241
2.8499722480773926, 3240
2.8499722480773926, 3239
2.8499722480773926, 3238
2.8499722480773926, 3237
2.8499722480773926, 3236
2.857971668243408, 3235
2.857971668243408, 3234
2.857971668243408, 3233
2.8659722805023193, 3232
2.873971700668335, 3231
2.873971700668335, 3230
2.881972074508667, 3229
2.881972074508667, 3228
2.881972074508667, 3227
2.881972074508667, 3226
2.8899717330932617, 3225
2.905972480773926, 3224
2.914036273956299, 3223
2.914036273956299, 3222
2.914036273956299, 3221
2.9220118522644043, 3220
2.926124334335327, 3219
2.926124334335327, 3218
2.926124334335327, 3217
2.926124334335327, 3216
2.926124334335327, 3215
2.9341466426849365, 3214
2.9341466426849365, 3213
2.9341466426849365, 3212
2.942164182662964, 3211
2.942164182662964, 3210
2.9507269859313965, 3209
2.952812433242798, 3208
2.952812433242798, 3207
2.9607818126678467, 3206
2.9630088806152344, 3205
2.9732229709625244, 3204
2.9732229709625244, 3203
2.9732229709625244, 3202
2.9732229709625244, 3201
2.9732229709625244, 3200
2.9812443256378174, 3199
2.9812443256378174, 3198
2.9834327697753906, 3197
2.9914214611053467, 3196
2.9994876384735107, 3195
2.9994876384735107, 3194
3.0075080394744873, 3193
3.0075080394744873, 3192
3.0155510902404785, 3191
3.0235583782196045, 3190
3.031601667404175, 3189
3.0414326190948486, 3188
3.0494351387023926, 3187
3.0494351387023926, 3186
3.0494351387023926, 3185
3.05743408203125, 3184
3.0734262466430664, 3183
3.0734262466430664, 3182
3.081467390060425, 3181
3.081467390060425, 3180
3.081467390060425, 3179
3.081467390060425, 3178
3.089465618133545, 3177
3.089465618133545, 3176
3.089465618133545, 3175
3.0974762439727783, 3174
3.0974762439727783, 3173
3.0974762439727783, 3172
3.1054654121398926, 3171
3.113436698913574, 3170
3.113436698913574, 3169
3.129464626312256, 3168
3.129464626312256, 3167
3.145465850830078, 3166
3.145465850830078, 3165
3.1534667015075684, 3164
3.1534667015075684, 3163
3.1534667015075684, 3162
3.1534667015075684, 3161
3.161431074142456, 3160
3.161431074142456, 3159
3.161431074142456, 3158
3.161431074142456, 3157
3.169480085372925, 3156
3.1774368286132812, 3155
3.1934289932250977, 3154
3.1934289932250977, 3153
3.2014641761779785, 3152
3.209469795227051, 3151
3.2174642086029053, 3150
3.2174642086029053, 3149
3.225435495376587, 3148
3.233466148376465, 3147
3.233466148376465, 3146
3.233466148376465, 3145
3.233466148376465, 3144
3.233466148376465, 3143
3.244069814682007, 3142
3.252066135406494, 3141
3.252066135406494, 3140
3.252066135406494, 3139
3.252066135406494, 3138
3.266625165939331, 3137
3.278752088546753, 3136
3.278752088546753, 3135
3.278752088546753, 3134
3.286768913269043, 3133
3.2999022006988525, 3132
3.2999022006988525, 3131
3.2999022006988525, 3130
3.307910442352295, 3129
3.307910442352295, 3128
3.318241596221924, 3127
3.318241596221924, 3126
3.3305459022521973, 3125
3.3305459022521973, 3124
3.338534355163574, 3123
3.349909543991089, 3122
3.349909543991089, 3121
3.357985734939575, 3120
3.365966558456421, 3119
3.365966558456421, 3118
3.382012367248535, 3117
3.382012367248535, 3116
3.382012367248535, 3115
3.3980274200439453, 3114
3.3980274200439453, 3113
3.3980274200439453, 3112
3.4060258865356445, 3111
3.4140264987945557, 3110
3.422025442123413, 3109
3.422025442123413, 3108
3.422025442123413, 3107
3.422025442123413, 3106
3.422025442123413, 3105
3.422025442123413, 3104
3.438030242919922, 3103
3.438030242919922, 3102
3.438030242919922, 3101
3.4460275173187256, 3100
3.4460275173187256, 3099
3.4460275173187256, 3098
3.454026460647583, 3097
3.454026460647583, 3096
3.4643449783325195, 3095
3.4643449783325195, 3094
3.4752328395843506, 3093
3.4752328395843506, 3092
3.4752328395843506, 3091
3.4752328395843506, 3090
3.483194589614868, 3089
3.491248846054077, 3088
3.491248846054077, 3087
3.491248846054077, 3086
3.491248846054077, 3085
3.491248846054077, 3084
3.491248846054077, 3083
3.4992082118988037, 3082
3.507237672805786, 3081
3.507237672805786, 3080
3.517462968826294, 3079
3.525498151779175, 3078
3.527703285217285, 3077
3.527703285217285, 3076
3.5377743244171143, 3075
3.5377743244171143, 3074
3.5377743244171143, 3073
3.5458343029022217, 3072
3.5458343029022217, 3071
3.549898862838745, 3070
3.549898862838745, 3069
3.549898862838745, 3068
3.549898862838745, 3067
3.5578649044036865, 3066
3.5600032806396484, 3065
3.567995071411133, 3064
3.567995071411133, 3063
3.567995071411133, 3062
3.567995071411133, 3061
3.583144187927246, 3060
3.58530592918396, 3059
3.6035072803497314, 3058
3.6035072803497314, 3057
3.6035072803497314, 3056
3.608524799346924, 3055
3.608524799346924, 3054
3.608524799346924, 3053
3.6245388984680176, 3052
3.6325302124023438, 3051
3.6325302124023438, 3050
3.6325302124023438, 3049
3.648552894592285, 3048
3.656663179397583, 3047
3.656663179397583, 3046
3.6727163791656494, 3045
3.6727163791656494, 3044
3.6807050704956055, 3043
3.6807050704956055, 3042
3.6807050704956055, 3041
3.688779592514038, 3040
3.696763753890991, 3039
3.696763753890991, 3038
3.696763753890991, 3037
3.696763753890991, 3036
3.7048585414886475, 3035
3.7128350734710693, 3034
3.7128350734710693, 3033
3.7208995819091797, 3032
3.7208995819091797, 3031
3.7369046211242676, 3030
3.7448596954345703, 3029
3.7608814239501953, 3028
3.7608814239501953, 3027
3.764707326889038, 3026
3.764707326889038, 3025
3.775163173675537, 3024
3.775163173675537, 3023
3.7830512523651123, 3022
3.7830512523651123, 3021
3.7830512523651123, 3020
3.791114091873169, 3019
3.791114091873169, 3018
3.799105167388916, 3017
3.799105167388916, 3016
3.799105167388916, 3015
3.807173013687134, 3014
3.807173013687134, 3013
3.8151605129241943, 3012
3.8151605129241943, 3011
3.8151605129241943, 3010
3.823251485824585, 3009
3.823251485824585, 3008
3.823251485824585, 3007
3.831221342086792, 3006
3.831221342086792, 3005
3.831221342086792, 3004
3.831221342086792, 3003
3.8472697734832764, 3002
3.8472697734832764, 3001
3.8472697734832764, 3000
3.8552968502044678, 2999
3.85949444770813, 2998
3.8675050735473633, 2997
3.8777527809143066, 2996
3.8777527809143066, 2995
3.8777527809143066, 2994
3.8858203887939453, 2993
3.8938071727752686, 2992
3.9018797874450684, 2991
3.9018797874450684, 2990
3.911902666091919, 2989
3.911902666091919, 2988
3.9302074909210205, 2987
3.9382362365722656, 2986
3.9461731910705566, 2985
3.9701874256134033, 2984
3.9701874256134033, 2983
3.9781887531280518, 2982
3.9861879348754883, 2981
3.9861879348754883, 2980
3.9861879348754883, 2979
3.9941892623901367, 2978
4.002187967300415, 2977
4.002187967300415, 2976
4.010188341140747, 2975
4.010188341140747, 2974
4.026189804077148, 2973
4.026189804077148, 2972
4.026189804077148, 2971
4.042189836502075, 2970
4.042189836502075, 2969
4.042189836502075, 2968
4.0501885414123535, 2967
4.0501885414123535, 2966
4.0582435131073, 2965
4.0582435131073, 2964
4.0662243366241455, 2963
4.0783891677856445, 2962
4.0783891677856445, 2961
4.0863871574401855, 2960
4.101539373397827, 2959
4.11748743057251, 2958
4.11748743057251, 2957
4.127671003341675, 2956
4.1436567306518555, 2955
4.151648998260498, 2954
4.159702301025391, 2953
4.159702301025391, 2952
4.167649030685425, 2951
4.1756672859191895, 2950
4.183670282363892, 2949
4.191649675369263, 2948
4.209958791732788, 2947
4.225945949554443, 2946
4.2339417934417725, 2945
4.2339417934417725, 2944
4.2339417934417725, 2943
4.241943359375, 2942
4.241943359375, 2941
4.249939203262329, 2940
4.265938997268677, 2939
4.274518966674805, 2938
4.282519817352295, 2937
4.282519817352295, 2936
4.2912232875823975, 2935
4.2912232875823975, 2934
4.2912232875823975, 2933
4.299224138259888, 2932
4.299224138259888, 2931
4.299224138259888, 2930
4.307226896286011, 2929
4.307226896286011, 2928
4.307226896286011, 2927
4.307226896286011, 2926
4.315226316452026, 2925
4.315226316452026, 2924
4.315226316452026, 2923
4.331271409988403, 2922
4.331271409988403, 2921
4.341051340103149, 2920
4.341051340103149, 2919
4.341051340103149, 2918
4.341051340103149, 2917
4.341051340103149, 2916
4.356680870056152, 2915
4.356680870056152, 2914
4.356680870056152, 2913
4.358194589614868, 2912
4.358194589614868, 2911
4.358194589614868, 2910
4.358194589614868, 2909
4.373832941055298, 2908
4.373832941055298, 2907
4.373832941055298, 2906
4.373832941055298, 2905
4.389454364776611, 2904
4.39892840385437, 2903
4.399043321609497, 2902
4.399043321609497, 2901
4.399043321609497, 2900
4.399043321609497, 2899
4.414712429046631, 2898
4.414712429046631, 2897
4.414712429046631, 2896
4.414712429046631, 2895
4.414712429046631, 2894
4.414712429046631, 2893
4.430335521697998, 2892
4.430335521697998, 2891
4.430335521697998, 2890
4.445965051651001, 2889
4.445965051651001, 2888
4.445965051651001, 2887
4.445965051651001, 2886
4.445965051651001, 2885
4.458512544631958, 2884
4.458512544631958, 2883
4.458512544631958, 2882
4.458512544631958, 2881
4.474196434020996, 2880
4.474196434020996, 2879
4.474196434020996, 2878
4.474196434020996, 2877
4.489814519882202, 2876
4.50544285774231, 2875
4.50544285774231, 2874
4.521061182022095, 2873
4.521061182022095, 2872
4.521061182022095, 2871
4.521061182022095, 2870
4.521061182022095, 2869
4.521061182022095, 2868
4.521061182022095, 2867
4.521061182022095, 2866
4.521061182022095, 2865
4.536691665649414, 2864
4.536691665649414, 2863
4.536691665649414, 2862
4.552317142486572, 2861
4.552317142486572, 2860
4.552317142486572, 2859
4.552317142486572, 2858
4.560962438583374, 2857
4.569038152694702, 2856
4.571109056472778, 2855
4.571109056472778, 2854
4.58124303817749, 2853
4.591459274291992, 2852
4.591459274291992, 2851
4.591459274291992, 2850
4.59948992729187, 2849
4.601518630981445, 2848
4.611827373504639, 2847
4.611827373504639, 2846
4.611827373504639, 2845
4.611827373504639, 2844
4.621975898742676, 2843
4.621975898742676, 2842
4.632242441177368, 2841
4.632242441177368, 2840
4.632242441177368, 2839
4.642618417739868, 2838
4.652790546417236, 2837
4.652790546417236, 2836
4.652790546417236, 2835
4.652790546417236, 2834
4.652790546417236, 2833
4.660780906677246, 2832
4.668874502182007, 2831
4.668874502182007, 2830
4.668874502182007, 2829
4.711057901382446, 2828
4.711057901382446, 2827
4.711057901382446, 2826
4.719016790390015, 2825
4.729224681854248, 2824
4.729224681854248, 2823
4.7472639083862305, 2822
4.7472639083862305, 2821
4.755286693572998, 2820
4.755286693572998, 2819
4.755286693572998, 2818
4.765561819076538, 2817
4.765561819076538, 2816
4.773491621017456, 2815
4.773491621017456, 2814
4.777665615081787, 2813
4.7856199741363525, 2812
4.7856199741363525, 2811
4.799351692199707, 2810
4.799351692199707, 2809
4.799351692199707, 2808
4.807475566864014, 2807
4.8154191970825195, 2806
4.8154191970825195, 2805
4.828063488006592, 2804
4.836016654968262, 2803
4.836016654968262, 2802
4.836016654968262, 2801
4.846581935882568, 2800
4.846581935882568, 2799
4.846581935882568, 2798
4.846581935882568, 2797
4.846581935882568, 2796
4.846581935882568, 2795
4.857626676559448, 2794
4.857626676559448, 2793
4.865659713745117, 2792
4.873621940612793, 2791
4.873621940612793, 2790
4.881656169891357, 2789
4.881656169891357, 2788
4.909037113189697, 2787
4.909037113189697, 2786
4.909037113189697, 2785
4.932233095169067, 2784
4.948233366012573, 2783
4.948233366012573, 2782
4.948233366012573, 2781
4.956270694732666, 2780
4.964271306991577, 2779
4.964271306991577, 2778
4.972272634506226, 2777
4.972272634506226, 2776
4.980287551879883, 2775
4.980287551879883, 2774
4.988285779953003, 2773
4.996270656585693, 2772
5.012271165847778, 2771
5.012271165847778, 2770
5.012271165847778, 2769
5.020268678665161, 2768
5.020268678665161, 2767
5.0282721519470215, 2766
5.0282721519470215, 2765
5.036268711090088, 2764
5.044273614883423, 2763
5.044273614883423, 2762
5.052279233932495, 2761
5.060245513916016, 2760
5.060245513916016, 2759
5.060245513916016, 2758
5.060245513916016, 2757
5.060245513916016, 2756
5.076235055923462, 2755
5.076235055923462, 2754
5.084233522415161, 2753
5.092239618301392, 2752
5.092239618301392, 2751
5.100232839584351, 2750
5.100232839584351, 2749
5.108235120773315, 2748
5.108235120773315, 2747
5.1162331104278564, 2746
5.1162331104278564, 2745
5.1162331104278564, 2744
5.124239206314087, 2743
5.132233619689941, 2742
5.140233755111694, 2741
5.148233413696289, 2740
5.180233001708984, 2739
5.188231945037842, 2738
5.196232795715332, 2737
5.204235076904297, 2736
5.204235076904297, 2735
5.228233575820923, 2734
5.24423360824585, 2733
5.25223183631897, 2732
5.25223183631897, 2731
5.260233402252197, 2730
5.268258810043335, 2729
5.268258810043335, 2728
5.284234046936035, 2727
5.292238473892212, 2726
5.292238473892212, 2725
5.302365779876709, 2724
5.302365779876709, 2723
5.312388896942139, 2722
5.320466995239258, 2721
5.320466995239258, 2720
5.320466995239258, 2719
5.320466995239258, 2718
5.344422340393066, 2717
5.360435724258423, 2716
5.376451253890991, 2715
5.376451253890991, 2714
5.384479999542236, 2713
5.392468214035034, 2712
5.392468214035034, 2711
5.400526523590088, 2710
5.400526523590088, 2709
5.424567461013794, 2708
5.424567461013794, 2707
5.440598964691162, 2706
5.4449145793914795, 2705
5.452869415283203, 2704
5.455185890197754, 2703
5.463140487670898, 2702
5.474210023880005, 2701
5.481359004974365, 2700
5.481359004974365, 2699
5.501586437225342, 2698
5.511793375015259, 2697
5.511793375015259, 2696
5.511793375015259, 2695
5.511793375015259, 2694
5.511793375015259, 2693
5.519867181777954, 2692
5.521918058395386, 2691
5.521918058395386, 2690
5.521918058395386, 2689
5.542150974273682, 2688
5.542150974273682, 2687
5.542150974273682, 2686
5.552286386489868, 2685
5.552286386489868, 2684
5.552286386489868, 2683
5.5623979568481445, 2682
5.572472333908081, 2681
5.580586671829224, 2680
5.582640647888184, 2679
5.582640647888184, 2678
5.582640647888184, 2677
5.582640647888184, 2676
5.592761039733887, 2675
5.600816011428833, 2674
5.613007068634033, 2673
5.613007068634033, 2672
5.623118877410889, 2671
5.633224964141846, 2670
5.64128041267395, 2669
5.643340349197388, 2668
5.653470039367676, 2667
5.653470039367676, 2666
5.663579702377319, 2665
5.663579702377319, 2664
5.663579702377319, 2663
5.663579702377319, 2662
5.673706531524658, 2661
5.6838157176971436, 2660
5.694359064102173, 2659
5.704492092132568, 2658
5.704492092132568, 2657
5.724876642227173, 2656
5.724876642227173, 2655
5.734988212585449, 2654
5.753160715103149, 2653
5.753160715103149, 2652
5.7552196979522705, 2651
5.775450706481934, 2650
5.795751333236694, 2649
5.795751333236694, 2648
5.806025981903076, 2647
5.806025981903076, 2646
5.806025981903076, 2645
5.816256046295166, 2644
5.816256046295166, 2643
5.816256046295166, 2642
5.826359748840332, 2641
5.836610794067383, 2640
5.836610794067383, 2639
5.846895217895508, 2638
5.846895217895508, 2637
5.846895217895508, 2636
5.858814001083374, 2635
5.862244129180908, 2634
5.877314805984497, 2633
5.877314805984497, 2632
5.8875908851623535, 2631
5.8875908851623535, 2630
5.895738124847412, 2629
5.907938718795776, 2628
5.907938718795776, 2627
5.916075944900513, 2626
5.918207168579102, 2625
5.918207168579102, 2624
5.918207168579102, 2623
5.938885450363159, 2622
5.938885450363159, 2621
5.959348201751709, 2620
5.969565153121948, 2619
5.977707624435425, 2618
5.99009895324707, 2617
5.99009895324707, 2616
6.008378505706787, 2615
6.020771265029907, 2614
6.031028985977173, 2613
6.0620927810668945, 2612
6.062192440032959, 2611
6.062192440032959, 2610
6.072361946105957, 2609
6.0825769901275635, 2608
6.0825769901275635, 2607
6.102880477905273, 2606
6.113110780715942, 2605
6.121240615844727, 2604
6.123375415802002, 2603
6.131473064422607, 2602
6.1439008712768555, 2601
6.172348976135254, 2600
6.174428224563599, 2599
6.194963693618774, 2598
6.194963693618774, 2597
6.205096006393433, 2596
6.215396404266357, 2595
6.22568941116333, 2594
6.22568941116333, 2593
6.233818531036377, 2592
6.233818531036377, 2591
6.2359583377838135, 2590
6.256483316421509, 2589
6.256483316421509, 2588
6.266777992248535, 2587
6.276958227157593, 2586
6.276958227157593, 2585
6.287266969680786, 2584
6.295583963394165, 2583
6.301720857620239, 2582
6.301720857620239, 2581
6.305790185928345, 2580
6.315943717956543, 2579
6.326219320297241, 2578
6.328364133834839, 2577
6.336443185806274, 2576
6.338604688644409, 2575
6.357025623321533, 2574
6.359168529510498, 2573
6.359168529510498, 2572
6.367309808731079, 2571
6.379674911499023, 2570
6.387814283370972, 2569
6.389952182769775, 2568
6.400172233581543, 2567
6.400172233581543, 2566
6.408243656158447, 2565
6.410382986068726, 2564
6.430733919143677, 2563
6.450997591018677, 2562
6.450997591018677, 2561
6.450997591018677, 2560
6.461136102676392, 2559
6.469195604324341, 2558
6.471248149871826, 2557
6.481374740600586, 2556
6.481374740600586, 2555
6.481374740600586, 2554
6.491483926773071, 2553
6.501612901687622, 2552
6.511730670928955, 2551
6.511730670928955, 2550
6.5256617069244385, 2549
6.552386045455933, 2548
6.5705885887146, 2547
6.5727410316467285, 2546
6.580787658691406, 2545
6.60352897644043, 2544
6.60352897644043, 2543
6.60352897644043, 2542
6.611633062362671, 2541
6.613769769668579, 2540
6.62191104888916, 2539
6.64249062538147, 2538
6.665459632873535, 2537
6.677809000015259, 2536
6.6880950927734375, 2535
6.708609104156494, 2534
6.729003667831421, 2533
6.729003667831421, 2532
6.729003667831421, 2531
6.739200592041016, 2530
6.739200592041016, 2529
6.759393692016602, 2528
6.769498825073242, 2527
6.779650449752808, 2526
6.7897632122039795, 2525
6.810013771057129, 2524
6.818082332611084, 2523
6.82014012336731, 2522
6.82014012336731, 2521
6.82014012336731, 2520
6.83020806312561, 2519
6.840361833572388, 2518
6.870712995529175, 2517
6.870712995529175, 2516
6.880834341049194, 2515
6.880834341049194, 2514
6.8888890743255615, 2513
6.901088237762451, 2512
6.9111974239349365, 2511
6.921331405639648, 2510
6.949633359909058, 2509
6.9516870975494385, 2508
6.961804628372192, 2507
6.982028484344482, 2506
6.982028484344482, 2505
6.9921369552612305, 2504
6.9921369552612305, 2503
7.012413263320923, 2502
7.052934408187866, 2501
7.052934408187866, 2500
7.052934408187866, 2499
7.06304931640625, 2498
7.06304931640625, 2497
7.073182106018066, 2496
7.083343029022217, 2495
7.09141993522644, 2494
7.103646993637085, 2493
7.103646993637085, 2492
7.113811731338501, 2491
7.134397983551025, 2490
7.134397983551025, 2489
7.144543647766113, 2488
7.152552366256714, 2487
7.154697418212891, 2486
7.193183183670044, 2485
7.203315734863281, 2484
7.205388307571411, 2483
7.233815908432007, 2482
7.23588752746582, 2481
7.23588752746582, 2480
7.246018409729004, 2479
7.254063606262207, 2478
7.254063606262207, 2477
7.25661039352417, 2476
7.276888847351074, 2475
7.276888847351074, 2474
7.276888847351074, 2473
7.29509973526001, 2472
7.297168016433716, 2471
7.305234432220459, 2470
7.30730128288269, 2469
7.31747031211853, 2468
7.31747031211853, 2467
7.347867965698242, 2466
7.347867965698242, 2465
7.3785552978515625, 2464
7.3888256549835205, 2463
7.409253835678101, 2462
7.439972400665283, 2461
7.512008428573608, 2460
7.53220009803772, 2459
7.550354957580566, 2458
7.570569038391113, 2457
7.572603464126587, 2456
7.572603464126587, 2455
7.593018531799316, 2454
7.613177299499512, 2453
7.623428583145142, 2452
7.623428583145142, 2451
7.633516073226929, 2450
7.6436145305633545, 2449
7.745097637176514, 2448
7.745097637176514, 2447
7.745097637176514, 2446
7.755198001861572, 2445
7.755198001861572, 2444
7.7653398513793945, 2443
7.793932914733887, 2442
7.796016454696655, 2441
7.796016454696655, 2440
7.816364288330078, 2439
7.836843729019165, 2438
7.847194671630859, 2437
7.847194671630859, 2436
7.908936023712158, 2435
7.908936023712158, 2434
7.917070627212524, 2433
7.939695358276367, 2432
7.960142374038696, 2431
7.980743169784546, 2430
7.99094557762146, 2429
8.050722599029541, 2428
8.09138822555542, 2427
8.123905181884766, 2426
8.144213199615479, 2425
8.144213199615479, 2424
8.174595594406128, 2423
8.18265700340271, 2422
8.18471384048462, 2421
8.213593006134033, 2420
8.225828647613525, 2419
8.236046552658081, 2418
8.246334791183472, 2417
8.27711820602417, 2416
8.295498132705688, 2415
8.295498132705688, 2414
8.297641515731812, 2413
8.30784797668457, 2412
8.30784797668457, 2411
8.315892934799194, 2410
8.338649034500122, 2409
8.34678864479065, 2408
8.348912239074707, 2407
8.348912239074707, 2406
8.379521131515503, 2405
8.409987211227417, 2404
8.430468797683716, 2403
8.461212396621704, 2402
8.471472263336182, 2401
8.48205041885376, 2400
8.551599979400635, 2399
8.553608655929565, 2398
8.563822031021118, 2397
8.605114698410034, 2396
8.637092351913452, 2395
8.647300243377686, 2394
8.647300243377686, 2393
8.65743899345398, 2392
8.66759467124939, 2391
8.67775583267212, 2390
8.728796005249023, 2389
8.767322301864624, 2388
8.769404888153076, 2387
8.77954363822937, 2386
8.77954363822937, 2385
8.789691925048828, 2384
8.789691925048828, 2383
8.799829721450806, 2382
8.799829721450806, 2381
8.830343961715698, 2380
8.8810396194458, 2379
8.901660442352295, 2378
8.901660442352295, 2377
8.911829471588135, 2376
8.94229769706726, 2375
8.97273850440979, 2374
8.982872009277344, 2373
8.982872009277344, 2372
9.052578926086426, 2371
9.052578926086426, 2370
9.08382534980774, 2369
9.099446535110474, 2368
9.146395683288574, 2367
9.164745330810547, 2366
9.22612714767456, 2365
9.23638129234314, 2364
9.256864070892334, 2363
9.265000820159912, 2362
9.26712965965271, 2361
9.338908195495605, 2360
9.338908195495605, 2359
9.369742155075073, 2358
9.379988431930542, 2357
9.441425323486328, 2356
9.461885452270508, 2355
9.461885452270508, 2354
9.482355117797852, 2353
9.49263048171997, 2352
9.513114929199219, 2351
9.541565179824829, 2350
9.565701723098755, 2349
9.623157501220703, 2348
9.633223533630371, 2347
9.641190767288208, 2346
9.649221658706665, 2345
9.657187700271606, 2344
9.706626415252686, 2343
9.722299098968506, 2342
9.722299098968506, 2341
9.765138149261475, 2340
9.780769109725952, 2339
9.796392679214478, 2338
9.812021493911743, 2337
9.886723279953003, 2336
9.966721057891846, 2335
9.982739925384521, 2334
9.99072265625, 2333
10.307154655456543, 2332
10.315181255340576, 2331
10.339154720306396, 2330
10.387156963348389, 2329
10.387156963348389, 2328
10.419170141220093, 2327
10.4271559715271, 2326
10.4271559715271, 2325
10.537755966186523, 2324
10.545754671096802, 2323
10.649712562561035, 2322
10.66571855545044, 2321
10.743428945541382, 2320
10.874017238616943, 2319
10.986062049865723, 2318
11.063315153121948, 2317
11.081645488739014, 2316
11.106250047683716, 2315
11.116428136825562, 2314
11.116428136825562, 2313
11.126367330551147, 2312
11.172029256820679, 2311
11.20651912689209, 2310
11.235069990158081, 2309
11.347792863845825, 2308
11.458728075027466, 2307
11.534164428710938, 2306
11.626519918441772, 2305
11.648638010025024, 2304
11.680635929107666, 2303
11.82314682006836, 2302
11.880870819091797, 2301
11.90718674659729, 2300
12.048571109771729, 2299
12.073020935058594, 2298
12.073020935058594, 2297
12.073020935058594, 2296
12.206353187561035, 2295
12.267250537872314, 2294
12.267250537872314, 2293
12.378861904144287, 2292
12.468071460723877, 2291
12.554722547531128, 2290
12.745532274246216, 2289
12.788118124008179, 2288
12.798245906829834, 2287
12.818541765213013, 2286
13.000890731811523, 2285
13.061957120895386, 2284
13.082260847091675, 2283
13.092444896697998, 2282
13.163460969924927, 2281
13.183803081512451, 2280
13.204197645187378, 2279
13.204197645187378, 2278
13.28617787361145, 2277
13.310483694076538, 2276
13.343794584274292, 2275
13.538637399673462, 2274
13.655551195144653, 2273
13.806129932403564, 2272
13.806129932403564, 2271
13.905501365661621, 2270
13.99896502494812, 2269
14.039088487625122, 2268
14.365560531616211, 2267
14.634280920028687, 2266
15.10552167892456, 2265
15.198508739471436, 2264
15.3682541847229, 2263
15.960351467132568, 2262
16.04404878616333, 2261
16.0936222076416, 2260
16.126436948776245, 2259
16.45544123649597, 2258
16.75179433822632, 2257
16.973912000656128, 2256
17.544901847839355, 2255
17.808211088180542, 2254
17.83870506286621, 2253
17.909929752349854, 2252
18.0544536113739, 2251
18.37074375152588, 2250
19.115299940109253, 2249
20.00263738632202, 2248
20.106822729110718, 2247
20.873993635177612, 2246
21.96483874320984, 2245
22.384780168533325, 2244
22.499534368515015, 2243
22.643352031707764, 2242
23.33198618888855, 2241
24.079898595809937, 2240
24.28409719467163, 2239
24.73341417312622, 2238
24.824947357177734, 2237
25.214892625808716, 2236
25.535452842712402, 2235
26.755312204360962, 2234
26.829055309295654, 2233
27.095412492752075, 2232
27.68537950515747, 2231
27.69552445411682, 2230
28.1932213306427, 2229
28.254100799560547, 2228
28.67072629928589, 2227
28.74250555038452, 2226
29.348138093948364, 2225
29.676449060440063, 2224
29.8306143283844, 2223
31.664636373519897, 2222
31.680262088775635, 2221
32.14636754989624, 2220
32.32206892967224, 2219
33.7464234828949, 2218
35.445112228393555, 2217
35.628883361816406, 2216
37.84017276763916, 2215
43.9404194355011, 2214
54.47087812423706, 2213
59.149701833724976, 2212
66.04800391197205, 2211
69.27400135993958, 2210
75.73103284835815, 2209
76.82977056503296, 2208
90.38647031784058, 2207
229.6206316947937, 2206
270.1692805290222, 2205
404.4688858985901, 2204
535.8060572147369, 2203
