0.0319981575012207, 4941
0.0319981575012207, 4940
0.03300023078918457, 4939
0.03400015830993652, 4938
0.03400015830993652, 4937
0.034998178482055664, 4936
0.034998178482055664, 4935
0.03599810600280762, 4934
0.03699994087219238, 4933
0.03699994087219238, 4932
0.037998199462890625, 4931
0.037998199462890625, 4930
0.03899788856506348, 4929
0.03999829292297363, 4928
0.03999829292297363, 4927
0.040998220443725586, 4926
0.04199838638305664, 4925
0.04199838638305664, 4924
0.0429995059967041, 4923
0.0429995059967041, 4922
0.04399824142456055, 4921
0.0449981689453125, 4920
0.0449981689453125, 4919
0.04600024223327637, 4918
0.04700136184692383, 4917
0.04700136184692383, 4916
0.04800057411193848, 4915
0.04800057411193848, 4914
0.048998355865478516, 4913
0.04999828338623047, 4912
0.04999828338623047, 4911
0.05099821090698242, 4910
0.05099821090698242, 4909
0.05199837684631348, 4908
0.05199837684631348, 4907
0.05305075645446777, 4906
0.05305075645446777, 4905
0.05305075645446777, 4904
0.05305075645446777, 4903
0.05305075645446777, 4902
0.05305075645446777, 4901
0.05305075645446777, 4900
0.05305075645446777, 4899
0.05305075645446777, 4898
0.05305075645446777, 4897
0.05305075645446777, 4896
0.05305075645446777, 4895
0.05305075645446777, 4894
0.061095476150512695, 4893
0.061095476150512695, 4892
0.061095476150512695, 4891
0.061095476150512695, 4890
0.06315994262695312, 4889
0.06315994262695312, 4888
0.06315994262695312, 4887
0.06315994262695312, 4886
0.06315994262695312, 4885
0.06315994262695312, 4884
0.06315994262695312, 4883
0.06315994262695312, 4882
0.06315994262695312, 4881
0.06315994262695312, 4880
0.06315994262695312, 4879
0.06315994262695312, 4878
0.06315994262695312, 4877
0.07121992111206055, 4876
0.07121992111206055, 4875
0.07121992111206055, 4874
0.07121992111206055, 4873
0.07622766494750977, 4872
0.07622766494750977, 4871
0.07622766494750977, 4870
0.07622766494750977, 4869
0.07622766494750977, 4868
0.07622766494750977, 4867
0.07622766494750977, 4866
0.07622766494750977, 4865
0.0812978744506836, 4864
0.0812978744506836, 4863
0.0812978744506836, 4862
0.0812978744506836, 4861
0.0812978744506836, 4860
0.0812978744506836, 4859
0.0812978744506836, 4858
0.0812978744506836, 4857
0.0812978744506836, 4856
0.08630251884460449, 4855
0.08630251884460449, 4854
0.08630251884460449, 4853
0.08630251884460449, 4852
0.09132814407348633, 4851
0.09132814407348633, 4850
0.09132814407348633, 4849
0.09132814407348633, 4848
0.09132814407348633, 4847
0.09132814407348633, 4846
0.09132814407348633, 4845
0.09132814407348633, 4844
0.09132814407348633, 4843
0.09633302688598633, 4842
0.09633302688598633, 4841
0.09633302688598633, 4840
0.09633302688598633, 4839
0.09633302688598633, 4838
0.10133838653564453, 4837
0.10138988494873047, 4836
0.10138988494873047, 4835
0.10138988494873047, 4834
0.10138988494873047, 4833
0.10138988494873047, 4832
0.10138988494873047, 4831
0.1063985824584961, 4830
0.1063985824584961, 4829
0.1063985824584961, 4828
0.1063985824584961, 4827
0.1063985824584961, 4826
0.11141252517700195, 4825
0.11147356033325195, 4824
0.11147356033325195, 4823
0.11147356033325195, 4822
0.11147356033325195, 4821
0.11147356033325195, 4820
0.11147356033325195, 4819
0.11147356033325195, 4818
0.11147356033325195, 4817
0.11147356033325195, 4816
0.11147356033325195, 4815
0.11647748947143555, 4814
0.11647748947143555, 4813
0.11647748947143555, 4812
0.11647748947143555, 4811
0.11647748947143555, 4810
0.11647748947143555, 4809
0.11647748947143555, 4808
0.11647748947143555, 4807
0.12152481079101562, 4806
0.12152481079101562, 4805
0.12152481079101562, 4804
0.12152481079101562, 4803
0.12152481079101562, 4802
0.12152481079101562, 4801
0.12152481079101562, 4800
0.12152481079101562, 4799
0.12152481079101562, 4798
0.12652897834777832, 4797
0.12652897834777832, 4796
0.12652897834777832, 4795
0.12652897834777832, 4794
0.12652897834777832, 4793
0.12652897834777832, 4792
0.12652897834777832, 4791
0.12652897834777832, 4790
0.12652897834777832, 4789
0.13108563423156738, 4788
0.13108563423156738, 4787
0.13108563423156738, 4786
0.13108563423156738, 4785
0.13108563423156738, 4784
0.13108563423156738, 4783
0.13609027862548828, 4782
0.13609027862548828, 4781
0.13609027862548828, 4780
0.13609027862548828, 4779
0.13609027862548828, 4778
0.13609027862548828, 4777
0.13609027862548828, 4776
0.13609027862548828, 4775
0.14112615585327148, 4774
0.14112615585327148, 4773
0.14112615585327148, 4772
0.14112615585327148, 4771
0.14112615585327148, 4770
0.14112615585327148, 4769
0.14112615585327148, 4768
0.1461319923400879, 4767
0.1461319923400879, 4766
0.1461319923400879, 4765
0.1461319923400879, 4764
0.1461319923400879, 4763
0.1461319923400879, 4762
0.1461319923400879, 4761
0.1511847972869873, 4760
0.1511847972869873, 4759
0.1511847972869873, 4758
0.1511847972869873, 4757
0.1511847972869873, 4756
0.1562035083770752, 4755
0.1562035083770752, 4754
0.1562035083770752, 4753
0.1562035083770752, 4752
0.16126728057861328, 4751
0.16126728057861328, 4750
0.16126728057861328, 4749
0.16126728057861328, 4748
0.1633131504058838, 4747
0.1633131504058838, 4746
0.1633131504058838, 4745
0.1633131504058838, 4744
0.1633131504058838, 4743
0.1633131504058838, 4742
0.1633131504058838, 4741
0.1633131504058838, 4740
0.1633131504058838, 4739
0.1633131504058838, 4738
0.1633131504058838, 4737
0.1633131504058838, 4736
0.1633131504058838, 4735
0.17136669158935547, 4734
0.17136669158935547, 4733
0.17136669158935547, 4732
0.17136669158935547, 4731
0.17136669158935547, 4730
0.17136669158935547, 4729
0.17136669158935547, 4728
0.17136669158935547, 4727
0.17637252807617188, 4726
0.17637252807617188, 4725
0.17637252807617188, 4724
0.17637252807617188, 4723
0.17637252807617188, 4722
0.17637252807617188, 4721
0.17637252807617188, 4720
0.17637252807617188, 4719
0.18143010139465332, 4718
0.18143010139465332, 4717
0.18143010139465332, 4716
0.18143010139465332, 4715
0.18143010139465332, 4714
0.18143010139465332, 4713
0.18143010139465332, 4712
0.18143010139465332, 4711
0.18643498420715332, 4710
0.18643498420715332, 4709
0.18643498420715332, 4708
0.18643498420715332, 4707
0.18643498420715332, 4706
0.19164419174194336, 4705
0.19164419174194336, 4704
0.19164419174194336, 4703
0.19164419174194336, 4702
0.19164419174194336, 4701
0.19164419174194336, 4700
0.19164419174194336, 4699
0.1966543197631836, 4698
0.1966543197631836, 4697
0.1966543197631836, 4696
0.1966543197631836, 4695
0.1966543197631836, 4694
0.1966543197631836, 4693
0.1966543197631836, 4692
0.1966543197631836, 4691
0.2012031078338623, 4690
0.2012031078338623, 4689
0.2012031078338623, 4688
0.2012031078338623, 4687
0.2012031078338623, 4686
0.2012031078338623, 4685
0.2012031078338623, 4684
0.2012031078338623, 4683
0.2012031078338623, 4682
0.2062082290649414, 4681
0.2062082290649414, 4680
0.2062082290649414, 4679
0.2062082290649414, 4678
0.21123814582824707, 4677
0.21123814582824707, 4676
0.21123814582824707, 4675
0.21123814582824707, 4674
0.21123814582824707, 4673
0.2162470817565918, 4672
0.2162470817565918, 4671
0.2162470817565918, 4670
0.2162470817565918, 4669
0.2162470817565918, 4668
0.2162470817565918, 4667
0.22128772735595703, 4666
0.22128772735595703, 4665
0.22128772735595703, 4664
0.22128772735595703, 4663
0.22128772735595703, 4662
0.22128772735595703, 4661
0.22128772735595703, 4660
0.22128772735595703, 4659
0.22629714012145996, 4658
0.22629714012145996, 4657
0.22629714012145996, 4656
0.22629714012145996, 4655
0.22629714012145996, 4654
0.22629714012145996, 4653
0.2313399314880371, 4652
0.2313399314880371, 4651
0.2313399314880371, 4650
0.2313399314880371, 4649
0.2313399314880371, 4648
0.2313399314880371, 4647
0.2313399314880371, 4646
0.2313399314880371, 4645
0.2313399314880371, 4644
0.23634862899780273, 4643
0.23634862899780273, 4642
0.23634862899780273, 4641
0.23634862899780273, 4640
0.23634862899780273, 4639
0.23634862899780273, 4638
0.24159479141235352, 4637
0.24159479141235352, 4636
0.24159479141235352, 4635
0.24159479141235352, 4634
0.24159479141235352, 4633
0.24159479141235352, 4632
0.24660778045654297, 4631
0.24660778045654297, 4630
0.24660778045654297, 4629
0.24660778045654297, 4628
0.24660778045654297, 4627
0.24660778045654297, 4626
0.24660778045654297, 4625
0.25116944313049316, 4624
0.25116944313049316, 4623
0.25116944313049316, 4622
0.25116944313049316, 4621
0.25116944313049316, 4620
0.25116944313049316, 4619
0.25116944313049316, 4618
0.25116944313049316, 4617
0.25116944313049316, 4616
0.25116944313049316, 4615
0.2561917304992676, 4614
0.2561917304992676, 4613
0.2561917304992676, 4612
0.2561917304992676, 4611
0.2561917304992676, 4610
0.2561917304992676, 4609
0.26125478744506836, 4608
0.26125478744506836, 4607
0.2633333206176758, 4606
0.2633333206176758, 4605
0.2633333206176758, 4604
0.2633333206176758, 4603
0.2633333206176758, 4602
0.27139949798583984, 4601
0.27139949798583984, 4600
0.27139949798583984, 4599
0.27139949798583984, 4598
0.2764127254486084, 4597
0.2764127254486084, 4596
0.2764127254486084, 4595
0.2764127254486084, 4594
0.2764127254486084, 4593
0.2764127254486084, 4592
0.28148889541625977, 4591
0.28148889541625977, 4590
0.28148889541625977, 4589
0.28148889541625977, 4588
0.28148889541625977, 4587
0.28148889541625977, 4586
0.28148889541625977, 4585
0.28650474548339844, 4584
0.28650474548339844, 4583
0.28650474548339844, 4582
0.28650474548339844, 4581
0.29108524322509766, 4580
0.29108524322509766, 4579
0.29108524322509766, 4578
0.29108524322509766, 4577
0.29108524322509766, 4576
0.29108524322509766, 4575
0.29108524322509766, 4574
0.29108524322509766, 4573
0.2960946559906006, 4572
0.2960946559906006, 4571
0.2960946559906006, 4570
0.2960946559906006, 4569
0.2960946559906006, 4568
0.2960946559906006, 4567
0.301163911819458, 4566
0.301163911819458, 4565
0.301163911819458, 4564
0.301163911819458, 4563
0.301163911819458, 4562
0.301163911819458, 4561
0.301163911819458, 4560
0.301163911819458, 4559
0.301163911819458, 4558
0.3114802837371826, 4557
0.3114802837371826, 4556
0.3114802837371826, 4555
0.3114802837371826, 4554
0.3114802837371826, 4553
0.3114802837371826, 4552
0.3114802837371826, 4551
0.3114802837371826, 4550
0.3114802837371826, 4549
0.3114802837371826, 4548
0.3114802837371826, 4547
0.3114802837371826, 4546
0.3114802837371826, 4545
0.3114802837371826, 4544
0.3114802837371826, 4543
0.3215491771697998, 4542
0.3215491771697998, 4541
0.3215491771697998, 4540
0.3215491771697998, 4539
0.3215491771697998, 4538
0.3215491771697998, 4537
0.3215491771697998, 4536
0.3215491771697998, 4535
0.3215491771697998, 4534
0.33142971992492676, 4533
0.33142971992492676, 4532
0.33142971992492676, 4531
0.33142971992492676, 4530
0.33142971992492676, 4529
0.33142971992492676, 4528
0.33142971992492676, 4527
0.33142971992492676, 4526
0.33142971992492676, 4525
0.33142971992492676, 4524
0.3414020538330078, 4523
0.3414020538330078, 4522
0.3414020538330078, 4521
0.3414020538330078, 4520
0.3414020538330078, 4519
0.3414020538330078, 4518
0.3414020538330078, 4517
0.3414020538330078, 4516
0.3414020538330078, 4515
0.3414020538330078, 4514
0.3414020538330078, 4513
0.3414020538330078, 4512
0.3414020538330078, 4511
0.3414020538330078, 4510
0.3511643409729004, 4509
0.3511643409729004, 4508
0.3511643409729004, 4507
0.3511643409729004, 4506
0.3511643409729004, 4505
0.3511643409729004, 4504
0.3511643409729004, 4503
0.3511643409729004, 4502
0.3511643409729004, 4501
0.3511643409729004, 4500
0.3511643409729004, 4499
0.3511643409729004, 4498
0.3511643409729004, 4497
0.3614177703857422, 4496
0.3614177703857422, 4495
0.3634681701660156, 4494
0.3634681701660156, 4493
0.3634681701660156, 4492
0.3634681701660156, 4491
0.3634681701660156, 4490
0.3634681701660156, 4489
0.3634681701660156, 4488
0.3634681701660156, 4487
0.3715219497680664, 4486
0.3715219497680664, 4485
0.3715219497680664, 4484
0.3715219497680664, 4483
0.3715219497680664, 4482
0.3715219497680664, 4481
0.3715219497680664, 4480
0.3715219497680664, 4479
0.3715219497680664, 4478
0.3715219497680664, 4477
0.3715219497680664, 4476
0.3715219497680664, 4475
0.3715219497680664, 4474
0.3715219497680664, 4473
0.38143348693847656, 4472
0.38143348693847656, 4471
0.38143348693847656, 4470
0.38143348693847656, 4469
0.38390350341796875, 4468
0.38390350341796875, 4467
0.38390350341796875, 4466
0.38390350341796875, 4465
0.38390350341796875, 4464
0.38390350341796875, 4463
0.38390350341796875, 4462
0.38390350341796875, 4461
0.39135289192199707, 4460
0.39135289192199707, 4459
0.39135289192199707, 4458
0.39135289192199707, 4457
0.39135289192199707, 4456
0.39135289192199707, 4455
0.39135289192199707, 4454
0.39135289192199707, 4453
0.39135289192199707, 4452
0.39135289192199707, 4451
0.39135289192199707, 4450
0.39135289192199707, 4449
0.39135289192199707, 4448
0.39135289192199707, 4447
0.40114545822143555, 4446
0.4011845588684082, 4445
0.4011845588684082, 4444
0.4011845588684082, 4443
0.4011845588684082, 4442
0.4011845588684082, 4441
0.4011845588684082, 4440
0.4011845588684082, 4439
0.4011845588684082, 4438
0.4011845588684082, 4437
0.4011845588684082, 4436
0.4011845588684082, 4435
0.4112699031829834, 4434
0.4112699031829834, 4433
0.4112699031829834, 4432
0.4112699031829834, 4431
0.4112699031829834, 4430
0.4112699031829834, 4429
0.4112699031829834, 4428
0.4112699031829834, 4427
0.4112699031829834, 4426
0.4112699031829834, 4425
0.4112699031829834, 4424
0.4212338924407959, 4423
0.4212338924407959, 4422
0.4212338924407959, 4421
0.4212338924407959, 4420
0.4212338924407959, 4419
0.4212338924407959, 4418
0.4212338924407959, 4417
0.4212338924407959, 4416
0.4212338924407959, 4415
0.4212338924407959, 4414
0.4212338924407959, 4413
0.4312937259674072, 4412
0.4312937259674072, 4411
0.4312937259674072, 4410
0.4312937259674072, 4409
0.4312937259674072, 4408
0.4312937259674072, 4407
0.4312937259674072, 4406
0.4312937259674072, 4405
0.4312937259674072, 4404
0.4312937259674072, 4403
0.4312937259674072, 4402
0.4312937259674072, 4401
0.4312937259674072, 4400
0.4312937259674072, 4399
0.4312937259674072, 4398
0.4414527416229248, 4397
0.4414527416229248, 4396
0.4414527416229248, 4395
0.4414527416229248, 4394
0.4414527416229248, 4393
0.4414527416229248, 4392
0.4414527416229248, 4391
0.45143961906433105, 4390
0.45143961906433105, 4389
0.45143961906433105, 4388
0.45143961906433105, 4387
0.45143961906433105, 4386
0.45143961906433105, 4385
0.45143961906433105, 4384
0.45143961906433105, 4383
0.45143961906433105, 4382
0.45143961906433105, 4381
0.45143961906433105, 4380
0.45143961906433105, 4379
0.45143961906433105, 4378
0.45143961906433105, 4377
0.45143961906433105, 4376
0.45143961906433105, 4375
0.45143961906433105, 4374
0.461289644241333, 4373
0.461289644241333, 4372
0.46337127685546875, 4371
0.46337127685546875, 4370
0.46337127685546875, 4369
0.46337127685546875, 4368
0.46337127685546875, 4367
0.46337127685546875, 4366
0.46337127685546875, 4365
0.46337127685546875, 4364
0.46337127685546875, 4363
0.46337127685546875, 4362
0.46337127685546875, 4361
0.47139453887939453, 4360
0.47139453887939453, 4359
0.47139453887939453, 4358
0.47139453887939453, 4357
0.47139453887939453, 4356
0.47139453887939453, 4355
0.47139453887939453, 4354
0.47139453887939453, 4353
0.47139453887939453, 4352
0.47139453887939453, 4351
0.47139453887939453, 4350
0.47139453887939453, 4349
0.47139453887939453, 4348
0.47139453887939453, 4347
0.47139453887939453, 4346
0.48146677017211914, 4345
0.48146677017211914, 4344
0.48146677017211914, 4343
0.48146677017211914, 4342
0.48146677017211914, 4341
0.48146677017211914, 4340
0.48146677017211914, 4339
0.48146677017211914, 4338
0.48146677017211914, 4337
0.48146677017211914, 4336
0.49149632453918457, 4335
0.49149632453918457, 4334
0.49149632453918457, 4333
0.49149632453918457, 4332
0.49149632453918457, 4331
0.49149632453918457, 4330
0.49149632453918457, 4329
0.49149632453918457, 4328
0.49149632453918457, 4327
0.49149632453918457, 4326
0.49149632453918457, 4325
0.49149632453918457, 4324
0.49149632453918457, 4323
0.49149632453918457, 4322
0.5014467239379883, 4321
0.5014467239379883, 4320
0.5014467239379883, 4319
0.5014467239379883, 4318
0.5014467239379883, 4317
0.5014467239379883, 4316
0.5014467239379883, 4315
0.5014467239379883, 4314
0.5014467239379883, 4313
0.5014467239379883, 4312
0.5014467239379883, 4311
0.5014467239379883, 4310
0.5014467239379883, 4309
0.5014467239379883, 4308
0.5014467239379883, 4307
0.5112826824188232, 4306
0.5112826824188232, 4305
0.5112826824188232, 4304
0.5112826824188232, 4303
0.5112826824188232, 4302
0.5112826824188232, 4301
0.5112826824188232, 4300
0.5112826824188232, 4299
0.5112826824188232, 4298
0.5112826824188232, 4297
0.5112826824188232, 4296
0.5112826824188232, 4295
0.5112826824188232, 4294
0.5112826824188232, 4293
0.5112826824188232, 4292
0.5213980674743652, 4291
0.5213980674743652, 4290
0.5213980674743652, 4289
0.5213980674743652, 4288
0.5213980674743652, 4287
0.5213980674743652, 4286
0.5213980674743652, 4285
0.5213980674743652, 4284
0.5213980674743652, 4283
0.5213980674743652, 4282
0.5213980674743652, 4281
0.5213980674743652, 4280
0.5312871932983398, 4279
0.5312871932983398, 4278
0.5312871932983398, 4277
0.5312871932983398, 4276
0.5312871932983398, 4275
0.5312871932983398, 4274
0.5312871932983398, 4273
0.5312871932983398, 4272
0.5312871932983398, 4271
0.5415439605712891, 4270
0.5415439605712891, 4269
0.5415439605712891, 4268
0.5415439605712891, 4267
0.5415439605712891, 4266
0.5415439605712891, 4265
0.5415439605712891, 4264
0.5415439605712891, 4263
0.5415439605712891, 4262
0.5415439605712891, 4261
0.5415439605712891, 4260
0.5415439605712891, 4259
0.5511832237243652, 4258
0.5511832237243652, 4257
0.5511832237243652, 4256
0.5511832237243652, 4255
0.5511832237243652, 4254
0.5511832237243652, 4253
0.5511832237243652, 4252
0.5511832237243652, 4251
0.5511832237243652, 4250
0.5511832237243652, 4249
0.5511832237243652, 4248
0.5511832237243652, 4247
0.5633378028869629, 4246
0.5633378028869629, 4245
0.5633378028869629, 4244
0.5653936862945557, 4243
0.5653936862945557, 4242
0.5653936862945557, 4241
0.5653936862945557, 4240
0.5653936862945557, 4239
0.5653936862945557, 4238
0.5653936862945557, 4237
0.5653936862945557, 4236
0.5653936862945557, 4235
0.5653936862945557, 4234
0.5653936862945557, 4233
0.5714118480682373, 4232
0.5714118480682373, 4231
0.5734653472900391, 4230
0.5734653472900391, 4229
0.5755274295806885, 4228
0.5755274295806885, 4227
0.5755274295806885, 4226
0.5755274295806885, 4225
0.5816042423248291, 4224
0.5816042423248291, 4223
0.5816042423248291, 4222
0.5836145877838135, 4221
0.5836639404296875, 4220
0.5836639404296875, 4219
0.5836639404296875, 4218
0.5836639404296875, 4217
0.5857179164886475, 4216
0.5857179164886475, 4215
0.5857179164886475, 4214
0.5857179164886475, 4213
0.5857179164886475, 4212
0.5857179164886475, 4211
0.5857179164886475, 4210
0.5912740230560303, 4209
0.5938405990600586, 4208
0.5938405990600586, 4207
0.595895528793335, 4206
0.595895528793335, 4205
0.595895528793335, 4204
0.595895528793335, 4203
0.595895528793335, 4202
0.6014392375946045, 4201
0.6040270328521729, 4200
0.6040270328521729, 4199
0.6040270328521729, 4198
0.6040270328521729, 4197
0.6040270328521729, 4196
0.6040270328521729, 4195
0.6040270328521729, 4194
0.6040270328521729, 4193
0.6040270328521729, 4192
0.6040270328521729, 4191
0.6115870475769043, 4190
0.6141409873962402, 4189
0.6141409873962402, 4188
0.6141409873962402, 4187
0.6161952018737793, 4186
0.6161952018737793, 4185
0.6161952018737793, 4184
0.6161952018737793, 4183
0.624401330947876, 4182
0.624401330947876, 4181
0.624401330947876, 4180
0.624401330947876, 4179
0.6314687728881836, 4178
0.6314687728881836, 4177
0.6314687728881836, 4176
0.6365883350372314, 4175
0.6365883350372314, 4174
0.6365883350372314, 4173
0.6411571502685547, 4172
0.6411571502685547, 4171
0.6411571502685547, 4170
0.6447227001190186, 4169
0.6467859745025635, 4168
0.6467859745025635, 4167
0.6467859745025635, 4166
0.6467859745025635, 4165
0.6467859745025635, 4164
0.6467859745025635, 4163
0.6467859745025635, 4162
0.6513543128967285, 4161
0.6513543128967285, 4160
0.6513543128967285, 4159
0.6513543128967285, 4158
0.6513543128967285, 4157
0.6570608615875244, 4156
0.6570608615875244, 4155
0.6570608615875244, 4154
0.6570608615875244, 4153
0.6570608615875244, 4152
0.6616256237030029, 4151
0.6616256237030029, 4150
0.6616256237030029, 4149
0.6616256237030029, 4148
0.665177583694458, 4147
0.665177583694458, 4146
0.665177583694458, 4145
0.6672275066375732, 4144
0.6672275066375732, 4143
0.6672275066375732, 4142
0.6672275066375732, 4141
0.6672275066375732, 4140
0.6672275066375732, 4139
0.6712634563446045, 4138
0.6712634563446045, 4137
0.6753182411193848, 4136
0.6753182411193848, 4135
0.6753182411193848, 4134
0.6753182411193848, 4133
0.6753182411193848, 4132
0.6813671588897705, 4131
0.6813671588897705, 4130
0.6813671588897705, 4129
0.6813671588897705, 4128
0.6813671588897705, 4127
0.6854338645935059, 4126
0.6854338645935059, 4125
0.6875207424163818, 4124
0.6875207424163818, 4123
0.6915762424468994, 4122
0.6915762424468994, 4121
0.6915762424468994, 4120
0.6915762424468994, 4119
0.6915762424468994, 4118
0.6956276893615723, 4117
0.6956276893615723, 4116
0.6956276893615723, 4115
0.6976766586303711, 4114
0.6976766586303711, 4113
0.6976766586303711, 4112
0.7012286186218262, 4111
0.7012286186218262, 4110
0.7012286186218262, 4109
0.7012286186218262, 4108
0.7083370685577393, 4107
0.7083370685577393, 4106
0.7083370685577393, 4105
0.7083370685577393, 4104
0.7113914489746094, 4103
0.7113914489746094, 4102
0.7113914489746094, 4101
0.7113914489746094, 4100
0.7113914489746094, 4099
0.7183589935302734, 4098
0.7214226722717285, 4097
0.7214226722717285, 4096
0.7214226722717285, 4095
0.7264173030853271, 4094
0.7264173030853271, 4093
0.7284722328186035, 4092
0.7284722328186035, 4091
0.7315216064453125, 4090
0.7315216064453125, 4089
0.7315216064453125, 4088
0.7315216064453125, 4087
0.7315216064453125, 4086
0.7315216064453125, 4085
0.7315216064453125, 4084
0.7315216064453125, 4083
0.7315216064453125, 4082
0.7363080978393555, 4081
0.7383418083190918, 4080
0.7415201663970947, 4079
0.7415201663970947, 4078
0.7415201663970947, 4077
0.7415201663970947, 4076
0.7465884685516357, 4075
0.7465884685516357, 4074
0.7465884685516357, 4073
0.7511835098266602, 4072
0.7511835098266602, 4071
0.7511835098266602, 4070
0.7511835098266602, 4069
0.7567915916442871, 4068
0.7567915916442871, 4067
0.7588229179382324, 4066
0.7588229179382324, 4065
0.7588229179382324, 4064
0.7613813877105713, 4063
0.7613813877105713, 4062
0.7613813877105713, 4061
0.7613813877105713, 4060
0.7613813877105713, 4059
0.76702880859375, 4058
0.76702880859375, 4057
0.7690825462341309, 4056
0.7690825462341309, 4055
0.7711648941040039, 4054
0.7711648941040039, 4053
0.7711648941040039, 4052
0.7711648941040039, 4051
0.7770516872406006, 4050
0.7770516872406006, 4049
0.7791023254394531, 4048
0.7791023254394531, 4047
0.781151533126831, 4046
0.781151533126831, 4045
0.7872509956359863, 4044
0.7893891334533691, 4043
0.7915680408477783, 4042
0.7915680408477783, 4041
0.7915680408477783, 4040
0.7915680408477783, 4039
0.7915680408477783, 4038
0.7915680408477783, 4037
0.7977392673492432, 4036
0.7977392673492432, 4035
0.7977392673492432, 4034
0.7997763156890869, 4033
0.8013317584991455, 4032
0.8013317584991455, 4031
0.8013317584991455, 4030
0.8013317584991455, 4029
0.8013317584991455, 4028
0.8013317584991455, 4027
0.8077545166015625, 4026
0.8097987174987793, 4025
0.8097987174987793, 4024
0.8113448619842529, 4023
0.8113448619842529, 4022
0.8113448619842529, 4021
0.8113448619842529, 4020
0.8113448619842529, 4019
0.8113448619842529, 4018
0.8113448619842529, 4017
0.8180475234985352, 4016
0.8180475234985352, 4015
0.8200674057006836, 4014
0.8200674057006836, 4013
0.821117639541626, 4012
0.821117639541626, 4011
0.821117639541626, 4010
0.821117639541626, 4009
0.826164722442627, 4008
0.826164722442627, 4007
0.8282227516174316, 4006
0.8282227516174316, 4005
0.8282227516174316, 4004
0.8302731513977051, 4003
0.8313243389129639, 4002
0.8313243389129639, 4001
0.8313243389129639, 4000
0.8313243389129639, 3999
0.8313243389129639, 3998
0.8313243389129639, 3997
0.8313243389129639, 3996
0.8313243389129639, 3995
0.8383419513702393, 3994
0.8383419513702393, 3993
0.8403811454772949, 3992
0.8414366245269775, 3991
0.8414366245269775, 3990
0.8485908508300781, 3989
0.8485908508300781, 3988
0.8485908508300781, 3987
0.8485908508300781, 3986
0.8511438369750977, 3985
0.8511438369750977, 3984
0.8511438369750977, 3983
0.8511438369750977, 3982
0.8511438369750977, 3981
0.8511438369750977, 3980
0.8511438369750977, 3979
0.8608975410461426, 3978
0.8614473342895508, 3977
0.8614473342895508, 3976
0.8614473342895508, 3975
0.8614473342895508, 3974
0.8614473342895508, 3973
0.8689901828765869, 3972
0.8710482120513916, 3971
0.8710482120513916, 3970
0.8710482120513916, 3969
0.8710482120513916, 3968
0.8710482120513916, 3967
0.8760559558868408, 3966
0.8760559558868408, 3965
0.8760559558868408, 3964
0.8791160583496094, 3963
0.8791160583496094, 3962
0.8811655044555664, 3961
0.8811655044555664, 3960
0.8811655044555664, 3959
0.8811655044555664, 3958
0.8811655044555664, 3957
0.8893322944641113, 3956
0.8893322944641113, 3955
0.8913958072662354, 3954
0.8913958072662354, 3953
0.8913958072662354, 3952
0.8913958072662354, 3951
0.8913958072662354, 3950
0.8913958072662354, 3949
0.8913958072662354, 3948
0.8913958072662354, 3947
0.8995530605316162, 3946
0.8995530605316162, 3945
0.9016499519348145, 3944
0.9016499519348145, 3943
0.9016499519348145, 3942
0.9016499519348145, 3941
0.9016499519348145, 3940
0.9016499519348145, 3939
0.9016499519348145, 3938
0.9016499519348145, 3937
0.9098255634307861, 3936
0.9098255634307861, 3935
0.9098255634307861, 3934
0.9113771915435791, 3933
0.9158923625946045, 3932
0.9159715175628662, 3931
0.9159715175628662, 3930
0.918250322341919, 3929
0.918250322341919, 3928
0.918250322341919, 3927
0.9198179244995117, 3926
0.9208705425262451, 3925
0.9208705425262451, 3924
0.9214246273040771, 3923
0.9231019020080566, 3922
0.9242446422576904, 3921
0.9253075122833252, 3920
0.9253075122833252, 3919
0.9253075122833252, 3918
0.929863452911377, 3917
0.9314203262329102, 3916
0.9319782257080078, 3915
0.9319782257080078, 3914
0.9319782257080078, 3913
0.9319782257080078, 3912
0.9319782257080078, 3911
0.9319782257080078, 3910
0.9319782257080078, 3909
0.9319782257080078, 3908
0.9319782257080078, 3907
0.9319782257080078, 3906
0.9319782257080078, 3905
0.9319782257080078, 3904
0.9319782257080078, 3903
0.9402568340301514, 3902
0.9423820972442627, 3901
0.9423820972442627, 3900
0.9423820972442627, 3899
0.9423820972442627, 3898
0.9423820972442627, 3897
0.9423820972442627, 3896
0.9504411220550537, 3895
0.9514932632446289, 3894
0.9525480270385742, 3893
0.9525480270385742, 3892
0.9525480270385742, 3891
0.9525480270385742, 3890
0.9628713130950928, 3889
0.9628713130950928, 3888
0.9628713130950928, 3887
0.9628713130950928, 3886
0.9628713130950928, 3885
0.9628713130950928, 3884
0.9709391593933105, 3883
0.9714603424072266, 3882
0.9714603424072266, 3881
0.9730119705200195, 3880
0.9730119705200195, 3879
0.9730119705200195, 3878
0.9730119705200195, 3877
0.981112003326416, 3876
0.981112003326416, 3875
0.981112003326416, 3874
0.9831533432006836, 3873
0.9831533432006836, 3872
0.9831533432006836, 3871
0.9831533432006836, 3870
0.9831533432006836, 3869
0.9831533432006836, 3868
0.9831533432006836, 3867
0.9831533432006836, 3866
0.9913640022277832, 3865
0.9913640022277832, 3864
0.9913640022277832, 3863
0.9934148788452148, 3862
0.9934148788452148, 3861
0.9934148788452148, 3860
0.9934148788452148, 3859
1.003943920135498, 3858
1.003943920135498, 3857
1.003943920135498, 3856
1.0059783458709717, 3855
1.0059783458709717, 3854
1.0059783458709717, 3853
1.0059783458709717, 3852
1.0059783458709717, 3851
1.0059783458709717, 3850
1.0059783458709717, 3849
1.0115327835083008, 3848
1.0115327835083008, 3847
1.0140933990478516, 3846
1.0161488056182861, 3845
1.0161488056182861, 3844
1.0161488056182861, 3843
1.0161488056182861, 3842
1.0243518352508545, 3841
1.0243518352508545, 3840
1.0243518352508545, 3839
1.0243518352508545, 3838
1.0243518352508545, 3837
1.0243518352508545, 3836
1.0243518352508545, 3835
1.0314104557037354, 3834
1.0314104557037354, 3833
1.03446364402771, 3832
1.03446364402771, 3831
1.0365002155303955, 3830
1.0415546894073486, 3829
1.0415546894073486, 3828
1.044619083404541, 3827
1.044619083404541, 3826
1.0466737747192383, 3825
1.0466737747192383, 3824
1.0466737747192383, 3823
1.0512290000915527, 3822
1.0512290000915527, 3821
1.0512290000915527, 3820
1.0512290000915527, 3819
1.0568749904632568, 3818
1.0568749904632568, 3817
1.0568749904632568, 3816
1.0568749904632568, 3815
1.0568749904632568, 3814
1.061434268951416, 3813
1.061434268951416, 3812
1.061434268951416, 3811
1.061434268951416, 3810
1.0649871826171875, 3809
1.0670466423034668, 3808
1.0670466423034668, 3807
1.0670466423034668, 3806
1.0670466423034668, 3805
1.0670466423034668, 3804
1.0716087818145752, 3803
1.0716087818145752, 3802
1.0773155689239502, 3801
1.0773155689239502, 3800
1.081364631652832, 3799
1.081364631652832, 3798
1.0854158401489258, 3797
1.0854158401489258, 3796
1.0874898433685303, 3795
1.0874898433685303, 3794
1.091545820236206, 3793
1.091545820236206, 3792
1.0976452827453613, 3791
1.0976452827453613, 3790
1.0976452827453613, 3789
1.0976452827453613, 3788
1.0976452827453613, 3787
1.1011970043182373, 3786
1.1011970043182373, 3785
1.1011970043182373, 3784
1.1011970043182373, 3783
1.1011970043182373, 3782
1.1011970043182373, 3781
1.105802297592163, 3780
1.105802297592163, 3779
1.1078250408172607, 3778
1.1078250408172607, 3777
1.1078250408172607, 3776
1.1113758087158203, 3775
1.1113758087158203, 3774
1.1113758087158203, 3773
1.1113758087158203, 3772
1.1159274578094482, 3771
1.1159274578094482, 3770
1.1159274578094482, 3769
1.1180088520050049, 3768
1.1180088520050049, 3767
1.1180088520050049, 3766
1.1180088520050049, 3765
1.1180088520050049, 3764
1.1215574741363525, 3763
1.1215574741363525, 3762
1.1215574741363525, 3761
1.1281352043151855, 3760
1.1311850547790527, 3759
1.1311850547790527, 3758
1.1311850547790527, 3757
1.1311850547790527, 3756
1.1382739543914795, 3755
1.1413450241088867, 3754
1.1413450241088867, 3753
1.146390438079834, 3752
1.146390438079834, 3751
1.1484265327453613, 3750
1.1484265327453613, 3749
1.1514744758605957, 3748
1.1514744758605957, 3747
1.1514744758605957, 3746
1.1514744758605957, 3745
1.1571016311645508, 3744
1.1589999198913574, 3743
1.1615533828735352, 3742
1.1615533828735352, 3741
1.1615533828735352, 3740
1.1615533828735352, 3739
1.1615533828735352, 3738
1.1615533828735352, 3737
1.1615533828735352, 3736
1.1690564155578613, 3735
1.1690564155578613, 3734
1.1716115474700928, 3733
1.1716115474700928, 3732
1.1716115474700928, 3731
1.1761562824249268, 3730
1.1761562824249268, 3729
1.1771645545959473, 3728
1.1771762371063232, 3727
1.1771762371063232, 3726
1.1792678833007812, 3725
1.1792678833007812, 3724
1.1813180446624756, 3723
1.1813180446624756, 3722
1.1813180446624756, 3721
1.1813180446624756, 3720
1.186324119567871, 3719
1.186324119567871, 3718
1.1874136924743652, 3717
1.189478874206543, 3716
1.1915380954742432, 3715
1.1915380954742432, 3714
1.1915380954742432, 3713
1.1976337432861328, 3712
1.1996879577636719, 3711
1.2012450695037842, 3710
1.2012450695037842, 3709
1.2012450695037842, 3708
1.2081050872802734, 3707
1.2081050872802734, 3706
1.2101659774780273, 3705
1.2112164497375488, 3704
1.2112164497375488, 3703
1.2112164497375488, 3702
1.2112164497375488, 3701
1.218444585800171, 3700
1.218444585800171, 3699
1.2205066680908203, 3698
1.2205066680908203, 3697
1.221527099609375, 3696
1.221527099609375, 3695
1.221527099609375, 3694
1.221527099609375, 3693
1.221527099609375, 3692
1.221527099609375, 3691
1.228590965270996, 3690
1.228590965270996, 3689
1.2312347888946533, 3688
1.2312347888946533, 3687
1.2312347888946533, 3686
1.2312347888946533, 3685
1.2362456321716309, 3684
1.2389280796051025, 3683
1.2415218353271484, 3682
1.2415218353271484, 3681
1.2491121292114258, 3680
1.2491121292114258, 3679
1.2511887550354004, 3678
1.2511887550354004, 3677
1.2511887550354004, 3676
1.2511887550354004, 3675
1.2561993598937988, 3674
1.259277105331421, 3673
1.2612855434417725, 3672
1.261354923248291, 3671
1.261354923248291, 3670
1.261354923248291, 3669
1.261354923248291, 3668
1.261354923248291, 3667
1.261354923248291, 3666
1.2663655281066895, 3665
1.271470069885254, 3664
1.271470069885254, 3663
1.271470069885254, 3662
1.271470069885254, 3661
1.271470069885254, 3660
1.271470069885254, 3659
1.271470069885254, 3658
1.271470069885254, 3657
1.2794620990753174, 3656
1.2794620990753174, 3655
1.2794620990753174, 3654
1.2794620990753174, 3653
1.2815020084381104, 3652
1.2815477848052979, 3651
1.2815477848052979, 3650
1.2815477848052979, 3649
1.2815477848052979, 3648
1.289881944656372, 3647
1.2921535968780518, 3646
1.2921535968780518, 3645
1.2921535968780518, 3644
1.2921535968780518, 3643
1.2921535968780518, 3642
1.301365613937378, 3641
1.301365613937378, 3640
1.302391529083252, 3639
1.302391529083252, 3638
1.302391529083252, 3637
1.302391529083252, 3636
1.302391529083252, 3635
1.3103852272033691, 3634
1.3114418983459473, 3633
1.3114418983459473, 3632
1.3114418983459473, 3631
1.3114418983459473, 3630
1.3114418983459473, 3629
1.3215253353118896, 3628
1.322547197341919, 3627
1.322547197341919, 3626
1.3314411640167236, 3625
1.3314411640167236, 3624
1.3314411640167236, 3623
1.3314411640167236, 3622
1.3314411640167236, 3621
1.3314411640167236, 3620
1.3314411640167236, 3619
1.3403308391571045, 3618
1.3403308391571045, 3617
1.342461347579956, 3616
1.342461347579956, 3615
1.3465049266815186, 3614
1.3465049266815186, 3613
1.3465049266815186, 3612
1.3465049266815186, 3611
1.3465049266815186, 3610
1.3505582809448242, 3609
1.3505582809448242, 3608
1.3516056537628174, 3607
1.3516056537628174, 3606
1.3516056537628174, 3605
1.3516056537628174, 3604
1.3516056537628174, 3603
1.3516056537628174, 3602
1.3516056537628174, 3601
1.3604893684387207, 3600
1.3604893684387207, 3599
1.3625915050506592, 3598
1.3625915050506592, 3597
1.3625915050506592, 3596
1.3625915050506592, 3595
1.3625915050506592, 3594
1.3713135719299316, 3593
1.3713135719299316, 3592
1.3713135719299316, 3591
1.3729958534240723, 3590
1.382842779159546, 3589
1.382842779159546, 3588
1.382842779159546, 3587
1.382842779159546, 3586
1.382842779159546, 3585
1.3914527893066406, 3584
1.3914527893066406, 3583
1.3914527893066406, 3582
1.3914527893066406, 3581
1.3914527893066406, 3580
1.4016485214233398, 3579
1.403212070465088, 3578
1.403212070465088, 3577
1.403212070465088, 3576
1.403212070465088, 3575
1.4112789630889893, 3574
1.4133315086364746, 3573
1.4133315086364746, 3572
1.4133315086364746, 3571
1.4133315086364746, 3570
1.4133315086364746, 3569
1.421410083770752, 3568
1.4234392642974854, 3567
1.4234392642974854, 3566
1.4234392642974854, 3565
1.4234392642974854, 3564
1.4234392642974854, 3563
1.4234392642974854, 3562
1.4234392642974854, 3561
1.4234392642974854, 3560
1.4314994812011719, 3559
1.4335603713989258, 3558
1.4335603713989258, 3557
1.4335603713989258, 3556
1.4335603713989258, 3555
1.4335603713989258, 3554
1.4335603713989258, 3553
1.4416530132293701, 3552
1.4436721801757812, 3551
1.4436721801757812, 3550
1.4436721801757812, 3549
1.4436721801757812, 3548
1.4436721801757812, 3547
1.451228141784668, 3546
1.4517838954925537, 3545
1.453845739364624, 3544
1.453845739364624, 3543
1.453845739364624, 3542
1.4640302658081055, 3541
1.4640302658081055, 3540
1.4640302658081055, 3539
1.4640302658081055, 3538
1.4640302658081055, 3537
1.4640302658081055, 3536
1.4716315269470215, 3535
1.47214937210083, 3534
1.47214937210083, 3533
1.4741997718811035, 3532
1.4741997718811035, 3531
1.4741997718811035, 3530
1.4741997718811035, 3529
1.4741997718811035, 3528
1.482377290725708, 3527
1.482377290725708, 3526
1.482377290725708, 3525
1.482377290725708, 3524
1.482377290725708, 3523
1.4915874004364014, 3522
1.4926371574401855, 3521
1.4926371574401855, 3520
1.4926371574401855, 3519
1.4926371574401855, 3518
1.4926371574401855, 3517
1.4926371574401855, 3516
1.4926371574401855, 3515
1.4926371574401855, 3514
1.4926371574401855, 3513
1.4926371574401855, 3512
1.4926371574401855, 3511
1.5012092590332031, 3510
1.5113677978515625, 3509
1.5113677978515625, 3508
1.5113677978515625, 3507
1.521228313446045, 3506
1.521228313446045, 3505
1.521228313446045, 3504
1.521228313446045, 3503
1.521228313446045, 3502
1.521228313446045, 3501
1.521228313446045, 3500
1.521228313446045, 3499
1.531191349029541, 3498
1.536205768585205, 3497
1.536205768585205, 3496
1.5414068698883057, 3495
1.5414068698883057, 3494
1.5414068698883057, 3493
1.5414068698883057, 3492
1.5414068698883057, 3491
1.5414068698883057, 3490
1.5414068698883057, 3489
1.5414068698883057, 3488
1.5414068698883057, 3487
1.5514380931854248, 3486
1.5514380931854248, 3485
1.5514380931854248, 3484
1.5514380931854248, 3483
1.5514380931854248, 3482
1.5611674785614014, 3481
1.5612523555755615, 3480
1.5612523555755615, 3479
1.5612523555755615, 3478
1.5612523555755615, 3477
1.5612523555755615, 3476
1.5612523555755615, 3475
1.5612523555755615, 3474
1.5711987018585205, 3473
1.57621169090271, 3472
1.57621169090271, 3471
1.586277723312378, 3470
1.586277723312378, 3469
1.586277723312378, 3468
1.5913479328155518, 3467
1.592916488647461, 3466
1.592916488647461, 3465
1.592916488647461, 3464
1.592916488647461, 3463
1.592916488647461, 3462
1.6014680862426758, 3461
1.6014680862426758, 3460
1.6014680862426758, 3459
1.6014680862426758, 3458
1.6014680862426758, 3457
1.6014680862426758, 3456
1.6113777160644531, 3455
1.6113777160644531, 3454
1.6163890361785889, 3453
1.6163890361785889, 3452
1.6163890361785889, 3451
1.6240150928497314, 3450
1.6265552043914795, 3449
1.6265552043914795, 3448
1.6265552043914795, 3447
1.6316213607788086, 3446
1.6316213607788086, 3445
1.6316213607788086, 3444
1.6316213607788086, 3443
1.6316213607788086, 3442
1.6316213607788086, 3441
1.6366348266601562, 3440
1.6411738395690918, 3439
1.6411738395690918, 3438
1.6411738395690918, 3437
1.6411738395690918, 3436
1.646179437637329, 3435
1.646179437637329, 3434
1.646179437637329, 3433
1.646179437637329, 3432
1.646179437637329, 3431
1.646179437637329, 3430
1.6512415409088135, 3429
1.6512415409088135, 3428
1.6512415409088135, 3427
1.6562507152557373, 3426
1.661316156387329, 3425
1.661316156387329, 3424
1.661316156387329, 3423
1.666321039199829, 3422
1.666321039199829, 3421
1.676387071609497, 3420
1.681447982788086, 3419
1.686453104019165, 3418
1.6914937496185303, 3417
1.6914937496185303, 3416
1.6930108070373535, 3415
1.6930108070373535, 3414
1.6930108070373535, 3413
1.701566219329834, 3412
1.701566219329834, 3411
1.706587553024292, 3410
1.706587553024292, 3409
1.706587553024292, 3408
1.7116518020629883, 3407
1.7116518020629883, 3406
1.7116518020629883, 3405
1.7116518020629883, 3404
1.7116518020629883, 3403
1.7116518020629883, 3402
1.7116518020629883, 3401
1.7166564464569092, 3400
1.7166564464569092, 3399
1.7211964130401611, 3398
1.7211964130401611, 3397
1.7262022495269775, 3396
1.7262022495269775, 3395
1.7262022495269775, 3394
1.7312586307525635, 3393
1.7312586307525635, 3392
1.7362651824951172, 3391
1.7362651824951172, 3390
1.7362651824951172, 3389
1.7362651824951172, 3388
1.7362651824951172, 3387
1.7362651824951172, 3386
1.7413654327392578, 3385
1.7413654327392578, 3384
1.7413654327392578, 3383
1.746370792388916, 3382
1.746370792388916, 3381
1.7564256191253662, 3380
1.7564256191253662, 3379
1.7564256191253662, 3378
1.766498327255249, 3377
1.7715702056884766, 3376
1.7715702056884766, 3375
1.7765755653381348, 3374
1.7765755653381348, 3373
1.7765755653381348, 3372
1.7866389751434326, 3371
1.7912557125091553, 3370
1.7980146408081055, 3369
1.801651954650879, 3368
1.802704095840454, 3367
1.8047447204589844, 3366
1.8047447204589844, 3365
1.8047447204589844, 3364
1.8113281726837158, 3363
1.8113281726837158, 3362
1.8163354396820068, 3361
1.8163354396820068, 3360
1.8163354396820068, 3359
1.8214123249053955, 3358
1.8264174461364746, 3357
1.8264174461364746, 3356
1.8264174461364746, 3355
1.8264174461364746, 3354
1.8314785957336426, 3353
1.8314785957336426, 3352
1.8314785957336426, 3351
1.8314785957336426, 3350
1.8314785957336426, 3349
1.8314785957336426, 3348
1.8364849090576172, 3347
1.8364849090576172, 3346
1.8415403366088867, 3345
1.8415403366088867, 3344
1.8415403366088867, 3343
1.8415403366088867, 3342
1.846545696258545, 3341
1.846545696258545, 3340
1.8515982627868652, 3339
1.8515982627868652, 3338
1.856605052947998, 3337
1.856605052947998, 3336
1.866161823272705, 3335
1.866161823272705, 3334
1.866161823272705, 3333
1.8712306022644043, 3332
1.8712306022644043, 3331
1.8762359619140625, 3330
1.8862948417663574, 3329
1.8862948417663574, 3328
1.8862948417663574, 3327
1.8913023471832275, 3326
1.8954603672027588, 3325
1.8954603672027588, 3324
1.9035696983337402, 3323
1.9057064056396484, 3322
1.9057064056396484, 3321
1.9057064056396484, 3320
1.9057064056396484, 3319
1.9117639064788818, 3318
1.9117639064788818, 3317
1.9138164520263672, 3316
1.9158658981323242, 3315
1.9158658981323242, 3314
1.9158658981323242, 3313
1.9158658981323242, 3312
1.9240086078643799, 3311
1.9240086078643799, 3310
1.93605375289917, 3309
1.93605375289917, 3308
1.9441230297088623, 3307
1.9441230297088623, 3306
1.9461312294006348, 3305
1.9511380195617676, 3304
1.9511380195617676, 3303
1.9511380195617676, 3302
1.9542036056518555, 3301
1.9613511562347412, 3300
1.9613511562347412, 3299
1.9613511562347412, 3298
1.9643666744232178, 3297
1.9744672775268555, 3296
1.9765350818634033, 3295
1.9815914630889893, 3294
1.9846460819244385, 3293
1.9866979122161865, 3292
1.9866979122161865, 3291
1.9866979122161865, 3290
1.991269588470459, 3289
1.991269588470459, 3288
1.991269588470459, 3287
1.991269588470459, 3286
1.9949002265930176, 3285
1.9969604015350342, 3284
1.9969604015350342, 3283
2.0015110969543457, 3282
2.005073070526123, 3281
2.0071301460266113, 3280
2.0071301460266113, 3279
2.0071301460266113, 3278
2.0112147331237793, 3277
2.0112147331237793, 3276
2.0112147331237793, 3275
2.015275478363037, 3274
2.017327070236206, 3273
2.0213818550109863, 3272
2.0213818550109863, 3271
2.0316014289855957, 3270
2.0316014289855957, 3269
2.035668134689331, 3268
2.037729024887085, 3267
2.037729024887085, 3266
2.041419267654419, 3265
2.041419267654419, 3264
2.041419267654419, 3263
2.041419267654419, 3262
2.045985460281372, 3261
2.048038959503174, 3260
2.051591157913208, 3259
2.051591157913208, 3258
2.0582001209259033, 3257
2.0582001209259033, 3256
2.061260461807251, 3255
2.061260461807251, 3254
2.061260461807251, 3253
2.061260461807251, 3252
2.06632661819458, 3251
2.0714144706726074, 3250
2.081599235534668, 3249
2.081599235534668, 3248
2.0867760181427, 3247
2.091388702392578, 3246
2.091388702392578, 3245
2.091388702392578, 3244
2.098895311355591, 3243
2.1014535427093506, 3242
2.1014535427093506, 3241
2.1014535427093506, 3240
2.1014535427093506, 3239
2.11129093170166, 3238
2.117393732070923, 3237
2.117393732070923, 3236
2.1194441318511963, 3235
2.121462345123291, 3234
2.121462345123291, 3233
2.129620313644409, 3232
2.1311678886413574, 3231
2.1311678886413574, 3230
2.1361756324768066, 3229
2.1378138065338135, 3228
2.141390800476074, 3227
2.141390800476074, 3226
2.1464011669158936, 3225
2.147963762283325, 3224
2.150023937225342, 3223
2.150023937225342, 3222
2.1515872478485107, 3221
2.158235549926758, 3220
2.161553382873535, 3219
2.1665632724761963, 3218
2.171245813369751, 3217
2.171245813369751, 3216
2.171245813369751, 3215
2.171245813369751, 3214
2.176255702972412, 3213
2.180880069732666, 3212
2.181441068649292, 3211
2.181441068649292, 3210
2.181441068649292, 3209
2.1915969848632812, 3208
2.1966073513031006, 3207
2.1966073513031006, 3206
2.1991729736328125, 3205
2.2012407779693604, 3204
2.2012407779693604, 3203
2.2012407779693604, 3202
2.211306571960449, 3201
2.211306571960449, 3200
2.211306571960449, 3199
2.219155788421631, 3198
2.219155788421631, 3197
2.2212321758270264, 3196
2.2212321758270264, 3195
2.2212321758270264, 3194
2.2212321758270264, 3193
2.2212321758270264, 3192
2.2212321758270264, 3191
2.2212321758270264, 3190
2.2212321758270264, 3189
2.2212321758270264, 3188
2.2313833236694336, 3187
2.2313833236694336, 3186
2.2394657135009766, 3185
2.2394657135009766, 3184
2.2415454387664795, 3183
2.2415454387664795, 3182
2.246561288833618, 3181
2.246561288833618, 3180
2.2496371269226074, 3179
2.251772403717041, 3178
2.2612154483795166, 3177
2.2698113918304443, 3176
2.2713465690612793, 3175
2.2713465690612793, 3174
2.2713465690612793, 3173
2.2713465690612793, 3172
2.276352643966675, 3171
2.276352643966675, 3170
2.281419277191162, 3169
2.286426067352295, 3168
2.286426067352295, 3167
2.291651487350464, 3166
2.2966620922088623, 3165
2.2966620922088623, 3164
2.2966620922088623, 3163
2.306236982345581, 3162
2.306236982345581, 3161
2.306236982345581, 3160
2.3113415241241455, 3159
2.316350221633911, 3158
2.316350221633911, 3157
2.316350221633911, 3156
2.316350221633911, 3155
2.3264195919036865, 3154
2.3264195919036865, 3153
2.3314828872680664, 3152
2.3314828872680664, 3151
2.3365235328674316, 3150
2.3365235328674316, 3149
2.3365235328674316, 3148
2.3365235328674316, 3147
2.3365235328674316, 3146
2.3365235328674316, 3145
2.3416383266448975, 3144
2.3416383266448975, 3143
2.3416383266448975, 3142
2.346146821975708, 3141
2.346146821975708, 3140
2.3512027263641357, 3139
2.3512027263641357, 3138
2.361299753189087, 3137
2.361299753189087, 3136
2.361299753189087, 3135
2.3712050914764404, 3134
2.3712050914764404, 3133
2.3712050914764404, 3132
2.3712050914764404, 3131
2.381411075592041, 3130
2.381411075592041, 3129
2.381411075592041, 3128
2.391167640686035, 3127
2.391167640686035, 3126
2.391167640686035, 3125
2.391167640686035, 3124
2.391167640686035, 3123
2.391167640686035, 3122
2.391167640686035, 3121
2.401566505432129, 3120
2.401566505432129, 3119
2.406646966934204, 3118
2.4112155437469482, 3117
2.4112155437469482, 3116
2.4112155437469482, 3115
2.421569347381592, 3114
2.421569347381592, 3113
2.421569347381592, 3112
2.4312572479248047, 3111
2.4312572479248047, 3110
2.4312572479248047, 3109
2.4312572479248047, 3108
2.4312572479248047, 3107
2.4312572479248047, 3106
2.4312572479248047, 3105
2.4414892196655273, 3104
2.4483888149261475, 3103
2.453644037246704, 3102
2.455894708633423, 3101
2.455894708633423, 3100
2.455894708633423, 3099
2.455894708633423, 3098
2.4614996910095215, 3097
2.4614996910095215, 3096
2.4702553749084473, 3095
2.4702553749084473, 3094
2.4713125228881836, 3093
2.4713125228881836, 3092
2.4713125228881836, 3091
2.4713125228881836, 3090
2.4713125228881836, 3089
2.4813194274902344, 3088
2.4813194274902344, 3087
2.4813194274902344, 3086
2.4813194274902344, 3085
2.4963808059692383, 3084
2.4963808059692383, 3083
2.4963808059692383, 3082
2.50148344039917, 3081
2.50148344039917, 3080
2.50148344039917, 3079
2.50148344039917, 3078
2.50148344039917, 3077
2.50148344039917, 3076
2.511420965194702, 3075
2.511420965194702, 3074
2.511420965194702, 3073
2.511420965194702, 3072
2.511420965194702, 3071
2.5215768814086914, 3070
2.5215768814086914, 3069
2.5316128730773926, 3068
2.5316128730773926, 3067
2.5316128730773926, 3066
2.5316128730773926, 3065
2.54148530960083, 3064
2.54148530960083, 3063
2.5514767169952393, 3062
2.5514767169952393, 3061
2.5514767169952393, 3060
2.5514767169952393, 3059
2.5514767169952393, 3058
2.5613880157470703, 3057
2.572657346725464, 3056
2.5807759761810303, 3055
2.5812931060791016, 3054
2.582828998565674, 3053
2.582828998565674, 3052
2.582828998565674, 3051
2.582828998565674, 3050
2.582828998565674, 3049
2.5908849239349365, 3048
2.592974901199341, 3047
2.592974901199341, 3046
2.592974901199341, 3045
2.592974901199341, 3044
2.592974901199341, 3043
2.592974901199341, 3042
2.6031582355499268, 3041
2.6031582355499268, 3040
2.6061666011810303, 3039
2.6061666011810303, 3038
2.6061666011810303, 3037
2.611238956451416, 3036
2.611238956451416, 3035
2.616243839263916, 3034
2.623396396636963, 3033
2.623396396636963, 3032
2.623396396636963, 3031
2.6335067749023438, 3030
2.6335067749023438, 3029
2.6335067749023438, 3028
2.6335067749023438, 3027
2.6415791511535645, 3026
2.643646240234375, 3025
2.643646240234375, 3024
2.651258945465088, 3023
2.6619982719421387, 3022
2.6619982719421387, 3021
2.664050340652466, 3020
2.664050340652466, 3019
2.6715972423553467, 3018
2.6721720695495605, 3017
2.6721720695495605, 3016
2.6823010444641113, 3015
2.6843559741973877, 3014
2.6843559741973877, 3013
2.694531202316284, 3012
2.694531202316284, 3011
2.694531202316284, 3010
2.694531202316284, 3009
2.7015819549560547, 3008
2.7015819549560547, 3007
2.7026121616363525, 3006
2.7128005027770996, 3005
2.7148497104644775, 3004
2.7148497104644775, 3003
2.7230069637298584, 3002
2.7230069637298584, 3001
2.7250587940216064, 3000
2.733166217803955, 2999
2.7352261543273926, 2998
2.7454025745391846, 2997
2.7454025745391846, 2996
2.7454025745391846, 2995
2.7555813789367676, 2994
2.7555813789367676, 2993
2.7555813789367676, 2992
2.7555813789367676, 2991
2.7616381645202637, 2990
2.763678550720215, 2989
2.763678550720215, 2988
2.7657310962677, 2987
2.7657310962677, 2986
2.7758445739746094, 2985
2.7758445739746094, 2984
2.7758445739746094, 2983
2.7758445739746094, 2982
2.7813875675201416, 2981
2.783946990966797, 2980
2.7941322326660156, 2979
2.8011598587036133, 2978
2.8061683177948, 2977
2.821180820465088, 2976
2.831277370452881, 2975
2.8337745666503906, 2974
2.8337745666503906, 2973
2.838793992996216, 2972
2.838793992996216, 2971
2.841560125350952, 2970
2.846571207046509, 2969
2.856145143508911, 2968
2.8612186908721924, 2967
2.8612186908721924, 2966
2.8662242889404297, 2965
2.8813579082489014, 2964
2.886366367340088, 2963
2.8952295780181885, 2962
2.898404359817505, 2961
2.8994545936584473, 2960
2.8994545936584473, 2959
2.906489849090576, 2958
2.906489849090576, 2957
2.911520481109619, 2956
2.9165263175964355, 2955
2.9165263175964355, 2954
2.9165263175964355, 2953
2.9165263175964355, 2952
2.921546220779419, 2951
2.921546220779419, 2950
2.9315683841705322, 2949
2.9315683841705322, 2948
2.941291332244873, 2947
2.941291332244873, 2946
2.941291332244873, 2945
2.9514706134796143, 2944
2.961289882659912, 2943
2.961289882659912, 2942
2.9713656902313232, 2941
2.9713656902313232, 2940
2.9814159870147705, 2939
2.9814159870147705, 2938
2.9814159870147705, 2937
2.9913713932037354, 2936
2.9913713932037354, 2935
3.001546621322632, 2934
3.001546621322632, 2933
3.001546621322632, 2932
3.0113766193389893, 2931
3.0113766193389893, 2930
3.0213963985443115, 2929
3.0213963985443115, 2928
3.0213963985443115, 2927
3.0213963985443115, 2926
3.031217098236084, 2925
3.0413386821746826, 2924
3.0612895488739014, 2923
3.0612895488739014, 2922
3.0612895488739014, 2921
3.0612895488739014, 2920
3.0714242458343506, 2919
3.0714242458343506, 2918
3.0815794467926025, 2917
3.0815794467926025, 2916
3.094325304031372, 2915
3.10137939453125, 2914
3.1113221645355225, 2913
3.1113221645355225, 2912
3.121699333190918, 2911
3.121699333190918, 2910
3.121699333190918, 2909
3.131187677383423, 2908
3.131187677383423, 2907
3.131187677383423, 2906
3.131187677383423, 2905
3.131187677383423, 2904
3.1414177417755127, 2903
3.1414177417755127, 2902
3.1414177417755127, 2901
3.15122127532959, 2900
3.161337375640869, 2899
3.161337375640869, 2898
3.161337375640869, 2897
3.161337375640869, 2896
3.161337375640869, 2895
3.161337375640869, 2894
3.161337375640869, 2893
3.1712450981140137, 2892
3.1712450981140137, 2891
3.1712450981140137, 2890
3.1712450981140137, 2889
3.1712450981140137, 2888
3.1712450981140137, 2887
3.1712450981140137, 2886
3.1911044120788574, 2885
3.194661855697632, 2884
3.194661855697632, 2883
3.194661855697632, 2882
3.2062811851501465, 2881
3.2113499641418457, 2880
3.2113499641418457, 2879
3.2213528156280518, 2878
3.2213528156280518, 2877
3.231235980987549, 2876
3.241398811340332, 2875
3.241398811340332, 2874
3.2512967586517334, 2873
3.2512967586517334, 2872
3.2512967586517334, 2871
3.2512967586517334, 2870
3.2614941596984863, 2869
3.2614941596984863, 2868
3.2614941596984863, 2867
3.2712762355804443, 2866
3.296255350112915, 2865
3.3048901557922363, 2864
3.3060295581817627, 2863
3.3060295581817627, 2862
3.3112034797668457, 2861
3.3162128925323486, 2860
3.3263638019561768, 2859
3.3263638019561768, 2858
3.3314297199249268, 2857
3.3314297199249268, 2856
3.336439609527588, 2855
3.336439609527588, 2854
3.3415064811706543, 2853
3.3415064811706543, 2852
3.3415064811706543, 2851
3.3514211177825928, 2850
3.3514211177825928, 2849
3.3514211177825928, 2848
3.3615782260894775, 2847
3.3615782260894775, 2846
3.3615782260894775, 2845
3.3615782260894775, 2844
3.3615782260894775, 2843
3.3615782260894775, 2842
3.3713369369506836, 2841
3.3814313411712646, 2840
3.3814313411712646, 2839
3.3814313411712646, 2838
3.3814313411712646, 2837
3.3814313411712646, 2836
3.39150333404541, 2835
3.3950552940368652, 2834
3.3950552940368652, 2833
3.3950552940368652, 2832
3.401134729385376, 2831
3.401134729385376, 2830
3.411219835281372, 2829
3.4211912155151367, 2828
3.4211912155151367, 2827
3.4312756061553955, 2826
3.4312756061553955, 2825
3.4312756061553955, 2824
3.4413769245147705, 2823
3.4413769245147705, 2822
3.443859338760376, 2821
3.4512836933135986, 2820
3.4512836933135986, 2819
3.4512836933135986, 2818
3.461627960205078, 2817
3.461627960205078, 2816
3.461627960205078, 2815
3.461627960205078, 2814
3.461627960205078, 2813
3.461627960205078, 2812
3.4712071418762207, 2811
3.495347023010254, 2810
3.495347023010254, 2809
3.495347023010254, 2808
3.5014231204986572, 2807
3.5014231204986572, 2806
3.5014231204986572, 2805
3.511306047439575, 2804
3.511306047439575, 2803
3.511306047439575, 2802
3.511306047439575, 2801
3.511306047439575, 2800
3.5211002826690674, 2799
3.5211002826690674, 2798
3.5211002826690674, 2797
3.5314409732818604, 2796
3.5314409732818604, 2795
3.5414879322052, 2794
3.551560878753662, 2793
3.5612263679504395, 2792
3.5612263679504395, 2791
3.571279525756836, 2790
3.571279525756836, 2789
3.571279525756836, 2788
3.5815892219543457, 2787
3.5815892219543457, 2786
3.5815892219543457, 2785
3.5815892219543457, 2784
3.591456413269043, 2783
3.6015994548797607, 2782
3.6015994548797607, 2781
3.6015994548797607, 2780
3.6015994548797607, 2779
3.6015994548797607, 2778
3.611276865005493, 2777
3.611276865005493, 2776
3.611276865005493, 2775
3.6211674213409424, 2774
3.631521701812744, 2773
3.631521701812744, 2772
3.631521701812744, 2771
3.631521701812744, 2770
3.64113450050354, 2769
3.64113450050354, 2768
3.6511964797973633, 2767
3.6511964797973633, 2766
3.6615443229675293, 2765
3.6711606979370117, 2764
3.6711606979370117, 2763
3.6711606979370117, 2762
3.6912577152252197, 2761
3.6912577152252197, 2760
3.7014031410217285, 2759
3.71156907081604, 2758
3.71156907081604, 2757
3.721323251724243, 2756
3.721323251724243, 2755
3.721323251724243, 2754
3.721323251724243, 2753
3.721323251724243, 2752
3.721323251724243, 2751
3.721323251724243, 2750
3.7416181564331055, 2749
3.7416181564331055, 2748
3.756397247314453, 2747
3.756397247314453, 2746
3.7614712715148926, 2745
3.7614712715148926, 2744
3.771348237991333, 2743
3.771348237991333, 2742
3.791368007659912, 2741
3.8094985485076904, 2740
3.8314974308013916, 2739
3.8412272930145264, 2738
3.8412272930145264, 2737
3.8513431549072266, 2736
3.8513431549072266, 2735
3.8611643314361572, 2734
3.8611643314361572, 2733
3.8762967586517334, 2732
3.8762967586517334, 2731
3.88135027885437, 2730
3.8863563537597656, 2729
3.891421318054199, 2728
3.891421318054199, 2727
3.8960015773773193, 2726
3.901560068130493, 2725
3.9212517738342285, 2724
3.9314470291137695, 2723
3.9314470291137695, 2722
3.941164970397949, 2721
3.941164970397949, 2720
3.941164970397949, 2719
3.951362371444702, 2718
3.951362371444702, 2717
3.951362371444702, 2716
3.961489677429199, 2715
3.961489677429199, 2714
3.961489677429199, 2713
3.961489677429199, 2712
3.971400022506714, 2711
3.971400022506714, 2710
3.971400022506714, 2709
3.981327772140503, 2708
3.981327772140503, 2707
3.991602659225464, 2706
4.001209497451782, 2705
4.011328220367432, 2704
4.011328220367432, 2703
4.011328220367432, 2702
4.021328687667847, 2701
4.031195878982544, 2700
4.031195878982544, 2699
4.041609048843384, 2698
4.041609048843384, 2697
4.061172246932983, 2696
4.081475734710693, 2695
4.091514348983765, 2694
4.1016271114349365, 2693
4.1016271114349365, 2692
4.1016271114349365, 2691
4.1016271114349365, 2690
4.1016271114349365, 2689
4.111182928085327, 2688
4.111182928085327, 2687
4.111182928085327, 2686
4.131412982940674, 2685
4.131412982940674, 2684
4.141634225845337, 2683
4.16118860244751, 2682
4.16118860244751, 2681
4.17121148109436, 2680
4.17121148109436, 2679
4.17121148109436, 2678
4.17121148109436, 2677
4.181288480758667, 2676
4.201289892196655, 2675
4.201289892196655, 2674
4.211502313613892, 2673
4.2213404178619385, 2672
4.2213404178619385, 2671
4.231467962265015, 2670
4.231467962265015, 2669
4.231467962265015, 2668
4.241417646408081, 2667
4.251570224761963, 2666
4.251570224761963, 2665
4.261152267456055, 2664
4.271286964416504, 2663
4.271286964416504, 2662
4.291560411453247, 2661
4.298675775527954, 2660
4.30713677406311, 2659
4.3081374168396, 2658
4.3121702671051025, 2657
4.3121702671051025, 2656
4.313174247741699, 2655
4.317173957824707, 2654
4.321192264556885, 2653
4.333169221878052, 2652
4.334169626235962, 2651
4.339227676391602, 2650
4.346325159072876, 2649
4.34738302230835, 2648
4.349440574645996, 2647
4.37165641784668, 2646
4.378028631210327, 2645
4.411333084106445, 2644
4.431500434875488, 2643
4.446371078491211, 2642
4.451500177383423, 2641
4.451500177383423, 2640
4.45980978012085, 2639
4.461943626403809, 2638
4.461943626403809, 2637
4.481546878814697, 2636
4.482139825820923, 2635
4.482139825820923, 2634
4.492300033569336, 2633
4.502507448196411, 2632
4.510584354400635, 2631
4.521282434463501, 2630
4.531392812728882, 2629
4.543321132659912, 2628
4.543321132659912, 2627
4.553465843200684, 2626
4.574059963226318, 2625
4.60460090637207, 2624
4.6126768589019775, 2623
4.625108003616333, 2622
4.625108003616333, 2621
4.635267019271851, 2620
4.635267019271851, 2619
4.635267019271851, 2618
4.635267019271851, 2617
4.643400192260742, 2616
4.643400192260742, 2615
4.643400192260742, 2614
4.643400192260742, 2613
4.663684844970703, 2612
4.665737867355347, 2611
4.665737867355347, 2610
4.6712915897369385, 2609
4.673855781555176, 2608
4.673855781555176, 2607
4.675910234451294, 2606
4.716667413711548, 2605
4.716667413711548, 2604
4.724775791168213, 2603
4.726823091506958, 2602
4.731375694274902, 2601
4.741714000701904, 2600
4.7452778816223145, 2599
4.7452778816223145, 2598
4.751309394836426, 2597
4.771196603775024, 2596
4.777857065200806, 2595
4.791813850402832, 2594
4.798444986343384, 2593
4.8062286376953125, 2592
4.816336154937744, 2591
4.818471908569336, 2590
4.821609020233154, 2589
4.841594457626343, 2588
4.841594457626343, 2587
4.851311445236206, 2586
4.851311445236206, 2585
4.867557764053345, 2584
4.8776695728302, 2583
4.879705429077148, 2582
4.879705429077148, 2581
4.887940883636475, 2580
4.89154314994812, 2579
4.90140175819397, 2578
4.90140175819397, 2577
4.906484365463257, 2576
4.91166353225708, 2575
4.937487602233887, 2574
4.947477579116821, 2573
4.951632499694824, 2572
4.951632499694824, 2571
4.961354732513428, 2570
4.961354732513428, 2569
4.981409311294556, 2568
4.992172956466675, 2567
5.001487731933594, 2566
5.002551078796387, 2565
5.002551078796387, 2564
5.002551078796387, 2563
5.053296804428101, 2562
5.063437223434448, 2561
5.063437223434448, 2560
5.0714569091796875, 2559
5.071629047393799, 2558
5.083959102630615, 2557
5.092072248458862, 2556
5.092072248458862, 2555
5.094127893447876, 2554
5.094127893447876, 2553
5.1042914390563965, 2552
5.1230058670043945, 2551
5.143570423126221, 2550
5.155850887298584, 2549
5.155850887298584, 2548
5.166021108627319, 2547
5.1741297245025635, 2546
5.184338808059692, 2545
5.191394090652466, 2544
5.206836223602295, 2543
5.217008113861084, 2542
5.217008113861084, 2541
5.227200746536255, 2540
5.231236219406128, 2539
5.29163384437561, 2538
5.29163384437561, 2537
5.30136251449585, 2536
5.3216869831085205, 2535
5.3216869831085205, 2534
5.3216869831085205, 2533
5.331639289855957, 2532
5.341318130493164, 2531
5.366567850112915, 2530
5.366567850112915, 2529
5.381414175033569, 2528
5.381414175033569, 2527
5.401608228683472, 2526
5.401608228683472, 2525
5.491470813751221, 2524
5.491470813751221, 2523
5.501598834991455, 2522
5.5161895751953125, 2521
5.541606664657593, 2520
5.551227331161499, 2519
5.561212539672852, 2518
5.561212539672852, 2517
5.601273536682129, 2516
5.611379146575928, 2515
5.621883869171143, 2514
5.621883869171143, 2513
5.636298179626465, 2512
5.641359567642212, 2511
5.6464314460754395, 2510
5.66616415977478, 2509
5.6712329387664795, 2508
5.676242351531982, 2507
5.676242351531982, 2506
5.701485872268677, 2505
5.72638463973999, 2504
5.72638463973999, 2503
5.731400489807129, 2502
5.746667861938477, 2501
5.761166572570801, 2500
5.771330833435059, 2499
5.801526784896851, 2498
5.811383962631226, 2497
5.821440935134888, 2496
5.8314738273620605, 2495
5.846571922302246, 2494
5.846571922302246, 2493
5.884059429168701, 2492
5.884059429168701, 2491
5.884059429168701, 2490
5.901366949081421, 2489
5.911445617675781, 2488
5.93126368522644, 2487
5.93126368522644, 2486
5.9615514278411865, 2485
5.9615514278411865, 2484
5.9615514278411865, 2483
5.971333265304565, 2482
5.971333265304565, 2481
5.971333265304565, 2480
5.98160195350647, 2479
5.98160195350647, 2478
5.98160195350647, 2477
6.061599016189575, 2476
6.061599016189575, 2475
6.071319103240967, 2474
6.081097602844238, 2473
6.091376066207886, 2472
6.111242771148682, 2471
6.12148642539978, 2470
6.126502990722656, 2469
6.141296148300171, 2468
6.171107292175293, 2467
6.171107292175293, 2466
6.181202411651611, 2465
6.19157075881958, 2464
6.196081161499023, 2463
6.201117515563965, 2462
6.2314536571502686, 2461
6.2514379024505615, 2460
6.257014989852905, 2459
6.259082794189453, 2458
6.261147737503052, 2457
6.276271820068359, 2456
6.291392087936401, 2455
6.331116676330566, 2454
6.341285943984985, 2453
6.351458311080933, 2452
6.391206741333008, 2451
6.409628391265869, 2450
6.473130226135254, 2449
6.473130226135254, 2448
6.4914515018463135, 2447
6.513680934906006, 2446
6.513680934906006, 2445
6.531120538711548, 2444
6.5527503490448, 2443
6.581451177597046, 2442
6.595739126205444, 2441
6.603880405426025, 2440
6.613986968994141, 2439
6.613986968994141, 2438
6.621706247329712, 2437
6.631410121917725, 2436
6.641452074050903, 2435
6.641452074050903, 2434
6.641452074050903, 2433
6.6613709926605225, 2432
6.691582441329956, 2431
6.701175212860107, 2430
6.7512078285217285, 2429
6.781256675720215, 2428
6.821364164352417, 2427
6.851285696029663, 2426
6.861595869064331, 2425
6.881511211395264, 2424
6.881511211395264, 2423
6.9314539432525635, 2422
6.9314539432525635, 2421
6.951335906982422, 2420
6.951335906982422, 2419
6.991511821746826, 2418
7.0412986278533936, 2417
7.065719127655029, 2416
7.075969934463501, 2415
7.088236331939697, 2414
7.098363637924194, 2413
7.111204385757446, 2412
7.111204385757446, 2411
7.131133317947388, 2410
7.161195755004883, 2409
7.171274900436401, 2408
7.191082000732422, 2407
7.191082000732422, 2406
7.251887083053589, 2405
7.326132297515869, 2404
7.34336256980896, 2403
7.353519916534424, 2402
7.353519916534424, 2401
7.38411808013916, 2400
7.394275188446045, 2399
7.394275188446045, 2398
7.445145845413208, 2397
7.453233242034912, 2396
7.455335378646851, 2395
7.455335378646851, 2394
7.49140739440918, 2393
7.496030807495117, 2392
7.57735276222229, 2391
7.6410744190216064, 2390
7.689112186431885, 2389
7.691676139831543, 2388
7.717925071716309, 2387
7.741321086883545, 2386
7.7921271324157715, 2385
7.81538987159729, 2384
7.841379404067993, 2383
7.8428966999053955, 2382
7.883958578109741, 2381
7.894087553024292, 2380
7.904266119003296, 2379
7.914482831954956, 2378
7.971258878707886, 2377
8.004476308822632, 2376
8.004476308822632, 2375
8.026979446411133, 2374
8.061153173446655, 2373
8.096380710601807, 2372
8.096416473388672, 2371
8.151400327682495, 2370
8.171422719955444, 2369
8.18626356124878, 2368
8.211028099060059, 2367
8.221364259719849, 2366
8.241403818130493, 2365
8.316156148910522, 2364
8.322342157363892, 2363
8.322342157363892, 2362
8.391191244125366, 2361
8.39329218864441, 2360
8.434147834777832, 2359
8.456164360046387, 2358
8.46674919128418, 2357
8.47130274772644, 2356
8.531318426132202, 2355
8.551561117172241, 2354
8.561256885528564, 2353
8.62129521369934, 2352
8.62129521369934, 2351
8.641416311264038, 2350
8.644470691680908, 2349
8.681091547012329, 2348
8.681091547012329, 2347
8.691251754760742, 2346
8.72125792503357, 2345
8.72125792503357, 2344
8.741464376449585, 2343
8.741464376449585, 2342
8.744513988494873, 2341
8.771573781967163, 2340
8.781127452850342, 2339
8.791523218154907, 2338
8.811316013336182, 2337
8.831518173217773, 2336
8.841303825378418, 2335
8.851403951644897, 2334
8.851403951644897, 2333
8.881398916244507, 2332
8.921507358551025, 2331
8.966078758239746, 2330
8.976176500320435, 2329
9.031261682510376, 2328
9.031261682510376, 2327
9.151260375976562, 2326
9.161431550979614, 2325
9.211286544799805, 2324
9.281551361083984, 2323
9.316295385360718, 2322
9.411323070526123, 2321
9.411323070526123, 2320
9.461535692214966, 2319
9.506332874298096, 2318
9.54577112197876, 2317
9.661289691925049, 2316
9.69137978553772, 2315
9.781150579452515, 2314
9.79138469696045, 2313
9.811310529708862, 2312
9.971500635147095, 2311
9.981146335601807, 2310
10.011181831359863, 2309
10.11929726600647, 2308
10.156162023544312, 2307
10.196320533752441, 2306
10.293028116226196, 2305
10.323420763015747, 2304
10.381446599960327, 2303
10.416072845458984, 2302
10.55146074295044, 2301
10.581361293792725, 2300
10.581361293792725, 2299
10.676394939422607, 2298
10.696524620056152, 2297
10.70106554031372, 2296
10.731281995773315, 2295
10.766123294830322, 2294
10.786340475082397, 2293
10.791410207748413, 2292
10.841439723968506, 2291
10.861173152923584, 2290
10.861173152923584, 2289
10.93155837059021, 2288
11.031275749206543, 2287
11.081509113311768, 2286
11.103586435317993, 2285
11.156051635742188, 2284
11.186177492141724, 2283
11.231233358383179, 2282
11.28109073638916, 2281
11.461379528045654, 2280
11.591589450836182, 2279
11.60792088508606, 2278
11.95457935333252, 2277
11.962688207626343, 2276
12.016024589538574, 2275
12.041318893432617, 2274
12.281176090240479, 2273
12.541484832763672, 2272
12.911582946777344, 2271
13.10261869430542, 2270
13.529502391815186, 2269
13.539724826812744, 2268
13.54185938835144, 2267
13.611297369003296, 2266
13.756313562393188, 2265
13.941147089004517, 2264
14.101473331451416, 2263
14.171468257904053, 2262
14.236444234848022, 2261
14.371862411499023, 2260
14.423075914382935, 2259
14.453590154647827, 2258
14.545485019683838, 2257
14.563828229904175, 2256
14.631253480911255, 2255
14.71684455871582, 2254
14.751497983932495, 2253
15.641189575195312, 2252
15.85770869255066, 2251
15.896507024765015, 2250
16.08156180381775, 2249
16.14301323890686, 2248
16.489511966705322, 2247
16.563475608825684, 2246
16.632532358169556, 2245
16.78146505355835, 2244
16.93129539489746, 2243
16.953720092773438, 2242
17.012378692626953, 2241
17.114739656448364, 2240
17.155713081359863, 2239
17.16138458251953, 2238
17.49155616760254, 2237
17.691404581069946, 2236
17.89899730682373, 2235
18.054174423217773, 2234
18.482800245285034, 2233
18.928685903549194, 2232
18.93129301071167, 2231
19.50163435935974, 2230
20.211575984954834, 2229
21.07119631767273, 2228
21.471224069595337, 2227
21.78144669532776, 2226
21.791155338287354, 2225
23.042401552200317, 2224
24.011507034301758, 2223
24.84217929840088, 2222
24.975098371505737, 2221
25.322257041931152, 2220
25.66128921508789, 2219
26.706494092941284, 2218
26.88140869140625, 2217
27.778966903686523, 2216
28.509052991867065, 2215
29.291447639465332, 2214
31.097288608551025, 2213
34.91607117652893, 2212
37.081958055496216, 2211
38.454530239105225, 2210
40.03596544265747, 2209
51.36130905151367, 2208
80.45091032981873, 2207
101.11243772506714, 2206
115.40143704414368, 2205
