0.019943952560424805, 2363
0.1082298755645752, 2362
0.3357257843017578, 2361
0.5379269123077393, 2360
0.6276729106903076, 2359
0.7172150611877441, 2358
0.8984189033508301, 2357
1.3115458488464355, 2356
2.3071608543395996, 2355
2.6537718772888184, 2354
4.597724914550781, 2353
5.041937828063965, 2352
5.0936620235443115, 2351
5.145323991775513, 2350
5.515517950057983, 2349
5.567335844039917, 2348
5.619041919708252, 2347
5.769611835479736, 2346
5.877647876739502, 2345
9.972646951675415, 2344
11.533592939376831, 2343
11.977108001708984, 2342
12.42871880531311, 2341
29.81894588470459, 2340
31.534444093704224, 2339
50.206533908843994, 2338
61.6005220413208, 2337
64.68468880653381, 2336
66.0751519203186, 2335
68.7290530204773, 2334
74.08053088188171, 2333
74.84617304801941, 2332
88.38030910491943, 2331
97.01594591140747, 2330
