0.18302440643310547, 11023
0.18302440643310547, 11022
0.1911311149597168, 11021
0.19319486618041992, 11020
0.19319486618041992, 11019
0.19319486618041992, 11018
0.20125603675842285, 11017
0.20331978797912598, 11016
0.20331978797912598, 11015
0.20331978797912598, 11014
0.21141338348388672, 11013
0.21347260475158691, 11012
0.21347260475158691, 11011
0.21347260475158691, 11010
0.21347260475158691, 11009
0.21347260475158691, 11008
0.22153735160827637, 11007
0.22356653213500977, 11006
0.22356653213500977, 11005
0.22356653213500977, 11004
0.22356653213500977, 11003
0.23368287086486816, 11002
0.23368287086486816, 11001
0.23368287086486816, 11000
0.23368287086486816, 10999
0.24176311492919922, 10998
0.2438206672668457, 10997
0.2521040439605713, 10996
0.2541804313659668, 10995
0.2541804313659668, 10994
0.2541804313659668, 10993
0.2541804313659668, 10992
0.26223182678222656, 10991
0.26426029205322266, 10990
0.26426029205322266, 10989
0.26426029205322266, 10988
0.26426029205322266, 10987
0.26426029205322266, 10986
0.26426029205322266, 10985
0.2723653316497803, 10984
0.2744176387786865, 10983
0.2744176387786865, 10982
0.2744176387786865, 10981
0.2744176387786865, 10980
0.28247666358947754, 10979
0.2845299243927002, 10978
0.2845299243927002, 10977
0.2845299243927002, 10976
0.2845299243927002, 10975
0.2845299243927002, 10974
0.29465818405151367, 10973
0.29465818405151367, 10972
0.29465818405151367, 10971
0.29465818405151367, 10970
0.30476808547973633, 10969
0.30476808547973633, 10968
0.30476808547973633, 10967
0.30476808547973633, 10966
0.31285548210144043, 10965
0.31285548210144043, 10964
0.3149106502532959, 10963
0.3149106502532959, 10962
0.3149106502532959, 10961
0.3149106502532959, 10960
0.3149106502532959, 10959
0.3149106502532959, 10958
0.3229835033416748, 10957
0.32505297660827637, 10956
0.32505297660827637, 10955
0.32505297660827637, 10954
0.32505297660827637, 10953
0.32505297660827637, 10952
0.3331258296966553, 10951
0.33518218994140625, 10950
0.33518218994140625, 10949
0.33518218994140625, 10948
0.33518218994140625, 10947
0.33518218994140625, 10946
0.34323668479919434, 10945
0.3452906608581543, 10944
0.3452906608581543, 10943
0.3452906608581543, 10942
0.3452906608581543, 10941
0.3533768653869629, 10940
0.35546302795410156, 10939
0.35546302795410156, 10938
0.35546302795410156, 10937
0.35546302795410156, 10936
0.35546302795410156, 10935
0.36350250244140625, 10934
0.36554837226867676, 10933
0.3756554126739502, 10932
0.3756554126739502, 10931
0.3756554126739502, 10930
0.3836994171142578, 10929
0.39584994316101074, 10928
0.39584994316101074, 10927
0.4061284065246582, 10926
0.4061284065246582, 10925
0.4061284065246582, 10924
0.4141874313354492, 10923
0.41623520851135254, 10922
0.42427563667297363, 10921
0.4263021945953369, 10920
0.4263021945953369, 10919
0.4263021945953369, 10918
0.4263021945953369, 10917
0.43662405014038086, 10916
0.43662405014038086, 10915
0.43662405014038086, 10914
0.4446589946746826, 10913
0.4466848373413086, 10912
0.4466848373413086, 10911
0.4466848373413086, 10910
0.4466848373413086, 10909
0.4466848373413086, 10908
0.4568145275115967, 10907
0.4568145275115967, 10906
0.4568145275115967, 10905
0.4669356346130371, 10904
0.4669356346130371, 10903
0.4669356346130371, 10902
0.4669356346130371, 10901
0.47708916664123535, 10900
0.47708916664123535, 10899
0.47708916664123535, 10898
0.47708916664123535, 10897
0.485152006149292, 10896
0.485152006149292, 10895
0.48720884323120117, 10894
0.4978218078613281, 10893
0.4978218078613281, 10892
0.4978218078613281, 10891
0.4978218078613281, 10890
0.5058848857879639, 10889
0.5079362392425537, 10888
0.5079362392425537, 10887
0.5159916877746582, 10886
0.5181145668029785, 10885
0.5181145668029785, 10884
0.5181145668029785, 10883
0.5282294750213623, 10882
0.5282294750213623, 10881
0.5282294750213623, 10880
0.5282294750213623, 10879
0.5282294750213623, 10878
0.536292552947998, 10877
0.538320779800415, 10876
0.538320779800415, 10875
0.538320779800415, 10874
0.5463540554046631, 10873
0.5463540554046631, 10872
0.5463540554046631, 10871
0.5563631057739258, 10870
0.5563631057739258, 10869
0.5563631057739258, 10868
0.5563631057739258, 10867
0.5563631057739258, 10866
0.5713801383972168, 10865
0.5713801383972168, 10864
0.5713801383972168, 10863
0.5864272117614746, 10862
0.5864272117614746, 10861
0.5864272117614746, 10860
0.6013779640197754, 10859
0.6013779640197754, 10858
0.6013779640197754, 10857
0.6013779640197754, 10856
0.6163818836212158, 10855
0.6163818836212158, 10854
0.6163818836212158, 10853
0.6163818836212158, 10852
0.6313791275024414, 10851
0.6313791275024414, 10850
0.6463782787322998, 10849
0.6463782787322998, 10848
0.6563937664031982, 10847
0.6563937664031982, 10846
0.6563937664031982, 10845
0.6563937664031982, 10844
0.6563937664031982, 10843
0.671422004699707, 10842
0.671422004699707, 10841
0.671422004699707, 10840
0.671422004699707, 10839
0.671422004699707, 10838
0.6864223480224609, 10837
0.6864223480224609, 10836
0.6864223480224609, 10835
0.6864223480224609, 10834
0.6864223480224609, 10833
0.6864223480224609, 10832
0.7014591693878174, 10831
0.7014591693878174, 10830
0.7164151668548584, 10829
0.7164151668548584, 10828
0.7164151668548584, 10827
0.7222273349761963, 10826
0.7303190231323242, 10825
0.7333884239196777, 10824
0.7333884239196777, 10823
0.7333884239196777, 10822
0.7333884239196777, 10821
0.7333884239196777, 10820
0.7333884239196777, 10819
0.7333884239196777, 10818
0.7333884239196777, 10817
0.7333884239196777, 10816
0.7484030723571777, 10815
0.7484030723571777, 10814
0.7484030723571777, 10813
0.7484030723571777, 10812
0.7484030723571777, 10811
0.756415605545044, 10810
0.756415605545044, 10809
0.756415605545044, 10808
0.756415605545044, 10807
0.756415605545044, 10806
0.756415605545044, 10805
0.756415605545044, 10804
0.756415605545044, 10803
0.7714698314666748, 10802
0.7714698314666748, 10801
0.7714698314666748, 10800
0.7714698314666748, 10799
0.7864334583282471, 10798
0.7864334583282471, 10797
0.7864334583282471, 10796
0.7864334583282471, 10795
0.7864334583282471, 10794
0.8014295101165771, 10793
0.8014295101165771, 10792
0.8014295101165771, 10791
0.8014295101165771, 10790
0.8014295101165771, 10789
0.816443920135498, 10788
0.816443920135498, 10787
0.816443920135498, 10786
0.816443920135498, 10785
0.816443920135498, 10784
0.816443920135498, 10783
0.816443920135498, 10782
0.816443920135498, 10781
0.8314385414123535, 10780
0.8314385414123535, 10779
0.8314385414123535, 10778
0.8314385414123535, 10777
0.8314385414123535, 10776
0.8314385414123535, 10775
0.8314385414123535, 10774
0.8464655876159668, 10773
0.8464655876159668, 10772
0.8565239906311035, 10771
0.8565239906311035, 10770
0.8565239906311035, 10769
0.8715717792510986, 10768
0.8715717792510986, 10767
0.8715717792510986, 10766
0.8715717792510986, 10765
0.8715717792510986, 10764
0.8715717792510986, 10763
0.8715717792510986, 10762
0.8865833282470703, 10761
0.8865833282470703, 10760
0.8865833282470703, 10759
0.8865833282470703, 10758
0.9015400409698486, 10757
0.9015400409698486, 10756
0.9015400409698486, 10755
0.9015400409698486, 10754
0.9015400409698486, 10753
0.916562557220459, 10752
0.916562557220459, 10751
0.916562557220459, 10750
0.916562557220459, 10749
0.916562557220459, 10748
0.9866061210632324, 10747
0.9866061210632324, 10746
0.9866061210632324, 10745
0.9866061210632324, 10744
0.9866061210632324, 10743
1.001570224761963, 10742
1.001570224761963, 10741
1.001570224761963, 10740
1.001570224761963, 10739
1.001570224761963, 10738
1.001570224761963, 10737
1.001570224761963, 10736
1.016617774963379, 10735
1.016617774963379, 10734
1.016617774963379, 10733
1.016617774963379, 10732
1.0316123962402344, 10731
1.0316123962402344, 10730
1.0316123962402344, 10729
1.0316123962402344, 10728
1.0316123962402344, 10727
1.0316123962402344, 10726
1.0316123962402344, 10725
1.0316123962402344, 10724
1.0466277599334717, 10723
1.0466277599334717, 10722
1.056685447692871, 10721
1.056685447692871, 10720
1.056685447692871, 10719
1.056685447692871, 10718
1.056685447692871, 10717
1.056685447692871, 10716
1.056685447692871, 10715
1.056685447692871, 10714
1.0717370510101318, 10713
1.0717370510101318, 10712
1.0717370510101318, 10711
1.0717370510101318, 10710
1.0717370510101318, 10709
1.0717370510101318, 10708
1.0867335796356201, 10707
1.0867335796356201, 10706
1.0867335796356201, 10705
1.0867335796356201, 10704
1.0867335796356201, 10703
1.0867335796356201, 10702
1.0867335796356201, 10701
1.1016957759857178, 10700
1.1016957759857178, 10699
1.1016957759857178, 10698
1.1167397499084473, 10697
1.1167397499084473, 10696
1.1167397499084473, 10695
1.1167397499084473, 10694
1.1167397499084473, 10693
1.1167397499084473, 10692
1.1167397499084473, 10691
1.1167397499084473, 10690
1.1167397499084473, 10689
1.1317222118377686, 10688
1.1317222118377686, 10687
1.1317222118377686, 10686
1.1317222118377686, 10685
1.1317222118377686, 10684
1.1317222118377686, 10683
1.1317222118377686, 10682
1.1467368602752686, 10681
1.1467368602752686, 10680
1.1467368602752686, 10679
1.1467368602752686, 10678
1.1588478088378906, 10677
1.1588478088378906, 10676
1.1588478088378906, 10675
1.1588478088378906, 10674
1.1588478088378906, 10673
1.1669626235961914, 10672
1.1690196990966797, 10671
1.1690196990966797, 10670
1.1690196990966797, 10669
1.1690196990966797, 10668
1.1690196990966797, 10667
1.1770696640014648, 10666
1.1791231632232666, 10665
1.1791231632232666, 10664
1.1791231632232666, 10663
1.1791231632232666, 10662
1.1791231632232666, 10661
1.1872286796569824, 10660
1.189281702041626, 10659
1.1973471641540527, 10658
1.1994330883026123, 10657
1.1994330883026123, 10656
1.1994330883026123, 10655
1.1994330883026123, 10654
1.2075221538543701, 10653
1.2095749378204346, 10652
1.2095749378204346, 10651
1.2095749378204346, 10650
1.2095749378204346, 10649
1.217639684677124, 10648
1.219696044921875, 10647
1.219696044921875, 10646
1.237990140914917, 10645
1.237990140914917, 10644
1.237990140914917, 10643
1.237990140914917, 10642
1.248081922531128, 10641
1.2501921653747559, 10640
1.2501921653747559, 10639
1.2501921653747559, 10638
1.2604591846466064, 10637
1.2604591846466064, 10636
1.2604591846466064, 10635
1.2706990242004395, 10634
1.2706990242004395, 10633
1.2788233757019043, 10632
1.2788233757019043, 10631
1.2788233757019043, 10630
1.2788233757019043, 10629
1.2909893989562988, 10628
1.2909893989562988, 10627
1.2909893989562988, 10626
1.2909893989562988, 10625
1.2909893989562988, 10624
1.2909893989562988, 10623
1.2909893989562988, 10622
1.2990262508392334, 10621
1.301086664199829, 10620
1.301086664199829, 10619
1.309154987335205, 10618
1.3112092018127441, 10617
1.3192760944366455, 10616
1.3192760944366455, 10615
1.321331262588501, 10614
1.321331262588501, 10613
1.3294398784637451, 10612
1.3294398784637451, 10611
1.3314955234527588, 10610
1.3314955234527588, 10609
1.3314955234527588, 10608
1.3395519256591797, 10607
1.3395519256591797, 10606
1.3416011333465576, 10605
1.3416011333465576, 10604
1.3416011333465576, 10603
1.3416011333465576, 10602
1.351759672164917, 10601
1.351759672164917, 10600
1.351759672164917, 10599
1.351759672164917, 10598
1.351759672164917, 10597
1.351759672164917, 10596
1.3598096370697021, 10595
1.3618621826171875, 10594
1.3618621826171875, 10593
1.3618621826171875, 10592
1.3618621826171875, 10591
1.3618621826171875, 10590
1.3735852241516113, 10589
1.3735852241516113, 10588
1.3735852241516113, 10587
1.381650447845459, 10586
1.3837218284606934, 10585
1.3938493728637695, 10584
1.3938493728637695, 10583
1.3938493728637695, 10582
1.3938493728637695, 10581
1.4019198417663574, 10580
1.4039890766143799, 10579
1.4039890766143799, 10578
1.4039890766143799, 10577
1.4039890766143799, 10576
1.4039890766143799, 10575
1.412078857421875, 10574
1.414135217666626, 10573
1.414135217666626, 10572
1.414135217666626, 10571
1.414135217666626, 10570
1.4242439270019531, 10569
1.4242439270019531, 10568
1.4343931674957275, 10567
1.4343931674957275, 10566
1.4444987773895264, 10565
1.4444987773895264, 10564
1.4444987773895264, 10563
1.4525489807128906, 10562
1.4546854496002197, 10561
1.4546854496002197, 10560
1.4546854496002197, 10559
1.464942216873169, 10558
1.472951889038086, 10557
1.473013162612915, 10556
1.473013162612915, 10555
1.4980428218841553, 10554
1.4980428218841553, 10553
1.5130419731140137, 10552
1.5130419731140137, 10551
1.528040885925293, 10550
1.528040885925293, 10549
1.528040885925293, 10548
1.528040885925293, 10547
1.5430748462677002, 10546
1.5430748462677002, 10545
1.5430748462677002, 10544
1.5430748462677002, 10543
1.5430748462677002, 10542
1.5430748462677002, 10541
1.5430748462677002, 10540
1.5580406188964844, 10539
1.5580406188964844, 10538
1.5730769634246826, 10537
1.5730769634246826, 10536
1.5730769634246826, 10535
1.5730769634246826, 10534
1.583092212677002, 10533
1.583092212677002, 10532
1.5981056690216064, 10531
1.5981056690216064, 10530
1.5981056690216064, 10529
1.6131415367126465, 10528
1.6131415367126465, 10527
1.6131415367126465, 10526
1.6131415367126465, 10525
1.6281445026397705, 10524
1.6281445026397705, 10523
1.6281445026397705, 10522
1.6431429386138916, 10521
1.6431429386138916, 10520
1.6431429386138916, 10519
1.6431429386138916, 10518
1.6431429386138916, 10517
1.6431429386138916, 10516
1.6431429386138916, 10515
1.6431429386138916, 10514
1.658142328262329, 10513
1.658142328262329, 10512
1.6731441020965576, 10511
1.6731441020965576, 10510
1.6731441020965576, 10509
1.6831586360931396, 10508
1.6831586360931396, 10507
1.6831586360931396, 10506
1.6831586360931396, 10505
1.6982123851776123, 10504
1.6982123851776123, 10503
1.6982123851776123, 10502
1.7132110595703125, 10501
1.7132110595703125, 10500
1.7132110595703125, 10499
1.7282159328460693, 10498
1.7282159328460693, 10497
1.7432124614715576, 10496
1.7582085132598877, 10495
1.7582085132598877, 10494
1.7582085132598877, 10493
1.7732126712799072, 10492
1.7832231521606445, 10491
1.7832231521606445, 10490
1.79823637008667, 10489
1.79823637008667, 10488
1.8132715225219727, 10487
1.8132715225219727, 10486
1.8132715225219727, 10485
1.8132715225219727, 10484
1.8282382488250732, 10483
1.8282382488250732, 10482
1.8282382488250732, 10481
1.8282382488250732, 10480
1.8282382488250732, 10479
1.8432714939117432, 10478
1.8432714939117432, 10477
1.8432714939117432, 10476
1.8432714939117432, 10475
1.8582746982574463, 10474
1.8582746982574463, 10473
1.8708181381225586, 10472
1.8752686977386475, 10471
1.8763988018035889, 10470
1.8775265216827393, 10469
1.8786578178405762, 10468
1.8834125995635986, 10467
1.8834125995635986, 10466
1.8834125995635986, 10465
1.8834125995635986, 10464
1.898484230041504, 10463
1.898484230041504, 10462
1.898484230041504, 10461
1.898484230041504, 10460
1.9134788513183594, 10459
1.9134788513183594, 10458
1.9134788513183594, 10457
1.9134788513183594, 10456
1.9284782409667969, 10455
1.9284782409667969, 10454
1.9284782409667969, 10453
1.9284782409667969, 10452
1.9434809684753418, 10451
1.9434809684753418, 10450
1.9434809684753418, 10449
1.9584789276123047, 10448
1.9584789276123047, 10447
1.9584789276123047, 10446
1.9584789276123047, 10445
1.9734787940979004, 10444
1.9734787940979004, 10443
1.9734787940979004, 10442
1.9734787940979004, 10441
1.9734787940979004, 10440
1.983527660369873, 10439
1.983527660369873, 10438
1.983527660369873, 10437
1.983527660369873, 10436
1.9985437393188477, 10435
1.9985437393188477, 10434
1.9985437393188477, 10433
1.9985437393188477, 10432
1.9985437393188477, 10431
2.0135815143585205, 10430
2.0135815143585205, 10429
2.0135815143585205, 10428
2.0135815143585205, 10427
2.028578042984009, 10426
2.028578042984009, 10425
2.028578042984009, 10424
2.028578042984009, 10423
2.028578042984009, 10422
2.0435409545898438, 10421
2.0435409545898438, 10420
2.0435409545898438, 10419
2.0435409545898438, 10418
2.0435409545898438, 10417
2.0435409545898438, 10416
2.0435409545898438, 10415
2.0435409545898438, 10414
2.0585739612579346, 10413
2.0585739612579346, 10412
2.0585739612579346, 10411
2.073582649230957, 10410
2.073582649230957, 10409
2.073582649230957, 10408
2.083632469177246, 10407
2.083632469177246, 10406
2.083632469177246, 10405
2.083632469177246, 10404
2.083632469177246, 10403
2.083632469177246, 10402
2.0986478328704834, 10401
2.0986478328704834, 10400
2.11365008354187, 10399
2.11365008354187, 10398
2.11365008354187, 10397
2.11365008354187, 10396
2.11365008354187, 10395
2.11365008354187, 10394
2.128650426864624, 10393
2.128650426864624, 10392
2.143649101257324, 10391
2.143649101257324, 10390
2.143649101257324, 10389
2.143649101257324, 10388
2.1586737632751465, 10387
2.1586737632751465, 10386
2.173680067062378, 10385
2.173680067062378, 10384
2.173680067062378, 10383
2.1836912631988525, 10382
2.1836912631988525, 10381
2.1836912631988525, 10380
2.1836912631988525, 10379
2.1836912631988525, 10378
2.1836912631988525, 10377
2.1987507343292236, 10376
2.1987507343292236, 10375
2.1987507343292236, 10374
2.2137441635131836, 10373
2.2137441635131836, 10372
2.2137441635131836, 10371
2.2137441635131836, 10370
2.228749990463257, 10369
2.228749990463257, 10368
2.228749990463257, 10367
2.228749990463257, 10366
2.228749990463257, 10365
2.243748188018799, 10364
2.243748188018799, 10363
2.243748188018799, 10362
2.243748188018799, 10361
2.243748188018799, 10360
2.243748188018799, 10359
2.2587485313415527, 10358
2.2737481594085693, 10357
2.2737481594085693, 10356
2.283851385116577, 10355
2.283851385116577, 10354
2.2962450981140137, 10353
2.2962450981140137, 10352
2.3044028282165527, 10351
2.306541681289673, 10350
2.306541681289673, 10349
2.3171074390411377, 10348
2.3171074390411377, 10347
2.3252687454223633, 10346
2.3252687454223633, 10345
2.3353798389434814, 10344
2.3375370502471924, 10343
2.3375370502471924, 10342
2.3456904888153076, 10341
2.3478527069091797, 10340
2.3478527069091797, 10339
2.358096122741699, 10338
2.358096122741699, 10337
2.358096122741699, 10336
2.358096122741699, 10335
2.366252899169922, 10334
2.36830997467041, 10333
2.36830997467041, 10332
2.376396417617798, 10331
2.3785269260406494, 10330
2.3785269260406494, 10329
2.3785269260406494, 10328
2.388807535171509, 10327
2.399035930633545, 10326
2.399035930633545, 10325
2.399035930633545, 10324
2.4071807861328125, 10323
2.4093222618103027, 10322
2.4195799827575684, 10321
2.437889337539673, 10320
2.437889337539673, 10319
2.44811749458313, 10318
2.450258731842041, 10317
2.458401918411255, 10316
2.4604766368865967, 10315
2.4604766368865967, 10314
2.4707722663879395, 10313
2.4891774654388428, 10312
2.49130916595459, 10311
2.49130916595459, 10310
2.49130916595459, 10309
2.49130916595459, 10308
2.49130916595459, 10307
2.49130916595459, 10306
2.501500129699707, 10305
2.501500129699707, 10304
2.501500129699707, 10303
2.501500129699707, 10302
2.5115835666656494, 10301
2.5115835666656494, 10300
2.5115835666656494, 10299
2.5197083950042725, 10298
2.521841287612915, 10297
2.521841287612915, 10296
2.5320236682891846, 10295
2.5320236682891846, 10294
2.5320236682891846, 10293
2.5320236682891846, 10292
2.5422134399414062, 10291
2.5525076389312744, 10290
2.5605974197387695, 10289
2.562737464904785, 10288
2.570889472961426, 10287
2.5730338096618652, 10286
2.5730338096618652, 10285
2.5730338096618652, 10284
2.583289623260498, 10283
2.583289623260498, 10282
2.583289623260498, 10281
2.583289623260498, 10280
2.583289623260498, 10279
2.5935261249542236, 10278
2.5935261249542236, 10277
2.6037344932556152, 10276
2.6037344932556152, 10275
2.6118855476379395, 10274
2.614027976989746, 10273
2.6221537590026855, 10272
2.624300003051758, 10271
2.634597063064575, 10270
2.6448237895965576, 10269
2.6448237895965576, 10268
2.6448237895965576, 10267
2.6448237895965576, 10266
2.6529719829559326, 10265
2.655106782913208, 10264
2.655106782913208, 10263
2.655106782913208, 10262
2.655106782913208, 10261
2.655106782913208, 10260
2.675668478012085, 10259
2.675668478012085, 10258
2.6859328746795654, 10257
2.6859328746795654, 10256
2.6859328746795654, 10255
2.69612455368042, 10254
2.69612455368042, 10253
2.69612455368042, 10252
2.7062318325042725, 10251
2.7062318325042725, 10250
2.7062318325042725, 10249
2.7062318325042725, 10248
2.7062318325042725, 10247
2.714376926422119, 10246
2.71651554107666, 10245
2.71651554107666, 10244
2.71651554107666, 10243
2.734814405441284, 10242
2.7369542121887207, 10241
2.7369542121887207, 10240
2.7450687885284424, 10239
2.747208833694458, 10238
2.747208833694458, 10237
2.747208833694458, 10236
2.7573745250701904, 10235
2.7573745250701904, 10234
2.7573745250701904, 10233
2.7654333114624023, 10232
2.7674801349639893, 10231
2.7675843238830566, 10230
2.7675843238830566, 10229
2.7757363319396973, 10228
2.777876615524292, 10227
2.785914421081543, 10226
2.7879652976989746, 10225
2.7879652976989746, 10224
2.7879652976989746, 10223
2.808229446411133, 10222
2.808229446411133, 10221
2.818415641784668, 10220
2.818415641784668, 10219
2.818415641784668, 10218
2.818415641784668, 10217
2.836798667907715, 10216
2.836798667907715, 10215
2.83892560005188, 10214
2.83892560005188, 10213
2.83892560005188, 10212
2.8470163345336914, 10211
2.849100351333618, 10210
2.849100351333618, 10209
2.849100351333618, 10208
2.849100351333618, 10207
2.859253168106079, 10206
2.859253168106079, 10205
2.869454860687256, 10204
2.890019178390503, 10203
2.8910205364227295, 10202
2.8921618461608887, 10201
2.9003241062164307, 10200
2.9003241062164307, 10199
2.9003241062164307, 10198
2.9003241062164307, 10197
2.908402681350708, 10196
2.908402681350708, 10195
2.9105379581451416, 10194
2.9105379581451416, 10193
2.9105379581451416, 10192
2.9207730293273926, 10191
2.9207730293273926, 10190
2.9207730293273926, 10189
2.9313340187072754, 10188
2.951570749282837, 10187
2.959639310836792, 10186
2.959639310836792, 10185
2.9617156982421875, 10184
2.9617156982421875, 10183
2.9819037914276123, 10182
2.9899978637695312, 10181
2.9920222759246826, 10180
3.0021889209747314, 10179
3.0021889209747314, 10178
3.0021889209747314, 10177
3.020409107208252, 10176
3.020409107208252, 10175
3.0325565338134766, 10174
3.0325565338134766, 10173
3.040684461593628, 10172
3.050881862640381, 10171
3.0630171298980713, 10170
3.0630171298980713, 10169
3.0711255073547363, 10168
3.0711255073547363, 10167
3.0731825828552246, 10166
3.0731825828552246, 10165
3.083338737487793, 10164
3.083338737487793, 10163
3.083338737487793, 10162
3.0913851261138916, 10161
3.0913851261138916, 10160
3.0913851261138916, 10159
3.1034698486328125, 10158
3.1034698486328125, 10157
3.1034698486328125, 10156
3.1216964721679688, 10155
3.1216964721679688, 10154
3.1216964721679688, 10153
3.1216964721679688, 10152
3.131781578063965, 10151
3.1338210105895996, 10150
3.1338210105895996, 10149
3.1418440341949463, 10148
3.1520676612854004, 10147
3.1520676612854004, 10146
3.1641862392425537, 10145
3.1641862392425537, 10144
3.1641862392425537, 10143
3.172257661819458, 10142
3.174286365509033, 10141
3.174286365509033, 10140
3.1823534965515137, 10139
3.1823534965515137, 10138
3.1823534965515137, 10137
3.192405939102173, 10136
3.194535732269287, 10135
3.194535732269287, 10134
3.194535732269287, 10133
3.202662229537964, 10132
3.202662229537964, 10131
3.214797258377075, 10130
3.214797258377075, 10129
3.222928762435913, 10128
3.222928762435913, 10127
3.2329394817352295, 10126
3.2329394817352295, 10125
3.2329394817352295, 10124
3.2329394817352295, 10123
3.2329394817352295, 10122
3.2329394817352295, 10121
3.247953414916992, 10120
3.247953414916992, 10119
3.247953414916992, 10118
3.247953414916992, 10117
3.247953414916992, 10116
3.247953414916992, 10115
3.2629928588867188, 10114
3.2629928588867188, 10113
3.2629928588867188, 10112
3.2629928588867188, 10111
3.2629928588867188, 10110
3.27799129486084, 10109
3.27799129486084, 10108
3.27799129486084, 10107
3.3229520320892334, 10106
3.3229520320892334, 10105
3.3329591751098633, 10104
3.3329591751098633, 10103
3.3329591751098633, 10102
3.3329591751098633, 10101
3.3329591751098633, 10100
3.3329591751098633, 10099
3.3479721546173096, 10098
3.3479721546173096, 10097
3.363004446029663, 10096
3.363004446029663, 10095
3.363004446029663, 10094
3.363004446029663, 10093
3.363004446029663, 10092
3.378007173538208, 10091
3.378007173538208, 10090
3.378007173538208, 10089
3.378007173538208, 10088
3.393005609512329, 10087
3.393005609512329, 10086
3.393005609512329, 10085
3.393005609512329, 10084
3.393005609512329, 10083
3.408005475997925, 10082
3.408005475997925, 10081
3.408005475997925, 10080
3.408005475997925, 10079
3.408005475997925, 10078
3.4230105876922607, 10077
3.4330592155456543, 10076
3.4330592155456543, 10075
3.4330592155456543, 10074
3.448070526123047, 10073
3.448070526123047, 10072
3.463108539581299, 10071
3.463108539581299, 10070
3.4781100749969482, 10069
3.4781100749969482, 10068
3.4781100749969482, 10067
3.4781100749969482, 10066
3.4781100749969482, 10065
3.4781100749969482, 10064
3.4931087493896484, 10063
3.4931087493896484, 10062
3.4931087493896484, 10061
3.5081093311309814, 10060
3.5081093311309814, 10059
3.5081093311309814, 10058
3.5081093311309814, 10057
3.5231077671051025, 10056
3.533259630203247, 10055
3.5353305339813232, 10054
3.5353305339813232, 10053
3.5353305339813232, 10052
3.5353305339813232, 10051
3.556170701980591, 10050
3.5642483234405518, 10049
3.5642483234405518, 10048
3.576681613922119, 10047
3.593576669692993, 10046
3.5947155952453613, 10045
3.5995900630950928, 10044
3.5995900630950928, 10043
3.5995900630950928, 10042
3.6179399490356445, 10041
3.620044469833374, 10040
3.620044469833374, 10039
3.620044469833374, 10038
3.620044469833374, 10037
3.620044469833374, 10036
3.620044469833374, 10035
3.6281588077545166, 10034
3.6302971839904785, 10033
3.6302971839904785, 10032
3.640415668487549, 10031
3.640415668487549, 10030
3.6484999656677246, 10029
3.6506400108337402, 10028
3.6506400108337402, 10027
3.6506400108337402, 10026
3.6587846279144287, 10025
3.6711905002593994, 10024
3.6711905002593994, 10023
3.6793298721313477, 10022
3.6793298721313477, 10021
3.681483507156372, 10020
3.681483507156372, 10019
3.681483507156372, 10018
3.691736936569214, 10017
3.691736936569214, 10016
3.691736936569214, 10015
3.7020184993743896, 10014
3.712237596511841, 10013
3.712237596511841, 10012
3.7306854724884033, 10011
3.7430381774902344, 10010
3.751084089279175, 10009
3.753277063369751, 10008
3.753277063369751, 10007
3.753277063369751, 10006
3.753277063369751, 10005
3.761420488357544, 10004
3.761420488357544, 10003
3.7635655403137207, 10002
3.7635655403137207, 10001
3.7738051414489746, 10000
3.7738051414489746, 9999
3.7738051414489746, 9998
3.7841084003448486, 9997
3.7922048568725586, 9996
3.7943451404571533, 9995
3.7943451404571533, 9994
3.7943451404571533, 9993
3.8023922443389893, 9992
3.8024988174438477, 9991
3.804640054702759, 9990
3.804640054702759, 9989
3.804640054702759, 9988
3.8127193450927734, 9987
3.8148610591888428, 9986
3.8230080604553223, 9985
3.8251547813415527, 9984
3.8251547813415527, 9983
3.8251547813415527, 9982
3.845702886581421, 9981
3.845702886581421, 9980
3.853804588317871, 9979
3.853804588317871, 9978
3.8559458255767822, 9977
3.8559458255767822, 9976
3.8559458255767822, 9975
3.8559458255767822, 9974
3.8765013217926025, 9973
3.8765013217926025, 9972
3.886786937713623, 9971
3.886786937713623, 9970
3.897024631500244, 9969
3.9051713943481445, 9968
3.9051713943481445, 9967
3.90731143951416, 9966
3.90731143951416, 9965
3.90731143951416, 9964
3.9154040813446045, 9963
3.917545795440674, 9962
3.917545795440674, 9961
3.917545795440674, 9960
3.917545795440674, 9959
3.9256961345672607, 9958
3.9278364181518555, 9957
3.9278364181518555, 9956
3.9278364181518555, 9955
3.9359657764434814, 9954
3.938107967376709, 9953
3.938107967376709, 9952
3.938107967376709, 9951
3.948397397994995, 9950
3.958630084991455, 9949
3.9667794704437256, 9948
3.9667794704437256, 9947
3.9689221382141113, 9946
3.9689221382141113, 9945
3.979905128479004, 9944
3.981050729751587, 9943
3.9833335876464844, 9942
3.9916436672210693, 9941
3.9973363876342773, 9940
3.999479293823242, 9939
3.999479293823242, 9938
3.999479293823242, 9937
3.999479293823242, 9936
4.007570266723633, 9935
4.009718894958496, 9934
4.009718894958496, 9933
4.009718894958496, 9932
4.009718894958496, 9931
4.017863512039185, 9930
4.030172348022461, 9929
4.038226366043091, 9928
4.048372268676758, 9927
4.0504560470581055, 9926
4.0504560470581055, 9925
4.060770273208618, 9924
4.060770273208618, 9923
4.071028470993042, 9922
4.071028470993042, 9921
4.071028470993042, 9920
4.071028470993042, 9919
4.071028470993042, 9918
4.071028470993042, 9917
4.0894775390625, 9916
4.091594219207764, 9915
4.091594219207764, 9914
4.091594219207764, 9913
4.091594219207764, 9912
4.101869106292725, 9911
4.122427225112915, 9910
4.122427225112915, 9909
4.130508899688721, 9908
4.130508899688721, 9907
4.140793561935425, 9906
4.142938852310181, 9905
4.16165018081665, 9904
4.16165018081665, 9903
4.163788318634033, 9902
4.26410174369812, 9901
4.26410174369812, 9900
4.274110794067383, 9899
4.289126873016357, 9898
4.289126873016357, 9897
4.304129362106323, 9896
4.319128036499023, 9895
4.319128036499023, 9894
4.334134340286255, 9893
4.334134340286255, 9892
4.334134340286255, 9891
4.334134340286255, 9890
4.334134340286255, 9889
4.349129676818848, 9888
4.349129676818848, 9887
4.349129676818848, 9886
4.364175796508789, 9885
4.389214277267456, 9884
4.404245853424072, 9883
4.404245853424072, 9882
4.404245853424072, 9881
4.4193055629730225, 9880
4.4193055629730225, 9879
4.4193055629730225, 9878
4.4193055629730225, 9877
4.434245824813843, 9876
4.434245824813843, 9875
4.434245824813843, 9874
4.434245824813843, 9873
4.434245824813843, 9872
4.4492480754852295, 9871
4.4492480754852295, 9870
4.4492480754852295, 9869
4.464232444763184, 9868
4.464232444763184, 9867
4.464232444763184, 9866
4.474247932434082, 9865
4.47577977180481, 9864
4.476775884628296, 9863
4.478776693344116, 9862
4.485781192779541, 9861
4.489743232727051, 9860
4.491778612136841, 9859
4.494779825210571, 9858
4.496782302856445, 9857
4.49792742729187, 9856
4.49792742729187, 9855
4.527960777282715, 9854
4.527960777282715, 9853
4.527960777282715, 9852
4.527960777282715, 9851
4.5429627895355225, 9850
4.5429627895355225, 9849
4.5429627895355225, 9848
4.5579633712768555, 9847
4.5579633712768555, 9846
4.5745155811309814, 9845
4.5745155811309814, 9844
4.5745155811309814, 9843
4.5745155811309814, 9842
4.5745155811309814, 9841
4.5745155811309814, 9840
4.5745155811309814, 9839
4.589565753936768, 9838
4.589565753936768, 9837
4.589565753936768, 9836
4.589565753936768, 9835
4.589565753936768, 9834
4.589565753936768, 9833
4.589565753936768, 9832
4.604565620422363, 9831
4.604565620422363, 9830
4.604565620422363, 9829
4.604565620422363, 9828
4.604565620422363, 9827
4.6195642948150635, 9826
4.6195642948150635, 9825
4.6195642948150635, 9824
4.6195642948150635, 9823
4.634564161300659, 9822
4.634564161300659, 9821
4.634564161300659, 9820
4.634564161300659, 9819
4.649564027786255, 9818
4.649564027786255, 9817
4.649564027786255, 9816
4.649564027786255, 9815
4.649564027786255, 9814
4.664563894271851, 9813
4.676699876785278, 9812
4.676699876785278, 9811
4.696972370147705, 9810
4.696972370147705, 9809
4.707150220870972, 9808
4.707150220870972, 9807
4.717288017272949, 9806
4.717288017272949, 9805
4.717288017272949, 9804
4.727423667907715, 9803
4.727423667907715, 9802
4.727423667907715, 9801
4.727423667907715, 9800
4.737539768218994, 9799
4.737539768218994, 9798
4.737539768218994, 9797
4.7477076053619385, 9796
4.755728483200073, 9795
4.788846254348755, 9794
4.788846254348755, 9793
4.799131155014038, 9792
4.807236909866333, 9791
4.80933141708374, 9790
4.80933141708374, 9789
4.80933141708374, 9788
4.817364454269409, 9787
4.8195130825042725, 9786
4.8195130825042725, 9785
4.829646587371826, 9784
4.829646587371826, 9783
4.839797496795654, 9782
4.8499414920806885, 9781
4.859984874725342, 9780
4.859984874725342, 9779
4.868022918701172, 9778
4.868022918701172, 9777
4.870086669921875, 9776
4.870086669921875, 9775
4.870086669921875, 9774
4.878152370452881, 9773
4.880205154418945, 9772
4.890320062637329, 9771
4.890320062637329, 9770
4.890320062637329, 9769
4.900427341461182, 9768
4.90849757194519, 9767
4.9105024337768555, 9766
4.910549640655518, 9765
4.933974504470825, 9764
4.941375732421875, 9763
4.9714035987854, 9762
4.9714035987854, 9761
4.9714035987854, 9760
4.9714035987854, 9759
4.986386060714722, 9758
4.986386060714722, 9757
5.016388893127441, 9756
5.016388893127441, 9755
5.016388893127441, 9754
5.028905153274536, 9753
5.028905153274536, 9752
5.028905153274536, 9751
5.043924331665039, 9750
5.043924331665039, 9749
5.043924331665039, 9748
5.043924331665039, 9747
5.043924331665039, 9746
5.0589234828948975, 9745
5.073951244354248, 9744
5.073951244354248, 9743
5.073951244354248, 9742
5.073951244354248, 9741
5.088952541351318, 9740
5.088952541351318, 9739
5.088952541351318, 9738
5.088952541351318, 9737
5.103956699371338, 9736
5.118964910507202, 9735
5.129021883010864, 9734
5.129021883010864, 9733
5.129021883010864, 9732
5.14403510093689, 9731
5.14403510093689, 9730
5.14403510093689, 9729
5.159071922302246, 9728
5.159071922302246, 9727
5.174073696136475, 9726
5.174073696136475, 9725
5.189034461975098, 9724
5.2014148235321045, 9723
5.202515125274658, 9722
5.203580379486084, 9721
5.2047119140625, 9720
5.205842018127441, 9719
5.206974029541016, 9718
5.211459159851074, 9717
5.212591886520386, 9716
5.213644504547119, 9715
5.213644504547119, 9714
5.228685617446899, 9713
5.228685617446899, 9712
5.228685617446899, 9711
5.228685617446899, 9710
5.2437052726745605, 9709
5.2437052726745605, 9708
5.358950853347778, 9707
5.358950853347778, 9706
5.358950853347778, 9705
5.358950853347778, 9704
5.358950853347778, 9703
5.358950853347778, 9702
5.373950719833374, 9701
5.373950719833374, 9700
5.373950719833374, 9699
5.388951539993286, 9698
5.388951539993286, 9697
5.388951539993286, 9696
5.388951539993286, 9695
5.403950452804565, 9694
5.4189512729644775, 9693
5.4189512729644775, 9692
5.4189512729644775, 9691
5.4189512729644775, 9690
5.433958053588867, 9689
5.433958053588867, 9688
5.4460790157318115, 9687
5.4460790157318115, 9686
5.4460790157318115, 9685
5.45621919631958, 9684
5.45621919631958, 9683
5.464275121688843, 9682
5.466331958770752, 9681
5.466331958770752, 9680
5.466331958770752, 9679
5.4764404296875, 9678
5.476491689682007, 9677
5.476491689682007, 9676
5.476491689682007, 9675
5.486604452133179, 9674
5.486604452133179, 9673
5.506860017776489, 9672
5.506860017776489, 9671
5.506860017776489, 9670
5.5271079540252686, 9669
5.5271079540252686, 9668
5.5271079540252686, 9667
5.5271079540252686, 9666
5.537231922149658, 9665
5.537231922149658, 9664
5.545286417007446, 9663
5.547337770462036, 9662
5.547337770462036, 9661
5.547337770462036, 9660
5.547337770462036, 9659
5.557467699050903, 9658
5.557467699050903, 9657
5.557467699050903, 9656
5.567590951919556, 9655
5.577726125717163, 9654
5.5857834815979, 9653
5.5878379344940186, 9652
5.595887660980225, 9651
5.597913980484009, 9650
5.672058582305908, 9649
5.672058582305908, 9648
5.68706202507019, 9647
5.717057228088379, 9646
5.732130289077759, 9645
5.732130289077759, 9644
5.732130289077759, 9643
5.732130289077759, 9642
5.732130289077759, 9641
5.7571187019348145, 9640
5.772194862365723, 9639
5.772194862365723, 9638
5.772194862365723, 9637
5.787195444107056, 9636
5.787195444107056, 9635
5.787195444107056, 9634
5.802192211151123, 9633
5.802192211151123, 9632
5.817192077636719, 9631
5.817192077636719, 9630
5.817192077636719, 9629
5.832232713699341, 9628
5.832232713699341, 9627
5.832232713699341, 9626
5.832232713699341, 9625
5.847209215164185, 9624
5.847209215164185, 9623
5.847209215164185, 9622
5.847209215164185, 9621
5.847209215164185, 9620
5.847209215164185, 9619
5.85725998878479, 9618
5.85725998878479, 9617
5.85725998878479, 9616
5.872312307357788, 9615
5.872312307357788, 9614
5.902309417724609, 9613
5.902309417724609, 9612
5.932281255722046, 9611
5.932281255722046, 9610
5.932281255722046, 9609
5.932281255722046, 9608
5.932281255722046, 9607
5.957288026809692, 9606
5.957288026809692, 9605
5.957288026809692, 9604
5.957288026809692, 9603
5.972449779510498, 9602
5.972449779510498, 9601
6.002319574356079, 9600
6.002319574356079, 9599
6.032341241836548, 9598
6.032341241836548, 9597
6.032341241836548, 9596
6.047306537628174, 9595
6.0573625564575195, 9594
6.0573625564575195, 9593
6.0573625564575195, 9592
6.072415113449097, 9591
6.072415113449097, 9590
6.08741307258606, 9589
6.08741307258606, 9588
6.08741307258606, 9587
6.08741307258606, 9586
6.102414846420288, 9585
6.102414846420288, 9584
6.102414846420288, 9583
6.132376670837402, 9582
6.132376670837402, 9581
6.132376670837402, 9580
6.1574387550354, 9579
6.159487962722778, 9578
6.159487962722778, 9577
6.159487962722778, 9576
6.167598009109497, 9575
6.177730083465576, 9574
6.177730083465576, 9573
6.179782152175903, 9572
6.179782152175903, 9571
6.179782152175903, 9570
6.179782152175903, 9569
6.179782152175903, 9568
6.187887191772461, 9567
6.189953088760376, 9566
6.189953088760376, 9565
6.198041200637817, 9564
6.210361480712891, 9563
6.220488548278809, 9562
6.220488548278809, 9561
6.228499174118042, 9560
6.250943660736084, 9559
6.259073734283447, 9558
6.269086599349976, 9557
6.269086599349976, 9556
6.269086599349976, 9555
6.284104824066162, 9554
6.284104824066162, 9553
6.284104824066162, 9552
6.284104824066162, 9551
6.284104824066162, 9550
6.284104824066162, 9549
6.299102544784546, 9548
6.314102649688721, 9547
6.314102649688721, 9546
6.314102649688721, 9545
6.314102649688721, 9544
6.329105854034424, 9543
6.329105854034424, 9542
6.329105854034424, 9541
6.329105854034424, 9540
6.329105854034424, 9539
6.329105854034424, 9538
6.344105243682861, 9537
6.344105243682861, 9536
6.344105243682861, 9535
6.359104633331299, 9534
6.371449947357178, 9533
6.391909122467041, 9532
6.402052879333496, 9531
6.402052879333496, 9530
6.410133361816406, 9529
6.412238836288452, 9528
6.420322895050049, 9527
6.432525157928467, 9526
6.432525157928467, 9525
6.44269871711731, 9524
6.452834844589233, 9523
6.452834844589233, 9522
6.4629433155059814, 9521
6.4629433155059814, 9520
6.4710142612457275, 9519
6.473076581954956, 9518
6.481124401092529, 9517
6.4831976890563965, 9516
6.4831976890563965, 9515
6.4831976890563965, 9514
6.491265773773193, 9513
6.491265773773193, 9512
6.493331670761108, 9511
6.493331670761108, 9510
6.493331670761108, 9509
6.501425266265869, 9508
6.503495693206787, 9507
6.51363468170166, 9506
6.523810148239136, 9505
6.523810148239136, 9504
6.544084548950195, 9503
6.544084548950195, 9502
6.554226398468018, 9501
6.562315225601196, 9500
6.56438946723938, 9499
6.574524879455566, 9498
6.574524879455566, 9497
6.5927064418792725, 9496
6.5947723388671875, 9495
6.5947723388671875, 9494
6.605303049087524, 9493
6.605303049087524, 9492
6.623539209365845, 9491
6.625616073608398, 9490
6.625616073608398, 9489
6.625616073608398, 9488
6.635751962661743, 9487
6.635751962661743, 9486
6.643836259841919, 9485
6.6560399532318115, 9484
6.6560399532318115, 9483
6.66412615776062, 9482
6.666192054748535, 9481
6.666192054748535, 9480
6.666192054748535, 9479
6.666192054748535, 9478
6.6742589473724365, 9477
6.676321983337402, 9476
6.676321983337402, 9475
6.694535970687866, 9474
6.6965436935424805, 9473
6.7050275802612305, 9472
6.707087755203247, 9471
6.707087755203247, 9470
6.715141773223877, 9469
6.7477357387542725, 9468
6.7477357387542725, 9467
6.767838954925537, 9466
6.767838954925537, 9465
6.767838954925537, 9464
6.767838954925537, 9463
6.767838954925537, 9462
6.777882099151611, 9461
6.788022994995117, 9460
6.798133134841919, 9459
6.808320045471191, 9458
6.808320045471191, 9457
6.808320045471191, 9456
6.808320045471191, 9455
6.818432569503784, 9454
6.818432569503784, 9453
6.818432569503784, 9452
6.818432569503784, 9451
6.818432569503784, 9450
6.826495409011841, 9449
6.82854962348938, 9448
6.82854962348938, 9447
6.836618423461914, 9446
6.846771240234375, 9445
6.846771240234375, 9444
6.848841428756714, 9443
6.848841428756714, 9442
6.848841428756714, 9441
6.858953237533569, 9440
6.869101047515869, 9439
6.869101047515869, 9438
6.869101047515869, 9437
6.879215955734253, 9436
6.879215955734253, 9435
6.889362812042236, 9434
6.889362812042236, 9433
6.897391080856323, 9432
6.899445295333862, 9431
6.899445295333862, 9430
6.907553195953369, 9429
6.90961480140686, 9428
6.90961480140686, 9427
6.917670965194702, 9426
6.919726133346558, 9425
6.919726133346558, 9424
6.919726133346558, 9423
6.929843187332153, 9422
6.929843187332153, 9421
6.937902927398682, 9420
6.937902927398682, 9419
6.939956426620483, 9418
6.948040246963501, 9417
6.950097322463989, 9416
6.950097322463989, 9415
6.9581618309021, 9414
6.9581618309021, 9413
6.960216999053955, 9412
6.970365524291992, 9411
6.970365524291992, 9410
6.970365524291992, 9409
6.980436325073242, 9408
7.000732421875, 9407
7.000732421875, 9406
7.01090669631958, 9405
7.01090669631958, 9404
7.0210347175598145, 9403
7.0210347175598145, 9402
7.0210347175598145, 9401
7.0210347175598145, 9400
7.03115701675415, 9399
7.03115701675415, 9398
7.051440238952637, 9397
7.051440238952637, 9396
7.061550855636597, 9395
7.081786155700684, 9394
7.089861631393433, 9393
7.091922283172607, 9392
7.091922283172607, 9391
7.120415210723877, 9390
7.120415210723877, 9389
7.142770528793335, 9388
7.142770528793335, 9387
7.152963399887085, 9386
7.163093090057373, 9385
7.193531274795532, 9384
7.193531274795532, 9383
7.203639030456543, 9382
7.203639030456543, 9381
7.214208126068115, 9380
7.224335432052612, 9379
7.24458384513855, 9378
7.2652223110198975, 9377
7.2652223110198975, 9376
7.2652223110198975, 9375
7.2652223110198975, 9374
7.275365591049194, 9373
7.275365591049194, 9372
7.285683631896973, 9371
7.293735027313232, 9370
7.293735027313232, 9369
7.295788049697876, 9368
7.295788049697876, 9367
7.305898427963257, 9366
7.3160765171051025, 9365
7.3160765171051025, 9364
7.326188564300537, 9363
7.326188564300537, 9362
7.336329460144043, 9361
7.346451282501221, 9360
7.3566014766693115, 9359
7.376846075057983, 9358
7.386951923370361, 9357
7.3970630168914795, 9356
7.4051384925842285, 9355
7.407194137573242, 9354
7.407194137573242, 9353
7.417357683181763, 9352
7.4274678230285645, 9351
7.4274678230285645, 9350
7.447749376296997, 9349
7.457860946655273, 9348
7.476061820983887, 9347
7.478120565414429, 9346
7.478120565414429, 9345
7.478120565414429, 9344
7.478120565414429, 9343
7.486180782318115, 9342
7.488235950469971, 9341
7.488235950469971, 9340
7.498365879058838, 9339
7.498365879058838, 9338
7.508474826812744, 9337
7.508474826812744, 9336
7.518648147583008, 9335
7.549027442932129, 9334
7.549027442932129, 9333
7.55918025970459, 9332
7.55918025970459, 9331
7.569292783737183, 9330
7.569292783737183, 9329
7.579426050186157, 9328
7.589547634124756, 9327
7.589547634124756, 9326
7.589547634124756, 9325
7.597631931304932, 9324
7.599690675735474, 9323
7.607746362686157, 9322
7.609799146652222, 9321
7.619968891143799, 9320
7.619968891143799, 9319
7.6282501220703125, 9318
7.6282501220703125, 9317
7.6383888721466064, 9316
7.6404407024383545, 9315
7.6404407024383545, 9314
7.6404407024383545, 9313
7.6404407024383545, 9312
7.6404407024383545, 9311
7.650569677352905, 9310
7.650569677352905, 9309
7.660691261291504, 9308
7.660691261291504, 9307
7.670810699462891, 9306
7.670810699462891, 9305
7.680945873260498, 9304
7.680945873260498, 9303
7.691058874130249, 9302
7.701176404953003, 9301
7.711256265640259, 9300
7.711256265640259, 9299
7.739646673202515, 9298
7.751826047897339, 9297
7.761978626251221, 9296
7.772102117538452, 9295
7.772102117538452, 9294
7.7801361083984375, 9293
7.782212018966675, 9292
7.782212018966675, 9291
7.800535678863525, 9290
7.802600622177124, 9289
7.802600622177124, 9288
7.802600622177124, 9287
7.812722682952881, 9286
7.823283910751343, 9285
7.833409786224365, 9284
7.8414881229400635, 9283
7.843543529510498, 9282
7.853662967681885, 9281
7.853662967681885, 9280
7.863779783248901, 9279
7.863779783248901, 9278
7.873891115188599, 9277
7.873891115188599, 9276
7.886134147644043, 9275
7.886219024658203, 9274
7.886219024658203, 9273
7.886219024658203, 9272
7.904450416564941, 9271
7.904450416564941, 9270
7.904450416564941, 9269
7.924737453460693, 9268
7.924737453460693, 9267
7.924737453460693, 9266
7.934972047805786, 9265
7.934972047805786, 9264
7.934972047805786, 9263
7.953199863433838, 9262
7.955249071121216, 9261
7.955249071121216, 9260
7.975532054901123, 9259
7.9836132526397705, 9258
7.985666751861572, 9257
8.024288654327393, 9256
8.03646993637085, 9255
8.03646993637085, 9254
8.03646993637085, 9253
8.056731700897217, 9252
8.056731700897217, 9251
8.066863059997559, 9250
8.066863059997559, 9249
8.074917078018188, 9248
8.087145328521729, 9247
8.117516040802002, 9246
8.125620603561401, 9245
8.147916793823242, 9244
8.147916793823242, 9243
8.147916793823242, 9242
8.147916793823242, 9241
8.158038139343262, 9240
8.158038139343262, 9239
8.158038139343262, 9238
8.168172836303711, 9237
8.168172836303711, 9236
8.188439846038818, 9235
8.188439846038818, 9234
8.188439846038818, 9233
8.196469068527222, 9232
8.198542356491089, 9231
8.216802597045898, 9230
8.229190826416016, 9229
8.23725700378418, 9228
8.23930549621582, 9227
8.247385740280151, 9226
8.247385740280151, 9225
8.249547004699707, 9224
8.249547004699707, 9223
8.25966477394104, 9222
8.25966477394104, 9221
8.269795417785645, 9220
8.269795417785645, 9219
8.279919147491455, 9218
8.288012742996216, 9217
8.290081977844238, 9216
8.310320138931274, 9215
8.320401906967163, 9214
8.330525636672974, 9213
8.351225852966309, 9212
8.351225852966309, 9211
8.381699323654175, 9210
8.391833305358887, 9209
8.40193510055542, 9208
8.40193510055542, 9207
8.40193510055542, 9206
8.422146320343018, 9205
8.432743787765503, 9204
8.432743787765503, 9203
8.44080924987793, 9202
8.442868709564209, 9201
8.442868709564209, 9200
8.442868709564209, 9199
8.45305323600769, 9198
8.473331212997437, 9197
8.473331212997437, 9196
8.473331212997437, 9195
8.473331212997437, 9194
8.473331212997437, 9193
8.481406688690186, 9192
8.52437686920166, 9191
8.52437686920166, 9190
8.534603595733643, 9189
8.534603595733643, 9188
8.565389394760132, 9187
8.573478698730469, 9186
8.583747148513794, 9185
8.583747148513794, 9184
8.5960693359375, 9183
8.616564989089966, 9182
8.616564989089966, 9181
8.616564989089966, 9180
8.634843587875366, 9179
8.636977195739746, 9178
8.636977195739746, 9177
8.645082235336304, 9176
8.657328128814697, 9175
8.665392637252808, 9174
8.677741527557373, 9173
8.677741527557373, 9172
8.677741527557373, 9171
8.685798406600952, 9170
8.685798406600952, 9169
8.687931776046753, 9168
8.687931776046753, 9167
8.708281517028809, 9166
8.708281517028809, 9165
8.708281517028809, 9164
8.73695969581604, 9163
8.739112377166748, 9162
8.749421834945679, 9161
8.757482290267944, 9160
8.759537696838379, 9159
8.759537696838379, 9158
8.759537696838379, 9157
8.81867504119873, 9156
8.841419696807861, 9155
8.841419696807861, 9154
8.849540948867798, 9153
8.869808912277222, 9152
8.871891736984253, 9151
8.871891736984253, 9150
8.890089750289917, 9149
8.890089750289917, 9148
8.89241337776184, 9147
8.89241337776184, 9146
8.900515079498291, 9145
8.912724018096924, 9144
8.92086148262024, 9143
8.92086148262024, 9142
8.92086148262024, 9141
8.941973209381104, 9140
8.94411301612854, 9139
8.98518681526184, 9138
8.99533724784851, 9137
9.015906810760498, 9136
9.015906810760498, 9135
9.024047374725342, 9134
9.026193857192993, 9133
9.036769151687622, 9132
9.036769151687622, 9131
9.047054767608643, 9130
9.05730938911438, 9129
9.05730938911438, 9128
9.087842226028442, 9127
9.087842226028442, 9126
9.105976343154907, 9125
9.121111869812012, 9124
9.151034116744995, 9123
9.203091621398926, 9122
9.208747863769531, 9121
9.226304054260254, 9120
9.234671115875244, 9119
9.238874673843384, 9118
9.238874673843384, 9117
9.25250792503357, 9116
9.253558158874512, 9115
9.254617929458618, 9114
9.257773399353027, 9113
9.258822202682495, 9112
9.259842157363892, 9111
9.291160583496094, 9110
9.294302463531494, 9109
9.295349359512329, 9108
9.31951904296875, 9107
9.341578722000122, 9106
9.342642784118652, 9105
9.36189579963684, 9104
9.376898288726807, 9103
9.406502485275269, 9102
9.40856385231018, 9101
9.40856385231018, 9100
9.418697595596313, 9099
9.428868293762207, 9098
9.428868293762207, 9097
9.428868293762207, 9096
9.439014196395874, 9095
9.449144840240479, 9094
9.449144840240479, 9093
9.457174062728882, 9092
9.459202766418457, 9091
9.4773428440094, 9090
9.487449169158936, 9089
9.499625205993652, 9088
9.519862651824951, 9087
9.519862651824951, 9086
9.530014514923096, 9085
9.53807282447815, 9084
9.53807282447815, 9083
9.558483123779297, 9082
9.570878982543945, 9081
9.570878982543945, 9080
9.570878982543945, 9079
9.591227054595947, 9078
9.611804962158203, 9077
9.621920824050903, 9076
9.621920824050903, 9075
9.64213228225708, 9074
9.652637958526611, 9073
9.6708505153656, 9072
9.691092491149902, 9071
9.693151473999023, 9070
9.701210021972656, 9069
9.701210021972656, 9068
9.701210021972656, 9067
9.701210021972656, 9066
9.713383913040161, 9065
9.713383913040161, 9064
9.713383913040161, 9063
9.713383913040161, 9062
9.713383913040161, 9061
9.72350287437439, 9060
9.743778228759766, 9059
9.743778228759766, 9058
9.753987312316895, 9057
9.753987312316895, 9056
9.772205114364624, 9055
9.774266719818115, 9054
9.782324314117432, 9053
9.784407615661621, 9052
9.784407615661621, 9051
9.79457688331604, 9050
9.79457688331604, 9049
9.802729606628418, 9048
9.81287932395935, 9047
9.835229635238647, 9046
9.835229635238647, 9045
9.835229635238647, 9044
9.853391408920288, 9043
9.865565061569214, 9042
9.865565061569214, 9041
9.885818719863892, 9040
9.906113624572754, 9039
9.924305438995361, 9038
9.924305438995361, 9037
9.926360845565796, 9036
9.956737041473389, 9035
9.964793682098389, 9034
9.96684718132019, 9033
9.96684718132019, 9032
9.974922180175781, 9031
9.976976871490479, 9030
9.995184183120728, 9029
9.99724268913269, 9028
9.99724268913269, 9027
9.99724268913269, 9026
9.99724268913269, 9025
10.007353067398071, 9024
10.01754379272461, 9023
10.01754379272461, 9022
10.027652025222778, 9021
10.037801504135132, 9020
10.047919034957886, 9019
10.047919034957886, 9018
10.055992126464844, 9017
10.066105365753174, 9016
10.068161964416504, 9015
10.068161964416504, 9014
10.068161964416504, 9013
10.078310012817383, 9012
10.086373805999756, 9011
10.118978500366211, 9010
10.138975143432617, 9009
10.138975143432617, 9008
10.240812301635742, 9007
10.240812301635742, 9006
10.25117540359497, 9005
10.25117540359497, 9004
10.26130485534668, 9003
10.282022714614868, 9002
10.292188167572021, 9001
10.292188167572021, 9000
10.312653064727783, 8999
10.312653064727783, 8998
10.312653064727783, 8997
10.353246212005615, 8996
10.373608827590942, 8995
10.383747816085815, 8994
10.393908262252808, 8993
10.393908262252808, 8992
10.402045965194702, 8991
10.41419267654419, 8990
10.422523736953735, 8989
10.443278789520264, 8988
10.45572280883789, 8987
10.466003894805908, 8986
10.506841659545898, 8985
10.514961242675781, 8984
10.51710295677185, 8983
10.51710295677185, 8982
10.527387142181396, 8981
10.527387142181396, 8980
10.537599802017212, 8979
10.537599802017212, 8978
10.547885179519653, 8977
10.547885179519653, 8976
10.5889253616333, 8975
10.5889253616333, 8974
10.599225521087646, 8973
10.607362270355225, 8972
10.619757413864136, 8971
10.640275478363037, 8970
10.648425340652466, 8969
10.671114206314087, 8968
10.671114206314087, 8967
10.679223775863647, 8966
10.679223775863647, 8965
10.689515590667725, 8964
10.7121102809906, 8963
10.732452154159546, 8962
10.742685794830322, 8961
10.752953052520752, 8960
10.761081457138062, 8959
10.771289587020874, 8958
10.773440599441528, 8957
10.773440599441528, 8956
10.80473804473877, 8955
10.807004451751709, 8954
10.824552297592163, 8953
10.83480954170227, 8952
10.83480954170227, 8951
10.83480954170227, 8950
10.855342864990234, 8949
10.855342864990234, 8948
10.855342864990234, 8947
10.865539312362671, 8946
10.876079082489014, 8945
10.876079082489014, 8944
10.886376142501831, 8943
10.894460201263428, 8942
10.906797170639038, 8941
10.917005777359009, 8940
10.927280187606812, 8939
10.965970039367676, 8938
10.97835922241211, 8937
10.97835922241211, 8936
10.97835922241211, 8935
10.986406326293945, 8934
10.989957571029663, 8933
11.000121355056763, 8932
11.00822401046753, 8931
11.018513917922974, 8930
11.020663261413574, 8929
11.020663261413574, 8928
11.03087830543518, 8927
11.03087830543518, 8926
11.051410675048828, 8925
11.061650514602661, 8924
11.082478761672974, 8923
11.082478761672974, 8922
11.233928918838501, 8921
11.236099243164062, 8920
11.24422001838684, 8919
11.24624490737915, 8918
11.24624490737915, 8917
11.25429105758667, 8916
11.25652551651001, 8915
11.25652551651001, 8914
11.25652551651001, 8913
11.264627456665039, 8912
11.266775846481323, 8911
11.277071714401245, 8910
11.277071714401245, 8909
11.277071714401245, 8908
11.285150051116943, 8907
11.307735919952393, 8906
11.307735919952393, 8905
11.317949771881104, 8904
11.328208684921265, 8903
11.338504791259766, 8902
11.348759412765503, 8901
11.348759412765503, 8900
11.348759412765503, 8899
11.369291543960571, 8898
11.387598991394043, 8897
11.3897385597229, 8896
11.408092498779297, 8895
11.410233736038208, 8894
11.420339822769165, 8893
11.420339822769165, 8892
11.428441762924194, 8891
11.430585384368896, 8890
11.430585384368896, 8889
11.440872192382812, 8888
11.461408853530884, 8887
11.471699953079224, 8886
11.481980323791504, 8885
11.50285029411316, 8884
11.512968063354492, 8883
11.512968063354492, 8882
11.512968063354492, 8881
11.533442735671997, 8880
11.564255714416504, 8879
11.572335958480835, 8878
11.572335958480835, 8877
11.574475526809692, 8876
11.574475526809692, 8875
11.582624912261963, 8874
11.595037460327148, 8873
11.605312824249268, 8872
11.605312824249268, 8871
11.605312824249268, 8870
11.605312824249268, 8869
11.615535020828247, 8868
11.635878324508667, 8867
11.656259298324585, 8866
11.67670226097107, 8865
11.684834241867065, 8864
11.697105407714844, 8863
11.697105407714844, 8862
11.715685606002808, 8861
11.717845439910889, 8860
11.717845439910889, 8859
11.74845552444458, 8858
11.74845552444458, 8857
11.756560325622559, 8856
11.758698463439941, 8855
11.758698463439941, 8854
11.758698463439941, 8853
11.768807411193848, 8852
11.868683099746704, 8851
11.92161226272583, 8850
11.92161226272583, 8849
11.962186813354492, 8848
11.962186813354492, 8847
11.972334146499634, 8846
11.982505321502686, 8845
11.992643117904663, 8844
12.023152112960815, 8843
12.023152112960815, 8842
12.193619728088379, 8841
12.205805778503418, 8840
12.226200103759766, 8839
12.234254598617554, 8838
12.234349489212036, 8837
12.236485242843628, 8836
12.256985187530518, 8835
12.256985187530518, 8834
12.275353908538818, 8833
12.29788613319397, 8832
12.318406581878662, 8831
12.32863998413086, 8830
12.349165916442871, 8829
12.369691610336304, 8828
12.410744667053223, 8827
12.421040058135986, 8826
12.431231260299683, 8825
12.439374923706055, 8824
12.44152045249939, 8823
12.44152045249939, 8822
12.449636459350586, 8821
12.449636459350586, 8820
12.45177674293518, 8819
12.462060928344727, 8818
12.462060928344727, 8817
12.462060928344727, 8816
12.513306856155396, 8815
12.513306856155396, 8814
12.513306856155396, 8813
12.521448612213135, 8812
12.533822059631348, 8811
12.533822059631348, 8810
12.533822059631348, 8809
12.544115781784058, 8808
12.544115781784058, 8807
12.544115781784058, 8806
12.554344892501831, 8805
12.574693202972412, 8804
12.584996461868286, 8803
12.584996461868286, 8802
12.584996461868286, 8801
12.595274209976196, 8800
12.603434562683105, 8799
12.615837097167969, 8798
12.626121282577515, 8797
12.626121282577515, 8796
12.626121282577515, 8795
12.63634967803955, 8794
12.63634967803955, 8793
12.656872510910034, 8792
12.677420854568481, 8791
12.718787431716919, 8790
12.74737000465393, 8789
12.759802341461182, 8788
12.759802341461182, 8787
12.759802341461182, 8786
12.759802341461182, 8785
12.767863750457764, 8784
12.780286073684692, 8783
12.808940649032593, 8782
12.81108045578003, 8781
12.819210290908813, 8780
12.819210290908813, 8779
12.831439018249512, 8778
12.87024998664856, 8777
12.872392892837524, 8776
12.891023635864258, 8775
12.893165111541748, 8774
12.903392791748047, 8773
12.903392791748047, 8772
12.903392791748047, 8771
12.913678407669067, 8770
12.913678407669067, 8769
12.923955917358398, 8768
12.923955917358398, 8767
12.934246063232422, 8766
12.934246063232422, 8765
12.944474458694458, 8764
12.954760551452637, 8763
12.954760551452637, 8762
12.965003252029419, 8761
12.973148584365845, 8760
12.985517740249634, 8759
13.003789186477661, 8758
13.003789186477661, 8757
13.005915641784668, 8756
13.016179323196411, 8755
13.016179323196411, 8754
13.016179323196411, 8753
13.04482913017273, 8752
13.046971082687378, 8751
13.077690839767456, 8750
13.085813522338867, 8749
13.098170280456543, 8748
13.108409881591797, 8747
13.11870265007019, 8746
13.149411678314209, 8745
13.149411678314209, 8744
13.157559394836426, 8743
13.157559394836426, 8742
13.180278301239014, 8741
13.200821161270142, 8740
13.200821161270142, 8739
13.200821161270142, 8738
13.200821161270142, 8737
13.21106481552124, 8736
13.221350908279419, 8735
13.22943639755249, 8734
13.231576681137085, 8733
13.239720106124878, 8732
13.272383689880371, 8731
13.272383689880371, 8730
13.272383689880371, 8729
13.29284954071045, 8728
13.303051948547363, 8727
13.313416481018066, 8726
13.32362675666809, 8725
13.341963291168213, 8724
13.354398250579834, 8723
13.37273645401001, 8722
13.37273645401001, 8721
13.382900953292847, 8720
13.38504433631897, 8719
13.403429746627808, 8718
13.405579328536987, 8717
13.405579328536987, 8716
13.415866613388062, 8715
13.423957347869873, 8714
13.426017761230469, 8713
13.436249732971191, 8712
13.466684579849243, 8711
13.49491834640503, 8710
13.513978958129883, 8709
13.665030479431152, 8708
13.665030479431152, 8707
13.705039739608765, 8706
13.705039739608765, 8705
13.705039739608765, 8704
13.720133304595947, 8703
13.720133304595947, 8702
13.735081195831299, 8701
13.792163610458374, 8700
13.80517315864563, 8699
13.835189819335938, 8698
13.85018801689148, 8697
13.85018801689148, 8696
13.85018801689148, 8695
13.85018801689148, 8694
13.865193843841553, 8693
13.865193843841553, 8692
13.865193843841553, 8691
13.90520977973938, 8690
13.935235977172852, 8689
13.935235977172852, 8688
13.935235977172852, 8687
13.935235977172852, 8686
13.935235977172852, 8685
13.95029091835022, 8684
13.95029091835022, 8683
13.95029091835022, 8682
13.980225801467896, 8681
13.99526596069336, 8680
14.020362854003906, 8679
14.020362854003906, 8678
14.020362854003906, 8677
14.035333395004272, 8676
14.035333395004272, 8675
14.050345659255981, 8674
14.105340480804443, 8673
14.12035870552063, 8672
14.280423164367676, 8671
14.30541467666626, 8670
14.320425987243652, 8669
14.320425987243652, 8668
14.335462093353271, 8667
14.350461483001709, 8666
14.380430936813354, 8665
14.40548038482666, 8664
14.465501546859741, 8663
14.520563125610352, 8662
14.53556203842163, 8661
14.56556248664856, 8660
14.621554374694824, 8659
14.63460636138916, 8658
14.699559450149536, 8657
14.718719959259033, 8656
14.731639385223389, 8655
14.905706405639648, 8654
14.91874647140503, 8653
14.95774245262146, 8652
14.95774245262146, 8651
14.95774245262146, 8650
14.95774245262146, 8649
14.95774245262146, 8648
14.970742225646973, 8647
14.970742225646973, 8646
14.983741998672485, 8645
14.983741998672485, 8644
14.983741998672485, 8643
15.13193964958191, 8642
15.244972944259644, 8641
15.244972944259644, 8640
15.29697322845459, 8639
15.29697322845459, 8638
15.332003593444824, 8637
15.358003854751587, 8636
15.37100338935852, 8635
15.384004354476929, 8634
15.75816535949707, 8633
15.771166563034058, 8632
15.771166563034058, 8631
15.771166563034058, 8630
15.771166563034058, 8629
15.771166563034058, 8628
15.784155130386353, 8627
15.797160625457764, 8626
15.806181192398071, 8625
15.832244396209717, 8624
15.87119746208191, 8623
15.919400930404663, 8622
15.932406187057495, 8621
15.932406187057495, 8620
15.945361852645874, 8619
15.958359003067017, 8618
15.958359003067017, 8617
15.97135877609253, 8616
15.97135877609253, 8615
15.984406232833862, 8614
15.984406232833862, 8613
16.02876091003418, 8612
16.097774982452393, 8611
16.120118141174316, 8610
16.140418529510498, 8609
16.14849305152893, 8608
16.170857191085815, 8607
16.170857191085815, 8606
16.181052923202515, 8605
16.18913507461548, 8604
16.201315879821777, 8603
16.21142315864563, 8602
16.221563577651978, 8601
16.251986980438232, 8600
16.262171983718872, 8599
16.312782764434814, 8598
16.3329336643219, 8597
16.3329336643219, 8596
16.3329336643219, 8595
16.373843669891357, 8594
16.394224166870117, 8593
16.42464566230774, 8592
16.42464566230774, 8591
16.44502067565918, 8590
16.455190658569336, 8589
16.49581480026245, 8588
16.49581480026245, 8587
16.524205923080444, 8586
16.536439418792725, 8585
16.556763648986816, 8584
16.566889762878418, 8583
16.577088117599487, 8582
16.59742569923401, 8581
16.60747265815735, 8580
16.617598295211792, 8579
16.617598295211792, 8578
16.62763810157776, 8577
16.637787580490112, 8576
16.637787580490112, 8575
16.647919178009033, 8574
16.66819143295288, 8573
16.69859480857849, 8572
16.706665754318237, 8571
16.708740234375, 8570
16.708740234375, 8569
16.728996992111206, 8568
16.737076997756958, 8567
16.74714756011963, 8566
16.74916911125183, 8565
16.769399166107178, 8564
16.777486324310303, 8563
16.789679050445557, 8562
16.789679050445557, 8561
16.797783851623535, 8560
16.891225576400757, 8559
16.911460638046265, 8558
17.01768660545349, 8557
17.041834354400635, 8556
17.041834354400635, 8555
17.070263624191284, 8554
17.092737913131714, 8553
17.123395681381226, 8552
17.123395681381226, 8551
17.143753051757812, 8550
17.184377431869507, 8549
17.204729795455933, 8548
17.22506093978882, 8547
17.22506093978882, 8546
17.24325180053711, 8545
17.24325180053711, 8544
17.2553870677948, 8543
17.275697231292725, 8542
17.285846710205078, 8541
17.32638955116272, 8540
17.33655095100403, 8539
17.346709728240967, 8538
17.35689353942871, 8537
17.377227067947388, 8536
17.417845726013184, 8535
17.428008794784546, 8534
17.438177585601807, 8533
17.458474159240723, 8532
17.468637228012085, 8531
17.47878384590149, 8530
17.550214052200317, 8529
17.589218854904175, 8528
17.61522102355957, 8527
17.62821650505066, 8526
17.637235164642334, 8525
17.637235164642334, 8524
17.66327142715454, 8523
17.6762638092041, 8522
17.702252626419067, 8521
17.715252161026, 8520
17.7502863407135, 8519
17.7502863407135, 8518
17.77628254890442, 8517
17.802325963974, 8516
17.828282356262207, 8515
17.828282356262207, 8514
17.850388765335083, 8513
17.850388765335083, 8512
17.876389741897583, 8511
17.907775163650513, 8510
17.912938594818115, 8509
17.92309880256653, 8508
17.92309880256653, 8507
17.949139833450317, 8506
17.98814082145691, 8505
18.001137256622314, 8504
18.014150142669678, 8503
18.014150142669678, 8502
18.014150142669678, 8501
18.027137994766235, 8500
18.040147066116333, 8499
18.069587469100952, 8498
18.092008113861084, 8497
18.102142333984375, 8496
18.110217332839966, 8495
18.150851011276245, 8494
18.152925729751587, 8493
18.163073301315308, 8492
18.173238515853882, 8491
18.195999145507812, 8490
18.216278314590454, 8489
18.236599683761597, 8488
18.244662284851074, 8487
18.25485324859619, 8486
18.256913900375366, 8485
18.256913900375366, 8484
18.256913900375366, 8483
18.256913900375366, 8482
18.264989614486694, 8481
18.2955105304718, 8480
18.2975754737854, 8479
18.3380868434906, 8478
18.346128225326538, 8477
18.356169939041138, 8476
18.36918330192566, 8475
18.395185232162476, 8474
18.395185232162476, 8473
18.447221755981445, 8472
18.456236600875854, 8471
18.513033390045166, 8470
18.569571018218994, 8469
18.60856294631958, 8468
18.63456130027771, 8467
18.68261742591858, 8466
18.747617483139038, 8465
18.808677673339844, 8464
18.808677673339844, 8463
18.834710597991943, 8462
19.023202180862427, 8461
19.05671763420105, 8460
19.05671763420105, 8459
19.06973624229431, 8458
19.147735595703125, 8457
19.147735595703125, 8456
19.15887212753296, 8455
19.15887212753296, 8454
19.168999671936035, 8453
19.189314365386963, 8452
19.189314365386963, 8451
19.209521532058716, 8450
19.21759343147278, 8449
19.298661708831787, 8448
19.321115732192993, 8447
19.331290245056152, 8446
19.351534843444824, 8445
19.3616464138031, 8444
19.392536401748657, 8443
19.43304753303528, 8442
19.451258659362793, 8441
19.451258659362793, 8440
19.451258659362793, 8439
19.451258659362793, 8438
19.451258659362793, 8437
19.451258659362793, 8436
19.489232301712036, 8435
19.489232301712036, 8434
19.489232301712036, 8433
19.511833429336548, 8432
19.52087163925171, 8431
19.55683159828186, 8430
19.56585931777954, 8429
19.592867136001587, 8428
19.622384548187256, 8427
19.635354042053223, 8426
19.656938076019287, 8425
19.66999101638794, 8424
19.682955741882324, 8423
19.70895290374756, 8422
19.70895290374756, 8421
19.747955083847046, 8420
19.769988298416138, 8419
19.825788974761963, 8418
19.825788974761963, 8417
19.93530249595642, 8416
19.93530249595642, 8415
19.957355737686157, 8414
19.9834086894989, 8413
19.99640440940857, 8412
19.99640440940857, 8411
20.009406805038452, 8410
20.510127544403076, 8409
20.523128271102905, 8408
20.536126375198364, 8407
20.536126375198364, 8406
20.536126375198364, 8405
20.549127340316772, 8404
20.623181343078613, 8403
20.65822720527649, 8402
20.671245336532593, 8401
20.684243202209473, 8400
21.05577778816223, 8399
21.131781101226807, 8398
21.18492293357849, 8397
21.27892518043518, 8396
21.459924459457397, 8395
21.46294665336609, 8394
21.48792314529419, 8393
21.512924194335938, 8392
21.53192639350891, 8391
21.584922075271606, 8390
21.591925382614136, 8389
21.61992073059082, 8388
21.675925493240356, 8387
22.194945096969604, 8386
22.200942277908325, 8385
22.248941898345947, 8384
22.258981943130493, 8383
22.267976760864258, 8382
22.270979404449463, 8381
22.319915294647217, 8380
22.330958366394043, 8379
22.384921312332153, 8378
22.38792133331299, 8377
22.394922256469727, 8376
22.397921562194824, 8375
22.398922204971313, 8374
22.40792155265808, 8373
22.440011262893677, 8372
22.440011262893677, 8371
22.453014373779297, 8370
22.453014373779297, 8369
22.479012727737427, 8368
22.49201488494873, 8367
22.49201488494873, 8366
22.515129327774048, 8365
22.556058168411255, 8364
22.564201831817627, 8363
22.56634283065796, 8362
22.58464479446411, 8361
22.61756205558777, 8360
22.638038873672485, 8359
22.689178705215454, 8358
22.71765923500061, 8357
22.719801664352417, 8356
22.719801664352417, 8355
22.74012541770935, 8354
22.750286102294922, 8353
22.750286102294922, 8352
22.750286102294922, 8351
22.760369777679443, 8350
22.859728574752808, 8349
22.86876130104065, 8348
22.869760513305664, 8347
22.893397569656372, 8346
22.911134958267212, 8345
22.913214683532715, 8344
22.913214683532715, 8343
22.9212908744812, 8342
22.923367023468018, 8341
22.931447744369507, 8340
22.94058656692505, 8339
22.958590984344482, 8338
23.540427207946777, 8337
23.621753454208374, 8336
23.623751163482666, 8335
23.637585639953613, 8334
23.649197816848755, 8333
23.652164459228516, 8332
23.69662594795227, 8331
23.738500118255615, 8330
23.74049973487854, 8329
24.006768703460693, 8328
24.23453450202942, 8327
24.325255155563354, 8326
24.335257291793823, 8325
24.35125732421875, 8324
24.404256343841553, 8323
24.43925428390503, 8322
24.504284143447876, 8321
24.530285596847534, 8320
24.530285596847534, 8319
24.56928277015686, 8318
24.57830023765564, 8317
24.57830023765564, 8316
24.591323614120483, 8315
24.591323614120483, 8314
24.591323614120483, 8313
24.591323614120483, 8312
24.60432004928589, 8311
24.60432004928589, 8310
24.617316722869873, 8309
24.678364753723145, 8308
24.743415594100952, 8307
24.75642967224121, 8306
24.830495357513428, 8305
24.856493949890137, 8304
24.86949372291565, 8303
24.919495820999146, 8302
24.929608821868896, 8301
24.929608821868896, 8300
24.94179677963257, 8299
24.94179677963257, 8298
24.95194673538208, 8297
24.9722638130188, 8296
24.992573261260986, 8295
25.002719163894653, 8294
25.01081395149231, 8293
25.20816206932068, 8292
25.273176431655884, 8291
25.308314561843872, 8290
25.321316719055176, 8289
25.321316719055176, 8288
25.347315788269043, 8287
25.360316038131714, 8286
25.360316038131714, 8285
25.360316038131714, 8284
25.382338523864746, 8283
25.43436622619629, 8282
25.44738006591797, 8281
25.44738006591797, 8280
25.6215660572052, 8279
25.64757013320923, 8278
25.64757013320923, 8277
25.673566579818726, 8276
25.68481993675232, 8275
25.694998264312744, 8274
25.705166816711426, 8273
25.736398696899414, 8272
25.756718158721924, 8271
25.776996612548828, 8270
25.838539838790894, 8269
25.838539838790894, 8268
25.877291440963745, 8267
25.92041277885437, 8266
25.94099760055542, 8265
25.98204517364502, 8264
26.023115634918213, 8263
26.0434787273407, 8262
26.05161690711975, 8261
26.07196617126465, 8260
26.176464080810547, 8259
26.272547006607056, 8258
26.272547006607056, 8257
26.29459309577942, 8256
26.32064461708069, 8255
26.346643924713135, 8254
26.346643924713135, 8253
26.396766185760498, 8252
26.427183151245117, 8251
26.437361478805542, 8250
26.44540286064148, 8249
26.445449590682983, 8248
26.46597123146057, 8247
26.468109846115112, 8246
26.478394508361816, 8245
26.488616228103638, 8244
26.50698447227478, 8243
26.5090069770813, 8242
26.529533624649048, 8241
26.529533624649048, 8240
26.558237314224243, 8239
26.59152102470398, 8238
26.59152102470398, 8237
26.59152102470398, 8236
26.604520797729492, 8235
26.79161524772644, 8234
26.79161524772644, 8233
26.830615758895874, 8232
26.843621730804443, 8231
26.890897512435913, 8230
26.909103870391846, 8229
26.92124581336975, 8228
26.92124581336975, 8227
26.94149875640869, 8226
26.96983051300049, 8225
26.97188711166382, 8224
27.02895998954773, 8223
27.04196262359619, 8222
27.116161823272705, 8221
27.190008640289307, 8220
27.190008640289307, 8219
27.229031562805176, 8218
27.281033992767334, 8217
27.290082931518555, 8216
27.351590871810913, 8215
27.35371994972229, 8214
27.394202947616577, 8213
27.43495273590088, 8212
27.527284860610962, 8211
27.5375497341156, 8210
27.6198570728302, 8209
27.670522689819336, 8208
27.72193479537964, 8207
27.793694734573364, 8206
27.80398964881897, 8205
27.814229488372803, 8204
27.834750175476074, 8203
27.842895984649658, 8202
27.875768899917603, 8201
27.883913278579712, 8200
27.91504216194153, 8199
27.93780493736267, 8198
27.94588613510132, 8197
27.948033571243286, 8196
27.95617914199829, 8195
27.95832133293152, 8194
27.95832133293152, 8193
27.95832133293152, 8192
27.978843688964844, 8191
27.999468326568604, 8190
28.009760856628418, 8189
28.030303239822388, 8188
28.040529251098633, 8187
28.050814628601074, 8186
28.11018466949463, 8185
28.13071322441101, 8184
28.181968927383423, 8183
28.184107780456543, 8182
28.184107780456543, 8181
28.21520686149597, 8180
28.22331953048706, 8179
28.225457906723022, 8178
28.36398673057556, 8177
28.464142084121704, 8176
28.464142084121704, 8175
28.477198839187622, 8174
28.49019455909729, 8173
28.503195762634277, 8172
28.51620054244995, 8171
28.51620054244995, 8170
28.529197931289673, 8169
28.597115755081177, 8168
28.62792420387268, 8167
28.696810483932495, 8166
28.70898151397705, 8165
28.727227210998535, 8164
28.727227210998535, 8163
28.729285717010498, 8162
28.769925117492676, 8161
28.788121700286865, 8160
28.830631256103516, 8159
28.85092806816101, 8158
28.881360054016113, 8157
28.929970026016235, 8156
28.952279567718506, 8155
28.952279567718506, 8154
28.972533226013184, 8153
28.982710599899292, 8152
28.992825984954834, 8151
29.453736543655396, 8150
29.50570034980774, 8149
29.518699645996094, 8148
29.55372142791748, 8147
29.627757787704468, 8146
29.640769481658936, 8145
29.653770446777344, 8144
29.692769050598145, 8143
29.72778034210205, 8142
29.766835689544678, 8141
29.79279327392578, 8140
29.805835485458374, 8139
29.827975273132324, 8138
29.84035563468933, 8137
29.85059142112732, 8136
29.891907930374146, 8135
29.932717084884644, 8134
29.96098518371582, 8133
29.9731605052948, 8132
29.981218576431274, 8131
30.04232954978943, 8130
30.054537296295166, 8129
30.084996700286865, 8128
30.084996700286865, 8127
30.18757653236389, 8126
30.200532913208008, 8125
30.257105112075806, 8124
30.335150480270386, 8123
30.335150480270386, 8122
30.456998825073242, 8121
30.549646615982056, 8120
30.557806968688965, 8119
30.567930459976196, 8118
30.600773096084595, 8117
30.649903059005737, 8116
30.68246841430664, 8115
30.723028659820557, 8114
30.733145475387573, 8113
30.76148223876953, 8112
30.76148223876953, 8111
30.814120769500732, 8110
30.84242296218872, 8109
30.854649305343628, 8108
30.885051727294922, 8107
30.91549015045166, 8106
30.96624231338501, 8105
30.976792335510254, 8104
30.976792335510254, 8103
31.06804847717285, 8102
31.08832287788391, 8101
31.09844994544983, 8100
31.09844994544983, 8099
31.106541872024536, 8098
31.10859704017639, 8097
31.10859704017639, 8096
31.11665177345276, 8095
31.11665177345276, 8094
31.169391632080078, 8093
31.190324544906616, 8092
31.198446035385132, 8091
31.210707187652588, 8090
31.220949411392212, 8089
31.271689653396606, 8088
31.31013822555542, 8087
31.34255576133728, 8086
31.35063147544861, 8085
31.352689504623413, 8084
31.352689504623413, 8083
31.37419056892395, 8082
31.432971239089966, 8081
31.435025930404663, 8080
31.455265998840332, 8079
31.53718662261963, 8078
31.547457218170166, 8077
31.547457218170166, 8076
31.547457218170166, 8075
31.55763816833496, 8074
31.567787408828735, 8073
31.586125135421753, 8072
31.588635206222534, 8071
31.588635206222534, 8070
31.607006072998047, 8069
31.609148025512695, 8068
31.609148025512695, 8067
31.617288827896118, 8066
31.63990068435669, 8065
31.67051339149475, 8064
31.680801153182983, 8063
31.701239347457886, 8062
31.75247359275818, 8061
31.75247359275818, 8060
31.773006439208984, 8059
31.821553468704224, 8058
31.89460778236389, 8057
31.912814617156982, 8056
31.965577840805054, 8055
31.965577840805054, 8054
31.983748197555542, 8053
31.995919466018677, 8052
32.02632522583008, 8051
32.05668926239014, 8050
32.117411375045776, 8049
32.125507831573486, 8048
32.1275634765625, 8047
32.1275634765625, 8046
32.191112756729126, 8045
32.25883984565735, 8044
32.27099275588989, 8043
32.28095746040344, 8042
32.30151987075806, 8041
32.30151987075806, 8040
32.30151987075806, 8039
32.30151987075806, 8038
32.30151987075806, 8037
32.35048866271973, 8036
32.35048866271973, 8035
32.35255813598633, 8034
32.35255813598633, 8033
32.36271142959595, 8032
32.3728392124176, 8031
32.393128633499146, 8030
32.411253929138184, 8029
32.44372320175171, 8028
32.463980197906494, 8027
32.708051681518555, 8026
32.81822657585144, 8025
32.82030701637268, 8024
32.87945532798767, 8023
32.89183735847473, 8022
32.89984750747681, 8021
32.920170545578, 8020
32.9709050655365, 8019
33.033819913864136, 8018
33.05202555656433, 8017
33.08448004722595, 8016
33.318562746047974, 8015
33.33880853652954, 8014
33.36932873725891, 8013
33.46922063827515, 8012
33.49151134490967, 8011
33.5218825340271, 8010
33.57043933868408, 8009
33.58254361152649, 8008
33.623080015182495, 8007
33.63324046134949, 8006
33.67378568649292, 8005
33.67378568649292, 8004
33.699841022491455, 8003
33.72436785697937, 8002
33.8168466091156, 8001
33.9408917427063, 8000
33.97591018676758, 7999
34.06695342063904, 7998
34.77668642997742, 7997
34.77668642997742, 7996
34.77668642997742, 7995
34.802751302719116, 7994
34.82878661155701, 7993
34.82878661155701, 7992
34.90932822227478, 7991
34.92960071563721, 7990
34.99084973335266, 7989
34.99084973335266, 7988
35.00110459327698, 7987
35.04207110404968, 7986
35.07286787033081, 7985
35.07286787033081, 7984
35.13403344154358, 7983
35.57808566093445, 7982
35.67808485031128, 7981
35.700148582458496, 7980
35.71319508552551, 7979
35.726160764694214, 7978
35.75220227241516, 7977
35.76521301269531, 7976
35.76521301269531, 7975
35.77820110321045, 7974
35.7912015914917, 7973
35.82275319099426, 7972
35.8537437915802, 7971
35.8537437915802, 7970
35.86180257797241, 7969
35.884074211120605, 7968
35.884074211120605, 7967
35.91444420814514, 7966
35.9955792427063, 7965
36.11799693107605, 7964
36.13826298713684, 7963
36.16659998893738, 7962
36.16865420341492, 7961
36.176761627197266, 7960
36.19909644126892, 7959
36.22946095466614, 7958
36.60498118400574, 7957
36.63536214828491, 7956
36.65564012527466, 7955
36.67381501197815, 7954
36.67586922645569, 7953
36.68393301963806, 7952
36.74723672866821, 7951
36.92869853973389, 7950
36.92869853973389, 7949
37.054046630859375, 7948
37.08510661125183, 7947
37.11368656158447, 7946
37.11582803726196, 7945
37.13407325744629, 7944
37.1872615814209, 7943
37.31020140647888, 7942
37.320491552352905, 7941
37.338868141174316, 7940
37.3696665763855, 7939
37.38199329376221, 7938
37.38199329376221, 7937
37.473451375961304, 7936
37.53439974784851, 7935
37.625715494155884, 7934
37.674684047698975, 7933
37.73693013191223, 7932
37.82815957069397, 7931
37.980305910110474, 7930
38.053239822387695, 7929
38.081517934799194, 7928
38.154412269592285, 7927
38.164557218551636, 7926
38.164557218551636, 7925
38.18486213684082, 7924
38.21548914909363, 7923
38.29481053352356, 7922
38.307862520217896, 7921
38.307862520217896, 7920
38.38586163520813, 7919
38.438265800476074, 7918
38.44855999946594, 7917
38.44855999946594, 7916
38.45668339729309, 7915
38.50780129432678, 7914
38.53854465484619, 7913
38.69348859786987, 7912
38.71165084838867, 7911
38.752432107925415, 7910
38.825432777404785, 7909
38.87606167793274, 7908
38.896300315856934, 7907
38.947328090667725, 7906
38.96550369262695, 7905
38.987788677215576, 7904
39.008015394210815, 7903
39.03833031654358, 7902
39.03837990760803, 7901
39.03837990760803, 7900
39.097087144851685, 7899
39.149802684783936, 7898
39.241045236587524, 7897
39.780707120895386, 7896
39.83154511451721, 7895
39.85190010070801, 7894
39.933027505874634, 7893
39.983736753463745, 7892
39.993876218795776, 7891
40.00404620170593, 7890
40.014188051223755, 7889
40.03444504737854, 7888
40.064857482910156, 7887
40.10340690612793, 7886
40.15815877914429, 7885
40.158804178237915, 7884
40.23968243598938, 7883
40.25791525840759, 7882
40.25997257232666, 7881
40.33084464073181, 7880
40.40190076828003, 7879
40.4223108291626, 7878
40.47293043136597, 7877
40.49320101737976, 7876
40.553959608078, 7875
40.5721390247345, 7874
40.59452152252197, 7873
40.602595806121826, 7872
40.707780838012695, 7871
40.833871841430664, 7870
40.85547757148743, 7869
40.91668629646301, 7868
40.99598693847656, 7867
41.01624250411987, 7866
41.16018724441528, 7865
41.17839694023132, 7864
41.249688386917114, 7863
41.27228331565857, 7862
41.27228331565857, 7861
41.31323575973511, 7860
41.40118098258972, 7859
41.727548360824585, 7858
41.8146448135376, 7857
41.84067487716675, 7856
41.84067487716675, 7855
41.85368013381958, 7854
41.875754833221436, 7853
41.94074201583862, 7852
41.94074201583862, 7851
41.988834619522095, 7850
42.124595165252686, 7849
42.13697004318237, 7848
42.14725184440613, 7847
42.14725184440613, 7846
42.18837857246399, 7845
42.19866156578064, 7844
42.20675539970398, 7843
42.21906566619873, 7842
42.229321002960205, 7841
42.229321002960205, 7840
42.23960518836975, 7839
42.249842405319214, 7838
42.311551332473755, 7837
42.32992935180664, 7836
42.34235072135925, 7835
42.34235072135925, 7834
42.72080874443054, 7833
43.116522789001465, 7832
43.15533208847046, 7831
43.17582392692566, 7830
43.18815302848816, 7829
43.21697163581848, 7828
43.229310750961304, 7827
43.249706506729126, 7826
43.3312828540802, 7825
43.39003539085388, 7824
43.43047904968262, 7823
43.432541370391846, 7822
43.45279240608215, 7821
43.460854053497314, 7820
43.64326810836792, 7819
43.673866987228394, 7818
43.69617557525635, 7817
43.77837538719177, 7816
43.87118411064148, 7815
44.01463437080383, 7814
44.04549241065979, 7813
44.07628679275513, 7812
44.086416721343994, 7811
44.09680414199829, 7810
44.148040533065796, 7809
44.209599018096924, 7808
44.27916169166565, 7807
44.2914662361145, 7806
44.33193778991699, 7805
44.33193778991699, 7804
44.34227800369263, 7803
44.401652812957764, 7802
44.46539092063904, 7801
44.5552761554718, 7800
44.647568225860596, 7799
44.65779209136963, 7798
44.709047079086304, 7797
44.71119284629822, 7796
44.749948024749756, 7795
44.782673835754395, 7794
44.91561007499695, 7793
44.91561007499695, 7792
44.985074520111084, 7791
45.01798915863037, 7790
45.11050534248352, 7789
45.12067413330078, 7788
45.17976355552673, 7787
45.19000291824341, 7786
45.2330276966095, 7785
45.34550714492798, 7784
45.40501856803894, 7783
45.4173367023468, 7782
45.4356963634491, 7781
45.458171367645264, 7780
45.590909004211426, 7779
45.61130619049072, 7778
45.621509075164795, 7777
45.654439210891724, 7776
45.96037721633911, 7775
45.980642318725586, 7774
46.09213185310364, 7773
46.102258920669556, 7772
46.16311693191528, 7771
46.22398233413696, 7770
46.34653449058533, 7769
46.6616644859314, 7768
46.6616644859314, 7767
46.7312753200531, 7766
46.74370980262756, 7765
46.75385594367981, 7764
46.79490947723389, 7763
46.81550049781799, 7762
46.85661268234253, 7761
46.88775658607483, 7760
47.01085543632507, 7759
47.11351752281189, 7758
47.17512345314026, 7757
47.19352912902832, 7756
47.205917835235596, 7755
47.664637327194214, 7754
47.746686697006226, 7753
47.76934504508972, 7752
47.81850004196167, 7751
47.86188244819641, 7750
48.00573134422302, 7749
48.026264667510986, 7748
48.0467746257782, 7747
48.077574491500854, 7746
48.08785700798035, 7745
48.08785700798035, 7744
48.098400354385376, 7743
48.108678340911865, 7742
48.11892795562744, 7741
48.12708401679993, 7740
48.22966122627258, 7739
48.4983344078064, 7738
48.52904939651489, 7737
48.54950451850891, 7736
48.557647705078125, 7735
48.56992697715759, 7734
48.63158464431763, 7733
48.938493967056274, 7732
49.03748178482056, 7731
49.13882374763489, 7730
49.276962757110596, 7729
49.323808431625366, 7728
49.33942985534668, 7727
49.392826080322266, 7726
49.40845012664795, 7725
49.46183466911316, 7724
49.76239347457886, 7723
49.8093159198761, 7722
49.862690925598145, 7721
50.04097771644592, 7720
50.04097771644592, 7719
50.49522638320923, 7718
50.65811729431152, 7717
50.960402965545654, 7716
51.493603467941284, 7715
51.89310026168823, 7714
51.90323233604431, 7713
52.22061204910278, 7712
52.24115705490112, 7711
52.45616292953491, 7710
52.774064779281616, 7709
52.86576294898987, 7708
52.87591195106506, 7707
52.898454666137695, 7706
52.906070709228516, 7705
52.91621208190918, 7704
52.93644905090332, 7703
53.04815483093262, 7702
53.062272787094116, 7701
53.12899684906006, 7700
53.15939950942993, 7699
53.177597522735596, 7698
53.34172797203064, 7697
53.39238166809082, 7696
53.45316028594971, 7695
53.463284969329834, 7694
53.60552000999451, 7693
53.615671157836914, 7692
53.625805377960205, 7691
53.646557569503784, 7690
53.67655611038208, 7689
53.696855545043945, 7688
54.02219748497009, 7687
54.063095569610596, 7686
54.38130712509155, 7685
54.75716185569763, 7684
54.89954495429993, 7683
54.96040654182434, 7682
55.000929832458496, 7681
55.00900387763977, 7680
55.03134894371033, 7679
55.03134894371033, 7678
55.079978227615356, 7677
55.223995208740234, 7676
55.2624876499176, 7675
55.46758437156677, 7674
55.85133361816406, 7673
55.95261192321777, 7672
56.085010051727295, 7671
56.307812452316284, 7670
56.37665629386902, 7669
56.429363489151, 7668
56.61309003829956, 7667
56.61309003829956, 7666
56.73624110221863, 7665
56.774784564971924, 7664
56.80047059059143, 7663
56.86297059059143, 7662
57.41880226135254, 7661
57.58166551589966, 7660
58.08367562294006, 7659
58.35136389732361, 7658
58.45064926147461, 7657
58.79820513725281, 7656
59.02399516105652, 7655
59.03961229324341, 7654
59.10866022109985, 7653
59.28197264671326, 7652
60.018142223358154, 7651
60.53683257102966, 7650
60.628907442092896, 7649
61.31286954879761, 7648
61.440876483917236, 7647
61.46087121963501, 7646
61.70442223548889, 7645
61.966243505477905, 7644
62.81681966781616, 7643
62.848817348480225, 7642
62.90116620063782, 7641
63.19738698005676, 7640
63.22538757324219, 7639
63.30535435676575, 7638
63.56439828872681, 7637
63.59675335884094, 7636
63.99251890182495, 7635
64.88055300712585, 7634
65.56452107429504, 7633
65.59252548217773, 7632
65.75653028488159, 7631
65.7925534248352, 7630
65.98055267333984, 7629
66.00452184677124, 7628
66.05654048919678, 7627
66.16220116615295, 7626
66.19020199775696, 7625
66.51275110244751, 7624
66.61966180801392, 7623
66.91185855865479, 7622
66.94606280326843, 7621
67.16014170646667, 7620
67.59108185768127, 7619
67.64548134803772, 7618
67.69346785545349, 7617
68.68349075317383, 7616
68.697829246521, 7615
68.74848461151123, 7614
68.84926462173462, 7613
69.0731565952301, 7612
69.07710933685303, 7611
69.16717219352722, 7610
69.56297469139099, 7609
69.64234900474548, 7608
69.77093768119812, 7607
69.88711500167847, 7606
69.96003746986389, 7605
70.23206567764282, 7604
70.29978847503662, 7603
70.50194478034973, 7602
70.66182971000671, 7601
70.89189505577087, 7600
70.99189567565918, 7599
71.17014288902283, 7598
71.19234585762024, 7597
71.44430160522461, 7596
71.6403021812439, 7595
72.53083062171936, 7594
72.56515645980835, 7593
72.57532167434692, 7592
72.67215394973755, 7591
72.69829487800598, 7590
73.27689504623413, 7589
73.35593032836914, 7588
73.6066484451294, 7587
74.01321935653687, 7586
74.85958003997803, 7585
74.86361765861511, 7584
75.1302502155304, 7583
75.16279220581055, 7582
75.21430397033691, 7581
75.2943344116211, 7580
75.39448928833008, 7579
75.8130042552948, 7578
75.87305164337158, 7577
75.89707565307617, 7576
75.9010317325592, 7575
77.2463812828064, 7574
77.331369638443, 7573
77.4377920627594, 7572
78.40694832801819, 7571
78.58124113082886, 7570
79.17522525787354, 7569
79.58728194236755, 7568
80.11141395568848, 7567
80.80168151855469, 7566
80.877681016922, 7565
81.07768154144287, 7564
81.23793983459473, 7563
81.39848065376282, 7562
81.9628734588623, 7561
82.36858654022217, 7560
82.51658415794373, 7559
83.000816822052, 7558
83.05108714103699, 7557
83.53921508789062, 7556
84.1121723651886, 7555
84.15227127075195, 7554
84.1883053779602, 7553
84.68251180648804, 7552
84.85343718528748, 7551
85.70516681671143, 7550
86.07692670822144, 7549
86.4399242401123, 7548
86.57665300369263, 7547
86.57665300369263, 7546
86.81094193458557, 7545
86.85109329223633, 7544
87.25289249420166, 7543
87.40838718414307, 7542
87.50266003608704, 7541
87.60265970230103, 7540
87.7186598777771, 7539
87.81466007232666, 7538
88.53169822692871, 7537
88.6775324344635, 7536
89.73598456382751, 7535
89.85610437393188, 7534
90.05635786056519, 7533
90.24977159500122, 7532
90.35198974609375, 7531
90.38433885574341, 7530
91.38364768028259, 7529
92.71331691741943, 7528
92.83855628967285, 7527
94.14603734016418, 7526
95.01031708717346, 7525
95.04070496559143, 7524
95.92031645774841, 7523
96.74293231964111, 7522
97.2056131362915, 7521
97.41901445388794, 7520
99.12278151512146, 7519
99.26401829719543, 7518
99.26401829719543, 7517
99.62829113006592, 7516
99.73183417320251, 7515
99.93188405036926, 7514
100.70390701293945, 7513
100.98978352546692, 7512
101.17612767219543, 7511
101.3628044128418, 7510
101.39510822296143, 7509
101.95487809181213, 7508
103.05446887016296, 7507
103.33045268058777, 7506
104.10452389717102, 7505
104.1125738620758, 7504
106.05408978462219, 7503
106.29410195350647, 7502
106.63006591796875, 7501
107.64975094795227, 7500
108.71970653533936, 7499
108.7307071685791, 7498
108.82910919189453, 7497
108.97610020637512, 7496
109.24709630012512, 7495
110.82934880256653, 7494
110.91752672195435, 7493
111.17806124687195, 7492
111.3900237083435, 7491
111.4540638923645, 7490
111.45806312561035, 7489
111.9324541091919, 7488
112.30231547355652, 7487
112.55511546134949, 7486
113.43638205528259, 7485
114.26811122894287, 7484
114.78807163238525, 7483
115.16439461708069, 7482
115.66950130462646, 7481
115.69350099563599, 7480
115.89395594596863, 7479
115.96595644950867, 7478
115.96595644950867, 7477
116.03395581245422, 7476
116.157958984375, 7475
116.1659939289093, 7474
116.98001337051392, 7473
117.20741772651672, 7472
117.23941969871521, 7471
117.2554178237915, 7470
118.80748558044434, 7469
118.87795495986938, 7468
119.49331259727478, 7467
120.26062369346619, 7466
121.27035117149353, 7465
122.01874709129333, 7464
122.42730951309204, 7463
122.70657992362976, 7462
122.77874732017517, 7461
122.86145281791687, 7460
122.9630606174469, 7459
123.66036796569824, 7458
123.91635942459106, 7457
124.0797712802887, 7456
124.53552007675171, 7455
124.79943037033081, 7454
126.09588360786438, 7453
128.45805478096008, 7452
129.92125415802002, 7451
130.85830283164978, 7450
131.20387840270996, 7449
133.93655586242676, 7448
134.23289966583252, 7447
134.96361660957336, 7446
136.1825897693634, 7445
136.3612928390503, 7444
140.22219014167786, 7443
141.37343215942383, 7442
142.03700351715088, 7441
145.8629879951477, 7440
148.0554256439209, 7439
148.28938841819763, 7438
150.82608366012573, 7437
150.89208221435547, 7436
152.5250759124756, 7435
154.1005334854126, 7434
154.2944962978363, 7433
154.5864930152893, 7432
155.5379524230957, 7431
157.11211514472961, 7430
157.45206832885742, 7429
157.5290720462799, 7428
160.0966100692749, 7427
162.33254837989807, 7426
166.0659236907959, 7425
166.35126781463623, 7424
167.45426082611084, 7423
168.4280776977539, 7422
168.50307512283325, 7421
170.44457411766052, 7420
171.11995768547058, 7419
171.78334212303162, 7418
174.15790033340454, 7417
175.06317591667175, 7416
176.00701189041138, 7415
176.49281692504883, 7414
176.6862154006958, 7413
176.75530457496643, 7412
178.08658027648926, 7411
179.397554397583, 7410
182.2121570110321, 7409
182.46670269966125, 7408
182.65230536460876, 7407
183.9247007369995, 7406
184.5687198638916, 7405
186.25537848472595, 7404
189.54565358161926, 7403
191.016863822937, 7402
191.50078058242798, 7401
191.68580055236816, 7400
191.8534049987793, 7399
192.3207187652588, 7398
192.60500311851501, 7397
193.72145795822144, 7396
194.7685513496399, 7395
198.34703254699707, 7394
200.3847095966339, 7393
200.43541407585144, 7392
200.5951566696167, 7391
200.97739815711975, 7390
201.65900993347168, 7389
202.40139508247375, 7388
204.19658541679382, 7387
206.17372298240662, 7386
206.75269269943237, 7385
207.14136743545532, 7384
207.70719742774963, 7383
208.99594640731812, 7382
209.21913957595825, 7381
209.54403281211853, 7380
214.7916135787964, 7379
214.82198643684387, 7378
215.13950276374817, 7377
215.83919191360474, 7376
219.4320433139801, 7375
219.50605869293213, 7374
221.64075231552124, 7373
223.22051692008972, 7372
223.25178241729736, 7371
223.48261737823486, 7370
223.59909200668335, 7369
223.6537139415741, 7368
224.20227646827698, 7367
224.81199550628662, 7366
224.86135864257812, 7365
230.31529903411865, 7364
232.95074486732483, 7363
232.99172401428223, 7362
233.64984703063965, 7361
240.64368510246277, 7360
243.13036465644836, 7359
245.43143773078918, 7358
247.81669402122498, 7357
248.96333694458008, 7356
250.30042576789856, 7355
254.0153088569641, 7354
254.95651268959045, 7353
256.44507479667664, 7352
257.1368246078491, 7351
263.4194960594177, 7350
267.09603214263916, 7349
268.40419340133667, 7348
271.8901102542877, 7347
273.63129019737244, 7346
275.07873368263245, 7345
277.45927023887634, 7344
279.443514585495, 7343
279.51396012306213, 7342
285.3766312599182, 7341
285.397278547287, 7340
285.397278547287, 7339
286.22805738449097, 7338
293.37011313438416, 7337
293.6944696903229, 7336
299.2182581424713, 7335
302.0903298854828, 7334
306.9961943626404, 7333
307.90788888931274, 7332
309.4353687763214, 7331
312.38690733909607, 7330
312.59977197647095, 7329
312.69089365005493, 7328
312.9549882411957, 7327
316.6011712551117, 7326
317.69294691085815, 7325
321.57946038246155, 7324
321.920047044754, 7323
323.3863537311554, 7322
323.6323528289795, 7321
324.0613532066345, 7320
324.7633898258209, 7319
326.7785441875458, 7318
330.79889965057373, 7317
339.02231550216675, 7316
346.44942140579224, 7315
348.42422461509705, 7314
350.004182100296, 7313
352.5033276081085, 7312
354.471302986145, 7311
359.88781237602234, 7310
362.13876724243164, 7309
362.93125677108765, 7308
365.24248480796814, 7307
378.0944848060608, 7306
383.6892535686493, 7305
395.2367031574249, 7304
396.00634694099426, 7303
407.74645805358887, 7302
427.6237280368805, 7301
431.4779314994812, 7300
440.86556100845337, 7299
441.5452547073364, 7298
453.5497694015503, 7297
455.41769456863403, 7296
457.03735280036926, 7295
482.7855541706085, 7294
489.9022078514099, 7293
489.9458808898926, 7292
493.1058075428009, 7291
496.65708327293396, 7290
498.9000654220581, 7289
514.7349693775177, 7288
517.2688081264496, 7287
522.3049194812775, 7286
533.7158005237579, 7285
533.723776102066, 7284
537.7294297218323, 7283
540.857831954956, 7282
541.6341276168823, 7281
550.9351570606232, 7280
553.5041003227234, 7279
575.8422894477844, 7278
580.8698542118073, 7277
582.9399828910828, 7276
585.2759594917297, 7275
586.2378840446472, 7274
587.2632660865784, 7273
594.0242943763733, 7272
