0.17158126831054688, 11023
0.17158126831054688, 11022
0.17966103553771973, 11021
0.1817946434020996, 11020
0.1817946434020996, 11019
0.1817946434020996, 11018
0.1817946434020996, 11017
0.1817946434020996, 11016
0.18992137908935547, 11015
0.18992137908935547, 11014
0.1920616626739502, 11013
0.1920616626739502, 11012
0.1920616626739502, 11011
0.1920616626739502, 11010
0.20018839836120605, 11009
0.2022705078125, 11008
0.2022705078125, 11007
0.2022705078125, 11006
0.21039795875549316, 11005
0.2143099308013916, 11004
0.21555328369140625, 11003
0.21555328369140625, 11002
0.2206859588623047, 11001
0.22281599044799805, 11000
0.22281599044799805, 10999
0.22281599044799805, 10998
0.22281599044799805, 10997
0.22281599044799805, 10996
0.23089218139648438, 10995
0.23089218139648438, 10994
0.23302650451660156, 10993
0.23302650451660156, 10992
0.23302650451660156, 10991
0.24119901657104492, 10990
0.2433481216430664, 10989
0.2433481216430664, 10988
0.2433481216430664, 10987
0.2433481216430664, 10986
0.2514321804046631, 10985
0.25357651710510254, 10984
0.25357651710510254, 10983
0.25357651710510254, 10982
0.25357651710510254, 10981
0.25357651710510254, 10980
0.2617206573486328, 10979
0.2617206573486328, 10978
0.26386427879333496, 10977
0.26386427879333496, 10976
0.26386427879333496, 10975
0.26386427879333496, 10974
0.26386427879333496, 10973
0.26386427879333496, 10972
0.2719113826751709, 10971
0.2744452953338623, 10970
0.2744452953338623, 10969
0.2744452953338623, 10968
0.28259801864624023, 10967
0.28473758697509766, 10966
0.28473758697509766, 10965
0.28473758697509766, 10964
0.28473758697509766, 10963
0.28473758697509766, 10962
0.2950010299682617, 10961
0.2950010299682617, 10960
0.2950010299682617, 10959
0.2950010299682617, 10958
0.2950010299682617, 10957
0.30304598808288574, 10956
0.30313920974731445, 10955
0.3052806854248047, 10954
0.3052806854248047, 10953
0.3052806854248047, 10952
0.3052806854248047, 10951
0.3133699893951416, 10950
0.3133699893951416, 10949
0.3155097961425781, 10948
0.3155097961425781, 10947
0.3155097961425781, 10946
0.3155097961425781, 10945
0.3155097961425781, 10944
0.3155097961425781, 10943
0.3257913589477539, 10942
0.3257913589477539, 10941
0.3257913589477539, 10940
0.3257913589477539, 10939
0.33387136459350586, 10938
0.33591771125793457, 10937
0.3360133171081543, 10936
0.3360133171081543, 10935
0.3360133171081543, 10934
0.3360133171081543, 10933
0.3360133171081543, 10932
0.34415698051452637, 10931
0.3462977409362793, 10930
0.3462977409362793, 10929
0.3462977409362793, 10928
0.3462977409362793, 10927
0.3462977409362793, 10926
0.35437822341918945, 10925
0.3565208911895752, 10924
0.3565208911895752, 10923
0.3565208911895752, 10922
0.3565208911895752, 10921
0.3565208911895752, 10920
0.3565208911895752, 10919
0.3646707534790039, 10918
0.36681365966796875, 10917
0.36681365966796875, 10916
0.36681365966796875, 10915
0.36681365966796875, 10914
0.36681365966796875, 10913
0.3770444393157959, 10912
0.3770444393157959, 10911
0.3770444393157959, 10910
0.3770444393157959, 10909
0.3873269557952881, 10908
0.3873269557952881, 10907
0.3873269557952881, 10906
0.3873269557952881, 10905
0.3954920768737793, 10904
0.3976328372955322, 10903
0.3976328372955322, 10902
0.3976328372955322, 10901
0.3976328372955322, 10900
0.3976328372955322, 10899
0.405778169631958, 10898
0.405778169631958, 10897
0.4078812599182129, 10896
0.4078812599182129, 10895
0.4078812599182129, 10894
0.4078812599182129, 10893
0.418027400970459, 10892
0.418027400970459, 10891
0.42604970932006836, 10890
0.42809057235717773, 10889
0.4281125068664551, 10888
0.4281125068664551, 10887
0.4361605644226074, 10886
0.4383695125579834, 10885
0.4383695125579834, 10884
0.4383695125579834, 10883
0.4383695125579834, 10882
0.4383695125579834, 10881
0.4383695125579834, 10880
0.4465157985687256, 10879
0.4486579895019531, 10878
0.4486579895019531, 10877
0.4486579895019531, 10876
0.4486579895019531, 10875
0.45674848556518555, 10874
0.4588956832885742, 10873
0.4588956832885742, 10872
0.4588956832885742, 10871
0.4588956832885742, 10870
0.4588956832885742, 10869
0.467041015625, 10868
0.4691786766052246, 10867
0.4691786766052246, 10866
0.4691786766052246, 10865
0.4793236255645752, 10864
0.4793236255645752, 10863
0.4793236255645752, 10862
0.48739171028137207, 10861
0.4894537925720215, 10860
0.4894537925720215, 10859
0.4894537925720215, 10858
0.4894537925720215, 10857
0.4996974468231201, 10856
0.4996974468231201, 10855
0.4996974468231201, 10854
0.4996974468231201, 10853
0.510002613067627, 10852
0.510002613067627, 10851
0.510002613067627, 10850
0.5180654525756836, 10849
0.5202052593231201, 10848
0.5202052593231201, 10847
0.5202052593231201, 10846
0.5202052593231201, 10845
0.5283510684967041, 10844
0.5304937362670898, 10843
0.5304937362670898, 10842
0.5304937362670898, 10841
0.5304937362670898, 10840
0.5304937362670898, 10839
0.5385391712188721, 10838
0.5410895347595215, 10837
0.5410895347595215, 10836
0.5410895347595215, 10835
0.5492329597473145, 10834
0.5513718128204346, 10833
0.5594758987426758, 10832
0.5616247653961182, 10831
0.5616247653961182, 10830
0.5616247653961182, 10829
0.5616247653961182, 10828
0.5696709156036377, 10827
0.5719032287597656, 10826
0.5719032287597656, 10825
0.5719032287597656, 10824
0.5719032287597656, 10823
0.5800509452819824, 10822
0.5821855068206787, 10821
0.5821855068206787, 10820
0.5821855068206787, 10819
0.5821855068206787, 10818
0.5821855068206787, 10817
0.5821855068206787, 10816
0.5903263092041016, 10815
0.5924708843231201, 10814
0.5924708843231201, 10813
0.6005165576934814, 10812
0.600628137588501, 10811
0.6027693748474121, 10810
0.6109097003936768, 10809
0.6130526065826416, 10808
0.6130526065826416, 10807
0.6211497783660889, 10806
0.6232914924621582, 10805
0.6232914924621582, 10804
0.6313941478729248, 10803
0.6334586143493652, 10802
0.6334586143493652, 10801
0.6334586143493652, 10800
0.6334586143493652, 10799
0.6415483951568604, 10798
0.6436901092529297, 10797
0.6436901092529297, 10796
0.6436901092529297, 10795
0.6436901092529297, 10794
0.651831865310669, 10793
0.6538763046264648, 10792
0.6539714336395264, 10791
0.6539714336395264, 10790
0.6620666980743408, 10789
0.6642088890075684, 10788
0.6642088890075684, 10787
0.6642088890075684, 10786
0.6642088890075684, 10785
0.674473762512207, 10784
0.674473762512207, 10783
0.674473762512207, 10782
0.674473762512207, 10781
0.6825566291809082, 10780
0.6846966743469238, 10779
0.6846966743469238, 10778
0.6846966743469238, 10777
0.6846966743469238, 10776
0.6846966743469238, 10775
0.6928439140319824, 10774
0.6949951648712158, 10773
0.6949951648712158, 10772
0.6949951648712158, 10771
0.6949951648712158, 10770
0.6949951648712158, 10769
0.7030634880065918, 10768
0.7030634880065918, 10767
0.7051982879638672, 10766
0.7051982879638672, 10765
0.7051982879638672, 10764
0.713341474533081, 10763
0.7154853343963623, 10762
0.7235457897186279, 10761
0.7359702587127686, 10760
0.7359702587127686, 10759
0.7359702587127686, 10758
0.747122049331665, 10757
0.7492444515228271, 10756
0.751366376876831, 10755
0.7524135112762451, 10754
0.7539775371551514, 10753
0.7550256252288818, 10752
0.7571640014648438, 10751
0.7592880725860596, 10750
0.7665705680847168, 10749
0.7768044471740723, 10748
0.7768044471740723, 10747
0.7768044471740723, 10746
0.7768044471740723, 10745
0.7768044471740723, 10744
0.7870969772338867, 10743
0.7870969772338867, 10742
0.7870969772338867, 10741
0.7952523231506348, 10740
0.7952523231506348, 10739
0.7973942756652832, 10738
0.7973942756652832, 10737
0.7973942756652832, 10736
0.7973942756652832, 10735
0.805537223815918, 10734
0.805537223815918, 10733
0.8076698780059814, 10732
0.8076698780059814, 10731
0.8076698780059814, 10730
0.8076698780059814, 10729
0.8076698780059814, 10728
0.817979097366333, 10727
0.817979097366333, 10726
0.8261206150054932, 10725
0.8282604217529297, 10724
0.8282604217529297, 10723
0.8282604217529297, 10722
0.8384771347045898, 10721
0.8384771347045898, 10720
0.8384771347045898, 10719
0.8384771347045898, 10718
0.8466203212738037, 10717
0.8487658500671387, 10716
0.859001636505127, 10715
0.8692920207977295, 10714
0.8692920207977295, 10713
0.8692920207977295, 10712
0.8692920207977295, 10711
0.8773672580718994, 10710
0.8795061111450195, 10709
0.8795061111450195, 10708
0.8795061111450195, 10707
0.9102745056152344, 10706
0.9183776378631592, 10705
0.9205179214477539, 10704
0.9205179214477539, 10703
0.9205179214477539, 10702
0.930802583694458, 10701
0.930802583694458, 10700
0.9410409927368164, 10699
0.9410409927368164, 10698
0.9410409927368164, 10697
0.9410409927368164, 10696
0.9410409927368164, 10695
0.9491848945617676, 10694
0.9513227939605713, 10693
0.9513227939605713, 10692
0.9513227939605713, 10691
0.9513227939605713, 10690
1.0025780200958252, 10689
1.0025780200958252, 10688
1.010624885559082, 10687
1.0128636360168457, 10686
1.0128636360168457, 10685
1.0209314823150635, 10684
1.0230686664581299, 10683
1.0230686664581299, 10682
1.033266544342041, 10681
1.0333607196807861, 10680
1.0333607196807861, 10679
1.0333607196807861, 10678
1.0333607196807861, 10677
1.0414490699768066, 10676
1.0414490699768066, 10675
1.0435917377471924, 10674
1.0435917377471924, 10673
1.0435917377471924, 10672
1.0435917377471924, 10671
1.0435917377471924, 10670
1.053879976272583, 10669
1.053879976272583, 10668
1.053879976272583, 10667
1.0619657039642334, 10666
1.0641047954559326, 10665
1.0641047954559326, 10664
1.0641047954559326, 10663
1.0641047954559326, 10662
1.0743803977966309, 10661
1.0743803977966309, 10660
1.0743803977966309, 10659
1.0845074653625488, 10658
1.0846056938171387, 10657
1.0846056938171387, 10656
1.0846056938171387, 10655
1.0846056938171387, 10654
1.0948853492736816, 10653
1.1051180362701416, 10652
1.1051180362701416, 10651
1.11539888381958, 10650
1.11539888381958, 10649
1.11539888381958, 10648
1.11539888381958, 10647
1.1235074996948242, 10646
1.1256589889526367, 10645
1.1256589889526367, 10644
1.1256589889526367, 10643
1.1256589889526367, 10642
1.1256589889526367, 10641
1.135939359664917, 10640
1.135939359664917, 10639
1.135939359664917, 10638
1.1439878940582275, 10637
1.1464569568634033, 10636
1.1464569568634033, 10635
1.1464569568634033, 10634
1.1464569568634033, 10633
1.1464569568634033, 10632
1.1546006202697754, 10631
1.1567487716674805, 10630
1.1567487716674805, 10629
1.1567487716674805, 10628
1.1567487716674805, 10627
1.1567487716674805, 10626
1.1668763160705566, 10625
1.1668763160705566, 10624
1.1750314235687256, 10623
1.1750314235687256, 10622
1.1851277351379395, 10621
1.1851277351379395, 10620
1.1872668266296387, 10619
1.1872668266296387, 10618
1.1872668266296387, 10617
1.1872668266296387, 10616
1.2077875137329102, 10615
1.2077875137329102, 10614
1.218066930770874, 10613
1.218066930770874, 10612
1.218066930770874, 10611
1.2283668518066406, 10610
1.2386481761932373, 10609
1.2386481761932373, 10608
1.2386481761932373, 10607
1.2467448711395264, 10606
1.2488853931427002, 10605
1.3104956150054932, 10604
1.3104956150054932, 10603
1.3104956150054932, 10602
1.3186376094818115, 10601
1.3186376094818115, 10600
1.3207776546478271, 10599
1.3207776546478271, 10598
1.3207776546478271, 10597
1.3207776546478271, 10596
1.3207776546478271, 10595
1.3207776546478271, 10594
1.3291645050048828, 10593
1.330801248550415, 10592
1.330801248550415, 10591
1.3389527797698975, 10590
1.3410530090332031, 10589
1.3410530090332031, 10588
1.3410530090332031, 10587
1.3410530090332031, 10586
1.3410530090332031, 10585
1.351259469985962, 10584
1.3594014644622803, 10583
1.3615453243255615, 10582
1.3615453243255615, 10581
1.3615453243255615, 10580
1.371774435043335, 10579
1.371774435043335, 10578
1.3798203468322754, 10577
1.3799171447753906, 10576
1.3820655345916748, 10575
1.3820655345916748, 10574
1.3820655345916748, 10573
1.392284631729126, 10572
1.4004261493682861, 10571
1.4025654792785645, 10570
1.4128568172454834, 10569
1.4128568172454834, 10568
1.4231359958648682, 10567
1.4231359958648682, 10566
1.4231359958648682, 10565
1.4231359958648682, 10564
1.4312472343444824, 10563
1.4312472343444824, 10562
1.4333858489990234, 10561
1.4333858489990234, 10560
1.4517366886138916, 10559
1.4538731575012207, 10558
1.4538731575012207, 10557
1.4538731575012207, 10556
1.4620187282562256, 10555
1.4641690254211426, 10554
1.4641690254211426, 10553
1.4641690254211426, 10552
1.4641690254211426, 10551
1.4722495079040527, 10550
1.474358320236206, 10549
1.4825048446655273, 10548
1.4846439361572266, 10547
1.4846439361572266, 10546
1.4846439361572266, 10545
1.4846439361572266, 10544
1.4846439361572266, 10543
1.4846439361572266, 10542
1.4846439361572266, 10541
1.49491286277771, 10540
1.49491286277771, 10539
1.5030694007873535, 10538
1.5030694007873535, 10537
1.5052251815795898, 10536
1.5052251815795898, 10535
1.5133237838745117, 10534
1.5154743194580078, 10533
1.5154743194580078, 10532
1.5154743194580078, 10531
1.5235211849212646, 10530
1.525780200958252, 10529
1.525780200958252, 10528
1.533848762512207, 10527
1.533848762512207, 10526
1.5360047817230225, 10525
1.5360047817230225, 10524
1.5360047817230225, 10523
1.5360047817230225, 10522
1.5441620349884033, 10521
1.5463054180145264, 10520
1.5463054180145264, 10519
1.5463054180145264, 10518
1.556504249572754, 10517
1.556504249572754, 10516
1.556504249572754, 10515
1.556504249572754, 10514
1.5646483898162842, 10513
1.566796064376831, 10512
1.566796064376831, 10511
1.566796064376831, 10510
1.5749032497406006, 10509
1.5770432949066162, 10508
1.5770432949066162, 10507
1.5770432949066162, 10506
1.5770432949066162, 10505
1.5770432949066162, 10504
1.5873258113861084, 10503
1.5873258113861084, 10502
1.5873258113861084, 10501
1.5975430011749268, 10500
1.6056876182556152, 10499
1.6056876182556152, 10498
1.6077454090118408, 10497
1.6077454090118408, 10496
1.6077454090118408, 10495
1.6077454090118408, 10494
1.6178832054138184, 10493
1.6178832054138184, 10492
1.6178832054138184, 10491
1.6178832054138184, 10490
1.6178832054138184, 10489
1.6260313987731934, 10488
1.6281757354736328, 10487
1.6281757354736328, 10486
1.6363019943237305, 10485
1.6363019943237305, 10484
1.638371229171753, 10483
1.638371229171753, 10482
1.638371229171753, 10481
1.638371229171753, 10480
1.638371229171753, 10479
1.6465175151824951, 10478
1.6486642360687256, 10477
1.6486642360687256, 10476
1.656768560409546, 10475
1.6589195728302002, 10474
1.6589195728302002, 10473
1.6773242950439453, 10472
1.6794612407684326, 10471
1.6794612407684326, 10470
1.6875090599060059, 10469
1.6876134872436523, 10468
1.6897521018981934, 10467
1.6897521018981934, 10466
1.6897521018981934, 10465
1.699976921081543, 10464
1.699976921081543, 10463
1.699976921081543, 10462
1.699976921081543, 10461
1.699976921081543, 10460
1.699976921081543, 10459
1.708038330078125, 10458
1.710176706314087, 10457
1.710176706314087, 10456
1.710176706314087, 10455
1.710176706314087, 10454
1.7203929424285889, 10453
1.7203929424285889, 10452
1.7203929424285889, 10451
1.7203929424285889, 10450
1.7285454273223877, 10449
1.7306861877441406, 10448
1.7306861877441406, 10447
1.7306861877441406, 10446
1.7306861877441406, 10445
1.7306861877441406, 10444
1.738753080368042, 10443
1.7408332824707031, 10442
1.7408332824707031, 10441
1.748976707458496, 10440
1.7511155605316162, 10439
1.7591619491577148, 10438
1.7616722583770752, 10437
1.7616722583770752, 10436
1.7616722583770752, 10435
1.769813060760498, 10434
1.7719531059265137, 10433
1.7719531059265137, 10432
1.7719531059265137, 10431
1.7719531059265137, 10430
1.7821803092956543, 10429
1.7821803092956543, 10428
1.792461633682251, 10427
1.800532579421997, 10426
1.8025808334350586, 10425
1.8026795387268066, 10424
1.8026795387268066, 10423
1.8231873512268066, 10422
1.8231873512268066, 10421
1.8334860801696777, 10420
1.8334860801696777, 10419
1.8415820598602295, 10418
1.8437252044677734, 10417
1.8437252044677734, 10416
1.8437252044677734, 10415
1.8518664836883545, 10414
1.8518664836883545, 10413
1.8540141582489014, 10412
1.8540141582489014, 10411
1.8744611740112305, 10410
1.8744611740112305, 10409
1.8744611740112305, 10408
1.8744611740112305, 10407
1.8847136497497559, 10406
1.8847136497497559, 10405
1.8928539752960205, 10404
1.8949918746948242, 10403
1.8949918746948242, 10402
1.8949918746948242, 10401
1.9052197933197021, 10400
1.9133601188659668, 10399
1.9155011177062988, 10398
1.9155011177062988, 10397
1.9155011177062988, 10396
1.9155011177062988, 10395
1.9155011177062988, 10394
1.9236652851104736, 10393
1.9257102012634277, 10392
1.9258158206939697, 10391
1.9258158206939697, 10390
1.9258158206939697, 10389
1.9258158206939697, 10388
1.9258158206939697, 10387
1.9339680671691895, 10386
1.9339680671691895, 10385
1.9361186027526855, 10384
1.9361186027526855, 10383
1.9361186027526855, 10382
1.9463520050048828, 10381
1.9463520050048828, 10380
1.9463520050048828, 10379
1.9566376209259033, 10378
1.9566376209259033, 10377
1.9566376209259033, 10376
1.9749729633331299, 10375
1.9749729633331299, 10374
1.9771132469177246, 10373
1.9873404502868652, 10372
1.9954907894134521, 10371
1.9976348876953125, 10370
1.9976348876953125, 10369
1.9976348876953125, 10368
2.005708932876587, 10367
2.005708932876587, 10366
2.0077672004699707, 10365
2.0077672004699707, 10364
2.0159077644348145, 10363
2.018047571182251, 10362
2.018047571182251, 10361
2.018047571182251, 10360
2.018047571182251, 10359
2.026125192642212, 10358
2.028170347213745, 10357
2.036407709121704, 10356
2.0385475158691406, 10355
2.0385475158691406, 10354
2.0385475158691406, 10353
2.0385475158691406, 10352
2.048801898956299, 10351
2.048801898956299, 10350
2.048801898956299, 10349
2.0590803623199463, 10348
2.0590803623199463, 10347
2.0671586990356445, 10346
2.0693047046661377, 10345
2.0693047046661377, 10344
2.0693047046661377, 10343
2.0693047046661377, 10342
2.079587936401367, 10341
2.079587936401367, 10340
2.089822769165039, 10339
2.089822769165039, 10338
2.089822769165039, 10337
2.097961187362671, 10336
2.1001126766204834, 10335
2.1001126766204834, 10334
2.1001126766204834, 10333
2.1001126766204834, 10332
2.1001126766204834, 10331
2.1001126766204834, 10330
2.108203411102295, 10329
2.108203411102295, 10328
2.1151750087738037, 10327
2.117295742034912, 10326
2.1199135780334473, 10325
2.120969295501709, 10324
2.1220273971557617, 10323
2.1230781078338623, 10322
2.1291534900665283, 10321
2.1394317150115967, 10320
2.141566038131714, 10319
2.151782512664795, 10318
2.151782512664795, 10317
2.151782512664795, 10316
2.151782512664795, 10315
2.1599228382110596, 10314
2.1620731353759766, 10313
2.1701929569244385, 10312
2.172339916229248, 10311
2.172339916229248, 10310
2.1826272010803223, 10309
2.1826272010803223, 10308
2.1826272010803223, 10307
2.1826272010803223, 10306
2.1826272010803223, 10305
2.1826272010803223, 10304
2.1907434463500977, 10303
2.1928930282592773, 10302
2.1928930282592773, 10301
2.1928930282592773, 10300
2.1928930282592773, 10299
2.1928930282592773, 10298
2.201044797897339, 10297
2.2031850814819336, 10296
2.213418960571289, 10295
2.213418960571289, 10294
2.2339425086975098, 10293
2.2339425086975098, 10292
2.2339425086975098, 10291
2.2339425086975098, 10290
2.244222640991211, 10289
2.244222640991211, 10288
2.2523374557495117, 10287
2.254476547241211, 10286
2.254476547241211, 10285
2.254476547241211, 10284
2.2647643089294434, 10283
2.2647643089294434, 10282
2.2647643089294434, 10281
2.275000810623169, 10280
2.275000810623169, 10279
2.275000810623169, 10278
2.283142566680908, 10277
2.283142566680908, 10276
2.285283327102661, 10275
2.285283327102661, 10274
2.293400526046753, 10273
2.295539617538452, 10272
2.295539617538452, 10271
2.295539617538452, 10270
2.3035471439361572, 10269
2.303649663925171, 10268
2.305792808532715, 10267
2.305792808532715, 10266
2.305792808532715, 10265
2.313877820968628, 10264
2.316018581390381, 10263
2.316018581390381, 10262
2.316018581390381, 10261
2.316018581390381, 10260
2.316018581390381, 10259
2.316018581390381, 10258
2.316018581390381, 10257
2.3262269496917725, 10256
2.3262269496917725, 10255
2.3262269496917725, 10254
2.334383487701416, 10253
2.33652400970459, 10252
2.33652400970459, 10251
2.3446760177612305, 10250
2.3468141555786133, 10249
2.357323408126831, 10248
2.357323408126831, 10247
2.365464448928833, 10246
2.367602825164795, 10245
2.3781402111053467, 10244
2.388435125350952, 10243
2.388435125350952, 10242
2.388435125350952, 10241
2.388435125350952, 10240
2.3986642360687256, 10239
2.3986642360687256, 10238
2.3986642360687256, 10237
2.3986642360687256, 10236
2.3986642360687256, 10235
2.3986642360687256, 10234
2.408949136734009, 10233
2.408949136734009, 10232
2.408949136734009, 10231
2.408949136734009, 10230
2.419177770614624, 10229
2.419177770614624, 10228
2.4273204803466797, 10227
2.429460287094116, 10226
2.437527656555176, 10225
2.437527656555176, 10224
2.439666271209717, 10223
2.447807550430298, 10222
2.449949264526367, 10221
2.449949264526367, 10220
2.4683337211608887, 10219
2.4704720973968506, 10218
2.4704720973968506, 10217
2.4704720973968506, 10216
2.4704720973968506, 10215
2.4704720973968506, 10214
2.478550434112549, 10213
2.4806909561157227, 10212
2.4806909561157227, 10211
2.4806909561157227, 10210
2.4908933639526367, 10209
2.4908933639526367, 10208
2.4989404678344727, 10207
2.5010361671447754, 10206
2.501152515411377, 10205
2.5093119144439697, 10204
2.5093119144439697, 10203
2.5093119144439697, 10202
2.521547317504883, 10201
2.5297062397003174, 10200
2.53186297416687, 10199
2.53186297416687, 10198
2.540024518966675, 10197
2.540024518966675, 10196
2.542171001434326, 10195
2.542171001434326, 10194
2.542171001434326, 10193
2.542171001434326, 10192
2.5503275394439697, 10191
2.5524673461914062, 10190
2.5524673461914062, 10189
2.562676429748535, 10188
2.562676429748535, 10187
2.570817470550537, 10186
2.570817470550537, 10185
2.572960376739502, 10184
2.572960376739502, 10183
2.572960376739502, 10182
2.581021785736084, 10181
2.5831663608551025, 10180
2.5831663608551025, 10179
2.5913069248199463, 10178
2.6015470027923584, 10177
2.603689193725586, 10176
2.603689193725586, 10175
2.603689193725586, 10174
2.603689193725586, 10173
2.613980770111084, 10172
2.613980770111084, 10171
2.622054100036621, 10170
2.624145746231079, 10169
2.624145746231079, 10168
2.624145746231079, 10167
2.624145746231079, 10166
2.6322498321533203, 10165
2.6343162059783936, 10164
2.6343162059783936, 10163
2.6343162059783936, 10162
2.6343162059783936, 10161
2.6343162059783936, 10160
2.644611120223999, 10159
2.644611120223999, 10158
2.644611120223999, 10157
2.644611120223999, 10156
2.6527512073516846, 10155
2.665165662765503, 10154
2.6733057498931885, 10153
2.675448417663574, 10152
2.675448417663574, 10151
2.6856517791748047, 10150
2.6856517791748047, 10149
2.6856517791748047, 10148
2.6856517791748047, 10147
2.693800926208496, 10146
2.6959428787231445, 10145
2.6959428787231445, 10144
2.7061586380004883, 10143
2.7245240211486816, 10142
2.72666335105896, 10141
2.72666335105896, 10140
2.72666335105896, 10139
2.736940383911133, 10138
2.736940383911133, 10137
2.745100975036621, 10136
2.7472386360168457, 10135
2.7472386360168457, 10134
2.7472386360168457, 10133
2.7553908824920654, 10132
2.7553908824920654, 10131
2.7575297355651855, 10130
2.7575297355651855, 10129
2.778029680252075, 10128
2.778029680252075, 10127
2.778029680252075, 10126
2.778029680252075, 10125
2.7861099243164062, 10124
2.7861099243164062, 10123
2.788252830505371, 10122
2.7963953018188477, 10121
2.798539638519287, 10120
2.798539638519287, 10119
2.8087637424468994, 10118
2.8087637424468994, 10117
2.8087637424468994, 10116
2.8087637424468994, 10115
2.8169031143188477, 10114
2.8169031143188477, 10113
2.8190431594848633, 10112
2.8190431594848633, 10111
2.829259157180786, 10110
2.829259157180786, 10109
2.829259157180786, 10108
2.837400436401367, 10107
2.837400436401367, 10106
2.839540481567383, 10105
2.839540481567383, 10104
2.839540481567383, 10103
2.839540481567383, 10102
2.8476145267486572, 10101
2.849762201309204, 10100
2.849762201309204, 10099
2.8599283695220947, 10098
2.870229721069336, 10097
2.8783774375915527, 10096
2.8805110454559326, 10095
2.900873899459839, 10094
2.9111990928649902, 10093
2.921485185623169, 10092
2.921485185623169, 10091
2.929574728012085, 10090
2.931725263595581, 10089
2.931725263595581, 10088
2.9420125484466553, 10087
2.9626107215881348, 10086
2.9626107215881348, 10085
2.9728307723999023, 10084
2.9809765815734863, 10083
2.983114719390869, 10082
2.983114719390869, 10081
2.983114719390869, 10080
2.9911606311798096, 10079
2.9911606311798096, 10078
2.993635892868042, 10077
2.9936981201171875, 10076
3.034716844558716, 10075
3.0450100898742676, 10074
3.053102970123291, 10073
3.0552337169647217, 10072
3.0552337169647217, 10071
3.0552337169647217, 10070
3.0633745193481445, 10069
3.0655128955841064, 10068
3.0655128955841064, 10067
3.0655128955841064, 10066
3.0655128955841064, 10065
3.0735721588134766, 10064
3.0757172107696533, 10063
3.0838637351989746, 10062
3.0838637351989746, 10061
3.086007595062256, 10060
3.086007595062256, 10059
3.086007595062256, 10058
3.0940940380096436, 10057
3.0940940380096436, 10056
3.096231460571289, 10055
3.096231460571289, 10054
3.096231460571289, 10053
3.096231460571289, 10052
3.1043739318847656, 10051
3.1043739318847656, 10050
3.1065163612365723, 10049
3.1065163612365723, 10048
3.1065163612365723, 10047
3.1065163612365723, 10046
3.116743803024292, 10045
3.116743803024292, 10044
3.116743803024292, 10043
3.1248862743377686, 10042
3.1269304752349854, 10041
3.137254238128662, 10040
3.137254238128662, 10039
3.137254238128662, 10038
3.145400285720825, 10037
3.145400285720825, 10036
3.147543430328369, 10035
3.147543430328369, 10034
3.1577887535095215, 10033
3.1577887535095215, 10032
3.1577887535095215, 10031
3.1577887535095215, 10030
3.2398571968078613, 10029
3.2398571968078613, 10028
3.2398571968078613, 10027
3.2501509189605713, 10026
3.2501509189605713, 10025
3.26041579246521, 10024
3.278770685195923, 10023
3.280911445617676, 10022
3.280911445617676, 10021
3.291156768798828, 10020
3.291156768798828, 10019
3.291156768798828, 10018
3.291156768798828, 10017
3.291156768798828, 10016
3.2992377281188965, 10015
3.3013811111450195, 10014
3.3013811111450195, 10013
3.309436798095703, 10012
3.3115909099578857, 10011
3.3115909099578857, 10010
3.3115909099578857, 10009
3.319709300994873, 10008
3.321855068206787, 10007
3.321855068206787, 10006
3.321855068206787, 10005
3.3299965858459473, 10004
3.332136392593384, 10003
3.332136392593384, 10002
3.342350959777832, 10001
3.342350959777832, 10000
3.350494623184204, 9999
3.352640390396118, 9998
3.360802173614502, 9997
3.3629517555236816, 9996
3.3629517555236816, 9995
3.3629517555236816, 9994
3.3629517555236816, 9993
3.3629517555236816, 9992
3.3732430934906006, 9991
3.3732430934906006, 9990
3.3813297748565674, 9989
3.383465528488159, 9988
3.391605854034424, 9987
3.393747329711914, 9986
3.393747329711914, 9985
3.393747329711914, 9984
3.403986692428589, 9983
3.403986692428589, 9982
3.4121274948120117, 9981
3.414273500442505, 9980
3.4326589107513428, 9979
3.434800863265991, 9978
3.434800863265991, 9977
3.442896842956543, 9976
3.4450340270996094, 9975
3.455315351486206, 9974
3.455315351486206, 9973
3.455315351486206, 9972
3.455315351486206, 9971
3.463393211364746, 9970
3.463393211364746, 9969
3.475285291671753, 9968
3.4774303436279297, 9967
3.478482484817505, 9966
3.478482484817505, 9965
3.478482484817505, 9964
3.478482484817505, 9963
3.478482484817505, 9962
3.4867796897888184, 9961
3.4867796897888184, 9960
3.497065544128418, 9959
3.5072813034057617, 9958
3.5072813034057617, 9957
3.5072813034057617, 9956
3.5175578594207764, 9955
3.5175578594207764, 9954
3.5175578594207764, 9953
3.5256497859954834, 9952
3.5256497859954834, 9951
3.5277903079986572, 9950
3.5277903079986572, 9949
3.5380663871765137, 9948
3.5380663871765137, 9947
3.546140193939209, 9946
3.556422710418701, 9945
3.558570623397827, 9944
3.558570623397827, 9943
3.558570623397827, 9942
3.558570623397827, 9941
3.5688719749450684, 9940
3.5791547298431396, 9939
3.5791547298431396, 9938
3.5975306034088135, 9937
3.607720136642456, 9936
3.607720136642456, 9935
3.610192060470581, 9934
3.618330240249634, 9933
3.620469808578491, 9932
3.620469808578491, 9931
3.630685567855835, 9930
3.630685567855835, 9929
3.630685567855835, 9928
3.6408610343933105, 9927
3.6489548683166504, 9926
3.6510000228881836, 9925
3.6511030197143555, 9924
3.6592459678649902, 9923
3.6592459678649902, 9922
3.6613917350769043, 9921
3.6613917350769043, 9920
3.6613917350769043, 9919
3.6613917350769043, 9918
3.6715946197509766, 9917
3.6818864345550537, 9916
3.6899499893188477, 9915
3.6920981407165527, 9914
3.6920981407165527, 9913
3.712871789932251, 9912
3.712871789932251, 9911
3.712871789932251, 9910
3.712871789932251, 9909
3.7333598136901855, 9908
3.7333598136901855, 9907
3.7333598136901855, 9906
3.7436413764953613, 9905
3.7517127990722656, 9904
3.7641453742980957, 9903
3.7641453742980957, 9902
3.7641453742980957, 9901
3.7641453742980957, 9900
3.7723093032836914, 9899
3.7744522094726562, 9898
3.7744522094726562, 9897
3.782593011856079, 9896
3.7847323417663574, 9895
3.7847323417663574, 9894
3.7847323417663574, 9893
3.835935115814209, 9892
3.8462181091308594, 9891
3.8462181091308594, 9890
3.856449604034424, 9889
3.8645966053009033, 9888
3.8645966053009033, 9887
3.877034902572632, 9886
3.897641658782959, 9885
3.907930612564087, 9884
3.907930612564087, 9883
3.9181556701660156, 9882
3.9181556701660156, 9881
3.926297664642334, 9880
3.926297664642334, 9879
3.92844820022583, 9878
3.92844820022583, 9877
3.936530828475952, 9876
3.936530828475952, 9875
3.938671827316284, 9874
3.938671827316284, 9873
3.9489574432373047, 9872
3.9489574432373047, 9871
3.9489574432373047, 9870
3.957005739212036, 9869
3.9591472148895264, 9868
3.9591472148895264, 9867
3.9591472148895264, 9866
3.967291831970215, 9865
3.969442367553711, 9864
3.969442367553711, 9863
3.969442367553711, 9862
3.979753017425537, 9861
3.979753017425537, 9860
3.990029811859131, 9859
3.990029811859131, 9858
3.990029811859131, 9857
4.000248908996582, 9856
4.000248908996582, 9855
4.000248908996582, 9854
4.000248908996582, 9853
4.008390188217163, 9852
4.008390188217163, 9851
4.018622398376465, 9850
4.02076530456543, 9849
4.0289084911346436, 9848
4.031048536300659, 9847
4.031048536300659, 9846
4.031048536300659, 9845
4.039123058319092, 9844
4.041276454925537, 9843
4.041276454925537, 9842
4.041276454925537, 9841
4.049417018890381, 9840
4.069835424423218, 9839
4.069930553436279, 9838
4.072067975997925, 9837
4.072067975997925, 9836
4.080131530761719, 9835
4.082270622253418, 9834
4.0903661251068115, 9833
4.092514753341675, 9832
4.092514753341675, 9831
4.102743625640869, 9830
4.102743625640869, 9829
4.102743625640869, 9828
4.102743625640869, 9827
4.11294412612915, 9826
4.11294412612915, 9825
4.11294412612915, 9824
4.1210174560546875, 9823
4.123155832290649, 9822
4.143656969070435, 9821
4.151796340942383, 9820
4.1539390087127686, 9819
4.1539390087127686, 9818
4.164168119430542, 9817
4.174461841583252, 9816
4.174461841583252, 9815
4.174461841583252, 9814
4.184671878814697, 9813
4.192824125289917, 9812
4.205047369003296, 9811
4.215308666229248, 9810
4.215308666229248, 9809
4.215308666229248, 9808
4.215308666229248, 9807
4.223360061645508, 9806
4.225934743881226, 9805
4.236196756362915, 9804
4.236196756362915, 9803
4.236196756362915, 9802
4.246311664581299, 9801
4.246311664581299, 9800
4.246311664581299, 9799
4.246311664581299, 9798
4.254334449768066, 9797
4.256352424621582, 9796
4.26443338394165, 9795
4.276671886444092, 9794
4.2847580909729, 9793
4.286816120147705, 9792
4.286816120147705, 9791
4.286816120147705, 9790
4.286816120147705, 9789
4.297116041183472, 9788
4.297116041183472, 9787
4.307309150695801, 9786
4.315367221832275, 9785
4.317418336868286, 9784
4.317418336868286, 9783
4.32551646232605, 9782
4.32766318321228, 9781
4.335803031921387, 9780
4.337944746017456, 9779
4.337944746017456, 9778
4.337944746017456, 9777
4.346074104309082, 9776
4.358429670333862, 9775
4.37896466255188, 9774
4.37896466255188, 9773
4.387040138244629, 9772
4.389098644256592, 9771
4.389098644256592, 9770
4.389098644256592, 9769
4.417516708374023, 9768
4.419568300247192, 9767
4.419568300247192, 9766
4.419568300247192, 9765
4.4276442527771, 9764
4.429694414138794, 9763
4.429694414138794, 9762
4.429694414138794, 9761
4.439846515655518, 9760
4.4500041007995605, 9759
4.4500041007995605, 9758
4.460314989089966, 9757
4.468406915664673, 9756
4.470553159713745, 9755
4.4808549880981445, 9754
4.490999460220337, 9753
4.490999460220337, 9752
4.490999460220337, 9751
4.49913477897644, 9750
4.501264810562134, 9749
4.501264810562134, 9748
4.501264810562134, 9747
4.501264810562134, 9746
4.509377479553223, 9745
4.511443614959717, 9744
4.519508123397827, 9743
4.521578073501587, 9742
4.521578073501587, 9741
4.531687021255493, 9740
4.531687021255493, 9739
4.531687021255493, 9738
4.53975248336792, 9737
4.541820287704468, 9736
4.560038805007935, 9735
4.562095403671265, 9734
4.562095403671265, 9733
4.582335948944092, 9732
4.582335948944092, 9731
4.582335948944092, 9730
4.600530385971069, 9729
4.602591037750244, 9728
4.602591037750244, 9727
4.612746715545654, 9726
4.612746715545654, 9725
4.612746715545654, 9724
4.653298854827881, 9723
4.661380052566528, 9722
4.663446664810181, 9721
4.663446664810181, 9720
4.671510457992554, 9719
4.673566102981567, 9718
4.681654930114746, 9717
4.681654930114746, 9716
4.683723449707031, 9715
4.683723449707031, 9714
4.683723449707031, 9713
4.683723449707031, 9712
4.693848609924316, 9711
4.703986406326294, 9710
4.714152812957764, 9709
4.724273920059204, 9708
4.742330312728882, 9707
4.742330312728882, 9706
4.742330312728882, 9705
4.757970333099365, 9704
4.773596525192261, 9703
4.789222478866577, 9702
4.825202941894531, 9701
4.827232599258423, 9700
4.828263759613037, 9699
4.830377817153931, 9698
4.83241868019104, 9697
4.8344950675964355, 9696
4.8344950675964355, 9695
4.8344950675964355, 9694
4.842542886734009, 9693
4.842542886734009, 9692
4.858178615570068, 9691
4.858178615570068, 9690
4.858178615570068, 9689
4.858178615570068, 9688
4.858178615570068, 9687
4.858178615570068, 9686
4.87380576133728, 9685
4.87380576133728, 9684
4.87380576133728, 9683
4.87380576133728, 9682
4.8894712924957275, 9681
4.8894712924957275, 9680
4.9050538539886475, 9679
4.9050538539886475, 9678
4.9207189083099365, 9677
4.9207189083099365, 9676
4.9207189083099365, 9675
4.942924976348877, 9674
4.955036163330078, 9673
4.965167284011841, 9672
4.965167284011841, 9671
4.965167284011841, 9670
4.975283622741699, 9669
4.975283622741699, 9668
4.993508338928223, 9667
4.995563507080078, 9666
4.995563507080078, 9665
4.995563507080078, 9664
5.0035905838012695, 9663
5.00561261177063, 9662
5.00561261177063, 9661
5.00561261177063, 9660
5.015771865844727, 9659
5.015771865844727, 9658
5.025861501693726, 9657
5.086421489715576, 9656
5.086421489715576, 9655
5.09450888633728, 9654
5.0965776443481445, 9653
5.0965776443481445, 9652
5.104599714279175, 9651
5.106630325317383, 9650
5.106630325317383, 9649
5.116785049438477, 9648
5.116785049438477, 9647
5.116785049438477, 9646
5.116785049438477, 9645
5.136966943740845, 9644
5.147146224975586, 9643
5.157212257385254, 9642
5.157212257385254, 9641
5.165282487869263, 9640
5.175435781478882, 9639
5.177461624145508, 9638
5.177461624145508, 9637
5.1875951290130615, 9636
5.1875951290130615, 9635
5.1875951290130615, 9634
5.1875951290130615, 9633
5.1875951290130615, 9632
5.197752475738525, 9631
5.197752475738525, 9630
5.197752475738525, 9629
5.197752475738525, 9628
5.207809209823608, 9627
5.207809209823608, 9626
5.207809209823608, 9625
5.2158825397491455, 9624
5.2179505825042725, 9623
5.225979804992676, 9622
5.248296022415161, 9621
5.248296022415161, 9620
5.256302118301392, 9619
5.256341934204102, 9618
5.258410692214966, 9617
5.258410692214966, 9616
5.266469717025757, 9615
5.268541574478149, 9614
5.268541574478149, 9613
5.288733243942261, 9612
5.288733243942261, 9611
5.296834230422974, 9610
5.308960437774658, 9609
5.308960437774658, 9608
5.308960437774658, 9607
5.308960437774658, 9606
5.319091081619263, 9605
5.319091081619263, 9604
5.327121019363403, 9603
5.339296102523804, 9602
5.349421739578247, 9601
5.349421739578247, 9600
5.349421739578247, 9599
5.349421739578247, 9598
5.349421739578247, 9597
5.3595802783966064, 9596
5.36764931678772, 9595
5.369717597961426, 9594
5.369717597961426, 9593
5.3797807693481445, 9592
5.387803316116333, 9591
5.38989782333374, 9590
5.38989782333374, 9589
5.397976398468018, 9588
5.410161972045898, 9587
5.410184383392334, 9586
5.410184383392334, 9585
5.410184383392334, 9584
5.4310548305511475, 9583
5.432072162628174, 9582
5.433080196380615, 9581
5.433080196380615, 9580
5.441227912902832, 9579
5.449288845062256, 9578
5.461832761764526, 9577
5.461832761764526, 9576
5.461832761764526, 9575
5.461832761764526, 9574
5.469895839691162, 9573
5.469895839691162, 9572
5.492128372192383, 9571
5.500219345092773, 9570
5.50227427482605, 9569
5.522536754608154, 9568
5.522536754608154, 9567
5.530562162399292, 9566
5.530562162399292, 9565
5.532619953155518, 9564
5.532619953155518, 9563
5.54279637336731, 9562
5.552879095077515, 9561
5.583239555358887, 9560
5.583239555358887, 9559
5.583239555358887, 9558
5.583239555358887, 9557
5.583239555358887, 9556
5.583239555358887, 9555
5.593384027481079, 9554
5.593384027481079, 9553
5.603439569473267, 9552
5.603439569473267, 9551
5.603439569473267, 9550
5.611463785171509, 9549
5.613532304763794, 9548
5.613532304763794, 9547
5.613532304763794, 9546
5.6236350536346436, 9545
5.6236350536346436, 9544
5.6236350536346436, 9543
5.654042720794678, 9542
5.664212226867676, 9541
5.672280550003052, 9540
5.674346208572388, 9539
5.674346208572388, 9538
5.684424638748169, 9537
5.694476127624512, 9536
5.694476127624512, 9535
5.7246599197387695, 9534
5.7246599197387695, 9533
5.7246599197387695, 9532
5.744830131530762, 9531
5.744830131530762, 9530
5.754925012588501, 9529
5.762983322143555, 9528
5.762983322143555, 9527
5.765010356903076, 9526
5.765010356903076, 9525
5.775064468383789, 9524
5.783114194869995, 9523
5.793247938156128, 9522
5.7953174114227295, 9521
5.7953174114227295, 9520
5.803353309631348, 9519
5.80538272857666, 9518
5.835715293884277, 9517
5.845867395401001, 9516
5.845867395401001, 9515
5.855940341949463, 9514
5.855940341949463, 9513
5.855940341949463, 9512
5.864020347595215, 9511
5.86608099937439, 9510
5.874148607254028, 9509
5.8862998485565186, 9508
5.896427869796753, 9507
5.896427869796753, 9506
5.896427869796753, 9505
5.906489849090576, 9504
5.914559364318848, 9503
5.914559364318848, 9502
5.916625261306763, 9501
5.92670750617981, 9500
5.92670750617981, 9499
5.965176582336426, 9498
5.967242240905762, 9497
5.967242240905762, 9496
5.967242240905762, 9495
5.975268602371216, 9494
5.977286338806152, 9493
5.987419843673706, 9492
5.995485544204712, 9491
5.995485544204712, 9490
5.997500419616699, 9489
6.005582809448242, 9488
6.017777919769287, 9487
6.025815963745117, 9486
6.027842283248901, 9485
6.027842283248901, 9484
6.046062231063843, 9483
6.056137561798096, 9482
6.056159734725952, 9481
6.058228969573975, 9480
6.058228969573975, 9479
6.058228969573975, 9478
6.058228969573975, 9477
6.058228969573975, 9476
6.06627345085144, 9475
6.078855752944946, 9474
6.078855752944946, 9473
6.088993787765503, 9472
6.088993787765503, 9471
6.088993787765503, 9470
6.09701943397522, 9469
6.099040985107422, 9468
6.099040985107422, 9467
6.109119653701782, 9466
6.109119653701782, 9465
6.109119653701782, 9464
6.109119653701782, 9463
6.117136716842651, 9462
6.117136716842651, 9461
6.11915922164917, 9460
6.11915922164917, 9459
6.129237413406372, 9458
6.129237413406372, 9457
6.139272689819336, 9456
6.139272689819336, 9455
6.149380445480347, 9454
6.1594178676605225, 9453
6.169459342956543, 9452
6.169459342956543, 9451
6.18754243850708, 9450
6.189563035964966, 9449
6.189563035964966, 9448
6.197584629058838, 9447
6.199599027633667, 9446
6.209666967391968, 9445
6.209666967391968, 9444
6.209666967391968, 9443
6.209666967391968, 9442
6.239826917648315, 9441
6.247867107391357, 9440
6.25794529914856, 9439
6.278020858764648, 9438
6.280035734176636, 9437
6.2981438636779785, 9436
6.3001930713653564, 9435
6.3001930713653564, 9434
6.31025767326355, 9433
6.3283774852752686, 9432
6.330394506454468, 9431
6.330394506454468, 9430
6.3404319286346436, 9429
6.3404319286346436, 9428
6.3404319286346436, 9427
6.34847092628479, 9426
6.350521087646484, 9425
6.350521087646484, 9424
6.358544111251831, 9423
6.358544111251831, 9422
6.360559463500977, 9421
6.370657920837402, 9420
6.370657920837402, 9419
6.3806939125061035, 9418
6.3806939125061035, 9417
6.3806939125061035, 9416
6.393364191055298, 9415
6.394381523132324, 9414
6.395398139953613, 9413
6.396416425704956, 9412
6.399974346160889, 9411
6.401494026184082, 9410
6.41163969039917, 9409
6.41163969039917, 9408
6.421672344207764, 9407
6.439791202545166, 9406
6.439791202545166, 9405
6.441810846328735, 9404
6.461929559707642, 9403
6.461929559707642, 9402
6.461929559707642, 9401
6.472007513046265, 9400
6.472007513046265, 9399
6.480027437210083, 9398
6.492104530334473, 9397
6.492104530334473, 9396
6.492104530334473, 9395
6.492104530334473, 9394
6.50016188621521, 9393
6.502177715301514, 9392
6.502177715301514, 9391
6.502177715301514, 9390
6.520251750946045, 9389
6.522301435470581, 9388
6.522301435470581, 9387
6.530368804931641, 9386
6.530368804931641, 9385
6.532388687133789, 9384
6.532388687133789, 9383
6.542428493499756, 9382
6.550454378128052, 9381
6.552471399307251, 9380
6.552471399307251, 9379
6.57256817817688, 9378
6.582603693008423, 9377
6.582603693008423, 9376
6.592659950256348, 9375
6.612762451171875, 9374
6.640921354293823, 9373
6.642937421798706, 9372
6.642937421798706, 9371
6.65099310874939, 9370
6.653009414672852, 9369
6.6630470752716064, 9368
6.673554182052612, 9367
6.683588743209839, 9366
6.683588743209839, 9365
6.691620349884033, 9364
6.693636655807495, 9363
6.711717367172241, 9362
6.713736057281494, 9361
6.721753120422363, 9360
6.723769903182983, 9359
6.723769903182983, 9358
6.723769903182983, 9357
6.73380446434021, 9356
6.73380446434021, 9355
6.743882417678833, 9354
6.743882417678833, 9353
6.743882417678833, 9352
6.743882417678833, 9351
6.753923654556274, 9350
6.774046182632446, 9349
6.774046182632446, 9348
6.784076452255249, 9347
6.784076452255249, 9346
6.784076452255249, 9345
6.792129278182983, 9344
6.7941505908966064, 9343
6.7941505908966064, 9342
6.804178237915039, 9341
6.804178237915039, 9340
6.812223672866821, 9339
6.814244985580444, 9338
6.824279546737671, 9337
6.824279546737671, 9336
6.83431339263916, 9335
6.83431339263916, 9334
6.852439641952515, 9333
6.85450553894043, 9332
6.85450553894043, 9331
6.85450553894043, 9330
6.85450553894043, 9329
6.874646186828613, 9328
6.874646186828613, 9327
6.874646186828613, 9326
6.8827149868011475, 9325
6.8827149868011475, 9324
6.884730100631714, 9323
6.905033349990845, 9322
6.905033349990845, 9321
6.905033349990845, 9320
6.925184488296509, 9319
6.9352898597717285, 9318
6.943336009979248, 9317
6.943359851837158, 9316
6.94542932510376, 9315
6.94542932510376, 9314
6.955578088760376, 9313
6.955578088760376, 9312
6.965726613998413, 9311
6.965726613998413, 9310
6.975883960723877, 9309
6.975883960723877, 9308
6.983910799026489, 9307
6.994024038314819, 9306
6.994024038314819, 9305
6.9960925579071045, 9304
7.004160165786743, 9303
7.006183385848999, 9302
7.016280651092529, 9301
7.016280651092529, 9300
7.056666851043701, 9299
7.056666851043701, 9298
7.064745187759399, 9297
7.066806793212891, 9296
7.066806793212891, 9295
7.085022926330566, 9294
7.087098598480225, 9293
7.117389440536499, 9292
7.137623071670532, 9291
7.147761344909668, 9290
7.147761344909668, 9289
7.157836675643921, 9288
7.176065444946289, 9287
7.178145885467529, 9286
7.178145885467529, 9285
7.178145885467529, 9284
7.188235759735107, 9283
7.188235759735107, 9282
7.208479642868042, 9281
7.208479642868042, 9280
7.208479642868042, 9279
7.218606233596802, 9278
7.228802442550659, 9277
7.238965749740601, 9276
7.238965749740601, 9275
7.238965749740601, 9274
7.238965749740601, 9273
7.249098539352417, 9272
7.249098539352417, 9271
7.267235040664673, 9270
7.269298553466797, 9269
7.28789758682251, 9268
7.300060510635376, 9267
7.300060510635376, 9266
7.310110092163086, 9265
7.31816029548645, 9264
7.328198194503784, 9263
7.330212831497192, 9262
7.350489139556885, 9261
7.35852837562561, 9260
7.360548973083496, 9259
7.360548973083496, 9258
7.360548973083496, 9257
7.360548973083496, 9256
7.370693922042847, 9255
7.370693922042847, 9254
7.370693922042847, 9253
7.380770444869995, 9252
7.380770444869995, 9251
7.41115403175354, 9250
7.4213011264801025, 9249
7.4213011264801025, 9248
7.4293317794799805, 9247
7.431417942047119, 9246
7.431417942047119, 9245
7.45162296295166, 9244
7.45162296295166, 9243
7.461807012557983, 9242
7.461807012557983, 9241
7.471946477890015, 9240
7.471946477890015, 9239
7.4820098876953125, 9238
7.502159595489502, 9237
7.512345552444458, 9236
7.512345552444458, 9235
7.520453929901123, 9234
7.522499322891235, 9233
7.53062629699707, 9232
7.5326457023620605, 9231
7.540761470794678, 9230
7.5528740882873535, 9229
7.5528740882873535, 9228
7.561025142669678, 9227
7.563093185424805, 9226
7.5731706619262695, 9225
7.603503704071045, 9224
7.603503704071045, 9223
7.613631963729858, 9222
7.613631963729858, 9221
7.6318089962005615, 9220
7.6338372230529785, 9219
7.643995523452759, 9218
7.643995523452759, 9217
7.643995523452759, 9216
7.654042482376099, 9215
7.654042482376099, 9214
7.654042482376099, 9213
7.6641905307769775, 9212
7.6641905307769775, 9211
7.674268960952759, 9210
7.684409141540527, 9209
7.684409141540527, 9208
7.6924803256988525, 9207
7.69455099105835, 9206
7.704669952392578, 9205
7.724879026412964, 9204
7.724879026412964, 9203
7.732951641082764, 9202
7.732951641082764, 9201
7.743078708648682, 9200
7.74514627456665, 9199
7.978030204772949, 9198
7.978030204772949, 9197
7.978030204772949, 9196
7.98817253112793, 9195
8.008320808410645, 9194
8.018453121185303, 9193
8.03664493560791, 9192
8.038712739944458, 9191
8.048808336257935, 9190
8.0589439868927, 9189
8.067010641098022, 9188
8.069026231765747, 9187
8.079111814498901, 9186
8.09935450553894, 9185
8.117522239685059, 9184
8.11953854560852, 9183
8.11953854560852, 9182
8.11953854560852, 9181
8.11953854560852, 9180
8.12969970703125, 9179
8.1397864818573, 9178
8.147833347320557, 9177
8.170101642608643, 9176
8.190385580062866, 9175
8.198463916778564, 9174
8.200547695159912, 9173
8.200547695159912, 9172
8.200547695159912, 9171
8.220752239227295, 9170
8.220752239227295, 9169
8.220752239227295, 9168
8.220752239227295, 9167
8.220752239227295, 9166
8.230860471725464, 9165
8.240996599197388, 9164
8.240996599197388, 9163
8.259178638458252, 9162
8.261245489120483, 9161
8.261245489120483, 9160
8.261245489120483, 9159
8.27135419845581, 9158
8.27135419845581, 9157
8.281479358673096, 9156
8.281479358673096, 9155
8.289522886276245, 9154
8.291539430618286, 9153
8.319849252700806, 9152
8.329978466033936, 9151
8.332045555114746, 9150
8.340066194534302, 9149
8.340066194534302, 9148
8.372206926345825, 9147
8.372206926345825, 9146
8.382243871688843, 9145
8.382243871688843, 9144
8.382243871688843, 9143
8.392348051071167, 9142
8.412427425384521, 9141
8.412427425384521, 9140
8.412427425384521, 9139
8.412427425384521, 9138
8.430572271347046, 9137
8.43263840675354, 9136
8.43263840675354, 9135
8.43263840675354, 9134
8.43263840675354, 9133
8.43263840675354, 9132
8.442716836929321, 9131
8.442716836929321, 9130
8.45286512374878, 9129
8.463040113449097, 9128
8.473110675811768, 9127
8.483237743377686, 9126
8.49373173713684, 9125
8.50387191772461, 9124
8.50387191772461, 9123
8.532156229019165, 9122
8.534226179122925, 9121
8.544270515441895, 9120
8.554432153701782, 9119
8.554432153701782, 9118
8.562503576278687, 9117
8.564529418945312, 9116
8.572567462921143, 9115
8.572567462921143, 9114
8.582698345184326, 9113
8.582698345184326, 9112
8.584755420684814, 9111
8.584755420684814, 9110
8.594815015792847, 9109
8.625107049942017, 9108
8.625107049942017, 9107
8.625107049942017, 9106
8.625107049942017, 9105
8.63320279121399, 9104
8.64326024055481, 9103
8.645328044891357, 9102
8.645328044891357, 9101
8.655463457107544, 9100
8.655463457107544, 9099
8.665507793426514, 9098
8.675662755966187, 9097
8.685796022415161, 9096
8.685796022415161, 9095
8.695856094360352, 9094
8.695856094360352, 9093
8.695856094360352, 9092
8.695856094360352, 9091
8.713989734649658, 9090
8.716013669967651, 9089
8.726207494735718, 9088
8.726207494735718, 9087
8.736305952072144, 9086
8.746428966522217, 9085
8.75652289390564, 9084
8.786731243133545, 9083
8.786731243133545, 9082
8.786731243133545, 9081
8.794810056686401, 9080
8.79687762260437, 9079
8.815049171447754, 9078
8.8170907497406, 9077
8.82727336883545, 9076
8.835323572158813, 9075
8.837350130081177, 9074
8.857642650604248, 9073
8.857642650604248, 9072
8.867771625518799, 9071
8.875807523727417, 9070
8.877875089645386, 9069
8.885895729064941, 9068
8.898085117340088, 9067
8.918281316757202, 9066
8.92841124534607, 9065
8.92841124534607, 9064
8.948623657226562, 9063
8.956677675247192, 9062
8.956677675247192, 9061
8.989036321640015, 9060
8.999189615249634, 9059
8.999189615249634, 9058
9.009223937988281, 9057
9.017308712005615, 9056
9.029513359069824, 9055
9.039618015289307, 9054
9.049724817276001, 9053
9.049742698669434, 9052
9.049742698669434, 9051
9.059855461120605, 9050
9.078090906143188, 9049
9.108862400054932, 9048
9.110883951187134, 9047
9.110883951187134, 9046
9.110883951187134, 9045
9.121046304702759, 9044
9.121046304702759, 9043
9.13118577003479, 9042
9.13118577003479, 9041
9.139232158660889, 9040
9.171632051467896, 9039
9.18179178237915, 9038
9.20209264755249, 9037
9.212141752243042, 9036
9.212141752243042, 9035
9.212141752243042, 9034
9.240476369857788, 9033
9.252628087997437, 9032
9.252628087997437, 9031
9.260678052902222, 9030
9.270842552185059, 9029
9.272863864898682, 9028
9.282930850982666, 9027
9.282930850982666, 9026
9.30320143699646, 9025
9.311227560043335, 9024
9.321283340454102, 9023
9.323364496231079, 9022
9.323364496231079, 9021
9.333449125289917, 9020
9.361756801605225, 9019
9.363829851150513, 9018
9.363829851150513, 9017
9.384032487869263, 9016
9.394221782684326, 9015
9.41443419456482, 9014
9.4224853515625, 9013
9.44476866722107, 9012
9.454899072647095, 9011
9.473073720932007, 9010
9.483184814453125, 9009
9.495380640029907, 9008
9.505479097366333, 9007
9.505479097366333, 9006
9.5135498046875, 9005
9.535861492156982, 9004
9.535861492156982, 9003
9.543944120407104, 9002
9.546010732650757, 9001
9.546010732650757, 9000
9.546010732650757, 8999
9.546010732650757, 8998
9.556054592132568, 8997
9.556054592132568, 8996
9.566194772720337, 8995
9.566194772720337, 8994
9.576376676559448, 8993
9.576376676559448, 8992
9.576376676559448, 8991
9.596683740615845, 8990
9.596683740615845, 8989
9.596683740615845, 8988
9.604719161987305, 8987
9.614815473556519, 8986
9.614815473556519, 8985
9.63932752609253, 8984
9.657513618469238, 8983
9.657513618469238, 8982
9.665596723556519, 8981
9.677789449691772, 8980
9.68790078163147, 8979
9.708534955978394, 8978
9.718672037124634, 8977
9.718672037124634, 8976
9.726749658584595, 8975
9.73885440826416, 8974
9.73885440826416, 8973
9.748960494995117, 8972
9.757077932357788, 8971
9.759142875671387, 8970
9.769286155700684, 8969
9.769286155700684, 8968
9.797508239746094, 8967
9.797508239746094, 8966
9.817734956741333, 8965
9.817734956741333, 8964
9.819803237915039, 8963
9.829872131347656, 8962
9.829872131347656, 8961
9.84000849723816, 8960
9.850075483322144, 8959
9.860204219818115, 8958
9.870345830917358, 8957
9.870345830917358, 8956
9.88048791885376, 8955
9.900664567947388, 8954
9.900664567947388, 8953
9.900664567947388, 8952
9.910823822021484, 8951
9.928989887237549, 8950
9.931059837341309, 8949
9.931059837341309, 8948
9.931059837341309, 8947
9.941153764724731, 8946
9.941153764724731, 8945
9.941153764724731, 8944
9.959276676177979, 8943
9.96134352684021, 8942
9.991672039031982, 8941
10.001805782318115, 8940
10.001805782318115, 8939
10.011979103088379, 8938
10.011979103088379, 8937
10.032164812088013, 8936
10.040230989456177, 8935
10.0423002243042, 8934
10.0423002243042, 8933
10.0423002243042, 8932
10.062557220458984, 8931
10.062557220458984, 8930
10.092923641204834, 8929
10.111088037490845, 8928
10.121173620223999, 8927
10.123231887817383, 8926
10.123231887817383, 8925
10.123231887817383, 8924
10.131311416625977, 8923
10.133379220962524, 8922
10.14352035522461, 8921
10.14352035522461, 8920
10.161702156066895, 8919
10.161702156066895, 8918
10.163769483566284, 8917
10.171810626983643, 8916
10.173834800720215, 8915
10.173834800720215, 8914
10.173834800720215, 8913
10.192063808441162, 8912
10.194188117980957, 8911
10.194188117980957, 8910
10.22480034828186, 8909
10.22480034828186, 8908
10.22480034828186, 8907
10.235029458999634, 8906
10.245224952697754, 8905
10.265644550323486, 8904
10.265644550323486, 8903
10.265644550323486, 8902
10.306011199951172, 8901
10.326847314834595, 8900
10.326847314834595, 8899
10.326847314834595, 8898
10.334936380386353, 8897
10.334936380386353, 8896
10.337080001831055, 8895
10.367844581604004, 8894
10.367844581604004, 8893
10.37815237045288, 8892
10.37815237045288, 8891
10.388440132141113, 8890
10.396541357040405, 8889
10.396541357040405, 8888
10.398586511611938, 8887
10.39867901802063, 8886
10.406824111938477, 8885
10.41922116279602, 8884
10.41922116279602, 8883
10.41922116279602, 8882
10.41922116279602, 8881
10.429423093795776, 8880
10.470741033554077, 8879
10.479093551635742, 8878
10.481231927871704, 8877
10.481231927871704, 8876
10.49151349067688, 8875
10.512027502059937, 8874
10.512027502059937, 8873
10.512027502059937, 8872
10.530399084091187, 8871
10.532543659210205, 8870
10.58169412612915, 8869
10.583850622177124, 8868
10.583850622177124, 8867
10.591983318328857, 8866
10.594077825546265, 8865
10.594077825546265, 8864
10.594077825546265, 8863
10.604292154312134, 8862
10.604292154312134, 8861
10.61458420753479, 8860
10.61458420753479, 8859
10.61458420753479, 8858
10.61458420753479, 8857
10.61458420753479, 8856
10.624801635742188, 8855
10.634972333908081, 8854
10.645190715789795, 8853
10.65543270111084, 8852
10.65543270111084, 8851
10.65543270111084, 8850
10.68614149093628, 8849
10.68614149093628, 8848
10.696424007415771, 8847
10.727119207382202, 8846
10.768120527267456, 8845
10.778414011001587, 8844
10.798954248428345, 8843
10.829759120941162, 8842
10.86060118675232, 8841
10.86060118675232, 8840
10.86060118675232, 8839
10.88918161392212, 8838
10.911847829818726, 8837
10.919995546340942, 8836
10.942947626113892, 8835
10.992076635360718, 8834
11.014744520187378, 8833
11.014744520187378, 8832
11.014744520187378, 8831
11.0331871509552, 8830
11.045608282089233, 8829
11.045608282089233, 8828
11.055830478668213, 8827
11.055830478668213, 8826
11.055830478668213, 8825
11.066108226776123, 8824
11.07418942451477, 8823
11.07633376121521, 8822
11.09469199180603, 8821
11.289165735244751, 8820
11.291212797164917, 8819
11.301530122756958, 8818
11.301530122756958, 8817
11.311755895614624, 8816
11.311755895614624, 8815
11.322003841400146, 8814
11.322003841400146, 8813
11.322003841400146, 8812
11.322003841400146, 8811
11.330084323883057, 8810
11.340364694595337, 8809
11.342505693435669, 8808
11.342505693435669, 8807
11.36309266090393, 8806
11.38362979888916, 8805
11.391725301742554, 8804
11.422592401504517, 8803
11.424729585647583, 8802
11.445235252380371, 8801
11.45338249206543, 8800
11.455522060394287, 8799
11.465806722640991, 8798
11.465806722640991, 8797
11.476020097732544, 8796
11.48631238937378, 8795
11.494398832321167, 8794
11.496543645858765, 8793
11.506746530532837, 8792
11.52510666847229, 8791
11.535290956497192, 8790
11.537816762924194, 8789
11.54596734046936, 8788
11.57678508758545, 8787
11.578924417495728, 8786
11.599466800689697, 8785
11.619989156723022, 8784
11.638376235961914, 8783
11.638376235961914, 8782
11.650740623474121, 8781
11.660956621170044, 8780
11.689606666564941, 8779
11.69174861907959, 8778
11.69174861907959, 8777
11.712256908416748, 8776
11.720417976379395, 8775
11.72256326675415, 8774
11.730704307556152, 8773
11.730704307556152, 8772
11.732842683792114, 8771
11.732842683792114, 8770
11.74305534362793, 8769
11.74305534362793, 8768
11.751194477081299, 8767
11.753338098526001, 8766
11.773892164230347, 8765
11.773892164230347, 8764
11.78198528289795, 8763
11.78412675857544, 8762
11.78412675857544, 8761
11.794407367706299, 8760
11.794407367706299, 8759
11.804624319076538, 8758
11.833335876464844, 8757
11.864149808883667, 8756
11.866289377212524, 8755
11.874432802200317, 8754
11.87658143043518, 8753
11.897099494934082, 8752
11.917571306228638, 8751
11.938161849975586, 8750
11.956534624099731, 8749
11.958682298660278, 8748
11.966749906539917, 8747
11.979173421859741, 8746
11.989418506622314, 8745
11.989418506622314, 8744
12.018049716949463, 8743
12.02834177017212, 8742
12.030388832092285, 8741
12.030482530593872, 8740
12.030482530593872, 8739
12.038620710372925, 8738
12.038620710372925, 8737
12.061282634735107, 8736
12.071494102478027, 8735
12.079637289047241, 8734
12.08178186416626, 8733
12.089881896972656, 8732
12.110406637191772, 8731
12.143412590026855, 8730
12.143412590026855, 8729
12.143412590026855, 8728
12.164266109466553, 8727
12.174575567245483, 8726
12.184775114059448, 8725
12.184869289398193, 8724
12.203240394592285, 8723
12.244251012802124, 8722
12.244251012802124, 8721
12.256622314453125, 8720
12.26476764678955, 8719
12.26691722869873, 8718
12.297661781311035, 8717
12.297661781311035, 8716
12.318167686462402, 8715
12.318167686462402, 8714
12.346822738647461, 8713
12.348961114883423, 8712
12.369450569152832, 8711
12.400223016738892, 8710
12.408369541168213, 8709
12.410511255264282, 8708
12.42889404296875, 8707
12.49259901046753, 8706
12.49259901046753, 8705
12.49259901046753, 8704
12.510980129241943, 8703
12.513135433197021, 8702
12.533633470535278, 8701
12.533633470535278, 8700
12.533633470535278, 8699
12.55199933052063, 8698
12.56441879272461, 8697
12.574707746505737, 8696
12.603296518325806, 8695
12.605443716049194, 8694
12.615723609924316, 8693
12.644277811050415, 8692
12.646421194076538, 8691
12.664775133132935, 8690
12.677208662033081, 8689
12.677208662033081, 8688
12.68535590171814, 8687
12.687499523162842, 8686
12.705876350402832, 8685
12.70801305770874, 8684
12.718293190002441, 8683
12.726371765136719, 8682
12.728512048721313, 8681
12.728512048721313, 8680
12.749092817306519, 8679
12.759374380111694, 8678
12.759374380111694, 8677
12.759374380111694, 8676
12.79043197631836, 8675
12.800721883773804, 8674
12.821237802505493, 8673
12.831416606903076, 8672
12.831416606903076, 8671
12.849629402160645, 8670
12.85964584350586, 8669
12.89092230796814, 8668
12.89092230796814, 8667
12.89092230796814, 8666
12.906543493270874, 8665
12.906543493270874, 8664
12.906543493270874, 8663
12.922170162200928, 8662
12.922170162200928, 8661
12.922170162200928, 8660
12.972482919692993, 8659
12.98277473449707, 8658
13.003267526626587, 8657
13.003267526626587, 8656
13.003267526626587, 8655
13.062246322631836, 8654
13.072529792785645, 8653
13.074667692184448, 8652
13.084958553314209, 8651
13.113547563552856, 8650
13.136188745498657, 8649
13.136188745498657, 8648
13.136188745498657, 8647
13.146424770355225, 8646
13.146424770355225, 8645
13.146424770355225, 8644
13.154571294784546, 8643
13.16692304611206, 8642
13.16692304611206, 8641
13.16692304611206, 8640
13.207982063293457, 8639
13.259307146072388, 8638
13.259307146072388, 8637
13.259307146072388, 8636
13.279813051223755, 8635
13.279813051223755, 8634
13.28997278213501, 8633
13.31055235862732, 8632
13.318691730499268, 8631
13.331120491027832, 8630
13.361910581588745, 8629
13.361910581588745, 8628
13.472913980484009, 8627
13.476131439208984, 8626
13.496676683425903, 8625
13.506929159164429, 8624
13.517173767089844, 8623
13.527461767196655, 8622
13.545820236206055, 8621
13.558202505111694, 8620
13.568483114242554, 8619
13.578778743743896, 8618
13.58907151222229, 8617
13.58907151222229, 8616
13.58907151222229, 8615
13.599281072616577, 8614
13.619722366333008, 8613
13.62778377532959, 8612
13.629853963851929, 8611
13.660266876220703, 8610
13.708865404129028, 8609
13.710997104644775, 8608
13.710997104644775, 8607
13.719088315963745, 8606
13.721155405044556, 8605
13.729225158691406, 8604
13.761702060699463, 8603
13.80225920677185, 8602
13.80225920677185, 8601
13.842843532562256, 8600
13.873245000839233, 8599
13.883393287658691, 8598
13.92395567893982, 8597
13.944249868392944, 8596
13.964525938034058, 8595
13.964525938034058, 8594
13.964525938034058, 8593
13.964525938034058, 8592
13.972595930099487, 8591
13.97466516494751, 8590
13.98520016670227, 8589
13.995336055755615, 8588
13.995336055755615, 8587
14.01558780670166, 8586
14.01558780670166, 8585
14.025736331939697, 8584
14.046027421951294, 8583
14.076432466506958, 8582
14.076432466506958, 8581
14.076432466506958, 8580
14.086587905883789, 8579
14.09672236442566, 8578
14.09672236442566, 8577
14.137264728546143, 8576
14.15757417678833, 8575
14.15757417678833, 8574
14.16765809059143, 8573
14.177795171737671, 8572
14.185877323150635, 8571
14.198086977005005, 8570
14.20820927619934, 8569
14.218341588973999, 8568
14.218341588973999, 8567
14.238633155822754, 8566
14.246641874313354, 8565
14.299479007720947, 8564
14.309635639190674, 8563
14.309635639190674, 8562
14.317709922790527, 8561
14.319777488708496, 8560
14.319777488708496, 8559
14.338006973266602, 8558
14.338006973266602, 8557
14.340075016021729, 8556
14.340075016021729, 8555
14.350233554840088, 8554
14.350233554840088, 8553
14.398850679397583, 8552
14.471873760223389, 8551
14.48201322555542, 8550
14.490108013153076, 8549
14.492176532745361, 8548
14.510409593582153, 8547
14.51248049736023, 8546
14.542906999588013, 8545
14.573302268981934, 8544
14.59397268295288, 8543
14.59397268295288, 8542
14.59397268295288, 8541
14.604107856750488, 8540
14.664958715438843, 8539
14.673012971878052, 8538
14.673012971878052, 8537
14.685219526290894, 8536
14.695373058319092, 8535
14.713599681854248, 8534
14.715665817260742, 8533
14.746100664138794, 8532
14.754177331924438, 8531
14.75624704360962, 8530
14.776471853256226, 8529
14.776471853256226, 8528
14.827177047729492, 8527
14.865675210952759, 8526
14.88592004776001, 8525
14.906191110610962, 8524
14.918398141860962, 8523
14.928535461425781, 8522
14.928535461425781, 8521
14.948819398880005, 8520
15.019749879837036, 8519
15.019749879837036, 8518
15.029884815216064, 8517
15.040029287338257, 8516
15.050161838531494, 8515
15.060324430465698, 8514
15.070462942123413, 8513
15.070462942123413, 8512
15.08058786392212, 8511
15.100820541381836, 8510
15.1211416721344, 8509
15.13937258720398, 8508
15.181968450546265, 8507
15.192106246948242, 8506
15.192106246948242, 8505
15.233052253723145, 8504
15.233052253723145, 8503
15.261435270309448, 8502
15.293892860412598, 8501
15.293892860412598, 8500
15.293892860412598, 8499
15.312112092971802, 8498
15.314177513122559, 8497
15.314177513122559, 8496
15.334451913833618, 8495
15.352685689926147, 8494
15.352685689926147, 8493
15.354752779006958, 8492
15.385178565979004, 8491
15.385178565979004, 8490
15.385178565979004, 8489
15.446016550064087, 8488
15.446016550064087, 8487
15.506885528564453, 8486
15.506885528564453, 8485
15.53731369972229, 8484
15.53731369972229, 8483
15.53731369972229, 8482
15.547472476959229, 8481
15.557613134384155, 8480
15.588003158569336, 8479
15.588003158569336, 8478
15.598145008087158, 8477
15.608291149139404, 8476
15.608291149139404, 8475
15.608291149139404, 8474
15.608291149139404, 8473
15.646804571151733, 8472
15.648814916610718, 8471
15.648880004882812, 8470
15.669171571731567, 8469
15.687391996383667, 8468
15.68946123123169, 8467
15.730063676834106, 8466
15.740139484405518, 8465
15.770627737045288, 8464
15.770627737045288, 8463
15.770627737045288, 8462
15.778700590133667, 8461
15.780765771865845, 8460
15.780765771865845, 8459
15.79087495803833, 8458
15.798942804336548, 8457
15.801011562347412, 8456
15.850052833557129, 8455
15.882550239562988, 8454
15.912914752960205, 8453
15.93319582939148, 8452
15.943336009979248, 8451
15.943336009979248, 8450
15.961575269699097, 8449
15.983947515487671, 8448
15.983947515487671, 8447
15.994058609008789, 8446
16.004189252853394, 8445
16.01433825492859, 8444
16.022414684295654, 8443
16.034590005874634, 8442
16.034590005874634, 8441
16.044726848602295, 8440
16.044726848602295, 8439
16.05487608909607, 8438
16.06501317024231, 8437
16.073104858398438, 8436
16.073104858398438, 8435
16.07517123222351, 8434
16.105560302734375, 8433
16.15422010421753, 8432
16.15422010421753, 8431
16.156287908554077, 8430
16.16435408592224, 8429
16.206956386566162, 8428
16.21710443496704, 8427
16.21710443496704, 8426
16.235276699066162, 8425
16.237342357635498, 8424
16.2656352519989, 8423
16.27792263031006, 8422
16.28805947303772, 8421
16.302154302597046, 8420
16.31920289993286, 8419
16.349658489227295, 8418
16.349658489227295, 8417
16.35773205757141, 8416
16.36993956565857, 8415
16.38007402420044, 8414
16.38007402420044, 8413
16.390236377716064, 8412
16.400371074676514, 8411
16.400371074676514, 8410
16.42062520980835, 8409
16.44128942489624, 8408
16.451445817947388, 8407
16.451445817947388, 8406
16.451445817947388, 8405
16.46966552734375, 8404
16.492023468017578, 8403
16.522438764572144, 8402
16.522438764572144, 8401
16.532551288604736, 8400
16.532551288604736, 8399
16.560901880264282, 8398
16.56296730041504, 8397
16.68471670150757, 8396
16.68471670150757, 8395
16.692806482315063, 8394
16.694873332977295, 8393
16.702942609786987, 8392
16.705011129379272, 8391
16.7252676486969, 8390
16.7252676486969, 8389
16.75572395324707, 8388
16.75572395324707, 8387
16.784080505371094, 8386
16.794240951538086, 8385
16.84697723388672, 8384
16.85712218284607, 8383
16.877400398254395, 8382
16.917941093444824, 8381
16.93616032600403, 8380
16.938230991363525, 8379
16.96866750717163, 8378
16.97882866859436, 8377
17.04005217552185, 8376
17.048195362091064, 8375
17.070719480514526, 8374
17.070719480514526, 8373
17.11152672767639, 8372
17.121620178222656, 8371
17.121620178222656, 8370
17.15207839012146, 8369
17.172446250915527, 8368
17.54725980758667, 8367
17.567509412765503, 8366
17.577659130096436, 8365
17.577659130096436, 8364
17.5957190990448, 8363
17.61608123779297, 8362
17.63860845565796, 8361
17.6594078540802, 8360
17.690155506134033, 8359
17.71064591407776, 8358
17.7311372756958, 8357
17.739280700683594, 8356
17.741420030593872, 8355
17.741420030593872, 8354
17.803077936172485, 8353
17.813299894332886, 8352
17.854262351989746, 8351
17.854262351989746, 8350
17.86454701423645, 8349
17.88505792617798, 8348
17.895253896713257, 8347
17.936344146728516, 8346
17.965067148208618, 8345
18.01850199699402, 8344
18.01850199699402, 8343
18.17014789581299, 8342
18.182486534118652, 8341
18.21117353439331, 8340
18.244056940078735, 8339
18.275157928466797, 8338
18.336728811264038, 8337
18.336728811264038, 8336
18.344812393188477, 8335
18.36747455596924, 8334
18.36747455596924, 8333
18.36747455596924, 8332
18.377766132354736, 8331
18.38799786567688, 8330
18.39827799797058, 8329
18.39827799797058, 8328
18.439218282699585, 8327
18.65440607070923, 8326
18.67280101776123, 8325
18.685215950012207, 8324
18.70349955558777, 8323
18.70564031600952, 8322
18.70564031600952, 8321
18.715855836868286, 8320
18.746633052825928, 8319
18.75471520423889, 8318
18.777441024780273, 8317
18.78773021697998, 8316
18.808225631713867, 8315
18.826576709747314, 8314
18.84920883178711, 8313
18.869735717773438, 8312
18.911046266555786, 8311
18.939664840698242, 8310
18.970367193222046, 8309
18.970367193222046, 8308
19.023845434188843, 8307
19.044395446777344, 8306
19.044395446777344, 8305
19.075212240219116, 8304
19.085437059402466, 8303
19.095725059509277, 8302
19.12642788887024, 8301
19.12642788887024, 8300
19.146817684173584, 8299
19.146910905838013, 8298
19.146910905838013, 8297
19.157190322875977, 8296
19.157190322875977, 8295
19.218808889389038, 8294
19.249536991119385, 8293
19.25982093811035, 8292
19.288307428359985, 8291
19.308807134628296, 8290
19.308807134628296, 8289
19.310949563980103, 8288
19.341731071472168, 8287
19.349828958511353, 8286
19.382676362991333, 8285
19.39078664779663, 8284
19.40106463432312, 8283
19.4133460521698, 8282
19.42362928390503, 8281
19.506022691726685, 8280
19.506022691726685, 8279
19.536664724349976, 8278
19.54694628715515, 8277
19.555015563964844, 8276
19.59602403640747, 8275
19.598167657852173, 8274
19.60845446586609, 8273
19.637047052383423, 8272
19.639113664627075, 8271
19.65961003303528, 8270
19.68008852005005, 8269
19.70858931541443, 8268
19.71073007583618, 8267
19.729106187820435, 8266
19.77215576171875, 8265
19.82347798347473, 8264
19.82347798347473, 8263
19.87326216697693, 8262
19.885634183883667, 8261
19.90408182144165, 8260
19.92458200454712, 8259
19.92672634124756, 8258
19.934869050979614, 8257
19.934869050979614, 8256
19.947218894958496, 8255
19.947218894958496, 8254
19.975942850112915, 8253
20.00882053375244, 8252
20.049840927124023, 8251
20.049840927124023, 8250
20.070363759994507, 8249
20.08064842224121, 8248
20.12196922302246, 8247
20.132198095321655, 8246
20.162991523742676, 8245
20.173242568969727, 8244
20.232797384262085, 8243
20.245233297348022, 8242
20.265725135803223, 8241
20.27596378326416, 8240
20.3044855594635, 8239
20.337367296218872, 8238
20.34765386581421, 8237
20.376260995864868, 8236
20.386502027511597, 8235
20.388654947280884, 8234
20.396735668182373, 8233
20.417272567749023, 8232
20.419413566589355, 8231
20.43999457359314, 8230
20.43999457359314, 8229
20.49135947227478, 8228
20.51188850402832, 8227
20.542634963989258, 8226
20.550775051116943, 8225
20.58371376991272, 8224
20.58371376991272, 8223
20.59399962425232, 8222
20.60424041748047, 8221
20.61452078819275, 8220
20.645113945007324, 8219
20.65325427055359, 8218
20.696426153182983, 8217
20.706653594970703, 8216
20.716930389404297, 8215
20.73782181739807, 8214
20.748038291931152, 8213
20.768551349639893, 8212
20.77669382095337, 8211
20.78699517250061, 8210
20.819950819015503, 8209
20.828110933303833, 8208
20.830251455307007, 8207
20.85075879096985, 8206
20.871258020401, 8205
20.871258020401, 8204
20.891830682754517, 8203
20.940958976745605, 8202
20.951178073883057, 8201
20.99246120452881, 8200
21.023700714111328, 8199
21.061532974243164, 8198
21.108458757400513, 8197
21.124080419540405, 8196
21.139705896377563, 8195
21.139705896377563, 8194
21.139705896377563, 8193
21.155327796936035, 8192
21.161980867385864, 8191
21.17434287071228, 8190
21.218634366989136, 8189
21.22352910041809, 8188
21.346339225769043, 8187
21.346339225769043, 8186
21.410374641418457, 8185
21.428715467453003, 8184
21.43085479736328, 8183
21.47189998626709, 8182
21.49035143852234, 8181
21.533547163009644, 8180
21.543827772140503, 8179
21.574559450149536, 8178
21.59509015083313, 8177
21.605290174484253, 8176
21.623658418655396, 8175
21.63374638557434, 8174
21.66445517539978, 8173
21.66659927368164, 8172
21.707499980926514, 8171
21.738271951675415, 8170
21.74855065345764, 8169
21.74855065345764, 8168
21.77958655357361, 8167
21.787729740142822, 8166
21.82880687713623, 8165
21.859630584716797, 8164
21.892555475234985, 8163
21.96472406387329, 8162
22.02637243270874, 8161
22.034512996673584, 8160
22.04473042488098, 8159
22.057154178619385, 8158
22.087932586669922, 8157
22.087932586669922, 8156
22.087932586669922, 8155
22.098214149475098, 8154
22.108426809310913, 8153
22.126868724822998, 8152
22.157670259475708, 8151
22.170052528381348, 8150
22.2007794380188, 8149
22.208942890167236, 8148
22.26028847694397, 8147
22.262428283691406, 8146
22.262428283691406, 8145
22.2705237865448, 8144
22.28295087814331, 8143
22.28295087814331, 8142
22.31373405456543, 8141
22.31373405456543, 8140
22.32402801513672, 8139
22.33432960510254, 8138
22.33432960510254, 8137
22.406179666519165, 8136
22.406179666519165, 8135
22.436899185180664, 8134
22.436899185180664, 8133
22.447179317474365, 8132
22.45749306678772, 8131
22.50866985321045, 8130
22.539395570755005, 8129
22.53949522972107, 8128
22.570266485214233, 8127
22.593374729156494, 8126
22.611835718154907, 8125
22.6917245388031, 8124
22.69386863708496, 8123
22.714399337768555, 8122
22.734891891479492, 8121
22.734891891479492, 8120
22.765716791152954, 8119
22.7862389087677, 8118
22.827451467514038, 8117
22.85823130607605, 8116
22.878713130950928, 8115
22.93002700805664, 8114
22.971129179000854, 8113
23.012141227722168, 8112
23.02242350578308, 8111
23.073666095733643, 8110
23.073666095733643, 8109
23.073666095733643, 8108
23.073666095733643, 8107
23.0839581489563, 8106
23.092088222503662, 8105
23.15577793121338, 8104
23.174135446548462, 8103
23.186574697494507, 8102
23.19712781906128, 8101
23.21766710281372, 8100
23.29969835281372, 8099
23.338577032089233, 8098
23.381695985794067, 8097
23.430904150009155, 8096
23.46393060684204, 8095
23.48444652557373, 8094
23.492594480514526, 8093
23.49473738670349, 8092
23.525549173355103, 8091
23.53368902206421, 8090
23.5358304977417, 8089
23.5358304977417, 8088
23.543980598449707, 8087
23.543980598449707, 8086
23.57690954208374, 8085
23.57690954208374, 8084
23.595260620117188, 8083
23.607622861862183, 8082
23.648510932922363, 8081
23.65880846977234, 8080
23.699799299240112, 8079
23.720361709594727, 8078
23.73055148124695, 8077
23.73869514465332, 8076
23.997867107391357, 8075
24.006014108657837, 8074
24.006014108657837, 8073
24.00816011428833, 8072
24.028664112091064, 8071
24.038875102996826, 8070
24.057223320007324, 8069
24.07781195640564, 8068
24.088109254837036, 8067
24.110751628875732, 8066
24.139309644699097, 8065
24.14145255088806, 8064
24.14145255088806, 8063
24.182462692260742, 8062
24.346518754959106, 8061
24.35466504096985, 8060
24.395649433135986, 8059
24.41828489303589, 8058
24.42884373664856, 8057
24.457496404647827, 8056
24.45963740348816, 8055
24.469889163970947, 8054
24.469889163970947, 8053
24.478028774261475, 8052
24.480169534683228, 8051
24.50067448616028, 8050
24.539556980133057, 8049
24.592955350875854, 8048
24.603238821029663, 8047
24.603238821029663, 8046
24.613460063934326, 8045
24.623741149902344, 8044
24.633899450302124, 8043
24.664327383041382, 8042
24.723080158233643, 8041
24.73525857925415, 8040
24.743343591690063, 8039
24.78600764274597, 8038
24.78600764274597, 8037
24.79621171951294, 8036
24.85759449005127, 8035
24.8678879737854, 8034
24.878185033798218, 8033
24.898765087127686, 8032
24.91720938682556, 8031
24.939857721328735, 8030
24.960374116897583, 8029
24.99932861328125, 8028
25.009618520736694, 8027
25.03226900100708, 8026
25.042827129364014, 8025
25.042827129364014, 8024
25.11253523826599, 8023
25.114669799804688, 8022
25.12278652191162, 8021
25.14540934562683, 8020
25.155694246292114, 8019
25.163856983184814, 8018
25.20712661743164, 8017
25.22763442993164, 8016
25.245991468429565, 8015
25.319751501083374, 8014
25.32791781425476, 8013
25.411957502365112, 8012
25.440720319747925, 8011
25.442864179611206, 8010
25.483824491500854, 8009
25.51458191871643, 8008
25.535067319869995, 8007
25.55344319343567, 8006
25.555585145950317, 8005
25.573911428451538, 8004
25.59653329849243, 8003
25.678888082504272, 8002
25.709653854370117, 8001
25.72804617881775, 8000
25.7402663230896, 7999
25.760785818099976, 7998
25.789419412612915, 7997
25.809922456741333, 7996
25.85101056098938, 7995
25.863385438919067, 7994
25.87366819381714, 7993
25.963953018188477, 7992
25.96610379219055, 7991
25.984465837478638, 7990
25.98662042617798, 7989
25.98662042617798, 7988
26.128130674362183, 7987
26.212448835372925, 7986
26.284591913223267, 7985
26.346158504486084, 7984
26.369685649871826, 7983
26.386719703674316, 7982
26.908188104629517, 7981
26.910327911376953, 7980
26.92868447303772, 7979
26.951403379440308, 7978
26.992472887039185, 7977
27.074487447738647, 7976
27.136302947998047, 7975
27.146600484848022, 7974
27.37190818786621, 7973
27.433433771133423, 7972
27.441595554351807, 7971
27.484742403030396, 7970
27.505638360977173, 7969
27.669480323791504, 7968
27.739218950271606, 7967
27.782439947128296, 7966
27.833672046661377, 7965
27.843957901000977, 7964
27.96724772453308, 7963
27.987769603729248, 7962
27.987769603729248, 7961
27.998055934906006, 7960
28.059563398361206, 7959
28.121455430984497, 7958
28.141976833343506, 7957
28.141976833343506, 7956
28.160311698913574, 7955
28.16250467300415, 7954
28.170647859573364, 7953
28.19327473640442, 7952
28.23439598083496, 7951
28.244625329971313, 7950
28.28569793701172, 7949
28.295990705490112, 7948
28.326735973358154, 7947
28.3472421169281, 7946
28.35753321647644, 7945
28.36772608757019, 7944
28.388315439224243, 7943
28.39859676361084, 7942
28.437530755996704, 7941
28.531965017318726, 7940
28.562763214111328, 7939
28.591354370117188, 7938
28.634419202804565, 7937
28.7680561542511, 7936
29.391639709472656, 7935
29.412145853042603, 7934
29.545333862304688, 7933
29.545333862304688, 7932
29.565762519836426, 7931
29.576066255569458, 7930
29.658074617385864, 7929
29.748260736465454, 7928
29.812009811401367, 7927
29.822288990020752, 7926
29.883846759796143, 7925
29.89413094520569, 7924
29.914653539657593, 7923
29.924859523773193, 7922
29.95572543144226, 7921
29.95572543144226, 7920
29.966243028640747, 7919
30.191933393478394, 7918
30.220612049102783, 7917
30.29245352745056, 7916
30.356157064437866, 7915
30.4588406085968, 7914
30.499839067459106, 7913
30.499839067459106, 7912
30.52034592628479, 7911
30.551159381866455, 7910
30.551159381866455, 7909
30.57173728942871, 7908
31.146388053894043, 7907
31.17501974105835, 7906
31.18744707107544, 7905
31.236967086791992, 7904
31.2391037940979, 7903
31.321069478988647, 7902
31.339451551437378, 7901
31.485309600830078, 7900
31.536702156066895, 7899
31.59820032119751, 7898
31.628966331481934, 7897
31.669636964797974, 7896
31.677681922912598, 7895
31.731245279312134, 7894
31.792856693267822, 7893
31.834173679351807, 7892
31.926637172698975, 7891
31.93470001220703, 7890
32.00868773460388, 7889
32.01892614364624, 7888
32.100996255874634, 7887
32.12151098251343, 7886
32.141894817352295, 7885
32.213590145111084, 7884
32.2239089012146, 7883
32.23419642448425, 7882
32.252543449401855, 7881
32.293644428253174, 7880
32.31628370285034, 7879
32.4084529876709, 7878
32.42926239967346, 7877
32.94643187522888, 7876
32.94643187522888, 7875
32.9848997592926, 7874
33.05834484100342, 7873
33.10902643203735, 7872
33.14960265159607, 7871
33.157644510269165, 7870
33.157644510269165, 7869
33.220515966415405, 7868
33.28136873245239, 7867
33.332085371017456, 7866
33.45168852806091, 7865
33.613945960998535, 7864
33.63630962371826, 7863
33.6468563079834, 7862
33.6468563079834, 7861
33.6772940158844, 7860
33.80702304840088, 7859
33.81922388076782, 7858
33.82935953140259, 7857
33.920652627944946, 7856
33.97133278846741, 7855
34.153804540634155, 7854
34.16394519805908, 7853
34.21460580825806, 7852
34.23489499092102, 7851
34.263715505599976, 7850
34.263715505599976, 7849
34.32521963119507, 7848
34.3375723361969, 7847
34.3375723361969, 7846
34.34785747528076, 7845
34.34785747528076, 7844
34.39910936355591, 7843
34.563188791275024, 7842
34.58155298233032, 7841
34.60415744781494, 7840
34.62254762649536, 7839
34.66348600387573, 7838
34.66563153266907, 7837
34.66563153266907, 7836
34.66563153266907, 7835
34.89671730995178, 7834
34.927966594696045, 7833
34.96573305130005, 7832
34.99700140953064, 7831
35.12852382659912, 7830
35.32780122756958, 7829
35.42061686515808, 7828
35.42061686515808, 7827
35.42061686515808, 7826
35.67064189910889, 7825
35.72316598892212, 7824
35.783721923828125, 7823
36.03585433959961, 7822
36.086745738983154, 7821
36.15729737281799, 7820
36.40954923629761, 7819
36.42766499519348, 7818
36.550636529922485, 7817
36.64154410362244, 7816
36.67995357513428, 7815
36.75352382659912, 7814
36.804179430007935, 7813
36.84465146064758, 7812
36.87490677833557, 7811
36.9054229259491, 7810
36.95621943473816, 7809
37.03536033630371, 7808
37.04554891586304, 7807
37.088022232055664, 7806
37.12645745277405, 7805
37.12848687171936, 7804
37.324105739593506, 7803
37.324105739593506, 7802
37.46042847633362, 7801
37.72170090675354, 7800
37.79496431350708, 7799
37.945916414260864, 7798
37.95607113838196, 7797
38.120830059051514, 7796
38.169578075408936, 7795
38.20213723182678, 7794
38.434770345687866, 7793
38.50554394721985, 7792
38.577033281326294, 7791
38.577033281326294, 7790
38.61742687225342, 7789
38.68821358680725, 7788
38.746814250946045, 7787
39.15553569793701, 7786
39.22672915458679, 7785
39.40910625457764, 7784
39.54125952720642, 7783
39.54125952720642, 7782
39.976162910461426, 7781
39.99655556678772, 7780
40.12063384056091, 7779
40.17141580581665, 7778
40.31424379348755, 7777
40.31424379348755, 7776
40.344534397125244, 7775
40.36484622955322, 7774
40.375364780426025, 7773
40.42636227607727, 7772
40.467018842697144, 7771
40.48523831367493, 7770
40.56855058670044, 7769
40.56855058670044, 7768
40.576661825180054, 7767
40.74084258079529, 7766
40.99151825904846, 7765
41.12560963630676, 7764
41.176695585250854, 7763
41.17871952056885, 7762
41.18893051147461, 7761
41.23945951461792, 7760
41.28802728652954, 7759
41.34075403213501, 7758
41.351016998291016, 7757
41.401695728302, 7756
41.979591369628906, 7755
41.99983215332031, 7754
42.0099196434021, 7753
42.180137395858765, 7752
42.21264290809631, 7751
42.264267683029175, 7750
42.33523511886597, 7749
42.55695915222168, 7748
42.58731293678284, 7747
42.58934450149536, 7746
42.7311794757843, 7745
42.9928765296936, 7744
43.083958864212036, 7743
43.11631751060486, 7742
43.144683599472046, 7741
43.254150390625, 7740
43.4280891418457, 7739
43.45044445991516, 7738
43.4926962852478, 7737
43.513036012649536, 7736
43.513036012649536, 7735
43.68724489212036, 7734
43.72565317153931, 7733
43.91895318031311, 7732
44.02303910255432, 7731
44.03108334541321, 7730
44.137372970581055, 7729
44.259058237075806, 7728
44.259058237075806, 7727
44.44136714935303, 7726
44.45144462585449, 7725
44.552525997161865, 7724
45.18487048149109, 7723
45.18487048149109, 7722
45.266396284103394, 7721
45.44732356071472, 7720
45.5064218044281, 7719
45.669193983078, 7718
45.67122030258179, 7717
45.86498212814331, 7716
45.95635414123535, 7715
46.057621240615845, 7714
46.06771755218506, 7713
46.26077890396118, 7712
46.289170026779175, 7711
46.31966018676758, 7710
46.48395276069641, 7709
46.48395276069641, 7708
46.65699291229248, 7707
46.71807146072388, 7706
46.74860167503357, 7705
46.78937816619873, 7704
47.56014943122864, 7703
47.562278270721436, 7702
47.732770681381226, 7701
47.85502576828003, 7700
47.87747859954834, 7699
47.908597230911255, 7698
48.16875505447388, 7697
48.19329285621643, 7696
48.201335191726685, 7695
48.523497104644775, 7694
48.643604040145874, 7693
48.643604040145874, 7692
48.84677529335022, 7691
48.877346992492676, 7690
48.940300703048706, 7689
49.11320614814758, 7688
49.15401554107666, 7687
49.35960388183594, 7686
49.47160029411316, 7685
49.876307249069214, 7684
49.90902781486511, 7683
50.497735023498535, 7682
50.56887888908386, 7681
50.6297492980957, 7680
50.96592950820923, 7679
51.08957362174988, 7678
51.17061161994934, 7677
51.22243690490723, 7676
51.25212001800537, 7675
51.39364147186279, 7674
51.54565906524658, 7673
51.808250427246094, 7672
51.96004319190979, 7671
51.96004319190979, 7670
51.98032736778259, 7669
52.112735748291016, 7668
52.12083554267883, 7667
52.519832611083984, 7666
52.54010224342346, 7665
52.58071041107178, 7664
52.601866245269775, 7663
52.77414155006409, 7662
52.79442620277405, 7661
52.804482221603394, 7660
52.85528564453125, 7659
53.017693519592285, 7658
53.493735790252686, 7657
53.996787309646606, 7656
54.00687909126282, 7655
54.141029834747314, 7654
54.18150472640991, 7653
54.28278851509094, 7652
55.88504719734192, 7651
56.163036823272705, 7650
56.31781458854675, 7649
56.74476933479309, 7648
56.754891872406006, 7647
57.31292676925659, 7646
57.42425084114075, 7645
57.741228103637695, 7644
57.85323786735535, 7643
59.24921369552612, 7642
59.57636570930481, 7641
59.6979444026947, 7640
59.71811866760254, 7639
59.77866554260254, 7638
59.869704246520996, 7637
59.89799237251282, 7636
60.083889961242676, 7635
60.17505884170532, 7634
60.40861439704895, 7633
60.530332803726196, 7632
60.54056096076965, 7631
60.96997618675232, 7630
61.01083064079285, 7629
61.21400284767151, 7628
61.24453163146973, 7627
61.32411170005798, 7626
61.60537385940552, 7625
61.690030336380005, 7624
61.79031205177307, 7623
61.98272132873535, 7622
62.07372236251831, 7621
62.54063177108765, 7620
62.581146240234375, 7619
62.76311993598938, 7618
63.24868321418762, 7617
63.29141855239868, 7616
63.766944885253906, 7615
63.87877321243286, 7614
64.09375381469727, 7613
64.18537878990173, 7612
64.28511071205139, 7611
64.61273622512817, 7610
64.6734471321106, 7609
64.76351165771484, 7608
65.23249912261963, 7607
65.26078510284424, 7606
65.37398052215576, 7605
65.85165762901306, 7604
66.0144875049591, 7603
66.21830868721008, 7602
66.42117094993591, 7601
66.49212908744812, 7600
66.50237321853638, 7599
66.52271318435669, 7598
66.73618626594543, 7597
66.76662135124207, 7596
66.80581879615784, 7595
67.06200051307678, 7594
68.23013210296631, 7593
68.69754838943481, 7592
68.78900742530823, 7591
68.9309651851654, 7590
69.40830588340759, 7589
69.52999663352966, 7588
69.65982460975647, 7587
69.75358939170837, 7586
69.77578377723694, 7585
69.91313099861145, 7584
70.19679164886475, 7583
70.38896322250366, 7582
70.51069140434265, 7581
70.69264626502991, 7580
71.07711338996887, 7579
71.62504029273987, 7578
71.80542802810669, 7577
71.88853549957275, 7576
71.98996114730835, 7575
72.0204873085022, 7574
72.37709951400757, 7573
72.72159814834595, 7572
73.33871912956238, 7571
73.45821952819824, 7570
73.82464551925659, 7569
73.90536379814148, 7568
74.47215867042542, 7567
74.63445854187012, 7566
74.65269804000854, 7565
74.82715678215027, 7564
75.01945114135742, 7563
75.02756524085999, 7562
75.64914298057556, 7561
75.66945815086365, 7560
75.77294874191284, 7559
76.80317711830139, 7558
77.21335053443909, 7557
77.26503705978394, 7556
77.40634942054749, 7555
77.53160405158997, 7554
77.6238260269165, 7553
77.98823523521423, 7552
78.09413433074951, 7551
78.42825937271118, 7550
78.71774530410767, 7549
79.22109341621399, 7548
79.3340163230896, 7547
80.586190700531, 7546
80.67843985557556, 7545
80.76053595542908, 7544
80.78105306625366, 7543
80.87373352050781, 7542
80.99720311164856, 7541
81.02799034118652, 7540
81.80610799789429, 7539
82.57232022285461, 7538
82.81890201568604, 7537
83.08534216880798, 7536
83.15719532966614, 7535
83.17769956588745, 7534
84.72673559188843, 7533
85.2606258392334, 7532
85.6171772480011, 7531
85.78328800201416, 7530
86.05812954902649, 7529
86.29390215873718, 7528
86.43535423278809, 7527
86.55897665023804, 7526
87.42260813713074, 7525
87.44312953948975, 7524
87.53547549247742, 7523
87.7918598651886, 7522
87.9865071773529, 7521
88.00486898422241, 7520
88.88894271850586, 7519
89.91658973693848, 7518
90.19363903999329, 7517
90.86013531684875, 7516
91.34226989746094, 7515
92.54972624778748, 7514
94.05916833877563, 7513
94.15041136741638, 7512
96.27300715446472, 7511
96.95011711120605, 7510
98.46149730682373, 7509
98.86734461784363, 7508
98.94522452354431, 7507
99.49445390701294, 7506
99.78991627693176, 7505
100.11848974227905, 7504
100.65318250656128, 7503
101.08626055717468, 7502
101.60785603523254, 7501
101.74437379837036, 7500
102.16374182701111, 7499
102.61495542526245, 7498
103.05811929702759, 7497
103.15048050880432, 7496
104.15496301651001, 7495
104.38314175605774, 7494
104.99685859680176, 7493
105.31676387786865, 7492
105.41938066482544, 7491
105.62432384490967, 7490
105.69527697563171, 7489
106.4759271144867, 7488
106.71147894859314, 7487
107.00231313705444, 7486
107.60066866874695, 7485
107.76944541931152, 7484
108.444993019104, 7483
108.69733333587646, 7482
108.75189590454102, 7481
108.8223946094513, 7480
110.73534679412842, 7479
111.74218916893005, 7478
111.8148443698883, 7477
111.90959119796753, 7476
112.22782111167908, 7475
112.28600788116455, 7474
112.39049625396729, 7473
112.90152883529663, 7472
113.08592224121094, 7471
113.18467307090759, 7470
113.2554407119751, 7469
113.93843746185303, 7468
114.99656534194946, 7467
115.4747416973114, 7466
115.7426016330719, 7465
116.44243049621582, 7464
116.9625473022461, 7463
119.35654783248901, 7462
119.5619101524353, 7461
119.66692113876343, 7460
119.96663236618042, 7459
120.57490968704224, 7458
121.31086921691895, 7457
121.51854586601257, 7456
122.3072578907013, 7455
122.5445168018341, 7454
122.57887244224548, 7453
122.63911890983582, 7452
123.40696406364441, 7451
125.96420335769653, 7450
126.19810891151428, 7449
126.7720685005188, 7448
128.31048011779785, 7447
128.9603147506714, 7446
129.96751022338867, 7445
130.8505997657776, 7444
132.32881784439087, 7443
132.37765073776245, 7442
132.59711122512817, 7441
132.69798302650452, 7440
132.72420859336853, 7439
133.70094513893127, 7438
136.1588945388794, 7437
137.27581477165222, 7436
137.55270266532898, 7435
138.21941208839417, 7434
138.6811399459839, 7433
138.9171588420868, 7432
140.30319619178772, 7431
142.45493698120117, 7430
143.2914707660675, 7429
143.4435272216797, 7428
143.55296111106873, 7427
144.11291360855103, 7426
144.6450355052948, 7425
145.47565078735352, 7424
145.51437258720398, 7423
145.57808017730713, 7422
145.6395332813263, 7421
146.72709202766418, 7420
146.9016716480255, 7419
147.26110816001892, 7418
147.95744800567627, 7417
148.0508735179901, 7416
148.90243482589722, 7415
150.22623562812805, 7414
150.35953831672668, 7413
153.12580823898315, 7412
153.15666103363037, 7411
153.25916409492493, 7410
154.4773690700531, 7409
154.65153312683105, 7408
154.92009615898132, 7407
157.02244448661804, 7406
157.03058242797852, 7405
157.13312029838562, 7404
157.63986992835999, 7403
158.76859188079834, 7402
159.35106468200684, 7401
161.7308385372162, 7400
162.9392466545105, 7399
163.13856506347656, 7398
163.41124629974365, 7397
163.79912662506104, 7396
164.12897086143494, 7395
168.33396100997925, 7394
169.6331169605255, 7393
170.47184467315674, 7392
172.21547484397888, 7391
172.70574140548706, 7390
173.09794235229492, 7389
173.12866878509521, 7388
173.8875367641449, 7387
174.04161977767944, 7386
175.1470775604248, 7385
175.20681142807007, 7384
175.96811747550964, 7383
176.02954411506653, 7382
176.25516176223755, 7381
176.5837378501892, 7380
176.7067461013794, 7379
176.80927920341492, 7378
178.09216284751892, 7377
178.19476342201233, 7376
178.55373358726501, 7375
183.9778609275818, 7374
185.3194727897644, 7373
185.92654514312744, 7372
186.2345552444458, 7371
187.9166078567505, 7370
188.40955662727356, 7369
189.17882227897644, 7368
190.1226418018341, 7367
195.34476232528687, 7366
196.26791310310364, 7365
196.37056040763855, 7364
197.02645802497864, 7363
198.24767184257507, 7362
204.04260087013245, 7361
204.3820457458496, 7360
211.48701810836792, 7359
214.97789096832275, 7358
218.0615108013153, 7357
219.32400369644165, 7356
222.81558680534363, 7355
223.91130542755127, 7354
224.6905415058136, 7353
225.40825390815735, 7352
226.75180292129517, 7351
232.51028108596802, 7350
232.8669981956482, 7349
233.18757963180542, 7348
234.86166858673096, 7347
236.25690460205078, 7346
240.54070615768433, 7345
244.25061202049255, 7344
246.2433738708496, 7343
248.4757537841797, 7342
251.47219467163086, 7341
252.87874937057495, 7340
255.2382619380951, 7339
255.91501379013062, 7338
258.04217863082886, 7337
258.8758683204651, 7336
261.8842098712921, 7335
265.15211033821106, 7334
265.77767157554626, 7333
266.06692695617676, 7332
269.72910165786743, 7331
275.0182764530182, 7330
275.02851390838623, 7329
278.08548307418823, 7328
283.42150950431824, 7327
298.50355410575867, 7326
300.7615520954132, 7325
308.4090266227722, 7324
310.6510241031647, 7323
311.06684851646423, 7322
314.9143486022949, 7321
315.3073890209198, 7320
315.8893859386444, 7319
318.1356694698334, 7318
318.32039856910706, 7317
321.32372069358826, 7316
333.1317093372345, 7315
342.3443524837494, 7314
343.93648648262024, 7313
345.83106899261475, 7312
350.17024970054626, 7311
352.98104071617126, 7310
354.80241894721985, 7309
359.0155041217804, 7308
369.0702428817749, 7307
373.26176834106445, 7306
374.73967480659485, 7305
380.827574968338, 7304
380.9096143245697, 7303
387.418338060379, 7302
393.10072445869446, 7301
398.0156309604645, 7300
400.9344310760498, 7299
402.28381729125977, 7298
403.8964695930481, 7297
405.2769618034363, 7296
408.5306625366211, 7295
408.73292112350464, 7294
413.37075757980347, 7293
418.90926337242126, 7292
426.0318500995636, 7291
436.62803745269775, 7290
443.82795333862305, 7289
444.1501317024231, 7288
453.4983558654785, 7287
459.42660331726074, 7286
470.605651140213, 7285
471.4960231781006, 7284
475.22958493232727, 7283
486.3966369628906, 7282
493.7322533130646, 7281
494.6334493160248, 7280
496.5033221244812, 7279
505.6919939517975, 7278
506.6572403907776, 7277
510.56835103034973, 7276
510.7995603084564, 7275
537.0489723682404, 7274
537.7453262805939, 7273
541.8741266727448, 7272
545.6688692569733, 7271
555.3228657245636, 7270
563.5284118652344, 7269
569.8903589248657, 7268
570.3366236686707, 7267
577.4284219741821, 7266
587.9485881328583, 7265
588.9415884017944, 7264
591.0993292331696, 7263
591.5256726741791, 7262
