0.18275022506713867, 11023
0.18275022506713867, 11022
0.19284939765930176, 11021
0.19284939765930176, 11020
0.19284939765930176, 11019
0.19284939765930176, 11018
0.20101094245910645, 11017
0.20101094245910645, 11016
0.20101094245910645, 11015
0.20101094245910645, 11014
0.20101094245910645, 11013
0.21111607551574707, 11012
0.2131338119506836, 11011
0.2131338119506836, 11010
0.2131338119506836, 11009
0.22337675094604492, 11008
0.22871947288513184, 11007
0.2297368049621582, 11006
0.23127388954162598, 11005
0.23444533348083496, 11004
0.24365878105163574, 11003
0.24365878105163574, 11002
0.2520115375518799, 11001
0.2520115375518799, 11000
0.26204419136047363, 10999
0.2640538215637207, 10998
0.2640538215637207, 10997
0.2640538215637207, 10996
0.2744131088256836, 10995
0.2744131088256836, 10994
0.2744131088256836, 10993
0.28245115280151367, 10992
0.28449106216430664, 10991
0.2945868968963623, 10990
0.2945868968963623, 10989
0.2945868968963623, 10988
0.2945868968963623, 10987
0.2945868968963623, 10986
0.30503129959106445, 10985
0.30503129959106445, 10984
0.31307244300842285, 10983
0.3152005672454834, 10982
0.3152005672454834, 10981
0.32338905334472656, 10980
0.32338905334472656, 10979
0.32338905334472656, 10978
0.32338905334472656, 10977
0.33345961570739746, 10976
0.33564281463623047, 10975
0.34371328353881836, 10974
0.3457612991333008, 10973
0.3457612991333008, 10972
0.3457612991333008, 10971
0.3457612991333008, 10970
0.3538658618927002, 10969
0.35652875900268555, 10968
0.35652875900268555, 10967
0.35652875900268555, 10966
0.3646068572998047, 10965
0.3666515350341797, 10964
0.3666515350341797, 10963
0.37504053115844727, 10962
0.37504053115844727, 10961
0.37504053115844727, 10960
0.37504053115844727, 10959
0.3875126838684082, 10958
0.3875126838684082, 10957
0.3875126838684082, 10956
0.39555931091308594, 10955
0.3976247310638428, 10954
0.40579962730407715, 10953
0.4079265594482422, 10952
0.4079265594482422, 10951
0.4079265594482422, 10950
0.4079265594482422, 10949
0.41605114936828613, 10948
0.4181828498840332, 10947
0.42626094818115234, 10946
0.42626094818115234, 10945
0.42832231521606445, 10944
0.42832231521606445, 10943
0.42832231521606445, 10942
0.43892860412597656, 10941
0.43892860412597656, 10940
0.447007417678833, 10939
0.447007417678833, 10938
0.4490816593170166, 10937
0.4490816593170166, 10936
0.4592413902282715, 10935
0.4592413902282715, 10934
0.4592413902282715, 10933
0.4592413902282715, 10932
0.4592413902282715, 10931
0.46974873542785645, 10930
0.46974873542785645, 10929
0.46974873542785645, 10928
0.4778563976287842, 10927
0.4799225330352783, 10926
0.4799225330352783, 10925
0.4799225330352783, 10924
0.4799225330352783, 10923
0.4799225330352783, 10922
0.4879930019378662, 10921
0.49005961418151855, 10920
0.49005961418151855, 10919
0.49005961418151855, 10918
0.49005961418151855, 10917
0.4981369972229004, 10916
0.4981369972229004, 10915
0.5002100467681885, 10914
0.5002100467681885, 10913
0.5002100467681885, 10912
0.5002100467681885, 10911
0.5082793235778809, 10910
0.5103490352630615, 10909
0.5103490352630615, 10908
0.5103490352630615, 10907
0.5103490352630615, 10906
0.5184009075164795, 10905
0.520470380783081, 10904
0.520470380783081, 10903
0.5285449028015137, 10902
0.5306136608123779, 10901
0.5306136608123779, 10900
0.5306136608123779, 10899
0.5306136608123779, 10898
0.5386507511138916, 10897
0.5386507511138916, 10896
0.540719747543335, 10895
0.540719747543335, 10894
0.540719747543335, 10893
0.540719747543335, 10892
0.5487504005432129, 10891
0.5508129596710205, 10890
0.558875560760498, 10889
0.560894250869751, 10888
0.560894250869751, 10887
0.560894250869751, 10886
0.560894250869751, 10885
0.5689575672149658, 10884
0.5710139274597168, 10883
0.5710139274597168, 10882
0.5710139274597168, 10881
0.5710139274597168, 10880
0.5710139274597168, 10879
0.5811986923217773, 10878
0.5811986923217773, 10877
0.5811986923217773, 10876
0.5892624855041504, 10875
0.5913212299346924, 10874
0.5913212299346924, 10873
0.5913212299346924, 10872
0.5913212299346924, 10871
0.5913212299346924, 10870
0.6014523506164551, 10869
0.6014523506164551, 10868
0.6094973087310791, 10867
0.6196823120117188, 10866
0.6217424869537354, 10865
0.6217424869537354, 10864
0.6217424869537354, 10863
0.6217424869537354, 10862
0.6297993659973145, 10861
0.6318585872650146, 10860
0.6318585872650146, 10859
0.6318585872650146, 10858
0.6318585872650146, 10857
0.6419963836669922, 10856
0.6419963836669922, 10855
0.6419963836669922, 10854
0.6419963836669922, 10853
0.6500623226165771, 10852
0.6500623226165771, 10851
0.65212082862854, 10850
0.65212082862854, 10849
0.65212082862854, 10848
0.6601977348327637, 10847
0.6601977348327637, 10846
0.6622524261474609, 10845
0.6622524261474609, 10844
0.6622524261474609, 10843
0.6622524261474609, 10842
0.6703226566314697, 10841
0.6723735332489014, 10840
0.6723735332489014, 10839
0.6723735332489014, 10838
0.6723735332489014, 10837
0.6804797649383545, 10836
0.6825413703918457, 10835
0.6825413703918457, 10834
0.6825413703918457, 10833
0.6825413703918457, 10832
0.6825413703918457, 10831
0.6825413703918457, 10830
0.6905932426452637, 10829
0.6926469802856445, 10828
0.6926469802856445, 10827
0.6926469802856445, 10826
0.6926469802856445, 10825
0.7007334232330322, 10824
0.7007334232330322, 10823
0.7027885913848877, 10822
0.7027885913848877, 10821
0.7027885913848877, 10820
0.7027885913848877, 10819
0.7027885913848877, 10818
0.710850715637207, 10817
0.7129147052764893, 10816
0.7129147052764893, 10815
0.7129147052764893, 10814
0.7129147052764893, 10813
0.7129147052764893, 10812
0.7129147052764893, 10811
0.7209899425506592, 10810
0.7230443954467773, 10809
0.7230443954467773, 10808
0.7311253547668457, 10807
0.7331819534301758, 10806
0.7331819534301758, 10805
0.7331819534301758, 10804
0.7331819534301758, 10803
0.7331819534301758, 10802
0.7434134483337402, 10801
0.7434134483337402, 10800
0.7434134483337402, 10799
0.7434134483337402, 10798
0.7434134483337402, 10797
0.7514595985412598, 10796
0.7535402774810791, 10795
0.7535402774810791, 10794
0.7535402774810791, 10793
0.7535402774810791, 10792
0.7616357803344727, 10791
0.763695478439331, 10790
0.763695478439331, 10789
0.7738099098205566, 10788
0.7738099098205566, 10787
0.7738099098205566, 10786
0.7738099098205566, 10785
0.7738099098205566, 10784
0.7839603424072266, 10783
0.7839603424072266, 10782
0.7940759658813477, 10781
0.7940759658813477, 10780
0.7940759658813477, 10779
0.7940759658813477, 10778
0.7940759658813477, 10777
0.8041677474975586, 10776
0.8142774105072021, 10775
0.8142774105072021, 10774
0.8142774105072021, 10773
0.8244667053222656, 10772
0.8244667053222656, 10771
0.8244667053222656, 10770
0.8345789909362793, 10769
0.8345789909362793, 10768
0.8345789909362793, 10767
0.8345789909362793, 10766
0.8345789909362793, 10765
0.8345789909362793, 10764
0.842648983001709, 10763
0.8447062969207764, 10762
0.8447062969207764, 10761
0.8527731895446777, 10760
0.854827880859375, 10759
0.854827880859375, 10758
0.854827880859375, 10757
0.854827880859375, 10756
0.854827880859375, 10755
0.854827880859375, 10754
0.8649728298187256, 10753
0.8649728298187256, 10752
0.8750832080841064, 10751
0.8750832080841064, 10750
0.8750832080841064, 10749
0.8750832080841064, 10748
0.8750832080841064, 10747
0.8750832080841064, 10746
0.8832197189331055, 10745
0.8853030204772949, 10744
0.8853030204772949, 10743
0.8853030204772949, 10742
0.8853030204772949, 10741
0.8853030204772949, 10740
0.893383264541626, 10739
0.8954620361328125, 10738
0.8954620361328125, 10737
0.9035093784332275, 10736
0.9055883884429932, 10735
0.9055883884429932, 10734
0.9055883884429932, 10733
0.913668155670166, 10732
0.9157497882843018, 10731
0.9157497882843018, 10730
0.9157497882843018, 10729
0.9238049983978271, 10728
0.9258852005004883, 10727
0.9258852005004883, 10726
0.9258852005004883, 10725
0.9258852005004883, 10724
0.9258852005004883, 10723
0.9339690208435059, 10722
0.9360344409942627, 10721
0.9360344409942627, 10720
0.9360344409942627, 10719
0.9360344409942627, 10718
0.946162223815918, 10717
0.946162223815918, 10716
0.9542500972747803, 10715
0.9563291072845459, 10714
0.9669568538665771, 10713
0.9669568538665771, 10712
0.9669568538665771, 10711
0.9669568538665771, 10710
0.9770951271057129, 10709
0.9875404834747314, 10708
0.9956099987030029, 10707
0.9976809024810791, 10706
0.9976809024810791, 10705
0.9976809024810791, 10704
1.005765438079834, 10703
1.005765438079834, 10702
1.0078327655792236, 10701
1.0078327655792236, 10700
1.0078327655792236, 10699
1.0179741382598877, 10698
1.0179741382598877, 10697
1.0280749797821045, 10696
1.0280749797821045, 10695
1.0280749797821045, 10694
1.0280749797821045, 10693
1.0382163524627686, 10692
1.0382163524627686, 10691
1.0382163524627686, 10690
1.0382163524627686, 10689
1.0382163524627686, 10688
1.0382163524627686, 10687
1.0483248233795166, 10686
1.0563993453979492, 10685
1.0584676265716553, 10684
1.0584676265716553, 10683
1.0665149688720703, 10682
1.0685853958129883, 10681
1.0685853958129883, 10680
1.0685853958129883, 10679
1.076594591140747, 10678
1.0766572952270508, 10677
1.0787241458892822, 10676
1.0787241458892822, 10675
1.0787241458892822, 10674
1.088890790939331, 10673
1.1071052551269531, 10672
1.1091716289520264, 10671
1.1091716289520264, 10670
1.1172480583190918, 10669
1.1192560195922852, 10668
1.1193170547485352, 10667
1.1193170547485352, 10666
1.1273579597473145, 10665
1.1294212341308594, 10664
1.1294212341308594, 10663
1.1294212341308594, 10662
1.1294212341308594, 10661
1.1294212341308594, 10660
1.1294212341308594, 10659
1.1294212341308594, 10658
1.137493371963501, 10657
1.1395587921142578, 10656
1.1395587921142578, 10655
1.1395587921142578, 10654
1.1395587921142578, 10653
1.149700403213501, 10652
1.149700403213501, 10651
1.159834384918213, 10650
1.159834384918213, 10649
1.1699378490447998, 10648
1.1699378490447998, 10647
1.1699378490447998, 10646
1.180082082748413, 10645
1.180082082748413, 10644
1.180082082748413, 10643
1.190202236175537, 10642
1.190202236175537, 10641
1.190202236175537, 10640
1.190202236175537, 10639
1.200319766998291, 10638
1.200319766998291, 10637
1.2084009647369385, 10636
1.21046781539917, 10635
1.21046781539917, 10634
1.2208905220031738, 10633
1.2208905220031738, 10632
1.2289459705352783, 10631
1.231201171875, 10630
1.231201171875, 10629
1.239344835281372, 10628
1.239344835281372, 10627
1.249464988708496, 10626
1.2597641944885254, 10625
1.2597641944885254, 10624
1.2618305683135986, 10623
1.2618305683135986, 10622
1.2618305683135986, 10621
1.2724764347076416, 10620
1.2724764347076416, 10619
1.2724764347076416, 10618
1.2805545330047607, 10617
1.2826025485992432, 10616
1.2826025485992432, 10615
1.292987585067749, 10614
1.3010239601135254, 10613
1.3134536743164062, 10612
1.3134536743164062, 10611
1.3134536743164062, 10610
1.3341200351715088, 10609
1.3341200351715088, 10608
1.344508409500122, 10607
1.344508409500122, 10606
1.3572800159454346, 10605
1.3630943298339844, 10604
1.364659070968628, 10603
1.3932979106903076, 10602
1.4033079147338867, 10601
1.4033079147338867, 10600
1.4033079147338867, 10599
1.4173245429992676, 10598
1.4173245429992676, 10597
1.431323528289795, 10596
1.431323528289795, 10595
1.431323528289795, 10594
1.4453237056732178, 10593
1.4453237056732178, 10592
1.4453237056732178, 10591
1.4593207836151123, 10590
1.4593207836151123, 10589
1.4593207836151123, 10588
1.4593207836151123, 10587
1.4733214378356934, 10586
1.4733214378356934, 10585
1.4733214378356934, 10584
1.4733214378356934, 10583
1.4733214378356934, 10582
1.4873201847076416, 10581
1.4873201847076416, 10580
1.4873201847076416, 10579
1.4873201847076416, 10578
1.4873201847076416, 10577
1.5013210773468018, 10576
1.5033318996429443, 10575
1.5033318996429443, 10574
1.5033318996429443, 10573
1.5033318996429443, 10572
1.5033318996429443, 10571
1.5033318996429443, 10570
1.5173437595367432, 10569
1.5173437595367432, 10568
1.5173437595367432, 10567
1.5173437595367432, 10566
1.5173437595367432, 10565
1.5173437595367432, 10564
1.5173437595367432, 10563
1.5313470363616943, 10562
1.5313470363616943, 10561
1.5313470363616943, 10560
1.5453438758850098, 10559
1.5453438758850098, 10558
1.5453438758850098, 10557
1.5453438758850098, 10556
1.5593435764312744, 10555
1.5593435764312744, 10554
1.5593435764312744, 10553
1.5593435764312744, 10552
1.5593435764312744, 10551
1.5593435764312744, 10550
1.5733437538146973, 10549
1.5733437538146973, 10548
1.5733437538146973, 10547
1.5733437538146973, 10546
1.587345838546753, 10545
1.587345838546753, 10544
1.587345838546753, 10543
1.587345838546753, 10542
1.6033549308776855, 10541
1.6033549308776855, 10540
1.6033549308776855, 10539
1.6033549308776855, 10538
1.6033549308776855, 10537
1.6033549308776855, 10536
1.6173672676086426, 10535
1.6173672676086426, 10534
1.6173672676086426, 10533
1.6173672676086426, 10532
1.6173672676086426, 10531
1.631368637084961, 10530
1.631368637084961, 10529
1.631368637084961, 10528
1.631368637084961, 10527
1.631368637084961, 10526
1.631368637084961, 10525
1.631368637084961, 10524
1.631368637084961, 10523
1.6453678607940674, 10522
1.6453678607940674, 10521
1.659367561340332, 10520
1.659367561340332, 10519
1.6733675003051758, 10518
1.6733675003051758, 10517
1.6873672008514404, 10516
1.6873672008514404, 10515
1.6873672008514404, 10514
1.6873672008514404, 10513
1.6873672008514404, 10512
1.6873672008514404, 10511
1.6873672008514404, 10510
1.7013676166534424, 10509
1.7034640312194824, 10508
1.7055258750915527, 10507
1.7055258750915527, 10506
1.7135899066925049, 10505
1.7156291007995605, 10504
1.7156291007995605, 10503
1.7156291007995605, 10502
1.7156291007995605, 10501
1.7156291007995605, 10500
1.725757360458374, 10499
1.7338249683380127, 10498
1.735887050628662, 10497
1.735887050628662, 10496
1.735887050628662, 10495
1.7540841102600098, 10494
1.7540841102600098, 10493
1.7641444206237793, 10492
1.774275302886963, 10491
1.7762961387634277, 10490
1.7762961387634277, 10489
1.7762961387634277, 10488
1.7762961387634277, 10487
1.7865052223205566, 10486
1.7865052223205566, 10485
1.79457688331604, 10484
1.7966423034667969, 10483
1.7966423034667969, 10482
1.806884765625, 10481
1.8273570537567139, 10480
1.8273570537567139, 10479
1.8354756832122803, 10478
1.8475878238677979, 10477
1.8761587142944336, 10476
1.8782219886779785, 10475
1.8782219886779785, 10474
1.8782219886779785, 10473
1.9028639793395996, 10472
1.9194459915161133, 10471
1.9275341033935547, 10470
1.9295616149902344, 10469
1.9295616149902344, 10468
1.9396324157714844, 10467
1.9396324157714844, 10466
1.9396324157714844, 10465
1.94773530960083, 10464
1.949768304824829, 10463
1.949768304824829, 10462
1.949768304824829, 10461
1.949768304824829, 10460
1.949768304824829, 10459
1.9578335285186768, 10458
1.9598729610443115, 10457
1.9598729610443115, 10456
1.9598729610443115, 10455
1.967878818511963, 10454
1.9679489135742188, 10453
1.9700112342834473, 10452
1.9700112342834473, 10451
1.9700112342834473, 10450
1.9700112342834473, 10449
1.978072166442871, 10448
1.978072166442871, 10447
1.9801318645477295, 10446
1.9882111549377441, 10445
1.9902756214141846, 10444
1.9983270168304443, 10443
2.0003883838653564, 10442
2.0003883838653564, 10441
2.0003883838653564, 10440
2.0003883838653564, 10439
2.0105254650115967, 10438
2.0105254650115967, 10437
2.0105254650115967, 10436
2.018615484237671, 10435
2.02069091796875, 10434
2.02069091796875, 10433
2.02069091796875, 10432
2.0287516117095947, 10431
2.03080415725708, 10430
2.03080415725708, 10429
2.03080415725708, 10428
2.0409507751464844, 10427
2.0490424633026123, 10426
2.0511207580566406, 10425
2.0511207580566406, 10424
2.061295509338379, 10423
2.061295509338379, 10422
2.0714504718780518, 10421
2.0714504718780518, 10420
2.0714504718780518, 10419
2.081618547439575, 10418
2.081618547439575, 10417
2.0896708965301514, 10416
2.091745138168335, 10415
2.091745138168335, 10414
2.091745138168335, 10413
2.0998408794403076, 10412
2.101918935775757, 10411
2.101918935775757, 10410
2.101918935775757, 10409
2.1120479106903076, 10408
2.1222081184387207, 10407
2.1222081184387207, 10406
2.1323914527893066, 10405
2.1323914527893066, 10404
2.1323914527893066, 10403
2.1323914527893066, 10402
2.1323914527893066, 10401
2.140472888946533, 10400
2.142542600631714, 10399
2.1506402492523193, 10398
2.1527295112609863, 10397
2.1527295112609863, 10396
2.1527295112609863, 10395
2.1527295112609863, 10394
2.1607422828674316, 10393
2.1628870964050293, 10392
2.1628870964050293, 10391
2.1628870964050293, 10390
2.170947313308716, 10389
2.1730217933654785, 10388
2.1730217933654785, 10387
2.183175563812256, 10386
2.183175563812256, 10385
2.183175563812256, 10384
2.1936919689178467, 10383
2.1936919689178467, 10382
2.1936919689178467, 10381
2.1936919689178467, 10380
2.2017762660980225, 10379
2.2038497924804688, 10378
2.2038497924804688, 10377
2.2118635177612305, 10376
2.2119476795196533, 10375
2.214048385620117, 10374
2.214048385620117, 10373
2.214048385620117, 10372
2.222139835357666, 10371
2.2242166996002197, 10370
2.242417812347412, 10369
2.244489908218384, 10368
2.244489908218384, 10367
2.252535581588745, 10366
2.254605770111084, 10365
2.254605770111084, 10364
2.254605770111084, 10363
2.2647156715393066, 10362
2.272785186767578, 10361
2.272785186767578, 10360
2.272785186767578, 10359
2.272785186767578, 10358
2.272785186767578, 10357
2.284846305847168, 10356
2.284846305847168, 10355
2.292888641357422, 10354
2.292888641357422, 10353
2.292888641357422, 10352
2.3029303550720215, 10351
2.3049914836883545, 10350
2.315150260925293, 10349
2.315150260925293, 10348
2.32322359085083, 10347
2.325291872024536, 10346
2.325291872024536, 10345
2.33337664604187, 10344
2.33337664604187, 10343
2.3354461193084717, 10342
2.3354461193084717, 10341
2.3354461193084717, 10340
2.3354461193084717, 10339
2.343512535095215, 10338
2.3455190658569336, 10337
2.345585823059082, 10336
2.345585823059082, 10335
2.355717897415161, 10334
2.355717897415161, 10333
2.3658559322357178, 10332
2.3658559322357178, 10331
2.3759524822235107, 10330
2.3759524822235107, 10329
2.3759524822235107, 10328
2.3840155601501465, 10327
2.3860795497894287, 10326
2.3860795497894287, 10325
2.3941235542297363, 10324
2.3961610794067383, 10323
2.4042258262634277, 10322
2.4062795639038086, 10321
2.4062795639038086, 10320
2.4062795639038086, 10319
2.4062795639038086, 10318
2.416391134262085, 10317
2.424449920654297, 10316
2.426509380340576, 10315
2.436636447906494, 10314
2.436636447906494, 10313
2.436636447906494, 10312
2.4467506408691406, 10311
2.4467506408691406, 10310
2.4568777084350586, 10309
2.4568777084350586, 10308
2.4568777084350586, 10307
2.4669973850250244, 10306
2.4669973850250244, 10305
2.475037097930908, 10304
2.477095603942871, 10303
2.477095603942871, 10302
2.477095603942871, 10301
2.485170602798462, 10300
2.487229824066162, 10299
2.505413055419922, 10298
2.507474184036255, 10297
2.5175704956054688, 10296
2.5175704956054688, 10295
2.527690887451172, 10294
2.527690887451172, 10293
2.527690887451172, 10292
2.5479843616485596, 10291
2.5479843616485596, 10290
2.556025743484497, 10289
2.5580859184265137, 10288
2.566148281097412, 10287
2.5682010650634766, 10286
2.5682010650634766, 10285
2.578303337097168, 10284
2.578303337097168, 10283
2.578303337097168, 10282
2.578303337097168, 10281
2.578303337097168, 10280
2.578303337097168, 10279
2.5884296894073486, 10278
2.5884296894073486, 10277
2.5985453128814697, 10276
2.5985453128814697, 10275
2.5985453128814697, 10274
2.6086630821228027, 10273
2.6086630821228027, 10272
2.6086630821228027, 10271
2.639064311981201, 10270
2.6592910289764404, 10269
2.6592910289764404, 10268
2.6694157123565674, 10267
2.6694157123565674, 10266
2.6774208545684814, 10265
2.6774837970733643, 10264
2.6795477867126465, 10263
2.6896860599517822, 10262
2.6977524757385254, 10261
2.699817657470703, 10260
2.699817657470703, 10259
2.699817657470703, 10258
2.699817657470703, 10257
2.707892417907715, 10256
2.707892417907715, 10255
2.7099497318267822, 10254
2.7180802822113037, 10253
2.7201032638549805, 10252
2.7201032638549805, 10251
2.7201032638549805, 10250
2.7281739711761475, 10249
2.730196714401245, 10248
2.7382700443267822, 10247
2.7382700443267822, 10246
2.748319625854492, 10245
2.748319625854492, 10244
2.7503368854522705, 10243
2.7503368854522705, 10242
2.7583749294281006, 10241
2.7583749294281006, 10240
2.768461227416992, 10239
2.7705330848693848, 10238
2.7705330848693848, 10237
2.7705330848693848, 10236
2.7705330848693848, 10235
2.7935330867767334, 10234
2.7991108894348145, 10233
2.8117644786834717, 10232
2.842172384262085, 10231
2.842172384262085, 10230
2.8523001670837402, 10229
2.860368013381958, 10228
2.8624231815338135, 10227
2.8624231815338135, 10226
2.893234968185425, 10225
2.9116806983947754, 10224
2.9137537479400635, 10223
2.9242327213287354, 10222
2.9242327213287354, 10221
2.934476852416992, 10220
2.944608449935913, 10219
2.944608449935913, 10218
2.9629740715026855, 10217
2.9650142192840576, 10216
2.975355386734009, 10215
2.975355386734009, 10214
2.975355386734009, 10213
2.975355386734009, 10212
2.985447645187378, 10211
2.985447645187378, 10210
3.014308452606201, 10209
3.0472888946533203, 10208
3.0472888946533203, 10207
3.055628776550293, 10206
3.055628776550293, 10205
3.077922821044922, 10204
3.077922821044922, 10203
3.077922821044922, 10202
3.077922821044922, 10201
3.0880684852600098, 10200
3.0880684852600098, 10199
3.0981862545013428, 10198
3.0981862545013428, 10197
3.1062755584716797, 10196
3.1083474159240723, 10195
3.116396903991699, 10194
3.1184699535369873, 10193
3.1184699535369873, 10192
3.128638505935669, 10191
3.138758897781372, 10190
3.1588940620422363, 10189
3.166917085647583, 10188
3.168931007385254, 10187
3.168931007385254, 10186
3.168931007385254, 10185
3.168931007385254, 10184
3.177004098892212, 10183
3.1790249347686768, 10182
3.187046766281128, 10181
3.189070701599121, 10180
3.189070701599121, 10179
3.189070701599121, 10178
3.189070701599121, 10177
3.1992383003234863, 10176
3.2093517780303955, 10175
3.2093517780303955, 10174
3.2195558547973633, 10173
3.2195558547973633, 10172
3.2195558547973633, 10171
3.227612257003784, 10170
3.2499351501464844, 10169
3.2600796222686768, 10168
3.2600796222686768, 10167
3.268139362335205, 10166
3.2701961994171143, 10165
3.2701961994171143, 10164
3.2701961994171143, 10163
3.2701961994171143, 10162
3.2783002853393555, 10161
3.2803702354431152, 10160
3.2803702354431152, 10159
3.290485382080078, 10158
3.290485382080078, 10157
3.298572301864624, 10156
3.300644874572754, 10155
3.3107845783233643, 10154
3.3107845783233643, 10153
3.3310465812683105, 10152
3.339094400405884, 10151
3.341162919998169, 10150
3.341162919998169, 10149
3.341162919998169, 10148
3.349243402481079, 10147
3.349243402481079, 10146
3.35129714012146, 10145
3.35129714012146, 10144
3.35129714012146, 10143
3.3614578247070312, 10142
3.3715786933898926, 10141
3.3715786933898926, 10140
3.3897786140441895, 10139
3.399960517883301, 10138
3.399960517883301, 10137
3.4020192623138428, 10136
3.4020192623138428, 10135
3.4020192623138428, 10134
3.4100799560546875, 10133
3.4121315479278564, 10132
3.4121315479278564, 10131
3.4121315479278564, 10130
3.4121315479278564, 10129
3.4226386547088623, 10128
3.4226386547088623, 10127
3.4306693077087402, 10126
3.432724952697754, 10125
3.432724952697754, 10124
3.432724952697754, 10123
3.442875862121582, 10122
3.442875862121582, 10121
3.452991485595703, 10120
3.452991485595703, 10119
3.471191167831421, 10118
3.471191167831421, 10117
3.4732396602630615, 10116
3.4732396602630615, 10115
3.4732396602630615, 10114
3.4732396602630615, 10113
3.4732396602630615, 10112
3.4813270568847656, 10111
3.4813270568847656, 10110
3.483393669128418, 10109
3.483393669128418, 10108
3.491473913192749, 10107
3.491473913192749, 10106
3.491473913192749, 10105
3.491473913192749, 10104
3.491473913192749, 10103
3.491473913192749, 10102
3.491473913192749, 10101
3.491473913192749, 10100
3.504101037979126, 10099
3.5062084197998047, 10098
3.5093634128570557, 10097
3.5103752613067627, 10096
3.511925220489502, 10095
3.51607608795166, 10094
3.51607608795166, 10093
3.51607608795166, 10092
3.51607608795166, 10091
3.5221362113952637, 10090
3.5241856575012207, 10089
3.5322678089141846, 10088
3.5343265533447266, 10087
3.5343265533447266, 10086
3.542384624481201, 10085
3.544440746307373, 10084
3.544440746307373, 10083
3.544440746307373, 10082
3.554593324661255, 10081
3.554593324661255, 10080
3.5647449493408203, 10079
3.5647449493408203, 10078
3.5749168395996094, 10077
3.5749168395996094, 10076
3.5749168395996094, 10075
3.5749168395996094, 10074
3.5749168395996094, 10073
3.582982063293457, 10072
3.582982063293457, 10071
3.5951154232025146, 10070
3.5951154232025146, 10069
3.605226755142212, 10068
3.605226755142212, 10067
3.605226755142212, 10066
3.6132967472076416, 10065
3.6153724193573, 10064
3.6153724193573, 10063
3.6153724193573, 10062
3.6153724193573, 10061
3.625481367111206, 10060
3.625481367111206, 10059
3.625481367111206, 10058
3.625481367111206, 10057
3.6335713863372803, 10056
3.6335713863372803, 10055
3.635629892349243, 10054
3.635629892349243, 10053
3.635629892349243, 10052
3.635629892349243, 10051
3.645745277404785, 10050
3.6538307666778564, 10049
3.676124095916748, 10048
3.686375379562378, 10047
3.686375379562378, 10046
3.686375379562378, 10045
3.686375379562378, 10044
3.696613311767578, 10043
3.696613311767578, 10042
3.7046890258789062, 10041
3.7046890258789062, 10040
3.7046890258789062, 10039
3.7046890258789062, 10038
3.7046890258789062, 10037
3.714698076248169, 10036
3.714698076248169, 10035
3.714698076248169, 10034
3.7287466526031494, 10033
3.7427120208740234, 10032
3.7567245960235596, 10031
3.7567245960235596, 10030
3.7707343101501465, 10029
3.7707343101501465, 10028
3.7847273349761963, 10027
3.7847273349761963, 10026
3.8287994861602783, 10025
3.8429110050201416, 10024
3.8429110050201416, 10023
3.8568460941314697, 10022
3.8568460941314697, 10021
3.870863199234009, 10020
3.870863199234009, 10019
3.8987765312194824, 10018
3.8987765312194824, 10017
3.912776231765747, 10016
3.91479229927063, 10015
3.928809642791748, 10014
3.928809642791748, 10013
3.928809642791748, 10012
3.928809642791748, 10011
3.942810297012329, 10010
3.942810297012329, 10009
3.970832109451294, 10008
3.970832109451294, 10007
3.970832109451294, 10006
3.98484468460083, 10005
3.9988174438476562, 10004
4.037261009216309, 10003
4.037261009216309, 10002
4.047358274459839, 10001
4.047358274459839, 10000
4.241828203201294, 9999
4.241828203201294, 9998
4.241828203201294, 9997
4.241828203201294, 9996
4.241828203201294, 9995
4.255828857421875, 9994
4.255828857421875, 9993
4.287945985794067, 9992
4.296001672744751, 9991
4.308454513549805, 9990
4.308454513549805, 9989
4.316544532775879, 9988
4.316544532775879, 9987
4.326570272445679, 9986
4.326570272445679, 9985
4.328589677810669, 9984
4.336645126342773, 9983
4.338661432266235, 9982
4.338661432266235, 9981
4.338661432266235, 9980
4.348684549331665, 9979
4.358849048614502, 9978
4.368994474411011, 9977
4.368994474411011, 9976
4.3770716190338135, 9975
4.379129409790039, 9974
4.379129409790039, 9973
4.389252662658691, 9972
4.389252662658691, 9971
4.389252662658691, 9970
4.389252662658691, 9969
4.399342775344849, 9968
4.399342775344849, 9967
4.409455060958862, 9966
4.419636011123657, 9965
4.419636011123657, 9964
4.427693605422974, 9963
4.439949989318848, 9962
4.439949989318848, 9961
4.439949989318848, 9960
4.439949989318848, 9959
4.470321893692017, 9958
4.486003160476685, 9957
4.493106842041016, 9956
4.494152545928955, 9955
4.5013957023620605, 9954
4.51154088973999, 9953
4.521718740463257, 9952
4.5427515506744385, 9951
4.553209066390991, 9950
4.553209066390991, 9949
4.583645343780518, 9948
4.591694116592407, 9947
4.591694116592407, 9946
4.593764066696167, 9945
4.622188329696655, 9944
4.622188329696655, 9943
4.634758949279785, 9942
4.642925977706909, 9941
4.686319828033447, 9940
4.696477890014648, 9939
4.7045578956604, 9938
4.7045578956604, 9937
4.7351038455963135, 9936
4.7351038455963135, 9935
4.747198581695557, 9934
4.757335424423218, 9933
4.767507553100586, 9932
4.767507553100586, 9931
4.767507553100586, 9930
4.767507553100586, 9929
4.777633905410767, 9928
4.785672664642334, 9927
4.785672664642334, 9926
4.79575777053833, 9925
4.797797918319702, 9924
4.80586838722229, 9923
4.807922601699829, 9922
4.815972089767456, 9921
4.815972089767456, 9920
4.815972089767456, 9919
4.815972089767456, 9918
4.826004505157471, 9917
4.836150884628296, 9916
4.846235513687134, 9915
4.846235513687134, 9914
4.848278760910034, 9913
4.858417987823486, 9912
4.858417987823486, 9911
4.879011631011963, 9910
4.889163017272949, 9909
4.889163017272949, 9908
4.899376392364502, 9907
4.907439231872559, 9906
4.907439231872559, 9905
4.919853448867798, 9904
4.93003249168396, 9903
4.938390016555786, 9902
4.971359968185425, 9901
4.981496572494507, 9900
4.991826295852661, 9899
4.991826295852661, 9898
4.991826295852661, 9897
5.002215385437012, 9896
5.012328147888184, 9895
5.03272008895874, 9894
5.03272008895874, 9893
5.03272008895874, 9892
5.03272008895874, 9891
5.0413477420806885, 9890
5.043410301208496, 9889
5.043410301208496, 9888
5.043410301208496, 9887
5.05148720741272, 9886
5.053545713424683, 9885
5.053545713424683, 9884
5.061621427536011, 9883
5.063653945922852, 9882
5.063653945922852, 9881
5.063653945922852, 9880
5.071715593338013, 9879
5.071715593338013, 9878
5.071715593338013, 9877
5.084110736846924, 9876
5.094233989715576, 9875
5.104359149932861, 9874
5.104359149932861, 9873
5.104359149932861, 9872
5.114495038986206, 9871
5.124640941619873, 9870
5.124640941619873, 9869
5.124640941619873, 9868
5.134754419326782, 9867
5.134754419326782, 9866
5.14495849609375, 9865
5.14495849609375, 9864
5.155075788497925, 9863
5.165173768997192, 9862
5.165173768997192, 9861
5.173241376876831, 9860
5.173241376876831, 9859
5.193830251693726, 9858
5.205944776535034, 9857
5.205944776535034, 9856
5.205944776535034, 9855
5.226312637329102, 9854
5.252103328704834, 9853
5.261972427368164, 9852
5.277115345001221, 9851
5.277115345001221, 9850
5.29113507270813, 9849
5.305147409439087, 9848
5.3331382274627686, 9847
5.3471174240112305, 9846
5.369163513183594, 9845
5.369163513183594, 9844
5.383148193359375, 9843
5.383148193359375, 9842
5.397145986557007, 9841
5.397145986557007, 9840
5.411204099655151, 9839
5.411204099655151, 9838
5.425145387649536, 9837
5.453149795532227, 9836
5.469208240509033, 9835
5.4831931591033936, 9834
5.4831931591033936, 9833
5.4831931591033936, 9832
5.525179386138916, 9831
5.525179386138916, 9830
5.525179386138916, 9829
5.569296598434448, 9828
5.569296598434448, 9827
5.5972678661346436, 9826
5.5972678661346436, 9825
5.625275135040283, 9824
5.639304876327515, 9823
5.6553661823272705, 9822
5.669501304626465, 9821
5.669501304626465, 9820
5.669501304626465, 9819
5.669501304626465, 9818
5.683500289916992, 9817
5.683500289916992, 9816
5.683500289916992, 9815
5.697436332702637, 9814
5.697436332702637, 9813
5.697436332702637, 9812
5.697436332702637, 9811
5.725435495376587, 9810
5.725435495376587, 9809
5.725435495376587, 9808
5.725435495376587, 9807
5.725435495376587, 9806
5.725435495376587, 9805
5.725435495376587, 9804
5.725435495376587, 9803
5.739435434341431, 9802
5.739435434341431, 9801
5.739435434341431, 9800
5.739435434341431, 9799
5.7656190395355225, 9798
5.7656190395355225, 9797
5.767679452896118, 9796
5.767679452896118, 9795
5.767679452896118, 9794
5.777801990509033, 9793
5.818307638168335, 9792
5.826382637023926, 9791
5.85671854019165, 9790
5.858785152435303, 9789
5.866831064224243, 9788
5.866831064224243, 9787
5.877393960952759, 9786
5.879433870315552, 9785
5.879433870315552, 9784
5.889567613601685, 9783
5.889567613601685, 9782
5.889567613601685, 9781
5.901833534240723, 9780
5.9029576778411865, 9779
5.910003185272217, 9778
5.92004656791687, 9777
5.92004656791687, 9776
5.92004656791687, 9775
5.930116891860962, 9774
5.930116891860962, 9773
5.930116891860962, 9772
5.930116891860962, 9771
5.940252780914307, 9770
5.940252780914307, 9769
5.940252780914307, 9768
5.9483115673065186, 9767
5.9503748416900635, 9766
5.9503748416900635, 9765
5.9605090618133545, 9764
5.9605090618133545, 9763
5.9605090618133545, 9762
5.968565464019775, 9761
5.97062087059021, 9760
5.97062087059021, 9759
5.9909117221832275, 9758
5.998983144760132, 9757
6.001038551330566, 9756
6.021303653717041, 9755
6.021303653717041, 9754
6.021303653717041, 9753
6.021303653717041, 9752
6.021303653717041, 9751
6.029357671737671, 9750
6.031412839889526, 9749
6.041551351547241, 9748
6.041551351547241, 9747
6.061794281005859, 9746
6.061794281005859, 9745
6.069825649261475, 9744
6.092085361480713, 9743
6.092085361480713, 9742
6.092085361480713, 9741
6.123272657394409, 9740
6.1417388916015625, 9739
6.153967618942261, 9738
6.215991258621216, 9737
6.215991258621216, 9736
6.226160764694214, 9735
6.236563682556152, 9734
6.236563682556152, 9733
6.236563682556152, 9732
6.246693134307861, 9731
6.254705905914307, 9730
6.256849050521851, 9729
6.256849050521851, 9728
6.256849050521851, 9727
6.266968011856079, 9726
6.266968011856079, 9725
6.275044202804565, 9724
6.285175085067749, 9723
6.2974700927734375, 9722
6.3177289962768555, 9721
6.325792074203491, 9720
6.32781457901001, 9719
6.3381664752960205, 9718
6.348288297653198, 9717
6.368562698364258, 9716
6.378698348999023, 9715
6.389394998550415, 9714
6.43006706237793, 9713
6.440240383148193, 9712
6.450528860092163, 9711
6.450528860092163, 9710
6.458613157272339, 9709
6.458613157272339, 9708
6.460681200027466, 9707
6.470760822296143, 9706
6.470760822296143, 9705
6.470760822296143, 9704
6.48091197013855, 9703
6.492062091827393, 9702
6.502279281616211, 9701
6.5204362869262695, 9700
6.5204362869262695, 9699
6.532558441162109, 9698
6.553528785705566, 9697
6.572040796279907, 9696
6.584279298782349, 9695
6.602864503860474, 9694
6.645789384841919, 9693
6.645789384841919, 9692
6.674224853515625, 9691
6.674224853515625, 9690
6.686548709869385, 9689
6.696685075759888, 9688
6.696685075759888, 9687
6.745086908340454, 9686
6.757150888442993, 9685
6.765183448791504, 9684
6.767192363739014, 9683
6.78746485710144, 9682
6.797623157501221, 9681
6.815798997879028, 9680
6.815798997879028, 9679
6.817825078964233, 9678
6.817825078964233, 9677
6.827962636947632, 9676
6.827962636947632, 9675
6.827962636947632, 9674
6.836023807525635, 9673
6.848178148269653, 9672
6.856271743774414, 9671
6.858336925506592, 9670
6.911201477050781, 9669
6.925206422805786, 9668
6.981233358383179, 9667
6.9977867603302, 9666
6.9977867603302, 9665
7.0118372440338135, 9664
7.0118372440338135, 9663
7.0118372440338135, 9662
7.0118372440338135, 9661
7.025837182998657, 9660
7.025837182998657, 9659
7.025837182998657, 9658
7.025837182998657, 9657
7.039839029312134, 9656
7.039839029312134, 9655
7.039839029312134, 9654
7.067834854125977, 9653
7.067834854125977, 9652
7.090194225311279, 9651
7.092312574386597, 9650
7.110197305679321, 9649
7.110197305679321, 9648
7.120305061340332, 9647
7.140579700469971, 9646
7.170964002609253, 9645
7.181103467941284, 9644
7.181103467941284, 9643
7.18934440612793, 9642
7.191413879394531, 9641
7.191413879394531, 9640
7.191413879394531, 9639
7.191413879394531, 9638
7.201697826385498, 9637
7.201697826385498, 9636
7.2098212242126465, 9635
7.2098212242126465, 9634
7.211871862411499, 9633
7.222136735916138, 9632
7.25285267829895, 9631
7.263192892074585, 9630
7.304469347000122, 9629
7.312518119812012, 9628
7.314710378646851, 9627
7.322793245315552, 9626
7.335453748703003, 9625
7.335453748703003, 9624
7.345564126968384, 9623
7.356095790863037, 9622
7.356095790863037, 9621
7.364146947860718, 9620
7.364146947860718, 9619
7.36619234085083, 9618
7.374531984329224, 9617
7.376628637313843, 9616
7.387022495269775, 9615
7.395116806030273, 9614
7.3971967697143555, 9613
7.3971967697143555, 9612
7.405261039733887, 9611
7.415388345718384, 9610
7.4174416065216064, 9609
7.4174416065216064, 9608
7.445796966552734, 9607
7.447857618331909, 9606
7.455937385559082, 9605
7.45799446105957, 9604
7.45799446105957, 9603
7.45799446105957, 9602
7.46811056137085, 9601
7.478290796279907, 9600
7.4884302616119385, 9599
7.4884302616119385, 9598
7.498546838760376, 9597
7.506609916687012, 9596
7.508673906326294, 9595
7.508673906326294, 9594
7.508673906326294, 9593
7.518851280212402, 9592
7.518851280212402, 9591
7.52690315246582, 9590
7.528957843780518, 9589
7.528957843780518, 9588
7.528957843780518, 9587
7.557353258132935, 9586
7.5695319175720215, 9585
7.5695319175720215, 9584
7.5695319175720215, 9583
7.577603816986084, 9582
7.609493017196655, 9581
7.618781089782715, 9580
7.6288628578186035, 9579
7.641237735748291, 9578
7.662003993988037, 9577
7.670228719711304, 9576
7.682384014129639, 9575
7.713224172592163, 9574
7.73150897026062, 9573
7.733659267425537, 9572
7.741722345352173, 9571
7.754229545593262, 9570
7.754229545593262, 9569
7.754229545593262, 9568
7.7643351554870605, 9567
7.7643351554870605, 9566
7.7744691371917725, 9565
7.784601449966431, 9564
7.784601449966431, 9563
7.794720411300659, 9562
7.804834842681885, 9561
7.804834842681885, 9560
7.812878608703613, 9559
7.814936876296997, 9558
7.814936876296997, 9557
7.814936876296997, 9556
7.814936876296997, 9555
7.822993278503418, 9554
7.825053691864014, 9553
7.8656535148620605, 9552
7.8656535148620605, 9551
7.873768329620361, 9550
7.894117116928101, 9549
7.896140813827515, 9548
7.924448013305664, 9547
7.924448013305664, 9546
7.926508665084839, 9545
7.93666934967041, 9544
7.93666934967041, 9543
7.93666934967041, 9542
7.93666934967041, 9541
7.93666934967041, 9540
7.93666934967041, 9539
7.956894159317017, 9538
7.956894159317017, 9537
7.967009782791138, 9536
7.967009782791138, 9535
7.967009782791138, 9534
7.975086212158203, 9533
7.977142810821533, 9532
7.977142810821533, 9531
7.98725438117981, 9530
8.007493495941162, 9529
8.015566110610962, 9528
8.017623662948608, 9527
8.017623662948608, 9526
8.025693893432617, 9525
8.027759075164795, 9524
8.037908792495728, 9523
8.037908792495728, 9522
8.048065900802612, 9521
8.048065900802612, 9520
8.05618691444397, 9519
8.05824065208435, 9518
8.078537940979004, 9517
8.088652849197388, 9516
8.088652849197388, 9515
8.098743438720703, 9514
8.098743438720703, 9513
8.098743438720703, 9512
8.139238357543945, 9511
8.147299766540527, 9510
8.149355173110962, 9509
8.149355173110962, 9508
8.15743374824524, 9507
8.15743374824524, 9506
8.169522047042847, 9505
8.179620504379272, 9504
8.1876802444458, 9503
8.18973159790039, 9502
8.20804476737976, 9501
8.21009874343872, 9500
8.21009874343872, 9499
8.218185663223267, 9498
8.218185663223267, 9497
8.24075198173523, 9496
8.24075198173523, 9495
8.24075198173523, 9494
8.248795509338379, 9493
8.251086235046387, 9492
8.302245378494263, 9491
8.312361240386963, 9490
8.312361240386963, 9489
8.330975770950317, 9488
8.37354063987732, 9487
8.381622076034546, 9486
8.381622076034546, 9485
8.383679389953613, 9484
8.383679389953613, 9483
8.401867628097534, 9482
8.403940677642822, 9481
8.403940677642822, 9480
8.424201488494873, 9479
8.444454431533813, 9478
8.454562425613403, 9477
8.462656259536743, 9476
8.462656259536743, 9475
8.47483777999878, 9474
8.47483777999878, 9473
8.482921600341797, 9472
8.482921600341797, 9471
8.484979152679443, 9470
8.484979152679443, 9469
8.505242109298706, 9468
8.505242109298706, 9467
8.505242109298706, 9466
8.505242109298706, 9465
8.523432731628418, 9464
8.527525663375854, 9463
8.535691976547241, 9462
8.537938117980957, 9461
8.538992881774902, 9460
8.545599460601807, 9459
8.545599460601807, 9458
8.555721282958984, 9457
8.555721282958984, 9456
8.565788745880127, 9455
8.573910236358643, 9454
8.586076021194458, 9453
8.586076021194458, 9452
8.586076021194458, 9451
8.596165180206299, 9450
8.596165180206299, 9449
8.596165180206299, 9448
8.606221437454224, 9447
8.624529361724854, 9446
8.635042667388916, 9445
8.635042667388916, 9444
8.635042667388916, 9443
8.645108461380005, 9442
8.657492876052856, 9441
8.657492876052856, 9440
8.667728900909424, 9439
8.678099393844604, 9438
8.688563108444214, 9437
8.688563108444214, 9436
8.688563108444214, 9435
8.706817150115967, 9434
8.706817150115967, 9433
8.719532251358032, 9432
8.727592706680298, 9431
8.729673862457275, 9430
8.729673862457275, 9429
8.729673862457275, 9428
8.74836277961731, 9427
8.760995388031006, 9426
8.76925015449524, 9425
8.76925015449524, 9424
8.791507244110107, 9423
8.791507244110107, 9422
8.791507244110107, 9421
8.799582242965698, 9420
8.986273050308228, 9419
8.994377136230469, 9418
8.994377136230469, 9417
8.996437788009644, 9416
8.996437788009644, 9415
9.004495620727539, 9414
9.00655221939087, 9413
9.027084827423096, 9412
9.047743558883667, 9411
9.055819272994995, 9410
9.068115234375, 9409
9.068115234375, 9408
9.0761878490448, 9407
9.078242301940918, 9406
9.0887291431427, 9405
9.097006559371948, 9404
9.099069118499756, 9403
9.117549180984497, 9402
9.127596139907837, 9401
9.127596139907837, 9400
9.16973876953125, 9399
9.197612762451172, 9398
9.211607933044434, 9397
9.22761607170105, 9396
9.22761607170105, 9395
9.22761607170105, 9394
9.241624116897583, 9393
9.297624588012695, 9392
9.297624588012695, 9391
9.311623573303223, 9390
9.311623573303223, 9389
9.32768440246582, 9388
9.32768440246582, 9387
9.33987545967102, 9386
9.33987545967102, 9385
9.349985599517822, 9384
9.370172023773193, 9383
9.388347625732422, 9382
9.39039659500122, 9381
9.39039659500122, 9380
9.400667905807495, 9379
9.408730030059814, 9378
9.420938491821289, 9377
9.420938491821289, 9376
9.420938491821289, 9375
9.449181079864502, 9374
9.451385259628296, 9373
9.459456443786621, 9372
9.489973306655884, 9371
9.489973306655884, 9370
9.489973306655884, 9369
9.512671947479248, 9368
9.53342342376709, 9367
9.553906917572021, 9366
9.564048767089844, 9365
9.564048767089844, 9364
9.57211422920227, 9363
9.58430814743042, 9362
9.592362642288208, 9361
9.594418048858643, 9360
9.594418048858643, 9359
9.602484941482544, 9358
9.604490995407104, 9357
9.655400514602661, 9356
9.655400514602661, 9355
9.685737609863281, 9354
9.685737609863281, 9353
9.703959465026855, 9352
9.706018447875977, 9351
9.724202394485474, 9350
9.724202394485474, 9349
9.726258993148804, 9348
9.726258993148804, 9347
9.756596803665161, 9346
9.756596803665161, 9345
9.784845352172852, 9344
9.78690791130066, 9343
9.78690791130066, 9342
9.797022581100464, 9341
9.807155132293701, 9340
9.807155132293701, 9339
9.807155132293701, 9338
9.835439205169678, 9337
9.837493419647217, 9336
9.845552444458008, 9335
9.857743501663208, 9334
9.867878437042236, 9333
9.867878437042236, 9332
9.875932455062866, 9331
9.877986669540405, 9330
9.877986669540405, 9329
9.88808822631836, 9328
9.898202419281006, 9327
9.898202419281006, 9326
9.906285285949707, 9325
9.90834379196167, 9324
9.90834379196167, 9323
9.92854928970337, 9322
9.92854928970337, 9321
9.92854928970337, 9320
9.948763370513916, 9319
9.956820249557495, 9318
9.958875894546509, 9317
9.958875894546509, 9316
9.966962099075317, 9315
9.96902060508728, 9314
9.96902060508728, 9313
9.96902060508728, 9312
9.96902060508728, 9311
9.979135274887085, 9310
9.979135274887085, 9309
9.989246368408203, 9308
9.989246368408203, 9307
9.999358654022217, 9306
10.019605875015259, 9305
10.019605875015259, 9304
10.029741525650024, 9303
10.049938917160034, 9302
10.049938917160034, 9301
10.060062885284424, 9300
10.060062885284424, 9299
10.070109367370605, 9298
10.070161819458008, 9297
10.080272674560547, 9296
10.090365171432495, 9295
10.100478649139404, 9294
10.110634088516235, 9293
10.130844354629517, 9292
10.130844354629517, 9291
10.151518821716309, 9290
10.161628007888794, 9289
10.171714544296265, 9288
10.171714544296265, 9287
10.18183159828186, 9286
10.200001001358032, 9285
10.212173223495483, 9284
10.222292184829712, 9283
10.232423305511475, 9282
10.232423305511475, 9281
10.232423305511475, 9280
10.232423305511475, 9279
10.25268030166626, 9278
10.25268030166626, 9277
10.260737419128418, 9276
10.26280164718628, 9275
10.272915124893188, 9274
10.29105806350708, 9273
10.293112993240356, 9272
10.30117392539978, 9271
10.30323052406311, 9270
10.323501348495483, 9269
10.34574818611145, 9268
10.346761226654053, 9267
10.35179877281189, 9266
10.371902465820312, 9265
10.371902465820312, 9264
10.371902465820312, 9263
10.371902465820312, 9262
10.371902465820312, 9261
10.399913787841797, 9260
10.399913787841797, 9259
10.427947759628296, 9258
10.427947759628296, 9257
10.455915212631226, 9256
10.455915212631226, 9255
10.472013711929321, 9254
10.484241247177124, 9253
10.484241247177124, 9252
10.494352102279663, 9251
10.494352102279663, 9250
10.502434730529785, 9249
10.504494190216064, 9248
10.504494190216064, 9247
10.514651775360107, 9246
10.522711992263794, 9245
10.522711992263794, 9244
10.524779558181763, 9243
10.524779558181763, 9242
10.53491759300232, 9241
10.53491759300232, 9240
10.5450439453125, 9239
10.5450439453125, 9238
10.5450439453125, 9237
10.553112745285034, 9236
10.553112745285034, 9235
10.555173397064209, 9234
10.555173397064209, 9233
10.575448989868164, 9232
10.575448989868164, 9231
10.585545778274536, 9230
10.595672130584717, 9229
10.60581660270691, 9228
10.63618278503418, 9227
10.64631724357605, 9226
10.666522026062012, 9225
10.676638126373291, 9224
10.676638126373291, 9223
10.686795473098755, 9222
10.696911573410034, 9221
10.707030534744263, 9220
10.707030534744263, 9219
10.707030534744263, 9218
10.71509075164795, 9217
10.727396488189697, 9216
10.747608184814453, 9215
10.768246412277222, 9214
10.776301383972168, 9213
10.778357744216919, 9212
10.778357744216919, 9211
10.788452863693237, 9210
10.94020390510559, 9209
10.94020390510559, 9208
10.94020390510559, 9207
10.950570821762085, 9206
10.950570821762085, 9205
10.991002321243286, 9204
11.011204957962036, 9203
11.029404878616333, 9202
11.041577339172363, 9201
11.049615383148193, 9200
11.049615383148193, 9199
11.05164647102356, 9198
11.05164647102356, 9197
11.059687852859497, 9196
11.071842908859253, 9195
11.071842908859253, 9194
11.081949710845947, 9193
11.08998417854309, 9192
11.102124214172363, 9191
11.120358943939209, 9190
11.162943601608276, 9189
11.162943601608276, 9188
11.173075675964355, 9187
11.193324565887451, 9186
11.193324565887451, 9185
11.223717212677002, 9184
11.233864545822144, 9183
11.233864545822144, 9182
11.233864545822144, 9181
11.233864545822144, 9180
11.233864545822144, 9179
11.24396800994873, 9178
11.24396800994873, 9177
11.25407862663269, 9176
11.26215386390686, 9175
11.274800300598145, 9174
11.29507327079773, 9173
11.303151369094849, 9172
11.315329790115356, 9171
11.335663318634033, 9170
11.335663318634033, 9169
11.335663318634033, 9168
11.335663318634033, 9167
11.3660728931427, 9166
11.384706497192383, 9165
11.417004823684692, 9164
11.417072057723999, 9163
11.417072057723999, 9162
11.437410593032837, 9161
11.45766019821167, 9160
11.465730667114258, 9159
11.487918138504028, 9158
11.498042345046997, 9157
11.498042345046997, 9156
11.518287420272827, 9155
11.518287420272827, 9154
11.53853988647461, 9153
11.548648834228516, 9152
11.548648834228516, 9151
11.548648834228516, 9150
11.55673599243164, 9149
11.55673599243164, 9148
11.589203834533691, 9147
11.589203834533691, 9146
11.589203834533691, 9145
11.589203834533691, 9144
11.589203834533691, 9143
11.627698183059692, 9142
11.629753351211548, 9141
11.637847900390625, 9140
11.647964000701904, 9139
11.660154819488525, 9138
11.670270442962646, 9137
11.670270442962646, 9136
11.680386543273926, 9135
11.680386543273926, 9134
11.690494537353516, 9133
11.690494537353516, 9132
11.739263534545898, 9131
11.739263534545898, 9130
11.749280214309692, 9129
11.763345718383789, 9128
11.763345718383789, 9127
11.763345718383789, 9126
11.763345718383789, 9125
11.77733302116394, 9124
11.791335105895996, 9123
11.791335105895996, 9122
11.80533480644226, 9121
11.80533480644226, 9120
11.80533480644226, 9119
11.833297729492188, 9118
11.849453687667847, 9117
11.849453687667847, 9116
11.849453687667847, 9115
11.863523483276367, 9114
11.863523483276367, 9113
11.877541542053223, 9112
11.877541542053223, 9111
11.877541542053223, 9110
11.877541542053223, 9109
11.891525506973267, 9108
11.891525506973267, 9107
11.891525506973267, 9106
11.91952657699585, 9105
11.91952657699585, 9104
11.933522939682007, 9103
11.933522939682007, 9102
11.951655626296997, 9101
11.951655626296997, 9100
11.951655626296997, 9099
11.961793661117554, 9098
11.961793661117554, 9097
11.969852685928345, 9096
11.969852685928345, 9095
11.98249363899231, 9094
12.000706672668457, 9093
12.024776697158813, 9092
12.038728475570679, 9091
12.052727699279785, 9090
12.052727699279785, 9089
12.052727699279785, 9088
12.052727699279785, 9087
12.066729068756104, 9086
12.08076810836792, 9085
12.08076810836792, 9084
12.08076810836792, 9083
12.0947744846344, 9082
12.108766317367554, 9081
12.11081314086914, 9080
12.143861293792725, 9079
12.14493203163147, 9078
12.150236368179321, 9077
12.150236368179321, 9076
12.153404951095581, 9075
12.153404951095581, 9074
12.153404951095581, 9073
12.167453050613403, 9072
12.167453050613403, 9071
12.167453050613403, 9070
12.167453050613403, 9069
12.181457281112671, 9068
12.209458112716675, 9067
12.209458112716675, 9066
12.209458112716675, 9065
12.223420143127441, 9064
12.223420143127441, 9063
12.223420143127441, 9062
12.223420143127441, 9061
12.237455606460571, 9060
12.237455606460571, 9059
12.26545524597168, 9058
12.26545524597168, 9057
12.26545524597168, 9056
12.279452323913574, 9055
12.279452323913574, 9054
12.279452323913574, 9053
12.279452323913574, 9052
12.279452323913574, 9051
12.293456077575684, 9050
12.307454347610474, 9049
12.307454347610474, 9048
12.321455478668213, 9047
12.335726499557495, 9046
12.345895051956177, 9045
12.356049299240112, 9044
12.366212606430054, 9043
12.376367330551147, 9042
12.394613265991211, 9041
12.404771089553833, 9040
12.414917945861816, 9039
12.455365657806396, 9038
12.465445280075073, 9037
12.48779821395874, 9036
12.497929334640503, 9035
12.497929334640503, 9034
12.497929334640503, 9033
12.50805139541626, 9032
12.528263568878174, 9031
12.528263568878174, 9030
12.538358926773071, 9029
12.538358926773071, 9028
12.538358926773071, 9027
12.546427488327026, 9026
12.569086790084839, 9025
12.569086790084839, 9024
12.569086790084839, 9023
12.589324235916138, 9022
12.589324235916138, 9021
12.589324235916138, 9020
12.628149509429932, 9019
12.63020658493042, 9018
12.63020658493042, 9017
12.668601036071777, 9016
12.670655727386475, 9015
12.69086742401123, 9014
12.711121082305908, 9013
12.719156503677368, 9012
12.721217155456543, 9011
12.731329441070557, 9010
12.731329441070557, 9009
12.739506483078003, 9008
12.741576910018921, 9007
12.751689910888672, 9006
12.769829273223877, 9005
12.779924392700195, 9004
12.779924392700195, 9003
12.781984567642212, 9002
12.781984567642212, 9001
12.790040731430054, 9000
12.792097568511963, 8999
12.792097568511963, 8998
12.792097568511963, 8997
12.812339782714844, 8996
12.812339782714844, 8995
12.822451829910278, 8994
12.822451829910278, 8993
12.822451829910278, 8992
12.832584142684937, 8991
12.842674970626831, 8990
12.842674970626831, 8989
12.842674970626831, 8988
12.852814435958862, 8987
12.870983600616455, 8986
12.873050212860107, 8985
12.873050212860107, 8984
12.873050212860107, 8983
12.881144285202026, 8982
12.893349647521973, 8981
12.893349647521973, 8980
12.911558389663696, 8979
12.9136381149292, 8978
12.9136381149292, 8977
12.931995153427124, 8976
12.934065580368042, 8975
12.934065580368042, 8974
12.94418740272522, 8973
12.96446180343628, 8972
12.974596500396729, 8971
12.994819164276123, 8970
12.994819164276123, 8969
13.004958391189575, 8968
13.0151047706604, 8967
13.025265216827393, 8966
13.04604172706604, 8965
13.04613971710205, 8964
13.048287868499756, 8963
13.066405534744263, 8962
13.076560258865356, 8961
13.104938745498657, 8960
13.117143392562866, 8959
13.12727975845337, 8958
13.137401580810547, 8957
13.147544622421265, 8956
13.147544622421265, 8955
13.147544622421265, 8954
13.165722608566284, 8953
13.167791604995728, 8952
13.167791604995728, 8951
13.167791604995728, 8950
13.177955865859985, 8949
13.206310272216797, 8948
13.208376169204712, 8947
13.208376169204712, 8946
13.218903541564941, 8945
13.22904109954834, 8944
13.239200353622437, 8943
13.249347448348999, 8942
13.259513139724731, 8941
13.269658088684082, 8940
13.300016641616821, 8939
13.310151815414429, 8938
13.348605871200562, 8937
13.350672960281372, 8936
13.350672960281372, 8935
13.370951652526855, 8934
13.378984928131104, 8933
13.38105297088623, 8932
13.38105297088623, 8931
13.399277448654175, 8930
13.41143274307251, 8929
13.42156171798706, 8928
13.42156171798706, 8927
13.431699752807617, 8926
13.462291717529297, 8925
13.462291717529297, 8924
13.462291717529297, 8923
13.472432374954224, 8922
13.472432374954224, 8921
13.472432374954224, 8920
13.492693424224854, 8919
13.492693424224854, 8918
13.523110151290894, 8917
13.543395280838013, 8916
13.571725130081177, 8915
13.57379674911499, 8914
13.581888198852539, 8913
13.594092845916748, 8912
13.602182388305664, 8911
13.602182388305664, 8910
13.62452745437622, 8909
13.662935972213745, 8908
13.662935972213745, 8907
13.662935972213745, 8906
13.665003061294556, 8905
13.675135850906372, 8904
13.68524169921875, 8903
13.705519199371338, 8902
13.72581934928894, 8901
13.72581934928894, 8900
13.72581934928894, 8899
13.735960483551025, 8898
13.735960483551025, 8897
13.744045495986938, 8896
13.756258487701416, 8895
13.776505708694458, 8894
13.786617279052734, 8893
13.796764850616455, 8892
13.796764850616455, 8891
13.796764850616455, 8890
13.804792881011963, 8889
13.816998958587646, 8888
13.816998958587646, 8887
13.827500104904175, 8886
13.83555793762207, 8885
13.83555793762207, 8884
13.84770679473877, 8883
13.85781979560852, 8882
13.85781979560852, 8881
13.867979764938354, 8880
13.867979764938354, 8879
13.878063678741455, 8878
13.888267517089844, 8877
13.888267517089844, 8876
13.898380994796753, 8875
13.906450748443604, 8874
13.908507108688354, 8873
13.908507108688354, 8872
13.908507108688354, 8871
13.928794622421265, 8870
13.949048519134521, 8869
13.949048519134521, 8868
13.967255353927612, 8867
13.969310760498047, 8866
13.979421138763428, 8865
13.98955512046814, 8864
13.98955512046814, 8863
13.98955512046814, 8862
13.99966311454773, 8861
14.009872913360596, 8860
14.009872913360596, 8859
14.028079986572266, 8858
14.030170440673828, 8857
14.04030179977417, 8856
14.058498859405518, 8855
14.06056261062622, 8854
14.070663690567017, 8853
14.099036931991577, 8852
14.101104021072388, 8851
14.101104021072388, 8850
14.111231327056885, 8849
14.12136960029602, 8848
14.129424095153809, 8847
14.161922693252563, 8846
14.161922693252563, 8845
14.182223558425903, 8844
14.192324876785278, 8843
14.192324876785278, 8842
14.192324876785278, 8841
14.192324876785278, 8840
14.20039677619934, 8839
14.240901947021484, 8838
14.25313925743103, 8837
14.25313925743103, 8836
14.281437635421753, 8835
14.283509492874146, 8834
14.2936692237854, 8833
14.301751136779785, 8832
14.303818702697754, 8831
14.31393837928772, 8830
14.322011232376099, 8829
14.324077367782593, 8828
14.334195137023926, 8827
14.354454278945923, 8826
14.364586114883423, 8825
14.382808208465576, 8824
14.382808208465576, 8823
14.403104782104492, 8822
14.423764944076538, 8821
14.428515434265137, 8820
14.464407205581665, 8819
14.486784219741821, 8818
14.507036447525024, 8817
14.51717758178711, 8816
14.547850847244263, 8815
14.5660982131958, 8814
14.5660982131958, 8813
14.578310012817383, 8812
14.586350917816162, 8811
14.588421821594238, 8810
14.598565816879272, 8809
14.628899574279785, 8808
14.639041662216187, 8807
14.64915943145752, 8806
14.669414043426514, 8805
14.677476644515991, 8804
14.689666509628296, 8803
14.699799299240112, 8802
14.709927797317505, 8801
14.72003698348999, 8800
14.72003698348999, 8799
14.740394592285156, 8798
14.750563383102417, 8797
14.750563383102417, 8796
14.768765211105347, 8795
14.770824909210205, 8794
14.77889609336853, 8793
14.780951738357544, 8792
14.780951738357544, 8791
14.780951738357544, 8790
14.791045188903809, 8789
14.799110174179077, 8788
14.799110174179077, 8787
14.801169395446777, 8786
14.811288833618164, 8785
14.819342374801636, 8784
15.046021938323975, 8783
15.054079294204712, 8782
15.076743602752686, 8781
15.08705186843872, 8780
15.105294704437256, 8779
15.105294704437256, 8778
15.107349634170532, 8777
15.107349634170532, 8776
15.11755084991455, 8775
15.11755084991455, 8774
15.317925930023193, 8773
15.331925630569458, 8772
15.345926523208618, 8771
15.345926523208618, 8770
15.345926523208618, 8769
15.359925985336304, 8768
15.359925985336304, 8767
15.359925985336304, 8766
15.359925985336304, 8765
15.401926040649414, 8764
15.415925025939941, 8763
15.415925025939941, 8762
15.42992639541626, 8761
15.443924903869629, 8760
15.443924903869629, 8759
15.443924903869629, 8758
15.443924903869629, 8757
15.470165729522705, 8756
15.49248456954956, 8755
15.500558614730835, 8754
15.512791395187378, 8753
15.530905961990356, 8752
15.571276664733887, 8751
15.583341121673584, 8750
15.583341121673584, 8749
15.633867502212524, 8748
15.633867502212524, 8747
15.652044296264648, 8746
15.652044296264648, 8745
15.662181377410889, 8744
15.664334774017334, 8743
15.664334774017334, 8742
15.664334774017334, 8741
15.674883604049683, 8740
15.695156335830688, 8739
15.715449094772339, 8738
15.72555947303772, 8737
15.72555947303772, 8736
15.72555947303772, 8735
15.72555947303772, 8734
15.72555947303772, 8733
15.733656644821167, 8732
15.743769645690918, 8731
15.745825052261353, 8730
15.745825052261353, 8729
15.755969047546387, 8728
15.778884887695312, 8727
15.78571891784668, 8726
15.794946670532227, 8725
15.817245721817017, 8724
15.817245721817017, 8723
15.825365781784058, 8722
15.837541103363037, 8721
15.960269927978516, 8720
15.960269927978516, 8719
15.990822076797485, 8718
16.05333113670349, 8717
16.059953212738037, 8716
16.070283889770508, 8715
16.090656042099, 8714
16.096126317977905, 8713
16.098262548446655, 8712
16.105705976486206, 8711
16.121390104293823, 8710
16.286007165908813, 8709
16.294062614440918, 8708
16.31640887260437, 8707
16.326549768447876, 8706
16.33458685874939, 8705
16.33458685874939, 8704
16.33458685874939, 8703
16.34671449661255, 8702
16.34671449661255, 8701
16.498579263687134, 8700
16.518890619277954, 8699
16.526970148086548, 8698
16.529061555862427, 8697
16.54931116104126, 8696
16.579683303833008, 8695
16.59992504119873, 8694
16.59992504119873, 8693
16.610121488571167, 8692
16.6181800365448, 8691
16.64043140411377, 8690
16.64043140411377, 8689
16.660699605941772, 8688
16.670841455459595, 8687
16.670841455459595, 8686
16.67891812324524, 8685
16.721502780914307, 8684
16.741806745529175, 8683
16.7519748210907, 8682
16.762091875076294, 8681
16.762091875076294, 8680
16.80262517929077, 8679
16.80262517929077, 8678
16.80262517929077, 8677
16.843087196350098, 8676
16.873541593551636, 8675
16.883861541748047, 8674
16.894434452056885, 8673
16.92198371887207, 8672
16.945368766784668, 8671
16.965736627578735, 8670
16.973780155181885, 8669
16.975855350494385, 8668
16.975855350494385, 8667
16.996129274368286, 8666
17.006264448165894, 8665
17.02657198905945, 8664
17.02657198905945, 8663
17.02657198905945, 8662
17.02657198905945, 8661
17.04474902153015, 8660
17.067116737365723, 8659
17.075170040130615, 8658
17.11282753944397, 8657
17.114901781082153, 8656
17.128196477890015, 8655
17.146430253982544, 8654
17.189581155776978, 8653
17.19973111152649, 8652
17.209829807281494, 8651
17.209829807281494, 8650
17.240240335464478, 8649
17.260496139526367, 8648
17.27061176300049, 8647
17.3091459274292, 8646
17.3091459274292, 8645
17.31122398376465, 8644
17.319294452667236, 8643
17.321357488632202, 8642
17.321357488632202, 8641
17.321357488632202, 8640
17.33151626586914, 8639
17.33151626586914, 8638
17.372061491012573, 8637
17.372061491012573, 8636
17.392309188842773, 8635
17.392309188842773, 8634
17.392309188842773, 8633
17.422744035720825, 8632
17.43078351020813, 8631
17.43284773826599, 8630
17.43284773826599, 8629
17.43284773826599, 8628
17.453133583068848, 8627
17.463281869888306, 8626
17.4734468460083, 8625
17.4734468460083, 8624
17.49161672592163, 8623
17.501781940460205, 8622
17.501781940460205, 8621
17.503845930099487, 8620
17.51436710357666, 8619
17.52447772026062, 8618
17.53460431098938, 8617
17.53460431098938, 8616
17.53460431098938, 8615
17.564626216888428, 8614
17.568306922912598, 8613
17.57043766975403, 8612
17.576595306396484, 8611
17.605828762054443, 8610
17.605828762054443, 8609
17.6158709526062, 8608
17.6158709526062, 8607
17.626062631607056, 8606
17.636173963546753, 8605
17.636173963546753, 8604
17.654394149780273, 8603
17.656448125839233, 8602
17.666588068008423, 8601
17.684805631637573, 8600
17.686864614486694, 8599
17.686864614486694, 8598
17.71724033355713, 8597
17.727380990982056, 8596
17.727380990982056, 8595
17.727380990982056, 8594
17.737492322921753, 8593
17.737492322921753, 8592
17.74761390686035, 8591
17.75773334503174, 8590
17.808388710021973, 8589
17.808388710021973, 8588
17.808388710021973, 8587
17.83877396583557, 8586
17.8671555519104, 8585
18.0716552734375, 8584
18.081767082214355, 8583
18.102076768875122, 8582
18.120238780975342, 8581
18.13283944129944, 8580
18.193650722503662, 8579
18.20171308517456, 8578
18.21393132209778, 8577
18.254525423049927, 8576
18.2646427154541, 8575
18.275367736816406, 8574
18.28582525253296, 8573
18.293606281280518, 8572
18.31596541404724, 8571
18.31596541404724, 8570
18.336249589920044, 8569
18.376688480377197, 8568
18.40506148338318, 8567
18.437512159347534, 8566
18.467901706695557, 8565
18.478015422821045, 8564
18.478015422821045, 8563
18.488168954849243, 8562
18.488168954849243, 8561
18.49829626083374, 8560
18.5287823677063, 8559
18.548985481262207, 8558
18.548985481262207, 8557
18.589445114135742, 8556
18.589445114135742, 8555
18.59955906867981, 8554
18.609684705734253, 8553
18.609684705734253, 8552
18.609684705734253, 8551
18.619791269302368, 8550
18.629982233047485, 8549
18.660416841506958, 8548
18.67055869102478, 8547
18.69062876701355, 8546
18.731338024139404, 8545
18.751996278762817, 8544
18.751996278762817, 8543
18.772286415100098, 8542
18.843196392059326, 8541
18.86345410346985, 8540
18.893869638442993, 8539
18.893869638442993, 8538
18.903990268707275, 8537
18.934476852416992, 8536
18.944602489471436, 8535
18.964855194091797, 8534
19.01092767715454, 8533
19.08293318748474, 8532
19.096954584121704, 8531
19.12494468688965, 8530
19.166945219039917, 8529
19.166945219039917, 8528
19.18303155899048, 8527
19.18303155899048, 8526
19.197089672088623, 8525
19.211076974868774, 8524
19.253080129623413, 8523
19.588411331176758, 8522
19.588411331176758, 8521
19.590460777282715, 8520
19.600608825683594, 8519
19.600608825683594, 8518
19.610690355300903, 8517
19.620827198028564, 8516
19.64945411682129, 8515
19.659610748291016, 8514
19.661669731140137, 8513
19.661669731140137, 8512
19.671785831451416, 8511
19.681894302368164, 8510
19.69204592704773, 8509
19.702155590057373, 8508
19.702155590057373, 8507
19.702155590057373, 8506
19.732438564300537, 8505
19.75081706047058, 8504
19.813740015029907, 8503
19.813740015029907, 8502
19.852185487747192, 8501
19.8707115650177, 8500
19.8707115650177, 8499
19.877689123153687, 8498
19.89443588256836, 8497
19.90452814102173, 8496
19.90452814102173, 8495
19.97587752342224, 8494
20.006210327148438, 8493
20.014286994934082, 8492
20.026373863220215, 8491
20.026373863220215, 8490
20.04662847518921, 8489
20.054702520370483, 8488
20.06687045097351, 8487
20.115363359451294, 8486
20.153383493423462, 8485
20.153383493423462, 8484
20.223383903503418, 8483
20.253414630889893, 8482
20.253414630889893, 8481
20.267398834228516, 8480
20.281421422958374, 8479
20.295400381088257, 8478
20.3094003200531, 8477
20.381462335586548, 8476
20.39546847343445, 8475
20.40945291519165, 8474
20.40945291519165, 8473
20.40945291519165, 8472
20.528846740722656, 8471
20.528846740722656, 8470
20.536925554275513, 8469
20.63016653060913, 8468
20.648347854614258, 8467
20.709282875061035, 8466
20.782347679138184, 8465
20.782347679138184, 8464
20.782347679138184, 8463
20.79248595237732, 8462
20.802648544311523, 8461
20.802648544311523, 8460
20.81069016456604, 8459
20.822766065597534, 8458
20.830796480178833, 8457
20.830796480178833, 8456
20.830796480178833, 8455
20.842854499816895, 8454
20.852890729904175, 8453
20.863063097000122, 8452
20.871126651763916, 8451
20.871126651763916, 8450
20.88336205482483, 8449
20.893500804901123, 8448
20.893500804901123, 8447
20.893500804901123, 8446
20.893500804901123, 8445
20.90364170074463, 8444
20.90364170074463, 8443
20.91375494003296, 8442
20.91375494003296, 8441
20.91375494003296, 8440
20.92386794090271, 8439
20.92386794090271, 8438
21.004855394363403, 8437
21.015143871307373, 8436
21.035413026809692, 8435
21.075913906097412, 8434
21.075913906097412, 8433
21.116435766220093, 8432
21.1447172164917, 8431
21.146773099899292, 8430
21.146773099899292, 8429
21.146773099899292, 8428
21.156880140304565, 8427
21.164966344833374, 8426
21.16702437400818, 8425
21.175076246261597, 8424
21.17713165283203, 8423
21.1851806640625, 8422
21.18768548965454, 8421
21.18768548965454, 8420
21.197810649871826, 8419
21.55200743675232, 8418
21.562202215194702, 8417
21.572338581085205, 8416
21.572338581085205, 8415
21.58245277404785, 8414
21.58245277404785, 8413
21.592584371566772, 8412
21.620914459228516, 8411
21.633106470108032, 8410
21.64117121696472, 8409
21.653358459472656, 8408
21.671623945236206, 8407
21.673675775527954, 8406
21.68379259109497, 8405
21.693912744522095, 8404
21.72225856781006, 8403
21.724284887313843, 8402
21.734394073486328, 8401
21.752522230148315, 8400
21.754578590393066, 8399
21.754578590393066, 8398
21.762638807296753, 8397
21.764694690704346, 8396
21.80354905128479, 8395
21.825777053833008, 8394
21.835915565490723, 8393
21.856149673461914, 8392
21.92703938484192, 8391
21.93720579147339, 8390
22.100027561187744, 8389
22.118199348449707, 8388
22.120256423950195, 8387
22.120256423950195, 8386
22.12831449508667, 8385
22.14045286178589, 8384
22.14045286178589, 8383
22.150575160980225, 8382
22.170823574066162, 8381
22.180989027023315, 8380
22.21135926246643, 8379
22.24180817604065, 8378
22.24180817604065, 8377
22.24180817604065, 8376
22.249869108200073, 8375
22.2802574634552, 8374
22.292415142059326, 8373
22.322827577590942, 8372
22.40431499481201, 8371
22.40431499481201, 8370
22.44523572921753, 8369
22.473514795303345, 8368
22.483657360076904, 8367
22.495831966400146, 8366
22.505967140197754, 8365
22.514019012451172, 8364
22.51608657836914, 8363
22.52622938156128, 8362
22.577054262161255, 8361
22.577054262161255, 8360
22.577054262161255, 8359
22.5871844291687, 8358
22.5871844291687, 8357
22.597352981567383, 8356
22.605427980422974, 8355
22.6277494430542, 8354
22.6277494430542, 8353
22.64821457862854, 8352
22.688875198364258, 8351
22.76998233795166, 8350
22.78009033203125, 8349
22.790231704711914, 8348
22.952383995056152, 8347
22.962526559829712, 8346
23.278780937194824, 8345
23.34966516494751, 8344
23.34966516494751, 8343
23.359785318374634, 8342
23.359785318374634, 8341
23.440828323364258, 8340
23.491405963897705, 8339
23.491405963897705, 8338
23.521755933761597, 8337
23.5318443775177, 8336
23.572357177734375, 8335
23.5825035572052, 8334
23.62299084663391, 8333
23.653746366500854, 8332
23.653746366500854, 8331
23.66590428352356, 8330
23.696237564086914, 8329
23.704303979873657, 8328
23.70638155937195, 8327
23.72662091255188, 8326
23.736856937408447, 8325
23.757147550582886, 8324
23.76727271080017, 8323
23.76727271080017, 8322
23.79768657684326, 8321
23.85849928855896, 8320
23.868610858917236, 8319
23.888888835906982, 8318
23.888888835906982, 8317
23.899006843566895, 8316
23.90910243988037, 8315
23.91922640800476, 8314
23.929468870162964, 8313
23.94982600212097, 8312
23.998361110687256, 8311
24.000415325164795, 8310
24.000415325164795, 8309
24.030823945999146, 8308
24.051077842712402, 8307
24.089499950408936, 8306
24.101682424545288, 8305
24.111804008483887, 8304
24.14020848274231, 8303
24.15031337738037, 8302
24.160383939743042, 8301
24.16243863105774, 8300
24.182693481445312, 8299
24.21308445930481, 8298
24.21308445930481, 8297
24.21308445930481, 8296
24.22114610671997, 8295
24.26206111907959, 8294
24.32487177848816, 8293
24.345118761062622, 8292
24.363309621810913, 8291
24.3653621673584, 8290
24.375481367111206, 8289
24.40580940246582, 8288
24.415945053100586, 8287
24.415945053100586, 8286
24.424001216888428, 8285
24.46647000312805, 8284
24.474520683288574, 8283
24.48458981513977, 8282
24.496735334396362, 8281
24.516939640045166, 8280
24.66879630088806, 8279
24.700350761413574, 8278
24.792906522750854, 8277
24.792906522750854, 8276
24.86294436454773, 8275
24.907048225402832, 8274
24.907048225402832, 8273
24.907048225402832, 8272
24.935044527053833, 8271
24.963046550750732, 8270
25.00143527984619, 8269
25.00143527984619, 8268
25.02973771095276, 8267
25.031793355941772, 8266
25.041893005371094, 8265
25.052000999450684, 8264
25.14182472229004, 8263
25.164189100265503, 8262
25.164189100265503, 8261
25.184440851211548, 8260
25.235073804855347, 8259
25.245198011398315, 8258
25.245198011398315, 8257
25.255355834960938, 8256
25.255355834960938, 8255
25.255355834960938, 8254
25.29590129852295, 8253
25.29590129852295, 8252
25.34453058242798, 8251
25.356659650802612, 8250
25.376927137374878, 8249
25.387041091918945, 8248
25.387041091918945, 8247
25.467905282974243, 8246
25.4986891746521, 8245
25.508781671524048, 8244
25.539178133010864, 8243
25.57969617843628, 8242
25.57969617843628, 8241
25.618175983428955, 8240
25.620248317718506, 8239
25.68914008140564, 8238
25.699276208877563, 8237
25.701339721679688, 8236
25.709385871887207, 8235
25.721575260162354, 8234
25.721575260162354, 8233
25.73170280456543, 8232
25.762025117874146, 8231
25.772133350372314, 8230
25.800405740737915, 8229
25.8227379322052, 8228
25.8227379322052, 8227
25.8227379322052, 8226
25.843290090560913, 8225
25.893928050994873, 8224
25.893928050994873, 8223
25.9751398563385, 8222
25.9751398563385, 8221
26.025558948516846, 8220
26.055880546569824, 8219
26.066027402877808, 8218
26.106985569000244, 8217
26.11711096763611, 8216
26.12721037864685, 8215
26.12721037864685, 8214
26.12721037864685, 8213
26.177863121032715, 8212
26.198097944259644, 8211
26.198097944259644, 8210
26.226470708847046, 8209
26.258881330490112, 8208
26.287264108657837, 8207
26.299439907073975, 8206
26.33999991416931, 8205
26.33999991416931, 8204
26.33999991416931, 8203
26.33999991416931, 8202
26.3480806350708, 8201
26.360275268554688, 8200
26.380532026290894, 8199
26.400762796401978, 8198
26.439237117767334, 8197
26.46163535118103, 8196
26.471797943115234, 8195
26.471797943115234, 8194
26.52026677131653, 8193
26.573374271392822, 8192
26.623992204666138, 8191
26.642210006713867, 8190
26.695300102233887, 8189
26.713526487350464, 8188
26.7155864238739, 8187
26.74602460861206, 8186
26.808534383773804, 8185
26.808534383773804, 8184
26.86456823348999, 8183
26.87857174873352, 8182
26.894572257995605, 8181
26.908589363098145, 8180
26.908589363098145, 8179
26.93659496307373, 8178
26.950592517852783, 8177
26.97858953475952, 8176
26.99461555480957, 8175
27.008655071258545, 8174
27.022703170776367, 8173
27.05068349838257, 8172
27.294944524765015, 8171
27.294944524765015, 8170
27.308992862701416, 8169
27.322996854782104, 8168
27.336990356445312, 8167
27.336990356445312, 8166
27.35099720954895, 8165
27.415300607681274, 8164
27.44773292541504, 8163
27.46800994873047, 8162
27.518565893173218, 8161
27.549076318740845, 8160
27.59969973564148, 8159
27.638158082962036, 8158
27.731421947479248, 8157
27.739473342895508, 8156
27.79227066040039, 8155
27.812525033950806, 8154
27.812525033950806, 8153
27.83278489112854, 8152
27.86317491531372, 8151
27.86317491531372, 8150
27.8713059425354, 8149
27.903709173202515, 8148
27.942593097686768, 8147
27.975056171417236, 8146
28.046026945114136, 8145
28.05617904663086, 8144
28.076528787612915, 8143
28.096840620040894, 8142
28.117018222808838, 8141
28.147377014160156, 8140
28.157532930374146, 8139
28.21829628944397, 8138
28.236514806747437, 8137
28.316575288772583, 8136
28.346623420715332, 8135
28.462256908416748, 8134
28.49349808692932, 8133
28.509145736694336, 8132
28.524742126464844, 8131
28.57824730873108, 8130
28.60945963859558, 8129
28.62508773803711, 8128
28.659075021743774, 8127
28.67933702468872, 8126
28.67933702468872, 8125
28.719867944717407, 8124
28.77859663963318, 8123
28.77859663963318, 8122
28.871796131134033, 8121
28.879841089248657, 8120
28.932581663131714, 8119
28.973068952560425, 8118
28.991280794143677, 8117
28.99334192276001, 8116
29.003499031066895, 8115
29.013611555099487, 8114
29.08253002166748, 8113
29.11500358581543, 8112
29.145871877670288, 8111
29.236998796463013, 8110
29.25724172592163, 8109
29.287689924240112, 8108
29.682695865631104, 8107
29.692843437194824, 8106
29.700918912887573, 8105
29.723352432250977, 8104
29.733524799346924, 8103
29.754196405410767, 8102
29.82297945022583, 8101
29.916393995285034, 8100
29.926512002944946, 8099
29.936610221862793, 8098
29.936610221862793, 8097
29.985224962234497, 8096
29.99538564682007, 8095
29.997456789016724, 8094
30.015594244003296, 8093
30.04810333251953, 8092
30.068253993988037, 8091
30.098645210266113, 8090
30.1272931098938, 8089
30.137438774108887, 8088
30.16986870765686, 8087
30.16986870765686, 8086
30.476589918136597, 8085
30.537354707717896, 8084
30.60820174217224, 8083
30.689457654953003, 8082
30.69752311706543, 8081
30.699589252471924, 8080
30.730007648468018, 8079
30.811909437179565, 8078
30.954227209091187, 8077
30.964803457260132, 8076
30.972886323928833, 8075
31.21941375732422, 8074
31.25066304206848, 8073
31.25066304206848, 8072
31.266287565231323, 8071
31.29754090309143, 8070
31.30616545677185, 8069
31.30616545677185, 8068
31.31627607345581, 8067
31.35679578781128, 8066
31.427546739578247, 8065
31.478139400482178, 8064
31.486202239990234, 8063
31.488252878189087, 8062
31.69081163406372, 8061
31.73133111000061, 8060
31.73133111000061, 8059
31.751578330993652, 8058
31.77217936515808, 8057
31.88179326057434, 8056
32.0665283203125, 8055
32.0766282081604, 8054
32.086761713027954, 8053
32.09481930732727, 8052
32.12722992897034, 8051
32.12722992897034, 8050
32.12722992897034, 8049
32.15060901641846, 8048
32.15060901641846, 8047
32.20874905586243, 8046
32.21681785583496, 8045
32.226927280426025, 8044
32.23912501335144, 8043
32.33024072647095, 8042
32.350529193878174, 8041
32.39908051490784, 8040
32.441654920578, 8039
32.52062916755676, 8038
32.6142144203186, 8037
32.62433576583862, 8036
32.63447690010071, 8035
32.69545125961304, 8034
32.73379898071289, 8033
32.74391984939575, 8032
32.776580810546875, 8031
32.778597831726074, 8030
32.82158946990967, 8029
32.82158946990967, 8028
32.83171606063843, 8027
32.83171606063843, 8026
32.85195255279541, 8025
33.00410747528076, 8024
33.02432990074158, 8023
33.03443789482117, 8022
33.064820528030396, 8021
33.09513449668884, 8020
33.10320544242859, 8019
33.115395069122314, 8018
33.12552785873413, 8017
33.135658502578735, 8016
33.265268087387085, 8015
33.26729702949524, 8014
33.36720633506775, 8013
33.4060263633728, 8012
33.4529504776001, 8011
33.46857023239136, 8010
33.46857023239136, 8009
33.51652812957764, 8008
33.55703544616699, 8007
33.609670639038086, 8006
33.619794845581055, 8005
33.690640926361084, 8004
33.690640926361084, 8003
33.72109842300415, 8002
33.74135208129883, 8001
33.76165008544922, 8000
33.76165008544922, 7999
33.800137996673584, 7998
33.96436929702759, 7997
33.97243523597717, 7996
34.86022615432739, 7995
34.8613646030426, 7994
34.99665331840515, 7993
35.11818242073059, 7992
35.1202392578125, 7991
35.15062069892883, 7990
35.17093586921692, 7989
35.17093586921692, 7988
35.20137310028076, 7987
35.28281307220459, 7986
35.29089093208313, 7985
35.341540813446045, 7984
35.384166955947876, 7983
35.412471771240234, 7982
35.46523880958557, 7981
35.566417932510376, 7980
35.63815665245056, 7979
35.64829778671265, 7978
35.69676113128662, 7977
35.770076274871826, 7976
35.95276689529419, 7975
35.99349880218506, 7974
36.00156760215759, 7973
36.07453632354736, 7972
36.15570020675659, 7971
36.17598366737366, 7970
36.17598366737366, 7969
36.246930837631226, 7968
36.336021423339844, 7967
36.36174201965332, 7966
36.44635343551636, 7965
36.44635343551636, 7964
36.462027072906494, 7963
36.4776566028595, 7962
36.5245361328125, 7961
36.5466685295105, 7960
36.577932834625244, 7959
36.577932834625244, 7958
36.59355878829956, 7957
36.624807596206665, 7956
36.709457874298096, 7955
36.759499311447144, 7954
36.850722312927246, 7953
36.951934576034546, 7952
36.951934576034546, 7951
36.962101459503174, 7950
37.074007987976074, 7949
37.14490818977356, 7948
37.16514253616333, 7947
37.20570373535156, 7946
37.26658535003662, 7945
37.29493808746338, 7944
37.337547063827515, 7943
37.337547063827515, 7942
37.36793851852417, 7941
37.38821840286255, 7940
37.38821840286255, 7939
37.42670822143555, 7938
37.49964380264282, 7937
37.56043839454651, 7936
37.56043839454651, 7935
37.60095810890198, 7934
37.60095810890198, 7933
37.664143800735474, 7932
37.674251556396484, 7931
37.69454097747803, 7930
37.704649448394775, 7929
37.714765310287476, 7928
37.714765310287476, 7927
37.80584526062012, 7926
37.80584526062012, 7925
38.02865266799927, 7924
38.23125505447388, 7923
38.27232909202576, 7922
38.27232909202576, 7921
38.445045948028564, 7920
38.451608180999756, 7919
38.45366168022156, 7918
38.484050989151, 7917
38.89974570274353, 7916
38.938143491744995, 7915
38.980711698532104, 7914
39.049551486968994, 7913
39.29284143447876, 7912
39.29284143447876, 7911
39.4473180770874, 7910
39.553699254989624, 7909
39.67625713348389, 7908
39.67625713348389, 7907
39.67625713348389, 7906
39.67625713348389, 7905
39.7231822013855, 7904
39.7231822013855, 7903
39.7231822013855, 7902
39.738773345947266, 7901
39.738773345947266, 7900
39.78675842285156, 7899
40.00159525871277, 7898
40.05228805541992, 7897
40.095280170440674, 7896
40.095280170440674, 7895
40.10334134101868, 7894
40.12569570541382, 7893
40.23709487915039, 7892
40.257344007492065, 7891
40.510645627975464, 7890
40.51873970031738, 7889
40.56939744949341, 7888
40.581615924835205, 7887
40.61212110519409, 7886
40.62225699424744, 7885
40.62225699424744, 7884
40.642508029937744, 7883
40.69110345840454, 7882
40.78465485572815, 7881
40.82812190055847, 7880
40.848347425460815, 7879
40.8868248462677, 7878
40.90913152694702, 7877
41.09193396568298, 7876
41.10057783126831, 7875
41.141114473342896, 7874
41.22216057777405, 7873
41.26065230369568, 7872
41.323949337005615, 7871
41.334047079086304, 7870
41.334047079086304, 7869
41.35434436798096, 7868
41.36447882652283, 7867
41.38476085662842, 7866
41.49425768852234, 7865
41.546903133392334, 7864
41.911508321762085, 7863
42.22604441642761, 7862
42.24629592895508, 7861
42.325188875198364, 7860
42.375818967819214, 7859
42.3980975151062, 7858
42.40824508666992, 7857
42.40824508666992, 7856
42.4588725566864, 7855
42.489293336868286, 7854
42.56070423126221, 7853
42.570873975753784, 7852
42.5911386013031, 7851
42.60126328468323, 7850
42.60126328468323, 7849
42.722657680511475, 7848
42.77323389053345, 7847
42.80360531806946, 7846
42.80360531806946, 7845
42.894689083099365, 7844
42.91496443748474, 7843
42.965535163879395, 7842
42.965535163879395, 7841
43.00614666938782, 7840
43.00614666938782, 7839
43.01629590988159, 7838
43.046231269836426, 7837
43.108158349990845, 7836
43.22801446914673, 7835
43.564180850982666, 7834
43.59460806846619, 7833
43.665546894073486, 7832
43.665546894073486, 7831
43.6756854057312, 7830
43.78945302963257, 7829
43.860320806503296, 7828
43.959555864334106, 7827
44.04494619369507, 7826
44.07343554496765, 7825
44.13424301147461, 7824
44.164597272872925, 7823
44.174721479415894, 7822
44.184889793395996, 7821
44.28650641441345, 7820
44.31487417221069, 7819
44.32705783843994, 7818
44.35782337188721, 7817
44.646082401275635, 7816
44.69061326980591, 7815
44.700724363327026, 7814
44.71084928512573, 7813
44.71084928512573, 7812
44.73110389709473, 7811
44.78177833557129, 7810
44.85273885726929, 7809
44.96461844444275, 7808
45.8552086353302, 7807
45.905824422836304, 7806
45.905824422836304, 7805
45.944233894348145, 7804
45.95641732215881, 7803
46.04744863510132, 7802
46.0656578540802, 7801
46.25036263465881, 7800
46.29102802276611, 7799
46.625391244888306, 7798
46.70634603500366, 7797
46.70634603500366, 7796
46.89932894706726, 7795
46.96021342277527, 7794
46.99049472808838, 7793
47.04099750518799, 7792
47.09178829193115, 7791
47.182804107666016, 7790
47.19298505783081, 7789
47.213252544403076, 7788
47.24363446235657, 7787
47.261801958084106, 7786
47.26385521888733, 7785
47.26385521888733, 7784
47.29431104660034, 7783
47.45676779747009, 7782
47.477004051208496, 7781
47.51845407485962, 7780
47.54804968833923, 7779
47.558175802230835, 7778
47.70821285247803, 7777
47.83061170578003, 7776
47.86185932159424, 7775
47.893110513687134, 7774
47.9321665763855, 7773
47.99294400215149, 7772
47.99294400215149, 7771
48.23677086830139, 7770
48.277315616607666, 7769
48.37661528587341, 7768
48.47980523109436, 7767
48.5000684261322, 7766
48.53041410446167, 7765
48.63200378417969, 7764
48.63200378417969, 7763
48.79424166679382, 7762
49.098228931427, 7761
49.12869453430176, 7760
49.15910840034485, 7759
49.17941880226135, 7758
49.633623361587524, 7757
49.633623361587524, 7756
49.66487264633179, 7755
49.780839920043945, 7754
49.882476806640625, 7753
49.898096323013306, 7752
49.91879677772522, 7751
49.965659379959106, 7750
50.01569604873657, 7749
50.0238835811615, 7748
50.10116505622864, 7747
50.27895545959473, 7746
50.400590896606445, 7745
50.44114112854004, 7744
50.542989015579224, 7743
50.6849479675293, 7742
50.786338090896606, 7741
50.809568643569946, 7740
51.14135456085205, 7739
51.17982363700867, 7738
51.252851724624634, 7737
51.66799569129944, 7736
51.85064673423767, 7735
51.891167879104614, 7734
51.891167879104614, 7733
52.053321838378906, 7732
52.205315589904785, 7731
52.2255744934082, 7730
52.2255744934082, 7729
52.286322355270386, 7728
52.306973695755005, 7727
52.548091888427734, 7726
52.69083547592163, 7725
52.72118258476257, 7724
52.73133301734924, 7723
52.84261226654053, 7722
52.86280703544617, 7721
52.903315782547, 7720
52.96440386772156, 7719
53.025158643722534, 7718
53.106367111206055, 7717
53.21573495864868, 7716
53.581193685531616, 7715
53.5913188457489, 7714
53.7958242893219, 7713
53.96806025505066, 7712
54.06728672981262, 7711
54.08959746360779, 7710
54.211448431015015, 7709
54.2620325088501, 7708
54.718011140823364, 7707
54.77916669845581, 7706
55.042633056640625, 7705
55.11150336265564, 7704
55.12372612953186, 7703
55.13177728652954, 7702
55.14399719238281, 7701
55.20475649833679, 7700
55.28371334075928, 7699
55.29588341712952, 7698
55.42799949645996, 7697
55.76224684715271, 7696
56.076664209365845, 7695
56.33989453315735, 7694
56.378310441970825, 7693
56.40059518814087, 7692
56.44111227989197, 7691
56.59992218017578, 7690
56.797656536102295, 7689
56.805726528167725, 7688
56.98030924797058, 7687
57.03103160858154, 7686
57.12020993232727, 7685
57.21495199203491, 7684
57.2858407497406, 7683
57.43563270568848, 7682
57.640162229537964, 7681
57.96465086936951, 7680
57.96465086936951, 7679
58.24856901168823, 7678
58.43124580383301, 7677
59.02571511268616, 7676
59.08958101272583, 7675
59.22132062911987, 7674
59.271963357925415, 7673
59.28209161758423, 7672
59.30029034614563, 7671
59.330650091171265, 7670
59.340789794921875, 7669
59.35297393798828, 7668
59.49245500564575, 7667
59.757694244384766, 7666
59.767850160598755, 7665
59.777965784072876, 7664
59.788097858428955, 7663
60.182425022125244, 7662
60.25369739532471, 7661
60.32455277442932, 7660
60.32455277442932, 7659
60.36509037017822, 7658
60.41567826271057, 7657
60.425785779953, 7656
60.425785779953, 7655
60.425785779953, 7654
60.50687646865845, 7653
60.577794313430786, 7652
60.631041288375854, 7651
60.63921809196472, 7650
61.05610942840576, 7649
61.096662521362305, 7648
61.19784593582153, 7647
61.40848445892334, 7646
61.55272936820984, 7645
61.60540723800659, 7644
61.78772568702698, 7643
61.86051154136658, 7642
61.878711223602295, 7641
61.98199677467346, 7640
62.05287742614746, 7639
62.11404085159302, 7638
62.20518732070923, 7637
62.5089795589447, 7636
62.54949450492859, 7635
62.628469944000244, 7634
63.050450801849365, 7633
63.0991632938385, 7632
63.14769911766052, 7631
63.14975380897522, 7630
63.15991735458374, 7629
63.30213022232056, 7628
63.32237100601196, 7627
63.35275149345398, 7626
63.42361307144165, 7625
63.7679717540741, 7624
63.84892153739929, 7623
63.84892153739929, 7622
64.45905542373657, 7621
64.45905542373657, 7620
64.6802270412445, 7619
64.92321848869324, 7618
64.95566368103027, 7617
64.96579265594482, 7616
65.3005576133728, 7615
65.64437747001648, 7614
65.90778517723083, 7613
65.9482069015503, 7612
66.02706217765808, 7611
66.08979678153992, 7610
66.22135257720947, 7609
66.40378284454346, 7608
66.44423604011536, 7607
66.78805923461914, 7606
66.86890745162964, 7605
66.97040271759033, 7604
67.20306086540222, 7603
67.21318984031677, 7602
67.3547191619873, 7601
67.3850884437561, 7600
67.45588064193726, 7599
67.51657342910767, 7598
67.84058451652527, 7597
67.87898516654968, 7596
68.02254748344421, 7595
68.08112025260925, 7594
68.19482564926147, 7593
68.21296739578247, 7592
69.05121397972107, 7591
69.628662109375, 7590
70.67464447021484, 7589
71.10821056365967, 7588
71.1812469959259, 7587
71.29310607910156, 7586
71.45528244972229, 7585
71.61739563941956, 7584
71.7593834400177, 7583
72.00309085845947, 7582
72.37822079658508, 7581
72.39847087860107, 7580
72.7334303855896, 7579
72.82456946372986, 7578
74.5168559551239, 7577
74.70714163780212, 7576
75.1025960445404, 7575
75.79374265670776, 7574
75.84446430206299, 7573
76.60417580604553, 7572
76.66494154930115, 7571
76.72609281539917, 7570
76.76658487319946, 7569
76.85689496994019, 7568
76.88262295722961, 7567
76.88262295722961, 7566
76.987548828125, 7565
76.98961138725281, 7564
76.99974989891052, 7563
77.15173697471619, 7562
77.23277926445007, 7561
77.33443665504456, 7560
77.44585752487183, 7559
77.76987719535828, 7558
78.49933433532715, 7557
78.78315091133118, 7556
78.86419248580933, 7555
79.19883942604065, 7554
79.33865356445312, 7553
79.68500709533691, 7552
80.02960181236267, 7551
80.04982686042786, 7550
80.09032654762268, 7549
80.69952607154846, 7548
80.8820526599884, 7547
81.40928626060486, 7546
82.4232108592987, 7545
82.71735572814941, 7544
82.75788259506226, 7543
82.94056439399719, 7542
83.72993469238281, 7541
83.874263048172, 7540
83.90473318099976, 7539
83.95546412467957, 7538
84.63246250152588, 7537
84.89272665977478, 7536
85.21770405769348, 7535
85.70437002182007, 7534
85.77541303634644, 7533
86.08132004737854, 7532
86.09142851829529, 7531
86.37513637542725, 7530
86.39334750175476, 7529
86.69822978973389, 7528
86.82182002067566, 7527
87.13699388504028, 7526
87.22824501991272, 7525
87.68507671356201, 7524
87.77469897270203, 7523
87.9490749835968, 7522
88.00760650634766, 7521
88.28125214576721, 7520
88.6180145740509, 7519
88.7091383934021, 7518
88.7580132484436, 7517
88.7802803516388, 7516
88.83086085319519, 7515
88.8410415649414, 7514
89.09268188476562, 7513
89.32769846916199, 7512
89.71500444412231, 7511
89.81454133987427, 7510
90.10964179039001, 7509
90.1197521686554, 7508
90.70814824104309, 7507
91.09392666816711, 7506
91.64950847625732, 7505
91.70238614082336, 7504
91.98427700996399, 7503
93.1036069393158, 7502
93.1726930141449, 7501
93.9500994682312, 7500
93.96572947502136, 7499
94.1932225227356, 7498
94.26514673233032, 7497
94.66110706329346, 7496
95.99437475204468, 7495
96.43253302574158, 7494
96.69405508041382, 7493
96.77498006820679, 7492
97.3035717010498, 7491
99.05686688423157, 7490
99.1989324092865, 7489
99.45472121238708, 7488
99.91857814788818, 7487
100.88562560081482, 7486
100.95453000068665, 7485
101.30603122711182, 7484
101.88551568984985, 7483
102.02526807785034, 7482
102.17042660713196, 7481
102.27171015739441, 7480
103.3761978149414, 7479
103.6977596282959, 7478
104.14826250076294, 7477
105.15369296073914, 7476
105.21244430541992, 7475
105.5492491722107, 7474
105.7635612487793, 7473
105.85471677780151, 7472
106.58711838722229, 7471
107.24498200416565, 7470
107.80282306671143, 7469
107.89441466331482, 7468
107.90248847007751, 7467
109.00182390213013, 7466
110.10124158859253, 7465
110.59114336967468, 7464
110.79361963272095, 7463
110.99681401252747, 7462
111.18925595283508, 7461
111.22745656967163, 7460
111.22947883605957, 7459
113.22555685043335, 7458
113.92533493041992, 7457
114.57424783706665, 7456
114.82609724998474, 7455
114.87877631187439, 7454
115.40163469314575, 7453
115.82956576347351, 7452
115.85991954803467, 7451
116.85093235969543, 7450
118.859619140625, 7449
119.80478763580322, 7448
119.95667457580566, 7447
121.77371573448181, 7446
122.36150908470154, 7445
124.64785885810852, 7444
125.94707655906677, 7443
126.25029158592224, 7442
126.31103658676147, 7441
127.72947216033936, 7440
129.2892665863037, 7439
129.3499870300293, 7438
130.11189818382263, 7437
131.20679450035095, 7436
131.54932045936584, 7435
132.99328565597534, 7434
133.06447434425354, 7433
134.16895937919617, 7432
136.4800148010254, 7431
136.5410852432251, 7430
137.1330542564392, 7429
138.01551938056946, 7428
138.83711194992065, 7427
139.3235867023468, 7426
142.43322491645813, 7425
142.98888492584229, 7424
143.72198462486267, 7423
144.0139455795288, 7422
144.48198103904724, 7421
144.63428235054016, 7420
145.8598074913025, 7419
145.9734230041504, 7418
145.98353099822998, 7417
147.1812732219696, 7416
147.73733186721802, 7415
149.57851219177246, 7414
152.2326512336731, 7413
153.03713965415955, 7412
154.17876076698303, 7411
154.8393850326538, 7410
155.84582901000977, 7409
156.61897087097168, 7408
156.77790474891663, 7407
161.62777733802795, 7406
161.63788986206055, 7405
162.03288006782532, 7404
164.07930159568787, 7403
164.82051420211792, 7402
166.56284880638123, 7401
167.0594699382782, 7400
167.84366822242737, 7399
170.61168718338013, 7398
170.86925387382507, 7397
173.15064024925232, 7396
173.2722465991974, 7395
174.12328267097473, 7394
175.28745460510254, 7393
175.6243782043457, 7392
176.43663883209229, 7391
176.88058590888977, 7390
179.00049829483032, 7389
180.57375264167786, 7388
181.3748812675476, 7387
181.8127954006195, 7386
182.0141499042511, 7385
182.2255358695984, 7384
183.21762037277222, 7383
184.5173032283783, 7382
185.28787350654602, 7381
186.28147983551025, 7380
189.95297741889954, 7379
190.9361536502838, 7378
191.07791686058044, 7377
191.199369430542, 7376
191.63520908355713, 7375
192.0510814189911, 7374
192.2940230369568, 7373
192.34262371063232, 7372
192.82135486602783, 7371
192.96117329597473, 7370
193.49986028671265, 7369
193.6744520664215, 7368
194.72880387306213, 7367
197.87471961975098, 7366
199.03082370758057, 7365
200.155916929245, 7364
201.98107028007507, 7363
203.52036690711975, 7362
203.94584321975708, 7361
205.00399160385132, 7360
205.61226201057434, 7359
205.9460051059723, 7358
210.658766746521, 7357
210.67695498466492, 7356
210.90183639526367, 7355
212.33146476745605, 7354
212.4935338497162, 7353
217.0118043422699, 7352
219.4788088798523, 7351
220.65456819534302, 7350
220.89802527427673, 7349
221.74924540519714, 7348
226.52487516403198, 7347
227.59876537322998, 7346
232.20577692985535, 7345
236.11607384681702, 7344
236.17671751976013, 7343
236.62328720092773, 7342
241.5277283191681, 7341
241.85185551643372, 7340
246.0433783531189, 7339
249.96259140968323, 7338
251.3105251789093, 7337
257.467524766922, 7336
258.8056218624115, 7335
261.2046365737915, 7334
261.936562538147, 7333
262.7353353500366, 7332
263.0194594860077, 7331
263.1936836242676, 7330
264.2074558734894, 7329
264.4121606349945, 7328
264.5744078159332, 7327
266.61777210235596, 7326
269.86599254608154, 7325
271.6494779586792, 7324
271.74978733062744, 7323
277.58843994140625, 7322
283.6267349720001, 7321
283.99675273895264, 7320
289.16074323654175, 7319
289.4850392341614, 7318
291.0475413799286, 7317
292.89178109169006, 7316
293.1545994281769, 7315
298.29176115989685, 7314
300.45053339004517, 7313
305.83130979537964, 7312
307.4863283634186, 7311
309.49440479278564, 7310
314.2673439979553, 7309
314.42935276031494, 7308
316.51795077323914, 7307
318.2363922595978, 7306
318.3575806617737, 7305
321.1010375022888, 7304
321.92752051353455, 7303
325.381010055542, 7302
327.12883830070496, 7301
333.9462950229645, 7300
334.0781035423279, 7299
337.15697860717773, 7298
341.40628695487976, 7297
346.34761214256287, 7296
354.25898599624634, 7295
359.46797466278076, 7294
361.36347484588623, 7293
362.9530780315399, 7292
370.7495131492615, 7291
379.04850912094116, 7290
392.53716015815735, 7289
392.6688632965088, 7288
395.754825592041, 7287
395.82997941970825, 7286
398.8796877861023, 7285
399.2908329963684, 7284
405.16564321517944, 7283
405.1677005290985, 7282
405.87697410583496, 7281
407.9898147583008, 7280
409.45948934555054, 7279
410.070054769516, 7278
411.0463037490845, 7277
413.9547984600067, 7276
415.2956454753876, 7275
417.7730402946472, 7274
422.68545055389404, 7273
433.3514974117279, 7272
435.0745644569397, 7271
441.7672553062439, 7270
452.5765995979309, 7269
467.14626240730286, 7268
467.9780869483948, 7267
476.1539568901062, 7266
477.45115852355957, 7265
490.6497712135315, 7264
499.5769305229187, 7263
505.05138325691223, 7262
506.421754360199, 7261
522.1905837059021, 7260
522.6287801265717, 7259
523.6294555664062, 7258
536.2355399131775, 7257
537.4030785560608, 7256
539.7856602668762, 7255
545.4151475429535, 7254
547.7068562507629, 7253
551.7286446094513, 7252
559.402007818222, 7251
576.92289686203, 7250
