0.18154478073120117, 11023
0.1835460662841797, 11022
0.18554449081420898, 11021
0.18854451179504395, 11020
0.1895444393157959, 11019
0.191544771194458, 11018
0.19454431533813477, 11017
0.19654440879821777, 11016
0.19854426383972168, 11015
0.200545072555542, 11014
0.20154452323913574, 11013
0.2025444507598877, 11012
0.20554399490356445, 11011
0.2065443992614746, 11010
0.20754480361938477, 11009
0.20954465866088867, 11008
0.21054434776306152, 11007
0.21154475212097168, 11006
0.21454429626464844, 11005
0.21754860877990723, 11004
0.21854472160339355, 11003
0.2195448875427246, 11002
0.22054457664489746, 11001
0.2215442657470703, 11000
0.22454404830932617, 10999
0.22554421424865723, 10998
0.2285442352294922, 10997
0.23454523086547852, 10996
0.23654437065124512, 10995
0.23954415321350098, 10994
0.2415449619293213, 10993
0.24454450607299805, 10992
0.2475447654724121, 10991
0.24854469299316406, 10990
0.2515449523925781, 10989
0.25354456901550293, 10988
0.25554490089416504, 10987
0.2585442066192627, 10986
0.25954437255859375, 10985
0.26154470443725586, 10984
0.2675449848175049, 10983
0.2695446014404297, 10982
0.27254438400268555, 10981
0.27454423904418945, 10980
0.2755446434020996, 10979
0.27654433250427246, 10978
0.27854394912719727, 10977
0.28154444694519043, 10976
0.28354549407958984, 10975
0.286545991897583, 10974
0.28754472732543945, 10973
0.2885446548461914, 10972
0.29154419898986816, 10971
0.2925443649291992, 10970
0.2945444583892822, 10969
0.30054593086242676, 10968
0.3025529384613037, 10967
0.3070793151855469, 10966
0.3085784912109375, 10965
0.30957841873168945, 10964
0.31157922744750977, 10963
0.3125779628753662, 10962
0.315582275390625, 10961
0.31754612922668457, 10960
0.3195831775665283, 10959
0.3205835819244385, 10958
0.3225827217102051, 10957
0.32358717918395996, 10956
0.3245823383331299, 10955
0.3265824317932129, 10954
0.32959508895874023, 10953
0.3315892219543457, 10952
0.3345828056335449, 10951
0.34159111976623535, 10950
0.34458327293395996, 10949
0.34858274459838867, 10948
0.35158562660217285, 10947
0.3525838851928711, 10946
0.35457825660705566, 10945
0.3555793762207031, 10944
0.3575778007507324, 10943
0.3585796356201172, 10942
0.3605790138244629, 10941
0.36357998847961426, 10940
0.365581750869751, 10939
0.3665785789489746, 10938
0.3695838451385498, 10937
0.37158799171447754, 10936
0.3765859603881836, 10935
0.37758445739746094, 10934
0.3795900344848633, 10933
0.381589412689209, 10932
0.3825855255126953, 10931
0.38554859161376953, 10930
0.38754725456237793, 10929
0.3905813694000244, 10928
0.392589807510376, 10927
0.39358043670654297, 10926
0.39458274841308594, 10925
0.3955800533294678, 10924
0.3975841999053955, 10923
0.39858508110046387, 10922
0.40055036544799805, 10921
0.40254640579223633, 10920
0.40654802322387695, 10919
0.4075889587402344, 10918
0.41358184814453125, 10917
0.41655945777893066, 10916
0.4255805015563965, 10915
0.4275808334350586, 10914
0.42858457565307617, 10913
0.43454551696777344, 10912
0.43758130073547363, 10911
0.438584566116333, 10910
0.4405825138092041, 10909
0.44158220291137695, 10908
0.44358110427856445, 10907
0.4445817470550537, 10906
0.4465804100036621, 10905
0.447584867477417, 10904
0.4505481719970703, 10903
0.45154643058776855, 10902
0.45258498191833496, 10901
0.455580472946167, 10900
0.4575800895690918, 10899
0.46057963371276855, 10898
0.4625866413116455, 10897
0.4635918140411377, 10896
0.4665546417236328, 10895
0.4685847759246826, 10894
0.4735860824584961, 10893
0.47458696365356445, 10892
0.4755845069885254, 10891
0.4775862693786621, 10890
0.4795873165130615, 10889
0.48058438301086426, 10888
0.48258495330810547, 10887
0.4845850467681885, 10886
0.4865846633911133, 10885
0.49158573150634766, 10884
0.49358582496643066, 10883
0.4955873489379883, 10882
0.49758458137512207, 10881
0.4995889663696289, 10880
0.5015847682952881, 10879
0.5035862922668457, 10878
0.5045857429504395, 10877
0.5055861473083496, 10876
0.5065832138061523, 10875
0.5095856189727783, 10874
0.5115854740142822, 10873
0.5125863552093506, 10872
0.5205850601196289, 10871
0.5225870609283447, 10870
0.5245840549468994, 10869
0.5255842208862305, 10868
0.5265853404998779, 10867
0.5285854339599609, 10866
0.530585765838623, 10865
0.5315871238708496, 10864
0.5335485935211182, 10863
0.5345852375030518, 10862
0.5365850925445557, 10861
0.5385878086090088, 10860
0.5395867824554443, 10859
0.5405850410461426, 10858
0.5435953140258789, 10857
0.5445864200592041, 10856
0.5455818176269531, 10855
0.5475850105285645, 10854
0.5505452156066895, 10853
0.5525851249694824, 10852
0.5545923709869385, 10851
0.5555844306945801, 10850
0.5565879344940186, 10849
0.5575861930847168, 10848
0.5595874786376953, 10847
0.5615854263305664, 10846
0.5635871887207031, 10845
0.5655839443206787, 10844
0.5675475597381592, 10843
0.5695843696594238, 10842
0.5705833435058594, 10841
0.571584939956665, 10840
0.5725841522216797, 10839
0.573584794998169, 10838
0.5755844116210938, 10837
0.5765843391418457, 10836
0.5815854072570801, 10835
0.5825860500335693, 10834
0.5855913162231445, 10833
0.5885839462280273, 10832
0.5895845890045166, 10831
0.5905842781066895, 10830
0.5925858020782471, 10829
0.5935485363006592, 10828
0.5965797901153564, 10827
0.5975799560546875, 10826
0.6005480289459229, 10825
0.601581335067749, 10824
0.6035809516906738, 10823
0.6045804023742676, 10822
0.605581521987915, 10821
0.6075773239135742, 10820
0.6095826625823975, 10819
0.6125857830047607, 10818
0.6135847568511963, 10817
0.6145868301391602, 10816
0.6155884265899658, 10815
0.6175477504730225, 10814
0.6185846328735352, 10813
0.6205885410308838, 10812
0.6235959529876709, 10811
0.6245863437652588, 10810
0.626584529876709, 10809
0.627587080001831, 10808
0.6285841464996338, 10807
0.6305863857269287, 10806
0.6325843334197998, 10805
0.6345875263214111, 10804
0.6365852355957031, 10803
0.6425848007202148, 10802
0.6435868740081787, 10801
0.6965799331665039, 10800
0.6985864639282227, 10799
0.7005481719970703, 10798
0.7095828056335449, 10797
0.7115817070007324, 10796
0.712578296661377, 10795
0.7155847549438477, 10794
0.7175450325012207, 10793
0.7195875644683838, 10792
0.7205862998962402, 10791
0.7225852012634277, 10790
0.7285850048065186, 10789
0.7305872440338135, 10788
0.7315850257873535, 10787
0.7325854301452637, 10786
0.7385849952697754, 10785
0.740584135055542, 10784
0.7425849437713623, 10783
0.7445850372314453, 10782
0.7475845813751221, 10781
0.7495899200439453, 10780
0.753584623336792, 10779
0.754584550857544, 10778
0.7555882930755615, 10777
0.756584644317627, 10776
0.7585945129394531, 10775
0.7605905532836914, 10774
0.7615854740142822, 10773
0.7625906467437744, 10772
0.7655847072601318, 10771
0.7675471305847168, 10770
0.7695963382720947, 10769
0.7725865840911865, 10768
0.7735855579376221, 10767
0.7755875587463379, 10766
0.7785873413085938, 10765
0.7825844287872314, 10764
0.7885847091674805, 10763
0.7895843982696533, 10762
0.7935845851898193, 10761
0.7965848445892334, 10760
0.7975845336914062, 10759
0.7985854148864746, 10758
0.7995874881744385, 10757
0.8025856018066406, 10756
0.8055462837219238, 10755
0.8135473728179932, 10754
0.8165473937988281, 10753
0.8215806484222412, 10752
0.8225796222686768, 10751
0.8245809078216553, 10750
0.8255801200866699, 10749
0.8265824317932129, 10748
0.8285846710205078, 10747
0.8295848369598389, 10746
0.8315844535827637, 10745
0.8355867862701416, 10744
0.8365898132324219, 10743
0.8385848999023438, 10742
0.8435890674591064, 10741
0.8465843200683594, 10740
0.8475873470306396, 10739
0.8485846519470215, 10738
0.8535847663879395, 10737
0.8555848598480225, 10736
0.8575844764709473, 10735
0.8585867881774902, 10734
0.8605868816375732, 10733
0.862586498260498, 10732
0.8635880947113037, 10731
0.8645844459533691, 10730
0.8675470352172852, 10729
0.8695850372314453, 10728
0.8705847263336182, 10727
0.8715846538543701, 10726
0.8735916614532471, 10725
0.8745841979980469, 10724
0.8765847682952881, 10723
0.8775851726531982, 10722
0.8795874118804932, 10721
0.881584882736206, 10720
0.8845853805541992, 10719
0.8855850696563721, 10718
0.8875856399536133, 10717
0.8915846347808838, 10716
0.8925848007202148, 10715
0.8935861587524414, 10714
0.8995881080627441, 10713
0.9005486965179443, 10712
0.9095861911773682, 10711
0.9105846881866455, 10710
0.9115879535675049, 10709
0.9125864505767822, 10708
0.9125864505767822, 10707
0.9155869483947754, 10706
0.9185867309570312, 10705
0.9205501079559326, 10704
0.9215869903564453, 10703
0.9235808849334717, 10702
0.9245810508728027, 10701
0.9265804290771484, 10700
0.9285802841186523, 10699
0.9295825958251953, 10698
0.9315860271453857, 10697
0.9335484504699707, 10696
0.9355502128601074, 10695
0.9375801086425781, 10694
0.9385802745819092, 10693
0.9395804405212402, 10692
0.941582202911377, 10691
0.94358229637146, 10690
0.9455804824829102, 10689
0.9515533447265625, 10688
0.954582691192627, 10687
0.9565799236297607, 10686
0.9585809707641602, 10685
0.9605815410614014, 10684
0.96158766746521, 10683
0.9635870456695557, 10682
0.9645845890045166, 10681
0.9655916690826416, 10680
0.967548131942749, 10679
0.9695854187011719, 10678
0.972590446472168, 10677
0.9755959510803223, 10676
0.9785845279693604, 10675
0.9805843830108643, 10674
0.9815847873687744, 10673
0.9865832328796387, 10672
0.9895868301391602, 10671
0.9905939102172852, 10670
0.9915876388549805, 10669
0.9945840835571289, 10668
0.9955844879150391, 10667
0.9975852966308594, 10666
0.9995841979980469, 10665
1.0035858154296875, 10664
1.0045957565307617, 10663
1.0055890083312988, 10662
1.0105845928192139, 10661
1.0125856399536133, 10660
1.0155854225158691, 10659
1.0205848217010498, 10658
1.0235919952392578, 10657
1.0245857238769531, 10656
1.0305843353271484, 10655
1.0315852165222168, 10654
1.0375852584838867, 10653
1.0425846576690674, 10652
1.045583963394165, 10651
1.0505495071411133, 10650
1.0535860061645508, 10649
1.054584264755249, 10648
1.0565857887268066, 10647
1.0575881004333496, 10646
1.0595848560333252, 10645
1.0615854263305664, 10644
1.062584638595581, 10643
1.0645852088928223, 10642
1.0655841827392578, 10641
1.0675475597381592, 10640
1.0685887336730957, 10639
1.0705842971801758, 10638
1.072584629058838, 10637
1.0745840072631836, 10636
1.0755884647369385, 10635
1.0765860080718994, 10634
1.0825870037078857, 10633
1.084585428237915, 10632
1.0855848789215088, 10631
1.091587781906128, 10630
1.0925846099853516, 10629
1.0935847759246826, 10628
1.0975840091705322, 10627
1.098585605621338, 10626
1.104583740234375, 10625
1.1055827140808105, 10624
1.109588861465454, 10623
1.1145868301391602, 10622
1.1155853271484375, 10621
1.1165456771850586, 10620
1.1225879192352295, 10619
1.127584457397461, 10618
1.1285851001739502, 10617
1.1315858364105225, 10616
1.1345880031585693, 10615
1.1375861167907715, 10614
1.138584852218628, 10613
1.139587163925171, 10612
1.141585350036621, 10611
1.142585039138794, 10610
1.1445841789245605, 10609
1.153583288192749, 10608
1.1555864810943604, 10607
1.1575853824615479, 10606
1.1595845222473145, 10605
1.1605901718139648, 10604
1.164588212966919, 10603
1.1695446968078613, 10602
1.1715447902679443, 10601
1.177544116973877, 10600
1.1785447597503662, 10599
1.1795446872711182, 10598
1.181544542312622, 10597
1.1875441074371338, 10596
1.188544511795044, 10595
1.1905441284179688, 10594
1.1925444602966309, 10593
1.1945440769195557, 10592
1.1965444087982178, 10591
1.202545166015625, 10590
1.2045440673828125, 10589
1.2055439949035645, 10588
1.2065446376800537, 10587
1.2095441818237305, 10586
1.2105448246002197, 10585
1.2155444622039795, 10584
1.2175447940826416, 10583
1.2235441207885742, 10582
1.2275443077087402, 10581
1.2285444736480713, 10580
1.235544204711914, 10579
1.237544059753418, 10578
1.2425446510314941, 10577
1.2445454597473145, 10576
1.2455494403839111, 10575
1.2485780715942383, 10574
1.2535789012908936, 10573
1.2575786113739014, 10572
1.260582447052002, 10571
1.2625837326049805, 10570
1.2645833492279053, 10569
1.2685840129852295, 10568
1.270582914352417, 10567
1.2725837230682373, 10566
1.274585247039795, 10565
1.2755823135375977, 10564
1.2785835266113281, 10563
1.2815911769866943, 10562
1.2835464477539062, 10561
1.285545825958252, 10560
1.2875785827636719, 10559
1.2895846366882324, 10558
1.2955775260925293, 10557
1.297581672668457, 10556
1.2985846996307373, 10555
1.300546407699585, 10554
1.3035483360290527, 10553
1.304577350616455, 10552
1.3055799007415771, 10551
1.3145849704742432, 10550
1.3155848979949951, 10549
1.3195877075195312, 10548
1.3225977420806885, 10547
1.323585033416748, 10546
1.325584888458252, 10545
1.326585054397583, 10544
1.328585147857666, 10543
1.3305950164794922, 10542
1.331587553024292, 10541
1.3365848064422607, 10540
1.345588207244873, 10539
1.3465845584869385, 10538
1.3475878238677979, 10537
1.3485889434814453, 10536
1.3515870571136475, 10535
1.3515870571136475, 10534
1.3555853366851807, 10533
1.3565845489501953, 10532
1.358586072921753, 10531
1.3595879077911377, 10530
1.3615825176239014, 10529
1.3635873794555664, 10528
1.3685853481292725, 10527
1.3705856800079346, 10526
1.3725967407226562, 10525
1.3745861053466797, 10524
1.3745861053466797, 10523
1.3775827884674072, 10522
1.383376121520996, 10521
1.3859663009643555, 10520
1.3900532722473145, 10519
1.3912451267242432, 10518
1.3931984901428223, 10517
1.394197940826416, 10516
1.3951969146728516, 10515
1.3971962928771973, 10514
1.3981971740722656, 10513
1.3991966247558594, 10512
1.401198148727417, 10511
1.40816068649292, 10510
1.4142107963562012, 10509
1.4161946773529053, 10508
1.4191992282867432, 10507
1.4201977252960205, 10506
1.4211981296539307, 10505
1.4231986999511719, 10504
1.4242019653320312, 10503
1.4251995086669922, 10502
1.4271962642669678, 10501
1.4311959743499756, 10500
1.434159755706787, 10499
1.4391987323760986, 10498
1.4471979141235352, 10497
1.4511983394622803, 10496
1.452197790145874, 10495
1.4581964015960693, 10494
1.4601964950561523, 10493
1.4621970653533936, 10492
1.4631998538970947, 10491
1.4651963710784912, 10490
1.4671597480773926, 10489
1.4701592922210693, 10488
1.4711582660675049, 10487
1.4761924743652344, 10486
1.4801948070526123, 10485
1.4822020530700684, 10484
1.493192195892334, 10483
1.499197006225586, 10482
1.50119948387146, 10481
1.5041930675506592, 10480
1.5061969757080078, 10479
1.512192726135254, 10478
1.5151965618133545, 10477
1.5161969661712646, 10476
1.5172007083892822, 10475
1.5196945667266846, 10474
1.5211591720581055, 10473
1.5231623649597168, 10472
1.5251600742340088, 10471
1.5261585712432861, 10470
1.5271966457366943, 10469
1.528193712234497, 10468
1.5301995277404785, 10467
1.531196117401123, 10466
1.5321965217590332, 10465
1.534160852432251, 10464
1.5391600131988525, 10463
1.5431602001190186, 10462
1.5441594123840332, 10461
1.547159194946289, 10460
1.548159122467041, 10459
1.5491600036621094, 10458
1.5511605739593506, 10457
1.5541605949401855, 10456
1.5551602840423584, 10455
1.5631599426269531, 10454
1.5651600360870361, 10453
1.5731604099273682, 10452
1.5751605033874512, 10451
1.5781595706939697, 10450
1.5791597366333008, 10449
1.581160068511963, 10448
1.5821568965911865, 10447
1.5871570110321045, 10446
1.588155746459961, 10445
1.5931565761566162, 10444
1.5951566696166992, 10443
1.596156358718872, 10442
1.5971567630767822, 10441
1.599156379699707, 10440
1.6001582145690918, 10439
1.602156639099121, 10438
1.604156732559204, 10437
1.6121563911437988, 10436
1.6131563186645508, 10435
1.615156650543213, 10434
1.6261568069458008, 10433
1.6271560192108154, 10432
1.6291565895080566, 10431
1.6401567459106445, 10430
1.6421566009521484, 10429
1.6441617012023926, 10428
1.6501579284667969, 10427
1.6511592864990234, 10426
1.6531565189361572, 10425
1.66015625, 10424
1.661156415939331, 10423
1.6621568202972412, 10422
1.6631569862365723, 10421
1.665156602859497, 10420
1.6671571731567383, 10419
1.6681571006774902, 10418
1.6701562404632568, 10417
1.6771564483642578, 10416
1.67915678024292, 10415
1.6801562309265137, 10414
1.6811563968658447, 10413
1.6831579208374023, 10412
1.6851582527160645, 10411
1.6881563663482666, 10410
1.6891565322875977, 10409
1.6911563873291016, 10408
1.6941568851470947, 10407
1.6951563358306885, 10406
1.7001574039459229, 10405
1.7031691074371338, 10404
1.7101566791534424, 10403
1.7111563682556152, 10402
1.7121565341949463, 10401
1.7141566276550293, 10400
1.715156078338623, 10399
1.729156494140625, 10398
1.730156421661377, 10397
1.73215651512146, 10396
1.7341563701629639, 10395
1.7391564846038818, 10394
1.7431564331054688, 10393
1.7451565265655518, 10392
1.7541561126708984, 10391
1.7571568489074707, 10390
1.7651560306549072, 10389
1.7761950492858887, 10388
1.7771973609924316, 10387
1.7791998386383057, 10386
1.7811946868896484, 10385
1.7841942310333252, 10384
1.7851943969726562, 10383
1.7861969470977783, 10382
1.7871947288513184, 10381
1.7941949367523193, 10380
1.7951946258544922, 10379
1.7961947917938232, 10378
1.7971961498260498, 10377
1.801194667816162, 10376
1.803194284439087, 10375
1.8061964511871338, 10374
1.8201947212219238, 10373
1.8221583366394043, 10372
1.8241984844207764, 10371
1.8261969089508057, 10370
1.8281981945037842, 10369
1.8322079181671143, 10368
1.837198257446289, 10367
1.8421969413757324, 10366
1.8511967658996582, 10365
1.85520339012146, 10364
1.8562078475952148, 10363
1.8591971397399902, 10362
1.8632020950317383, 10361
1.8681981563568115, 10360
1.8691983222961426, 10359
1.8701965808868408, 10358
1.8741974830627441, 10357
1.876204490661621, 10356
1.8831584453582764, 10355
1.8851983547210693, 10354
1.8861968517303467, 10353
1.8921971321105957, 10352
1.9001591205596924, 10351
1.913196086883545, 10350
1.9151968955993652, 10349
1.9162003993988037, 10348
1.9181976318359375, 10347
1.9201970100402832, 10346
1.921198844909668, 10345
1.9221985340118408, 10344
1.9281938076019287, 10343
1.929197072982788, 10342
1.9321990013122559, 10341
1.9441943168640137, 10340
1.9471964836120605, 10339
1.9601976871490479, 10338
1.9611961841583252, 10337
1.9651985168457031, 10336
1.9711973667144775, 10335
1.9771971702575684, 10334
1.9831593036651611, 10333
1.9841971397399902, 10332
1.9852092266082764, 10331
1.9911987781524658, 10330
1.9961974620819092, 10329
1.9971983432769775, 10328
2.0061895847320557, 10327
2.011192798614502, 10326
2.0211918354034424, 10325
2.022190809249878, 10324
2.023192882537842, 10323
2.0251920223236084, 10322
2.0261919498443604, 10321
2.0361599922180176, 10320
2.0371930599212646, 10319
2.0381925106048584, 10318
2.051196813583374, 10317
2.0531961917877197, 10316
2.0551962852478027, 10315
2.0601961612701416, 10314
2.0641977787017822, 10313
2.0661630630493164, 10312
2.0691962242126465, 10311
2.0911967754364014, 10310
2.0961971282958984, 10309
2.098196268081665, 10308
2.101201057434082, 10307
2.115196466445923, 10306
2.121196746826172, 10305
2.133159637451172, 10304
2.134201765060425, 10303
2.1361937522888184, 10302
2.1441965103149414, 10301
2.1451964378356934, 10300
2.146200656890869, 10299
2.1521968841552734, 10298
2.1541965007781982, 10297
2.1561968326568604, 10296
2.158196210861206, 10295
2.160196304321289, 10294
2.1612095832824707, 10293
2.1621975898742676, 10292
2.169196605682373, 10291
2.170198678970337, 10290
2.174196720123291, 10289
2.1781973838806152, 10288
2.188206195831299, 10287
2.194197416305542, 10286
2.200166702270508, 10285
2.2011983394622803, 10284
2.2021982669830322, 10283
2.212200164794922, 10282
2.2131974697113037, 10281
2.2142014503479004, 10280
2.220196008682251, 10279
2.221198320388794, 10278
2.2221972942352295, 10277
2.229196548461914, 10276
2.2311971187591553, 10275
2.233158826828003, 10274
2.233158826828003, 10273
2.235196828842163, 10272
2.236196994781494, 10271
2.237196922302246, 10270
2.2401962280273438, 10269
2.2412097454071045, 10268
2.242196559906006, 10267
2.243196725845337, 10266
2.252192974090576, 10265
2.2571918964385986, 10264
2.2611958980560303, 10263
2.263197898864746, 10262
2.264206647872925, 10261
2.2661585807800293, 10260
2.268198251724243, 10259
2.2751970291137695, 10258
2.2771966457366943, 10257
2.2841601371765137, 10256
2.286159038543701, 10255
2.2881927490234375, 10254
2.290192127227783, 10253
2.2911922931671143, 10252
2.2921957969665527, 10251
2.311192274093628, 10250
2.3121955394744873, 10249
2.313192129135132, 10248
2.3211987018585205, 10247
2.3251969814300537, 10246
2.3271987438201904, 10245
2.328195095062256, 10244
2.329197406768799, 10243
2.3331594467163086, 10242
2.334198236465454, 10241
2.3351991176605225, 10240
2.3391969203948975, 10239
2.3441975116729736, 10238
2.346200704574585, 10237
2.3501603603363037, 10236
2.3511962890625, 10235
2.3561975955963135, 10234
2.3571970462799072, 10233
2.3591971397399902, 10232
2.361196279525757, 10231
2.3661584854125977, 10230
2.373196601867676, 10229
2.3761937618255615, 10228
2.377196788787842, 10227
2.3791961669921875, 10226
2.3811984062194824, 10225
2.394198417663574, 10224
2.399193525314331, 10223
2.401196241378784, 10222
2.4021971225738525, 10221
2.403196096420288, 10220
2.4101991653442383, 10219
2.4111969470977783, 10218
2.422196388244629, 10217
2.4261960983276367, 10216
2.4281983375549316, 10215
2.429197311401367, 10214
2.4312098026275635, 10213
2.4381961822509766, 10212
2.51119327545166, 10211
2.520198345184326, 10210
2.5212037563323975, 10209
2.5241971015930176, 10208
2.525198221206665, 10207
2.52919602394104, 10206
2.532196521759033, 10205
2.542196750640869, 10204
2.55719256401062, 10203
2.5591986179351807, 10202
2.5661587715148926, 10201
2.569159984588623, 10200
2.572192668914795, 10199
2.5771918296813965, 10198
2.5781919956207275, 10197
2.5791969299316406, 10196
2.586158037185669, 10195
2.587193250656128, 10194
2.5901927947998047, 10193
2.5911951065063477, 10192
2.5921928882598877, 10191
2.5951921939849854, 10190
2.604196548461914, 10189
2.607196092605591, 10188
2.608196496963501, 10187
2.609198808670044, 10186
2.6151974201202393, 10185
2.618196487426758, 10184
2.620198965072632, 10183
2.622199058532715, 10182
2.623198986053467, 10181
2.624197006225586, 10180
2.6291959285736084, 10179
2.6302099227905273, 10178
2.6321988105773926, 10177
2.6331582069396973, 10176
2.6351962089538574, 10175
2.6361963748931885, 10174
2.6531982421875, 10173
2.6541967391967773, 10172
2.655198574066162, 10171
2.656196355819702, 10170
2.6571969985961914, 10169
2.6671597957611084, 10168
2.6711974143981934, 10167
2.6761980056762695, 10166
2.687192678451538, 10165
2.6881918907165527, 10164
2.6981961727142334, 10163
2.7001609802246094, 10162
2.70220947265625, 10161
2.704193353652954, 10160
2.7051923274993896, 10159
2.7182114124298096, 10158
2.720202922821045, 10157
2.7211966514587402, 10156
2.7241973876953125, 10155
2.7291972637176514, 10154
2.737199544906616, 10153
2.7381973266601562, 10152
2.7391960620880127, 10151
2.740196466445923, 10150
2.748196601867676, 10149
2.758028984069824, 10148
2.7589807510375977, 10147
2.762575626373291, 10146
2.767540454864502, 10145
2.772540330886841, 10144
2.773541212081909, 10143
2.775540590286255, 10142
2.776538133621216, 10141
2.7775423526763916, 10140
2.783503532409668, 10139
2.7845404148101807, 10138
2.7855403423309326, 10137
2.7945425510406494, 10136
2.802539110183716, 10135
2.803539276123047, 10134
2.805540084838867, 10133
2.8075459003448486, 10132
2.822542190551758, 10131
2.827500820159912, 10130
2.833503246307373, 10129
2.8365395069122314, 10128
2.847545623779297, 10127
2.8595407009124756, 10126
2.8605403900146484, 10125
2.86155104637146, 10124
2.867543935775757, 10123
2.8735415935516357, 10122
2.875540018081665, 10121
2.879540205001831, 10120
2.8814995288848877, 10119
2.8935396671295166, 10118
2.8945393562316895, 10117
2.895540714263916, 10116
2.9035401344299316, 10115
2.9055402278900146, 10114
2.9075427055358887, 10113
2.9085395336151123, 10112
2.9095523357391357, 10111
2.9115452766418457, 10110
2.915544271469116, 10109
2.9175407886505127, 10108
2.9225425720214844, 10107
2.923539400100708, 10106
2.9265408515930176, 10105
2.928539276123047, 10104
2.929542303085327, 10103
2.9315478801727295, 10102
2.932539701461792, 10101
2.934541940689087, 10100
2.935539960861206, 10099
2.937539577484131, 10098
2.943540096282959, 10097
2.9445433616638184, 10096
2.946539878845215, 10095
2.953540563583374, 10094
2.957540512084961, 10093
2.9635396003723145, 10092
2.964540481567383, 10091
2.969542980194092, 10090
2.9705400466918945, 10089
2.974540948867798, 10088
2.97554612159729, 10087
2.9795432090759277, 10086
2.981539726257324, 10085
2.985541582107544, 10084
2.994546413421631, 10083
2.9955403804779053, 10082
2.9985508918762207, 10081
3.003539562225342, 10080
3.0045406818389893, 10079
3.006540298461914, 10078
3.007540702819824, 10077
3.008540153503418, 10076
3.0095417499542236, 10075
3.0115396976470947, 10074
3.01754093170166, 10073
3.0315396785736084, 10072
3.0325379371643066, 10071
3.0345401763916016, 10070
3.0405399799346924, 10069
3.041551113128662, 10068
3.0525405406951904, 10067
3.0545401573181152, 10066
3.063544273376465, 10065
3.0645477771759033, 10064
3.0665035247802734, 10063
3.075540065765381, 10062
3.080542802810669, 10061
3.102503776550293, 10060
3.1095364093780518, 10059
3.113539457321167, 10058
3.1205356121063232, 10057
3.121537685394287, 10056
3.122535467147827, 10055
3.123534917831421, 10054
3.1255362033843994, 10053
3.1335015296936035, 10052
3.150552749633789, 10051
3.160536766052246, 10050
3.162539482116699, 10049
3.1695446968078613, 10048
3.174543857574463, 10047
3.1845409870147705, 10046
3.1875433921813965, 10045
3.188539505004883, 10044
3.189539909362793, 10043
3.196540355682373, 10042
3.2005414962768555, 10041
3.216503381729126, 10040
3.219541311264038, 10039
3.2205400466918945, 10038
3.2275400161743164, 10037
3.2285397052764893, 10036
3.2305405139923096, 10035
3.2405471801757812, 10034
3.2425432205200195, 10033
3.2455027103424072, 10032
3.247541666030884, 10031
3.248539924621582, 10030
3.252537250518799, 10029
3.254535675048828, 10028
3.256537675857544, 10027
3.262540340423584, 10026
3.2645459175109863, 10025
3.265542984008789, 10024
3.283503532409668, 10023
3.297539710998535, 10022
3.3005006313323975, 10021
3.304535150527954, 10020
3.3135578632354736, 10019
3.315540075302124, 10018
3.316502571105957, 10017
3.3245348930358887, 10016
3.325535535812378, 10015
3.326536178588867, 10014
3.3335299491882324, 10013
3.335541009902954, 10012
3.3365495204925537, 10011
3.3435401916503906, 10010
3.353541135787964, 10009
3.3555431365966797, 10008
3.363539695739746, 10007
3.364539623260498, 10006
3.374539375305176, 10005
3.379539728164673, 10004
3.3835031986236572, 10003
3.384537935256958, 10002
3.3885395526885986, 10001
3.397541046142578, 10000
3.4025425910949707, 9999
3.4045510292053223, 9998
3.4225406646728516, 9997
3.4235453605651855, 9996
3.4245429039001465, 9995
3.437540054321289, 9994
3.439549446105957, 9993
3.441542387008667, 9992
3.443539619445801, 9991
3.445539951324463, 9990
3.4465410709381104, 9989
3.451540946960449, 9988
3.452540636062622, 9987
3.4535019397735596, 9986
3.454545259475708, 9985
3.455545425415039, 9984
3.456540584564209, 9983
3.4575424194335938, 9982
3.4655399322509766, 9981
3.4665017127990723, 9980
3.469540596008301, 9979
3.470540761947632, 9978
3.4725396633148193, 9977
3.476541042327881, 9976
3.4805431365966797, 9975
3.4825000762939453, 9974
3.4835031032562256, 9973
3.4905357360839844, 9972
3.500501871109009, 9971
3.501502275466919, 9970
3.50250506401062, 9969
3.5175018310546875, 9968
3.519535541534424, 9967
3.5205397605895996, 9966
3.5245351791381836, 9965
3.525536298751831, 9964
3.527536392211914, 9963
3.5324995517730713, 9962
3.5345399379730225, 9961
3.5365397930145264, 9960
3.5405402183532715, 9959
3.5435407161712646, 9958
3.548539638519287, 9957
3.5535402297973633, 9956
3.558542490005493, 9955
3.559539556503296, 9954
3.5685439109802246, 9953
3.569542407989502, 9952
3.574540138244629, 9951
3.574540138244629, 9950
3.5755412578582764, 9949
3.5765480995178223, 9948
3.578543186187744, 9947
3.580542802810669, 9946
3.58250093460083, 9945
3.583503007888794, 9944
3.585538148880005, 9943
3.5865399837493896, 9942
3.5905425548553467, 9941
3.5995004177093506, 9940
3.6015379428863525, 9939
3.6035420894622803, 9938
3.6105411052703857, 9937
3.6155459880828857, 9936
3.62054181098938, 9935
3.6285400390625, 9934
3.631539821624756, 9933
3.639535427093506, 9932
3.6405370235443115, 9931
3.6535351276397705, 9930
3.6695034503936768, 9929
3.6745355129241943, 9928
3.6765360832214355, 9927
3.681546211242676, 9926
3.7035367488861084, 9925
3.713545083999634, 9924
3.716503381729126, 9923
3.7175464630126953, 9922
3.719539165496826, 9921
3.7215397357940674, 9920
3.7305405139923096, 9919
3.732501983642578, 9918
3.739539623260498, 9917
3.7415413856506348, 9916
3.742539882659912, 9915
3.7435529232025146, 9914
3.744541645050049, 9913
3.745544672012329, 9912
3.7505431175231934, 9911
3.751540184020996, 9910
3.756539821624756, 9909
3.764540672302246, 9908
3.7715394496917725, 9907
3.7725396156311035, 9906
3.8840994834899902, 9905
3.8851025104522705, 9904
3.887099266052246, 9903
3.916064977645874, 9902
3.9231035709381104, 9901
3.9241011142730713, 9900
3.9260990619659424, 9899
3.9270992279052734, 9898
3.9281036853790283, 9897
3.9301023483276367, 9896
3.9330661296844482, 9895
3.93410325050354, 9894
3.935103178024292, 9893
3.942063808441162, 9892
3.943063259124756, 9891
3.959099292755127, 9890
3.9730641841888428, 9889
3.9750640392303467, 9888
3.983065605163574, 9887
3.984093189239502, 9886
3.9860949516296387, 9885
3.998103141784668, 9884
4.00006365776062, 9883
4.001104116439819, 9882
4.010065793991089, 9881
4.017065048217773, 9880
4.019064664840698, 9879
4.021098375320435, 9878
4.035102605819702, 9877
4.04010272026062, 9876
4.0411036014556885, 9875
4.042104244232178, 9874
4.043102979660034, 9873
4.0530641078948975, 9872
4.059096336364746, 9871
4.060098648071289, 9870
4.063098430633545, 9869
4.064100027084351, 9868
4.065099477767944, 9867
4.087104320526123, 9866
4.088104009628296, 9865
4.097103595733643, 9864
4.105104207992554, 9863
4.117103815078735, 9862
4.126104116439819, 9861
4.13606333732605, 9860
4.144063234329224, 9859
4.146068096160889, 9858
4.147069692611694, 9857
4.153069019317627, 9856
4.186067342758179, 9855
4.208066701889038, 9854
4.21606969833374, 9853
4.223067045211792, 9852
4.226067304611206, 9851
4.227067708969116, 9850
4.231066942214966, 9849
4.239067554473877, 9848
4.2410666942596436, 9847
4.242067575454712, 9846
4.244068622589111, 9845
4.245070934295654, 9844
4.247068881988525, 9843
4.248068571090698, 9842
4.25306510925293, 9841
4.254065275192261, 9840
4.256064176559448, 9839
4.261102199554443, 9838
4.268104553222656, 9837
4.269100904464722, 9836
4.2721028327941895, 9835
4.274065732955933, 9834
4.275063991546631, 9833
4.2831056118011475, 9832
4.288098573684692, 9831
4.29309868812561, 9830
4.300065994262695, 9829
4.303099632263184, 9828
4.306100130081177, 9827
4.308100700378418, 9826
4.316064834594727, 9825
4.317106246948242, 9824
4.32809853553772, 9823
4.330098867416382, 9822
4.331098794937134, 9821
4.339098930358887, 9820
4.34109902381897, 9819
4.3451056480407715, 9818
4.354100227355957, 9817
4.3550989627838135, 9816
4.356102228164673, 9815
4.3570990562438965, 9814
4.3660664558410645, 9813
4.370105266571045, 9812
4.371104001998901, 9811
4.37310266494751, 9810
4.377103090286255, 9809
4.386099815368652, 9808
4.387099027633667, 9807
4.388098239898682, 9806
4.389099836349487, 9805
4.391098260879517, 9804
4.392098903656006, 9803
4.4031031131744385, 9802
4.405102729797363, 9801
4.410104513168335, 9800
4.424102783203125, 9799
4.428102731704712, 9798
4.437103271484375, 9797
4.439103603363037, 9796
4.440102815628052, 9795
4.4541051387786865, 9794
4.459104061126709, 9793
4.460103511810303, 9792
4.46110200881958, 9791
4.4651038646698, 9790
4.471109867095947, 9789
4.473102569580078, 9788
4.475103139877319, 9787
4.479102849960327, 9786
4.483064889907837, 9785
4.49810528755188, 9784
4.499066352844238, 9783
4.50006628036499, 9782
4.513103246688843, 9781
4.517104148864746, 9780
4.519103050231934, 9779
4.523103475570679, 9778
4.525104999542236, 9777
4.526103496551514, 9776
4.5271031856536865, 9775
4.52910304069519, 9774
4.531065940856934, 9773
4.536108493804932, 9772
4.54010272026062, 9771
4.5441060066223145, 9770
4.61106538772583, 9769
4.612063646316528, 9768
4.627103567123413, 9767
4.629106283187866, 9766
4.640104055404663, 9765
4.642105579376221, 9764
4.64310359954834, 9763
4.646066427230835, 9762
4.647066116333008, 9761
4.649065017700195, 9760
4.65709924697876, 9759
4.658099174499512, 9758
4.659099578857422, 9757
4.661107778549194, 9756
4.663103103637695, 9755
4.665103435516357, 9754
4.6670660972595215, 9753
4.668064594268799, 9752
4.674063205718994, 9751
4.67810583114624, 9750
4.679104328155518, 9749
4.685067892074585, 9748
4.687063932418823, 9747
4.688063621520996, 9746
4.690100193023682, 9745
4.69109845161438, 9744
4.69506311416626, 9743
4.696063041687012, 9742
4.70307183265686, 9741
4.727098703384399, 9740
4.729099750518799, 9739
4.731103181838989, 9738
4.733065128326416, 9737
4.735082149505615, 9736
4.742098331451416, 9735
4.750065088272095, 9734
4.752075433731079, 9733
4.754063606262207, 9732
4.755064964294434, 9731
4.756063938140869, 9730
4.7611024379730225, 9729
4.773063659667969, 9728
4.785104990005493, 9727
4.790106296539307, 9726
4.798064708709717, 9725
4.799064874649048, 9724
4.8031041622161865, 9723
4.80510401725769, 9722
4.807103633880615, 9721
4.8160669803619385, 9720
4.819105386734009, 9719
4.825063228607178, 9718
4.826063632965088, 9717
4.829064607620239, 9716
4.831063508987427, 9715
4.832063436508179, 9714
4.836104154586792, 9713
4.837105751037598, 9712
4.844064474105835, 9711
4.846063613891602, 9710
4.8510637283325195, 9709
4.8570637702941895, 9708
4.858063697814941, 9707
4.859063386917114, 9706
4.867103576660156, 9705
4.86810040473938, 9704
4.878063440322876, 9703
4.885102987289429, 9702
4.887111663818359, 9701
4.898105621337891, 9700
4.902105331420898, 9699
4.911102533340454, 9698
4.919063091278076, 9697
4.923077583312988, 9696
4.924065351486206, 9695
4.932101488113403, 9694
4.948100328445435, 9693
4.949064493179321, 9692
4.955107927322388, 9691
4.964103698730469, 9690
4.968062400817871, 9689
4.983065843582153, 9688
4.999066114425659, 9687
5.001103639602661, 9686
5.001103639602661, 9685
5.007103443145752, 9684
5.014106750488281, 9683
5.028698205947876, 9682
5.040486812591553, 9681
5.042485475540161, 9680
5.043485641479492, 9679
5.044485330581665, 9678
5.045485258102417, 9677
5.049487590789795, 9676
5.052525758743286, 9675
5.053526878356934, 9674
5.056490659713745, 9673
5.057488203048706, 9672
5.059487819671631, 9671
5.063485860824585, 9670
5.06549596786499, 9669
5.078527450561523, 9668
5.0855278968811035, 9667
5.0865254402160645, 9666
5.090487480163574, 9665
5.091485023498535, 9664
5.101486921310425, 9663
5.102485418319702, 9662
5.103526830673218, 9661
5.118487596511841, 9660
5.1305248737335205, 9659
5.131525754928589, 9658
5.133527755737305, 9657
5.140527248382568, 9656
5.145486831665039, 9655
5.1494879722595215, 9654
5.154532194137573, 9653
5.155525207519531, 9652
5.156528472900391, 9651
5.1575329303741455, 9650
5.158525705337524, 9649
5.169485330581665, 9648
5.171485662460327, 9647
5.1724853515625, 9646
5.173485279083252, 9645
5.204488039016724, 9644
5.2064855098724365, 9643
5.219486474990845, 9642
5.242485761642456, 9641
5.250487804412842, 9640
5.25549054145813, 9639
5.257485389709473, 9638
5.260486364364624, 9637
5.265488147735596, 9636
5.268485069274902, 9635
5.2694854736328125, 9634
5.279484987258911, 9633
5.280484914779663, 9632
5.282486438751221, 9631
5.298485040664673, 9630
5.299485921859741, 9629
5.303486585617065, 9628
5.3054845333099365, 9627
5.306484699249268, 9626
5.3174848556518555, 9625
5.318484306335449, 9624
5.319485902786255, 9623
5.322485685348511, 9622
5.334484338760376, 9621
5.371486186981201, 9620
5.373486042022705, 9619
5.374485492706299, 9618
5.375485181808472, 9617
5.3835389614105225, 9616
5.385518312454224, 9615
5.386521100997925, 9614
5.392521619796753, 9613
5.3985302448272705, 9612
5.407485008239746, 9611
5.418525695800781, 9610
5.422525882720947, 9609
5.439526319503784, 9608
5.440526962280273, 9607
5.4425270557403564, 9606
5.446526527404785, 9605
5.456485033035278, 9604
5.457485198974609, 9603
5.458526849746704, 9602
5.46152663230896, 9601
5.462530612945557, 9600
5.4644856452941895, 9599
5.466526985168457, 9598
5.475526809692383, 9597
5.480492115020752, 9596
5.48448634147644, 9595
5.48448634147644, 9594
5.485485553741455, 9593
5.487525701522827, 9592
5.488521575927734, 9591
5.5074851512908936, 9590
5.512526273727417, 9589
5.526530742645264, 9588
5.534485340118408, 9587
5.550525188446045, 9586
5.559485197067261, 9585
5.5605268478393555, 9584
5.56752610206604, 9583
5.568526744842529, 9582
5.570532321929932, 9581
5.571525812149048, 9580
5.5725319385528564, 9579
5.5865256786346436, 9578
5.599488735198975, 9577
5.604486703872681, 9576
5.606485605239868, 9575
5.608484983444214, 9574
5.6125264167785645, 9573
5.614526033401489, 9572
5.616539001464844, 9571
5.617529392242432, 9570
5.61952543258667, 9569
5.620526552200317, 9568
5.625529527664185, 9567
5.627486944198608, 9566
5.631485462188721, 9565
5.632487773895264, 9564
5.636526346206665, 9563
5.640525817871094, 9562
5.6605188846588135, 9561
5.6654863357543945, 9560
5.669539928436279, 9559
5.671528577804565, 9558
5.673524856567383, 9557
5.690521001815796, 9556
5.69352388381958, 9555
5.6945226192474365, 9554
5.697528123855591, 9553
5.702486753463745, 9552
5.705486536026001, 9551
5.706486463546753, 9550
5.719533920288086, 9549
5.7215259075164795, 9548
5.72252631187439, 9547
5.728487491607666, 9546
5.73651123046875, 9545
5.7604851722717285, 9544
5.76252293586731, 9543
5.763526201248169, 9542
5.7695300579071045, 9541
5.782490015029907, 9540
5.785526752471924, 9539
5.789529323577881, 9538
5.790525674819946, 9537
5.7935357093811035, 9536
5.794527292251587, 9535
5.799488306045532, 9534
5.823525905609131, 9533
5.827526569366455, 9532
5.830487012863159, 9531
5.831484794616699, 9530
5.8434858322143555, 9529
5.852527379989624, 9528
5.859485626220703, 9527
5.860485315322876, 9526
5.876528024673462, 9525
5.878525257110596, 9524
5.88048791885376, 9523
5.8824872970581055, 9522
5.88653302192688, 9521
5.887519836425781, 9520
5.908524990081787, 9519
5.911524772644043, 9518
5.91353440284729, 9517
5.9214887619018555, 9516
5.926488876342773, 9515
5.939489126205444, 9514
5.945489168167114, 9513
5.946489095687866, 9512
5.947489261627197, 9511
5.95448899269104, 9510
5.958488941192627, 9509
5.9594886302948, 9508
5.960488796234131, 9507
5.981488466262817, 9506
5.999488353729248, 9505
6.002527475357056, 9504
6.004527568817139, 9503
6.007525444030762, 9502
6.029527902603149, 9501
6.03153657913208, 9500
6.045485258102417, 9499
6.04752516746521, 9498
6.055526494979858, 9497
6.057529449462891, 9496
6.076527833938599, 9495
6.083526372909546, 9494
6.090486764907837, 9493
6.096527338027954, 9492
6.0985119342803955, 9491
6.103527069091797, 9490
6.119517087936401, 9489
6.123522758483887, 9488
6.124526739120483, 9487
6.126524925231934, 9486
6.12752628326416, 9485
6.13152551651001, 9484
6.132497310638428, 9483
6.133525848388672, 9482
6.248030185699463, 9481
6.250032186508179, 9480
6.2550318241119385, 9479
6.257032155990601, 9478
6.271032333374023, 9477
6.2720324993133545, 9476
6.273031949996948, 9475
6.277031898498535, 9474
6.287032127380371, 9473
6.288031339645386, 9472
6.289031744003296, 9471
6.293031930923462, 9470
6.294032096862793, 9469
6.307070732116699, 9468
6.309069633483887, 9467
6.321069955825806, 9466
6.338070869445801, 9465
6.340031623840332, 9464
6.345030069351196, 9463
6.3470704555511475, 9462
6.349041938781738, 9461
6.354080677032471, 9460
6.376068115234375, 9459
6.3940300941467285, 9458
6.402072191238403, 9457
6.420069932937622, 9456
6.4330737590789795, 9455
6.4330737590789795, 9454
6.443030118942261, 9453
6.453070163726807, 9452
6.459070682525635, 9451
6.460071563720703, 9450
6.461071491241455, 9449
6.4680304527282715, 9448
6.469030380249023, 9447
6.474072217941284, 9446
6.4750823974609375, 9445
6.4770708084106445, 9444
6.486073970794678, 9443
6.4870710372924805, 9442
6.488068580627441, 9441
6.505069971084595, 9440
6.526070594787598, 9439
6.5270702838897705, 9438
6.5330727100372314, 9437
6.55107045173645, 9436
6.553070545196533, 9435
6.554073095321655, 9434
6.555071115493774, 9433
6.562070608139038, 9432
6.569060325622559, 9431
6.588032007217407, 9430
6.613032817840576, 9429
6.614032030105591, 9428
6.615030527114868, 9427
6.633070945739746, 9426
6.635070085525513, 9425
6.653032541275024, 9424
6.674065828323364, 9423
6.679065704345703, 9422
6.681065559387207, 9421
6.68903112411499, 9420
6.692031621932983, 9419
6.7020440101623535, 9418
6.7030346393585205, 9417
6.708068609237671, 9416
6.721065282821655, 9415
6.729070425033569, 9414
6.741031885147095, 9413
6.742031812667847, 9412
6.744030475616455, 9411
6.744030475616455, 9410
6.745030403137207, 9409
6.773065805435181, 9408
6.790033578872681, 9407
6.8010313510894775, 9406
6.807065486907959, 9405
6.80806827545166, 9404
6.809065580368042, 9403
6.810072183609009, 9402
6.812070369720459, 9401
6.843127012252808, 9400
6.853219270706177, 9399
6.855218172073364, 9398
6.861217737197876, 9397
6.861217737197876, 9396
6.863217830657959, 9395
6.869226455688477, 9394
6.879219055175781, 9393
6.880218982696533, 9392
6.882220029830933, 9391
6.8842198848724365, 9390
6.893222093582153, 9389
6.897252082824707, 9388
6.898251533508301, 9387
6.925251483917236, 9386
6.926218748092651, 9385
6.9312169551849365, 9384
6.932222127914429, 9383
6.9392170906066895, 9382
6.940217018127441, 9381
6.9412195682525635, 9380
6.964216947555542, 9379
6.967219114303589, 9378
6.968218803405762, 9377
6.970217227935791, 9376
6.98721981048584, 9375
6.993220090866089, 9374
6.996257543563843, 9373
6.997257709503174, 9372
6.999219655990601, 9371
7.006219387054443, 9370
7.011218070983887, 9369
7.021258592605591, 9368
7.022265911102295, 9367
7.0282204151153564, 9366
7.029218912124634, 9365
7.037221431732178, 9364
7.038255929946899, 9363
7.043257474899292, 9362
7.055217742919922, 9361
7.056217908859253, 9360
7.060218095779419, 9359
7.096218109130859, 9358
7.119217395782471, 9357
7.121256113052368, 9356
7.122255802154541, 9355
7.1272547245025635, 9354
7.1292619705200195, 9353
7.15322470664978, 9352
7.173251152038574, 9351
7.174253940582275, 9350
7.175253629684448, 9349
7.1762542724609375, 9348
7.191256999969482, 9347
7.192253112792969, 9346
7.196253776550293, 9345
7.203219175338745, 9344
7.204254388809204, 9343
7.2052507400512695, 9342
7.20625376701355, 9341
7.211217880249023, 9340
7.22822117805481, 9339
7.236221551895142, 9338
7.247218608856201, 9337
7.261219024658203, 9336
7.270253896713257, 9335
7.271219968795776, 9334
7.276255369186401, 9333
7.28621768951416, 9332
7.288258790969849, 9331
7.293219089508057, 9330
7.3062193393707275, 9329
7.307218551635742, 9328
7.321223020553589, 9327
7.323221921920776, 9326
7.327221393585205, 9325
7.337219715118408, 9324
7.338254928588867, 9323
7.354220151901245, 9322
7.359219312667847, 9321
7.361217975616455, 9320
7.363217830657959, 9319
7.364253520965576, 9318
7.373219013214111, 9317
7.399220943450928, 9316
7.403258562088013, 9315
7.4042603969573975, 9314
7.408217906951904, 9313
7.408217906951904, 9312
7.409218788146973, 9311
7.410218238830566, 9310
7.506219387054443, 9309
7.507219314575195, 9308
7.514258146286011, 9307
7.516259670257568, 9306
7.524257659912109, 9305
7.526269197463989, 9304
7.526269197463989, 9303
7.570220708847046, 9302
7.575218439102173, 9301
7.577253580093384, 9300
7.5882179737091064, 9299
7.609218120574951, 9298
7.613218069076538, 9297
7.614218711853027, 9296
7.616220951080322, 9295
7.633223533630371, 9294
7.634225130081177, 9293
7.6382246017456055, 9292
7.639222621917725, 9291
7.652230262756348, 9290
7.653219938278198, 9289
7.672218322753906, 9288
7.6742188930511475, 9287
7.693218231201172, 9286
7.696254014968872, 9285
7.701253890991211, 9284
7.711219072341919, 9283
7.712218284606934, 9282
7.7132182121276855, 9281
7.7182183265686035, 9280
7.756256341934204, 9279
7.76121973991394, 9278
7.763218402862549, 9277
7.766220808029175, 9276
7.787219524383545, 9275
7.795258522033691, 9274
7.816219329833984, 9273
7.8242621421813965, 9272
7.865219593048096, 9271
7.866220474243164, 9270
7.867218017578125, 9269
7.8822243213653564, 9268
7.88322377204895, 9267
7.88522481918335, 9266
7.889224052429199, 9265
7.891222238540649, 9264
7.896221399307251, 9263
7.905218124389648, 9262
7.906217575073242, 9261
7.9232177734375, 9260
7.925218105316162, 9259
7.926217794418335, 9258
7.931218385696411, 9257
7.966218709945679, 9256
7.985217809677124, 9255
7.997257471084595, 9254
7.999221086502075, 9253
8.013258934020996, 9252
8.01521921157837, 9251
8.017257928848267, 9250
8.020256996154785, 9249
8.021265745162964, 9248
8.02325987815857, 9247
8.028217554092407, 9246
8.039259910583496, 9245
8.040257930755615, 9244
8.045259475708008, 9243
8.059253931045532, 9242
8.060256958007812, 9241
8.061255931854248, 9240
8.065219402313232, 9239
8.066259860992432, 9238
8.08327031135559, 9237
8.084259748458862, 9236
8.090260028839111, 9235
8.091259479522705, 9234
8.106218099594116, 9233
8.111254692077637, 9232
8.1232590675354, 9231
8.136259078979492, 9230
8.140262126922607, 9229
8.145258903503418, 9228
8.170259475708008, 9227
8.175260305404663, 9226
8.18021821975708, 9225
8.184218168258667, 9224
8.185218095779419, 9223
8.197220087051392, 9222
8.19921875, 9221
8.209339380264282, 9220
8.210911512374878, 9219
8.2159423828125, 9218
8.216944217681885, 9217
8.218541145324707, 9216
8.220542430877686, 9215
8.221543073654175, 9214
8.24650502204895, 9213
8.268503427505493, 9212
8.270505666732788, 9211
8.304537534713745, 9210
8.309502124786377, 9209
8.312502145767212, 9208
8.3145010471344, 9207
8.34454083442688, 9206
8.345537900924683, 9205
8.346538066864014, 9204
8.347538948059082, 9203
8.355542421340942, 9202
8.374537467956543, 9201
8.38350224494934, 9200
8.388502836227417, 9199
8.423537015914917, 9198
8.424537181854248, 9197
8.425537347793579, 9196
8.427537202835083, 9195
8.442500591278076, 9194
8.443500280380249, 9193
8.449544906616211, 9192
8.460537910461426, 9191
8.462583780288696, 9190
8.468538045883179, 9189
8.46953272819519, 9188
8.470545053482056, 9187
8.48354196548462, 9186
8.485502004623413, 9185
8.49350118637085, 9184
8.504545211791992, 9183
8.53650426864624, 9182
8.543500185012817, 9181
8.546500444412231, 9180
8.548502683639526, 9179
8.55653691291809, 9178
8.559537172317505, 9177
8.563537359237671, 9176
8.57550048828125, 9175
8.58653736114502, 9174
8.593540668487549, 9173
8.594537734985352, 9172
8.602545738220215, 9171
8.607501745223999, 9170
8.612543821334839, 9169
8.61655330657959, 9168
8.61754322052002, 9167
8.622502326965332, 9166
8.661539077758789, 9165
8.67050051689148, 9164
8.704500436782837, 9163
8.707532167434692, 9162
8.71054220199585, 9161
8.712501764297485, 9160
8.72450566291809, 9159
8.726503372192383, 9158
8.7685067653656, 9157
8.770506858825684, 9156
8.773500919342041, 9155
8.775537252426147, 9154
8.77653956413269, 9153
8.815502405166626, 9152
8.81850290298462, 9151
8.831501245498657, 9150
8.840532302856445, 9149
8.841537237167358, 9148
8.845539093017578, 9147
8.873504877090454, 9146
8.876537084579468, 9145
8.882509231567383, 9144
8.887502193450928, 9143
8.897541999816895, 9142
8.901506900787354, 9141
8.917504072189331, 9140
8.919502019882202, 9139
8.933502197265625, 9138
8.957500696182251, 9137
8.959504127502441, 9136
8.966500759124756, 9135
8.970537185668945, 9134
8.972502708435059, 9133
8.983502388000488, 9132
8.994500160217285, 9131
9.004506587982178, 9130
9.04150104522705, 9129
9.052500247955322, 9128
9.053500413894653, 9127
9.068543672561646, 9126
9.073542356491089, 9125
9.07453989982605, 9124
9.076541185379028, 9123
9.100536108016968, 9122
9.101535320281982, 9121
9.102534770965576, 9120
9.116501092910767, 9119
9.143501281738281, 9118
9.14750075340271, 9117
9.152506828308105, 9116
9.154500484466553, 9115
9.157500505447388, 9114
9.158499956130981, 9113
9.190500020980835, 9112
9.203539609909058, 9111
9.232501983642578, 9110
9.249500751495361, 9109
9.26450252532959, 9108
9.285502195358276, 9107
9.287500858306885, 9106
9.295543193817139, 9105
9.297542333602905, 9104
9.306541442871094, 9103
9.316542148590088, 9102
9.329544305801392, 9101
9.340502500534058, 9100
9.341545820236206, 9099
9.354509115219116, 9098
9.373537540435791, 9097
9.374537467956543, 9096
9.402538061141968, 9095
9.403537034988403, 9094
9.435502767562866, 9093
9.43750262260437, 9092
9.439502239227295, 9091
9.442503213882446, 9090
9.44550085067749, 9089
9.451500415802002, 9088
9.453537702560425, 9087
9.454532623291016, 9086
9.455532789230347, 9085
9.477537870407104, 9084
9.478500604629517, 9083
9.490072965621948, 9082
9.491503953933716, 9081
9.50637149810791, 9080
9.506902694702148, 9079
9.538888692855835, 9078
9.558930397033691, 9077
9.562927961349487, 9076
9.5648934841156, 9075
9.570888757705688, 9074
9.575888872146606, 9073
9.614890813827515, 9072
9.645888328552246, 9071
9.818928718566895, 9070
9.855925559997559, 9069
9.866888523101807, 9068
10.150891065597534, 9067
10.171889066696167, 9066
10.206888675689697, 9065
10.215888977050781, 9064
10.219890356063843, 9063
10.221891164779663, 9062
10.222890138626099, 9061
10.24289059638977, 9060
10.25792407989502, 9059
10.273509502410889, 9058
10.292972087860107, 9057
10.308972358703613, 9056
10.311976909637451, 9055
10.320976495742798, 9054
10.339974164962769, 9053
10.340975999832153, 9052
10.376971960067749, 9051
10.378976345062256, 9050
10.391972303390503, 9049
10.398937463760376, 9048
10.411971807479858, 9047
10.416972160339355, 9046
10.424976110458374, 9045
10.429976224899292, 9044
10.43493938446045, 9043
10.436971664428711, 9042
10.445977449417114, 9041
10.446983814239502, 9040
10.4549720287323, 9039
10.469972372055054, 9038
10.474969387054443, 9037
10.482977628707886, 9036
10.48897933959961, 9035
10.503976106643677, 9034
10.507976055145264, 9033
10.509976148605347, 9032
10.51197600364685, 9031
10.513978719711304, 9030
10.515974283218384, 9029
10.51997709274292, 9028
10.529978513717651, 9027
10.53797435760498, 9026
10.541938543319702, 9025
10.543944120407104, 9024
10.545940399169922, 9023
10.552939176559448, 9022
10.554972410202026, 9021
10.562975645065308, 9020
10.576971769332886, 9019
10.599972248077393, 9018
10.602938175201416, 9017
10.605971813201904, 9016
10.607973098754883, 9015
10.610977172851562, 9014
10.617975950241089, 9013
10.655973434448242, 9012
10.658975839614868, 9011
10.660971879959106, 9010
10.680943012237549, 9009
10.695972442626953, 9008
10.698969602584839, 9007
10.701971530914307, 9006
10.706972599029541, 9005
10.711976289749146, 9004
10.714940309524536, 9003
10.742977142333984, 9002
10.744977474212646, 9001
10.756977081298828, 9000
10.77997612953186, 8999
10.781939506530762, 8998
10.7859787940979, 8997
10.794981479644775, 8996
10.795976638793945, 8995
10.827975988388062, 8994
10.831938743591309, 8993
10.832937955856323, 8992
10.834938764572144, 8991
10.835938215255737, 8990
10.837937831878662, 8989
10.875971794128418, 8988
10.878972291946411, 8987
10.88997220993042, 8986
10.893971681594849, 8985
10.89497184753418, 8984
10.899937152862549, 8983
10.904936075210571, 8982
10.908936023712158, 8981
10.927939176559448, 8980
10.93793797492981, 8979
10.943938493728638, 8978
10.945938348770142, 8977
10.946938037872314, 8976
10.947941541671753, 8975
10.949938535690308, 8974
10.98093867301941, 8973
10.986989259719849, 8972
10.988971710205078, 8971
11.038958072662354, 8970
11.058977842330933, 8969
11.059977293014526, 8968
11.07297658920288, 8967
11.080937385559082, 8966
11.08897614479065, 8965
11.090975999832153, 8964
11.101975917816162, 8963
11.102976322174072, 8962
11.111976385116577, 8961
11.112977504730225, 8960
11.156975984573364, 8959
11.160977125167847, 8958
11.163947820663452, 8957
11.169979333877563, 8956
11.172976016998291, 8955
11.210971117019653, 8954
11.21494436264038, 8953
11.221972703933716, 8952
11.222973346710205, 8951
11.486977100372314, 8950
11.53394079208374, 8949
11.540972471237183, 8948
11.552972555160522, 8947
11.55497145652771, 8946
11.578971862792969, 8945
11.58993935585022, 8944
11.590940475463867, 8943
11.617954969406128, 8942
11.62194013595581, 8941
11.625940084457397, 8940
11.646940231323242, 8939
11.64993929862976, 8938
11.655940055847168, 8937
11.656939506530762, 8936
11.65794038772583, 8935
11.665939807891846, 8934
11.681940793991089, 8933
11.684939861297607, 8932
11.686939716339111, 8931
11.702940225601196, 8930
11.708940029144287, 8929
11.743939638137817, 8928
11.746939659118652, 8927
11.750940084457397, 8926
11.759938955307007, 8925
11.772939920425415, 8924
11.7799391746521, 8923
11.78193998336792, 8922
11.782939672470093, 8921
11.789939641952515, 8920
11.79994010925293, 8919
11.802940130233765, 8918
11.807940006256104, 8917
11.808939456939697, 8916
11.813940525054932, 8915
11.823939561843872, 8914
11.850940227508545, 8913
11.852939128875732, 8912
11.87093997001648, 8911
11.871939420700073, 8910
11.894976615905762, 8909
11.89897632598877, 8908
11.901976585388184, 8907
11.90397572517395, 8906
11.92197871208191, 8905
11.92897653579712, 8904
11.92997694015503, 8903
11.94497799873352, 8902
11.945976972579956, 8901
11.946976661682129, 8900
11.949975728988647, 8899
11.95998501777649, 8898
11.970978260040283, 8897
11.970978260040283, 8896
11.988976001739502, 8895
11.99597692489624, 8894
11.996977806091309, 8893
12.00497579574585, 8892
12.00697636604309, 8891
12.020977258682251, 8890
12.024976253509521, 8889
12.030937433242798, 8888
12.04297685623169, 8887
12.06594181060791, 8886
12.076972723007202, 8885
12.09793734550476, 8884
12.106969356536865, 8883
12.108976125717163, 8882
12.116976261138916, 8881
12.13297724723816, 8880
12.133975982666016, 8879
12.138976812362671, 8878
12.142976522445679, 8877
12.157976150512695, 8876
12.168977499008179, 8875
12.171979427337646, 8874
12.189976453781128, 8873
12.190978050231934, 8872
12.203976154327393, 8871
12.203976154327393, 8870
12.209940195083618, 8869
12.216939687728882, 8868
12.220974445343018, 8867
12.223973512649536, 8866
12.26493763923645, 8865
12.272971630096436, 8864
12.280937433242798, 8863
12.292976140975952, 8862
12.293977975845337, 8861
12.297936916351318, 8860
12.304977893829346, 8859
12.313938856124878, 8858
12.314976930618286, 8857
12.329976558685303, 8856
12.335975885391235, 8855
12.336975574493408, 8854
12.337978839874268, 8853
12.338977098464966, 8852
12.343977689743042, 8851
12.351975917816162, 8850
12.366939067840576, 8849
12.386971950531006, 8848
12.38797378540039, 8847
12.388972282409668, 8846
12.418973207473755, 8845
12.435937643051147, 8844
12.446936130523682, 8843
12.452978134155273, 8842
12.453936338424683, 8841
12.466975927352905, 8840
12.473977327346802, 8839
12.477977991104126, 8838
12.477977991104126, 8837
12.509977579116821, 8836
12.52397608757019, 8835
12.524976253509521, 8834
12.528937101364136, 8833
12.551941633224487, 8832
12.56093978881836, 8831
12.562939882278442, 8830
12.56994080543518, 8829
12.570939302444458, 8828
12.575938940048218, 8827
12.576939582824707, 8826
12.5819411277771, 8825
12.587939739227295, 8824
12.58993935585022, 8823
12.596936702728271, 8822
12.604938983917236, 8821
12.619940042495728, 8820
12.624939680099487, 8819
12.625939130783081, 8818
12.64393949508667, 8817
12.650940418243408, 8816
12.653939962387085, 8815
12.661939859390259, 8814
12.666939973831177, 8813
12.669939756393433, 8812
12.670939445495605, 8811
12.673939943313599, 8810
12.680940628051758, 8809
12.721969366073608, 8808
12.723973035812378, 8807
12.735942125320435, 8806
12.740972518920898, 8805
12.75797176361084, 8804
12.76497483253479, 8803
12.778976917266846, 8802
12.784976482391357, 8801
12.788976430892944, 8800
12.792937994003296, 8799
12.797943830490112, 8798
12.798943996429443, 8797
12.806939840316772, 8796
12.807939291000366, 8795
12.851001024246216, 8794
12.851973056793213, 8793
12.855972051620483, 8792
12.855972051620483, 8791
12.884986639022827, 8790
12.915977239608765, 8789
13.026972532272339, 8788
13.043976306915283, 8787
13.04897665977478, 8786
13.061978101730347, 8785
13.064976692199707, 8784
13.092977285385132, 8783
13.118975639343262, 8782
13.13897156715393, 8781
13.154940366744995, 8780
13.166940927505493, 8779
13.187939643859863, 8778
13.193939208984375, 8777
13.194940328598022, 8776
13.210939407348633, 8775
13.211979150772095, 8774
13.214940547943115, 8773
13.235939979553223, 8772
13.252016544342041, 8771
13.255939722061157, 8770
13.272940397262573, 8769
13.278939485549927, 8768
13.300020456314087, 8767
13.31593942642212, 8766
13.316937923431396, 8765
13.340978622436523, 8764
13.341976881027222, 8763
13.343976497650146, 8762
13.34497594833374, 8761
13.3459792137146, 8760
13.34693956375122, 8759
13.390935897827148, 8758
13.420936346054077, 8757
13.422935962677002, 8756
13.43993616104126, 8755
13.443935871124268, 8754
13.45293641090393, 8753
13.45793604850769, 8752
13.459936141967773, 8751
13.472936391830444, 8750
13.48193645477295, 8749
13.491974592208862, 8748
13.5099778175354, 8747
13.535975933074951, 8746
13.536977291107178, 8745
13.556976795196533, 8744
13.569977283477783, 8743
13.573979377746582, 8742
13.574978113174438, 8741
13.596938848495483, 8740
13.604976177215576, 8739
13.609976291656494, 8738
13.617979288101196, 8737
13.619976282119751, 8736
13.62397575378418, 8735
13.633979320526123, 8734
13.648959875106812, 8733
13.65297555923462, 8732
13.660974740982056, 8731
13.669440269470215, 8730
13.682715892791748, 8729
13.701908826828003, 8728
13.70391035079956, 8727
13.7289137840271, 8726
13.729913473129272, 8725
13.73392128944397, 8724
13.73991084098816, 8723
13.740915298461914, 8722
13.741915702819824, 8721
13.758909702301025, 8720
13.777917861938477, 8719
13.782875299453735, 8718
13.793909072875977, 8717
13.804908990859985, 8716
13.822911024093628, 8715
13.822911024093628, 8714
13.827908992767334, 8713
13.864916324615479, 8712
13.866913795471191, 8711
13.867910861968994, 8710
13.873914241790771, 8709
13.874912977218628, 8708
13.890917778015137, 8707
13.891915798187256, 8706
13.89591383934021, 8705
13.910923957824707, 8704
13.921914339065552, 8703
13.936877727508545, 8702
13.93787670135498, 8701
13.941877365112305, 8700
13.954877614974976, 8699
13.997875690460205, 8698
13.999876737594604, 8697
14.007909774780273, 8696
14.046875238418579, 8695
14.071914434432983, 8694
14.105915307998657, 8693
14.106913805007935, 8692
14.107913732528687, 8691
14.12192153930664, 8690
14.125916719436646, 8689
14.139911651611328, 8688
14.219911336898804, 8687
14.229873657226562, 8686
14.234911441802979, 8685
14.234911441802979, 8684
14.242910623550415, 8683
14.244874238967896, 8682
14.244874238967896, 8681
14.263875484466553, 8680
14.265915393829346, 8679
14.267915725708008, 8678
14.277914047241211, 8677
14.286916494369507, 8676
14.3029146194458, 8675
14.304916381835938, 8674
14.306918382644653, 8673
14.318913459777832, 8672
14.340927124023438, 8671
14.384891271591187, 8670
14.39090871810913, 8669
14.395910263061523, 8668
14.422909498214722, 8667
14.432875156402588, 8666
14.444911003112793, 8665
14.45891284942627, 8664
14.471909999847412, 8663
14.474915266036987, 8662
14.475911617279053, 8661
14.489910364151001, 8660
14.493916988372803, 8659
14.552910089492798, 8658
14.555911540985107, 8657
14.570875883102417, 8656
14.575876474380493, 8655
14.595882892608643, 8654
14.623908996582031, 8653
14.626909255981445, 8652
14.627908945083618, 8651
14.64290714263916, 8650
14.64591360092163, 8649
14.663875341415405, 8648
14.664913415908813, 8647
14.68291425704956, 8646
14.683913707733154, 8645
14.686914443969727, 8644
14.69887638092041, 8643
14.700913906097412, 8642
14.72691559791565, 8641
14.72791314125061, 8640
14.729875087738037, 8639
14.730877876281738, 8638
14.737909317016602, 8637
14.75390911102295, 8636
14.76091480255127, 8635
14.77591586112976, 8634
14.782913446426392, 8633
14.794914245605469, 8632
14.80191445350647, 8631
14.802918195724487, 8630
14.829874277114868, 8629
14.83091402053833, 8628
14.86491584777832, 8627
14.891913652420044, 8626
14.89387583732605, 8625
14.894910097122192, 8624
14.911914348602295, 8623
14.913878202438354, 8622
14.917890071868896, 8621
14.919909954071045, 8620
14.920914649963379, 8619
14.921915054321289, 8618
14.926909685134888, 8617
14.969910144805908, 8616
14.97091007232666, 8615
14.974909782409668, 8614
15.009913206100464, 8613
15.020914077758789, 8612
15.075914859771729, 8611
15.10391354560852, 8610
15.160914182662964, 8609
15.1879141330719, 8608
15.189915657043457, 8607
15.214913129806519, 8606
15.214913129806519, 8605
15.25390911102295, 8604
15.25590968132019, 8603
15.266916513442993, 8602
15.274913787841797, 8601
15.336917161941528, 8600
15.341917037963867, 8599
15.360913753509521, 8598
15.364911079406738, 8597
15.371874570846558, 8596
15.375914096832275, 8595
15.407043218612671, 8594
15.407043218612671, 8593
15.423060417175293, 8592
15.429047107696533, 8591
15.436047792434692, 8590
15.46105146408081, 8589
15.469009160995483, 8588
15.470057725906372, 8587
15.508049964904785, 8586
15.511046409606934, 8585
15.55004358291626, 8584
15.559045553207397, 8583
15.578059911727905, 8582
15.597010374069214, 8581
15.598044633865356, 8580
15.60504674911499, 8579
15.611047267913818, 8578
15.628046989440918, 8577
15.646057844161987, 8576
15.67605710029602, 8575
15.677046775817871, 8574
15.682061195373535, 8573
15.70304536819458, 8572
15.707048177719116, 8571
15.721047401428223, 8570
15.733055114746094, 8569
15.744049072265625, 8568
15.759047269821167, 8567
15.764047861099243, 8566
15.766047239303589, 8565
15.76704716682434, 8564
15.794047117233276, 8563
15.800047874450684, 8562
15.80104660987854, 8561
15.804048776626587, 8560
15.831013441085815, 8559
15.834048986434937, 8558
15.837043523788452, 8557
15.86104679107666, 8556
15.865049839019775, 8555
15.866047382354736, 8554
15.869061470031738, 8553
15.876047372817993, 8552
15.88001036643982, 8551
15.91004729270935, 8550
15.914010524749756, 8549
15.919047832489014, 8548
15.938010692596436, 8547
15.943045616149902, 8546
15.951047897338867, 8545
15.958042860031128, 8544
15.971007347106934, 8543
15.976006746292114, 8542
15.998007535934448, 8541
16.0300076007843, 8540
16.03900718688965, 8539
16.04500675201416, 8538
16.05100703239441, 8537
16.053006410598755, 8536
16.057007312774658, 8535
16.072006702423096, 8534
16.097009658813477, 8533
16.10300898551941, 8532
16.11500883102417, 8531
16.13400888442993, 8530
16.1400089263916, 8529
16.153010606765747, 8528
16.172009706497192, 8527
16.1780104637146, 8526
16.187012672424316, 8525
16.212013959884644, 8524
16.2330105304718, 8523
16.236007690429688, 8522
16.245007753372192, 8521
16.257007122039795, 8520
16.273006916046143, 8519
16.308040618896484, 8518
16.35204291343689, 8517
16.35604214668274, 8516
16.367011308670044, 8515
16.377042055130005, 8514
16.37804412841797, 8513
16.395046710968018, 8512
16.396007776260376, 8511
16.419047832489014, 8510
16.425049543380737, 8509
16.43204665184021, 8508
16.485045671463013, 8507
16.48604464530945, 8506
16.535012006759644, 8505
16.561042547225952, 8504
16.5820095539093, 8503
16.628044366836548, 8502
16.641042709350586, 8501
16.642042875289917, 8500
16.647010326385498, 8499
16.656042337417603, 8498
16.687042236328125, 8497
16.69404697418213, 8496
16.695047855377197, 8495
16.716047763824463, 8494
16.717047691345215, 8493
16.721046447753906, 8492
16.729047298431396, 8491
16.740046739578247, 8490
16.769047737121582, 8489
16.770046710968018, 8488
16.776046991348267, 8487
16.77704644203186, 8486
16.778046369552612, 8485
16.80404758453369, 8484
16.81104826927185, 8483
16.81404995918274, 8482
16.818047046661377, 8481
16.835046768188477, 8480
16.844046592712402, 8479
16.863008499145508, 8478
16.917040586471558, 8477
16.94304585456848, 8476
16.945046424865723, 8475
16.95403790473938, 8474
16.957048654556274, 8473
16.95804715156555, 8472
16.96004891395569, 8471
16.961048364639282, 8470
16.96204686164856, 8469
16.97204828262329, 8468
17.02404260635376, 8467
17.031050443649292, 8466
17.036043405532837, 8465
17.06405282020569, 8464
17.073046445846558, 8463
17.090046644210815, 8462
17.10004711151123, 8461
17.119049310684204, 8460
17.121047496795654, 8459
17.12804675102234, 8458
17.155049085617065, 8457
17.160009622573853, 8456
17.172042846679688, 8455
17.176007509231567, 8454
17.192042350769043, 8453
17.207042455673218, 8452
17.23000931739807, 8451
17.25804352760315, 8450
17.285011053085327, 8449
17.290010690689087, 8448
17.30301022529602, 8447
17.32004737854004, 8446
17.334010124206543, 8445
17.344043016433716, 8444
17.347010135650635, 8443
17.35104465484619, 8442
17.38404679298401, 8441
17.397047519683838, 8440
17.418047666549683, 8439
17.423047304153442, 8438
17.424049854278564, 8437
17.435046911239624, 8436
17.43804430961609, 8435
17.457008600234985, 8434
17.45900845527649, 8433
17.47501015663147, 8432
17.488043069839478, 8431
17.48904252052307, 8430
17.493040323257446, 8429
17.49404263496399, 8428
17.568049669265747, 8427
17.57504916191101, 8426
17.588046312332153, 8425
17.596009492874146, 8424
17.601069450378418, 8423
17.64197039604187, 8422
17.650115728378296, 8421
17.650115728378296, 8420
17.652257442474365, 8419
17.66243577003479, 8418
17.670583724975586, 8417
17.682952165603638, 8416
17.71374487876892, 8415
17.723968982696533, 8414
17.732104063034058, 8413
17.744382858276367, 8412
17.744382858276367, 8411
17.764872550964355, 8410
17.775136947631836, 8409
17.803756713867188, 8408
17.805895805358887, 8407
17.816179037094116, 8406
17.824255228042603, 8405
17.836690425872803, 8404
17.857152938842773, 8403
17.875551462173462, 8402
17.877697467803955, 8401
17.908358335494995, 8400
17.908358335494995, 8399
17.908358335494995, 8398
17.928865432739258, 8397
18.0930392742157, 8396
18.13193440437317, 8395
18.142204999923706, 8394
18.142204999923706, 8393
18.144343852996826, 8392
18.20580744743347, 8391
18.20580744743347, 8390
18.21606206893921, 8389
18.226357221603394, 8388
18.23649787902832, 8387
18.256890058517456, 8386
18.267319679260254, 8385
18.36994767189026, 8384
18.388328075408936, 8383
18.400694847106934, 8382
18.42124652862549, 8381
18.43140745162964, 8380
18.47028112411499, 8379
18.50322723388672, 8378
18.50322723388672, 8377
18.513399124145508, 8376
18.523571014404297, 8375
18.552173137664795, 8374
18.55227518081665, 8373
18.55440402030945, 8372
18.564598321914673, 8371
18.59358024597168, 8370
18.59565544128418, 8369
18.605867862701416, 8368
18.61614990234375, 8367
18.61614990234375, 8366
18.62637495994568, 8365
18.63444209098816, 8364
18.65469765663147, 8363
18.667166471481323, 8362
18.69758915901184, 8361
18.738174438476562, 8360
18.756356477737427, 8359
18.756356477737427, 8358
18.768566370010376, 8357
18.809048175811768, 8356
18.81917452812195, 8355
18.81917452812195, 8354
18.839396476745605, 8353
18.85760998725891, 8352
18.880008459091187, 8351
18.880008459091187, 8350
18.880008459091187, 8349
18.9006507396698, 8348
18.929157972335815, 8347
18.929157972335815, 8346
18.939364433288574, 8345
18.94149947166443, 8344
18.951687335968018, 8343
18.98250699043274, 8342
19.04401969909668, 8341
19.04401969909668, 8340
19.064439296722412, 8339
19.08492875099182, 8338
19.096686840057373, 8337
19.107266902923584, 8336
19.15425133705139, 8335
19.164428234100342, 8334
19.174472332000732, 8333
19.205766916275024, 8332
19.205766916275024, 8331
19.205766916275024, 8330
19.205766916275024, 8329
19.221394777297974, 8328
19.2370183467865, 8327
19.2370183467865, 8326
19.252644538879395, 8325
19.277063131332397, 8324
19.287298679351807, 8323
19.295372486114502, 8322
19.297518491744995, 8321
19.30775213241577, 8320
19.30775213241577, 8319
19.315889835357666, 8318
19.348814487457275, 8317
19.35909938812256, 8316
19.35909938812256, 8315
19.377405166625977, 8314
19.379453897476196, 8313
19.387540578842163, 8312
19.389675855636597, 8311
19.41807532310486, 8310
19.440649032592773, 8309
19.469149827957153, 8308
19.471190452575684, 8307
19.471286058425903, 8306
19.502005338668823, 8305
19.51211977005005, 8304
19.51211977005005, 8303
19.52026629447937, 8302
19.532636404037476, 8301
19.54291558265686, 8300
19.5634446144104, 8299
19.591694593429565, 8298
19.601857900619507, 8297
19.603931188583374, 8296
19.603931188583374, 8295
19.614063262939453, 8294
19.624224185943604, 8293
19.624224185943604, 8292
19.65485429763794, 8291
19.66510581970215, 8290
19.66510581970215, 8289
19.71624517440796, 8288
19.71624517440796, 8287
19.71624517440796, 8286
19.71624517440796, 8285
19.736749410629272, 8284
19.970458984375, 8283
20.033869981765747, 8282
20.074803352355957, 8281
20.074803352355957, 8280
20.082945108413696, 8279
20.09520936012268, 8278
20.105488538742065, 8277
20.115711212158203, 8276
20.136215448379517, 8275
20.186988592147827, 8274
20.186988592147827, 8273
20.227911233901978, 8272
20.227911233901978, 8271
20.24019479751587, 8270
20.24823570251465, 8269
20.305203437805176, 8268
20.305203437805176, 8267
20.320829391479492, 8266
20.320829391479492, 8265
20.409916639328003, 8264
20.422743558883667, 8263
20.482077598571777, 8262
20.494548082351685, 8261
20.504807233810425, 8260
20.525023460388184, 8259
20.543164253234863, 8258
20.553300380706787, 8257
20.63520860671997, 8256
20.63735604286194, 8255
20.63735604286194, 8254
20.645411252975464, 8253
20.647550582885742, 8252
20.657769203186035, 8251
20.676100254058838, 8250
20.68636965751648, 8249
20.696558713912964, 8248
20.698716163635254, 8247
20.717037677764893, 8246
20.842499017715454, 8245
20.965229988098145, 8244
21.198744535446167, 8243
21.208840131759644, 8242
21.25199580192566, 8241
21.262165546417236, 8240
21.27238655090332, 8239
21.312886714935303, 8238
21.353513956069946, 8237
21.353513956069946, 8236
21.353513956069946, 8235
21.361547231674194, 8234
21.373762130737305, 8233
21.394047737121582, 8232
21.43808388710022, 8231
21.453709840774536, 8230
21.453709840774536, 8229
21.48495864868164, 8228
21.522751092910767, 8227
21.569674968719482, 8226
21.5853009223938, 8225
21.5853009223938, 8224
21.5853009223938, 8223
21.60093855857849, 8222
21.60093855857849, 8221
21.625346183776855, 8220
21.664549589157104, 8219
21.666698217391968, 8218
21.666698217391968, 8217
21.67691469192505, 8216
21.769062280654907, 8215
21.820104122161865, 8214
21.83019757270813, 8213
21.84290862083435, 8212
21.86050248146057, 8211
21.86864972114563, 8210
21.86864972114563, 8209
21.90120530128479, 8208
21.911415100097656, 8207
21.942187309265137, 8206
21.950355529785156, 8205
22.013462781906128, 8204
22.084704399108887, 8203
22.10506510734558, 8202
22.12556028366089, 8201
22.135825157165527, 8200
22.145968198776245, 8199
22.154104471206665, 8198
22.166663885116577, 8197
22.166663885116577, 8196
22.19733214378357, 8195
22.207555770874023, 8194
22.2156023979187, 8193
22.21570897102356, 8192
22.217847108840942, 8191
22.22803044319153, 8190
22.238295316696167, 8189
22.269439935684204, 8188
22.30012083053589, 8187
22.320586681365967, 8186
22.32864236831665, 8185
22.348984479904175, 8184
22.389692068099976, 8183
22.391835927963257, 8182
22.402156591415405, 8181
22.432947397232056, 8180
22.481985092163086, 8179
22.484119653701782, 8178
22.504621028900146, 8177
22.525128841400146, 8176
22.535364151000977, 8175
22.553671836853027, 8174
22.553671836853027, 8173
22.615254640579224, 8172
22.615254640579224, 8171
22.61739683151245, 8170
22.61739683151245, 8169
22.719937324523926, 8168
22.840607404708862, 8167
22.871833324432373, 8166
22.87398076057434, 8165
22.87398076057434, 8164
22.884212017059326, 8163
22.894482851028442, 8162
22.904698848724365, 8161
22.914981842041016, 8160
22.933358192443848, 8159
22.945716857910156, 8158
22.966213941574097, 8157
23.017214059829712, 8156
23.017214059829712, 8155
23.058602333068848, 8154
23.089203357696533, 8153
23.117732524871826, 8152
23.11987328529358, 8151
23.11987328529358, 8150
23.12997317314148, 8149
23.13811707496643, 8148
23.14122176170349, 8147
23.15856146812439, 8146
23.242546558380127, 8145
23.32436513900757, 8144
23.33460521697998, 8143
23.33460521697998, 8142
23.33460521697998, 8141
23.34477472305298, 8140
23.34477472305298, 8139
23.37537908554077, 8138
23.38564658164978, 8137
23.38564658164978, 8136
23.395713329315186, 8135
23.405993938446045, 8134
23.446889638900757, 8133
23.446889638900757, 8132
23.446889638900757, 8131
23.48824906349182, 8130
23.518871307373047, 8129
23.557421922683716, 8128
23.56958317756653, 8127
23.64881134033203, 8126
23.650875329971313, 8125
23.681249141693115, 8124
23.742024183273315, 8123
23.7500958442688, 8122
23.762282371520996, 8121
23.79266905784607, 8120
23.81092596054077, 8119
23.85148334503174, 8118
23.85355019569397, 8117
23.85355019569397, 8116
23.85355019569397, 8115
23.90227961540222, 8114
23.90227961540222, 8113
23.91235589981079, 8112
23.914443731307983, 8111
23.92471742630005, 8110
23.94511127471924, 8109
23.996411323547363, 8108
24.027201890945435, 8107
24.047713041305542, 8106
24.10738444328308, 8105
24.148372888565063, 8104
24.158661603927612, 8103
24.17101526260376, 8102
24.201815605163574, 8101
24.24282455444336, 8100
24.2609760761261, 8099
24.2609760761261, 8098
24.271018981933594, 8097
24.28665518760681, 8096
24.302319049835205, 8095
24.317939281463623, 8094
24.333569288253784, 8093
24.37128782272339, 8092
24.37128782272339, 8091
24.524635791778564, 8090
24.5451340675354, 8089
24.565614700317383, 8088
24.57590675354004, 8087
24.647533416748047, 8086
24.698789358139038, 8085
24.72986936569214, 8084
24.74015212059021, 8083
24.75035786628723, 8082
24.77077627182007, 8081
24.809635639190674, 8080
24.81168508529663, 8079
24.82197117805481, 8078
24.83219885826111, 8077
24.862916946411133, 8076
24.862916946411133, 8075
24.881266593933105, 8074
24.913676500320435, 8073
24.94230341911316, 8072
24.944342851638794, 8071
24.995426416397095, 8070
25.01597285270691, 8069
25.04666757583618, 8068
25.108099222183228, 8067
25.167444944381714, 8066
25.33681344985962, 8065
25.33681344985962, 8064
25.36807346343994, 8063
25.39936089515686, 8062
25.39936089515686, 8061
25.4598331451416, 8060
25.500885009765625, 8059
25.50896954536438, 8058
25.54212188720703, 8057
25.623435020446777, 8056
25.623435020446777, 8055
25.643871307373047, 8054
25.65197491645813, 8053
25.65412163734436, 8052
25.92000389099121, 8051
25.991546630859375, 8050
25.999595403671265, 8049
26.29841947555542, 8048
26.39855170249939, 8047
26.39855170249939, 8046
26.421194076538086, 8045
26.44170093536377, 8044
26.451993703842163, 8043
26.46007251739502, 8042
26.480514526367188, 8041
26.521506786346436, 8040
26.534061670303345, 8039
26.534061670303345, 8038
26.54633092880249, 8037
26.627473831176758, 8036
26.657848119735718, 8035
26.688227653503418, 8034
26.708472728729248, 8033
26.769728660583496, 8032
26.800356149673462, 8031
26.800356149673462, 8030
26.800356149673462, 8029
26.841021060943604, 8028
26.851295948028564, 8027
26.871715307235718, 8026
26.922884702682495, 8025
26.95362138748169, 8024
26.96177387237549, 8023
26.974088191986084, 8022
27.00470757484436, 8021
27.00470757484436, 8020
27.074278593063354, 8019
27.074278593063354, 8018
27.076420545578003, 8017
27.076420545578003, 8016
27.125357389450073, 8015
27.168920516967773, 8014
27.19962453842163, 8013
27.220141172409058, 8012
27.248754262924194, 8011
27.260986804962158, 8010
27.29984760284424, 8009
27.37367081642151, 8008
27.381738424301147, 8007
27.40425729751587, 8006
27.41240096092224, 8005
27.422595977783203, 8004
27.45546531677246, 8003
27.46354603767395, 8002
27.484039306640625, 8001
27.551210641860962, 8000
27.598083972930908, 7999
27.651552200317383, 7998
27.66717791557312, 7997
27.682800769805908, 7996
27.698426008224487, 7995
27.75189232826233, 7994
27.76751971244812, 7993
27.76751971244812, 7992
27.76751971244812, 7991
27.84860634803772, 7990
27.856687545776367, 7989
27.858826637268066, 7988
27.858826637268066, 7987
27.87928867340088, 7986
27.87928867340088, 7985
27.920254945755005, 7984
27.94080090522766, 7983
27.948955059051514, 7982
28.02276372909546, 7981
28.074081659317017, 7980
28.184452056884766, 7979
28.237508535385132, 7978
28.30920720100403, 7977
28.391422271728516, 7976
28.391422271728516, 7975
28.40170907974243, 7974
28.41194987297058, 7973
28.420095205307007, 7972
28.503984689712524, 7971
28.51412272453308, 7970
28.56480884552002, 7969
28.57499623298645, 7968
28.585294008255005, 7967
28.644648790359497, 7966
28.66516375541687, 7965
28.675371885299683, 7964
28.695837020874023, 7963
28.718491315841675, 7962
28.718491315841675, 7961
28.748965740203857, 7960
28.83847999572754, 7959
28.848610162734985, 7958
28.930299520492554, 7957
29.035120964050293, 7956
29.063657522201538, 7955
29.118858575820923, 7954
29.147399425506592, 7953
29.14954137802124, 7952
29.241695404052734, 7951
29.251861572265625, 7950
29.262024879455566, 7949
29.27229595184326, 7948
29.280354022979736, 7947
29.423648595809937, 7946
29.433934688568115, 7945
29.43608283996582, 7944
29.515483617782593, 7943
29.525581121444702, 7942
29.551225662231445, 7941
29.551225662231445, 7940
29.613763570785522, 7939
29.658650159835815, 7938
29.719943046569824, 7937
29.853065729141235, 7936
29.853065729141235, 7935
29.945353031158447, 7934
30.02738642692566, 7933
30.098518133163452, 7932
30.098518133163452, 7931
30.10658884048462, 7930
30.10865807533264, 7929
30.149182558059692, 7928
30.157267332077026, 7927
30.167463541030884, 7926
30.21031093597412, 7925
30.21031093597412, 7924
30.274298429489136, 7923
30.31525158882141, 7922
30.343798637390137, 7921
30.397231817245483, 7920
30.407448291778564, 7919
30.407448291778564, 7918
30.489326000213623, 7917
30.56077218055725, 7916
30.599576473236084, 7915
30.642515182495117, 7914
30.67320418357849, 7913
30.683433055877686, 7912
30.70391845703125, 7911
30.724449634552002, 7910
30.75521445274353, 7909
30.75521445274353, 7908
30.76543617248535, 7907
30.76543617248535, 7906
30.775716066360474, 7905
30.806471586227417, 7904
30.81676149368286, 7903
30.85795760154724, 7902
30.909018993377686, 7901
30.9294912815094, 7900
31.09132981300354, 7899
31.134554862976074, 7898
31.27581000328064, 7897
31.347728729248047, 7896
31.370327472686768, 7895
31.493513822555542, 7894
31.493513822555542, 7893
31.544728755950928, 7892
31.57330298423767, 7891
31.583600759506226, 7890
31.64503026008606, 7889
31.65739393234253, 7888
31.759977102279663, 7887
31.759977102279663, 7886
31.768132209777832, 7885
31.780519247055054, 7884
31.780519247055054, 7883
31.801042318344116, 7882
31.954665422439575, 7881
32.0982186794281, 7880
32.108431339263916, 7879
32.1576292514801, 7878
32.198508977890015, 7877
32.680097341537476, 7876
32.75181794166565, 7875
32.78022503852844, 7874
32.83111643791199, 7873
32.8433575630188, 7872
32.87410235404968, 7871
33.23208236694336, 7870
33.29164671897888, 7869
33.29164671897888, 7868
33.29164671897888, 7867
33.3228964805603, 7866
33.626975297927856, 7865
34.189537525177, 7864
34.20998549461365, 7863
34.2811062335968, 7862
34.29935431480408, 7861
34.413445711135864, 7860
34.433719635009766, 7859
34.515141010284424, 7858
34.59613847732544, 7857
34.922001361846924, 7856
34.940332889556885, 7855
34.95253562927246, 7854
34.9832546710968, 7853
35.05502462387085, 7852
35.11670660972595, 7851
35.26880693435669, 7850
35.29935932159424, 7849
35.29935932159424, 7848
35.3810875415802, 7847
35.44245433807373, 7846
35.49344444274902, 7845
35.503695249557495, 7844
35.54463267326355, 7843
35.58547377586365, 7842
35.634636640548706, 7841
35.68578290939331, 7840
36.215776443481445, 7839
36.22600603103638, 7838
36.25458574295044, 7837
36.3805468082428, 7836
36.39620757102966, 7835
36.44308805465698, 7834
36.44308805465698, 7833
36.477590799331665, 7832
36.538917779922485, 7831
36.557103633880615, 7830
36.57759714126587, 7829
36.68248200416565, 7828
36.72230768203735, 7827
36.7508647441864, 7826
36.92705821990967, 7825
36.998804807662964, 7824
36.998804807662964, 7823
37.123450756073, 7822
37.13374137878418, 7821
37.15428376197815, 7820
37.21571135520935, 7819
37.307411670684814, 7818
37.36813735961914, 7817
37.54647088050842, 7816
37.64558720588684, 7815
37.69246172904968, 7814
37.70804691314697, 7813
37.732497453689575, 7812
37.82459330558777, 7811
37.95551252365112, 7810
37.95551252365112, 7809
38.067256689071655, 7808
38.08968544006348, 7807
38.10998201370239, 7806
38.38915181159973, 7805
38.54617643356323, 7804
38.55646872520447, 7803
38.56455206871033, 7802
38.59721112251282, 7801
38.627777338027954, 7800
38.697179317474365, 7799
38.69941854476929, 7798
38.74051308631897, 7797
38.74051308631897, 7796
38.853403091430664, 7795
38.90437412261963, 7794
38.91244721412659, 7793
38.92465376853943, 7792
38.93475675582886, 7791
38.985448122024536, 7790
39.07663011550903, 7789
39.086772203445435, 7788
39.09692406654358, 7787
39.198822021484375, 7786
39.21922779083252, 7785
39.22951340675354, 7784
39.22951340675354, 7783
39.26012921333313, 7782
39.26012921333313, 7781
39.3113329410553, 7780
39.47577238082886, 7779
39.50638675689697, 7778
39.70944333076477, 7777
39.77296018600464, 7776
39.81406617164612, 7775
39.86463499069214, 7774
39.90296030044556, 7773
39.974318981170654, 7772
39.97638392448425, 7771
40.05826139450073, 7770
40.08907151222229, 7769
40.148313760757446, 7768
40.17090964317322, 7767
40.212348222732544, 7766
40.2838921546936, 7765
40.386144161224365, 7764
40.39641618728638, 7763
40.46590542793274, 7762
40.56033778190613, 7761
40.579018354415894, 7760
40.59123206138611, 7759
40.61198687553406, 7758
40.64044117927551, 7757
40.67109680175781, 7756
40.68124079704285, 7755
40.73393726348877, 7754
40.938613414764404, 7753
40.938613414764404, 7752
40.969351291656494, 7751
40.9898784160614, 7750
41.10252928733826, 7749
41.195000410079956, 7748
41.256671667099, 7747
41.31818675994873, 7746
41.338807106018066, 7745
41.510467767715454, 7744
41.52291178703308, 7743
41.656869649887085, 7742
41.67249321937561, 7741
41.71936869621277, 7740
41.80402684211731, 7739
41.84182047843933, 7738
41.94440031051636, 7737
41.94440031051636, 7736
42.01612567901611, 7735
42.16732311248779, 7734
42.29215908050537, 7733
42.333237171173096, 7732
42.43557929992676, 7731
42.44612669944763, 7730
42.476990938186646, 7729
42.48506450653076, 7728
42.804770708084106, 7727
42.876376152038574, 7726
42.89690899848938, 7725
42.94821500778198, 7724
43.30655860900879, 7723
43.491004943847656, 7722
43.511629819869995, 7721
43.53214478492737, 7720
43.81121492385864, 7719
43.98509383201599, 7718
44.05676603317261, 7717
44.15002226829529, 7716
44.485958099365234, 7715
44.49836277961731, 7714
44.51662278175354, 7713
44.70318651199341, 7712
44.713467836380005, 7711
44.77486300468445, 7710
44.836095333099365, 7709
44.95813965797424, 7708
45.130571365356445, 7707
45.209433794021606, 7706
45.272327184677124, 7705
45.515669107437134, 7704
45.63875102996826, 7703
45.785412073135376, 7702
46.24040675163269, 7701
46.414766788482666, 7700
46.609641551971436, 7699
47.20582818984985, 7698
47.82237887382507, 7697
47.98666596412659, 7696
48.38604736328125, 7695
48.54996418952942, 7694
48.609779834747314, 7693
48.65076470375061, 7692
48.816842555999756, 7691
48.896549224853516, 7690
49.47274827957153, 7689
49.48089098930359, 7688
49.57503342628479, 7687
49.72867560386658, 7686
49.77982711791992, 7685
49.8105993270874, 7684
49.87250804901123, 7683
49.88272666931152, 7682
49.88272666931152, 7681
50.00571250915527, 7680
50.01385855674744, 7679
50.15736651420593, 7678
50.18803858757019, 7677
50.261903047561646, 7676
50.66174840927124, 7675
50.73323464393616, 7674
50.81528687477112, 7673
50.96897602081299, 7672
51.102561473846436, 7671
51.17213010787964, 7670
51.65434193611145, 7669
51.667171478271484, 7668
51.769540786743164, 7667
52.1795380115509, 7666
52.372339963912964, 7665
52.405190229415894, 7664
52.507532596588135, 7663
52.59979796409607, 7662
52.702290773391724, 7661
52.8640570640564, 7660
53.57943081855774, 7659
53.6383912563324, 7658
53.73044204711914, 7657
53.83510160446167, 7656
53.879135847091675, 7655
53.894721031188965, 7654
54.49442720413208, 7653
54.50465512275696, 7652
54.587265491485596, 7651
54.62612557411194, 7650
54.667202949523926, 7649
54.669342041015625, 7648
54.77207040786743, 7647
54.844221353530884, 7646
54.86253619194031, 7645
54.88516664505005, 7644
54.89539980888367, 7643
55.0287070274353, 7642
55.19252848625183, 7641
55.313523292541504, 7640
55.313523292541504, 7639
55.74545168876648, 7638
55.84761357307434, 7637
56.22431492805481, 7636
56.30889582633972, 7635
56.40026116371155, 7634
56.52049493789673, 7633
56.52263808250427, 7632
56.78936457633972, 7631
56.8918092250824, 7630
56.89995002746582, 7629
56.99408507347107, 7628
57.49337959289551, 7627
57.71023774147034, 7626
57.792383909225464, 7625
58.364904165267944, 7624
58.413368701934814, 7623
58.4234824180603, 7622
59.00628113746643, 7621
59.676050901412964, 7620
60.10010361671448, 7619
60.468228816986084, 7618
60.529765129089355, 7617
61.52170157432556, 7616
62.49106407165527, 7615
62.554747104644775, 7614
62.64495801925659, 7613
62.68829798698425, 7612
63.006189823150635, 7611
63.02669405937195, 7610
63.4468412399292, 7609
63.65195918083191, 7608
63.672462940216064, 7607
63.783506631851196, 7606
63.99970459938049, 7605
64.25769901275635, 7604
64.31913161277771, 7603
64.39080381393433, 7602
64.40102910995483, 7601
64.431809425354, 7600
64.49329233169556, 7599
64.53451371192932, 7598
64.59599494934082, 7597
64.6146469116211, 7596
64.63736462593079, 7595
64.67823505401611, 7594
65.06554317474365, 7593
65.28323650360107, 7592
65.44508171081543, 7591
65.86770391464233, 7590
65.8779411315918, 7589
65.92925024032593, 7588
66.46172404289246, 7587
66.47193551063538, 7586
66.60541820526123, 7585
66.70611619949341, 7584
66.70775604248047, 7583
66.94000744819641, 7582
67.12295961380005, 7581
67.33587646484375, 7580
67.84434223175049, 7579
67.85241222381592, 7578
67.89500117301941, 7577
67.90514063835144, 7576
68.02703046798706, 7575
68.35159349441528, 7574
68.66938829421997, 7573
68.93604016304016, 7572
69.14380192756653, 7571
69.68243551254272, 7570
69.83450293540955, 7569
70.24000763893127, 7568
70.5674250125885, 7567
70.80326390266418, 7566
70.88521146774292, 7565
71.54108238220215, 7564
71.55130195617676, 7563
71.65414881706238, 7562
71.84767842292786, 7561
71.99365210533142, 7560
72.23851108551025, 7559
72.26136088371277, 7558
73.38709330558777, 7557
73.64832901954651, 7556
73.70149207115173, 7555
74.2587423324585, 7554
74.27900099754333, 7553
74.27900099754333, 7552
74.3685610294342, 7551
74.44000697135925, 7550
74.45237040519714, 7549
74.46266746520996, 7548
74.87240767478943, 7547
75.38489580154419, 7546
75.9591338634491, 7545
76.02067947387695, 7544
77.03842234611511, 7543
77.07885026931763, 7542
77.11726760864258, 7541
77.43719220161438, 7540
77.46449637413025, 7539
77.74433302879333, 7538
77.793372631073, 7537
78.0396625995636, 7536
78.49024653434753, 7535
78.78679895401001, 7534
79.16409158706665, 7533
79.60691118240356, 7532
80.0177321434021, 7531
80.05872917175293, 7530
80.65014123916626, 7529
81.35980129241943, 7528
81.72911882400513, 7527
82.2624979019165, 7526
82.49811053276062, 7525
82.56529259681702, 7524
83.49926280975342, 7523
83.97856211662292, 7522
84.29648780822754, 7521
84.4728147983551, 7520
84.53430986404419, 7519
84.6266119480133, 7518
84.6982810497284, 7517
85.4262318611145, 7516
85.46504664421082, 7515
85.87728261947632, 7514
86.40097069740295, 7513
86.52883553504944, 7512
86.53688788414001, 7511
87.52110600471497, 7510
87.63161301612854, 7509
90.23549032211304, 7508
90.28661322593689, 7507
90.6974503993988, 7506
91.10723185539246, 7505
91.4040424823761, 7504
91.41432285308838, 7503
91.41432285308838, 7502
92.25589871406555, 7501
93.14994645118713, 7500
93.77569627761841, 7499
93.991131067276, 7498
94.20647835731506, 7497
94.22698283195496, 7496
94.29882788658142, 7495
94.35007739067078, 7494
95.38150978088379, 7493
95.5675196647644, 7492
97.49524903297424, 7491
97.85675144195557, 7490
99.11725401878357, 7489
99.12534499168396, 7488
100.43163681030273, 7487
100.85241293907166, 7486
101.32293796539307, 7485
101.63010835647583, 7484
101.77309942245483, 7483
101.81406021118164, 7482
102.60343098640442, 7481
102.67249727249146, 7480
103.56743288040161, 7479
104.27703380584717, 7478
104.82472109794617, 7477
105.89456987380981, 7476
105.96942400932312, 7475
107.92306542396545, 7474
108.33312487602234, 7473
108.54949283599854, 7472
108.62135624885559, 7471
110.02106761932373, 7470
110.05508518218994, 7469
110.05718517303467, 7468
111.1086049079895, 7467
111.19048428535461, 7466
111.251699924469, 7465
112.0466959476471, 7464
112.26946187019348, 7463
112.62717628479004, 7462
113.17994403839111, 7461
113.69145178794861, 7460
113.76543021202087, 7459
113.84734964370728, 7458
116.42233490943909, 7457
117.49613761901855, 7456
117.79332971572876, 7455
117.90578842163086, 7454
118.59888935089111, 7453
119.7686996459961, 7452
121.55368852615356, 7451
122.46252584457397, 7450
122.49323153495789, 7449
122.95403027534485, 7448
123.09718203544617, 7447
123.485178232193, 7446
123.68000364303589, 7445
124.5166392326355, 7444
127.83812046051025, 7443
127.95796823501587, 7442
128.5523645877838, 7441
129.85379910469055, 7440
132.07740020751953, 7439
132.67235732078552, 7438
132.9065523147583, 7437
134.14062023162842, 7436
134.33751344680786, 7435
136.42152976989746, 7434
136.6549904346466, 7433
137.21562361717224, 7432
139.84747409820557, 7431
139.98081851005554, 7430
140.34476375579834, 7429
141.2753665447235, 7428
142.4667239189148, 7427
143.25891757011414, 7426
143.8577208518982, 7425
143.98063945770264, 7424
144.27800464630127, 7423
144.42165970802307, 7422
144.65846347808838, 7421
144.8126015663147, 7420
145.3993000984192, 7419
145.66527152061462, 7418
146.59511542320251, 7417
146.99170851707458, 7416
147.10442566871643, 7415
149.0028886795044, 7414
149.01306676864624, 7413
150.04665899276733, 7412
152.96628737449646, 7411
154.8707296848297, 7410
155.95758605003357, 7409
156.36505794525146, 7408
157.60270166397095, 7407
159.14985871315002, 7406
161.69838047027588, 7405
162.0587193965912, 7404
163.52038621902466, 7403
164.2202501296997, 7402
164.72220635414124, 7401
164.937397480011, 7400
164.93952584266663, 7399
165.4302055835724, 7398
167.04428267478943, 7397
167.06690549850464, 7396
167.17964625358582, 7395
167.71816420555115, 7394
167.9001305103302, 7393
168.23108005523682, 7392
168.46609497070312, 7391
172.95676827430725, 7390
173.55090951919556, 7389
174.23429322242737, 7388
174.8195514678955, 7387
175.28005981445312, 7386
175.3111550807953, 7385
175.48505878448486, 7384
175.76043319702148, 7383
179.00061345100403, 7382
179.11455988883972, 7381
180.55800652503967, 7380
180.87639713287354, 7379
181.728910446167, 7378
182.369131565094, 7377
182.81772375106812, 7376
186.29720878601074, 7375
186.89439368247986, 7374
189.6763515472412, 7373
195.21639370918274, 7372
195.3594126701355, 7371
198.94786548614502, 7370
199.49617767333984, 7369
201.72572875022888, 7368
202.00442552566528, 7367
204.21757411956787, 7366
204.51516032218933, 7365
205.3871374130249, 7364
207.30297446250916, 7363
209.6173849105835, 7362
211.3286154270172, 7361
211.84141635894775, 7360
213.79221296310425, 7359
213.82104420661926, 7358
216.81260514259338, 7357
218.3115303516388, 7356
223.81342887878418, 7355
225.46630764007568, 7354
225.59322142601013, 7353
227.3254029750824, 7352
230.45950889587402, 7351
231.39722561836243, 7350
233.61011290550232, 7349
234.4884374141693, 7348
237.1663420200348, 7347
239.01111340522766, 7346
242.69150710105896, 7345
242.8738784790039, 7344
243.1086883544922, 7343
243.2011034488678, 7342
243.36505365371704, 7341
244.33866596221924, 7340
244.97914004325867, 7339
246.76721572875977, 7338
248.95623087882996, 7337
249.56807160377502, 7336
250.35583758354187, 7335
258.78102564811707, 7334
265.7360119819641, 7333
266.65048241615295, 7332
268.3400037288666, 7331
270.1330797672272, 7330
270.3153021335602, 7329
273.9765627384186, 7328
274.80656266212463, 7327
275.5917799472809, 7326
276.1316521167755, 7325
276.7546465396881, 7324
277.1875886917114, 7323
277.9802792072296, 7322
282.7572937011719, 7321
287.82130789756775, 7320
293.81371784210205, 7319
294.91286396980286, 7318
295.5730040073395, 7317
295.8083026409149, 7316
296.16867113113403, 7315
296.6112713813782, 7314
303.6783812046051, 7313
305.66901683807373, 7312
306.71202063560486, 7311
313.3190200328827, 7310
315.9247784614563, 7309
318.9122266769409, 7308
332.3911349773407, 7307
340.94648003578186, 7306
345.8905920982361, 7305
346.8265905380249, 7304
350.01572251319885, 7303
352.27345848083496, 7302
352.4329173564911, 7301
352.46191692352295, 7300
356.7959306240082, 7299
362.4560706615448, 7298
365.3817584514618, 7297
370.12161231040955, 7296
371.5029559135437, 7295
373.84550380706787, 7294
393.43039536476135, 7293
407.58075404167175, 7292
410.4506323337555, 7291
412.6813311576843, 7290
412.7407896518707, 7289
414.69210386276245, 7288
416.4700222015381, 7287
418.060138463974, 7286
427.2118217945099, 7285
429.44763803482056, 7284
430.1549987792969, 7283
439.70168471336365, 7282
442.9431743621826, 7281
444.5268518924713, 7280
445.4010999202728, 7279
448.0372471809387, 7278
451.0245316028595, 7277
459.41223216056824, 7276
465.7947721481323, 7275
492.70306038856506, 7274
502.99743604660034, 7273
503.6946828365326, 7272
508.0310802459717, 7271
510.90892219543457, 7270
537.9783313274384, 7269
560.0968723297119, 7268
577.3864789009094, 7267
590.4298708438873, 7266
593.7276263237, 7265
594.1176111698151, 7264
