0.17748165130615234, 11023
0.17948198318481445, 11022
0.1804814338684082, 11021
0.18348121643066406, 11020
0.184279203414917, 11019
0.184279203414917, 11018
0.184279203414917, 11017
0.184279203414917, 11016
0.184279203414917, 11015
0.184279203414917, 11014
0.184279203414917, 11013
0.184279203414917, 11012
0.184279203414917, 11011
0.19928646087646484, 11010
0.19928646087646484, 11009
0.19928646087646484, 11008
0.19928646087646484, 11007
0.19928646087646484, 11006
0.19928646087646484, 11005
0.19928646087646484, 11004
0.19928646087646484, 11003
0.19928646087646484, 11002
0.21495604515075684, 11001
0.21495604515075684, 11000
0.21495604515075684, 10999
0.21495604515075684, 10998
0.21495604515075684, 10997
0.21495604515075684, 10996
0.21495604515075684, 10995
0.21495604515075684, 10994
0.23058557510375977, 10993
0.23058557510375977, 10992
0.23058557510375977, 10991
0.23058557510375977, 10990
0.23058557510375977, 10989
0.23058557510375977, 10988
0.23058557510375977, 10987
0.23058557510375977, 10986
0.23058557510375977, 10985
0.23058557510375977, 10984
0.24621224403381348, 10983
0.24621224403381348, 10982
0.24621224403381348, 10981
0.24621224403381348, 10980
0.24621224403381348, 10979
0.24621224403381348, 10978
0.24621224403381348, 10977
0.24621224403381348, 10976
0.24621224403381348, 10975
0.2618520259857178, 10974
0.2618520259857178, 10973
0.2618520259857178, 10972
0.2618520259857178, 10971
0.2618520259857178, 10970
0.2618520259857178, 10969
0.2618520259857178, 10968
0.2618520259857178, 10967
0.27746105194091797, 10966
0.27746105194091797, 10965
0.27746105194091797, 10964
0.27746105194091797, 10963
0.27746105194091797, 10962
0.27746105194091797, 10961
0.27746105194091797, 10960
0.27746105194091797, 10959
0.27746105194091797, 10958
0.29308319091796875, 10957
0.29308319091796875, 10956
0.29308319091796875, 10955
0.29308319091796875, 10954
0.29964399337768555, 10953
0.3016996383666992, 10952
0.3016996383666992, 10951
0.3016996383666992, 10950
0.3016996383666992, 10949
0.3016996383666992, 10948
0.30980372428894043, 10947
0.30980372428894043, 10946
0.31186389923095703, 10945
0.31186389923095703, 10944
0.3199195861816406, 10943
0.3219716548919678, 10942
0.3219716548919678, 10941
0.3219716548919678, 10940
0.3219716548919678, 10939
0.3300602436065674, 10938
0.3300602436065674, 10937
0.33211350440979004, 10936
0.33211350440979004, 10935
0.33211350440979004, 10934
0.33211350440979004, 10933
0.34275293350219727, 10932
0.34275293350219727, 10931
0.34275293350219727, 10930
0.4013478755950928, 10929
0.40352869033813477, 10928
0.4093813896179199, 10927
0.4125559329986572, 10926
0.4151017665863037, 10925
0.4171485900878906, 10924
0.41913533210754395, 10923
0.42113542556762695, 10922
0.4231376647949219, 10921
0.42413759231567383, 10920
0.4251382350921631, 10919
0.42713499069213867, 10918
0.4291419982910156, 10917
0.43013954162597656, 10916
0.4331490993499756, 10915
0.4351212978363037, 10914
0.4351212978363037, 10913
0.4351212978363037, 10912
0.44217824935913086, 10911
0.4442265033721924, 10910
0.4442265033721924, 10909
0.4442265033721924, 10908
0.4442265033721924, 10907
0.4442265033721924, 10906
0.452301025390625, 10905
0.49484920501708984, 10904
0.49484920501708984, 10903
0.49484920501708984, 10902
0.5029053688049316, 10901
0.5029053688049316, 10900
0.5049591064453125, 10899
0.5049591064453125, 10898
0.5049591064453125, 10897
0.5049591064453125, 10896
0.5049591064453125, 10895
0.5145413875579834, 10894
0.5166130065917969, 10893
0.5166130065917969, 10892
0.5266897678375244, 10891
0.5321455001831055, 10890
0.5347049236297607, 10889
0.5347049236297607, 10888
0.5447177886962891, 10887
0.5447177886962891, 10886
0.5603582859039307, 10885
0.5603582859039307, 10884
0.5603582859039307, 10883
0.5759835243225098, 10882
0.5759835243225098, 10881
0.5759835243225098, 10880
0.5759835243225098, 10879
0.5916085243225098, 10878
0.5916085243225098, 10877
0.6072328090667725, 10876
0.6072328090667725, 10875
0.6072328090667725, 10874
0.6072328090667725, 10873
0.6072328090667725, 10872
0.6072328090667725, 10871
0.6228559017181396, 10870
0.6252479553222656, 10869
0.6262469291687012, 10868
0.6282496452331543, 10867
0.6322486400604248, 10866
0.6362452507019043, 10865
0.6382455825805664, 10864
0.6392452716827393, 10863
0.6422450542449951, 10862
0.6442453861236572, 10861
0.6462459564208984, 10860
0.6532454490661621, 10859
0.6542456150054932, 10858
0.6562457084655762, 10857
0.657245397567749, 10856
0.658245325088501, 10855
0.659245491027832, 10854
0.661245584487915, 10853
0.6642451286315918, 10852
0.6652450561523438, 10851
0.6662454605102539, 10850
0.6684014797210693, 10849
0.6693992614746094, 10848
0.6713993549346924, 10847
0.6733994483947754, 10846
0.6753997802734375, 10845
0.677398681640625, 10844
0.678398847579956, 10843
0.6803994178771973, 10842
0.681398868560791, 10841
0.6844007968902588, 10840
0.6913983821868896, 10839
0.6923987865447998, 10838
0.694399356842041, 10837
0.7008037567138672, 10836
0.7008037567138672, 10835
0.7008037567138672, 10834
0.7008037567138672, 10833
0.7008037567138672, 10832
0.7008037567138672, 10831
0.7164299488067627, 10830
0.7164299488067627, 10829
0.7164299488067627, 10828
0.7164299488067627, 10827
0.7164299488067627, 10826
0.7164299488067627, 10825
0.7164299488067627, 10824
0.7320561408996582, 10823
0.7320561408996582, 10822
0.7320561408996582, 10821
0.7320561408996582, 10820
0.7320561408996582, 10819
0.7320561408996582, 10818
0.7450714111328125, 10817
0.7450714111328125, 10816
0.7450714111328125, 10815
0.7450714111328125, 10814
0.7450714111328125, 10813
0.7450714111328125, 10812
0.7450714111328125, 10811
0.7450714111328125, 10810
0.7607123851776123, 10809
0.7718195915222168, 10808
0.7728180885314941, 10807
0.7748174667358398, 10806
0.7768168449401855, 10805
0.7788174152374268, 10804
0.7838177680969238, 10803
0.7848196029663086, 10802
0.7918174266815186, 10801
0.7956905364990234, 10800
0.8023366928100586, 10799
0.8048560619354248, 10798
0.8068583011627197, 10797
0.807422399520874, 10796
0.809375524520874, 10795
0.8103766441345215, 10794
0.8109452724456787, 10793
0.8128933906555176, 10792
0.8144023418426514, 10791
0.8154113292694092, 10790
0.8174967765808105, 10789
0.8489611148834229, 10788
0.851961612701416, 10787
0.8529608249664307, 10786
0.8549611568450928, 10785
0.8569612503051758, 10784
0.8629608154296875, 10783
0.8639602661132812, 10782
0.8699600696563721, 10781
0.8709604740142822, 10780
0.873960018157959, 10779
0.8779611587524414, 10778
0.8799607753753662, 10777
0.8809609413146973, 10776
0.8839583396911621, 10775
0.8850517272949219, 10774
0.8871231079101562, 10773
0.8871231079101562, 10772
0.8972346782684326, 10771
0.8972346782684326, 10770
0.8972346782684326, 10769
0.9073972702026367, 10768
0.9073972702026367, 10767
0.9154641628265381, 10766
0.9175302982330322, 10765
0.9175302982330322, 10764
0.9175302982330322, 10763
0.9175302982330322, 10762
0.9175302982330322, 10761
0.9256250858306885, 10760
0.9276964664459229, 10759
0.9276964664459229, 10758
0.9276964664459229, 10757
0.9276964664459229, 10756
0.9357836246490479, 10755
0.937856912612915, 10754
0.937856912612915, 10753
0.937856912612915, 10752
0.937856912612915, 10751
0.937856912612915, 10750
0.937856912612915, 10749
0.9464688301086426, 10748
0.947472095489502, 10747
0.9484713077545166, 10746
0.9494712352752686, 10745
0.9516434669494629, 10744
0.9536428451538086, 10743
0.9546418190002441, 10742
0.9566428661346436, 10741
0.9576427936553955, 10740
0.9606420993804932, 10739
0.9626421928405762, 10738
0.9656426906585693, 10737
0.9666421413421631, 10736
0.9697983264923096, 10735
0.9697983264923096, 10734
0.9697983264923096, 10733
0.9697983264923096, 10732
0.976830005645752, 10731
0.976830005645752, 10730
0.9789049625396729, 10729
0.9789049625396729, 10728
0.9789049625396729, 10727
0.9789049625396729, 10726
0.9789049625396729, 10725
0.9789049625396729, 10724
0.9870004653930664, 10723
0.9890668392181396, 10722
0.9890668392181396, 10721
0.9890668392181396, 10720
0.9890668392181396, 10719
0.9992077350616455, 10718
0.9992077350616455, 10717
1.0093533992767334, 10716
1.0093533992767334, 10715
1.0093533992767334, 10714
1.0174221992492676, 10713
1.0194907188415527, 10712
1.0194907188415527, 10711
1.0194907188415527, 10710
1.027541160583496, 10709
1.0296094417572021, 10708
1.0296094417572021, 10707
1.0397577285766602, 10706
1.0397577285766602, 10705
1.047844648361206, 10704
1.0499117374420166, 10703
1.0499117374420166, 10702
1.0499117374420166, 10701
1.0499117374420166, 10700
1.0600659847259521, 10699
1.0600659847259521, 10698
1.0600659847259521, 10697
1.0681109428405762, 10696
1.070180892944336, 10695
1.0803124904632568, 10694
1.0803124904632568, 10693
1.0803124904632568, 10692
1.0803124904632568, 10691
1.0904293060302734, 10690
1.0904293060302734, 10689
1.1005618572235107, 10688
1.1005618572235107, 10687
1.1005618572235107, 10686
1.108649492263794, 10685
1.110717535018921, 10684
1.110717535018921, 10683
1.1187875270843506, 10682
1.1208534240722656, 10681
1.1309471130371094, 10680
1.1309471130371094, 10679
1.1309471130371094, 10678
1.1309471130371094, 10677
1.1410906314849854, 10676
1.1410906314849854, 10675
1.1410906314849854, 10674
1.1410906314849854, 10673
1.1410906314849854, 10672
1.1507482528686523, 10671
1.1514980792999268, 10670
1.1514980792999268, 10669
1.1514980792999268, 10668
1.1514980792999268, 10667
1.1595115661621094, 10666
1.1616499423980713, 10665
1.1616499423980713, 10664
1.1616499423980713, 10663
1.1616499423980713, 10662
1.1616499423980713, 10661
1.1616499423980713, 10660
1.169701337814331, 10659
1.1717329025268555, 10658
1.179807424545288, 10657
1.179807424545288, 10656
1.1899464130401611, 10655
1.194946527481079, 10654
1.196946382522583, 10653
1.1989459991455078, 10652
1.1999459266662598, 10651
1.2019479274749756, 10650
1.2029471397399902, 10649
1.2039475440979004, 10648
1.204946756362915, 10647
1.2079458236694336, 10646
1.208946704864502, 10645
1.2099463939666748, 10644
1.2159457206726074, 10643
1.2179467678070068, 10642
1.2180492877960205, 10641
1.2201223373413086, 10640
1.2221875190734863, 10639
1.2221875190734863, 10638
1.2221875190734863, 10637
1.2221875190734863, 10636
1.2221875190734863, 10635
1.2323462963104248, 10634
1.2404460906982422, 10633
1.2425143718719482, 10632
1.2425143718719482, 10631
1.2425143718719482, 10630
1.2425143718719482, 10629
1.2526497840881348, 10628
1.2526497840881348, 10627
1.2526497840881348, 10626
1.2708640098571777, 10625
1.2708640098571777, 10624
1.2729301452636719, 10623
1.2729301452636719, 10622
1.2729301452636719, 10621
1.2729301452636719, 10620
1.2729301452636719, 10619
1.2729301452636719, 10618
1.2810101509094238, 10617
1.283076286315918, 10616
1.2911477088928223, 10615
1.2932169437408447, 10614
1.2932169437408447, 10613
1.3033251762390137, 10612
1.3033251762390137, 10611
1.3033251762390137, 10610
1.3113927841186523, 10609
1.313462495803833, 10608
1.313462495803833, 10607
1.313462495803833, 10606
1.313462495803833, 10605
1.313462495803833, 10604
1.321498155593872, 10603
1.3235654830932617, 10602
1.3235654830932617, 10601
1.3235654830932617, 10600
1.3235654830932617, 10599
1.3337209224700928, 10598
1.3337209224700928, 10597
1.3337209224700928, 10596
1.3337209224700928, 10595
1.3337209224700928, 10594
1.3417518138885498, 10593
1.3438186645507812, 10592
1.3438186645507812, 10591
1.3438186645507812, 10590
1.3518884181976318, 10589
1.353956699371338, 10588
1.353956699371338, 10587
1.353956699371338, 10586
1.353956699371338, 10585
1.353956699371338, 10584
1.3640778064727783, 10583
1.3640778064727783, 10582
1.3640778064727783, 10581
1.372150182723999, 10580
1.372150182723999, 10579
1.3742153644561768, 10578
1.3742153644561768, 10577
1.3843412399291992, 10576
1.3843412399291992, 10575
1.3843412399291992, 10574
1.3924124240875244, 10573
1.3944203853607178, 10572
1.3944816589355469, 10571
1.3944816589355469, 10570
1.4049761295318604, 10569
1.4050054550170898, 10568
1.4050054550170898, 10567
1.4050054550170898, 10566
1.4151520729064941, 10565
1.4151520729064941, 10564
1.4151520729064941, 10563
1.4252543449401855, 10562
1.4252543449401855, 10561
1.4252543449401855, 10560
1.4252543449401855, 10559
1.4252543449401855, 10558
1.4252543449401855, 10557
1.4333255290985107, 10556
1.4353349208831787, 10555
1.4353978633880615, 10554
1.4353978633880615, 10553
1.4536314010620117, 10552
1.4536314010620117, 10551
1.4556975364685059, 10550
1.4556975364685059, 10549
1.4556975364685059, 10548
1.4556975364685059, 10547
1.465179443359375, 10546
1.468177318572998, 10545
1.4691767692565918, 10544
1.4731769561767578, 10543
1.4761762619018555, 10542
1.4781768321990967, 10541
1.4791765213012695, 10540
1.4844937324523926, 10539
1.4865131378173828, 10538
1.4865131378173828, 10537
1.4865131378173828, 10536
1.4865131378173828, 10535
1.4865131378173828, 10534
1.4945268630981445, 10533
1.4965386390686035, 10532
1.4965386390686035, 10531
1.4965386390686035, 10530
1.5045454502105713, 10529
1.5046067237854004, 10528
1.5066251754760742, 10527
1.5066251754760742, 10526
1.5066251754760742, 10525
1.5066251754760742, 10524
1.5166497230529785, 10523
1.5166497230529785, 10522
1.5166497230529785, 10521
1.524703025817871, 10520
1.5267159938812256, 10519
1.5267159938812256, 10518
1.5267159938812256, 10517
1.5267159938812256, 10516
1.5267159938812256, 10515
1.5347850322723389, 10514
1.5347850322723389, 10513
1.5368385314941406, 10512
1.5368385314941406, 10511
1.5368385314941406, 10510
1.5368385314941406, 10509
1.5368385314941406, 10508
1.5368385314941406, 10507
1.5449378490447998, 10506
1.557114839553833, 10505
1.557114839553833, 10504
1.557114839553833, 10503
1.557114839553833, 10502
1.5652239322662354, 10501
1.5672941207885742, 10500
1.5672941207885742, 10499
1.5774650573730469, 10498
1.5774650573730469, 10497
1.5774650573730469, 10496
1.5855398178100586, 10495
1.587618112564087, 10494
1.5977721214294434, 10493
1.6079025268554688, 10492
1.6079025268554688, 10491
1.6079025268554688, 10490
1.6079025268554688, 10489
1.6180429458618164, 10488
1.6260817050933838, 10487
1.6281483173370361, 10486
1.6362190246582031, 10485
1.6564557552337646, 10484
1.6585252285003662, 10483
1.6585252285003662, 10482
1.6682608127593994, 10481
1.6712584495544434, 10480
1.6802589893341064, 10479
1.6852591037750244, 10478
1.6862595081329346, 10477
1.6892585754394531, 10476
1.695258617401123, 10475
1.697258472442627, 10474
1.6982591152191162, 10473
1.700366735458374, 10472
1.700366735458374, 10471
1.700366735458374, 10470
1.7095060348510742, 10469
1.7095060348510742, 10468
1.7175772190093994, 10467
1.719642162322998, 10466
1.719642162322998, 10465
1.7297723293304443, 10464
1.7297723293304443, 10463
1.7297723293304443, 10462
1.739933729171753, 10461
1.739933729171753, 10460
1.739933729171753, 10459
1.7480013370513916, 10458
1.7500689029693604, 10457
1.7500689029693604, 10456
1.7500689029693604, 10455
1.7581148147583008, 10454
1.760183334350586, 10453
1.760183334350586, 10452
1.760183334350586, 10451
1.760183334350586, 10450
1.7703254222869873, 10449
1.7703254222869873, 10448
1.7703254222869873, 10447
1.7703254222869873, 10446
1.7784245014190674, 10445
1.7804956436157227, 10444
1.7804956436157227, 10443
1.7804956436157227, 10442
1.7804956436157227, 10441
1.7906334400177002, 10440
1.7987194061279297, 10439
1.800776720046997, 10438
1.808844804763794, 10437
1.810910701751709, 10436
1.8210296630859375, 10435
1.8210296630859375, 10434
1.8210296630859375, 10433
1.8311610221862793, 10432
1.8311610221862793, 10431
1.8311610221862793, 10430
1.8392040729522705, 10429
1.8392040729522705, 10428
1.8412718772888184, 10427
1.8493390083312988, 10426
1.8594822883605957, 10425
1.861548900604248, 10424
1.861548900604248, 10423
1.869619607925415, 10422
1.871685266494751, 10421
1.881852388381958, 10420
1.881852388381958, 10419
1.881852388381958, 10418
1.8899321556091309, 10417
1.8899321556091309, 10416
1.8919975757598877, 10415
1.8919975757598877, 10414
1.9000508785247803, 10413
1.9021286964416504, 10412
1.9021286964416504, 10411
1.9122707843780518, 10410
1.9122707843780518, 10409
1.9122707843780518, 10408
1.922372579574585, 10407
1.922372579574585, 10406
1.922372579574585, 10405
1.922372579574585, 10404
1.932507038116455, 10403
1.9405174255371094, 10402
1.9405391216278076, 10401
1.9426090717315674, 10400
1.9426090717315674, 10399
1.9506795406341553, 10398
1.9527466297149658, 10397
1.9527466297149658, 10396
1.9527466297149658, 10395
1.9527466297149658, 10394
1.9607892036437988, 10393
1.9607892036437988, 10392
1.9628612995147705, 10391
1.9628612995147705, 10390
1.9628612995147705, 10389
1.9729974269866943, 10388
1.9729974269866943, 10387
1.9729974269866943, 10386
1.9729974269866943, 10385
1.9729974269866943, 10384
1.9810059070587158, 10383
1.983098030090332, 10382
1.9831604957580566, 10381
1.9831604957580566, 10380
1.9831604957580566, 10379
1.9831604957580566, 10378
1.9912447929382324, 10377
1.9933137893676758, 10376
2.003871440887451, 10375
2.0058705806732178, 10374
2.0138697624206543, 10373
2.014871120452881, 10372
2.0204219818115234, 10371
2.02242112159729, 10370
2.0344061851501465, 10369
2.0344061851501465, 10368
2.0445427894592285, 10367
2.0445427894592285, 10366
2.0445427894592285, 10365
2.0546963214874268, 10364
2.0546963214874268, 10363
2.0546963214874268, 10362
2.0627646446228027, 10361
2.064833402633667, 10360
2.074989080429077, 10359
2.074989080429077, 10358
2.074989080429077, 10357
2.074989080429077, 10356
2.0830564498901367, 10355
2.0851244926452637, 10354
2.0851244926452637, 10353
2.0952441692352295, 10352
2.0952441692352295, 10351
2.0952441692352295, 10350
2.0952441692352295, 10349
2.0952441692352295, 10348
2.113455295562744, 10347
2.1155223846435547, 10346
2.1155223846435547, 10345
2.123594045639038, 10344
2.135794162750244, 10343
2.135794162750244, 10342
2.135794162750244, 10341
2.135794162750244, 10340
2.135794162750244, 10339
2.143862247467041, 10338
2.143862247467041, 10337
2.145927667617798, 10336
2.145927667617798, 10335
2.145927667617798, 10334
2.145927667617798, 10333
2.145927667617798, 10332
2.145927667617798, 10331
2.153958559036255, 10330
2.1560287475585938, 10329
2.1560287475585938, 10328
2.1560287475585938, 10327
2.1560287475585938, 10326
2.164095878601074, 10325
2.1661622524261475, 10324
2.1661622524261475, 10323
2.1661622524261475, 10322
2.1661622524261475, 10321
2.1661622524261475, 10320
2.176710844039917, 10319
2.17771053314209, 10318
2.187710762023926, 10317
2.1897101402282715, 10316
2.1907107830047607, 10315
2.1917107105255127, 10314
2.1937098503112793, 10313
2.1937098503112793, 10312
2.1957108974456787, 10311
2.1967098712921143, 10310
2.1977107524871826, 10309
2.2004027366638184, 10308
2.2004027366638184, 10307
2.2004027366638184, 10306
2.2004027366638184, 10305
2.204979658126831, 10304
2.2070493698120117, 10303
2.2070493698120117, 10302
2.2150776386260986, 10301
2.2171456813812256, 10300
2.2252142429351807, 10299
2.2272796630859375, 10298
2.2272796630859375, 10297
2.2272796630859375, 10296
2.2272796630859375, 10295
2.2373909950256348, 10294
2.2373909950256348, 10293
2.247532844543457, 10292
2.247532844543457, 10291
2.2556095123291016, 10290
2.2556095123291016, 10289
2.257678985595703, 10288
2.257678985595703, 10287
2.257678985595703, 10286
2.2678186893463135, 10285
2.2678186893463135, 10284
2.2758498191833496, 10283
2.277916669845581, 10282
2.277916669845581, 10281
2.277916669845581, 10280
2.277916669845581, 10279
2.285987138748169, 10278
2.288055419921875, 10277
2.288055419921875, 10276
2.298211097717285, 10275
2.298211097717285, 10274
2.298211097717285, 10273
2.298211097717285, 10272
2.3083512783050537, 10271
2.3164219856262207, 10270
2.3184938430786133, 10269
2.3184938430786133, 10268
2.326561212539673, 10267
2.3286292552948, 10266
2.3286292552948, 10265
2.3367245197296143, 10264
2.3367245197296143, 10263
2.338794231414795, 10262
2.338794231414795, 10261
2.338794231414795, 10260
2.338794231414795, 10259
2.338794231414795, 10258
2.3468618392944336, 10257
2.3489274978637695, 10256
2.3489274978637695, 10255
2.359081983566284, 10254
2.359081983566284, 10253
2.359081983566284, 10252
2.359081983566284, 10251
2.3671114444732666, 10250
2.3691794872283936, 10249
2.3873836994171143, 10248
2.3873836994171143, 10247
2.389392137527466, 10246
2.389450788497925, 10245
2.389450788497925, 10244
2.389450788497925, 10243
2.3996052742004395, 10242
2.3996052742004395, 10241
2.4076759815216064, 10240
2.409738540649414, 10239
2.409738540649414, 10238
2.409738540649414, 10237
2.417842149734497, 10236
2.4198875427246094, 10235
2.4198875427246094, 10234
2.430025339126587, 10233
2.430025339126587, 10232
2.4401400089263916, 10231
2.450275421142578, 10230
2.460435390472412, 10229
2.460435390472412, 10228
2.460435390472412, 10227
2.4705727100372314, 10226
2.4705727100372314, 10225
2.4705727100372314, 10224
2.478602647781372, 10223
2.4806807041168213, 10222
2.4806807041168213, 10221
2.4806807041168213, 10220
2.4806807041168213, 10219
2.4887497425079346, 10218
2.4908182621002197, 10217
2.4908182621002197, 10216
2.4908182621002197, 10215
2.4908182621002197, 10214
2.4988553524017334, 10213
2.5009260177612305, 10212
2.5009260177612305, 10211
2.5009260177612305, 10210
2.5110599994659424, 10209
2.5110599994659424, 10208
2.5110599994659424, 10207
2.5191473960876465, 10206
2.5211806297302246, 10205
2.5211806297302246, 10204
2.5211806297302246, 10203
2.5211806297302246, 10202
2.5292513370513916, 10201
2.5292513370513916, 10200
2.531318187713623, 10199
2.531318187713623, 10198
2.5398318767547607, 10197
2.541835308074951, 10196
2.542834997177124, 10195
2.5518341064453125, 10194
2.5528345108032227, 10193
2.5538339614868164, 10192
2.564833164215088, 10191
2.565833806991577, 10190
2.5701804161071777, 10189
2.5722463130950928, 10188
2.5722463130950928, 10187
2.5803158283233643, 10186
2.582341432571411, 10185
2.582341432571411, 10184
2.582341432571411, 10183
2.590416193008423, 10182
2.590416193008423, 10181
2.592480182647705, 10180
2.592480182647705, 10179
2.600510597229004, 10178
2.602579116821289, 10177
2.602579116821289, 10176
2.6127116680145264, 10175
2.6127116680145264, 10174
2.6232478618621826, 10173
2.6232478618621826, 10172
2.6232478618621826, 10171
2.631272077560425, 10170
2.6433308124542236, 10169
2.6433308124542236, 10168
2.6433308124542236, 10167
2.6433308124542236, 10166
2.6513583660125732, 10165
2.6513583660125732, 10164
2.65338134765625, 10163
2.6638994216918945, 10162
2.6688997745513916, 10161
2.6708991527557373, 10160
2.673940896987915, 10159
2.6759395599365234, 10158
2.6789395809173584, 10157
2.6841821670532227, 10156
2.694298505783081, 10155
2.694298505783081, 10154
2.694298505783081, 10153
2.702364683151245, 10152
2.7044284343719482, 10151
2.7044284343719482, 10150
2.7044284343719482, 10149
2.7044284343719482, 10148
2.7145373821258545, 10147
2.7145373821258545, 10146
2.7145373821258545, 10145
2.724698543548584, 10144
2.732753038406372, 10143
2.7348203659057617, 10142
2.7348203659057617, 10141
2.7348203659057617, 10140
2.7449464797973633, 10139
2.7530057430267334, 10138
2.7550601959228516, 10137
2.7550601959228516, 10136
2.7631235122680664, 10135
2.7631235122680664, 10134
2.7651877403259277, 10133
2.7651877403259277, 10132
2.7651877403259277, 10131
2.7651877403259277, 10130
2.7651877403259277, 10129
2.7732467651367188, 10128
2.7732467651367188, 10127
2.7753000259399414, 10126
2.7753000259399414, 10125
2.7854790687561035, 10124
2.7854790687561035, 10123
2.7935378551483154, 10122
2.79559063911438, 10121
2.79559063911438, 10120
2.803659677505493, 10119
2.805713415145874, 10118
2.8137683868408203, 10117
2.8137683868408203, 10116
2.815824270248413, 10115
2.815824270248413, 10114
2.8259918689727783, 10113
2.834050178527832, 10112
2.8461992740631104, 10111
2.8461992740631104, 10110
2.8461992740631104, 10109
2.856325149536133, 10108
2.856325149536133, 10107
2.8643829822540283, 10106
2.8664374351501465, 10105
2.8664374351501465, 10104
2.8744962215423584, 10103
2.8765501976013184, 10102
2.8846213817596436, 10101
2.886679172515869, 10100
2.886679172515869, 10099
2.886679172515869, 10098
2.8967971801757812, 10097
2.8967971801757812, 10096
2.8967971801757812, 10095
2.90488862991333, 10094
2.90488862991333, 10093
2.9069364070892334, 10092
2.9069364070892334, 10091
2.9069364070892334, 10090
2.9069364070892334, 10089
2.9069364070892334, 10088
2.9170613288879395, 10087
2.927234172821045, 10086
2.927234172821045, 10085
2.937350034713745, 10084
2.937350034713745, 10083
2.937350034713745, 10082
2.937350034713745, 10081
2.937350034713745, 10080
2.937350034713745, 10079
2.947525978088379, 10078
2.947525978088379, 10077
2.957642078399658, 10076
2.957642078399658, 10075
2.957642078399658, 10074
2.965719699859619, 10073
2.967782974243164, 10072
2.967782974243164, 10071
2.977905035018921, 10070
2.977905035018921, 10069
2.985994338989258, 10068
2.987874746322632, 10067
2.987874746322632, 10066
2.9979865550994873, 10065
2.9979865550994873, 10064
3.008119821548462, 10063
3.008119821548462, 10062
3.008119821548462, 10061
3.016176462173462, 10060
3.0264716148376465, 10059
3.027512311935425, 10058
3.030632257461548, 10057
3.0387561321258545, 10056
3.0387561321258545, 10055
3.0468294620513916, 10054
3.0468294620513916, 10053
3.0776169300079346, 10052
3.079655408859253, 10051
3.081655740737915, 10050
3.092651605606079, 10049
3.0936553478240967, 10048
3.0956525802612305, 10047
3.0966551303863525, 10046
3.1005773544311523, 10045
3.1162500381469727, 10044
3.1162500381469727, 10043
3.1318750381469727, 10042
3.1318750381469727, 10041
3.1474945545196533, 10040
3.1474945545196533, 10039
3.1474945545196533, 10038
3.164750814437866, 10037
3.169712781906128, 10036
3.170712471008301, 10035
3.177750587463379, 10034
3.179750680923462, 10033
3.1807522773742676, 10032
3.1827495098114014, 10031
3.183525800704956, 10030
3.1901910305023193, 10029
3.2003509998321533, 10028
3.208406686782837, 10027
3.208406686782837, 10026
3.2104601860046387, 10025
3.2185375690460205, 10024
3.2307004928588867, 10023
3.2412610054016113, 10022
3.25140118598938, 10021
3.25140118598938, 10020
3.2594709396362305, 10019
3.2594709396362305, 10018
3.2615368366241455, 10017
3.2716751098632812, 10016
3.2797162532806396, 10015
3.2817728519439697, 10014
3.2918732166290283, 10013
3.2918732166290283, 10012
3.310079574584961, 10011
3.3201963901519775, 10010
3.3303091526031494, 10009
3.3303091526031494, 10008
3.332364082336426, 10007
3.332364082336426, 10006
3.332364082336426, 10005
3.3425302505493164, 10004
3.3425302505493164, 10003
3.3425302505493164, 10002
3.3505847454071045, 10001
3.3505847454071045, 10000
3.3526411056518555, 9999
3.3526411056518555, 9998
3.3708527088165283, 9997
3.37288498878479, 9996
3.37294340133667, 9995
3.37294340133667, 9994
3.37294340133667, 9993
3.383068323135376, 9992
3.393178701400757, 9991
3.393178701400757, 9990
3.4012937545776367, 9989
3.411402940750122, 9988
3.4317071437835693, 9987
3.4337759017944336, 9986
3.4337759017944336, 9985
3.443944215774536, 9984
3.443944215774536, 9983
3.4520044326782227, 9982
3.454070568084717, 9981
3.454070568084717, 9980
3.454070568084717, 9979
3.4621622562408447, 9978
3.464219570159912, 9977
3.464219570159912, 9976
3.464219570159912, 9975
3.4722981452941895, 9974
3.4743587970733643, 9973
3.494593858718872, 9972
3.5047121047973633, 9971
3.5047121047973633, 9970
3.5047121047973633, 9969
3.5148308277130127, 9968
3.5148308277130127, 9967
3.5148308277130127, 9966
3.5148308277130127, 9965
3.5148308277130127, 9964
3.5148308277130127, 9963
3.5228941440582275, 9962
3.5452182292938232, 9961
3.5452182292938232, 9960
3.55534029006958, 9959
3.55534029006958, 9958
3.565476894378662, 9957
3.5851829051971436, 9956
3.59321665763855, 9955
3.5942139625549316, 9954
3.5982213020324707, 9953
3.5992181301116943, 9952
3.6001815795898438, 9951
3.6012187004089355, 9950
3.6022183895111084, 9949
3.6102185249328613, 9948
3.612222909927368, 9947
3.626389980316162, 9946
3.626389980316162, 9945
3.626389980316162, 9944
3.6365225315093994, 9943
3.6365225315093994, 9942
3.6365225315093994, 9941
3.6365225315093994, 9940
3.666908025741577, 9939
3.666908025741577, 9938
3.666908025741577, 9937
3.6749958992004395, 9936
3.6754989624023438, 9935
3.697540044784546, 9934
3.700037956237793, 9933
3.700037956237793, 9932
3.700037956237793, 9931
3.705594301223755, 9930
3.707655191421509, 9929
3.707655191421509, 9928
3.71775484085083, 9927
3.7258176803588867, 9926
3.7278711795806885, 9925
3.7278711795806885, 9924
3.73801589012146, 9923
3.73801589012146, 9922
3.73801589012146, 9921
3.73801589012146, 9920
3.7481236457824707, 9919
3.7562334537506104, 9918
3.7582900524139404, 9917
3.7582900524139404, 9916
3.7582900524139404, 9915
3.766356945037842, 9914
3.76841139793396, 9913
3.76841139793396, 9912
3.76841139793396, 9911
3.778515100479126, 9910
3.788639783859253, 9909
3.7987704277038574, 9908
3.8291616439819336, 9907
3.8291616439819336, 9906
3.8291616439819336, 9905
3.8372795581817627, 9904
3.8393313884735107, 9903
3.8393313884735107, 9902
3.849457025527954, 9901
3.849457025527954, 9900
3.849457025527954, 9899
3.8575100898742676, 9898
3.860004186630249, 9897
3.860004186630249, 9896
3.860004186630249, 9895
3.8680598735809326, 9894
3.8680598735809326, 9893
3.870112657546997, 9892
3.878225803375244, 9891
3.8802852630615234, 9890
3.8883321285247803, 9889
3.8883440494537354, 9888
3.8883440494537354, 9887
3.89039945602417, 9886
3.89039945602417, 9885
3.89039945602417, 9884
3.8984556198120117, 9883
3.9085795879364014, 9882
3.910632848739624, 9881
3.910632848739624, 9880
3.910632848739624, 9879
3.920733690261841, 9878
3.930927276611328, 9877
3.941077947616577, 9876
3.941077947616577, 9875
3.949134588241577, 9874
3.951188564300537, 9873
3.9592957496643066, 9872
3.961355686187744, 9871
3.9714879989624023, 9870
3.9714879989624023, 9869
3.9714879989624023, 9868
3.981645345687866, 9867
3.9917550086975098, 9866
3.9917550086975098, 9865
3.999838352203369, 9864
3.999838352203369, 9863
4.001896142959595, 9862
4.012005090713501, 9861
4.012005090713501, 9860
4.012005090713501, 9859
4.012005090713501, 9858
4.020092487335205, 9857
4.022145748138428, 9856
4.022145748138428, 9855
4.022145748138428, 9854
4.032261610031128, 9853
4.032261610031128, 9852
4.032261610031128, 9851
4.050451755523682, 9850
4.0525062084198, 9849
4.060581922531128, 9848
4.062635898590088, 9847
4.062635898590088, 9846
4.072744607925415, 9845
4.082903623580933, 9844
4.082903623580933, 9843
4.082903623580933, 9842
4.082903623580933, 9841
4.082903623580933, 9840
4.090969800949097, 9839
4.0930259227752686, 9838
4.0930259227752686, 9837
4.0930259227752686, 9836
4.0930259227752686, 9835
4.0930259227752686, 9834
4.1031739711761475, 9833
4.113280296325684, 9832
4.113280296325684, 9831
4.113280296325684, 9830
4.126903772354126, 9829
4.128906011581421, 9828
4.129898548126221, 9827
4.215607643127441, 9826
4.215607643127441, 9825
4.215607643127441, 9824
4.215607643127441, 9823
4.225729465484619, 9822
4.225729465484619, 9821
4.235885381698608, 9820
4.245993614196777, 9819
4.245993614196777, 9818
4.256150245666504, 9817
4.256150245666504, 9816
4.256150245666504, 9815
4.276423931121826, 9814
4.276423931121826, 9813
4.276423931121826, 9812
4.2844836711883545, 9811
4.2844836711883545, 9810
4.2844836711883545, 9809
4.286537170410156, 9808
4.286537170410156, 9807
4.306795835494995, 9806
4.306795835494995, 9805
4.316910743713379, 9804
4.316910743713379, 9803
4.316910743713379, 9802
4.327033042907715, 9801
4.327033042907715, 9800
4.337145090103149, 9799
4.337145090103149, 9798
4.337145090103149, 9797
4.347254753112793, 9796
4.347254753112793, 9795
4.357453346252441, 9794
4.357453346252441, 9793
4.357453346252441, 9792
4.367561101913452, 9791
4.395142555236816, 9790
4.397150039672852, 9789
4.398147344589233, 9788
4.399859428405762, 9787
4.408472776412964, 9786
4.408472776412964, 9785
4.428749322891235, 9784
4.4368507862091064, 9783
4.4389073848724365, 9782
4.4389073848724365, 9781
4.4389073848724365, 9780
4.4389073848724365, 9779
4.4389073848724365, 9778
4.446971893310547, 9777
4.449034214019775, 9776
4.449034214019775, 9775
4.449034214019775, 9774
4.45711612701416, 9773
4.459171295166016, 9772
4.459171295166016, 9771
4.459171295166016, 9770
4.467229127883911, 9769
4.47733998298645, 9768
4.479834794998169, 9767
4.489944219589233, 9766
4.489944219589233, 9765
4.489944219589233, 9764
4.489944219589233, 9763
4.489944219589233, 9762
4.510193824768066, 9761
4.520349740982056, 9760
4.520349740982056, 9759
4.528407096862793, 9758
4.530459880828857, 9757
4.530459880828857, 9756
4.540599822998047, 9755
4.540599822998047, 9754
4.550724267959595, 9753
4.550724267959595, 9752
4.550724267959595, 9751
4.550724267959595, 9750
4.560854196548462, 9749
4.5891618728637695, 9748
4.591216325759888, 9747
4.591216325759888, 9746
4.601356267929077, 9745
4.601356267929077, 9744
4.601356267929077, 9743
4.601356267929077, 9742
4.609410762786865, 9741
4.611468076705933, 9740
4.619566917419434, 9739
4.619566917419434, 9738
4.621622085571289, 9737
4.631745338439941, 9736
4.631745338439941, 9735
4.631745338439941, 9734
4.641875982284546, 9733
4.674544811248779, 9732
4.676545858383179, 9731
4.681549310684204, 9730
4.6928181648254395, 9729
4.6928181648254395, 9728
4.6928181648254395, 9727
4.7029454708099365, 9726
4.7029454708099365, 9725
4.71305513381958, 9724
4.733339071273804, 9723
4.733339071273804, 9722
4.743454933166504, 9721
4.743454933166504, 9720
4.743454933166504, 9719
4.771767854690552, 9718
4.771767854690552, 9717
4.773833513259888, 9716
4.783952713012695, 9715
4.783952713012695, 9714
4.792010068893433, 9713
4.814329624176025, 9712
4.834621906280518, 9711
4.834621906280518, 9710
4.8448169231414795, 9709
4.863022327423096, 9708
4.865089416503906, 9707
4.885280609130859, 9706
4.885280609130859, 9705
4.885280609130859, 9704
4.893334865570068, 9703
4.895399570465088, 9702
4.9034788608551025, 9701
4.915649175643921, 9700
4.925879240036011, 9699
4.925879240036011, 9698
4.935997724533081, 9697
4.9461469650268555, 9696
4.976522922515869, 9695
4.976522922515869, 9694
4.986656427383423, 9693
4.986656427383423, 9692
4.99676251411438, 9691
5.00691556930542, 9690
5.00691556930542, 9689
5.00691556930542, 9688
5.00691556930542, 9687
5.017031908035278, 9686
5.027186632156372, 9685
5.027186632156372, 9684
5.0352489948272705, 9683
5.037302494049072, 9682
5.057568788528442, 9681
5.067682266235352, 9680
5.067682266235352, 9679
5.067682266235352, 9678
5.067682266235352, 9677
5.077800035476685, 9676
5.077800035476685, 9675
5.077800035476685, 9674
5.077800035476685, 9673
5.077800035476685, 9672
5.077800035476685, 9671
5.108598470687866, 9670
5.108598470687866, 9669
5.108598470687866, 9668
5.11871075630188, 9667
5.11871075630188, 9666
5.11871075630188, 9665
5.12678861618042, 9664
5.136937379837036, 9663
5.138992547988892, 9662
5.14912223815918, 9661
5.14912223815918, 9660
5.14912223815918, 9659
5.17087459564209, 9658
5.171874761581421, 9657
5.172875165939331, 9656
5.173875331878662, 9655
5.184876441955566, 9654
5.1858744621276855, 9653
5.186874866485596, 9652
5.187880277633667, 9651
5.190873146057129, 9650
5.193875074386597, 9649
5.209875106811523, 9648
5.219959020614624, 9647
5.230097532272339, 9646
5.240226745605469, 9645
5.240226745605469, 9644
5.240226745605469, 9643
5.248281478881836, 9642
5.250338077545166, 9641
5.250338077545166, 9640
5.250338077545166, 9639
5.258419513702393, 9638
5.2685277462005615, 9637
5.270582675933838, 9636
5.270582675933838, 9635
5.27866005897522, 9634
5.27866005897522, 9633
5.280715465545654, 9632
5.280715465545654, 9631
5.280715465545654, 9630
5.309004545211792, 9629
5.3110575675964355, 9628
5.3110575675964355, 9627
5.321201801300049, 9626
5.331324100494385, 9625
5.341464996337891, 9624
5.341464996337891, 9623
5.34952974319458, 9622
5.351583957672119, 9621
5.351583957672119, 9620
5.351583957672119, 9619
5.361719846725464, 9618
5.361719846725464, 9617
5.361719846725464, 9616
5.361719846725464, 9615
5.379907131195068, 9614
5.38197660446167, 9613
5.38197660446167, 9612
5.38197660446167, 9611
5.38197660446167, 9610
5.392013311386108, 9609
5.4021172523498535, 9608
5.4021172523498535, 9607
5.4021172523498535, 9606
5.4021172523498535, 9605
5.410176038742065, 9604
5.410176038742065, 9603
5.412229061126709, 9602
5.432483673095703, 9601
5.4405858516693115, 9600
5.4405858516693115, 9599
5.44264030456543, 9598
5.452746629714966, 9597
5.452746629714966, 9596
5.470958471298218, 9595
5.473011493682861, 9594
5.473011493682861, 9593
5.473011493682861, 9592
5.473011493682861, 9591
5.513998985290527, 9590
5.513998985290527, 9589
5.52412223815918, 9588
5.52412223815918, 9587
5.52412223815918, 9586
5.52412223815918, 9585
5.532209396362305, 9584
5.534266710281372, 9583
5.534266710281372, 9582
5.54437255859375, 9581
5.54437255859375, 9580
5.554535865783691, 9579
5.562592506408691, 9578
5.562592506408691, 9577
5.564641952514648, 9576
5.564641952514648, 9575
5.564641952514648, 9574
5.5748231410980225, 9573
5.584948539733887, 9572
5.605178117752075, 9571
5.605178117752075, 9570
5.623394966125488, 9569
5.63562273979187, 9568
5.6436896324157715, 9567
5.645742416381836, 9566
5.645742416381836, 9565
5.645742416381836, 9564
5.645742416381836, 9563
5.674117565155029, 9562
5.685667276382446, 9561
5.688662767410278, 9560
5.692666292190552, 9559
5.694665193557739, 9558
5.695672273635864, 9557
5.698667049407959, 9556
5.706641912460327, 9555
5.706641912460327, 9554
5.776357412338257, 9553
5.776357412338257, 9552
5.778433322906494, 9551
5.778433322906494, 9550
5.778433322906494, 9549
5.788538932800293, 9548
5.788538932800293, 9547
5.788538932800293, 9546
5.796606540679932, 9545
5.796606540679932, 9544
5.8067052364349365, 9543
5.808776378631592, 9542
5.808776378631592, 9541
5.81891655921936, 9540
5.839198112487793, 9539
5.839198112487793, 9538
5.859434366226196, 9537
5.879703998565674, 9536
5.879703998565674, 9535
5.879703998565674, 9534
5.879703998565674, 9533
5.879703998565674, 9532
5.889827728271484, 9531
5.899962425231934, 9530
5.91811728477478, 9529
5.920257568359375, 9528
5.920257568359375, 9527
5.930437088012695, 9526
5.930437088012695, 9525
5.9608824253082275, 9524
5.968981504440308, 9523
5.971055507659912, 9522
5.971055507659912, 9521
6.001474857330322, 9520
6.011629819869995, 9519
6.011629819869995, 9518
6.019698858261108, 9517
6.021764755249023, 9516
6.021764755249023, 9515
6.021764755249023, 9514
6.021764755249023, 9513
6.029794216156006, 9512
6.031862258911133, 9511
6.031862258911133, 9510
6.041996955871582, 9509
6.041996955871582, 9508
6.0500288009643555, 9507
6.0825231075286865, 9506
6.0825231075286865, 9505
6.092621564865112, 9504
6.092621564865112, 9503
6.102755784988403, 9502
6.112849235534668, 9501
6.1229846477508545, 9500
6.1229846477508545, 9499
6.1229846477508545, 9498
6.131071329116821, 9497
6.133140802383423, 9496
6.133140802383423, 9495
6.133140802383423, 9494
6.1412084102630615, 9493
6.143274545669556, 9492
6.143274545669556, 9491
6.151304244995117, 9490
6.153370141983032, 9489
6.153370141983032, 9488
6.153370141983032, 9487
6.163502216339111, 9486
6.163502216339111, 9485
6.163502216339111, 9484
6.163502216339111, 9483
6.173114061355591, 9482
6.177111864089966, 9481
6.181112051010132, 9480
6.1831138134002686, 9479
6.184112310409546, 9478
6.1871116161346436, 9477
6.189112186431885, 9476
6.19311261177063, 9475
6.199427127838135, 9474
6.204592943191528, 9473
6.204592943191528, 9472
6.204592943191528, 9471
6.204592943191528, 9470
6.224886178970337, 9469
6.224886178970337, 9468
6.224886178970337, 9467
6.224886178970337, 9466
6.224886178970337, 9465
6.238455533981323, 9464
6.239456415176392, 9463
6.247456312179565, 9462
6.260456323623657, 9461
6.266090393066406, 9460
6.266090393066406, 9459
6.285857200622559, 9458
6.30649733543396, 9457
6.326777219772339, 9456
6.33484673500061, 9455
6.33484673500061, 9454
6.336920261383057, 9453
6.336920261383057, 9452
6.3450000286102295, 9451
6.357203245162964, 9450
6.357203245162964, 9449
6.365285873413086, 9448
6.367358446121216, 9447
6.367358446121216, 9446
6.375426769256592, 9445
6.377434968948364, 9444
6.395734071731567, 9443
6.395734071731567, 9442
6.39780068397522, 9441
6.39780068397522, 9440
6.39780068397522, 9439
6.415972471237183, 9438
6.41804051399231, 9437
6.41804051399231, 9436
6.438338994979858, 9435
6.438338994979858, 9434
6.448490142822266, 9433
6.458632707595825, 9432
6.468804121017456, 9431
6.468804121017456, 9430
6.476870775222778, 9429
6.478936672210693, 9428
6.478936672210693, 9427
6.486996650695801, 9426
6.497133493423462, 9425
6.499199628829956, 9424
6.50728702545166, 9423
6.519495248794556, 9422
6.529649496078491, 9421
6.539784669876099, 9420
6.539784669876099, 9419
6.539784669876099, 9418
6.560045003890991, 9417
6.568081378936768, 9416
6.568081378936768, 9415
6.570148706436157, 9414
6.570148706436157, 9413
6.590440273284912, 9412
6.603538751602173, 9411
6.608605623245239, 9410
6.610670804977417, 9409
6.610670804977417, 9408
6.610670804977417, 9407
6.620829105377197, 9406
6.628900051116943, 9405
6.630967378616333, 9404
6.641119003295898, 9403
6.661846876144409, 9402
6.662846803665161, 9401
6.681846857070923, 9400
6.692238092422485, 9399
6.700333595275879, 9398
6.700333595275879, 9397
6.712538719177246, 9396
6.7226340770721436, 9395
6.7226340770721436, 9394
6.7226340770721436, 9393
6.7226340770721436, 9392
6.732780456542969, 9391
6.732780456542969, 9390
6.732780456542969, 9389
6.732780456542969, 9388
6.76116156578064, 9387
6.763227939605713, 9386
6.773367881774902, 9385
6.783334970474243, 9384
6.783334970474243, 9383
6.7934730052948, 9382
6.7934730052948, 9381
6.813738107681274, 9380
6.815922498703003, 9379
6.821924686431885, 9378
6.823924541473389, 9377
6.824924945831299, 9376
6.825924634933472, 9375
6.933804750442505, 9374
6.935881853103638, 9373
6.935881853103638, 9372
6.935881853103638, 9371
6.996689796447754, 9370
7.006829500198364, 9369
7.006829500198364, 9368
7.016972780227661, 9367
7.016972780227661, 9366
7.025046110153198, 9365
7.027112007141113, 9364
7.027112007141113, 9363
7.027112007141113, 9362
7.027112007141113, 9361
7.037268400192261, 9360
7.037268400192261, 9359
7.047400712966919, 9358
7.05753493309021, 9357
7.075760126113892, 9356
7.077826738357544, 9355
7.077826738357544, 9354
7.085900783538818, 9353
7.087970495223999, 9352
7.087970495223999, 9351
7.087970495223999, 9350
7.087970495223999, 9349
7.108243227005005, 9348
7.108243227005005, 9347
7.116282939910889, 9346
7.118352174758911, 9345
7.12848424911499, 9344
7.12848424911499, 9343
7.12848424911499, 9342
7.138617753982544, 9341
7.138617753982544, 9340
7.14669394493103, 9339
7.148702144622803, 9338
7.148760557174683, 9337
7.148760557174683, 9336
7.148760557174683, 9335
7.156846046447754, 9334
7.158337831497192, 9333
7.163336515426636, 9332
7.168336629867554, 9331
7.172336101531982, 9330
7.173335552215576, 9329
7.174336194992065, 9328
7.17633581161499, 9327
7.182456016540527, 9326
7.182456016540527, 9325
7.197644233703613, 9324
7.219963788986206, 9323
7.219963788986206, 9322
7.219963788986206, 9321
7.219963788986206, 9320
7.240269184112549, 9319
7.240269184112549, 9318
7.240269184112549, 9317
7.2504048347473145, 9316
7.258495330810547, 9315
7.270702600479126, 9314
7.270702600479126, 9313
7.270702600479126, 9312
7.280848264694214, 9311
7.313523769378662, 9310
7.32181978225708, 9309
7.332581520080566, 9308
7.340161085128784, 9307
7.352350473403931, 9306
7.3624866008758545, 9305
7.370521306991577, 9304
7.403014898300171, 9303
7.4131786823272705, 9302
7.423336982727051, 9301
7.423336982727051, 9300
7.423336982727051, 9299
7.423336982727051, 9298
7.423336982727051, 9297
7.423336982727051, 9296
7.453790187835693, 9295
7.453790187835693, 9294
7.453790187835693, 9293
7.4740612506866455, 9292
7.484137535095215, 9291
7.48419976234436, 9290
7.48419976234436, 9289
7.48419976234436, 9288
7.48419976234436, 9287
7.494341850280762, 9286
7.504481792449951, 9285
7.514644622802734, 9284
7.524792194366455, 9283
7.524792194366455, 9282
7.535308122634888, 9281
7.535308122634888, 9280
7.543365240097046, 9279
7.543365240097046, 9278
7.543365240097046, 9277
7.563595533370972, 9276
7.563595533370972, 9275
7.565651893615723, 9274
7.565651893615723, 9273
7.565651893615723, 9272
7.575784921646118, 9271
7.575784921646118, 9270
7.575784921646118, 9269
7.585903882980347, 9268
7.585903882980347, 9267
7.585903882980347, 9266
7.596027851104736, 9265
7.596027851104736, 9264
7.6040849685668945, 9263
7.606140375137329, 9262
7.606140375137329, 9261
7.606140375137329, 9260
7.606140375137329, 9259
7.616270303726196, 9258
7.62638783454895, 9257
7.62638783454895, 9256
7.62638783454895, 9255
7.636524438858032, 9254
7.636524438858032, 9253
7.636524438858032, 9252
7.636524438858032, 9251
7.646632671356201, 9250
7.646632671356201, 9249
7.656788349151611, 9248
7.656788349151611, 9247
7.656788349151611, 9246
7.6815245151519775, 9245
7.686525106430054, 9244
7.688524007797241, 9243
7.693531274795532, 9242
7.699028491973877, 9241
7.699028491973877, 9240
7.70558762550354, 9239
7.707674980163574, 9238
7.707674980163574, 9237
7.707674980163574, 9236
7.715755462646484, 9235
7.715755462646484, 9234
7.717818260192871, 9233
7.72793173789978, 9232
7.72793173789978, 9231
7.738062143325806, 9230
7.738062143325806, 9229
7.738062143325806, 9228
7.7481818199157715, 9227
7.7481818199157715, 9226
7.7562713623046875, 9225
7.758326292037964, 9224
7.7786054611206055, 9223
7.788725852966309, 9222
7.788725852966309, 9221
7.796785116195679, 9220
7.808961868286133, 9219
7.819106817245483, 9218
7.829216241836548, 9217
7.829216241836548, 9216
7.855859756469727, 9215
7.85785984992981, 9214
7.859859228134155, 9213
7.8638596534729, 9212
7.864859580993652, 9211
7.869861364364624, 9210
7.877917766571045, 9209
7.888036727905273, 9208
7.890093088150024, 9207
7.900213241577148, 9206
7.900213241577148, 9205
7.930536985397339, 9204
7.940648078918457, 9203
7.9508678913116455, 9202
7.9508678913116455, 9201
7.9508678913116455, 9200
7.9508678913116455, 9199
7.958939790725708, 9198
7.958939790725708, 9197
7.960993528366089, 9196
7.960993528366089, 9195
7.960993528366089, 9194
7.960993528366089, 9193
7.960993528366089, 9192
7.960993528366089, 9191
7.99141788482666, 9190
8.001539468765259, 9189
8.009599924087524, 9188
8.019724607467651, 9187
8.032067775726318, 9186
8.042280673980713, 9185
8.042280673980713, 9184
8.05241322517395, 9183
8.05241322517395, 9182
8.062519788742065, 9181
8.082760095596313, 9180
8.082760095596313, 9179
8.082760095596313, 9178
8.092896461486816, 9177
8.092896461486816, 9176
8.092896461486816, 9175
8.092896461486816, 9174
8.103012084960938, 9173
8.103012084960938, 9172
8.103012084960938, 9171
8.103012084960938, 9170
8.121200323104858, 9169
8.123253345489502, 9168
8.131349325180054, 9167
8.133410215377808, 9166
8.133410215377808, 9165
8.133410215377808, 9164
8.14147424697876, 9163
8.164185047149658, 9162
8.164185047149658, 9161
8.173886775970459, 9160
8.177886486053467, 9159
8.1798837184906, 9158
8.1798837184906, 9157
8.183886528015137, 9156
8.203011989593506, 9155
8.225313186645508, 9154
8.245579242706299, 9153
8.245579242706299, 9152
8.259948015213013, 9151
8.261089563369751, 9150
8.27578616142273, 9149
8.27578616142273, 9148
8.285937309265137, 9147
8.296053409576416, 9146
8.31628966331482, 9145
8.324360609054565, 9144
8.32641339302063, 9143
8.344595432281494, 9142
8.344595432281494, 9141
8.374980449676514, 9140
8.387210369110107, 9139
8.402913808822632, 9138
8.407914638519287, 9137
8.408913850784302, 9136
8.43848466873169, 9135
8.448591947555542, 9134
8.448591947555542, 9133
8.456685304641724, 9132
8.458754062652588, 9131
8.458754062652588, 9130
8.466822147369385, 9129
8.466822147369385, 9128
8.476914167404175, 9127
8.664067268371582, 9126
8.665053844451904, 9125
8.667055368423462, 9124
8.670013666152954, 9123
8.677053451538086, 9122
8.679053783416748, 9121
8.68005633354187, 9120
8.702494859695435, 9119
8.702494859695435, 9118
8.722814798355103, 9117
8.722814798355103, 9116
8.730864524841309, 9115
8.73291563987732, 9114
8.751119375228882, 9113
8.753175497055054, 9112
8.761217832565308, 9111
8.763716220855713, 9110
8.78396463394165, 9109
8.794082403182983, 9108
8.794082403182983, 9107
8.80216670036316, 9106
8.804221868515015, 9105
8.812275886535645, 9104
8.822413206100464, 9103
8.822413206100464, 9102
8.824478387832642, 9101
8.824478387832642, 9100
8.834590911865234, 9099
8.844723224639893, 9098
8.864982843399048, 9097
8.864982843399048, 9096
8.873041152954102, 9095
8.915988445281982, 9094
8.936234951019287, 9093
8.956515312194824, 9092
8.966629266738892, 9091
8.966629266738892, 9090
8.976767301559448, 9089
8.9949312210083, 9088
9.007127285003662, 9087
9.007127285003662, 9086
9.017290115356445, 9085
9.027398347854614, 9084
9.047652244567871, 9083
9.057783603668213, 9082
9.057783603668213, 9081
9.067890644073486, 9080
9.067890644073486, 9079
9.078028202056885, 9078
9.078028202056885, 9077
9.086102724075317, 9076
9.088118076324463, 9075
9.088118076324463, 9074
9.088118076324463, 9073
9.098251342773438, 9072
9.106307983398438, 9071
9.108365535736084, 9070
9.319238901138306, 9069
9.321294069290161, 9068
9.473995685577393, 9067
9.482102870941162, 9066
9.484172344207764, 9065
9.492227792739868, 9064
9.49428391456604, 9063
9.49428391456604, 9062
9.504420280456543, 9061
9.512478113174438, 9060
9.524694681167603, 9059
9.532753705978394, 9058
9.563170194625854, 9057
9.565226793289185, 9056
9.595602750778198, 9055
9.595602750778198, 9054
9.615870714187622, 9053
9.626947164535522, 9052
9.633306980133057, 9051
9.639108180999756, 9050
9.639108180999756, 9049
9.647217988967896, 9048
9.655793905258179, 9047
9.656836032867432, 9046
9.667832851409912, 9045
9.670830488204956, 9044
9.67284083366394, 9043
9.688034534454346, 9042
9.706269979476929, 9041
9.728578090667725, 9040
9.738740921020508, 9039
9.759004354476929, 9038
9.769116401672363, 9037
9.769116401672363, 9036
9.789382696151733, 9035
9.789382696151733, 9034
9.797465085983276, 9033
9.807580947875977, 9032
9.809636116027832, 9031
9.81976056098938, 9030
9.840050220489502, 9029
9.840050220489502, 9028
9.848114252090454, 9027
9.850171089172363, 9026
9.860324621200562, 9025
9.860324621200562, 9024
9.868377208709717, 9023
9.870434284210205, 9022
9.870434284210205, 9021
9.890713930130005, 9020
9.89879322052002, 9019
9.91096830368042, 9018
9.921098232269287, 9017
9.931207418441772, 9016
9.951459646224976, 9015
9.951459646224976, 9014
9.951459646224976, 9013
9.968084573745728, 9012
9.97008466720581, 9011
9.97508430480957, 9010
9.9760901927948, 9009
9.981927633285522, 9008
9.981927633285522, 9007
9.981927633285522, 9006
9.981927633285522, 9005
10.032959461212158, 9004
10.04314923286438, 9003
10.053263187408447, 9002
10.061328411102295, 9001
10.063383340835571, 9000
10.093762397766113, 8999
10.10181999206543, 8998
10.103874444961548, 8997
10.103874444961548, 8996
10.111927270889282, 8995
10.113990068435669, 8994
10.113990068435669, 8993
10.113990068435669, 8992
10.124141693115234, 8991
10.134273767471313, 8990
10.134273767471313, 8989
10.144410133361816, 8988
10.15451955795288, 8987
10.24409794807434, 8986
10.246157884597778, 8985
10.256279468536377, 8984
10.27445650100708, 8983
10.296743869781494, 8982
10.306871175765991, 8981
10.316985130310059, 8980
10.316985130310059, 8979
10.316985130310059, 8978
10.337225675582886, 8977
10.337225675582886, 8976
10.337225675582886, 8975
10.337225675582886, 8974
10.357475996017456, 8973
10.357475996017456, 8972
10.367597579956055, 8971
10.367597579956055, 8970
10.377720594406128, 8969
10.377720594406128, 8968
10.38785457611084, 8967
10.38785457611084, 8966
10.38785457611084, 8965
10.38785457611084, 8964
10.428377151489258, 8963
10.438487768173218, 8962
10.448638439178467, 8961
10.448638439178467, 8960
10.45669436454773, 8959
10.466825246810913, 8958
10.468877792358398, 8957
10.468877792358398, 8956
10.468877792358398, 8955
10.468877792358398, 8954
10.519737482070923, 8953
10.52987003326416, 8952
10.52987003326416, 8951
10.539992332458496, 8950
10.54811692237854, 8949
10.550177335739136, 8948
10.560287475585938, 8947
10.570419788360596, 8946
10.58052659034729, 8945
10.58052659034729, 8944
10.590683698654175, 8943
10.590683698654175, 8942
10.60080361366272, 8941
10.619434595108032, 8940
10.631635665893555, 8939
10.631635665893555, 8938
10.631635665893555, 8937
10.641746044158936, 8936
10.670621156692505, 8935
10.68366289138794, 8934
10.694660186767578, 8933
10.713050365447998, 8932
10.733329057693481, 8931
10.741385221481323, 8930
10.743449687957764, 8929
10.753634214401245, 8928
10.76374363899231, 8927
10.76374363899231, 8926
10.78393816947937, 8925
10.78393816947937, 8924
10.794050216674805, 8923
10.794050216674805, 8922
10.804166078567505, 8921
10.804166078567505, 8920
10.804166078567505, 8919
10.804166078567505, 8918
10.812243223190308, 8917
10.824408292770386, 8916
10.834541320800781, 8915
10.834541320800781, 8914
10.834541320800781, 8913
10.854790210723877, 8912
10.854790210723877, 8911
10.854790210723877, 8910
10.883007049560547, 8909
10.885035037994385, 8908
10.885035037994385, 8907
10.895105361938477, 8906
10.895105361938477, 8905
10.903172016143799, 8904
10.903172016143799, 8903
10.935658931732178, 8902
10.935658931732178, 8901
10.943726539611816, 8900
10.945791959762573, 8899
10.95592999458313, 8898
10.95592999458313, 8897
10.95592999458313, 8896
10.95592999458313, 8895
10.966065883636475, 8894
10.966065883636475, 8893
10.984621286392212, 8892
11.006095886230469, 8891
11.01813268661499, 8890
11.019141435623169, 8889
11.02413034439087, 8888
11.03169870376587, 8887
11.03169870376587, 8886
11.047470569610596, 8885
11.055530548095703, 8884
11.057584524154663, 8883
11.057584524154663, 8882
11.065707921981812, 8881
11.065707921981812, 8880
11.088001251220703, 8879
11.096057415008545, 8878
11.11835527420044, 8877
11.11835527420044, 8876
11.1486976146698, 8875
11.1486976146698, 8874
11.1486976146698, 8873
11.15678596496582, 8872
11.15678596496582, 8871
11.18710207939148, 8870
11.214710235595703, 8869
11.246007204055786, 8868
11.246007204055786, 8867
11.246007204055786, 8866
11.246007204055786, 8865
11.2616286277771, 8864
11.2616286277771, 8863
11.2616286277771, 8862
11.279288053512573, 8861
11.28735613822937, 8860
11.28735613822937, 8859
11.297485113143921, 8858
11.29954218864441, 8857
11.29954218864441, 8856
11.30759859085083, 8855
11.329900979995728, 8854
11.329900979995728, 8853
11.340030670166016, 8852
11.35015082359314, 8851
11.35015082359314, 8850
11.35015082359314, 8849
11.36026120185852, 8848
11.370381832122803, 8847
11.380537748336792, 8846
11.380537748336792, 8845
11.40075945854187, 8844
11.40075945854187, 8843
11.40882420539856, 8842
11.410877466201782, 8841
11.419011354446411, 8840
11.421071767807007, 8839
11.421071767807007, 8838
11.439250707626343, 8837
11.439250707626343, 8836
11.461558103561401, 8835
11.461558103561401, 8834
11.481874227523804, 8833
11.481874227523804, 8832
11.502124786376953, 8831
11.520326852798462, 8830
11.53165340423584, 8829
11.53371000289917, 8828
11.541786432266235, 8827
11.545311450958252, 8826
11.550309896469116, 8825
11.556309938430786, 8824
11.5573091506958, 8823
11.564817428588867, 8822
11.564817428588867, 8821
11.564817428588867, 8820
11.665730714797974, 8819
11.665730714797974, 8818
11.673797607421875, 8817
11.687300443649292, 8816
11.693302869796753, 8815
11.72981595993042, 8814
11.73588752746582, 8813
11.737940549850464, 8812
11.76625657081604, 8811
11.806777000427246, 8810
11.819347620010376, 8809
11.819347620010376, 8808
11.819347620010376, 8807
11.82741117477417, 8806
11.829463720321655, 8805
11.829463720321655, 8804
11.837529182434082, 8803
11.847639083862305, 8802
11.859816789627075, 8801
11.890178680419922, 8800
11.890178680419922, 8799
11.900328159332275, 8798
11.910443305969238, 8797
11.920579195022583, 8796
11.930702924728394, 8795
11.930702924728394, 8794
11.93879222869873, 8793
11.940847158432007, 8792
11.940847158432007, 8791
11.940847158432007, 8790
11.971204042434692, 8789
11.981367826461792, 8788
12.001641750335693, 8787
12.011761903762817, 8786
12.011761903762817, 8785
12.032055377960205, 8784
12.032055377960205, 8783
12.040128707885742, 8782
12.042183876037598, 8781
12.052310228347778, 8780
12.052310228347778, 8779
12.062423706054688, 8778
12.082701206207275, 8777
12.102999448776245, 8776
12.102999448776245, 8775
12.116674184799194, 8774
12.144156694412231, 8773
12.15223503112793, 8772
12.154299974441528, 8771
12.164409160614014, 8770
12.182317733764648, 8769
12.196325302124023, 8768
12.21574878692627, 8767
12.22586178779602, 8766
12.236005067825317, 8765
12.244076251983643, 8764
12.264311075210571, 8763
12.276499271392822, 8762
12.284568071365356, 8761
12.284568071365356, 8760
12.325096607208252, 8759
12.327150106430054, 8758
12.327150106430054, 8757
12.327150106430054, 8756
12.34738564491272, 8755
12.357499361038208, 8754
12.365567922592163, 8753
12.367621183395386, 8752
12.367621183395386, 8751
12.385790348052979, 8750
12.41621708869934, 8749
12.428392171859741, 8748
12.43897008895874, 8747
12.459218978881836, 8746
12.469328880310059, 8745
12.469328880310059, 8744
12.479462146759033, 8743
12.487490892410278, 8742
12.49765682220459, 8741
12.499714851379395, 8740
12.50982403755188, 8739
12.519973754882812, 8738
12.52802848815918, 8737
12.548279285430908, 8736
12.550333976745605, 8735
12.550333976745605, 8734
12.550333976745605, 8733
12.580680847167969, 8732
12.580680847167969, 8731
12.580680847167969, 8730
12.580680847167969, 8729
12.753058910369873, 8728
12.753058910369873, 8727
12.763174533843994, 8726
12.763174533843994, 8725
12.763174533843994, 8724
12.763174533843994, 8723
12.773334741592407, 8722
12.78344440460205, 8721
12.791517972946167, 8720
12.801626205444336, 8719
12.803682327270508, 8718
12.81380844116211, 8717
12.821861982345581, 8716
12.83408808708191, 8715
12.83408808708191, 8714
12.864429712295532, 8713
12.884674787521362, 8712
12.902905464172363, 8711
12.904969692230225, 8710
12.904969692230225, 8709
12.933320760726929, 8708
12.945493221282959, 8707
12.955610513687134, 8706
12.955610513687134, 8705
12.965731620788574, 8704
12.973804473876953, 8703
12.975859880447388, 8702
12.996108770370483, 8701
13.006222486495972, 8700
13.006222486495972, 8699
13.006222486495972, 8698
13.075884819030762, 8697
13.08600640296936, 8696
13.088060855865479, 8695
13.098187685012817, 8694
13.108299493789673, 8693
13.118459701538086, 8692
13.118459701538086, 8691
13.140143632888794, 8690
13.147145986557007, 8689
13.189162492752075, 8688
13.207354307174683, 8687
13.209407567977905, 8686
13.209407567977905, 8685
13.229650735855103, 8684
13.237767696380615, 8683
13.270219802856445, 8682
13.531407356262207, 8681
13.553757190704346, 8680
13.584112167358398, 8679
13.592169284820557, 8678
13.59423017501831, 8677
13.59423017501831, 8676
13.59423017501831, 8675
13.622551441192627, 8674
13.642845392227173, 8673
13.655031681060791, 8672
13.655031681060791, 8671
13.67107892036438, 8670
13.676077365875244, 8669
13.697705745697021, 8668
13.716489553451538, 8667
13.746845483779907, 8666
13.746845483779907, 8665
13.777273416519165, 8664
13.797466516494751, 8663
13.797466516494751, 8662
13.797466516494751, 8661
13.807595014572144, 8660
13.81770944595337, 8659
13.81770944595337, 8658
13.81770944595337, 8657
13.827816486358643, 8656
13.827816486358643, 8655
13.835902214050293, 8654
13.837957859039307, 8653
13.837957859039307, 8652
13.84806752204895, 8651
13.84806752204895, 8650
13.88858675956726, 8649
13.898747682571411, 8648
13.906804323196411, 8647
13.90885877609253, 8646
13.969623804092407, 8645
14.010159015655518, 8644
14.010159015655518, 8643
14.020281553268433, 8642
14.028335571289062, 8641
14.030390739440918, 8640
14.050701379776001, 8639
14.058809995651245, 8638
14.060867547988892, 8637
14.068922519683838, 8636
14.121582269668579, 8635
14.131692886352539, 8634
14.14186143875122, 8633
14.14186143875122, 8632
14.149917602539062, 8631
14.325055122375488, 8630
14.355412483215332, 8629
14.365522146224976, 8628
14.365522146224976, 8627
14.373646974563599, 8626
14.375704526901245, 8625
14.404030561447144, 8624
14.416216850280762, 8623
14.416216850280762, 8622
14.436461448669434, 8621
14.444526672363281, 8620
14.456725835800171, 8619
14.50739073753357, 8618
14.517561912536621, 8617
14.517561912536621, 8616
14.517561912536621, 8615
14.517561912536621, 8614
14.527686595916748, 8613
14.527686595916748, 8612
14.545881748199463, 8611
14.578336954116821, 8610
14.608694314956665, 8609
14.608694314956665, 8608
14.618820190429688, 8607
14.636999130249023, 8606
14.639053583145142, 8605
14.649181127548218, 8604
14.668994903564453, 8603
14.678997039794922, 8602
14.68822431564331, 8601
14.720053911209106, 8600
14.732052564620972, 8599
14.749398231506348, 8598
14.76155948638916, 8597
14.771684646606445, 8596
14.830411434173584, 8595
14.842573881149292, 8594
14.852708101272583, 8593
14.852708101272583, 8592
14.862826824188232, 8591
14.891100645065308, 8590
14.893616199493408, 8589
14.924013614654541, 8588
14.924013614654541, 8587
14.9341299533844, 8586
14.944246292114258, 8585
14.944246292114258, 8584
14.95230770111084, 8583
14.95230770111084, 8582
14.964471817016602, 8581
14.964471817016602, 8580
14.974601984024048, 8579
14.984711408615112, 8578
15.004992246627808, 8577
15.04348111152649, 8576
15.045534133911133, 8575
15.05567741394043, 8574
15.06580376625061, 8573
15.06580376625061, 8572
15.06580376625061, 8571
15.083991289138794, 8570
15.086044073104858, 8569
15.116447925567627, 8568
15.126578330993652, 8567
15.134639501571655, 8566
15.156931638717651, 8565
15.17577052116394, 8564
15.183810949325562, 8563
15.18580675125122, 8562
15.218072652816772, 8561
15.24847149848938, 8560
15.277031660079956, 8559
15.280588865280151, 8558
15.28921127319336, 8557
15.299323558807373, 8556
15.307399034500122, 8555
15.319640398025513, 8554
15.32974886894226, 8553
15.34998631477356, 8552
15.360099077224731, 8551
15.428948879241943, 8550
15.428948879241943, 8549
15.43906855583191, 8548
15.451245546340942, 8547
15.45932149887085, 8546
15.489711046218872, 8545
15.502314329147339, 8544
15.502314329147339, 8543
15.520567417144775, 8542
15.65222430229187, 8541
15.674679279327393, 8540
15.705351829528809, 8539
15.723584651947021, 8538
15.723584651947021, 8537
15.735759019851685, 8536
15.735759019851685, 8535
15.755993366241455, 8534
15.774167776107788, 8533
15.79909610748291, 8532
15.809095621109009, 8531
15.815359115600586, 8530
15.837661266326904, 8529
15.886213779449463, 8528
15.89839506149292, 8527
15.928784132003784, 8526
15.936911344528198, 8525
15.938969612121582, 8524
15.938969612121582, 8523
15.938969612121582, 8522
15.947029113769531, 8521
15.949084758758545, 8520
15.969352960586548, 8519
15.979497194290161, 8518
15.989620923995972, 8517
15.999747276306152, 8516
15.999747276306152, 8515
15.999747276306152, 8514
16.009856700897217, 8513
16.020015001296997, 8512
16.03014349937439, 8511
16.03826332092285, 8510
16.040321826934814, 8509
16.05043625831604, 8508
16.06062078475952, 8507
16.06062078475952, 8506
16.090997457504272, 8505
16.090997457504272, 8504
16.123795986175537, 8503
16.144094705581665, 8502
16.154203414916992, 8501
16.164538145065308, 8500
16.172592401504517, 8499
16.22556757926941, 8498
16.274143934249878, 8497
16.27619481086731, 8496
16.28425168991089, 8495
16.286309003829956, 8494
16.314618349075317, 8493
16.315123796463013, 8492
16.32116198539734, 8491
16.347023963928223, 8490
16.367321014404297, 8489
16.377427577972412, 8488
16.387590169906616, 8487
16.4179949760437, 8486
16.426068544387817, 8485
16.435508728027344, 8484
16.448161602020264, 8483
16.456220865249634, 8482
16.4785635471344, 8481
16.519054412841797, 8480
16.52917170524597, 8479
16.52917170524597, 8478
16.53937029838562, 8477
16.549498558044434, 8476
16.557581901550293, 8475
16.567707777023315, 8474
16.579941272735596, 8473
16.58799982070923, 8472
16.590057134628296, 8471
16.590057134628296, 8470
16.618349313735962, 8469
16.648694038391113, 8468
16.669687509536743, 8467
16.67868709564209, 8466
16.68073010444641, 8465
16.688804626464844, 8464
16.690860509872437, 8463
16.698943614959717, 8462
16.711114645004272, 8461
16.711114645004272, 8460
16.721247673034668, 8459
16.75201964378357, 8458
16.760077714920044, 8457
16.800593852996826, 8456
16.81276559829712, 8455
16.820834398269653, 8454
16.82288956642151, 8453
16.84256148338318, 8452
16.876380920410156, 8451
16.904486894607544, 8450
16.904486894607544, 8449
16.924722909927368, 8448
16.924722909927368, 8447
16.95304822921753, 8446
16.985465049743652, 8445
16.985465049743652, 8444
16.995579481124878, 8443
16.995579481124878, 8442
17.015871286392212, 8441
17.02598237991333, 8440
17.054373264312744, 8439
17.07668948173523, 8438
17.147598266601562, 8437
17.161278009414673, 8436
17.16227626800537, 8435
17.164278507232666, 8434
17.167280435562134, 8433
17.168278217315674, 8432
17.16927671432495, 8431
17.171277284622192, 8430
17.172278881072998, 8429
17.173277616500854, 8428
17.18666124343872, 8427
17.19882559776306, 8426
17.229318141937256, 8425
17.229318141937256, 8424
17.25764560699463, 8423
17.25764560699463, 8422
17.259711980819702, 8421
17.27998685836792, 8420
17.29012680053711, 8419
17.298208713531494, 8418
17.30027413368225, 8417
17.330706119537354, 8416
17.340864658355713, 8415
17.351001977920532, 8414
17.36149525642395, 8413
17.36149525642395, 8412
17.394273042678833, 8411
17.401273250579834, 8410
17.405272245407104, 8409
17.408272981643677, 8408
17.40927267074585, 8407
17.4102725982666, 8406
17.42253565788269, 8405
17.453001499176025, 8404
17.46313500404358, 8403
17.46313500404358, 8402
17.471224308013916, 8401
17.47329044342041, 8400
17.5219509601593, 8399
17.561533212661743, 8398
17.562549114227295, 8397
17.574946403503418, 8396
17.574946403503418, 8395
17.625596046447754, 8394
17.6458957195282, 8393
17.6458957195282, 8392
17.687532424926758, 8391
17.71491837501526, 8390
17.74736452102661, 8389
17.76766347885132, 8388
17.76766347885132, 8387
17.77782392501831, 8386
17.78796100616455, 8385
18.06236243247986, 8384
18.072525024414062, 8383
18.072525024414062, 8382
18.100857734680176, 8381
18.11304235458374, 8380
18.1211154460907, 8379
18.123181343078613, 8378
18.13127040863037, 8377
18.133343935012817, 8376
18.133343935012817, 8375
18.151510000228882, 8374
18.151510000228882, 8373
18.15357518196106, 8372
18.15357518196106, 8371
18.2754065990448, 8370
18.293630599975586, 8369
18.295696020126343, 8368
18.305827617645264, 8367
18.31593418121338, 8366
18.31593418121338, 8365
18.32607364654541, 8364
18.32607364654541, 8363
18.36657738685608, 8362
18.397019863128662, 8361
18.427387475967407, 8360
18.427387475967407, 8359
18.443904399871826, 8358
18.446906089782715, 8357
18.456904649734497, 8356
18.498620748519897, 8355
18.518919229507446, 8354
18.53921103477478, 8353
18.54934859275818, 8352
18.559489727020264, 8351
18.569626808166504, 8350
18.569626808166504, 8349
18.588234901428223, 8348
18.59029769897461, 8347
18.608720064163208, 8346
18.631068468093872, 8345
18.631068468093872, 8344
18.641221523284912, 8343
18.651357173919678, 8342
18.677937746047974, 8341
18.682339668273926, 8340
18.702627897262573, 8339
18.743096590042114, 8338
18.743096590042114, 8337
18.753212690353394, 8336
18.77345371246338, 8335
18.80384397506714, 8334
18.824119806289673, 8333
18.83217692375183, 8332
18.86469030380249, 8331
18.86469030380249, 8330
18.884936332702637, 8329
18.884936332702637, 8328
18.892996549606323, 8327
18.895049810409546, 8326
18.915334701538086, 8325
18.9456946849823, 8324
18.9456946849823, 8323
18.95375084877014, 8322
18.955803871154785, 8321
18.955803871154785, 8320
18.967392683029175, 8319
19.007022380828857, 8318
19.017176151275635, 8317
19.027311325073242, 8316
19.027311325073242, 8315
19.027311325073242, 8314
19.06781840324402, 8313
19.086023569107056, 8312
19.088090181350708, 8311
19.1083345413208, 8310
19.126574993133545, 8309
19.128641843795776, 8308
19.128641843795776, 8307
19.128641843795776, 8306
19.148910760879517, 8305
19.160630226135254, 8304
19.192156553268433, 8303
19.202273845672607, 8302
19.222567081451416, 8301
19.25292205810547, 8300
19.26306653022766, 8299
19.26306653022766, 8298
19.273216247558594, 8297
19.291279792785645, 8296
19.291279792785645, 8295
19.32254409790039, 8294
19.32254409790039, 8293
19.338176012039185, 8292
19.338176012039185, 8291
19.393693685531616, 8290
19.393693685531616, 8289
19.393693685531616, 8288
19.444388151168823, 8287
19.464664697647095, 8286
19.507391452789307, 8285
19.508391857147217, 8284
19.533690929412842, 8283
19.535744667053223, 8282
19.535744667053223, 8281
19.56615400314331, 8280
19.57630205154419, 8279
19.60668134689331, 8278
19.616819858551025, 8277
19.62693953514099, 8276
19.63705325126648, 8275
19.65737748146057, 8274
19.67600107192993, 8273
19.677005290985107, 8272
19.678003072738647, 8271
19.68200373649597, 8270
19.696123838424683, 8269
19.698201656341553, 8268
19.698201656341553, 8267
19.718512058258057, 8266
19.738797664642334, 8265
19.759113788604736, 8264
19.767186403274536, 8263
19.76925230026245, 8262
19.78954243659973, 8261
19.818257808685303, 8260
19.8304603099823, 8259
19.838549852371216, 8258
19.848695278167725, 8257
19.85076117515564, 8256
19.942049980163574, 8255
19.95218849182129, 8254
19.962350606918335, 8253
19.98258900642395, 8252
20.013012409210205, 8251
20.013012409210205, 8250
20.013012409210205, 8249
20.042538166046143, 8248
20.04606318473816, 8247
20.061813592910767, 8246
20.07196569442749, 8245
20.10233163833618, 8244
20.134814977645874, 8243
20.134814977645874, 8242
20.142903804779053, 8241
20.169658422470093, 8240
20.17265820503235, 8239
20.180657863616943, 8238
20.180657863616943, 8237
20.226279258728027, 8236
20.23650097846985, 8235
20.23650097846985, 8234
20.266878604888916, 8233
20.419212818145752, 8232
20.419212818145752, 8231
20.4677574634552, 8230
20.5389666557312, 8229
20.58192467689514, 8228
20.58192467689514, 8227
20.61236262321472, 8226
20.63261318206787, 8225
20.63261318206787, 8224
20.663095235824585, 8223
20.703893184661865, 8222
20.724177360534668, 8221
20.74447464942932, 8220
20.74447464942932, 8219
20.754632711410522, 8218
20.754632711410522, 8217
20.764771461486816, 8216
20.774926900863647, 8215
20.774926900863647, 8214
20.774926900863647, 8213
20.782994270324707, 8212
20.815499305725098, 8211
20.835734605789185, 8210
20.86611247062683, 8209
20.86611247062683, 8208
20.88639760017395, 8207
20.945072412490845, 8206
20.967493534088135, 8205
21.069175004959106, 8204
21.100029945373535, 8203
21.12840175628662, 8202
21.140629529953003, 8201
21.150766611099243, 8200
21.150766611099243, 8199
21.16131854057312, 8198
21.162318468093872, 8197
21.171318292617798, 8196
21.175318717956543, 8195
21.191884756088257, 8194
21.19996976852417, 8193
21.212165355682373, 8192
21.212165355682373, 8191
21.252726793289185, 8190
21.272947072982788, 8189
21.30338978767395, 8188
21.323633193969727, 8187
21.331702947616577, 8186
21.343910455703735, 8185
21.343910455703735, 8184
21.343910455703735, 8183
21.35404896736145, 8182
21.364149570465088, 8181
21.394527912139893, 8180
21.43506121635437, 8179
21.43506121635437, 8178
21.465489864349365, 8177
21.475624084472656, 8176
21.493852853775024, 8175
21.524229288101196, 8174
21.524229288101196, 8173
21.526308059692383, 8172
21.53644108772278, 8171
21.617810249328613, 8170
21.626810312271118, 8169
21.648701190948486, 8168
21.673495769500732, 8167
21.7098708152771, 8166
21.7098708152771, 8165
21.72005534172058, 8164
21.72005534172058, 8163
21.72005534172058, 8162
21.73825740814209, 8161
21.76861333847046, 8160
21.811158180236816, 8159
21.8415367603302, 8158
21.851656913757324, 8157
22.00329875946045, 8156
22.013458490371704, 8155
22.033714532852173, 8154
22.033714532852173, 8153
22.033714532852173, 8152
22.054012537002563, 8151
22.054012537002563, 8150
22.062066316604614, 8149
22.074241399765015, 8148
22.082298040390015, 8147
22.09451723098755, 8146
22.215994834899902, 8145
22.26498508453369, 8144
22.287273168563843, 8143
22.295402765274048, 8142
22.295402765274048, 8141
22.297470092773438, 8140
22.671708583831787, 8139
22.6727077960968, 8138
22.703072547912598, 8137
22.743579387664795, 8136
22.761818647384644, 8135
22.774033784866333, 8134
22.81447410583496, 8133
22.824613332748413, 8132
22.89599299430847, 8131
22.91416335105896, 8130
22.91623282432556, 8129
22.91623282432556, 8128
22.975067853927612, 8127
23.10919976234436, 8126
23.139991283416748, 8125
23.148013830184937, 8124
23.16457962989807, 8123
23.1906898021698, 8122
23.20441460609436, 8121
23.207415103912354, 8120
23.232418298721313, 8119
23.271697998046875, 8118
23.302120208740234, 8117
23.34259533882141, 8116
23.35273003578186, 8115
23.35273003578186, 8114
23.362845182418823, 8113
23.362845182418823, 8112
23.391141653060913, 8111
23.413533210754395, 8110
23.423661708831787, 8109
23.423661708831787, 8108
23.433791160583496, 8107
23.46414279937744, 8106
23.47219705581665, 8105
23.76890516281128, 8104
23.809391260147095, 8103
23.847843885421753, 8102
23.847843885421753, 8101
23.910658359527588, 8100
23.92084288597107, 8099
23.941048622131348, 8098
23.95923089981079, 8097
23.979461193084717, 8096
23.981515407562256, 8095
23.981515407562256, 8094
23.989569425582886, 8093
23.99162530899048, 8092
24.030105590820312, 8091
24.062523126602173, 8090
24.100898027420044, 8089
24.135876893997192, 8088
24.135876893997192, 8087
24.135876893997192, 8086
24.179718732833862, 8085
24.225370407104492, 8084
24.227422952651978, 8083
24.259260177612305, 8082
24.2783260345459, 8081
24.28844118118286, 8080
24.316784858703613, 8079
24.32895255088806, 8078
24.42814350128174, 8077
24.43019676208496, 8076
24.45050072669983, 8075
24.45856761932373, 8074
24.460621118545532, 8073
24.51926302909851, 8072
24.551729202270508, 8071
24.602354764938354, 8070
24.612468957901, 8069
24.86652421951294, 8068
24.937336921691895, 8067
24.94748830795288, 8066
24.998027324676514, 8065
24.998027324676514, 8064
25.026331424713135, 8063
25.06891655921936, 8062
25.18463158607483, 8061
25.186631202697754, 8060
25.26161026954651, 8059
25.312685012817383, 8058
25.332401990890503, 8057
25.391876935958862, 8056
25.404083967208862, 8055
25.432393550872803, 8054
25.434446811676025, 8053
25.44250249862671, 8052
25.464808225631714, 8051
25.513381958007812, 8050
25.60667395591736, 8049
25.61678457260132, 8048
25.61678457260132, 8047
25.62694215774536, 8046
25.64719271659851, 8045
25.657310485839844, 8044
25.695768117904663, 8043
25.71805739402771, 8042
25.738327741622925, 8041
25.74845004081726, 8040
25.807249784469604, 8039
25.809316873550415, 8038
25.809316873550415, 8037
25.829541444778442, 8036
25.880602598190308, 8035
25.911027669906616, 8034
25.931666612625122, 8033
25.931666612625122, 8032
25.99242091178894, 8031
26.002610683441162, 8030
26.030950784683228, 8029
26.05120301246643, 8028
26.061320543289185, 8027
26.063388109207153, 8026
26.08365559577942, 8025
26.18527841567993, 8024
26.215576648712158, 8023
26.256069898605347, 8022
26.27629327774048, 8021
26.314769506454468, 8020
26.316827297210693, 8019
26.337052822113037, 8018
26.367457628250122, 8017
26.41846466064453, 8016
26.426520586013794, 8015
26.42857551574707, 8014
26.489290714263916, 8013
26.499444723129272, 8012
26.520886659622192, 8011
26.520886659622192, 8010
26.600215196609497, 8009
26.612377405166626, 8008
26.652992486953735, 8007
26.71215510368347, 8006
26.75477623939514, 8005
26.77505588531494, 8004
26.795345306396484, 8003
26.81357192993164, 8002
26.815637826919556, 8001
26.825774431228638, 8000
26.896766662597656, 7999
26.960741758346558, 7998
26.98910427093506, 7997
27.09034752845764, 7996
27.11064887046814, 7995
27.13090682029724, 7994
27.165002822875977, 7993
27.166003227233887, 7992
27.212359189987183, 7991
27.212359189987183, 7990
27.230589866638184, 7989
27.232642889022827, 7988
27.242784023284912, 7987
27.313655376434326, 7986
27.382076740264893, 7985
27.413346529006958, 7984
27.413346529006958, 7983
27.413346529006958, 7982
27.484245777130127, 7981
27.484245777130127, 7980
27.534892082214355, 7979
27.545026302337646, 7978
27.57536220550537, 7977
27.585498809814453, 7976
27.59567403793335, 7975
27.66450786590576, 7974
27.707974433898926, 7973
28.042925596237183, 7972
28.053064107894897, 7971
28.053064107894897, 7970
28.063199996948242, 7969
28.071273803710938, 7968
28.144216775894165, 7967
28.144216775894165, 7966
28.179200172424316, 7965
28.215494394302368, 7964
28.235738515853882, 7963
28.294432401657104, 7962
28.294432401657104, 7961
28.395638942718506, 7960
28.400156497955322, 7959
28.40821146965027, 7958
28.4406898021698, 7957
28.45887041091919, 7956
28.46092677116394, 7955
28.512925148010254, 7954
28.52392268180847, 7953
28.540006399154663, 7952
28.540006399154663, 7951
28.542062520980835, 7950
28.62110710144043, 7949
28.641402006149292, 7948
28.653591871261597, 7947
28.694473266601562, 7946
28.745314836502075, 7945
28.745314836502075, 7944
28.755422592163086, 7943
28.775659561157227, 7942
28.826238870620728, 7941
28.87688899040222, 7940
28.884965658187866, 7939
28.8870210647583, 7938
28.907281637191772, 7937
28.907281637191772, 7936
28.947789192199707, 7935
28.976090669631958, 7934
28.998384475708008, 7933
29.01902437210083, 7932
29.045897722244263, 7931
29.047906637191772, 7930
29.05089807510376, 7929
29.120868682861328, 7928
29.18590784072876, 7927
29.193871021270752, 7926
29.232571840286255, 7925
29.273110151290894, 7924
29.30348229408264, 7923
29.404767513275146, 7922
29.412824630737305, 7921
29.41488027572632, 7920
29.44524121284485, 7919
29.51400327682495, 7918
29.546417236328125, 7917
29.57917046546936, 7916
29.580167293548584, 7915
29.582172632217407, 7914
30.03351140022278, 7913
30.05378222465515, 7912
30.112836122512817, 7911
30.168019771575928, 7910
30.184020042419434, 7909
30.24666738510132, 7908
30.24666738510132, 7907
30.307109832763672, 7906
30.32907509803772, 7905
30.450115203857422, 7904
30.4521164894104, 7903
30.885076761245728, 7902
30.90807795524597, 7901
30.916077375411987, 7900
30.916077375411987, 7899
30.925076961517334, 7898
30.926079511642456, 7897
30.935077905654907, 7896
30.94107747077942, 7895
30.952077865600586, 7894
30.969078302383423, 7893
30.981077909469604, 7892
31.012078046798706, 7891
31.11207675933838, 7890
31.18607807159424, 7889
31.26811456680298, 7888
31.34111714363098, 7887
31.47856378555298, 7886
31.52356457710266, 7885
31.5555636882782, 7884
31.86256456375122, 7883
31.893567323684692, 7882
31.89556074142456, 7881
31.96956467628479, 7880
32.0151424407959, 7879
32.016146421432495, 7878
32.06414246559143, 7877
32.085142850875854, 7876
32.16114401817322, 7875
32.192142486572266, 7874
32.214139223098755, 7873
32.26514506340027, 7872
32.465142250061035, 7871
32.46615529060364, 7870
32.501142501831055, 7869
32.61514472961426, 7868
32.66114926338196, 7867
32.809245109558105, 7866
32.88623070716858, 7865
32.89123249053955, 7864
32.93023228645325, 7863
32.988232374191284, 7862
33.0802321434021, 7861
33.09623098373413, 7860
33.18873691558838, 7859
33.18976926803589, 7858
33.201733350753784, 7857
33.218772649765015, 7856
33.245771408081055, 7855
33.26077628135681, 7854
33.33677387237549, 7853
33.36177158355713, 7852
33.425771713256836, 7851
33.44877243041992, 7850
33.533772468566895, 7849
33.65177369117737, 7848
33.65777230262756, 7847
33.759775161743164, 7846
33.78178119659424, 7845
33.78577184677124, 7844
33.79477262496948, 7843
33.84677171707153, 7842
33.86177611351013, 7841
33.897773027420044, 7840
33.90377187728882, 7839
33.92977261543274, 7838
33.98977327346802, 7837
34.037769079208374, 7836
34.05377149581909, 7835
34.10777163505554, 7834
34.74482297897339, 7833
34.77982544898987, 7832
34.806822776794434, 7831
34.84782433509827, 7830
34.9137864112854, 7829
34.952823638916016, 7828
35.01082515716553, 7827
35.0658221244812, 7826
35.17982316017151, 7825
35.19582533836365, 7824
35.20482325553894, 7823
35.263824701309204, 7822
35.34582233428955, 7821
35.413822174072266, 7820
35.419825077056885, 7819
35.48778414726257, 7818
35.60370659828186, 7817
35.61870741844177, 7816
35.66471338272095, 7815
35.73670530319214, 7814
35.740705251693726, 7813
35.816789627075195, 7812
35.9817852973938, 7811
35.99378561973572, 7810
36.04278612136841, 7809
36.047784090042114, 7808
36.065784215927124, 7807
36.12778329849243, 7806
36.19378447532654, 7805
36.19378447532654, 7804
36.204784870147705, 7803
36.24278259277344, 7802
36.68878746032715, 7801
36.73078393936157, 7800
36.78078365325928, 7799
36.82179617881775, 7798
36.83978486061096, 7797
36.90078592300415, 7796
36.90078592300415, 7795
36.985785245895386, 7794
37.07278752326965, 7793
37.11678671836853, 7792
37.193785429000854, 7791
37.216787576675415, 7790
37.24078392982483, 7789
37.2527871131897, 7788
37.33178520202637, 7787
37.40578508377075, 7786
37.58678126335144, 7785
37.64978337287903, 7784
37.65678381919861, 7783
37.69578528404236, 7782
37.7877836227417, 7781
37.9457950592041, 7780
37.97278547286987, 7779
37.984787940979004, 7778
38.04478406906128, 7777
38.090784549713135, 7776
38.10978388786316, 7775
38.32278084754944, 7774
38.4117865562439, 7773
38.41478514671326, 7772
38.43678665161133, 7771
38.544368267059326, 7770
38.55336856842041, 7769
38.60336947441101, 7768
38.605369567871094, 7767
38.61336922645569, 7766
38.62136960029602, 7765
38.74037194252014, 7764
38.9023654460907, 7763
38.92737102508545, 7762
39.085368156433105, 7761
39.13336992263794, 7760
39.170368909835815, 7759
39.19736981391907, 7758
39.25837063789368, 7757
39.308332681655884, 7756
39.37633180618286, 7755
39.414331912994385, 7754
39.44033193588257, 7753
39.4633309841156, 7752
39.51133179664612, 7751
39.539331912994385, 7750
39.59733176231384, 7749
39.640331745147705, 7748
39.95533084869385, 7747
39.95733094215393, 7746
39.98133134841919, 7745
40.019330978393555, 7744
40.03933072090149, 7743
40.080331802368164, 7742
40.104331493377686, 7741
40.11533164978027, 7740
40.149330854415894, 7739
40.163331031799316, 7738
40.266331911087036, 7737
40.49633169174194, 7736
40.89933133125305, 7735
40.913331747055054, 7734
41.555330753326416, 7733
41.63633155822754, 7732
42.22395205497742, 7731
42.30595254898071, 7730
42.473952531814575, 7729
42.49395155906677, 7728
42.513952016830444, 7727
42.56195259094238, 7726
42.579951763153076, 7725
42.6079523563385, 7724
42.65495276451111, 7723
42.67295289039612, 7722
42.81095290184021, 7721
42.88895225524902, 7720
42.932952642440796, 7719
42.95295262336731, 7718
42.95295262336731, 7717
43.171952962875366, 7716
43.223952293395996, 7715
43.23495268821716, 7714
43.290953397750854, 7713
43.29195308685303, 7712
43.31495261192322, 7711
43.34495306015015, 7710
43.35995268821716, 7709
43.37695288658142, 7708
43.46895170211792, 7707
43.5605742931366, 7706
43.58957481384277, 7705
44.08761143684387, 7704
44.25061368942261, 7703
44.276620864868164, 7702
44.665608644485474, 7701
44.80662178993225, 7700
44.95657539367676, 7699
45.28561282157898, 7698
45.40061116218567, 7697
45.54361081123352, 7696
45.56860876083374, 7695
45.66261315345764, 7694
46.036611557006836, 7693
46.18561148643494, 7692
46.24261140823364, 7691
46.332610845565796, 7690
46.50761079788208, 7689
46.521621227264404, 7688
46.62961196899414, 7687
46.724610805511475, 7686
46.86961126327515, 7685
46.987611055374146, 7684
47.17120361328125, 7683
47.43920612335205, 7682
47.530205965042114, 7681
47.61516737937927, 7680
47.6482048034668, 7679
47.69120407104492, 7678
47.80120491981506, 7677
47.95920515060425, 7676
47.97816729545593, 7675
48.181167125701904, 7674
48.377214431762695, 7673
48.611111879348755, 7672
48.724117279052734, 7671
49.0861120223999, 7670
49.35170292854309, 7669
49.384714126586914, 7668
49.46370220184326, 7667
49.73866605758667, 7666
49.73970174789429, 7665
49.7427031993866, 7664
49.818703413009644, 7663
49.93871474266052, 7662
50.04470348358154, 7661
50.04670286178589, 7660
50.173702239990234, 7659
50.38070225715637, 7658
50.428704023361206, 7657
50.757808446884155, 7656
50.76080846786499, 7655
50.798808574676514, 7654
51.67692804336548, 7653
51.742964029312134, 7652
51.753963470458984, 7651
51.859962463378906, 7650
51.953962564468384, 7649
51.98496437072754, 7648
52.21647238731384, 7647
52.26747393608093, 7646
52.39147663116455, 7645
52.41447424888611, 7644
52.454479694366455, 7643
52.49246835708618, 7642
52.745471715927124, 7641
52.805474042892456, 7640
53.008471965789795, 7639
53.067471742630005, 7638
53.110471963882446, 7637
53.32547116279602, 7636
53.548474073410034, 7635
53.574471950531006, 7634
54.018473386764526, 7633
54.05247211456299, 7632
54.318055868148804, 7631
54.38205623626709, 7630
54.41405725479126, 7629
54.67905616760254, 7628
54.81205630302429, 7627
54.866055965423584, 7626
54.885056257247925, 7625
55.054057121276855, 7624
55.37205648422241, 7623
55.86405611038208, 7622
55.90705609321594, 7621
56.19305682182312, 7620
56.20905685424805, 7619
56.37705659866333, 7618
56.629055976867676, 7617
56.938153982162476, 7616
56.97715425491333, 7615
57.74824810028076, 7614
57.91524815559387, 7613
57.92024827003479, 7612
57.93124842643738, 7611
57.96124839782715, 7610
57.99924850463867, 7609
58.973299741744995, 7608
59.074299573898315, 7607
59.335299491882324, 7606
59.3572998046875, 7605
59.600300312042236, 7604
60.19233989715576, 7603
60.255346059799194, 7602
60.57366466522217, 7601
60.575719118118286, 7600
60.58626317977905, 7599
61.3977255821228, 7598
62.33117747306824, 7597
62.49383568763733, 7596
63.02110242843628, 7595
63.39656066894531, 7594
63.75985026359558, 7593
64.42961001396179, 7592
64.83759999275208, 7591
65.29634046554565, 7590
65.45842337608337, 7589
65.51529169082642, 7588
65.57083010673523, 7587
65.9158627986908, 7586
66.0884439945221, 7585
66.1503255367279, 7584
66.17031741142273, 7583
66.19735836982727, 7582
66.29155993461609, 7581
66.33209013938904, 7580
66.41308546066284, 7579
66.79900050163269, 7578
67.15334606170654, 7577
67.22550630569458, 7576
67.55007696151733, 7575
67.79359245300293, 7574
67.9130539894104, 7573
68.40429997444153, 7572
69.23627519607544, 7571
69.29698014259338, 7570
69.32259631156921, 7569
69.64151453971863, 7568
69.70058369636536, 7567
69.89403080940247, 7566
70.0277373790741, 7565
70.6737220287323, 7564
70.77786540985107, 7563
71.1662449836731, 7562
71.45016980171204, 7561
71.52011227607727, 7560
71.71299147605896, 7559
71.90530562400818, 7558
71.98154878616333, 7557
72.25374412536621, 7556
72.42229628562927, 7555
72.64575290679932, 7554
72.84690809249878, 7553
73.28486323356628, 7552
73.45163297653198, 7551
74.67782187461853, 7550
74.73029470443726, 7549
74.84178590774536, 7548
75.01191115379333, 7547
75.04433274269104, 7546
76.36134672164917, 7545
76.83025074005127, 7544
76.85052347183228, 7543
77.02260327339172, 7542
77.02260327339172, 7541
78.09830617904663, 7540
78.29915285110474, 7539
78.30120968818665, 7538
78.52423620223999, 7537
78.54490947723389, 7536
78.70801520347595, 7535
78.82789468765259, 7534
78.86800193786621, 7533
79.18521428108215, 7532
79.77416682243347, 7531
79.91974401473999, 7530
80.02820134162903, 7529
80.18643736839294, 7528
81.71187376976013, 7527
81.98544502258301, 7526
82.36122632026672, 7525
82.36122632026672, 7524
82.60488438606262, 7523
83.2831757068634, 7522
83.67664861679077, 7521
83.71089506149292, 7520
83.93209552764893, 7519
83.93422150611877, 7518
84.11449551582336, 7517
84.14734172821045, 7516
84.57171583175659, 7515
85.49407410621643, 7514
85.75913214683533, 7513
85.7786328792572, 7512
86.09301161766052, 7511
86.12341403961182, 7510
86.24510669708252, 7509
86.29654908180237, 7508
86.48661375045776, 7507
86.58990240097046, 7506
86.71170902252197, 7505
86.864328622818, 7504
87.17777466773987, 7503
87.17877578735352, 7502
87.33165740966797, 7501
87.46380758285522, 7500
88.19605302810669, 7499
89.89019203186035, 7498
90.91462707519531, 7497
91.43163394927979, 7496
92.03040552139282, 7495
92.76945424079895, 7494
93.26969194412231, 7493
93.64153122901917, 7492
93.8317813873291, 7491
94.06774139404297, 7490
94.10830616950989, 7489
94.29183673858643, 7488
94.43356490135193, 7487
94.63607811927795, 7486
94.65631341934204, 7485
94.65631341934204, 7484
94.87182211875916, 7483
94.97306370735168, 7482
95.03400444984436, 7481
95.39724445343018, 7480
96.39365983009338, 7479
97.57120871543884, 7478
97.83510613441467, 7477
98.53399515151978, 7476
98.74973654747009, 7475
99.18004536628723, 7474
99.19204783439636, 7473
100.86959958076477, 7472
101.06238198280334, 7471
101.40757083892822, 7470
102.46397519111633, 7469
103.48636651039124, 7468
103.71156120300293, 7467
103.86159420013428, 7466
104.09700417518616, 7465
104.1375424861908, 7464
104.97994995117188, 7463
105.12175488471985, 7462
105.56811499595642, 7461
106.03490018844604, 7460
106.41469311714172, 7459
106.73616003990173, 7458
106.97941613197327, 7457
107.47997331619263, 7456
108.59071850776672, 7455
108.95825147628784, 7454
109.33374166488647, 7453
110.08348965644836, 7452
110.35844945907593, 7451
111.08650827407837, 7450
111.59344911575317, 7449
111.65635919570923, 7448
111.94048285484314, 7447
111.99149346351624, 7446
112.51886582374573, 7445
114.66004586219788, 7444
116.09407687187195, 7443
116.66346168518066, 7442
116.87700486183167, 7441
117.33337020874023, 7440
117.4326524734497, 7439
118.22528886795044, 7438
120.23267102241516, 7437
120.28329014778137, 7436
121.46067190170288, 7435
122.43658375740051, 7434
122.51762437820435, 7433
123.08637619018555, 7432
123.68650484085083, 7431
124.96240568161011, 7430
127.03296947479248, 7429
127.1446897983551, 7428
128.4747931957245, 7427
128.54609632492065, 7426
128.54609632492065, 7425
128.92133808135986, 7424
129.7424578666687, 7423
131.08488965034485, 7422
131.3709180355072, 7421
132.15073680877686, 7420
133.87654161453247, 7419
135.31503987312317, 7418
135.7832796573639, 7417
137.73262119293213, 7416
139.38367700576782, 7415
141.32761120796204, 7414
141.8855640888214, 7413
142.20839428901672, 7412
143.25609254837036, 7411
144.29986906051636, 7410
144.79665160179138, 7409
145.57744097709656, 7408
145.7918393611908, 7407
148.01931405067444, 7406
149.7236249446869, 7405
150.22949290275574, 7404
150.24972462654114, 7403
153.86768198013306, 7402
154.56741523742676, 7401
158.37885069847107, 7400
158.92225170135498, 7399
159.69617462158203, 7398
161.26751708984375, 7397
164.47751474380493, 7396
164.51805901527405, 7395
164.51805901527405, 7394
167.57901644706726, 7393
169.41578841209412, 7392
174.4991331100464, 7391
176.13190627098083, 7390
177.74357342720032, 7389
180.36072182655334, 7388
180.5024790763855, 7387
183.00110697746277, 7386
183.6308012008667, 7385
183.89428901672363, 7384
184.45356488227844, 7383
184.6765580177307, 7382
187.01859283447266, 7381
188.54710984230042, 7380
188.61001658439636, 7379
189.1068799495697, 7378
189.14738368988037, 7377
191.94108843803406, 7376
191.99170923233032, 7375
195.00621914863586, 7374
195.59239268302917, 7373
197.92918133735657, 7372
198.7433819770813, 7371
203.19856691360474, 7370
206.36371397972107, 7369
208.55975103378296, 7368
211.4503092765808, 7367
213.44058966636658, 7366
213.4665927886963, 7365
218.00660872459412, 7364
219.24612069129944, 7363
222.13791608810425, 7362
225.3421893119812, 7361
226.82695627212524, 7360
227.8729522228241, 7359
233.64994716644287, 7358
234.660893201828, 7357
234.70889163017273, 7356
235.0678906440735, 7355
237.08289504051208, 7354
239.58621430397034, 7353
241.35321497917175, 7352
242.12351179122925, 7351
242.50893998146057, 7350
243.44732475280762, 7349
246.27996802330017, 7348
250.7613513469696, 7347
251.51072764396667, 7346
253.68267822265625, 7345
257.04192781448364, 7344
257.89305877685547, 7343
258.1169424057007, 7342
258.71484422683716, 7341
260.7263722419739, 7340
261.3548550605774, 7339
262.55997037887573, 7338
262.8764579296112, 7337
266.020530462265, 7336
268.1405084133148, 7335
273.3688373565674, 7334
277.41238284111023, 7333
279.5158123970032, 7332
282.82915472984314, 7331
292.9151885509491, 7330
297.313720703125, 7329
306.214248418808, 7328
309.2170641422272, 7327
318.87100291252136, 7326
319.1141903400421, 7325
325.7630522251129, 7324
327.5196099281311, 7323
327.7427771091461, 7322
327.97566199302673, 7321
331.98709297180176, 7320
335.1130976676941, 7319
335.222403049469, 7318
336.8746645450592, 7317
345.4174976348877, 7316
357.75957894325256, 7315
358.96598267555237, 7314
359.5227258205414, 7313
368.82445216178894, 7312
369.7181897163391, 7311
372.77813625335693, 7310
374.4488844871521, 7309
376.04773473739624, 7308
381.3160545825958, 7307
382.23828315734863, 7306
390.5301513671875, 7305
391.1663570404053, 7304
395.0066924095154, 7303
410.6908800601959, 7302
412.78888034820557, 7301
417.19040751457214, 7300
427.07530403137207, 7299
427.11582946777344, 7298
431.946405172348, 7297
434.2470669746399, 7296
436.8344213962555, 7295
440.72293758392334, 7294
449.1373119354248, 7293
453.55592918395996, 7292
458.43468165397644, 7291
459.5075697898865, 7290
463.04563999176025, 7289
465.68079376220703, 7288
470.81045293807983, 7287
471.9063501358032, 7286
473.08080530166626, 7285
475.4224727153778, 7284
481.51737880706787, 7283
483.4254820346832, 7282
496.85078263282776, 7281
497.5808038711548, 7280
500.35150694847107, 7279
505.3578038215637, 7278
505.548109292984, 7277
506.22882199287415, 7276
511.2961869239807, 7275
512.6031301021576, 7274
515.8937332630157, 7273
529.4622900485992, 7272
540.3206112384796, 7271
544.6979207992554, 7270
558.3564889431, 7269
564.1624219417572, 7268
572.1598126888275, 7267
586.5077829360962, 7266
