0.17770719528198242, 11023
0.17976140975952148, 11022
0.17976140975952148, 11021
0.17976140975952148, 11020
0.17976140975952148, 11019
0.18788504600524902, 11018
0.18788504600524902, 11017
0.18994355201721191, 11016
0.18994355201721191, 11015
0.18994355201721191, 11014
0.18994355201721191, 11013
0.1979970932006836, 11012
0.20005059242248535, 11011
0.20005059242248535, 11010
0.20005059242248535, 11009
0.20005059242248535, 11008
0.21017861366271973, 11007
0.21017861366271973, 11006
0.2182314395904541, 11005
0.2182314395904541, 11004
0.2202897071838379, 11003
0.2202897071838379, 11002
0.2202897071838379, 11001
0.2202897071838379, 11000
0.2202897071838379, 10999
0.22835254669189453, 10998
0.2304089069366455, 10997
0.2304089069366455, 10996
0.2304089069366455, 10995
0.2304089069366455, 10994
0.23847436904907227, 10993
0.23847436904907227, 10992
0.24052858352661133, 10991
0.24052858352661133, 10990
0.24052858352661133, 10989
0.24052858352661133, 10988
0.24052858352661133, 10987
0.24052858352661133, 10986
0.25064849853515625, 10985
0.25064849853515625, 10984
0.25064849853515625, 10983
0.25064849853515625, 10982
0.25064849853515625, 10981
0.25869321823120117, 10980
0.2607574462890625, 10979
0.2607574462890625, 10978
0.2607574462890625, 10977
0.2607574462890625, 10976
0.2688474655151367, 10975
0.2709026336669922, 10974
0.2709026336669922, 10973
0.2709026336669922, 10972
0.2709026336669922, 10971
0.27895689010620117, 10970
0.27895689010620117, 10969
0.2810094356536865, 10968
0.2810094356536865, 10967
0.2810094356536865, 10966
0.2810094356536865, 10965
0.2891087532043457, 10964
0.2891087532043457, 10963
0.2911641597747803, 10962
0.2911641597747803, 10961
0.2911641597747803, 10960
0.2911641597747803, 10959
0.3012733459472656, 10958
0.3012733459472656, 10957
0.3012733459472656, 10956
0.3012733459472656, 10955
0.3012733459472656, 10954
0.3093540668487549, 10953
0.31140995025634766, 10952
0.31140995025634766, 10951
0.31140995025634766, 10950
0.31140995025634766, 10949
0.31140995025634766, 10948
0.31946539878845215, 10947
0.3215193748474121, 10946
0.3215193748474121, 10945
0.3215193748474121, 10944
0.3215193748474121, 10943
0.3215193748474121, 10942
0.32961583137512207, 10941
0.3323030471801758, 10940
0.3344264030456543, 10939
0.3365440368652344, 10938
0.3386566638946533, 10937
0.3439297676086426, 10936
0.3439297676086426, 10935
0.3439297676086426, 10934
0.35003662109375, 10933
0.35003662109375, 10932
0.3520934581756592, 10931
0.3622150421142578, 10930
0.3622150421142578, 10929
0.3622150421142578, 10928
0.37273693084716797, 10927
0.37273693084716797, 10926
0.3807504177093506, 10925
0.38077878952026367, 10924
0.3828568458557129, 10923
0.3828568458557129, 10922
0.3909893035888672, 10921
0.3909893035888672, 10920
0.3930504322052002, 10919
0.3930504322052002, 10918
0.3930504322052002, 10917
0.3930504322052002, 10916
0.40315914154052734, 10915
0.40315914154052734, 10914
0.40315914154052734, 10913
0.40315914154052734, 10912
0.41123509407043457, 10911
0.41329050064086914, 10910
0.41329050064086914, 10909
0.41329050064086914, 10908
0.41329050064086914, 10907
0.41329050064086914, 10906
0.4213540554046631, 10905
0.4213540554046631, 10904
0.42340707778930664, 10903
0.42340707778930664, 10902
0.42340707778930664, 10901
0.42340707778930664, 10900
0.43350934982299805, 10899
0.43350934982299805, 10898
0.43350934982299805, 10897
0.43350934982299805, 10896
0.43350934982299805, 10895
0.4415760040283203, 10894
0.4415760040283203, 10893
0.4415760040283203, 10892
0.4415760040283203, 10891
0.4415760040283203, 10890
0.4415760040283203, 10889
0.4415760040283203, 10888
0.4516470432281494, 10887
0.45371484756469727, 10886
0.45371484756469727, 10885
0.45371484756469727, 10884
0.45371484756469727, 10883
0.4617786407470703, 10882
0.4617786407470703, 10881
0.4638402462005615, 10880
0.4638402462005615, 10879
0.4638402462005615, 10878
0.4638402462005615, 10877
0.4638402462005615, 10876
0.471909761428833, 10875
0.471909761428833, 10874
0.47397327423095703, 10873
0.47397327423095703, 10872
0.47397327423095703, 10871
0.47397327423095703, 10870
0.48203086853027344, 10869
0.4841740131378174, 10868
0.4841740131378174, 10867
0.4841740131378174, 10866
0.4841740131378174, 10865
0.49227452278137207, 10864
0.494417667388916, 10863
0.494417667388916, 10862
0.5025584697723389, 10861
0.5047047138214111, 10860
0.5047047138214111, 10859
0.5047047138214111, 10858
0.5047047138214111, 10857
0.5148403644561768, 10856
0.5149369239807129, 10855
0.5149369239807129, 10854
0.5230822563171387, 10853
0.5230822563171387, 10852
0.5252232551574707, 10851
0.5252232551574707, 10850
0.5252232551574707, 10849
0.533308744430542, 10848
0.5354526042938232, 10847
0.5354526042938232, 10846
0.5354526042938232, 10845
0.5354526042938232, 10844
0.5354526042938232, 10843
0.5436000823974609, 10842
0.5457437038421631, 10841
0.5457437038421631, 10840
0.5457437038421631, 10839
0.5457437038421631, 10838
0.5457437038421631, 10837
0.5538315773010254, 10836
0.5538315773010254, 10835
0.5559720993041992, 10834
0.5559720993041992, 10833
0.5559720993041992, 10832
0.5559720993041992, 10831
0.5641133785247803, 10830
0.5641133785247803, 10829
0.566253662109375, 10828
0.566253662109375, 10827
0.566253662109375, 10826
0.566253662109375, 10825
0.5743229389190674, 10824
0.5763835906982422, 10823
0.5763835906982422, 10822
0.5763835906982422, 10821
0.5763835906982422, 10820
0.5845260620117188, 10819
0.5866672992706299, 10818
0.5866672992706299, 10817
0.5866672992706299, 10816
0.5866672992706299, 10815
0.5866672992706299, 10814
0.5968141555786133, 10813
0.5969078540802002, 10812
0.5969078540802002, 10811
0.5969078540802002, 10810
0.5969078540802002, 10809
0.5969078540802002, 10808
0.605048418045044, 10807
0.6071927547454834, 10806
0.6071927547454834, 10805
0.6071927547454834, 10804
0.6071927547454834, 10803
0.6152784824371338, 10802
0.6152784824371338, 10801
0.6255075931549072, 10800
0.6276471614837646, 10799
0.6276471614837646, 10798
0.6276471614837646, 10797
0.6357183456420898, 10796
0.6378629207611084, 10795
0.6378629207611084, 10794
0.6459994316101074, 10793
0.6459994316101074, 10792
0.6481432914733887, 10791
0.6481432914733887, 10790
0.658355712890625, 10789
0.658355712890625, 10788
0.6664979457855225, 10787
0.6686387062072754, 10786
0.6686387062072754, 10785
0.6686387062072754, 10784
0.6686387062072754, 10783
0.6686387062072754, 10782
0.6686387062072754, 10781
0.6767153739929199, 10780
0.6767153739929199, 10779
0.6767153739929199, 10778
0.6800580024719238, 10777
0.6800580024719238, 10776
0.6800580024719238, 10775
0.6800580024719238, 10774
0.6800580024719238, 10773
0.6800580024719238, 10772
0.6882014274597168, 10771
0.6903438568115234, 10770
0.6903438568115234, 10769
0.6903438568115234, 10768
0.6903438568115234, 10767
0.6984498500823975, 10766
0.6984498500823975, 10765
0.7005903720855713, 10764
0.7005903720855713, 10763
0.7005903720855713, 10762
0.7005903720855713, 10761
0.7005903720855713, 10760
0.7087235450744629, 10759
0.7108566761016846, 10758
0.7108566761016846, 10757
0.7108566761016846, 10756
0.7108566761016846, 10755
0.7108566761016846, 10754
0.7189621925354004, 10753
0.7189621925354004, 10752
0.7211072444915771, 10751
0.7211072444915771, 10750
0.7211072444915771, 10749
0.7211072444915771, 10748
0.7292423248291016, 10747
0.7313840389251709, 10746
0.7313840389251709, 10745
0.7415599822998047, 10744
0.7415599822998047, 10743
0.7415599822998047, 10742
0.7415599822998047, 10741
0.7415599822998047, 10740
0.7415599822998047, 10739
0.7518410682678223, 10738
0.7518410682678223, 10737
0.7518410682678223, 10736
0.7518410682678223, 10735
0.7518410682678223, 10734
0.7599308490753174, 10733
0.7599308490753174, 10732
0.762073278427124, 10731
0.762073278427124, 10730
0.77012038230896, 10729
0.7702169418334961, 10728
0.7723588943481445, 10727
0.7723588943481445, 10726
0.7723588943481445, 10725
0.7723588943481445, 10724
0.7804396152496338, 10723
0.7824563980102539, 10722
0.7824563980102539, 10721
0.7824563980102539, 10720
0.7824563980102539, 10719
0.7824563980102539, 10718
0.7905986309051514, 10717
0.7927343845367432, 10716
0.7927343845367432, 10715
0.7927343845367432, 10714
0.8008415699005127, 10713
0.8029842376708984, 10712
0.8029842376708984, 10711
0.8111386299133301, 10710
0.8132786750793457, 10709
0.8132786750793457, 10708
0.8132786750793457, 10707
0.8263428211212158, 10706
0.8274810314178467, 10705
0.8286118507385254, 10704
0.8297543525695801, 10703
0.8343956470489502, 10702
0.8344814777374268, 10701
0.8356184959411621, 10700
0.8366737365722656, 10699
0.8366737365722656, 10698
0.8366737365722656, 10697
0.8413150310516357, 10696
0.8946607112884521, 10695
0.9028017520904541, 10694
0.9049434661865234, 10693
0.9049434661865234, 10692
0.9049434661865234, 10691
0.9049434661865234, 10690
0.9049434661865234, 10689
0.9130361080169678, 10688
0.9130361080169678, 10687
0.9151780605316162, 10686
0.9151780605316162, 10685
0.9151780605316162, 10684
0.9151780605316162, 10683
0.9151780605316162, 10682
0.9254581928253174, 10681
0.9254581928253174, 10680
0.9335618019104004, 10679
0.9357008934020996, 10678
0.9357008934020996, 10677
0.9357008934020996, 10676
0.9357008934020996, 10675
0.9438433647155762, 10674
0.9438433647155762, 10673
0.9459805488586426, 10672
0.9459805488586426, 10671
0.9459805488586426, 10670
0.9459805488586426, 10669
0.9540648460388184, 10668
0.9562115669250488, 10667
0.9562115669250488, 10666
0.9562115669250488, 10665
0.9643547534942627, 10664
0.9665000438690186, 10663
0.9665000438690186, 10662
0.9665000438690186, 10661
0.9665000438690186, 10660
0.9745457172393799, 10659
0.97701096534729, 10658
0.97701096534729, 10657
0.9851531982421875, 10656
0.9873039722442627, 10655
0.9873039722442627, 10654
0.9873039722442627, 10653
0.9873039722442627, 10652
0.9873039722442627, 10651
0.9953973293304443, 10650
0.9953973293304443, 10649
0.9975390434265137, 10648
0.9975390434265137, 10647
1.0055959224700928, 10646
1.0055959224700928, 10645
1.0077385902404785, 10644
1.0077385902404785, 10643
1.0158112049102783, 10642
1.0179545879364014, 10641
1.0179545879364014, 10640
1.0179545879364014, 10639
1.0282344818115234, 10638
1.0282344818115234, 10637
1.0282344818115234, 10636
1.038489818572998, 10635
1.038489818572998, 10634
1.038489818572998, 10633
1.038489818572998, 10632
1.0466289520263672, 10631
1.0487732887268066, 10630
1.0487732887268066, 10629
1.0487732887268066, 10628
1.0487732887268066, 10627
1.0487732887268066, 10626
1.056870460510254, 10625
1.0590121746063232, 10624
1.0590121746063232, 10623
1.0590121746063232, 10622
1.0590121746063232, 10621
1.0692903995513916, 10620
1.0692903995513916, 10619
1.0692903995513916, 10618
1.0692903995513916, 10617
1.0692903995513916, 10616
1.0795350074768066, 10615
1.0876827239990234, 10614
1.0898222923278809, 10613
1.0898222923278809, 10612
1.0978846549987793, 10611
1.1000277996063232, 10610
1.1000277996063232, 10609
1.1000277996063232, 10608
1.110325813293457, 10607
1.110325813293457, 10606
1.110325813293457, 10605
1.110325813293457, 10604
1.110325813293457, 10603
1.1184351444244385, 10602
1.1184351444244385, 10601
1.120497465133667, 10600
1.120497465133667, 10599
1.120497465133667, 10598
1.120497465133667, 10597
1.1307892799377441, 10596
1.1307892799377441, 10595
1.1307892799377441, 10594
1.1307892799377441, 10593
1.1410372257232666, 10592
1.1410372257232666, 10591
1.1410372257232666, 10590
1.1410372257232666, 10589
1.151212453842163, 10588
1.151212453842163, 10587
1.1614975929260254, 10586
1.1614975929260254, 10585
1.1696374416351318, 10584
1.171781063079834, 10583
1.171781063079834, 10582
1.1798410415649414, 10581
1.181978464126587, 10580
1.181978464126587, 10579
1.181978464126587, 10578
1.1901226043701172, 10577
1.1922674179077148, 10576
1.1922674179077148, 10575
1.1922674179077148, 10574
1.1922674179077148, 10573
1.200366497039795, 10572
1.200366497039795, 10571
1.2024996280670166, 10570
1.2024996280670166, 10569
1.2024996280670166, 10568
1.2024996280670166, 10567
1.2106425762176514, 10566
1.220890760421753, 10565
1.2230374813079834, 10564
1.2230374813079834, 10563
1.2230374813079834, 10562
1.2230374813079834, 10561
1.2844464778900146, 10560
1.2844464778900146, 10559
1.2844464778900146, 10558
1.2844464778900146, 10557
1.292593240737915, 10556
1.2947306632995605, 10555
1.2947306632995605, 10554
1.2947306632995605, 10553
1.3028178215026855, 10552
1.3049662113189697, 10551
1.3049662113189697, 10550
1.3049662113189697, 10549
1.3049662113189697, 10548
1.3152461051940918, 10547
1.3152461051940918, 10546
1.3233520984649658, 10545
1.3254942893981934, 10544
1.3254942893981934, 10543
1.3254942893981934, 10542
1.333636999130249, 10541
1.3357830047607422, 10540
1.3357830047607422, 10539
1.3357830047607422, 10538
1.343867301940918, 10537
1.3460144996643066, 10536
1.3460144996643066, 10535
1.3460144996643066, 10534
1.3460144996643066, 10533
1.3460144996643066, 10532
1.354158878326416, 10531
1.3562037944793701, 10530
1.3562967777252197, 10529
1.3562967777252197, 10528
1.3665416240692139, 10527
1.376819372177124, 10526
1.376819372177124, 10525
1.376819372177124, 10524
1.376819372177124, 10523
1.3848843574523926, 10522
1.3848843574523926, 10521
1.38694429397583, 10520
1.38694429397583, 10519
1.38694429397583, 10518
1.38694429397583, 10517
1.3950855731964111, 10516
1.3950855731964111, 10515
1.3972249031066895, 10514
1.3972249031066895, 10513
1.3972249031066895, 10512
1.3972249031066895, 10511
1.4074366092681885, 10510
1.4074366092681885, 10509
1.4074366092681885, 10508
1.4176790714263916, 10507
1.4176790714263916, 10506
1.4176790714263916, 10505
1.4176790714263916, 10504
1.4176790714263916, 10503
1.4279272556304932, 10502
1.4279272556304932, 10501
1.4279272556304932, 10500
1.4279272556304932, 10499
1.4279272556304932, 10498
1.4382076263427734, 10497
1.4382076263427734, 10496
1.4462981224060059, 10495
1.4462981224060059, 10494
1.4484319686889648, 10493
1.4484319686889648, 10492
1.4484319686889648, 10491
1.4587128162384033, 10490
1.4587128162384033, 10489
1.4587128162384033, 10488
1.4667799472808838, 10487
1.4689204692840576, 10486
1.4689204692840576, 10485
1.4689204692840576, 10484
1.4689204692840576, 10483
1.4770631790161133, 10482
1.4770631790161133, 10481
1.4791946411132812, 10480
1.4791946411132812, 10479
1.4791946411132812, 10478
1.4872703552246094, 10477
1.4872703552246094, 10476
1.4974560737609863, 10475
1.4996042251586914, 10474
1.4996042251586914, 10473
1.4996042251586914, 10472
1.507666826248169, 10471
1.5098052024841309, 10470
1.5098052024841309, 10469
1.5098052024841309, 10468
1.5098052024841309, 10467
1.5178477764129639, 10466
1.5179357528686523, 10465
1.5179357528686523, 10464
1.5200791358947754, 10463
1.5200791358947754, 10462
1.5281929969787598, 10461
1.530334234237671, 10460
1.530334234237671, 10459
1.538475513458252, 10458
1.540616750717163, 10457
1.540616750717163, 10456
1.5508503913879395, 10455
1.5508503913879395, 10454
1.5508503913879395, 10453
1.5508503913879395, 10452
1.558988332748413, 10451
1.5611310005187988, 10450
1.5611310005187988, 10449
1.5611310005187988, 10448
1.5713474750518799, 10447
1.5713474750518799, 10446
1.5713474750518799, 10445
1.5794873237609863, 10444
1.5816309452056885, 10443
1.5816309452056885, 10442
1.5816309452056885, 10441
1.5922372341156006, 10440
1.5922372341156006, 10439
1.5922372341156006, 10438
1.5922372341156006, 10437
1.5922372341156006, 10436
1.6003782749176025, 10435
1.6025185585021973, 10434
1.6025185585021973, 10433
1.6025185585021973, 10432
1.6106088161468506, 10431
1.6127519607543945, 10430
1.6127519607543945, 10429
1.6127519607543945, 10428
1.6127519607543945, 10427
1.6127519607543945, 10426
1.6127519607543945, 10425
1.623037576675415, 10424
1.623037576675415, 10423
1.623037576675415, 10422
1.631131649017334, 10421
1.6332781314849854, 10420
1.6332781314849854, 10419
1.6332781314849854, 10418
1.6332781314849854, 10417
1.641427755355835, 10416
1.641427755355835, 10415
1.643566608428955, 10414
1.643566608428955, 10413
1.643566608428955, 10412
1.643566608428955, 10411
1.643566608428955, 10410
1.6516685485839844, 10409
1.653806209564209, 10408
1.6619524955749512, 10407
1.6640920639038086, 10406
1.672156572341919, 10405
1.672156572341919, 10404
1.6823222637176514, 10403
1.6844618320465088, 10402
1.6844618320465088, 10401
1.6844618320465088, 10400
1.6844618320465088, 10399
1.6925673484802246, 10398
1.6947038173675537, 10397
1.6947038173675537, 10396
1.6947038173675537, 10395
1.702843189239502, 10394
1.7049953937530518, 10393
1.7049953937530518, 10392
1.7049953937530518, 10391
1.7049953937530518, 10390
1.7049953937530518, 10389
1.7130630016326904, 10388
1.7130630016326904, 10387
1.715205430984497, 10386
1.715205430984497, 10385
1.715205430984497, 10384
1.7869958877563477, 10383
1.7869958877563477, 10382
1.8074920177459717, 10381
1.8155322074890137, 10380
1.8176724910736084, 10379
1.8176724910736084, 10378
1.8176724910736084, 10377
1.8176724910736084, 10376
1.8258161544799805, 10375
1.8279550075531006, 10374
1.8279550075531006, 10373
1.838191270828247, 10372
1.8484735488891602, 10371
1.8484735488891602, 10370
1.8484735488891602, 10369
1.8484735488891602, 10368
1.8586969375610352, 10367
1.8586969375610352, 10366
1.8586969375610352, 10365
1.8586969375610352, 10364
1.8586969375610352, 10363
1.8667447566986084, 10362
1.8668415546417236, 10361
1.868987798690796, 10360
1.868987798690796, 10359
1.868987798690796, 10358
1.868987798690796, 10357
1.877061128616333, 10356
1.8792080879211426, 10355
1.8792080879211426, 10354
1.889495849609375, 10353
1.889495849609375, 10352
1.889495849609375, 10351
1.897542953491211, 10350
1.897608995437622, 10349
1.8997540473937988, 10348
1.8997540473937988, 10347
1.8997540473937988, 10346
1.9078929424285889, 10345
1.9099376201629639, 10344
1.910032033920288, 10343
1.910032033920288, 10342
1.910032033920288, 10341
1.910032033920288, 10340
1.910032033920288, 10339
1.920283555984497, 10338
1.920283555984497, 10337
1.9284234046936035, 10336
1.9407227039337158, 10335
1.9408190250396729, 10334
1.9509906768798828, 10333
1.9612195491790771, 10332
1.9612195491790771, 10331
1.9612195491790771, 10330
1.971503496170044, 10329
1.971503496170044, 10328
1.971503496170044, 10327
1.979609489440918, 10326
1.9899001121520996, 10325
2.002264976501465, 10324
2.002264976501465, 10323
2.0104153156280518, 10322
2.0125529766082764, 10321
2.0125529766082764, 10320
2.0125529766082764, 10319
2.022777557373047, 10318
2.022777557373047, 10317
2.0309176445007324, 10316
2.033062219619751, 10315
2.0411925315856934, 10314
2.0411925315856934, 10313
2.043332815170288, 10312
2.061708450317383, 10311
2.061708450317383, 10310
2.0638468265533447, 10309
2.0638468265533447, 10308
2.0638468265533447, 10307
2.0638468265533447, 10306
2.0638468265533447, 10305
2.071986436843872, 10304
2.0741255283355713, 10303
2.0741255283355713, 10302
2.0842931270599365, 10301
2.0842931270599365, 10300
2.0842931270599365, 10299
2.0842931270599365, 10298
2.0842931270599365, 10297
2.0945732593536377, 10296
2.0945732593536377, 10295
2.0945732593536377, 10294
2.0945732593536377, 10293
2.0945732593536377, 10292
2.104815721511841, 10291
2.104815721511841, 10290
2.104815721511841, 10289
2.104815721511841, 10288
2.104815721511841, 10287
2.1129589080810547, 10286
2.1129589080810547, 10285
2.1150975227355957, 10284
2.1150975227355957, 10283
2.1251654624938965, 10282
2.125223159790039, 10281
2.125223159790039, 10280
2.1355133056640625, 10279
2.1355133056640625, 10278
2.1355133056640625, 10277
2.1355133056640625, 10276
2.1436209678649902, 10275
2.145763874053955, 10274
2.145763874053955, 10273
2.1539106369018555, 10272
2.15604829788208, 10271
2.15604829788208, 10270
2.15604829788208, 10269
2.1641716957092285, 10268
2.174255132675171, 10267
2.174255132675171, 10266
2.174255132675171, 10265
2.174255132675171, 10264
2.174255132675171, 10263
2.186389207839966, 10262
2.1965081691741943, 10261
2.1965081691741943, 10260
2.1965081691741943, 10259
2.1965081691741943, 10258
2.2045528888702393, 10257
2.2045528888702393, 10256
2.2081947326660156, 10255
2.2112784385681152, 10254
2.2112784385681152, 10253
2.215345859527588, 10252
2.217410087585449, 10251
2.2356090545654297, 10250
2.2356090545654297, 10249
2.237661838531494, 10248
2.237661838531494, 10247
2.257931709289551, 10246
2.257931709289551, 10245
2.2660133838653564, 10244
2.278154134750366, 10243
2.278154134750366, 10242
2.2862300872802734, 10241
2.288285255432129, 10240
2.288285255432129, 10239
2.288285255432129, 10238
2.2983956336975098, 10237
2.308546543121338, 10236
2.3166019916534424, 10235
2.318657159805298, 10234
2.318657159805298, 10233
2.318657159805298, 10232
2.318657159805298, 10231
2.3388843536376953, 10230
2.348996877670288, 10229
2.348996877670288, 10228
2.357052803039551, 10227
2.3692023754119873, 10226
2.3692023754119873, 10225
2.3692023754119873, 10224
2.3772616386413574, 10223
2.3772616386413574, 10222
2.37931489944458, 10221
2.37931489944458, 10220
2.389465808868408, 10219
2.399594306945801, 10218
2.399594306945801, 10217
2.4076764583587646, 10216
2.4097321033477783, 10215
2.4097321033477783, 10214
2.419842004776001, 10213
2.419842004776001, 10212
2.419842004776001, 10211
2.419842004776001, 10210
2.4279167652130127, 10209
2.429971933364868, 10208
2.440080165863037, 10207
2.4481818675994873, 10206
2.4502387046813965, 10205
2.4502387046813965, 10204
2.4502387046813965, 10203
2.4603545665740967, 10202
2.4603545665740967, 10201
2.4603545665740967, 10200
2.4603545665740967, 10199
2.4704949855804443, 10198
2.4704949855804443, 10197
2.4785516262054443, 10196
2.480604648590088, 10195
2.480604648590088, 10194
2.480604648590088, 10193
2.480604648590088, 10192
2.4907546043395996, 10191
2.5089123249053955, 10190
2.5089123249053955, 10189
2.5109689235687256, 10188
2.5109689235687256, 10187
2.5109689235687256, 10186
2.519031286239624, 10185
2.5210981369018555, 10184
2.5210981369018555, 10183
2.5210981369018555, 10182
2.53123140335083, 10181
2.54134464263916, 10180
2.54134464263916, 10179
2.54134464263916, 10178
2.54134464263916, 10177
2.5515074729919434, 10176
2.561614513397217, 10175
2.561614513397217, 10174
2.561614513397217, 10173
2.561614513397217, 10172
2.561614513397217, 10171
2.5717098712921143, 10170
2.5717098712921143, 10169
2.5818779468536377, 10168
2.5920045375823975, 10167
2.5920045375823975, 10166
2.5920045375823975, 10165
2.5920045375823975, 10164
2.60210919380188, 10163
2.60210919380188, 10162
2.60210919380188, 10161
2.6122331619262695, 10160
2.6122331619262695, 10159
2.6122331619262695, 10158
2.6122331619262695, 10157
2.6122331619262695, 10156
2.6122331619262695, 10155
2.622349739074707, 10154
2.622349739074707, 10153
2.622349739074707, 10152
2.622349739074707, 10151
2.6304354667663574, 10150
2.632493495941162, 10149
2.632493495941162, 10148
2.632493495941162, 10147
2.640564441680908, 10146
2.642629384994507, 10145
2.642629384994507, 10144
2.642629384994507, 10143
2.652775764465332, 10142
2.652775764465332, 10141
2.652775764465332, 10140
2.6628854274749756, 10139
2.6831209659576416, 10138
2.6831209659576416, 10137
2.6912028789520264, 10136
2.693258047103882, 10135
2.693258047103882, 10134
2.693258047103882, 10133
2.7033777236938477, 10132
2.7033777236938477, 10131
2.7033777236938477, 10130
2.71352219581604, 10129
2.731752872467041, 10128
2.7338075637817383, 10127
2.7338075637817383, 10126
2.7338075637817383, 10125
2.741863965988159, 10124
2.7520174980163574, 10123
2.754068374633789, 10122
2.754068374633789, 10121
2.754068374633789, 10120
2.7641844749450684, 10119
2.7641844749450684, 10118
2.772307872772217, 10117
2.772307872772217, 10116
2.774329423904419, 10115
2.774329423904419, 10114
2.774329423904419, 10113
2.774329423904419, 10112
2.774329423904419, 10111
2.784440040588379, 10110
2.794590473175049, 10109
2.794590473175049, 10108
2.794590473175049, 10107
2.794590473175049, 10106
2.8127503395080566, 10105
2.8152778148651123, 10104
2.8152778148651123, 10103
2.8254024982452393, 10102
2.833482265472412, 10101
2.843595027923584, 10100
2.8456459045410156, 10099
2.8456459045410156, 10098
2.8456459045410156, 10097
2.8456459045410156, 10096
2.855823516845703, 10095
2.855823516845703, 10094
2.855823516845703, 10093
2.8740313053131104, 10092
2.876084804534912, 10091
2.886211395263672, 10090
2.886211395263672, 10089
2.8942928314208984, 10088
2.9044132232666016, 10087
2.9044132232666016, 10086
2.906466007232666, 10085
2.906466007232666, 10084
2.91455078125, 10083
2.9166066646575928, 10082
2.9166066646575928, 10081
2.9166066646575928, 10080
2.9166066646575928, 10079
2.9368462562561035, 10078
2.946962594985962, 10077
2.9672091007232666, 10076
2.9874613285064697, 10075
2.9874613285064697, 10074
2.9874613285064697, 10073
2.9874613285064697, 10072
2.9975953102111816, 10071
2.9975953102111816, 10070
3.0077064037323, 10069
3.0077064037323, 10068
3.078622341156006, 10067
3.098869800567627, 10066
3.1089775562286377, 10065
3.1089775562286377, 10064
3.1170694828033447, 10063
3.119123935699463, 10062
3.119123935699463, 10061
3.119123935699463, 10060
3.119123935699463, 10059
3.1292366981506348, 10058
3.1292366981506348, 10057
3.1393630504608154, 10056
3.1393630504608154, 10055
3.1393630504608154, 10054
3.1596550941467285, 10053
3.1596550941467285, 10052
3.1596550941467285, 10051
3.1596550941467285, 10050
3.179940700531006, 10049
3.179940700531006, 10048
3.1900484561920166, 10047
3.1900484561920166, 10046
3.1900484561920166, 10045
3.1900484561920166, 10044
3.1900484561920166, 10043
3.1981301307678223, 10042
3.2001874446868896, 10041
3.2082507610321045, 10040
3.210304021835327, 10039
3.210304021835327, 10038
3.2183666229248047, 10037
3.2507693767547607, 10036
3.2507693767547607, 10035
3.2507693767547607, 10034
3.2609450817108154, 10033
3.2710683345794678, 10032
3.2710683345794678, 10031
3.2710683345794678, 10030
3.2710683345794678, 10029
3.2710683345794678, 10028
3.2791552543640137, 10027
3.2791552543640137, 10026
3.2812106609344482, 10025
3.2812106609344482, 10024
3.2812106609344482, 10023
3.2812106609344482, 10022
3.2812106609344482, 10021
3.2913224697113037, 10020
3.3014793395996094, 10019
3.3014793395996094, 10018
3.3014793395996094, 10017
3.3014793395996094, 10016
3.3115930557250977, 10015
3.3115930557250977, 10014
3.321744441986084, 10013
3.321744441986084, 10012
3.3318235874176025, 10011
3.3398818969726562, 10010
3.3419368267059326, 10009
3.3419368267059326, 10008
3.3419368267059326, 10007
3.3499913215637207, 10006
3.3520443439483643, 10005
3.3520443439483643, 10004
3.3520443439483643, 10003
3.3622167110443115, 10002
3.37233304977417, 10001
3.37233304977417, 10000
3.37233304977417, 9999
3.37233304977417, 9998
3.380411148071289, 9997
3.3824687004089355, 9996
3.3905346393585205, 9995
3.3925888538360596, 9994
3.3925888538360596, 9993
3.4027369022369385, 9992
3.4027369022369385, 9991
3.4027369022369385, 9990
3.4027369022369385, 9989
3.4128477573394775, 9988
3.4234063625335693, 9987
3.431464672088623, 9986
3.4335200786590576, 9985
3.44366192817688, 9984
3.44366192817688, 9983
3.44366192817688, 9982
3.45172381401062, 9981
3.4537787437438965, 9980
3.4537787437438965, 9979
3.4639291763305664, 9978
3.474039316177368, 9977
3.4820923805236816, 9976
3.4820923805236816, 9975
3.4841487407684326, 9974
3.4841487407684326, 9973
3.4841487407684326, 9972
3.4841487407684326, 9971
3.492204427719116, 9970
3.492204427719116, 9969
3.4942638874053955, 9968
3.4942638874053955, 9967
3.502344846725464, 9966
3.502344846725464, 9965
3.5044004917144775, 9964
3.5044004917144775, 9963
3.5044004917144775, 9962
3.512465000152588, 9961
3.5145208835601807, 9960
3.522606372833252, 9959
3.522606372833252, 9958
3.5246615409851074, 9957
3.5246615409851074, 9956
3.5246615409851074, 9955
3.5246615409851074, 9954
3.5327157974243164, 9953
3.534769058227539, 9952
3.5428366661071777, 9951
3.544891119003296, 9950
3.544891119003296, 9949
3.5529513359069824, 9948
3.5529513359069824, 9947
3.555004119873047, 9946
3.5630974769592285, 9945
3.5630974769592285, 9944
3.565119504928589, 9943
3.565119504928589, 9942
3.575255870819092, 9941
3.583333969116211, 9940
3.5854005813598633, 9939
3.595507860183716, 9938
3.595507860183716, 9937
3.595507860183716, 9936
3.6035873889923096, 9935
3.6056413650512695, 9934
3.6056413650512695, 9933
3.6056413650512695, 9932
3.6056413650512695, 9931
3.613698959350586, 9930
3.6157538890838623, 9929
3.6157538890838623, 9928
3.6157538890838623, 9927
3.6258678436279297, 9926
3.633934736251831, 9925
3.635989189147949, 9924
3.635989189147949, 9923
3.635989189147949, 9922
3.635989189147949, 9921
3.644084930419922, 9920
3.646141529083252, 9919
3.646141529083252, 9918
3.646141529083252, 9917
3.654202461242676, 9916
3.6562585830688477, 9915
3.6643645763397217, 9914
3.666424036026001, 9913
3.666424036026001, 9912
3.666424036026001, 9911
3.676537275314331, 9910
3.6866753101348877, 9909
3.6866753101348877, 9908
3.6866753101348877, 9907
3.6866753101348877, 9906
3.6947383880615234, 9905
3.6947383880615234, 9904
3.7069404125213623, 9903
3.7069404125213623, 9902
3.7069404125213623, 9901
3.714960813522339, 9900
3.727169990539551, 9899
3.727169990539551, 9898
3.727169990539551, 9897
3.727169990539551, 9896
3.737285852432251, 9895
3.747419834136963, 9894
3.747419834136963, 9893
3.747419834136963, 9892
3.747419834136963, 9891
3.7675962448120117, 9890
3.7675962448120117, 9889
3.785762071609497, 9888
3.785762071609497, 9887
3.787820339202881, 9886
3.79587459564209, 9885
3.79587459564209, 9884
3.7979276180267334, 9883
3.7979276180267334, 9882
3.805985689163208, 9881
3.8080406188964844, 9880
3.8080406188964844, 9879
3.8080406188964844, 9878
3.818147659301758, 9877
3.818147659301758, 9876
3.8282694816589355, 9875
3.8565778732299805, 9874
3.8586344718933105, 9873
3.8586344718933105, 9872
3.8687829971313477, 9871
3.8687829971313477, 9870
3.8687829971313477, 9869
3.8768458366394043, 9868
3.899178981781006, 9867
3.9072458744049072, 9866
3.9093074798583984, 9865
3.9093074798583984, 9864
3.9093074798583984, 9863
3.9093074798583984, 9862
3.9093074798583984, 9861
3.9173736572265625, 9860
3.919438600540161, 9859
3.919438600540161, 9858
3.919438600540161, 9857
3.9296090602874756, 9856
4.0106165409088135, 9855
4.020748138427734, 9854
4.020748138427734, 9853
4.041410207748413, 9852
4.041410207748413, 9851
4.041410207748413, 9850
4.041410207748413, 9849
4.0515453815460205, 9848
4.061682224273682, 9847
4.0697736740112305, 9846
4.079894781112671, 9845
4.081960678100586, 9844
4.081960678100586, 9843
4.081960678100586, 9842
4.092111349105835, 9841
4.1123878955841064, 9840
4.122521877288818, 9839
4.142804145812988, 9838
4.15089225769043, 9837
4.154678583145142, 9836
4.159952878952026, 9835
4.165145397186279, 9834
4.166165828704834, 9833
4.166165828704834, 9832
4.173300266265869, 9831
4.183444499969482, 9830
4.183444499969482, 9829
4.193583250045776, 9828
4.193583250045776, 9827
4.203695058822632, 9826
4.203695058822632, 9825
4.213827610015869, 9824
4.213827610015869, 9823
4.232035875320435, 9822
4.234044075012207, 9821
4.234111070632935, 9820
4.234111070632935, 9819
4.234111070632935, 9818
4.244264841079712, 9817
4.244264841079712, 9816
4.262490510940552, 9815
4.264565467834473, 9814
4.2747015953063965, 9813
4.284849166870117, 9812
4.284849166870117, 9811
4.294996023178101, 9810
4.294996023178101, 9809
4.294996023178101, 9808
4.3051230907440186, 9807
4.3051230907440186, 9806
4.315258979797363, 9805
4.315258979797363, 9804
4.325401306152344, 9803
4.325401306152344, 9802
4.335540294647217, 9801
4.335540294647217, 9800
4.344012022018433, 9799
4.363013982772827, 9798
4.364013195037842, 9797
4.365026235580444, 9796
4.367017030715942, 9795
4.374084949493408, 9794
4.376152515411377, 9793
4.376152515411377, 9792
4.376152515411377, 9791
4.376152515411377, 9790
4.376152515411377, 9789
4.376152515411377, 9788
4.394320487976074, 9787
4.396447420120239, 9786
4.396447420120239, 9785
4.40654730796814, 9784
4.41667628288269, 9783
4.41667628288269, 9782
4.447113752365112, 9781
4.455181837081909, 9780
4.45724630355835, 9779
4.45724630355835, 9778
4.45724630355835, 9777
4.45724630355835, 9776
4.467407703399658, 9775
4.497806787490845, 9774
4.518096208572388, 9773
4.518096208572388, 9772
4.538379192352295, 9771
4.538379192352295, 9770
4.538379192352295, 9769
4.548529386520386, 9768
4.548529386520386, 9767
4.548529386520386, 9766
4.548529386520386, 9765
4.556595802307129, 9764
4.558661699295044, 9763
4.558661699295044, 9762
4.558661699295044, 9761
4.558661699295044, 9760
4.568821907043457, 9759
4.568821907043457, 9758
4.568821907043457, 9757
4.5768914222717285, 9756
4.5768914222717285, 9755
4.578959703445435, 9754
4.578959703445435, 9753
4.578959703445435, 9752
4.578959703445435, 9751
4.597172498703003, 9750
4.599238872528076, 9749
4.607314586639404, 9748
4.609385251998901, 9747
4.609385251998901, 9746
4.619520425796509, 9745
4.619520425796509, 9744
4.629642724990845, 9743
4.637711048126221, 9742
4.639779090881348, 9741
4.639779090881348, 9740
4.650303363800049, 9739
4.650303363800049, 9738
4.650303363800049, 9737
4.660441160202026, 9736
4.660441160202026, 9735
4.678660154342651, 9734
4.69085431098938, 9733
4.7111430168151855, 9732
4.719210624694824, 9731
4.721278190612793, 9730
4.721278190612793, 9729
4.741570472717285, 9728
4.751718044281006, 9727
4.751718044281006, 9726
4.751718044281006, 9725
4.761860609054565, 9724
4.761860609054565, 9723
4.769948720932007, 9722
4.77201509475708, 9721
4.77201509475708, 9720
4.792308330535889, 9719
4.800378799438477, 9718
4.812590599060059, 9717
4.812590599060059, 9716
4.822722911834717, 9715
4.822722911834717, 9714
4.851053953170776, 9713
4.853127956390381, 9712
4.871299743652344, 9711
4.883483171463013, 9710
4.883483171463013, 9709
4.883483171463013, 9708
4.883483171463013, 9707
4.9037861824035645, 9706
4.9037861824035645, 9705
4.9037861824035645, 9704
4.911868572235107, 9703
4.913934230804443, 9702
4.924070119857788, 9701
4.932144403457642, 9700
4.934210538864136, 9699
4.934210538864136, 9698
4.942277431488037, 9697
4.942277431488037, 9696
4.944344520568848, 9695
4.944344520568848, 9694
4.944344520568848, 9693
4.952433347702026, 9692
4.96257209777832, 9691
4.964646100997925, 9690
4.984912395477295, 9689
4.984912395477295, 9688
4.995040655136108, 9687
4.995040655136108, 9686
5.013268232345581, 9685
5.015338182449341, 9684
5.025484323501587, 9683
5.035621881484985, 9682
5.035621881484985, 9681
5.045766830444336, 9680
5.0558922290802, 9679
5.0558922290802, 9678
5.074093580245972, 9677
5.076164960861206, 9676
5.084233283996582, 9675
5.096475124359131, 9674
5.116731643676758, 9673
5.137027978897095, 9672
5.145094394683838, 9671
5.147162914276123, 9670
5.1573216915130615, 9669
5.165396451950073, 9668
5.340153694152832, 9667
5.340153694152832, 9666
5.3502161502838135, 9665
5.3502161502838135, 9664
5.3502161502838135, 9663
5.3502161502838135, 9662
5.370501518249512, 9661
5.370501518249512, 9660
5.37857723236084, 9659
5.380644798278809, 9658
5.380644798278809, 9657
5.388713359832764, 9656
5.390721797943115, 9655
5.39079475402832, 9654
5.39079475402832, 9653
5.39888858795166, 9652
5.400959491729736, 9651
5.419178485870361, 9650
5.421245098114014, 9649
5.421245098114014, 9648
5.421245098114014, 9647
5.431356191635132, 9646
5.441514730453491, 9645
5.441514730453491, 9644
5.449581623077393, 9643
5.4516472816467285, 9642
5.4516472816467285, 9641
5.4516472816467285, 9640
5.480016469955444, 9639
5.480016469955444, 9638
5.48208212852478, 9637
5.4922194480896, 9636
5.4922194480896, 9635
5.502351760864258, 9634
5.502351760864258, 9633
5.502351760864258, 9632
5.512488603591919, 9631
5.522642612457275, 9630
5.522642612457275, 9629
5.522642612457275, 9628
5.532774925231934, 9627
5.540855169296265, 9626
5.542921781539917, 9625
5.542921781539917, 9624
5.550990581512451, 9623
5.550990581512451, 9622
5.553056240081787, 9621
5.553056240081787, 9620
5.553056240081787, 9619
5.563194274902344, 9618
5.581386089324951, 9617
5.591466426849365, 9616
5.593606472015381, 9615
5.613876104354858, 9614
5.613876104354858, 9613
5.621885776519775, 9612
5.621953010559082, 9611
5.634153366088867, 9610
5.644238471984863, 9609
5.644304037094116, 9608
5.644304037094116, 9607
5.654474258422852, 9606
5.662508249282837, 9605
5.6725170612335205, 9604
5.688201189041138, 9603
5.688201189041138, 9602
5.688201189041138, 9601
5.703780174255371, 9600
5.719449043273926, 9599
5.719449043273926, 9598
5.719449043273926, 9597
5.73507285118103, 9596
5.750707149505615, 9595
5.750707149505615, 9594
5.7663187980651855, 9593
5.7663187980651855, 9592
5.772867679595947, 9591
5.772867679595947, 9590
5.772867679595947, 9589
5.772867679595947, 9588
5.7885401248931885, 9587
5.7885401248931885, 9586
5.7885401248931885, 9585
5.7885401248931885, 9584
5.7885401248931885, 9583
5.7885401248931885, 9582
5.804165363311768, 9581
5.804165363311768, 9580
5.835418462753296, 9579
5.835418462753296, 9578
5.851041555404663, 9577
5.851041555404663, 9576
5.86666464805603, 9575
5.873224496841431, 9574
5.875278472900391, 9573
5.883363246917725, 9572
5.895534038543701, 9571
5.895534038543701, 9570
5.895534038543701, 9569
5.895534038543701, 9568
5.905647039413452, 9567
5.915761947631836, 9566
5.925923585891724, 9565
5.925923585891724, 9564
6.02718448638916, 9563
6.037293195724487, 9562
6.045372247695923, 9561
6.047427654266357, 9560
6.055481910705566, 9559
6.055481910705566, 9558
6.057542562484741, 9557
6.067675352096558, 9556
6.067675352096558, 9555
6.077784061431885, 9554
6.098062038421631, 9553
6.098062038421631, 9552
6.098062038421631, 9551
6.11830472946167, 9550
6.11830472946167, 9549
6.11830472946167, 9548
6.136514186859131, 9547
6.148684978485107, 9546
6.148684978485107, 9545
6.148684978485107, 9544
6.156738996505737, 9543
6.158792734146118, 9542
6.179054260253906, 9541
6.189175367355347, 9540
6.199289560317993, 9539
6.199289560317993, 9538
6.207401990890503, 9537
6.21957802772522, 9536
6.22974157333374, 9535
6.239864349365234, 9534
6.239864349365234, 9533
6.247902870178223, 9532
6.2702109813690186, 9531
6.2702109813690186, 9530
6.278263807296753, 9529
6.280318021774292, 9528
6.310683965682983, 9527
6.310683965682983, 9526
6.320791244506836, 9525
6.320791244506836, 9524
6.3309924602508545, 9523
6.341102838516235, 9522
6.341102838516235, 9521
6.341102838516235, 9520
6.341102838516235, 9519
6.351264715194702, 9518
6.351264715194702, 9517
6.361377477645874, 9516
6.371515989303589, 9515
6.379571437835693, 9514
6.483297109603882, 9513
6.4934563636779785, 9512
6.4934563636779785, 9511
6.501512289047241, 9510
6.503565788269043, 9509
6.513683080673218, 9508
6.513683080673218, 9507
6.523790597915649, 9506
6.523790597915649, 9505
6.523790597915649, 9504
6.523790597915649, 9503
6.5339531898498535, 9502
6.5339531898498535, 9501
6.552170515060425, 9500
6.554225206375122, 9499
6.554225206375122, 9498
6.554225206375122, 9497
6.564295053482056, 9496
6.574441909790039, 9495
6.574441909790039, 9494
6.584551572799683, 9493
6.584551572799683, 9492
6.584551572799683, 9491
6.592632532119751, 9490
6.594686508178711, 9489
6.594686508178711, 9488
6.604810953140259, 9487
6.604810953140259, 9486
6.604810953140259, 9485
6.604810953140259, 9484
6.604810953140259, 9483
6.612901449203491, 9482
6.614956855773926, 9481
6.6230127811431885, 9480
6.6230127811431885, 9479
6.625069618225098, 9478
6.625069618225098, 9477
6.63521933555603, 9476
6.643274307250977, 9475
6.655454397201538, 9474
6.655454397201538, 9473
6.655454397201538, 9472
6.665582895278931, 9471
6.675693035125732, 9470
6.675693035125732, 9469
6.683748006820679, 9468
6.685803174972534, 9467
6.685803174972534, 9466
6.706057786941528, 9465
6.7141218185424805, 9464
6.7364420890808105, 9463
6.744511842727661, 9462
6.756746292114258, 9461
6.764801263809204, 9460
6.764801263809204, 9459
6.766855001449585, 9458
6.787112712860107, 9457
6.787112712860107, 9456
6.787112712860107, 9455
6.797245264053345, 9454
6.797245264053345, 9453
6.805299997329712, 9452
6.805299997329712, 9451
6.8175389766693115, 9450
6.8175389766693115, 9449
6.827650785446167, 9448
6.827650785446167, 9447
6.837805271148682, 9446
6.837805271148682, 9445
6.837805271148682, 9444
6.858018398284912, 9443
6.858018398284912, 9442
6.868137836456299, 9441
6.868137836456299, 9440
6.868137836456299, 9439
6.878254175186157, 9438
6.878254175186157, 9437
6.888363361358643, 9436
6.896444082260132, 9435
6.896444082260132, 9434
6.89850640296936, 9433
6.906561613082886, 9432
6.906561613082886, 9431
6.918726682662964, 9430
6.918726682662964, 9429
6.926781415939331, 9428
6.926781415939331, 9427
6.928843975067139, 9426
6.928843975067139, 9425
6.928843975067139, 9424
6.939007043838501, 9423
6.947061777114868, 9422
6.9592390060424805, 9421
6.969352960586548, 9420
6.977442979812622, 9419
6.977442979812622, 9418
6.979497671127319, 9417
6.979497671127319, 9416
6.979497671127319, 9415
6.989617347717285, 9414
6.989617347717285, 9413
6.999706506729126, 9412
7.009814739227295, 9411
7.009814739227295, 9410
7.009814739227295, 9409
7.040207386016846, 9408
7.0503246784210205, 9407
7.0503246784210205, 9406
7.060454368591309, 9405
7.070562362670898, 9404
7.081132650375366, 9403
7.089186191558838, 9402
7.091241121292114, 9401
7.0993664264678955, 9400
7.1014251708984375, 9399
7.11154317855835, 9398
7.121700048446655, 9397
7.121700048446655, 9396
7.131810665130615, 9395
7.131810665130615, 9394
7.141977310180664, 9393
7.141977310180664, 9392
7.141977310180664, 9391
7.152083396911621, 9390
7.172318458557129, 9389
7.201986789703369, 9388
7.202990531921387, 9387
7.213216781616211, 9386
7.213216781616211, 9385
7.233496427536011, 9384
7.253759384155273, 9383
7.274003028869629, 9382
7.284111261367798, 9381
7.3043763637542725, 9380
7.314446210861206, 9379
7.314446210861206, 9378
7.314446210861206, 9377
7.322526931762695, 9376
7.324580907821655, 9375
7.344871759414673, 9374
7.344871759414673, 9373
7.344871759414673, 9372
7.354995250701904, 9371
7.354995250701904, 9370
7.365156412124634, 9369
7.373210906982422, 9368
7.385404109954834, 9367
7.385404109954834, 9366
7.403588056564331, 9365
7.415759086608887, 9364
7.415759086608887, 9363
7.415759086608887, 9362
7.423841238021851, 9361
7.425911903381348, 9360
7.4461774826049805, 9359
7.4461774826049805, 9358
7.456286191940308, 9357
7.456286191940308, 9356
7.4663848876953125, 9355
7.486642122268677, 9354
7.486642122268677, 9353
7.486642122268677, 9352
7.494697570800781, 9351
7.496751070022583, 9350
7.504828214645386, 9349
7.5068864822387695, 9348
7.5068864822387695, 9347
7.5169947147369385, 9346
7.732014179229736, 9345
7.742136240005493, 9344
7.742136240005493, 9343
7.752407073974609, 9342
7.752407073974609, 9341
7.752407073974609, 9340
7.762515544891357, 9339
7.762515544891357, 9338
7.7726826667785645, 9337
7.7827677726745605, 9336
7.790856599807739, 9335
7.7929112911224365, 9334
7.7929112911224365, 9333
7.7929112911224365, 9332
7.800974369049072, 9331
7.803027629852295, 9330
7.803027629852295, 9329
7.803027629852295, 9328
7.813156604766846, 9327
7.813156604766846, 9326
7.813156604766846, 9325
7.821210861206055, 9324
7.8232645988464355, 9323
7.8232645988464355, 9322
7.83343768119812, 9321
7.83343768119812, 9320
7.8536999225616455, 9319
7.863813877105713, 9318
7.87394380569458, 9317
7.881998777389526, 9316
7.8941802978515625, 9315
7.8941802978515625, 9314
7.914440155029297, 9313
7.914440155029297, 9312
7.922502040863037, 9311
7.924557447433472, 9310
7.924557447433472, 9309
7.934680938720703, 9308
7.9549500942230225, 9307
7.9549500942230225, 9306
7.9630022048950195, 9305
7.965059757232666, 9304
7.965059757232666, 9303
7.9751715660095215, 9302
7.985286474227905, 9301
7.993367433547974, 9300
7.995421886444092, 9299
7.995421886444092, 9298
7.995421886444092, 9297
7.995421886444092, 9296
8.005543231964111, 9295
8.015687227249146, 9294
8.015687227249146, 9293
8.025805234909058, 9292
8.025805234909058, 9291
8.046064376831055, 9290
8.056213855743408, 9289
8.056213855743408, 9288
8.066283226013184, 9287
8.074361562728882, 9286
8.076420068740845, 9285
8.084474325180054, 9284
8.086531162261963, 9283
8.086531162261963, 9282
8.086531162261963, 9281
8.106828212738037, 9280
8.106828212738037, 9279
8.117008924484253, 9278
8.137239217758179, 9277
8.147309064865112, 9276
8.147309064865112, 9275
8.155410051345825, 9274
8.155410051345825, 9273
8.177700281143188, 9272
8.177700281143188, 9271
8.185755491256714, 9270
8.187816381454468, 9269
8.187816381454468, 9268
8.197932481765747, 9267
8.197932481765747, 9266
8.20599627494812, 9265
8.208049297332764, 9264
8.228312253952026, 9263
8.23848271369934, 9262
8.348215341567993, 9261
8.350269079208374, 9260
8.358373165130615, 9259
8.360430002212524, 9258
8.360430002212524, 9257
8.370547533035278, 9256
8.370547533035278, 9255
8.370547533035278, 9254
8.380679607391357, 9253
8.388735055923462, 9252
8.390788316726685, 9251
8.419112920761108, 9250
8.421168804168701, 9249
8.43128776550293, 9248
8.43128776550293, 9247
8.441428184509277, 9246
8.451550006866455, 9245
8.451550006866455, 9244
8.451550006866455, 9243
8.451550006866455, 9242
8.451550006866455, 9241
8.459644556045532, 9240
8.461702585220337, 9239
8.461702585220337, 9238
8.461702585220337, 9237
8.481944799423218, 9236
8.481944799423218, 9235
8.492061614990234, 9234
8.51230764389038, 9233
8.52039361000061, 9232
8.532516241073608, 9231
8.542629718780518, 9230
8.55275011062622, 9229
8.55275011062622, 9228
8.562917947769165, 9227
8.562917947769165, 9226
8.562917947769165, 9225
8.562917947769165, 9224
8.573025465011597, 9223
8.583205699920654, 9222
8.591259956359863, 9221
8.603457927703857, 9220
8.603457927703857, 9219
8.61358094215393, 9218
8.61358094215393, 9217
8.623741388320923, 9216
8.623741388320923, 9215
8.623741388320923, 9214
8.633852005004883, 9213
8.644026279449463, 9212
8.644026279449463, 9211
8.654155492782593, 9210
8.654155492782593, 9209
8.664264440536499, 9208
8.68245816230774, 9207
8.684512853622437, 9206
8.694639444351196, 9205
8.694639444351196, 9204
8.714906215667725, 9203
8.725013971328735, 9202
8.74527096748352, 9201
8.753379344940186, 9200
8.755429983139038, 9199
8.755429983139038, 9198
8.755429983139038, 9197
8.763491868972778, 9196
8.76554536819458, 9195
8.78576397895813, 9194
8.78576397895813, 9193
8.836417436599731, 9192
8.836417436599731, 9191
8.844472169876099, 9190
8.844472169876099, 9189
8.846525192260742, 9188
8.846525192260742, 9187
8.85669493675232, 9186
8.85669493675232, 9185
8.885032176971436, 9184
8.887086391448975, 9183
8.887086391448975, 9182
8.905235528945923, 9181
8.927937030792236, 9180
8.93807053565979, 9179
8.93807053565979, 9178
8.94612741470337, 9177
8.956275224685669, 9176
8.966384410858154, 9175
8.978607892990112, 9174
8.988718032836914, 9173
8.988718032836914, 9172
9.01908540725708, 9171
9.01908540725708, 9170
9.027146577835083, 9169
9.027146577835083, 9168
9.029200315475464, 9167
9.029200315475464, 9166
9.039325714111328, 9165
9.047341585159302, 9164
9.049394845962524, 9163
9.049394845962524, 9162
9.069669008255005, 9161
9.069669008255005, 9160
9.077759504318237, 9159
9.079816102981567, 9158
9.089940786361694, 9157
9.089940786361694, 9156
9.089940786361694, 9155
9.098052501678467, 9154
9.10012149810791, 9153
9.10012149810791, 9152
9.128421306610107, 9151
9.128421306610107, 9150
9.130457639694214, 9149
9.130457639694214, 9148
9.140580415725708, 9147
9.140580415725708, 9146
9.148648977279663, 9145
9.150715589523315, 9144
9.150715589523315, 9143
9.15877366065979, 9142
9.160824537277222, 9141
9.168878555297852, 9140
9.170932054519653, 9139
9.17904782295227, 9138
9.181104183197021, 9137
9.199277877807617, 9136
9.221636772155762, 9135
9.221636772155762, 9134
9.221636772155762, 9133
9.231755256652832, 9132
9.260120153427124, 9131
9.262174606323242, 9130
9.282416582107544, 9129
9.292525291442871, 9128
9.292525291442871, 9127
9.306413412094116, 9126
9.310635566711426, 9125
9.314811944961548, 9124
9.322942018508911, 9123
9.322942018508911, 9122
9.343188762664795, 9121
9.343188762664795, 9120
9.351243257522583, 9119
9.353297710418701, 9118
9.373545169830322, 9117
9.424254655838013, 9116
9.434362411499023, 9115
9.434362411499023, 9114
9.444503784179688, 9113
9.444503784179688, 9112
9.472815752029419, 9111
9.4748694896698, 9110
9.4748694896698, 9109
9.4748694896698, 9108
9.4748694896698, 9107
9.4748694896698, 9106
9.4748694896698, 9105
9.485034465789795, 9104
9.485034465789795, 9103
9.515401124954224, 9102
9.523445844650269, 9101
9.544107913970947, 9100
9.546162843704224, 9099
9.566405773162842, 9098
9.57652735710144, 9097
9.586687803268433, 9096
9.586687803268433, 9095
9.586687803268433, 9094
9.606995344161987, 9093
9.617112874984741, 9092
9.62726902961731, 9091
9.62726902961731, 9090
9.637382507324219, 9089
9.677911520004272, 9088
9.698180198669434, 9087
9.718434572219849, 9086
9.728548049926758, 9085
9.738659381866455, 9084
9.74881911277771, 9083
9.74881911277771, 9082
9.74881911277771, 9081
9.779218673706055, 9080
9.809613704681396, 9079
9.8298499584198, 9078
9.850135087966919, 9077
9.850135087966919, 9076
9.860241651535034, 9075
9.880473136901855, 9074
9.880473136901855, 9073
9.888566255569458, 9072
9.890620708465576, 9071
9.890620708465576, 9070
9.900737285614014, 9069
9.910873889923096, 9068
9.910873889923096, 9067
9.920979738235474, 9066
9.929057598114014, 9065
9.931113958358765, 9064
9.941233396530151, 9063
9.941233396530151, 9062
9.941233396530151, 9061
9.941233396530151, 9060
9.951364278793335, 9059
9.961477994918823, 9058
9.961477994918823, 9057
9.97157907485962, 9056
9.97157907485962, 9055
9.9920973777771, 9054
10.002206087112427, 9053
10.025658369064331, 9052
10.025658369064331, 9051
10.031712293624878, 9050
10.03376579284668, 9049
10.043855905532837, 9048
10.043855905532837, 9047
10.043855905532837, 9046
10.185811996459961, 9045
10.214158296585083, 9044
10.216227054595947, 9043
10.224308252334595, 9042
10.226375341415405, 9041
10.226375341415405, 9040
10.246903896331787, 9039
10.246903896331787, 9038
10.246903896331787, 9037
10.254969120025635, 9036
10.254969120025635, 9035
10.257034540176392, 9034
10.277318716049194, 9033
10.29552674293518, 9032
10.3056480884552, 9031
10.3056480884552, 9030
10.307717084884644, 9029
10.307717084884644, 9028
10.327982425689697, 9027
10.338099479675293, 9026
10.356290817260742, 9025
10.358347177505493, 9024
10.358347177505493, 9023
10.366427898406982, 9022
10.368486166000366, 9021
10.368486166000366, 9020
10.368486166000366, 9019
10.386680126190186, 9018
10.398825645446777, 9017
10.417031049728394, 9016
10.419093608856201, 9015
10.427180290222168, 9014
10.449517011642456, 9013
10.449517011642456, 9012
10.469801187515259, 9011
10.479951858520508, 9010
10.479951858520508, 9009
10.479951858520508, 9008
10.479951858520508, 9007
10.508325815200806, 9006
10.510393619537354, 9005
10.520529747009277, 9004
10.530637741088867, 9003
10.530637741088867, 9002
10.55091667175293, 9001
10.571175575256348, 9000
10.571175575256348, 8999
10.581308841705322, 8998
10.601572513580322, 8997
10.609633445739746, 8996
10.619774341583252, 8995
10.621840953826904, 8994
10.621840953826904, 8993
10.621840953826904, 8992
10.650214672088623, 8991
10.662418365478516, 8990
10.662418365478516, 8989
10.682692050933838, 8988
10.692848205566406, 8987
10.702988862991333, 8986
10.702988862991333, 8985
10.914505243301392, 8984
10.91657042503357, 8983
10.926713228225708, 8982
10.934778690338135, 8981
10.944892168045044, 8980
10.957103490829468, 8979
10.957103490829468, 8978
10.96725845336914, 8977
10.975324869155884, 8976
10.975324869155884, 8975
10.997669696807861, 8974
11.017952680587769, 8973
11.025961637496948, 8972
11.02811336517334, 8971
11.046264410018921, 8970
11.056464910507202, 8969
11.068707942962646, 8968
11.068707942962646, 8967
11.086908102035522, 8966
11.088973999023438, 8965
11.109253406524658, 8964
11.117321491241455, 8963
11.13760495185852, 8962
11.139671325683594, 8961
11.149823665618896, 8960
11.149823665618896, 8959
11.1599600315094, 8958
11.170112133026123, 8957
11.170112133026123, 8956
11.170112133026123, 8955
11.200506448745728, 8954
11.218689203262329, 8953
11.220754861831665, 8952
11.241041660308838, 8951
11.26132607460022, 8950
11.269410848617554, 8949
11.271480083465576, 8948
11.279547691345215, 8947
11.279547691345215, 8946
11.281616449356079, 8945
11.291770458221436, 8944
11.301899433135986, 8943
11.301899433135986, 8942
11.301899433135986, 8941
11.301899433135986, 8940
11.312037706375122, 8939
11.340384244918823, 8938
11.342448949813843, 8937
11.360628366470337, 8936
11.523159980773926, 8935
11.533288478851318, 8934
11.545494318008423, 8933
11.545494318008423, 8932
11.565781593322754, 8931
11.57592225074768, 8930
11.583989143371582, 8929
11.586054801940918, 8928
11.596192359924316, 8927
11.604262351989746, 8926
11.61440134048462, 8925
11.644805908203125, 8924
11.675239562988281, 8923
11.707685470581055, 8922
11.717838525772095, 8921
11.717838525772095, 8920
11.717838525772095, 8919
11.738138198852539, 8918
11.738138198852539, 8917
11.738138198852539, 8916
11.746206521987915, 8915
11.758431911468506, 8914
11.766498804092407, 8913
11.77870798110962, 8912
11.77870798110962, 8911
11.77870798110962, 8910
11.78884243965149, 8909
11.817173480987549, 8908
11.819239377975464, 8907
11.827308177947998, 8906
11.829370260238647, 8905
11.829370260238647, 8904
11.837437152862549, 8903
11.839505195617676, 8902
11.839505195617676, 8901
11.847572565078735, 8900
11.849637985229492, 8899
11.849637985229492, 8898
11.85773754119873, 8897
11.859807968139648, 8896
11.880094289779663, 8895
11.890228748321533, 8894
11.930779457092285, 8893
11.930779457092285, 8892
11.94091272354126, 8891
11.961166858673096, 8890
11.971296310424805, 8889
11.981819868087769, 8888
12.002091407775879, 8887
12.020319700241089, 8886
12.020319700241089, 8885
12.062936067581177, 8884
12.062936067581177, 8883
12.071013927459717, 8882
12.07308053970337, 8881
12.07308053970337, 8880
12.083235502243042, 8879
12.093368530273438, 8878
12.103522300720215, 8877
12.103522300720215, 8876
12.103522300720215, 8875
12.103522300720215, 8874
12.123826265335083, 8873
12.133960962295532, 8872
12.142049312591553, 8871
12.152194738388062, 8870
12.154261350631714, 8869
12.164417743682861, 8868
12.164417743682861, 8867
12.164417743682861, 8866
12.20304536819458, 8865
12.243714094161987, 8864
12.24578309059143, 8863
12.24578309059143, 8862
12.24578309059143, 8861
12.255914688110352, 8860
12.255914688110352, 8859
12.255914688110352, 8858
12.263960599899292, 8857
12.266027212142944, 8856
12.266027212142944, 8855
12.286308765411377, 8854
12.286308765411377, 8853
12.296406745910645, 8852
12.296406745910645, 8851
12.316694259643555, 8850
12.324777126312256, 8849
12.326843500137329, 8848
12.336977481842041, 8847
12.34712815284729, 8846
12.34712815284729, 8845
12.34712815284729, 8844
12.34712815284729, 8843
12.357266664505005, 8842
12.357266664505005, 8841
12.365351676940918, 8840
12.375485897064209, 8839
12.377553701400757, 8838
12.397817134857178, 8837
12.405888080596924, 8836
12.416021823883057, 8835
12.418088436126709, 8834
12.418088436126709, 8833
12.44848346710205, 8832
12.456554651260376, 8831
12.458623886108398, 8830
12.499179363250732, 8829
12.5072500705719, 8828
12.519454002380371, 8827
12.519454002380371, 8826
12.519454002380371, 8825
12.52753734588623, 8824
12.52957534790039, 8823
12.55996060371399, 8822
12.56804370880127, 8821
12.590777158737183, 8820
12.600914478302002, 8819
12.611065864562988, 8818
12.611065864562988, 8817
12.619136810302734, 8816
12.631347417831421, 8815
12.649584531784058, 8814
12.649584531784058, 8813
12.649584531784058, 8812
12.651653289794922, 8811
12.661786317825317, 8810
12.661786317825317, 8809
12.679994106292725, 8808
12.682061195373535, 8807
12.69220757484436, 8806
12.69220757484436, 8805
12.69220757484436, 8804
12.710412740707397, 8803
12.712479591369629, 8802
12.712479591369629, 8801
12.720546960830688, 8800
12.722612619400024, 8799
12.740833759307861, 8798
12.763211965560913, 8797
12.763211965560913, 8796
12.78343915939331, 8795
12.78343915939331, 8794
12.791519403457642, 8793
12.791519403457642, 8792
12.80371904373169, 8791
12.813861846923828, 8790
12.83208441734314, 8789
12.834150791168213, 8788
12.854410648345947, 8787
12.86455488204956, 8786
12.88278341293335, 8785
12.884849548339844, 8784
12.892937421798706, 8783
12.892937421798706, 8782
12.905136346817017, 8781
12.915250778198242, 8780
12.925383567810059, 8779
12.925383567810059, 8778
12.935538053512573, 8777
12.935538053512573, 8776
12.955837726593018, 8775
12.955837726593018, 8774
12.99631667137146, 8773
13.026734352111816, 8772
13.026734352111816, 8771
13.036874532699585, 8770
13.036874532699585, 8769
13.036874532699585, 8768
13.047013521194458, 8767
13.047013521194458, 8766
13.047013521194458, 8765
13.077456951141357, 8764
13.087594032287598, 8763
13.087594032287598, 8762
13.097744226455688, 8761
13.118036270141602, 8760
13.118036270141602, 8759
13.118036270141602, 8758
13.128172636032104, 8757
13.128172636032104, 8756
13.13832712173462, 8755
13.168753862380981, 8754
13.189036846160889, 8753
13.189036846160889, 8752
13.20971131324768, 8751
13.219824314117432, 8750
13.238042831420898, 8749
13.240118741989136, 8748
13.240118741989136, 8747
13.25826907157898, 8746
13.27860403060913, 8745
13.280672073364258, 8744
13.280672073364258, 8743
13.280672073364258, 8742
13.288741827011108, 8741
13.298895597457886, 8740
13.309027910232544, 8739
13.331358194351196, 8738
13.351643323898315, 8737
13.392236471176147, 8736
13.402401447296143, 8735
13.402401447296143, 8734
13.402401447296143, 8733
13.43075156211853, 8732
13.440897941589355, 8731
13.442964553833008, 8730
13.513926029205322, 8729
13.532145261764526, 8728
13.534213066101074, 8727
13.544361114501953, 8726
13.564738273620605, 8725
13.57502007484436, 8724
13.605831384658813, 8723
13.605831384658813, 8722
13.616114616394043, 8721
13.63663387298584, 8720
13.657116174697876, 8719
13.667274951934814, 8718
13.697991371154785, 8717
13.708229780197144, 8716
13.708229780197144, 8715
13.708229780197144, 8714
13.708229780197144, 8713
13.708229780197144, 8712
13.728732109069824, 8711
13.728732109069824, 8710
13.728732109069824, 8709
13.736873626708984, 8708
13.736873626708984, 8707
13.739020109176636, 8706
13.747123956680298, 8705
13.74926471710205, 8704
13.74926471710205, 8703
13.759548902511597, 8702
13.759548902511597, 8701
13.769774913787842, 8700
13.788050174713135, 8699
13.81373643875122, 8698
13.81373643875122, 8697
13.829320907592773, 8696
13.844993352890015, 8695
13.844993352890015, 8694
13.860617399215698, 8693
13.860617399215698, 8692
13.87624192237854, 8691
13.87624192237854, 8690
13.898406744003296, 8689
13.898406744003296, 8688
13.914079427719116, 8687
13.914079427719116, 8686
13.914079427719116, 8685
13.929703950881958, 8684
13.945328712463379, 8683
13.945328712463379, 8682
13.976580142974854, 8681
14.021493196487427, 8680
14.021493196487427, 8679
14.03171968460083, 8678
14.042020797729492, 8677
14.052278995513916, 8676
14.062516212463379, 8675
14.070625066757202, 8674
14.093289136886597, 8673
14.113807916641235, 8672
14.124086380004883, 8671
14.124086380004883, 8670
14.124086380004883, 8669
14.14465594291687, 8668
14.185673713684082, 8667
14.195781946182251, 8666
14.195781946182251, 8665
14.206072568893433, 8664
14.216371297836304, 8663
14.226656675338745, 8662
14.226656675338745, 8661
14.236890077590942, 8660
14.257322072982788, 8659
14.265468835830688, 8658
14.267620325088501, 8657
14.2881441116333, 8656
14.308674335479736, 8655
14.318902969360352, 8654
14.318902969360352, 8653
14.318902969360352, 8652
14.327043294906616, 8651
14.340975761413574, 8650
14.343344449996948, 8649
14.344485521316528, 8648
14.345537185668945, 8647
14.357314348220825, 8646
14.357314348220825, 8645
14.390231132507324, 8644
14.40861439704895, 8643
14.410764217376709, 8642
14.410764217376709, 8641
14.429055452346802, 8640
14.50343656539917, 8639
14.50343656539917, 8638
14.511515378952026, 8637
14.51365065574646, 8636
14.523930311203003, 8635
14.523930311203003, 8634
14.56495475769043, 8633
14.593417167663574, 8632
14.595553159713745, 8631
14.6058349609375, 8630
14.616067171096802, 8629
14.62635087966919, 8628
14.64687728881836, 8627
14.665245294570923, 8626
14.687915325164795, 8625
14.73902940750122, 8624
14.747159242630005, 8623
14.747159242630005, 8622
14.749289512634277, 8621
14.749289512634277, 8620
14.757395029067993, 8619
14.777872323989868, 8618
14.800522089004517, 8617
14.84132981300354, 8616
14.861814975738525, 8615
14.872103214263916, 8614
14.880213499069214, 8613
14.882355213165283, 8612
14.882355213165283, 8611
14.882355213165283, 8610
14.892635107040405, 8609
14.913053274154663, 8608
14.913053274154663, 8607
14.913053274154663, 8606
14.933557748794556, 8605
14.984859228134155, 8604
14.995152711868286, 8603
15.015684366226196, 8602
15.025899171829224, 8601
15.034038305282593, 8600
15.036183834075928, 8599
15.036183834075928, 8598
15.046711206436157, 8597
15.046711206436157, 8596
15.067291975021362, 8595
15.077589750289917, 8594
15.077589750289917, 8593
15.085651636123657, 8592
15.087792873382568, 8591
15.09803318977356, 8590
15.128759384155273, 8589
15.128759384155273, 8588
15.128759384155273, 8587
15.139042377471924, 8586
15.159564018249512, 8585
15.16766881942749, 8584
15.18000864982605, 8583
15.19023847579956, 8582
15.19023847579956, 8581
15.208603143692017, 8580
15.210741996765137, 8579
15.231226444244385, 8578
15.239365816116333, 8577
15.241515159606934, 8576
15.272202491760254, 8575
15.282495975494385, 8574
15.292694807052612, 8573
15.292694807052612, 8572
15.313206195831299, 8571
15.313206195831299, 8570
15.323489665985107, 8569
15.364391565322876, 8568
15.374622106552124, 8567
15.374622106552124, 8566
15.38490104675293, 8565
15.38490104675293, 8564
15.392985105514526, 8563
15.405428171157837, 8562
15.405428171157837, 8561
15.405428171157837, 8560
15.415556192398071, 8559
15.415556192398071, 8558
15.465012073516846, 8557
15.466663599014282, 8556
15.47676968574524, 8555
15.47676968574524, 8554
15.47676968574524, 8553
15.484909057617188, 8552
15.495155334472656, 8551
15.538362264633179, 8550
15.558876037597656, 8549
15.577216863632202, 8548
15.579355955123901, 8547
15.599869966506958, 8546
15.607950687408447, 8545
15.607950687408447, 8544
15.640738248825073, 8543
15.661570310592651, 8542
15.681994915008545, 8541
15.681994915008545, 8540
15.702330350875854, 8539
15.774006605148315, 8538
15.78214979171753, 8537
15.784294366836548, 8536
15.784294366836548, 8535
15.812902450561523, 8534
15.815046548843384, 8533
15.833409786224365, 8532
15.835551500320435, 8531
15.835551500320435, 8530
15.845829963684082, 8529
15.866179943084717, 8528
15.866179943084717, 8527
15.886485576629639, 8526
15.886485576629639, 8525
15.896613597869873, 8524
15.90469241142273, 8523
15.90469241142273, 8522
15.91691279411316, 8521
15.927048444747925, 8520
15.93720030784607, 8519
15.947340488433838, 8518
16.00605344772339, 8517
16.02841591835022, 8516
16.048706769943237, 8515
16.058844089508057, 8514
16.058844089508057, 8513
16.079126358032227, 8512
16.079126358032227, 8511
16.11965036392212, 8510
16.129783391952515, 8509
16.129783391952515, 8508
16.1399188041687, 8507
16.1399188041687, 8506
16.160165071487427, 8505
16.180453538894653, 8504
16.19058871269226, 8503
16.200754165649414, 8502
16.241305589675903, 8501
16.261959075927734, 8500
16.300480842590332, 8499
16.30254626274109, 8498
16.312680959701538, 8497
16.322826862335205, 8496
16.343095779418945, 8495
16.353243112564087, 8494
16.363378286361694, 8493
16.371444940567017, 8492
16.391716718673706, 8491
16.401815176010132, 8490
16.403887271881104, 8489
16.414023637771606, 8488
16.414023637771606, 8487
16.434321880340576, 8486
16.44447636604309, 8485
16.454606771469116, 8484
16.454606771469116, 8483
16.482958555221558, 8482
16.495167016983032, 8481
16.50531506538391, 8480
16.50531506538391, 8479
16.53571915626526, 8478
16.55392622947693, 8477
16.586433172225952, 8476
16.627023935317993, 8475
16.66753363609314, 8474
16.66753363609314, 8473
16.66753363609314, 8472
16.687768936157227, 8471
16.69791841506958, 8470
16.708074808120728, 8469
16.71820902824402, 8468
16.738486528396606, 8467
16.766844511032104, 8466
16.779056549072266, 8465
16.79933524131775, 8464
16.80948567390442, 8463
16.80948567390442, 8462
16.81961703300476, 8461
16.82975721359253, 8460
16.850037574768066, 8459
16.850037574768066, 8458
16.850037574768066, 8457
16.860173225402832, 8456
16.870686769485474, 8455
16.890956163406372, 8454
16.921376705169678, 8453
16.921376705169678, 8452
16.992324829101562, 8451
17.002459287643433, 8450
17.002459287643433, 8449
17.002459287643433, 8448
17.010539293289185, 8447
17.020675897598267, 8446
17.022741317749023, 8445
17.061253786087036, 8444
17.124159812927246, 8443
17.13431668281555, 8442
17.164729833602905, 8441
17.213679552078247, 8440
17.21574878692627, 8439
17.22589373588562, 8438
17.236054182052612, 8437
17.246190547943115, 8436
17.256343603134155, 8435
17.28676152229309, 8434
17.28676152229309, 8433
17.28676152229309, 8432
17.307079553604126, 8431
17.317217588424683, 8430
17.32528567314148, 8429
17.327350616455078, 8428
17.378068923950195, 8427
17.388203620910645, 8426
17.39832854270935, 8425
17.418609380722046, 8424
17.438881635665894, 8423
17.438881635665894, 8422
17.449016094207764, 8421
17.45916986465454, 8420
17.50020408630371, 8419
17.5083429813385, 8418
17.53907871246338, 8417
17.561659336090088, 8416
17.582102060317993, 8415
17.582102060317993, 8414
17.59238290786743, 8413
17.602618932724, 8412
17.610759735107422, 8411
17.612898349761963, 8410
17.612898349761963, 8409
17.643654823303223, 8408
17.664172649383545, 8407
17.67231822013855, 8406
17.674458265304565, 8405
17.68254518508911, 8404
17.694849967956543, 8403
17.702944040298462, 8402
17.735957384109497, 8401
17.918254852294922, 8400
17.96937370300293, 8399
17.971518993377686, 8398
18.002318620681763, 8397
18.012539863586426, 8396
18.020679712295532, 8395
18.073916912078857, 8394
18.073916912078857, 8393
18.084201097488403, 8392
18.10505986213684, 8391
18.10505986213684, 8390
18.135783195495605, 8389
18.135783195495605, 8388
18.146075010299683, 8387
18.154179096221924, 8386
18.15631937980652, 8385
18.15631937980652, 8384
18.166614294052124, 8383
18.166614294052124, 8382
18.187127351760864, 8381
18.19739317893982, 8380
18.205533266067505, 8379
18.207672119140625, 8378
18.21578097343445, 8377
18.2464861869812, 8376
18.248625993728638, 8375
18.27933430671692, 8374
18.27933430671692, 8373
18.299787759780884, 8372
18.30793261528015, 8371
18.310078382492065, 8370
18.318156003952026, 8369
18.338643789291382, 8368
18.361305952072144, 8367
18.392158031463623, 8366
18.392158031463623, 8365
18.400264739990234, 8364
18.402405261993408, 8363
18.402405261993408, 8362
18.412688493728638, 8361
18.4229257106781, 8360
18.4229257106781, 8359
18.4310781955719, 8358
18.443443775177002, 8357
18.53568696975708, 8356
18.53568696975708, 8355
18.576756715774536, 8354
18.584909915924072, 8353
18.607568979263306, 8352
18.627996683120728, 8351
18.638280630111694, 8350
18.64636540412903, 8349
18.65878915786743, 8348
18.65878915786743, 8347
18.669005870819092, 8346
18.710357427597046, 8345
18.72063183784485, 8344
18.730849027633667, 8343
18.741048574447632, 8342
18.751261949539185, 8341
18.751261949539185, 8340
18.761420965194702, 8339
18.781803607940674, 8338
18.79201102256775, 8337
18.79201102256775, 8336
18.833037853240967, 8335
18.841179609298706, 8334
18.853538990020752, 8333
18.874049186706543, 8332
18.956218242645264, 8331
18.98701524734497, 8330
18.997297763824463, 8329
19.06889247894287, 8328
19.07694959640503, 8327
19.12011456489563, 8326
19.130358695983887, 8325
19.150864362716675, 8324
19.150864362716675, 8323
19.17142629623413, 8322
19.179509162902832, 8321
19.200048208236694, 8320
19.20210862159729, 8319
19.222641944885254, 8318
19.222641944885254, 8317
19.24314832687378, 8316
19.263628244400024, 8315
19.284196376800537, 8314
19.325121879577637, 8313
19.34546399116516, 8312
19.36603355407715, 8311
19.36603355407715, 8310
19.37418484687805, 8309
19.37418484687805, 8308
19.376328468322754, 8307
19.384374618530273, 8306
19.40655517578125, 8305
19.416778087615967, 8304
19.435152292251587, 8303
19.43722128868103, 8302
19.43722128868103, 8301
19.478299856185913, 8300
19.478299856185913, 8299
19.48858332633972, 8298
19.48858332633972, 8297
19.48858332633972, 8296
19.498780488967896, 8295
19.519119262695312, 8294
19.547781229019165, 8293
19.57044553756714, 8292
19.580667972564697, 8291
19.5888090133667, 8290
19.61125683784485, 8289
19.61125683784485, 8288
19.631786584854126, 8287
19.631786584854126, 8286
19.660202980041504, 8285
19.660202980041504, 8284
19.717102527618408, 8283
19.74836015701294, 8282
19.74836015701294, 8281
19.78624415397644, 8280
19.8174569606781, 8279
19.833081245422363, 8278
19.848706483840942, 8277
19.886472702026367, 8276
19.964598894119263, 8275
19.971108436584473, 8274
19.971108436584473, 8273
20.0041401386261, 8272
20.0041401386261, 8271
20.0041401386261, 8270
20.0041401386261, 8269
20.0041401386261, 8268
20.01977014541626, 8267
20.01977014541626, 8266
20.01977014541626, 8265
20.01977014541626, 8264
20.101648807525635, 8263
20.144277811050415, 8262
20.172584295272827, 8261
20.174649477005005, 8260
20.18475866317749, 8259
20.18475866317749, 8258
20.204989671707153, 8257
20.215141534805298, 8256
20.215141534805298, 8255
20.215141534805298, 8254
20.225334405899048, 8253
20.23337435722351, 8252
20.23541283607483, 8251
20.23541283607483, 8250
20.23541283607483, 8249
20.245525598526, 8248
20.37729549407959, 8247
20.397592067718506, 8246
20.41580605506897, 8245
20.417874097824097, 8244
20.438138246536255, 8243
20.446170806884766, 8242
20.59041714668274, 8241
20.59041714668274, 8240
20.691675424575806, 8239
20.701792001724243, 8238
20.74022102355957, 8237
20.74230432510376, 8236
20.792930364608765, 8235
20.792930364608765, 8234
20.803040742874146, 8233
20.81314253807068, 8232
20.82121467590332, 8231
20.833395957946777, 8230
20.904223918914795, 8229
20.924453020095825, 8228
20.924453020095825, 8227
20.942655086517334, 8226
20.944708347320557, 8225
20.944708347320557, 8224
20.96496343612671, 8223
20.975111961364746, 8222
20.98522162437439, 8221
20.99537205696106, 8220
21.005492448806763, 8219
21.013576984405518, 8218
21.01563334465027, 8217
21.033833980560303, 8216
21.045997858047485, 8215
21.064208984375, 8214
21.06626272201538, 8213
21.096657037734985, 8212
21.096657037734985, 8211
21.096657037734985, 8210
21.13712763786316, 8209
21.14724588394165, 8208
21.23880100250244, 8207
21.279582500457764, 8206
21.279582500457764, 8205
21.279582500457764, 8204
21.28987193107605, 8203
21.300169467926025, 8202
21.300169467926025, 8201
21.320656538009644, 8200
21.339033842086792, 8199
21.35140562057495, 8198
21.381750345230103, 8197
21.3918673992157, 8196
21.4121413230896, 8195
21.452677965164185, 8194
21.452677965164185, 8193
21.472891807556152, 8192
21.91650128364563, 8191
21.947808980941772, 8190
21.99467921257019, 8189
21.99467921257019, 8188
22.02905797958374, 8187
22.02905797958374, 8186
22.039178133010864, 8185
22.039178133010864, 8184
22.057397603988647, 8183
22.079702615737915, 8182
22.089839458465576, 8181
22.160688400268555, 8180
22.160688400268555, 8179
22.16876244544983, 8178
22.180928707122803, 8177
22.212423086166382, 8176
22.22162389755249, 8175
22.24193286895752, 8174
22.50547480583191, 8173
22.51557469367981, 8172
22.525675773620605, 8171
22.576323986053467, 8170
22.586437463760376, 8169
22.60667395591736, 8168
22.60667395591736, 8167
22.64710521697998, 8166
22.677457809448242, 8165
22.677457809448242, 8164
22.697697639465332, 8163
22.715883016586304, 8162
22.768611907958984, 8161
22.81931757926941, 8160
22.81931757926941, 8159
22.88013792037964, 8158
22.890271425247192, 8157
22.910519123077393, 8156
22.910519123077393, 8155
22.920627117156982, 8154
22.951002836227417, 8153
22.961148738861084, 8152
22.971279859542847, 8151
22.971279859542847, 8150
22.98180317878723, 8149
22.98986315727234, 8148
22.999937772750854, 8147
23.01211643218994, 8146
23.06278705596924, 8145
23.091102361679077, 8144
23.141732454299927, 8143
23.163982629776, 8142
23.194356679916382, 8141
23.214640617370605, 8140
23.255208730697632, 8139
23.303808212280273, 8138
23.305862426757812, 8137
23.326125621795654, 8136
23.346394062042236, 8135
23.346394062042236, 8134
23.366625785827637, 8133
23.376754760742188, 8132
23.39710259437561, 8131
23.40721607208252, 8130
23.427488327026367, 8129
23.467979192733765, 8128
23.467979192733765, 8127
23.51859402656555, 8126
23.51859402656555, 8125
23.559102535247803, 8124
23.64052438735962, 8123
23.65065908432007, 8122
23.660743236541748, 8121
23.660743236541748, 8120
23.670875787734985, 8119
23.711392164230347, 8118
23.711392164230347, 8117
23.74178671836853, 8116
23.751949548721313, 8115
23.782344102859497, 8114
23.822909593582153, 8113
23.853275537490845, 8112
23.853275537490845, 8111
23.863377571105957, 8110
23.881588220596313, 8109
23.914125442504883, 8108
23.96485161781311, 8107
23.96485161781311, 8106
24.005467653274536, 8105
24.045982360839844, 8104
24.076326608657837, 8103
24.076326608657837, 8102
24.126925468444824, 8101
24.126925468444824, 8100
24.218395233154297, 8099
24.228517532348633, 8098
24.26910376548767, 8097
24.30757975578308, 8096
24.309645652770996, 8095
24.329925537109375, 8094
24.360302686691284, 8093
24.37043786048889, 8092
24.398881673812866, 8091
24.46041774749756, 8090
24.501031398773193, 8089
24.533542156219482, 8088
24.60454535484314, 8087
24.624855041503906, 8086
24.634998559951782, 8085
24.716190814971924, 8084
24.756699800491333, 8083
24.756699800491333, 8082
24.766823530197144, 8081
24.79519748687744, 8080
24.838422536849976, 8079
24.858701467514038, 8078
24.86678957939148, 8077
24.97023892402649, 8076
24.980373859405518, 8075
24.990522146224976, 8074
24.998591899871826, 8073
25.041239261627197, 8072
25.05137276649475, 8071
25.05137276649475, 8070
25.08177089691162, 8069
25.12231731414795, 8068
25.132473707199097, 8067
25.142611265182495, 8066
25.162868976593018, 8065
25.20339584350586, 8064
25.22367572784424, 8063
25.254114151000977, 8062
25.264248847961426, 8061
25.264248847961426, 8060
25.2845516204834, 8059
25.302732706069946, 8058
25.31490969657898, 8057
25.31490969657898, 8056
25.363781929016113, 8055
25.375969171524048, 8054
25.375969171524048, 8053
25.437222242355347, 8052
25.45749258995056, 8051
25.465547800064087, 8050
25.495933294296265, 8049
25.508106470108032, 8048
25.508106470108032, 8047
25.516180515289307, 8046
25.528366088867188, 8045
25.568872690200806, 8044
25.63773488998413, 8043
25.639790058135986, 8042
25.647890090942383, 8041
25.67020869255066, 8040
25.67831516265869, 8039
25.71071219444275, 8038
25.731035232543945, 8037
25.761740684509277, 8036
25.83308744430542, 8035
25.91488265991211, 8034
25.943228244781494, 8033
25.98378825187683, 8032
26.04697585105896, 8031
26.107792854309082, 8030
26.11790919303894, 8029
26.138178825378418, 8028
26.138178825378418, 8027
26.1483051776886, 8026
26.1483051776886, 8025
26.15635919570923, 8024
26.209044933319092, 8023
26.209044933319092, 8022
26.462782382965088, 8021
26.493435621261597, 8020
26.493435621261597, 8019
26.521758794784546, 8018
26.54202675819397, 8017
26.594788312911987, 8016
26.646202325820923, 8015
26.656328439712524, 8014
26.68699312210083, 8013
26.695263147354126, 8012
26.731072187423706, 8011
26.892674922943115, 8010
26.923962354660034, 8009
26.923962354660034, 8008
26.946150541305542, 8007
26.946150541305542, 8006
26.977494478225708, 8005
27.03995704650879, 8004
27.046501874923706, 8003
27.062172651290894, 8002
27.14029598236084, 8001
27.162598848342896, 8000
27.2144832611084, 7999
27.248377561569214, 7998
27.248377561569214, 7997
27.248377561569214, 7996
27.26399827003479, 7995
27.279622077941895, 7994
27.295247077941895, 7993
27.401474952697754, 7992
27.401474952697754, 7991
27.42983627319336, 7990
27.480959177017212, 7989
27.605714082717896, 7988
27.61626625061035, 7987
27.706182956695557, 7986
27.716331481933594, 7985
27.716331481933594, 7984
27.779276132583618, 7983
27.797399520874023, 7982
27.81307601928711, 7981
27.859914302825928, 7980
27.91338801383972, 7979
27.944639205932617, 7978
27.96028780937195, 7977
27.96028780937195, 7976
27.975853443145752, 7975
28.099505186080933, 7974
28.111665725708008, 7973
28.192968130111694, 7972
28.21116828918457, 7971
28.233511209487915, 7970
28.274017572402954, 7969
28.388075351715088, 7968
28.398195028305054, 7967
28.46917414665222, 7966
28.52020788192749, 7965
28.548532724380493, 7964
28.56073260307312, 7963
28.568795680999756, 7962
28.629600524902344, 7961
28.641785621643066, 7960
28.703065872192383, 7959
28.744048595428467, 7958
28.774623155593872, 7957
28.78478455543518, 7956
28.795250415802002, 7955
28.815815925598145, 7954
28.84436845779419, 7953
28.886918306350708, 7952
28.915234565734863, 7951
28.927412271499634, 7950
28.967856645584106, 7949
29.01630163192749, 7948
29.028484582901, 7947
29.058845281600952, 7946
29.150776386260986, 7945
29.232755422592163, 7944
29.273727416992188, 7943
29.273727416992188, 7942
29.294225215911865, 7941
29.376187086105347, 7940
29.38638973236084, 7939
29.407021045684814, 7938
29.417303800582886, 7937
29.48145866394043, 7936
29.569456815719604, 7935
29.589710235595703, 7934
29.589710235595703, 7933
29.61799669265747, 7932
29.64027690887451, 7931
29.64027690887451, 7930
29.660508632659912, 7929
29.660508632659912, 7928
29.690850496292114, 7927
29.76205325126648, 7926
29.843024969100952, 7925
29.88174605369568, 7924
29.94526767730713, 7923
29.9555401802063, 7922
30.0787570476532, 7921
30.258586883544922, 7920
30.34009313583374, 7919
30.360311269760132, 7918
30.370476722717285, 7917
30.380600929260254, 7916
30.380600929260254, 7915
30.380600929260254, 7914
30.39887809753418, 7913
30.42126202583313, 7912
30.492599964141846, 7911
30.52097988128662, 7910
30.531259536743164, 7909
30.54365825653076, 7908
30.699347734451294, 7907
30.729949474334717, 7906
30.82210397720337, 7905
30.924935817718506, 7904
30.9555606842041, 7903
30.99659538269043, 7902
31.027214288711548, 7901
31.027214288711548, 7900
31.12946128845215, 7899
31.158053398132324, 7898
31.219610929489136, 7897
31.242262363433838, 7896
31.273079872131348, 7895
31.322267293930054, 7894
31.407522439956665, 7893
31.407522439956665, 7892
31.407522439956665, 7891
31.448333024978638, 7890
31.46871781349182, 7889
31.807113647460938, 7888
31.81740140914917, 7887
31.825475692749023, 7886
31.82755398750305, 7885
31.865901231765747, 7884
31.922879457473755, 7883
32.069612979888916, 7882
32.069612979888916, 7881
32.108044385910034, 7880
32.110084772109985, 7879
32.181838035583496, 7878
32.22121024131775, 7877
32.251890897750854, 7876
32.25395107269287, 7875
32.33525609970093, 7874
32.3363094329834, 7873
32.39761233329773, 7872
32.500051498413086, 7871
32.500051498413086, 7870
32.520501136779785, 7869
32.71113109588623, 7868
32.73380947113037, 7867
32.74341344833374, 7866
32.78401708602905, 7865
32.843167781829834, 7864
32.86548113822937, 7863
32.98728966712952, 7862
33.19985342025757, 7861
33.240628719329834, 7860
33.27106523513794, 7859
33.393717765808105, 7858
33.41413712501526, 7857
33.485695362091064, 7856
33.50415825843811, 7855
33.506322622299194, 7854
33.526803731918335, 7853
33.526803731918335, 7852
33.55537271499634, 7851
33.565611362457275, 7850
33.57579064369202, 7849
33.58796238899231, 7848
33.73096251487732, 7847
33.74921131134033, 7846
33.751341342926025, 7845
33.85085725784302, 7844
33.965019941329956, 7843
34.005561113357544, 7842
34.10725235939026, 7841
34.12550091743469, 7840
34.12772560119629, 7839
34.168243408203125, 7838
34.27984619140625, 7837
34.360894203186035, 7836
34.43184781074524, 7835
34.4420120716095, 7834
34.452120780944824, 7833
34.665367126464844, 7832
34.76464223861694, 7831
34.77685856819153, 7830
34.86800026893616, 7829
34.97936940193176, 7828
35.10179805755615, 7827
35.15113139152527, 7826
35.24440932273865, 7825
35.26707315444946, 7824
35.318392753601074, 7823
35.36746120452881, 7822
35.42094087600708, 7821
35.44146203994751, 7820
35.51312828063965, 7819
35.554176330566406, 7818
35.56437706947327, 7817
35.625765800476074, 7816
35.64631938934326, 7815
35.70773243904114, 7814
35.777122497558594, 7813
35.789560317993164, 7812
35.81035780906677, 7811
35.99237632751465, 7810
36.01509380340576, 7809
36.03347301483154, 7808
36.066463470458984, 7807
36.084845542907715, 7806
36.13638925552368, 7805
36.16903758049011, 7804
36.364296197891235, 7803
36.364296197891235, 7802
36.423447608947754, 7801
36.496403217315674, 7800
36.55723309516907, 7799
36.61591577529907, 7798
36.686962366104126, 7797
36.70931649208069, 7796
36.75782918930054, 7795
36.759891748428345, 7794
36.84150576591492, 7793
36.882386207580566, 7792
36.954166412353516, 7791
37.01599335670471, 7790
37.168503761291504, 7789
37.168503761291504, 7788
37.18897271156311, 7787
37.2808563709259, 7786
37.35183548927307, 7785
37.42305302619934, 7784
37.43322229385376, 7783
38.24207639694214, 7782
38.30463933944702, 7781
38.38559079170227, 7780
38.72062110900879, 7779
38.78368854522705, 7778
38.81408977508545, 7777
38.844531536102295, 7776
38.9163031578064, 7775
39.129098415374756, 7774
39.13923096656799, 7773
39.13923096656799, 7772
39.19006586074829, 7771
39.21033811569214, 7770
39.26912069320679, 7769
39.281327962875366, 7768
39.301573276519775, 7767
39.383612871170044, 7766
39.484210729599, 7765
39.55809426307678, 7764
39.5683958530426, 7763
39.57864022254944, 7762
39.57864022254944, 7761
39.74294710159302, 7760
39.85576772689819, 7759
39.88648724555969, 7758
39.968689918518066, 7757
40.051095962524414, 7756
40.12319874763489, 7755
40.16197896003723, 7754
40.22358441352844, 7753
40.22358441352844, 7752
40.287144899368286, 7751
40.45141339302063, 7750
40.5533185005188, 7749
40.774646520614624, 7748
40.82535696029663, 7747
40.87601613998413, 7746
40.8882315158844, 7745
40.97933268547058, 7744
41.14160466194153, 7743
41.15174698829651, 7742
41.182133197784424, 7741
41.31161952018738, 7740
41.352513790130615, 7739
41.455777168273926, 7738
41.50637483596802, 7737
41.5670850276947, 7736
41.678656339645386, 7735
41.72933888435364, 7734
41.72933888435364, 7733
41.81859016418457, 7732
41.82065463066101, 7731
41.84089183807373, 7730
41.84089183807373, 7729
41.93234157562256, 7728
42.08412027359009, 7727
42.22615170478821, 7726
42.295074462890625, 7725
42.297117471694946, 7724
42.5330536365509, 7723
42.665621280670166, 7722
42.69650745391846, 7721
42.727301597595215, 7720
42.97334003448486, 7719
43.08636140823364, 7718
43.11708164215088, 7717
43.20970678329468, 7716
43.527777671813965, 7715
43.60974192619324, 7714
43.620020151138306, 7713
43.671321868896484, 7712
43.69999146461487, 7711
43.83503174781799, 7710
43.855218172073364, 7709
43.8653359413147, 7708
43.93620753288269, 7707
44.078606605529785, 7706
44.26085662841797, 7705
44.331791639328, 7704
44.443873167037964, 7703
44.474207401275635, 7702
44.72879719734192, 7701
44.91135001182556, 7700
45.063849210739136, 7699
45.14485192298889, 7698
45.175328731536865, 7697
45.92958045005798, 7696
45.939839363098145, 7695
45.98075270652771, 7694
46.114033937454224, 7693
46.18582224845886, 7692
46.365803241729736, 7691
46.48848032951355, 7690
46.52695965766907, 7689
46.70128393173218, 7688
46.74179792404175, 7687
46.812756299972534, 7686
46.914469718933105, 7685
46.92461919784546, 7684
47.03609871864319, 7683
47.07666206359863, 7682
47.259318590164185, 7681
47.269471168518066, 7680
47.289748430252075, 7679
47.43211603164673, 7678
47.5649299621582, 7677
47.56708574295044, 7676
47.58192563056946, 7675
47.6529266834259, 7674
47.65499186515808, 7673
47.68541240692139, 7672
48.205710887908936, 7671
48.34930682182312, 7670
48.69015550613403, 7669
48.76983284950256, 7668
48.83359932899475, 7667
48.84388065338135, 7666
48.98729133605957, 7665
49.30531597137451, 7664
49.31560730934143, 7663
49.78699731826782, 7662
49.827993392944336, 7661
49.92052936553955, 7660
50.234177350997925, 7659
50.305073499679565, 7658
50.416441440582275, 7657
50.63955092430115, 7656
50.68010139465332, 7655
50.69020962715149, 7654
50.74096608161926, 7653
50.77163028717041, 7652
50.80253767967224, 7651
50.88455271720886, 7650
51.01797652244568, 7649
51.07730197906494, 7648
51.2950599193573, 7647
51.448891401290894, 7646
51.56157994270325, 7645
51.59236121177673, 7644
51.60259509086609, 7643
51.65380930900574, 7642
51.78732109069824, 7641
52.00243902206421, 7640
52.62903594970703, 7639
52.68012523651123, 7638
52.70278477668762, 7637
52.75381302833557, 7636
52.844934701919556, 7635
52.99712014198303, 7634
53.047730922698975, 7633
53.29079842567444, 7632
53.73091268539429, 7631
53.90302848815918, 7630
54.02451729774475, 7629
54.42977833747864, 7628
54.51016402244568, 7627
54.5304069519043, 7626
54.76368761062622, 7625
54.845072984695435, 7624
54.96445918083191, 7623
55.047529458999634, 7622
55.05764055252075, 7621
55.12644410133362, 7620
55.36965751647949, 7619
55.665992736816406, 7618
55.77579116821289, 7617
55.848689794540405, 7616
55.86893391609192, 7615
55.90944862365723, 7614
56.162986755371094, 7613
56.17311215400696, 7612
56.28453993797302, 7611
56.57828092575073, 7610
56.7102952003479, 7609
56.912816286087036, 7608
56.922951221466064, 7607
58.35995602607727, 7606
58.410364866256714, 7605
58.521708726882935, 7604
58.632753133773804, 7603
58.69352579116821, 7602
59.14804983139038, 7601
59.48505139350891, 7600
59.50067377090454, 7599
59.51633405685425, 7598
59.732728481292725, 7597
59.77274680137634, 7596
59.873087882995605, 7595
60.03478765487671, 7594
60.253708362579346, 7593
60.31977200508118, 7592
61.07472014427185, 7591
61.105072021484375, 7590
61.62286615371704, 7589
61.836910247802734, 7588
62.27384877204895, 7587
62.75558161735535, 7586
63.153653383255005, 7585
63.300418853759766, 7584
63.98343348503113, 7583
64.09472894668579, 7582
64.12510251998901, 7581
64.23646521568298, 7580
64.98647022247314, 7579
65.01832175254822, 7578
65.30088949203491, 7577
66.58611369132996, 7576
66.60861921310425, 7575
66.94709348678589, 7574
67.14204978942871, 7573
67.42735052108765, 7572
68.24061894416809, 7571
68.30214595794678, 7570
68.5460615158081, 7569
68.6178605556488, 7568
68.99976825714111, 7567
69.42860460281372, 7566
69.54379606246948, 7565
69.54379606246948, 7564
69.7056519985199, 7563
69.7180757522583, 7562
70.92595481872559, 7561
70.96497392654419, 7560
71.20280718803406, 7559
71.55177664756775, 7558
71.55177664756775, 7557
74.29823446273804, 7556
75.06972575187683, 7555
75.43702936172485, 7554
75.66837978363037, 7553
76.28970146179199, 7552
76.69474577903748, 7551
78.10438203811646, 7550
78.11654424667358, 7549
78.56250143051147, 7548
78.59084868431091, 7547
79.29584336280823, 7546
80.15829968452454, 7545
80.16058421134949, 7544
81.49480509757996, 7543
81.5860116481781, 7542
81.59615302085876, 7541
81.93109607696533, 7540
82.0201644897461, 7539
83.77681183815002, 7538
84.11916589736938, 7537
84.88113403320312, 7536
84.91155481338501, 7535
85.730783700943, 7534
85.76328253746033, 7533
86.1592857837677, 7532
86.26962566375732, 7531
86.38565135002136, 7530
86.77175402641296, 7529
87.08692288398743, 7528
87.09498715400696, 7527
87.10715007781982, 7526
87.60384726524353, 7525
88.1107497215271, 7524
88.27265691757202, 7523
89.63081455230713, 7522
91.04801750183105, 7521
91.39485263824463, 7520
91.555335521698, 7519
91.55740547180176, 7518
91.69930744171143, 7517
91.97514390945435, 7516
91.99564814567566, 7515
92.31389164924622, 7514
93.15509843826294, 7513
93.16535639762878, 7512
93.17349481582642, 7511
93.23717188835144, 7510
93.28882074356079, 7509
94.1934711933136, 7508
94.34735417366028, 7507
94.60187029838562, 7506
95.832115650177, 7505
96.03451871871948, 7504
96.53475999832153, 7503
96.99738836288452, 7502
97.12949061393738, 7501
97.72628474235535, 7500
98.08568382263184, 7499
99.36535835266113, 7498
99.82689356803894, 7497
100.28563904762268, 7496
100.37785482406616, 7495
100.68528127670288, 7494
100.82905077934265, 7493
101.01373386383057, 7492
101.32742214202881, 7491
101.42907643318176, 7490
101.63209629058838, 7489
101.64226007461548, 7488
101.82495331764221, 7487
102.07012915611267, 7486
102.51095175743103, 7485
102.99487471580505, 7484
103.97135353088379, 7483
104.67644119262695, 7482
104.87243676185608, 7481
105.68344140052795, 7480
106.25342035293579, 7479
107.27622842788696, 7478
107.90618944168091, 7477
108.15023159980774, 7476
109.05619049072266, 7475
109.18319129943848, 7474
109.31019043922424, 7473
109.68719029426575, 7472
110.43024635314941, 7471
110.44323945045471, 7470
110.6482367515564, 7469
111.23424100875854, 7468
111.72824120521545, 7467
111.82224416732788, 7466
112.05424547195435, 7465
112.85133028030396, 7464
113.26932764053345, 7463
113.6973283290863, 7462
115.40292954444885, 7461
115.89396786689758, 7460
119.06556105613708, 7459
119.22151398658752, 7458
119.76151466369629, 7457
121.78713655471802, 7456
122.883704662323, 7455
123.3500325679779, 7454
124.44576740264893, 7453
126.02763175964355, 7452
126.47580027580261, 7451
128.6747019290924, 7450
128.89981865882874, 7449
128.96053314208984, 7448
129.00106382369995, 7447
129.44949889183044, 7446
129.489976644516, 7445
130.36139488220215, 7444
130.56645798683167, 7443
130.78716444969177, 7442
131.0503568649292, 7441
132.28866696357727, 7440
133.32221937179565, 7439
133.61430072784424, 7438
133.78853511810303, 7437
133.9606466293335, 7436
134.0618703365326, 7435
134.8432867527008, 7434
135.23822045326233, 7433
136.44413566589355, 7432
137.99682354927063, 7431
138.16098427772522, 7430
141.92391681671143, 7429
143.0637903213501, 7428
144.6203808784485, 7427
145.2069811820984, 7426
145.48209691047668, 7425
148.3666627407074, 7424
148.82332634925842, 7423
148.9776372909546, 7422
150.47923469543457, 7421
151.4531764984131, 7420
153.57966446876526, 7419
154.34172821044922, 7418
156.70430517196655, 7417
159.01243424415588, 7416
159.7959005832672, 7415
160.05010557174683, 7414
160.75435161590576, 7413
162.01882934570312, 7412
162.20307779312134, 7411
163.84341979026794, 7410
163.90271663665771, 7409
163.92504787445068, 7408
166.12968158721924, 7407
166.46386432647705, 7406
166.62614750862122, 7405
166.8798213005066, 7404
167.7521367073059, 7403
168.07436275482178, 7402
168.17578601837158, 7401
168.56508445739746, 7400
168.58545875549316, 7399
169.19081783294678, 7398
170.5558693408966, 7397
171.25200152397156, 7396
171.5209949016571, 7395
172.18277406692505, 7394
172.6698009967804, 7393
173.79976630210876, 7392
176.0046193599701, 7391
177.80990433692932, 7390
178.29572916030884, 7389
178.62135243415833, 7388
180.658682346344, 7387
181.07649660110474, 7386
181.31963109970093, 7385
183.5018675327301, 7384
185.27967834472656, 7383
185.61039924621582, 7382
187.2628538608551, 7381
187.80113124847412, 7380
187.94102025032043, 7379
188.65128302574158, 7378
189.78543376922607, 7377
190.18218064308167, 7376
191.93875694274902, 7375
192.19200158119202, 7374
193.46271896362305, 7373
193.46922826766968, 7372
193.7853946685791, 7371
195.7994601726532, 7370
195.95115447044373, 7369
196.621591091156, 7368
198.2789273262024, 7367
198.87343335151672, 7366
203.02625489234924, 7365
203.0446720123291, 7364
204.23275995254517, 7363
207.4671094417572, 7362
208.25176072120667, 7361
208.83160519599915, 7360
209.71385860443115, 7359
211.02214121818542, 7358
211.6945481300354, 7357
212.54272270202637, 7356
216.49427461624146, 7355
216.97515606880188, 7354
217.9358582496643, 7353
218.1813416481018, 7352
218.658376455307, 7351
220.45782208442688, 7350
223.65662670135498, 7349
224.30504655838013, 7348
226.07748317718506, 7347
226.73722076416016, 7346
227.5211217403412, 7345
234.48648953437805, 7344
235.77241587638855, 7343
236.74179863929749, 7342
237.0380892753601, 7341
242.66339230537415, 7340
242.8991732597351, 7339
245.20940899848938, 7338
246.4563856124878, 7337
249.40438890457153, 7336
250.377432346344, 7335
250.56208109855652, 7334
252.29841995239258, 7333
257.85660672187805, 7332
259.06841921806335, 7331
259.48855900764465, 7330
262.1245667934418, 7329
266.21944284439087, 7328
267.26012206077576, 7327
267.73466300964355, 7326
272.8273992538452, 7325
274.1019434928894, 7324
275.4280548095703, 7323
276.2863173484802, 7322
296.8772671222687, 7321
299.4963574409485, 7320
305.6490635871887, 7319
309.58721899986267, 7318
313.77762484550476, 7317
317.7642312049866, 7316
324.92115473747253, 7315
328.1841311454773, 7314
329.58746433258057, 7313
333.7970733642578, 7312
339.19114089012146, 7311
339.5655994415283, 7310
347.524781703949, 7309
347.7067461013794, 7308
351.269882440567, 7307
356.5685601234436, 7306
360.7326395511627, 7305
372.12976479530334, 7304
372.2434015274048, 7303
374.70182180404663, 7302
383.6513934135437, 7301
385.1122841835022, 7300
388.38891553878784, 7299
397.25439071655273, 7298
405.16792821884155, 7297
405.33202958106995, 7296
413.65723514556885, 7295
415.57800674438477, 7294
415.99061489105225, 7293
421.4304792881012, 7292
427.4295287132263, 7291
430.53790807724, 7290
438.51676392555237, 7289
450.8655185699463, 7288
453.246239900589, 7287
458.7923903465271, 7286
461.9512710571289, 7285
466.77011728286743, 7284
480.3985984325409, 7283
485.23719334602356, 7282
485.2961976528168, 7281
489.8273894786835, 7280
495.251957654953, 7279
500.10893511772156, 7278
508.15246653556824, 7277
508.626366853714, 7276
510.36635756492615, 7275
511.54362535476685, 7274
522.6135838031769, 7273
523.4950928688049, 7272
525.3109102249146, 7271
526.2244868278503, 7270
530.7025737762451, 7269
556.0430300235748, 7268
559.6857359409332, 7267
561.6318514347076, 7266
561.8847496509552, 7265
564.998336315155, 7264
565.9233548641205, 7263
589.4267981052399, 7262
596.8602299690247, 7261
