0.17841601371765137, 11023
0.21076083183288574, 11022
0.2128312587738037, 11021
0.2128312587738037, 11020
0.2128312587738037, 11019
0.2128312587738037, 11018
0.22089672088623047, 11017
0.22296667098999023, 11016
0.22296667098999023, 11015
0.22296667098999023, 11014
0.22296667098999023, 11013
0.23101234436035156, 11012
0.23101234436035156, 11011
0.23556065559387207, 11010
0.23556065559387207, 11009
0.23556065559387207, 11008
0.23556065559387207, 11007
0.23556065559387207, 11006
0.2436237335205078, 11005
0.2436237335205078, 11004
0.24568581581115723, 11003
0.24568581581115723, 11002
0.24568581581115723, 11001
0.24568581581115723, 11000
0.24568581581115723, 10999
0.2538118362426758, 10998
0.25587034225463867, 10997
0.25587034225463867, 10996
0.25587034225463867, 10995
0.2639312744140625, 10994
0.2659881114959717, 10993
0.2659881114959717, 10992
0.2659881114959717, 10991
0.2659881114959717, 10990
0.2659881114959717, 10989
0.2740788459777832, 10988
0.2740788459777832, 10987
0.2761375904083252, 10986
0.2761375904083252, 10985
0.2761375904083252, 10984
0.29638004302978516, 10983
0.3044259548187256, 10982
0.3065040111541748, 10981
0.3065040111541748, 10980
0.3065040111541748, 10979
0.31458115577697754, 10978
0.3166499137878418, 10977
0.3166499137878418, 10976
0.3166499137878418, 10975
0.3247106075286865, 10974
0.3247106075286865, 10973
0.3267648220062256, 10972
0.3267648220062256, 10971
0.3267648220062256, 10970
0.3348681926727295, 10969
0.33692169189453125, 10968
0.33692169189453125, 10967
0.33692169189453125, 10966
0.33692169189453125, 10965
0.33692169189453125, 10964
0.33692169189453125, 10963
0.34699416160583496, 10962
0.34699416160583496, 10961
0.34699416160583496, 10960
0.34699416160583496, 10959
0.35715270042419434, 10958
0.35715270042419434, 10957
0.35715270042419434, 10956
0.35715270042419434, 10955
0.35715270042419434, 10954
0.36522388458251953, 10953
0.3672800064086914, 10952
0.3672800064086914, 10951
0.3672800064086914, 10950
0.3672800064086914, 10949
0.3672800064086914, 10948
0.37534117698669434, 10947
0.3773987293243408, 10946
0.3773987293243408, 10945
0.3773987293243408, 10944
0.38545846939086914, 10943
0.3875148296356201, 10942
0.3875148296356201, 10941
0.3875148296356201, 10940
0.3875148296356201, 10939
0.39560985565185547, 10938
0.3976709842681885, 10937
0.3976709842681885, 10936
0.3976709842681885, 10935
0.4057309627532959, 10934
0.40778589248657227, 10933
0.40778589248657227, 10932
0.4159049987792969, 10931
0.4159049987792969, 10930
0.41796231269836426, 10929
0.41796231269836426, 10928
0.41796231269836426, 10927
0.41796231269836426, 10926
0.4260268211364746, 10925
0.4280564785003662, 10924
0.4280564785003662, 10923
0.4280564785003662, 10922
0.4280564785003662, 10921
0.4280564785003662, 10920
0.43824243545532227, 10919
0.43824243545532227, 10918
0.43824243545532227, 10917
0.43824243545532227, 10916
0.43824243545532227, 10915
0.4463040828704834, 10914
0.44835782051086426, 10913
0.44835782051086426, 10912
0.44835782051086426, 10911
0.44835782051086426, 10910
0.44835782051086426, 10909
0.45850324630737305, 10908
0.45850324630737305, 10907
0.45850324630737305, 10906
0.46656322479248047, 10905
0.46861696243286133, 10904
0.46861696243286133, 10903
0.4767332077026367, 10902
0.47879505157470703, 10901
0.47879505157470703, 10900
0.47879505157470703, 10899
0.47879505157470703, 10898
0.4868602752685547, 10897
0.48891353607177734, 10896
0.48891353607177734, 10895
0.48891353607177734, 10894
0.48891353607177734, 10893
0.48891353607177734, 10892
0.49700140953063965, 10891
0.49700140953063965, 10890
0.49906182289123535, 10889
0.49906182289123535, 10888
0.49906182289123535, 10887
0.49906182289123535, 10886
0.5091421604156494, 10885
0.5092012882232666, 10884
0.5092012882232666, 10883
0.5092012882232666, 10882
0.5092012882232666, 10881
0.5173213481903076, 10880
0.5193781852722168, 10879
0.5193781852722168, 10878
0.5193781852722168, 10877
0.5193781852722168, 10876
0.5274467468261719, 10875
0.5295014381408691, 10874
0.5295014381408691, 10873
0.5295014381408691, 10872
0.5295014381408691, 10871
0.5295014381408691, 10870
0.5295014381408691, 10869
0.5396294593811035, 10868
0.5396294593811035, 10867
0.5396294593811035, 10866
0.5477015972137451, 10865
0.5497574806213379, 10864
0.5497574806213379, 10863
0.5497574806213379, 10862
0.5497574806213379, 10861
0.5497574806213379, 10860
0.5497574806213379, 10859
0.5578889846801758, 10858
0.5578889846801758, 10857
0.5599446296691895, 10856
0.5599446296691895, 10855
0.5599446296691895, 10854
0.5599446296691895, 10853
0.568000316619873, 10852
0.5700497627258301, 10851
0.5700497627258301, 10850
0.5700497627258301, 10849
0.5700497627258301, 10848
0.5700497627258301, 10847
0.5700497627258301, 10846
0.5801928043365479, 10845
0.5801928043365479, 10844
0.5801928043365479, 10843
0.5801928043365479, 10842
0.5801928043365479, 10841
0.5882492065429688, 10840
0.5902984142303467, 10839
0.5902984142303467, 10838
0.5902984142303467, 10837
0.5902984142303467, 10836
0.5902984142303467, 10835
0.6004652976989746, 10834
0.6004652976989746, 10833
0.6004652976989746, 10832
0.6004652976989746, 10831
0.6106047630310059, 10830
0.6106047630310059, 10829
0.6106047630310059, 10828
0.6106047630310059, 10827
0.620743989944458, 10826
0.620743989944458, 10825
0.620743989944458, 10824
0.620743989944458, 10823
0.6288013458251953, 10822
0.6308555603027344, 10821
0.6308555603027344, 10820
0.6308555603027344, 10819
0.6308555603027344, 10818
0.6389470100402832, 10817
0.6410083770751953, 10816
0.6410083770751953, 10815
0.6410083770751953, 10814
0.6511259078979492, 10813
0.6511259078979492, 10812
0.6592452526092529, 10811
0.6613168716430664, 10810
0.6714563369750977, 10809
0.6714563369750977, 10808
0.6714563369750977, 10807
0.6714563369750977, 10806
0.6714563369750977, 10805
0.6795425415039062, 10804
0.6815991401672363, 10803
0.6815991401672363, 10802
0.6815991401672363, 10801
0.6815991401672363, 10800
0.6815991401672363, 10799
0.6815991401672363, 10798
0.6896541118621826, 10797
0.6917073726654053, 10796
0.6917073726654053, 10795
0.6917073726654053, 10794
0.6917073726654053, 10793
0.6997921466827393, 10792
0.7026422023773193, 10791
0.7037777900695801, 10790
0.7060391902923584, 10789
0.7082972526550293, 10788
0.7093167304992676, 10787
0.7120051383972168, 10786
0.7131490707397461, 10785
0.715435266494751, 10784
0.715435266494751, 10783
0.7230780124664307, 10782
0.7230780124664307, 10781
0.7230780124664307, 10780
0.7311582565307617, 10779
0.733212947845459, 10778
0.733212947845459, 10777
0.733212947845459, 10776
0.733212947845459, 10775
0.733212947845459, 10774
0.7412679195404053, 10773
0.7412679195404053, 10772
0.7433216571807861, 10771
0.7433216571807861, 10770
0.7433216571807861, 10769
0.7433216571807861, 10768
0.7514076232910156, 10767
0.7534751892089844, 10766
0.7534751892089844, 10765
0.7534751892089844, 10764
0.7534751892089844, 10763
0.7534751892089844, 10762
0.7615616321563721, 10761
0.7615616321563721, 10760
0.7636287212371826, 10759
0.7636287212371826, 10758
0.7636287212371826, 10757
0.7636287212371826, 10756
0.7717273235321045, 10755
0.7737574577331543, 10754
0.7818243503570557, 10753
0.7838878631591797, 10752
0.7919487953186035, 10751
0.7940170764923096, 10750
0.7940170764923096, 10749
0.7940170764923096, 10748
0.8041419982910156, 10747
0.8041419982910156, 10746
0.8041419982910156, 10745
0.8041419982910156, 10744
0.8122067451477051, 10743
0.8142790794372559, 10742
0.8142790794372559, 10741
0.8243906497955322, 10740
0.8243906497955322, 10739
0.8243906497955322, 10738
0.8324353694915771, 10737
0.8324353694915771, 10736
0.8324353694915771, 10735
0.8349037170410156, 10734
0.8349037170410156, 10733
0.8349037170410156, 10732
0.8349037170410156, 10731
0.8349037170410156, 10730
0.853121280670166, 10729
0.8551785945892334, 10728
0.8551785945892334, 10727
0.8551785945892334, 10726
0.8551785945892334, 10725
0.8551785945892334, 10724
0.8632349967956543, 10723
0.8652968406677246, 10722
0.8652968406677246, 10721
0.8652968406677246, 10720
0.8652968406677246, 10719
0.8652968406677246, 10718
0.8734145164489746, 10717
0.8734145164489746, 10716
0.8754751682281494, 10715
0.8754751682281494, 10714
0.8754751682281494, 10713
0.8754751682281494, 10712
0.8855984210968018, 10711
0.8855984210968018, 10710
0.8855984210968018, 10709
0.8855984210968018, 10708
0.895803689956665, 10707
0.895803689956665, 10706
0.895803689956665, 10705
0.9059264659881592, 10704
0.9059264659881592, 10703
0.9059264659881592, 10702
0.9160592555999756, 10701
0.9160592555999756, 10700
0.9160592555999756, 10699
0.9160592555999756, 10698
0.9160592555999756, 10697
0.9160592555999756, 10696
0.9261701107025146, 10695
0.9261701107025146, 10694
0.9261701107025146, 10693
0.9261701107025146, 10692
0.9342148303985596, 10691
0.9363052845001221, 10690
0.9363052845001221, 10689
0.9363052845001221, 10688
0.9363052845001221, 10687
0.9363052845001221, 10686
0.9363052845001221, 10685
0.9443609714508057, 10684
0.946415901184082, 10683
0.946415901184082, 10682
0.946415901184082, 10681
0.946415901184082, 10680
0.946415901184082, 10679
0.954486608505249, 10678
0.956540584564209, 10677
0.956540584564209, 10676
0.956540584564209, 10675
0.956540584564209, 10674
0.9646060466766357, 10673
0.9646060466766357, 10672
0.9666628837585449, 10671
0.9666628837585449, 10670
0.9666628837585449, 10669
0.9747967720031738, 10668
0.9869651794433594, 10667
0.9869651794433594, 10666
0.9869651794433594, 10665
0.9869651794433594, 10664
0.9869651794433594, 10663
0.9950430393218994, 10662
1.0072290897369385, 10661
1.0152764320373535, 10660
1.0153045654296875, 10659
1.0173611640930176, 10658
1.0173611640930176, 10657
1.0173611640930176, 10656
1.0173611640930176, 10655
1.0274791717529297, 10654
1.0274791717529297, 10653
1.0477657318115234, 10652
1.0477657318115234, 10651
1.0477657318115234, 10650
1.0558500289916992, 10649
1.0579054355621338, 10648
1.0579054355621338, 10647
1.0680158138275146, 10646
1.0680158138275146, 10645
1.0680158138275146, 10644
1.078188180923462, 10643
1.078188180923462, 10642
1.0862550735473633, 10641
1.0862550735473633, 10640
1.0883121490478516, 10639
1.0883121490478516, 10638
1.0963921546936035, 10637
1.098451852798462, 10636
1.098451852798462, 10635
1.098451852798462, 10634
1.1065075397491455, 10633
1.1065075397491455, 10632
1.116590976715088, 10631
1.1274476051330566, 10630
1.1316571235656738, 10629
1.1316571235656738, 10628
1.1372015476226807, 10627
1.139251947402954, 10626
1.139251947402954, 10625
1.139251947402954, 10624
1.139251947402954, 10623
1.1473190784454346, 10622
1.1494367122650146, 10621
1.1494367122650146, 10620
1.1595714092254639, 10619
1.1676735877990723, 10618
1.169724464416504, 10617
1.169724464416504, 10616
1.169724464416504, 10615
1.169724464416504, 10614
1.1777822971343994, 10613
1.1799108982086182, 10612
1.1799108982086182, 10611
1.1799108982086182, 10610
1.1799108982086182, 10609
1.1879298686981201, 10608
1.1879298686981201, 10607
1.1879298686981201, 10606
1.1879298686981201, 10605
1.1980140209197998, 10604
1.2000739574432373, 10603
1.2000739574432373, 10602
1.2081468105316162, 10601
1.2101969718933105, 10600
1.2101969718933105, 10599
1.2182848453521729, 10598
1.2203381061553955, 10597
1.2203381061553955, 10596
1.2203381061553955, 10595
1.2203381061553955, 10594
1.2203381061553955, 10593
1.228398084640503, 10592
1.2304635047912598, 10591
1.240607738494873, 10590
1.250734567642212, 10589
1.250734567642212, 10588
1.2588365077972412, 10587
1.2689881324768066, 10586
1.2710394859313965, 10585
1.2891550064086914, 10584
1.2912039756774902, 10583
1.2912039756774902, 10582
1.3013925552368164, 10581
1.3013925552368164, 10580
1.3013925552368164, 10579
1.3013925552368164, 10578
1.3094463348388672, 10577
1.3115084171295166, 10576
1.3115084171295166, 10575
1.3216423988342285, 10574
1.329712152481079, 10573
1.3317949771881104, 10572
1.3317949771881104, 10571
1.3419244289398193, 10570
1.3419244289398193, 10569
1.3419244289398193, 10568
1.3500585556030273, 10567
1.3521137237548828, 10566
1.3521137237548828, 10565
1.3602027893066406, 10564
1.3622612953186035, 10563
1.3622612953186035, 10562
1.3723716735839844, 10561
1.3723716735839844, 10560
1.3824982643127441, 10559
1.3824982643127441, 10558
1.3905551433563232, 10557
1.3926045894622803, 10556
1.3926045894622803, 10555
1.40067458152771, 10554
1.4107892513275146, 10553
1.4107892513275146, 10552
1.4128568172454834, 10551
1.4128568172454834, 10550
1.422987937927246, 10549
1.422987937927246, 10548
1.422987937927246, 10547
1.422987937927246, 10546
1.4331040382385254, 10545
1.4331040382385254, 10544
1.4436821937561035, 10543
1.4436821937561035, 10542
1.4537994861602783, 10541
1.4537994861602783, 10540
1.4537994861602783, 10539
1.461914300918579, 10538
1.4720284938812256, 10537
1.4740922451019287, 10536
1.4740922451019287, 10535
1.4740922451019287, 10534
1.4740922451019287, 10533
1.4740922451019287, 10532
1.482177972793579, 10531
1.4842333793640137, 10530
1.4842333793640137, 10529
1.4842333793640137, 10528
1.4842333793640137, 10527
1.4922890663146973, 10526
1.49434494972229, 10525
1.49434494972229, 10524
1.5024232864379883, 10523
1.5044853687286377, 10522
1.5044853687286377, 10521
1.5044853687286377, 10520
1.5044853687286377, 10519
1.5145974159240723, 10518
1.5145974159240723, 10517
1.5145974159240723, 10516
1.5226736068725586, 10515
1.5247297286987305, 10514
1.532801866531372, 10513
1.5348412990570068, 10512
1.5348412990570068, 10511
1.5449769496917725, 10510
1.5530316829681396, 10509
1.5530316829681396, 10508
1.5550806522369385, 10507
1.5550806522369385, 10506
1.5652399063110352, 10505
1.5652399063110352, 10504
1.575350284576416, 10503
1.575350284576416, 10502
1.575350284576416, 10501
1.575350284576416, 10500
1.5854918956756592, 10499
1.5854918956756592, 10498
1.5854918956756592, 10497
1.5854918956756592, 10496
1.5854918956756592, 10495
1.5956449508666992, 10494
1.5956449508666992, 10493
1.5956449508666992, 10492
1.5956449508666992, 10491
1.5956449508666992, 10490
1.603719711303711, 10489
1.6058080196380615, 10488
1.6159312725067139, 10487
1.6159312725067139, 10486
1.6240062713623047, 10485
1.6260614395141602, 10484
1.6260614395141602, 10483
1.6260614395141602, 10482
1.6260614395141602, 10481
1.6341238021850586, 10480
1.6361916065216064, 10479
1.6361916065216064, 10478
1.6361916065216064, 10477
1.6463048458099365, 10476
1.6463048458099365, 10475
1.6564216613769531, 10474
1.6564216613769531, 10473
1.6564216613769531, 10472
1.6564216613769531, 10471
1.6564216613769531, 10470
1.6645069122314453, 10469
1.666565179824829, 10468
1.666565179824829, 10467
1.666565179824829, 10466
1.666565179824829, 10465
1.6746339797973633, 10464
1.6766912937164307, 10463
1.6766912937164307, 10462
1.6766912937164307, 10461
1.6848044395446777, 10460
1.686866044998169, 10459
1.686866044998169, 10458
1.686866044998169, 10457
1.686866044998169, 10456
1.686866044998169, 10455
1.6949303150177002, 10454
1.6969835758209229, 10453
1.7050566673278809, 10452
1.7071130275726318, 10451
1.7071130275726318, 10450
1.7071130275726318, 10449
1.7071130275726318, 10448
1.7151892185211182, 10447
1.7151892185211182, 10446
1.717245101928711, 10445
1.717245101928711, 10444
1.7273869514465332, 10443
1.7273869514465332, 10442
1.7354507446289062, 10441
1.7375049591064453, 10440
1.7375049591064453, 10439
1.7375049591064453, 10438
1.7456333637237549, 10437
1.7456333637237549, 10436
1.7476866245269775, 10435
1.7476866245269775, 10434
1.7476866245269775, 10433
1.757845401763916, 10432
1.7659149169921875, 10431
1.7679650783538818, 10430
1.7781050205230713, 10429
1.7985310554504395, 10428
1.7985310554504395, 10427
1.7985310554504395, 10426
1.7985310554504395, 10425
1.8086581230163574, 10424
1.8086581230163574, 10423
1.8086581230163574, 10422
1.8187663555145264, 10421
1.8187663555145264, 10420
1.8187663555145264, 10419
1.8187663555145264, 10418
1.8187663555145264, 10417
1.8268353939056396, 10416
1.828918695449829, 10415
1.828918695449829, 10414
1.828918695449829, 10413
1.828918695449829, 10412
1.8390412330627441, 10411
1.8390412330627441, 10410
1.8390412330627441, 10409
1.8491597175598145, 10408
1.8491597175598145, 10407
1.8491597175598145, 10406
1.8572194576263428, 10405
1.8592746257781982, 10404
1.8592746257781982, 10403
1.8592746257781982, 10402
1.867386817932129, 10401
1.8694424629211426, 10400
1.8775084018707275, 10399
1.879570484161377, 10398
1.879570484161377, 10397
1.879570484161377, 10396
1.8876621723175049, 10395
1.8876621723175049, 10394
1.8897197246551514, 10393
1.8897197246551514, 10392
1.8977937698364258, 10391
1.899848222732544, 10390
1.899848222732544, 10389
1.899848222732544, 10388
1.9100511074066162, 10387
1.9100511074066162, 10386
1.9100511074066162, 10385
1.9100511074066162, 10384
2.019333839416504, 10383
2.019333839416504, 10382
2.021381378173828, 10381
2.021381378173828, 10380
2.021381378173828, 10379
2.021381378173828, 10378
2.021381378173828, 10377
2.021381378173828, 10376
2.031526565551758, 10375
2.031526565551758, 10374
2.031526565551758, 10373
2.0395820140838623, 10372
2.0416359901428223, 10371
2.0416359901428223, 10370
2.0416359901428223, 10369
2.049682855606079, 10368
2.0522170066833496, 10367
2.0522170066833496, 10366
2.0522170066833496, 10365
2.0602736473083496, 10364
2.0602736473083496, 10363
2.0623373985290527, 10362
2.0623373985290527, 10361
2.0623373985290527, 10360
2.070439338684082, 10359
2.0805699825286865, 10358
2.0826258659362793, 10357
2.0826258659362793, 10356
2.0826258659362793, 10355
2.0826258659362793, 10354
2.0826258659362793, 10353
2.0826258659362793, 10352
2.1029274463653564, 10351
2.1029274463653564, 10350
2.1029274463653564, 10349
2.1029274463653564, 10348
2.1029274463653564, 10347
2.1109862327575684, 10346
2.1130409240722656, 10345
2.1130409240722656, 10344
2.123152256011963, 10343
2.1333913803100586, 10342
2.1333913803100586, 10341
2.143507957458496, 10340
2.143507957458496, 10339
2.1515862941741943, 10338
2.1536405086517334, 10337
2.1536405086517334, 10336
2.1536405086517334, 10335
2.1536405086517334, 10334
2.1616969108581543, 10333
2.163761615753174, 10332
2.17391300201416, 10331
2.17391300201416, 10330
2.17391300201416, 10329
2.1819705963134766, 10328
2.1840267181396484, 10327
2.1840267181396484, 10326
2.1840267181396484, 10325
2.1941845417022705, 10324
2.1941845417022705, 10323
2.204308271408081, 10322
2.204308271408081, 10321
2.204308271408081, 10320
2.2144381999969482, 10319
2.22454571723938, 10318
2.22454571723938, 10317
2.22454571723938, 10316
2.2326087951660156, 10315
2.2528417110443115, 10314
2.2548980712890625, 10313
2.2629551887512207, 10312
2.2650070190429688, 10311
2.2650070190429688, 10310
2.2650070190429688, 10309
2.2730791568756104, 10308
2.2751357555389404, 10307
2.2751357555389404, 10306
2.2751357555389404, 10305
2.2852559089660645, 10304
2.2852559089660645, 10303
2.2852559089660645, 10302
2.2852559089660645, 10301
2.2933366298675537, 10300
2.295396327972412, 10299
2.295396327972412, 10298
2.295396327972412, 10297
2.295396327972412, 10296
2.3055076599121094, 10295
2.3055076599121094, 10294
2.3055076599121094, 10293
2.3055076599121094, 10292
2.3237030506134033, 10291
2.3338429927825928, 10290
2.3358988761901855, 10289
2.3358988761901855, 10288
2.3358988761901855, 10287
2.3541035652160645, 10286
2.35615611076355, 10285
2.35615611076355, 10284
2.427030324935913, 10283
2.427030324935913, 10282
2.435115337371826, 10281
2.437181234359741, 10280
2.445234775543213, 10279
2.447291374206543, 10278
2.457422971725464, 10277
2.4776642322540283, 10276
2.4776642322540283, 10275
2.497959613800049, 10274
2.497959613800049, 10273
2.497959613800049, 10272
2.506016731262207, 10271
2.5080726146698, 10270
2.516150712966919, 10269
2.51820707321167, 10268
2.51820707321167, 10267
2.5283236503601074, 10266
2.536402463912964, 10265
2.538459062576294, 10264
2.538459062576294, 10263
2.538459062576294, 10262
2.538459062576294, 10261
2.546518325805664, 10260
2.548574209213257, 10259
2.548574209213257, 10258
2.548574209213257, 10257
2.558727741241455, 10256
2.5769202709198, 10255
2.5789780616760254, 10254
2.5789780616760254, 10253
2.5789780616760254, 10252
2.5789780616760254, 10251
2.589095115661621, 10250
2.5971925258636475, 10249
2.5992534160614014, 10248
2.5992534160614014, 10247
2.5992534160614014, 10246
2.5992534160614014, 10245
2.607313394546509, 10244
2.6093716621398926, 10243
2.6093716621398926, 10242
2.6093716621398926, 10241
2.619499683380127, 10240
2.619499683380127, 10239
2.619499683380127, 10238
2.639708995819092, 10237
2.6477766036987305, 10236
2.6477766036987305, 10235
2.660360097885132, 10234
2.660360097885132, 10233
2.6704752445220947, 10232
2.6704752445220947, 10231
2.6785645484924316, 10230
2.680621385574341, 10229
2.680621385574341, 10228
2.680621385574341, 10227
2.680621385574341, 10226
2.680621385574341, 10225
2.680621385574341, 10224
2.6886751651763916, 10223
2.6886751651763916, 10222
2.6907286643981934, 10221
2.7009105682373047, 10220
2.7110025882720947, 10219
2.7190802097320557, 10218
2.731245994567871, 10217
2.731245994567871, 10216
2.7413718700408936, 10215
2.7413718700408936, 10214
2.7413718700408936, 10213
2.7413718700408936, 10212
2.751483201980591, 10211
2.751483201980591, 10210
2.751483201980591, 10209
2.751483201980591, 10208
2.7595572471618652, 10207
2.7616145610809326, 10206
2.7616145610809326, 10205
2.7616145610809326, 10204
2.7696807384490967, 10203
2.7717349529266357, 10202
2.7798075675964355, 10201
2.781862735748291, 10200
2.781862735748291, 10199
2.791971206665039, 10198
2.791971206665039, 10197
2.791971206665039, 10196
2.791971206665039, 10195
2.791971206665039, 10194
2.791971206665039, 10193
2.8021297454833984, 10192
2.810185670852661, 10191
2.8122403621673584, 10190
2.8122403621673584, 10189
2.8122403621673584, 10188
2.8122403621673584, 10187
2.8122403621673584, 10186
2.8203015327453613, 10185
2.8223559856414795, 10184
2.83042311668396, 10183
2.8426034450531006, 10182
2.852736711502075, 10181
2.852736711502075, 10180
2.852736711502075, 10179
2.8608171939849854, 10178
2.8628952503204346, 10177
2.8628952503204346, 10176
2.8628952503204346, 10175
2.8628952503204346, 10174
2.8628952503204346, 10173
2.8709518909454346, 10172
2.8730013370513916, 10171
2.8730013370513916, 10170
2.8730013370513916, 10169
2.8730013370513916, 10168
2.8832173347473145, 10167
2.8832173347473145, 10166
2.893324375152588, 10165
2.893324375152588, 10164
2.903486728668213, 10163
2.903486728668213, 10162
2.913625478744507, 10161
2.921764373779297, 10160
2.9238204956054688, 10159
2.9318790435791016, 10158
2.9339375495910645, 10157
2.9339375495910645, 10156
2.9339375495910645, 10155
2.942018508911133, 10154
2.9440810680389404, 10153
2.9440810680389404, 10152
2.954192638397217, 10151
2.954192638397217, 10150
2.954192638397217, 10149
2.9643266201019287, 10148
2.9643266201019287, 10147
2.972379446029663, 10146
2.9845800399780273, 10145
2.9845800399780273, 10144
2.9845800399780273, 10143
2.9946954250335693, 10142
2.9946954250335693, 10141
2.9946954250335693, 10140
2.9946954250335693, 10139
3.004878282546997, 10138
3.004878282546997, 10137
3.012936592102051, 10136
3.012936592102051, 10135
3.0149927139282227, 10134
3.0149927139282227, 10133
3.0149927139282227, 10132
3.0149927139282227, 10131
3.0230541229248047, 10130
3.02510929107666, 10129
3.02510929107666, 10128
3.02510929107666, 10127
3.033176898956299, 10126
3.033176898956299, 10125
3.0352272987365723, 10124
3.0352272987365723, 10123
3.043303966522217, 10122
3.04536771774292, 10121
3.04536771774292, 10120
3.04536771774292, 10119
3.04536771774292, 10118
3.04536771774292, 10117
3.053422212600708, 10116
3.0656416416168213, 10115
3.073697805404663, 10114
3.0757527351379395, 10113
3.0757527351379395, 10112
3.0757527351379395, 10111
3.083799362182617, 10110
3.0939536094665527, 10109
3.0960116386413574, 10108
3.0960116386413574, 10107
3.0960116386413574, 10106
3.0960116386413574, 10105
3.1062004566192627, 10104
3.1062004566192627, 10103
3.116314649581909, 10102
3.116314649581909, 10101
3.116314649581909, 10100
3.12650990486145, 10099
3.12650990486145, 10098
3.12650990486145, 10097
3.136622667312622, 10096
3.156886339187622, 10095
3.1649937629699707, 10094
3.167050361633301, 10093
3.167050361633301, 10092
3.167050361633301, 10091
3.1771655082702637, 10090
3.185260772705078, 10089
3.187316656112671, 10088
3.1953744888305664, 10087
3.197427988052368, 10086
3.205472946166992, 10085
3.2055344581604004, 10084
3.2177484035491943, 10083
3.2177484035491943, 10082
3.2177484035491943, 10081
3.225813388824463, 10080
3.2278687953948975, 10079
3.2278687953948975, 10078
3.2379815578460693, 10077
3.2379815578460693, 10076
3.2379815578460693, 10075
3.2379815578460693, 10074
3.248108148574829, 10073
3.248108148574829, 10072
3.256166696548462, 10071
3.2582201957702637, 10070
3.2582201957702637, 10069
3.2662694454193115, 10068
3.2687935829162598, 10067
3.2687935829162598, 10066
3.2687935829162598, 10065
3.2869937419891357, 10064
3.2869937419891357, 10063
3.289050817489624, 10062
3.289050817489624, 10061
3.289050817489624, 10060
3.2971088886260986, 10059
3.299166202545166, 10058
3.3072195053100586, 10057
3.309278964996338, 10056
3.3193929195404053, 10055
3.3193929195404053, 10054
3.3193929195404053, 10053
3.3193929195404053, 10052
3.3274385929107666, 10051
3.3294947147369385, 10050
3.3294947147369385, 10049
3.347689390182495, 10048
3.34975004196167, 10047
3.34975004196167, 10046
3.34975004196167, 10045
3.34975004196167, 10044
3.359861135482788, 10043
3.359861135482788, 10042
3.3679473400115967, 10041
3.3700032234191895, 10040
3.3801326751708984, 10039
3.3801326751708984, 10038
3.38820481300354, 10037
3.3902578353881836, 10036
3.3902578353881836, 10035
3.4003794193267822, 10034
3.4003794193267822, 10033
3.4003794193267822, 10032
3.4084665775299072, 10031
3.420660972595215, 10030
3.420660972595215, 10029
3.420660972595215, 10028
3.420660972595215, 10027
3.428736686706543, 10026
3.430788516998291, 10025
3.430788516998291, 10024
3.4510395526885986, 10023
3.46118426322937, 10022
3.46118426322937, 10021
3.46118426322937, 10020
3.4692978858947754, 10019
3.4692978858947754, 10018
3.4713568687438965, 10017
3.4814677238464355, 10016
3.4979209899902344, 10015
3.5131545066833496, 10014
3.5131545066833496, 10013
3.5131545066833496, 10012
3.521266222000122, 10011
3.5233232975006104, 10010
3.5233232975006104, 10009
3.5233232975006104, 10008
3.531395673751831, 10007
3.5334489345550537, 10006
3.5334489345550537, 10005
3.5334489345550537, 10004
3.5436296463012695, 10003
3.5436296463012695, 10002
3.5436296463012695, 10001
3.551687240600586, 10000
3.5537426471710205, 9999
3.5719428062438965, 9998
3.5740127563476562, 9997
3.5842132568359375, 9996
3.5943331718444824, 9995
3.5943331718444824, 9994
3.5943331718444824, 9993
3.5943331718444824, 9992
3.602407217025757, 9991
3.604471206665039, 9990
3.6145832538604736, 9989
3.6145832538604736, 9988
3.6247448921203613, 9987
3.6247448921203613, 9986
3.6247448921203613, 9985
3.6348633766174316, 9984
3.6348633766174316, 9983
3.642932415008545, 9982
3.6530537605285645, 9981
3.6551156044006348, 9980
3.6551156044006348, 9979
3.6551156044006348, 9978
3.6551156044006348, 9977
3.6652417182922363, 9976
3.673297643661499, 9975
3.6854772567749023, 9974
3.6854772567749023, 9973
3.6905319690704346, 9972
3.6905319690704346, 9971
3.6936068534851074, 9970
3.6936068534851074, 9969
3.695666551589966, 9968
3.695666551589966, 9967
3.695666551589966, 9966
3.695666551589966, 9965
3.695666551589966, 9964
3.705796241760254, 9963
3.705796241760254, 9962
3.7159066200256348, 9961
3.7159066200256348, 9960
3.726099967956543, 9959
3.726099967956543, 9958
3.726099967956543, 9957
3.726099967956543, 9956
3.734157085418701, 9955
3.7362117767333984, 9954
3.7362117767333984, 9953
3.746351957321167, 9952
3.746351957321167, 9951
3.7544150352478027, 9950
3.7564706802368164, 9949
3.7564706802368164, 9948
3.7564706802368164, 9947
3.766632080078125, 9946
3.776747703552246, 9945
3.786881685256958, 9944
3.786881685256958, 9943
3.794938087463379, 9942
3.794938087463379, 9941
3.7969939708709717, 9940
3.7969939708709717, 9939
3.8050615787506104, 9938
3.807116746902466, 9937
3.807116746902466, 9936
3.807116746902466, 9935
3.807116746902466, 9934
3.8172404766082764, 9933
3.8374643325805664, 9932
3.8577117919921875, 9931
3.8658270835876465, 9930
3.8678829669952393, 9929
3.8780343532562256, 9928
3.886080503463745, 9927
3.888597011566162, 9926
3.888597011566162, 9925
3.898775577545166, 9924
3.916949987411499, 9923
3.916949987411499, 9922
3.916949987411499, 9921
3.9371821880340576, 9920
3.9371821880340576, 9919
3.9471888542175293, 9918
3.9471888542175293, 9917
3.9471888542175293, 9916
3.9471888542175293, 9915
3.9471888542175293, 9914
3.9471888542175293, 9913
3.962841749191284, 9912
3.962841749191284, 9911
3.9784576892852783, 9910
3.9784576892852783, 9909
3.998034715652466, 9908
4.0003342628479, 9907
4.001474380493164, 9906
4.0048840045928955, 9905
4.00934362411499, 9904
4.00934362411499, 9903
4.00934362411499, 9902
4.00934362411499, 9901
4.025017738342285, 9900
4.040643930435181, 9899
4.047194242477417, 9898
4.047194242477417, 9897
4.062832593917847, 9896
4.062832593917847, 9895
4.062832593917847, 9894
4.078457593917847, 9893
4.078457593917847, 9892
4.078457593917847, 9891
4.078457593917847, 9890
4.078457593917847, 9889
4.078457593917847, 9888
4.078457593917847, 9887
4.099421739578247, 9886
4.103420734405518, 9885
4.122419357299805, 9884
4.1272056102752686, 9883
4.1272056102752686, 9882
4.1272056102752686, 9881
4.1272056102752686, 9880
4.147379636764526, 9879
4.147379636764526, 9878
4.147379636764526, 9877
4.163057088851929, 9876
4.163057088851929, 9875
4.163057088851929, 9874
4.163057088851929, 9873
4.178681135177612, 9872
4.178681135177612, 9871
4.178681135177612, 9870
4.178681135177612, 9869
4.178681135177612, 9868
4.178681135177612, 9867
4.178681135177612, 9866
4.194267988204956, 9865
4.194267988204956, 9864
4.194267988204956, 9863
4.194267988204956, 9862
4.194267988204956, 9861
4.194267988204956, 9860
4.194267988204956, 9859
4.209892272949219, 9858
4.209892272949219, 9857
4.225556135177612, 9856
4.225556135177612, 9855
4.225556135177612, 9854
4.225556135177612, 9853
4.24118185043335, 9852
4.24118185043335, 9851
4.24118185043335, 9850
4.249722957611084, 9849
4.259856224060059, 9848
4.269992113113403, 9847
4.269992113113403, 9846
4.280125856399536, 9845
4.2882020473480225, 9844
4.290264844894409, 9843
4.30042290687561, 9842
4.310518264770508, 9841
4.3186328411102295, 9840
4.351254224777222, 9839
4.3614301681518555, 9838
4.3614301681518555, 9837
4.3614301681518555, 9836
4.36952543258667, 9835
4.36952543258667, 9834
4.371610403060913, 9833
4.39189887046814, 9832
4.39189887046814, 9831
4.39189887046814, 9830
4.39189887046814, 9829
4.39189887046814, 9828
4.402040004730225, 9827
4.412269830703735, 9826
4.412269830703735, 9825
4.412269830703735, 9824
4.422412633895874, 9823
4.422412633895874, 9822
4.422412633895874, 9821
4.452866792678833, 9820
4.452866792678833, 9819
4.4712231159210205, 9818
4.483790874481201, 9817
4.483790874481201, 9816
4.491873502731323, 9815
4.493940830230713, 9814
4.493940830230713, 9813
4.504460573196411, 9812
4.504460573196411, 9811
4.512536287307739, 9810
4.514575958251953, 9809
4.522673845291138, 9808
4.524740934371948, 9807
4.542954206466675, 9806
4.55509614944458, 9805
4.573604583740234, 9804
4.5837061405181885, 9803
4.5837061405181885, 9802
4.5837061405181885, 9801
4.595937252044678, 9800
4.603993892669678, 9799
4.606079578399658, 9798
4.61655855178833, 9797
4.61655855178833, 9796
4.626696586608887, 9795
4.656919240951538, 9794
4.656919240951538, 9793
4.656919240951538, 9792
4.6750805377960205, 9791
4.6750805377960205, 9790
4.697366237640381, 9789
4.707524061203003, 9788
4.707524061203003, 9787
4.707524061203003, 9786
4.7358598709106445, 9785
4.7358598709106445, 9784
4.737926721572876, 9783
4.758214473724365, 9782
4.758214473724365, 9781
4.758214473724365, 9780
4.766335487365723, 9779
4.768413066864014, 9778
4.7886810302734375, 9777
4.7886810302734375, 9776
4.808974504470825, 9775
4.808974504470825, 9774
4.819137334823608, 9773
4.819137334823608, 9772
4.827174663543701, 9771
4.827174663543701, 9770
4.8292505741119385, 9769
4.8292505741119385, 9768
4.8292505741119385, 9767
4.8292505741119385, 9766
4.8292505741119385, 9765
4.839401960372925, 9764
4.839401960372925, 9763
4.849496603012085, 9762
4.849496603012085, 9761
4.859616756439209, 9760
4.867747068405151, 9759
4.887910604476929, 9758
4.889939069747925, 9757
4.889939069747925, 9756
4.889939069747925, 9755
4.889939069747925, 9754
4.910314559936523, 9753
4.910314559936523, 9752
4.920381307601929, 9751
4.92847466468811, 9750
4.930508852005005, 9749
4.930508852005005, 9748
4.938578844070435, 9747
4.940645456314087, 9746
4.950846195220947, 9745
4.96100115776062, 9744
4.97121787071228, 9743
4.991421222686768, 9742
5.001617431640625, 9741
5.011769771575928, 9740
5.029851913452148, 9739
5.029851913452148, 9738
5.029851913452148, 9737
5.045528888702393, 9736
5.045528888702393, 9735
5.045528888702393, 9734
5.045528888702393, 9733
5.061119556427002, 9732
5.061119556427002, 9731
5.061119556427002, 9730
5.061119556427002, 9729
5.076744318008423, 9728
5.076744318008423, 9727
5.076744318008423, 9726
5.092368841171265, 9725
5.1053690910339355, 9724
5.106391191482544, 9723
5.13004732131958, 9722
5.13004732131958, 9721
5.145690441131592, 9720
5.161310911178589, 9719
5.161310911178589, 9718
5.161310911178589, 9717
5.17693829536438, 9716
5.17693829536438, 9715
5.17693829536438, 9714
5.17693829536438, 9713
5.17693829536438, 9712
5.192565441131592, 9711
5.192565441131592, 9710
5.208191394805908, 9709
5.208191394805908, 9708
5.223819732666016, 9707
5.223819732666016, 9706
5.230336427688599, 9705
5.230336427688599, 9704
5.245980978012085, 9703
5.26160192489624, 9702
5.26160192489624, 9701
5.277225971221924, 9700
5.277225971221924, 9699
5.277225971221924, 9698
5.277225971221924, 9697
5.292865753173828, 9696
5.308474779129028, 9695
5.308474779129028, 9694
5.324100017547607, 9693
5.33061146736145, 9692
5.33061146736145, 9691
5.33061146736145, 9690
5.33061146736145, 9689
5.33061146736145, 9688
5.361875295639038, 9687
5.361875295639038, 9686
5.361875295639038, 9685
5.377497911453247, 9684
5.377497911453247, 9683
5.3931639194488525, 9682
5.3931639194488525, 9681
5.3931639194488525, 9680
5.3931639194488525, 9679
5.408788681030273, 9678
5.408788681030273, 9677
5.424412250518799, 9676
5.430944442749023, 9675
5.433013916015625, 9674
5.433013916015625, 9673
5.433013916015625, 9672
5.433013916015625, 9671
5.453263998031616, 9670
5.453263998031616, 9669
5.461381196975708, 9668
5.46345853805542, 9667
5.481661081314087, 9666
5.481661081314087, 9665
5.491724729537964, 9664
5.493797540664673, 9663
5.493797540664673, 9662
5.504094362258911, 9661
5.514397859573364, 9660
5.534625768661499, 9659
5.565272331237793, 9658
5.585506200790405, 9657
5.595651626586914, 9656
5.595651626586914, 9655
5.603712558746338, 9654
5.615908622741699, 9653
5.626012802124023, 9652
5.626012802124023, 9651
5.634092330932617, 9650
5.63615608215332, 9649
5.64643120765686, 9648
5.64643120765686, 9647
5.656596660614014, 9646
5.664652347564697, 9645
5.666719198226929, 9644
5.686962366104126, 9643
5.697080850601196, 9642
5.705160617828369, 9641
5.7072038650512695, 9640
5.727801084518433, 9639
5.727801084518433, 9638
5.7379138469696045, 9637
5.7379138469696045, 9636
5.7379138469696045, 9635
5.7379138469696045, 9634
5.748042583465576, 9633
5.76625919342041, 9632
5.776269912719727, 9631
5.776269912719727, 9630
5.791912794113159, 9629
5.791912794113159, 9628
5.8075408935546875, 9627
5.82315993309021, 9626
5.82315993309021, 9625
5.82315993309021, 9624
5.82315993309021, 9623
5.838784456253052, 9622
5.838784456253052, 9621
5.838784456253052, 9620
5.854409217834473, 9619
5.854409217834473, 9618
5.876554012298584, 9617
5.876554012298584, 9616
5.8921990394592285, 9615
5.907824516296387, 9614
5.907824516296387, 9613
5.907824516296387, 9612
5.923451900482178, 9611
5.923451900482178, 9610
5.939076900482178, 9609
5.939076900482178, 9608
5.939076900482178, 9607
5.939076900482178, 9606
5.954701662063599, 9605
5.954701662063599, 9604
5.954701662063599, 9603
5.954701662063599, 9602
5.970326900482178, 9601
5.970326900482178, 9600
5.976842641830444, 9599
6.008108854293823, 9598
6.02373194694519, 9597
6.0549890995025635, 9596
6.070610761642456, 9595
6.092841863632202, 9594
6.092841863632202, 9593
6.092841863632202, 9592
6.13967490196228, 9591
6.13967490196228, 9590
6.13967490196228, 9589
6.13967490196228, 9588
6.155299663543701, 9587
6.155299663543701, 9586
6.155299663543701, 9585
6.155299663543701, 9584
6.170926094055176, 9583
6.193083047866821, 9582
6.193083047866821, 9581
6.211477279663086, 9580
6.21261739730835, 9579
6.220433712005615, 9578
6.221491575241089, 9577
6.239162445068359, 9576
6.239162445068359, 9575
6.239162445068359, 9574
6.239162445068359, 9573
6.254793882369995, 9572
6.254793882369995, 9571
6.254793882369995, 9570
6.277424335479736, 9569
6.277424335479736, 9568
6.293064594268799, 9567
6.293064594268799, 9566
6.324355125427246, 9565
6.324355125427246, 9564
6.324355125427246, 9563
6.3399786949157715, 9562
6.35560941696167, 9561
6.35560941696167, 9560
6.35560941696167, 9559
6.371234178543091, 9558
6.371234178543091, 9557
6.377748250961304, 9556
6.393391847610474, 9555
6.409013271331787, 9554
6.409013271331787, 9553
6.424673795700073, 9552
6.424673795700073, 9551
6.424673795700073, 9550
6.424673795700073, 9549
6.424673795700073, 9548
6.424673795700073, 9547
6.424673795700073, 9546
6.440324306488037, 9545
6.440324306488037, 9544
6.440324306488037, 9543
6.455940246582031, 9542
6.478115081787109, 9541
6.478115081787109, 9540
6.493793725967407, 9539
6.493793725967407, 9538
6.493793725967407, 9537
6.493793725967407, 9536
6.509425163269043, 9535
6.509425163269043, 9534
6.5250022411346436, 9533
6.5250022411346436, 9532
6.5250022411346436, 9531
6.540626049041748, 9530
6.556262969970703, 9529
6.556262969970703, 9528
6.578283071517944, 9527
6.584127426147461, 9526
6.587453126907349, 9525
6.587453126907349, 9524
6.603131532669067, 9523
6.603131532669067, 9522
6.603131532669067, 9521
6.61875581741333, 9520
6.678109645843506, 9519
6.693748712539673, 9518
6.693748712539673, 9517
6.709374666213989, 9516
6.724999189376831, 9515
6.724999189376831, 9514
6.724999189376831, 9513
6.724999189376831, 9512
6.724999189376831, 9511
6.740624189376831, 9510
6.740624189376831, 9509
6.756248474121094, 9508
6.771875619888306, 9507
6.780505180358887, 9506
6.780505180358887, 9505
6.780505180358887, 9504
6.780505180358887, 9503
6.81096076965332, 9502
6.8493499755859375, 9501
6.8493499755859375, 9500
6.851406574249268, 9499
6.859541654586792, 9498
6.861607074737549, 9497
6.871758937835693, 9496
6.8818793296813965, 9495
6.902233362197876, 9494
6.902233362197876, 9493
6.910309791564941, 9492
6.912379264831543, 9491
6.912379264831543, 9490
6.912379264831543, 9489
6.920452833175659, 9488
6.922518253326416, 9487
6.9306230545043945, 9486
6.932705879211426, 9485
6.932705879211426, 9484
6.942824125289917, 9483
6.953394889831543, 9482
6.9635584354400635, 9481
6.9635584354400635, 9480
6.9635584354400635, 9479
6.9635584354400635, 9478
6.983850717544556, 9477
6.983850717544556, 9476
6.983850717544556, 9475
6.991870403289795, 9474
6.99403977394104, 9473
6.99403977394104, 9472
7.004220247268677, 9471
7.024549961090088, 9470
7.032625913619995, 9469
7.0449724197387695, 9468
7.055127859115601, 9467
7.055127859115601, 9466
7.055127859115601, 9465
7.055127859115601, 9464
7.055127859115601, 9463
7.075441837310791, 9462
7.085610389709473, 9461
7.114027500152588, 9460
7.114027500152588, 9459
7.116096019744873, 9458
7.116096019744873, 9457
7.126237869262695, 9456
7.126237869262695, 9455
7.1364195346832275, 9454
7.1364195346832275, 9453
7.1364195346832275, 9452
7.14657187461853, 9451
7.154644012451172, 9450
7.154644012451172, 9449
7.156726360321045, 9448
7.156726360321045, 9447
7.164815187454224, 9446
7.207734107971191, 9445
7.217888116836548, 9444
7.22801399230957, 9443
7.22801399230957, 9442
7.238199949264526, 9441
7.248305082321167, 9440
7.258435964584351, 9439
7.2665064334869385, 9438
7.268561124801636, 9437
7.268561124801636, 9436
7.278726577758789, 9435
7.278726577758789, 9434
7.278726577758789, 9433
7.288840055465698, 9432
7.288840055465698, 9431
7.296935081481934, 9430
7.400331020355225, 9429
7.400331020355225, 9428
7.4104602336883545, 9427
7.438831329345703, 9426
7.440889120101929, 9425
7.440889120101929, 9424
7.4489593505859375, 9423
7.4489593505859375, 9422
7.451015949249268, 9421
7.451015949249268, 9420
7.461181640625, 9419
7.461181640625, 9418
7.481468915939331, 9417
7.481468915939331, 9416
7.481468915939331, 9415
7.481468915939331, 9414
7.509763479232788, 9413
7.51181697845459, 9412
7.51181697845459, 9411
7.52198600769043, 9410
7.530046224594116, 9409
7.5320985317230225, 9408
7.5320985317230225, 9407
7.5320985317230225, 9406
7.542276859283447, 9405
7.550347089767456, 9404
7.5524139404296875, 9403
7.562953472137451, 9402
7.581129550933838, 9401
7.589467525482178, 9400
7.591610908508301, 9399
7.592668294906616, 9398
7.601717233657837, 9397
7.601717233657837, 9396
7.6342315673828125, 9395
7.644357681274414, 9394
7.644357681274414, 9393
7.664621829986572, 9392
7.664621829986572, 9391
7.694976806640625, 9390
7.694976806640625, 9389
7.694976806640625, 9388
7.705107688903809, 9387
7.715252161026001, 9386
7.72330641746521, 9385
7.72330641746521, 9384
7.725360870361328, 9383
7.735498666763306, 9382
7.745626449584961, 9381
7.745626449584961, 9380
7.755816698074341, 9379
7.77403712272644, 9378
7.796350955963135, 9377
7.796350955963135, 9376
7.806471109390259, 9375
7.8166444301605225, 9374
7.9383180141448975, 9373
7.9383180141448975, 9372
7.948412656784058, 9371
7.948412656784058, 9370
7.948412656784058, 9369
7.948412656784058, 9368
7.958607196807861, 9367
7.968713998794556, 9366
7.976756811141968, 9365
7.976756811141968, 9364
7.986836910247803, 9363
7.988887310028076, 9362
8.02734088897705, 9361
8.02940559387207, 9360
8.02940559387207, 9359
8.03750205039978, 9358
8.049681663513184, 9357
8.059849739074707, 9356
8.059849739074707, 9355
8.06998324394226, 9354
8.06998324394226, 9353
8.088170289993286, 9352
8.090235710144043, 9351
8.090235710144043, 9350
8.10037112236023, 9349
8.110531091690063, 9348
8.120629787445068, 9347
8.159156560897827, 9346
8.161238670349121, 9345
8.169309616088867, 9344
8.171377658843994, 9343
8.192069053649902, 9342
8.20224404335022, 9341
8.21239447593689, 9340
8.21239447593689, 9339
8.220458507537842, 9338
8.22253155708313, 9337
8.242772340774536, 9336
8.242772340774536, 9335
8.252913475036621, 9334
8.273149490356445, 9333
8.273149490356445, 9332
8.281222820281982, 9331
8.28329348564148, 9330
8.293433666229248, 9329
8.301462411880493, 9328
8.303529977798462, 9327
8.313683271408081, 9326
8.321757078170776, 9325
8.333962678909302, 9324
8.341989755630493, 9323
8.354204416275024, 9322
8.362314701080322, 9321
8.364350080490112, 9320
8.382529973983765, 9319
8.382529973983765, 9318
8.392573118209839, 9317
8.415195226669312, 9316
8.43544340133667, 9315
8.43544340133667, 9314
8.43544340133667, 9313
8.43544340133667, 9312
8.43544340133667, 9311
8.44355058670044, 9310
8.445761442184448, 9309
8.445761442184448, 9308
8.466158866882324, 9307
8.466158866882324, 9306
8.506975650787354, 9305
8.517114400863647, 9304
8.517114400863647, 9303
8.537401676177979, 9302
8.537401676177979, 9301
8.537401676177979, 9300
8.547518730163574, 9299
8.557655572891235, 9298
8.565704107284546, 9297
8.56777286529541, 9296
8.57584834098816, 9295
8.577922821044922, 9294
8.598180055618286, 9293
8.598180055618286, 9292
8.62857985496521, 9291
8.62857985496521, 9290
8.636658906936646, 9289
8.65901803970337, 9288
8.662178039550781, 9287
8.662178039550781, 9286
8.667246580123901, 9285
8.669313192367554, 9284
8.6794114112854, 9283
8.6794114112854, 9282
8.707530975341797, 9281
8.709592580795288, 9280
8.709592580795288, 9279
8.717631578445435, 9278
8.729729413986206, 9277
8.729729413986206, 9276
8.760005950927734, 9275
8.770098686218262, 9274
8.770098686218262, 9273
8.780234813690186, 9272
8.800316572189331, 9271
8.81040334701538, 9270
8.810473203659058, 9269
8.810473203659058, 9268
8.828666687011719, 9267
8.830734491348267, 9266
8.830734491348267, 9265
8.84891128540039, 9264
8.850976943969727, 9263
8.850976943969727, 9262
8.850976943969727, 9261
8.850976943969727, 9260
8.850976943969727, 9259
8.891541242599487, 9258
8.911841869354248, 9257
8.921998023986816, 9256
8.921998023986816, 9255
8.921998023986816, 9254
8.921998023986816, 9253
8.932148456573486, 9252
8.932148456573486, 9251
8.932148456573486, 9250
8.945500612258911, 9249
8.950893640518188, 9248
8.954082250595093, 9247
8.98691725730896, 9246
8.98691725730896, 9245
9.018172979354858, 9244
9.018172979354858, 9243
9.018172979354858, 9242
9.018172979354858, 9241
9.0337975025177, 9240
9.0337975025177, 9239
9.0337975025177, 9238
9.0494225025177, 9237
9.0494225025177, 9236
9.0494225025177, 9235
9.065048217773438, 9234
9.065048217773438, 9233
9.065048217773438, 9232
9.071563720703125, 9231
9.087206363677979, 9230
9.118455648422241, 9229
9.118455648422241, 9228
9.118455648422241, 9227
9.149703979492188, 9226
9.149703979492188, 9225
9.165330171585083, 9224
9.165330171585083, 9223
9.171911478042603, 9222
9.182031393051147, 9221
9.194249868392944, 9220
9.194249868392944, 9219
9.204403400421143, 9218
9.204403400421143, 9217
9.204403400421143, 9216
9.2145516872406, 9215
9.2145516872406, 9214
9.234826803207397, 9213
9.234826803207397, 9212
9.234826803207397, 9211
9.234826803207397, 9210
9.242919206619263, 9209
9.244989156723022, 9208
9.255135297775269, 9207
9.255135297775269, 9206
9.269025564193726, 9205
9.270091772079468, 9204
9.271153688430786, 9203
9.272174596786499, 9202
9.273706912994385, 9201
9.285573959350586, 9200
9.285573959350586, 9199
9.295701265335083, 9198
9.305813789367676, 9197
9.313910245895386, 9196
9.323944330215454, 9195
9.325958728790283, 9194
9.325958728790283, 9193
9.336014986038208, 9192
9.336014986038208, 9191
9.344032049179077, 9190
9.35616683959961, 9189
9.35616683959961, 9188
9.35616683959961, 9187
9.366285562515259, 9186
9.396669149398804, 9185
9.396669149398804, 9184
9.396669149398804, 9183
9.4375638961792, 9182
9.4375638961792, 9181
9.4375638961792, 9180
9.4375638961792, 9179
9.447673320770264, 9178
9.447673320770264, 9177
9.447673320770264, 9176
9.447673320770264, 9175
9.457834005355835, 9174
9.457834005355835, 9173
9.457834005355835, 9172
9.457834005355835, 9171
9.457834005355835, 9170
9.476099967956543, 9169
9.486108541488647, 9168
9.486108541488647, 9167
9.533032894134521, 9166
9.548658847808838, 9165
9.548658847808838, 9164
9.586418151855469, 9163
9.586418151855469, 9162
9.586418151855469, 9161
9.60209321975708, 9160
9.60209321975708, 9159
9.61943507194519, 9158
9.61943507194519, 9157
9.635099649429321, 9156
9.650729417800903, 9155
9.666361570358276, 9154
9.666361570358276, 9153
9.696670293807983, 9152
9.698737621307373, 9151
9.706795692443848, 9150
9.706795692443848, 9149
9.708864450454712, 9148
9.708864450454712, 9147
9.708864450454712, 9146
9.708864450454712, 9145
9.729110956192017, 9144
9.729110956192017, 9143
9.739272117614746, 9142
9.757482528686523, 9141
9.759543418884277, 9140
9.769655466079712, 9139
9.777698755264282, 9138
9.77976107597351, 9137
9.800242185592651, 9136
9.810356378555298, 9135
9.840758323669434, 9134
9.850897789001465, 9133
9.861018896102905, 9132
9.87112808227539, 9131
9.879244804382324, 9130
9.881303310394287, 9129
9.891405820846558, 9128
9.901529788970947, 9127
9.901529788970947, 9126
9.911645412445068, 9125
9.929823160171509, 9124
9.95214581489563, 9123
9.962263107299805, 9122
9.962263107299805, 9121
9.962263107299805, 9120
9.962263107299805, 9119
9.962263107299805, 9118
9.970335245132446, 9117
9.982571601867676, 9116
9.992671728134155, 9115
9.992671728134155, 9114
10.000797271728516, 9113
10.000797271728516, 9112
10.002857685089111, 9111
10.02361011505127, 9110
10.02361011505127, 9109
10.033719301223755, 9108
10.041831970214844, 9107
10.04390835762024, 9106
10.04390835762024, 9105
10.051963806152344, 9104
10.062061071395874, 9103
10.064116954803467, 9102
10.064116954803467, 9101
10.104602098464966, 9100
10.112665891647339, 9099
10.145298480987549, 9098
10.16566276550293, 9097
10.16566276550293, 9096
10.175742864608765, 9095
10.206146240234375, 9094
10.216269731521606, 9093
10.216269731521606, 9092
10.226416110992432, 9091
10.236544132232666, 9090
10.246727228164673, 9089
10.256835222244263, 9088
10.275022029876709, 9087
10.275022029876709, 9086
10.275022029876709, 9085
10.287196159362793, 9084
10.287196159362793, 9083
10.307480812072754, 9082
10.315516948699951, 9081
10.337820768356323, 9080
10.348276615142822, 9079
10.348276615142822, 9078
10.356338739395142, 9077
10.358392477035522, 9076
10.358392477035522, 9075
10.36854600906372, 9074
10.36854600906372, 9073
10.36854600906372, 9072
10.378657102584839, 9071
10.388792753219604, 9070
10.398908615112305, 9069
10.409013748168945, 9068
10.409013748168945, 9067
10.429258108139038, 9066
10.429258108139038, 9065
10.439369440078735, 9064
10.44951319694519, 9063
10.457578659057617, 9062
10.459632396697998, 9061
10.500120639801025, 9060
10.530383586883545, 9059
10.540509939193726, 9058
10.550672769546509, 9057
10.550672769546509, 9056
10.589218854904175, 9055
10.591277122497559, 9054
10.599345922470093, 9053
10.62968897819519, 9052
10.62968897819519, 9051
10.632224082946777, 9050
10.632224082946777, 9049
10.632224082946777, 9048
10.642359733581543, 9047
10.652509927749634, 9046
10.660679578781128, 9045
10.662782907485962, 9044
10.672919034957886, 9043
10.672919034957886, 9042
10.70127248764038, 9041
10.703344821929932, 9040
10.713478088378906, 9039
10.713478088378906, 9038
10.721545457839966, 9037
10.733776330947876, 9036
10.754097938537598, 9035
10.754097938537598, 9034
10.764243364334106, 9033
10.774401187896729, 9032
10.784540176391602, 9031
10.814938068389893, 9030
10.814938068389893, 9029
10.814938068389893, 9028
10.814938068389893, 9027
10.814938068389893, 9026
10.835193395614624, 9025
10.875796794891357, 9024
11.04779601097107, 9023
11.066056966781616, 9022
11.086393117904663, 9021
11.088473558425903, 9020
11.096573829650879, 9019
11.106642246246338, 9018
11.119317293167114, 9017
11.137746572494507, 9016
11.139825582504272, 9015
11.149967670440674, 9014
11.149967670440674, 9013
11.180484056472778, 9012
11.180484056472778, 9011
11.190633058547974, 9010
11.190633058547974, 9009
11.200806856155396, 9008
11.208828210830688, 9007
11.221153259277344, 9006
11.22922420501709, 9005
11.22922420501709, 9004
11.22922420501709, 9003
11.241830587387085, 9002
11.251944780349731, 9001
11.251944780349731, 9000
11.262134790420532, 8999
11.2847421169281, 8998
11.2847421169281, 8997
11.292897701263428, 8996
11.30301284790039, 8995
11.30301284790039, 8994
11.313162326812744, 8993
11.32327914237976, 8992
11.333414793014526, 8991
11.34357213973999, 8990
11.363869190216064, 8989
11.363869190216064, 8988
11.371939659118652, 8987
11.374003887176514, 8986
11.38205337524414, 8985
11.394246339797974, 8984
11.444799661636353, 8983
11.444799661636353, 8982
11.452867031097412, 8981
11.454932451248169, 8980
11.454932451248169, 8979
11.454932451248169, 8978
11.462984800338745, 8977
11.465054988861084, 8976
11.51364803314209, 8975
11.525800228118896, 8974
11.53386902809143, 8973
11.566334009170532, 8972
11.57644772529602, 8971
11.584540605545044, 8970
11.610286712646484, 8969
11.625890016555786, 8968
11.641525030136108, 8967
11.641525030136108, 8966
11.657170295715332, 8965
11.657170295715332, 8964
11.657170295715332, 8963
11.657170295715332, 8962
11.682615995407104, 8961
11.706984758377075, 8960
11.706984758377075, 8959
11.717094659805298, 8958
11.717094659805298, 8957
11.727223873138428, 8956
11.747613191604614, 8955
11.747613191604614, 8954
11.757750749588013, 8953
11.757750749588013, 8952
11.767878293991089, 8951
11.767878293991089, 8950
11.767878293991089, 8949
11.767878293991089, 8948
11.778058052062988, 8947
11.778058052062988, 8946
11.788167953491211, 8945
11.796242713928223, 8944
11.798304796218872, 8943
11.798304796218872, 8942
11.81853437423706, 8941
11.826597452163696, 8940
11.846858739852905, 8939
11.848912477493286, 8938
11.859461784362793, 8937
11.889875411987305, 8936
11.900023221969604, 8935
11.900023221969604, 8934
11.920274496078491, 8933
11.920274496078491, 8932
11.930387020111084, 8931
11.930387020111084, 8930
11.938504457473755, 8929
11.940574169158936, 8928
11.940574169158936, 8927
11.948638916015625, 8926
11.950695753097534, 8925
11.96083950996399, 8924
11.970954418182373, 8923
12.001336574554443, 8922
12.01147723197937, 8921
12.0216383934021, 8920
12.0216383934021, 8919
12.0216383934021, 8918
12.0216383934021, 8917
12.04189658164978, 8916
12.04189658164978, 8915
12.04189658164978, 8914
12.049965143203735, 8913
12.070196866989136, 8912
12.072263240814209, 8911
12.072263240814209, 8910
12.072263240814209, 8909
12.090483903884888, 8908
12.092553615570068, 8907
12.092553615570068, 8906
12.100618362426758, 8905
12.102692604064941, 8904
12.110771894454956, 8903
12.110771894454956, 8902
12.143483638763428, 8901
12.161664247512817, 8900
12.212700128555298, 8899
12.222865104675293, 8898
12.224929571151733, 8897
12.245259761810303, 8896
12.255335092544556, 8895
12.265478372573853, 8894
12.285712957382202, 8893
12.316359043121338, 8892
12.324387550354004, 8891
12.326459407806396, 8890
12.336594820022583, 8889
12.36488652229309, 8888
12.366960525512695, 8887
12.397361755371094, 8886
12.407519578933716, 8885
12.407519578933716, 8884
12.415596008300781, 8883
12.427785634994507, 8882
12.427785634994507, 8881
12.435850620269775, 8880
12.445976495742798, 8879
12.448046207427979, 8878
12.478828191757202, 8877
12.488955736160278, 8876
12.519318103790283, 8875
12.539604902267456, 8874
12.549779415130615, 8873
12.549779415130615, 8872
12.5599205493927, 8871
12.567970275878906, 8870
12.580191373825073, 8869
12.580191373825073, 8868
12.59031867980957, 8867
12.59031867980957, 8866
12.59031867980957, 8865
12.60045862197876, 8864
12.61060094833374, 8863
12.64441180229187, 8862
12.660017967224121, 8861
12.675641775131226, 8860
12.6913161277771, 8859
12.706932544708252, 8858
12.706932544708252, 8857
12.729065179824829, 8856
12.74475884437561, 8855
12.760327816009521, 8854
12.775952339172363, 8853
12.791579961776733, 8852
12.791579961776733, 8851
12.807241439819336, 8850
12.807241439819336, 8849
12.829433917999268, 8848
12.860747337341309, 8847
12.891947031021118, 8846
12.907604455947876, 8845
12.907604455947876, 8844
12.907604455947876, 8843
12.907604455947876, 8842
12.945457458496094, 8841
12.976667881011963, 8840
12.976667881011963, 8839
12.976667881011963, 8838
12.99229097366333, 8837
12.99229097366333, 8836
13.00795578956604, 8835
13.023586750030518, 8834
13.0301353931427, 8833
13.0301353931427, 8832
13.0301353931427, 8831
13.0301353931427, 8830
13.0301353931427, 8829
13.049734115600586, 8828
13.061176300048828, 8827
13.092476844787598, 8826
13.092476844787598, 8825
13.132339239120483, 8824
13.132339239120483, 8823
13.132339239120483, 8822
13.132339239120483, 8821
13.14245057106018, 8820
13.14245057106018, 8819
13.14245057106018, 8818
13.152600288391113, 8817
13.162943363189697, 8816
13.201857089996338, 8815
13.201929807662964, 8814
13.201929807662964, 8813
13.212180614471436, 8812
13.212180614471436, 8811
13.244832038879395, 8810
13.254947662353516, 8809
13.285351037979126, 8808
13.285351037979126, 8807
13.285351037979126, 8806
13.335943937301636, 8805
13.354132175445557, 8804
13.356194972991943, 8803
13.374386548995972, 8802
13.384566307067871, 8801
13.386626243591309, 8800
13.386626243591309, 8799
13.386626243591309, 8798
13.406901121139526, 8797
13.406901121139526, 8796
13.41702389717102, 8795
13.447579860687256, 8794
13.447579860687256, 8793
13.455645084381104, 8792
13.457699060440063, 8791
13.457699060440063, 8790
13.457699060440063, 8789
13.475937843322754, 8788
13.477993965148926, 8787
13.498216152191162, 8786
13.498216152191162, 8785
13.506319046020508, 8784
13.50834035873413, 8783
13.518448829650879, 8782
13.528594970703125, 8781
13.528594970703125, 8780
13.536656856536865, 8779
13.548846006393433, 8778
13.548846006393433, 8777
13.57921838760376, 8776
13.57921838760376, 8775
13.589320659637451, 8774
13.597400665283203, 8773
13.609644412994385, 8772
13.609644412994385, 8771
13.609644412994385, 8770
13.619753360748291, 8769
13.627860307693481, 8768
13.629876136779785, 8767
13.629876136779785, 8766
13.639993667602539, 8765
13.660229444503784, 8764
13.670363426208496, 8763
13.680498123168945, 8762
13.688504695892334, 8761
13.69602656364441, 8760
13.69708514213562, 8759
13.699110746383667, 8758
13.699631690979004, 8757
13.703513383865356, 8756
13.706774473190308, 8755
13.71180772781372, 8754
13.721968412399292, 8753
13.77342963218689, 8752
13.781561136245728, 8751
13.791685342788696, 8750
13.814070224761963, 8749
13.814070224761963, 8748
13.822208642959595, 8747
13.822208642959595, 8746
13.834385871887207, 8745
13.834385871887207, 8744
13.862772941589355, 8743
13.864834308624268, 8742
13.874910354614258, 8741
13.913262605667114, 8740
13.944569110870361, 8739
13.960153102874756, 8738
13.960153102874756, 8737
13.975777626037598, 8736
14.013532400131226, 8735
14.02916693687439, 8734
14.044791460037231, 8733
14.060417175292969, 8732
14.076042175292969, 8731
14.113876104354858, 8730
14.113876104354858, 8729
14.113876104354858, 8728
14.129549026489258, 8727
14.129549026489258, 8726
14.129549026489258, 8725
14.160801887512207, 8724
14.17642879486084, 8723
14.17642879486084, 8722
14.17642879486084, 8721
14.192014455795288, 8720
14.192014455795288, 8719
14.207645893096924, 8718
14.214170694351196, 8717
14.229817628860474, 8716
14.245452642440796, 8715
14.276739358901978, 8714
14.29235315322876, 8713
14.34575867652893, 8712
14.34575867652893, 8711
14.361376285552979, 8710
14.361376285552979, 8709
14.361376285552979, 8708
14.361376285552979, 8707
14.361376285552979, 8706
14.361376285552979, 8705
14.377001285552979, 8704
14.392623901367188, 8703
14.407827615737915, 8702
14.407827615737915, 8701
14.407827615737915, 8700
14.414377450942993, 8699
14.414377450942993, 8698
14.430058002471924, 8697
14.46130633354187, 8696
14.46130633354187, 8695
14.46130633354187, 8694
14.47688913345337, 8693
14.492550134658813, 8692
14.514651536941528, 8691
14.514651536941528, 8690
14.530324459075928, 8689
14.545961856842041, 8688
14.561592102050781, 8687
14.561592102050781, 8686
14.561592102050781, 8685
14.561592102050781, 8684
14.561592102050781, 8683
14.561592102050781, 8682
14.577204942703247, 8681
14.577204942703247, 8680
14.592827558517456, 8679
14.592827558517456, 8678
14.592827558517456, 8677
14.614999294281006, 8676
14.614999294281006, 8675
14.63067364692688, 8674
14.63067364692688, 8673
14.64625883102417, 8672
14.661888599395752, 8671
14.661888599395752, 8670
14.661888599395752, 8669
14.677626371383667, 8668
14.693182468414307, 8667
14.693182468414307, 8666
14.731023073196411, 8665
14.731023073196411, 8664
14.731023073196411, 8663
14.762235641479492, 8662
14.777900218963623, 8661
14.79349946975708, 8660
14.815659523010254, 8659
14.846969604492188, 8658
14.862546682357788, 8657
14.878180027008057, 8656
14.878180027008057, 8655
14.909419536590576, 8654
14.915925979614258, 8653
14.915925979614258, 8652
14.931556940078735, 8651
14.931556940078735, 8650
14.947182178497314, 8649
14.947182178497314, 8648
14.947182178497314, 8647
14.962807416915894, 8646
14.978432655334473, 8645
14.994057655334473, 8644
14.994057655334473, 8643
15.018313884735107, 8642
15.02634882926941, 8641
15.028412103652954, 8640
15.028412103652954, 8639
15.028412103652954, 8638
15.028412103652954, 8637
15.03852367401123, 8636
15.058780670166016, 8635
15.068921566009521, 8634
15.079036712646484, 8633
15.079036712646484, 8632
15.08912205696106, 8631
15.129720211029053, 8630
15.137775897979736, 8629
15.139830112457275, 8628
15.147867202758789, 8627
15.168139219284058, 8626
15.180312871932983, 8625
15.180312871932983, 8624
15.180312871932983, 8623
15.230940103530884, 8622
15.241042137145996, 8621
15.261348724365234, 8620
15.281489610671997, 8619
15.281549215316772, 8618
15.291651725769043, 8617
15.31217360496521, 8616
15.320233821868896, 8615
15.322287321090698, 8614
15.35056447982788, 8613
15.372847318649292, 8612
15.380913019180298, 8611
15.393077850341797, 8610
15.393077850341797, 8609
15.393077850341797, 8608
15.411418914794922, 8607
15.413482666015625, 8606
15.423596620559692, 8605
15.433738470077515, 8604
15.433738470077515, 8603
15.443854570388794, 8602
15.443854570388794, 8601
15.464118242263794, 8600
15.464118242263794, 8599
15.474210023880005, 8598
15.484253883361816, 8597
15.49448299407959, 8596
15.49448299407959, 8595
15.504506587982178, 8594
15.512511968612671, 8593
15.543325662612915, 8592
15.545378684997559, 8591
15.555507183074951, 8590
15.565622806549072, 8589
15.596063613891602, 8588
15.606181144714355, 8587
15.614246606826782, 8586
15.61630392074585, 8585
15.61630392074585, 8584
15.61630392074585, 8583
15.61630392074585, 8582
15.636523246765137, 8581
15.636523246765137, 8580
15.644580125808716, 8579
15.646633386611938, 8578
15.646633386611938, 8577
15.687229871749878, 8576
15.73826813697815, 8575
15.748380184173584, 8574
15.756507396697998, 8573
15.768712997436523, 8572
15.769855499267578, 8571
15.778705835342407, 8570
15.778705835342407, 8569
15.799055099487305, 8568
15.799055099487305, 8567
15.839865684509277, 8566
15.847955226898193, 8565
15.860158205032349, 8564
15.878325700759888, 8563
15.88038420677185, 8562
15.900602579116821, 8561
15.910870552062988, 8560
15.918895483016968, 8559
15.928951263427734, 8558
15.930961847305298, 8557
15.940994024276733, 8556
15.951043128967285, 8555
15.959100246429443, 8554
15.979326009750366, 8553
15.979326009750366, 8552
16.00967502593994, 8551
16.011735200881958, 8550
16.011735200881958, 8549
16.031996250152588, 8548
16.04211139678955, 8547
16.05229663848877, 8546
16.05229663848877, 8545
16.062421321868896, 8544
16.072544813156128, 8543
16.072544813156128, 8542
16.072544813156128, 8541
16.092780590057373, 8540
16.092780590057373, 8539
16.092780590057373, 8538
16.102890253067017, 8537
16.1130690574646, 8536
16.123180866241455, 8535
16.133705615997314, 8534
16.133705615997314, 8533
16.133705615997314, 8532
16.14176297187805, 8531
16.153965711593628, 8530
16.164074182510376, 8529
16.2253315448761, 8528
16.286473751068115, 8527
16.29673933982849, 8526
16.316981315612793, 8525
16.325021743774414, 8524
16.327221393585205, 8523
16.327221393585205, 8522
16.347643613815308, 8521
16.38611078262329, 8520
16.398292541503906, 8519
16.406346559524536, 8518
16.408400774002075, 8517
16.416460514068604, 8516
16.418532609939575, 8515
16.448993682861328, 8514
16.45909881591797, 8513
16.45909881591797, 8512
16.45909881591797, 8511
16.467175722122192, 8510
16.517725706100464, 8509
16.52784276008606, 8508
16.52784276008606, 8507
16.540029048919678, 8506
16.550139665603638, 8505
16.570338487625122, 8504
16.590542554855347, 8503
16.61078977584839, 8502
16.61078977584839, 8501
16.63103151321411, 8500
16.63103151321411, 8499
16.63103151321411, 8498
16.651284217834473, 8497
16.661441326141357, 8496
16.691808700561523, 8495
16.691808700561523, 8494
16.699854373931885, 8493
16.701921224594116, 8492
16.701921224594116, 8491
16.701921224594116, 8490
16.722229719161987, 8489
16.783386945724487, 8488
16.793524980545044, 8487
16.793524980545044, 8486
16.813771724700928, 8485
16.813771724700928, 8484
16.85436201095581, 8483
16.885047435760498, 8482
16.91564393043518, 8481
16.91564393043518, 8480
16.944260597229004, 8479
16.954346418380737, 8478
16.954346418380737, 8477
16.964508295059204, 8476
17.01745867729187, 8475
17.05797243118286, 8474
17.05797243118286, 8473
17.078280687332153, 8472
17.10868763923645, 8471
17.118825912475586, 8470
17.118825912475586, 8469
17.13282537460327, 8468
17.149375438690186, 8467
17.159469842910767, 8466
17.159469842910767, 8465
17.179720878601074, 8464
17.210150241851807, 8463
17.21823787689209, 8462
17.2405948638916, 8461
17.25067639350891, 8460
17.271044731140137, 8459
17.29135298728943, 8458
17.31158185005188, 8457
17.31158185005188, 8456
17.31158185005188, 8455
17.362831354141235, 8454
17.372969388961792, 8453
17.413642406463623, 8452
17.423749923706055, 8451
17.48454451560974, 8450
17.48454451560974, 8449
17.48454451560974, 8448
17.494847774505615, 8447
17.494847774505615, 8446
17.504995822906494, 8445
17.504995822906494, 8444
17.51515030860901, 8443
17.51515030860901, 8442
17.52324604988098, 8441
17.53541111946106, 8440
17.53541111946106, 8439
17.54557752609253, 8438
17.58610486984253, 8437
17.594162225723267, 8436
17.59622836112976, 8435
17.606364965438843, 8434
17.63671898841858, 8433
17.64689612388611, 8432
17.64689612388611, 8431
17.64689612388611, 8430
17.667141437530518, 8429
17.667141437530518, 8428
17.667141437530518, 8427
17.677265644073486, 8426
17.677265644073486, 8425
17.705599546432495, 8424
17.705599546432495, 8423
17.715710639953613, 8422
17.727904319763184, 8421
17.727904319763184, 8420
17.758374214172363, 8419
17.788755416870117, 8418
17.80897355079651, 8417
17.80897355079651, 8416
17.819081783294678, 8415
17.869762182235718, 8414
17.900054454803467, 8413
17.918419361114502, 8412
18.326176166534424, 8411
18.354503393173218, 8410
18.376845598220825, 8409
18.397144317626953, 8408
18.415345668792725, 8407
18.42756485939026, 8406
18.437702894210815, 8405
18.44576120376587, 8404
18.45588707923889, 8403
18.457963943481445, 8402
18.468087434768677, 8401
18.47615075111389, 8400
18.51189088821411, 8399
18.518511295318604, 8398
18.54893946647644, 8397
18.556971788406372, 8396
18.559030771255493, 8395
18.610134601593018, 8394
18.610134601593018, 8393
18.620251893997192, 8392
18.68922472000122, 8391
18.699342966079712, 8390
18.70140504837036, 8389
18.711541414260864, 8388
18.73180341720581, 8387
18.73180341720581, 8386
18.74191975593567, 8385
18.74191975593567, 8384
18.752111673355103, 8383
18.77240562438965, 8382
18.782530069351196, 8381
18.792654037475586, 8380
18.802765369415283, 8379
18.812912464141846, 8378
18.863524913787842, 8377
18.863524913787842, 8376
18.87372636795044, 8375
18.88384771347046, 8374
18.88384771347046, 8373
18.924365282058716, 8372
18.934502363204956, 8371
18.94256067276001, 8370
18.94461750984192, 8369
18.94461750984192, 8368
18.985165119171143, 8367
19.00335383415222, 8366
19.00540804862976, 8365
19.023622751235962, 8364
19.035830974578857, 8363
19.043866395950317, 8362
19.086862087249756, 8361
19.127455949783325, 8360
19.127455949783325, 8359
19.166343927383423, 8358
19.168394327163696, 8357
19.168394327163696, 8356
19.168394327163696, 8355
19.381855726242065, 8354
19.400052547454834, 8353
19.412216186523438, 8352
19.412216186523438, 8351
19.43247151374817, 8350
19.452717542648315, 8349
19.452717542648315, 8348
19.503403186798096, 8347
19.503403186798096, 8346
19.562139987945557, 8345
19.64536738395691, 8344
19.65348982810974, 8343
19.673725128173828, 8342
19.706167221069336, 8341
19.706167221069336, 8340
19.706167221069336, 8339
19.71632170677185, 8338
19.72643280029297, 8337
19.73658514022827, 8336
19.756842613220215, 8335
19.775145530700684, 8334
19.775145530700684, 8333
19.777169704437256, 8332
19.777169704437256, 8331
19.78522539138794, 8330
19.80750870704651, 8329
19.826168060302734, 8328
19.828222036361694, 8327
19.86888575553894, 8326
19.86888575553894, 8325
19.909436464309692, 8324
19.939830780029297, 8323
19.94994854927063, 8322
19.990458488464355, 8321
20.010738134384155, 8320
20.020885229110718, 8319
20.071457862854004, 8318
20.112467288970947, 8317
20.1226167678833, 8316
20.17353582382202, 8315
20.183708667755127, 8314
20.1938316822052, 8313
20.203960418701172, 8312
20.22424864768982, 8311
20.24471688270569, 8310
20.27304482460022, 8309
20.2751362323761, 8308
20.2751362323761, 8307
20.28322958946228, 8306
20.28530526161194, 8305
20.336009740829468, 8304
20.356351137161255, 8303
20.366483211517334, 8302
20.38468885421753, 8301
20.396859169006348, 8300
20.396859169006348, 8299
20.41712975502014, 8298
20.437784671783447, 8297
20.45804786682129, 8296
20.478302001953125, 8295
20.498568534851074, 8294
20.50873851776123, 8293
20.50873851776123, 8292
20.526941061019897, 8291
20.559566259384155, 8290
20.5798282623291, 8289
20.589987993240356, 8288
20.589987993240356, 8287
20.589987993240356, 8286
20.620357751846313, 8285
20.640626668930054, 8284
20.64875340461731, 8283
20.742249488830566, 8282
20.75238847732544, 8281
20.851630926132202, 8280
20.85369086265564, 8279
20.85369086265564, 8278
20.85369086265564, 8277
20.861748933792114, 8276
20.87393283843994, 8275
20.884074926376343, 8274
21.099230766296387, 8273
21.13976788520813, 8272
21.149881601333618, 8271
21.160032272338867, 8270
21.168086767196655, 8269
21.168086767196655, 8268
21.190391540527344, 8267
21.23971152305603, 8266
21.282666444778442, 8265
21.282666444778442, 8264
21.374104499816895, 8263
21.41468906402588, 8262
21.41468906402588, 8261
21.747066259384155, 8260
21.787595748901367, 8259
21.820033311843872, 8258
21.85039734840393, 8257
21.86071491241455, 8256
21.870830297470093, 8255
21.891105890274048, 8254
21.90123200416565, 8253
21.90123200416565, 8252
21.91135287284851, 8251
21.9397029876709, 8250
22.002501010894775, 8249
22.012655019760132, 8248
22.020691871643066, 8247
22.04642105102539, 8246
22.077627420425415, 8245
22.163585424423218, 8244
22.255089044570923, 8243
22.326212406158447, 8242
22.36670970916748, 8241
22.405353546142578, 8240
22.427703619003296, 8239
22.43781805038452, 8238
22.45801830291748, 8237
22.478299140930176, 8236
22.478299140930176, 8235
22.559346437454224, 8234
22.611168146133423, 8233
22.611168146133423, 8232
22.6212956905365, 8231
22.67195963859558, 8230
22.71251344680786, 8229
22.732698917388916, 8228
22.76307964324951, 8227
22.813965797424316, 8226
22.813965797424316, 8225
22.84239149093628, 8224
22.844475030899048, 8223
22.844475030899048, 8222
22.896074771881104, 8221
22.896074771881104, 8220
22.914294242858887, 8219
22.916345834732056, 8218
22.916345834732056, 8217
22.936704635620117, 8216
22.977336645126343, 8215
22.99764847755432, 8214
22.99764847755432, 8213
23.007762670516968, 8212
23.01582932472229, 8211
23.027958154678345, 8210
23.04820942878723, 8209
23.06638813018799, 8208
23.078564405441284, 8207
23.086685180664062, 8206
23.119112014770508, 8205
23.169771194458008, 8204
23.169771194458008, 8203
23.19005250930786, 8202
23.240695476531982, 8201
23.311683654785156, 8200
23.321799993515015, 8199
23.331912994384766, 8198
23.331912994384766, 8197
23.331912994384766, 8196
23.340017557144165, 8195
23.340017557144165, 8194
23.370361804962158, 8193
23.392760276794434, 8192
23.402897596359253, 8191
23.463778734207153, 8190
23.484436988830566, 8189
23.524953603744507, 8188
23.5553195476532, 8187
23.585686683654785, 8186
23.59585428237915, 8185
23.59585428237915, 8184
23.605966567993164, 8183
23.605966567993164, 8182
23.616106033325195, 8181
23.697180032730103, 8180
23.7477867603302, 8179
23.768214225769043, 8178
23.77839493751526, 8177
23.808835983276367, 8176
23.82909345626831, 8175
23.839203596115112, 8174
23.839203596115112, 8173
23.889811038970947, 8172
23.918439626693726, 8171
23.920480012893677, 8170
23.9408061504364, 8169
23.950934648513794, 8168
23.979336261749268, 8167
23.991554975509644, 8166
24.001728296279907, 8165
24.011847972869873, 8164
24.032084465026855, 8163
24.06249451637268, 8162
24.08316969871521, 8161
24.103429079055786, 8160
24.12366509437561, 8159
24.144224166870117, 8158
24.16447377204895, 8157
24.1948082447052, 8156
24.204987287521362, 8155
24.213056325912476, 8154
24.215110778808594, 8153
24.571685791015625, 8152
24.60208821296692, 8151
24.620331287384033, 8150
24.632524013519287, 8149
24.693718194961548, 8148
24.713977098464966, 8147
24.73419213294983, 8146
24.80507230758667, 8145
24.815248250961304, 8144
24.83548593521118, 8143
24.845606565475464, 8142
24.845606565475464, 8141
24.86384129524231, 8140
24.876047134399414, 8139
24.894262313842773, 8138
24.90643858909607, 8137
24.90643858909607, 8136
24.90643858909607, 8135
24.916582107543945, 8134
25.173231840133667, 8133
25.180338859558105, 8132
25.180338859558105, 8131
25.180338859558105, 8130
25.20058035850525, 8129
25.21876573562622, 8128
25.241077423095703, 8127
25.312339544296265, 8126
25.342716217041016, 8125
25.36295509338379, 8124
25.38114333152771, 8123
25.383207082748413, 8122
25.423707485198975, 8121
25.55635690689087, 8120
25.617315769195557, 8119
25.62745189666748, 8118
25.637593984603882, 8117
25.64773392677307, 8116
25.688264846801758, 8115
25.70853281021118, 8114
25.73893666267395, 8113
25.73893666267395, 8112
25.73893666267395, 8111
25.77744460105896, 8110
25.78965735435486, 8109
25.78965735435486, 8108
25.78965735435486, 8107
25.799755573272705, 8106
25.88083839416504, 8105
25.911216020584106, 8104
25.921711921691895, 8103
25.931856155395508, 8102
25.952154636383057, 8101
25.952154636383057, 8100
25.96227192878723, 8099
25.96227192878723, 8098
25.980495929718018, 8097
25.982574939727783, 8096
26.000744581222534, 8095
26.08401131629944, 8094
26.15330719947815, 8093
26.165529489517212, 8092
26.206002473831177, 8091
26.24446415901184, 8090
26.256639003753662, 8089
26.276888608932495, 8088
26.327829837799072, 8087
26.358431816101074, 8086
26.366472244262695, 8085
26.376601696014404, 8084
26.469677448272705, 8083
26.469677448272705, 8082
26.47774386405945, 8081
26.47774386405945, 8080
26.520410537719727, 8079
26.520410537719727, 8078
26.530958652496338, 8077
26.541104555130005, 8076
26.561365127563477, 8075
26.561365127563477, 8074
26.57151484489441, 8073
26.652621269226074, 8072
26.652621269226074, 8071
26.671586275100708, 8070
26.693145275115967, 8069
26.774094820022583, 8068
26.80446743965149, 8067
26.81252646446228, 8066
26.84495258331299, 8065
26.855069875717163, 8064
26.8652126789093, 8063
26.87532353401184, 8062
26.91584873199463, 8061
26.96444797515869, 8060
26.966502904891968, 8059
26.966502904891968, 8058
26.98677921295166, 8057
26.98677921295166, 8056
27.32174277305603, 8055
27.341957330703735, 8054
27.352155208587646, 8053
27.37246084213257, 8052
27.40285563468933, 8051
27.40285563468933, 8050
27.46386218070984, 8049
27.474005222320557, 8048
27.474005222320557, 8047
27.482057332992554, 8046
27.565199375152588, 8045
27.605753183364868, 8044
27.646236896514893, 8043
27.646236896514893, 8042
27.656439542770386, 8041
27.656439542770386, 8040
27.760119199752808, 8039
27.800660610198975, 8038
27.820887327194214, 8037
27.861483097076416, 8036
27.88170552253723, 8035
27.889770984649658, 8034
27.901889085769653, 8033
27.91197657585144, 8032
27.931122064590454, 8031
27.962724924087524, 8030
28.003299474716187, 8029
28.04359245300293, 8028
28.063778400421143, 8027
28.084047079086304, 8026
28.094211101531982, 8025
28.104326486587524, 8024
28.112433433532715, 8023
28.134611129760742, 8022
28.134611129760742, 8021
28.55984616279602, 8020
28.55984616279602, 8019
28.569984197616577, 8018
28.569984197616577, 8017
28.58813190460205, 8016
28.64083242416382, 8015
28.7015061378479, 8014
28.7015061378479, 8013
28.711621284484863, 8012
28.754178524017334, 8011
28.75521159172058, 8010
28.762357234954834, 8009
28.772483587265015, 8008
28.833173274993896, 8007
28.833173274993896, 8006
28.841423511505127, 8005
29.168603658676147, 8004
29.1969575881958, 8003
29.22944188117981, 8002
29.23955798149109, 8001
29.23955798149109, 8000
29.290160179138184, 7999
29.310384273529053, 7998
29.328569173812866, 7997
29.340723752975464, 7996
29.795931100845337, 7995
29.79798650741577, 7994
29.818220376968384, 7993
29.818220376968384, 7992
29.838515281677246, 7991
29.84862995147705, 7990
29.92969536781311, 7989
30.24108576774597, 7988
30.303640604019165, 7987
30.334847927093506, 7986
30.388323307037354, 7985
30.388323307037354, 7984
30.388323307037354, 7983
30.484351634979248, 7982
30.50462532043457, 7981
30.52489137649536, 7980
30.53505825996399, 7979
30.69504475593567, 7978
30.710793018341064, 7977
30.757601261138916, 7976
30.811081171035767, 7975
30.811081171035767, 7974
30.826696634292603, 7973
30.857961893081665, 7972
30.873624324798584, 7971
30.889195919036865, 7970
30.907958269119263, 7969
30.978841304779053, 7968
31.07006072998047, 7967
31.192051887512207, 7966
31.252940893173218, 7965
31.252940893173218, 7964
31.33414626121521, 7963
31.395016193389893, 7962
31.395016193389893, 7961
31.405130624771118, 7960
31.476397275924683, 7959
31.50698971748352, 7958
31.525224924087524, 7957
31.567781448364258, 7956
31.628627061843872, 7955
31.68970012664795, 7954
31.830003261566162, 7953
31.86275815963745, 7952
31.90325903892517, 7951
31.9336256980896, 7950
31.963950634002686, 7949
32.004419565200806, 7948
32.01453375816345, 7947
32.02467393875122, 7946
32.02467393875122, 7945
32.06554889678955, 7944
32.085808992385864, 7943
32.12915635108948, 7942
32.12915635108948, 7941
32.2682671546936, 7940
32.278385639190674, 7939
32.298643350601196, 7938
32.298643350601196, 7937
32.31910824775696, 7936
32.40009379386902, 7935
32.45076656341553, 7934
32.45076656341553, 7933
32.49135875701904, 7932
32.53989815711975, 7931
32.552101850509644, 7930
32.572343587875366, 7929
32.67392063140869, 7928
32.68400955200195, 7927
32.71436405181885, 7926
32.78510928153992, 7925
32.92750358581543, 7924
32.92750358581543, 7923
33.036858797073364, 7922
33.079572916030884, 7921
33.08972239494324, 7920
33.08972239494324, 7919
33.17089128494263, 7918
33.17089128494263, 7917
33.211485147476196, 7916
33.211485147476196, 7915
33.45270276069641, 7914
33.515586376190186, 7913
33.5560827255249, 7912
33.57632374763489, 7911
33.708048582077026, 7910
34.36857271194458, 7909
34.38873887062073, 7908
34.4393835067749, 7907
34.46976280212402, 7906
34.49000406265259, 7905
34.49000406265259, 7904
34.55120229721069, 7903
34.56134247779846, 7902
34.57147240638733, 7901
34.5896942615509, 7900
34.591750621795654, 7899
34.61205768585205, 7898
34.69340419769287, 7897
34.7238028049469, 7896
34.77469539642334, 7895
34.82525825500488, 7894
34.85565447807312, 7893
34.86576247215271, 7892
34.88599228858948, 7891
35.149489641189575, 7890
35.17780160903931, 7889
35.22037100791931, 7888
35.289989948272705, 7887
35.36298489570618, 7886
35.38135600090027, 7885
35.4037139415741, 7884
35.494985818862915, 7883
35.626946210861206, 7882
35.63706159591675, 7881
35.71824264526367, 7880
35.728381872177124, 7879
35.74900269508362, 7878
35.7693133354187, 7877
35.82816553115845, 7876
35.98219537734985, 7875
36.00251841545105, 7874
36.01263451576233, 7873
36.03291893005371, 7872
36.06338548660278, 7871
36.13221263885498, 7870
36.1342453956604, 7869
36.17478394508362, 7868
36.17478394508362, 7867
36.265724182128906, 7866
36.265724182128906, 7865
36.304619789123535, 7864
36.40197730064392, 7863
36.40197730064392, 7862
36.40197730064392, 7861
36.41760230064392, 7860
36.45536160469055, 7859
36.47101306915283, 7858
36.486661434173584, 7857
36.50229072570801, 7856
36.51791572570801, 7855
36.89905118942261, 7854
36.941712379455566, 7853
36.97445631027222, 7852
36.99469995498657, 7851
36.99469995498657, 7850
37.01493048667908, 7849
37.05341410636902, 7848
37.38020968437195, 7847
37.449082136154175, 7846
37.52231526374817, 7845
37.53245210647583, 7844
37.53245210647583, 7843
37.57298398017883, 7842
37.63471341133118, 7841
37.7160370349884, 7840
37.736326694488525, 7839
37.764649391174316, 7838
37.80724334716797, 7837
37.82748484611511, 7836
37.84769153594971, 7835
38.00999474525452, 7834
38.090866565704346, 7833
38.141520738601685, 7832
38.15963840484619, 7831
38.44827699661255, 7830
38.44827699661255, 7829
38.47885036468506, 7828
38.50714826583862, 7827
38.509223222732544, 7826
38.760666370391846, 7825
38.913193464279175, 7824
38.93347215652466, 7823
38.96400856971741, 7822
39.006773710250854, 7821
39.24564504623413, 7820
39.30815815925598, 7819
39.58171224594116, 7818
39.628580808639526, 7817
39.70901274681091, 7816
39.70901274681091, 7815
39.759044885635376, 7814
39.76915669441223, 7813
39.817774057388306, 7812
39.872337102890015, 7811
39.902721881866455, 7810
39.94324707984924, 7809
39.95338177680969, 7808
40.075364112854004, 7807
40.095611810684204, 7806
40.12617039680481, 7805
40.166685819625854, 7804
40.31368017196655, 7803
40.32727527618408, 7802
40.50989389419556, 7801
40.86733436584473, 7800
40.86733436584473, 7799
40.948323011398315, 7798
41.05016207695007, 7797
41.05016207695007, 7796
41.101280212402344, 7795
41.139808177948, 7794
41.15197277069092, 7793
41.18235802650452, 7792
41.192471742630005, 7791
41.222862005233765, 7790
41.23297071456909, 7789
41.59830689430237, 7788
41.639092445373535, 7787
41.64716076850891, 7786
41.69041180610657, 7785
41.759225606918335, 7784
42.20824384689331, 7783
42.39109754562378, 7782
42.419413566589355, 7781
42.451860427856445, 7780
42.51302695274353, 7779
42.5636351108551, 7778
42.5739061832428, 7777
42.64478588104248, 7776
42.70538115501404, 7775
42.71549701690674, 7774
42.725586891174316, 7773
42.7659752368927, 7772
42.79631423950195, 7771
42.95816445350647, 7770
42.99656414985657, 7769
43.03872847557068, 7768
43.05896353721619, 7767
43.19102597236633, 7766
43.19102597236633, 7765
43.19908118247986, 7764
43.22138953208923, 7763
43.28217530250549, 7762
43.33322310447693, 7761
43.36405110359192, 7760
43.42481589317322, 7759
43.53640675544739, 7758
43.56675362586975, 7757
43.58698797225952, 7756
43.75966787338257, 7755
43.81029558181763, 7754
43.92210078239441, 7753
43.93226385116577, 7752
44.23648977279663, 7751
44.30736708641052, 7750
44.42729902267456, 7749
44.4496374130249, 7748
44.45772981643677, 7747
44.61181330680847, 7746
44.6705801486969, 7745
44.785444021224976, 7744
44.95820450782776, 7743
45.517717123031616, 7742
45.97635102272034, 7741
45.979312896728516, 7740
46.0033495426178, 7739
46.004350423812866, 7738
46.006349325180054, 7737
46.0853488445282, 7736
46.3223135471344, 7735
46.827356815338135, 7734
46.997349977493286, 7733
47.134312868118286, 7732
47.24834489822388, 7731
47.273361921310425, 7730
47.4283549785614, 7729
47.585349559783936, 7728
47.67835187911987, 7727
47.954874753952026, 7726
48.05087471008301, 7725
48.10887360572815, 7724
48.29686689376831, 7723
48.38183379173279, 7722
48.4048707485199, 7721
48.51305317878723, 7720
48.56005883216858, 7719
48.61601758003235, 7718
48.686057567596436, 7717
48.86505675315857, 7716
48.961753606796265, 7715
49.23772358894348, 7714
49.240723848342896, 7713
49.38872456550598, 7712
49.80186939239502, 7711
49.844831466674805, 7710
49.9598286151886, 7709
49.96782898902893, 7708
49.97183561325073, 7707
50.12983322143555, 7706
50.30383348464966, 7705
50.336836099624634, 7704
50.38884091377258, 7703
50.43283677101135, 7702
50.46986484527588, 7701
50.58183479309082, 7700
50.8288688659668, 7699
50.84882998466492, 7698
50.860865116119385, 7697
50.88683009147644, 7696
51.07086896896362, 7695
51.279884338378906, 7694
51.305917501449585, 7693
51.3599214553833, 7692
51.36292243003845, 7691
51.72992467880249, 7690
51.98388671875, 7689
52.17392659187317, 7688
52.95488095283508, 7687
53.011881589889526, 7686
53.04488158226013, 7685
53.223881006240845, 7684
53.37889385223389, 7683
54.79494047164917, 7682
54.857940435409546, 7681
54.99893879890442, 7680
55.094977140426636, 7679
55.20296621322632, 7678
55.206976652145386, 7677
55.25997257232666, 7676
55.34397482872009, 7675
55.37094759941101, 7674
55.46594214439392, 7673
55.50497364997864, 7672
55.666972637176514, 7671
56.33125114440918, 7670
56.540303230285645, 7669
56.652305364608765, 7668
56.75030565261841, 7667
56.8913037776947, 7666
57.422263860702515, 7665
57.50326442718506, 7664
57.54335379600525, 7663
57.69935154914856, 7662
58.7743980884552, 7661
59.69735360145569, 7660
60.10237789154053, 7659
60.16137480735779, 7658
60.22337555885315, 7657
60.50237679481506, 7656
60.67555022239685, 7655
60.73055338859558, 7654
61.078579902648926, 7653
61.47458362579346, 7652
61.50359082221985, 7651
61.73055028915405, 7650
61.82654619216919, 7649
62.19905209541321, 7648
62.26108455657959, 7647
62.37109112739563, 7646
62.92634701728821, 7645
63.23634338378906, 7644
63.23634338378906, 7643
63.612342834472656, 7642
63.64434313774109, 7641
63.78436088562012, 7640
63.85139012336731, 7639
63.87139010429382, 7638
63.88539004325867, 7637
63.926389932632446, 7636
64.26582765579224, 7635
64.44448852539062, 7634
65.03394389152527, 7633
65.05592799186707, 7632
65.58533143997192, 7631
65.65871143341064, 7630
66.22887206077576, 7629
66.38891124725342, 7628
66.49488091468811, 7627
66.49587225914001, 7626
66.56887316703796, 7625
66.57487297058105, 7624
66.63291096687317, 7623
66.70790600776672, 7622
67.06187105178833, 7621
67.2269058227539, 7620
67.95097470283508, 7619
68.18287920951843, 7618
68.38292026519775, 7617
68.57490587234497, 7616
68.73690366744995, 7615
69.03387713432312, 7614
69.08587145805359, 7613
69.24091029167175, 7612
69.28387951850891, 7611
69.55687117576599, 7610
69.91392207145691, 7609
69.97190976142883, 7608
70.51598691940308, 7607
70.52698683738708, 7606
70.57398796081543, 7605
70.61798667907715, 7604
70.68798732757568, 7603
70.7169873714447, 7602
70.75998735427856, 7601
70.79202032089233, 7600
70.91302585601807, 7599
70.9500241279602, 7598
71.02102398872375, 7597
71.48698377609253, 7596
71.65030169487, 7595
71.86240220069885, 7594
72.13140225410461, 7593
72.16640210151672, 7592
72.73740220069885, 7591
72.9304027557373, 7590
73.50540208816528, 7589
73.59740209579468, 7588
74.46012330055237, 7587
74.5171217918396, 7586
74.80312204360962, 7585
75.02512121200562, 7584
75.23812222480774, 7583
75.61912369728088, 7582
76.14254975318909, 7581
76.16280770301819, 7580
76.60846400260925, 7579
76.62878966331482, 7578
76.72033429145813, 7577
76.72033429145813, 7576
77.50051665306091, 7575
77.5511577129364, 7574
77.6524486541748, 7573
77.74354982376099, 7572
78.34137010574341, 7571
78.35148358345032, 7570
78.36968302726746, 7569
78.37174344062805, 7568
78.8874831199646, 7567
80.46853113174438, 7566
80.8534026145935, 7565
81.32012486457825, 7564
81.68493342399597, 7563
82.30354118347168, 7562
83.2355306148529, 7561
83.99897861480713, 7560
84.12071967124939, 7559
84.20166993141174, 7558
84.99159693717957, 7557
85.00981521606445, 7556
85.03214573860168, 7555
85.24513268470764, 7554
85.30589056015015, 7553
85.85347366333008, 7552
85.86400628089905, 7551
85.89229846000671, 7550
86.13757586479187, 7549
86.18608975410461, 7548
86.24669051170349, 7547
86.54318475723267, 7546
86.54318475723267, 7545
86.59175395965576, 7544
86.69682884216309, 7543
87.18251538276672, 7542
87.4055380821228, 7541
87.70000457763672, 7540
87.74045014381409, 7539
88.06290578842163, 7538
88.94261193275452, 7537
89.08580350875854, 7536
89.97098016738892, 7535
90.01039528846741, 7534
90.23175096511841, 7533
90.8359763622284, 7532
91.20038414001465, 7531
91.23084044456482, 7530
91.32233357429504, 7529
92.2360851764679, 7528
92.69230151176453, 7527
94.24740266799927, 7526
94.29802060127258, 7525
94.78556180000305, 7524
95.90047025680542, 7523
95.92072463035583, 7522
96.11319708824158, 7521
96.24556970596313, 7520
96.85240578651428, 7519
97.06559324264526, 7518
97.41983032226562, 7517
97.43803262710571, 7516
97.44009494781494, 7515
97.6634452342987, 7514
97.80518984794617, 7513
98.95058989524841, 7512
98.98020553588867, 7511
98.99926161766052, 7510
102.23029470443726, 7509
102.51159453392029, 7508
103.41600012779236, 7507
103.69950771331787, 7506
103.86254906654358, 7505
104.29406380653381, 7504
104.74310660362244, 7503
105.48006534576416, 7502
106.05847930908203, 7501
106.35228228569031, 7500
106.6868257522583, 7499
106.78601288795471, 7498
106.83873724937439, 7497
106.85895943641663, 7496
108.08484745025635, 7495
108.6871132850647, 7494
109.71302056312561, 7493
111.09201049804688, 7492
111.1102283000946, 7491
113.03522515296936, 7490
113.06562805175781, 7489
113.15879917144775, 7488
113.17697858810425, 7487
113.2073860168457, 7486
113.89106607437134, 7485
114.17275404930115, 7484
115.23161220550537, 7483
115.9636857509613, 7482
117.495765209198, 7481
117.94172382354736, 7480
120.01167249679565, 7479
120.31341648101807, 7478
120.86980485916138, 7477
121.01175737380981, 7476
122.58248567581177, 7475
123.70797491073608, 7474
125.96946692466736, 7473
126.9842095375061, 7472
127.82470059394836, 7471
127.83495259284973, 7470
128.61586093902588, 7469
128.64624452590942, 7468
129.98494052886963, 7467
130.65378332138062, 7466
130.73490262031555, 7465
131.62644171714783, 7464
131.6673767566681, 7463
131.86790418624878, 7462
131.88011240959167, 7461
132.32400608062744, 7460
132.56919169425964, 7459
132.90595531463623, 7458
134.00952863693237, 7457
135.955082654953, 7456
136.46162867546082, 7455
137.94830203056335, 7454
138.15463018417358, 7453
138.87163543701172, 7452
138.98352718353271, 7451
139.07470607757568, 7450
139.7335958480835, 7449
139.8653998374939, 7448
140.01524949073792, 7447
142.2270369529724, 7446
142.30804419517517, 7445
142.31009697914124, 7444
142.3404507637024, 7443
142.67511129379272, 7442
143.45519375801086, 7441
145.85763692855835, 7440
146.77591156959534, 7439
146.77591156959534, 7438
147.07016277313232, 7437
147.77758860588074, 7436
148.05303478240967, 7435
148.52110409736633, 7434
148.67099523544312, 7433
150.6098449230194, 7432
150.84283900260925, 7431
151.16671681404114, 7430
151.25831961631775, 7429
151.86442399024963, 7428
152.229975938797, 7427
154.02440929412842, 7426
154.37919759750366, 7425
154.39739537239075, 7424
154.96781277656555, 7423
157.57278656959534, 7422
157.80581545829773, 7421
158.74820852279663, 7420
159.7513701915741, 7419
160.01460242271423, 7418
161.12824010849, 7417
161.31062698364258, 7416
163.85542917251587, 7415
166.62213110923767, 7414
167.0686068534851, 7413
167.14934968948364, 7412
167.33971309661865, 7411
168.67710709571838, 7410
169.0349726676941, 7409
170.75210309028625, 7408
172.62736630439758, 7407
172.8197901248932, 7406
174.51256370544434, 7405
180.25581049919128, 7404
180.37536931037903, 7403
181.56304669380188, 7402
181.85710763931274, 7401
182.34558081626892, 7400
185.0413999557495, 7399
186.38292050361633, 7398
186.66684865951538, 7397
186.69721794128418, 7396
186.77824878692627, 7395
187.14291381835938, 7394
187.99086904525757, 7393
188.00101828575134, 7392
188.3659806251526, 7391
189.49405932426453, 7390
192.93461227416992, 7389
194.01925420761108, 7388
196.03616857528687, 7387
198.55787920951843, 7386
198.5983726978302, 7385
198.68755745887756, 7384
200.8399167060852, 7383
201.35723090171814, 7382
201.7422833442688, 7381
203.61642909049988, 7380
208.5396671295166, 7379
211.73215436935425, 7378
211.85570454597473, 7377
212.05813908576965, 7376
213.5159351825714, 7375
215.44385814666748, 7374
216.15325236320496, 7373
217.91787195205688, 7372
218.21993899345398, 7371
219.68953680992126, 7370
221.34262204170227, 7369
222.8525674343109, 7368
224.33277344703674, 7367
224.74654912948608, 7366
225.5470187664032, 7365
225.89537477493286, 7364
226.54997158050537, 7363
229.80587601661682, 7362
230.02887177467346, 7361
230.54090929031372, 7360
232.40797185897827, 7359
234.17661714553833, 7358
234.44081687927246, 7357
234.93581748008728, 7356
235.6063723564148, 7355
242.77379059791565, 7354
244.06436681747437, 7353
245.186363697052, 7352
247.87331295013428, 7351
248.0833146572113, 7350
248.4983265399933, 7349
250.18092441558838, 7348
250.92789220809937, 7347
254.26499032974243, 7346
255.18564629554749, 7345
259.5903744697571, 7344
260.16817235946655, 7343
260.5148694515228, 7342
262.7856240272522, 7341
263.27336025238037, 7340
263.6483459472656, 7339
266.3113944530487, 7338
269.76434421539307, 7337
274.92199540138245, 7336
275.9074409008026, 7335
278.303991317749, 7334
278.33450269699097, 7333
279.02372765541077, 7332
280.6756057739258, 7331
281.84157705307007, 7330
282.1960687637329, 7329
282.2984826564789, 7328
282.776762008667, 7327
285.8922426700592, 7326
286.88540482521057, 7325
287.4626216888428, 7324
287.75422739982605, 7323
290.86669659614563, 7322
293.19317865371704, 7321
293.5399606227875, 7320
297.9088261127472, 7319
304.64573192596436, 7318
315.63404417037964, 7317
315.94866967201233, 7316
317.64917612075806, 7315
319.3846001625061, 7314
320.22632098197937, 7313
320.2870600223541, 7312
320.91554856300354, 7311
322.56565117836, 7310
324.4200088977814, 7309
326.90547156333923, 7308
329.813462972641, 7307
334.5479927062988, 7306
335.5723330974579, 7305
337.0928363800049, 7304
339.23049879074097, 7303
347.071813583374, 7302
351.2673614025116, 7301
352.9413905143738, 7300
355.3562045097351, 7299
357.3445861339569, 7298
358.1476013660431, 7297
359.85304737091064, 7296
361.7473337650299, 7295
364.75666761398315, 7294
377.9898543357849, 7293
378.8743169307709, 7292
382.14891386032104, 7291
382.25229263305664, 7290
385.2856397628784, 7289
394.4573321342468, 7288
401.77012038230896, 7287
407.60668659210205, 7286
418.8923165798187, 7285
419.29335618019104, 7284
429.0964775085449, 7283
430.9695951938629, 7282
444.1673676967621, 7281
444.95139265060425, 7280
445.01220774650574, 7279
445.42541122436523, 7278
446.39027667045593, 7277
446.39831352233887, 7276
455.9183466434479, 7275
458.64078164100647, 7274
458.89665484428406, 7273
459.3099718093872, 7272
459.5959722995758, 7271
465.54726123809814, 7270
470.62277030944824, 7269
484.977578163147, 7268
494.22189712524414, 7267
497.71097779273987, 7266
511.47205424308777, 7265
512.774906873703, 7264
513.3446018695831, 7263
519.7660460472107, 7262
527.0287089347839, 7261
537.3878378868103, 7260
549.6716623306274, 7259
550.7191972732544, 7258
560.7665107250214, 7257
561.3024578094482, 7256
580.644425868988, 7255
581.0626845359802, 7254
