0.18291306495666504, 11023
0.18291306495666504, 11022
0.18291306495666504, 11021
0.18291306495666504, 11020
0.18291306495666504, 11019
0.19295477867126465, 11018
0.1949629783630371, 11017
0.1949629783630371, 11016
0.1949629783630371, 11015
0.1949629783630371, 11014
0.20302486419677734, 11013
0.20302486419677734, 11012
0.20503497123718262, 11011
0.20503497123718262, 11010
0.20503497123718262, 11009
0.20503497123718262, 11008
0.2130434513092041, 11007
0.2130434513092041, 11006
0.21505093574523926, 11005
0.21505093574523926, 11004
0.21505093574523926, 11003
0.21505093574523926, 11002
0.21505093574523926, 11001
0.21505093574523926, 11000
0.22308707237243652, 10999
0.22308707237243652, 10998
0.22510123252868652, 10997
0.22510123252868652, 10996
0.22510123252868652, 10995
0.22510123252868652, 10994
0.2331547737121582, 10993
0.23520994186401367, 10992
0.23520994186401367, 10991
0.23520994186401367, 10990
0.23520994186401367, 10989
0.24326729774475098, 10988
0.24326729774475098, 10987
0.24532198905944824, 10986
0.24532198905944824, 10985
0.24532198905944824, 10984
0.24532198905944824, 10983
0.24532198905944824, 10982
0.2533838748931885, 10981
0.25544023513793945, 10980
0.25544023513793945, 10979
0.25544023513793945, 10978
0.25544023513793945, 10977
0.25544023513793945, 10976
0.26355409622192383, 10975
0.26561498641967773, 10974
0.2669084072113037, 10973
0.2680530548095703, 10972
0.2691950798034668, 10971
0.27033400535583496, 10970
0.27147984504699707, 10969
0.2725334167480469, 10968
0.27368855476379395, 10967
0.27596282958984375, 10966
0.27930521965026855, 10965
0.27930521965026855, 10964
0.28386378288269043, 10963
0.28386378288269043, 10962
0.2859175205230713, 10961
0.2859175205230713, 10960
0.2859175205230713, 10959
0.2859175205230713, 10958
0.2939729690551758, 10957
0.2960169315338135, 10956
0.29848337173461914, 10955
0.29848337173461914, 10954
0.29848337173461914, 10953
0.3040482997894287, 10952
0.30609965324401855, 10951
0.30609965324401855, 10950
0.30609965324401855, 10949
0.30609965324401855, 10948
0.30609965324401855, 10947
0.30609965324401855, 10946
0.3141791820526123, 10945
0.31623315811157227, 10944
0.31623315811157227, 10943
0.31623315811157227, 10942
0.31623315811157227, 10941
0.3242974281311035, 10940
0.32636094093322754, 10939
0.32636094093322754, 10938
0.32636094093322754, 10937
0.32636094093322754, 10936
0.3344576358795166, 10935
0.3365180492401123, 10934
0.3365180492401123, 10933
0.3365180492401123, 10932
0.34664011001586914, 10931
0.34664011001586914, 10930
0.34664011001586914, 10929
0.35474586486816406, 10928
0.35680103302001953, 10927
0.35680103302001953, 10926
0.35680103302001953, 10925
0.35680103302001953, 10924
0.35680103302001953, 10923
0.3648552894592285, 10922
0.3648552894592285, 10921
0.3669090270996094, 10920
0.3669090270996094, 10919
0.3669090270996094, 10918
0.3669090270996094, 10917
0.3770866394042969, 10916
0.3770866394042969, 10915
0.3770866394042969, 10914
0.3770866394042969, 10913
0.38514161109924316, 10912
0.38514161109924316, 10911
0.3871948719024658, 10910
0.3871948719024658, 10909
0.3871948719024658, 10908
0.3871948719024658, 10907
0.3871948719024658, 10906
0.39525914192199707, 10905
0.39731502532958984, 10904
0.39731502532958984, 10903
0.39731502532958984, 10902
0.39731502532958984, 10901
0.39731502532958984, 10900
0.40537357330322266, 10899
0.4074265956878662, 10898
0.4074265956878662, 10897
0.4154980182647705, 10896
0.4175887107849121, 10895
0.4175887107849121, 10894
0.4175887107849121, 10893
0.4175887107849121, 10892
0.42560911178588867, 10891
0.42560911178588867, 10890
0.42763614654541016, 10889
0.42763614654541016, 10888
0.42763614654541016, 10887
0.42763614654541016, 10886
0.4378049373626709, 10885
0.4378049373626709, 10884
0.4378049373626709, 10883
0.4378049373626709, 10882
0.4458587169647217, 10881
0.4984269142150879, 10880
0.5085294246673584, 10879
0.5085294246673584, 10878
0.5186161994934082, 10877
0.5186161994934082, 10876
0.5266757011413574, 10875
0.5287196636199951, 10874
0.5388083457946777, 10873
0.5388083457946777, 10872
0.5468456745147705, 10871
0.5488934516906738, 10870
0.5569312572479248, 10869
0.6178154945373535, 10868
0.6188156604766846, 10867
0.6238155364990234, 10866
0.6248149871826172, 10865
0.6268157958984375, 10864
0.6298151016235352, 10863
0.630861759185791, 10862
0.6580932140350342, 10861
0.6601579189300537, 10860
0.6601579189300537, 10859
0.6682417392730713, 10858
0.6703078746795654, 10857
0.6783750057220459, 10856
0.680438756942749, 10855
0.680438756942749, 10854
0.680438756942749, 10853
0.680438756942749, 10852
0.680438756942749, 10851
0.680438756942749, 10850
0.6890347003936768, 10849
0.6920366287231445, 10848
0.6950356960296631, 10847
0.6970362663269043, 10846
0.6980361938476562, 10845
0.701035737991333, 10844
0.7020361423492432, 10843
0.7030370235443115, 10842
0.7040376663208008, 10841
0.7070372104644775, 10840
0.708038330078125, 10839
0.7090377807617188, 10838
0.7100381851196289, 10837
0.7110369205474854, 10836
0.713036298751831, 10835
0.7140359878540039, 10834
0.716038703918457, 10833
0.7180385589599609, 10832
0.7200374603271484, 10831
0.7210357189178467, 10830
0.7240352630615234, 10829
0.7270352840423584, 10828
0.7290365695953369, 10827
0.730036735534668, 10826
0.7310385704040527, 10825
0.7330367565155029, 10824
0.7390353679656982, 10823
0.7410354614257812, 10822
0.7430353164672852, 10821
0.7450363636016846, 10820
0.7460365295410156, 10819
0.7480373382568359, 10818
0.7500369548797607, 10817
0.7520368099212646, 10816
0.7540383338928223, 10815
0.7550365924835205, 10814
0.757037878036499, 10813
0.7580380439758301, 10812
0.7600376605987549, 10811
0.7610363960266113, 10810
0.7630360126495361, 10809
0.7640361785888672, 10808
0.7651169300079346, 10807
0.7697789669036865, 10806
0.7714738845825195, 10805
0.7714738845825195, 10804
0.7714738845825195, 10803
0.7714738845825195, 10802
0.7816066741943359, 10801
0.7816066741943359, 10800
0.789696455001831, 10799
0.7916967868804932, 10798
0.7916967868804932, 10797
0.7916967868804932, 10796
0.7916967868804932, 10795
0.7997791767120361, 10794
0.8018510341644287, 10793
0.8018510341644287, 10792
0.8124852180480957, 10791
0.815483570098877, 10790
0.8174901008605957, 10789
0.8244831562042236, 10788
0.8254835605621338, 10787
0.8284833431243896, 10786
0.8316566944122314, 10785
0.8336544036865234, 10784
0.8366537094116211, 10783
0.8386540412902832, 10782
0.839653730392456, 10781
0.8406546115875244, 10780
0.8436534404754639, 10779
0.8446564674377441, 10778
0.8516547679901123, 10777
0.8526537418365479, 10776
0.8576545715332031, 10775
0.8596549034118652, 10774
0.8626542091369629, 10773
0.864741325378418, 10772
0.8728361129760742, 10771
0.8728361129760742, 10770
0.8809072971343994, 10769
0.8829774856567383, 10768
0.8829774856567383, 10767
0.8829774856567383, 10766
0.8829774856567383, 10765
0.8910539150238037, 10764
0.8910539150238037, 10763
0.8931219577789307, 10762
0.8931219577789307, 10761
0.8931219577789307, 10760
0.8931219577789307, 10759
0.9037530422210693, 10758
0.9037530422210693, 10757
0.9037530422210693, 10756
0.9037530422210693, 10755
0.9137661457061768, 10754
0.9137661457061768, 10753
0.9238994121551514, 10752
0.9238994121551514, 10751
0.9238994121551514, 10750
0.9238994121551514, 10749
0.931999683380127, 10748
0.9340708255767822, 10747
0.9340708255767822, 10746
0.9421522617340088, 10745
0.9442195892333984, 10744
0.9442195892333984, 10743
0.9442195892333984, 10742
0.9442195892333984, 10741
0.9543261528015137, 10740
0.9543261528015137, 10739
0.964472770690918, 10738
0.964472770690918, 10737
0.964472770690918, 10736
0.9736611843109131, 10735
0.97477126121521, 10734
0.9849338531494141, 10733
0.9849338531494141, 10732
0.9849338531494141, 10731
0.9849338531494141, 10730
0.9930377006530762, 10729
0.9951193332672119, 10728
0.9951193332672119, 10727
0.9951193332672119, 10726
0.9951193332672119, 10725
1.0031976699829102, 10724
1.0052762031555176, 10723
1.0052762031555176, 10722
1.0052762031555176, 10721
1.0052762031555176, 10720
1.0133659839630127, 10719
1.0154545307159424, 10718
1.0235307216644287, 10717
1.0256085395812988, 10716
1.0256085395812988, 10715
1.0256085395812988, 10714
1.0256085395812988, 10713
1.0256085395812988, 10712
1.0336613655090332, 10711
1.0357365608215332, 10710
1.0357365608215332, 10709
1.0357365608215332, 10708
1.0357365608215332, 10707
1.045872449874878, 10706
1.045872449874878, 10705
1.045872449874878, 10704
1.045872449874878, 10703
1.045872449874878, 10702
1.0559139251708984, 10701
1.0559449195861816, 10700
1.0559449195861816, 10699
1.0640196800231934, 10698
1.0660865306854248, 10697
1.0660865306854248, 10696
1.0660865306854248, 10695
1.0660865306854248, 10694
1.0660865306854248, 10693
1.074117660522461, 10692
1.074117660522461, 10691
1.0761878490447998, 10690
1.0761878490447998, 10689
1.0761878490447998, 10688
1.0761878490447998, 10687
1.0761878490447998, 10686
1.0842547416687012, 10685
1.0863196849822998, 10684
1.0863196849822998, 10683
1.0944135189056396, 10682
1.0964810848236084, 10681
1.0964810848236084, 10680
1.0964810848236084, 10679
1.106553316116333, 10678
1.1066148281097412, 10677
1.1153051853179932, 10676
1.1173088550567627, 10675
1.1183085441589355, 10674
1.1213104724884033, 10673
1.1243064403533936, 10672
1.1253058910369873, 10671
1.1263065338134766, 10670
1.1273057460784912, 10669
1.1283063888549805, 10668
1.1293063163757324, 10667
1.1363067626953125, 10666
1.137305498123169, 10665
1.1383063793182373, 10664
1.1393060684204102, 10663
1.1423053741455078, 10662
1.143305778503418, 10661
1.1443061828613281, 10660
1.1473069190979004, 10659
1.1493091583251953, 10658
1.151305913925171, 10657
1.158306360244751, 10656
1.167452335357666, 10655
1.167452335357666, 10654
1.167452335357666, 10653
1.1775918006896973, 10652
1.1775918006896973, 10651
1.1775918006896973, 10650
1.1775918006896973, 10649
1.1775918006896973, 10648
1.1877424716949463, 10647
1.1877424716949463, 10646
1.1877424716949463, 10645
1.1877424716949463, 10644
1.197887897491455, 10643
1.197887897491455, 10642
1.197887897491455, 10641
1.208042860031128, 10640
1.208042860031128, 10639
1.208042860031128, 10638
1.208042860031128, 10637
1.208042860031128, 10636
1.2161099910736084, 10635
1.218177318572998, 10634
1.2266669273376465, 10633
1.2286698818206787, 10632
1.2306694984436035, 10631
1.2326693534851074, 10630
1.2366695404052734, 10629
1.2386696338653564, 10628
1.2406694889068604, 10627
1.2426695823669434, 10626
1.2456693649291992, 10625
1.2488384246826172, 10624
1.2488384246826172, 10623
1.2488384246826172, 10622
1.2488384246826172, 10621
1.2589480876922607, 10620
1.2690515518188477, 10619
1.277123212814331, 10618
1.2791905403137207, 10617
1.2791905403137207, 10616
1.2791905403137207, 10615
1.28727388381958, 10614
1.28727388381958, 10613
1.2893457412719727, 10612
1.2893457412719727, 10611
1.2893457412719727, 10610
1.2893457412719727, 10609
1.2994790077209473, 10608
1.2994790077209473, 10607
1.2994790077209473, 10606
1.2994790077209473, 10605
1.3096287250518799, 10604
1.3096287250518799, 10603
1.3096287250518799, 10602
1.3096287250518799, 10601
1.3096287250518799, 10600
1.319761037826538, 10599
1.319761037826538, 10598
1.319761037826538, 10597
1.319761037826538, 10596
1.319761037826538, 10595
1.3278486728668213, 10594
1.3278486728668213, 10593
1.329918622970581, 10592
1.329918622970581, 10591
1.329918622970581, 10590
1.348130702972412, 10589
1.3501989841461182, 10588
1.3501989841461182, 10587
1.3501989841461182, 10586
1.3582665920257568, 10585
1.3603332042694092, 10584
1.3603332042694092, 10583
1.3603332042694092, 10582
1.3683643341064453, 10581
1.3704307079315186, 10580
1.3805665969848633, 10579
1.3805665969848633, 10578
1.3805665969848633, 10577
1.3886010646820068, 10576
1.3906726837158203, 10575
1.4008080959320068, 10574
1.4008080959320068, 10573
1.4008080959320068, 10572
1.408895492553711, 10571
1.419044017791748, 10570
1.4211111068725586, 10569
1.4211111068725586, 10568
1.4211111068725586, 10567
1.4211111068725586, 10566
1.4311997890472412, 10565
1.4311997890472412, 10564
1.439265251159668, 10563
1.4413306713104248, 10562
1.4493696689605713, 10561
1.4493696689605713, 10560
1.4514524936676025, 10559
1.4514524936676025, 10558
1.4514524936676025, 10557
1.46159029006958, 10556
1.46159029006958, 10555
1.46159029006958, 10554
1.522740125656128, 10553
1.522740125656128, 10552
1.522740125656128, 10551
1.5308265686035156, 10550
1.5328936576843262, 10549
1.5429692268371582, 10548
1.5430328845977783, 10547
1.5430328845977783, 10546
1.5430328845977783, 10545
1.5430328845977783, 10544
1.5430328845977783, 10543
1.553131103515625, 10542
1.553131103515625, 10541
1.553131103515625, 10540
1.553131103515625, 10539
1.5612013339996338, 10538
1.5612013339996338, 10537
1.5632662773132324, 10536
1.5632662773132324, 10535
1.5713105201721191, 10534
1.5713105201721191, 10533
1.5733802318572998, 10532
1.5733802318572998, 10531
1.5733802318572998, 10530
1.5733802318572998, 10529
1.583512783050537, 10528
1.583512783050537, 10527
1.583512783050537, 10526
1.5915465354919434, 10525
1.593613862991333, 10524
1.593613862991333, 10523
1.6037511825561523, 10522
1.6037511825561523, 10521
1.6037511825561523, 10520
1.6138699054718018, 10519
1.6138699054718018, 10518
1.6240026950836182, 10517
1.6240026950836182, 10516
1.6240026950836182, 10515
1.6240026950836182, 10514
1.632049798965454, 10513
1.6341159343719482, 10512
1.6341159343719482, 10511
1.642183780670166, 10510
1.6442501544952393, 10509
1.6442501544952393, 10508
1.652317762374878, 10507
1.6543550491333008, 10506
1.6543550491333008, 10505
1.6624290943145752, 10504
1.6624290943145752, 10503
1.674647569656372, 10502
1.6827144622802734, 10501
1.6847798824310303, 10500
1.6847798824310303, 10499
1.6847798824310303, 10498
1.6847798824310303, 10497
1.6847798824310303, 10496
1.7029967308044434, 10495
1.7050628662109375, 10494
1.7050628662109375, 10493
1.7050628662109375, 10492
1.7050628662109375, 10491
1.7152047157287598, 10490
1.7152047157287598, 10489
1.7253408432006836, 10488
1.7253408432006836, 10487
1.7253408432006836, 10486
1.7354748249053955, 10485
1.7354748249053955, 10484
1.7354748249053955, 10483
1.7354748249053955, 10482
1.7435426712036133, 10481
1.7435426712036133, 10480
1.7456107139587402, 10479
1.7456107139587402, 10478
1.7456107139587402, 10477
1.7540631294250488, 10476
1.75506591796875, 10475
1.7560663223266602, 10474
1.7570669651031494, 10473
1.7590653896331787, 10472
1.7610652446746826, 10471
1.7620654106140137, 10470
1.7630650997161865, 10469
1.7710649967193604, 10468
1.7720656394958496, 10467
1.7740652561187744, 10466
1.7750647068023682, 10465
1.7770657539367676, 10464
1.7790651321411133, 10463
1.780461072921753, 10462
1.7962818145751953, 10461
1.7962818145751953, 10460
1.7962818145751953, 10459
1.7962818145751953, 10458
1.8043501377105713, 10457
1.8043501377105713, 10456
1.814500093460083, 10455
1.816565752029419, 10454
1.816565752029419, 10453
1.816565752029419, 10452
1.816565752029419, 10451
1.8246302604675293, 10450
1.8246302604675293, 10449
1.8266956806182861, 10448
1.8266956806182861, 10447
1.8347771167755127, 10446
1.8347771167755127, 10445
1.8368439674377441, 10444
1.8368439674377441, 10443
1.8368439674377441, 10442
1.8368439674377441, 10441
1.8449113368988037, 10440
1.8469793796539307, 10439
1.8469793796539307, 10438
1.8469793796539307, 10437
1.857142686843872, 10436
1.8652381896972656, 10435
1.8652381896972656, 10434
1.8774688243865967, 10433
1.8774688243865967, 10432
1.8774688243865967, 10431
1.8774688243865967, 10430
1.8876426219940186, 10429
1.8876426219940186, 10428
1.8957693576812744, 10427
1.8957693576812744, 10426
1.8978440761566162, 10425
1.8978440761566162, 10424
1.8978440761566162, 10423
1.8978440761566162, 10422
1.9059193134307861, 10421
1.9059193134307861, 10420
1.9079818725585938, 10419
1.9079818725585938, 10418
1.9160757064819336, 10417
1.918147325515747, 10416
1.918147325515747, 10415
1.9262161254882812, 10414
1.9262161254882812, 10413
1.928283452987671, 10412
1.928283452987671, 10411
1.928283452987671, 10410
1.928283452987671, 10409
1.9384052753448486, 10408
1.9464139938354492, 10407
1.9464740753173828, 10406
1.9484827518463135, 10405
1.9485430717468262, 10404
1.9485430717468262, 10403
1.9485430717468262, 10402
1.9485430717468262, 10401
1.9565730094909668, 10400
1.9586517810821533, 10399
1.968801736831665, 10398
1.9768400192260742, 10397
1.9768400192260742, 10396
1.9789073467254639, 10395
1.9789073467254639, 10394
1.9789073467254639, 10393
1.9789073467254639, 10392
1.9869751930236816, 10391
1.9890403747558594, 10390
1.9890403747558594, 10389
1.9890403747558594, 10388
1.999136209487915, 10387
1.999136209487915, 10386
2.0072004795074463, 10385
2.0092663764953613, 10384
2.0173635482788086, 10383
2.0194308757781982, 10382
2.0194308757781982, 10381
2.029564142227173, 10380
2.039682388305664, 10379
2.059939384460449, 10378
2.059939384460449, 10377
2.059939384460449, 10376
2.059939384460449, 10375
2.059939384460449, 10374
2.0680153369903564, 10373
2.0680153369903564, 10372
2.0700831413269043, 10371
2.0700831413269043, 10370
2.0700831413269043, 10369
2.0700831413269043, 10368
2.080258369445801, 10367
2.080258369445801, 10366
2.080258369445801, 10365
2.088325262069702, 10364
2.0903916358947754, 10363
2.0903916358947754, 10362
2.0903916358947754, 10361
2.0903916358947754, 10360
2.0903916358947754, 10359
2.0984206199645996, 10358
2.10048770904541, 10357
2.121140241622925, 10356
2.121140241622925, 10355
2.121140241622925, 10354
2.121140241622925, 10353
2.129161834716797, 10352
2.129161834716797, 10351
2.129161834716797, 10350
2.129161834716797, 10349
2.129161834716797, 10348
2.1412250995635986, 10347
2.1412250995635986, 10346
2.151249647140503, 10345
2.151249647140503, 10344
2.151249647140503, 10343
2.1593339443206787, 10342
2.1593339443206787, 10341
2.1613457202911377, 10340
2.1693649291992188, 10339
2.171426773071289, 10338
2.171426773071289, 10337
2.171426773071289, 10336
2.171426773071289, 10335
2.18156099319458, 10334
2.18156099319458, 10333
2.189614772796631, 10332
2.191669225692749, 10331
2.191669225692749, 10330
2.191669225692749, 10329
2.201791524887085, 10328
2.201791524887085, 10327
2.2098488807678223, 10326
2.2119035720825195, 10325
2.2119035720825195, 10324
2.2119035720825195, 10323
2.2119035720825195, 10322
2.2119035720825195, 10321
2.2220513820648193, 10320
2.2220513820648193, 10319
2.2220513820648193, 10318
2.252426862716675, 10317
2.252426862716675, 10316
2.262559413909912, 10315
2.270613193511963, 10314
2.2726693153381348, 10313
2.2726693153381348, 10312
2.280743360519409, 10311
2.2823171615600586, 10310
2.283313512802124, 10309
2.2863149642944336, 10308
2.287313938140869, 10307
2.293313980102539, 10306
2.299323081970215, 10305
2.305314064025879, 10304
2.3063161373138428, 10303
2.3103253841400146, 10302
2.3136544227600098, 10301
2.3232760429382324, 10300
2.3232760429382324, 10299
2.3232760429382324, 10298
2.333451747894287, 10297
2.333451747894287, 10296
2.333451747894287, 10295
2.3435630798339844, 10294
2.353710174560547, 10293
2.353710174560547, 10292
2.353710174560547, 10291
2.3638176918029785, 10290
2.3638176918029785, 10289
2.3638176918029785, 10288
2.3739442825317383, 10287
2.3739442825317383, 10286
2.3841166496276855, 10285
2.3841166496276855, 10284
2.3841166496276855, 10283
2.392192840576172, 10282
2.394247531890869, 10281
2.4023044109344482, 10280
2.4023044109344482, 10279
2.4043586254119873, 10278
2.4043586254119873, 10277
2.4124302864074707, 10276
2.4144845008850098, 10275
2.4144845008850098, 10274
2.4144845008850098, 10273
2.4225387573242188, 10272
2.434751272201538, 10271
2.434751272201538, 10270
2.434751272201538, 10269
2.442823886871338, 10268
2.444890260696411, 10267
2.444890260696411, 10266
2.444890260696411, 10265
2.444890260696411, 10264
2.455043077468872, 10263
2.455043077468872, 10262
2.4631004333496094, 10261
2.465153932571411, 10260
2.465153932571411, 10259
2.465153932571411, 10258
2.473234176635742, 10257
2.473234176635742, 10256
2.4752886295318604, 10255
2.4752886295318604, 10254
2.483344078063965, 10253
2.4853975772857666, 10252
2.4853975772857666, 10251
2.4853975772857666, 10250
2.4853975772857666, 10249
2.4853975772857666, 10248
2.4853975772857666, 10247
2.4955101013183594, 10246
2.513702630996704, 10245
2.5157291889190674, 10244
2.525829553604126, 10243
2.533931016921997, 10242
2.535987615585327, 10241
2.5413570404052734, 10240
2.5424115657806396, 10239
2.545182466506958, 10238
2.546250343322754, 10237
2.5541462898254395, 10236
2.5562028884887695, 10235
2.5562028884887695, 10234
2.5562028884887695, 10233
2.5562028884887695, 10232
2.564276933670044, 10231
2.5663769245147705, 10230
2.576488971710205, 10229
2.576488971710205, 10228
2.5866217613220215, 10227
2.5866217613220215, 10226
2.596759796142578, 10225
2.6048407554626465, 10224
2.606896162033081, 10223
2.627152681350708, 10222
2.637265205383301, 10221
2.637265205383301, 10220
2.637265205383301, 10219
2.645358085632324, 10218
2.6474156379699707, 10217
2.6474156379699707, 10216
2.6474156379699707, 10215
2.6474156379699707, 10214
2.6474156379699707, 10213
2.6575329303741455, 10212
2.6575329303741455, 10211
2.6575329303741455, 10210
2.6656088829040527, 10209
2.6656088829040527, 10208
2.667663812637329, 10207
2.667663812637329, 10206
2.667663812637329, 10205
2.667663812637329, 10204
2.667663812637329, 10203
2.677772045135498, 10202
2.677772045135498, 10201
2.677772045135498, 10200
2.685865879058838, 10199
2.687920331954956, 10198
2.695974588394165, 10197
2.695974588394165, 10196
2.698028326034546, 10195
2.698028326034546, 10194
2.70609188079834, 10193
2.708148956298828, 10192
2.718269109725952, 10191
2.726316452026367, 10190
2.726316452026367, 10189
2.726316452026367, 10188
2.7288146018981934, 10187
2.738933563232422, 10186
2.7490949630737305, 10185
2.7490949630737305, 10184
2.7571520805358887, 10183
2.7592110633850098, 10182
2.7592110633850098, 10181
2.767303466796875, 10180
2.7693281173706055, 10179
2.7693281173706055, 10178
2.7693281173706055, 10177
2.7794368267059326, 10176
2.7794368267059326, 10175
2.7794368267059326, 10174
2.787480592727661, 10173
2.850978136062622, 10172
2.8590404987335205, 10171
2.8610942363739014, 10170
2.8610942363739014, 10169
2.8793253898620605, 10168
2.881375551223755, 10167
2.881375551223755, 10166
2.889458417892456, 10165
2.8915133476257324, 10164
2.8995678424835205, 10163
2.9016246795654297, 10162
2.9016246795654297, 10161
2.9016246795654297, 10160
2.90970516204834, 10159
2.9198334217071533, 10158
2.921886920928955, 10157
2.9299986362457275, 10156
2.9320552349090576, 10155
2.9320552349090576, 10154
2.942166805267334, 10153
2.942166805267334, 10152
2.953427791595459, 10151
2.953427791595459, 10150
2.953427791595459, 10149
2.9625487327575684, 10148
2.9726781845092773, 10147
2.9726781845092773, 10146
2.9726781845092773, 10145
2.9726781845092773, 10144
2.980762004852295, 10143
2.992957592010498, 10142
3.0010130405426025, 10141
3.0030677318573, 10140
3.0030677318573, 10139
3.0030677318573, 10138
3.0030677318573, 10137
3.0030677318573, 10136
3.0111474990844727, 10135
3.0132055282592773, 10134
3.0132055282592773, 10133
3.0212624073028564, 10132
3.02331805229187, 10131
3.033440589904785, 10130
3.033440589904785, 10129
3.0435597896575928, 10128
3.05165433883667, 10127
3.0537142753601074, 10126
3.0537142753601074, 10125
3.06177020072937, 10124
3.06382417678833, 10123
3.06382417678833, 10122
3.0739572048187256, 10121
3.0840702056884766, 10120
3.0840702056884766, 10119
3.0921542644500732, 10118
3.094209671020508, 10117
3.102273464202881, 10116
3.1043193340301514, 10115
3.1043760776519775, 10114
3.1043760776519775, 10113
3.1145060062408447, 10112
3.1145060062408447, 10111
3.1145060062408447, 10110
3.1246328353881836, 10109
3.1246328353881836, 10108
3.1246328353881836, 10107
3.1246328353881836, 10106
3.1327126026153564, 10105
3.144876003265381, 10104
3.144876003265381, 10103
3.144876003265381, 10102
3.1529700756073, 10101
3.1529700756073, 10100
3.1550259590148926, 10099
3.1550259590148926, 10098
3.1550259590148926, 10097
3.1550259590148926, 10096
3.1550259590148926, 10095
3.1631076335906982, 10094
3.1651623249053955, 10093
3.1732490062713623, 10092
3.1753039360046387, 10091
3.1753039360046387, 10090
3.1753039360046387, 10089
3.1753039360046387, 10088
3.185412645339966, 10087
3.1955716609954834, 10086
3.1955716609954834, 10085
3.1955716609954834, 10084
3.2056829929351807, 10083
3.2056829929351807, 10082
3.2137458324432373, 10081
3.2137458324432373, 10080
3.215799570083618, 10079
3.215799570083618, 10078
3.215799570083618, 10077
3.215799570083618, 10076
3.2259163856506348, 10075
3.2259163856506348, 10074
3.2259163856506348, 10073
3.2259163856506348, 10072
3.2259163856506348, 10071
3.2360422611236572, 10070
3.2461493015289307, 10069
3.256300449371338, 10068
3.256300449371338, 10067
3.256300449371338, 10066
3.2643556594848633, 10065
3.2643556594848633, 10064
3.266409158706665, 10063
3.266409158706665, 10062
3.266409158706665, 10061
3.266409158706665, 10060
3.2765555381774902, 10059
3.2765555381774902, 10058
3.2765555381774902, 10057
3.2765555381774902, 10056
3.2765555381774902, 10055
3.2866711616516113, 10054
3.296811580657959, 10053
3.3069281578063965, 10052
3.3069281578063965, 10051
3.315004587173462, 10050
3.3170597553253174, 10049
3.3170597553253174, 10048
3.3352155685424805, 10047
3.3391263484954834, 10046
3.343162775039673, 10045
3.3451642990112305, 10044
3.3501651287078857, 10043
3.3521640300750732, 10042
3.3634355068206787, 10041
3.3634355068206787, 10040
3.368555784225464, 10039
3.368555784225464, 10038
3.368555784225464, 10037
3.368555784225464, 10036
3.368555784225464, 10035
3.368555784225464, 10034
3.3786799907684326, 10033
3.3867433071136475, 10032
3.3888070583343506, 10031
3.398977756500244, 10030
3.398977756500244, 10029
3.398977756500244, 10028
3.398977756500244, 10027
3.398977756500244, 10026
3.4090850353240967, 10025
3.417142868041992, 10024
3.419196844100952, 10023
3.419196844100952, 10022
3.4394371509552, 10021
3.4394371509552, 10020
3.449547529220581, 10019
3.449547529220581, 10018
3.449547529220581, 10017
3.4597184658050537, 10016
3.469843626022339, 10015
3.480004072189331, 10014
3.4880597591400146, 10013
3.5002598762512207, 10012
3.5103726387023926, 10011
3.5103726387023926, 10010
3.5103726387023926, 10009
3.5184803009033203, 10008
3.520535945892334, 10007
3.520535945892334, 10006
3.5387043952941895, 10005
3.540788412094116, 10004
3.540788412094116, 10003
3.540788412094116, 10002
3.5509064197540283, 10001
3.5509064197540283, 10000
3.558969736099243, 9999
3.561023235321045, 9998
3.57114577293396, 9997
3.5914108753204346, 9996
3.599527359008789, 9995
3.599527359008789, 9994
3.601583242416382, 9993
3.6218132972717285, 9992
3.6319329738616943, 9991
3.6420536041259766, 9990
3.652163505554199, 9989
3.6623244285583496, 9988
3.6623244285583496, 9987
3.6724371910095215, 9986
3.6825811862945557, 9985
3.6906378269195557, 9984
3.6926910877227783, 9983
3.7007665634155273, 9982
3.7028229236602783, 9981
3.7028229236602783, 9980
3.7028229236602783, 9979
3.7129504680633545, 9978
3.7129504680633545, 9977
3.7129504680633545, 9976
3.721017599105835, 9975
3.7230722904205322, 9974
3.7311348915100098, 9973
3.7331950664520264, 9972
3.7331950664520264, 9971
3.7331950664520264, 9970
3.743380308151245, 9969
3.753504991531372, 9968
3.7636308670043945, 9967
3.7636308670043945, 9966
3.7737412452697754, 9965
3.7737412452697754, 9964
3.7737412452697754, 9963
3.783865451812744, 9962
3.79398250579834, 9961
3.79398250579834, 9960
3.79398250579834, 9959
3.8673436641693115, 9958
3.8683431148529053, 9957
3.88334059715271, 9956
3.88533616065979, 9955
3.8923447132110596, 9954
3.9099154472351074, 9953
3.915526866912842, 9952
3.915526866912842, 9951
3.915526866912842, 9950
3.9256646633148193, 9949
3.935810089111328, 9948
3.935810089111328, 9947
3.9459261894226074, 9946
3.9459261894226074, 9945
3.9459261894226074, 9944
3.956434726715088, 9943
3.974641799926758, 9942
3.97672176361084, 9941
3.97672176361084, 9940
3.9847848415374756, 9939
3.986849546432495, 9938
4.007200717926025, 9937
4.02543830871582, 9936
4.027513027191162, 9935
4.027513027191162, 9934
4.027513027191162, 9933
4.027513027191162, 9932
4.047775030136108, 9931
4.047775030136108, 9930
4.055859804153442, 9929
4.057925701141357, 9928
4.068063020706177, 9927
4.068063020706177, 9926
4.076254606246948, 9925
4.077258348464966, 9924
4.078257322311401, 9923
4.0986409187316895, 9922
4.108776092529297, 9921
4.116868257522583, 9920
4.118937015533447, 9919
4.118937015533447, 9918
4.118937015533447, 9917
4.12907075881958, 9916
4.139226675033569, 9915
4.14936089515686, 9914
4.14936089515686, 9913
4.14936089515686, 9912
4.14936089515686, 9911
4.159514904022217, 9910
4.159514904022217, 9909
4.167581796646118, 9908
4.169646739959717, 9907
4.179884910583496, 9906
4.190019607543945, 9905
4.190019607543945, 9904
4.190019607543945, 9903
4.190019607543945, 9902
4.200177431106567, 9901
4.200177431106567, 9900
4.200177431106567, 9899
4.210298299789429, 9898
4.218370199203491, 9897
4.220427751541138, 9896
4.220427751541138, 9895
4.230541467666626, 9894
4.230541467666626, 9893
4.230541467666626, 9892
4.3094446659088135, 9891
4.3094446659088135, 9890
4.321655750274658, 9889
4.329712152481079, 9888
4.339822292327881, 9887
4.341875791549683, 9886
4.34270715713501, 9885
4.343777418136597, 9884
4.344844579696655, 9883
4.345911264419556, 9882
4.349055290222168, 9881
4.3623974323272705, 9880
4.3623974323272705, 9879
4.3623974323272705, 9878
4.370444297790527, 9877
4.372500658035278, 9876
4.382612228393555, 9875
4.394176244735718, 9874
4.416174650192261, 9873
4.417176246643066, 9872
4.428174257278442, 9871
4.429808855056763, 9870
4.431363344192505, 9869
4.433416843414307, 9868
4.441498517990112, 9867
4.443555593490601, 9866
4.443555593490601, 9865
4.443555593490601, 9864
4.4516284465789795, 9863
4.4516284465789795, 9862
4.4536824226379395, 9861
4.461739778518677, 9860
4.463793516159058, 9859
4.463793516159058, 9858
4.473915100097656, 9857
4.473915100097656, 9856
4.481980323791504, 9855
4.484034061431885, 9854
4.484034061431885, 9853
4.492090463638306, 9852
4.494145154953003, 9851
4.494145154953003, 9850
4.504260301589966, 9849
4.524554252624512, 9848
4.53466272354126, 9847
4.53466272354126, 9846
4.575609445571899, 9845
4.585750102996826, 9844
4.585750102996826, 9843
4.585750102996826, 9842
4.595862150192261, 9841
4.595862150192261, 9840
4.605996370315552, 9839
4.614078760147095, 9838
4.624215602874756, 9837
4.626281023025513, 9836
4.626281023025513, 9835
4.634366989135742, 9834
4.636436939239502, 9833
4.646572589874268, 9832
4.646572589874268, 9831
4.654656410217285, 9830
4.656723260879517, 9829
4.656723260879517, 9828
4.656723260879517, 9827
4.656723260879517, 9826
4.6668572425842285, 9825
4.6871418952941895, 9824
4.6871418952941895, 9823
4.695227146148682, 9822
4.697295427322388, 9821
4.707427740097046, 9820
4.707427740097046, 9819
4.715514659881592, 9818
4.72565221786499, 9817
4.727718830108643, 9816
4.727718830108643, 9815
4.737832546234131, 9814
4.737832546234131, 9813
4.747966766357422, 9812
4.747966766357422, 9811
4.758071184158325, 9810
4.766138076782227, 9809
4.768206596374512, 9808
4.788439512252808, 9807
4.788439512252808, 9806
4.788439512252808, 9805
4.808725357055664, 9804
4.82692813873291, 9803
4.828996896743774, 9802
4.828996896743774, 9801
4.828996896743774, 9800
4.859464645385742, 9799
4.859464645385742, 9798
4.867534637451172, 9797
4.87764048576355, 9796
4.889843702316284, 9795
4.889843702316284, 9794
4.889843702316284, 9793
4.8999717235565186, 9792
4.8999717235565186, 9791
4.8999717235565186, 9790
4.918173789978027, 9789
4.918173789978027, 9788
4.920241117477417, 9787
4.930379629135132, 9786
4.930379629135132, 9785
4.9384777545928955, 9784
4.946874141693115, 9783
4.952874422073364, 9782
4.9618752002716064, 9781
4.971188545227051, 9780
4.981348514556885, 9779
4.981348514556885, 9778
4.981348514556885, 9777
4.989426612854004, 9776
5.001598119735718, 9775
5.011731147766113, 9774
5.011731147766113, 9773
5.011731147766113, 9772
5.011731147766113, 9771
5.0198187828063965, 9770
5.02188777923584, 9769
5.0299553871154785, 9768
5.032022714614868, 9767
5.040098190307617, 9766
5.040098190307617, 9765
5.0421671867370605, 9764
5.0421671867370605, 9763
5.0522990226745605, 9762
5.0522990226745605, 9761
5.0624167919158936, 9760
5.0624167919158936, 9759
5.072546720504761, 9758
5.072546720504761, 9757
5.072546720504761, 9756
5.072546720504761, 9755
5.0806334018707275, 9754
5.0806334018707275, 9753
5.092830657958984, 9752
5.092830657958984, 9751
5.111047983169556, 9750
5.113113880157471, 9749
5.121206998825073, 9748
5.121206998825073, 9747
5.123279094696045, 9746
5.133413076400757, 9745
5.133413076400757, 9744
5.153702020645142, 9743
5.153702020645142, 9742
5.153702020645142, 9741
5.16179347038269, 9740
5.163862943649292, 9739
5.163862943649292, 9738
5.163862943649292, 9737
5.174012660980225, 9736
5.1845479011535645, 9735
5.194683790206909, 9734
5.212865591049194, 9733
5.214935541152954, 9732
5.225078105926514, 9731
5.225078105926514, 9730
5.225078105926514, 9729
5.225078105926514, 9728
5.2331483364105225, 9727
5.2352142333984375, 9726
5.243244171142578, 9725
5.243244171142578, 9724
5.245314121246338, 9723
5.245314121246338, 9722
5.255447864532471, 9721
5.255447864532471, 9720
5.255447864532471, 9719
5.255447864532471, 9718
5.268283843994141, 9717
5.27558970451355, 9716
5.278754234313965, 9715
5.278754234313965, 9714
5.285890579223633, 9713
5.285890579223633, 9712
5.285890579223633, 9711
5.36697244644165, 9710
5.36697244644165, 9709
5.36697244644165, 9708
5.36697244644165, 9707
5.377070426940918, 9706
5.377131462097168, 9705
5.377131462097168, 9704
5.407509088516235, 9703
5.417617321014404, 9702
5.427680253982544, 9701
5.427680253982544, 9700
5.435783863067627, 9699
5.437852382659912, 9698
5.447989463806152, 9697
5.45642876625061, 9696
5.458431720733643, 9695
5.4604315757751465, 9694
5.461432933807373, 9693
5.4674317836761475, 9692
5.539307355880737, 9691
5.549441814422607, 9690
5.549441814422607, 9689
5.559557199478149, 9688
5.559557199478149, 9687
5.577778339385986, 9686
5.579845428466797, 9685
5.579845428466797, 9684
5.579845428466797, 9683
5.58791971206665, 9682
5.5899858474731445, 9681
5.600076198577881, 9680
5.600076198577881, 9679
5.600076198577881, 9678
5.608151912689209, 9677
5.610220909118652, 9676
5.6203227043151855, 9675
5.6203227043151855, 9674
5.6304662227630615, 9673
5.6304662227630615, 9672
5.6304662227630615, 9671
5.6304662227630615, 9670
5.640615940093994, 9669
5.650752544403076, 9668
5.658793926239014, 9667
5.658793926239014, 9666
5.6608617305755615, 9665
5.6608617305755615, 9664
5.6608617305755615, 9663
5.6608617305755615, 9662
5.670994997024536, 9661
5.701388359069824, 9660
5.721672773361206, 9659
5.721672773361206, 9658
5.721672773361206, 9657
5.729742765426636, 9656
5.731786727905273, 9655
5.731786727905273, 9654
5.731786727905273, 9653
5.731786727905273, 9652
5.731786727905273, 9651
5.731786727905273, 9650
5.73987889289856, 9649
5.741950035095215, 9648
5.7500176429748535, 9647
5.752082824707031, 9646
5.760144233703613, 9645
5.762210130691528, 9644
5.762210130691528, 9643
5.772340297698975, 9642
5.772340297698975, 9641
5.782436847686768, 9640
5.790509223937988, 9639
5.79257607460022, 9638
5.803086519241333, 9637
5.82130765914917, 9636
5.823374509811401, 9635
5.823374509811401, 9634
5.823374509811401, 9633
5.831442356109619, 9632
5.8335044384002686, 9631
5.851733446121216, 9630
5.85379958152771, 9629
5.85379958152771, 9628
5.85379958152771, 9627
5.85379958152771, 9626
5.861853122711182, 9625
5.874081134796143, 9624
5.882168769836426, 9623
5.884243011474609, 9622
5.892312288284302, 9621
5.892312288284302, 9620
5.8943822383880615, 9619
5.8943822383880615, 9618
5.904562473297119, 9617
5.904562473297119, 9616
5.924806356430054, 9615
5.924806356430054, 9614
5.934945106506348, 9613
5.934945106506348, 9612
5.934945106506348, 9611
5.934945106506348, 9610
5.934945106506348, 9609
5.945085763931274, 9608
5.955221176147461, 9607
5.963253736495972, 9606
5.973387241363525, 9605
5.985968351364136, 9604
5.988967418670654, 9603
5.99296760559082, 9602
5.997966766357422, 9601
6.011967897415161, 9600
6.01697039604187, 9599
6.026113986968994, 9598
6.056528568267822, 9597
6.076838970184326, 9596
6.076838970184326, 9595
6.076838970184326, 9594
6.084926128387451, 9593
6.087025880813599, 9592
6.095063209533691, 9591
6.10511589050293, 9590
6.10511589050293, 9589
6.10511589050293, 9588
6.10511589050293, 9587
6.10511589050293, 9586
6.152053356170654, 9585
6.152053356170654, 9584
6.152053356170654, 9583
6.167684555053711, 9582
6.167684555053711, 9581
6.167684555053711, 9580
6.167684555053711, 9579
6.183294773101807, 9578
6.19891881942749, 9577
6.19891881942749, 9576
6.19891881942749, 9575
6.19891881942749, 9574
6.19891881942749, 9573
6.207557916641235, 9572
6.21767520904541, 9571
6.21767520904541, 9570
6.21767520904541, 9569
6.23585057258606, 9568
6.248018026351929, 9567
6.258202075958252, 9566
6.258202075958252, 9565
6.268313646316528, 9564
6.268313646316528, 9563
6.27638578414917, 9562
6.296662092208862, 9561
6.298719167709351, 9560
6.308865547180176, 9559
6.318977117538452, 9558
6.329084873199463, 9557
6.337160587310791, 9556
6.34934663772583, 9555
6.357402086257935, 9554
6.367511034011841, 9553
6.369570732116699, 9552
6.369570732116699, 9551
6.369570732116699, 9550
6.377698183059692, 9549
6.379756212234497, 9548
6.379756212234497, 9547
6.400012969970703, 9546
6.400012969970703, 9545
6.400012969970703, 9544
6.400012969970703, 9543
6.410123586654663, 9542
6.422695875167847, 9541
6.422695875167847, 9540
6.4328272342681885, 9539
6.4328272342681885, 9538
6.442950487136841, 9537
6.4530580043792725, 9536
6.4530580043792725, 9535
6.463213205337524, 9534
6.473322153091431, 9533
6.473322153091431, 9532
6.473322153091431, 9531
6.483431577682495, 9530
6.491497755050659, 9529
6.493551969528198, 9528
6.493551969528198, 9527
6.501632213592529, 9526
6.503688335418701, 9525
6.503688335418701, 9524
6.513798713684082, 9523
6.522331714630127, 9522
6.52333402633667, 9521
6.531371355056763, 9520
6.541370391845703, 9519
6.545370578765869, 9518
6.552586317062378, 9517
6.564751625061035, 9516
6.564751625061035, 9515
6.564751625061035, 9514
6.574864625930786, 9513
6.574864625930786, 9512
6.582966327667236, 9511
6.585021018981934, 9510
6.6032164096832275, 9509
6.6032164096832275, 9508
6.605272531509399, 9507
6.605272531509399, 9506
6.62346887588501, 9505
6.626236915588379, 9504
6.62965726852417, 9503
6.63079571723938, 9502
6.63079571723938, 9501
6.631849765777588, 9500
6.6334991455078125, 9499
6.6456475257873535, 9498
6.655773878097534, 9497
6.665889501571655, 9496
6.676022529602051, 9495
6.676022529602051, 9494
6.676022529602051, 9493
6.676022529602051, 9492
6.696297645568848, 9491
6.706413269042969, 9490
6.7144951820373535, 9489
6.716550827026367, 9488
6.716550827026367, 9487
6.726671934127808, 9486
6.734737873077393, 9485
6.7367918491363525, 9484
6.7367918491363525, 9483
6.7367918491363525, 9482
6.757024526596069, 9481
6.767137765884399, 9480
6.785355567932129, 9479
6.78740930557251, 9478
6.795567750930786, 9477
6.7976343631744385, 9476
6.817844390869141, 9475
6.817844390869141, 9474
6.8279807567596436, 9473
6.8360435962677, 9472
6.8381030559539795, 9471
6.846156597137451, 9470
6.848214626312256, 9469
6.858352422714233, 9468
6.858352422714233, 9467
6.868470191955566, 9466
6.868470191955566, 9465
6.8786070346832275, 9464
6.886661529541016, 9463
6.888716697692871, 9462
6.888716697692871, 9461
6.888716697692871, 9460
6.888716697692871, 9459
6.9069554805755615, 9458
6.919175624847412, 9457
6.919175624847412, 9456
6.939420700073242, 9455
6.939420700073242, 9454
6.939420700073242, 9453
6.959697246551514, 9452
6.990049362182617, 9451
6.990049362182617, 9450
6.990049362182617, 9449
6.990049362182617, 9448
6.998138427734375, 9447
7.0002052783966064, 9446
7.0002052783966064, 9445
7.020862817764282, 9444
7.0289459228515625, 9443
7.031000375747681, 9442
7.0512306690216064, 9441
7.061804294586182, 9440
7.076801061630249, 9439
7.081808805465698, 9438
7.091930150985718, 9437
7.102077007293701, 9436
7.1121907234191895, 9435
7.1121907234191895, 9434
7.1121907234191895, 9433
7.1121907234191895, 9432
7.120431184768677, 9431
7.12248682975769, 9430
7.12248682975769, 9429
7.132596254348755, 9428
7.132596254348755, 9427
7.132596254348755, 9426
7.140671014785767, 9425
7.140671014785767, 9424
7.142726182937622, 9423
7.150789022445679, 9422
7.163013696670532, 9421
7.173121929168701, 9420
7.1832780838012695, 9419
7.1832780838012695, 9418
7.191341400146484, 9417
7.20144510269165, 9416
7.221691608428955, 9415
7.22374963760376, 9414
7.22374963760376, 9413
7.22374963760376, 9412
7.231804609298706, 9411
7.2419373989105225, 9410
7.243991374969482, 9409
7.243991374969482, 9408
7.262186050415039, 9407
7.264242649078369, 9406
7.264242649078369, 9405
7.274357080459595, 9404
7.294607162475586, 9403
7.304720640182495, 9402
7.312774896621704, 9401
7.314837455749512, 9400
7.322929620742798, 9399
7.335116386413574, 9398
7.3533148765563965, 9397
7.3533148765563965, 9396
7.365487337112427, 9395
7.3755950927734375, 9394
7.39587140083313, 9393
7.39587140083313, 9392
7.39587140083313, 9391
7.39587140083313, 9390
7.39587140083313, 9389
7.40392804145813, 9388
7.405983924865723, 9387
7.414039850234985, 9386
7.414039850234985, 9385
7.41609787940979, 9384
7.424201250076294, 9383
7.446489572525024, 9382
7.446489572525024, 9381
7.446489572525024, 9380
7.454549074172974, 9379
7.456602573394775, 9378
7.466724872589111, 9377
7.466724872589111, 9376
7.466724872589111, 9375
7.476834535598755, 9374
7.476834535598755, 9373
7.497084140777588, 9372
7.505146503448486, 9371
7.507205009460449, 9370
7.517323732376099, 9369
7.525397539138794, 9368
7.527456998825073, 9367
7.527456998825073, 9366
7.527456998825073, 9365
7.537571430206299, 9364
7.545650005340576, 9363
7.54770565032959, 9362
7.555760383605957, 9361
7.557814121246338, 9360
7.557814121246338, 9359
7.557814121246338, 9358
7.567929267883301, 9357
7.594538688659668, 9356
7.598541021347046, 9355
7.599538326263428, 9354
7.606537818908691, 9353
7.618541717529297, 9352
7.618541717529297, 9351
7.618541717529297, 9350
7.626595973968506, 9349
7.626595973968506, 9348
7.638730764389038, 9347
7.638730764389038, 9346
7.648887395858765, 9345
7.648887395858765, 9344
7.648887395858765, 9343
7.648887395858765, 9342
7.648887395858765, 9341
7.679231405258179, 9340
7.689376354217529, 9339
7.699483871459961, 9338
7.709582090377808, 9337
7.719703435897827, 9336
7.729846000671387, 9335
7.750120162963867, 9334
7.750120162963867, 9333
7.76023268699646, 9332
7.780461072921753, 9331
7.780461072921753, 9330
7.7906012535095215, 9329
7.7906012535095215, 9328
7.810837268829346, 9327
7.818892955780029, 9326
7.818892955780029, 9325
7.8209474086761475, 9324
7.8209474086761475, 9323
7.829076051712036, 9322
7.84125542640686, 9321
7.84125542640686, 9320
7.89186692237854, 9319
7.901986837387085, 9318
7.91211724281311, 9317
7.922225713729858, 9316
7.922225713729858, 9315
7.922225713729858, 9314
7.932407379150391, 9313
8.044066190719604, 9312
8.052140474319458, 9311
8.054212093353271, 9310
8.072418451309204, 9309
8.07447338104248, 9308
8.07447338104248, 9307
8.084601640701294, 9306
8.084601640701294, 9305
8.084601640701294, 9304
8.084601640701294, 9303
8.094712018966675, 9302
8.103231430053711, 9301
8.104234218597412, 9300
8.110273599624634, 9299
8.112231731414795, 9298
8.113272905349731, 9297
8.119277715682983, 9296
8.121272325515747, 9295
8.123271942138672, 9294
8.126272678375244, 9293
8.143696069717407, 9292
8.145750999450684, 9291
8.155864000320435, 9290
8.155864000320435, 9289
8.155864000320435, 9288
8.164038181304932, 9287
8.176213264465332, 9286
8.176213264465332, 9285
8.184276103973389, 9284
8.186330795288086, 9283
8.186330795288086, 9282
8.206600189208984, 9281
8.216711521148682, 9280
8.257625341415405, 9279
8.257625341415405, 9278
8.257625341415405, 9277
8.267799377441406, 9276
8.275855302810669, 9275
8.27790904045105, 9274
8.27790904045105, 9273
8.27790904045105, 9272
8.27790904045105, 9271
8.27790904045105, 9270
8.296122550964355, 9269
8.298176288604736, 9268
8.298176288604736, 9267
8.306262016296387, 9266
8.306262016296387, 9265
8.308317184448242, 9264
8.328563928604126, 9263
8.328563928604126, 9262
8.34889006614685, 9261
8.369163036346436, 9260
8.369163036346436, 9259
8.389431476593018, 9258
8.409666776657104, 9257
8.419775485992432, 9256
8.450161218643188, 9255
8.450161218643188, 9254
8.470494270324707, 9253
8.470494270324707, 9252
8.470494270324707, 9251
8.470494270324707, 9250
8.480607986450195, 9249
8.480607986450195, 9248
8.480607986450195, 9247
8.480607986450195, 9246
8.49071741104126, 9245
8.49071741104126, 9244
8.500842809677124, 9243
8.510979175567627, 9242
8.510979175567627, 9241
8.510979175567627, 9240
8.529165983200073, 9239
8.531220197677612, 9238
8.531220197677612, 9237
8.531220197677612, 9236
8.531220197677612, 9235
8.531220197677612, 9234
8.551469326019287, 9233
8.551469326019287, 9232
8.551469326019287, 9231
8.561596393585205, 9230
8.571723937988281, 9229
8.571723937988281, 9228
8.579787254333496, 9227
8.581841945648193, 9226
8.591971397399902, 9225
8.591971397399902, 9224
8.591971397399902, 9223
8.591971397399902, 9222
8.602079629898071, 9221
8.610183000564575, 9220
8.612240076065063, 9219
8.612240076065063, 9218
8.634888410568237, 9217
8.635884046554565, 9216
8.636886358261108, 9215
8.651884078979492, 9214
8.652886152267456, 9213
8.660886764526367, 9212
8.661888360977173, 9211
8.663888216018677, 9210
8.67299747467041, 9209
8.683139562606812, 9208
8.683139562606812, 9207
8.693249225616455, 9206
8.693249225616455, 9205
8.693249225616455, 9204
8.701310157775879, 9203
8.703364610671997, 9202
8.713480710983276, 9201
8.723601341247559, 9200
8.723601341247559, 9199
8.733709335327148, 9198
8.751899719238281, 9197
8.753955841064453, 9196
8.7640860080719, 9195
8.784343004226685, 9194
8.784343004226685, 9193
8.794449806213379, 9192
8.794449806213379, 9191
8.814739227294922, 9190
8.824857950210571, 9189
8.824857950210571, 9188
8.824857950210571, 9187
8.824857950210571, 9186
8.824857950210571, 9185
8.832922220230103, 9184
8.832922220230103, 9183
8.834975719451904, 9182
8.845083475112915, 9181
8.853140830993652, 9180
8.855195045471191, 9179
8.863239765167236, 9178
8.875881671905518, 9177
8.896137475967407, 9176
8.896137475967407, 9175
8.896137475967407, 9174
8.896137475967407, 9173
8.914311408996582, 9172
8.916377067565918, 9171
8.926503419876099, 9170
8.93456244468689, 9169
8.936620473861694, 9168
8.944717407226562, 9167
8.944717407226562, 9166
8.94678807258606, 9165
8.956904172897339, 9164
8.956904172897339, 9163
8.967037439346313, 9162
8.97509217262268, 9161
8.977147340774536, 9160
8.977147340774536, 9159
8.977147340774536, 9158
8.985251426696777, 9157
8.987309455871582, 9156
8.997414827346802, 9155
9.007550239562988, 9154
9.007550239562988, 9153
9.007550239562988, 9152
9.017667770385742, 9151
9.017667770385742, 9150
9.027799844741821, 9149
9.027799844741821, 9148
9.027799844741821, 9147
9.037907600402832, 9146
9.037907600402832, 9145
9.04806137084961, 9144
9.067482471466064, 9143
9.0766761302948, 9142
9.07872486114502, 9141
9.088905572891235, 9140
9.119298458099365, 9139
9.12737488746643, 9138
9.149669408798218, 9137
9.159785270690918, 9136
9.159785270690918, 9135
9.177416324615479, 9134
9.181721925735474, 9133
9.183717727661133, 9132
9.194717407226562, 9131
9.19531512260437, 9130
9.19531512260437, 9129
9.200929641723633, 9128
9.200929641723633, 9127
9.2110435962677, 9126
9.2110435962677, 9125
9.2110435962677, 9124
9.219106912612915, 9123
9.221164226531982, 9122
9.221164226531982, 9121
9.221164226531982, 9120
9.221164226531982, 9119
9.360817670822144, 9118
9.364086866378784, 9117
9.365226030349731, 9116
9.370848417282104, 9115
9.401247024536133, 9114
9.403302669525146, 9113
9.413412094116211, 9112
9.413412094116211, 9111
9.42149806022644, 9110
9.423553228378296, 9109
9.43367338180542, 9108
9.43367338180542, 9107
9.45393419265747, 9106
9.472126960754395, 9105
9.474157094955444, 9104
9.48466944694519, 9103
9.49478530883789, 9102
9.49478530883789, 9101
9.515032768249512, 9100
9.515032768249512, 9099
9.525201797485352, 9098
9.535313844680786, 9097
9.543401718139648, 9096
9.54545783996582, 9095
9.553535461425781, 9094
9.555598735809326, 9093
9.555598735809326, 9092
9.555598735809326, 9091
9.565745830535889, 9090
9.565745830535889, 9089
9.565745830535889, 9088
9.565745830535889, 9087
9.565745830535889, 9086
9.575885772705078, 9085
9.575885772705078, 9084
9.586019515991211, 9083
9.586019515991211, 9082
9.586019515991211, 9081
9.604221105575562, 9080
9.616404056549072, 9079
9.616404056549072, 9078
9.624483823776245, 9077
9.62654972076416, 9076
9.62654972076416, 9075
9.62654972076416, 9074
9.636667728424072, 9073
9.636667728424072, 9072
9.64679741859436, 9071
9.64679741859436, 9070
9.64679741859436, 9069
9.656906127929688, 9068
9.667018413543701, 9067
9.667018413543701, 9066
9.687308549880981, 9065
9.716095685958862, 9064
9.718093633651733, 9063
9.748337745666504, 9062
9.748337745666504, 9061
9.748337745666504, 9060
9.75845217704773, 9059
9.768580675125122, 9058
9.778689622879028, 9057
9.788815021514893, 9056
9.788815021514893, 9055
9.818253993988037, 9054
9.822670221328735, 9053
9.827226638793945, 9052
9.827226638793945, 9051
9.829280138015747, 9050
9.829280138015747, 9049
9.837335109710693, 9048
9.859676599502563, 9047
9.859676599502563, 9046
9.879936456680298, 9045
9.890063285827637, 9044
9.890063285827637, 9043
9.890063285827637, 9042
9.900228023529053, 9041
9.900228023529053, 9040
9.938668966293335, 9039
9.948779106140137, 9038
9.950832843780518, 9037
9.950832843780518, 9036
9.960957288742065, 9035
9.960957288742065, 9034
9.960957288742065, 9033
9.971075057983398, 9032
9.971075057983398, 9031
9.981207847595215, 9030
9.999441862106323, 9029
10.001498937606812, 9028
10.021762132644653, 9027
10.031877040863037, 9026
10.031877040863037, 9025
10.041985750198364, 9024
10.05003833770752, 9023
10.082467555999756, 9022
10.082467555999756, 9021
10.092588424682617, 9020
10.092588424682617, 9019
10.092588424682617, 9018
10.092588424682617, 9017
10.10311484336853, 9016
10.10311484336853, 9015
10.10311484336853, 9014
10.111170053482056, 9013
10.12132215499878, 9012
10.15166711807251, 9011
10.153720378875732, 9010
10.204443454742432, 9009
10.212504863739014, 9008
10.214560747146606, 9007
10.214560747146606, 9006
10.242453575134277, 9005
10.245606899261475, 9004
10.255718231201172, 9003
10.255718231201172, 9002
10.275996446609497, 9001
10.296226501464844, 9000
10.306374073028564, 8999
10.306374073028564, 8998
10.314429521560669, 8997
10.314429521560669, 8996
10.314429521560669, 8995
10.326608896255493, 8994
10.326608896255493, 8993
10.336726665496826, 8992
10.34684681892395, 8991
10.34684681892395, 8990
10.356958866119385, 8989
10.356958866119385, 8988
10.365074634552002, 8987
10.365074634552002, 8986
10.367130756378174, 8985
10.367130756378174, 8984
10.367130756378174, 8983
10.377271175384521, 8982
10.407684803009033, 8981
10.41779375076294, 8980
10.425876140594482, 8979
10.438092947006226, 8978
10.448217630386353, 8977
10.458341360092163, 8976
10.466412544250488, 8975
10.468469142913818, 8974
10.486642360687256, 8973
10.498802661895752, 8972
10.508946657180786, 8971
10.508946657180786, 8970
10.519045352935791, 8969
10.519045352935791, 8968
10.559520483016968, 8967
10.559520483016968, 8966
10.589911222457886, 8965
10.600027084350586, 8964
10.600027084350586, 8963
10.620253324508667, 8962
10.630396366119385, 8961
10.640503883361816, 8960
10.640503883361816, 8959
10.660770416259766, 8958
10.660770416259766, 8957
10.668859481811523, 8956
10.6709144115448, 8955
10.6709144115448, 8954
10.678969383239746, 8953
10.681023597717285, 8952
10.681023597717285, 8951
10.689133405685425, 8950
10.691190719604492, 8949
10.701292753219604, 8948
10.709346771240234, 8947
10.709346771240234, 8946
10.724182605743408, 8945
10.732306957244873, 8944
10.744499206542969, 8943
10.75462031364441, 8942
10.772200345993042, 8941
10.795553922653198, 8940
10.795553922653198, 8939
10.795553922653198, 8938
10.815790891647339, 8937
10.825900554656982, 8936
10.836007356643677, 8935
10.836007356643677, 8934
10.84612226486206, 8933
10.84612226486206, 8932
10.854210615158081, 8931
10.998055696487427, 8930
11.018340826034546, 8929
11.028453826904297, 8928
11.028453826904297, 8927
11.058818817138672, 8926
11.06893014907837, 8925
11.06893014907837, 8924
11.079083442687988, 8923
11.079083442687988, 8922
11.089199542999268, 8921
11.099364519119263, 8920
11.099364519119263, 8919
11.109480857849121, 8918
11.129746913909912, 8917
11.160137414932251, 8916
11.160137414932251, 8915
11.178321123123169, 8914
11.188633918762207, 8913
11.19645619392395, 8912
11.201140642166138, 8911
11.201140642166138, 8910
11.231547355651855, 8909
11.251808643341064, 8908
11.261933326721191, 8907
11.282196044921875, 8906
11.313042879104614, 8905
11.323630332946777, 8904
11.333762884140015, 8903
11.35400938987732, 8902
11.35400938987732, 8901
11.37426471710205, 8900
11.384381771087646, 8899
11.402555704116821, 8898
11.402555704116821, 8897
11.412733316421509, 8896
11.41478943824768, 8895
11.445163488388062, 8894
11.453233480453491, 8893
11.455289125442505, 8892
11.455289125442505, 8891
11.455289125442505, 8890
11.463343620300293, 8889
11.465397596359253, 8888
11.465397596359253, 8887
11.465397596359253, 8886
11.465397596359253, 8885
11.475538969039917, 8884
11.483595371246338, 8883
11.49372673034668, 8882
11.495781183242798, 8881
11.495781183242798, 8880
11.5038480758667, 8879
11.505907773971558, 8878
11.51396632194519, 8877
11.52613353729248, 8876
11.52613353729248, 8875
11.53423261642456, 8874
11.546395063400269, 8873
11.546395063400269, 8872
11.576773405075073, 8871
11.617262840270996, 8870
11.617262840270996, 8869
11.617262840270996, 8868
11.617262840270996, 8867
11.62532377243042, 8866
11.6273775100708, 8865
11.637516260147095, 8864
11.647626161575317, 8863
11.657755374908447, 8862
11.698223114013672, 8861
11.718451738357544, 8860
11.736656188964844, 8859
11.758950471878052, 8858
11.779202461242676, 8857
11.779202461242676, 8856
11.797371864318848, 8855
11.799436092376709, 8854
11.799436092376709, 8853
11.809542417526245, 8852
11.822154521942139, 8851
11.823158025741577, 8850
11.836153030395508, 8849
11.837152004241943, 8848
11.83815312385559, 8847
11.850263357162476, 8846
11.880709648132324, 8845
11.890821933746338, 8844
11.90095067024231, 8843
11.911059141159058, 8842
11.921187162399292, 8841
11.931297779083252, 8840
11.939342498779297, 8839
11.939342498779297, 8838
11.972238302230835, 8837
11.982374429702759, 8836
11.990424871444702, 8835
12.01271677017212, 8834
12.01271677017212, 8833
12.022889137268066, 8832
12.022889137268066, 8831
12.043122053146362, 8830
12.043122053146362, 8829
12.053230047225952, 8828
12.053230047225952, 8827
12.053230047225952, 8826
12.08133864402771, 8825
12.083391427993774, 8824
12.083391427993774, 8823
12.101621389389038, 8822
12.113783597946167, 8821
12.12389349937439, 8820
12.15425705909729, 8819
12.15425705909729, 8818
12.164377927780151, 8817
12.174558639526367, 8816
12.174558639526367, 8815
12.184667110443115, 8814
12.215085506439209, 8813
12.245433568954468, 8812
12.255575895309448, 8811
12.255575895309448, 8810
12.263628482818604, 8809
12.285956382751465, 8808
12.436105012893677, 8807
12.438161373138428, 8806
12.466469049453735, 8805
12.509028673171997, 8804
12.519180059432983, 8803
12.539413213729858, 8802
12.732154607772827, 8801
12.732154607772827, 8800
12.750328779220581, 8799
12.752386093139648, 8798
12.762500524520874, 8797
12.762500524520874, 8796
12.762500524520874, 8795
12.762500524520874, 8794
12.762500524520874, 8793
12.762500524520874, 8792
12.782732009887695, 8791
12.782732009887695, 8790
12.782732009887695, 8789
12.823256731033325, 8788
12.823256731033325, 8787
12.833367347717285, 8786
12.843496322631836, 8785
12.843496322631836, 8784
12.851561069488525, 8783
12.861672163009644, 8782
12.863768815994263, 8781
12.882350444793701, 8780
12.88439130783081, 8779
12.887389421463013, 8778
12.90338945388794, 8777
12.908389806747437, 8776
12.922733306884766, 8775
12.924789428710938, 8774
12.924789428710938, 8773
12.924789428710938, 8772
12.955181360244751, 8771
12.973357677459717, 8770
12.973357677459717, 8769
12.995654106140137, 8768
12.995654106140137, 8767
13.005772352218628, 8766
13.01591944694519, 8765
13.01591944694519, 8764
13.026029348373413, 8763
13.034146070480347, 8762
13.054373979568481, 8761
13.054373979568481, 8760
13.056427955627441, 8759
13.064502716064453, 8758
13.066565036773682, 8757
13.066565036773682, 8756
13.074683427810669, 8755
13.076737880706787, 8754
13.09698224067688, 8753
13.09698224067688, 8752
13.137614250183105, 8751
13.157842874526978, 8750
13.167954921722412, 8749
13.167954921722412, 8748
13.167954921722412, 8747
13.1886305809021, 8746
13.208889961242676, 8745
13.208889961242676, 8744
13.229150772094727, 8743
13.239276885986328, 8742
13.267592906951904, 8741
13.277724266052246, 8740
13.279781341552734, 8739
13.310132026672363, 8738
13.318222522735596, 8737
13.330395221710205, 8736
13.330395221710205, 8735
13.340520143508911, 8734
13.360747814178467, 8733
13.37085747718811, 8732
13.37085747718811, 8731
13.37085747718811, 8730
13.38097858428955, 8729
13.391110897064209, 8728
13.399187564849854, 8727
13.423987865447998, 8726
13.445431470870972, 8725
13.462627172470093, 8724
13.462627172470093, 8723
13.472739219665527, 8722
13.490917205810547, 8721
13.492970943450928, 8720
13.513207912445068, 8719
13.523359537124634, 8718
13.533474922180176, 8717
13.533474922180176, 8716
13.553704023361206, 8715
13.553704023361206, 8714
13.56178593635559, 8713
13.573970794677734, 8712
13.573970794677734, 8711
13.58408784866333, 8710
13.624651670455933, 8709
13.624651670455933, 8708
13.624651670455933, 8707
13.644878387451172, 8706
13.654988288879395, 8705
13.675244092941284, 8704
13.685381650924683, 8703
13.725890874862671, 8702
13.74612545967102, 8701
13.74612545967102, 8700
13.74612545967102, 8699
13.756243228912354, 8698
13.764329195022583, 8697
13.76638388633728, 8696
13.776506185531616, 8695
13.827537059783936, 8694
13.835593223571777, 8693
13.845731973648071, 8692
13.847785234451294, 8691
13.865977048873901, 8690
13.888301372528076, 8689
13.898414850234985, 8688
13.906477451324463, 8687
13.908534049987793, 8686
13.918644905090332, 8685
13.938948392868042, 8684
13.96284818649292, 8683
13.975847244262695, 8682
13.980121612548828, 8681
13.980121612548828, 8680
13.988174676895142, 8679
13.990240335464478, 8678
14.000372409820557, 8677
14.008427143096924, 8676
14.008427143096924, 8675
14.010481357574463, 8674
14.018561363220215, 8673
14.028692245483398, 8672
14.04090404510498, 8671
14.04090404510498, 8670
14.051018714904785, 8669
14.061195611953735, 8668
14.071316957473755, 8667
14.071316957473755, 8666
14.07957148551941, 8665
14.07957148551941, 8664
14.091798067092896, 8663
14.101915836334229, 8662
14.122174978256226, 8661
14.13228440284729, 8660
14.142456293106079, 8659
14.152567148208618, 8658
14.160703182220459, 8657
14.162760019302368, 8656
14.183014392852783, 8655
14.183014392852783, 8654
14.193164110183716, 8653
14.226866483688354, 8652
14.226866483688354, 8651
14.226866483688354, 8650
14.226866483688354, 8649
14.258116960525513, 8648
14.273741960525513, 8647
14.302777528762817, 8646
14.311500072479248, 8645
14.327171564102173, 8644
14.342808723449707, 8643
14.342808723449707, 8642
14.348143100738525, 8641
14.348143100738525, 8640
14.348143100738525, 8639
14.363810300827026, 8638
14.363810300827026, 8637
14.379431247711182, 8636
14.379431247711182, 8635
14.379431247711182, 8634
14.379431247711182, 8633
14.379431247711182, 8632
14.379431247711182, 8631
14.395060062408447, 8630
14.395060062408447, 8629
14.45865273475647, 8628
14.45865273475647, 8627
14.45865273475647, 8626
14.45865273475647, 8625
14.475807905197144, 8624
14.493951797485352, 8623
14.493951797485352, 8622
14.726286172866821, 8621
14.746521711349487, 8620
14.746521711349487, 8619
14.764717817306519, 8618
14.764717817306519, 8617
14.764717817306519, 8616
14.7769033908844, 8615
14.787014961242676, 8614
14.787014961242676, 8613
14.810602903366089, 8612
14.817214727401733, 8611
14.827350616455078, 8610
14.827350616455078, 8609
14.827350616455078, 8608
14.827350616455078, 8607
14.84554147720337, 8606
14.847595930099487, 8605
14.847595930099487, 8604
14.865818500518799, 8603
14.867878437042236, 8602
14.867878437042236, 8601
14.867878437042236, 8600
14.867878437042236, 8599
14.867878437042236, 8598
14.875932455062866, 8597
14.87798810005188, 8596
14.87798810005188, 8595
14.888098955154419, 8594
14.888098955154419, 8593
14.888098955154419, 8592
14.888098955154419, 8591
14.888098955154419, 8590
14.898216247558594, 8589
14.908366680145264, 8588
14.918482065200806, 8587
14.936648845672607, 8586
14.979219675064087, 8585
14.989345073699951, 8584
15.010059833526611, 8583
15.020172119140625, 8582
15.020172119140625, 8581
15.03325343132019, 8580
15.03825306892395, 8579
15.068459033966064, 8578
15.080679416656494, 8577
15.090789794921875, 8576
15.100921154022217, 8575
15.100921154022217, 8574
15.293344497680664, 8573
15.301409244537354, 8572
15.303464651107788, 8571
15.313584566116333, 8570
15.331756114959717, 8569
15.384480237960815, 8568
15.404735565185547, 8567
15.424973726272583, 8566
15.424973726272583, 8565
15.506018877029419, 8564
15.506018877029419, 8563
15.514091730117798, 8562
15.516146898269653, 8561
15.524212121963501, 8560
15.558790922164917, 8559
15.560418844223022, 8558
15.565009832382202, 8557
15.587299108505249, 8556
15.587299108505249, 8555
15.638330221176147, 8554
15.638330221176147, 8553
15.648438453674316, 8552
15.656547784805298, 8551
15.658604860305786, 8550
15.668720722198486, 8549
15.688966751098633, 8548
15.688966751098633, 8547
15.688966751098633, 8546
15.699159860610962, 8545
15.699159860610962, 8544
15.79024863243103, 8543
15.79024863243103, 8542
15.800400018692017, 8541
15.808454036712646, 8540
15.810510158538818, 8539
15.861132860183716, 8538
15.861132860183716, 8537
15.87125301361084, 8536
15.891485691070557, 8535
15.891485691070557, 8534
15.899577379226685, 8533
15.901636600494385, 8532
15.921915054321289, 8531
15.940100193023682, 8530
15.942154884338379, 8529
15.942154884338379, 8528
15.96238923072815, 8527
15.972506046295166, 8526
15.972506046295166, 8525
16.002917528152466, 8524
16.023162603378296, 8523
16.07607364654541, 8522
16.086076259613037, 8521
16.09422516822815, 8520
16.104333639144897, 8519
16.104333639144897, 8518
16.104333639144897, 8517
16.124611377716064, 8516
16.30549907684326, 8515
16.307554006576538, 8514
16.307554006576538, 8513
16.31565260887146, 8512
16.317708730697632, 8511
16.317708730697632, 8510
16.317708730697632, 8509
16.378440618515015, 8508
16.38855791091919, 8507
16.38855791091919, 8506
16.398690700531006, 8505
16.398690700531006, 8504
16.398690700531006, 8503
16.398690700531006, 8502
16.408798456192017, 8501
16.427024841308594, 8500
16.427024841308594, 8499
16.42907977104187, 8498
16.439167737960815, 8497
16.43921995162964, 8496
16.449337244033813, 8495
16.46955180168152, 8494
16.46955180168152, 8493
16.51000666618347, 8492
16.55048155784607, 8491
16.55048155784607, 8490
16.55048155784607, 8489
16.55048155784607, 8488
16.570685625076294, 8487
16.578763961791992, 8486
16.64161443710327, 8485
16.65168833732605, 8484
16.66180729866028, 8483
16.67191243171692, 8482
16.682056188583374, 8481
16.712413549423218, 8480
16.722535848617554, 8479
16.722535848617554, 8478
16.7731671333313, 8477
16.80350661277771, 8476
16.811567783355713, 8475
16.831794261932373, 8474
16.84443998336792, 8473
16.884905099868774, 8472
16.892962217330933, 8471
16.89501667022705, 8470
16.903079509735107, 8469
16.91524028778076, 8468
16.923325538635254, 8467
16.933441877365112, 8466
16.955747842788696, 8465
16.965904712677002, 8464
16.976019620895386, 8463
16.976019620895386, 8462
16.99626588821411, 8461
17.00638175010681, 8460
17.01443362236023, 8459
17.02667474746704, 8458
17.02667474746704, 8457
17.05704379081726, 8456
17.067209005355835, 8455
17.07732081413269, 8454
17.07732081413269, 8453
17.07732081413269, 8452
17.07732081413269, 8451
17.087486028671265, 8450
17.087486028671265, 8449
17.095540285110474, 8448
17.107712984085083, 8447
17.117830276489258, 8446
17.12930727005005, 8445
17.148613929748535, 8444
17.174158334732056, 8443
17.179245710372925, 8442
17.187300443649292, 8441
17.18935537338257, 8440
17.19948673248291, 8439
17.19948673248291, 8438
17.217649698257446, 8437
17.229816198349, 8436
17.26024842262268, 8435
17.278436183929443, 8434
17.278436183929443, 8433
17.288552045822144, 8432
17.290605068206787, 8431
17.290605068206787, 8430
17.58480739593506, 8429
17.59285020828247, 8428
17.59285020828247, 8427
17.633421659469604, 8426
17.645639419555664, 8425
17.645639419555664, 8424
17.645639419555664, 8423
17.67657208442688, 8422
17.704453468322754, 8421
17.706519842147827, 8420
17.706519842147827, 8419
17.716655492782593, 8418
17.716655492782593, 8417
17.72679042816162, 8416
17.734822511672974, 8415
17.736891984939575, 8414
17.929306030273438, 8413
17.929306030273438, 8412
17.95975112915039, 8411
17.979990005493164, 8410
18.000296592712402, 8409
18.040793895721436, 8408
18.050925731658936, 8407
18.061030864715576, 8406
18.061030864715576, 8405
18.061030864715576, 8404
18.089735984802246, 8403
18.122133493423462, 8402
18.122133493423462, 8401
18.15248394012451, 8400
18.162616968154907, 8399
18.18626093864441, 8398
18.20126247406006, 8397
18.209736347198486, 8396
18.22349786758423, 8395
18.243720769882202, 8394
18.282171726226807, 8393
18.284239292144775, 8392
18.294363975524902, 8391
18.314617395401, 8390
18.32267141342163, 8389
18.324726581573486, 8388
18.33486819267273, 8387
18.353038549423218, 8386
18.355092763900757, 8385
18.355092763900757, 8384
18.373265743255615, 8383
18.375319242477417, 8382
18.415794134140015, 8381
18.42384958267212, 8380
18.446231842041016, 8379
18.474551916122437, 8378
18.486788749694824, 8377
18.52731490135193, 8376
18.52731490135193, 8375
18.52731490135193, 8374
18.54759669303894, 8373
18.56783103942871, 8372
18.56783103942871, 8371
18.60631823539734, 8370
18.608384132385254, 8369
18.618489027023315, 8368
18.648908853530884, 8367
18.656992435455322, 8366
18.659059286117554, 8365
18.667128801345825, 8364
18.677279233932495, 8363
18.71014928817749, 8362
18.742708683013916, 8361
18.759114265441895, 8360
18.771286010742188, 8359
18.78140640258789, 8358
18.811752796173096, 8357
18.86237335205078, 8356
18.86237335205078, 8355
18.92288327217102, 8354
18.93095326423645, 8353
18.941075563430786, 8352
18.961334943771362, 8351
18.961334943771362, 8350
18.963388919830322, 8349
18.97355556488037, 8348
18.993834018707275, 8347
19.034348487854004, 8346
19.044456481933594, 8345
19.085221529006958, 8344
19.085221529006958, 8343
19.095396757125854, 8342
19.1156325340271, 8341
19.12575101852417, 8340
19.145989656448364, 8339
19.174329042434692, 8338
19.17640233039856, 8337
19.17640233039856, 8336
19.19665026664734, 8335
19.19665026664734, 8334
19.22701668739319, 8333
19.250910758972168, 8332
19.250910758972168, 8331
19.26814293861389, 8330
19.278268575668335, 8329
19.278268575668335, 8328
19.286327600479126, 8327
19.28838014602661, 8326
19.28838014602661, 8325
19.308627605438232, 8324
19.31667470932007, 8323
19.319133520126343, 8322
19.37989330291748, 8321
19.37989330291748, 8320
19.37989330291748, 8319
19.387950897216797, 8318
19.39001154899597, 8317
19.400121450424194, 8316
19.430467128753662, 8315
19.45880103111267, 8314
19.47097158432007, 8313
19.47097158432007, 8312
19.491238355636597, 8311
19.50137734413147, 8310
19.50137734413147, 8309
19.50137734413147, 8308
19.509440898895264, 8307
19.509440898895264, 8306
19.521607398986816, 8305
19.521607398986816, 8304
19.562065839767456, 8303
19.602597951889038, 8302
19.62284755706787, 8301
19.630908012390137, 8300
19.651130437850952, 8299
19.66330122947693, 8298
19.67341423034668, 8297
19.693679332733154, 8296
19.72402334213257, 8295
19.72402334213257, 8294
19.73413062095642, 8293
19.754371404647827, 8292
19.771892786026, 8291
19.794877767562866, 8290
19.804986000061035, 8289
19.81511092185974, 8288
19.81511092185974, 8287
19.81511092185974, 8286
19.825223684310913, 8285
19.825223684310913, 8284
19.883918523788452, 8283
19.914321184158325, 8282
19.916374921798706, 8281
19.926488876342773, 8280
19.926488876342773, 8279
19.926488876342773, 8278
19.926488876342773, 8277
19.947163820266724, 8276
19.955255270004272, 8275
20.007959604263306, 8274
20.04844880104065, 8273
20.0788733959198, 8272
20.0788733959198, 8271
20.10932970046997, 8270
20.168059825897217, 8269
20.170122146606445, 8268
20.190412998199463, 8267
20.190412998199463, 8266
20.24632430076599, 8265
20.65851616859436, 8264
20.666579723358154, 8263
20.66863441467285, 8262
20.698986530303955, 8261
20.70911455154419, 8260
20.747561931610107, 8259
20.759726524353027, 8258
20.769880533218384, 8257
20.790292978286743, 8256
20.790292978286743, 8255
20.820661306381226, 8254
20.84949803352356, 8253
20.861743211746216, 8252
20.861743211746216, 8251
20.871849536895752, 8250
20.881980180740356, 8249
20.881980180740356, 8248
20.892095804214478, 8247
20.892095804214478, 8246
20.91027522087097, 8245
20.920400142669678, 8244
20.95291042327881, 8243
20.95291042327881, 8242
20.963080167770386, 8241
20.981268644332886, 8240
20.983322381973267, 8239
20.983322381973267, 8238
21.001492738723755, 8237
21.044058084487915, 8236
21.054164171218872, 8235
21.104829788208008, 8234
21.114938020706177, 8233
21.12507176399231, 8232
21.12507176399231, 8231
21.12507176399231, 8230
21.135188102722168, 8229
21.14533805847168, 8228
21.14533805847168, 8227
21.184187412261963, 8226
21.186250925064087, 8225
21.206489324569702, 8224
21.244935512542725, 8223
21.265238523483276, 8222
21.35635542869568, 8221
21.389923334121704, 8220
21.390922784805298, 8219
21.409104585647583, 8218
21.409104585647583, 8217
21.419215202331543, 8216
21.42933464050293, 8215
21.44962430000305, 8214
21.459738969802856, 8213
21.498169422149658, 8212
21.518423557281494, 8211
21.53058910369873, 8210
21.538644790649414, 8209
21.540698766708374, 8208
21.560972213745117, 8207
21.571099042892456, 8206
21.591333150863647, 8205
22.0395450592041, 8204
22.04967498779297, 8203
22.090210437774658, 8202
22.120654821395874, 8201
22.140892267227173, 8200
22.38918137550354, 8199
22.41342544555664, 8198
22.454407930374146, 8197
22.474685668945312, 8196
22.49296283721924, 8195
22.49504542350769, 8194
22.513362884521484, 8193
22.553940296173096, 8192
22.58637309074402, 8191
22.60661506652832, 8190
22.647120237350464, 8189
22.677513122558594, 8188
22.70583415031433, 8187
22.7281973361969, 8186
22.736250638961792, 8185
22.748457670211792, 8184
22.748457670211792, 8183
22.776758193969727, 8182
22.778819799423218, 8181
22.837657690048218, 8180
22.839688777923584, 8179
22.84981107711792, 8178
22.888263940811157, 8177
22.900429248809814, 8176
22.900429248809814, 8175
22.930815935134888, 8174
22.973562955856323, 8173
22.97528576850891, 8172
23.04308319091797, 8171
23.04308319091797, 8170
23.04308319091797, 8169
23.053216457366943, 8168
23.093751907348633, 8167
23.093751907348633, 8166
23.10386300086975, 8165
23.12410020828247, 8164
23.12410020828247, 8163
23.154446363449097, 8162
23.154446363449097, 8161
23.18484115600586, 8160
23.215209245681763, 8159
23.2232666015625, 8158
23.233395099639893, 8157
23.25361657142639, 8156
23.25567317008972, 8155
23.27592658996582, 8154
23.29615330696106, 8153
23.539427280426025, 8152
23.5698401927948, 8151
23.5799458026886, 8150
23.722208738327026, 8149
23.785001754760742, 8148
23.795122623443604, 8147
23.80318021774292, 8146
23.936816453933716, 8145
23.94693350791931, 8144
24.00771450996399, 8143
24.068517208099365, 8142
24.0788152217865, 8141
24.08089566230774, 8140
24.08089566230774, 8139
24.109262228012085, 8138
24.149762392044067, 8137
24.149762392044067, 8136
24.26161551475525, 8135
24.26161551475525, 8134
24.312259674072266, 8133
24.33249020576477, 8132
24.33249020576477, 8131
24.43389129638672, 8130
24.45412564277649, 8129
24.47438645362854, 8128
24.504748106002808, 8127
24.504748106002808, 8126
24.534640073776245, 8125
24.553641319274902, 8124
24.606367111206055, 8123
24.606367111206055, 8122
24.614460945129395, 8121
24.624568939208984, 8120
24.626634120941162, 8119
24.657031536102295, 8118
24.667140007019043, 8117
24.71776247024536, 8116
24.768340826034546, 8115
24.768340826034546, 8114
24.768340826034546, 8113
24.95293378829956, 8112
24.97115159034729, 8111
25.00156569480896, 8110
25.01374053955078, 8109
25.042144060134888, 8108
25.044199228286743, 8107
25.052253484725952, 8106
25.087841749191284, 8105
25.088838577270508, 8104
25.105135202407837, 8103
25.125385284423828, 8102
25.14566135406494, 8101
25.174018383026123, 8100
25.216551303863525, 8099
25.216551303863525, 8098
25.398845434188843, 8097
25.398845434188843, 8096
25.398845434188843, 8095
25.398845434188843, 8094
25.406899452209473, 8093
25.408954620361328, 8092
25.460028409957886, 8091
25.51059865951538, 8090
25.538992643356323, 8089
25.54107117652893, 8088
25.581610679626465, 8087
25.600337982177734, 8086
25.618379592895508, 8085
25.64088249206543, 8084
25.64372420310974, 8083
26.098695755004883, 8082
26.118916273117065, 8081
26.15249013900757, 8080
26.189776182174683, 8079
26.209997415542603, 8078
26.22012495994568, 8077
26.23831295967102, 8076
26.27077841758728, 8075
26.280906915664673, 8074
26.28896927833557, 8073
26.301151990890503, 8072
26.331499576568604, 8071
26.341619968414307, 8070
26.361906051635742, 8069
26.361906051635742, 8068
26.372019290924072, 8067
26.43271255493164, 8066
26.442884922027588, 8065
26.493505477905273, 8064
26.544196844100952, 8063
26.54525089263916, 8062
26.584766387939453, 8061
26.61511754989624, 8060
26.623189210891724, 8059
26.68665313720703, 8058
26.74733066558838, 8057
26.74733066558838, 8056
26.818212509155273, 8055
26.8789381980896, 8054
26.889057636260986, 8053
26.92952036857605, 8052
26.967997074127197, 8051
26.9983811378479, 8050
27.01862907409668, 8049
27.020683526992798, 8048
27.020683526992798, 8047
27.051023721694946, 8046
27.061131477355957, 8045
27.071285009384155, 8044
27.071285009384155, 8043
27.081393480300903, 8042
27.089448928833008, 8041
27.091504096984863, 8040
27.091504096984863, 8039
27.099565505981445, 8038
27.15226411819458, 8037
27.15226411819458, 8036
27.162381410598755, 8035
27.216257333755493, 8034
27.22025728225708, 8033
27.22424864768982, 8032
27.345181941986084, 8031
27.345181941986084, 8030
27.355291843414307, 8029
27.365472555160522, 8028
27.365472555160522, 8027
27.444478273391724, 8026
27.4647057056427, 8025
27.48698401451111, 8024
27.495052814483643, 8023
27.495052814483643, 8022
27.527526378631592, 8021
27.527526378631592, 8020
27.547771215438843, 8019
27.56799554824829, 8018
27.596293449401855, 8017
27.606416702270508, 8016
27.62665581703186, 8015
27.64899253845215, 8014
27.68950366973877, 8013
27.73142099380493, 8012
27.861595392227173, 8011
27.93290376663208, 8010
28.023688793182373, 8009
28.082265377044678, 8008
28.357722520828247, 8007
28.388087511062622, 8006
28.41840887069702, 8005
28.428529739379883, 8004
28.479076623916626, 8003
28.49928641319275, 8002
28.578527212142944, 8001
28.580581426620483, 8000
28.621005535125732, 7999
28.641199827194214, 7998
28.66141152381897, 7997
28.69175672531128, 7996
28.800191164016724, 7995
28.87205410003662, 7994
28.90442132949829, 7993
28.924658060073853, 7992
28.93477964401245, 7991
28.954981088638306, 7990
29.03585696220398, 7989
29.05605673789978, 7988
29.068421840667725, 7987
29.069514513015747, 7986
29.09658932685852, 7985
29.11675786972046, 7984
29.268983840942383, 7983
29.309935569763184, 7982
29.32693314552307, 7981
29.420835971832275, 7980
29.449140071868896, 7979
29.805760145187378, 7978
29.8078134059906, 7977
29.850619792938232, 7976
29.856619358062744, 7975
29.856915712356567, 7974
29.899472951889038, 7973
29.90961527824402, 7972
29.92987060546875, 7971
29.990641832351685, 7970
30.00882863998413, 7969
30.02131676673889, 7968
30.029372453689575, 7967
30.37352466583252, 7966
30.42047929763794, 7965
30.43610143661499, 7964
30.43610143661499, 7963
30.46735453605652, 7962
30.505107879638672, 7961
30.536370754241943, 7960
30.567620038986206, 7959
30.650335550308228, 7958
30.678414344787598, 7957
30.70877695083618, 7956
30.79995036125183, 7955
31.14475917816162, 7954
31.185246467590332, 7953
31.31681513786316, 7952
31.385653972625732, 7951
31.38770866394043, 7950
31.38770866394043, 7949
31.47743034362793, 7948
31.49978494644165, 7947
31.49978494644165, 7946
31.49978494644165, 7945
31.548346042633057, 7944
31.560556888580322, 7943
31.57068967819214, 7942
31.599334478378296, 7941
31.621644735336304, 7940
31.682491540908813, 7939
31.731032371520996, 7938
31.82225489616394, 7937
31.83445930480957, 7936
31.85474157333374, 7935
31.905391454696655, 7934
31.925617933273315, 7933
31.9865403175354, 7932
32.0273163318634, 7931
32.077943086624146, 7930
32.088048219680786, 7929
32.088048219680786, 7928
32.19987773895264, 7927
32.19987773895264, 7926
32.230255365371704, 7925
32.24038910865784, 7924
32.24038910865784, 7923
32.2505156993866, 7922
32.270792961120605, 7921
32.32145857810974, 7920
32.34170126914978, 7919
32.37209224700928, 7918
32.40251135826111, 7917
32.41265869140625, 7916
32.41265869140625, 7915
32.422791957855225, 7914
32.473459243774414, 7913
32.481525897979736, 7912
32.60358738899231, 7911
32.6158721446991, 7910
32.62602424621582, 7909
32.656410455703735, 7908
32.72739768028259, 7907
32.84938168525696, 7906
32.84938168525696, 7905
32.86966919898987, 7904
32.93046164512634, 7903
33.0115487575531, 7902
33.02168035507202, 7901
33.039506673812866, 7900
33.57861089706421, 7899
33.65073895454407, 7898
33.75210452079773, 7897
33.78247022628784, 7896
33.78247022628784, 7895
33.81283140182495, 7894
33.833112478256226, 7893
33.843249559402466, 7892
33.843249559402466, 7891
33.89185357093811, 7890
33.89386248588562, 7889
34.248690605163574, 7888
34.309452533721924, 7887
34.309452533721924, 7886
34.317535400390625, 7885
34.400665521621704, 7884
34.43108916282654, 7883
34.51208138465881, 7882
34.53234028816223, 7881
34.55260682106018, 7880
34.58297348022461, 7879
34.60325908660889, 7878
34.60325908660889, 7877
34.664005517959595, 7876
34.69436955451965, 7875
34.78547143936157, 7874
34.80366492271423, 7873
34.81378245353699, 7872
34.8563346862793, 7871
34.8563346862793, 7870
34.866448402404785, 7869
34.9149808883667, 7868
34.92715334892273, 7867
35.08921217918396, 7866
35.09932208061218, 7865
35.15339994430542, 7864
35.2311270236969, 7863
35.2311270236969, 7862
35.290287017822266, 7861
35.37333011627197, 7860
35.413896799087524, 7859
35.4240038394928, 7858
35.533339500427246, 7857
35.62659311294556, 7856
35.64684176445007, 7855
35.70364499092102, 7854
35.72871541976929, 7853
35.72871541976929, 7852
35.748955965042114, 7851
35.850170373916626, 7850
35.880953788757324, 7849
35.91132068634033, 7848
35.969998836517334, 7847
36.010475873947144, 7846
36.652095556259155, 7845
36.76181101799011, 7844
36.81451988220215, 7843
36.925872564315796, 7842
37.13895297050476, 7841
37.16725468635559, 7840
37.392253160476685, 7839
37.50354552268982, 7838
37.513705015182495, 7837
37.55418372154236, 7836
37.56429481506348, 7835
37.60480189323425, 7834
37.64533090591431, 7833
37.71660780906677, 7832
37.76720452308655, 7831
37.806047201156616, 7830
37.821646213531494, 7829
37.87890338897705, 7828
38.08149552345276, 7827
38.11991596221924, 7826
38.12197279930115, 7825
38.19286036491394, 7824
38.28193283081055, 7823
38.65833854675293, 7822
38.68877053260803, 7821
38.719133615493774, 7820
38.82033109664917, 7819
39.307310819625854, 7818
39.60960078239441, 7817
39.72302055358887, 7816
39.75336837768555, 7815
39.7736382484436, 7814
39.86473298072815, 7813
39.895113706588745, 7812
40.087682247161865, 7811
40.14843797683716, 7810
40.161006927490234, 7809
40.22976279258728, 7808
40.28253769874573, 7807
40.30277419090271, 7806
40.33316206932068, 7805
40.34327220916748, 7804
40.36352491378784, 7803
40.371583700180054, 7802
40.383750677108765, 7801
40.414066314697266, 7800
40.43435573577881, 7799
40.44704818725586, 7798
40.47513675689697, 7797
40.55415177345276, 7796
40.56632900238037, 7795
40.61694645881653, 7794
40.72825646400452, 7793
40.74031352996826, 7792
40.8503475189209, 7791
40.86045694351196, 7790
40.89082479476929, 7789
40.90094447135925, 7788
40.94956564903259, 7787
40.95162868499756, 7786
40.9999942779541, 7785
41.123637437820435, 7784
41.1519718170166, 7783
41.26543307304382, 7782
41.29375600814819, 7781
41.36707830429077, 7780
41.42783975601196, 7779
41.68930435180664, 7778
41.72172546386719, 7777
41.739914655685425, 7776
41.79256224632263, 7775
41.81282067298889, 7774
41.83308386802673, 7773
41.83308386802673, 7772
41.95251154899597, 7771
41.962629556655884, 7770
41.98283576965332, 7769
42.06768774986267, 7768
42.07707238197327, 7767
42.09733057022095, 7766
42.25131940841675, 7765
42.30221152305603, 7764
42.588539361953735, 7763
42.588539361953735, 7762
42.608816146850586, 7761
42.70810651779175, 7760
42.84176564216614, 7759
42.849836349487305, 7758
42.85994601249695, 7757
42.8801748752594, 7756
42.8822295665741, 7755
43.08468985557556, 7754
43.14571213722229, 7753
43.15378928184509, 7752
43.18620777130127, 7751
43.247355937957764, 7750
43.28784108161926, 7749
43.33844995498657, 7748
43.3788902759552, 7747
43.60130548477173, 7746
43.63011455535889, 7745
43.642300605773926, 7744
43.67280602455139, 7743
43.69303894042969, 7742
43.751747846603394, 7741
43.75380301475525, 7740
43.79428243637085, 7739
43.83514881134033, 7738
43.88370323181152, 7737
43.94640374183655, 7736
44.423280239105225, 7735
44.71756148338318, 7734
44.737794399261475, 7733
45.042032957077026, 7732
45.11306548118591, 7731
45.64022779464722, 7730
45.650712728500366, 7729
46.033652782440186, 7728
46.05389189720154, 7727
46.10453462600708, 7726
46.24852991104126, 7725
46.28475999832153, 7724
46.3404176235199, 7723
46.62181735038757, 7722
46.62181735038757, 7721
46.97539448738098, 7720
47.04618525505066, 7719
47.094762325286865, 7718
47.34910249710083, 7717
47.39063382148743, 7716
47.45137619972229, 7715
47.50243330001831, 7714
47.53324270248413, 7713
47.54335570335388, 7712
48.15225052833557, 7711
48.1623694896698, 7710
48.29400610923767, 7709
48.41273498535156, 7708
48.54714012145996, 7707
48.58655405044556, 7706
49.186431884765625, 7705
49.186431884765625, 7704
49.29585838317871, 7703
49.305994749069214, 7702
49.34691500663757, 7701
50.12956643104553, 7700
50.13972759246826, 7699
50.170087814331055, 7698
50.32174873352051, 7697
50.518561124801636, 7696
50.889368772506714, 7695
50.93998122215271, 7694
50.99053192138672, 7693
51.053706645965576, 7692
51.09208106994629, 7691
51.25430226325989, 7690
51.33737349510193, 7689
51.34543538093567, 7688
51.3778977394104, 7687
51.42851257324219, 7686
52.006505250930786, 7685
52.036906003952026, 7684
52.392088890075684, 7683
52.452839612960815, 7682
52.51152586936951, 7681
52.695918560028076, 7680
52.83746647834778, 7679
52.95887732505798, 7678
53.009929895401, 7677
53.98300552368164, 7676
54.17551636695862, 7675
54.33260488510132, 7674
54.60598301887512, 7673
54.66681146621704, 7672
55.19992542266846, 7671
55.201979875564575, 7670
56.03453040122986, 7669
56.97348403930664, 7668
57.007535457611084, 7667
57.007535457611084, 7666
57.0396146774292, 7665
57.13430452346802, 7664
57.19849371910095, 7663
57.270726442337036, 7662
57.93073558807373, 7661
58.02341365814209, 7660
58.154154777526855, 7659
58.170252323150635, 7658
58.20231771469116, 7657
58.38536977767944, 7656
58.4928719997406, 7655
58.51914381980896, 7654
58.567259311676025, 7653
59.201483726501465, 7652
59.30577373504639, 7651
59.44220948219299, 7650
59.46630072593689, 7649
59.482321977615356, 7648
59.58555030822754, 7647
59.64172410964966, 7646
59.649741411209106, 7645
59.75026202201843, 7644
59.978344678878784, 7643
60.139548778533936, 7642
60.41660261154175, 7641
60.41660261154175, 7640
60.60756707191467, 7639
61.09643793106079, 7638
61.36580729484558, 7637
61.41389226913452, 7636
61.65108132362366, 7635
61.668471336364746, 7634
61.668471336364746, 7633
61.78056740760803, 7632
61.96883010864258, 7631
62.194637060165405, 7630
62.598652601242065, 7629
62.79720115661621, 7628
63.05176544189453, 7627
63.400699853897095, 7626
63.44873809814453, 7625
63.544811487197876, 7624
63.60080623626709, 7623
63.72507405281067, 7622
63.749096632003784, 7621
63.926881313323975, 7620
64.63463497161865, 7619
64.75479578971863, 7618
64.82525658607483, 7617
64.83225703239441, 7616
64.8594012260437, 7615
64.90946197509766, 7614
65.24144172668457, 7613
65.4806182384491, 7612
65.52068066596985, 7611
65.69093751907349, 7610
65.69889092445374, 7609
65.7229630947113, 7608
65.89456009864807, 7607
65.9719181060791, 7606
66.09409928321838, 7605
66.12815380096436, 7604
66.8470938205719, 7603
66.85513138771057, 7602
66.91351962089539, 7601
66.94006729125977, 7600
67.44159746170044, 7599
67.7813503742218, 7598
67.83751726150513, 7597
68.15559315681458, 7596
68.31227087974548, 7595
68.4004967212677, 7594
68.61191368103027, 7593
68.63600015640259, 7592
68.7746171951294, 7591
68.868079662323, 7590
68.94849729537964, 7589
68.99664235115051, 7588
69.09550023078918, 7587
69.38439655303955, 7586
69.6786777973175, 7585
69.71075892448425, 7584
69.90752053260803, 7583
69.93160724639893, 7582
70.02783703804016, 7581
70.06203579902649, 7580
70.10212230682373, 7579
70.47169208526611, 7578
70.728022813797, 7577
71.31600594520569, 7576
71.57218885421753, 7575
71.6762855052948, 7574
71.91938948631287, 7573
71.94048976898193, 7572
72.19872283935547, 7571
72.57819247245789, 7570
72.6341803073883, 7569
72.73830270767212, 7568
72.877690076828, 7567
73.01384735107422, 7566
73.24214839935303, 7565
73.4492130279541, 7564
73.48917698860168, 7563
73.65740609169006, 7562
73.90034937858582, 7561
74.18713188171387, 7560
74.19506120681763, 7559
74.21914887428284, 7558
74.25911068916321, 7557
74.54431056976318, 7556
75.19952511787415, 7555
76.12596845626831, 7554
76.12596845626831, 7553
76.4374463558197, 7552
77.08561110496521, 7551
77.24256110191345, 7550
77.2586088180542, 7549
77.78441262245178, 7548
77.87266731262207, 7547
77.97098207473755, 7546
78.10778284072876, 7545
78.17999649047852, 7544
78.19604802131653, 7543
78.33243536949158, 7542
78.39270162582397, 7541
78.55740690231323, 7540
78.55740690231323, 7539
78.79888272285461, 7538
79.08380007743835, 7537
79.30835509300232, 7536
79.57658052444458, 7535
79.69471859931946, 7534
80.26527333259583, 7533
80.76619935035706, 7532
80.91263484954834, 7531
81.86701345443726, 7530
81.88305568695068, 7529
82.66130709648132, 7528
82.88889598846436, 7527
83.17041277885437, 7526
83.18646168708801, 7525
83.34109997749329, 7524
83.41414546966553, 7523
83.41414546966553, 7522
83.66724443435669, 7521
83.86198616027832, 7520
84.78693318367004, 7519
84.9885938167572, 7518
85.03674340248108, 7517
85.20742654800415, 7516
86.47173690795898, 7515
87.46380639076233, 7514
87.64839911460876, 7513
88.29761791229248, 7512
88.42986273765564, 7511
88.6426317691803, 7510
89.42376208305359, 7509
89.49466872215271, 7508
89.6977756023407, 7507
89.72753262519836, 7506
89.75853085517883, 7505
90.15171217918396, 7504
90.280113697052, 7503
90.34707474708557, 7502
90.6915967464447, 7501
90.75236487388611, 7500
90.85167241096497, 7499
91.7863302230835, 7498
92.11110329627991, 7497
92.66864800453186, 7496
92.82051658630371, 7495
92.86108064651489, 7494
92.88136053085327, 7493
93.66231107711792, 7492
93.78391218185425, 7491
94.50046229362488, 7490
96.44664788246155, 7489
96.59846615791321, 7488
96.7424669265747, 7487
97.7870078086853, 7486
98.2863552570343, 7485
98.78184986114502, 7484
98.80417990684509, 7483
99.69599771499634, 7482
100.85278415679932, 7481
101.99863910675049, 7480
102.50760841369629, 7479
103.12571263313293, 7478
103.20668888092041, 7477
103.24718523025513, 7476
104.43477988243103, 7475
105.28800868988037, 7474
106.57322812080383, 7473
107.52785038948059, 7472
107.65050792694092, 7471
108.01550817489624, 7470
108.05599355697632, 7469
108.17754650115967, 7468
108.52256226539612, 7467
109.09045219421387, 7466
109.62812757492065, 7465
109.94255566596985, 7464
110.78558778762817, 7463
111.08779525756836, 7462
111.1100742816925, 7461
111.21129488945007, 7460
111.55061078071594, 7459
112.14029312133789, 7458
112.1930685043335, 7457
112.56656098365784, 7456
112.65970420837402, 7455
112.98017024993896, 7454
114.64582586288452, 7453
115.74433517456055, 7452
116.29208493232727, 7451
116.37308239936829, 7450
116.45408129692078, 7449
116.76479530334473, 7448
117.63049602508545, 7447
117.68112230300903, 7446
117.69123435020447, 7445
118.35023951530457, 7444
118.72803044319153, 7443
118.7563750743866, 7442
118.82933855056763, 7441
118.94131445884705, 7440
119.08371591567993, 7439
119.83454537391663, 7438
120.58531260490417, 7437
121.53740882873535, 7436
122.30795383453369, 7435
123.56826901435852, 7434
125.55712628364563, 7433
126.44908952713013, 7432
126.57264399528503, 7431
128.49522995948792, 7430
129.8945050239563, 7429
131.05905652046204, 7428
132.11543321609497, 7427
135.89984941482544, 7426
136.0756494998932, 7425
136.10804772377014, 7424
138.47301578521729, 7423
138.65590071678162, 7422
139.547691822052, 7421
140.62402772903442, 7420
142.53935599327087, 7419
143.09662008285522, 7418
143.11685943603516, 7417
143.21804189682007, 7416
143.49235129356384, 7415
144.17254543304443, 7414
144.42661690711975, 7413
144.79166221618652, 7412
145.11577153205872, 7411
145.37135457992554, 7410
146.7074954509735, 7409
147.3431613445282, 7408
149.04277539253235, 7407
149.23530888557434, 7406
149.6704614162445, 7405
150.69812059402466, 7404
151.21344256401062, 7403
151.45055603981018, 7402
155.72428345680237, 7401
156.4123821258545, 7400
157.48445200920105, 7399
158.06974244117737, 7398
159.31898260116577, 7397
160.4428243637085, 7396
160.727463722229, 7395
160.74907994270325, 7394
163.63160276412964, 7393
164.44213390350342, 7392
166.98482298851013, 7391
167.04540705680847, 7390
167.24668264389038, 7389
171.16524028778076, 7388
171.96592211723328, 7387
175.2781572341919, 7386
175.65481972694397, 7385
175.986487865448, 7384
176.62553596496582, 7383
176.89818477630615, 7382
178.14405632019043, 7381
184.70159649848938, 7380
184.96395802497864, 7379
186.77486848831177, 7378
187.03597331047058, 7377
190.52995085716248, 7376
191.66392183303833, 7375
196.01665592193604, 7374
196.87153840065002, 7373
199.09277319908142, 7372
204.32626295089722, 7371
204.8342649936676, 7370
206.14780521392822, 7369
207.57003569602966, 7368
209.23388385772705, 7367
210.98492980003357, 7366
213.44024419784546, 7365
214.34728574752808, 7364
217.7694160938263, 7363
218.52152490615845, 7362
218.60252475738525, 7361
219.41044306755066, 7360
223.59032821655273, 7359
223.68436551094055, 7358
225.16668272018433, 7357
227.7680675983429, 7356
227.82706761360168, 7355
231.81545066833496, 7354
234.30244541168213, 7353
234.94920134544373, 7352
236.50722074508667, 7351
238.07721376419067, 7350
242.54151153564453, 7349
247.10993885993958, 7348
247.20362091064453, 7347
248.7738435268402, 7346
249.72419786453247, 7345
251.13090133666992, 7344
255.9527554512024, 7343
259.3802103996277, 7342
259.57227849960327, 7341
261.5435070991516, 7340
265.1005263328552, 7339
265.4669804573059, 7338
265.7785818576813, 7337
268.6939866542816, 7336
273.4242408275604, 7335
274.09191274642944, 7334
282.955424785614, 7333
287.32012271881104, 7332
287.3604636192322, 7331
290.01520133018494, 7330
292.74826765060425, 7329
302.68015789985657, 7328
303.26570105552673, 7327
305.2802052497864, 7326
306.011314868927, 7325
308.2985541820526, 7324
323.6584243774414, 7323
326.79380536079407, 7322
328.7060356140137, 7321
334.18836998939514, 7320
335.3334312438965, 7319
336.8130691051483, 7318
339.3204095363617, 7317
339.5024471282959, 7316
343.0634837150574, 7315
343.7105231285095, 7314
347.89202857017517, 7313
348.54914569854736, 7312
357.10633420944214, 7311
359.69746255874634, 7310
366.36251163482666, 7309
376.3545083999634, 7308
378.85205698013306, 7307
383.5119264125824, 7306
383.525927066803, 7305
384.1639277935028, 7304
387.38361644744873, 7303
392.82182264328003, 7302
397.1194715499878, 7301
405.98793172836304, 7300
408.21515703201294, 7299
412.6466360092163, 7298
419.04640889167786, 7297
427.2521319389343, 7296
436.3388502597809, 7295
436.73045468330383, 7294
440.24960350990295, 7293
447.811461687088, 7292
461.60484981536865, 7291
464.35406517982483, 7290
464.7396574020386, 7289
468.00697350502014, 7288
473.4098906517029, 7287
477.30898880958557, 7286
481.0250039100647, 7285
484.34149527549744, 7284
486.52966141700745, 7283
489.250625371933, 7282
494.8782916069031, 7281
496.3351676464081, 7280
508.70712661743164, 7279
510.2226929664612, 7278
513.3105862140656, 7277
520.2252445220947, 7276
520.7519965171814, 7275
524.877251625061, 7274
542.0849299430847, 7273
550.7393536567688, 7272
551.4188280105591, 7271
554.1999397277832, 7270
559.2737925052643, 7269
575.5797574520111, 7268
578.4600005149841, 7267
583.2108187675476, 7266
587.913348197937, 7265
598.7628242969513, 7264
