0.20404744148254395, 11023
0.20503759384155273, 11022
0.2080380916595459, 11021
0.21003985404968262, 11020
0.21103763580322266, 11019
0.21403765678405762, 11018
0.2170400619506836, 11017
0.21903753280639648, 11016
0.22003746032714844, 11015
0.2210378646850586, 11014
0.22403597831726074, 11013
0.2250380516052246, 11012
0.22603964805603027, 11011
0.22704672813415527, 11010
0.23003721237182617, 11009
0.23104310035705566, 11008
0.23303699493408203, 11007
0.23503828048706055, 11006
0.23804044723510742, 11005
0.23903870582580566, 11004
0.24104881286621094, 11003
0.24303793907165527, 11002
0.24603772163391113, 11001
0.2470383644104004, 11000
0.24803757667541504, 10999
0.24903583526611328, 10998
0.2510380744934082, 10997
0.2540402412414551, 10996
0.2550373077392578, 10995
0.2570381164550781, 10994
0.2600386142730713, 10993
0.26103806495666504, 10992
0.2620375156402588, 10991
0.26303839683532715, 10990
0.2640376091003418, 10989
0.26703810691833496, 10988
0.26903700828552246, 10987
0.2700493335723877, 10986
0.2730376720428467, 10985
0.27404165267944336, 10984
0.27603888511657715, 10983
0.2790403366088867, 10982
0.28003811836242676, 10981
0.28104376792907715, 10980
0.2830379009246826, 10979
0.28503894805908203, 10978
0.2870497703552246, 10977
0.28903818130493164, 10976
0.2920374870300293, 10975
0.2940373420715332, 10974
0.30003809928894043, 10973
0.3030405044555664, 10972
0.304034948348999, 10971
0.30504894256591797, 10970
0.3070375919342041, 10969
0.3090388774871826, 10968
0.31104326248168945, 10967
0.3120391368865967, 10966
0.3130369186401367, 10965
0.31703734397888184, 10964
0.31903958320617676, 10963
0.3200347423553467, 10962
0.3220384120941162, 10961
0.3230435848236084, 10960
0.3260378837585449, 10959
0.3270385265350342, 10958
0.3300004005432129, 10957
0.33099961280822754, 10956
0.3330390453338623, 10955
0.3350396156311035, 10954
0.33603858947753906, 10953
0.3380401134490967, 10952
0.3400382995605469, 10951
0.3420524597167969, 10950
0.34404921531677246, 10949
0.3500375747680664, 10948
0.35303735733032227, 10947
0.3550384044647217, 10946
0.35603880882263184, 10945
0.3590385913848877, 10944
0.3610363006591797, 10943
0.3630375862121582, 10942
0.36803531646728516, 10941
0.3700406551361084, 10940
0.372037410736084, 10939
0.37303781509399414, 10938
0.3810384273529053, 10937
0.38204050064086914, 10936
0.3830385208129883, 10935
0.385037899017334, 10934
0.38604044914245605, 10933
0.3890380859375, 10932
0.3910386562347412, 10931
0.39403796195983887, 10930
0.39504384994506836, 10929
0.39703845977783203, 10928
0.39903783798217773, 10927
0.40103745460510254, 10926
0.4030425548553467, 10925
0.40503883361816406, 10924
0.4080376625061035, 10923
0.41004037857055664, 10922
0.4130377769470215, 10921
0.4150381088256836, 10920
0.4160349369049072, 10919
0.41803979873657227, 10918
0.42003798484802246, 10917
0.4210374355316162, 10916
0.42203736305236816, 10915
0.424039363861084, 10914
0.4260382652282715, 10913
0.4280378818511963, 10912
0.42903804779052734, 10911
0.4320356845855713, 10910
0.43303728103637695, 10909
0.4350416660308838, 10908
0.43703794479370117, 10907
0.4390432834625244, 10906
0.4410398006439209, 10905
0.4430384635925293, 10904
0.4450376033782959, 10903
0.44604039192199707, 10902
0.44803476333618164, 10901
0.45103907585144043, 10900
0.4540393352508545, 10899
0.4560377597808838, 10898
0.45703792572021484, 10897
0.4580380916595459, 10896
0.45903754234313965, 10895
0.46503782272338867, 10894
0.4670379161834717, 10893
0.47003722190856934, 10892
0.47203826904296875, 10891
0.47403931617736816, 10890
0.4750385284423828, 10889
0.4770379066467285, 10888
0.47903871536254883, 10887
0.48003554344177246, 10886
0.4820406436920166, 10885
0.48303771018981934, 10884
0.48503732681274414, 10883
0.4860377311706543, 10882
0.48703861236572266, 10881
0.4900383949279785, 10880
0.4910416603088379, 10879
0.500037431716919, 10878
0.5040512084960938, 10877
0.505040168762207, 10876
0.5060389041900635, 10875
0.5090382099151611, 10874
0.517038106918335, 10873
0.5190384387969971, 10872
0.5200386047363281, 10871
0.5220391750335693, 10870
0.5240375995635986, 10869
0.5260405540466309, 10868
0.528038740158081, 10867
0.5290377140045166, 10866
0.5320379734039307, 10865
0.5330379009246826, 10864
0.5340378284454346, 10863
0.5360391139984131, 10862
0.5370378494262695, 10861
0.5380408763885498, 10860
0.5410404205322266, 10859
0.5430376529693604, 10858
0.5450403690338135, 10857
0.5460414886474609, 10856
0.5480458736419678, 10855
0.5500380992889404, 10854
0.5510385036468506, 10853
0.5530357360839844, 10852
0.55403733253479, 10851
0.5560388565063477, 10850
0.5570392608642578, 10849
0.5620403289794922, 10848
0.5640382766723633, 10847
0.5660536289215088, 10846
0.5670387744903564, 10845
0.569040060043335, 10844
0.5700385570526123, 10843
0.5720381736755371, 10842
0.5750529766082764, 10841
0.5760352611541748, 10840
0.577038049697876, 10839
0.5780379772186279, 10838
0.5790379047393799, 10837
0.5820450782775879, 10836
0.5830385684967041, 10835
0.5840461254119873, 10834
0.5860395431518555, 10833
0.5890388488769531, 10832
0.5910377502441406, 10831
0.5940396785736084, 10830
0.5970382690429688, 10829
0.5980374813079834, 10828
0.5990378856658936, 10827
0.6040375232696533, 10826
0.6070373058319092, 10825
0.6080353260040283, 10824
0.6120374202728271, 10823
0.6130402088165283, 10822
0.6150383949279785, 10821
0.6170439720153809, 10820
0.6190540790557861, 10819
0.6200380325317383, 10818
0.6210384368896484, 10817
0.6230378150939941, 10816
0.625037431716919, 10815
0.6270380020141602, 10814
0.6290390491485596, 10813
0.6300375461578369, 10812
0.6310384273529053, 10811
0.6340389251708984, 10810
0.6810359954833984, 10809
0.684037446975708, 10808
0.6860406398773193, 10807
0.6870379447937012, 10806
0.6880350112915039, 10805
0.6890382766723633, 10804
0.6900403499603271, 10803
0.696038007736206, 10802
0.69803786277771, 10801
0.7020406723022461, 10800
0.7030377388000488, 10799
0.7060372829437256, 10798
0.7080376148223877, 10797
0.7090380191802979, 10796
0.7100510597229004, 10795
0.712000846862793, 10794
0.7140371799468994, 10793
0.7230381965637207, 10792
0.7240376472473145, 10791
0.7250378131866455, 10790
0.7270400524139404, 10789
0.7290365695953369, 10788
0.7380397319793701, 10787
0.7449982166290283, 10786
0.7469980716705322, 10785
0.7489988803863525, 10784
0.7500410079956055, 10783
0.7550387382507324, 10782
0.760037899017334, 10781
0.7610368728637695, 10780
0.7620384693145752, 10779
0.766040563583374, 10778
0.7690372467041016, 10777
0.7710375785827637, 10776
0.7720377445220947, 10775
0.775043249130249, 10774
0.7770504951477051, 10773
0.7780382633209229, 10772
0.7790381908416748, 10771
0.7820010185241699, 10770
0.7830379009246826, 10769
0.7840394973754883, 10768
0.7850387096405029, 10767
0.7900373935699463, 10766
0.7910380363464355, 10765
0.7940375804901123, 10764
0.7970376014709473, 10763
0.7980375289916992, 10762
0.7990412712097168, 10761
0.8000354766845703, 10760
0.8020405769348145, 10759
0.8040401935577393, 10758
0.8050389289855957, 10757
0.806037187576294, 10756
0.8070387840270996, 10755
0.8090367317199707, 10754
0.81003737449646, 10753
0.811037540435791, 10752
0.8130383491516113, 10751
0.8140406608581543, 10750
0.8230464458465576, 10749
0.8240375518798828, 10748
0.8290376663208008, 10747
0.8320357799530029, 10746
0.8330380916595459, 10745
0.839038610458374, 10744
0.8400382995605469, 10743
0.8410372734069824, 10742
0.8440384864807129, 10741
0.8450369834899902, 10740
0.850041389465332, 10739
0.8540382385253906, 10738
0.8570406436920166, 10737
0.8610382080078125, 10736
0.866051435470581, 10735
0.8670458793640137, 10734
0.8690497875213623, 10733
0.8700382709503174, 10732
0.8810372352600098, 10731
0.883037805557251, 10730
0.8850007057189941, 10729
0.8870007991790771, 10728
0.8890407085418701, 10727
0.8950376510620117, 10726
0.8960363864898682, 10725
0.8970377445220947, 10724
0.8980379104614258, 10723
0.8990402221679688, 10722
0.9000375270843506, 10721
0.9010381698608398, 10720
0.903038501739502, 10719
0.9040377140045166, 10718
0.9110376834869385, 10717
0.9160385131835938, 10716
0.9270377159118652, 10715
0.9280350208282471, 10714
0.9290378093719482, 10713
0.9300405979156494, 10712
0.9310379028320312, 10711
0.9330382347106934, 10710
0.9350433349609375, 10709
0.9380378723144531, 10708
0.9390425682067871, 10707
0.9420409202575684, 10706
0.9430387020111084, 10705
0.9440348148345947, 10704
0.9460415840148926, 10703
0.9490382671356201, 10702
0.9500374794006348, 10701
0.9510385990142822, 10700
0.9520375728607178, 10699
0.9540383815765381, 10698
0.9570379257202148, 10697
0.959038496017456, 10696
0.9600350856781006, 10695
0.9620387554168701, 10694
0.9630496501922607, 10693
0.9660377502441406, 10692
0.9680371284484863, 10691
0.9690492153167725, 10690
0.9740405082702637, 10689
0.9770400524139404, 10688
0.9850022792816162, 10687
0.9870421886444092, 10686
0.9880411624908447, 10685
0.989037275314331, 10684
0.9910373687744141, 10683
0.9960463047027588, 10682
0.9980382919311523, 10681
1.002040147781372, 10680
1.007037878036499, 10679
1.0080349445343018, 10678
1.0090391635894775, 10677
1.0100407600402832, 10676
1.0120460987091064, 10675
1.013037919998169, 10674
1.0150384902954102, 10673
1.017035722732544, 10672
1.0180373191833496, 10671
1.0210387706756592, 10670
1.0300333499908447, 10669
1.0319981575012207, 10668
1.0340373516082764, 10667
1.0360350608825684, 10666
1.0410335063934326, 10665
1.0440466403961182, 10664
1.0480382442474365, 10663
1.0500380992889404, 10662
1.0520381927490234, 10661
1.0550391674041748, 10660
1.0570440292358398, 10659
1.0580408573150635, 10658
1.065039873123169, 10657
1.0660383701324463, 10656
1.0670416355133057, 10655
1.0690374374389648, 10654
1.072035551071167, 10653
1.074040174484253, 10652
1.0810050964355469, 10651
1.0830004215240479, 10650
1.0890028476715088, 10649
1.0940041542053223, 10648
1.1030035018920898, 10647
1.105001449584961, 10646
1.108004093170166, 10645
1.139000654220581, 10644
1.1430034637451172, 10643
1.1510052680969238, 10642
1.1539995670318604, 10641
1.1580007076263428, 10640
1.1790494918823242, 10639
1.180027961730957, 10638
1.1825628280639648, 10637
1.1870601177215576, 10636
1.1900591850280762, 10635
1.193577527999878, 10634
1.2035729885101318, 10633
1.2055714130401611, 10632
1.207571029663086, 10631
1.209571361541748, 10630
1.2115709781646729, 10629
1.2125709056854248, 10628
1.2135710716247559, 10627
1.214571237564087, 10626
1.2235710620880127, 10625
1.225571870803833, 10624
1.2275733947753906, 10623
1.2295734882354736, 10622
1.231574535369873, 10621
1.2335731983184814, 10620
1.236612319946289, 10619
1.247619867324829, 10618
1.2486207485198975, 10617
1.2506117820739746, 10616
1.251612901687622, 10615
1.257612943649292, 10614
1.259613037109375, 10613
1.2606117725372314, 10612
1.2616140842437744, 10611
1.2626135349273682, 10610
1.2645809650421143, 10609
1.265578269958496, 10608
1.2695765495300293, 10607
1.2705752849578857, 10606
1.2716076374053955, 10605
1.273611307144165, 10604
1.2766077518463135, 10603
1.2786099910736084, 10602
1.279609203338623, 10601
1.2845745086669922, 10600
1.2875754833221436, 10599
1.2966089248657227, 10598
1.3076112270355225, 10597
1.3096089363098145, 10596
1.311610460281372, 10595
1.3136074542999268, 10594
1.3176136016845703, 10593
1.3186120986938477, 10592
1.3296153545379639, 10591
1.331618070602417, 10590
1.3366100788116455, 10589
1.3376121520996094, 10588
1.3396122455596924, 10587
1.349611759185791, 10586
1.3516120910644531, 10585
1.3576140403747559, 10584
1.359614610671997, 10583
1.362612247467041, 10582
1.3646130561828613, 10581
1.3726141452789307, 10580
1.3776133060455322, 10579
1.3826167583465576, 10578
1.3846116065979004, 10577
1.3876137733459473, 10576
1.3886117935180664, 10575
1.3896141052246094, 10574
1.3906121253967285, 10573
1.3925752639770508, 10572
1.3955721855163574, 10571
1.4096074104309082, 10570
1.4126124382019043, 10569
1.4156134128570557, 10568
1.4206130504608154, 10567
1.421614170074463, 10566
1.4226126670837402, 10565
1.423614740371704, 10564
1.4246118068695068, 10563
1.4266140460968018, 10562
1.4286119937896729, 10561
1.4296252727508545, 10560
1.4316134452819824, 10559
1.4336135387420654, 10558
1.443612813949585, 10557
1.4446117877960205, 10556
1.4536197185516357, 10555
1.4546120166778564, 10554
1.4576141834259033, 10553
1.4606118202209473, 10552
1.4626150131225586, 10551
1.4666163921356201, 10550
1.4716103076934814, 10549
1.4796116352081299, 10548
1.5166118144989014, 10547
1.5176146030426025, 10546
1.5205752849578857, 10545
1.5215754508972168, 10544
1.522576093673706, 10543
1.523576021194458, 10542
1.5375757217407227, 10541
1.5395758152008057, 10540
1.5405752658843994, 10539
1.5415756702423096, 10538
1.5435755252838135, 10537
1.5445749759674072, 10536
1.5455753803253174, 10535
1.5465755462646484, 10534
1.5575752258300781, 10533
1.5605754852294922, 10532
1.5625758171081543, 10531
1.5675756931304932, 10530
1.5705749988555908, 10529
1.5715751647949219, 10528
1.5735747814178467, 10527
1.5785746574401855, 10526
1.5805752277374268, 10525
1.5815749168395996, 10524
1.5845744609832764, 10523
1.5855755805969238, 10522
1.5895752906799316, 10521
1.590575933456421, 10520
1.5925748348236084, 10519
1.5945746898651123, 10518
1.5965757369995117, 10517
1.5985753536224365, 10516
1.6025755405426025, 10515
1.6065754890441895, 10514
1.6085753440856934, 10513
1.6115751266479492, 10512
1.6125757694244385, 10511
1.6145753860473633, 10510
1.6165752410888672, 10509
1.622575283050537, 10508
1.627575397491455, 10507
1.6295750141143799, 10506
1.633575439453125, 10505
1.63657546043396, 10504
1.644575834274292, 10503
1.6465754508972168, 10502
1.6485753059387207, 10501
1.6505749225616455, 10500
1.6515755653381348, 10499
1.6525754928588867, 10498
1.6555745601654053, 10497
1.6605758666992188, 10496
1.6695747375488281, 10495
1.6715748310089111, 10494
1.6725752353668213, 10493
1.6735751628875732, 10492
1.6755752563476562, 10491
1.6775753498077393, 10490
1.679574966430664, 10489
1.6845753192901611, 10488
1.6865758895874023, 10487
1.688575029373169, 10486
1.690575361251831, 10485
1.6925756931304932, 10484
1.693575382232666, 10483
1.6955745220184326, 10482
1.700575828552246, 10481
1.7035746574401855, 10480
1.713578701019287, 10479
1.7165770530700684, 10478
1.7225756645202637, 10477
1.7305755615234375, 10476
1.7355766296386719, 10475
1.7405757904052734, 10474
1.7425758838653564, 10473
1.7445752620697021, 10472
1.745574951171875, 10471
1.7475755214691162, 10470
1.7495753765106201, 10469
1.7505760192871094, 10468
1.7525763511657715, 10467
1.7545757293701172, 10466
1.7565748691558838, 10465
1.7685754299163818, 10464
1.7705771923065186, 10463
1.7715768814086914, 10462
1.7755756378173828, 10461
1.7805750370025635, 10460
1.7865755558013916, 10459
1.7885758876800537, 10458
1.7895750999450684, 10457
1.7945759296417236, 10456
1.8005750179290771, 10455
1.8025751113891602, 10454
1.8045752048492432, 10453
1.806575059890747, 10452
1.8075752258300781, 10451
1.80857515335083, 10450
1.8095753192901611, 10449
1.8125743865966797, 10448
1.8135747909545898, 10447
1.814575433731079, 10446
1.816575288772583, 10445
1.824575424194336, 10444
1.8255751132965088, 10443
1.8365752696990967, 10442
1.8425755500793457, 10441
1.8455746173858643, 10440
1.8475744724273682, 10439
1.8515758514404297, 10438
1.8535757064819336, 10437
1.8555753231048584, 10436
1.8675787448883057, 10435
1.8685758113861084, 10434
1.8695759773254395, 10433
1.8745746612548828, 10432
1.8755755424499512, 10431
1.8785746097564697, 10430
1.8795747756958008, 10429
1.884575366973877, 10428
1.88657546043396, 10427
1.8985748291015625, 10426
1.9025757312774658, 10425
1.9035751819610596, 10424
1.9055757522583008, 10423
1.9065749645233154, 10422
1.9115757942199707, 10421
1.9155755043029785, 10420
1.9175751209259033, 10419
1.9195749759674072, 10418
1.9205753803253174, 10417
1.9235749244689941, 10416
1.9245760440826416, 10415
1.9265754222869873, 10414
1.9275755882263184, 10413
1.9295752048492432, 10412
1.931575059890747, 10411
1.9365754127502441, 10410
1.938575029373169, 10409
1.9395756721496582, 10408
1.9445757865905762, 10407
1.94557523727417, 10406
1.9515745639801025, 10405
1.95857572555542, 10404
1.9605762958526611, 10403
1.9655752182006836, 10402
1.9665753841400146, 10401
1.9675755500793457, 10400
1.9685754776000977, 10399
1.9695751667022705, 10398
1.9755747318267822, 10397
1.981574535369873, 10396
1.9825749397277832, 10395
1.984574794769287, 10394
1.985574722290039, 10393
1.9895751476287842, 10392
1.994574785232544, 10391
1.996575117111206, 10390
1.998575210571289, 10389
1.9995746612548828, 10388
2.0065746307373047, 10387
2.0095744132995605, 10386
2.010575771331787, 10385
2.0155751705169678, 10384
2.019575357437134, 10383
2.0315756797790527, 10382
2.0325753688812256, 10381
2.0335757732391357, 10380
2.0345757007598877, 10379
2.043574571609497, 10378
2.04557466506958, 10377
2.0465755462646484, 10376
2.0475754737854004, 10375
2.0565762519836426, 10374
2.057574987411499, 10373
2.0595755577087402, 10372
2.062574863433838, 10371
2.06357479095459, 10370
2.0645751953125, 10369
2.065575122833252, 10368
2.070575714111328, 10367
2.0725765228271484, 10366
2.0755746364593506, 10365
2.0765748023986816, 10364
2.0785751342773438, 10363
2.0795750617980957, 10362
2.0845751762390137, 10361
2.0925755500793457, 10360
2.0985753536224365, 10359
2.1025748252868652, 10358
2.1115753650665283, 10357
2.116575241088867, 10356
2.127575397491455, 10355
2.128574848175049, 10354
2.129575252532959, 10353
2.131575345993042, 10352
2.133574962615967, 10351
2.135575294494629, 10350
2.1415750980377197, 10349
2.1475753784179688, 10348
2.1495754718780518, 10347
2.1575756072998047, 10346
2.1605746746063232, 10345
2.1625747680664062, 10344
2.164574384689331, 10343
2.1665749549865723, 10342
2.1675755977630615, 10341
2.1695759296417236, 10340
2.1705756187438965, 10339
2.1715757846832275, 10338
2.175574779510498, 10337
2.1765758991241455, 10336
2.1865758895874023, 10335
2.1875758171081543, 10334
2.188575267791748, 10333
2.194575309753418, 10332
2.1955747604370117, 10331
2.199575662612915, 10330
2.2065751552581787, 10329
2.2085745334625244, 10328
2.210575580596924, 10327
2.2145752906799316, 10326
2.2215754985809326, 10325
2.226574659347534, 10324
2.2275750637054443, 10323
2.2285757064819336, 10322
2.231574535369873, 10321
2.234574556350708, 10320
2.2355756759643555, 10319
2.237574577331543, 10318
2.240574598312378, 10317
2.250575542449951, 10316
2.254575490951538, 10315
2.2565743923187256, 10314
2.257575273513794, 10313
2.262575626373291, 10312
2.2735755443573, 10311
2.280575752258301, 10310
2.285574436187744, 10309
2.2895755767822266, 10308
2.2925755977630615, 10307
2.2965755462646484, 10306
2.3025758266448975, 10305
2.3045754432678223, 10304
2.3105762004852295, 10303
2.313575029373169, 10302
2.3145759105682373, 10301
2.319575548171997, 10300
2.320575714111328, 10299
2.326575756072998, 10298
2.3285746574401855, 10297
2.329576015472412, 10296
2.3335752487182617, 10295
2.335575819015503, 10294
2.3375751972198486, 10293
2.342576026916504, 10292
2.3435750007629395, 10291
2.3455755710601807, 10290
2.346575975418091, 10289
2.3485753536224365, 10288
2.3505759239196777, 10287
2.3515751361846924, 10286
2.3525760173797607, 10285
2.3555750846862793, 10284
2.3565752506256104, 10283
2.357574939727783, 10282
2.3595755100250244, 10281
2.3615760803222656, 10280
2.3625752925872803, 10279
2.3635756969451904, 10278
2.3645758628845215, 10277
2.3655755519866943, 10276
2.3675756454467773, 10275
2.368574857711792, 10274
2.374575138092041, 10273
2.375574827194214, 10272
2.386575222015381, 10271
2.3935747146606445, 10270
2.3945748805999756, 10269
2.3965752124786377, 10268
2.3975765705108643, 10267
2.402575731277466, 10266
2.404575824737549, 10265
2.4105756282806396, 10264
2.4115753173828125, 10263
2.4125757217407227, 10262
2.4155755043029785, 10261
2.421574115753174, 10260
2.4265758991241455, 10259
2.42757511138916, 10258
2.4285757541656494, 10257
2.4295754432678223, 10256
2.436575412750244, 10255
2.437574625015259, 10254
2.443575382232666, 10253
2.4445748329162598, 10252
2.4505748748779297, 10251
2.461575746536255, 10250
2.462575912475586, 10249
2.463575601577759, 10248
2.4785749912261963, 10247
2.4795751571655273, 10246
2.4815757274627686, 10245
2.4835751056671143, 10244
2.4905753135681152, 10243
2.4945755004882812, 10242
2.495577096939087, 10241
2.497575283050537, 10240
2.503575563430786, 10239
2.5045745372772217, 10238
2.508574962615967, 10237
2.509575366973877, 10236
2.510576009750366, 10235
2.520575761795044, 10234
2.5215752124786377, 10233
2.522575855255127, 10232
2.5235755443573, 10231
2.524575710296631, 10230
2.5265753269195557, 10229
2.5335755348205566, 10228
2.5345757007598877, 10227
2.5395755767822266, 10226
2.540576219558716, 10225
2.5445756912231445, 10224
2.5545756816864014, 10223
2.555575370788574, 10222
2.557575225830078, 10221
2.562575101852417, 10220
2.564574718475342, 10219
2.565574884414673, 10218
2.567575216293335, 10217
2.568575859069824, 10216
2.576575517654419, 10215
2.578575372695923, 10214
2.5925753116607666, 10213
2.5965752601623535, 10212
2.6005756855010986, 10211
2.6105756759643555, 10210
2.6125752925872803, 10209
2.6135752201080322, 10208
2.622574806213379, 10207
2.627575159072876, 10206
2.6285758018493652, 10205
2.641575574874878, 10204
2.642575979232788, 10203
2.643575429916382, 10202
2.6495754718780518, 10201
2.6505751609802246, 10200
2.659574508666992, 10199
2.6605751514434814, 10198
2.684575319290161, 10197
2.688575267791748, 10196
2.689574718475342, 10195
2.692574977874756, 10194
2.6945743560791016, 10193
2.698575496673584, 10192
2.699575185775757, 10191
2.7015750408172607, 10190
2.7035751342773438, 10189
2.7065751552581787, 10188
2.710575580596924, 10187
2.7135753631591797, 10186
2.7205758094787598, 10185
2.7275755405426025, 10184
2.7295753955841064, 10183
2.7315752506256104, 10182
2.7345755100250244, 10181
2.735574722290039, 10180
2.7425756454467773, 10179
2.743574857711792, 10178
2.744575262069702, 10177
2.748574733734131, 10176
2.7665748596191406, 10175
2.771575450897217, 10174
2.772575616836548, 10173
2.775575637817383, 10172
2.7775752544403076, 10171
2.7795753479003906, 10170
2.7825753688812256, 10169
2.7845757007598877, 10168
2.7885754108428955, 10167
2.7895748615264893, 10166
2.7905755043029785, 10165
2.7915756702423096, 10164
2.7925753593444824, 10163
2.799574613571167, 10162
2.8015756607055664, 10161
2.803575038909912, 10160
2.804574728012085, 10159
2.805575132369995, 10158
2.8065755367279053, 10157
2.807575225830078, 10156
2.809575319290161, 10155
2.814574718475342, 10154
2.8385753631591797, 10153
2.8395755290985107, 10152
2.841575860977173, 10151
2.8425755500793457, 10150
2.8435754776000977, 10149
2.8445751667022705, 10148
2.8465754985809326, 10147
2.8475751876831055, 10146
2.84857439994812, 10145
2.8595752716064453, 10144
2.8605751991271973, 10143
2.8625757694244385, 10142
2.8655755519866943, 10141
2.870574951171875, 10140
2.8735759258270264, 10139
2.877573013305664, 10138
2.884575366973877, 10137
2.88557505607605, 10136
2.890575408935547, 10135
2.892575263977051, 10134
2.894575357437134, 10133
2.9025754928588867, 10132
2.9035754203796387, 10131
2.9045753479003906, 10130
2.9055752754211426, 10129
2.9145750999450684, 10128
2.9195754528045654, 10127
2.9205753803253174, 10126
2.9225752353668213, 10125
2.9235751628875732, 10124
2.934575319290161, 10123
2.935574531555176, 10122
2.936575412750244, 10121
2.94057559967041, 10120
2.9585747718811035, 10119
2.9605743885040283, 10118
2.961575508117676, 10117
2.9725751876831055, 10116
2.9745750427246094, 10115
2.9815754890441895, 10114
2.989574432373047, 10113
2.9935758113861084, 10112
2.994574785232544, 10111
2.9955756664276123, 10110
3.002575397491455, 10109
3.004575252532959, 10108
3.0105743408203125, 10107
3.013575553894043, 10106
3.017575263977051, 10105
3.022575616836548, 10104
3.0245749950408936, 10103
3.0255746841430664, 10102
3.0265753269195557, 10101
3.028575897216797, 10100
3.0385751724243164, 10099
3.0555756092071533, 10098
3.066575288772583, 10097
3.0685760974884033, 10096
3.072575569152832, 10095
3.0745749473571777, 10094
3.081575632095337, 10093
3.0835752487182617, 10092
3.0845746994018555, 10091
3.086575508117676, 10090
3.0925753116607666, 10089
3.0975751876831055, 10088
3.0985751152038574, 10087
3.1085755825042725, 10086
3.111575126647949, 10085
3.113574981689453, 10084
3.1155753135681152, 10083
3.1195755004882812, 10082
3.120574712753296, 10081
3.129574775695801, 10080
3.131575584411621, 10079
3.1445744037628174, 10078
3.1465742588043213, 10077
3.1475749015808105, 10076
3.1495752334594727, 10075
3.1505753993988037, 10074
3.154576063156128, 10073
3.1695752143859863, 10072
3.170574903488159, 10071
3.184575319290161, 10070
3.1855766773223877, 10069
3.189575433731079, 10068
3.1915760040283203, 10067
3.193575382232666, 10066
3.202575445175171, 10065
3.2095754146575928, 10064
3.2125749588012695, 10063
3.2215750217437744, 10062
3.2235755920410156, 10061
3.224574565887451, 10060
3.23557710647583, 10059
3.2375752925872803, 10058
3.2425758838653564, 10057
3.250575065612793, 10056
3.252574920654297, 10055
3.256575584411621, 10054
3.257575511932373, 10053
3.258578300476074, 10052
3.263575553894043, 10051
3.2655751705169678, 10050
3.2665748596191406, 10049
3.2715747356414795, 10048
3.273576021194458, 10047
3.27457594871521, 10046
3.2765753269195557, 10045
3.2775747776031494, 10044
3.2785754203796387, 10043
3.2845754623413086, 10042
3.293574810028076, 10041
3.3035759925842285, 10040
3.3035759925842285, 10039
3.309574604034424, 10038
3.3115756511688232, 10037
3.32057523727417, 10036
3.3225739002227783, 10035
3.324575901031494, 10034
3.325575113296509, 10033
3.327575922012329, 10032
3.328575611114502, 10031
3.3325753211975098, 10030
3.333575963973999, 10029
3.3345751762390137, 10028
3.3435754776000977, 10027
3.3455758094787598, 10026
3.3465757369995117, 10025
3.3595755100250244, 10024
3.3615763187408447, 10023
3.3625762462615967, 10022
3.3685758113861084, 10021
3.3705759048461914, 10020
3.371575117111206, 10019
3.378575325012207, 10018
3.37957501411438, 10017
3.380575180053711, 10016
3.3815765380859375, 10015
3.387111186981201, 10014
3.390575408935547, 10013
3.409574508666992, 10012
3.4195749759674072, 10011
3.4225752353668213, 10010
3.4245758056640625, 10009
3.4255754947662354, 10008
3.4265754222869873, 10007
3.428575277328491, 10006
3.430575132369995, 10005
3.434575319290161, 10004
3.437575101852417, 10003
3.453575372695923, 10002
3.4575753211975098, 10001
3.458575487136841, 10000
3.4645750522613525, 9999
3.465575695037842, 9998
3.4775753021240234, 9997
3.49257493019104, 9996
3.494575023651123, 9995
3.497575283050537, 9994
3.5015757083892822, 9993
3.5035762786865234, 9992
3.5095744132995605, 9991
3.5105745792388916, 9990
3.511575937271118, 9989
3.515575408935547, 9988
3.5255753993988037, 9987
3.5265748500823975, 9986
3.5315756797790527, 9985
3.5325751304626465, 9984
3.5435760021209717, 9983
3.5555756092071533, 9982
3.556575298309326, 9981
3.5585756301879883, 9980
3.559575080871582, 9979
3.5845754146575928, 9978
3.5855748653411865, 9977
3.5905754566192627, 9976
3.5915756225585938, 9975
3.5935754776000977, 9974
3.5955755710601807, 9973
3.5965752601623535, 9972
3.6015753746032715, 9971
3.6035757064819336, 9970
3.614575147628784, 9969
3.6225745677948, 9968
3.624574899673462, 9967
3.6255745887756348, 9966
3.6265757083892822, 9965
3.633575201034546, 9964
3.634575605392456, 9963
3.6445751190185547, 9962
3.6565752029418945, 9961
3.663576126098633, 9960
3.664576292037964, 9959
3.6695754528045654, 9958
3.6815757751464844, 9957
3.6825759410858154, 9956
3.6835782527923584, 9955
3.693575859069824, 9954
3.6965746879577637, 9953
3.699575185775757, 9952
3.701575517654419, 9951
3.7025766372680664, 9950
3.704575300216675, 9949
3.7075750827789307, 9948
3.7125747203826904, 9947
3.7135748863220215, 9946
3.7155752182006836, 9945
3.7205753326416016, 9944
3.7215750217437744, 9943
3.742574691772461, 9942
3.757575511932373, 9941
3.7605748176574707, 9940
3.7635748386383057, 9939
3.7705752849578857, 9938
3.7725753784179688, 9937
3.7735753059387207, 9936
3.7755751609802246, 9935
3.7755751609802246, 9934
3.7765755653381348, 9933
3.7785754203796387, 9932
3.7785754203796387, 9931
3.8005754947662354, 9930
3.810575246810913, 9929
3.824575185775757, 9928
3.8345749378204346, 9927
3.835575580596924, 9926
3.8495748043060303, 9925
3.8535754680633545, 9924
3.882575750350952, 9923
3.883575439453125, 9922
3.884575605392456, 9921
3.88657546043396, 9920
3.887575149536133, 9919
3.894575357437134, 9918
3.895575523376465, 9917
3.896575450897217, 9916
3.9035756587982178, 9915
3.9045753479003906, 9914
3.9055755138397217, 9913
3.9235758781433105, 9912
3.9245753288269043, 9911
3.929574966430664, 9910
3.9345755577087402, 9909
3.9365758895874023, 9908
3.937575101852417, 9907
3.938575506210327, 9906
3.9395759105682373, 9905
3.9565746784210205, 9904
3.957575559616089, 9903
3.9585747718811035, 9902
3.9595754146575928, 9901
3.967576026916504, 9900
3.967576026916504, 9899
3.9695754051208496, 9898
3.9735758304595947, 9897
3.9755749702453613, 9896
3.9815757274627686, 9895
3.9825751781463623, 9894
3.9915754795074463, 9893
3.992574691772461, 9892
3.9965755939483643, 9891
4.000575304031372, 9890
4.001574993133545, 9889
4.00557541847229, 9888
4.011574983596802, 9887
4.012575626373291, 9886
4.013575315475464, 9885
4.018574953079224, 9884
4.019575595855713, 9883
4.040574550628662, 9882
4.041575908660889, 9881
4.048574924468994, 9880
4.059575319290161, 9879
4.060574769973755, 9878
4.062576532363892, 9877
4.066575288772583, 9876
4.083575487136841, 9875
4.084575891494751, 9874
4.085575580596924, 9873
4.086575508117676, 9872
4.091574668884277, 9871
4.09557580947876, 9870
4.0965752601623535, 9869
4.097575664520264, 9868
4.1075756549835205, 9867
4.117574691772461, 9866
4.118574857711792, 9865
4.121574401855469, 9864
4.129575252532959, 9863
4.130574703216553, 9862
4.132575750350952, 9861
4.139575242996216, 9860
4.150575637817383, 9859
4.155575513839722, 9858
4.158575773239136, 9857
4.159575700759888, 9856
4.177575349807739, 9855
4.17857551574707, 9854
4.185575485229492, 9853
4.185575485229492, 9852
4.186575651168823, 9851
4.187575578689575, 9850
4.211731910705566, 9849
4.226670980453491, 9848
4.232670545578003, 9847
4.234671115875244, 9846
4.235670566558838, 9845
4.236670732498169, 9844
4.2376708984375, 9843
4.247670650482178, 9842
4.2486701011657715, 9841
4.250670909881592, 9840
4.258670091629028, 9839
4.259670734405518, 9838
4.266700029373169, 9837
4.267703056335449, 9836
4.27670693397522, 9835
4.278710126876831, 9834
4.283706903457642, 9833
4.284706115722656, 9832
4.287716865539551, 9831
4.292707920074463, 9830
4.293710470199585, 9829
4.2947070598602295, 9828
4.309709310531616, 9827
4.314708232879639, 9826
4.322706937789917, 9825
4.323704957962036, 9824
4.324708700180054, 9823
4.332708358764648, 9822
4.333707332611084, 9821
4.335708856582642, 9820
4.343707084655762, 9819
4.346708059310913, 9818
4.348710298538208, 9817
4.34970760345459, 9816
4.350707769393921, 9815
4.3517069816589355, 9814
4.353708982467651, 9813
4.3567070960998535, 9812
4.35871148109436, 9811
4.366715908050537, 9810
4.367708444595337, 9809
4.373712062835693, 9808
4.383707761764526, 9807
4.384718656539917, 9806
4.386713743209839, 9805
4.39270806312561, 9804
4.39371919631958, 9803
4.401710748672485, 9802
4.402710199356079, 9801
4.439709901809692, 9800
4.452707529067993, 9799
4.454716205596924, 9798
4.455713748931885, 9797
4.4597086906433105, 9796
4.4617087841033936, 9795
4.463707208633423, 9794
4.464670419692993, 9793
4.473708391189575, 9792
4.47470760345459, 9791
4.4817070960998535, 9790
4.48570990562439, 9789
4.495709419250488, 9788
4.499704599380493, 9787
4.50770902633667, 9786
4.509711980819702, 9785
4.511707782745361, 9784
4.512707471847534, 9783
4.519708156585693, 9782
4.527709007263184, 9781
4.528708457946777, 9780
4.529710531234741, 9779
4.530707836151123, 9778
4.542707204818726, 9777
4.547705411911011, 9776
4.549711227416992, 9775
4.562707901000977, 9774
4.56471848487854, 9773
4.5767083168029785, 9772
4.579704523086548, 9771
4.588707447052002, 9770
4.589708566665649, 9769
4.59071946144104, 9768
4.595707654953003, 9767
4.596708059310913, 9766
4.599708557128906, 9765
4.602709054946899, 9764
4.608206748962402, 9763
4.6307079792022705, 9762
4.64171028137207, 9761
4.644709587097168, 9760
4.645707130432129, 9759
4.647716999053955, 9758
4.64870810508728, 9757
4.64870810508728, 9756
4.653707265853882, 9755
4.66570782661438, 9754
4.678707599639893, 9753
4.680708408355713, 9752
4.682708501815796, 9751
4.688708066940308, 9750
4.692708969116211, 9749
4.693711757659912, 9748
4.701707601547241, 9747
4.713706970214844, 9746
4.714708566665649, 9745
4.715707540512085, 9744
4.723706960678101, 9743
4.725709676742554, 9742
4.73370885848999, 9741
4.738707065582275, 9740
4.753710746765137, 9739
4.76306676864624, 9738
4.764096260070801, 9737
4.76815390586853, 9736
4.775153398513794, 9735
4.7831151485443115, 9734
4.7871503829956055, 9733
4.789154529571533, 9732
4.798157453536987, 9731
4.804153919219971, 9730
4.805155038833618, 9729
4.808153390884399, 9728
4.81315279006958, 9727
4.814152240753174, 9726
4.816151857376099, 9725
4.81815242767334, 9724
4.828153610229492, 9723
4.828153610229492, 9722
4.8291544914245605, 9721
4.830152750015259, 9720
4.860155344009399, 9719
4.864152908325195, 9718
4.865156173706055, 9717
4.868152856826782, 9716
4.880153656005859, 9715
4.8811562061309814, 9714
4.883149862289429, 9713
4.8871519565582275, 9712
4.908164024353027, 9711
4.918153285980225, 9710
4.920151948928833, 9709
4.921151876449585, 9708
4.922164440155029, 9707
4.923152923583984, 9706
4.924154758453369, 9705
4.92515230178833, 9704
4.927152395248413, 9703
4.931150674819946, 9702
4.945156097412109, 9701
4.946152448654175, 9700
4.950153350830078, 9699
4.951153516769409, 9698
5.0201520919799805, 9697
5.021155118942261, 9696
5.0231523513793945, 9695
5.027151823043823, 9694
5.027151823043823, 9693
5.039152383804321, 9692
5.042151927947998, 9691
5.043148994445801, 9690
5.047152996063232, 9689
5.048152923583984, 9688
5.051152229309082, 9687
5.055152893066406, 9686
5.080162763595581, 9685
5.084152936935425, 9684
5.085152864456177, 9683
5.090151786804199, 9682
5.103151798248291, 9681
5.107149600982666, 9680
5.1081624031066895, 9679
5.112152814865112, 9678
5.117151737213135, 9677
5.118151903152466, 9676
5.119152784347534, 9675
5.123149394989014, 9674
5.129151821136475, 9673
5.131152391433716, 9672
5.132156133651733, 9671
5.144153594970703, 9670
5.145151853561401, 9669
5.1581525802612305, 9668
5.202812671661377, 9667
5.209057092666626, 9666
5.21405816078186, 9665
5.215057134628296, 9664
5.22006893157959, 9663
5.221058368682861, 9662
5.223057270050049, 9661
5.225057363510132, 9660
5.226057291030884, 9659
5.233059406280518, 9658
5.235059976577759, 9657
5.236060380935669, 9656
5.2420573234558105, 9655
5.2440574169158936, 9654
5.262057781219482, 9653
5.263060808181763, 9652
5.265057563781738, 9651
5.266057729721069, 9650
5.2730584144592285, 9649
5.279021263122559, 9648
5.280020713806152, 9647
5.2820587158203125, 9646
5.287059545516968, 9645
5.289057493209839, 9644
5.290057182312012, 9643
5.29105806350708, 9642
5.312057971954346, 9641
5.319064378738403, 9640
5.320055246353149, 9639
5.321057081222534, 9638
5.325060129165649, 9637
5.327055931091309, 9636
5.329057216644287, 9635
5.334062814712524, 9634
5.338057279586792, 9633
5.345059633255005, 9632
5.351058483123779, 9631
5.354060649871826, 9630
5.359055757522583, 9629
5.3680596351623535, 9628
5.3700573444366455, 9627
5.374059200286865, 9626
5.3810718059539795, 9625
5.383057355880737, 9624
5.385058403015137, 9623
5.392057180404663, 9622
5.3940589427948, 9621
5.398057699203491, 9620
5.399057149887085, 9619
5.406057834625244, 9618
5.407058477401733, 9617
5.411057233810425, 9616
5.415057182312012, 9615
5.4200685024261475, 9614
5.442057371139526, 9613
5.443057298660278, 9612
5.444059133529663, 9611
5.460057973861694, 9610
5.465060234069824, 9609
5.47405743598938, 9608
5.475057601928711, 9607
5.484057903289795, 9606
5.4900572299957275, 9605
5.504057884216309, 9604
5.5050599575042725, 9603
5.5340576171875, 9602
5.535057783126831, 9601
5.54005765914917, 9600
5.542057514190674, 9599
5.543057203292847, 9598
5.548057317733765, 9597
5.559057950973511, 9596
5.565060138702393, 9595
5.566057205200195, 9594
5.588135480880737, 9593
5.595135927200317, 9592
5.596099615097046, 9591
5.607135772705078, 9590
5.614136219024658, 9589
5.617135047912598, 9588
5.619136810302734, 9587
5.621136903762817, 9586
5.622137784957886, 9585
5.6231372356414795, 9584
5.633135557174683, 9583
5.64113712310791, 9582
5.64313530921936, 9581
5.644137859344482, 9580
5.657135725021362, 9579
5.66613507270813, 9578
5.693133592605591, 9577
5.7071404457092285, 9576
5.70813512802124, 9575
5.715137004852295, 9574
5.734137535095215, 9573
5.741132736206055, 9572
5.747137069702148, 9571
5.760135889053345, 9570
5.772135496139526, 9569
5.776135683059692, 9568
5.797137022018433, 9567
5.804135322570801, 9566
5.8061370849609375, 9565
5.808138608932495, 9564
5.809136390686035, 9563
5.816135883331299, 9562
5.816135883331299, 9561
5.841145992279053, 9560
5.849136114120483, 9559
5.850135326385498, 9558
5.851135969161987, 9557
5.8521409034729, 9556
5.981137752532959, 9555
5.992135286331177, 9554
5.995135307312012, 9553
6.000135898590088, 9552
6.015139818191528, 9551
6.016136407852173, 9550
6.019134998321533, 9549
6.086135625839233, 9548
6.088136911392212, 9547
6.0901360511779785, 9546
6.104135751724243, 9545
6.107136011123657, 9544
6.111138582229614, 9543
6.112136125564575, 9542
6.11313533782959, 9541
6.118137836456299, 9540
6.130137920379639, 9539
6.143136262893677, 9538
6.1491379737854, 9537
6.153137922286987, 9536
6.155135631561279, 9535
6.172137022018433, 9534
6.174135446548462, 9533
6.175143003463745, 9532
6.181135416030884, 9531
6.183136463165283, 9530
6.184135913848877, 9529
6.185135364532471, 9528
6.189133644104004, 9527
6.1931376457214355, 9526
6.194138050079346, 9525
6.195136547088623, 9524
6.202136039733887, 9523
6.214136838912964, 9522
6.221136093139648, 9521
6.225135564804077, 9520
6.228135347366333, 9519
6.229135990142822, 9518
6.234135389328003, 9517
6.245135307312012, 9516
6.26113486289978, 9515
6.262136459350586, 9514
6.276133060455322, 9513
6.2771360874176025, 9512
6.290138006210327, 9511
6.29113507270813, 9510
6.292135953903198, 9509
6.30413556098938, 9508
6.310137748718262, 9507
6.311136960983276, 9506
6.31213641166687, 9505
6.313135147094727, 9504
6.313135147094727, 9503
6.3321373462677, 9502
6.340133190155029, 9501
6.341135501861572, 9500
6.342136383056641, 9499
6.346135139465332, 9498
6.34714674949646, 9497
6.351135492324829, 9496
6.352137804031372, 9495
6.35814356803894, 9494
6.367138624191284, 9493
6.368135213851929, 9492
6.373135089874268, 9491
6.389137268066406, 9490
6.403136253356934, 9489
6.40613579750061, 9488
6.407135486602783, 9487
6.408135414123535, 9486
6.409135341644287, 9485
6.410135507583618, 9484
6.41113543510437, 9483
6.412135124206543, 9482
6.41313624382019, 9481
6.420135736465454, 9480
6.426135063171387, 9479
6.428136348724365, 9478
6.429135084152222, 9477
6.435135841369629, 9476
6.4361326694488525, 9475
6.441135883331299, 9474
6.446135520935059, 9473
6.447142601013184, 9472
6.448136568069458, 9471
6.4551355838775635, 9470
6.46513557434082, 9469
6.479142904281616, 9468
6.487137079238892, 9467
6.493145942687988, 9466
6.497135877609253, 9465
6.516132354736328, 9464
6.524137496948242, 9463
6.525133848190308, 9462
6.529136657714844, 9461
6.531135320663452, 9460
6.532132625579834, 9459
6.536136150360107, 9458
6.538135528564453, 9457
6.55913519859314, 9456
6.5781378746032715, 9455
6.58613657951355, 9454
6.587135553359985, 9453
6.589133262634277, 9452
6.5901360511779785, 9451
6.591135501861572, 9450
6.601135969161987, 9449
6.603142738342285, 9448
6.618136644363403, 9447
6.623138427734375, 9446
6.639096021652222, 9445
6.660096645355225, 9444
6.665095567703247, 9443
6.67409610748291, 9442
6.676096200942993, 9441
6.680094957351685, 9440
6.685094833374023, 9439
6.687096118927002, 9438
6.6970953941345215, 9437
6.70309591293335, 9436
6.704095840454102, 9435
6.706095933914185, 9434
6.7241315841674805, 9433
6.725134372711182, 9432
6.726134300231934, 9431
6.730133771896362, 9430
6.7391345500946045, 9429
6.751139163970947, 9428
6.758136510848999, 9427
6.759134292602539, 9426
6.76013445854187, 9425
6.769133567810059, 9424
6.785135984420776, 9423
6.786137819290161, 9422
6.797136068344116, 9421
6.808135509490967, 9420
6.819110155105591, 9419
6.8231353759765625, 9418
6.832135438919067, 9417
6.859140634536743, 9416
6.860137462615967, 9415
6.865135431289673, 9414
6.869143486022949, 9413
6.873136758804321, 9412
6.882136344909668, 9411
6.883136510848999, 9410
6.887135982513428, 9409
6.893148899078369, 9408
6.899096250534058, 9407
6.900095701217651, 9406
6.910135507583618, 9405
6.914137840270996, 9404
6.921870946884155, 9403
6.924466371536255, 9402
6.94172477722168, 9401
6.943724632263184, 9400
6.944725036621094, 9399
6.9607250690460205, 9398
6.964725017547607, 9397
6.965724468231201, 9396
6.966734886169434, 9395
6.970724821090698, 9394
6.976730585098267, 9393
6.979724884033203, 9392
6.984724521636963, 9391
6.993727207183838, 9390
6.996728420257568, 9389
7.010722398757935, 9388
7.020725250244141, 9387
7.028256177902222, 9386
7.028725862503052, 9385
7.0297253131866455, 9384
7.032721042633057, 9383
7.035719633102417, 9382
7.0377209186553955, 9381
7.039719820022583, 9380
7.046724319458008, 9379
7.060724496841431, 9378
7.061725616455078, 9377
7.068725347518921, 9376
7.089725971221924, 9375
7.090726852416992, 9374
7.10472559928894, 9373
7.110724687576294, 9372
7.113729476928711, 9371
7.14072847366333, 9370
7.150726079940796, 9369
7.169724225997925, 9368
7.170724868774414, 9367
7.182725429534912, 9366
7.183725357055664, 9365
7.187724351882935, 9364
7.189724683761597, 9363
7.190725564956665, 9362
7.191724061965942, 9361
7.203725337982178, 9360
7.210724592208862, 9359
7.211727142333984, 9358
7.233724117279053, 9357
7.234724760055542, 9356
7.242725849151611, 9355
7.2526843547821045, 9354
7.2717273235321045, 9353
7.273727893829346, 9352
7.277724266052246, 9351
7.278724908828735, 9350
7.288724660873413, 9349
7.326724052429199, 9348
7.326724052429199, 9347
7.327725410461426, 9346
7.331724643707275, 9345
7.332735776901245, 9344
7.335727214813232, 9343
7.3367249965667725, 9342
7.394723176956177, 9341
7.401721715927124, 9340
7.405726671218872, 9339
7.4067254066467285, 9338
7.415727138519287, 9337
7.418726682662964, 9336
7.423725128173828, 9335
7.423725128173828, 9334
7.425724506378174, 9333
7.427724599838257, 9332
7.428728342056274, 9331
7.454724311828613, 9330
7.464724779129028, 9329
7.4727253913879395, 9328
7.483737468719482, 9327
7.487724542617798, 9326
7.489725112915039, 9325
7.493737459182739, 9324
7.496725082397461, 9323
7.498724937438965, 9322
7.500724792480469, 9321
7.502725839614868, 9320
7.513722658157349, 9319
7.529732704162598, 9318
7.531727313995361, 9317
7.532724380493164, 9316
7.537724494934082, 9315
7.675724267959595, 9314
7.676724195480347, 9313
7.68072509765625, 9312
7.681731939315796, 9311
7.686727523803711, 9310
7.692724227905273, 9309
7.699724435806274, 9308
7.701725006103516, 9307
7.702724456787109, 9306
7.703725576400757, 9305
7.709724426269531, 9304
7.726735353469849, 9303
7.7337257862091064, 9302
7.738729476928711, 9301
7.744725227355957, 9300
7.747726202011108, 9299
7.751727342605591, 9298
7.763687372207642, 9297
7.763687372207642, 9296
7.766735553741455, 9295
7.767734050750732, 9294
7.773725986480713, 9293
7.785722494125366, 9292
7.791727542877197, 9291
7.803724050521851, 9290
7.805731773376465, 9289
7.817724943161011, 9288
7.841724395751953, 9287
7.844724178314209, 9286
7.850724697113037, 9285
7.857724666595459, 9284
7.875724792480469, 9283
7.876729488372803, 9282
7.88372802734375, 9281
7.884724378585815, 9280
7.885725259780884, 9279
7.893724679946899, 9278
7.911727428436279, 9277
7.91272759437561, 9276
7.917724609375, 9275
7.921727180480957, 9274
7.925724983215332, 9273
7.927727460861206, 9272
7.934725999832153, 9271
7.935724258422852, 9270
7.970723390579224, 9269
7.972729206085205, 9268
7.975727319717407, 9267
7.976724863052368, 9266
7.977722406387329, 9265
7.9977240562438965, 9264
8.005724668502808, 9263
8.015724658966064, 9262
8.016724586486816, 9261
8.045724630355835, 9260
8.080724716186523, 9259
8.080724716186523, 9258
8.082735300064087, 9257
8.105722427368164, 9256
8.110725164413452, 9255
8.114727258682251, 9254
8.115724563598633, 9253
8.1267249584198, 9252
8.128725290298462, 9251
8.135727405548096, 9250
8.136724948883057, 9249
8.191726446151733, 9248
8.19272518157959, 9247
8.193724155426025, 9246
8.209724187850952, 9245
8.224730491638184, 9244
8.235726833343506, 9243
8.245727300643921, 9242
8.248724222183228, 9241
8.256725311279297, 9240
8.26868748664856, 9239
8.26868748664856, 9238
8.27472448348999, 9237
8.287724733352661, 9236
8.294724464416504, 9235
8.297722339630127, 9234
8.305724143981934, 9233
8.316724300384521, 9232
8.321725845336914, 9231
8.32272481918335, 9230
8.33472490310669, 9229
8.345722436904907, 9228
8.34772801399231, 9227
8.353724241256714, 9226
8.354738235473633, 9225
8.372724056243896, 9224
8.379724740982056, 9223
8.38172435760498, 9222
8.386736869812012, 9221
8.387725114822388, 9220
8.38872504234314, 9219
8.411727666854858, 9218
8.412724733352661, 9217
8.416725397109985, 9216
8.419723987579346, 9215
8.420723915100098, 9214
8.502734184265137, 9213
8.50472640991211, 9212
8.517724752426147, 9211
8.5197274684906, 9210
8.5197274684906, 9209
8.521724224090576, 9208
8.53672456741333, 9207
8.553722620010376, 9206
8.554724931716919, 9205
8.55672550201416, 9204
8.561726093292236, 9203
8.562727212905884, 9202
8.569721698760986, 9201
8.574724912643433, 9200
8.586724281311035, 9199
8.60472583770752, 9198
8.619727373123169, 9197
8.624725341796875, 9196
8.629724502563477, 9195
8.635724067687988, 9194
8.668724775314331, 9193
8.68172311782837, 9192
8.683738470077515, 9191
8.69072675704956, 9190
8.70372462272644, 9189
8.706724882125854, 9188
8.710724353790283, 9187
8.726727485656738, 9186
8.736725568771362, 9185
8.747727632522583, 9184
8.748725175857544, 9183
8.797725915908813, 9182
8.80472469329834, 9181
8.824724197387695, 9180
8.832725286483765, 9179
8.834727764129639, 9178
8.835725545883179, 9177
8.839727401733398, 9176
8.84972596168518, 9175
8.881724119186401, 9174
8.888725757598877, 9173
8.901726007461548, 9172
8.902725458145142, 9171
8.909685850143433, 9170
8.913724184036255, 9169
8.922725200653076, 9168
8.951727390289307, 9167
8.952723979949951, 9166
8.9607253074646, 9165
8.961724042892456, 9164
8.981687307357788, 9163
8.983725547790527, 9162
9.001721858978271, 9161
9.005736827850342, 9160
9.011724472045898, 9159
9.01672649383545, 9158
9.02072548866272, 9157
9.03672456741333, 9156
9.039725542068481, 9155
9.044725179672241, 9154
9.051728010177612, 9153
9.058727741241455, 9152
9.06072473526001, 9151
9.064724683761597, 9150
9.075724840164185, 9149
9.076725006103516, 9148
9.08472752571106, 9147
9.097726106643677, 9146
9.10272479057312, 9145
9.103724002838135, 9144
9.105724811553955, 9143
9.107724666595459, 9142
9.112724781036377, 9141
9.15667176246643, 9140
9.17791199684143, 9139
9.258912086486816, 9138
9.26091718673706, 9137
9.264912605285645, 9136
9.265915155410767, 9135
9.268912076950073, 9134
9.269912719726562, 9133
9.285873889923096, 9132
9.294913053512573, 9131
9.300912141799927, 9130
9.307912588119507, 9129
9.3389151096344, 9128
9.347912073135376, 9127
9.36091661453247, 9126
9.370911836624146, 9125
9.371912240982056, 9124
9.379912376403809, 9123
9.380912065505981, 9122
9.386920690536499, 9121
9.387912511825562, 9120
9.388916730880737, 9119
9.546913146972656, 9118
9.547911882400513, 9117
9.548911809921265, 9116
9.554912090301514, 9115
9.593913316726685, 9114
9.59491229057312, 9113
9.610913038253784, 9112
9.611912250518799, 9111
9.633914470672607, 9110
9.63691234588623, 9109
9.637913465499878, 9108
9.639912605285645, 9107
9.64191198348999, 9106
9.646479845046997, 9105
9.655388116836548, 9104
9.667690753936768, 9103
9.672688961029053, 9102
9.67369031906128, 9101
9.681688785552979, 9100
9.683690309524536, 9099
9.692688703536987, 9098
9.696701288223267, 9097
9.704689502716064, 9096
9.709692478179932, 9095
9.718691349029541, 9094
9.743690252304077, 9093
9.745688915252686, 9092
9.751697540283203, 9091
9.779688835144043, 9090
9.7806875705719, 9089
9.791651964187622, 9088
9.821688652038574, 9087
9.839689016342163, 9086
9.843688488006592, 9085
9.85869312286377, 9084
9.865690469741821, 9083
9.867690801620483, 9082
9.87868881225586, 9081
9.892650842666626, 9080
9.906712770462036, 9079
9.9086275100708, 9078
9.909626722335815, 9077
9.910703659057617, 9076
9.91269063949585, 9075
9.913689374923706, 9074
9.917691946029663, 9073
9.921689748764038, 9072
9.92369031906128, 9071
9.926693439483643, 9070
9.92869782447815, 9069
10.05469274520874, 9068
10.058689594268799, 9067
10.068687200546265, 9066
10.100693702697754, 9065
10.106689929962158, 9064
10.116698741912842, 9063
10.117690324783325, 9062
10.133689880371094, 9061
10.14469027519226, 9060
10.151692628860474, 9059
10.152690887451172, 9058
10.168690919876099, 9057
10.174691677093506, 9056
10.188689470291138, 9055
10.193690776824951, 9054
10.204692125320435, 9053
10.20569133758545, 9052
10.210693120956421, 9051
10.223689556121826, 9050
10.23865270614624, 9049
10.23865270614624, 9048
10.239690780639648, 9047
10.240690231323242, 9046
10.242693424224854, 9045
10.303690195083618, 9044
10.303690195083618, 9043
10.309690713882446, 9042
10.310691595077515, 9041
10.31169056892395, 9040
10.486692428588867, 9039
10.498693227767944, 9038
10.500688076019287, 9037
10.501689672470093, 9036
10.511690616607666, 9035
10.512691020965576, 9034
10.526689529418945, 9033
10.54868769645691, 9032
10.568690061569214, 9031
10.585692167282104, 9030
10.592689275741577, 9029
10.593690156936646, 9028
10.603689908981323, 9027
10.604690074920654, 9026
10.62669324874878, 9025
10.638689517974854, 9024
10.643701314926147, 9023
10.648689985275269, 9022
10.666690587997437, 9021
10.679689407348633, 9020
10.692687749862671, 9019
10.693690299987793, 9018
10.694694519042969, 9017
10.698690176010132, 9016
10.72269320487976, 9015
10.725690126419067, 9014
10.736689329147339, 9013
10.742692470550537, 9012
10.751689434051514, 9011
10.761690616607666, 9010
10.77868938446045, 9009
10.783690452575684, 9008
10.790692329406738, 9007
10.795689582824707, 9006
10.807689666748047, 9005
10.84468960762024, 9004
10.845689296722412, 9003
10.85469365119934, 9002
10.860691547393799, 9001
10.867690324783325, 9000
10.87069296836853, 8999
10.878690242767334, 8998
10.885689496994019, 8997
10.886692762374878, 8996
10.890690088272095, 8995
10.893693208694458, 8994
10.896689891815186, 8993
10.89769196510315, 8992
10.912689447402954, 8991
10.914693355560303, 8990
10.91568922996521, 8989
10.919689416885376, 8988
11.17369031906128, 8987
11.176692008972168, 8986
11.179689168930054, 8985
11.185691595077515, 8984
11.216690301895142, 8983
11.23268985748291, 8982
11.23469352722168, 8981
11.23469352722168, 8980
11.253690004348755, 8979
11.257690668106079, 8978
11.262689352035522, 8977
11.284687757492065, 8976
11.284687757492065, 8975
11.28568959236145, 8974
11.293702363967896, 8973
11.29768991470337, 8972
11.313690185546875, 8971
11.326690196990967, 8970
11.33569049835205, 8969
11.34569001197815, 8968
11.350690364837646, 8967
11.356689929962158, 8966
11.360689878463745, 8965
11.391690254211426, 8964
11.400699615478516, 8963
11.415691375732422, 8962
11.417690753936768, 8961
11.419691324234009, 8960
11.427695035934448, 8959
11.428690910339355, 8958
11.433690547943115, 8957
11.439695119857788, 8956
11.441689491271973, 8955
11.44369101524353, 8954
11.44769024848938, 8953
11.470691919326782, 8952
11.47568941116333, 8951
11.493689775466919, 8950
11.494694709777832, 8949
11.496692657470703, 8948
11.50068974494934, 8947
11.521689891815186, 8946
11.528689861297607, 8945
11.53468942642212, 8944
11.536689519882202, 8943
11.537689685821533, 8942
11.546689510345459, 8941
11.547691345214844, 8940
11.547691345214844, 8939
11.549689531326294, 8938
11.555689811706543, 8937
11.556689500808716, 8936
11.56069040298462, 8935
11.56969141960144, 8934
11.574692487716675, 8933
11.598689317703247, 8932
11.61268925666809, 8931
11.68669319152832, 8930
11.698692321777344, 8929
11.70868992805481, 8928
11.731689691543579, 8927
11.756690502166748, 8926
11.764688491821289, 8925
11.765689849853516, 8924
11.772690296173096, 8923
11.778693437576294, 8922
11.77968955039978, 8921
11.792690992355347, 8920
11.793689489364624, 8919
11.79469347000122, 8918
11.805691003799438, 8917
11.881699085235596, 8916
11.882689476013184, 8915
11.891689538955688, 8914
11.90169358253479, 8913
11.907689809799194, 8912
11.910691738128662, 8911
11.911701679229736, 8910
11.912689924240112, 8909
11.912689924240112, 8908
11.915691375732422, 8907
11.916690587997437, 8906
11.917691707611084, 8905
11.92868947982788, 8904
11.965691804885864, 8903
11.973689794540405, 8902
11.985692024230957, 8901
11.996689796447754, 8900
11.997702836990356, 8899
12.266689538955688, 8898
12.403268098831177, 8897
12.404267311096191, 8896
12.409266233444214, 8895
12.410269021987915, 8894
12.411269426345825, 8893
12.425266742706299, 8892
12.426265478134155, 8891
12.432265758514404, 8890
12.45226764678955, 8889
12.463266849517822, 8888
12.46827244758606, 8887
12.48326563835144, 8886
12.490265607833862, 8885
12.521267414093018, 8884
12.5312659740448, 8883
12.55026650428772, 8882
12.642228364944458, 8881
12.653229713439941, 8880
12.658228874206543, 8879
12.667228937149048, 8878
12.694229364395142, 8877
12.70422887802124, 8876
12.738229274749756, 8875
12.740228414535522, 8874
12.749229192733765, 8873
12.750228881835938, 8872
12.751229047775269, 8871
12.75222897529602, 8870
12.753229141235352, 8869
12.765230417251587, 8868
12.766229629516602, 8867
12.775229215621948, 8866
12.789229154586792, 8865
12.795229196548462, 8864
12.804228067398071, 8863
12.82922911643982, 8862
12.834228992462158, 8861
12.889793395996094, 8860
12.898855686187744, 8859
12.899857759475708, 8858
12.899857759475708, 8857
12.906857013702393, 8856
12.910857439041138, 8855
12.921857357025146, 8854
12.922857522964478, 8853
12.945856809616089, 8852
12.964856147766113, 8851
12.967857122421265, 8850
12.97185730934143, 8849
12.98585820198059, 8848
13.046857357025146, 8847
13.063857078552246, 8846
13.067857265472412, 8845
13.07785701751709, 8844
13.078856706619263, 8843
13.085857152938843, 8842
13.086856603622437, 8841
13.08885645866394, 8840
13.089856386184692, 8839
13.093856573104858, 8838
13.126856327056885, 8837
13.127857208251953, 8836
13.151857137680054, 8835
13.156856775283813, 8834
13.157856225967407, 8833
13.167856931686401, 8832
13.169856309890747, 8831
13.179856061935425, 8830
13.180857181549072, 8829
13.182857036590576, 8828
13.196856021881104, 8827
13.197856664657593, 8826
13.202856540679932, 8825
13.209856986999512, 8824
13.217857122421265, 8823
13.219856977462769, 8822
13.22485613822937, 8821
13.227856874465942, 8820
13.240856885910034, 8819
13.256856679916382, 8818
13.258857011795044, 8817
13.266856908798218, 8816
13.275857210159302, 8815
13.277856826782227, 8814
13.290858507156372, 8813
13.29485821723938, 8812
13.296856880187988, 8811
13.299856662750244, 8810
13.32785701751709, 8809
13.343892812728882, 8808
13.355555295944214, 8807
13.402507066726685, 8806
13.422507762908936, 8805
13.424507856369019, 8804
13.44450831413269, 8803
13.448508739471436, 8802
13.464507579803467, 8801
13.468507528305054, 8800
13.487508296966553, 8799
13.499508380889893, 8798
13.500508308410645, 8797
13.504508256912231, 8796
13.505507707595825, 8795
13.518507480621338, 8794
13.534507989883423, 8793
13.539507389068604, 8792
13.546508312225342, 8791
13.553507804870605, 8790
13.562507629394531, 8789
13.591508150100708, 8788
13.593507528305054, 8787
13.600507259368896, 8786
13.618507862091064, 8785
13.626508235931396, 8784
13.62750792503357, 8783
13.665507555007935, 8782
13.686508178710938, 8781
13.695507526397705, 8780
13.700507640838623, 8779
13.727508068084717, 8778
13.732507705688477, 8777
13.756124258041382, 8776
13.767126083374023, 8775
13.790124416351318, 8774
13.797125339508057, 8773
13.798125743865967, 8772
13.813125371932983, 8771
13.832124948501587, 8770
13.860125064849854, 8769
13.894124984741211, 8768
13.899125337600708, 8767
13.901125192642212, 8766
13.90612506866455, 8765
13.908124685287476, 8764
13.920125007629395, 8763
13.930124998092651, 8762
13.933125019073486, 8761
13.956125497817993, 8760
13.977125406265259, 8759
13.979124307632446, 8758
13.986124992370605, 8757
14.004125595092773, 8756
14.015124320983887, 8755
14.033124923706055, 8754
14.044125080108643, 8753
14.049124956130981, 8752
14.069125413894653, 8751
14.09512734413147, 8750
14.098124265670776, 8749
14.098124265670776, 8748
14.103124856948853, 8747
14.106125116348267, 8746
14.115125179290771, 8745
14.118125200271606, 8744
14.123125314712524, 8743
14.126124858856201, 8742
14.128124952316284, 8741
14.13212537765503, 8740
14.150124788284302, 8739
14.153124332427979, 8738
14.153124332427979, 8737
14.170125246047974, 8736
14.196125268936157, 8735
14.207125186920166, 8734
14.21312427520752, 8733
14.214125156402588, 8732
14.245125532150269, 8731
14.277125358581543, 8730
14.295125246047974, 8729
14.320125579833984, 8728
14.324125289916992, 8727
14.326124429702759, 8726
14.331125497817993, 8725
14.337125301361084, 8724
14.340125322341919, 8723
14.34112548828125, 8722
14.358124732971191, 8721
14.361124277114868, 8720
14.368125438690186, 8719
14.380125522613525, 8718
14.413125276565552, 8717
14.41812539100647, 8716
14.422125339508057, 8715
14.423124551773071, 8714
14.450125455856323, 8713
14.457125186920166, 8712
14.466125011444092, 8711
14.473125219345093, 8710
14.505125522613525, 8709
14.5131254196167, 8708
14.515125274658203, 8707
14.517125368118286, 8706
14.53612494468689, 8705
14.537124872207642, 8704
14.556124925613403, 8703
14.557124614715576, 8702
14.569125175476074, 8701
14.594125270843506, 8700
14.599124193191528, 8699
14.600124597549438, 8698
14.622124910354614, 8697
14.633124828338623, 8696
14.634125232696533, 8695
14.635125398635864, 8694
14.639125347137451, 8693
14.642125129699707, 8692
14.664124965667725, 8691
14.667124509811401, 8690
14.670125722885132, 8689
14.716125011444092, 8688
14.724125623703003, 8687
14.725126266479492, 8686
14.73412561416626, 8685
14.747123956680298, 8684
14.749122619628906, 8683
14.767122507095337, 8682
14.770121574401855, 8681
14.77412223815918, 8680
14.79212236404419, 8679
14.805121660232544, 8678
14.806121826171875, 8677
14.83916449546814, 8676
14.845159530639648, 8675
14.85915994644165, 8674
14.86116099357605, 8673
14.87116527557373, 8672
14.895161628723145, 8671
14.899163722991943, 8670
14.921163082122803, 8669
14.948122501373291, 8668
14.962162017822266, 8667
14.963163375854492, 8666
14.97016167640686, 8665
14.977163791656494, 8664
14.9936842918396, 8663
15.019248008728027, 8662
15.020249366760254, 8661
15.021248817443848, 8660
15.071248054504395, 8659
15.07524824142456, 8658
15.080248594284058, 8657
15.090248823165894, 8656
15.09325122833252, 8655
15.12824821472168, 8654
15.133248090744019, 8653
15.138248920440674, 8652
15.159248352050781, 8651
15.16524863243103, 8650
15.188248872756958, 8649
15.20124888420105, 8648
15.2052481174469, 8647
15.240248680114746, 8646
15.243248224258423, 8645
15.244247913360596, 8644
15.246248245239258, 8643
15.247248411178589, 8642
15.266247510910034, 8641
15.327248096466064, 8640
15.329248189926147, 8639
15.37324833869934, 8638
15.38424825668335, 8637
15.388248920440674, 8636
15.39124846458435, 8635
15.392247915267944, 8634
15.419248342514038, 8633
15.420248985290527, 8632
15.427248477935791, 8631
15.43224835395813, 8630
15.434248208999634, 8629
15.438247919082642, 8628
15.440248250961304, 8627
15.454248428344727, 8626
15.46824836730957, 8625
15.476248264312744, 8624
15.478248119354248, 8623
15.49124813079834, 8622
15.492248296737671, 8621
15.493248462677002, 8620
15.50324821472168, 8619
15.50824785232544, 8618
15.517248392105103, 8617
15.526248455047607, 8616
15.527247905731201, 8615
15.529247283935547, 8614
15.531248569488525, 8613
15.532248258590698, 8612
15.538248777389526, 8611
15.548248529434204, 8610
15.557248592376709, 8609
15.577248334884644, 8608
15.579248428344727, 8607
15.58024787902832, 8606
15.628248929977417, 8605
15.630247831344604, 8604
15.635248184204102, 8603
15.645248413085938, 8602
15.667248249053955, 8601
15.698247909545898, 8600
15.714248895645142, 8599
15.744248390197754, 8598
15.7962486743927, 8597
15.803248167037964, 8596
15.804248332977295, 8595
15.806247472763062, 8594
15.81224799156189, 8593
15.859248399734497, 8592
15.861248254776001, 8591
15.863248109817505, 8590
15.88124942779541, 8589
15.89824914932251, 8588
15.899248123168945, 8587
15.94024920463562, 8586
15.952248573303223, 8585
15.964248180389404, 8584
15.97324824333191, 8583
15.98024845123291, 8582
16.05024814605713, 8581
16.20838212966919, 8580
16.20938229560852, 8579
16.20938229560852, 8578
16.211382389068604, 8577
16.21857762336731, 8576
16.220587253570557, 8575
16.228601932525635, 8574
16.232740879058838, 8573
16.232740879058838, 8572
16.25290846824646, 8571
16.25290846824646, 8570
16.26091957092285, 8569
16.263081550598145, 8568
16.281290531158447, 8567
16.29138422012329, 8566
16.293452978134155, 8565
16.303550958633423, 8564
16.32382822036743, 8563
16.333978414535522, 8562
16.364378213882446, 8561
16.392673015594482, 8560
16.425126552581787, 8559
16.43526268005371, 8558
16.443339109420776, 8557
16.445414543151855, 8556
16.445414543151855, 8555
16.455549001693726, 8554
16.485790491104126, 8553
16.485790491104126, 8552
16.49592161178589, 8551
16.51413869857788, 8550
16.516204357147217, 8549
16.52630114555359, 8548
16.52630114555359, 8547
16.53436827659607, 8546
16.546587228775024, 8545
16.556729316711426, 8544
16.566863298416138, 8543
16.5770103931427, 8542
16.5770103931427, 8541
16.6219220161438, 8540
16.6481351852417, 8539
16.6481351852417, 8538
16.6481351852417, 8537
16.658233404159546, 8536
16.678520679473877, 8535
16.678520679473877, 8534
16.678520679473877, 8533
16.698792934417725, 8532
16.698792934417725, 8531
16.716967344284058, 8530
16.739672422409058, 8529
16.739672422409058, 8528
16.747742414474487, 8527
16.75996422767639, 8526
16.780197858810425, 8525
16.780197858810425, 8524
16.790354013442993, 8523
16.790354013442993, 8522
16.81866765022278, 8521
16.81866765022278, 8520
16.820735931396484, 8519
16.820735931396484, 8518
16.84910488128662, 8517
16.85114049911499, 8516
16.861278533935547, 8515
16.861278533935547, 8514
16.861278533935547, 8513
16.861278533935547, 8512
16.861278533935547, 8511
16.889631271362305, 8510
16.891710996627808, 8509
16.891710996627808, 8508
16.891710996627808, 8507
16.899796724319458, 8506
16.901869297027588, 8505
16.912026405334473, 8504
16.922162771224976, 8503
17.094400882720947, 8502
17.11467456817627, 8501
17.124826908111572, 8500
17.13289475440979, 8499
17.134959936141968, 8498
17.15755295753479, 8497
17.158552408218384, 8496
17.160552740097046, 8495
17.165670156478882, 8494
17.21639132499695, 8493
17.22446060180664, 8492
17.22446060180664, 8491
17.246702909469604, 8490
17.24676275253296, 8489
17.256924152374268, 8488
17.275120496749878, 8487
17.277188301086426, 8486
17.277188301086426, 8485
17.277188301086426, 8484
17.297468185424805, 8483
17.297468185424805, 8482
17.30762267112732, 8481
17.317776679992676, 8480
17.317776679992676, 8479
17.327924728393555, 8478
17.327924728393555, 8477
17.33805775642395, 8476
17.35659623146057, 8475
17.38691234588623, 8474
17.388969659805298, 8473
17.39703345298767, 8472
17.409231901168823, 8471
17.409231901168823, 8470
17.429514169692993, 8469
17.429514169692993, 8468
17.439619302749634, 8467
17.621880769729614, 8466
17.621880769729614, 8465
17.621880769729614, 8464
17.621880769729614, 8463
17.682755947113037, 8462
17.682755947113037, 8461
17.682755947113037, 8460
17.71317195892334, 8459
17.723307609558105, 8458
17.741520881652832, 8457
17.784087419509888, 8456
17.802262544631958, 8455
17.802262544631958, 8454
17.85503077507019, 8453
17.865131378173828, 8452
17.925923585891724, 8451
17.94620394706726, 8450
17.956697940826416, 8449
17.956697940826416, 8448
17.9647696018219, 8447
18.007380962371826, 8446
18.01546549797058, 8445
18.02766704559326, 8444
18.037821054458618, 8443
18.04795479774475, 8442
18.06821036338806, 8441
18.06821036338806, 8440
18.08844256401062, 8439
18.098536491394043, 8438
18.157265424728394, 8437
18.20520520210266, 8436
18.21120572090149, 8435
18.213932275772095, 8434
18.23072075843811, 8433
18.240854263305664, 8432
18.352303504943848, 8431
18.372542142868042, 8430
18.382681369781494, 8429
18.402907609939575, 8428
18.402907609939575, 8427
18.443438053131104, 8426
18.484045028686523, 8425
18.494182348251343, 8424
18.504294633865356, 8423
18.522454261779785, 8422
18.544781923294067, 8421
18.55285120010376, 8420
18.573527336120605, 8419
18.57559299468994, 8418
18.585735321044922, 8417
18.585735321044922, 8416
18.595868825912476, 8415
18.60603904724121, 8414
18.626325607299805, 8413
18.676929712295532, 8412
18.69717526435852, 8411
18.707298755645752, 8410
18.715368032455444, 8409
18.73492193222046, 8408
18.747057914733887, 8407
18.74892544746399, 8406
18.798588514328003, 8405
18.798588514328003, 8404
18.80868911743164, 8403
18.816757440567017, 8402
18.816757440567017, 8401
18.818838596343994, 8400
18.818838596343994, 8399
18.818838596343994, 8398
19.04982829093933, 8397
19.051893711090088, 8396
19.091583490371704, 8395
19.0936496257782, 8394
19.124019384384155, 8393
19.124019384384155, 8392
19.164578199386597, 8391
19.174710988998413, 8390
19.185239553451538, 8389
19.185239553451538, 8388
19.185239553451538, 8387
19.1953763961792, 8386
19.23590612411499, 8385
19.243975400924683, 8384
19.256470203399658, 8383
19.27047061920166, 8382
19.271470308303833, 8381
19.357903003692627, 8380
19.36803889274597, 8379
19.36803889274597, 8378
19.378082752227783, 8377
19.378139972686768, 8376
19.408560514450073, 8375
19.418659925460815, 8374
19.418659925460815, 8373
19.42879605293274, 8372
19.438948392868042, 8371
19.46926236152649, 8370
19.489567756652832, 8369
19.550425052642822, 8368
19.550425052642822, 8367
19.56858730316162, 8366
19.580785274505615, 8365
19.61122488975525, 8364
19.61122488975525, 8363
19.619295120239258, 8362
19.631453037261963, 8361
19.64158296585083, 8360
19.66987895965576, 8359
19.679988861083984, 8358
19.6921489238739, 8357
19.71237874031067, 8356
19.75294852256775, 8355
19.75294852256775, 8354
19.76101565361023, 8353
19.763079404830933, 8352
19.773220539093018, 8351
19.773220539093018, 8350
19.786754608154297, 8349
19.79927134513855, 8348
19.814075469970703, 8347
19.854645490646362, 8346
19.874919891357422, 8345
19.874919891357422, 8344
19.885011911392212, 8343
19.885011911392212, 8342
19.91541624069214, 8341
20.14827275276184, 8340
20.14827275276184, 8339
20.188727617263794, 8338
20.19888186454773, 8337
20.209014415740967, 8336
20.219117641448975, 8335
20.259644269943237, 8334
20.269789457321167, 8333
20.3287672996521, 8332
20.351054906845093, 8331
20.351054906845093, 8330
20.38143825531006, 8329
20.442121028900146, 8328
20.4501895904541, 8327
20.48267960548401, 8326
20.48267960548401, 8325
20.500898122787476, 8324
20.51313090324402, 8323
20.523265838623047, 8322
20.543566942214966, 8321
20.57183265686035, 8320
20.573899030685425, 8319
20.60453772544861, 8318
20.60453772544861, 8317
20.60453772544861, 8316
20.61467146873474, 8315
20.685569286346436, 8314
20.685569286346436, 8313
20.685569286346436, 8312
20.695677042007446, 8311
20.703704833984375, 8310
20.74426507949829, 8309
20.756439685821533, 8308
20.80707287788391, 8307
20.827346563339233, 8306
20.827346563339233, 8305
20.849850177764893, 8304
20.850850105285645, 8303
20.863208532333374, 8302
20.877949476242065, 8301
20.898226976394653, 8300
20.946816444396973, 8299
20.948883295059204, 8298
20.948883295059204, 8297
20.979279279708862, 8296
20.989404916763306, 8295
20.989404916763306, 8294
21.01974320411682, 8293
21.050148487091064, 8292
21.0582218170166, 8291
21.060287475585938, 8290
21.07042145729065, 8289
21.100849151611328, 8288
21.108916759490967, 8287
21.11098313331604, 8286
21.141409158706665, 8285
21.149461269378662, 8284
21.19202494621277, 8283
21.202159881591797, 8282
21.23053550720215, 8281
21.232604026794434, 8280
21.252896547317505, 8279
21.252896547317505, 8278
21.260963916778564, 8277
21.27315044403076, 8276
21.342198610305786, 8275
21.352330207824707, 8274
21.36248779296875, 8273
21.3726224899292, 8272
21.388131380081177, 8271
21.403323650360107, 8270
21.403323650360107, 8269
21.425633430480957, 8268
21.433695316314697, 8267
21.456013441085815, 8266
21.486377000808716, 8265
21.534955263137817, 8264
21.53702425956726, 8263
21.595685720443726, 8262
21.597742319107056, 8261
21.64872145652771, 8260
21.65883779525757, 8259
21.666934490203857, 8258
21.679089307785034, 8257
21.71955108642578, 8256
21.727580547332764, 8255
21.729637384414673, 8254
21.757953643798828, 8253
21.820740938186646, 8252
21.820740938186646, 8251
21.8308367729187, 8250
21.851069927215576, 8249
21.861182689666748, 8248
21.861182689666748, 8247
21.87129783630371, 8246
21.90164065361023, 8245
21.914321660995483, 8244
21.932319164276123, 8243
21.972841024398804, 8242
22.013386249542236, 8241
22.053882837295532, 8240
22.074132204055786, 8239
22.114638328552246, 8238
22.124746799468994, 8237
22.36811113357544, 8236
22.378257513046265, 8235
22.378257513046265, 8234
22.398491382598877, 8233
22.40660047531128, 8232
22.408654928207397, 8231
22.42890214920044, 8230
22.446523904800415, 8229
22.44852900505066, 8228
22.48807191848755, 8227
22.490135669708252, 8226
22.51034116744995, 8225
22.54079580307007, 8224
22.550947904586792, 8223
22.57121992111206, 8222
22.57121992111206, 8221
22.599590063095093, 8220
22.611805200576782, 8219
22.6299729347229, 8218
22.662412881851196, 8217
22.672565460205078, 8216
22.68269920349121, 8215
22.731308698654175, 8214
22.741445064544678, 8213
22.75367259979248, 8212
22.78410315513611, 8211
22.794211387634277, 8210
22.804346799850464, 8209
22.804346799850464, 8208
22.814502477645874, 8207
22.824661254882812, 8206
22.834810256958008, 8205
22.852872133255005, 8204
22.874886512756348, 8203
22.90788459777832, 8202
22.91888427734375, 8201
22.94088339805603, 8200
22.977341413497925, 8199
23.003599643707275, 8198
23.0259370803833, 8197
23.066456079483032, 8196
23.07657790184021, 8195
23.086695194244385, 8194
23.115033864974976, 8193
23.125155210494995, 8192
23.187974452972412, 8191
23.218401670455933, 8190
23.228538513183594, 8189
23.269047021865845, 8188
23.29264807701111, 8187
23.351407766342163, 8186
23.379719257354736, 8185
23.412174940109253, 8184
23.442553281784058, 8183
23.450627326965332, 8182
23.47087860107422, 8181
23.533899784088135, 8180
23.604732751846313, 8179
23.64525294303894, 8178
23.675580978393555, 8177
23.685714960098267, 8176
23.685714960098267, 8175
23.685714960098267, 8174
23.716184854507446, 8173
23.754696369171143, 8172
23.756770372390747, 8171
23.766903400421143, 8170
23.797340869903564, 8169
23.807437658309937, 8168
23.837805032730103, 8167
23.858031749725342, 8166
23.87826418876648, 8165
23.886330604553223, 8164
23.898524045944214, 8163
23.928853034973145, 8162
23.928853034973145, 8161
23.93692135810852, 8160
23.957196474075317, 8159
23.959277153015137, 8158
23.97957158088684, 8157
23.99985694885254, 8156
24.045684814453125, 8155
24.081189393997192, 8154
24.122171878814697, 8153
24.16263437271118, 8152
24.172751903533936, 8151
24.201059103012085, 8150
24.243621826171875, 8149
24.243621826171875, 8148
24.243621826171875, 8147
24.284095287322998, 8146
24.304348468780518, 8145
24.32459568977356, 8144
24.344882011413574, 8143
24.395514726638794, 8142
24.425873279571533, 8141
24.444097757339478, 8140
24.45423650741577, 8139
24.456294536590576, 8138
24.46642255783081, 8137
24.47653889656067, 8136
24.49687647819519, 8135
24.49687647819519, 8134
24.568012237548828, 8133
24.568012237548828, 8132
24.626562356948853, 8131
24.63875102996826, 8130
24.64885950088501, 8129
24.64885950088501, 8128
25.117761373519897, 8127
25.14812397956848, 8126
25.14812397956848, 8125
25.17122173309326, 8124
25.181274890899658, 8123
25.181274890899658, 8122
25.199551820755005, 8121
25.2197847366333, 8120
25.22991156578064, 8119
25.29064154624939, 8118
25.30073881149292, 8117
25.31083083152771, 8116
25.37159276008606, 8115
25.37159276008606, 8114
25.41209650039673, 8113
25.462703466415405, 8112
25.472820043563843, 8111
25.48291826248169, 8110
25.482950687408447, 8109
25.513304710388184, 8108
25.523463487625122, 8107
25.54370880126953, 8106
25.553832054138184, 8105
25.572006940841675, 8104
25.574066638946533, 8103
25.582128047943115, 8102
25.58418297767639, 8101
25.60468339920044, 8100
25.60468339920044, 8099
25.61316728591919, 8098
25.618206024169922, 8097
25.64539384841919, 8096
25.64539384841919, 8095
25.696025609970093, 8094
25.696025609970093, 8093
25.787203073501587, 8092
25.7973415851593, 8091
25.807451725006104, 8090
25.807451725006104, 8089
25.81758689880371, 8088
25.81758689880371, 8087
25.82565665245056, 8086
26.121870517730713, 8085
26.131977796554565, 8084
26.19287896156311, 8083
26.273855447769165, 8082
26.294114351272583, 8081
26.332528591156006, 8080
26.364949226379395, 8079
26.42572593688965, 8078
26.435840129852295, 8077
26.45404887199402, 8076
26.476338863372803, 8075
26.506713390350342, 8074
26.527344703674316, 8073
26.58808732032776, 8072
26.638757705688477, 8071
26.648876905441284, 8070
26.65693187713623, 8069
26.67924666404724, 8068
26.67924666404724, 8067
26.696878910064697, 8066
26.821210622787476, 8065
26.839386701583862, 8064
27.00342345237732, 8063
27.06428599357605, 8062
27.074403285980225, 8061
27.094626426696777, 8060
27.094626426696777, 8059
27.12501621246338, 8058
27.155314683914185, 8057
27.256950616836548, 8056
27.278949975967407, 8055
27.289950132369995, 8054
27.33395004272461, 8053
27.356045961380005, 8052
27.497924089431763, 8051
27.50804328918457, 8050
27.50804328918457, 8049
27.528263092041016, 8048
27.558621168136597, 8047
27.568737983703613, 8046
27.589041471481323, 8045
27.71055841445923, 8044
27.73082160949707, 8043
27.77170157432556, 8042
27.78181266784668, 8041
27.78181266784668, 8040
27.791982173919678, 8039
27.8223237991333, 8038
27.842572689056396, 8037
27.893223524093628, 8036
27.893223524093628, 8035
27.913450956344604, 8034
27.923566341400146, 8033
27.984342336654663, 8032
27.984342336654663, 8031
28.085607528686523, 8030
28.215237379074097, 8029
28.22746467590332, 8028
28.247754335403442, 8027
28.26944923400879, 8026
28.30850052833557, 8025
28.316589832305908, 8024
28.36161994934082, 8023
28.369683504104614, 8022
28.37174344062805, 8021
28.391987562179565, 8020
28.422361373901367, 8019
28.440547466278076, 8018
28.452712059020996, 8017
28.4628427028656, 8016
28.564140558242798, 8015
28.604671716690063, 8014
28.66547989845276, 8013
28.756702661514282, 8012
28.756702661514282, 8011
28.82159447669983, 8010
28.82259440422058, 8009
28.83592700958252, 8008
28.837993144989014, 8007
28.837993144989014, 8006
28.85822081565857, 8005
28.970022201538086, 8004
29.0612313747406, 8003
29.071385145187378, 8002
29.08954381942749, 8001
29.12196922302246, 8000
29.233453512191772, 7999
29.64130425453186, 7998
29.691924333572388, 7997
29.712172031402588, 7996
29.712172031402588, 7995
29.7830069065094, 7994
29.79314875602722, 7993
29.89491844177246, 7992
29.902992486953735, 7991
29.93339204788208, 7990
29.975955724716187, 7989
30.10549783706665, 7988
30.646249771118164, 7987
30.66650915145874, 7986
30.696893453598022, 7985
30.71506643295288, 7984
30.818803787231445, 7983
30.859289407730103, 7982
30.91932702064514, 7981
30.9312801361084, 7980
30.94846749305725, 7979
31.03553605079651, 7978
31.05753445625305, 7977
31.068535804748535, 7976
31.090535879135132, 7975
31.11253547668457, 7974
31.11253547668457, 7973
31.24828267097473, 7972
31.737120628356934, 7971
31.75531268119812, 7970
31.757363080978394, 7969
31.767505645751953, 7968
31.78568935394287, 7967
31.78568935394287, 7966
31.868753671646118, 7965
31.90927028656006, 7964
31.982429265975952, 7963
31.99378538131714, 7962
31.99378538131714, 7961
31.998345613479614, 7960
32.02107071876526, 7959
32.02107071876526, 7958
32.02107071876526, 7957
32.02107071876526, 7956
32.30449295043945, 7955
32.31462597846985, 7954
32.32473397254944, 7953
32.33281421661377, 7952
32.334872007369995, 7951
32.344990253448486, 7950
32.385459423065186, 7949
32.39557695388794, 7948
32.43610334396362, 7947
32.54573392868042, 7946
32.5477876663208, 7945
32.5477876663208, 7944
32.56801676750183, 7943
32.578134298324585, 7942
32.578134298324585, 7941
32.60850119590759, 7940
32.64944839477539, 7939
32.64944839477539, 7938
32.64944839477539, 7937
32.74058389663696, 7936
32.781076192855835, 7935
32.781076192855835, 7934
32.801324129104614, 7933
32.8114447593689, 7932
32.839741468429565, 7931
32.932944536209106, 7930
32.95318675041199, 7929
33.02404165267944, 7928
33.085105180740356, 7927
33.15599799156189, 7926
33.166104793548584, 7925
33.166104793548584, 7924
33.19652605056763, 7923
33.28599190711975, 7922
33.418890953063965, 7921
33.431055307388306, 7920
33.431055307388306, 7919
33.44923496246338, 7918
33.47153997421265, 7917
33.49181938171387, 7916
33.51207780838013, 7915
33.62374520301819, 7914
33.97646951675415, 7913
33.9987850189209, 7912
34.008888721466064, 7911
34.019036293029785, 7910
34.34334206581116, 7909
34.37372422218323, 7908
34.393965005874634, 7907
34.41422748565674, 7906
34.43450593948364, 7905
34.44461488723755, 7904
34.44461488723755, 7903
34.48549199104309, 7902
34.53616952896118, 7901
34.53616952896118, 7900
34.54628324508667, 7899
34.554349184036255, 7898
34.64786148071289, 7897
34.648850440979004, 7896
34.65685296058655, 7895
34.84029197692871, 7894
34.86051535606384, 7893
34.8807578086853, 7892
35.093727827072144, 7891
35.12411570549011, 7890
35.13421702384949, 7889
35.191025733947754, 7888
35.21540451049805, 7887
35.25382971763611, 7886
35.71686410903931, 7885
35.73204684257507, 7884
35.81517219543457, 7883
35.82322645187378, 7882
35.85564708709717, 7881
35.87591290473938, 7880
35.88601994514465, 7879
35.90627074241638, 7878
35.90627074241638, 7877
36.017632722854614, 7876
36.0884735584259, 7875
36.10875201225281, 7874
36.1188907623291, 7873
36.129000663757324, 7872
36.207908391952515, 7871
36.474029541015625, 7870
36.6258761882782, 7869
36.635987997055054, 7868
36.68451499938965, 7867
36.68656897544861, 7866
36.69462299346924, 7865
36.6966757774353, 7864
36.7666289806366, 7863
36.79784107208252, 7862
36.838305711746216, 7861
36.838305711746216, 7860
36.84841275215149, 7859
36.858580112457275, 7858
36.86866545677185, 7857
36.86866545677185, 7856
36.88894963264465, 7855
36.917253494262695, 7854
36.950122594833374, 7853
36.960238456726074, 7852
37.041324853897095, 7851
37.05143427848816, 7850
37.08163595199585, 7849
37.37542247772217, 7848
37.39564847946167, 7847
37.71788787841797, 7846
37.77058172225952, 7845
37.798879623413086, 7844
37.91102695465088, 7843
37.9232223033905, 7842
38.00432848930359, 7841
38.01443576812744, 7840
38.02249574661255, 7839
38.08326745033264, 7838
38.25583815574646, 7837
38.344374895095825, 7836
38.39787292480469, 7835
38.5011670589447, 7834
38.52142548561096, 7833
38.541682958602905, 7832
38.56197190284729, 7831
38.60247564315796, 7830
38.64295148849487, 7829
38.73408031463623, 7828
38.81343460083008, 7827
38.95740461349487, 7826
39.0080509185791, 7825
39.10051131248474, 7824
39.221513748168945, 7823
39.243513345718384, 7822
39.25451326370239, 7821
39.278693199157715, 7820
39.278693199157715, 7819
39.391850233078, 7818
39.54298138618469, 7817
39.6747567653656, 7816
39.71528625488281, 7815
39.72542929649353, 7814
39.81457328796387, 7813
39.88761329650879, 7812
39.92654061317444, 7811
39.96874642372131, 7810
40.27316093444824, 7809
40.28329253196716, 7808
40.2913818359375, 7807
40.34404706954956, 7806
40.42610716819763, 7805
40.42610716819763, 7804
40.487205266952515, 7803
40.62956690788269, 7802
40.639843225479126, 7801
40.65802764892578, 7800
40.66008186340332, 7799
40.761388301849365, 7798
40.84242486953735, 7797
40.92349433898926, 7796
41.02491521835327, 7795
41.11618185043335, 7794
41.13647127151489, 7793
41.57271099090576, 7792
41.582852840423584, 7791
41.62332057952881, 7790
41.63346004486084, 7789
41.67405605316162, 7788
41.74502682685852, 7787
42.110246658325195, 7786
42.120392084121704, 7785
42.120392084121704, 7784
42.50355935096741, 7783
42.50355935096741, 7782
42.65799856185913, 7781
42.71881628036499, 7780
42.73905801773071, 7779
42.75925612449646, 7778
42.8504798412323, 7777
42.8584885597229, 7776
42.880855083465576, 7775
42.96993374824524, 7774
43.042845487594604, 7773
43.07318067550659, 7772
43.11503577232361, 7771
43.528830766677856, 7770
43.62001967430115, 7769
43.62001967430115, 7768
43.63016057014465, 7767
43.691521406173706, 7766
43.70972466468811, 7765
43.72190809249878, 7764
43.97506380081177, 7763
44.005431175231934, 7762
44.01349472999573, 7761
44.03373193740845, 7760
44.08642315864563, 7759
44.08642315864563, 7758
44.15738320350647, 7757
44.23892140388489, 7756
44.24903178215027, 7755
44.33253812789917, 7754
44.352757692337036, 7753
44.36290740966797, 7752
44.403383016586304, 7751
44.413504123687744, 7750
44.512699365615845, 7749
44.565486669540405, 7748
44.57354807853699, 7747
45.0804078578949, 7746
45.10069489479065, 7745
45.2142128944397, 7744
45.275147914886475, 7743
45.37635135650635, 7742
45.49597120285034, 7741
45.609687089920044, 7740
45.619837522506714, 7739
45.72104096412659, 7738
45.73115158081055, 7737
45.812246799468994, 7736
45.87303352355957, 7735
45.923662424087524, 7734
45.96212124824524, 7733
46.00474262237549, 7732
46.1185405254364, 7731
46.463085412979126, 7730
46.66660928726196, 7729
46.71715307235718, 7728
46.76578068733215, 7727
46.83594584465027, 7726
46.90999746322632, 7725
46.95057773590088, 7724
47.09238386154175, 7723
47.49846386909485, 7722
47.57949995994568, 7721
47.71112561225891, 7720
47.83054327964783, 7719
47.913790464401245, 7718
47.97452473640442, 7717
47.97452473640442, 7716
48.03526568412781, 7715
48.075769901275635, 7714
48.28625988960266, 7713
48.33898878097534, 7712
48.502012491226196, 7711
48.5627646446228, 7710
48.67624568939209, 7709
48.775434732437134, 7708
48.85850405693054, 7707
49.111398220062256, 7706
49.61977219581604, 7705
49.72908020019531, 7704
49.80203342437744, 7703
50.52216935157776, 7702
50.54767608642578, 7701
50.735567569732666, 7700
50.865108489990234, 7699
50.867180824279785, 7698
51.293302059173584, 7697
51.729583978652954, 7696
51.77011203765869, 7695
51.920077085494995, 7694
52.082294940948486, 7693
52.26110816001892, 7692
52.660935401916504, 7691
52.70411682128906, 7690
52.88029408454895, 7689
53.412819385528564, 7688
53.4728786945343, 7687
53.55909991264343, 7686
53.61725211143494, 7685
53.700756788253784, 7684
53.707757234573364, 7683
53.7618932723999, 7682
53.77390503883362, 7681
54.03625702857971, 7680
54.086506366729736, 7679
54.13455390930176, 7678
54.44321870803833, 7677
54.44321870803833, 7676
54.51128959655762, 7675
54.73757743835449, 7674
54.78509855270386, 7673
54.804239988327026, 7672
54.912344217300415, 7671
55.14057230949402, 7670
55.16859579086304, 7669
55.37371492385864, 7668
55.4522180557251, 7667
55.723243951797485, 7666
55.73129415512085, 7665
55.886791944503784, 7664
56.11221647262573, 7663
56.48461961746216, 7662
56.51081848144531, 7661
56.573604345321655, 7660
56.609604835510254, 7659
56.64564228057861, 7658
56.73204064369202, 7657
56.806328535079956, 7656
56.95064187049866, 7655
57.061755657196045, 7654
57.061755657196045, 7653
57.1519296169281, 7652
57.20631742477417, 7651
57.34070897102356, 7650
58.24214768409729, 7649
58.27256894111633, 7648
58.56843543052673, 7647
58.596532344818115, 7646
58.73337984085083, 7645
58.9542670249939, 7644
59.11749196052551, 7643
59.15768361091614, 7642
59.3461058139801, 7641
59.3461058139801, 7640
59.37421131134033, 7639
59.43045210838318, 7638
59.488842487335205, 7637
59.941081047058105, 7636
59.94508147239685, 7635
60.08770275115967, 7634
60.11766576766968, 7633
60.85235929489136, 7632
60.94044256210327, 7631
60.96446657180786, 7630
60.96446657180786, 7629
61.161336183547974, 7628
61.25873827934265, 7627
61.290771484375, 7626
61.386757612228394, 7625
61.51475763320923, 7624
61.518757581710815, 7623
61.80161261558533, 7622
62.151312589645386, 7621
62.19898557662964, 7620
62.663636207580566, 7619
62.87120175361633, 7618
62.95936107635498, 7617
62.98336100578308, 7616
63.02736139297485, 7615
63.15136098861694, 7614
63.15536117553711, 7613
63.219361305236816, 7612
63.38792657852173, 7611
63.50620889663696, 7610
63.566457986831665, 7609
63.76377058029175, 7608
64.34592747688293, 7607
64.67667627334595, 7606
65.00336384773254, 7605
65.59018874168396, 7604
65.59837794303894, 7603
65.77535557746887, 7602
66.00100636482239, 7601
66.30064392089844, 7600
66.42861890792847, 7599
66.46812915802002, 7598
66.79399919509888, 7597
66.8223385810852, 7596
66.87854027748108, 7595
66.93467998504639, 7594
67.35126686096191, 7593
67.35521697998047, 7592
68.02282667160034, 7591
68.08112263679504, 7590
68.08518385887146, 7589
68.10114693641663, 7588
68.21325445175171, 7587
68.41960644721985, 7586
68.7951397895813, 7585
69.08571410179138, 7584
69.23915672302246, 7583
69.63059711456299, 7582
69.70198512077332, 7581
69.74658846855164, 7580
70.17532896995544, 7579
70.63404417037964, 7578
70.95832633972168, 7577
70.99846482276917, 7576
71.20408415794373, 7575
71.65487384796143, 7574
71.70704197883606, 7573
72.26935720443726, 7572
73.08222270011902, 7571
74.10391688346863, 7570
74.14810299873352, 7569
74.23646998405457, 7568
74.28466558456421, 7567
74.59130597114563, 7566
74.77257132530212, 7565
74.88540935516357, 7564
74.93520760536194, 7563
75.12398552894592, 7562
75.13203930854797, 7561
75.68330979347229, 7560
75.735515832901, 7559
75.94034314155579, 7558
75.99716520309448, 7557
76.46176385879517, 7556
76.60435962677002, 7555
77.16225385665894, 7554
77.55108118057251, 7553
78.02132058143616, 7552
78.10932040214539, 7551
78.26813697814941, 7550
78.34269118309021, 7549
78.70471835136414, 7548
79.13768696784973, 7547
79.1623010635376, 7546
79.59451794624329, 7545
79.71203327178955, 7544
80.28680205345154, 7543
80.58935475349426, 7542
80.76097869873047, 7541
81.46368336677551, 7540
81.49199748039246, 7539
82.0621919631958, 7538
82.25452327728271, 7537
82.26258540153503, 7536
83.46067786216736, 7535
84.23022294044495, 7534
84.50397229194641, 7533
84.63560819625854, 7532
84.64573645591736, 7531
85.65019822120667, 7530
85.71595644950867, 7529
85.7240662574768, 7528
85.7543842792511, 7527
86.45316743850708, 7526
86.4632785320282, 7525
87.39605736732483, 7524
88.35069417953491, 7523
88.62407612800598, 7522
89.07000279426575, 7521
89.44541597366333, 7520
89.50615811347961, 7519
89.53649377822876, 7518
89.62762498855591, 7517
89.74711585044861, 7516
91.53444743156433, 7515
92.15284872055054, 7514
92.31490182876587, 7513
92.31490182876587, 7512
92.64950704574585, 7511
93.22761034965515, 7510
93.27828884124756, 7509
93.3593077659607, 7508
93.85680031776428, 7507
94.01912689208984, 7506
94.21196699142456, 7505
95.00302171707153, 7504
95.89421224594116, 7503
96.97044348716736, 7502
97.02108979225159, 7501
97.08997201919556, 7500
97.76168251037598, 7499
97.8223865032196, 7498
98.17720532417297, 7497
99.81120562553406, 7496
100.23713159561157, 7495
100.27762651443481, 7494
100.59201145172119, 7493
101.20668697357178, 7492
101.52878379821777, 7491
102.10027265548706, 7490
102.13236999511719, 7489
102.7261598110199, 7488
103.40948915481567, 7487
103.47362303733826, 7486
105.09604406356812, 7485
105.44528722763062, 7484
107.34748768806458, 7483
107.51565170288086, 7482
109.02232909202576, 7481
109.07838916778564, 7480
109.13450884819031, 7479
109.58768892288208, 7478
109.73391246795654, 7477
109.75221395492554, 7476
110.05900454521179, 7475
110.4634919166565, 7474
110.68359375, 7473
111.14773607254028, 7472
111.54041981697083, 7471
111.59265661239624, 7470
111.6167483329773, 7469
112.33397650718689, 7468
112.62585425376892, 7467
112.66199803352356, 7466
113.70381093025208, 7465
114.35699081420898, 7464
114.7888662815094, 7463
115.19819068908691, 7462
116.17387628555298, 7461
117.05468845367432, 7460
117.91891741752625, 7459
117.94931173324585, 7458
118.44388389587402, 7457
118.66898083686829, 7456
119.40238356590271, 7455
119.77733421325684, 7454
120.21907019615173, 7453
122.64168190956116, 7452
122.89810514450073, 7451
122.97017741203308, 7450
123.70209789276123, 7449
127.17968559265137, 7448
127.61180257797241, 7447
127.89425086975098, 7446
129.14264702796936, 7445
129.22298455238342, 7444
129.30143356323242, 7443
129.54215788841248, 7442
130.57959866523743, 7441
131.05635380744934, 7440
131.35536098480225, 7439
131.9805202484131, 7438
133.33585953712463, 7437
134.20522451400757, 7436
136.07789850234985, 7435
136.52441382408142, 7434
139.12430119514465, 7433
139.90501022338867, 7432
139.9864604473114, 7431
140.30869507789612, 7430
141.54932498931885, 7429
143.68538069725037, 7428
145.88882541656494, 7427
147.61649870872498, 7426
147.64059734344482, 7425
147.7731430530548, 7424
148.59042477607727, 7423
149.21225571632385, 7422
149.4919729232788, 7421
149.62850666046143, 7420
149.7738983631134, 7419
151.19175386428833, 7418
151.21584510803223, 7417
154.558824300766, 7416
154.97583532333374, 7415
155.24136805534363, 7414
155.41549158096313, 7413
156.77156162261963, 7412
159.6356692314148, 7411
160.241797208786, 7410
161.24554324150085, 7409
161.90217113494873, 7408
162.12129306793213, 7407
163.2381637096405, 7406
164.6168258190155, 7405
164.78321409225464, 7404
167.04896998405457, 7403
167.8073604106903, 7402
169.74881386756897, 7401
170.93781280517578, 7400
173.37812733650208, 7399
173.4324700832367, 7398
176.80408763885498, 7397
180.32592821121216, 7396
180.3499526977539, 7395
180.55274724960327, 7394
180.5567009449005, 7393
180.99221277236938, 7392
184.65396404266357, 7391
185.63241457939148, 7390
185.73778414726257, 7389
186.2471640110016, 7388
186.892103433609, 7387
189.53294038772583, 7386
190.5603723526001, 7385
190.64278078079224, 7384
191.97741770744324, 7383
194.65154814720154, 7382
194.73440265655518, 7381
194.77673935890198, 7380
195.76730489730835, 7379
197.22762989997864, 7378
199.83709239959717, 7377
201.47911071777344, 7376
203.84305000305176, 7375
203.85510325431824, 7374
206.97522950172424, 7373
212.15954160690308, 7372
214.29626846313477, 7371
214.35063648223877, 7370
214.64378833770752, 7369
214.78345441818237, 7368
221.06652903556824, 7367
223.0381624698639, 7366
226.4511091709137, 7365
227.00467777252197, 7364
228.72123384475708, 7363
230.81983971595764, 7362
233.16971492767334, 7361
234.37559509277344, 7360
236.5969157218933, 7359
238.3695182800293, 7358
243.67964911460876, 7357
249.54506945610046, 7356
252.0045690536499, 7355
255.72879362106323, 7354
256.685174703598, 7353
259.64506578445435, 7352
282.12174344062805, 7351
282.3531291484833, 7350
285.77811884880066, 7349
285.86931681632996, 7348
286.98856258392334, 7347
291.7515025138855, 7346
295.51325249671936, 7345
297.374311208725, 7344
301.3376760482788, 7343
301.6985442638397, 7342
304.58071208000183, 7341
306.9295017719269, 7340
308.476350069046, 7339
308.92521476745605, 7338
309.7227816581726, 7337
316.90544533729553, 7336
318.3994252681732, 7335
319.21669483184814, 7334
320.0913813114166, 7333
325.91833209991455, 7332
329.52353167533875, 7331
335.4613766670227, 7330
340.0155987739563, 7329
342.8792736530304, 7328
352.14247250556946, 7327
355.48887300491333, 7326
358.8070104122162, 7325
359.445524930954, 7324
371.95528197288513, 7323
373.2750494480133, 7322
375.8386571407318, 7321
386.7923438549042, 7320
391.88514733314514, 7319
394.81296396255493, 7318
402.98857164382935, 7317
418.8524112701416, 7316
428.3712639808655, 7315
432.10613679885864, 7314
433.4033627510071, 7313
434.24859046936035, 7312
442.38008189201355, 7311
442.7134268283844, 7310
449.01434803009033, 7309
449.60945081710815, 7308
455.08366560935974, 7307
456.93679666519165, 7306
461.15267515182495, 7305
468.683886051178, 7304
472.64910197257996, 7303
477.6280400753021, 7302
485.0953257083893, 7301
485.5001802444458, 7300
500.602995634079, 7299
503.62436079978943, 7298
506.7310962677002, 7297
506.88640332221985, 7296
507.37015867233276, 7295
510.2250819206238, 7294
511.1308341026306, 7293
518.2102036476135, 7292
520.1031150817871, 7291
522.4297578334808, 7290
530.4581639766693, 7289
537.6443874835968, 7288
547.6537733078003, 7287
548.9385807514191, 7286
549.6986992359161, 7285
560.5683178901672, 7284
568.3476560115814, 7283
596.280430316925, 7282
599.183890581131, 7281
