0.33303356170654297, 11023
0.3370349407196045, 11022
0.3370349407196045, 11021
0.3431544303894043, 11020
0.35115718841552734, 11019
0.35715365409851074, 11018
0.3621551990509033, 11017
0.36315369606018066, 11016
0.3651549816131592, 11015
0.36815619468688965, 11014
0.3731532096862793, 11013
0.37615346908569336, 11012
0.37815380096435547, 11011
0.382152795791626, 11010
0.3841540813446045, 11009
0.3861546516418457, 11008
0.3881552219390869, 11007
0.3911559581756592, 11006
0.39515209197998047, 11005
0.3991520404815674, 11004
0.40221261978149414, 11003
0.40221261978149414, 11002
0.40621304512023926, 11001
0.41021251678466797, 11000
0.41021251678466797, 10999
0.4142134189605713, 10998
0.418215274810791, 10997
0.418215274810791, 10996
0.4222133159637451, 10995
0.4222133159637451, 10994
0.42621541023254395, 10993
0.43021464347839355, 10992
0.43421316146850586, 10991
0.43421316146850586, 10990
0.43821287155151367, 10989
0.43821287155151367, 10988
0.43821287155151367, 10987
0.45021700859069824, 10986
0.45421504974365234, 10985
0.45821404457092285, 10984
0.45821404457092285, 10983
0.46221470832824707, 10982
0.4662144184112549, 10981
0.4694099426269531, 10980
0.47341084480285645, 10979
0.47884631156921387, 10978
0.4828531742095947, 10977
0.48685264587402344, 10976
0.49085044860839844, 10975
0.49085044860839844, 10974
0.49484848976135254, 10973
0.5028538703918457, 10972
0.5048477649688721, 10971
0.5068509578704834, 10970
0.5088484287261963, 10969
0.5118458271026611, 10968
0.5158469676971436, 10967
0.5188589096069336, 10966
0.5228452682495117, 10965
0.524848222732544, 10964
0.5278444290161133, 10963
0.5298473834991455, 10962
0.5348474979400635, 10961
0.5368485450744629, 10960
0.5398495197296143, 10959
0.5418508052825928, 10958
0.5448505878448486, 10957
0.5468504428863525, 10956
0.5508859157562256, 10955
0.5558903217315674, 10954
0.5588862895965576, 10953
0.5638878345489502, 10952
0.5678846836090088, 10951
0.5698933601379395, 10950
0.5718863010406494, 10949
0.5738856792449951, 10948
0.5758850574493408, 10947
0.5788860321044922, 10946
0.5808887481689453, 10945
0.5818870067596436, 10944
0.5838897228240967, 10943
0.5858910083770752, 10942
0.5888893604278564, 10941
0.5938913822174072, 10940
0.596886157989502, 10939
0.5988879203796387, 10938
0.6008853912353516, 10937
0.6019425392150879, 10936
0.6019425392150879, 10935
0.6019425392150879, 10934
0.6059443950653076, 10933
0.6059443950653076, 10932
0.6099450588226318, 10931
0.6139440536499023, 10930
0.6139440536499023, 10929
0.6219439506530762, 10928
0.6219439506530762, 10927
0.6259438991546631, 10926
0.6299424171447754, 10925
0.6339483261108398, 10924
0.6339483261108398, 10923
0.6379439830780029, 10922
0.6459429264068604, 10921
0.6499423980712891, 10920
0.6539425849914551, 10919
0.6594893932342529, 10918
0.6606521606445312, 10917
0.6646511554718018, 10916
0.6686539649963379, 10915
0.6726586818695068, 10914
0.6726586818695068, 10913
0.6726586818695068, 10912
0.6766562461853027, 10911
0.6766562461853027, 10910
0.6806588172912598, 10909
0.6846511363983154, 10908
0.6846511363983154, 10907
0.6886565685272217, 10906
0.7073214054107666, 10905
0.7073214054107666, 10904
0.7113254070281982, 10903
0.7193210124969482, 10902
0.7193210124969482, 10901
0.7233209609985352, 10900
0.7273209095001221, 10899
0.7353200912475586, 10898
0.7393226623535156, 10897
0.7393226623535156, 10896
0.7433242797851562, 10895
0.7433242797851562, 10894
0.7473235130310059, 10893
0.7473235130310059, 10892
0.7553246021270752, 10891
0.7593491077423096, 10890
0.7633211612701416, 10889
0.7713215351104736, 10888
0.7713215351104736, 10887
0.775320291519165, 10886
0.7793235778808594, 10885
0.7873215675354004, 10884
0.7913203239440918, 10883
0.7913203239440918, 10882
0.7913203239440918, 10881
0.796942949295044, 10880
0.7989413738250732, 10879
0.80293869972229, 10878
0.805938720703125, 10877
0.8089389801025391, 10876
0.8119399547576904, 10875
0.8139395713806152, 10874
0.8176257610321045, 10873
0.8176257610321045, 10872
0.8216326236724854, 10871
0.829627275466919, 10870
0.8336267471313477, 10869
0.8401992321014404, 10868
0.871199369430542, 10867
0.876194953918457, 10866
0.8847658634185791, 10865
0.8860945701599121, 10864
0.8940956592559814, 10863
0.8940956592559814, 10862
0.898097038269043, 10861
0.9060952663421631, 10860
0.914095401763916, 10859
0.914095401763916, 10858
0.922095775604248, 10857
0.926093339920044, 10856
0.9381144046783447, 10855
0.9420955181121826, 10854
0.9420955181121826, 10853
0.9500925540924072, 10852
0.9540939331054688, 10851
0.9580929279327393, 10850
0.9580929279327393, 10849
0.9660940170288086, 10848
0.9700939655303955, 10847
0.9740943908691406, 10846
0.9780941009521484, 10845
0.9820935726165771, 10844
0.9900922775268555, 10843
0.9900922775268555, 10842
0.9940917491912842, 10841
0.9980926513671875, 10840
1.002091884613037, 10839
1.002091884613037, 10838
1.0060927867889404, 10837
1.010101318359375, 10836
1.010101318359375, 10835
1.010101318359375, 10834
1.0140924453735352, 10833
1.0180919170379639, 10832
1.022092342376709, 10831
1.0260918140411377, 10830
1.034092903137207, 10829
1.034092903137207, 10828
1.0380923748016357, 10827
1.0460925102233887, 10826
1.0500922203063965, 10825
1.0500922203063965, 10824
1.0540921688079834, 10823
1.0580933094024658, 10822
1.0580933094024658, 10821
1.0580933094024658, 10820
1.0620920658111572, 10819
1.0660927295684814, 10818
1.070091962814331, 10817
1.070091962814331, 10816
1.0740923881530762, 10815
1.0740923881530762, 10814
1.078092336654663, 10813
1.0820915699005127, 10812
1.0860912799835205, 10811
1.0860912799835205, 10810
1.0900917053222656, 10809
1.0940923690795898, 10808
1.1140916347503662, 10807
1.1140916347503662, 10806
1.1180922985076904, 10805
1.1220929622650146, 10804
1.1220929622650146, 10803
1.1300973892211914, 10802
1.1380984783172607, 10801
1.1380984783172607, 10800
1.1420972347259521, 10799
1.146092176437378, 10798
1.146092176437378, 10797
1.150092363357544, 10796
1.1540980339050293, 10795
1.1580989360809326, 10794
1.1580989360809326, 10793
1.1620984077453613, 10792
1.1660969257354736, 10791
1.1700947284698486, 10790
1.1740994453430176, 10789
1.1740994453430176, 10788
1.1740994453430176, 10787
1.1780998706817627, 10786
1.1860954761505127, 10785
1.194091558456421, 10784
1.194091558456421, 10783
1.19810152053833, 10782
1.2021031379699707, 10781
1.2021031379699707, 10780
1.2060928344726562, 10779
1.2060928344726562, 10778
1.2100934982299805, 10777
1.2180938720703125, 10776
1.2220993041992188, 10775
1.2261004447937012, 10774
1.2301349639892578, 10773
1.2301349639892578, 10772
1.234097957611084, 10771
1.2380962371826172, 10770
1.2421023845672607, 10769
1.2421023845672607, 10768
1.2461011409759521, 10767
1.2461011409759521, 10766
1.254096269607544, 10765
1.2566728591918945, 10764
1.25986647605896, 10763
1.2619976997375488, 10762
1.2640380859375, 10761
1.2662396430969238, 10760
1.27022385597229, 10759
1.2801892757415771, 10758
1.2801892757415771, 10757
1.2801892757415771, 10756
1.2842280864715576, 10755
1.2902412414550781, 10754
1.2942426204681396, 10753
1.296354055404663, 10752
1.3043112754821777, 10751
1.3043112754821777, 10750
1.3083114624023438, 10749
1.3083114624023438, 10748
1.3123114109039307, 10747
1.3163120746612549, 10746
1.320312261581421, 10745
1.324312686920166, 10744
1.324312686920166, 10743
1.324312686920166, 10742
1.3283119201660156, 10741
1.3340225219726562, 10740
1.338019847869873, 10739
1.3420202732086182, 10738
1.3420202732086182, 10737
1.3500251770019531, 10736
1.3500251770019531, 10735
1.354024887084961, 10734
1.358022928237915, 10733
1.358022928237915, 10732
1.3623533248901367, 10731
1.3643543720245361, 10730
1.3663513660430908, 10729
1.368358850479126, 10728
1.3733549118041992, 10727
1.3753554821014404, 10726
1.3835375308990479, 10725
1.3835375308990479, 10724
1.3896183967590332, 10723
1.3896183967590332, 10722
1.3976576328277588, 10721
1.3976576328277588, 10720
1.4157943725585938, 10719
1.4157943725585938, 10718
1.4197998046875, 10717
1.4197998046875, 10716
1.4197998046875, 10715
1.4379663467407227, 10714
1.4379663467407227, 10713
1.4459996223449707, 10712
1.4499871730804443, 10711
1.4560387134552002, 10710
1.468125581741333, 10709
1.4720587730407715, 10708
1.4720587730407715, 10707
1.4760551452636719, 10706
1.4781310558319092, 10705
1.4781310558319092, 10704
1.4821288585662842, 10703
1.4821288585662842, 10702
1.4861271381378174, 10701
1.4861271381378174, 10700
1.4901776313781738, 10699
1.4901776313781738, 10698
1.5003514289855957, 10697
1.5003514289855957, 10696
1.504335641860962, 10695
1.5083410739898682, 10694
1.5163547992706299, 10693
1.5203514099121094, 10692
1.5203514099121094, 10691
1.522402286529541, 10690
1.522402286529541, 10689
1.526404619216919, 10688
1.5304069519042969, 10687
1.5304069519042969, 10686
1.5304069519042969, 10685
1.5384230613708496, 10684
1.5384230613708496, 10683
1.5444703102111816, 10682
1.5444703102111816, 10681
1.5484645366668701, 10680
1.55246901512146, 10679
1.55246901512146, 10678
1.5565426349639893, 10677
1.560521125793457, 10676
1.560521125793457, 10675
1.564485788345337, 10674
1.5665409564971924, 10673
1.5665409564971924, 10672
1.5705420970916748, 10671
1.5705420970916748, 10670
1.5745437145233154, 10669
1.588677167892456, 10668
1.5926775932312012, 10667
1.5966801643371582, 10666
1.5966801643371582, 10665
1.5966801643371582, 10664
1.61091947555542, 10663
1.61091947555542, 10662
1.6149189472198486, 10661
1.6149189472198486, 10660
1.6189601421356201, 10659
1.6189601421356201, 10658
1.6307528018951416, 10657
1.632824182510376, 10656
1.632824182510376, 10655
1.6409711837768555, 10654
1.6415271759033203, 10653
1.644089698791504, 10652
1.6508510112762451, 10651
1.6528894901275635, 10650
1.6528894901275635, 10649
1.656886100769043, 10648
1.656886100769043, 10647
1.656886100769043, 10646
1.6608870029449463, 10645
1.6630070209503174, 10644
1.6669862270355225, 10643
1.6669862270355225, 10642
1.670985221862793, 10641
1.6750547885894775, 10640
1.6850624084472656, 10639
1.689056158065796, 10638
1.689056158065796, 10637
1.6931037902832031, 10636
1.6931037902832031, 10635
1.6970767974853516, 10634
1.6970767974853516, 10633
1.7010748386383057, 10632
1.7010748386383057, 10631
1.707146167755127, 10630
1.7111434936523438, 10629
1.7111434936523438, 10628
1.7111434936523438, 10627
1.7151460647583008, 10626
1.7192041873931885, 10625
1.7192041873931885, 10624
1.7271983623504639, 10623
1.7333579063415527, 10622
1.7333579063415527, 10621
1.7414817810058594, 10620
1.7454571723937988, 10619
1.7494580745697021, 10618
1.7513628005981445, 10617
1.755364179611206, 10616
1.755364179611206, 10615
1.7593662738800049, 10614
1.7593662738800049, 10613
1.7673907279968262, 10612
1.7673907279968262, 10611
1.7713890075683594, 10610
1.7736210823059082, 10609
1.7736210823059082, 10608
1.7776219844818115, 10607
1.7776219844818115, 10606
1.7837834358215332, 10605
1.7877702713012695, 10604
1.79180908203125, 10603
1.7940335273742676, 10602
1.8020009994506836, 10601
1.8041324615478516, 10600
1.8041324615478516, 10599
1.808136224746704, 10598
1.8121283054351807, 10597
1.9265241622924805, 10596
1.9306116104125977, 10595
1.934544563293457, 10594
1.9385449886322021, 10593
1.9447805881500244, 10592
1.9447805881500244, 10591
1.960803508758545, 10590
1.963101863861084, 10589
1.963101863861084, 10588
1.9670820236206055, 10587
1.9670820236206055, 10586
1.9710865020751953, 10585
1.9853551387786865, 10584
1.9853551387786865, 10583
1.9974148273468018, 10582
2.0013644695281982, 10581
2.0013644695281982, 10580
2.0013644695281982, 10579
2.0084877014160156, 10578
2.0124576091766357, 10577
2.0124576091766357, 10576
2.022625684738159, 10575
2.0266292095184326, 10574
2.033475399017334, 10573
2.033475399017334, 10572
2.037477970123291, 10571
2.037477970123291, 10570
2.0415494441986084, 10569
2.0455024242401123, 10568
2.0455024242401123, 10567
2.0495009422302246, 10566
2.0495009422302246, 10565
2.059563636779785, 10564
2.0635969638824463, 10563
2.0675792694091797, 10562
2.0738563537597656, 10561
2.0778489112854004, 10560
2.0778489112854004, 10559
2.0938689708709717, 10558
2.104404926300049, 10557
2.1067888736724854, 10556
2.118011951446533, 10555
2.118011951446533, 10554
2.12601375579834, 10553
2.12601375579834, 10552
2.1340348720550537, 10551
2.1340348720550537, 10550
2.1340348720550537, 10549
2.1340348720550537, 10548
2.1380367279052734, 10547
2.14037823677063, 10546
2.14037823677063, 10545
2.144361972808838, 10544
2.144361972808838, 10543
2.1483640670776367, 10542
2.1483640670776367, 10541
2.152434825897217, 10540
2.156386375427246, 10539
2.162292957305908, 10538
2.162292957305908, 10537
2.1662912368774414, 10536
2.1702945232391357, 10535
2.1725711822509766, 10534
2.1725711822509766, 10533
2.176560401916504, 10532
2.176560401916504, 10531
2.1805596351623535, 10530
2.1879849433898926, 10529
2.191985845565796, 10528
2.2000081539154053, 10527
2.206425666809082, 10526
2.210371732711792, 10525
2.210371732711792, 10524
2.214376449584961, 10523
2.214376449584961, 10522
2.218442916870117, 10521
2.2223949432373047, 10520
2.2223949432373047, 10519
2.226396083831787, 10518
2.228475570678711, 10517
2.228475570678711, 10516
2.2364773750305176, 10515
2.2395129203796387, 10514
2.2434661388397217, 10513
2.2434661388397217, 10512
2.247467517852783, 10511
2.247467517852783, 10510
2.2507665157318115, 10509
2.2507665157318115, 10508
2.2547554969787598, 10507
2.2547554969787598, 10506
2.262836217880249, 10505
2.266781806945801, 10504
2.266781806945801, 10503
2.2730300426483154, 10502
2.2730300426483154, 10501
2.2830493450164795, 10500
2.284116506576538, 10499
2.2862396240234375, 10498
2.288374423980713, 10497
2.290970802307129, 10496
2.293013334274292, 10495
2.298604965209961, 10494
2.3026068210601807, 10493
2.3045127391815186, 10492
2.308500289916992, 10491
2.308500289916992, 10490
2.308500289916992, 10489
2.3165626525878906, 10488
2.3165626525878906, 10487
2.324519395828247, 10486
2.324519395828247, 10485
2.3345720767974854, 10484
2.3386406898498535, 10483
2.3425889015197754, 10482
2.3488245010375977, 10481
2.3568146228790283, 10480
2.3728139400482178, 10479
2.376796245574951, 10478
2.376796245574951, 10477
2.376796245574951, 10476
2.38291597366333, 10475
2.38291597366333, 10474
2.38291597366333, 10473
2.397361993789673, 10472
2.3993592262268066, 10471
2.4093611240386963, 10470
2.4123637676239014, 10469
2.415363311767578, 10468
2.4313137531280518, 10467
2.4313137531280518, 10466
2.435319662094116, 10465
2.437427043914795, 10464
2.4414222240448, 10463
2.445422649383545, 10462
2.4495174884796143, 10461
2.4495174884796143, 10460
2.4574525356292725, 10459
2.4614944458007812, 10458
2.461531639099121, 10457
2.465505361557007, 10456
2.4716784954071045, 10455
2.4716784954071045, 10454
2.479682683944702, 10453
2.4819159507751465, 10452
2.491938591003418, 10451
2.491938591003418, 10450
2.491938591003418, 10449
2.4959168434143066, 10448
2.4959168434143066, 10447
2.4999191761016846, 10446
2.4999191761016846, 10445
2.5119330883026123, 10444
2.5221304893493652, 10443
2.5221304893493652, 10442
2.526219606399536, 10441
2.5301923751831055, 10440
2.5363030433654785, 10439
2.554649829864502, 10438
2.556746006011963, 10437
2.556746006011963, 10436
2.560713052749634, 10435
2.5647172927856445, 10434
2.567142963409424, 10433
2.5711488723754883, 10432
2.5751476287841797, 10431
2.581526517868042, 10430
2.6103720664978027, 10429
2.6183600425720215, 10428
2.6183600425720215, 10427
2.6221258640289307, 10426
2.6221258640289307, 10425
2.6300759315490723, 10424
2.6300759315490723, 10423
2.640235424041748, 10422
2.6440367698669434, 10421
2.64803409576416, 10420
2.6542065143585205, 10419
2.6542065143585205, 10418
2.6582114696502686, 10417
2.675976276397705, 10416
2.679964542388916, 10415
2.6879546642303467, 10414
2.6879546642303467, 10413
2.6959497928619385, 10412
2.698050022125244, 10411
2.702039957046509, 10410
2.702039957046509, 10409
2.7099123001098633, 10408
2.7242231369018555, 10407
2.728224992752075, 10406
2.728224992752075, 10405
2.741706132888794, 10404
2.7457077503204346, 10403
2.7497105598449707, 10402
2.7534284591674805, 10401
2.7574267387390137, 10400
2.7614259719848633, 10399
2.7635111808776855, 10398
2.7635111808776855, 10397
2.7675113677978516, 10396
2.771509885787964, 10395
2.7795791625976562, 10394
2.7835805416107178, 10393
2.785876750946045, 10392
2.785876750946045, 10391
2.785876750946045, 10390
2.793914794921875, 10389
2.796215295791626, 10388
2.796215295791626, 10387
2.796215295791626, 10386
2.806234121322632, 10385
2.8102216720581055, 10384
2.814262628555298, 10383
2.814262628555298, 10382
2.821655035018921, 10381
2.8277084827423096, 10380
2.831696033477783, 10379
2.835737466812134, 10378
2.8391342163085938, 10377
2.8391342163085938, 10376
2.8391342163085938, 10375
2.8431317806243896, 10374
2.8530805110931396, 10373
2.857121706008911, 10372
2.857121706008911, 10371
2.8605189323425293, 10370
2.8645176887512207, 10369
2.8645176887512207, 10368
2.8685147762298584, 10367
2.8705837726593018, 10366
2.8705837726593018, 10365
2.874572515487671, 10364
2.874572515487671, 10363
2.874572515487671, 10362
2.8817410469055176, 10361
2.8817410469055176, 10360
2.885718584060669, 10359
2.885718584060669, 10358
2.885718584060669, 10357
2.891655445098877, 10356
2.8956551551818848, 10355
2.899653911590576, 10354
2.903301239013672, 10353
2.907243490219116, 10352
2.9112467765808105, 10351
2.9112467765808105, 10350
2.913346529006958, 10349
2.913346529006958, 10348
2.9173429012298584, 10347
2.9173429012298584, 10346
2.92134165763855, 10345
2.92134165763855, 10344
2.9247941970825195, 10343
2.9247941970825195, 10342
2.9247941970825195, 10341
2.930419683456421, 10340
2.935666084289551, 10339
2.9496703147888184, 10338
2.950543165206909, 10337
2.9535844326019287, 10336
2.959615707397461, 10335
2.9636170864105225, 10334
2.9665958881378174, 10333
2.976515054702759, 10332
2.976515054702759, 10331
2.9866693019866943, 10330
2.990661144256592, 10329
2.996885061264038, 10328
3.0008816719055176, 10327
3.0008816719055176, 10326
3.0088791847229004, 10325
3.012880563735962, 10324
3.0238025188446045, 10323
3.0299172401428223, 10322
3.0339064598083496, 10321
3.0339064598083496, 10320
3.0547494888305664, 10319
3.0547494888305664, 10318
3.0689916610717773, 10317
3.071016788482666, 10316
3.071016788482666, 10315
3.0750153064727783, 10314
3.0750153064727783, 10313
3.0812132358551025, 10312
3.0851504802703857, 10311
3.0851504802703857, 10310
3.0954105854034424, 10309
3.0954105854034424, 10308
3.1015090942382812, 10307
3.1015090942382812, 10306
3.1118626594543457, 10305
3.1118626594543457, 10304
3.119858503341675, 10303
3.1219654083251953, 10302
3.1259610652923584, 10301
3.136476516723633, 10300
3.1506781578063965, 10299
3.1582539081573486, 10298
3.1582539081573486, 10297
3.1622509956359863, 10296
3.164552688598633, 10295
3.164552688598633, 10294
3.164552688598633, 10293
3.168551206588745, 10292
3.175604820251465, 10291
3.175604820251465, 10290
3.175604820251465, 10289
3.179600238800049, 10288
3.1856627464294434, 10287
3.1856911182403564, 10286
3.1856911182403564, 10285
3.197235345840454, 10284
3.197235345840454, 10283
3.207329034805298, 10282
3.207329034805298, 10281
3.2113115787506104, 10280
3.222954273223877, 10279
3.2289834022521973, 10278
3.240868091583252, 10277
3.2448675632476807, 10276
3.2448675632476807, 10275
3.248913049697876, 10274
3.2507708072662354, 10273
3.2609751224517822, 10272
3.2689614295959473, 10271
3.2689614295959473, 10270
3.2709052562713623, 10269
3.2709052562713623, 10268
3.2749075889587402, 10267
3.2749075889587402, 10266
3.28098464012146, 10265
3.288968801498413, 10264
3.288968801498413, 10263
3.288968801498413, 10262
3.2934579849243164, 10261
3.2934579849243164, 10260
3.2934579849243164, 10259
3.301453113555908, 10258
3.3036649227142334, 10257
3.3036649227142334, 10256
3.3076565265655518, 10255
3.3116586208343506, 10254
3.3157362937927246, 10253
3.3157362937927246, 10252
3.319749593734741, 10251
3.323709726333618, 10250
3.32983136177063, 10249
3.3361191749572754, 10248
3.3464510440826416, 10247
3.3504040241241455, 10246
3.3565852642059326, 10245
3.3606107234954834, 10244
3.3606107234954834, 10243
3.364607572555542, 10242
3.366547107696533, 10241
3.366547107696533, 10240
3.3704848289489746, 10239
3.3704848289489746, 10238
3.374484062194824, 10237
3.3766250610351562, 10236
3.3766250610351562, 10235
3.3766250610351562, 10234
3.3806610107421875, 10233
3.391019105911255, 10232
3.391019105911255, 10231
3.395021438598633, 10230
3.401106834411621, 10229
3.401106834411621, 10228
3.415081739425659, 10227
3.420956611633301, 10226
3.420956611633301, 10225
3.4249582290649414, 10224
3.4282712936401367, 10223
3.4423506259918213, 10222
3.4423506259918213, 10221
3.4423506259918213, 10220
3.44635272026062, 10219
3.44635272026062, 10218
3.450448513031006, 10217
3.4579977989196777, 10216
3.4589977264404297, 10215
3.4609951972961426, 10214
3.463998556137085, 10213
3.4649972915649414, 10212
3.4659998416900635, 10211
3.46699857711792, 10210
3.4700005054473877, 10209
3.476994276046753, 10208
3.4789981842041016, 10207
3.4809956550598145, 10206
3.4877398014068604, 10205
3.501734972000122, 10204
3.5078821182250977, 10203
3.513911724090576, 10202
3.52191162109375, 10201
3.5281593799591064, 10200
3.5281593799591064, 10199
3.5281593799591064, 10198
3.532155990600586, 10197
3.5422449111938477, 10196
3.5441792011260986, 10195
3.5441792011260986, 10194
3.552170515060425, 10193
3.562107563018799, 10192
3.5754098892211914, 10191
3.579401731491089, 10190
3.586246967315674, 10189
3.590243339538574, 10188
3.590243339538574, 10187
3.596306562423706, 10186
3.616889238357544, 10185
3.6208765506744385, 10184
3.6208765506744385, 10183
3.6249184608459473, 10182
3.637969970703125, 10181
3.6419355869293213, 10180
3.6419355869293213, 10179
3.701866865158081, 10178
3.705857753753662, 10177
3.705857753753662, 10176
3.7098581790924072, 10175
3.7098581790924072, 10174
3.718149185180664, 10173
3.718149185180664, 10172
3.722149610519409, 10171
3.7261500358581543, 10170
3.7301502227783203, 10169
3.7341504096984863, 10168
3.7364792823791504, 10167
3.7364792823791504, 10166
3.740495443344116, 10165
3.7465734481811523, 10164
3.7465734481811523, 10163
3.7465734481811523, 10162
3.7505667209625244, 10161
3.754565954208374, 10160
3.754565954208374, 10159
3.7568116188049316, 10158
3.7607553005218506, 10157
3.7710938453674316, 10156
3.7854418754577637, 10155
3.7854418754577637, 10154
3.7974753379821777, 10153
3.8015034198760986, 10152
3.8015034198760986, 10151
3.807706117630005, 10150
3.8178093433380127, 10149
3.8178093433380127, 10148
3.8218021392822266, 10147
3.8218021392822266, 10146
3.8218021392822266, 10145
3.8258414268493652, 10144
3.8258414268493652, 10143
3.828948497772217, 10142
3.832958698272705, 10141
3.839172124862671, 10140
3.843168020248413, 10139
3.8552255630493164, 10138
3.861414909362793, 10137
3.861414909362793, 10136
3.865407705307007, 10135
3.865407705307007, 10134
3.8694040775299072, 10133
3.8835251331329346, 10132
3.8835251331329346, 10131
3.8915188312530518, 10130
3.893768072128296, 10129
3.8978075981140137, 10128
3.901763677597046, 10127
3.907912492752075, 10126
3.907912492752075, 10125
3.914179563522339, 10124
3.9181265830993652, 10123
3.9181265830993652, 10122
3.922132730484009, 10121
3.9319844245910645, 10120
3.9400086402893066, 10119
3.9440011978149414, 10118
3.9458937644958496, 10117
3.9458937644958496, 10116
3.9458937644958496, 10115
3.9498589038848877, 10114
3.965880870819092, 10113
3.9801533222198486, 10112
3.9841883182525635, 10111
3.9897398948669434, 10110
3.9947402477264404, 10109
3.9997432231903076, 10108
4.001782655715942, 10107
4.002780199050903, 10106
4.008742809295654, 10105
4.0107386112213135, 10104
4.011739253997803, 10103
4.012738943099976, 10102
4.014742136001587, 10101
4.021413564682007, 10100
4.023702621459961, 10099
4.036571502685547, 10098
4.036571502685547, 10097
4.042436361312866, 10096
4.046434640884399, 10095
4.050474166870117, 10094
4.052537441253662, 10093
4.0565345287323, 10092
4.062762260437012, 10091
4.066759824752808, 10090
4.078830003738403, 10089
4.082784652709961, 10088
4.08900260925293, 10087
4.093005418777466, 10086
4.097045421600342, 10085
4.097045421600342, 10084
4.10338568687439, 10083
4.121386528015137, 10082
4.128386497497559, 10081
4.137557029724121, 10080
4.147822618484497, 10079
4.259518146514893, 10078
4.263519048690796, 10077
4.267576694488525, 10076
4.271573781967163, 10075
4.285705089569092, 10074
4.285705089569092, 10073
4.289759397506714, 10072
4.2937188148498535, 10071
4.2937188148498535, 10070
4.303845405578613, 10069
4.307841539382935, 10068
4.310023069381714, 10067
4.318011283874512, 10066
4.320091247558594, 10065
4.320091247558594, 10064
4.324053525924683, 10063
4.324053525924683, 10062
4.328054428100586, 10061
4.330163478851318, 10060
4.330163478851318, 10059
4.334146976470947, 10058
4.3422136306762695, 10057
4.356501579284668, 10056
4.372846603393555, 10055
4.376847982406616, 10054
4.380848169326782, 10053
4.387886047363281, 10052
4.387886047363281, 10051
4.3939361572265625, 10050
4.409959077835083, 10049
4.420055389404297, 10048
4.4240522384643555, 10047
4.4240522384643555, 10046
4.4271275997161865, 10045
4.4271275997161865, 10044
4.431121587753296, 10043
4.431121587753296, 10042
4.431121587753296, 10041
4.435121536254883, 10040
4.4371747970581055, 10039
4.441168308258057, 10038
4.441168308258057, 10037
4.453183650970459, 10036
4.457187652587891, 10035
4.467416763305664, 10034
4.469676733016968, 10033
4.469676733016968, 10032
4.469676733016968, 10031
4.4736199378967285, 10030
4.4736199378967285, 10029
4.479828596115112, 10028
4.4940385818481445, 10027
4.497995376586914, 10026
4.500247478485107, 10025
4.504230499267578, 10024
4.508714437484741, 10023
4.513749599456787, 10022
4.515748977661133, 10021
4.517752408981323, 10020
4.51971435546875, 10019
4.525712966918945, 10018
4.543675184249878, 10017
4.543675184249878, 10016
4.551623344421387, 10015
4.553722381591797, 10014
4.5577552318573, 10013
4.5577552318573, 10012
4.5577552318573, 10011
4.561752796173096, 10010
4.567729234695435, 10009
4.584142446517944, 10008
4.594240188598633, 10007
4.635683298110962, 10006
4.643681764602661, 10005
4.643681764602661, 10004
4.64798641204834, 10003
4.6519834995269775, 10002
4.658169507980347, 10001
4.658169507980347, 10000
4.6622068881988525, 9999
4.6622068881988525, 9998
4.666167259216309, 9997
4.673579692840576, 9996
4.675577402114868, 9995
4.678734302520752, 9994
4.692692756652832, 9993
4.692692756652832, 9992
4.709896802902222, 9991
4.709896802902222, 9990
4.717924118041992, 9989
4.721290111541748, 9988
4.721290111541748, 9987
4.729234457015991, 9986
4.739363193511963, 9985
4.739363193511963, 9984
4.743026494979858, 9983
4.743026494979858, 9982
4.746984958648682, 9981
4.746984958648682, 9980
4.750983953475952, 9979
4.753031969070435, 9978
4.757020711898804, 9977
4.757020711898804, 9976
4.761061191558838, 9975
4.761061191558838, 9974
4.764297008514404, 9973
4.764297008514404, 9972
4.768240451812744, 9971
4.768240451812744, 9970
4.774520397186279, 9969
4.7825493812561035, 9968
4.785560131072998, 9967
4.795546531677246, 9966
4.799534320831299, 9965
4.814894437789917, 9964
4.8236083984375, 9963
4.831724405288696, 9962
4.833830118179321, 9961
4.833830118179321, 9960
4.837423324584961, 9959
4.841419696807861, 9958
4.84542179107666, 9957
4.942141532897949, 9956
4.946200370788574, 9955
4.960270643234253, 9954
4.960270643234253, 9953
4.968334436416626, 9952
4.968334436416626, 9951
4.976332426071167, 9950
4.986456632614136, 9949
4.986456632614136, 9948
4.994555234909058, 9947
5.000690937042236, 9946
5.004680871963501, 9945
5.012753486633301, 9944
5.020735502243042, 9943
5.026808261871338, 9942
5.026808261871338, 9941
5.030810594558716, 9940
5.030810594558716, 9939
5.034866809844971, 9938
5.034866809844971, 9937
5.046271800994873, 9936
5.058268308639526, 9935
5.060267925262451, 9934
5.162511110305786, 9933
5.166472434997559, 9932
5.180415153503418, 9931
5.204973459243774, 9930
5.204973459243774, 9929
5.2150537967681885, 9928
5.223133563995361, 9927
5.223133563995361, 9926
5.231118440628052, 9925
5.233253479003906, 9924
5.25144624710083, 9923
5.25144624710083, 9922
5.255520820617676, 9921
5.281692028045654, 9920
5.28947377204895, 9919
5.293472528457642, 9918
5.32953143119812, 9917
5.331566572189331, 9916
5.331566572189331, 9915
5.335559606552124, 9914
5.339559555053711, 9913
5.339559555053711, 9912
5.343595743179321, 9911
5.3475823402404785, 9910
5.351582765579224, 9909
5.351582765579224, 9908
5.351582765579224, 9907
5.355620384216309, 9906
5.359607934951782, 9905
5.363610029220581, 9904
5.367685317993164, 9903
5.3756303787231445, 9902
5.3756303787231445, 9901
5.379664659500122, 9900
5.387651681900024, 9899
5.399673700332642, 9898
5.417911767959595, 9897
5.429933786392212, 9896
5.429933786392212, 9895
5.429933786392212, 9894
5.44195294380188, 9893
5.445955991744995, 9892
5.450040102005005, 9891
5.457974672317505, 9890
5.457974672317505, 9889
5.46556830406189, 9888
5.473639965057373, 9887
5.473639965057373, 9886
5.477586984634399, 9885
5.4914515018463135, 9884
5.4914515018463135, 9883
5.495545387268066, 9882
5.530219554901123, 9881
5.534220218658447, 9880
5.538219690322876, 9879
5.538219690322876, 9878
5.5662219524383545, 9877
5.5662219524383545, 9876
5.570231199264526, 9875
5.582657814025879, 9874
5.5926573276519775, 9873
5.611875772476196, 9872
5.629276514053345, 9871
5.6303160190582275, 9870
5.6303160190582275, 9869
5.646329402923584, 9868
5.646329402923584, 9867
5.658327341079712, 9866
5.662328004837036, 9865
5.6663267612457275, 9864
5.674334764480591, 9863
5.674334764480591, 9862
5.6823272705078125, 9861
5.690327882766724, 9860
5.694329261779785, 9859
5.698338747024536, 9858
5.702337026596069, 9857
5.718332290649414, 9856
5.722335577011108, 9855
5.730365037918091, 9854
5.746333837509155, 9853
5.754335641860962, 9852
5.754335641860962, 9851
5.786325931549072, 9850
5.790328025817871, 9849
5.790328025817871, 9848
5.794331073760986, 9847
5.802327871322632, 9846
5.810329914093018, 9845
5.830368518829346, 9844
5.8324668407440186, 9843
5.846593856811523, 9842
5.846593856811523, 9841
5.850590467453003, 9840
5.850590467453003, 9839
5.856693267822266, 9838
5.86295747756958, 9837
5.870957136154175, 9836
5.873178482055664, 9835
5.873178482055664, 9834
5.897454500198364, 9833
5.897454500198364, 9832
5.913724660873413, 9831
5.91776180267334, 9830
5.91776180267334, 9829
5.91776180267334, 9828
5.9240922927856445, 9827
5.928087949752808, 9826
5.928087949752808, 9825
5.9320902824401855, 9824
5.9320902824401855, 9823
5.934417963027954, 9822
5.942412853240967, 9821
5.945294618606567, 9820
5.953275442123413, 9819
5.955504655838013, 9818
5.955504655838013, 9817
5.9657018184661865, 9816
5.9657018184661865, 9815
5.979750156402588, 9814
5.979750156402588, 9813
5.983790159225464, 9812
5.983790159225464, 9811
6.002006530761719, 9810
6.006008625030518, 9809
6.006008625030518, 9808
6.006008625030518, 9807
6.009719610214233, 9806
6.017714262008667, 9805
6.017714262008667, 9804
6.019817352294922, 9803
6.019817352294922, 9802
6.023804426193237, 9801
6.023804426193237, 9800
6.031074285507202, 9799
6.035015106201172, 9798
6.041052579879761, 9797
6.041052579879761, 9796
6.045048952102661, 9795
6.057174921035767, 9794
6.057174921035767, 9793
6.07510232925415, 9792
6.0851428508758545, 9791
6.0851428508758545, 9790
6.122454404830933, 9789
6.124454498291016, 9788
6.1254541873931885, 9787
6.128456354141235, 9786
6.1415557861328125, 9785
6.14555025100708, 9784
6.155778884887695, 9783
6.1675660610198975, 9782
6.171544551849365, 9781
6.175548791885376, 9780
6.1814045906066895, 9779
6.185448169708252, 9778
6.187669277191162, 9777
6.205842018127441, 9776
6.223814487457275, 9775
6.231529712677002, 9774
6.239524841308594, 9773
6.241603374481201, 9772
6.257656574249268, 9771
6.257656574249268, 9770
6.263848066329956, 9769
6.263848066329956, 9768
6.267838716506958, 9767
6.267838716506958, 9766
6.267838716506958, 9765
6.288327932357788, 9764
6.314418792724609, 9763
6.316522121429443, 9762
6.3205602169036865, 9761
6.3205602169036865, 9760
6.340519905090332, 9759
6.35693621635437, 9758
6.35693621635437, 9757
6.36726188659668, 9756
6.371201038360596, 9755
6.387354373931885, 9754
6.3913655281066895, 9753
6.402207851409912, 9752
6.40620493888855, 9751
6.4082770347595215, 9750
6.4082770347595215, 9749
6.412264347076416, 9748
6.412264347076416, 9747
6.41987419128418, 9746
6.423858880996704, 9745
6.430044412612915, 9744
6.434033393859863, 9743
6.4486329555511475, 9742
6.450170278549194, 9741
6.458151340484619, 9740
6.484170913696289, 9739
6.488170623779297, 9738
6.488170623779297, 9737
6.502685785293579, 9736
6.502685785293579, 9735
6.506676197052002, 9734
6.510677099227905, 9733
6.5147364139556885, 9732
6.5147364139556885, 9731
6.51873254776001, 9730
6.5248589515686035, 9729
6.532852411270142, 9728
6.536910057067871, 9727
6.55496072769165, 9726
6.559067487716675, 9725
6.5630645751953125, 9724
6.569117546081543, 9723
6.573115110397339, 9722
6.57939338684082, 9721
6.57939338684082, 9720
6.587389707565308, 9719
6.624032020568848, 9718
6.628430366516113, 9717
6.631438493728638, 9716
6.7176806926727295, 9715
6.731809854507446, 9714
6.7346351146698, 9713
6.7346351146698, 9712
6.738631963729858, 9711
6.738631963729858, 9710
6.7607362270355225, 9709
6.774630546569824, 9708
6.774630546569824, 9707
6.7889697551727295, 9706
6.799110651016235, 9705
6.803104877471924, 9704
6.803104877471924, 9703
6.835340261459351, 9702
6.839339971542358, 9701
6.839339971542358, 9700
6.843340873718262, 9699
6.855346441268921, 9698
6.859340190887451, 9697
6.8633410930633545, 9696
6.875340223312378, 9695
6.879339933395386, 9694
6.883346080780029, 9693
6.883346080780029, 9692
6.883346080780029, 9691
6.903341054916382, 9690
6.911339998245239, 9689
6.911339998245239, 9688
6.911339998245239, 9687
6.915340185165405, 9686
6.931340932846069, 9685
6.935339689254761, 9684
6.935339689254761, 9683
6.947340726852417, 9682
7.063385486602783, 9681
7.067342519760132, 9680
7.071340560913086, 9679
7.075348138809204, 9678
7.075348138809204, 9677
7.079346656799316, 9676
7.087341785430908, 9675
7.10334324836731, 9674
7.109225749969482, 9673
7.109225749969482, 9672
7.119438171386719, 9671
7.133480548858643, 9670
7.153761148452759, 9669
7.156009912490845, 9668
7.156009912490845, 9667
7.159989833831787, 9666
7.168149471282959, 9665
7.1721436977386475, 9664
7.180646657943726, 9663
7.1946492195129395, 9662
7.1956493854522705, 9661
7.198657035827637, 9660
7.199399948120117, 9659
7.203402280807495, 9658
7.203402280807495, 9657
7.235677719116211, 9656
7.236752271652222, 9655
7.251985311508179, 9654
7.267989635467529, 9653
7.271991014480591, 9652
7.274888277053833, 9651
7.294913291931152, 9650
7.301024436950684, 9649
7.317040920257568, 9648
7.319206714630127, 9647
7.331271648406982, 9646
7.335221529006958, 9645
7.3413214683532715, 9644
7.3453123569488525, 9643
7.353379964828491, 9642
7.361330270767212, 9641
7.361330270767212, 9640
7.363516330718994, 9639
7.371505260467529, 9638
7.375573396682739, 9637
7.379523992538452, 9636
7.385756254196167, 9635
7.397819995880127, 9634
7.411692380905151, 9633
7.411692380905151, 9632
7.415693759918213, 9631
7.419752597808838, 9630
7.42371129989624, 9629
7.44972562789917, 9628
7.453604221343994, 9627
7.457592487335205, 9626
7.461590051651001, 9625
7.461590051651001, 9624
7.483895778656006, 9623
7.483895778656006, 9622
7.5060858726501465, 9621
7.5060858726501465, 9620
7.51815128326416, 9619
7.526103973388672, 9618
7.542368173599243, 9617
7.546363115310669, 9616
7.546363115310669, 9615
7.562487363815308, 9614
7.6031577587127686, 9613
7.613183259963989, 9612
7.627561807632446, 9611
7.633615016937256, 9610
7.637614965438843, 9609
7.637614965438843, 9608
7.641655206680298, 9607
7.643979072570801, 9606
7.647971153259277, 9605
7.647971153259277, 9604
7.658046722412109, 9603
7.669209003448486, 9602
7.679255723953247, 9601
7.683295249938965, 9600
7.683295249938965, 9599
7.6943395137786865, 9598
7.696346282958984, 9597
7.697345972061157, 9596
7.706338405609131, 9595
7.71134090423584, 9594
7.715883255004883, 9593
7.721404075622559, 9592
7.73746395111084, 9591
7.7435081005096436, 9590
7.74947190284729, 9589
7.759588956832886, 9588
7.767560720443726, 9587
7.767560720443726, 9586
7.771599531173706, 9585
7.775559663772583, 9584
7.791837692260742, 9583
7.795798063278198, 9582
7.812211036682129, 9581
7.81624436378479, 9580
7.8242058753967285, 9579
7.828204870223999, 9578
7.832217216491699, 9577
7.832217216491699, 9576
7.836205720901489, 9575
7.840205430984497, 9574
7.856206178665161, 9573
7.856206178665161, 9572
7.884205341339111, 9571
7.9002063274383545, 9570
7.904205322265625, 9569
7.908204793930054, 9568
7.908204793930054, 9567
7.912205934524536, 9566
7.912205934524536, 9565
7.916205883026123, 9564
7.924206733703613, 9563
7.932209730148315, 9562
7.932209730148315, 9561
7.936206340789795, 9560
7.944207429885864, 9559
7.948210954666138, 9558
7.952204942703247, 9557
7.960213661193848, 9556
7.9722044467926025, 9555
7.9722044467926025, 9554
7.976205825805664, 9553
7.992204904556274, 9552
7.992204904556274, 9551
7.99620509147644, 9550
7.99620509147644, 9549
8.000204801559448, 9548
8.000204801559448, 9547
8.016205310821533, 9546
8.036206483840942, 9545
8.040205717086792, 9544
8.040205717086792, 9543
8.044205904006958, 9542
8.044205904006958, 9541
8.048205614089966, 9540
8.052205801010132, 9539
8.064205169677734, 9538
8.084206342697144, 9537
8.088204383850098, 9536
8.088204383850098, 9535
8.092205047607422, 9534
8.092205047607422, 9533
8.096205234527588, 9532
8.104205131530762, 9531
8.104205131530762, 9530
8.108205318450928, 9529
8.112205028533936, 9528
8.11620545387268, 9527
8.13620638847351, 9526
8.164205312728882, 9525
8.164205312728882, 9524
8.172205448150635, 9523
8.184206485748291, 9522
8.192204713821411, 9521
8.192204713821411, 9520
8.200205326080322, 9519
8.208204984664917, 9518
8.234601020812988, 9517
8.23560094833374, 9516
8.236600875854492, 9515
8.249150514602661, 9514
8.250688314437866, 9513
8.250688314437866, 9512
8.250688314437866, 9511
8.258669376373291, 9510
8.258669376373291, 9509
8.266704797744751, 9508
8.270669221878052, 9507
8.282669067382812, 9506
8.286713361740112, 9505
8.29067325592041, 9504
8.29866886138916, 9503
8.29866886138916, 9502
8.318670749664307, 9501
8.326669216156006, 9500
8.326669216156006, 9499
8.330668449401855, 9498
8.34666919708252, 9497
8.350667953491211, 9496
8.354703426361084, 9495
8.362669467926025, 9494
8.37858510017395, 9493
8.37858510017395, 9492
8.37858510017395, 9491
8.390689849853516, 9490
8.390689849853516, 9489
8.4211106300354, 9488
8.431196212768555, 9487
8.431196212768555, 9486
8.451411962509155, 9485
8.459482669830322, 9484
8.461544752120972, 9483
8.461544752120972, 9482
8.469596862792969, 9481
8.471629858016968, 9480
8.471629858016968, 9479
8.471629858016968, 9478
8.479707479476929, 9477
8.481780767440796, 9476
8.489872455596924, 9475
8.501997470855713, 9474
8.532278537750244, 9473
8.532278537750244, 9472
8.532278537750244, 9471
8.542342185974121, 9470
8.542342185974121, 9469
8.542342185974121, 9468
8.55246090888977, 9467
8.572638988494873, 9466
8.572638988494873, 9465
8.582696199417114, 9464
8.582696199417114, 9463
8.592881202697754, 9462
8.602936506271362, 9461
8.602936506271362, 9460
8.613081932067871, 9459
8.653546810150146, 9458
8.653546810150146, 9457
8.663637161254883, 9456
8.663637161254883, 9455
8.663637161254883, 9454
8.694369077682495, 9453
8.694369077682495, 9452
8.704428434371948, 9451
8.704428434371948, 9450
8.704428434371948, 9449
8.704428434371948, 9448
8.7145676612854, 9447
8.7145676612854, 9446
8.724622011184692, 9445
8.754368305206299, 9444
8.759366035461426, 9443
8.766584873199463, 9442
8.776628255844116, 9441
8.786006927490234, 9440
8.79611849784851, 9439
8.79611849784851, 9438
8.79611849784851, 9437
8.79611849784851, 9436
8.828474283218384, 9435
8.846637964248657, 9434
8.856716394424438, 9433
8.86687707901001, 9432
8.86687707901001, 9431
8.86687707901001, 9430
8.86687707901001, 9429
8.87493109703064, 9428
8.877028465270996, 9427
8.895212888717651, 9426
8.897302389144897, 9425
8.897302389144897, 9424
8.897302389144897, 9423
8.897302389144897, 9422
8.907406330108643, 9421
8.917558431625366, 9420
8.966016054153442, 9419
8.968054294586182, 9418
8.968054294586182, 9417
8.968054294586182, 9416
8.978135108947754, 9415
8.98619794845581, 9414
8.988270044326782, 9413
8.998319387435913, 9412
8.998319387435913, 9411
9.006433725357056, 9410
9.006433725357056, 9409
9.008520364761353, 9408
9.056979894638062, 9407
9.069087982177734, 9406
9.069087982177734, 9405
9.089273452758789, 9404
9.097358465194702, 9403
9.109468936920166, 9402
9.109468936920166, 9401
9.1175537109375, 9400
9.1175537109375, 9399
9.129680633544922, 9398
9.14995813369751, 9397
9.160079002380371, 9396
9.178253173828125, 9395
9.180325508117676, 9394
9.190409898757935, 9393
9.198461294174194, 9392
9.200558423995972, 9391
9.200558423995972, 9390
9.200558423995972, 9389
9.200558423995972, 9388
9.200558423995972, 9387
9.21065354347229, 9386
9.22079086303711, 9385
9.228879928588867, 9384
9.228879928588867, 9383
9.230922222137451, 9382
9.230922222137451, 9381
9.26133108139038, 9380
9.26133108139038, 9379
9.2714524269104, 9378
9.2714524269104, 9377
9.29405403137207, 9376
9.295051097869873, 9375
9.315439462661743, 9374
9.330172777175903, 9373
9.332253217697144, 9372
9.332253217697144, 9371
9.342344284057617, 9370
9.362542390823364, 9369
9.362542390823364, 9368
9.372730016708374, 9367
9.372730016708374, 9366
9.382824182510376, 9365
9.392973899841309, 9364
9.392973899841309, 9363
9.401017904281616, 9362
9.401017904281616, 9361
9.403056383132935, 9360
9.433490753173828, 9359
9.451663732528687, 9358
9.451663732528687, 9357
9.453746557235718, 9356
9.46390438079834, 9355
9.471951961517334, 9354
9.473984956741333, 9353
9.504278182983398, 9352
9.512333393096924, 9351
9.514370441436768, 9350
9.514370441436768, 9349
9.522417068481445, 9348
9.524457454681396, 9347
9.524457454681396, 9346
9.534591674804688, 9345
9.542633533477783, 9344
9.564780473709106, 9343
9.564780473709106, 9342
9.564780473709106, 9341
9.572848320007324, 9340
9.584945917129517, 9339
9.679850578308105, 9338
9.70814061164856, 9337
9.71828556060791, 9336
9.71828556060791, 9335
9.726324558258057, 9334
9.72834849357605, 9333
9.738550901412964, 9332
9.738550901412964, 9331
9.748624324798584, 9330
9.748624324798584, 9329
9.748624324798584, 9328
9.758700609207153, 9327
9.768787860870361, 9326
9.788965702056885, 9325
9.799044847488403, 9324
9.80911135673523, 9323
9.80911135673523, 9322
9.80911135673523, 9321
9.80911135673523, 9320
9.818663835525513, 9319
9.827629327774048, 9318
9.830627679824829, 9317
9.84762692451477, 9316
9.848795413970947, 9315
9.859772682189941, 9314
9.8677818775177, 9313
9.867835283279419, 9312
9.869866609573364, 9311
9.890087842941284, 9310
9.91879677772522, 9309
9.920833349227905, 9308
9.941066980361938, 9307
9.941066980361938, 9306
9.96131682395935, 9305
9.96131682395935, 9304
9.971489429473877, 9303
9.971489429473877, 9302
9.98967170715332, 9301
10.001845121383667, 9300
10.001845121383667, 9299
10.001845121383667, 9298
10.001845121383667, 9297
10.020065784454346, 9296
10.022104501724243, 9295
10.032227516174316, 9294
10.036259174346924, 9293
10.060823917388916, 9292
10.062845945358276, 9291
10.062845945358276, 9290
10.062845945358276, 9289
10.062845945358276, 9288
10.072894096374512, 9287
10.072894096374512, 9286
10.081008672714233, 9285
10.083035945892334, 9284
10.083035945892334, 9283
10.113354682922363, 9282
10.123462915420532, 9281
10.153724431991577, 9280
10.161814212799072, 9279
10.163882970809937, 9278
10.163882970809937, 9277
10.18410062789917, 9276
10.194187641143799, 9275
10.194187641143799, 9274
10.204299449920654, 9273
10.212366104125977, 9272
10.214394330978394, 9271
10.22447156906128, 9270
10.234620809555054, 9269
10.265069961547852, 9268
10.273099422454834, 9267
10.275121927261353, 9266
10.275121927261353, 9265
10.295325517654419, 9264
10.295325517654419, 9263
10.295325517654419, 9262
10.568906545639038, 9261
10.57900595664978, 9260
10.587079763412476, 9259
10.589138746261597, 9258
10.589138746261597, 9257
10.841804265975952, 9256
10.841804265975952, 9255
10.8499014377594, 9254
10.851966857910156, 9253
10.851966857910156, 9252
10.860008478164673, 9251
10.862054109573364, 9250
10.87011456489563, 9249
10.872169733047485, 9248
10.8905611038208, 9247
10.921306610107422, 9246
10.927305698394775, 9245
10.928305387496948, 9244
10.961452960968018, 9243
10.96349549293518, 9242
10.981657028198242, 9241
10.983689546585083, 9240
10.983689546585083, 9239
11.014099836349487, 9238
11.014099836349487, 9237
11.024190425872803, 9236
11.03426742553711, 9235
11.03426742553711, 9234
11.03426742553711, 9233
11.04231882095337, 9232
11.054544925689697, 9231
11.054544925689697, 9230
11.074777126312256, 9229
11.082871913909912, 9228
11.095028400421143, 9227
11.105197191238403, 9226
11.105197191238403, 9225
11.12547779083252, 9224
11.1334867477417, 9223
11.136328220367432, 9222
11.156495332717896, 9221
11.156495332717896, 9220
11.166563749313354, 9219
11.174672603607178, 9218
11.196996212005615, 9217
11.213629245758057, 9216
11.220877408981323, 9215
11.227387189865112, 9214
11.247608423233032, 9213
11.257667303085327, 9212
11.275922536849976, 9211
11.27797245979309, 9210
11.27797245979309, 9209
11.288117408752441, 9208
11.288117408752441, 9207
11.306255102157593, 9206
11.318464040756226, 9205
11.358988046646118, 9204
11.369073629379272, 9203
11.379188537597656, 9202
11.389305591583252, 9201
11.389305591583252, 9200
11.389305591583252, 9199
11.408063411712646, 9198
11.42410945892334, 9197
11.431771278381348, 9196
11.44067096710205, 9195
11.44067096710205, 9194
11.458847999572754, 9193
11.460878133773804, 9192
11.501338958740234, 9191
11.501338958740234, 9190
11.511427402496338, 9189
11.511427402496338, 9188
11.519490718841553, 9187
11.521546602249146, 9186
11.53162169456482, 9185
11.53162169456482, 9184
11.541725873947144, 9183
11.551822423934937, 9182
11.55984902381897, 9181
11.561867952346802, 9180
11.592175722122192, 9179
11.592175722122192, 9178
11.592175722122192, 9177
11.592175722122192, 9176
11.600202083587646, 9175
11.602232933044434, 9174
11.61233401298523, 9173
11.61233401298523, 9172
11.622386693954468, 9171
11.622386693954468, 9170
11.622386693954468, 9169
11.632530927658081, 9168
11.632530927658081, 9167
11.632530927658081, 9166
11.632530927658081, 9165
11.650644302368164, 9164
11.653528928756714, 9163
11.663586854934692, 9162
11.673718690872192, 9161
11.68379020690918, 9160
11.68379020690918, 9159
11.704018592834473, 9158
11.704018592834473, 9157
11.7221999168396, 9156
11.734341144561768, 9155
11.744390487670898, 9154
11.744390487670898, 9153
11.752405643463135, 9152
11.754930257797241, 9151
11.765011310577393, 9150
11.775130033493042, 9149
11.795358896255493, 9148
11.803426265716553, 9147
11.813501596450806, 9146
11.815612316131592, 9145
11.82574200630188, 9144
11.856083631515503, 9143
11.876278638839722, 9142
11.876278638839722, 9141
11.88633942604065, 9140
11.904515504837036, 9139
11.906540870666504, 9138
11.916704654693604, 9137
11.945460796356201, 9136
11.965555906295776, 9135
11.965555906295776, 9134
11.965555906295776, 9133
11.977675199508667, 9132
11.977675199508667, 9131
11.987795114517212, 9130
11.998828411102295, 9129
12.000913381576538, 9128
12.01137924194336, 9127
12.016911745071411, 9126
12.02905559539795, 9125
12.02905559539795, 9124
12.037144899368286, 9123
12.211301803588867, 9122
12.221409320831299, 9121
12.231565475463867, 9120
12.231565475463867, 9119
12.241692781448364, 9118
12.241692781448364, 9117
12.261956930160522, 9116
12.261956930160522, 9115
12.270044088363647, 9114
12.290329217910767, 9113
12.292407274246216, 9112
12.302505016326904, 9111
12.312633991241455, 9110
12.312633991241455, 9109
12.320748329162598, 9108
12.322786808013916, 9107
12.322786808013916, 9106
12.322786808013916, 9105
12.332880735397339, 9104
12.363593578338623, 9103
12.381739616394043, 9102
12.381739616394043, 9101
12.393880128860474, 9100
12.393880128860474, 9099
12.393880128860474, 9098
12.401952505111694, 9097
12.414071321487427, 9096
12.424170017242432, 9095
12.424170017242432, 9094
12.424170017242432, 9093
12.424170017242432, 9092
12.434229850769043, 9091
12.454444885253906, 9090
12.48096227645874, 9089
12.482934951782227, 9088
12.484965801239014, 9087
12.484965801239014, 9086
12.484965801239014, 9085
12.493029594421387, 9084
12.493029594421387, 9083
12.495114088058472, 9082
12.503143072128296, 9081
12.503143072128296, 9080
12.525362730026245, 9079
12.525362730026245, 9078
12.525362730026245, 9077
12.533453464508057, 9076
12.585996866226196, 9075
12.630943059921265, 9074
12.632989406585693, 9073
12.636845588684082, 9072
12.657084941864014, 9071
12.667168617248535, 9070
12.677219867706299, 9069
12.685266971588135, 9068
12.687290906906128, 9067
12.695334434509277, 9066
12.697396278381348, 9065
12.70746660232544, 9064
12.717571258544922, 9063
12.76801061630249, 9062
12.786130428314209, 9061
12.788159608840942, 9060
12.808343410491943, 9059
12.818505048751831, 9058
12.82657790184021, 9057
12.838785409927368, 9056
12.838785409927368, 9055
12.869154930114746, 9054
12.887322425842285, 9053
12.889363288879395, 9052
12.899452447891235, 9051
12.899452447891235, 9050
12.899452447891235, 9049
12.907527923583984, 9048
12.909622192382812, 9047
12.91970157623291, 9046
12.91970157623291, 9045
12.91970157623291, 9044
12.929890871047974, 9043
12.939961194992065, 9042
12.939961194992065, 9041
12.939961194992065, 9040
12.950124979019165, 9039
12.96019959449768, 9038
12.970720291137695, 9037
12.970720291137695, 9036
12.970720291137695, 9035
12.98081111907959, 9034
12.98081111907959, 9033
12.995299816131592, 9032
12.996298551559448, 9031
13.002299070358276, 9030
13.01129937171936, 9029
13.01430082321167, 9028
13.014618158340454, 9027
13.014618158340454, 9026
13.019188404083252, 9025
13.021290063858032, 9024
13.021290063858032, 9023
13.031343460083008, 9022
13.039360046386719, 9021
13.051608800888062, 9020
13.051608800888062, 9019
13.05970025062561, 9018
13.0617835521698, 9017
13.071864366531372, 9016
13.071864366531372, 9015
13.081996440887451, 9014
13.09206771850586, 9013
13.102201223373413, 9012
13.122378826141357, 9011
13.13246488571167, 9010
13.142522811889648, 9009
13.142522811889648, 9008
13.142522811889648, 9007
13.142522811889648, 9006
13.152692556381226, 9005
13.16072130203247, 9004
13.172908782958984, 9003
13.182978868484497, 9002
13.182978868484497, 9001
13.182978868484497, 9000
13.203250169754028, 8999
13.203250169754028, 8998
13.211307287216187, 8997
13.233491897583008, 8996
13.243525743484497, 8995
13.243547201156616, 8994
13.263713598251343, 8993
13.283910274505615, 8992
13.304123401641846, 8991
13.314207315444946, 8990
13.322242975234985, 8989
13.32428789138794, 8988
13.34246563911438, 8987
13.364718198776245, 8986
13.372777700424194, 8985
13.382889032363892, 8984
13.394999265670776, 8983
13.40513277053833, 8982
13.415202856063843, 8981
13.455727100372314, 8980
13.455727100372314, 8979
13.459999561309814, 8978
13.464013814926147, 8977
13.47204303741455, 8976
13.52466869354248, 8975
13.525667667388916, 8974
13.532671928405762, 8973
13.543668985366821, 8972
13.556874752044678, 8971
13.822131633758545, 8970
13.826133728027344, 8969
13.83812928199768, 8968
13.8461332321167, 8967
13.8461332321167, 8966
13.854131698608398, 8965
13.854131698608398, 8964
13.870131731033325, 8963
13.874224185943604, 8962
13.874224185943604, 8961
13.88449215888977, 8960
13.892492055892944, 8959
13.940983295440674, 8958
13.948918581008911, 8957
13.952948093414307, 8956
13.972962379455566, 8955
13.97703218460083, 8954
13.999940156936646, 8953
14.01193380355835, 8952
14.033945560455322, 8951
14.0442476272583, 8950
14.053719282150269, 8949
14.066723585128784, 8948
14.085052490234375, 8947
14.09304404258728, 8946
14.09304404258728, 8945
14.097123146057129, 8944
14.101064205169678, 8943
14.101064205169678, 8942
14.133279800415039, 8941
14.141351461410522, 8940
14.151381731033325, 8939
14.151381731033325, 8938
14.155371189117432, 8937
14.167393684387207, 8936
14.167393684387207, 8935
14.177592039108276, 8934
14.185662269592285, 8933
14.193612098693848, 8932
14.195724964141846, 8931
14.199718236923218, 8930
14.218424797058105, 8929
14.218424797058105, 8928
14.226422786712646, 8927
14.226422786712646, 8926
14.234440088272095, 8925
14.238438367843628, 8924
14.240625381469727, 8923
14.24861478805542, 8922
14.25663423538208, 8921
14.270923614501953, 8920
14.274994611740112, 8919
14.278945922851562, 8918
14.28522801399231, 8917
14.293217897415161, 8916
14.293217897415161, 8915
14.297257900238037, 8914
14.297257900238037, 8913
14.355735778808594, 8912
14.359732389450073, 8911
14.363657236099243, 8910
14.382004261016846, 8909
14.400220394134521, 8908
14.406380414962769, 8907
14.406380414962769, 8906
14.415696859359741, 8905
14.430760383605957, 8904
14.448912858963013, 8903
14.452866077423096, 8902
14.456867933273315, 8901
14.463144063949585, 8900
14.48123812675476, 8899
14.50719690322876, 8898
14.515234470367432, 8897
14.539846897125244, 8896
14.551865100860596, 8895
14.555866718292236, 8894
14.555866718292236, 8893
14.559900999069214, 8892
14.58350682258606, 8891
14.596507549285889, 8890
14.631782293319702, 8889
14.63797664642334, 8888
14.641979455947876, 8887
14.654000520706177, 8886
14.685441255569458, 8885
14.698625802993774, 8884
14.706583023071289, 8883
14.734894752502441, 8882
14.734894752502441, 8881
14.738895654678345, 8880
14.773063898086548, 8879
14.801098585128784, 8878
14.801098585128784, 8877
14.814884185791016, 8876
14.814884185791016, 8875
14.822914123535156, 8874
14.83436369895935, 8873
14.842332601547241, 8872
14.856716394424438, 8871
14.856716394424438, 8870
14.860702276229858, 8869
14.864702224731445, 8868
14.882775068283081, 8867
14.886775493621826, 8866
14.89085078239441, 8865
14.906818389892578, 8864
14.913193702697754, 8863
14.931298732757568, 8862
14.957666873931885, 8861
14.965614318847656, 8860
14.965614318847656, 8859
14.997846841812134, 8858
15.023993730545044, 8857
15.041919231414795, 8856
15.045959234237671, 8855
15.0602707862854, 8854
15.0602707862854, 8853
15.0602707862854, 8852
15.06833791732788, 8851
15.06833791732788, 8850
15.076286315917969, 8849
15.101917266845703, 8848
15.11751127243042, 8847
15.118511438369751, 8846
15.12451434135437, 8845
15.140822649002075, 8844
15.142863988876343, 8843
15.154930591583252, 8842
15.154930591583252, 8841
15.221388578414917, 8840
15.23340654373169, 8839
15.23340654373169, 8838
15.237407922744751, 8837
15.240424871444702, 8836
15.244415760040283, 8835
15.252490043640137, 8834
15.25643539428711, 8833
15.25643539428711, 8832
15.278543710708618, 8831
15.288829326629639, 8830
15.296858787536621, 8829
15.306934118270874, 8828
15.310927629470825, 8827
15.310927629470825, 8826
15.318993091583252, 8825
15.32294487953186, 8824
15.366927862167358, 8823
15.373195171356201, 8822
15.381186962127686, 8821
15.38920521736145, 8820
15.395373106002808, 8819
15.395373106002808, 8818
15.403365135192871, 8817
15.411386251449585, 8816
15.411386251449585, 8815
15.429669857025146, 8814
15.466033458709717, 8813
15.47409701347351, 8812
15.498328924179077, 8811
15.513349294662476, 8810
15.519492626190186, 8809
15.534800291061401, 8808
15.548192501068115, 8807
15.552187204360962, 8806
15.56223726272583, 8805
15.573620557785034, 8804
15.601003170013428, 8803
15.616965770721436, 8802
15.616965770721436, 8801
15.644180297851562, 8800
15.650180339813232, 8799
15.660179615020752, 8798
15.669490337371826, 8797
15.69166898727417, 8796
15.69166898727417, 8795
15.695671319961548, 8794
15.709733247756958, 8793
15.717719793319702, 8792
15.720027208328247, 8791
15.750110149383545, 8790
15.774267673492432, 8789
15.784140586853027, 8788
15.788177013397217, 8787
15.794382333755493, 8786
15.794382333755493, 8785
15.794382333755493, 8784
15.804560661315918, 8783
15.820196151733398, 8782
15.822336435317993, 8781
15.834398746490479, 8780
15.834398746490479, 8779
15.834398746490479, 8778
15.852619171142578, 8777
15.867236375808716, 8776
15.875271558761597, 8775
15.875271558761597, 8774
15.878883600234985, 8773
15.882834672927856, 8772
15.893200635910034, 8771
15.893200635910034, 8770
15.900498628616333, 8769
15.904500007629395, 8768
15.91067099571228, 8767
15.914658308029175, 8766
15.91866135597229, 8765
15.936964511871338, 8764
15.940972566604614, 8763
15.962571144104004, 8762
15.962571144104004, 8761
15.962571144104004, 8760
15.986849308013916, 8759
16.006849765777588, 8758
16.022849082946777, 8757
16.046854496002197, 8756
16.054855823516846, 8755
16.054855823516846, 8754
16.058852195739746, 8753
16.089341163635254, 8752
16.093339920043945, 8751
16.097342491149902, 8750
16.097342491149902, 8749
16.113532781600952, 8748
16.121516704559326, 8747
16.123843908309937, 8746
16.127837657928467, 8745
16.13587212562561, 8744
16.168019771575928, 8743
16.171996593475342, 8742
16.188558340072632, 8741
16.19055700302124, 8740
16.19155740737915, 8739
16.200559854507446, 8738
16.202558755874634, 8737
16.221829652786255, 8736
16.225897312164307, 8735
16.239890098571777, 8734
16.239890098571777, 8733
16.245808362960815, 8732
16.280495405197144, 8731
16.296571254730225, 8730
16.30680227279663, 8729
16.325036764144897, 8728
16.335373878479004, 8727
16.359684705734253, 8726
16.371866464614868, 8725
16.415647745132446, 8724
16.4196355342865, 8723
16.423674821853638, 8722
16.426304578781128, 8721
16.430299758911133, 8720
16.44761085510254, 8719
16.465734720230103, 8718
16.479199171066284, 8717
16.49323296546936, 8716
16.50327706336975, 8715
16.5113365650177, 8714
16.521448850631714, 8713
16.52544069290161, 8712
16.533544778823853, 8711
16.547662258148193, 8710
16.547662258148193, 8709
16.559720039367676, 8708
16.573976516723633, 8707
16.57733917236328, 8706
16.63779854774475, 8705
16.64407205581665, 8704
16.64807415008545, 8703
16.66819953918457, 8702
16.674544095993042, 8701
16.694958686828613, 8700
16.726316928863525, 8699
16.73548412322998, 8698
16.741727590560913, 8697
16.745721101760864, 8696
16.745721101760864, 8695
16.74972105026245, 8694
16.99526309967041, 8693
17.00135850906372, 8692
17.011576414108276, 8691
17.041629314422607, 8690
17.091257572174072, 8689
17.093442678451538, 8688
17.115211009979248, 8687
17.127647876739502, 8686
17.131641387939453, 8685
17.135646104812622, 8684
17.141765356063843, 8683
17.147918701171875, 8682
17.184237480163574, 8681
17.21210741996765, 8680
17.220130443572998, 8679
17.22279191017151, 8678
17.235034704208374, 8677
17.235034704208374, 8676
17.235034704208374, 8675
17.304413318634033, 8674
17.308412790298462, 8673
17.69999361038208, 8672
17.69999361038208, 8671
17.703994750976562, 8670
17.726154565811157, 8669
17.726154565811157, 8668
17.730225563049316, 8667
17.754432678222656, 8666
17.754432678222656, 8665
17.773399829864502, 8664
17.792104721069336, 8663
17.806764841079712, 8662
17.837279796600342, 8661
17.837279796600342, 8660
17.845271825790405, 8659
17.867541551589966, 8658
17.943793535232544, 8657
17.943793535232544, 8656
17.962071418762207, 8655
17.970069646835327, 8654
17.98207378387451, 8653
17.98607039451599, 8652
18.018069982528687, 8651
18.022070169448853, 8650
18.022070169448853, 8649
18.022070169448853, 8648
18.030070066452026, 8647
18.06610918045044, 8646
18.06610918045044, 8645
18.074071407318115, 8644
18.102072954177856, 8643
18.106080055236816, 8642
18.110069751739502, 8641
18.118070602416992, 8640
18.118070602416992, 8639
18.142070293426514, 8638
18.186182498931885, 8637
18.19018292427063, 8636
18.20218300819397, 8635
18.20218300819397, 8634
18.238183975219727, 8633
18.238183975219727, 8632
18.246182680130005, 8631
18.246182680130005, 8630
18.250182151794434, 8629
18.286184787750244, 8628
18.307714700698853, 8627
18.310714721679688, 8626
18.319713592529297, 8625
18.320715188980103, 8624
18.330721616744995, 8623
18.343725442886353, 8622
18.34772777557373, 8621
18.363826751708984, 8620
18.363826751708984, 8619
18.39557123184204, 8618
18.439871788024902, 8617
18.47005605697632, 8616
18.48834466934204, 8615
18.48834466934204, 8614
18.498314142227173, 8613
18.514333724975586, 8612
18.518330097198486, 8611
18.5207200050354, 8610
18.538779497146606, 8609
18.541476488113403, 8608
18.579730987548828, 8607
18.6081280708313, 8606
18.6081280708313, 8605
18.634236097335815, 8604
18.651273250579834, 8603
18.673842191696167, 8602
18.685908794403076, 8601
18.716118812561035, 8600
18.722416877746582, 8599
18.748459100723267, 8598
18.76663327217102, 8597
18.786858320236206, 8596
18.786858320236206, 8595
18.81720232963562, 8594
18.81720232963562, 8593
18.83170199394226, 8592
18.837703943252563, 8591
18.851803302764893, 8590
18.85983657836914, 8589
18.85983657836914, 8588
18.870201349258423, 8587
18.874156951904297, 8586
18.88647699356079, 8585
18.89047908782959, 8584
18.89454746246338, 8583
18.912824630737305, 8582
18.926785945892334, 8581
18.969109296798706, 8580
18.993201971054077, 8579
19.00119185447693, 8578
19.00526213645935, 8577
19.00526213645935, 8576
19.009212493896484, 8575
19.009212493896484, 8574
19.031309127807617, 8573
19.053423166275024, 8572
19.0651593208313, 8571
19.083305597305298, 8570
19.08333945274353, 8569
19.121825695037842, 8568
19.143802881240845, 8567
19.160922050476074, 8566
19.196447372436523, 8565
19.232091426849365, 8564
19.236037969589233, 8563
19.236037969589233, 8562
19.24003839492798, 8561
19.242092609405518, 8560
19.26653504371643, 8559
19.280758142471313, 8558
19.309301137924194, 8557
19.329408168792725, 8556
19.333409786224365, 8555
19.360896110534668, 8554
19.36489772796631, 8553
19.365898847579956, 8552
19.371895790100098, 8551
19.372896432876587, 8550
19.37489628791809, 8549
19.414024114608765, 8548
19.414024114608765, 8547
19.458916664123535, 8546
19.462874174118042, 8545
19.476748943328857, 8544
19.53386163711548, 8543
19.549950122833252, 8542
19.584046602249146, 8541
19.584046602249146, 8540
19.590404272079468, 8539
19.594388008117676, 8538
19.608511447906494, 8537
19.608511447906494, 8536
19.621795654296875, 8535
19.654786586761475, 8534
19.654786586761475, 8533
19.662797212600708, 8532
19.670057773590088, 8531
19.68941903114319, 8530
19.705418825149536, 8529
19.707695722579956, 8528
19.734211921691895, 8527
19.734211921691895, 8526
19.741454601287842, 8525
19.741454601287842, 8524
19.755557537078857, 8523
19.755557537078857, 8522
19.763366222381592, 8521
19.767364978790283, 8520
19.829413175582886, 8519
19.855616331100464, 8518
19.86361074447632, 8517
19.865644931793213, 8516
19.86965322494507, 8515
19.873660802841187, 8514
19.875967502593994, 8513
19.900318145751953, 8512
19.93049669265747, 8511
19.94243550300598, 8510
19.96702742576599, 8509
19.96702742576599, 8508
19.999024152755737, 8507
20.007023334503174, 8506
20.015023231506348, 8505
20.043023586273193, 8504
20.075023412704468, 8503
20.075023412704468, 8502
20.075023412704468, 8501
20.079023599624634, 8500
20.12702465057373, 8499
20.171025037765503, 8498
20.175023794174194, 8497
20.175023794174194, 8496
20.17902374267578, 8495
20.191025018692017, 8494
20.191025018692017, 8493
20.231024265289307, 8492
20.32706570625305, 8491
20.32940125465393, 8490
20.32940125465393, 8489
20.337395906448364, 8488
20.35090208053589, 8487
20.35090208053589, 8486
20.369081020355225, 8485
20.413254976272583, 8484
20.431421279907227, 8483
20.443493604660034, 8482
20.45352554321289, 8481
20.499403953552246, 8480
20.511192083358765, 8479
20.51735019683838, 8478
20.59940481185913, 8477
20.62560248374939, 8476
20.629581212997437, 8475
20.633580207824707, 8474
20.64367437362671, 8473
20.71764826774597, 8472
20.719828844070435, 8471
20.730028867721558, 8470
20.74020266532898, 8469
20.750221967697144, 8468
20.764174938201904, 8467
20.764174938201904, 8466
20.77843713760376, 8465
20.780669689178467, 8464
20.790738582611084, 8463
20.798683643341064, 8462
20.80478596687317, 8461
20.808786869049072, 8460
20.826989889144897, 8459
20.83505368232727, 8458
20.84304976463318, 8457
20.859394311904907, 8456
20.86961078643799, 8455
20.875754594802856, 8454
20.88374090194702, 8453
20.924599409103394, 8452
20.934743404388428, 8451
20.94508409500122, 8450
20.950119495391846, 8449
20.984827518463135, 8448
20.988831996917725, 8447
20.995121717453003, 8446
21.005209922790527, 8445
21.03451418876648, 8444
21.071356058120728, 8443
21.1045982837677, 8442
21.118760108947754, 8441
21.1409170627594, 8440
21.14491295814514, 8439
21.15502166748047, 8438
21.169766664505005, 8437
21.193994522094727, 8436
21.19803547859192, 8435
21.226773977279663, 8434
21.226773977279663, 8433
21.251916646957397, 8432
21.267914533615112, 8431
21.27810549736023, 8430
21.282130479812622, 8429
21.286097288131714, 8428
21.308488845825195, 8427
21.312484741210938, 8426
21.336474657058716, 8425
21.338570594787598, 8424
21.350314378738403, 8423
21.354278802871704, 8422
21.393803596496582, 8421
21.515918493270874, 8420
21.56274652481079, 8419
21.56274652481079, 8418
21.59310245513916, 8417
21.665823221206665, 8416
21.669816970825195, 8415
21.669816970825195, 8414
21.683883666992188, 8413
21.683883666992188, 8412
21.707878828048706, 8411
21.711879014968872, 8410
21.719878435134888, 8409
21.759880304336548, 8408
21.767882108688354, 8407
21.799879550933838, 8406
21.807881593704224, 8405
21.81588387489319, 8404
21.827882766723633, 8403
21.831883192062378, 8402
21.847882509231567, 8401
21.863883018493652, 8400
21.871880054473877, 8399
21.87588405609131, 8398
21.89402198791504, 8397
21.89402198791504, 8396
21.924375295639038, 8395
21.938514709472656, 8394
21.938514709472656, 8393
21.942508220672607, 8392
21.942508220672607, 8391
21.950305461883545, 8390
21.950305461883545, 8389
21.972459077835083, 8388
21.972459077835083, 8387
22.16599178314209, 8386
22.16997528076172, 8385
22.177117824554443, 8384
22.177117824554443, 8383
22.181119203567505, 8382
22.213679552078247, 8381
22.221858739852905, 8380
22.261687994003296, 8379
22.261687994003296, 8378
22.269465923309326, 8377
22.27746558189392, 8376
22.287680625915527, 8375
22.298062562942505, 8374
22.306026220321655, 8373
22.306026220321655, 8372
22.316010236740112, 8371
22.32789921760559, 8370
22.344717025756836, 8369
22.38168454170227, 8368
22.438334465026855, 8367
22.48971152305603, 8366
22.499950885772705, 8365
22.60961365699768, 8364
22.61359691619873, 8363
22.627901315689087, 8362
22.639899492263794, 8361
22.647899389266968, 8360
22.67590093612671, 8359
22.679901123046875, 8358
22.687899589538574, 8357
22.703898668289185, 8356
22.72789978981018, 8355
22.75189995765686, 8354
22.767900466918945, 8353
22.767900466918945, 8352
22.803902626037598, 8351
22.823899507522583, 8350
22.827900648117065, 8349
22.827900648117065, 8348
22.835899114608765, 8347
22.847899913787842, 8346
22.855899333953857, 8345
22.855899333953857, 8344
22.86789894104004, 8343
22.875900268554688, 8342
22.89989995956421, 8341
22.91190218925476, 8340
22.939901113510132, 8339
22.955899477005005, 8338
22.97189950942993, 8337
22.975899934768677, 8336
22.987900495529175, 8335
23.011903047561646, 8334
23.155859231948853, 8333
23.17395806312561, 8332
23.210400342941284, 8331
23.22054648399353, 8330
23.22284197807312, 8329
23.230831623077393, 8328
23.2329158782959, 8327
23.2329158782959, 8326
23.240913152694702, 8325
23.240913152694702, 8324
23.244994640350342, 8323
23.267804861068726, 8322
23.267804861068726, 8321
23.285701274871826, 8320
23.285701274871826, 8319
23.310842752456665, 8318
23.36721897125244, 8317
23.389268159866333, 8316
23.419455528259277, 8315
23.447769165039062, 8314
23.455844163894653, 8313
23.459868907928467, 8312
23.459868907928467, 8311
23.46382212638855, 8310
23.469876766204834, 8309
23.47387671470642, 8308
23.5711727142334, 8307
23.664530515670776, 8306
23.680959463119507, 8305
23.723716974258423, 8304
23.733754634857178, 8303
23.759787559509277, 8302
23.773868799209595, 8301
23.844244956970215, 8300
23.844244956970215, 8299
23.84737730026245, 8298
23.861330270767212, 8297
23.8653302192688, 8296
23.868876934051514, 8295
23.898996591567993, 8294
23.948118209838867, 8293
23.989781141281128, 8292
24.048436403274536, 8291
24.05238699913025, 8290
24.083909511566162, 8289
24.109850645065308, 8288
24.117868423461914, 8287
24.132603645324707, 8286
24.141568422317505, 8285
24.18675708770752, 8284
24.18675708770752, 8283
24.283080339431763, 8282
24.377565622329712, 8281
24.430230617523193, 8280
24.461012363433838, 8279
24.465009927749634, 8278
24.467132091522217, 8277
24.48118257522583, 8276
24.485185384750366, 8275
24.501396894454956, 8274
24.52587652206421, 8273
24.52587652206421, 8272
24.52587652206421, 8271
24.561744213104248, 8270
24.56568217277527, 8269
24.587287425994873, 8268
24.827402591705322, 8267
24.83735227584839, 8266
24.880157709121704, 8265
24.880157709121704, 8264
24.91832709312439, 8263
24.94502568244934, 8262
24.94502568244934, 8261
24.95134449005127, 8260
24.955327033996582, 8259
24.955327033996582, 8258
24.980234146118164, 8257
24.99135708808899, 8256
25.022539138793945, 8255
25.033961057662964, 8254
25.052074670791626, 8253
25.052074670791626, 8252
25.056076049804688, 8251
25.217100143432617, 8250
25.224100589752197, 8249
25.279367685317993, 8248
25.28343963623047, 8247
25.293466329574585, 8246
25.323548316955566, 8245
25.347883939743042, 8244
25.35807490348816, 8243
25.362074613571167, 8242
25.422631978988647, 8241
25.438644409179688, 8240
25.438644409179688, 8239
25.525006771087646, 8238
25.52900791168213, 8237
25.552009105682373, 8236
25.59845495223999, 8235
25.612424612045288, 8234
25.63071036338806, 8233
25.64673662185669, 8232
25.72199559211731, 8231
25.742993593215942, 8230
25.767255306243896, 8229
25.79942774772644, 8228
25.880927324295044, 8227
25.92082643508911, 8226
25.955782413482666, 8225
25.959824323654175, 8224
25.992218732833862, 8223
25.994104146957397, 8222
26.072993755340576, 8221
26.145384550094604, 8220
26.233917713165283, 8219
26.24648880958557, 8218
26.27271032333374, 8217
26.27271032333374, 8216
26.29916262626648, 8215
26.3736310005188, 8214
26.656929969787598, 8213
26.679011821746826, 8212
26.679011821746826, 8211
26.693261861801147, 8210
26.69725513458252, 8209
26.705323934555054, 8208
26.709275245666504, 8207
26.753726720809937, 8206
26.784354209899902, 8205
26.785355806350708, 8204
26.78935432434082, 8203
26.790356159210205, 8202
26.81123113632202, 8201
26.82878088951111, 8200
26.838836908340454, 8199
26.842840433120728, 8198
26.8469135761261, 8197
26.877018213272095, 8196
26.894942045211792, 8195
26.9231595993042, 8194
26.9231595993042, 8193
26.953711986541748, 8192
26.96173095703125, 8191
26.968279600143433, 8190
27.051421403884888, 8189
27.09974455833435, 8188
27.15386128425598, 8187
27.181594133377075, 8186
27.201606035232544, 8185
27.485389947891235, 8184
27.55024552345276, 8183
27.55024552345276, 8182
27.592490673065186, 8181
27.63248896598816, 8180
27.6364905834198, 8179
27.664489030838013, 8178
27.672489881515503, 8177
27.696489572525024, 8176
27.720489501953125, 8175
27.780489921569824, 8174
27.792489290237427, 8173
27.792489290237427, 8172
27.845893621444702, 8171
27.848892211914062, 8170
27.86904287338257, 8169
27.91134786605835, 8168
27.915350437164307, 8167
27.915350437164307, 8166
27.92785120010376, 8165
27.94626021385193, 8164
27.973572969436646, 8163
27.97961735725403, 8162
28.017947912216187, 8161
28.038549661636353, 8160
28.050554990768433, 8159
28.05676007270813, 8158
28.05676007270813, 8157
28.060758113861084, 8156
28.100484609603882, 8155
28.126580238342285, 8154
28.126580238342285, 8153
28.166720390319824, 8152
28.302592992782593, 8151
28.315746784210205, 8150
28.63320016860962, 8149
28.65402913093567, 8148
28.65402913093567, 8147
28.681507110595703, 8146
28.686829328536987, 8145
28.687891721725464, 8144
28.745778799057007, 8143
28.755916118621826, 8142
28.778107404708862, 8141
28.79016137123108, 8140
28.813003063201904, 8139
28.869364976882935, 8138
28.873363494873047, 8137
28.92665123939514, 8136
28.92791986465454, 8135
29.00462794303894, 8134
29.068900108337402, 8133
29.068900108337402, 8132
29.13264751434326, 8131
29.136640548706055, 8130
29.141793727874756, 8129
29.164883613586426, 8128
29.168819904327393, 8127
29.176854372024536, 8126
29.184842824935913, 8125
29.214791774749756, 8124
29.236910820007324, 8123
29.243311882019043, 8122
29.27318048477173, 8121
29.29511594772339, 8120
29.3697190284729, 8119
29.373720407485962, 8118
29.387441635131836, 8117
29.403428316116333, 8116
29.403428316116333, 8115
29.413320302963257, 8114
29.413320302963257, 8113
29.417808055877686, 8112
29.475096464157104, 8111
29.524914026260376, 8110
29.706822633743286, 8109
29.710827827453613, 8108
29.73320245742798, 8107
29.763034343719482, 8106
29.763034343719482, 8105
29.81124234199524, 8104
29.83760380744934, 8103
29.84160089492798, 8102
29.86368417739868, 8101
29.93386483192444, 8100
29.97426676750183, 8099
29.98513436317444, 8098
30.01313877105713, 8097
30.057133436203003, 8096
30.057133436203003, 8095
30.07713294029236, 8094
30.081132888793945, 8093
30.08913278579712, 8092
30.10113286972046, 8091
30.105132341384888, 8090
30.117133617401123, 8089
30.117133617401123, 8088
30.141132593154907, 8087
30.14913296699524, 8086
30.14913296699524, 8085
30.153133153915405, 8084
30.161132335662842, 8083
30.22913360595703, 8082
30.273133277893066, 8081
30.317132711410522, 8080
30.397133350372314, 8079
30.40913200378418, 8078
30.417134046554565, 8077
30.45313262939453, 8076
30.473137140274048, 8075
30.56827998161316, 8074
30.66220450401306, 8073
30.999041318893433, 8072
31.063636779785156, 8071
31.093026876449585, 8070
31.099090814590454, 8069
31.115110397338867, 8068
31.13115096092224, 8067
31.164937496185303, 8066
31.20735216140747, 8065
31.282514572143555, 8064
31.2981014251709, 8063
31.340201139450073, 8062
31.388712882995605, 8061
31.44695734977722, 8060
31.480449676513672, 8059
31.480449676513672, 8058
31.504448890686035, 8057
31.550026893615723, 8056
31.59613060951233, 8055
31.930903434753418, 8054
31.938899755477905, 8053
31.942898988723755, 8052
31.957109928131104, 8051
31.988268852233887, 8050
31.998307943344116, 8049
31.998307943344116, 8048
32.05561089515686, 8047
32.140851974487305, 8046
32.18845009803772, 8045
32.242096185684204, 8044
32.29431629180908, 8043
32.34050488471985, 8042
32.35857272148132, 8041
32.37011957168579, 8040
32.396722078323364, 8039
32.42576360702515, 8038
32.450934171676636, 8037
32.482696771621704, 8036
32.50313186645508, 8035
32.56618356704712, 8034
32.56618356704712, 8033
32.58243942260742, 8032
32.626553773880005, 8031
32.626553773880005, 8030
32.644657135009766, 8029
32.6887993812561, 8028
32.72100353240967, 8027
32.781638622283936, 8026
32.7835259437561, 8025
32.807774782180786, 8024
32.855462312698364, 8023
32.92504858970642, 8022
32.98988580703735, 8021
33.00391936302185, 8020
33.0759220123291, 8019
33.321423292160034, 8018
33.34142303466797, 8017
33.345422983169556, 8016
33.525869607925415, 8015
33.556145429611206, 8014
33.5685760974884, 8013
33.588783740997314, 8012
33.61729574203491, 8011
33.63418126106262, 8010
33.65252113342285, 8009
33.69750118255615, 8008
33.707817792892456, 8007
33.75292944908142, 8006
33.76514434814453, 8005
33.812225103378296, 8004
33.816224813461304, 8003
33.832541704177856, 8002
33.87700819969177, 8001
33.91697978973389, 8000
33.924808740615845, 7999
34.065958738327026, 7998
34.08766007423401, 7997
34.109156131744385, 7996
34.12112283706665, 7995
34.152676582336426, 7994
34.15667700767517, 7993
34.21505045890808, 7992
34.25281310081482, 7991
34.307687520980835, 7990
34.307687520980835, 7989
34.333765745162964, 7988
34.36223888397217, 7987
34.472896099090576, 7986
34.483009815216064, 7985
34.50712561607361, 7984
34.52120637893677, 7983
34.58600687980652, 7982
34.59377694129944, 7981
34.72933053970337, 7980
34.763057231903076, 7979
34.77721929550171, 7978
34.83149719238281, 7977
34.84270644187927, 7976
34.8568069934845, 7975
34.883031368255615, 7974
34.935835123062134, 7973
34.945990562438965, 7972
34.95001745223999, 7971
34.95397329330444, 7970
35.0670804977417, 7969
35.108378171920776, 7968
35.18854808807373, 7967
35.2320818901062, 7966
35.25400137901306, 7965
35.322681188583374, 7964
35.3428156375885, 7963
35.35083270072937, 7962
35.36895775794983, 7961
35.40139722824097, 7960
35.45349645614624, 7959
35.477638244628906, 7958
35.51377487182617, 7957
35.996015548706055, 7956
36.010197162628174, 7955
36.010197162628174, 7954
36.0588641166687, 7953
36.070247411727905, 7952
36.08785104751587, 7951
36.093981981277466, 7950
36.13888359069824, 7949
36.18140125274658, 7948
36.236204862594604, 7947
36.4549355506897, 7946
36.46101903915405, 7945
36.53956484794617, 7944
36.56884264945984, 7943
36.60703110694885, 7942
36.60703110694885, 7941
36.61103415489197, 7940
36.645549058914185, 7939
36.6557993888855, 7938
36.6763072013855, 7937
36.68030381202698, 7936
36.78789496421814, 7935
36.91827082633972, 7934
36.93222999572754, 7933
36.95435667037964, 7932
36.97452640533447, 7931
37.029276609420776, 7930
37.035316705703735, 7929
37.13654351234436, 7928
37.16670751571655, 7927
37.34738755226135, 7926
37.524866580963135, 7925
37.524866580963135, 7924
37.589903116226196, 7923
37.59394359588623, 7922
37.60162901878357, 7921
37.719642162323, 7920
37.72190022468567, 7919
37.74639654159546, 7918
37.75421619415283, 7917
37.76220512390137, 7916
37.76220512390137, 7915
37.793724060058594, 7914
37.8066782951355, 7913
37.88675022125244, 7912
38.101696729660034, 7911
38.12966966629028, 7910
38.17770075798035, 7909
38.18167448043823, 7908
38.21014428138733, 7907
38.24673104286194, 7906
38.254727363586426, 7905
38.25691294670105, 7904
38.26702260971069, 7903
38.5415301322937, 7902
38.59950232505798, 7901
38.603575229644775, 7900
38.62950038909912, 7899
38.665671586990356, 7898
38.6736946105957, 7897
38.68378186225891, 7896
38.73223328590393, 7895
38.7402548789978, 7894
38.7847466468811, 7893
38.87431716918945, 7892
38.894611835479736, 7891
38.96062135696411, 7890
38.986165046691895, 7889
39.0322470664978, 7888
39.05206918716431, 7887
39.14471626281738, 7886
39.2095685005188, 7885
39.23575234413147, 7884
39.25399589538574, 7883
39.459545373916626, 7882
39.53843116760254, 7881
39.54243063926697, 7880
39.586989641189575, 7879
39.65216517448425, 7878
39.727372884750366, 7877
39.805989265441895, 7876
39.86691379547119, 7875
39.99091339111328, 7874
40.150837421417236, 7873
40.15482807159424, 7872
40.231576919555664, 7871
40.26337742805481, 7870
40.45666432380676, 7869
40.47081112861633, 7868
40.47081112861633, 7867
40.65066146850586, 7866
40.654664039611816, 7865
40.67907786369324, 7864
40.71371126174927, 7863
40.748485803604126, 7862
40.785083532333374, 7861
40.841238498687744, 7860
40.841238498687744, 7859
41.00785446166992, 7858
41.09422755241394, 7857
41.09523010253906, 7856
41.10769963264465, 7855
41.205100774765015, 7854
41.3750319480896, 7853
41.43503189086914, 7852
41.543033599853516, 7851
41.620736598968506, 7850
41.659504413604736, 7849
41.659504413604736, 7848
41.8700053691864, 7847
41.89060997962952, 7846
41.97914171218872, 7845
42.02329063415527, 7844
42.03739809989929, 7843
42.05948996543884, 7842
42.18220782279968, 7841
42.18220782279968, 7840
42.29046273231506, 7839
42.37600541114807, 7838
42.404542446136475, 7837
42.4066948890686, 7836
42.4066948890686, 7835
42.42271375656128, 7834
42.50526285171509, 7833
42.54161190986633, 7832
42.644755601882935, 7831
42.68809962272644, 7830
42.71908712387085, 7829
42.7750883102417, 7828
42.8670871257782, 7827
43.06308698654175, 7826
43.08525228500366, 7825
43.08525228500366, 7824
43.316417932510376, 7823
43.49467444419861, 7822
43.502665519714355, 7821
43.55060601234436, 7820
43.58861446380615, 7819
43.6046085357666, 7818
43.643309354782104, 7817
43.72386336326599, 7816
43.72386336326599, 7815
43.7268385887146, 7814
43.7423734664917, 7813
43.79606628417969, 7812
43.806161642074585, 7811
43.90569758415222, 7810
43.94848275184631, 7809
44.056076526641846, 7808
44.30447721481323, 7807
44.32486391067505, 7806
44.36203646659851, 7805
44.36203646659851, 7804
44.36203646659851, 7803
44.398104667663574, 7802
44.55034518241882, 7801
44.57552933692932, 7800
44.64543652534485, 7799
44.6596474647522, 7798
44.77780532836914, 7797
45.34205865859985, 7796
45.413479804992676, 7795
46.43565368652344, 7794
46.451693534851074, 7793
46.586832761764526, 7792
46.62266302108765, 7791
46.63040375709534, 7790
46.67256045341492, 7789
46.71505808830261, 7788
46.71904230117798, 7787
46.90464735031128, 7786
46.95984935760498, 7785
46.97407054901123, 7784
47.05861258506775, 7783
47.081958532333374, 7782
47.23350238800049, 7781
47.32061719894409, 7780
47.35185241699219, 7779
47.495070457458496, 7778
47.505221366882324, 7777
47.74774527549744, 7776
47.80371165275574, 7775
47.90437650680542, 7774
47.9651517868042, 7773
48.007593393325806, 7772
48.03351378440857, 7771
48.082072257995605, 7770
48.221386432647705, 7769
48.27847075462341, 7768
48.33237886428833, 7767
48.344398021698, 7766
48.61854958534241, 7765
48.789788484573364, 7764
49.096447467803955, 7763
49.15126848220825, 7762
49.17159366607666, 7761
49.201905965805054, 7760
49.21207857131958, 7759
49.25486350059509, 7758
49.36195659637451, 7757
49.39226174354553, 7756
49.47138214111328, 7755
49.55453610420227, 7754
49.66784954071045, 7753
49.66784954071045, 7752
49.72890782356262, 7751
49.72890782356262, 7750
49.74913763999939, 7749
49.77952718734741, 7748
49.77952718734741, 7747
49.799795389175415, 7746
50.11220121383667, 7745
50.19517207145691, 7744
50.19517207145691, 7743
50.2133367061615, 7742
50.34667706489563, 7741
50.3749315738678, 7740
50.447723627090454, 7739
50.447723627090454, 7738
50.46789860725403, 7737
50.76101636886597, 7736
50.96591114997864, 7735
51.02838349342346, 7734
51.02838349342346, 7733
51.07080793380737, 7732
51.07080793380737, 7731
51.187851667404175, 7730
51.538227558135986, 7729
51.72798466682434, 7728
51.72798466682434, 7727
51.972846269607544, 7726
52.07391667366028, 7725
52.08400273323059, 7724
52.26586198806763, 7723
52.26586198806763, 7722
52.316394090652466, 7721
52.32650446891785, 7720
52.3749463558197, 7719
52.37697458267212, 7718
52.44766712188721, 7717
52.47754883766174, 7716
52.77915000915527, 7715
52.78923201560974, 7714
52.86202669143677, 7713
52.95284843444824, 7712
53.064013957977295, 7711
53.12494230270386, 7710
53.259522914886475, 7709
53.38838005065918, 7708
53.42686653137207, 7707
53.53813815116882, 7706
53.681896686553955, 7705
53.763073682785034, 7704
53.78123736381531, 7703
53.864368200302124, 7702
53.945300817489624, 7701
54.28261685371399, 7700
54.56045627593994, 7699
54.57062649726868, 7698
54.723366260528564, 7697
54.84451341629028, 7696
55.20742344856262, 7695
55.24981069564819, 7694
55.26993727684021, 7693
55.36932444572449, 7692
55.42248558998108, 7691
55.462740898132324, 7690
55.915868520736694, 7689
56.050639629364014, 7688
56.07078528404236, 7687
56.08083915710449, 7686
56.08083915710449, 7685
56.62456560134888, 7684
56.72775149345398, 7683
56.80904173851013, 7682
56.928205490112305, 7681
57.62790584564209, 7680
57.66832971572876, 7679
57.88070058822632, 7678
57.890745401382446, 7677
57.90896129608154, 7676
58.06708478927612, 7675
59.15659022331238, 7674
59.2680344581604, 7673
59.358802795410156, 7672
59.69191098213196, 7671
59.84565210342407, 7670
59.93665075302124, 7669
59.975106954574585, 7668
60.00749635696411, 7667
60.09451603889465, 7666
60.12882089614868, 7665
60.25052571296692, 7664
60.432708740234375, 7663
60.515310764312744, 7662
60.88932132720947, 7661
60.9697961807251, 7660
61.09144043922424, 7659
61.233182191848755, 7658
61.35437035560608, 7657
61.40281844139099, 7656
61.43510675430298, 7655
61.445210695266724, 7654
61.55555176734924, 7653
61.863542556762695, 7652
61.88205027580261, 7651
62.013301849365234, 7650
62.23323035240173, 7649
62.286195516586304, 7648
62.41683387756348, 7647
62.51713943481445, 7646
63.07621169090271, 7645
63.11666417121887, 7644
63.276395320892334, 7643
63.387624979019165, 7642
63.49067306518555, 7641
63.6727933883667, 7640
63.721271276474, 7639
63.723368883132935, 7638
63.864776849746704, 7637
63.93614149093628, 7636
64.21964526176453, 7635
64.27033305168152, 7634
64.38158655166626, 7633
64.48381447792053, 7632
64.51419281959534, 7631
64.58493900299072, 7630
64.6453948020935, 7629
64.72721219062805, 7628
64.9015166759491, 7627
64.95929431915283, 7626
65.45609474182129, 7625
65.51887941360474, 7624
65.99387979507446, 7623
66.02733540534973, 7622
66.12514209747314, 7621
66.2361831665039, 7620
66.25634717941284, 7619
66.8830189704895, 7618
66.99411916732788, 7617
67.00427746772766, 7616
67.47959327697754, 7615
67.82506155967712, 7614
68.15933918952942, 7613
68.40216612815857, 7612
68.6251072883606, 7611
68.76464104652405, 7610
68.77679586410522, 7609
68.84750652313232, 7608
69.35239839553833, 7607
69.54421067237854, 7606
69.79073309898376, 7605
69.89171957969666, 7604
70.10391569137573, 7603
70.2150092124939, 7602
70.49859976768494, 7601
70.65743279457092, 7600
70.72003412246704, 7599
70.83136749267578, 7598
71.03429698944092, 7597
71.37625432014465, 7596
71.40661931037903, 7595
71.5710551738739, 7594
71.58112025260925, 7593
71.73251461982727, 7592
71.76277732849121, 7591
72.05690884590149, 7590
72.11810040473938, 7589
72.64406490325928, 7588
72.84620809555054, 7587
72.95754170417786, 7586
72.96760845184326, 7585
73.1007809638977, 7584
73.17992663383484, 7583
73.37019944190979, 7582
73.412588596344, 7581
73.68605136871338, 7580
73.71648454666138, 7579
73.80753946304321, 7578
74.22300314903259, 7577
74.24130010604858, 7576
74.45585799217224, 7575
74.61641144752502, 7574
74.67925000190735, 7573
74.80217790603638, 7572
75.07313704490662, 7571
75.28074908256531, 7570
76.39261603355408, 7569
76.46127486228943, 7568
76.51038193702698, 7567
76.74327850341797, 7566
77.15216445922852, 7565
77.46526455879211, 7564
77.67931938171387, 7563
78.04393434524536, 7562
78.06828117370605, 7561
78.23679709434509, 7560
78.26840043067932, 7559
78.31727886199951, 7558
78.75580739974976, 7557
78.88078880310059, 7556
79.06097030639648, 7555
79.31393194198608, 7554
79.82178544998169, 7553
80.13759207725525, 7552
80.91784286499023, 7551
82.37074661254883, 7550
83.60809659957886, 7549
83.63209629058838, 7548
83.8527021408081, 7547
84.11544871330261, 7546
84.1728150844574, 7545
84.25240755081177, 7544
84.99326658248901, 7543
85.04095387458801, 7542
85.08825278282166, 7541
85.45059871673584, 7540
85.49645495414734, 7539
85.51483106613159, 7538
85.61508536338806, 7537
87.03622555732727, 7536
87.65793538093567, 7535
87.74053812026978, 7534
88.32993721961975, 7533
88.38309669494629, 7532
88.67397546768188, 7531
89.19687676429749, 7530
89.42674040794373, 7529
89.48721241950989, 7528
89.62602663040161, 7527
90.52715587615967, 7526
92.85050177574158, 7525
93.60883116722107, 7524
95.54155588150024, 7523
95.67449593544006, 7522
95.68163537979126, 7521
95.77485918998718, 7520
96.18954730033875, 7519
96.43372249603271, 7518
97.37442231178284, 7517
97.50572347640991, 7516
99.14831280708313, 7515
99.2270839214325, 7514
99.31816506385803, 7513
99.34842419624329, 7512
99.97938442230225, 7511
100.17190647125244, 7510
100.20231056213379, 7509
103.54876780509949, 7508
103.56439423561096, 7507
105.23848462104797, 7506
106.1177089214325, 7505
106.75651717185974, 7504
107.28892040252686, 7503
107.49596571922302, 7502
109.17605328559875, 7501
109.80774235725403, 7500
110.17185115814209, 7499
112.34242367744446, 7498
112.95654845237732, 7497
113.15869355201721, 7496
115.25338578224182, 7495
115.40558457374573, 7494
115.45953345298767, 7493
115.75320744514465, 7492
116.20066261291504, 7491
116.77611589431763, 7490
118.24779868125916, 7489
121.1175844669342, 7488
122.25406789779663, 7487
122.94779539108276, 7486
122.9981517791748, 7485
124.21575403213501, 7484
125.25420689582825, 7483
125.34869599342346, 7482
125.72860836982727, 7481
126.0757486820221, 7480
128.18657875061035, 7479
129.0795919895172, 7478
129.3998522758484, 7477
129.76227498054504, 7476
130.17414259910583, 7475
130.23278427124023, 7474
130.505295753479, 7473
131.46889424324036, 7472
132.09551644325256, 7471
133.93669533729553, 7470
135.26492524147034, 7469
135.7081916332245, 7468
136.78610491752625, 7467
136.84275150299072, 7466
137.15221238136292, 7465
137.57987356185913, 7464
138.11148190498352, 7463
139.1195845603943, 7462
139.1295144557953, 7461
139.21850633621216, 7460
139.46202301979065, 7459
141.64579820632935, 7458
144.25669527053833, 7457
144.4776315689087, 7456
147.33921885490417, 7455
148.40370416641235, 7454
149.66852712631226, 7453
150.0129520893097, 7452
151.04655075073242, 7451
151.3034496307373, 7450
152.19118428230286, 7449
152.25173449516296, 7448
152.43292617797852, 7447
152.76177763938904, 7446
153.3830530643463, 7445
153.80459809303284, 7444
154.84763884544373, 7443
155.06723475456238, 7442
157.19794917106628, 7441
157.36150002479553, 7440
158.14243125915527, 7439
161.7380816936493, 7438
162.16932582855225, 7437
165.32221508026123, 7436
165.59592986106873, 7435
165.77575278282166, 7434
166.09355425834656, 7433
166.5083794593811, 7432
167.25956225395203, 7431
169.28060102462769, 7430
171.3563904762268, 7429
172.69339680671692, 7428
173.56318306922913, 7427
174.63882732391357, 7426
174.75819325447083, 7425
177.38670229911804, 7424
178.5223572254181, 7423
182.84180736541748, 7422
182.89076209068298, 7421
184.4789309501648, 7420
184.78476810455322, 7419
184.98918080329895, 7418
185.1139509677887, 7417
186.51813173294067, 7416
188.23485827445984, 7415
189.63942289352417, 7414
190.10610675811768, 7413
193.5253393650055, 7412
193.9977903366089, 7411
194.33451461791992, 7410
194.63534092903137, 7409
200.50467133522034, 7408
202.13594126701355, 7407
202.45967864990234, 7406
202.95608592033386, 7405
204.69678497314453, 7404
205.33566880226135, 7403
206.32889938354492, 7402
208.86729550361633, 7401
209.04797315597534, 7400
210.18104481697083, 7399
211.62438225746155, 7398
212.17446875572205, 7397
213.0322561264038, 7396
217.62795066833496, 7395
218.58012676239014, 7394
219.104665517807, 7393
220.11665725708008, 7392
220.36492228507996, 7391
221.14490365982056, 7390
221.4046185016632, 7389
224.24113202095032, 7388
224.36861538887024, 7387
225.11766362190247, 7386
225.5133810043335, 7385
226.9011549949646, 7384
230.7127914428711, 7383
231.44217205047607, 7382
232.0423457622528, 7381
232.41422700881958, 7380
232.82011151313782, 7379
233.37124276161194, 7378
233.3955373764038, 7377
234.57093024253845, 7376
235.30912804603577, 7375
235.83196020126343, 7374
237.19925117492676, 7373
237.85793590545654, 7372
239.4761974811554, 7371
241.09520435333252, 7370
242.2656602859497, 7369
250.76894402503967, 7368
254.20254278182983, 7367
254.54793763160706, 7366
256.02372002601624, 7365
256.83203530311584, 7364
256.8973596096039, 7363
258.6140863895416, 7362
259.4633483886719, 7361
265.0096638202667, 7360
265.66312742233276, 7359
266.12657380104065, 7358
266.1628112792969, 7357
266.37910556793213, 7356
274.0313341617584, 7355
275.89405059814453, 7354
276.3497540950775, 7353
276.3737545013428, 7352
276.4424977302551, 7351
279.49278712272644, 7350
279.73697566986084, 7349
279.9461352825165, 7348
280.41313576698303, 7347
281.45933175086975, 7346
282.20547795295715, 7345
282.6263749599457, 7344
285.07198309898376, 7343
285.86079716682434, 7342
287.60447812080383, 7341
287.87122893333435, 7340
288.1251780986786, 7339
288.18828558921814, 7338
288.28261280059814, 7337
288.40053272247314, 7336
291.63844776153564, 7335
295.5084431171417, 7334
296.6253345012665, 7333
299.63480257987976, 7332
301.17271304130554, 7331
309.759831905365, 7330
311.31321597099304, 7329
317.3733985424042, 7328
323.38690161705017, 7327
324.6081085205078, 7326
325.52431297302246, 7325
330.4596288204193, 7324
330.64652705192566, 7323
337.0128357410431, 7322
337.10367798805237, 7321
340.55522871017456, 7320
342.199857711792, 7319
342.5739595890045, 7318
343.01991391181946, 7317
343.11880350112915, 7316
346.0245416164398, 7315
350.6095516681671, 7314
364.6310501098633, 7313
365.84525775909424, 7312
369.39758682250977, 7311
370.8323450088501, 7310
371.01474380493164, 7309
371.77641463279724, 7308
373.19990253448486, 7307
377.05728936195374, 7306
380.1648576259613, 7305
385.4983649253845, 7304
387.73103642463684, 7303
387.99173402786255, 7302
391.5852575302124, 7301
395.24195075035095, 7300
395.77286434173584, 7299
396.20447301864624, 7298
400.7575271129608, 7297
400.86152625083923, 7296
401.45698285102844, 7295
401.6669352054596, 7294
408.34789776802063, 7293
411.7028784751892, 7292
414.37788796424866, 7291
414.5123481750488, 7290
415.21013712882996, 7289
415.35840463638306, 7288
416.6562497615814, 7287
418.86028122901917, 7286
418.90849900245667, 7285
419.9028401374817, 7284
423.63345551490784, 7283
440.75400257110596, 7282
442.78091073036194, 7281
446.7163121700287, 7280
448.0343985557556, 7279
448.15639877319336, 7278
454.55839133262634, 7277
458.80246663093567, 7276
461.1170287132263, 7275
473.1568293571472, 7274
474.4386737346649, 7273
483.3697142601013, 7272
490.35974168777466, 7271
491.5929398536682, 7270
496.2444348335266, 7269
505.80819511413574, 7268
515.1815106868744, 7267
516.4765243530273, 7266
525.2356872558594, 7265
531.0743448734283, 7264
545.8111963272095, 7263
546.5148341655731, 7262
558.9947574138641, 7261
578.2068884372711, 7260
579.1539082527161, 7259
582.0946795940399, 7258
591.5004091262817, 7257
597.2520508766174, 7256
