0.22211170196533203, 11023
0.22410106658935547, 11022
0.2270963191986084, 11021
0.22809767723083496, 11020
0.2351067066192627, 11019
0.23610210418701172, 11018
0.23810172080993652, 11017
0.24110078811645508, 11016
0.2431032657623291, 11015
0.24610495567321777, 11014
0.24910259246826172, 11013
0.2510995864868164, 11012
0.25310349464416504, 11011
0.2542273998260498, 11010
0.2542273998260498, 11009
0.25636982917785645, 11008
0.25636982917785645, 11007
0.25636982917785645, 11006
0.25636982917785645, 11005
0.26443958282470703, 11004
0.26658034324645996, 11003
0.26658034324645996, 11002
0.27225160598754883, 11001
0.2732534408569336, 11000
0.274249792098999, 10999
0.27621006965637207, 10998
0.2772495746612549, 10997
0.27824926376342773, 10996
0.2802553176879883, 10995
0.28625035285949707, 10994
0.2878453731536865, 10993
0.28888559341430664, 10992
0.2908918857574463, 10991
0.2928495407104492, 10990
0.29488515853881836, 10989
0.29688572883605957, 10988
0.2978851795196533, 10987
0.29888391494750977, 10986
0.3008859157562256, 10985
0.3038468360900879, 10984
0.30485010147094727, 10983
0.30589985847473145, 10982
0.3068866729736328, 10981
0.30788755416870117, 10980
0.30988502502441406, 10979
0.31289100646972656, 10978
0.3208460807800293, 10977
0.32388806343078613, 10976
0.3248465061187744, 10975
0.32584691047668457, 10974
0.3408980369567871, 10973
0.3428483009338379, 10972
0.3478851318359375, 10971
0.3498849868774414, 10970
0.3528866767883301, 10969
0.3538844585418701, 10968
0.35688209533691406, 10967
0.35884809494018555, 10966
0.3598811626434326, 10965
0.3618807792663574, 10964
0.3638803958892822, 10963
0.3668489456176758, 10962
0.367889404296875, 10961
0.3688852787017822, 10960
0.37389230728149414, 10959
0.3758852481842041, 10958
0.376849889755249, 10957
0.37784886360168457, 10956
0.37884998321533203, 10955
0.3818480968475342, 10954
0.3838474750518799, 10953
0.3848741054534912, 10952
0.3858499526977539, 10951
0.38884735107421875, 10950
0.391845703125, 10949
0.3928487300872803, 10948
0.394883394241333, 10947
0.396881103515625, 10946
0.39888501167297363, 10945
0.4008471965789795, 10944
0.4018826484680176, 10943
0.4048483371734619, 10942
0.40688610076904297, 10941
0.40885019302368164, 10940
0.4098503589630127, 10939
0.4118485450744629, 10938
0.4138500690460205, 10937
0.4168508052825928, 10936
0.4188497066497803, 10935
0.4228506088256836, 10934
0.4248502254486084, 10933
0.42688536643981934, 10932
0.4298844337463379, 10931
0.4318807125091553, 10930
0.43488121032714844, 10929
0.4358811378479004, 10928
0.4368858337402344, 10927
0.4378485679626465, 10926
0.4408857822418213, 10925
0.44284892082214355, 10924
0.44588518142700195, 10923
0.4468863010406494, 10922
0.4478883743286133, 10921
0.4488859176635742, 10920
0.45088672637939453, 10919
0.4544687271118164, 10918
0.4565093517303467, 10917
0.45847439765930176, 10916
0.45950889587402344, 10915
0.4645085334777832, 10914
0.46752190589904785, 10913
0.4695115089416504, 10912
0.4741392135620117, 10911
0.47518444061279297, 10910
0.4781820774078369, 10909
0.4801788330078125, 10908
0.48318004608154297, 10907
0.4841783046722412, 10906
0.48517942428588867, 10905
0.48618030548095703, 10904
0.4871799945831299, 10903
0.4901392459869385, 10902
0.49218082427978516, 10901
0.4931795597076416, 10900
0.49417877197265625, 10899
0.4961867332458496, 10898
0.4971790313720703, 10897
0.4991786479949951, 10896
0.501178503036499, 10895
0.5031921863555908, 10894
0.5064089298248291, 10893
0.5121762752532959, 10892
0.5141739845275879, 10891
0.5151739120483398, 10890
0.5181789398193359, 10889
0.520179033279419, 10888
0.5231785774230957, 10887
0.5241403579711914, 10886
0.525181770324707, 10885
0.5261831283569336, 10884
0.5281438827514648, 10883
0.5301454067230225, 10882
0.5311765670776367, 10881
0.532139778137207, 10880
0.5341746807098389, 10879
0.5361747741699219, 10878
0.5373067855834961, 10877
0.540308952331543, 10876
0.5413434505462646, 10875
0.5423398017883301, 10874
0.544342041015625, 10873
0.5473442077636719, 10872
0.5493495464324951, 10871
0.550346851348877, 10870
0.5513474941253662, 10869
0.5543134212493896, 10868
0.556307315826416, 10867
0.5583484172821045, 10866
0.5603468418121338, 10865
0.561347246170044, 10864
0.5623466968536377, 10863
0.5643091201782227, 10862
0.5653476715087891, 10861
0.5673496723175049, 10860
0.5693488121032715, 10859
0.5713529586791992, 10858
0.572310209274292, 10857
0.5733098983764648, 10856
0.576310396194458, 10855
0.5793421268463135, 10854
0.5813450813293457, 10853
0.5833451747894287, 10852
0.5843424797058105, 10851
0.5893104076385498, 10850
0.5923125743865967, 10849
0.5943429470062256, 10848
0.5963423252105713, 10847
0.597344160079956, 10846
0.5993444919586182, 10845
0.6003422737121582, 10844
0.6093113422393799, 10843
0.6123418807983398, 10842
0.6133389472961426, 10841
0.6153419017791748, 10840
0.6163418292999268, 10839
0.6173417568206787, 10838
0.6223478317260742, 10837
0.6243448257446289, 10836
0.6263506412506104, 10835
0.6353471279144287, 10834
0.6383473873138428, 10833
0.6393468379974365, 10832
0.641348123550415, 10831
0.6433477401733398, 10830
0.6463468074798584, 10829
0.6483488082885742, 10828
0.6503086090087891, 10827
0.6513476371765137, 10826
0.6544497013092041, 10825
0.6544497013092041, 10824
0.6575863361358643, 10823
0.6597366333007812, 10822
0.6597366333007812, 10821
0.6597366333007812, 10820
0.6597366333007812, 10819
0.6678297519683838, 10818
0.6699707508087158, 10817
0.6699707508087158, 10816
0.6699707508087158, 10815
0.6699707508087158, 10814
0.6699707508087158, 10813
0.6699707508087158, 10812
0.6802666187286377, 10811
0.6802666187286377, 10810
0.6802666187286377, 10809
0.6802666187286377, 10808
0.6802666187286377, 10807
0.6903941631317139, 10806
0.6903941631317139, 10805
0.6903941631317139, 10804
0.6903941631317139, 10803
0.6985228061676025, 10802
0.700659990310669, 10801
0.700659990310669, 10800
0.700659990310669, 10799
0.700659990310669, 10798
0.700659990310669, 10797
0.7108547687530518, 10796
0.7108547687530518, 10795
0.7108547687530518, 10794
0.7189953327178955, 10793
0.721076250076294, 10792
0.721076250076294, 10791
0.7292017936706543, 10790
0.7292017936706543, 10789
0.73134446144104, 10788
0.73134446144104, 10787
0.7394876480102539, 10786
0.741626501083374, 10785
0.741626501083374, 10784
0.741626501083374, 10783
0.7497158050537109, 10782
0.7518596649169922, 10781
0.7518596649169922, 10780
0.7518596649169922, 10779
0.7518596649169922, 10778
0.7600066661834717, 10777
0.762152910232544, 10776
0.762152910232544, 10775
0.762152910232544, 10774
0.762152910232544, 10773
0.7724082469940186, 10772
0.7724082469940186, 10771
0.7724082469940186, 10770
0.7827095985412598, 10769
0.7827095985412598, 10768
0.7827095985412598, 10767
0.7827095985412598, 10766
0.7929015159606934, 10765
0.7929015159606934, 10764
0.7929015159606934, 10763
0.7929015159606934, 10762
0.7929015159606934, 10761
0.8009626865386963, 10760
0.8031008243560791, 10759
0.8031008243560791, 10758
0.8031008243560791, 10757
0.8031008243560791, 10756
0.8111944198608398, 10755
0.8111944198608398, 10754
0.8133399486541748, 10753
0.8133399486541748, 10752
0.8214101791381836, 10751
0.8235621452331543, 10750
0.8235621452331543, 10749
0.8235621452331543, 10748
0.8235621452331543, 10747
0.8235621452331543, 10746
0.8316991329193115, 10745
0.8338470458984375, 10744
0.8338470458984375, 10743
0.8338470458984375, 10742
0.8419849872589111, 10741
0.8522074222564697, 10740
0.8542981147766113, 10739
0.8542981147766113, 10738
0.8542981147766113, 10737
0.8542981147766113, 10736
0.8542981147766113, 10735
0.8644676208496094, 10734
0.8644676208496094, 10733
0.8644676208496094, 10732
0.8644676208496094, 10731
0.8644676208496094, 10730
0.8725626468658447, 10729
0.8747038841247559, 10728
0.8747038841247559, 10727
0.8747038841247559, 10726
0.8747038841247559, 10725
0.8828539848327637, 10724
0.8828539848327637, 10723
0.8849544525146484, 10722
0.8849544525146484, 10721
0.8946957588195801, 10720
0.8956902027130127, 10719
0.8966941833496094, 10718
0.8986916542053223, 10717
0.9006941318511963, 10716
0.9026899337768555, 10715
0.9036910533905029, 10714
0.9066894054412842, 10713
0.908656120300293, 10712
0.9106934070587158, 10711
0.912691593170166, 10710
0.9156928062438965, 10709
0.9166936874389648, 10708
0.9176933765411377, 10707
0.9237024784088135, 10706
0.9237024784088135, 10705
0.935971736907959, 10704
0.935971736907959, 10703
0.935971736907959, 10702
0.935971736907959, 10701
0.9440755844116211, 10700
0.9462189674377441, 10699
0.954272985458374, 10698
0.956406831741333, 10697
0.956406831741333, 10696
0.9666309356689453, 10695
0.9666309356689453, 10694
0.9769368171691895, 10693
0.9769368171691895, 10692
0.9871480464935303, 10691
0.9871480464935303, 10690
0.9871480464935303, 10689
0.9871480464935303, 10688
0.9871480464935303, 10687
0.9871480464935303, 10686
0.9952244758605957, 10685
0.9973511695861816, 10684
0.9973511695861816, 10683
0.9973511695861816, 10682
0.9973511695861816, 10681
0.9973511695861816, 10680
0.9973511695861816, 10679
1.007554054260254, 10678
1.007554054260254, 10677
1.007554054260254, 10676
1.007554054260254, 10675
1.0156886577606201, 10674
1.0178260803222656, 10673
1.0178260803222656, 10672
1.0280508995056152, 10671
1.0280508995056152, 10670
1.0280508995056152, 10669
1.0361993312835693, 10668
1.0361993312835693, 10667
1.038358211517334, 10666
1.048581600189209, 10665
1.048581600189209, 10664
1.0587680339813232, 10663
1.0588679313659668, 10662
1.0588679313659668, 10661
1.0691001415252686, 10660
1.0691001415252686, 10659
1.0772407054901123, 10658
1.0793800354003906, 10657
1.0793800354003906, 10656
1.0793800354003906, 10655
1.0874366760253906, 10654
1.089503526687622, 10653
1.089503526687622, 10652
1.089503526687622, 10651
1.089503526687622, 10650
1.1074590682983398, 10649
1.1074590682983398, 10648
1.117466688156128, 10647
1.117466688156128, 10646
1.1331076622009277, 10645
1.1487317085266113, 10644
1.1487317085266113, 10643
1.1487317085266113, 10642
1.1643576622009277, 10641
1.1643576622009277, 10640
1.1799845695495605, 10639
1.1799845695495605, 10638
1.1799845695495605, 10637
1.1799845695495605, 10636
1.1964735984802246, 10635
1.2024743556976318, 10634
1.2054712772369385, 10633
1.2074697017669678, 10632
1.2094709873199463, 10631
1.21047043800354, 10630
1.2114698886871338, 10629
1.2124700546264648, 10628
1.2154686450958252, 10627
1.21647047996521, 10626
1.2174708843231201, 10625
1.2184689044952393, 10624
1.234468936920166, 10623
1.23646879196167, 10622
1.2386088371276855, 10621
1.2386088371276855, 10620
1.2386088371276855, 10619
1.2386088371276855, 10618
1.2386088371276855, 10617
1.2386088371276855, 10616
1.2542333602905273, 10615
1.2542333602905273, 10614
1.2542333602905273, 10613
1.2542333602905273, 10612
1.2542333602905273, 10611
1.2542333602905273, 10610
1.2542333602905273, 10609
1.2542333602905273, 10608
1.2542333602905273, 10607
1.2698965072631836, 10606
1.2698965072631836, 10605
1.2698965072631836, 10604
1.2698965072631836, 10603
1.2698965072631836, 10602
1.2855253219604492, 10601
1.2855253219604492, 10600
1.2855253219604492, 10599
1.3011493682861328, 10598
1.3070168495178223, 10597
1.3090236186981201, 10596
1.3160490989685059, 10595
1.3170504570007324, 10594
1.3180489540100098, 10593
1.3190464973449707, 10592
1.3210151195526123, 10591
1.324049949645996, 10590
1.3260481357574463, 10589
1.3280489444732666, 10588
1.3300516605377197, 10587
1.3320486545562744, 10586
1.3330528736114502, 10585
1.3350532054901123, 10584
1.3360536098480225, 10583
1.3450534343719482, 10582
1.3470559120178223, 10581
1.3480570316314697, 10580
1.3530504703521729, 10579
1.3583095073699951, 10578
1.3604514598846436, 10577
1.3604514598846436, 10576
1.3604514598846436, 10575
1.368497610092163, 10574
1.370659589767456, 10573
1.3788092136383057, 10572
1.3788092136383057, 10571
1.3809471130371094, 10570
1.3809471130371094, 10569
1.3809471130371094, 10568
1.3809471130371094, 10567
1.3809471130371094, 10566
1.3890316486358643, 10565
1.3911724090576172, 10564
1.3911724090576172, 10563
1.3911724090576172, 10562
1.3993170261383057, 10561
1.401458978652954, 10560
1.4133796691894531, 10559
1.4153680801391602, 10558
1.4173712730407715, 10557
1.4459874629974365, 10556
1.4500226974487305, 10555
1.4610085487365723, 10554
1.4680240154266357, 10553
1.4690229892730713, 10552
1.4730355739593506, 10551
1.4780399799346924, 10550
1.483994722366333, 10549
1.4859907627105713, 10548
1.4869904518127441, 10547
1.497992992401123, 10546
1.51800537109375, 10545
1.526989221572876, 10544
1.5479915142059326, 10543
1.5580079555511475, 10542
1.5679919719696045, 10541
1.586012363433838, 10540
1.5939905643463135, 10539
1.5989890098571777, 10538
1.622739315032959, 10537
1.6388640403747559, 10536
1.6428494453430176, 10535
1.6438488960266113, 10534
1.653815746307373, 10533
1.65781569480896, 10532
1.665848731994629, 10531
1.6668460369110107, 10530
1.6748220920562744, 10529
1.6818478107452393, 10528
1.688828945159912, 10527
1.6908164024353027, 10526
1.6938519477844238, 10525
1.694849967956543, 10524
1.6968481540679932, 10523
1.698847770690918, 10522
1.7008485794067383, 10521
1.7128489017486572, 10520
1.7188479900360107, 10519
1.7218375205993652, 10518
1.724820852279663, 10517
1.7318508625030518, 10516
1.7338504791259766, 10515
1.742818832397461, 10514
1.7458477020263672, 10513
1.7468481063842773, 10512
1.7498507499694824, 10511
1.7569074630737305, 10510
1.758821964263916, 10509
1.7618510723114014, 10508
1.76381516456604, 10507
1.7688140869140625, 10506
1.772824764251709, 10505
1.7738211154937744, 10504
1.7748210430145264, 10503
1.775878667831421, 10502
1.7788138389587402, 10501
1.7808489799499512, 10500
1.7818477153778076, 10499
1.7828481197357178, 10498
1.7848479747772217, 10497
1.7868537902832031, 10496
1.789820671081543, 10495
1.7928531169891357, 10494
1.7938525676727295, 10493
1.7988486289978027, 10492
1.8118457794189453, 10491
1.8138508796691895, 10490
1.8158478736877441, 10489
1.8188483715057373, 10488
1.8268136978149414, 10487
1.8278155326843262, 10486
1.8298513889312744, 10485
1.8308477401733398, 10484
1.8318490982055664, 10483
1.8328490257263184, 10482
1.833848476409912, 10481
1.912816047668457, 10480
1.9198200702667236, 10479
1.92781400680542, 10478
1.9298441410064697, 10477
1.9368479251861572, 10476
1.9408514499664307, 10475
1.9438502788543701, 10474
1.945847988128662, 10473
1.9508156776428223, 10472
1.952847957611084, 10471
1.956822395324707, 10470
1.9608545303344727, 10469
1.9718329906463623, 10468
1.9738221168518066, 10467
1.983811855316162, 10466
1.9858126640319824, 10465
1.9898126125335693, 10464
1.9918148517608643, 10463
1.993812084197998, 10462
1.994812250137329, 10461
1.995812177658081, 10460
2.0008115768432617, 10459
2.0038130283355713, 10458
2.0078158378601074, 10457
2.0088138580322266, 10456
2.010812520980835, 10455
2.0158119201660156, 10454
2.0178115367889404, 10453
2.0188114643096924, 10452
2.0238146781921387, 10451
2.024813175201416, 10450
2.0258162021636963, 10449
2.030817747116089, 10448
2.0318119525909424, 10447
2.0338120460510254, 10446
2.044814109802246, 10445
2.04781174659729, 10444
2.052811622619629, 10443
2.054813861846924, 10442
2.0578131675720215, 10441
2.0608127117156982, 10440
2.065812110900879, 10439
2.066812753677368, 10438
2.0698118209838867, 10437
2.0778112411499023, 10436
2.0798122882843018, 10435
2.0818119049072266, 10434
2.0858120918273926, 10433
2.089815378189087, 10432
2.0968117713928223, 10431
2.0978126525878906, 10430
2.0998122692108154, 10429
2.114814281463623, 10428
2.1158125400543213, 10427
2.130812168121338, 10426
2.136812210083008, 10425
2.139815330505371, 10424
2.1408143043518066, 10423
2.1428134441375732, 10422
2.1478121280670166, 10421
2.1508116722106934, 10420
2.153813123703003, 10419
2.1598129272460938, 10418
2.164811849594116, 10417
2.1658122539520264, 10416
2.1678121089935303, 10415
2.1778130531311035, 10414
2.179811954498291, 10413
2.183811664581299, 10412
2.185812473297119, 10411
2.1868128776550293, 10410
2.1888222694396973, 10409
2.2018117904663086, 10408
2.2028119564056396, 10407
2.2118120193481445, 10406
2.2138121128082275, 10405
2.2158119678497314, 10404
2.2178120613098145, 10403
2.2198116779327393, 10402
2.223813056945801, 10401
2.2248117923736572, 10400
2.2258129119873047, 10399
2.233812093734741, 10398
2.235811710357666, 10397
2.236811637878418, 10396
2.2388134002685547, 10395
2.252812385559082, 10394
2.2539639472961426, 10393
2.2611165046691895, 10392
2.2611165046691895, 10391
2.2611165046691895, 10390
2.2611165046691895, 10389
2.2611165046691895, 10388
2.2611165046691895, 10387
2.2733261585235596, 10386
2.2733261585235596, 10385
2.2733261585235596, 10384
2.2814741134643555, 10383
2.2836122512817383, 10382
2.2836122512817383, 10381
2.294394016265869, 10380
2.2977781295776367, 10379
2.298914670944214, 10378
2.307133436203003, 10377
2.307133436203003, 10376
2.3117778301239014, 10375
2.3117778301239014, 10374
2.3139231204986572, 10373
2.3139231204986572, 10372
2.3139231204986572, 10371
2.3139231204986572, 10370
2.324131727218628, 10369
2.324131727218628, 10368
2.324131727218628, 10367
2.324131727218628, 10366
2.324131727218628, 10365
2.3321592807769775, 10364
2.3321592807769775, 10363
2.334301233291626, 10362
2.334301233291626, 10361
2.344839572906494, 10360
2.344839572906494, 10359
2.344839572906494, 10358
2.355134963989258, 10357
2.355134963989258, 10356
2.355134963989258, 10355
2.355134963989258, 10354
2.355134963989258, 10353
2.355134963989258, 10352
2.3632562160491943, 10351
2.3653640747070312, 10350
2.37565016746521, 10349
2.37565016746521, 10348
2.37565016746521, 10347
2.3858742713928223, 10346
2.3858742713928223, 10345
2.3858742713928223, 10344
2.3858742713928223, 10343
2.394026517868042, 10342
2.396167278289795, 10341
2.396167278289795, 10340
2.4042551517486572, 10339
2.4064016342163086, 10338
2.4064016342163086, 10337
2.4166715145111084, 10336
2.4166715145111084, 10335
2.424769878387451, 10334
2.4268076419830322, 10333
2.4268076419830322, 10332
2.4268076419830322, 10331
2.43485164642334, 10330
2.4368743896484375, 10329
2.4368743896484375, 10328
2.4368743896484375, 10327
2.447122812271118, 10326
2.447122812271118, 10325
2.455274820327759, 10324
2.4572832584381104, 10323
2.4573781490325928, 10322
2.4573781490325928, 10321
2.4573781490325928, 10320
2.4573781490325928, 10319
2.465458393096924, 10318
2.465458393096924, 10317
2.4675981998443604, 10316
2.477884531021118, 10315
2.477884531021118, 10314
2.488098382949829, 10313
2.488098382949829, 10312
2.5084657669067383, 10311
2.5084657669067383, 10310
2.5186545848846436, 10309
2.5290708541870117, 10308
2.5290708541870117, 10307
2.5290708541870117, 10306
2.5290708541870117, 10305
2.5371415615081787, 10304
2.547278642654419, 10303
2.549443483352661, 10302
2.549443483352661, 10301
2.549443483352661, 10300
2.5596747398376465, 10299
2.5596747398376465, 10298
2.5699260234832764, 10297
2.5699260234832764, 10296
2.5699260234832764, 10295
2.580238103866577, 10294
2.580238103866577, 10293
2.588322401046753, 10292
2.5904695987701416, 10291
2.5904695987701416, 10290
2.5904695987701416, 10289
2.5904695987701416, 10288
2.5985231399536133, 10287
2.5985231399536133, 10286
2.600667953491211, 10285
2.600667953491211, 10284
2.600667953491211, 10283
2.600667953491211, 10282
2.6109139919281006, 10281
2.6109139919281006, 10280
2.61906361579895, 10279
2.6313211917877197, 10278
2.641610860824585, 10277
2.6518256664276123, 10276
2.6518256664276123, 10275
2.6518256664276123, 10274
2.65990948677063, 10273
2.661989688873291, 10272
2.661989688873291, 10271
2.661989688873291, 10270
2.7511723041534424, 10269
2.753239393234253, 10268
2.7634239196777344, 10267
2.7715060710906982, 10266
2.7736339569091797, 10265
2.794299602508545, 10264
2.8024420738220215, 10263
2.8045003414154053, 10262
2.8045003414154053, 10261
2.814650535583496, 10260
2.8147430419921875, 10259
2.8147430419921875, 10258
2.822974681854248, 10257
2.835324764251709, 10256
2.835324764251709, 10255
2.835324764251709, 10254
2.8434739112854004, 10253
2.84561824798584, 10252
2.84561824798584, 10251
2.84561824798584, 10250
2.8742971420288086, 10249
2.8764395713806152, 10248
2.8764395713806152, 10247
2.884514570236206, 10246
2.8866469860076904, 10245
2.8866469860076904, 10244
2.89473819732666, 10243
2.89473819732666, 10242
2.9101555347442627, 10241
2.911726474761963, 10240
2.911726474761963, 10239
2.9174132347106934, 10238
2.9174132347106934, 10237
2.9174132347106934, 10236
2.9174132347106934, 10235
2.9174132347106934, 10234
2.927652359008789, 10233
2.927652359008789, 10232
2.935791492462158, 10231
2.937859296798706, 10230
2.937859296798706, 10229
2.9484400749206543, 10228
2.956578254699707, 10227
2.9587156772613525, 10226
2.9587156772613525, 10225
2.966811418533325, 10224
2.9689552783966064, 10223
2.9689552783966064, 10222
2.9791481494903564, 10221
2.9792420864105225, 10220
2.9792420864105225, 10219
2.9792420864105225, 10218
2.98732590675354, 10217
2.9894654750823975, 10216
2.9976110458374023, 10215
2.9997570514678955, 10214
3.0078368186950684, 10213
3.0099825859069824, 10212
3.0181329250335693, 10211
3.020193576812744, 10210
3.020193576812744, 10209
3.0304248332977295, 10208
3.0304248332977295, 10207
3.0304248332977295, 10206
3.0304248332977295, 10205
3.0385727882385254, 10204
3.0407168865203857, 10203
3.0407168865203857, 10202
3.0407168865203857, 10201
3.0590932369232178, 10200
3.061232566833496, 10199
3.061232566833496, 10198
3.061232566833496, 10197
3.061232566833496, 10196
3.069345712661743, 10195
3.071486234664917, 10194
3.071486234664917, 10193
3.0817694664001465, 10192
3.0817694664001465, 10191
3.0898592472076416, 10190
3.0920000076293945, 10189
3.102282762527466, 10188
3.102282762527466, 10187
3.102282762527466, 10186
3.1125152111053467, 10185
3.1125152111053467, 10184
3.122708559036255, 10183
3.1228039264678955, 10182
3.1330325603485107, 10181
3.1330325603485107, 10180
3.15348219871521, 10179
3.1718714237213135, 10178
3.1718714237213135, 10177
3.174014091491699, 10176
3.1922295093536377, 10175
3.1922295093536377, 10174
3.1943233013153076, 10173
3.204612970352173, 10172
3.212697982788086, 10171
3.2148358821868896, 10170
3.2148358821868896, 10169
3.2148358821868896, 10168
3.2251174449920654, 10167
3.2251174449920654, 10166
3.2251174449920654, 10165
3.2352850437164307, 10164
3.2352850437164307, 10163
3.2352850437164307, 10162
3.2352850437164307, 10161
3.2352850437164307, 10160
3.2433393001556396, 10159
3.2455873489379883, 10158
3.253673553466797, 10157
3.2660324573516846, 10156
3.2762861251831055, 10155
3.2762861251831055, 10154
3.2762861251831055, 10153
3.284425973892212, 10152
3.284425973892212, 10151
3.286578893661499, 10150
3.286578893661499, 10149
3.286578893661499, 10148
3.307107925415039, 10147
3.307107925415039, 10146
3.307107925415039, 10145
3.307107925415039, 10144
3.307107925415039, 10143
3.3172593116760254, 10142
3.3173534870147705, 10141
3.3173534870147705, 10140
3.3255045413970947, 10139
3.3255045413970947, 10138
3.327643394470215, 10137
3.327643394470215, 10136
3.327643394470215, 10135
3.327643394470215, 10134
3.348238229751587, 10133
3.348238229751587, 10132
3.348238229751587, 10131
3.348238229751587, 10130
3.378945827484131, 10129
3.378945827484131, 10128
3.387057065963745, 10127
3.389204263687134, 10126
3.389204263687134, 10125
3.39729905128479, 10124
3.399444103240967, 10123
3.399444103240967, 10122
3.399444103240967, 10121
3.399444103240967, 10120
3.409730911254883, 10119
3.409730911254883, 10118
3.4177966117858887, 10117
3.4198989868164062, 10116
3.4198989868164062, 10115
3.4198989868164062, 10114
3.4280385971069336, 10113
3.4382596015930176, 10112
3.4382596015930176, 10111
3.4404067993164062, 10110
3.4404067993164062, 10109
3.4507055282592773, 10108
3.4507055282592773, 10107
3.4611692428588867, 10106
3.4611692428588867, 10105
3.4693100452423096, 10104
3.4714527130126953, 10103
3.4714527130126953, 10102
3.491909980773926, 10101
3.491909980773926, 10100
3.502131223678589, 10099
3.5124242305755615, 10098
3.5124242305755615, 10097
3.522542953491211, 10096
3.522542953491211, 10095
3.522542953491211, 10094
3.530677556991577, 10093
3.532825469970703, 10092
3.532825469970703, 10091
3.532825469970703, 10090
3.5430357456207275, 10089
3.5430357456207275, 10088
3.5532419681549072, 10087
3.5532419681549072, 10086
3.5532419681549072, 10085
3.5637741088867188, 10084
3.5659162998199463, 10083
3.5659162998199463, 10082
3.5659162998199463, 10081
3.5740673542022705, 10080
3.5761988162994385, 10079
3.5761988162994385, 10078
3.5761988162994385, 10077
3.586458921432495, 10076
3.586458921432495, 10075
3.586458921432495, 10074
3.586458921432495, 10073
3.586458921432495, 10072
3.586458921432495, 10071
3.5946056842803955, 10070
3.6048285961151123, 10069
3.606975555419922, 10068
3.606975555419922, 10067
3.606975555419922, 10066
3.606975555419922, 10065
3.6151156425476074, 10064
3.61724853515625, 10063
3.61724853515625, 10062
3.6253292560577393, 10061
3.6315793991088867, 10060
3.6327168941497803, 10059
3.6375443935394287, 10058
3.6386842727661133, 10057
3.647665023803711, 10056
3.6558144092559814, 10055
3.729482889175415, 10054
3.801234245300293, 10053
3.809312105178833, 10052
3.809312105178833, 10051
3.811387777328491, 10050
3.811387777328491, 10049
3.811387777328491, 10048
3.819465398788452, 10047
3.819465398788452, 10046
3.8296210765838623, 10045
3.8316895961761475, 10044
3.8316895961761475, 10043
3.8316895961761475, 10042
3.8397552967071533, 10041
3.8418238162994385, 10040
3.8418238162994385, 10039
3.8519458770751953, 10038
3.8519458770751953, 10037
3.860006332397461, 10036
3.8620641231536865, 10035
3.8620641231536865, 10034
3.8620641231536865, 10033
3.8620641231536865, 10032
3.870126724243164, 10031
3.872183322906494, 10030
3.872183322906494, 10029
3.872183322906494, 10028
3.8822762966156006, 10027
3.8822762966156006, 10026
3.8822762966156006, 10025
3.8903348445892334, 10024
3.892390727996826, 10023
3.892390727996826, 10022
3.892390727996826, 10021
3.902534008026123, 10020
3.910595178604126, 10019
3.912621021270752, 10018
3.9228146076202393, 10017
3.9228146076202393, 10016
3.9329206943511963, 10015
3.9329206943511963, 10014
3.9329206943511963, 10013
3.943042755126953, 10012
3.943042755126953, 10011
3.953153133392334, 10010
3.963536500930786, 10009
3.9736428260803223, 10008
3.9837594032287598, 10007
3.9837594032287598, 10006
3.9837594032287598, 10005
3.9837594032287598, 10004
4.002168655395508, 10003
4.0143280029296875, 10002
4.024449348449707, 10001
4.024449348449707, 10000
4.024449348449707, 9999
4.034559488296509, 9998
4.034559488296509, 9997
4.034559488296509, 9996
4.042619943618774, 9995
4.04468035697937, 9994
4.04468035697937, 9993
4.125519514083862, 9992
4.125519514083862, 9991
4.125519514083862, 9990
4.133574724197388, 9989
4.135627269744873, 9988
4.135627269744873, 9987
4.135627269744873, 9986
4.14574122428894, 9985
4.14574122428894, 9984
4.155848979949951, 9983
4.155848979949951, 9982
4.155848979949951, 9981
4.166381359100342, 9980
4.17648983001709, 9979
4.17648983001709, 9978
4.17648983001709, 9977
4.17648983001709, 9976
4.17648983001709, 9975
4.17648983001709, 9974
4.184551954269409, 9973
4.186619520187378, 9972
4.186619520187378, 9971
4.196735143661499, 9970
4.196735143661499, 9969
4.196735143661499, 9968
4.206866264343262, 9967
4.206866264343262, 9966
4.206866264343262, 9965
4.216975212097168, 9964
4.216975212097168, 9963
4.225042104721069, 9962
4.227106094360352, 9961
4.227106094360352, 9960
4.227106094360352, 9959
4.245302438735962, 9958
4.24735951423645, 9957
4.24735951423645, 9956
4.24735951423645, 9955
4.24735951423645, 9954
4.24735951423645, 9953
4.25541877746582, 9952
4.25541877746582, 9951
4.267604112625122, 9950
4.267604112625122, 9949
4.267604112625122, 9948
4.277714252471924, 9947
4.277714252471924, 9946
4.277714252471924, 9945
4.287829399108887, 9944
4.287829399108887, 9943
4.297936201095581, 9942
4.30806827545166, 9941
4.30806827545166, 9940
4.3181774616241455, 9939
4.3181774616241455, 9938
4.3181774616241455, 9937
4.3181774616241455, 9936
4.3181774616241455, 9935
4.3181774616241455, 9934
4.326211929321289, 9933
4.338219881057739, 9932
4.3403356075286865, 9931
4.3414013385772705, 9930
4.342411041259766, 9929
4.3434648513793945, 9928
4.348571538925171, 9927
4.358685731887817, 9926
4.358685731887817, 9925
4.358685731887817, 9924
4.368792772293091, 9923
4.376852989196777, 9922
4.378911018371582, 9921
4.386965751647949, 9920
4.386965751647949, 9919
4.389020204544067, 9918
4.389020204544067, 9917
4.399157285690308, 9916
4.399157285690308, 9915
4.399157285690308, 9914
4.399157285690308, 9913
4.407219886779785, 9912
4.409272909164429, 9911
4.409272909164429, 9910
4.429520845413208, 9909
4.429520845413208, 9908
4.437601804733276, 9907
4.439661979675293, 9906
4.447742938995361, 9905
4.449789524078369, 9904
4.449789524078369, 9903
4.457832336425781, 9902
4.467839479446411, 9901
4.467839479446411, 9900
4.467839479446411, 9899
4.467839479446411, 9898
4.467839479446411, 9897
4.467839479446411, 9896
4.467839479446411, 9895
4.467839479446411, 9894
4.467839479446411, 9893
4.483476161956787, 9892
4.483476161956787, 9891
4.483476161956787, 9890
4.483476161956787, 9889
4.483476161956787, 9888
4.499101638793945, 9887
4.499101638793945, 9886
4.499101638793945, 9885
4.499101638793945, 9884
4.5147271156311035, 9883
4.5147271156311035, 9882
4.5147271156311035, 9881
4.5147271156311035, 9880
4.5147271156311035, 9879
4.5147271156311035, 9878
4.5147271156311035, 9877
4.5147271156311035, 9876
4.530351638793945, 9875
4.530351638793945, 9874
4.530351638793945, 9873
4.530351638793945, 9872
4.530351638793945, 9871
4.54597544670105, 9870
4.561601400375366, 9869
4.561601400375366, 9868
4.56814432144165, 9867
4.570214033126831, 9866
4.570214033126831, 9865
4.580365896224976, 9864
4.61072039604187, 9863
4.620840787887573, 9862
4.641120672225952, 9861
4.641120672225952, 9860
4.641120672225952, 9859
4.651257276535034, 9858
4.661365985870361, 9857
4.661365985870361, 9856
4.671498775482178, 9855
4.671498775482178, 9854
4.679582834243774, 9853
4.681643724441528, 9852
4.681643724441528, 9851
4.681643724441528, 9850
4.689712762832642, 9849
4.691781282424927, 9848
4.699869632720947, 9847
4.699869632720947, 9846
4.712077617645264, 9845
4.712077617645264, 9844
4.712077617645264, 9843
4.712077617645264, 9842
4.712077617645264, 9841
4.720162868499756, 9840
4.730302333831787, 9839
4.742497205734253, 9838
4.742497205734253, 9837
4.752607822418213, 9836
4.752607822418213, 9835
4.760694265365601, 9834
4.793548822402954, 9833
4.793548822402954, 9832
4.80365777015686, 9831
4.80365777015686, 9830
4.80365777015686, 9829
4.80365777015686, 9828
4.821840524673462, 9827
4.823904991149902, 9826
4.823904991149902, 9825
4.844395399093628, 9824
4.844395399093628, 9823
4.844395399093628, 9822
4.8524603843688965, 9821
4.85451865196228, 9820
4.85451865196228, 9819
4.872715473175049, 9818
4.874772787094116, 9817
4.874772787094116, 9816
4.892940998077393, 9815
4.894994020462036, 9814
4.903031826019287, 9813
4.915192604064941, 9812
4.923254489898682, 9811
4.925308704376221, 9810
4.925308704376221, 9809
4.925308704376221, 9808
4.933365821838379, 9807
4.935419797897339, 9806
4.935419797897339, 9805
4.935419797897339, 9804
4.935419797897339, 9803
4.935419797897339, 9802
4.943501234054565, 9801
4.945559978485107, 9800
4.963747501373291, 9799
4.965801000595093, 9798
4.965801000595093, 9797
4.973870038986206, 9796
4.9759361743927, 9795
4.9759361743927, 9794
4.986053705215454, 9793
4.986053705215454, 9792
4.994113445281982, 9791
4.994113445281982, 9790
5.011085271835327, 9789
5.013146877288818, 9788
5.01727557182312, 9787
5.019343376159668, 9786
5.026470184326172, 9785
5.026470184326172, 9784
5.03655481338501, 9783
5.03655481338501, 9782
5.046668767929077, 9781
5.046668767929077, 9780
5.046668767929077, 9779
5.066924095153809, 9778
5.077047109603882, 9777
5.077047109603882, 9776
5.1052868366241455, 9775
5.10733699798584, 9774
5.10733699798584, 9773
5.10733699798584, 9772
5.117459297180176, 9771
5.12551474571228, 9770
5.127561569213867, 9769
5.135605096817017, 9768
5.145716190338135, 9767
5.147720575332642, 9766
5.147769927978516, 9765
5.147769927978516, 9764
5.157910346984863, 9763
5.168010950088501, 9762
5.176045656204224, 9761
5.188220262527466, 9760
5.188220262527466, 9759
5.1983482837677, 9758
5.228674411773682, 9757
5.236738443374634, 9756
5.238794326782227, 9755
5.238794326782227, 9754
5.248905420303345, 9753
5.248905420303345, 9752
5.259061813354492, 9751
5.259061813354492, 9750
5.26918363571167, 9749
5.279311418533325, 9748
5.2894203662872314, 9747
5.2894203662872314, 9746
5.299521446228027, 9745
5.299521446228027, 9744
5.307574987411499, 9743
5.30963134765625, 9742
5.30963134765625, 9741
5.30963134765625, 9740
5.30963134765625, 9739
5.3298656940460205, 9738
5.3298656940460205, 9737
5.350116968154907, 9736
5.360237121582031, 9735
5.360237121582031, 9734
5.36829400062561, 9733
5.37034797668457, 9732
5.37034797668457, 9731
5.37034797668457, 9730
5.37034797668457, 9729
5.378393888473511, 9728
5.380458831787109, 9727
5.3905651569366455, 9726
5.3905651569366455, 9725
5.3905651569366455, 9724
5.3905651569366455, 9723
5.401085615158081, 9722
5.401085615158081, 9721
5.411194324493408, 9720
5.42129111289978, 9719
5.42129111289978, 9718
5.42129111289978, 9717
5.42129111289978, 9716
5.42129111289978, 9715
5.429348707199097, 9714
5.431401014328003, 9713
5.431401014328003, 9712
5.439441204071045, 9711
5.441496849060059, 9710
5.461738586425781, 9709
5.461738586425781, 9708
5.47184681892395, 9707
5.479917764663696, 9706
5.481974840164185, 9705
5.49208664894104, 9704
5.500152349472046, 9703
5.500152349472046, 9702
5.502217054367065, 9701
5.502217054367065, 9700
5.502217054367065, 9699
5.502217054367065, 9698
5.502217054367065, 9697
5.512357234954834, 9696
5.520445823669434, 9695
5.530573606491089, 9694
5.5529115200042725, 9693
5.5529115200042725, 9692
5.5529115200042725, 9691
5.5529115200042725, 9690
5.5529115200042725, 9689
5.560990810394287, 9688
5.563066005706787, 9687
5.563066005706787, 9686
5.563066005706787, 9685
5.563066005706787, 9684
5.571144342422485, 9683
5.573198556900024, 9682
5.573198556900024, 9681
5.573198556900024, 9680
5.58129096031189, 9679
5.583359479904175, 9678
5.593508243560791, 9677
5.593508243560791, 9676
5.626166582107544, 9675
5.632248878479004, 9674
5.634397745132446, 9673
5.634397745132446, 9672
5.634397745132446, 9671
5.634397745132446, 9670
5.644862651824951, 9669
5.66295599937439, 9668
5.678641080856323, 9667
5.678641080856323, 9666
5.678641080856323, 9665
5.71259331703186, 9664
5.728261947631836, 9663
5.728261947631836, 9662
5.728261947631836, 9661
5.743883371353149, 9660
5.743883371353149, 9659
5.763057231903076, 9658
5.763057231903076, 9657
5.763057231903076, 9656
5.763057231903076, 9655
5.763057231903076, 9654
5.778730392456055, 9653
5.809980869293213, 9652
5.809980869293213, 9651
5.809980869293213, 9650
5.825605392456055, 9649
5.825605392456055, 9648
5.841230630874634, 9647
5.841230630874634, 9646
5.841230630874634, 9645
5.8634033203125, 9644
5.8635008335113525, 9643
5.865646123886108, 9642
5.865646123886108, 9641
5.873739719390869, 9640
5.875889539718628, 9639
5.875889539718628, 9638
5.875889539718628, 9637
5.884027719497681, 9636
5.886091232299805, 9635
5.886091232299805, 9634
5.894212961196899, 9633
5.896358013153076, 9632
5.906652927398682, 9631
5.916882753372192, 9630
5.927170753479004, 9629
5.937419891357422, 9628
5.937419891357422, 9627
5.947710037231445, 9626
5.97110652923584, 9625
5.97110652923584, 9624
5.97110652923584, 9623
5.978905916213989, 9622
5.999466896057129, 9621
6.007516860961914, 9620
6.020301103591919, 9619
6.020301103591919, 9618
6.030462980270386, 9617
6.030462980270386, 9616
6.038563251495361, 9615
6.04069185256958, 9614
6.04069185256958, 9613
6.048786878585815, 9612
6.0509302616119385, 9611
6.061216592788696, 9610
6.061216592788696, 9609
6.061216592788696, 9608
6.061216592788696, 9607
6.061216592788696, 9606
6.071203708648682, 9605
6.071203708648682, 9604
6.071203708648682, 9603
6.071203708648682, 9602
6.071203708648682, 9601
6.079349756240845, 9600
6.0814995765686035, 9599
6.0814995765686035, 9598
6.0814995765686035, 9597
6.0895466804504395, 9596
6.091742515563965, 9595
6.112282991409302, 9594
6.112282991409302, 9593
6.112282991409302, 9592
6.120429277420044, 9591
6.122530698776245, 9590
6.122530698776245, 9589
6.130609512329102, 9588
6.132752895355225, 9587
6.132752895355225, 9586
6.132752895355225, 9585
6.1634297370910645, 9584
6.163522958755493, 9583
6.163522958755493, 9582
6.1737449169158936, 9581
6.1737449169158936, 9580
6.1737449169158936, 9579
6.181895732879639, 9578
6.184040546417236, 9577
6.184040546417236, 9576
6.216783761978149, 9575
6.218785285949707, 9574
6.2197840213775635, 9573
6.2298197746276855, 9572
6.24381685256958, 9571
6.254816770553589, 9570
6.261818885803223, 9569
6.384817361831665, 9568
6.385826826095581, 9567
6.389824390411377, 9566
6.39182448387146, 9565
6.400817632675171, 9564
6.412960767745972, 9563
6.412960767745972, 9562
6.41510534286499, 9561
6.425336837768555, 9560
6.425336837768555, 9559
6.435625791549683, 9558
6.443712949752808, 9557
6.445854902267456, 9556
6.456145524978638, 9555
6.456145524978638, 9554
6.456145524978638, 9553
6.466364860534668, 9552
6.466364860534668, 9551
6.476652145385742, 9550
6.505245685577393, 9549
6.505245685577393, 9548
6.507386922836304, 9547
6.507386922836304, 9546
6.507386922836304, 9545
6.5176708698272705, 9544
6.5176708698272705, 9543
6.5176708698272705, 9542
6.548298358917236, 9541
6.548298358917236, 9540
6.548298358917236, 9539
6.556347846984863, 9538
6.55858588218689, 9537
6.55858588218689, 9536
6.55858588218689, 9535
6.5666584968566895, 9534
6.568804979324341, 9533
6.576943635940552, 9532
6.579078674316406, 9531
6.607662200927734, 9530
6.620085000991821, 9529
6.630663871765137, 9528
6.6511030197143555, 9527
6.661269664764404, 9526
6.673829555511475, 9525
6.681005001068115, 9524
6.682144641876221, 9523
6.682144641876221, 9522
6.682144641876221, 9521
6.682144641876221, 9520
6.690236330032349, 9519
6.692379951477051, 9518
6.692379951477051, 9517
6.692379951477051, 9516
6.71052622795105, 9515
6.71052622795105, 9514
6.720534324645996, 9513
6.720534324645996, 9512
6.720534324645996, 9511
6.720534324645996, 9510
6.736173152923584, 9509
6.750031232833862, 9508
6.750031232833862, 9507
6.765652894973755, 9506
6.765652894973755, 9505
6.78131103515625, 9504
6.796922206878662, 9503
6.809596538543701, 9502
6.809596538543701, 9501
6.8206467628479, 9500
6.8206467628479, 9499
6.8206467628479, 9498
6.8206467628479, 9497
6.8206467628479, 9496
6.8206467628479, 9495
6.8206467628479, 9494
6.8206467628479, 9493
6.83629584312439, 9492
6.83629584312439, 9491
6.83629584312439, 9490
6.83629584312439, 9489
6.851973056793213, 9488
6.851973056793213, 9487
6.851973056793213, 9486
6.867585897445679, 9485
6.867585897445679, 9484
6.867585897445679, 9483
6.867585897445679, 9482
6.883208990097046, 9481
6.883208990097046, 9480
6.883208990097046, 9479
6.883208990097046, 9478
6.8988356590271, 9477
6.8988356590271, 9476
6.8988356590271, 9475
6.8988356590271, 9474
6.923253297805786, 9473
6.923253297805786, 9472
6.931332111358643, 9471
6.933480501174927, 9470
6.9437785148620605, 9469
6.97446084022522, 9468
6.97446084022522, 9467
6.982510328292847, 9466
6.984752893447876, 9465
6.994952440261841, 9464
7.003008842468262, 9463
7.005141496658325, 9462
7.005141496658325, 9461
7.005141496658325, 9460
7.005141496658325, 9459
7.005141496658325, 9458
7.015324592590332, 9457
7.025614500045776, 9456
7.025614500045776, 9455
7.043914318084717, 9454
7.046053171157837, 9453
7.046053171157837, 9452
7.046053171157837, 9451
7.046053171157837, 9450
7.066599130630493, 9449
7.066599130630493, 9448
7.086961984634399, 9447
7.115206003189087, 9446
7.115206003189087, 9445
7.117275714874268, 9444
7.117275714874268, 9443
7.127542972564697, 9442
7.149969577789307, 9441
7.149969577789307, 9440
7.149969577789307, 9439
7.158162355422974, 9438
7.158162355422974, 9437
7.158162355422974, 9436
7.186473608016968, 9435
7.188606262207031, 9434
7.188606262207031, 9433
7.198873519897461, 9432
7.206973314285278, 9431
7.206973314285278, 9430
7.209112644195557, 9429
7.219317674636841, 9428
7.219317674636841, 9427
7.219317674636841, 9426
7.219317674636841, 9425
7.229484796524048, 9424
7.229484796524048, 9423
7.237621545791626, 9422
7.237621545791626, 9421
7.247830867767334, 9420
7.250325441360474, 9419
7.260627746582031, 9418
7.270908355712891, 9417
7.270908355712891, 9416
7.279050588607788, 9415
7.279050588607788, 9414
7.281208753585815, 9413
7.289321184158325, 9412
7.291380167007446, 9411
7.291380167007446, 9410
7.291380167007446, 9409
7.299536466598511, 9408
7.299536466598511, 9407
7.310518026351929, 9406
7.311517715454102, 9405
7.3235533237457275, 9404
7.346746921539307, 9403
7.356713771820068, 9402
7.366711616516113, 9401
7.370717287063599, 9400
7.38271164894104, 9399
7.390714406967163, 9398
7.392712354660034, 9397
7.414711952209473, 9396
7.415711879730225, 9395
7.430744647979736, 9394
7.435710668563843, 9393
7.44471287727356, 9392
7.463712453842163, 9391
7.476712226867676, 9390
7.485713720321655, 9389
7.491712808609009, 9388
7.4957122802734375, 9387
7.512946605682373, 9386
7.523080587387085, 9385
7.523080587387085, 9384
7.531155347824097, 9383
7.53322172164917, 9382
7.53322172164917, 9381
7.541320085525513, 9380
7.543386220932007, 9379
7.543386220932007, 9378
7.543386220932007, 9377
7.561567306518555, 9376
7.563636064529419, 9375
7.563636064529419, 9374
7.571711540222168, 9373
7.57378363609314, 9372
7.583946943283081, 9371
7.583946943283081, 9370
7.583946943283081, 9369
7.583946943283081, 9368
7.583946943283081, 9367
7.604226350784302, 9366
7.604226350784302, 9365
7.6123011112213135, 9364
7.6123011112213135, 9363
7.614370346069336, 9362
7.614370346069336, 9361
7.614370346069336, 9360
7.634629011154175, 9359
7.6447532176971436, 9358
7.6447532176971436, 9357
7.652831077575684, 9356
7.654904127120972, 9355
7.662949085235596, 9354
7.6650190353393555, 9353
7.675154447555542, 9352
7.685317516326904, 9351
7.695451498031616, 9350
7.695451498031616, 9349
7.695451498031616, 9348
7.695451498031616, 9347
7.695451498031616, 9346
7.705594539642334, 9345
7.715728998184204, 9344
7.723820924758911, 9343
7.736031532287598, 9342
7.746170520782471, 9341
7.746170520782471, 9340
7.754229784011841, 9339
7.754229784011841, 9338
7.754229784011841, 9337
7.754229784011841, 9336
7.754229784011841, 9335
7.766324281692505, 9334
7.774383306503296, 9333
7.776438236236572, 9332
7.784526586532593, 9331
7.7865917682647705, 9330
7.7865917682647705, 9329
7.8068602085113525, 9328
7.8068602085113525, 9327
7.8068602085113525, 9326
7.827103137969971, 9325
7.827103137969971, 9324
7.837211847305298, 9323
7.845261573791504, 9322
7.857428789138794, 9321
7.857428789138794, 9320
7.867944002151489, 9319
7.8760011196136475, 9318
7.888187408447266, 9317
7.896245002746582, 9316
7.896245002746582, 9315
7.9168500900268555, 9314
7.9168500900268555, 9313
7.926935195922852, 9312
7.929076910018921, 9311
7.947448492050171, 9310
7.9495849609375, 9309
7.9495849609375, 9308
7.959878444671631, 9307
7.959878444671631, 9306
7.959878444671631, 9305
7.9679718017578125, 9304
7.970022201538086, 9303
7.970118999481201, 9302
8.072582721710205, 9301
8.09308409690857, 9300
8.103370189666748, 9299
8.111480712890625, 9298
8.113641262054443, 9297
8.113641262054443, 9296
8.123937129974365, 9295
8.132019996643066, 9294
8.13416075706482, 9293
8.13416075706482, 9292
8.13416075706482, 9291
8.144448280334473, 9290
8.154629945755005, 9289
8.164915084838867, 9288
8.164915084838867, 9287
8.164915084838867, 9286
8.185389518737793, 9285
8.185389518737793, 9284
8.193471431732178, 9283
8.205896377563477, 9282
8.216148614883423, 9281
8.226432800292969, 9280
8.226432800292969, 9279
8.226432800292969, 9278
8.25720477104187, 9277
8.26748514175415, 9276
8.2756028175354, 9275
8.277750015258789, 9274
8.277750015258789, 9273
8.285853385925293, 9272
8.28799319267273, 9271
8.298230171203613, 9270
8.306371688842773, 9269
8.306371688842773, 9268
8.308512449264526, 9267
8.318700313568115, 9266
8.32684326171875, 9265
8.328985452651978, 9264
8.33709192276001, 9263
8.33709192276001, 9262
8.339229583740234, 9261
8.347373485565186, 9260
8.361455917358398, 9259
8.363630771636963, 9258
8.370595693588257, 9257
8.371734857559204, 9256
8.372805833816528, 9255
8.372805833816528, 9254
8.372805833816528, 9253
8.378948450088501, 9252
8.381088972091675, 9251
8.40147876739502, 9250
8.40147876739502, 9249
8.409571170806885, 9248
8.411622524261475, 9247
8.41172194480896, 9246
8.422003030776978, 9245
8.430111646652222, 9244
8.432251691818237, 9243
8.432251691818237, 9242
8.44039535522461, 9241
8.442532777786255, 9240
8.442532777786255, 9239
8.442532777786255, 9238
8.442532777786255, 9237
8.450613498687744, 9236
8.45275330543518, 9235
8.45275330543518, 9234
8.471091270446777, 9233
8.473581790924072, 9232
8.473581790924072, 9231
8.502165079116821, 9230
8.504303216934204, 9229
8.504303216934204, 9228
8.504303216934204, 9227
8.504303216934204, 9226
8.504303216934204, 9225
8.51239562034607, 9224
8.514496803283691, 9223
8.524792671203613, 9222
8.532900094985962, 9221
8.535038709640503, 9220
8.545319080352783, 9219
8.55554461479187, 9218
8.56581449508667, 9217
8.56581449508667, 9216
8.56581449508667, 9215
8.584189176559448, 9214
8.586328029632568, 9213
8.586328029632568, 9212
8.594411373138428, 9211
8.606842756271362, 9210
8.606842756271362, 9209
8.617060899734497, 9208
8.62510633468628, 9207
8.63745927810669, 9206
8.63756251335144, 9205
8.63756251335144, 9204
8.658063173294067, 9203
8.658063173294067, 9202
8.658063173294067, 9201
8.668355226516724, 9200
8.688669204711914, 9199
8.688669204711914, 9198
8.688669204711914, 9197
8.688669204711914, 9196
8.696736335754395, 9195
8.698801279067993, 9194
8.708935737609863, 9193
8.719067573547363, 9192
8.739364862442017, 9191
8.749442100524902, 9190
8.757550954818726, 9189
8.759622812271118, 9188
8.767698526382446, 9187
8.779932737350464, 9186
8.790068864822388, 9185
8.790068864822388, 9184
8.798077821731567, 9183
8.810385704040527, 9182
8.820308923721313, 9181
8.840622186660767, 9180
8.850758075714111, 9179
8.860934734344482, 9178
8.87108039855957, 9177
8.881199836730957, 9176
8.891337156295776, 9175
8.891337156295776, 9174
8.911624908447266, 9173
8.911624908447266, 9172
8.931909322738647, 9171
8.931909322738647, 9170
8.931909322738647, 9169
8.942046880722046, 9168
8.942046880722046, 9167
8.942046880722046, 9166
8.942046880722046, 9165
8.962260961532593, 9164
8.982551574707031, 9163
8.992686986923218, 9162
8.992686986923218, 9161
9.002830743789673, 9160
9.012964725494385, 9159
9.012964725494385, 9158
9.012964725494385, 9157
9.012964725494385, 9156
9.021047115325928, 9155
9.023126363754272, 9154
9.023126363754272, 9153
9.043431282043457, 9152
9.043431282043457, 9151
9.043431282043457, 9150
9.06165337562561, 9149
9.06165337562561, 9148
9.063720226287842, 9147
9.073851823806763, 9146
9.073851823806763, 9145
9.092513084411621, 9144
9.092513084411621, 9143
9.113158941268921, 9142
9.117411613464355, 9141
9.12563157081604, 9140
9.1337730884552, 9139
9.176945447921753, 9138
9.176945447921753, 9137
9.184988260269165, 9136
9.187193870544434, 9135
9.187193870544434, 9134
9.207714080810547, 9133
9.218002080917358, 9132
9.218002080917358, 9131
9.228234052658081, 9130
9.236379384994507, 9129
9.238523721694946, 9128
9.248790979385376, 9127
9.267189979553223, 9126
9.269335508346558, 9125
9.279614925384521, 9124
9.289729833602905, 9123
9.297797918319702, 9122
9.297797918319702, 9121
9.309990644454956, 9120
9.309990644454956, 9119
9.309990644454956, 9118
9.32012391090393, 9117
9.32012391090393, 9116
9.32012391090393, 9115
9.330254793167114, 9114
9.330254793167114, 9113
9.338284730911255, 9112
9.340337753295898, 9111
9.370665550231934, 9110
9.370665550231934, 9109
9.390870809555054, 9108
9.39892292022705, 9107
9.400975942611694, 9106
9.409054279327393, 9105
9.411109924316406, 9104
9.421218156814575, 9103
9.421218156814575, 9102
9.43134331703186, 9101
9.45159387588501, 9100
9.45159387588501, 9099
9.461703777313232, 9098
9.4798743724823, 9097
9.48192572593689, 9096
9.489964962005615, 9095
9.492021799087524, 9094
9.492021799087524, 9093
9.502138137817383, 9092
9.510212659835815, 9091
9.512266397476196, 9090
9.522374868392944, 9089
9.530447483062744, 9088
9.530447483062744, 9087
9.542614459991455, 9086
9.542614459991455, 9085
9.552755355834961, 9084
9.562866449356079, 9083
9.601237535476685, 9082
9.61135196685791, 9081
9.613404273986816, 9080
9.613404273986816, 9079
9.621458530426025, 9078
9.623510122299194, 9077
9.633642196655273, 9076
9.633642196655273, 9075
9.633642196655273, 9074
9.643754959106445, 9073
9.643754959106445, 9072
9.643754959106445, 9071
9.643754959106445, 9070
9.653854846954346, 9069
9.661908149719238, 9068
9.663960218429565, 9067
9.663960218429565, 9066
9.663960218429565, 9065
9.674059391021729, 9064
9.682114839553833, 9063
9.684167385101318, 9062
9.702735185623169, 9061
9.704800367355347, 9060
9.704800367355347, 9059
9.704800367355347, 9058
9.725053548812866, 9057
9.725053548812866, 9056
9.745301723480225, 9055
9.745301723480225, 9054
9.753373622894287, 9053
9.765542268753052, 9052
9.765542268753052, 9051
9.765542268753052, 9050
9.785764455795288, 9049
9.785764455795288, 9048
9.793798923492432, 9047
9.79585313796997, 9046
9.83634877204895, 9045
9.83634877204895, 9044
9.856590509414673, 9043
9.856590509414673, 9042
9.866699457168579, 9041
9.874762773513794, 9040
9.897062063217163, 9039
9.9071786403656, 9038
9.915249109268188, 9037
9.917303562164307, 9036
9.927414894104004, 9035
9.937547445297241, 9034
9.937547445297241, 9033
9.937547445297241, 9032
9.937547445297241, 9031
9.937547445297241, 9030
9.947658061981201, 9029
9.947658061981201, 9028
9.957795858383179, 9027
9.967901945114136, 9026
9.967901945114136, 9025
9.977994203567505, 9024
10.02650499343872, 9023
10.028555154800415, 9022
10.079142570495605, 9021
10.087198734283447, 9020
10.099376916885376, 9019
10.099376916885376, 9018
10.109487771987915, 9017
10.11961817741394, 9016
10.129730463027954, 9015
10.137802124023438, 9014
10.149963617324829, 9013
10.149963617324829, 9012
10.149963617324829, 9011
10.149963617324829, 9010
10.158027410507202, 9009
10.160082578659058, 9008
10.180317878723145, 9007
10.188373804092407, 9006
10.198498487472534, 9005
10.200555086135864, 9004
10.220784425735474, 9003
10.230900049209595, 9002
10.230900049209595, 9001
10.230900049209595, 9000
10.230900049209595, 8999
10.230900049209595, 8998
10.251131772994995, 8997
10.259185791015625, 8996
10.271350860595703, 8995
10.281466960906982, 8994
10.281466960906982, 8993
10.291576147079468, 8992
10.291576147079468, 8991
10.302119731903076, 8990
10.302119731903076, 8989
10.302119731903076, 8988
10.310189008712769, 8987
10.33247447013855, 8986
10.342605352401733, 8985
10.342605352401733, 8984
10.352717399597168, 8983
10.352717399597168, 8982
10.360785722732544, 8981
10.391098499298096, 8980
10.393151760101318, 8979
10.411295890808105, 8978
10.443719387054443, 8977
10.453807830810547, 8976
10.474056243896484, 8975
10.484198570251465, 8974
10.49432110786438, 8973
10.50235652923584, 8972
10.514517307281494, 8971
10.514517307281494, 8970
10.522589683532715, 8969
10.563069581985474, 8968
10.573179960250854, 8967
10.575233459472656, 8966
10.585364818572998, 8965
10.585364818572998, 8964
10.593424558639526, 8963
10.623769044876099, 8962
10.625821590423584, 8961
10.625821590423584, 8960
10.625821590423584, 8959
10.625821590423584, 8958
10.633885860443115, 8957
10.635940551757812, 8956
10.635940551757812, 8955
10.635940551757812, 8954
10.65413498878479, 8953
10.656187057495117, 8952
10.686501026153564, 8951
10.70469045639038, 8950
10.706754446029663, 8949
10.71480679512024, 8948
10.726977109909058, 8947
10.747209310531616, 8946
10.747209310531616, 8945
10.757318258285522, 8944
10.767454147338867, 8943
10.787656784057617, 8942
10.84837532043457, 8941
10.84837532043457, 8940
10.858486652374268, 8939
10.858486652374268, 8938
10.858486652374268, 8937
10.888848304748535, 8936
10.888848304748535, 8935
10.8989577293396, 8934
10.8989577293396, 8933
10.8989577293396, 8932
10.917562007904053, 8931
10.939851522445679, 8930
10.939851522445679, 8929
10.939851522445679, 8928
10.939851522445679, 8927
10.949991941452026, 8926
10.960101842880249, 8925
10.980301856994629, 8924
10.980301856994629, 8923
10.980301856994629, 8922
11.000502347946167, 8921
11.008533716201782, 8920
11.008533716201782, 8919
11.018646240234375, 8918
11.048999071121216, 8917
11.051053047180176, 8916
11.051053047180176, 8915
11.059108257293701, 8914
11.071297645568848, 8913
11.071297645568848, 8912
11.081408023834229, 8911
11.10166621208191, 8910
11.111793279647827, 8909
11.121903419494629, 8908
11.132036924362183, 8907
11.132036924362183, 8906
11.132036924362183, 8905
11.162374019622803, 8904
11.162374019622803, 8903
11.170377254486084, 8902
11.182608604431152, 8901
11.19064736366272, 8900
11.21297287940979, 8899
11.243310928344727, 8898
11.243310928344727, 8897
11.273659467697144, 8896
11.334386825561523, 8895
11.334386825561523, 8894
11.344512462615967, 8893
11.352581024169922, 8892
11.362689018249512, 8891
11.374865531921387, 8890
11.374865531921387, 8889
11.382922172546387, 8888
11.384987592697144, 8887
11.395116090774536, 8886
11.405224084854126, 8885
11.413259267807007, 8884
11.415314197540283, 8883
11.415314197540283, 8882
11.415314197540283, 8881
11.423373222351074, 8880
11.425429344177246, 8879
11.425429344177246, 8878
11.445677757263184, 8877
11.455809116363525, 8876
11.455809116363525, 8875
11.455809116363525, 8874
11.473980188369751, 8873
11.476035594940186, 8872
11.537133932113647, 8871
11.537133932113647, 8870
11.557361602783203, 8869
11.567471981048584, 8868
11.577624082565308, 8867
11.577624082565308, 8866
11.597879409790039, 8865
11.607987642288208, 8864
11.607987642288208, 8863
11.607987642288208, 8862
11.618112325668335, 8861
11.618112325668335, 8860
11.62616515159607, 8859
11.628219604492188, 8858
11.628219604492188, 8857
11.628219604492188, 8856
11.638336181640625, 8855
11.638336181640625, 8854
11.648444890975952, 8853
11.65857195854187, 8852
11.65857195854187, 8851
11.69904088973999, 8850
11.69904088973999, 8849
11.707095623016357, 8848
11.707095623016357, 8847
11.790015697479248, 8846
11.840563535690308, 8845
11.8688063621521, 8844
11.870907306671143, 8843
11.870907306671143, 8842
11.870907306671143, 8841
11.881017684936523, 8840
11.891125202178955, 8839
11.911350727081299, 8838
11.921447277069092, 8837
11.921447277069092, 8836
11.929500818252563, 8835
11.961920261383057, 8834
11.972028732299805, 8833
11.972028732299805, 8832
11.992264747619629, 8831
12.012458562850952, 8830
12.012458562850952, 8829
12.022576570510864, 8828
12.042823314666748, 8827
12.063063144683838, 8826
12.063063144683838, 8825
12.073170185089111, 8824
12.073170185089111, 8823
12.08124828338623, 8822
12.142326593399048, 8821
12.164605140686035, 8820
12.164605140686035, 8819
12.17266058921814, 8818
12.184838771820068, 8817
12.184838771820068, 8816
12.215157985687256, 8815
12.22528886795044, 8814
12.235398054122925, 8813
12.235398054122925, 8812
12.255617618560791, 8811
12.26574158668518, 8810
12.26574158668518, 8809
12.275856494903564, 8808
12.296077489852905, 8807
12.296077489852905, 8806
12.30620551109314, 8805
12.316315174102783, 8804
12.356811285018921, 8803
12.366923809051514, 8802
12.387174606323242, 8801
12.39728593826294, 8800
12.39728593826294, 8799
12.42558741569519, 8798
12.437750816345215, 8797
12.437750816345215, 8796
12.45796537399292, 8795
12.465996980667114, 8794
12.468053102493286, 8793
12.468053102493286, 8792
12.478160381317139, 8791
12.478160381317139, 8790
12.488297462463379, 8789
12.488297462463379, 8788
12.498410701751709, 8787
12.498410701751709, 8786
12.498410701751709, 8785
12.51864743232727, 8784
12.51864743232727, 8783
12.51864743232727, 8782
12.548981666564941, 8781
12.567167043685913, 8780
12.567167043685913, 8779
12.592825412750244, 8778
12.592825412750244, 8777
12.608450174331665, 8776
12.639703750610352, 8775
12.639703750610352, 8774
12.639703750610352, 8773
12.655324220657349, 8772
12.655324220657349, 8771
12.670946598052979, 8770
12.670946598052979, 8769
12.679600477218628, 8768
12.710051774978638, 8767
12.720189332962036, 8766
12.720189332962036, 8765
12.720189332962036, 8764
12.740843534469604, 8763
12.751005172729492, 8762
12.761080741882324, 8761
12.781420946121216, 8760
12.781420946121216, 8759
12.822012662887573, 8758
12.830107688903809, 8757
12.86053991317749, 8756
12.88072943687439, 8755
12.882858514785767, 8754
12.882858514785767, 8753
12.890935897827148, 8752
12.901068925857544, 8751
12.90313458442688, 8750
12.941827297210693, 8749
12.964258670806885, 8748
12.972354650497437, 8747
12.974420309066772, 8746
12.984533309936523, 8745
12.992621660232544, 8744
13.004837274551392, 8743
13.023067474365234, 8742
13.025143384933472, 8741
13.025143384933472, 8740
13.033181190490723, 8739
13.033181190490723, 8738
13.035250186920166, 8737
13.05552625656128, 8736
13.075824975967407, 8735
13.1670241355896, 8734
13.177168607711792, 8733
13.20007061958313, 8732
13.248028039932251, 8731
13.256096601486206, 8730
13.276381492614746, 8729
13.28654170036316, 8728
13.32918405532837, 8727
13.339317798614502, 8726
13.37015175819397, 8725
13.37015175819397, 8724
13.390426635742188, 8723
13.40056037902832, 8722
13.418742656707764, 8721
13.420809030532837, 8720
13.430973291397095, 8719
13.430973291397095, 8718
13.441131591796875, 8717
13.459312915802002, 8716
13.461378574371338, 8715
13.461378574371338, 8714
13.481665134429932, 8713
13.49182677268982, 8712
13.49182677268982, 8711
13.49182677268982, 8710
13.49182677268982, 8709
13.53236722946167, 8708
13.542501449584961, 8707
13.58305311203003, 8706
13.591143369674683, 8705
13.591143369674683, 8704
13.633734464645386, 8703
13.633734464645386, 8702
13.641802787780762, 8701
13.643870830535889, 8700
13.651960611343384, 8699
13.664181470870972, 8698
13.704753875732422, 8697
13.733145713806152, 8696
13.735214710235596, 8695
13.785921812057495, 8694
13.804128885269165, 8693
13.806194067001343, 8692
13.836640119552612, 8691
13.999130964279175, 8690
13.999130964279175, 8689
14.019386053085327, 8688
14.027454614639282, 8687
14.029520511627197, 8686
14.039674997329712, 8685
14.047741889953613, 8684
14.049811363220215, 8683
14.049811363220215, 8682
14.059914588928223, 8681
14.059914588928223, 8680
14.059914588928223, 8679
14.067983150482178, 8678
14.070047855377197, 8677
14.09032154083252, 8676
14.100470066070557, 8675
14.108550548553467, 8674
14.138976573944092, 8673
14.18157410621643, 8672
14.18157410621643, 8671
14.199794292449951, 8670
14.201862573623657, 8669
14.211995124816895, 8668
14.31332015991211, 8667
14.3315269947052, 8666
14.353881359100342, 8665
14.353881359100342, 8664
14.374157428741455, 8663
14.394452095031738, 8662
14.70901107788086, 8661
14.70901107788086, 8660
14.7495756149292, 8659
14.759709358215332, 8658
14.76778244972229, 8657
14.76778244972229, 8656
14.769852638244629, 8655
14.777921676635742, 8654
14.777921676635742, 8653
14.790162563323975, 8652
14.810460090637207, 8651
14.828603982925415, 8650
14.828683376312256, 8649
14.83074951171875, 8648
14.840885639190674, 8647
14.840885639190674, 8646
14.851048469543457, 8645
14.851048469543457, 8644
14.861180782318115, 8643
14.889554738998413, 8642
14.891620874404907, 8641
14.911857604980469, 8640
14.911857604980469, 8639
14.921992778778076, 8638
14.942278861999512, 8637
14.962539911270142, 8636
14.972688674926758, 8635
14.972688674926758, 8634
14.972688674926758, 8633
14.982818126678467, 8632
14.99090576171875, 8631
14.992971897125244, 8630
14.992971897125244, 8629
14.992971897125244, 8628
15.001039505004883, 8627
15.001039505004883, 8626
15.033505916595459, 8625
15.063910484313965, 8624
15.063910484313965, 8623
15.084147930145264, 8622
15.094289064407349, 8621
15.094289064407349, 8620
15.114585876464844, 8619
15.114585876464844, 8618
15.122656106948853, 8617
15.134857892990112, 8616
15.134857892990112, 8615
15.142925024032593, 8614
15.144993305206299, 8613
15.165284156799316, 8612
15.23671269416809, 8611
15.246845006942749, 8610
15.257001399993896, 8609
15.257001399993896, 8608
15.267131567001343, 8607
15.267131567001343, 8606
15.297521114349365, 8605
15.297521114349365, 8604
15.3055899143219, 8603
15.307654857635498, 8602
15.325822830200195, 8601
15.327890872955322, 8600
15.338029623031616, 8599
15.356254816055298, 8598
15.358323097229004, 8597
15.358323097229004, 8596
15.388745546340942, 8595
15.398900032043457, 8594
15.449547052383423, 8593
15.45970606803894, 8592
15.469839572906494, 8591
15.488028049468994, 8590
15.490092277526855, 8589
15.490092277526855, 8588
15.500242471694946, 8587
15.500242471694946, 8586
15.50831151008606, 8585
15.540807008743286, 8584
15.58136534690857, 8583
15.58136534690857, 8582
15.58136534690857, 8581
15.591501474380493, 8580
15.599584817886353, 8579
15.611786603927612, 8578
15.621941804885864, 8577
15.63207721710205, 8576
15.64223027229309, 8575
15.652363538742065, 8574
15.670554637908936, 8573
15.682729721069336, 8572
15.682729721069336, 8571
15.73342227935791, 8570
15.743573427200317, 8569
15.84537672996521, 8568
15.88595175743103, 8567
15.906242370605469, 8566
15.906242370605469, 8565
15.926533699035645, 8564
15.985346555709839, 8563
16.007708311080933, 8562
16.007708311080933, 8561
16.11936593055725, 8560
16.12949562072754, 8559
16.147720098495483, 8558
16.18023180961609, 8557
16.18023180961609, 8556
16.198407411575317, 8555
16.230905771255493, 8554
16.241056203842163, 8553
16.251195430755615, 8552
16.281580924987793, 8551
16.3200740814209, 8550
16.322143077850342, 8549
16.332279920578003, 8548
16.34242272377014, 8547
16.362664222717285, 8546
16.37073302268982, 8545
16.393072605133057, 8544
16.403605461120605, 8543
16.403605461120605, 8542
16.41167640686035, 8541
16.41374135017395, 8540
16.42388677597046, 8539
16.442059993743896, 8538
16.482640027999878, 8537
16.515077590942383, 8536
16.52523183822632, 8535
16.535366535186768, 8534
16.543450355529785, 8533
16.55565905570984, 8532
16.55565905570984, 8531
16.565811157226562, 8530
16.565811157226562, 8529
16.57594585418701, 8528
16.586105823516846, 8527
16.586105823516846, 8526
16.616475105285645, 8525
16.616475105285645, 8524
16.626627922058105, 8523
16.626627922058105, 8522
16.626627922058105, 8521
16.646909952163696, 8520
16.67727565765381, 8519
16.687466621398926, 8518
16.687466621398926, 8517
16.687466621398926, 8516
16.687466621398926, 8515
16.728015899658203, 8514
16.79900050163269, 8513
16.82944631576538, 8512
16.839580535888672, 8511
16.839580535888672, 8510
16.847656965255737, 8509
16.8577880859375, 8508
16.870006799697876, 8507
16.982224464416504, 8506
16.982224464416504, 8505
16.99246859550476, 8504
17.002761602401733, 8503
17.01331400871277, 8502
17.021459341049194, 8501
17.023606538772583, 8500
17.023606538772583, 8499
17.033883094787598, 8498
17.033883094787598, 8497
17.033883094787598, 8496
17.24924898147583, 8495
17.24924898147583, 8494
17.259539365768433, 8493
17.259539365768433, 8492
17.28814172744751, 8491
17.29028344154358, 8490
17.351791620254517, 8489
17.372313499450684, 8488
17.3928062915802, 8487
17.3928062915802, 8486
17.403090238571167, 8485
17.421474933624268, 8484
17.452191591262817, 8483
17.454330682754517, 8482
17.464616298675537, 8481
17.47488784790039, 8480
17.4932541847229, 8479
17.49539589881897, 8478
17.534255981445312, 8477
17.54454803466797, 8476
17.5466890335083, 8475
17.55697512626648, 8474
17.567269563674927, 8473
17.57750129699707, 8472
17.585649967193604, 8471
17.608365774154663, 8470
17.608365774154663, 8469
17.639451026916504, 8468
17.66808271408081, 8467
17.690738439559937, 8466
17.711251258850098, 8465
17.72148847579956, 8464
17.731780767440796, 8463
17.760393857955933, 8462
17.772820472717285, 8461
17.780861854553223, 8460
17.79326343536377, 8459
17.81165051460266, 8458
17.813788890838623, 8457
17.832175970077515, 8456
17.85484766960144, 8455
17.8937087059021, 8454
17.895846366882324, 8453
17.916550159454346, 8452
17.937085390090942, 8451
17.947314262390137, 8450
17.947314262390137, 8449
17.95759630203247, 8448
17.95759630203247, 8447
17.975956439971924, 8446
17.978095293045044, 8445
17.978095293045044, 8444
17.978095293045044, 8443
17.998602151870728, 8442
17.998602151870728, 8441
18.008816957473755, 8440
18.008816957473755, 8439
18.019099473953247, 8438
18.019099473953247, 8437
18.019099473953247, 8436
18.029357194900513, 8435
18.04771399497986, 8434
18.049749851226807, 8433
18.06002902984619, 8432
18.06002902984619, 8431
18.070253372192383, 8430
18.070253372192383, 8429
18.080548763275146, 8428
18.090779542922974, 8427
18.152348279953003, 8426
18.152348279953003, 8425
18.162634134292603, 8424
18.234642028808594, 8423
18.27567148208618, 8422
18.28595519065857, 8421
18.304343938827515, 8420
18.306490182876587, 8419
18.326894760131836, 8418
18.334991216659546, 8417
18.334991216659546, 8416
18.351855754852295, 8415
18.369359493255615, 8414
18.3897602558136, 8413
18.3897602558136, 8412
18.3897602558136, 8411
18.441023111343384, 8410
18.441023111343384, 8409
18.451274871826172, 8408
18.461554527282715, 8407
18.46962881088257, 8406
18.482051134109497, 8405
18.482051134109497, 8404
18.502586841583252, 8403
18.51283097267151, 8402
18.533302307128906, 8401
18.543593168258667, 8400
18.543593168258667, 8399
18.55383276939392, 8398
18.55383276939392, 8397
18.564122915267944, 8396
18.584645748138428, 8395
18.584645748138428, 8394
18.594868659973145, 8393
18.625662088394165, 8392
18.746702671051025, 8391
18.76944899559021, 8390
18.77969717979431, 8389
18.787837505340576, 8388
18.789974689483643, 8387
18.800196409225464, 8386
18.810481071472168, 8385
18.82069206237793, 8384
18.82069206237793, 8383
18.85178256034851, 8382
18.859878301620483, 8381
18.913224697113037, 8380
18.974621772766113, 8379
18.984859466552734, 8378
19.003246068954468, 8377
19.005386352539062, 8376
19.015679121017456, 8375
19.015679121017456, 8374
19.02594566345215, 8373
19.03622841835022, 8372
19.03622841835022, 8371
19.077255487442017, 8370
19.107916831970215, 8369
19.118167400360107, 8368
19.138681888580322, 8367
19.138681888580322, 8366
19.148918867111206, 8365
19.374557495117188, 8364
19.405306100845337, 8363
19.425806760787964, 8362
19.446306228637695, 8361
19.47738027572632, 8360
19.518249034881592, 8359
19.538842916488647, 8358
19.538842916488647, 8357
19.538842916488647, 8356
19.557204961776733, 8355
19.59825825691223, 8354
19.64143133163452, 8353
19.672132968902588, 8352
19.743937969207764, 8351
19.754210472106934, 8350
19.762280464172363, 8349
19.815682888031006, 8348
19.815682888031006, 8347
19.815682888031006, 8346
19.866974592208862, 8345
19.89781403541565, 8344
19.990054845809937, 8343
20.00033974647522, 8342
20.028940200805664, 8341
20.041364908218384, 8340
20.072352647781372, 8339
20.08255362510681, 8338
20.0906720161438, 8337
20.09281849861145, 8336
20.100959062576294, 8335
20.11327028274536, 8334
20.11327028274536, 8333
20.121415853500366, 8332
20.14191174507141, 8331
20.205554962158203, 8330
20.2444109916687, 8329
20.2444109916687, 8328
20.28755760192871, 8327
20.29779887199402, 8326
20.308096170425415, 8325
20.328596115112305, 8324
20.328596115112305, 8323
20.338855266571045, 8322
20.338855266571045, 8321
20.338855266571045, 8320
20.349095821380615, 8319
20.369377374649048, 8318
20.37747049331665, 8317
20.389882564544678, 8316
20.412415742874146, 8315
20.45135498046875, 8314
20.45135498046875, 8313
20.461602449417114, 8312
20.48211359977722, 8311
20.492395639419556, 8310
20.492395639419556, 8309
20.533453226089478, 8308
20.533453226089478, 8307
20.54366159439087, 8306
20.61542248725891, 8305
20.62351107597351, 8304
20.62351107597351, 8303
20.65634274482727, 8302
20.664380311965942, 8301
20.664380311965942, 8300
20.690088748931885, 8299
20.690088748931885, 8298
20.736951112747192, 8297
20.736951112747192, 8296
20.736951112747192, 8295
20.752569675445557, 8294
20.776915550231934, 8293
20.787198543548584, 8292
20.797474145889282, 8291
20.807708263397217, 8290
20.848681926727295, 8289
20.848681926727295, 8288
20.85896396636963, 8287
20.85896396636963, 8286
20.889684438705444, 8285
20.920483112335205, 8284
21.000210523605347, 8283
21.002448797225952, 8282
21.002448797225952, 8281
21.01060652732849, 8280
21.02090048789978, 8279
21.074334383010864, 8278
21.08454132080078, 8277
21.115272283554077, 8276
21.12553334236145, 8275
21.135725259780884, 8274
21.187018156051636, 8273
21.197246074676514, 8272
21.217758655548096, 8271
21.228039741516113, 8270
21.246437788009644, 8269
21.25882911682129, 8268
21.25882911682129, 8267
21.28961205482483, 8266
21.28961205482483, 8265
21.31047534942627, 8264
21.402731895446777, 8263
21.402731895446777, 8262
21.4108726978302, 8261
21.423315048217773, 8260
21.423315048217773, 8259
21.423315048217773, 8258
21.44169020652771, 8257
21.46434712409973, 8256
21.484845876693726, 8255
21.4951229095459, 8254
21.53605008125305, 8253
21.546273946762085, 8252
21.56679916381836, 8251
21.597681999206543, 8250
21.60790514945984, 8249
21.60790514945984, 8248
21.63860559463501, 8247
21.700093746185303, 8246
21.710325002670288, 8245
21.710325002670288, 8244
21.831230878829956, 8243
21.884578704833984, 8242
21.884578704833984, 8241
21.91562008857727, 8240
21.91562008857727, 8239
21.917762756347656, 8238
21.94855523109436, 8237
21.94855523109436, 8236
21.958775997161865, 8235
21.989574670791626, 8234
21.99982523918152, 8233
21.99982523918152, 8232
22.01011061668396, 8231
22.01011061668396, 8230
22.02849769592285, 8229
22.069297552108765, 8228
22.089510917663574, 8227
22.09157633781433, 8226
22.13590407371521, 8225
22.19273281097412, 8224
22.19273281097412, 8223
22.19273281097412, 8222
22.19273281097412, 8221
22.22107458114624, 8220
22.223140954971313, 8219
22.243422985076904, 8218
22.243422985076904, 8217
22.253579139709473, 8216
22.253579139709473, 8215
22.263710975646973, 8214
22.27386784553528, 8213
22.281935691833496, 8212
22.29207682609558, 8211
22.29207682609558, 8210
22.294143438339233, 8209
22.44618797302246, 8208
22.45634889602661, 8207
22.466482877731323, 8206
22.556058883666992, 8205
22.606749296188354, 8204
22.60881543159485, 8203
22.649393320083618, 8202
22.689948797225952, 8201
22.79146981239319, 8200
22.79954242706299, 8199
22.842135667800903, 8198
22.842135667800903, 8197
22.85019040107727, 8196
22.87047529220581, 8195
22.88267970085144, 8194
22.892838954925537, 8193
22.91534447669983, 8192
22.97211790084839, 8191
22.9741268157959, 8190
22.97418785095215, 8189
22.984323263168335, 8188
22.99448251724243, 8187
23.03291392326355, 8186
23.157053470611572, 8185
23.16718816757202, 8184
23.17733645439148, 8183
23.238137245178223, 8182
23.256366968154907, 8181
23.25844120979309, 8180
23.329381942749023, 8179
23.33953022956848, 8178
23.33953022956848, 8177
23.34966254234314, 8176
23.357728481292725, 8175
23.36993408203125, 8174
23.430722951889038, 8173
23.451015949249268, 8172
23.451015949249268, 8171
23.48144245147705, 8170
23.499674558639526, 8169
23.511879205703735, 8168
23.511879205703735, 8167
23.511879205703735, 8166
23.532130002975464, 8165
23.540160179138184, 8164
23.562514305114746, 8163
23.592927932739258, 8162
23.621304750442505, 8161
23.633506774902344, 8160
23.643648624420166, 8159
23.653788566589355, 8158
23.663939714431763, 8157
23.67408847808838, 8156
23.702449798583984, 8155
23.712583780288696, 8154
23.714648962020874, 8153
23.714648962020874, 8152
23.734919786453247, 8151
23.734919786453247, 8150
23.755581617355347, 8149
23.763673305511475, 8148
23.775872945785522, 8147
23.857484817504883, 8146
24.090515613555908, 8145
24.100633144378662, 8144
24.100633144378662, 8143
24.110767126083374, 8142
24.14119052886963, 8141
24.151325225830078, 8140
24.212113857269287, 8139
24.283069610595703, 8138
24.341832637786865, 8137
24.38485550880432, 8136
24.403058528900146, 8135
24.423351287841797, 8134
24.425419807434082, 8133
24.45579433441162, 8132
24.465948343276978, 8131
24.484153747558594, 8130
24.486220121383667, 8129
24.494287490844727, 8128
24.55716848373413, 8127
24.57745885848999, 8126
24.57745885848999, 8125
24.597755908966064, 8124
24.63834285736084, 8123
24.63834285736084, 8122
25.032387018203735, 8121
25.03453493118286, 8120
25.10336470603943, 8119
25.10542058944702, 8118
25.11555242538452, 8117
25.11555242538452, 8116
25.125662565231323, 8115
25.125662565231323, 8114
25.143853187561035, 8113
25.164056062698364, 8112
25.166109323501587, 8111
25.166109323501587, 8110
25.166109323501587, 8109
25.194395065307617, 8108
25.196451425552368, 8107
25.7349591255188, 8106
25.76777410507202, 8105
25.778051614761353, 8104
25.829341173171997, 8103
25.860061407089233, 8102
25.8703031539917, 8101
25.890804052352905, 8100
25.901094913482666, 8099
25.939955472946167, 8098
25.952327966690063, 8097
25.960474729537964, 8096
25.962626218795776, 8095
25.972851276397705, 8094
26.024195432662964, 8093
26.05484366416931, 8092
26.114068508148193, 8091
26.126419067382812, 8090
26.165321350097656, 8089
26.167460918426514, 8088
26.198580503463745, 8087
26.260106563568115, 8086
26.31139087677002, 8085
26.331905841827393, 8084
26.350274324417114, 8083
26.352412700653076, 8082
26.370808601379395, 8081
26.38315439224243, 8080
26.38315439224243, 8079
26.875660181045532, 8078
26.88584542274475, 8077
26.906449556350708, 8076
26.92690348625183, 8075
26.92690348625183, 8074
26.99863910675049, 8073
27.019144773483276, 8072
27.027190685272217, 8071
27.101252794265747, 8070
27.119629383087158, 8069
27.1320538520813, 8068
27.142282485961914, 8067
27.142282485961914, 8066
27.15257501602173, 8065
27.193567037582397, 8064
27.193567037582397, 8063
27.263158321380615, 8062
27.27558445930481, 8061
27.30635380744934, 8060
27.34731650352478, 8059
27.3780198097229, 8058
27.42710304260254, 8057
27.439949989318848, 8056
27.48139524459839, 8055
27.50193691253662, 8054
27.553182363510132, 8053
27.553182363510132, 8052
27.604568243026733, 8051
27.614787578582764, 8050
27.6763973236084, 8049
27.70722198486328, 8048
27.715343952178955, 8047
27.766651153564453, 8046
27.817808389663696, 8045
27.819946765899658, 8044
27.830227851867676, 8043
27.838336944580078, 8042
27.8404803276062, 8041
27.8404803276062, 8040
27.86915421485901, 8039
27.879385232925415, 8038
27.879385232925415, 8037
27.881523609161377, 8036
27.912559986114502, 8035
27.912559986114502, 8034
27.941039562225342, 8033
27.96156096458435, 8032
27.96156096458435, 8031
27.96370267868042, 8030
28.54852557182312, 8029
28.579273462295532, 8028
28.64073348045349, 8027
28.65103244781494, 8026
28.669743537902832, 8025
28.700544834136963, 8024
28.70268702507019, 8023
28.71296977996826, 8022
28.71296977996826, 8021
28.723212480545044, 8020
28.761876106262207, 8019
28.803164958953857, 8018
28.803164958953857, 8017
28.803164958953857, 8016
28.818789958953857, 8015
28.8844792842865, 8014
28.955413341522217, 8013
28.975705862045288, 8012
28.98585820198059, 8011
28.98585820198059, 8010
28.98585820198059, 8009
28.995986938476562, 8008
28.995986938476562, 8007
29.09735083580017, 8006
29.127758264541626, 8005
29.145986557006836, 8004
29.14805769920349, 8003
29.17844009399414, 8002
29.186511516571045, 8001
29.188584327697754, 8000
29.1987144947052, 7999
29.2392897605896, 7998
29.290385484695435, 7997
29.361382484436035, 7996
29.361382484436035, 7995
29.40193247795105, 7994
29.422210216522217, 7993
29.503321647644043, 7992
29.543824195861816, 7991
29.56411123275757, 7990
29.604705333709717, 7989
29.61484146118164, 7988
29.622929573059082, 7987
29.645288705825806, 7986
29.66348910331726, 7985
29.665557622909546, 7984
29.70611310005188, 7983
29.716246604919434, 7982
29.72640323638916, 7981
29.78724980354309, 7980
29.807507276535034, 7979
29.845963716506958, 7978
29.85816264152527, 7977
29.888987064361572, 7976
29.927470922470093, 7975
29.92953872680664, 7974
29.990309953689575, 7973
30.01060390472412, 7972
30.030890703201294, 7971
30.051180124282837, 7970
30.079521894454956, 7969
30.081591844558716, 7968
30.132307052612305, 7967
30.172829627990723, 7966
30.172829627990723, 7965
30.182963609695435, 7964
30.22145962715149, 7963
30.302616596221924, 7962
30.314834117889404, 7961
30.322900533676147, 7960
30.324968338012695, 7959
30.333051919937134, 7958
30.333051919937134, 7957
30.36346411705017, 7956
30.406108856201172, 7955
30.42638921737671, 7954
30.456844568252563, 7953
30.497780561447144, 7952
30.497780561447144, 7951
30.568565130233765, 7950
30.596863508224487, 7949
30.63940167427063, 7948
30.63940167427063, 7947
30.66974639892578, 7946
30.66974639892578, 7945
30.689979791641235, 7944
30.75069260597229, 7943
30.811350345611572, 7942
30.819406509399414, 7941
30.882174015045166, 7940
30.963090419769287, 7939
31.06422519683838, 7938
31.09499216079712, 7937
31.14349055290222, 7936
31.21631360054016, 7935
31.24461030960083, 7934
31.246639728546143, 7933
31.27699065208435, 7932
31.28710150718689, 7931
31.317490339279175, 7930
31.347803592681885, 7929
31.37610125541687, 7928
31.40850257873535, 7927
31.479382276535034, 7926
31.4895179271698, 7925
31.519958972930908, 7924
31.560510396957397, 7923
31.659862279891968, 7922
31.66193151473999, 7921
31.682185173034668, 7920
31.682185173034668, 7919
31.733267545700073, 7918
31.7535617351532, 7917
31.763712644577026, 7916
31.77384352684021, 7915
31.814292192459106, 7914
31.864925384521484, 7913
31.943963050842285, 7912
31.946030855178833, 7911
31.96424698829651, 7910
31.986592054367065, 7909
31.996723890304565, 7908
32.04742360115051, 7907
32.04742360115051, 7906
32.05755829811096, 7905
32.07784128189087, 7904
32.07784128189087, 7903
32.136589765548706, 7902
32.136589765548706, 7901
32.13865876197815, 7900
32.1488037109375, 7899
32.199488401412964, 7898
32.219741344451904, 7897
32.219741344451904, 7896
32.270408153533936, 7895
32.28053951263428, 7894
32.28053951263428, 7893
32.288625955581665, 7892
32.3008246421814, 7891
32.35183548927307, 7890
32.38225317001343, 7889
32.443005323410034, 7888
32.46329092979431, 7887
32.493709564208984, 7886
32.493709564208984, 7885
32.54228329658508, 7884
32.544349193573, 7883
32.58286142349243, 7882
32.82790970802307, 7881
32.83594846725464, 7880
32.94007205963135, 7879
32.94007205963135, 7878
32.96058464050293, 7877
33.05293345451355, 7876
33.14509439468384, 7875
33.15538191795349, 7874
33.28851866722107, 7873
33.30903935432434, 7872
33.31933522224426, 7871
33.32946538925171, 7870
33.452513456344604, 7869
33.46271252632141, 7868
33.481121301651, 7867
33.54512357711792, 7866
33.860702991485596, 7865
33.86280703544617, 7864
33.903817892074585, 7863
34.006103515625, 7862
34.0163836479187, 7861
34.05735683441162, 7860
34.168248414993286, 7859
34.22159481048584, 7858
34.221696853637695, 7857
34.38582801818848, 7856
34.38582801818848, 7855
34.52721095085144, 7854
34.560067892074585, 7853
34.570356607437134, 7852
34.6420841217041, 7851
34.732189655303955, 7850
34.76289987564087, 7849
34.80634832382202, 7848
34.83498811721802, 7847
34.93967938423157, 7846
34.94990158081055, 7845
35.062851667404175, 7844
35.07094383239746, 7843
35.11405658721924, 7842
35.196086168289185, 7841
35.196086168289185, 7840
35.37014150619507, 7839
35.38071274757385, 7838
35.4708936214447, 7837
35.48115158081055, 7836
35.51195788383484, 7835
35.5636248588562, 7834
35.627421855926514, 7833
35.63772892951965, 7832
35.658233404159546, 7831
35.67662811279297, 7830
35.740196228027344, 7829
35.78141403198242, 7828
35.80197262763977, 7827
35.92495822906494, 7826
35.95560956001282, 7825
36.0072705745697, 7824
36.0072705745697, 7823
36.027801752090454, 7822
36.04831123352051, 7821
36.64269828796387, 7820
36.70420289039612, 7819
36.75539445877075, 7818
36.76567459106445, 7817
36.79643273353577, 7816
36.80672073364258, 7815
36.82723593711853, 7814
37.29210376739502, 7813
37.30445694923401, 7812
37.314736127853394, 7811
37.458088874816895, 7810
37.48869848251343, 7809
37.529722452163696, 7808
37.632259130477905, 7807
37.68360924720764, 7806
37.743021965026855, 7805
37.75530958175659, 7804
37.765599489212036, 7803
37.77581477165222, 7802
38.38535404205322, 7801
38.505324602127075, 7800
38.53782796859741, 7799
38.588480949401855, 7798
38.82148575782776, 7797
38.92285442352295, 7796
39.01401424407959, 7795
39.02414917945862, 7794
39.296189069747925, 7793
39.44030499458313, 7792
39.47073006629944, 7791
39.64301896095276, 7790
39.69407272338867, 7789
39.70422554016113, 7788
39.79339957237244, 7787
39.79339957237244, 7786
39.8765549659729, 7785
39.907023191452026, 7784
40.03671169281006, 7783
40.07934331893921, 7782
40.11988973617554, 7781
40.18072867393494, 7780
40.18877553939819, 7779
40.19084310531616, 7778
40.211079359054565, 7777
40.27225971221924, 7776
40.5154013633728, 7775
40.58924198150635, 7774
40.8107750415802, 7773
40.8539252281189, 7772
40.87225675582886, 7771
40.89525365829468, 7770
41.241724491119385, 7769
41.243865728378296, 7768
41.26226758956909, 7767
41.28490352630615, 7766
41.32591247558594, 7765
41.59991240501404, 7764
41.75373983383179, 7763
41.87873578071594, 7762
41.87873578071594, 7761
41.88894772529602, 7760
41.88894772529602, 7759
41.88894772529602, 7758
42.143396854400635, 7757
42.25618529319763, 7756
42.381287574768066, 7755
42.39157795906067, 7754
42.442824363708496, 7753
42.473636865615845, 7752
42.699198484420776, 7751
42.699198484420776, 7750
42.732359170913696, 7749
42.752864599227905, 7748
42.95601272583008, 7747
43.02783441543579, 7746
43.02997326850891, 7745
43.23272681236267, 7744
43.24304676055908, 7743
43.29652643203735, 7742
43.31681203842163, 7741
43.36789107322693, 7740
43.37802696228027, 7739
43.40843939781189, 7738
43.540751695632935, 7737
43.55097937583923, 7736
43.58170676231384, 7735
43.65332627296448, 7734
43.74552321434021, 7733
44.07414507865906, 7732
44.1561279296875, 7731
44.18466234207153, 7730
44.2769193649292, 7729
44.35080361366272, 7728
44.40218544006348, 7727
44.47388482093811, 7726
44.504663944244385, 7725
44.514819383621216, 7724
44.53505539894104, 7723
44.67732214927673, 7722
44.687453746795654, 7721
44.746206521987915, 7720
44.77866315841675, 7719
44.78880167007446, 7718
44.81922149658203, 7717
44.85979604721069, 7716
44.89018702507019, 7715
44.90034103393555, 7714
45.10240077972412, 7713
45.18475961685181, 7712
45.19506049156189, 7711
45.26684832572937, 7710
45.33647918701172, 7709
45.41851592063904, 7708
45.46170711517334, 7707
45.471925258636475, 7706
45.4800660610199, 7705
45.4800660610199, 7704
45.60527753829956, 7703
45.68682885169983, 7702
45.717623710632324, 7701
45.86139535903931, 7700
45.86139535903931, 7699
45.936132192611694, 7698
45.94661855697632, 7697
46.016175985336304, 7696
46.16978335380554, 7695
46.22109532356262, 7694
46.45714282989502, 7693
46.4776406288147, 7692
46.51828455924988, 7691
46.54897093772888, 7690
46.6002721786499, 7689
46.631033182144165, 7688
46.67201471328735, 7687
46.74385094642639, 7686
46.74385094642639, 7685
46.774593353271484, 7684
46.795081615448, 7683
46.795081615448, 7682
46.80536341667175, 7681
46.91814708709717, 7680
46.96938872337341, 7679
47.10081243515015, 7678
47.22597098350525, 7677
47.33911943435669, 7676
47.34937858581543, 7675
47.35748791694641, 7674
47.37997889518738, 7673
47.441508054733276, 7672
47.47222852706909, 7671
47.59762716293335, 7670
47.62823438644409, 7669
47.66933250427246, 7668
48.161293268203735, 7667
48.23339486122131, 7666
48.333704471588135, 7665
48.37690448760986, 7664
48.684300899505615, 7663
48.753835916519165, 7662
49.073901414871216, 7661
49.135435342788696, 7660
49.14348340034485, 7659
49.227715253829956, 7658
49.401991844177246, 7657
49.46172857284546, 7656
49.761029958724976, 7655
49.769102811813354, 7654
49.832807779312134, 7653
49.95586347579956, 7652
50.017420053482056, 7651
50.21219444274902, 7650
50.31457161903381, 7649
50.39658832550049, 7648
50.45806264877319, 7647
50.73575687408447, 7646
50.8280565738678, 7645
51.143677949905396, 7644
51.17441368103027, 7643
51.300048828125, 7642
51.341026067733765, 7641
51.45391130447388, 7640
51.81063413619995, 7639
51.85370206832886, 7638
52.3544065952301, 7637
52.42621850967407, 7636
52.56195855140686, 7635
52.64405035972595, 7634
52.64405035972595, 7633
52.746527910232544, 7632
52.78756618499756, 7631
52.80798578262329, 7630
52.83669710159302, 7629
53.29727029800415, 7628
53.31755781173706, 7627
53.42702674865723, 7626
53.53051805496216, 7625
53.54067850112915, 7624
53.86525630950928, 7623
53.89562249183655, 7622
53.925968647003174, 7621
53.97665095329285, 7620
53.99688220024109, 7619
54.01717567443848, 7618
54.146899700164795, 7617
54.27068066596985, 7616
54.372411251068115, 7615
54.67652344703674, 7614
54.696763038635254, 7613
55.35571241378784, 7612
55.41656541824341, 7611
55.56897592544556, 7610
55.721001386642456, 7609
55.89315366744995, 7608
55.913440465927124, 7607
56.3498694896698, 7606
56.400551319122314, 7605
56.46140432357788, 7604
56.4816358089447, 7603
56.50186252593994, 7602
56.879226207733154, 7601
56.88935732841492, 7600
56.970497846603394, 7599
57.04145550727844, 7598
57.47576022148132, 7597
57.53856158256531, 7596
57.75141620635986, 7595
57.91358757019043, 7594
57.96445035934448, 7593
58.0357928276062, 7592
58.08649563789368, 7591
58.13728165626526, 7590
59.0701789855957, 7589
59.08039307594299, 7588
59.457924127578735, 7587
59.828725814819336, 7586
59.86982202529907, 7585
60.269458293914795, 7584
61.96509099006653, 7583
62.01635408401489, 7582
62.09838581085205, 7581
62.11880826950073, 7580
62.30555844306946, 7579
62.32393717765808, 7578
62.34231352806091, 7577
62.354748010635376, 7576
62.498204469680786, 7575
62.590476512908936, 7574
63.00112557411194, 7573
63.29069638252258, 7572
64.02915692329407, 7571
64.02915692329407, 7570
64.39920830726624, 7569
64.46075868606567, 7568
64.76397109031677, 7567
64.80661821365356, 7566
64.84706807136536, 7565
64.99905109405518, 7564
65.18152785301208, 7563
65.25243878364563, 7562
65.8213632106781, 7561
65.89222574234009, 7560
66.01439642906189, 7559
66.6534595489502, 7558
67.13988780975342, 7557
67.30034828186035, 7556
67.50514674186707, 7555
67.51321387290955, 7554
68.01256775856018, 7553
68.25580096244812, 7552
68.59058570861816, 7551
69.54309916496277, 7550
70.47446584701538, 7549
70.54332184791565, 7548
70.74766731262207, 7547
70.82653832435608, 7546
71.46087265014648, 7545
71.80928993225098, 7544
72.29116368293762, 7543
72.3732042312622, 7542
72.40183925628662, 7541
72.49535155296326, 7540
72.57638597488403, 7539
72.8300302028656, 7538
73.05509305000305, 7537
73.563485622406, 7536
74.11293029785156, 7535
74.234623670578, 7534
74.26501035690308, 7533
74.78688263893127, 7532
74.85573744773865, 7531
74.91864728927612, 7530
75.10097646713257, 7529
75.18243789672852, 7528
75.82124137878418, 7527
75.9634039402008, 7526
76.01406168937683, 7525
76.60273432731628, 7524
76.61287093162537, 7523
78.13259983062744, 7522
78.19379925727844, 7521
78.86157059669495, 7520
79.47194361686707, 7519
80.23254132270813, 7518
80.33187103271484, 7517
81.2973301410675, 7516
81.74311232566833, 7515
81.77352857589722, 7514
82.0878791809082, 7513
82.15883255004883, 7512
82.33113050460815, 7511
82.49363780021667, 7510
82.58278155326843, 7509
82.64562249183655, 7508
82.89894318580627, 7507
83.58655619621277, 7506
84.03483533859253, 7505
84.88642287254333, 7504
85.37327527999878, 7503
86.56564331054688, 7502
86.89237880706787, 7501
86.92277836799622, 7500
86.9733612537384, 7499
87.21660375595093, 7498
87.25714111328125, 7497
87.75779175758362, 7496
88.04564237594604, 7495
88.82512640953064, 7494
90.96725678443909, 7493
91.88803291320801, 7492
92.01978182792664, 7491
93.1985342502594, 7490
93.78647184371948, 7489
94.11266303062439, 7488
94.19677877426147, 7487
94.32985925674438, 7486
95.04715037345886, 7485
95.32114052772522, 7484
95.35150909423828, 7483
95.45283937454224, 7482
95.72656989097595, 7481
97.30697989463806, 7480
97.9662938117981, 7479
98.35176014900208, 7478
99.23577284812927, 7477
99.85427522659302, 7476
100.24994826316833, 7475
100.64521098136902, 7474
101.14201045036316, 7473
101.75922846794128, 7472
101.9535596370697, 7471
102.56136965751648, 7470
102.86600041389465, 7469
102.97768115997314, 7468
103.08711338043213, 7467
103.119624376297, 7466
103.5758786201477, 7465
104.3466727733612, 7464
104.99413895606995, 7463
105.33343577384949, 7462
105.49744653701782, 7461
106.29705166816711, 7460
106.63504481315613, 7459
106.65546917915344, 7458
107.04011940956116, 7457
107.42432188987732, 7456
108.45395565032959, 7455
108.56453442573547, 7454
108.66911625862122, 7453
108.91324424743652, 7452
108.93589568138123, 7451
109.11018681526184, 7450
109.18122029304504, 7449
109.71846914291382, 7448
110.69188737869263, 7447
111.4106924533844, 7446
112.46512055397034, 7445
112.49598288536072, 7444
112.50620079040527, 7443
112.57893562316895, 7442
115.21260857582092, 7441
118.0714795589447, 7440
120.30813765525818, 7439
122.38333582878113, 7438
123.12933135032654, 7437
123.86157894134521, 7436
124.4193696975708, 7435
124.73594856262207, 7434
126.24823594093323, 7433
126.38575863838196, 7432
126.58708715438843, 7431
127.25721073150635, 7430
127.40195155143738, 7429
127.43409562110901, 7428
127.70676064491272, 7427
127.84916996955872, 7426
128.06919860839844, 7425
130.08155035972595, 7424
131.11400198936462, 7423
132.46600222587585, 7422
132.76200151443481, 7421
134.40200185775757, 7420
137.12482213974, 7419
138.91481971740723, 7418
139.07382011413574, 7417
140.45560598373413, 7416
141.00617909431458, 7415
141.27506756782532, 7414
141.76311683654785, 7413
143.052588224411, 7412
145.14153814315796, 7411
146.72468757629395, 7410
147.51498246192932, 7409
149.85928535461426, 7408
150.72955656051636, 7407
152.03726267814636, 7406
153.39554142951965, 7405
153.49662017822266, 7404
153.60577940940857, 7403
153.68874311447144, 7402
153.71908617019653, 7401
155.44885659217834, 7400
155.68507385253906, 7399
156.60110187530518, 7398
157.50487327575684, 7397
158.19736194610596, 7396
159.58368182182312, 7395
160.2858476638794, 7394
161.24768710136414, 7393
161.63082027435303, 7392
163.77754735946655, 7391
164.98051381111145, 7390
165.59841871261597, 7389
166.10671472549438, 7388
167.58778953552246, 7387
170.57379126548767, 7386
170.80936479568481, 7385
171.08643102645874, 7384
171.41340255737305, 7383
172.1434998512268, 7382
172.9631700515747, 7381
173.39596390724182, 7380
174.24858045578003, 7379
174.3203830718994, 7378
175.50969099998474, 7377
175.78366470336914, 7376
176.64613103866577, 7375
176.75767827033997, 7374
178.38187646865845, 7373
178.392009973526, 7372
178.54527974128723, 7371
179.23962378501892, 7370
184.87872576713562, 7369
186.8281900882721, 7368
188.03451204299927, 7367
188.31161236763, 7366
192.16356945037842, 7365
193.8617227077484, 7364
194.7018792629242, 7363
195.26900219917297, 7362
195.43828701972961, 7361
195.7395441532135, 7360
196.95073199272156, 7359
198.61211943626404, 7358
200.6454212665558, 7357
201.0150384902954, 7356
204.01726412773132, 7355
207.83542943000793, 7354
210.26984453201294, 7353
211.54872488975525, 7352
213.0854856967926, 7351
214.38128280639648, 7350
219.5937316417694, 7349
219.67276453971863, 7348
220.26328563690186, 7347
221.34040760993958, 7346
224.97895121574402, 7345
226.9932243824005, 7344
230.16656112670898, 7343
230.40271520614624, 7342
230.83301997184753, 7341
232.50244307518005, 7340
234.24585723876953, 7339
237.29718732833862, 7338
238.76376152038574, 7337
243.01508235931396, 7336
246.80358481407166, 7335
248.70211672782898, 7334
249.73341584205627, 7333
250.39703392982483, 7332
257.88868284225464, 7331
260.0410234928131, 7330
262.6067068576813, 7329
264.48678183555603, 7328
274.17853116989136, 7327
278.82891869544983, 7326
279.5119547843933, 7325
283.93793869018555, 7324
284.78999495506287, 7323
287.18184542655945, 7322
292.823575258255, 7321
297.23906326293945, 7320
297.75806427001953, 7319
303.0231475830078, 7318
303.89618730545044, 7317
305.586350440979, 7316
311.92737579345703, 7315
312.7584009170532, 7314
315.53707361221313, 7313
316.8350203037262, 7312
317.1280653476715, 7311
317.1626138687134, 7310
322.8893668651581, 7309
324.0833559036255, 7308
328.70784521102905, 7307
331.1474075317383, 7306
335.53618335723877, 7305
338.50170159339905, 7304
339.409152507782, 7303
345.0356385707855, 7302
345.119877576828, 7301
356.79925417900085, 7300
365.75597500801086, 7299
368.4508328437805, 7298
368.89287304878235, 7297
370.80470752716064, 7296
377.65527534484863, 7295
377.8447697162628, 7294
379.3420033454895, 7293
382.09388875961304, 7292
384.52309489250183, 7291
407.07379031181335, 7290
414.31397557258606, 7289
416.3570785522461, 7288
416.5111241340637, 7287
416.7232439517975, 7286
420.0479407310486, 7285
427.8630585670471, 7284
433.8249480724335, 7283
434.7484619617462, 7282
453.81687116622925, 7281
458.2034912109375, 7280
460.78126668930054, 7279
460.8056638240814, 7278
462.4610288143158, 7277
469.29301738739014, 7276
471.2489297389984, 7275
471.31862616539, 7274
472.6012051105499, 7273
472.6627731323242, 7272
473.24111342430115, 7271
478.91888093948364, 7270
483.30485677719116, 7269
487.8705906867981, 7268
489.00226044654846, 7267
499.03898644447327, 7266
502.6769723892212, 7265
507.7415814399719, 7264
508.5531647205353, 7263
513.8815507888794, 7262
515.1399352550507, 7261
526.5304663181305, 7260
527.3112118244171, 7259
528.8349838256836, 7258
532.1729612350464, 7257
534.6752116680145, 7256
540.9719343185425, 7255
544.4098653793335, 7254
548.7056546211243, 7253
556.6278676986694, 7252
564.4121406078339, 7251
