0.018351078033447266, 2363
0.4383082389831543, 2362
1.5867602825164795, 2361
2.0445632934570312, 2360
4.498891115188599, 2359
5.613113164901733, 2358
6.175289154052734, 2357
6.321205139160156, 2356
6.951991081237793, 2355
7.097947120666504, 2354
7.243957996368408, 2353
8.093646049499512, 2352
8.72623324394226, 2351
10.430858135223389, 2350
10.676427125930786, 2349
12.503709316253662, 2348
15.34299921989441, 2347
97.28849411010742, 2346
145.28826212882996, 2345
186.199401140213, 2344
285.37076926231384, 2343
287.95691418647766, 2342
296.25994420051575, 2341
297.79338026046753, 2340
303.258358001709, 2339
313.7824101448059, 2338
353.0772352218628, 2337
