0.01610279083251953, 2363
0.1410198211669922, 2362
0.1825428009033203, 2361
0.24076581001281738, 2360
0.62503981590271, 2359
0.6832518577575684, 2358
1.4863910675048828, 2357
1.6007568836212158, 2356
2.1371939182281494, 2355
2.3242368698120117, 2354
2.7316370010375977, 2353
2.965935707092285, 2352
3.663501024246216, 2351
4.678160905838013, 2350
5.123993873596191, 2349
5.587609767913818, 2348
6.555605888366699, 2347
10.277092695236206, 2346
11.803813934326172, 2345
11.836114883422852, 2344
18.197552919387817, 2343
22.0477397441864, 2342
22.66325092315674, 2341
35.72598195075989, 2340
45.472007751464844, 2339
47.97761297225952, 2338
48.878607749938965, 2337
53.97562384605408, 2336
56.0961537361145, 2335
96.87039279937744, 2334
115.22548770904541, 2333
121.22194194793701, 2332
209.32245707511902, 2331
