0.015430927276611328, 2363
0.10110998153686523, 2362
0.1769239902496338, 2361
0.2593517303466797, 2360
0.2834889888763428, 2359
0.6187961101531982, 2358
0.798346996307373, 2357
1.464216947555542, 2356
3.927863836288452, 2355
5.15506386756897, 2354
6.060114860534668, 2353
8.524630069732666, 2352
8.57428789138794, 2351
9.446524858474731, 2350
10.639354944229126, 2349
13.15839171409607, 2348
13.768349885940552, 2347
23.369638919830322, 2346
30.72556710243225, 2345
31.272140741348267, 2344
38.06774306297302, 2343
43.89156794548035, 2342
59.44264602661133, 2341
65.8063108921051, 2340
82.21705770492554, 2339
101.57825374603271, 2338
111.47254681587219, 2337
121.14410185813904, 2336
121.15404391288757, 2335
202.40779185295105, 2334
205.69584012031555, 2333
225.40160989761353, 2332
459.1894419193268, 2331
