0.022670745849609375, 2363
0.6081838607788086, 2362
0.9466030597686768, 2361
1.0999839305877686, 2360
1.1091547012329102, 2359
2.581831932067871, 2358
2.7439849376678467, 2357
3.217594861984253, 2356
3.8529229164123535, 2355
4.15711784362793, 2354
4.982990741729736, 2353
5.3189918994903564, 2352
6.330277919769287, 2351
6.893190860748291, 2350
6.902320861816406, 2349
7.6236348152160645, 2348
8.052649974822998, 2347
8.337500810623169, 2346
11.11139988899231, 2345
12.877583742141724, 2344
14.79547381401062, 2343
16.761857748031616, 2342
16.90485191345215, 2341
20.431874752044678, 2340
31.15841007232666, 2339
36.017395973205566, 2338
38.75489783287048, 2337
43.10576272010803, 2336
83.99426484107971, 2335
96.7019248008728, 2334
190.42330884933472, 2333
244.58719682693481, 2332
252.63098287582397, 2331
320.6495518684387, 2330
435.1654758453369, 2329
