0.01235198974609375, 2363
0.1057882308959961, 2362
0.1790151596069336, 2361
0.45824718475341797, 2360
1.01176118850708, 2359
1.4075520038604736, 2358
2.2138681411743164, 2357
2.435413122177124, 2356
4.31439208984375, 2355
5.888591051101685, 2354
6.110649108886719, 2353
6.638480186462402, 2352
8.0922212600708, 2351
8.236092329025269, 2350
8.757992267608643, 2349
9.193644046783447, 2348
11.729672193527222, 2347
19.442416191101074, 2346
27.632209300994873, 2345
82.0188500881195, 2344
147.41340112686157, 2343
152.97208714485168, 2342
154.4460551738739, 2341
157.24855613708496, 2340
170.85573029518127, 2339
185.16460418701172, 2338
201.36520218849182, 2337
223.20299911499023, 2336
355.5056531429291, 2335
435.5528690814972, 2334
479.69674801826477, 2333
508.3604612350464, 2332
