0.05917501449584961, 1024
0.05917501449584961, 1023
0.05917501449584961, 1022
0.05917501449584961, 1021
0.07502508163452148, 1020
0.07502508163452148, 1019
0.07502508163452148, 1018
0.07502508163452148, 1017
0.07502508163452148, 1016
0.07502508163452148, 1015
0.07502508163452148, 1014
0.07502508163452148, 1013
0.07502508163452148, 1012
0.07502508163452148, 1011
0.07502508163452148, 1010
0.07502508163452148, 1009
0.07502508163452148, 1008
0.07502508163452148, 1007
0.07502508163452148, 1006
0.07502508163452148, 1005
0.07502508163452148, 1004
0.07502508163452148, 1003
0.07502508163452148, 1002
0.07502508163452148, 1001
0.07502508163452148, 1000
0.07502508163452148, 999
0.07502508163452148, 998
0.07502508163452148, 997
0.07502508163452148, 996
0.07502508163452148, 995
0.07502508163452148, 994
0.07502508163452148, 993
0.07502508163452148, 992
0.07502508163452148, 991
0.07502508163452148, 990
0.07502508163452148, 989
0.07502508163452148, 988
0.07502508163452148, 987
0.07502508163452148, 986
0.07502508163452148, 985
0.07502508163452148, 984
0.07502508163452148, 983
0.07502508163452148, 982
0.07502508163452148, 981
0.07502508163452148, 980
0.07502508163452148, 979
0.07502508163452148, 978
0.07502508163452148, 977
0.07502508163452148, 976
0.07502508163452148, 975
0.07502508163452148, 974
0.07502508163452148, 973
0.07502508163452148, 972
0.07502508163452148, 971
0.07502508163452148, 970
0.07502508163452148, 969
0.07502508163452148, 968
0.07502508163452148, 967
0.09064388275146484, 966
0.09064388275146484, 965
0.09064388275146484, 964
0.09105634689331055, 963
0.09105634689331055, 962
0.09105634689331055, 961
0.09105634689331055, 960
0.09215879440307617, 959
0.09215879440307617, 958
0.09215879440307617, 957
0.09309768676757812, 956
0.09409856796264648, 955
0.09409856796264648, 954
0.09409856796264648, 953
0.09409856796264648, 952
0.09409856796264648, 951
0.09409856796264648, 950
0.09409856796264648, 949
0.09409856796264648, 948
0.09409856796264648, 947
0.09409856796264648, 946
0.09409856796264648, 945
0.09409856796264648, 944
0.09409856796264648, 943
0.09409856796264648, 942
0.09409856796264648, 941
0.09409856796264648, 940
0.09409856796264648, 939
0.09409856796264648, 938
0.09409856796264648, 937
0.09409856796264648, 936
0.09409856796264648, 935
0.10214829444885254, 934
0.10242581367492676, 933
0.10242581367492676, 932
0.10242581367492676, 931
0.10242581367492676, 930
0.1034708023071289, 929
0.1034708023071289, 928
0.1034708023071289, 927
0.1034708023071289, 926
0.1034708023071289, 925
0.1034708023071289, 924
0.1034708023071289, 923
0.10561132431030273, 922
0.10561132431030273, 921
0.10561132431030273, 920
0.10561132431030273, 919
0.10561132431030273, 918
0.10561132431030273, 917
0.10561132431030273, 916
0.10561132431030273, 915
0.10561132431030273, 914
0.10561132431030273, 913
0.10561132431030273, 912
0.10561132431030273, 911
0.10561132431030273, 910
0.10561132431030273, 909
0.10561132431030273, 908
0.10561132431030273, 907
0.10561132431030273, 906
0.10561132431030273, 905
0.10561132431030273, 904
0.10561132431030273, 903
0.10561132431030273, 902
0.10561132431030273, 901
0.10561132431030273, 900
0.10561132431030273, 899
0.10561132431030273, 898
0.10561132431030273, 897
0.10561132431030273, 896
0.10561132431030273, 895
0.10561132431030273, 894
0.10561132431030273, 893
0.12260675430297852, 892
0.12260675430297852, 891
0.12260675430297852, 890
0.12260675430297852, 889
0.12260675430297852, 888
0.12260675430297852, 887
0.12260675430297852, 886
0.12260675430297852, 885
0.12260675430297852, 884
0.12260675430297852, 883
0.12260675430297852, 882
0.12260675430297852, 881
0.12260675430297852, 880
0.12260675430297852, 879
0.12260675430297852, 878
0.12260675430297852, 877
0.12260675430297852, 876
0.12260675430297852, 875
0.12260675430297852, 874
0.12260675430297852, 873
0.12260675430297852, 872
0.1383659839630127, 871
0.1383659839630127, 870
0.1383659839630127, 869
0.1383659839630127, 868
0.1383659839630127, 867
0.1383659839630127, 866
0.1383659839630127, 865
0.1383659839630127, 864
0.1383659839630127, 863
0.1383659839630127, 862
0.1383659839630127, 861
0.1383659839630127, 860
0.1383659839630127, 859
0.1383659839630127, 858
0.1383659839630127, 857
0.15399408340454102, 856
0.15399408340454102, 855
0.15399408340454102, 854
0.15399408340454102, 853
0.15399408340454102, 852
0.15399408340454102, 851
0.15399408340454102, 850
0.15399408340454102, 849
0.15399408340454102, 848
0.15399408340454102, 847
0.15399408340454102, 846
0.15399408340454102, 845
0.1696159839630127, 844
0.1696159839630127, 843
0.1696159839630127, 842
0.1696159839630127, 841
0.1696159839630127, 840
0.1696159839630127, 839
0.1696159839630127, 838
0.1696159839630127, 837
0.1696159839630127, 836
0.1696159839630127, 835
0.1696159839630127, 834
0.18524527549743652, 833
0.18524527549743652, 832
0.18524527549743652, 831
0.18524527549743652, 830
0.18524527549743652, 829
0.18524527549743652, 828
0.18524527549743652, 827
0.18524527549743652, 826
0.18524527549743652, 825
0.18524527549743652, 824
0.2008686065673828, 823
0.2008686065673828, 822
0.2008686065673828, 821
0.2008686065673828, 820
0.2008686065673828, 819
0.20601725578308105, 818
0.20601725578308105, 817
0.2081592082977295, 816
0.2081592082977295, 815
0.2081592082977295, 814
0.2081592082977295, 813
0.2081592082977295, 812
0.21630120277404785, 811
0.21630120277404785, 810
0.21844148635864258, 809
0.21844148635864258, 808
0.22658944129943848, 807
0.2287297248840332, 806
0.23677563667297363, 805
0.23677563667297363, 804
0.24054574966430664, 803
0.24941182136535645, 802
0.24941182136535645, 801
0.24941182136535645, 800
0.24941182136535645, 799
0.24941182136535645, 798
0.24941182136535645, 797
0.25868725776672363, 796
0.26068711280822754, 795
0.26996922492980957, 794
0.2816431522369385, 793
0.2816431522369385, 792
0.29100823402404785, 791
0.29100823402404785, 790
0.2991025447845459, 789
0.3032369613647461, 788
0.3032369613647461, 787
0.30946993827819824, 786
0.31160783767700195, 785
0.31160783767700195, 784
0.31160783767700195, 783
0.31160783767700195, 782
0.3200814723968506, 781
0.3218560218811035, 780
0.322894811630249, 779
0.322894811630249, 778
0.322894811630249, 777
0.322894811630249, 776
0.3322560787200928, 775
0.3322560787200928, 774
0.36409807205200195, 773
0.36409807205200195, 772
0.37346935272216797, 771
0.37346935272216797, 770
0.38163089752197266, 769
0.383770227432251, 768
0.383770227432251, 767
0.40437817573547363, 766
0.412473201751709, 765
0.412473201751709, 764
0.4147026538848877, 763
0.4281346797943115, 762
0.44559478759765625, 761
0.46610045433044434, 760
0.46813535690307617, 759
0.47940564155578613, 758
0.49891066551208496, 757
0.49891066551208496, 756
0.5306956768035889, 755
0.5480432510375977, 754
0.5501813888549805, 753
0.5583202838897705, 752
0.5583202838897705, 751
0.560462474822998, 750
0.5912024974822998, 749
0.6404950618743896, 748
0.6734280586242676, 747
0.7350749969482422, 746
0.7585961818695068, 745
0.8672549724578857, 744
0.8899662494659424, 743
0.9312081336975098, 742
0.9456748962402344, 741
1.0953431129455566, 740
1.3290812969207764, 739
1.345923662185669, 738
1.612835168838501, 737
1.692974328994751, 736
1.7467494010925293, 735
1.7714197635650635, 734
2.047908306121826, 733
2.1203081607818604, 732
2.34875226020813, 731
2.4207210540771484, 730
2.587076425552368, 729
2.7904860973358154, 728
2.8537700176239014, 727
2.9692108631134033, 726
3.1362056732177734, 725
3.272897720336914, 724
3.293154001235962, 723
4.233296871185303, 722
4.995447874069214, 721
5.5558435916900635, 720
5.568479776382446, 719
5.890988111495972, 718
6.060046911239624, 717
8.312691688537598, 716
9.070159196853638, 715
10.360676288604736, 714
13.66149353981018, 713
13.778537273406982, 712
14.150169372558594, 711
14.927884578704834, 710
15.231277465820312, 709
16.94903874397278, 708
19.452873468399048, 707
26.561368227005005, 706
33.93802237510681, 705
99.86949038505554, 704
