0.0020017623901367188, 115
0.0020017623901367188, 114
0.0020017623901367188, 113
0.0020017623901367188, 112
0.0020017623901367188, 111
0.0020017623901367188, 110
0.0020017623901367188, 109
0.0020017623901367188, 108
0.002999544143676758, 107
0.002999544143676758, 106
0.0040013790130615234, 105
0.0040013790130615234, 104
0.0040013790130615234, 103
0.004998922348022461, 102
0.004998922348022461, 101
0.004998922348022461, 100
0.005999088287353516, 99
0.005999088287353516, 98
0.006998777389526367, 97
0.006998777389526367, 96
0.016034841537475586, 95
0.28707075119018555, 94
