0.002023458480834961, 115
0.002023458480834961, 114
0.002023458480834961, 113
0.002023458480834961, 112
0.002023458480834961, 111
0.0030269622802734375, 110
0.0030269622802734375, 109
0.0030269622802734375, 108
0.0030269622802734375, 107
0.0030269622802734375, 106
0.0030269622802734375, 105
0.0040280818939208984, 104
0.0040280818939208984, 103
0.0050280094146728516, 102
0.0050280094146728516, 101
0.006027936935424805, 100
0.0070416927337646484, 99
0.00803685188293457, 98
0.009037494659423828, 97
0.015040159225463867, 96
0.016108274459838867, 95
0.12851643562316895, 94
