0.037755489349365234, 4941
0.038754940032958984, 4940
0.038754940032958984, 4939
0.038754940032958984, 4938
0.038754940032958984, 4937
0.038754940032958984, 4936
0.038754940032958984, 4935
0.042819976806640625, 4934
0.042819976806640625, 4933
0.042819976806640625, 4932
0.042819976806640625, 4931
0.042819976806640625, 4930
0.042819976806640625, 4929
0.04681968688964844, 4928
0.04681968688964844, 4927
0.04681968688964844, 4926
0.04681968688964844, 4925
0.04681968688964844, 4924
0.04681968688964844, 4923
0.05081987380981445, 4922
0.05081987380981445, 4921
0.05081987380981445, 4920
0.05081987380981445, 4919
0.05081987380981445, 4918
0.05081987380981445, 4917
0.05482006072998047, 4916
0.05482006072998047, 4915
0.05482006072998047, 4914
0.05482006072998047, 4913
0.05482006072998047, 4912
0.05482006072998047, 4911
0.05482006072998047, 4910
0.05881929397583008, 4909
0.05974721908569336, 4908
0.05974721908569336, 4907
0.06075000762939453, 4906
0.06075000762939453, 4905
0.06075000762939453, 4904
0.06075000762939453, 4903
0.06075000762939453, 4902
0.06075000762939453, 4901
0.06075000762939453, 4900
0.06481027603149414, 4899
0.06481027603149414, 4898
0.06481027603149414, 4897
0.06481027603149414, 4896
0.06481027603149414, 4895
0.06481027603149414, 4894
0.06881046295166016, 4893
0.06881046295166016, 4892
0.06881046295166016, 4891
0.06881046295166016, 4890
0.06881046295166016, 4889
0.06881046295166016, 4888
0.06881046295166016, 4887
0.07281017303466797, 4886
0.07281017303466797, 4885
0.07281017303466797, 4884
0.07281017303466797, 4883
0.07281017303466797, 4882
0.07281017303466797, 4881
0.07281017303466797, 4880
0.07281017303466797, 4879
0.07681012153625488, 4878
0.07681012153625488, 4877
0.07681012153625488, 4876
0.07681012153625488, 4875
0.07681012153625488, 4874
0.07681012153625488, 4873
0.07681012153625488, 4872
0.0808100700378418, 4871
0.0808100700378418, 4870
0.0808100700378418, 4869
0.0808100700378418, 4868
0.0808100700378418, 4867
0.0808100700378418, 4866
0.08481001853942871, 4865
0.08481001853942871, 4864
0.08481001853942871, 4863
0.08481001853942871, 4862
0.08481001853942871, 4861
0.08481001853942871, 4860
0.08481001853942871, 4859
0.08880996704101562, 4858
0.08880996704101562, 4857
0.08880996704101562, 4856
0.08880996704101562, 4855
0.08880996704101562, 4854
0.08880996704101562, 4853
0.08880996704101562, 4852
0.09281015396118164, 4851
0.09281015396118164, 4850
0.09281015396118164, 4849
0.09281015396118164, 4848
0.09281015396118164, 4847
0.09281015396118164, 4846
0.09281015396118164, 4845
0.09681010246276855, 4844
0.09681010246276855, 4843
0.09681010246276855, 4842
0.09681010246276855, 4841
0.09681010246276855, 4840
0.09681010246276855, 4839
0.10081005096435547, 4838
0.10081005096435547, 4837
0.10081005096435547, 4836
0.10081005096435547, 4835
0.10081005096435547, 4834
0.10081005096435547, 4833
0.10481023788452148, 4832
0.10481023788452148, 4831
0.10481023788452148, 4830
0.10481023788452148, 4829
0.10481023788452148, 4828
0.1088101863861084, 4827
0.1088101863861084, 4826
0.1088101863861084, 4825
0.1088101863861084, 4824
0.1088101863861084, 4823
0.1088101863861084, 4822
0.1088101863861084, 4821
0.11290216445922852, 4820
0.11290216445922852, 4819
0.1139061450958252, 4818
0.1139061450958252, 4817
0.11490559577941895, 4816
0.11531901359558105, 4815
0.11651873588562012, 4814
0.11651873588562012, 4813
0.11752200126647949, 4812
0.11752200126647949, 4811
0.11752200126647949, 4810
0.11752200126647949, 4809
0.11752200126647949, 4808
0.12158632278442383, 4807
0.12158632278442383, 4806
0.12158632278442383, 4805
0.12158632278442383, 4804
0.12158632278442383, 4803
0.12158632278442383, 4802
0.12158632278442383, 4801
0.12558627128601074, 4800
0.12558627128601074, 4799
0.12558627128601074, 4798
0.12558627128601074, 4797
0.12558627128601074, 4796
0.12965726852416992, 4795
0.12965726852416992, 4794
0.1306602954864502, 4793
0.13166022300720215, 4792
0.13166022300720215, 4791
0.13166022300720215, 4790
0.13166022300720215, 4789
0.13166022300720215, 4788
0.13166022300720215, 4787
0.13166022300720215, 4786
0.13571810722351074, 4785
0.13571810722351074, 4784
0.13571810722351074, 4783
0.13571810722351074, 4782
0.13571810722351074, 4781
0.13971805572509766, 4780
0.13971805572509766, 4779
0.13971805572509766, 4778
0.13971805572509766, 4777
0.13971805572509766, 4776
0.13971805572509766, 4775
0.14371800422668457, 4774
0.14371800422668457, 4773
0.14371800422668457, 4772
0.14593744277954102, 4771
0.14593744277954102, 4770
0.14693832397460938, 4769
0.14693832397460938, 4768
0.14693832397460938, 4767
0.14693832397460938, 4766
0.14693832397460938, 4765
0.14693832397460938, 4764
0.15099382400512695, 4763
0.15099382400512695, 4762
0.15099382400512695, 4761
0.15099382400512695, 4760
0.15099382400512695, 4759
0.15099382400512695, 4758
0.15499377250671387, 4757
0.15499377250671387, 4756
0.15499377250671387, 4755
0.15499377250671387, 4754
0.15499377250671387, 4753
0.15499377250671387, 4752
0.15899348258972168, 4751
0.15899348258972168, 4750
0.15899348258972168, 4749
0.15899348258972168, 4748
0.15899348258972168, 4747
0.16306138038635254, 4746
0.1640641689300537, 4745
0.1640641689300537, 4744
0.1640641689300537, 4743
0.1640641689300537, 4742
0.1640641689300537, 4741
0.1640641689300537, 4740
0.1640641689300537, 4739
0.1681220531463623, 4738
0.1681220531463623, 4737
0.1681220531463623, 4736
0.1681220531463623, 4735
0.1681220531463623, 4734
0.1681220531463623, 4733
0.17212319374084473, 4732
0.17212319374084473, 4731
0.17212319374084473, 4730
0.17212319374084473, 4729
0.17212319374084473, 4728
0.17212319374084473, 4727
0.17212319374084473, 4726
0.17612290382385254, 4725
0.17612290382385254, 4724
0.17612290382385254, 4723
0.17612290382385254, 4722
0.17612290382385254, 4721
0.17612290382385254, 4720
0.17612290382385254, 4719
0.17612290382385254, 4718
0.18012261390686035, 4717
0.18012261390686035, 4716
0.18012261390686035, 4715
0.18012261390686035, 4714
0.18012261390686035, 4713
0.18012261390686035, 4712
0.18412280082702637, 4711
0.18412280082702637, 4710
0.18412280082702637, 4709
0.18412280082702637, 4708
0.18412280082702637, 4707
0.18412280082702637, 4706
0.18812227249145508, 4705
0.18812227249145508, 4704
0.18812227249145508, 4703
0.18812227249145508, 4702
0.18812227249145508, 4701
0.18812227249145508, 4700
0.1921224594116211, 4699
0.1921224594116211, 4698
0.1921224594116211, 4697
0.1921224594116211, 4696
0.1921224594116211, 4695
0.1921224594116211, 4694
0.1921224594116211, 4693
0.1961827278137207, 4692
0.1961827278137207, 4691
0.1961827278137207, 4690
0.1961827278137207, 4689
0.2001345157623291, 4688
0.2001345157623291, 4687
0.2001345157623291, 4686
0.2001345157623291, 4685
0.20413494110107422, 4684
0.20413494110107422, 4683
0.20413494110107422, 4682
0.20413494110107422, 4681
0.20413494110107422, 4680
0.20413494110107422, 4679
0.20413494110107422, 4678
0.20413494110107422, 4677
0.21059250831604004, 4676
0.21059250831604004, 4675
0.21214675903320312, 4674
0.21326208114624023, 4673
0.21326208114624023, 4672
0.21326208114624023, 4671
0.21326208114624023, 4670
0.21326208114624023, 4669
0.21637964248657227, 4668
0.21637964248657227, 4667
0.21637964248657227, 4666
0.2184450626373291, 4665
0.2184450626373291, 4664
0.2184450626373291, 4663
0.2184450626373291, 4662
0.2184450626373291, 4661
0.2184450626373291, 4660
0.2184450626373291, 4659
0.2184450626373291, 4658
0.222398042678833, 4657
0.222398042678833, 4656
0.222398042678833, 4655
0.222398042678833, 4654
0.2266254425048828, 4653
0.2266254425048828, 4652
0.2276291847229004, 4651
0.22876787185668945, 4650
0.22977185249328613, 4649
0.22977185249328613, 4648
0.22977185249328613, 4647
0.22977185249328613, 4646
0.22977185249328613, 4645
0.22977185249328613, 4644
0.22977185249328613, 4643
0.2338414192199707, 4642
0.2338414192199707, 4641
0.2338414192199707, 4640
0.2338414192199707, 4639
0.23784136772155762, 4638
0.23784136772155762, 4637
0.23784136772155762, 4636
0.23784136772155762, 4635
0.24184370040893555, 4634
0.24191904067993164, 4633
0.24191904067993164, 4632
0.24191904067993164, 4631
0.24191904067993164, 4630
0.24191904067993164, 4629
0.245530366897583, 4628
0.24653339385986328, 4627
0.24653339385986328, 4626
0.24753260612487793, 4625
0.24753260612487793, 4624
0.24753260612487793, 4623
0.2501513957977295, 4622
0.2501513957977295, 4621
0.2501513957977295, 4620
0.2501513957977295, 4619
0.252216100692749, 4618
0.252216100692749, 4617
0.252216100692749, 4616
0.252216100692749, 4615
0.252216100692749, 4614
0.252216100692749, 4613
0.252216100692749, 4612
0.25616955757141113, 4611
0.25616955757141113, 4610
0.25616955757141113, 4609
0.25616955757141113, 4608
0.25616955757141113, 4607
0.25616955757141113, 4606
0.26016998291015625, 4605
0.26016998291015625, 4604
0.26016998291015625, 4603
0.26016998291015625, 4602
0.26016998291015625, 4601
0.26016998291015625, 4600
0.26422953605651855, 4599
0.26422953605651855, 4598
0.26422953605651855, 4597
0.26422953605651855, 4596
0.26422953605651855, 4595
0.26422953605651855, 4594
0.26818203926086426, 4593
0.26818203926086426, 4592
0.26818203926086426, 4591
0.26818203926086426, 4590
0.26818203926086426, 4589
0.26818203926086426, 4588
0.27218198776245117, 4587
0.27218198776245117, 4586
0.27218198776245117, 4585
0.27218198776245117, 4584
0.27218198776245117, 4583
0.2762446403503418, 4582
0.2762446403503418, 4581
0.2762446403503418, 4580
0.2762446403503418, 4579
0.2801942825317383, 4578
0.2801942825317383, 4577
0.2801942825317383, 4576
0.2801942825317383, 4575
0.2801942825317383, 4574
0.2801942825317383, 4573
0.2841942310333252, 4572
0.2841942310333252, 4571
0.2841942310333252, 4570
0.2841942310333252, 4569
0.2841942310333252, 4568
0.2841942310333252, 4567
0.2841942310333252, 4566
0.2841942310333252, 4565
0.2886495590209961, 4564
0.28965234756469727, 4563
0.28965234756469727, 4562
0.28965234756469727, 4561
0.28965234756469727, 4560
0.29372096061706543, 4559
0.29372096061706543, 4558
0.29372096061706543, 4557
0.29372096061706543, 4556
0.29372096061706543, 4555
0.29372096061706543, 4554
0.29372096061706543, 4553
0.29372096061706543, 4552
0.29772090911865234, 4551
0.29772090911865234, 4550
0.29772090911865234, 4549
0.29772090911865234, 4548
0.29772090911865234, 4547
0.29772090911865234, 4546
0.29772090911865234, 4545
0.30178022384643555, 4544
0.30178022384643555, 4543
0.30178022384643555, 4542
0.30178022384643555, 4541
0.30178022384643555, 4540
0.30178022384643555, 4539
0.30178022384643555, 4538
0.30178022384643555, 4537
0.30573344230651855, 4536
0.30573344230651855, 4535
0.30573344230651855, 4534
0.30573344230651855, 4533
0.30573344230651855, 4532
0.30973315238952637, 4531
0.30973315238952637, 4530
0.30973315238952637, 4529
0.30973315238952637, 4528
0.30973315238952637, 4527
0.30973315238952637, 4526
0.3137998580932617, 4525
0.3137998580932617, 4524
0.3137998580932617, 4523
0.3137998580932617, 4522
0.3137998580932617, 4521
0.3137998580932617, 4520
0.3177456855773926, 4519
0.3177456855773926, 4518
0.3177456855773926, 4517
0.3177456855773926, 4516
0.3177456855773926, 4515
0.3177456855773926, 4514
0.3217458724975586, 4513
0.3217458724975586, 4512
0.3217458724975586, 4511
0.3217458724975586, 4510
0.3217458724975586, 4509
0.3217458724975586, 4508
0.3217458724975586, 4507
0.3258042335510254, 4506
0.3258042335510254, 4505
0.3258042335510254, 4504
0.3258042335510254, 4503
0.3258042335510254, 4502
0.3297579288482666, 4501
0.3297579288482666, 4500
0.3297579288482666, 4499
0.3297579288482666, 4498
0.3337581157684326, 4497
0.3337581157684326, 4496
0.3337581157684326, 4495
0.3337581157684326, 4494
0.3337581157684326, 4493
0.337841272354126, 4492
0.337841272354126, 4491
0.337841272354126, 4490
0.337841272354126, 4489
0.337841272354126, 4488
0.337841272354126, 4487
0.337841272354126, 4486
0.34177184104919434, 4485
0.3435702323913574, 4484
0.3435702323913574, 4483
0.3465726375579834, 4482
0.3465726375579834, 4481
0.3485414981842041, 4480
0.3485414981842041, 4479
0.3485414981842041, 4478
0.3495144844055176, 4477
0.3495144844055176, 4476
0.3495144844055176, 4475
0.3495144844055176, 4474
0.3495144844055176, 4473
0.3495144844055176, 4472
0.3495144844055176, 4471
0.3535726070404053, 4470
0.3535726070404053, 4469
0.3535726070404053, 4468
0.3535726070404053, 4467
0.3575725555419922, 4466
0.3575725555419922, 4465
0.3575725555419922, 4464
0.3575725555419922, 4463
0.3575725555419922, 4462
0.3575725555419922, 4461
0.3616313934326172, 4460
0.3616313934326172, 4459
0.3616313934326172, 4458
0.3616313934326172, 4457
0.3616313934326172, 4456
0.3616313934326172, 4455
0.3616313934326172, 4454
0.3655853271484375, 4453
0.3655853271484375, 4452
0.3655853271484375, 4451
0.3655853271484375, 4450
0.3655853271484375, 4449
0.3655853271484375, 4448
0.3695845603942871, 4447
0.3736546039581299, 4446
0.37760233879089355, 4445
0.37760233879089355, 4444
0.37760233879089355, 4443
0.37760233879089355, 4442
0.38160252571105957, 4441
0.38160252571105957, 4440
0.38160252571105957, 4439
0.3856370449066162, 4438
0.3856370449066162, 4437
0.3856370449066162, 4436
0.3856370449066162, 4435
0.3856370449066162, 4434
0.3856370449066162, 4433
0.3896143436431885, 4432
0.3896143436431885, 4431
0.3896143436431885, 4430
0.3936145305633545, 4429
0.3936145305633545, 4428
0.3936145305633545, 4427
0.3936145305633545, 4426
0.3936145305633545, 4425
0.3936145305633545, 4424
0.3936145305633545, 4423
0.3976750373840332, 4422
0.3976750373840332, 4421
0.3976750373840332, 4420
0.3976750373840332, 4419
0.3976750373840332, 4418
0.4016265869140625, 4417
0.4016265869140625, 4416
0.4016265869140625, 4415
0.4016265869140625, 4414
0.4056267738342285, 4413
0.4056267738342285, 4412
0.4096858501434326, 4411
0.4096858501434326, 4410
0.4096858501434326, 4409
0.4096858501434326, 4408
0.4096858501434326, 4407
0.4096858501434326, 4406
0.4096858501434326, 4405
0.4096858501434326, 4404
0.4136385917663574, 4403
0.4136385917663574, 4402
0.4136385917663574, 4401
0.4136385917663574, 4400
0.4136385917663574, 4399
0.4136385917663574, 4398
0.4136385917663574, 4397
0.41763830184936523, 4396
0.41763830184936523, 4395
0.41763830184936523, 4394
0.42164063453674316, 4393
0.42169857025146484, 4392
0.4226686954498291, 4391
0.4226686954498291, 4390
0.42367124557495117, 4389
0.42367124557495117, 4388
0.42367124557495117, 4387
0.42367124557495117, 4386
0.42367124557495117, 4385
0.42367124557495117, 4384
0.42367124557495117, 4383
0.42367124557495117, 4382
0.42772889137268066, 4381
0.42772889137268066, 4380
0.42772889137268066, 4379
0.42772889137268066, 4378
0.42772889137268066, 4377
0.4317293167114258, 4376
0.4317293167114258, 4375
0.4317293167114258, 4374
0.4317293167114258, 4373
0.4317293167114258, 4372
0.4317293167114258, 4371
0.4358072280883789, 4370
0.4358072280883789, 4369
0.4358072280883789, 4368
0.4358072280883789, 4367
0.4397413730621338, 4366
0.4397413730621338, 4365
0.4397413730621338, 4364
0.4397413730621338, 4363
0.4437415599822998, 4362
0.4437415599822998, 4361
0.4437415599822998, 4360
0.4437415599822998, 4359
0.4437415599822998, 4358
0.4437415599822998, 4357
0.4437415599822998, 4356
0.447803258895874, 4355
0.447803258895874, 4354
0.447803258895874, 4353
0.4519352912902832, 4352
0.4519352912902832, 4351
0.4529380798339844, 4350
0.4529380798339844, 4349
0.4529380798339844, 4348
0.4529380798339844, 4347
0.4529380798339844, 4346
0.4529380798339844, 4345
0.4529380798339844, 4344
0.4560577869415283, 4343
0.4560577869415283, 4342
0.4560577869415283, 4341
0.4580667018890381, 4340
0.45812344551086426, 4339
0.45812344551086426, 4338
0.45812344551086426, 4337
0.45812344551086426, 4336
0.46207737922668457, 4335
0.46207737922668457, 4334
0.46207737922668457, 4333
0.46207737922668457, 4332
0.4660792350769043, 4331
0.4660792350769043, 4330
0.4660792350769043, 4329
0.4660792350769043, 4328
0.4660792350769043, 4327
0.4660792350769043, 4326
0.4660792350769043, 4325
0.4701402187347412, 4324
0.4701402187347412, 4323
0.4740939140319824, 4322
0.4740939140319824, 4321
0.4740939140319824, 4320
0.4740939140319824, 4319
0.47809267044067383, 4318
0.47809267044067383, 4317
0.47809267044067383, 4316
0.47809267044067383, 4315
0.47809267044067383, 4314
0.47809267044067383, 4313
0.48215794563293457, 4312
0.48215794563293457, 4311
0.48215794563293457, 4310
0.48215794563293457, 4309
0.48215794563293457, 4308
0.48610758781433105, 4307
0.48610758781433105, 4306
0.48610758781433105, 4305
0.49010705947875977, 4304
0.49010705947875977, 4303
0.49010705947875977, 4302
0.49010705947875977, 4301
0.4941699504852295, 4300
0.4941699504852295, 4299
0.4941699504852295, 4298
0.4941699504852295, 4297
0.4941699504852295, 4296
0.4941699504852295, 4295
0.4941699504852295, 4294
0.4941699504852295, 4293
0.4981198310852051, 4292
0.4981198310852051, 4291
0.4981198310852051, 4290
0.4981198310852051, 4289
0.5021195411682129, 4288
0.5021195411682129, 4287
0.5021195411682129, 4286
0.5021195411682129, 4285
0.5021195411682129, 4284
0.506178617477417, 4283
0.506178617477417, 4282
0.506178617477417, 4281
0.506178617477417, 4280
0.506178617477417, 4279
0.5101325511932373, 4278
0.5101325511932373, 4277
0.5101325511932373, 4276
0.5101325511932373, 4275
0.5141332149505615, 4274
0.5141332149505615, 4273
0.5141332149505615, 4272
0.5182068347930908, 4271
0.5182068347930908, 4270
0.5182068347930908, 4269
0.5182068347930908, 4268
0.5182068347930908, 4267
0.5182068347930908, 4266
0.5221447944641113, 4265
0.5221447944641113, 4264
0.5221447944641113, 4263
0.5221447944641113, 4262
0.5221447944641113, 4261
0.5261447429656982, 4260
0.5261447429656982, 4259
0.5302174091339111, 4258
0.5302174091339111, 4257
0.5312201976776123, 4256
0.5312201976776123, 4255
0.5312201976776123, 4254
0.5312201976776123, 4253
0.5312201976776123, 4252
0.5312201976776123, 4251
0.5352790355682373, 4250
0.5352790355682373, 4249
0.5352790355682373, 4248
0.5352790355682373, 4247
0.5352790355682373, 4246
0.5352790355682373, 4245
0.539278507232666, 4244
0.539278507232666, 4243
0.539278507232666, 4242
0.539278507232666, 4241
0.5433382987976074, 4240
0.5433382987976074, 4239
0.5433382987976074, 4238
0.5433382987976074, 4237
0.5433382987976074, 4236
0.5433382987976074, 4235
0.5433382987976074, 4234
0.5472908020019531, 4233
0.5472908020019531, 4232
0.5472908020019531, 4231
0.5472908020019531, 4230
0.5472908020019531, 4229
0.5472908020019531, 4228
0.5516321659088135, 4227
0.5516321659088135, 4226
0.5532627105712891, 4225
0.5542659759521484, 4224
0.5542659759521484, 4223
0.5542659759521484, 4222
0.5542659759521484, 4221
0.5542659759521484, 4220
0.5542659759521484, 4219
0.558323860168457, 4218
0.558323860168457, 4217
0.558323860168457, 4216
0.558323860168457, 4215
0.558323860168457, 4214
0.558323860168457, 4213
0.558323860168457, 4212
0.562324047088623, 4211
0.5663838386535645, 4210
0.5663838386535645, 4209
0.5663838386535645, 4208
0.5663838386535645, 4207
0.5706048011779785, 4206
0.5706048011779785, 4205
0.5759022235870361, 4204
0.5759022235870361, 4203
0.5779030323028564, 4202
0.581906795501709, 4201
0.581906795501709, 4200
0.581906795501709, 4199
0.581906795501709, 4198
0.581906795501709, 4197
0.581906795501709, 4196
0.5859074592590332, 4195
0.5859074592590332, 4194
0.5859074592590332, 4193
0.5859074592590332, 4192
0.5859074592590332, 4191
0.5859074592590332, 4190
0.5859074592590332, 4189
0.5899677276611328, 4188
0.5899677276611328, 4187
0.5899677276611328, 4186
0.5899677276611328, 4185
0.5899677276611328, 4184
0.5899677276611328, 4183
0.5939195156097412, 4182
0.5939195156097412, 4181
0.5939195156097412, 4180
0.5939195156097412, 4179
0.5939195156097412, 4178
0.5979206562042236, 4177
0.5979206562042236, 4176
0.5979206562042236, 4175
0.5979206562042236, 4174
0.5979206562042236, 4173
0.5979206562042236, 4172
0.5979206562042236, 4171
0.6021409034729004, 4170
0.6031441688537598, 4169
0.6031441688537598, 4168
0.6031441688537598, 4167
0.6031441688537598, 4166
0.6074559688568115, 4165
0.6074559688568115, 4164
0.6084589958190918, 4163
0.6084589958190918, 4162
0.6100919246673584, 4161
0.6100919246673584, 4160
0.611095666885376, 4159
0.6121585369110107, 4158
0.6131620407104492, 4157
0.6131620407104492, 4156
0.6131620407104492, 4155
0.6131620407104492, 4154
0.6131620407104492, 4153
0.6172223091125488, 4152
0.6172223091125488, 4151
0.6172223091125488, 4150
0.6172223091125488, 4149
0.6172223091125488, 4148
0.6212236881256104, 4147
0.6212236881256104, 4146
0.6212236881256104, 4145
0.6212236881256104, 4144
0.6212236881256104, 4143
0.6212236881256104, 4142
0.6252820491790771, 4141
0.6252820491790771, 4140
0.6252820491790771, 4139
0.6252820491790771, 4138
0.6252820491790771, 4137
0.6252820491790771, 4136
0.6289031505584717, 4135
0.6299059391021729, 4134
0.6299059391021729, 4133
0.6299059391021729, 4132
0.6299059391021729, 4131
0.6299059391021729, 4130
0.6299059391021729, 4129
0.6335422992706299, 4128
0.6335422992706299, 4127
0.6335422992706299, 4126
0.6335422992706299, 4125
0.6395604610443115, 4124
0.6395604610443115, 4123
0.6395604610443115, 4122
0.6395604610443115, 4121
0.6395604610443115, 4120
0.6435606479644775, 4119
0.6435606479644775, 4118
0.6435606479644775, 4117
0.6435606479644775, 4116
0.647620439529419, 4115
0.647620439529419, 4114
0.6515729427337646, 4113
0.6515729427337646, 4112
0.6515729427337646, 4111
0.6555726528167725, 4110
0.6555726528167725, 4109
0.6555726528167725, 4108
0.6646542549133301, 4107
0.6646542549133301, 4106
0.6646542549133301, 4105
0.6646542549133301, 4104
0.6677720546722412, 4103
0.6677720546722412, 4102
0.6677720546722412, 4101
0.6677720546722412, 4100
0.6698369979858398, 4099
0.6698369979858398, 4098
0.6698369979858398, 4097
0.673790454864502, 4096
0.673790454864502, 4095
0.677790641784668, 4094
0.677790641784668, 4093
0.677790641784668, 4092
0.677790641784668, 4091
0.677790641784668, 4090
0.6818594932556152, 4089
0.6829812526702881, 4088
0.6829812526702881, 4087
0.6829812526702881, 4086
0.6870403289794922, 4085
0.6870403289794922, 4084
0.6870403289794922, 4083
0.6870403289794922, 4082
0.6870403289794922, 4081
0.6910402774810791, 4080
0.6910402774810791, 4079
0.6954550743103027, 4078
0.6954550743103027, 4077
0.6964583396911621, 4076
0.6964583396911621, 4075
0.6964583396911621, 4074
0.6964583396911621, 4073
0.6964583396911621, 4072
0.6964583396911621, 4071
0.7005178928375244, 4070
0.7005178928375244, 4069
0.7005178928375244, 4068
0.7005178928375244, 4067
0.7045180797576904, 4066
0.7045180797576904, 4065
0.7045180797576904, 4064
0.7045180797576904, 4063
0.7045180797576904, 4062
0.7045180797576904, 4061
0.7085762023925781, 4060
0.7085762023925781, 4059
0.7085762023925781, 4058
0.7085762023925781, 4057
0.7085762023925781, 4056
0.7085762023925781, 4055
0.7125952243804932, 4054
0.713599443435669, 4053
0.713599443435669, 4052
0.7167284488677979, 4051
0.7167284488677979, 4050
0.7187929153442383, 4049
0.7187929153442383, 4048
0.7187929153442383, 4047
0.7187929153442383, 4046
0.7187929153442383, 4045
0.7187929153442383, 4044
0.7187929153442383, 4043
0.7187929153442383, 4042
0.7227466106414795, 4041
0.7227466106414795, 4040
0.7227466106414795, 4039
0.7227466106414795, 4038
0.7267467975616455, 4037
0.7267467975616455, 4036
0.7267467975616455, 4035
0.7267467975616455, 4034
0.7267467975616455, 4033
0.7267467975616455, 4032
0.7298579216003418, 4031
0.7298579216003418, 4030
0.730839729309082, 4029
0.730839729309082, 4028
0.7349002361297607, 4027
0.7349002361297607, 4026
0.7349002361297607, 4025
0.7349002361297607, 4024
0.7349002361297607, 4023
0.7349002361297607, 4022
0.7349002361297607, 4021
0.7389001846313477, 4020
0.7389001846313477, 4019
0.7389001846313477, 4018
0.7389001846313477, 4017
0.7389001846313477, 4016
0.7389001846313477, 4015
0.7431743144989014, 4014
0.7441773414611816, 4013
0.745337963104248, 4012
0.745337963104248, 4011
0.7463409900665283, 4010
0.7463409900665283, 4009
0.7463409900665283, 4008
0.7504119873046875, 4007
0.7504119873046875, 4006
0.7544121742248535, 4005
0.7544121742248535, 4004
0.7544121742248535, 4003
0.7544121742248535, 4002
0.7584729194641113, 4001
0.7584729194641113, 4000
0.7620537281036377, 3999
0.7620537281036377, 3998
0.7630569934844971, 3997
0.7630569934844971, 3996
0.7640562057495117, 3995
0.7640562057495117, 3994
0.7640562057495117, 3993
0.7666754722595215, 3992
0.7666754722595215, 3991
0.7666754722595215, 3990
0.7687416076660156, 3989
0.7687416076660156, 3988
0.7726938724517822, 3987
0.7766938209533691, 3986
0.779792308807373, 3985
0.779792308807373, 3984
0.779792308807373, 3983
0.783851146697998, 3982
0.783851146697998, 3981
0.783851146697998, 3980
0.7878513336181641, 3979
0.7878513336181641, 3978
0.7878513336181641, 3977
0.7919313907623291, 3976
0.7919313907623291, 3975
0.7919313907623291, 3974
0.7919313907623291, 3973
0.7919313907623291, 3972
0.7958648204803467, 3971
0.7958648204803467, 3970
0.7958648204803467, 3969
0.7958648204803467, 3968
0.7998642921447754, 3967
0.7998642921447754, 3966
0.7998642921447754, 3965
0.803924560546875, 3964
0.803924560546875, 3963
0.803924560546875, 3962
0.8078770637512207, 3961
0.8078770637512207, 3960
0.8078770637512207, 3959
0.8078770637512207, 3958
0.8078770637512207, 3957
0.8078770637512207, 3956
0.8118774890899658, 3955
0.8118774890899658, 3954
0.8118774890899658, 3953
0.8118774890899658, 3952
0.8118774890899658, 3951
0.8118774890899658, 3950
0.8118774890899658, 3949
0.8159387111663818, 3948
0.8159387111663818, 3947
0.819890022277832, 3946
0.819890022277832, 3945
0.819890022277832, 3944
0.8238897323608398, 3943
0.8238897323608398, 3942
0.8238897323608398, 3941
0.827949047088623, 3940
0.827949047088623, 3939
0.827949047088623, 3938
0.827949047088623, 3937
0.827949047088623, 3936
0.827949047088623, 3935
0.827949047088623, 3934
0.831902265548706, 3933
0.831902265548706, 3932
0.831902265548706, 3931
0.831902265548706, 3930
0.8359026908874512, 3929
0.8359026908874512, 3928
0.8359026908874512, 3927
0.8359026908874512, 3926
0.8359026908874512, 3925
0.8359026908874512, 3924
0.8359026908874512, 3923
0.8399679660797119, 3922
0.8399679660797119, 3921
0.8439154624938965, 3920
0.8439154624938965, 3919
0.8439154624938965, 3918
0.8479154109954834, 3917
0.8479154109954834, 3916
0.8479154109954834, 3915
0.8519899845123291, 3914
0.8519899845123291, 3913
0.8519899845123291, 3912
0.8519899845123291, 3911
0.8519899845123291, 3910
0.8519899845123291, 3909
0.8559272289276123, 3908
0.8559272289276123, 3907
0.8559272289276123, 3906
0.8559272289276123, 3905
0.8559272289276123, 3904
0.8599271774291992, 3903
0.8640072345733643, 3902
0.8640072345733643, 3901
0.8679394721984863, 3900
0.8679394721984863, 3899
0.8732104301452637, 3898
0.8752744197845459, 3897
0.8793318271636963, 3896
0.8793318271636963, 3895
0.8793318271636963, 3894
0.8833317756652832, 3893
0.8833317756652832, 3892
0.8873343467712402, 3891
0.8873958587646484, 3890
0.8873958587646484, 3889
0.8873958587646484, 3888
0.8873958587646484, 3887
0.8913445472717285, 3886
0.8913445472717285, 3885
0.8913445472717285, 3884
0.8913445472717285, 3883
0.8913445472717285, 3882
0.8953447341918945, 3881
0.8953447341918945, 3880
0.8994102478027344, 3879
0.8994102478027344, 3878
0.8994102478027344, 3877
0.8994102478027344, 3876
0.9033570289611816, 3875
0.9033570289611816, 3874
0.9033570289611816, 3873
0.9033570289611816, 3872
0.9033570289611816, 3871
0.9033570289611816, 3870
0.9073574542999268, 3869
0.9073574542999268, 3868
0.9113595485687256, 3867
0.9114203453063965, 3866
0.9153704643249512, 3865
0.9153704643249512, 3864
0.9153704643249512, 3863
0.9153704643249512, 3862
0.9153704643249512, 3861
0.9153704643249512, 3860
0.919370174407959, 3859
0.919370174407959, 3858
0.919370174407959, 3857
0.9234285354614258, 3856
0.9234285354614258, 3855
0.9234285354614258, 3854
0.9234285354614258, 3853
0.9273819923400879, 3852
0.9273819923400879, 3851
0.9313819408416748, 3850
0.9313819408416748, 3849
0.9313819408416748, 3848
0.9313819408416748, 3847
0.9354574680328369, 3846
0.9354574680328369, 3845
0.9364607334136963, 3844
0.9364607334136963, 3843
0.940518856048584, 3842
0.940518856048584, 3841
0.940518856048584, 3840
0.9447677135467529, 3839
0.9468319416046143, 3838
0.9468319416046143, 3837
0.9478347301483154, 3836
0.9518921375274658, 3835
0.9518921375274658, 3834
0.9518921375274658, 3833
0.9518921375274658, 3832
0.9518921375274658, 3831
0.9518921375274658, 3830
0.9558925628662109, 3829
0.9558925628662109, 3828
0.9558925628662109, 3827
0.9599761962890625, 3826
0.963090181350708, 3825
0.963090181350708, 3824
0.963090181350708, 3823
0.963090181350708, 3822
0.963090181350708, 3821
0.9671497344970703, 3820
0.9671497344970703, 3819
0.9671497344970703, 3818
0.9671497344970703, 3817
0.9711496829986572, 3816
0.9711496829986572, 3815
0.9711496829986572, 3814
0.975224494934082, 3813
0.975224494934082, 3812
0.975224494934082, 3811
0.9831619262695312, 3810
0.9831619262695312, 3809
0.9831619262695312, 3808
0.9831619262695312, 3807
0.9872212409973145, 3806
0.9872212409973145, 3805
0.9872212409973145, 3804
0.9872212409973145, 3803
0.9911749362945557, 3802
0.9911749362945557, 3801
0.9911749362945557, 3800
0.9951744079589844, 3799
0.9951744079589844, 3798
0.9951744079589844, 3797
0.9951744079589844, 3796
0.9951744079589844, 3795
0.9992341995239258, 3794
0.9992341995239258, 3793
0.9992341995239258, 3792
1.0031871795654297, 3791
1.0031871795654297, 3790
1.0031871795654297, 3789
1.0031871795654297, 3788
1.0071871280670166, 3787
1.0071871280670166, 3786
1.0071871280670166, 3785
1.011246681213379, 3784
1.011246681213379, 3783
1.011246681213379, 3782
1.0152003765106201, 3781
1.0152003765106201, 3780
1.0152003765106201, 3779
1.0152003765106201, 3778
1.0192008018493652, 3777
1.0192008018493652, 3776
1.0192008018493652, 3775
1.0192008018493652, 3774
1.0232810974121094, 3773
1.0232810974121094, 3772
1.0232810974121094, 3771
1.0272126197814941, 3770
1.0272126197814941, 3769
1.0272126197814941, 3768
1.0272126197814941, 3767
1.0312128067016602, 3766
1.0352745056152344, 3765
1.0380537509918213, 3764
1.0380537509918213, 3763
1.0421116352081299, 3762
1.0421116352081299, 3761
1.0421116352081299, 3760
1.0421116352081299, 3759
1.046111822128296, 3758
1.046111822128296, 3757
1.0501716136932373, 3756
1.0501716136932373, 3755
1.0501716136932373, 3754
1.0501716136932373, 3753
1.0501716136932373, 3752
1.054124116897583, 3751
1.054124116897583, 3750
1.054124116897583, 3749
1.05812406539917, 3748
1.0621845722198486, 3747
1.0621845722198486, 3746
1.0621845722198486, 3745
1.0621845722198486, 3744
1.0621845722198486, 3743
1.0621845722198486, 3742
1.0661368370056152, 3741
1.0661368370056152, 3740
1.0661368370056152, 3739
1.0701367855072021, 3738
1.0701367855072021, 3737
1.0701367855072021, 3736
1.0701367855072021, 3735
1.0701367855072021, 3734
1.0742154121398926, 3733
1.0742154121398926, 3732
1.0742154121398926, 3731
1.0781505107879639, 3730
1.0781505107879639, 3729
1.0781505107879639, 3728
1.0781505107879639, 3727
1.082150936126709, 3726
1.082150936126709, 3725
1.082150936126709, 3724
1.082150936126709, 3723
1.082150936126709, 3722
1.0901625156402588, 3721
1.0901625156402588, 3720
1.094162940979004, 3719
1.094162940979004, 3718
1.094162940979004, 3717
1.098221778869629, 3716
1.098221778869629, 3715
1.098221778869629, 3714
1.098221778869629, 3713
1.098221778869629, 3712
1.102174997329712, 3711
1.102174997329712, 3710
1.102174997329712, 3709
1.106175184249878, 3708
1.106175184249878, 3707
1.110234022140503, 3706
1.114187479019165, 3705
1.114187479019165, 3704
1.114187479019165, 3703
1.114187479019165, 3702
1.114187479019165, 3701
1.114187479019165, 3700
1.118187427520752, 3699
1.118187427520752, 3698
1.118187427520752, 3697
1.122267723083496, 3696
1.122267723083496, 3695
1.122267723083496, 3694
1.1261999607086182, 3693
1.1261999607086182, 3692
1.130199909210205, 3691
1.134260892868042, 3690
1.134260892868042, 3689
1.134260892868042, 3688
1.138211965560913, 3687
1.138211965560913, 3686
1.138211965560913, 3685
1.138211965560913, 3684
1.1422119140625, 3683
1.1422119140625, 3682
1.1422119140625, 3681
1.1422119140625, 3680
1.1462724208831787, 3679
1.1462724208831787, 3678
1.1502251625061035, 3677
1.1502251625061035, 3676
1.1542246341705322, 3675
1.1542246341705322, 3674
1.1542246341705322, 3673
1.1542246341705322, 3672
1.1542246341705322, 3671
1.1582839488983154, 3670
1.1582839488983154, 3669
1.1582839488983154, 3668
1.1582839488983154, 3667
1.1582839488983154, 3666
1.1622364521026611, 3665
1.1622364521026611, 3664
1.1622364521026611, 3663
1.1622364521026611, 3662
1.1662368774414062, 3661
1.1702971458435059, 3660
1.1742498874664307, 3659
1.1787197589874268, 3658
1.1787197589874268, 3657
1.1813554763793945, 3656
1.1813554763793945, 3655
1.1813554763793945, 3654
1.1813554763793945, 3653
1.1854116916656494, 3652
1.1854116916656494, 3651
1.1854116916656494, 3650
1.1894111633300781, 3649
1.1894111633300781, 3648
1.1894111633300781, 3647
1.1894111633300781, 3646
1.1934664249420166, 3645
1.1954295635223389, 3644
1.1954295635223389, 3643
1.1964325904846191, 3642
1.1964325904846191, 3641
1.1964325904846191, 3640
1.1964325904846191, 3639
1.2004880905151367, 3638
1.2004880905151367, 3637
1.2044878005981445, 3636
1.2044878005981445, 3635
1.2044878005981445, 3634
1.2044878005981445, 3633
1.2044878005981445, 3632
1.2044878005981445, 3631
1.208545207977295, 3630
1.208545207977295, 3629
1.208545207977295, 3628
1.208545207977295, 3627
1.208545207977295, 3626
1.2124996185302734, 3625
1.2124996185302734, 3624
1.2164995670318604, 3623
1.2164995670318604, 3622
1.2164995670318604, 3621
1.2164995670318604, 3620
1.2164995670318604, 3619
1.2205584049224854, 3618
1.2245118618011475, 3617
1.2245118618011475, 3616
1.2285115718841553, 3615
1.2285115718841553, 3614
1.2325904369354248, 3613
1.2325904369354248, 3612
1.2365241050720215, 3611
1.2405245304107666, 3610
1.2405245304107666, 3609
1.2445838451385498, 3608
1.2445838451385498, 3607
1.2445838451385498, 3606
1.2445838451385498, 3605
1.2485368251800537, 3604
1.2485368251800537, 3603
1.2485368251800537, 3602
1.2485368251800537, 3601
1.2485368251800537, 3600
1.2485368251800537, 3599
1.2525367736816406, 3598
1.2525367736816406, 3597
1.2525367736816406, 3596
1.2525367736816406, 3595
1.2565960884094238, 3594
1.2565960884094238, 3593
1.2565960884094238, 3592
1.2605488300323486, 3591
1.2605488300323486, 3590
1.2605488300323486, 3589
1.2645490169525146, 3588
1.2645490169525146, 3587
1.2645490169525146, 3586
1.2725608348846436, 3585
1.2725608348846436, 3584
1.2765607833862305, 3583
1.2765607833862305, 3582
1.280811071395874, 3581
1.280811071395874, 3580
1.2818150520324707, 3579
1.2828140258789062, 3578
1.2828140258789062, 3577
1.2868733406066895, 3576
1.2868733406066895, 3575
1.2868733406066895, 3574
1.2868733406066895, 3573
1.2908732891082764, 3572
1.2908732891082764, 3571
1.2962121963500977, 3570
1.2962121963500977, 3569
1.2962121963500977, 3568
1.2962121963500977, 3567
1.2962121963500977, 3566
1.2962121963500977, 3565
1.2962121963500977, 3564
1.2962121963500977, 3563
1.3002934455871582, 3562
1.3042938709259033, 3561
1.3042938709259033, 3560
1.3083600997924805, 3559
1.3139376640319824, 3558
1.3139376640319824, 3557
1.3165628910064697, 3556
1.3186299800872803, 3555
1.3186299800872803, 3554
1.3225808143615723, 3553
1.3225808143615723, 3552
1.3265810012817383, 3551
1.3287394046783447, 3550
1.3287394046783447, 3549
1.3344521522521973, 3548
1.335456371307373, 3547
1.337022066116333, 3546
1.3370964527130127, 3545
1.338099479675293, 3544
1.3391633033752441, 3543
1.3401663303375244, 3542
1.3401663303375244, 3541
1.344391107559204, 3540
1.3453946113586426, 3539
1.3474764823913574, 3538
1.3474764823913574, 3537
1.3474764823913574, 3536
1.3495430946350098, 3535
1.3495430946350098, 3534
1.3534948825836182, 3533
1.3534948825836182, 3532
1.3534948825836182, 3531
1.3534948825836182, 3530
1.3616023063659668, 3529
1.3626055717468262, 3528
1.36360502243042, 3527
1.3676683902740479, 3526
1.3676683902740479, 3525
1.3716685771942139, 3524
1.3716685771942139, 3523
1.3716685771942139, 3522
1.3716685771942139, 3521
1.375727653503418, 3520
1.375727653503418, 3519
1.375727653503418, 3518
1.375727653503418, 3517
1.3796806335449219, 3516
1.3796806335449219, 3515
1.3796806335449219, 3514
1.3796806335449219, 3513
1.3796806335449219, 3512
1.383681058883667, 3511
1.391693115234375, 3510
1.395693302154541, 3509
1.3957858085632324, 3508
1.3967888355255127, 3507
1.3987901210784912, 3506
1.3987901210784912, 3505
1.3987901210784912, 3504
1.4027941226959229, 3503
1.4027941226959229, 3502
1.4027941226959229, 3501
1.4027941226959229, 3500
1.4027941226959229, 3499
1.4067940711975098, 3498
1.4067940711975098, 3497
1.4067940711975098, 3496
1.4108538627624512, 3495
1.4108538627624512, 3494
1.414806842803955, 3493
1.414806842803955, 3492
1.418806791305542, 3491
1.418806791305542, 3490
1.418806791305542, 3489
1.4228696823120117, 3488
1.4308197498321533, 3487
1.4308197498321533, 3486
1.4308197498321533, 3485
1.4308197498321533, 3484
1.4348926544189453, 3483
1.4348926544189453, 3482
1.4388318061828613, 3481
1.4388318061828613, 3480
1.443903923034668, 3479
1.443903923034668, 3478
1.443903923034668, 3477
1.4459052085876465, 3476
1.4459052085876465, 3475
1.4459052085876465, 3474
1.4459052085876465, 3473
1.4459052085876465, 3472
1.4499094486236572, 3471
1.4579901695251465, 3470
1.4579901695251465, 3469
1.4619228839874268, 3468
1.4619228839874268, 3467
1.4619228839874268, 3466
1.4619228839874268, 3465
1.4619228839874268, 3464
1.4659218788146973, 3463
1.4659218788146973, 3462
1.4659218788146973, 3461
1.4699838161468506, 3460
1.4699838161468506, 3459
1.4739353656768799, 3458
1.4739353656768799, 3457
1.480076551437378, 3456
1.480076551437378, 3455
1.4850928783416748, 3454
1.4850928783416748, 3453
1.4881505966186523, 3452
1.4882104396820068, 3451
1.4882104396820068, 3450
1.4902429580688477, 3449
1.4902429580688477, 3448
1.4902429580688477, 3447
1.4942288398742676, 3446
1.4942288398742676, 3445
1.4942288398742676, 3444
1.4982292652130127, 3443
1.4982292652130127, 3442
1.4982292652130127, 3441
1.4982292652130127, 3440
1.5022892951965332, 3439
1.5022892951965332, 3438
1.5062415599822998, 3437
1.5102417469024658, 3436
1.5102417469024658, 3435
1.5102417469024658, 3434
1.5102417469024658, 3433
1.5143020153045654, 3432
1.5143020153045654, 3431
1.5143020153045654, 3430
1.518254280090332, 3429
1.518254280090332, 3428
1.518254280090332, 3427
1.522254228591919, 3426
1.526313066482544, 3425
1.530266284942627, 3424
1.530266284942627, 3423
1.530266284942627, 3422
1.530266284942627, 3421
1.530266284942627, 3420
1.534266471862793, 3419
1.534266471862793, 3418
1.534266471862793, 3417
1.534266471862793, 3416
1.534266471862793, 3415
1.54380464553833, 3414
1.54380464553833, 3413
1.5478057861328125, 3412
1.5499727725982666, 3411
1.5499727725982666, 3410
1.5499727725982666, 3409
1.5540361404418945, 3408
1.5540361404418945, 3407
1.5620956420898438, 3406
1.5620956420898438, 3405
1.5620956420898438, 3404
1.5660488605499268, 3403
1.5660488605499268, 3402
1.5700490474700928, 3401
1.5700490474700928, 3400
1.5741143226623535, 3399
1.5741143226623535, 3398
1.5741143226623535, 3397
1.5741143226623535, 3396
1.5741143226623535, 3395
1.5741143226623535, 3394
1.57806396484375, 3393
1.57806396484375, 3392
1.57806396484375, 3391
1.582064151763916, 3390
1.582064151763916, 3389
1.590075969696045, 3388
1.590075969696045, 3387
1.59407639503479, 3386
1.59407639503479, 3385
1.5981433391571045, 3384
1.5981433391571045, 3383
1.5981433391571045, 3382
1.5981433391571045, 3381
1.5981433391571045, 3380
1.6020886898040771, 3379
1.6020886898040771, 3378
1.6060888767242432, 3377
1.6101481914520264, 3376
1.6141011714935303, 3375
1.6149027347564697, 3374
1.6174943447113037, 3373
1.6220767498016357, 3372
1.625004529953003, 3371
1.6297762393951416, 3370
1.6412205696105957, 3369
1.652942419052124, 3368
1.6545319557189941, 3367
1.6555330753326416, 3366
1.6611425876617432, 3365
1.6693615913391113, 3364
1.6724216938018799, 3363
1.6838254928588867, 3362
1.6871984004974365, 3361
1.7112812995910645, 3360
1.7144269943237305, 3359
1.7229938507080078, 3358
1.7245144844055176, 3357
1.7267646789550781, 3356
1.727936029434204, 3355
1.7361516952514648, 3354
1.7388575077056885, 3353
1.7438578605651855, 3352
1.7462928295135498, 3351
1.7462928295135498, 3350
1.7510316371917725, 3349
1.7510316371917725, 3348
1.752983808517456, 3347
1.753983736038208, 3346
1.753983736038208, 3345
1.753983736038208, 3344
1.753983736038208, 3343
1.769988775253296, 3342
1.769988775253296, 3341
1.773989200592041, 3340
1.773989200592041, 3339
1.773989200592041, 3338
1.773989200592041, 3337
1.777989149093628, 3336
1.777989149093628, 3335
1.7821342945098877, 3334
1.7831344604492188, 3333
1.7831344604492188, 3332
1.7831344604492188, 3331
1.78830885887146, 3330
1.78830885887146, 3329
1.792262315750122, 3328
1.792262315750122, 3327
1.792262315750122, 3326
1.796262264251709, 3325
1.800262212753296, 3324
1.800262212753296, 3323
1.800262212753296, 3322
1.804262399673462, 3321
1.804262399673462, 3320
1.804262399673462, 3319
1.8082623481750488, 3318
1.8082623481750488, 3317
1.8082623481750488, 3316
1.8122622966766357, 3315
1.8122622966766357, 3314
1.8205690383911133, 3313
1.8205690383911133, 3312
1.8205690383911133, 3311
1.826582670211792, 3310
1.8305745124816895, 3309
1.8325824737548828, 3308
1.8335864543914795, 3307
1.8335864543914795, 3306
1.837589979171753, 3305
1.8415899276733398, 3304
1.8415899276733398, 3303
1.8461406230926514, 3302
1.8461406230926514, 3301
1.8461406230926514, 3300
1.8461406230926514, 3299
1.850200891494751, 3298
1.8559234142303467, 3297
1.857922077178955, 3296
1.8599224090576172, 3295
1.8618526458740234, 3294
1.8618526458740234, 3293
1.865067958831787, 3292
1.8660290241241455, 3291
1.8660290241241455, 3290
1.8670263290405273, 3289
1.8690261840820312, 3288
1.8717129230499268, 3287
1.8795397281646729, 3286
1.8795397281646729, 3285
1.8836026191711426, 3284
1.8836026191711426, 3283
1.8876030445098877, 3282
1.8876030445098877, 3281
1.8916714191436768, 3280
1.8926568031311035, 3279
1.897160530090332, 3278
1.897160530090332, 3277
1.897160530090332, 3276
1.9099876880645752, 3275
1.9099876880645752, 3274
1.9099876880645752, 3273
1.9141192436218262, 3272
1.9141192436218262, 3271
1.9141192436218262, 3270
1.9180550575256348, 3269
1.9220507144927979, 3268
1.9220507144927979, 3267
1.9220507144927979, 3266
1.926084041595459, 3265
1.926084041595459, 3264
1.930100679397583, 3263
1.930100679397583, 3262
1.9344329833984375, 3261
1.9415569305419922, 3260
1.9415569305419922, 3259
1.9572076797485352, 3258
1.9587268829345703, 3257
1.959768533706665, 3256
1.9716880321502686, 3255
1.9716880321502686, 3254
1.9756824970245361, 3253
1.9797916412353516, 3252
1.9797916412353516, 3251
1.9837398529052734, 3250
1.9877276420593262, 3249
1.9918224811553955, 3248
1.9918224811553955, 3247
1.9918224811553955, 3246
1.9918224811553955, 3245
1.9918224811553955, 3244
1.995772361755371, 3243
1.995772361755371, 3242
1.995772361755371, 3241
1.995772361755371, 3240
1.9997727870941162, 3239
1.9997727870941162, 3238
2.00380539894104, 3237
2.00380539894104, 3236
2.0078306198120117, 3235
2.011789083480835, 3234
2.021883249282837, 3233
2.0248825550079346, 3232
2.0269641876220703, 3231
2.0269641876220703, 3230
2.0349771976470947, 3229
2.0389769077301025, 3228
2.0389769077301025, 3227
2.0389769077301025, 3226
2.0429775714874268, 3225
2.046353578567505, 3224
2.04905104637146, 3223
2.050056219100952, 3222
2.0541152954101562, 3221
2.0541152954101562, 3220
2.0541152954101562, 3219
2.064016103744507, 3218
2.064016103744507, 3217
2.064016103744507, 3216
2.064016103744507, 3215
2.0680744647979736, 3214
2.0680744647979736, 3213
2.0680744647979736, 3212
2.0680744647979736, 3211
2.072481632232666, 3210
2.0742485523223877, 3209
2.0843820571899414, 3208
2.0843820571899414, 3207
2.0883383750915527, 3206
2.0883383750915527, 3205
2.0883383750915527, 3204
2.097219944000244, 3203
2.097219944000244, 3202
2.097219944000244, 3201
2.097219944000244, 3200
2.097219944000244, 3199
2.1012918949127197, 3198
2.1012918949127197, 3197
2.1012918949127197, 3196
2.1053991317749023, 3195
2.1053991317749023, 3194
2.1084659099578857, 3193
2.111821174621582, 3192
2.117487907409668, 3191
2.118492841720581, 3190
2.1225435733795166, 3189
2.1225435733795166, 3188
2.1225435733795166, 3187
2.1225435733795166, 3186
2.1225435733795166, 3185
2.1265432834625244, 3184
2.1305432319641113, 3183
2.1305432319641113, 3182
2.1305432319641113, 3181
2.1305432319641113, 3180
2.1305432319641113, 3179
2.1305432319641113, 3178
2.1345434188842773, 3177
2.1345434188842773, 3176
2.1385436058044434, 3175
2.1385436058044434, 3174
2.1385436058044434, 3173
2.142543315887451, 3172
2.146543502807617, 3171
2.150543212890625, 3170
2.150543212890625, 3169
2.150543212890625, 3168
2.158543586730957, 3167
2.162543535232544, 3166
2.162543535232544, 3165
2.162543535232544, 3164
2.162543535232544, 3163
2.162543535232544, 3162
2.1705434322357178, 3161
2.1705434322357178, 3160
2.1705434322357178, 3159
2.174543857574463, 3158
2.1785435676574707, 3157
2.1785435676574707, 3156
2.1785435676574707, 3155
2.1785435676574707, 3154
2.1825435161590576, 3153
2.1865434646606445, 3152
2.1865434646606445, 3151
2.1905436515808105, 3150
2.1905436515808105, 3149
2.1945436000823975, 3148
2.2025434970855713, 3147
2.210543632507324, 3146
2.210543632507324, 3145
2.210543632507324, 3144
2.210543632507324, 3143
2.210543632507324, 3142
2.210543632507324, 3141
2.214543581008911, 3140
2.214543581008911, 3139
2.214543581008911, 3138
2.218543767929077, 3137
2.2211055755615234, 3136
2.2211055755615234, 3135
2.222733974456787, 3134
2.2237343788146973, 3133
2.2237343788146973, 3132
2.225799798965454, 3131
2.225799798965454, 3130
2.2298550605773926, 3129
2.2298550605773926, 3128
2.2338550090789795, 3127
2.237119197845459, 3126
2.2450692653656006, 3125
2.2461040019989014, 3124
2.247102737426758, 3123
2.251248359680176, 3122
2.251248359680176, 3121
2.251248359680176, 3120
2.255248546600342, 3119
2.255248546600342, 3118
2.263805866241455, 3117
2.263805866241455, 3116
2.268123149871826, 3115
2.2691617012023926, 3114
2.2699074745178223, 3113
2.2709479331970215, 3112
2.275085926055908, 3111
2.275085926055908, 3110
2.279085636138916, 3109
2.283085584640503, 3108
2.2870845794677734, 3107
2.2870845794677734, 3106
2.2910847663879395, 3105
2.2910847663879395, 3104
2.2955408096313477, 3103
2.2955408096313477, 3102
2.2994940280914307, 3101
2.2994940280914307, 3100
2.2994940280914307, 3099
2.2994940280914307, 3098
2.3075854778289795, 3097
2.311544418334961, 3096
2.315542459487915, 3095
2.3195455074310303, 3094
2.3196377754211426, 3093
2.3196377754211426, 3092
2.3196377754211426, 3091
2.3196377754211426, 3090
2.3235924243927, 3089
2.3275959491729736, 3088
2.3298470973968506, 3087
2.3360719680786133, 3086
2.3483214378356934, 3085
2.3483214378356934, 3084
2.3503944873809814, 3083
2.3544132709503174, 3082
2.3544132709503174, 3081
2.3544132709503174, 3080
2.3617215156555176, 3079
2.3637356758117676, 3078
2.369234561920166, 3077
2.369234561920166, 3076
2.3710198402404785, 3075
2.3710198402404785, 3074
2.3731579780578613, 3073
2.377290964126587, 3072
2.377290964126587, 3071
2.3812921047210693, 3070
2.3812921047210693, 3069
2.3853867053985596, 3068
2.38934588432312, 3067
2.3967292308807373, 3066
2.4008610248565674, 3065
2.408956289291382, 3064
2.408956289291382, 3063
2.408956289291382, 3062
2.412909746170044, 3061
2.4169094562530518, 3060
2.421008586883545, 3059
2.421008586883545, 3058
2.4249558448791504, 3057
2.4289560317993164, 3056
2.4289560317993164, 3055
2.437007427215576, 3054
2.449437379837036, 3053
2.449437379837036, 3052
2.449437379837036, 3051
2.449437379837036, 3050
2.449437379837036, 3049
2.4614992141723633, 3048
2.4614992141723633, 3047
2.4654951095581055, 3046
2.469597339630127, 3045
2.4717657566070557, 3044
2.4758973121643066, 3043
2.4840011596679688, 3042
2.4919486045837402, 3041
2.4954817295074463, 3040
2.4994378089904785, 3039
2.4994378089904785, 3038
2.503436803817749, 3037
2.5075409412384033, 3036
2.5114877223968506, 3035
2.5114877223968506, 3034
2.5114877223968506, 3033
2.5154871940612793, 3032
2.51958966255188, 3031
2.523535966873169, 3030
2.523535966873169, 3029
2.523535966873169, 3028
2.5297951698303223, 3027
2.5297951698303223, 3026
2.533747434616089, 3025
2.5377471446990967, 3024
2.5377471446990967, 3023
2.5417864322662354, 3022
2.5417864322662354, 3021
2.5457961559295654, 3020
2.5457961559295654, 3019
2.553889751434326, 3018
2.553889751434326, 3017
2.553889751434326, 3016
2.557844638824463, 3015
2.557844638824463, 3014
2.5659472942352295, 3013
2.5669474601745605, 3012
2.5669474601745605, 3011
2.578155517578125, 3010
2.5821950435638428, 3009
2.5832388401031494, 3008
2.5832388401031494, 3007
2.585236072540283, 3006
2.5892772674560547, 3005
2.595414400100708, 3004
2.595414400100708, 3003
2.595414400100708, 3002
2.603362798690796, 3001
2.607391595840454, 3000
2.607391595840454, 2999
2.6114156246185303, 2998
2.6114156246185303, 2997
2.6114156246185303, 2996
2.6195154190063477, 2995
2.6297545433044434, 2994
2.6337080001831055, 2993
2.6337080001831055, 2992
2.6404290199279785, 2991
2.6404290199279785, 2990
2.6455931663513184, 2989
2.6455931663513184, 2988
2.6495935916900635, 2987
2.6495935916900635, 2986
2.6495935916900635, 2985
2.653646945953369, 2984
2.6576437950134277, 2983
2.661604166030884, 2982
2.6657464504241943, 2981
2.6696929931640625, 2980
2.6696929931640625, 2979
2.673694133758545, 2978
2.673694133758545, 2977
2.675992250442505, 2976
2.6799445152282715, 2975
2.6799445152282715, 2974
2.6839466094970703, 2973
2.6839466094970703, 2972
2.6839466094970703, 2971
2.6879749298095703, 2970
2.6879749298095703, 2969
2.6879749298095703, 2968
2.691993474960327, 2967
2.691993474960327, 2966
2.7000668048858643, 2965
2.7000668048858643, 2964
2.7000668048858643, 2963
2.704038619995117, 2962
2.7080395221710205, 2961
2.7080395221710205, 2960
2.712094783782959, 2959
2.7173521518707275, 2958
2.7173521518707275, 2957
2.7200820446014404, 2956
2.72222638130188, 2955
2.72222638130188, 2954
2.7301735877990723, 2953
2.7301735877990723, 2952
2.734276056289673, 2951
2.7382314205169678, 2950
2.742227077484131, 2949
2.745387554168701, 2948
2.7493364810943604, 2947
2.7574350833892822, 2946
2.7574350833892822, 2945
2.7656497955322266, 2944
2.7684731483459473, 2943
2.7684731483459473, 2942
2.7787373065948486, 2941
2.7787373065948486, 2940
2.7787373065948486, 2939
2.7826905250549316, 2938
2.7826905250549316, 2937
2.7866930961608887, 2936
2.790786027908325, 2935
2.7947397232055664, 2934
2.7947397232055664, 2933
2.798738956451416, 2932
2.8067970275878906, 2931
2.817009925842285, 2930
2.821010112762451, 2929
2.8290605545043945, 2928
2.8290605545043945, 2927
2.8290605545043945, 2926
2.8330578804016113, 2925
2.8330578804016113, 2924
2.8371541500091553, 2923
2.8371541500091553, 2922
2.845069408416748, 2921
2.8531606197357178, 2920
2.8571629524230957, 2919
2.8612568378448486, 2918
2.869220018386841, 2917
2.8753092288970947, 2916
2.8782482147216797, 2915
2.8782482147216797, 2914
2.895864248275757, 2913
2.899930953979492, 2912
2.9039299488067627, 2911
2.911942481994629, 2910
2.915942668914795, 2909
2.9239561557769775, 2908
2.9239561557769775, 2907
2.930908441543579, 2906
2.9349687099456787, 2905
2.9430313110351562, 2904
2.9509823322296143, 2903
2.9509823322296143, 2902
2.9509823322296143, 2901
2.9642343521118164, 2900
2.9642343521118164, 2899
2.9642343521118164, 2898
2.9652955532073975, 2897
2.9662985801696777, 2896
2.9662985801696777, 2895
2.970357656478882, 2894
2.9743576049804688, 2893
2.9743576049804688, 2892
2.9784107208251953, 2891
2.9784107208251953, 2890
2.9823708534240723, 2889
2.9823708534240723, 2888
2.986370325088501, 2887
2.998382806777954, 2886
2.998382806777954, 2885
3.0024492740631104, 2884
3.0024492740631104, 2883
3.0024492740631104, 2882
3.0024492740631104, 2881
3.006395101547241, 2880
3.006395101547241, 2879
3.006395101547241, 2878
3.0103952884674072, 2877
3.0103952884674072, 2876
3.014397621154785, 2875
3.0224077701568604, 2874
3.0264739990234375, 2873
3.0264739990234375, 2872
3.029171943664551, 2871
3.0452466011047363, 2870
3.0452466011047363, 2869
3.0533061027526855, 2868
3.0533061027526855, 2867
3.0612595081329346, 2866
3.0612595081329346, 2865
3.0653188228607178, 2864
3.0732717514038086, 2863
3.0773308277130127, 2862
3.0773308277130127, 2861
3.081284523010254, 2860
3.0853636264801025, 2859
3.086366653442383, 2858
3.0925135612487793, 2857
3.096513509750366, 2856
3.1085259914398193, 2855
3.1125845909118652, 2854
3.1125845909118652, 2853
3.1125845909118652, 2852
3.1165380477905273, 2851
3.1285505294799805, 2850
3.1366119384765625, 2849
3.144562244415283, 2848
3.144562244415283, 2847
3.144562244415283, 2846
3.148622989654541, 2845
3.148622989654541, 2844
3.1565752029418945, 2843
3.160630464553833, 2842
3.1685874462127686, 2841
3.1685874462127686, 2840
3.1726479530334473, 2839
3.176600456237793, 2838
3.176600456237793, 2837
3.180600166320801, 2836
3.2047805786132812, 2835
3.210798740386963, 2834
3.218876838684082, 2833
3.218876838684082, 2832
3.222811460494995, 2831
3.2268118858337402, 2830
3.2268118858337402, 2829
3.2361526489257812, 2828
3.247497320175171, 2827
3.2484970092773438, 2826
3.2535159587860107, 2825
3.255603313446045, 2824
3.26395320892334, 2823
3.2779552936553955, 2822
3.2779552936553955, 2821
3.29392147064209, 2820
3.29392147064209, 2819
3.309934616088867, 2818
3.3179469108581543, 2817
3.3179469108581543, 2816
3.3260090351104736, 2815
3.3260090351104736, 2814
3.3260090351104736, 2813
3.3260090351104736, 2812
3.3299596309661865, 2811
3.3339593410491943, 2810
3.3339593410491943, 2809
3.3339593410491943, 2808
3.3339593410491943, 2807
3.338019609451294, 2806
3.338019609451294, 2805
3.353224992752075, 2804
3.353224992752075, 2803
3.3613035678863525, 2802
3.3692376613616943, 2801
3.381239414215088, 2800
3.3872575759887695, 2799
3.394484758377075, 2798
3.3989222049713135, 2797
3.3989222049713135, 2796
3.4109339714050293, 2795
3.4114696979522705, 2794
3.417156219482422, 2793
3.425215482711792, 2792
3.4279849529266357, 2791
3.43044114112854, 2790
3.4385673999786377, 2789
3.442864418029785, 2788
3.460481882095337, 2787
3.460481882095337, 2786
3.476445436477661, 2785
3.4807066917419434, 2784
3.4807066917419434, 2783
3.482771635055542, 2782
3.49072527885437, 2781
3.4958035945892334, 2780
3.4958035945892334, 2779
3.507864236831665, 2778
3.5118746757507324, 2777
3.5199577808380127, 2776
3.5238876342773438, 2775
3.5392863750457764, 2774
3.5433475971221924, 2773
3.5472989082336426, 2772
3.5512993335723877, 2771
3.555184841156006, 2770
3.555184841156006, 2769
3.559244155883789, 2768
3.5673203468322754, 2767
3.571258306503296, 2766
3.571258306503296, 2765
3.575258255004883, 2764
3.5844883918762207, 2763
3.5896739959716797, 2762
3.5936279296875, 2761
3.609639883041382, 2760
3.617652654647827, 2759
3.625720262527466, 2758
3.6377315521240234, 2757
3.6377315521240234, 2756
3.6416778564453125, 2755
3.6497554779052734, 2754
3.653695583343506, 2753
3.655024290084839, 2752
3.6601521968841553, 2751
3.664105176925659, 2750
3.674988031387329, 2749
3.6950490474700928, 2748
3.7021846771240234, 2747
3.7021846771240234, 2746
3.7073681354522705, 2745
3.717388868331909, 2744
3.718390703201294, 2743
3.7223944664001465, 2742
3.7263951301574707, 2741
3.733199119567871, 2740
3.73453688621521, 2739
3.7416062355041504, 2738
3.7456867694854736, 2737
3.7532036304473877, 2736
3.7612617015838623, 2735
3.765333890914917, 2734
3.765333890914917, 2733
3.7889184951782227, 2732
3.8010826110839844, 2731
3.806265354156494, 2730
3.8117902278900146, 2729
3.82598876953125, 2728
3.833199977874756, 2727
3.833199977874756, 2726
3.8617281913757324, 2725
3.865837574005127, 2724
3.865837574005127, 2723
3.865837574005127, 2722
3.865837574005127, 2721
3.889836549758911, 2720
3.8938350677490234, 2719
3.9071664810180664, 2718
3.9112589359283447, 2717
3.91939377784729, 2716
3.923346519470215, 2715
3.923346519470215, 2714
3.927347183227539, 2713
3.929457426071167, 2712
3.929457426071167, 2711
3.935758590698242, 2710
3.937488079071045, 2709
3.95095157623291, 2708
3.955090284347534, 2707
3.955090284347534, 2706
3.955090284347534, 2705
3.968660831451416, 2704
3.96940016746521, 2703
3.96940016746521, 2702
3.972585439682007, 2701
3.9767239093780518, 2700
3.9767239093780518, 2699
3.9887709617614746, 2698
3.999054431915283, 2697
4.003056287765503, 2696
4.0119309425354, 2695
4.032073736190796, 2694
4.036025047302246, 2693
4.036025047302246, 2692
4.040022611618042, 2691
4.044027805328369, 2690
4.04807448387146, 2689
4.056177377700806, 2688
4.056177377700806, 2687
4.068227767944336, 2686
4.078519821166992, 2685
4.083615064620972, 2684
4.083615064620972, 2683
4.094808578491211, 2682
4.098847150802612, 2681
4.102944374084473, 2680
4.106895446777344, 2679
4.125293493270874, 2678
4.129246711730957, 2677
4.133246660232544, 2676
4.137341499328613, 2675
4.152409315109253, 2674
4.156407117843628, 2673
4.160503149032593, 2672
4.17839241027832, 2671
4.1798624992370605, 2670
4.184307098388672, 2669
4.207116603851318, 2668
4.207116603851318, 2667
4.21136736869812, 2666
4.217204809188843, 2665
4.221155643463135, 2664
4.235486030578613, 2663
4.23952579498291, 2662
4.243534564971924, 2661
4.243534564971924, 2660
4.251628160476685, 2659
4.251628160476685, 2658
4.255590200424194, 2657
4.255590200424194, 2656
4.259585380554199, 2655
4.259585380554199, 2654
4.26965856552124, 2653
4.2736828327178955, 2652
4.277705669403076, 2651
4.277705669403076, 2650
4.281704425811768, 2649
4.3080222606658936, 2648
4.316040992736816, 2647
4.316040992736816, 2646
4.320145606994629, 2645
4.324090480804443, 2644
4.32805323600769, 2643
4.336179733276367, 2642
4.356252431869507, 2641
4.360279321670532, 2640
4.368372917175293, 2639
4.379395484924316, 2638
4.402721405029297, 2637
4.406761646270752, 2636
4.406761646270752, 2635
4.410765886306763, 2634
4.423528671264648, 2633
4.4315149784088135, 2632
4.439513921737671, 2631
4.439513921737671, 2630
4.439513921737671, 2629
4.439513921737671, 2628
4.443513870239258, 2627
4.447574138641357, 2626
4.455526828765869, 2625
4.455526828765869, 2624
4.463538885116577, 2623
4.480347156524658, 2622
4.496484279632568, 2621
4.501487970352173, 2620
4.503555059432983, 2619
4.507508039474487, 2618
4.511508226394653, 2617
4.511508226394653, 2616
4.515583515167236, 2615
4.515583515167236, 2614
4.5195207595825195, 2613
4.5195207595825195, 2612
4.5195207595825195, 2611
4.5235209465026855, 2610
4.541133880615234, 2609
4.551296710968018, 2608
4.551296710968018, 2607
4.5552496910095215, 2606
4.567262649536133, 2605
4.57126259803772, 2604
4.583481311798096, 2603
4.5894997119903564, 2602
4.5934998989105225, 2601
4.5983171463012695, 2600
4.617804765701294, 2599
4.617804765701294, 2598
4.622872829437256, 2597
4.624935150146484, 2596
4.634200096130371, 2595
4.6702961921691895, 2594
4.6702961921691895, 2593
4.67824912071228, 2592
4.682310581207275, 2591
4.686262845993042, 2590
4.690262794494629, 2589
4.6974382400512695, 2588
4.700839996337891, 2587
4.7198486328125, 2586
4.744310140609741, 2585
4.762128591537476, 2584
4.7793028354644775, 2583
4.784483194351196, 2582
4.7884392738342285, 2581
4.7884392738342285, 2580
4.799499273300171, 2579
4.811511516571045, 2578
4.815511703491211, 2577
4.815511703491211, 2576
4.815511703491211, 2575
4.8235228061676025, 2574
4.8275229930877686, 2573
4.831585645675659, 2572
4.8475494384765625, 2571
4.85561728477478, 2570
4.8595616817474365, 2569
4.8875861167907715, 2568
4.899812459945679, 2567
4.901888370513916, 2566
4.9098310470581055, 2565
4.917843818664551, 2564
4.921844720840454, 2563
4.945958852767944, 2562
4.949025869369507, 2561
4.957085371017456, 2560
4.969097375869751, 2559
4.9731605052948, 2558
4.9731605052948, 2557
4.9731605052948, 2556
4.983532667160034, 2555
4.98748517036438, 2554
4.99530291557312, 2553
4.99530291557312, 2552
5.013016939163208, 2551
5.017696857452393, 2550
5.050144910812378, 2549
5.064210891723633, 2548
5.082271337509155, 2547
5.086352109909058, 2546
5.098343849182129, 2545
5.118308067321777, 2544
5.1354076862335205, 2543
5.139471054077148, 2542
5.147535800933838, 2541
5.155485153198242, 2540
5.159544229507446, 2539
5.184943437576294, 2538
5.193002223968506, 2537
5.209074020385742, 2536
5.225039482116699, 2535
5.229039907455444, 2534
5.254204273223877, 2533
5.258263111114502, 2532
5.278228998184204, 2531
5.28624153137207, 2530
5.290241718292236, 2529
5.298254013061523, 2528
5.298254013061523, 2527
5.306312799453735, 2526
5.3119494915008545, 2525
5.328646421432495, 2524
5.3365983963012695, 2523
5.351016521453857, 2522
5.354968309402466, 2521
5.363033056259155, 2520
5.363033056259155, 2519
5.3800904750823975, 2518
5.383211374282837, 2517
5.425266265869141, 2516
5.429266691207886, 2515
5.429266691207886, 2514
5.466631174087524, 2513
5.466631174087524, 2512
5.46869683265686, 2511
5.488662242889404, 2510
5.500674724578857, 2509
5.523841619491577, 2508
5.527605772018433, 2507
5.528591632843018, 2506
5.542696714401245, 2505
5.569377422332764, 2504
5.581388711929321, 2503
5.589341402053833, 2502
5.589341402053833, 2501
5.593401193618774, 2500
5.597354412078857, 2499
5.6093666553497314, 2498
5.617427110671997, 2497
5.617427110671997, 2496
5.625379323959351, 2495
5.625379323959351, 2494
5.629455327987671, 2493
5.65956449508667, 2492
5.687666654586792, 2491
5.707613945007324, 2490
5.707613945007324, 2489
5.727637767791748, 2488
5.735713005065918, 2487
5.735713005065918, 2486
5.739650011062622, 2485
5.7487242221832275, 2484
5.7487242221832275, 2483
5.784883737564087, 2482
5.788819789886475, 2481
5.79682183265686, 2480
5.805077075958252, 2479
5.805077075958252, 2478
5.827108860015869, 2477
5.839121341705322, 2476
5.8431806564331055, 2475
5.847133636474609, 2474
5.88075852394104, 2473
5.888817548751831, 2472
5.918902397155762, 2471
5.934988975524902, 2470
5.961826324462891, 2469
5.965521812438965, 2468
5.973474740982056, 2467
5.990683555603027, 2466
5.998636960983276, 2465
5.998636960983276, 2464
6.022662401199341, 2463
6.04268741607666, 2462
6.060431957244873, 2461
6.081603527069092, 2460
6.112720727920532, 2459
6.112720727920532, 2458
6.120733022689819, 2457
6.120733022689819, 2456
6.132745742797852, 2455
6.144757986068726, 2454
6.144757986068726, 2453
6.158102750778198, 2452
6.158102750778198, 2451
6.170115232467651, 2450
6.217668533325195, 2449
6.225726842880249, 2448
6.225726842880249, 2447
6.229680776596069, 2446
6.237745761871338, 2445
6.245693683624268, 2444
6.245693683624268, 2443
6.276770830154419, 2442
6.31280779838562, 2441
6.320868730545044, 2440
6.339897632598877, 2439
6.351910352706909, 2438
6.364728689193726, 2437
6.375855445861816, 2436
6.415952205657959, 2435
6.427965402603149, 2434
6.467914342880249, 2433
6.4719202518463135, 2432
6.475913763046265, 2431
6.4959142208099365, 2430
6.519914388656616, 2429
6.535914421081543, 2428
6.547153949737549, 2427
6.555224657058716, 2426
6.563225030899048, 2425
6.570343494415283, 2424
6.580752849578857, 2423
6.581308126449585, 2422
6.610615253448486, 2421
6.612620115280151, 2420
6.628925561904907, 2419
6.636930227279663, 2418
6.655117988586426, 2417
6.671117305755615, 2416
6.690366744995117, 2415
6.710366725921631, 2414
6.718366861343384, 2413
6.730366945266724, 2412
6.738367080688477, 2411
6.750366687774658, 2410
6.770366668701172, 2409
6.798367261886597, 2408
6.798367261886597, 2407
6.798367261886597, 2406
6.806366920471191, 2405
6.814486742019653, 2404
6.845659971237183, 2403
6.883435487747192, 2402
6.895434856414795, 2401
6.903434991836548, 2400
6.932589292526245, 2399
6.940589189529419, 2398
6.956589221954346, 2397
6.969905376434326, 2396
6.983084440231323, 2395
7.008196115493774, 2394
7.0253214836120605, 2393
7.033322095870972, 2392
7.046391725540161, 2391
7.116930723190308, 2390
7.128128528594971, 2389
7.137691020965576, 2388
7.14881443977356, 2387
7.170989751815796, 2386
7.182104587554932, 2385
7.194054126739502, 2384
7.197153091430664, 2383
7.228245496749878, 2382
7.284549951553345, 2381
7.288599491119385, 2380
7.295456886291504, 2379
7.317643165588379, 2378
7.3416428565979, 2377
7.344804525375366, 2376
7.356854200363159, 2375
7.376853942871094, 2374
7.38085412979126, 2373
7.386720180511475, 2372
7.398829936981201, 2371
7.426830053329468, 2370
7.434829950332642, 2369
7.456197738647461, 2368
7.4660444259643555, 2367
7.500563859939575, 2366
7.500563859939575, 2365
7.527612924575806, 2364
7.547796964645386, 2363
7.575108051300049, 2362
7.768967866897583, 2361
7.768967866897583, 2360
7.804611444473267, 2359
7.815555572509766, 2358
7.815555572509766, 2357
7.815555572509766, 2356
7.819555997848511, 2355
7.835628271102905, 2354
7.847641229629517, 2353
7.869519233703613, 2352
7.932076454162598, 2351
7.94621729850769, 2350
7.951279640197754, 2349
7.951279640197754, 2348
7.955279588699341, 2347
7.969506502151489, 2346
7.994127511978149, 2345
8.043555736541748, 2344
8.069483518600464, 2343
8.089508295059204, 2342
8.124194145202637, 2341
8.194374084472656, 2340
8.236969470977783, 2339
8.236969470977783, 2338
8.248981714248657, 2337
8.273008108139038, 2336
8.331464052200317, 2335
8.331464052200317, 2334
8.371562004089355, 2333
8.407596111297607, 2332
8.412328004837036, 2331
8.430023908615112, 2330
8.513965845108032, 2329
8.52196979522705, 2328
8.545994520187378, 2327
8.56135630607605, 2326
8.57742691040039, 2325
8.581427097320557, 2324
8.597513914108276, 2323
8.597513914108276, 2322
8.609508037567139, 2321
8.644742727279663, 2320
8.678998231887817, 2319
8.696027994155884, 2318
8.755800724029541, 2317
8.779825925827026, 2316
8.80947756767273, 2315
8.87751841545105, 2314
8.98005986213684, 2313
8.98212718963623, 2312
8.998563766479492, 2311
9.026587963104248, 2310
9.070637702941895, 2309
9.135822296142578, 2308
9.14783525466919, 2307
9.151906490325928, 2306
9.205833435058594, 2305
9.224872589111328, 2304
9.228929996490479, 2303
9.330050945281982, 2302
9.341061115264893, 2301
9.390302658081055, 2300
9.402315139770508, 2299
9.414327621459961, 2298
9.438353061676025, 2297
9.442430019378662, 2296
9.49841570854187, 2295
9.514488220214844, 2294
9.546470880508423, 2293
9.608856916427612, 2292
9.68884539604187, 2291
9.700858116149902, 2290
9.712869882583618, 2289
9.778583526611328, 2288
9.875742197036743, 2287
10.040090084075928, 2286
10.105262756347656, 2285
10.110077381134033, 2284
10.149161577224731, 2283
10.27025055885315, 2282
10.281582593917847, 2281
10.301717281341553, 2280
10.430244445800781, 2279
10.466535568237305, 2278
10.594300508499146, 2277
10.721954822540283, 2276
10.793955326080322, 2275
10.801955223083496, 2274
10.805954933166504, 2273
10.843930006027222, 2272
10.868406534194946, 2271
11.162165403366089, 2270
11.255311489105225, 2269
11.327383756637573, 2268
11.621308326721191, 2267
11.776042222976685, 2266
11.77764081954956, 2265
11.851048946380615, 2264
11.910301446914673, 2263
11.914436101913452, 2262
11.930487155914307, 2261
12.032319068908691, 2260
12.089425325393677, 2259
12.097535610198975, 2258
12.238172769546509, 2257
12.281570434570312, 2256
12.368647813796997, 2255
12.46302604675293, 2254
12.630428314208984, 2253
12.635638236999512, 2252
12.843274354934692, 2251
12.904175758361816, 2250
13.067964792251587, 2249
13.150215148925781, 2248
13.381742238998413, 2247
13.818301916122437, 2246
14.018028497695923, 2245
14.776877880096436, 2244
14.83480954170227, 2243
14.867077112197876, 2242
15.097984790802002, 2241
15.250015258789062, 2240
15.47101902961731, 2239
15.606299877166748, 2238
15.741485118865967, 2237
15.892046451568604, 2236
15.980466842651367, 2235
16.04651689529419, 2234
16.5065176486969, 2233
16.726696252822876, 2232
17.210080862045288, 2231
17.28725838661194, 2230
17.870783805847168, 2229
19.0130877494812, 2228
19.396056652069092, 2227
19.455239057540894, 2226
19.706526041030884, 2225
19.966294765472412, 2224
20.84944725036621, 2223
21.511462926864624, 2222
21.51949167251587, 2221
22.457433223724365, 2220
22.64070153236389, 2219
23.01819658279419, 2218
24.783310413360596, 2217
25.952385425567627, 2216
27.144327878952026, 2215
28.114296913146973, 2214
30.12761902809143, 2213
31.587718725204468, 2212
32.7689950466156, 2211
34.90095806121826, 2210
