0.40691232681274414, 2262
0.7070276737213135, 2261
0.7213418483734131, 2260
0.8345208168029785, 2259
0.8576502799987793, 2258
0.8770051002502441, 2257
1.0397324562072754, 2256
1.277925968170166, 2255
1.3061563968658447, 2254
1.400649070739746, 2253
1.5322535037994385, 2252
1.57900071144104, 2251
1.625532865524292, 2250
1.6598174571990967, 2249
1.7916500568389893, 2248
1.9158520698547363, 2247
2.013046979904175, 2246
2.0331292152404785, 2245
2.048187017440796, 2244
2.088284969329834, 2243
2.4439918994903564, 2242
2.6041345596313477, 2241
2.6201817989349365, 2240
2.780926465988159, 2239
2.8159356117248535, 2238
3.094994068145752, 2237
3.209221839904785, 2236
3.3259437084198, 2235
4.215285778045654, 2234
4.643569707870483, 2233
5.276525497436523, 2232
5.485176086425781, 2231
5.790762424468994, 2230
6.669849157333374, 2229
6.6899237632751465, 2228
6.762213945388794, 2227
6.930908918380737, 2226
7.011259078979492, 2225
7.0233073234558105, 2224
7.411756992340088, 2223
7.494506597518921, 2222
8.834872007369995, 2221
8.858976364135742, 2220
9.206300258636475, 2219
9.888090372085571, 2218
11.356278896331787, 2217
11.509350538253784, 2216
16.60332679748535, 2215
17.592164754867554, 2214
18.268609285354614, 2213
19.964797735214233, 2212
20.44795322418213, 2211
21.45259189605713, 2210
23.881002187728882, 2209
26.11395525932312, 2208
26.766987800598145, 2207
